IQ-TREE version 3.0.1 for Linux x86 64-bit built Sep 12 2025
Developed by Bui Quang Minh, Thomas Wong, Nhan Ly-Trong, Huaiyan Ren
Contributed by Lam-Tung Nguyen, Dominik Schrempf, Chris Bielow,
Olga Chernomor, Michael Woodhams, Diep Thi Hoang, Heiko Schmidt

Host:    suny-Precision-5530 (AVX2, FMA3, 15 GB RAM)
Command: /usr/local/bin/iqtree3 -s /home/suny/Downloads/VAN_TRAINING_DATA/data1/dna_M2307_318_1434.phy -pre results/dna_M2307_318_1434.phy/output_files/iqtree/inference/pars_10 -seed 10 -ninit 1 -T 1 -redo -n 0
Seed:    10 (Using SPRNG - Scalable Parallel Random Number Generator)
Time:    Fri Sep 19 23:28:01 2025
Kernel:  AVX+FMA - 1 threads (12 CPU cores detected)

HINT: Use -nt option to specify number of threads because your CPU has 12 cores!
HINT: -nt AUTO will automatically determine the best number of threads to use.

Reading alignment file /home/suny/Downloads/VAN_TRAINING_DATA/data1/dna_M2307_318_1434.phy ... Phylip format detected
Alignment most likely contains DNA/RNA sequences
Constructing alignment: done in 0.00622946 secs using 82.91% CPU
Alignment has 318 sequences with 1434 columns, 868 distinct patterns
533 parsimony-informative, 214 singleton sites, 687 constant sites
                                  Gap/Ambiguity  Composition  p-value
Analyzing sequences: done in 0.00127237 secs using 99.81% CPU
   1  Abrus_precatorius                   2.51%    passed     96.12%
   2  Acacia_farnesiana                   4.60%    passed     95.08%
   3  Acer_saccharum                      2.51%    passed     77.70%
   4  Acosmium_dasycarpum                 0.35%    passed     87.44%
   5  Acrocarpus_sp._AF308699             2.86%    passed     92.54%
   6  Adenocarpus_complicatus             4.60%    passed     96.88%
   7  Adenodolichos_rupestris             2.72%    passed     80.94%
   8  Adesmia_exilis                      2.51%    passed     98.95%
   9  Aeschynomene_americana              2.58%    passed     94.17%
  10  Aeschynomene_indica                 2.65%    passed     99.86%
  11  Aesculus_pavia                      2.51%    passed     92.36%
  12  Afgekia_sericea                     6.42%    passed     99.45%
  13  Aganope_sp._AF308702                2.58%    passed     84.81%
  14  Ailanthus_altissima                 2.51%    passed     78.58%
  15  Albizia_julibrissin                 4.60%    passed     89.32%
  16  Albizia_saman                       4.60%    passed     95.34%
  17  Aldina_latifolia                    2.51%    passed     98.95%
  18  Alnus_incana                        2.44%    passed     94.13%
  19  Amorpha_fruticosa                   0.42%    passed     98.89%
  20  Amphicarpaea_bracteata              6.07%    passed     91.27%
  21  Amphicarpaea_edgeworthii            2.51%    passed     88.77%
  22  Anagyris_foetida                    0.98%    passed     85.93%
  23  Andira_inermis                      0.42%    passed     86.38%
  24  Angylocalyx_braunii                 1.26%    passed     98.25%
  25  Apios_taiwaniana                    2.51%    passed     89.31%
  26  Aporusa_frutescens                  2.23%    passed     89.96%
  27  Apuleia_leiocarpa                   2.44%    passed     81.75%
  28  Apurimacia_boliviana                3.00%    passed     69.80%
  29  Arachis_hypogaea                    2.51%    passed     99.21%
  30  Argyrocytisus_battandieri           4.60%    passed     98.06%
  31  Argyrolobium_harveyanum             0.98%    passed     99.07%
  32  Argyrolobium_marginatum             0.98%    passed     98.50%
  33  Argyrolobium_uniflorum              0.98%    passed     98.45%
  34  Argyrolobium_zanonii                0.98%    passed     98.88%
  35  Asarum_canadense                    2.23%    passed     74.83%
  36  Aspalathus_cephalotes               4.60%    passed     93.86%
  37  Astragalus_sparsus                  0.98%    passed     99.63%
  38  Ateleia_herbert-smithii             1.32%    passed     97.75%
  39  Atylosia_lineata                    6.07%    passed     70.90%
  40  Austrosteenisia_blackii             2.44%    passed     95.09%
  41  Balanops_vieillardi                 2.58%    passed     99.20%
  42  Baphia_massaiensis                  1.26%    passed     99.36%
  43  Baptisia_tinctoria                  4.60%    passed     98.29%
  44  Bauera_rubioides                    2.51%    passed     90.04%
  45  Bauhinia_candicans                  4.60%    passed     88.74%
  46  Bauhinia_purpurea                   4.60%    passed     94.66%
  47  Begonia_metallica_x_sanguinea_L0    7.60%    passed     99.85%
  48  Bituminaria_bituminosa              0.49%    passed     92.81%
  49  Bolusanthus_speciosus               2.51%    passed     99.56%
  50  Brassica_oleracea                   0.00%    passed     55.25%
  51  Brongniartia_pacifica               2.51%    passed     98.08%
  52  Brownea_sp._U74186                  0.42%    passed     95.47%
  53  Brya_ebenus                         4.46%    passed     97.21%
  54  Butea_minor                         2.51%    passed     87.58%
  55  Byrsocarpus_coccinea                4.46%    passed     79.93%
  56  Cadia_purpurea                      1.67%    passed     99.83%
  57  Caesalpinia_pulcherrima_U74190      0.49%    passed     96.96%
  58  Caesalpinia_pulcherrima_Z70153      4.60%    passed     89.41%
  59  Cajanus_cajan_AB045790              2.51%    passed     69.05%
  60  Cajanus_cajan_AB045791              2.51%    passed     66.35%
  61  Cajanus_cajan_CCZ95535              0.98%    passed     89.83%
  62  Calicotome_villosa                  4.60%    passed     96.80%
  63  Calopogonium_caeruleum              2.09%    passed     89.49%
  64  Calopogonium_mucunoides             2.58%    passed     88.08%
  65  Calpurnia_aurea                     2.44%    passed     99.63%
  66  Campylotropis_griffithii            2.44%    passed     72.71%
  67  Canavalia_ensiformis                2.44%    passed     83.34%
  68  Canavalia_rosea                     2.51%    passed     84.63%
  69  Caragana_arborescens                4.60%    passed     99.37%
  70  Carmichaelia_sp._AF308705           2.72%    passed     98.22%
  71  Cassia_didymobotrya                 4.60%    passed     92.98%
  72  Cassia_fistula                      0.56%    passed     94.41%
  73  Cassia_senna                        4.67%    passed     88.27%
  74  Castanospermum_australe_U74202      2.09%    passed     96.60%
  75  Castanospermum_australe_Z70143      4.60%    passed     97.50%
  76  Casuarina_litorea                   2.51%    passed     99.99%
  77  Ceanothus_sanguineus                2.51%    passed     99.63%
  78  Celtis_sinensis_var._japonica_D8   10.04%    passed     97.24%
  79  Celtis_yunnanensis                  2.58%    passed     92.03%
  80  Centrosema_virginianum              2.51%    passed     94.86%
  81  Ceratonia_siliqua                   0.49%    passed     95.27%
  82  Cercis_canadensis                   0.56%    passed     96.79%
  83  Cercis_siliquastrum                 4.60%    passed     96.52%
  84  Chadsia_versicolor                  2.51%    passed     66.05%
  85  Chamaecrista_fasciculata            0.35%    passed     96.30%
  86  Chamaecytisus_austriacus            4.60%    passed     95.58%
  87  Chamaecytisus_proliferus_Z70080     4.60%    passed     96.83%
  88  Chamaecytisus_purpureus_Z70081      4.60%    passed     97.74%
  89  Chamaespartium_sagittale            4.60%    passed     95.91%
  90  Chamaespartium_tridentatum          4.60%    passed     97.19%
  91  Chorizema_cordatum                  0.42%    passed     97.87%
  92  Chrysobalanus_icaco                 7.95%    passed     61.93%
  93  Cicer_arietinum                     2.65%    passed     95.55%
  94  Citrus_paradisi                     2.44%    passed     61.91%
  95  Cladrastis_sikokiana                2.23%    passed     94.91%
  96  Cladrastis_sinensis                 0.98%    passed     89.89%
  97  Clarkia_xantiana                    0.49%    passed     84.47%
  98  Cleome_hassleriana                  2.44%    passed     86.57%
  99  Clitoria_ternatea                   2.44%    passed     44.81%
 100  Cologania_lemmonii                  6.00%    passed     94.40%
 101  Comesperma_ericinum                 2.86%    passed     69.49%
 102  Connarus_conchocarpus               2.30%    passed     87.17%
 103  Cordyla_africana                    0.98%    passed     99.90%
 104  Coriaria_myrtifolia                 2.51%    passed     99.29%
 105  Coronilla_emerus                    4.60%    passed     99.10%
 106  Coronilla_varia                     0.49%    passed     98.00%
 107  Corynocarpus_laevigatus             6.07%    passed     88.98%
 108  Craibia_brevicaudata                6.42%    passed     99.86%
 109  Cranocarpus_martii                  2.51%    passed     97.88%
 110  Crossosoma_californicum             2.51%    passed     91.54%
 111  Crotalaria_capensis                 4.60%    passed     97.85%
 112  Cucumis_sativus                     2.23%    passed     94.73%
 113  Cyclopia_genistoides                4.60%    passed     99.03%
 114  Cytisophyllum_sessilifolium         4.60%    passed     96.08%
 115  Dalbergia_hupeana                   2.44%    passed     96.54%
 116  Dalbergiella_nyasae                 2.72%    passed     97.91%
 117  Dalbergiella_welwitschii            2.58%    passed     97.57%
 118  Datisca_cannabina                   2.23%    passed     99.85%
 119  Daviesia_rhizomata                  3.07%    passed     99.96%
 120  Deguelia_hatschbachii               2.51%    passed     85.77%
 121  Delonix_regia                       4.60%    passed     88.84%
 122  Derris_laxiflora                    2.51%    passed     84.75%
 123  Desmodium_podocarpum_subsp._oxyp    2.51%    passed     94.79%
 124  Dewevrea_bilabiata                  2.58%    passed     95.88%
 125  Dialium_sp._U74259                 35.84%    passed     62.00%
 126  Dichilus_lebeckioides               0.56%    passed     99.05%
 127  Dioclea_virgata                     2.58%    passed     82.72%
 128  Dipogon_lignosus                    6.42%    passed     94.91%
 129  Dipteryx_odorata                    2.44%    passed     98.72%
 130  Drypetes_roxburghii                 2.44%    passed     96.28%
 131  Dumasia_villosa                     6.07%    passed     81.13%
 132  Dussia_tessmannii                   0.49%    passed     99.44%
 133  Elaeagnus_angustifolia              2.58%    passed     98.94%
 134  Elaeocarpus_grandis                 6.21%    passed     84.62%
 135  Erinacea_anthyllis                  4.60%    passed     98.58%
 136  Erythrina_crista-galli              4.60%    passed     77.69%
 137  Erythrina_speciosa                  3.00%    passed     53.29%
 138  Erythrophleum_ivorense              0.35%    passed     92.57%
 139  Euchresta_horsfieldii               2.51%    passed     88.88%
 140  Eucryphia_lucida                    6.21%    passed     88.54%
 141  Euonymus_alatus                     2.23%    passed     79.76%
 142  Euphorbia_polychroma                2.23%    passed     94.46%
 143  Fagus_americana                     2.93%    passed     84.58%
 144  Fordia_cauliflora                  50.70%    passed     81.92%
 145  Galactia_tashiroi                   2.51%    passed     90.14%
 146  Genista_cinerea                     4.60%    passed     96.80%
 147  Genista_florida                     4.60%    passed     95.91%
 148  Genista_januensis                   4.60%    passed     97.77%
 149  Genista_tricuspidata                4.60%    passed     97.69%
 150  Gironniera_subaequalis             10.04%    passed     99.45%
 151  Gleditsia_triacanthos               4.60%    passed     85.00%
 152  Glycine_tabacina                    1.67%    passed     92.27%
 153  Glycyrrhiza_glabra                  2.51%    passed     92.34%
 154  Glycyrrhiza_pallidiflora            7.67%    passed     93.06%
 155  Goodia_lotifolia                    6.76%    passed     88.99%
 156  Gossypium_robinsonii                2.23%    passed     86.52%
 157  Guaiacum_sanctum                    2.51%    passed     74.93%
 158  Guilfoylia_monostylis               2.51%    passed     96.08%
 159  Gymnocladus_dioica                  0.35%    passed     95.05%
 160  Halimodendron_halodendron           7.95%    passed     98.47%
 161  Hardenbergia_violacea               2.44%    passed     91.63%
 162  Hedysarum_vicioides                 2.44%    passed     85.37%
 163  Hesperothamnus_pentaphyllus         3.00%    passed     83.05%
 164  Heteropyxis_natalensis              3.70%    passed     93.23%
 165  Holocalyx_balansae                  2.44%    passed     99.35%
 166  Hovea_elliptica                     0.98%    passed     99.84%
 167  Humulus_lupulus                     2.23%    passed     81.30%
 168  Hymenaea_protera                   75.73%    passed     18.10%
 169  Hymenanthera_alpina                 2.23%    passed     65.88%
 170  Hymenolobium_excelsum              55.79%    passed     64.85%
 171  Hypocalyptus_sophoroides            3.14%    passed     91.09%
 172  Indigofera_australis_AF308711       2.86%    passed     98.85%
 173  Indigofera_australis_U74214         0.49%    passed     98.40%
 174  Isotropis_cuneifolia                2.72%    passed     92.13%
 175  Juglans_nigra                       2.51%    passed     98.17%
 176  Kennedya_rubicunda                  2.44%    passed     87.67%
 177  Koelreuteria_paniculata             2.23%    passed     92.86%
 178  Krameria_lanceolata                 2.93%    passed     99.74%
 179  Kummerowia_stipulacea               2.44%    passed     66.03%
 180  Laburnum_anagyroides                4.60%    passed     97.85%
 181  Lathyrus_tuberosus                  4.60%    passed     98.19%
 182  Leitneria_floridana                 2.37%    passed     53.98%
 183  Leptoderris_fasciculata             2.51%    passed     91.15%
 184  Lespedeza_cuneata                   0.91%    passed     84.75%
 185  Licania_tomentosa                   7.95%    passed     51.73%
 186  Liparia_splendens                   4.60%    passed     97.45%
 187  Lonchocarpus_eriocarinalis          6.49%    passed     89.47%
 188  Lonchocarpus_hermannii              2.51%    passed     83.09%
 189  Lotononis_galpinii                  0.98%    passed     98.28%
 190  Lotus_corniculatus                  0.35%    passed     97.28%
 191  Luetzelburgia_sp._U74185            0.35%    passed     99.34%
 192  Lupinus_bogotensis                  4.60%    passed     96.18%
 193  Lupinus_densiflorus                 4.60%    passed     98.05%
 194  Maackia_amurensis                   4.60%    passed     99.87%
 195  Maackia_floribunda                  2.51%    passed     99.95%
 196  Machaerium_lunatum                  2.51%    passed     97.35%
 197  Maclura_pomifera                   10.04%    passed     95.19%
 198  Macrolobium_acaciifolium            3.70%    passed     82.79%
 199  Magnolia_tripetala                  0.42%    passed     38.01%
 200  Medicago_sativa                     0.84%    passed     96.02%
 201  Melolobium_microphyllum             0.98%    passed     97.70%
 202  Millettia_japonica                  2.51%    passed     99.62%
 203  Millettia_lenneoides                3.70%    passed     70.39%
 204  Millettia_pulchra                   2.51%    passed     79.41%
 205  Millettia_richardiana               2.51%    passed     77.80%
 206  Mimosa_speggazzinii                 4.60%    passed     95.36%
 207  Mucuna_macrocarpa                   2.51%    passed     96.11%
 208  Mucuna_nigricans                    2.44%    passed     87.69%
 209  Muellera_frutescens                 2.51%    passed     87.80%
 210  Mundulea_sericea                    6.42%    passed     74.88%
 211  Myrica_cerifera                     2.51%    passed     98.58%
 212  Myrospermum_sousanum                0.35%    passed     92.09%
 213  Myroxylon_balsamum                  0.56%    passed     97.81%
 214  Neonotonia_wightii                  6.00%    passed     90.43%
 215  Neorautanenia_mitis                 2.72%    passed     93.88%
 216  Ononis_spinosa                      4.60%    passed     96.48%
 217  Ophrestia_hedysaroides              2.58%    passed     72.60%
 218  Ophrestia_radicosa                  3.35%    passed     42.04%
 219  Opilia_sp._AJ131773                 0.84%    passed     57.37%
 220  Ormosia_emarginata                  1.67%    passed     98.56%
 221  Otholobium_sericeum                 0.35%    passed     86.57%
 222  Oxalis_dillenii                     2.65%    passed     93.84%
 223  Oxyrhynchus_volubilis               2.65%    passed     85.50%
 224  Pachyrhizus_erosus                  6.07%    passed     94.83%
 225  Paraserianthes_lophantha            4.60%    passed     92.57%
 226  Parkia_roxburghii                   0.49%    passed     99.22%
 227  Parkinsonia_aculeata                4.60%    passed     89.85%
 228  Peltogyne_confertiflora             2.72%    passed     96.24%
 229  Peltophorum_peltatum                4.60%    passed     97.55%
 230  Peltophorum_sp.                     0.35%    passed     99.66%
 231  Pericopsis_mooniana                 1.26%    passed     98.49%
 232  Petalostylis_labicheoides           3.07%    passed     88.27%
 233  Petteria_ramentacea                 4.60%    passed     98.58%
 234  Photinia_fraseri                    2.51%    passed     98.19%
 235  Phylacium_majus                     1.12%    passed     98.67%
 236  Phylloxylon_perrieri                2.51%    passed     99.99%
 237  Pilea_pumila                        2.51%    passed     92.63%
 238  Piptanthus_nepalensis               4.60%    passed     97.16%
 239  Piscidia_pispipula                  6.42%    passed     85.38%
 240  Pisum_sativum                       0.56%    passed     84.21%
 241  Pithecellobium_mexicanum            4.60%    passed     92.32%
 242  Platycyamus_regnellii               2.51%    passed     95.45%
 243  Platytheca_verticillata             2.51%    passed     86.99%
 244  Podalyria_calyptrata                2.23%    passed     99.60%
 245  Podalyria_sericea                   4.60%    passed     98.62%
 246  Poecilanthe_itapuana                2.51%    passed     99.53%
 247  Polygala_cruciata                   2.37%    passed     78.31%
 248  Pongamia_amygdaria                  6.42%    passed     81.16%
 249  Prunus_domestica                    3.97%    passed     96.84%
 250  Pseudeminia_comosa                  6.00%    passed     96.28%
 251  Pseudovigna_argentea                6.00%    passed     97.12%
 252  Psophocarpus_scandens_AB045820      6.56%    passed     90.30%
 253  Psophocarpus_scandens_AB045821      2.79%    passed     73.23%
 254  Pueraria_montana                    4.04%    passed     94.32%
 255  Punica_granatum                     2.72%    passed     93.34%
 256  Qualea_sp._U02730                   2.51%    passed     98.09%
 257  Quillaja_saponaria                  2.51%    passed     91.88%
 258  Rafnia_sp._Z70136                   4.60%    passed     90.13%
 259  Retama_monosperma                   4.60%    passed     99.57%
 260  Rhamnus_cathartica                  2.51%    passed     72.52%
 261  Rhodopis_planisiliqua               3.07%    passed     90.94%
 262  Rhoiptelea_chiliantha               2.51%    passed     97.63%
 263  Rhynchosia_clivorum                 2.37%    passed     79.79%
 264  Rhynchosia_minima                   2.51%    passed     72.62%
 265  Rinorea_crenata                     3.97%    passed     45.65%
 266  Robinia_pseudoacacia                0.49%    passed     98.33%
 267  Salweenia_wardii                    4.81%    passed     97.56%
 268  Santalum_album                      2.44%    passed     85.50%
 269  Saxifraga_mertensiana               2.58%    passed     98.39%
 270  Schinus_molle                       2.44%    passed     82.07%
 271  Securidaca_diversifolia             2.51%    passed     68.57%
 272  Senna_alata                         2.44%    passed     98.73%
 273  Sesbania_sesban                     0.98%    passed     94.44%
 274  Shepherdia_canadensis               2.65%    passed     99.90%
 275  Shuteria_vestita_AB045824           2.51%    passed     96.88%
 276  Shuteria_vestita_AF308725           3.56%    passed     91.82%
 277  Simarouba_glauca                    3.07%    passed     65.12%
 278  Sophora_bhutanica                   2.51%    passed     99.79%
 279  Sophora_davidii                     4.60%    passed     98.42%
 280  Sophora_flavescens                  4.60%    passed     97.06%
 281  Sophora_japonica_U74230             1.67%    passed     92.40%
 282  Sophora_japonica_Z70142             4.60%    passed     93.18%
 283  Sophora_jaubertii                   4.60%    passed     95.63%
 284  Sophora_secundiflora                4.60%    passed     98.43%
 285  Spartium_junceum                    4.60%    passed     98.58%
 286  Spartocytisus_supranubius           4.60%    passed     96.74%
 287  Spatholobus_parviflorus             6.35%    passed     93.19%
 288  Spiraea_X_vanhouttei                2.51%    passed     94.33%
 289  Sterculia_tragacantha               2.23%    passed     74.50%
 290  Strongylodon_macrobotrys           40.52%    passed     40.92%
 291  Stylobasium_spathulatum             2.65%    passed     96.55%
 292  Suriana_maritima                    2.51%    passed     98.00%
 293  Swartzia_sp._U74194                 0.91%    passed     98.85%
 294  Swietenia_macrophylla               1.81%    passed     62.68%
 295  Tachigali_paniculata                2.44%    passed     92.09%
 296  Tamarindus_indica                   4.60%    passed     91.85%
 297  Teline_monspessulana                4.60%    passed     98.06%
 298  Tephrosia_grandiflora               0.98%    passed     64.23%
 299  Tephrosia_heckmanniana              2.16%    passed     59.72%
 300  Teramnus_labialis                   6.14%    passed     91.10%
 301  Thermopsis_fabacea                  4.60%    passed     95.62%
 302  Toxicodendron_radicans              2.51%    passed     67.86%
 303  Trema_micrantha                     2.23%    passed     97.64%
 304  Ulex_europaeus                      4.60%    passed     95.03%
 305  Vatairea_lundelii                   2.51%    passed     98.50%
 306  Vigna_radiata                       0.42%    passed     73.22%
 307  Viola_sororia                      10.67%    passed     33.01%
 308  Virgilia_divaricata                 4.60%    passed     99.44%
 309  Viscum_album                        2.44%    passed     87.75%
 310  Willardia_mexicana                  3.14%    passed     80.09%
 311  Wisteria_sinensis                   0.98%    passed     96.01%
 312  Wisteria_sp._U74216                 0.42%    passed     97.16%
 313  Xanthocercis_zambesiaca             0.49%    passed     95.54%
 314  Xeroderris_chevalieri               6.42%    passed     99.67%
 315  Xeroderris_stuhlmannii              2.58%    passed     99.54%
 316  Zenia_insignis                      2.37%    passed     87.09%
 317  Zornia_cantoniensis                 2.65%    passed     98.76%
 318  Zygophyllum_simplex                 2.23%    passed     74.01%
WARNING: 3 sequences contain more than 50% gaps/ambiguity
****  TOTAL                               3.87%  0 sequences failed composition chi2 test (p-value<5%; df=3)
Checking for duplicate sequences: done in 0.00189975 secs using 99.8% CPU


Create initial parsimony tree by phylogenetic likelihood library (PLL)... 0.086 seconds
Perform fast likelihood tree search using GTR+I+G model...
Estimate model parameters (epsilon = 5.000)
Perform nearest neighbor interchange...
Estimate model parameters (epsilon = 1.000)
1. Initial log-likelihood: -35525.978
2. Current log-likelihood: -35524.615
Optimal log-likelihood: -35524.243
Rate parameters:  A-C: 1.50623  A-G: 3.06837  A-T: 0.75474  C-G: 1.08345  C-T: 4.03770  G-T: 1.00000
Base frequencies:  A: 0.272  C: 0.189  G: 0.244  T: 0.296
Proportion of invariable sites: 0.414
Gamma shape alpha: 0.637
Parameters optimization took 2 rounds (1.772 sec)
Time for fast ML tree search: 8.105 seconds

NOTE: ModelFinder requires 89 MB RAM!
ModelFinder will test up to 968 DNA models (sample size: 1434 epsilon: 0.100) ...
 No. Model         -LnL         df  AIC          AICc         BIC
  1  JC            42702.168    633 86670.336    87673.641    90005.121
  2  JC+I          39516.935    634 80301.870    81309.605    83641.924
  3  JC+G4         36872.122    634 75012.245    76019.980    78352.298
  4  JC+I+G4       36659.203    635 74588.407    75600.587    77933.729
  5  JC+R2         37554.640    635 76379.280    77391.460    79724.601
  6  JC+R3         36662.905    637 74599.810    75620.931    77955.668
  7  JC+R4         36543.084    639 74364.169    75394.295    77730.563
  8  JC+R5         36468.875    641 74219.750    75258.947    77596.681
  9  JC+R6         36453.409    643 74192.817    75241.151    77580.285
 10  JC+R7         36448.543    645 74187.087    75244.625    77585.091
 14  JC+I+R2       37120.618    636 75513.235    76529.878    78863.825
 15  JC+I+R3       36594.641    638 74465.281    75490.896    77826.407
 16  JC+I+R4       36496.434    640 74272.868    75307.521    77644.530
 17  JC+I+R5       36462.217    642 74208.435    75252.192    77590.634
 18  JC+I+R6       36448.978    644 74185.957    75238.885    77578.692
 19  JC+I+R7       36448.876    646 74189.753    75251.918    77593.025
 31  JC+R6         36453.409    643 74192.817    75241.151    77580.285
 32  JC+R7         36448.543    645 74187.087    75244.625    77585.091
 40  JC+I+R6       36448.978    644 74185.957    75238.885    77578.692
 53  F81+R6        36453.316    643 74192.632    75240.966    77580.100
 54  F81+R7        36448.368    645 74186.737    75244.275    77584.741
 62  F81+I+R6      36448.868    644 74185.735    75238.663    77578.471
 75  F81+F+R6      36440.280    646 74172.560    75234.725    77575.832
 76  F81+F+R7      36436.533    648 74169.065    75240.535    77582.874
 84  F81+F+I+R6    36437.465    647 74168.929    75235.738    77577.470
 97  K2P+R6        35433.344    644 72154.689    73207.616    75547.424
 98  K2P+R7        35428.132    646 72148.264    73210.429    75551.536
106  K2P+I+R6      35428.695    645 72147.390    73204.928    75545.394
119  K2P+R6        35433.344    644 72154.689    73207.616    75547.424
120  K2P+R7        35428.132    646 72148.264    73210.429    75551.536
128  K2P+I+R6      35428.695    645 72147.390    73204.928    75545.394
141  HKY+R6        35433.336    644 72154.672    73207.600    75547.407
142  HKY+R7        35428.037    646 72148.073    73210.238    75551.345
150  HKY+I+R6      35428.612    645 72147.225    73204.763    75545.229
163  HKY+F+R6      35383.856    647 72061.712    73128.521    75470.252
164  HKY+F+R7      35381.312    649 72060.624    73136.772    75479.701
172  HKY+F+I+R6    35382.715    648 72061.431    73132.901    75475.239
185  TNe+R6        35420.827    645 72131.653    73189.191    75529.657
186  TNe+R7        35415.302    647 72124.603    73191.413    75533.144
194  TNe+I+R6      35416.042    646 72124.084    73186.250    75527.357
207  TNe+R6        35420.827    645 72131.653    73189.191    75529.657
208  TNe+R7        35415.302    647 72124.603    73191.413    75533.144
216  TNe+I+R6      35416.042    646 72124.084    73186.250    75527.357
229  TN+R6         35420.825    645 72131.651    73189.189    75529.655
230  TN+R7         35415.245    647 72124.489    73191.298    75533.029
238  TN+I+R6       35415.953    646 72123.907    73186.072    75527.179
251  TN+F+R6       35356.033    648 72008.067    73079.537    75421.875
252  TN+F+R7       35353.786    650 72007.572    73088.415    75431.917
260  TN+F+I+R6     35355.952    649 72009.904    73086.052    75428.980
273  K3P+R6        35411.550    645 72113.100    73170.638    75511.104
274  K3P+R7        35405.602    647 72105.204    73172.013    75513.744
282  K3P+I+R6      35406.748    646 72105.496    73167.661    75508.768
295  K3P+R6        35411.550    645 72113.100    73170.638    75511.104
296  K3P+R7        35405.602    647 72105.204    73172.013    75513.744
304  K3P+I+R6      35406.748    646 72105.496    73167.661    75508.768
317  K3Pu+R6       35411.546    645 72113.093    73170.631    75511.097
318  K3Pu+R7       35405.546    647 72105.092    73171.901    75513.632
326  K3Pu+I+R6     35406.682    646 72105.365    73167.530    75508.637
339  K3Pu+F+R6     35354.887    648 72005.773    73077.243    75419.582
340  K3Pu+F+R7     35351.796    650 72003.593    73084.436    75427.938
348  K3Pu+F+I+R6   35353.339    649 72004.679    73080.827    75423.756
361  TPM2+R6       35432.787    645 72155.573    73213.111    75553.577
362  TPM2+R7       35426.434    647 72146.867    73213.676    75555.408
370  TPM2+I+R6     35428.027    646 72148.053    73210.218    75551.325
383  TPM2+R6       35432.787    645 72155.573    73213.111    75553.577
384  TPM2+R7       35426.434    647 72146.867    73213.676    75555.408
392  TPM2+I+R6     35428.027    646 72148.053    73210.218    75551.325
405  TPM2u+R6      35432.779    645 72155.558    73213.096    75553.562
406  TPM2u+R7      35426.384    647 72146.769    73213.578    75555.309
414  TPM2u+I+R6    35427.963    646 72147.925    73210.090    75551.197
427  TPM2u+F+R6    35383.296    648 72062.593    73134.063    75476.401
428  TPM2u+F+R7    35380.013    650 72060.027    73140.870    75484.372
436  TPM2u+F+I+R6  35381.758    649 72061.516    73137.664    75480.592
449  TPM3+R6       35433.281    645 72156.563    73214.101    75554.566
450  TPM3+R7       35426.687    647 72147.374    73214.183    75555.914
458  TPM3+I+R6     35428.353    646 72148.706    73210.872    75551.978
471  TPM3+R6       35433.281    645 72156.563    73214.101    75554.566
472  TPM3+R7       35426.687    647 72147.374    73214.183    75555.914
480  TPM3+I+R6     35428.353    646 72148.706    73210.872    75551.978
493  TPM3u+R6      35433.283    645 72156.565    73214.103    75554.569
494  TPM3u+R7      35426.642    647 72147.284    73214.093    75555.824
502  TPM3u+I+R6    35428.283    646 72148.565    73210.730    75551.837
515  TPM3u+F+R6    35352.623    648 72001.245    73072.715    75415.054
516  TPM3u+F+R7    35350.504    650 72001.008    73081.851    75425.353
524  TPM3u+F+I+R6  35353.212    649 72004.425    73080.573    75423.502
537  TIMe+R6       35398.609    646 72089.218    73151.383    75492.490
538  TIMe+R7       35392.854    648 72081.709    73153.179    75495.517
546  TIMe+I+R6     35393.456    647 72080.912    73147.721    75489.452
559  TIMe+R6       35398.609    646 72089.218    73151.383    75492.490
560  TIMe+R7       35392.854    648 72081.708    73153.179    75495.517
568  TIMe+I+R6     35393.456    647 72080.912    73147.721    75489.452
581  TIM+R6        35398.589    646 72089.178    73151.343    75492.450
582  TIM+R7        35392.712    648 72081.424    73152.894    75495.232
590  TIM+I+R6      35393.369    647 72080.738    73147.547    75489.278
603  TIM+F+R6      35327.273    649 71952.546    73028.694    75371.622
604  TIM+F+R7      35323.191    651 71948.382    73033.937    75377.995
612  TIM+F+I+R6    35326.747    650 71953.494    73034.337    75377.839
625  TIM2e+R6      35420.268    646 72132.536    73194.701    75535.808
626  TIM2e+R7      35414.642    648 72125.285    73196.755    75539.093
634  TIM2e+I+R6    35415.107    647 72124.213    73191.022    75532.754
647  TIM2e+R6      35420.268    646 72132.536    73194.701    75535.808
648  TIM2e+R7      35414.642    648 72125.285    73196.755    75539.093
656  TIM2e+I+R6    35415.107    647 72124.213    73191.022    75532.754
669  TIM2+R6       35420.233    646 72132.465    73194.630    75535.737
670  TIM2+R7       35414.485    648 72124.971    73196.441    75538.779
678  TIM2+I+R6     35415.038    647 72124.076    73190.885    75532.616
691  TIM2+F+R6     35355.806    649 72009.612    73085.760    75428.689
692  TIM2+F+R7     35352.094    651 72006.188    73091.743    75435.801
700  TIM2+F+I+R6   35355.486    650 72010.973    73091.816    75435.318
713  TIM3e+R6      35420.932    646 72133.864    73196.029    75537.136
714  TIM3e+R7      35414.604    648 72125.208    73196.678    75539.016
722  TIM3e+I+R6    35415.480    647 72124.960    73191.770    75533.501
735  TIM3e+R6      35420.932    646 72133.864    73196.029    75537.136
736  TIM3e+R7      35414.604    648 72125.208    73196.678    75539.016
744  TIM3e+I+R6    35415.480    647 72124.960    73191.770    75533.501
757  TIM3+R6       35420.834    646 72133.668    73195.833    75536.940
758  TIM3+R7       35414.455    648 72124.911    73196.381    75538.719
766  TIM3+I+R6     35415.402    647 72124.805    73191.614    75533.345
779  TIM3+F+R6     35322.894    649 71943.788    73019.936    75362.865
780  TIM3+F+R7     35318.041    651 71938.081    73023.636    75367.694
788  TIM3+F+I+R6   35324.323    650 71948.645    73029.488    75372.990
801  TVMe+R6       35410.739    647 72115.478    73182.288    75524.019
802  TVMe+R7       35404.182    649 72106.364    73182.512    75525.441
810  TVMe+I+R6     35405.037    648 72106.074    73177.544    75519.883
823  TVMe+R6       35410.739    647 72115.478    73182.288    75524.019
824  TVMe+R7       35404.182    649 72106.364    73182.512    75525.441
832  TVMe+I+R6     35405.037    648 72106.074    73177.544    75519.883
845  TVM+R6        35410.705    647 72115.409    73182.218    75523.950
846  TVM+R7        35404.051    649 72106.101    73182.249    75525.178
854  TVM+I+R6      35405.000    648 72106.001    73177.471    75519.809
867  TVM+F+R6      35327.653    650 71955.306    73036.149    75379.651
868  TVM+F+R7      35324.954    652 71953.907    73044.192    75388.789
876  TVM+F+I+R6    35327.748    651 71957.496    73043.051    75387.110
889  SYM+R6        35397.601    648 72091.201    73162.672    75505.010
890  SYM+R7        35391.928    650 72083.856    73164.699    75508.201
898  SYM+I+R6      35392.402    649 72082.804    73158.952    75501.881
911  SYM+R6        35397.601    648 72091.201    73162.672    75505.010
912  SYM+R7        35391.928    650 72083.856    73164.699    75508.201
920  SYM+I+R6      35392.402    649 72082.804    73158.952    75501.881
933  GTR+R6        35397.601    648 72091.201    73162.671    75505.010
934  GTR+R7        35391.763    650 72083.526    73164.369    75507.871
942  GTR+I+R6      35392.344    649 72082.689    73158.836    75501.765
955  GTR+F+R6      35298.064    651 71898.128    72983.683    75327.742
956  GTR+F+R7      35292.522    653 71891.044    72986.075    75331.193
964  GTR+F+I+R6    35299.148    652 71902.297    72992.581    75337.178
Akaike Information Criterion:           GTR+F+R7
Corrected Akaike Information Criterion: GTR+F+R6
Bayesian Information Criterion:         GTR+F+R6
Best-fit model: GTR+F+R6 chosen according to BIC

All model information printed to results/dna_M2307_318_1434.phy/output_files/iqtree/inference/pars_10.model.gz
CPU time for ModelFinder: 1240.756 seconds (0h:20m:40s)
Wall-clock time for ModelFinder: 1245.984 seconds (0h:20m:45s)

NOTE: 53 MB RAM (0 GB) is required!
Estimate model parameters (epsilon = 0.010)
1. Initial log-likelihood: -35298.108
2. Current log-likelihood: -35298.069
Optimal log-likelihood: -35298.056
Rate parameters:  A-C: 1.40836  A-G: 2.79730  A-T: 0.69388  C-G: 1.03751  C-T: 4.05406  G-T: 1.00000
Base frequencies:  A: 0.272  C: 0.189  G: 0.244  T: 0.296
Site proportion and rates:  (0.611,0.055) (0.144,0.605) (0.137,1.745) (0.063,3.642) (0.036,7.400) (0.009,15.295)
Parameters optimization took 2 rounds (2.833 sec)
Wrote distance file to... 
BEST SCORE FOUND : -35298.056
Total tree length: 5.191

Total number of iterations: 0
CPU time used for tree search: 0.000 sec (0h:0m:0s)
Wall-clock time used for tree search: 0.000 sec (0h:0m:0s)
Total CPU time used: 1243.614 sec (0h:20m:43s)
Total wall-clock time used: 1248.878 sec (0h:20m:48s)

Analysis results written to: 
  IQ-TREE report:                results/dna_M2307_318_1434.phy/output_files/iqtree/inference/pars_10.iqtree
  Maximum-likelihood tree:       results/dna_M2307_318_1434.phy/output_files/iqtree/inference/pars_10.treefile
  Screen log file:               results/dna_M2307_318_1434.phy/output_files/iqtree/inference/pars_10.log

Date and Time: Fri Sep 19 23:48:50 2025
