IQ-TREE version 3.0.1 for Linux x86 64-bit built Sep 12 2025
Developed by Bui Quang Minh, Thomas Wong, Nhan Ly-Trong, Huaiyan Ren
Contributed by Lam-Tung Nguyen, Dominik Schrempf, Chris Bielow,
Olga Chernomor, Michael Woodhams, Diep Thi Hoang, Heiko Schmidt

Host:    suny-Precision-5530 (AVX2, FMA3, 15 GB RAM)
Command: /usr/local/bin/iqtree3 -s /home/suny/Downloads/VAN_TRAINING_DATA/data1/dna_M2307_318_1434.phy -pre results/dna_M2307_318_1434.phy/output_files/iqtree/inference/pars_9 -seed 9 -ninit 1 -T 1 -redo -n 0
Seed:    9 (Using SPRNG - Scalable Parallel Random Number Generator)
Time:    Sat Sep 20 01:14:25 2025
Kernel:  AVX+FMA - 1 threads (12 CPU cores detected)

HINT: Use -nt option to specify number of threads because your CPU has 12 cores!
HINT: -nt AUTO will automatically determine the best number of threads to use.

Reading alignment file /home/suny/Downloads/VAN_TRAINING_DATA/data1/dna_M2307_318_1434.phy ... Phylip format detected
Alignment most likely contains DNA/RNA sequences
Constructing alignment: done in 0.0060743 secs using 50.2% CPU
Alignment has 318 sequences with 1434 columns, 868 distinct patterns
533 parsimony-informative, 214 singleton sites, 687 constant sites
                                  Gap/Ambiguity  Composition  p-value
Analyzing sequences: done in 0.00117719 secs using 99.73% CPU
   1  Abrus_precatorius                   2.51%    passed     96.12%
   2  Acacia_farnesiana                   4.60%    passed     95.08%
   3  Acer_saccharum                      2.51%    passed     77.70%
   4  Acosmium_dasycarpum                 0.35%    passed     87.44%
   5  Acrocarpus_sp._AF308699             2.86%    passed     92.54%
   6  Adenocarpus_complicatus             4.60%    passed     96.88%
   7  Adenodolichos_rupestris             2.72%    passed     80.94%
   8  Adesmia_exilis                      2.51%    passed     98.95%
   9  Aeschynomene_americana              2.58%    passed     94.17%
  10  Aeschynomene_indica                 2.65%    passed     99.86%
  11  Aesculus_pavia                      2.51%    passed     92.36%
  12  Afgekia_sericea                     6.42%    passed     99.45%
  13  Aganope_sp._AF308702                2.58%    passed     84.81%
  14  Ailanthus_altissima                 2.51%    passed     78.58%
  15  Albizia_julibrissin                 4.60%    passed     89.32%
  16  Albizia_saman                       4.60%    passed     95.34%
  17  Aldina_latifolia                    2.51%    passed     98.95%
  18  Alnus_incana                        2.44%    passed     94.13%
  19  Amorpha_fruticosa                   0.42%    passed     98.89%
  20  Amphicarpaea_bracteata              6.07%    passed     91.27%
  21  Amphicarpaea_edgeworthii            2.51%    passed     88.77%
  22  Anagyris_foetida                    0.98%    passed     85.93%
  23  Andira_inermis                      0.42%    passed     86.38%
  24  Angylocalyx_braunii                 1.26%    passed     98.25%
  25  Apios_taiwaniana                    2.51%    passed     89.31%
  26  Aporusa_frutescens                  2.23%    passed     89.96%
  27  Apuleia_leiocarpa                   2.44%    passed     81.75%
  28  Apurimacia_boliviana                3.00%    passed     69.80%
  29  Arachis_hypogaea                    2.51%    passed     99.21%
  30  Argyrocytisus_battandieri           4.60%    passed     98.06%
  31  Argyrolobium_harveyanum             0.98%    passed     99.07%
  32  Argyrolobium_marginatum             0.98%    passed     98.50%
  33  Argyrolobium_uniflorum              0.98%    passed     98.45%
  34  Argyrolobium_zanonii                0.98%    passed     98.88%
  35  Asarum_canadense                    2.23%    passed     74.83%
  36  Aspalathus_cephalotes               4.60%    passed     93.86%
  37  Astragalus_sparsus                  0.98%    passed     99.63%
  38  Ateleia_herbert-smithii             1.32%    passed     97.75%
  39  Atylosia_lineata                    6.07%    passed     70.90%
  40  Austrosteenisia_blackii             2.44%    passed     95.09%
  41  Balanops_vieillardi                 2.58%    passed     99.20%
  42  Baphia_massaiensis                  1.26%    passed     99.36%
  43  Baptisia_tinctoria                  4.60%    passed     98.29%
  44  Bauera_rubioides                    2.51%    passed     90.04%
  45  Bauhinia_candicans                  4.60%    passed     88.74%
  46  Bauhinia_purpurea                   4.60%    passed     94.66%
  47  Begonia_metallica_x_sanguinea_L0    7.60%    passed     99.85%
  48  Bituminaria_bituminosa              0.49%    passed     92.81%
  49  Bolusanthus_speciosus               2.51%    passed     99.56%
  50  Brassica_oleracea                   0.00%    passed     55.25%
  51  Brongniartia_pacifica               2.51%    passed     98.08%
  52  Brownea_sp._U74186                  0.42%    passed     95.47%
  53  Brya_ebenus                         4.46%    passed     97.21%
  54  Butea_minor                         2.51%    passed     87.58%
  55  Byrsocarpus_coccinea                4.46%    passed     79.93%
  56  Cadia_purpurea                      1.67%    passed     99.83%
  57  Caesalpinia_pulcherrima_U74190      0.49%    passed     96.96%
  58  Caesalpinia_pulcherrima_Z70153      4.60%    passed     89.41%
  59  Cajanus_cajan_AB045790              2.51%    passed     69.05%
  60  Cajanus_cajan_AB045791              2.51%    passed     66.35%
  61  Cajanus_cajan_CCZ95535              0.98%    passed     89.83%
  62  Calicotome_villosa                  4.60%    passed     96.80%
  63  Calopogonium_caeruleum              2.09%    passed     89.49%
  64  Calopogonium_mucunoides             2.58%    passed     88.08%
  65  Calpurnia_aurea                     2.44%    passed     99.63%
  66  Campylotropis_griffithii            2.44%    passed     72.71%
  67  Canavalia_ensiformis                2.44%    passed     83.34%
  68  Canavalia_rosea                     2.51%    passed     84.63%
  69  Caragana_arborescens                4.60%    passed     99.37%
  70  Carmichaelia_sp._AF308705           2.72%    passed     98.22%
  71  Cassia_didymobotrya                 4.60%    passed     92.98%
  72  Cassia_fistula                      0.56%    passed     94.41%
  73  Cassia_senna                        4.67%    passed     88.27%
  74  Castanospermum_australe_U74202      2.09%    passed     96.60%
  75  Castanospermum_australe_Z70143      4.60%    passed     97.50%
  76  Casuarina_litorea                   2.51%    passed     99.99%
  77  Ceanothus_sanguineus                2.51%    passed     99.63%
  78  Celtis_sinensis_var._japonica_D8   10.04%    passed     97.24%
  79  Celtis_yunnanensis                  2.58%    passed     92.03%
  80  Centrosema_virginianum              2.51%    passed     94.86%
  81  Ceratonia_siliqua                   0.49%    passed     95.27%
  82  Cercis_canadensis                   0.56%    passed     96.79%
  83  Cercis_siliquastrum                 4.60%    passed     96.52%
  84  Chadsia_versicolor                  2.51%    passed     66.05%
  85  Chamaecrista_fasciculata            0.35%    passed     96.30%
  86  Chamaecytisus_austriacus            4.60%    passed     95.58%
  87  Chamaecytisus_proliferus_Z70080     4.60%    passed     96.83%
  88  Chamaecytisus_purpureus_Z70081      4.60%    passed     97.74%
  89  Chamaespartium_sagittale            4.60%    passed     95.91%
  90  Chamaespartium_tridentatum          4.60%    passed     97.19%
  91  Chorizema_cordatum                  0.42%    passed     97.87%
  92  Chrysobalanus_icaco                 7.95%    passed     61.93%
  93  Cicer_arietinum                     2.65%    passed     95.55%
  94  Citrus_paradisi                     2.44%    passed     61.91%
  95  Cladrastis_sikokiana                2.23%    passed     94.91%
  96  Cladrastis_sinensis                 0.98%    passed     89.89%
  97  Clarkia_xantiana                    0.49%    passed     84.47%
  98  Cleome_hassleriana                  2.44%    passed     86.57%
  99  Clitoria_ternatea                   2.44%    passed     44.81%
 100  Cologania_lemmonii                  6.00%    passed     94.40%
 101  Comesperma_ericinum                 2.86%    passed     69.49%
 102  Connarus_conchocarpus               2.30%    passed     87.17%
 103  Cordyla_africana                    0.98%    passed     99.90%
 104  Coriaria_myrtifolia                 2.51%    passed     99.29%
 105  Coronilla_emerus                    4.60%    passed     99.10%
 106  Coronilla_varia                     0.49%    passed     98.00%
 107  Corynocarpus_laevigatus             6.07%    passed     88.98%
 108  Craibia_brevicaudata                6.42%    passed     99.86%
 109  Cranocarpus_martii                  2.51%    passed     97.88%
 110  Crossosoma_californicum             2.51%    passed     91.54%
 111  Crotalaria_capensis                 4.60%    passed     97.85%
 112  Cucumis_sativus                     2.23%    passed     94.73%
 113  Cyclopia_genistoides                4.60%    passed     99.03%
 114  Cytisophyllum_sessilifolium         4.60%    passed     96.08%
 115  Dalbergia_hupeana                   2.44%    passed     96.54%
 116  Dalbergiella_nyasae                 2.72%    passed     97.91%
 117  Dalbergiella_welwitschii            2.58%    passed     97.57%
 118  Datisca_cannabina                   2.23%    passed     99.85%
 119  Daviesia_rhizomata                  3.07%    passed     99.96%
 120  Deguelia_hatschbachii               2.51%    passed     85.77%
 121  Delonix_regia                       4.60%    passed     88.84%
 122  Derris_laxiflora                    2.51%    passed     84.75%
 123  Desmodium_podocarpum_subsp._oxyp    2.51%    passed     94.79%
 124  Dewevrea_bilabiata                  2.58%    passed     95.88%
 125  Dialium_sp._U74259                 35.84%    passed     62.00%
 126  Dichilus_lebeckioides               0.56%    passed     99.05%
 127  Dioclea_virgata                     2.58%    passed     82.72%
 128  Dipogon_lignosus                    6.42%    passed     94.91%
 129  Dipteryx_odorata                    2.44%    passed     98.72%
 130  Drypetes_roxburghii                 2.44%    passed     96.28%
 131  Dumasia_villosa                     6.07%    passed     81.13%
 132  Dussia_tessmannii                   0.49%    passed     99.44%
 133  Elaeagnus_angustifolia              2.58%    passed     98.94%
 134  Elaeocarpus_grandis                 6.21%    passed     84.62%
 135  Erinacea_anthyllis                  4.60%    passed     98.58%
 136  Erythrina_crista-galli              4.60%    passed     77.69%
 137  Erythrina_speciosa                  3.00%    passed     53.29%
 138  Erythrophleum_ivorense              0.35%    passed     92.57%
 139  Euchresta_horsfieldii               2.51%    passed     88.88%
 140  Eucryphia_lucida                    6.21%    passed     88.54%
 141  Euonymus_alatus                     2.23%    passed     79.76%
 142  Euphorbia_polychroma                2.23%    passed     94.46%
 143  Fagus_americana                     2.93%    passed     84.58%
 144  Fordia_cauliflora                  50.70%    passed     81.92%
 145  Galactia_tashiroi                   2.51%    passed     90.14%
 146  Genista_cinerea                     4.60%    passed     96.80%
 147  Genista_florida                     4.60%    passed     95.91%
 148  Genista_januensis                   4.60%    passed     97.77%
 149  Genista_tricuspidata                4.60%    passed     97.69%
 150  Gironniera_subaequalis             10.04%    passed     99.45%
 151  Gleditsia_triacanthos               4.60%    passed     85.00%
 152  Glycine_tabacina                    1.67%    passed     92.27%
 153  Glycyrrhiza_glabra                  2.51%    passed     92.34%
 154  Glycyrrhiza_pallidiflora            7.67%    passed     93.06%
 155  Goodia_lotifolia                    6.76%    passed     88.99%
 156  Gossypium_robinsonii                2.23%    passed     86.52%
 157  Guaiacum_sanctum                    2.51%    passed     74.93%
 158  Guilfoylia_monostylis               2.51%    passed     96.08%
 159  Gymnocladus_dioica                  0.35%    passed     95.05%
 160  Halimodendron_halodendron           7.95%    passed     98.47%
 161  Hardenbergia_violacea               2.44%    passed     91.63%
 162  Hedysarum_vicioides                 2.44%    passed     85.37%
 163  Hesperothamnus_pentaphyllus         3.00%    passed     83.05%
 164  Heteropyxis_natalensis              3.70%    passed     93.23%
 165  Holocalyx_balansae                  2.44%    passed     99.35%
 166  Hovea_elliptica                     0.98%    passed     99.84%
 167  Humulus_lupulus                     2.23%    passed     81.30%
 168  Hymenaea_protera                   75.73%    passed     18.10%
 169  Hymenanthera_alpina                 2.23%    passed     65.88%
 170  Hymenolobium_excelsum              55.79%    passed     64.85%
 171  Hypocalyptus_sophoroides            3.14%    passed     91.09%
 172  Indigofera_australis_AF308711       2.86%    passed     98.85%
 173  Indigofera_australis_U74214         0.49%    passed     98.40%
 174  Isotropis_cuneifolia                2.72%    passed     92.13%
 175  Juglans_nigra                       2.51%    passed     98.17%
 176  Kennedya_rubicunda                  2.44%    passed     87.67%
 177  Koelreuteria_paniculata             2.23%    passed     92.86%
 178  Krameria_lanceolata                 2.93%    passed     99.74%
 179  Kummerowia_stipulacea               2.44%    passed     66.03%
 180  Laburnum_anagyroides                4.60%    passed     97.85%
 181  Lathyrus_tuberosus                  4.60%    passed     98.19%
 182  Leitneria_floridana                 2.37%    passed     53.98%
 183  Leptoderris_fasciculata             2.51%    passed     91.15%
 184  Lespedeza_cuneata                   0.91%    passed     84.75%
 185  Licania_tomentosa                   7.95%    passed     51.73%
 186  Liparia_splendens                   4.60%    passed     97.45%
 187  Lonchocarpus_eriocarinalis          6.49%    passed     89.47%
 188  Lonchocarpus_hermannii              2.51%    passed     83.09%
 189  Lotononis_galpinii                  0.98%    passed     98.28%
 190  Lotus_corniculatus                  0.35%    passed     97.28%
 191  Luetzelburgia_sp._U74185            0.35%    passed     99.34%
 192  Lupinus_bogotensis                  4.60%    passed     96.18%
 193  Lupinus_densiflorus                 4.60%    passed     98.05%
 194  Maackia_amurensis                   4.60%    passed     99.87%
 195  Maackia_floribunda                  2.51%    passed     99.95%
 196  Machaerium_lunatum                  2.51%    passed     97.35%
 197  Maclura_pomifera                   10.04%    passed     95.19%
 198  Macrolobium_acaciifolium            3.70%    passed     82.79%
 199  Magnolia_tripetala                  0.42%    passed     38.01%
 200  Medicago_sativa                     0.84%    passed     96.02%
 201  Melolobium_microphyllum             0.98%    passed     97.70%
 202  Millettia_japonica                  2.51%    passed     99.62%
 203  Millettia_lenneoides                3.70%    passed     70.39%
 204  Millettia_pulchra                   2.51%    passed     79.41%
 205  Millettia_richardiana               2.51%    passed     77.80%
 206  Mimosa_speggazzinii                 4.60%    passed     95.36%
 207  Mucuna_macrocarpa                   2.51%    passed     96.11%
 208  Mucuna_nigricans                    2.44%    passed     87.69%
 209  Muellera_frutescens                 2.51%    passed     87.80%
 210  Mundulea_sericea                    6.42%    passed     74.88%
 211  Myrica_cerifera                     2.51%    passed     98.58%
 212  Myrospermum_sousanum                0.35%    passed     92.09%
 213  Myroxylon_balsamum                  0.56%    passed     97.81%
 214  Neonotonia_wightii                  6.00%    passed     90.43%
 215  Neorautanenia_mitis                 2.72%    passed     93.88%
 216  Ononis_spinosa                      4.60%    passed     96.48%
 217  Ophrestia_hedysaroides              2.58%    passed     72.60%
 218  Ophrestia_radicosa                  3.35%    passed     42.04%
 219  Opilia_sp._AJ131773                 0.84%    passed     57.37%
 220  Ormosia_emarginata                  1.67%    passed     98.56%
 221  Otholobium_sericeum                 0.35%    passed     86.57%
 222  Oxalis_dillenii                     2.65%    passed     93.84%
 223  Oxyrhynchus_volubilis               2.65%    passed     85.50%
 224  Pachyrhizus_erosus                  6.07%    passed     94.83%
 225  Paraserianthes_lophantha            4.60%    passed     92.57%
 226  Parkia_roxburghii                   0.49%    passed     99.22%
 227  Parkinsonia_aculeata                4.60%    passed     89.85%
 228  Peltogyne_confertiflora             2.72%    passed     96.24%
 229  Peltophorum_peltatum                4.60%    passed     97.55%
 230  Peltophorum_sp.                     0.35%    passed     99.66%
 231  Pericopsis_mooniana                 1.26%    passed     98.49%
 232  Petalostylis_labicheoides           3.07%    passed     88.27%
 233  Petteria_ramentacea                 4.60%    passed     98.58%
 234  Photinia_fraseri                    2.51%    passed     98.19%
 235  Phylacium_majus                     1.12%    passed     98.67%
 236  Phylloxylon_perrieri                2.51%    passed     99.99%
 237  Pilea_pumila                        2.51%    passed     92.63%
 238  Piptanthus_nepalensis               4.60%    passed     97.16%
 239  Piscidia_pispipula                  6.42%    passed     85.38%
 240  Pisum_sativum                       0.56%    passed     84.21%
 241  Pithecellobium_mexicanum            4.60%    passed     92.32%
 242  Platycyamus_regnellii               2.51%    passed     95.45%
 243  Platytheca_verticillata             2.51%    passed     86.99%
 244  Podalyria_calyptrata                2.23%    passed     99.60%
 245  Podalyria_sericea                   4.60%    passed     98.62%
 246  Poecilanthe_itapuana                2.51%    passed     99.53%
 247  Polygala_cruciata                   2.37%    passed     78.31%
 248  Pongamia_amygdaria                  6.42%    passed     81.16%
 249  Prunus_domestica                    3.97%    passed     96.84%
 250  Pseudeminia_comosa                  6.00%    passed     96.28%
 251  Pseudovigna_argentea                6.00%    passed     97.12%
 252  Psophocarpus_scandens_AB045820      6.56%    passed     90.30%
 253  Psophocarpus_scandens_AB045821      2.79%    passed     73.23%
 254  Pueraria_montana                    4.04%    passed     94.32%
 255  Punica_granatum                     2.72%    passed     93.34%
 256  Qualea_sp._U02730                   2.51%    passed     98.09%
 257  Quillaja_saponaria                  2.51%    passed     91.88%
 258  Rafnia_sp._Z70136                   4.60%    passed     90.13%
 259  Retama_monosperma                   4.60%    passed     99.57%
 260  Rhamnus_cathartica                  2.51%    passed     72.52%
 261  Rhodopis_planisiliqua               3.07%    passed     90.94%
 262  Rhoiptelea_chiliantha               2.51%    passed     97.63%
 263  Rhynchosia_clivorum                 2.37%    passed     79.79%
 264  Rhynchosia_minima                   2.51%    passed     72.62%
 265  Rinorea_crenata                     3.97%    passed     45.65%
 266  Robinia_pseudoacacia                0.49%    passed     98.33%
 267  Salweenia_wardii                    4.81%    passed     97.56%
 268  Santalum_album                      2.44%    passed     85.50%
 269  Saxifraga_mertensiana               2.58%    passed     98.39%
 270  Schinus_molle                       2.44%    passed     82.07%
 271  Securidaca_diversifolia             2.51%    passed     68.57%
 272  Senna_alata                         2.44%    passed     98.73%
 273  Sesbania_sesban                     0.98%    passed     94.44%
 274  Shepherdia_canadensis               2.65%    passed     99.90%
 275  Shuteria_vestita_AB045824           2.51%    passed     96.88%
 276  Shuteria_vestita_AF308725           3.56%    passed     91.82%
 277  Simarouba_glauca                    3.07%    passed     65.12%
 278  Sophora_bhutanica                   2.51%    passed     99.79%
 279  Sophora_davidii                     4.60%    passed     98.42%
 280  Sophora_flavescens                  4.60%    passed     97.06%
 281  Sophora_japonica_U74230             1.67%    passed     92.40%
 282  Sophora_japonica_Z70142             4.60%    passed     93.18%
 283  Sophora_jaubertii                   4.60%    passed     95.63%
 284  Sophora_secundiflora                4.60%    passed     98.43%
 285  Spartium_junceum                    4.60%    passed     98.58%
 286  Spartocytisus_supranubius           4.60%    passed     96.74%
 287  Spatholobus_parviflorus             6.35%    passed     93.19%
 288  Spiraea_X_vanhouttei                2.51%    passed     94.33%
 289  Sterculia_tragacantha               2.23%    passed     74.50%
 290  Strongylodon_macrobotrys           40.52%    passed     40.92%
 291  Stylobasium_spathulatum             2.65%    passed     96.55%
 292  Suriana_maritima                    2.51%    passed     98.00%
 293  Swartzia_sp._U74194                 0.91%    passed     98.85%
 294  Swietenia_macrophylla               1.81%    passed     62.68%
 295  Tachigali_paniculata                2.44%    passed     92.09%
 296  Tamarindus_indica                   4.60%    passed     91.85%
 297  Teline_monspessulana                4.60%    passed     98.06%
 298  Tephrosia_grandiflora               0.98%    passed     64.23%
 299  Tephrosia_heckmanniana              2.16%    passed     59.72%
 300  Teramnus_labialis                   6.14%    passed     91.10%
 301  Thermopsis_fabacea                  4.60%    passed     95.62%
 302  Toxicodendron_radicans              2.51%    passed     67.86%
 303  Trema_micrantha                     2.23%    passed     97.64%
 304  Ulex_europaeus                      4.60%    passed     95.03%
 305  Vatairea_lundelii                   2.51%    passed     98.50%
 306  Vigna_radiata                       0.42%    passed     73.22%
 307  Viola_sororia                      10.67%    passed     33.01%
 308  Virgilia_divaricata                 4.60%    passed     99.44%
 309  Viscum_album                        2.44%    passed     87.75%
 310  Willardia_mexicana                  3.14%    passed     80.09%
 311  Wisteria_sinensis                   0.98%    passed     96.01%
 312  Wisteria_sp._U74216                 0.42%    passed     97.16%
 313  Xanthocercis_zambesiaca             0.49%    passed     95.54%
 314  Xeroderris_chevalieri               6.42%    passed     99.67%
 315  Xeroderris_stuhlmannii              2.58%    passed     99.54%
 316  Zenia_insignis                      2.37%    passed     87.09%
 317  Zornia_cantoniensis                 2.65%    passed     98.76%
 318  Zygophyllum_simplex                 2.23%    passed     74.01%
WARNING: 3 sequences contain more than 50% gaps/ambiguity
****  TOTAL                               3.87%  0 sequences failed composition chi2 test (p-value<5%; df=3)
Checking for duplicate sequences: done in 0.0018759 secs using 96.49% CPU


Create initial parsimony tree by phylogenetic likelihood library (PLL)... 0.087 seconds
Perform fast likelihood tree search using GTR+I+G model...
Estimate model parameters (epsilon = 5.000)
Perform nearest neighbor interchange...
Estimate model parameters (epsilon = 1.000)
1. Initial log-likelihood: -35517.864
2. Current log-likelihood: -35516.753
Optimal log-likelihood: -35516.489
Rate parameters:  A-C: 1.50058  A-G: 3.04723  A-T: 0.74605  C-G: 1.06957  C-T: 3.97814  G-T: 1.00000
Base frequencies:  A: 0.272  C: 0.189  G: 0.244  T: 0.296
Proportion of invariable sites: 0.414
Gamma shape alpha: 0.635
Parameters optimization took 2 rounds (1.661 sec)
Time for fast ML tree search: 7.987 seconds

NOTE: ModelFinder requires 89 MB RAM!
ModelFinder will test up to 968 DNA models (sample size: 1434 epsilon: 0.100) ...
 No. Model         -LnL         df  AIC          AICc         BIC
  1  JC            42706.085    633 86678.170    87681.475    90012.955
  2  JC+I          39517.223    634 80302.446    81310.180    83642.499
  3  JC+G4         36856.719    634 74981.438    75989.172    78321.491
  4  JC+I+G4       36644.460    635 74558.921    75571.101    77904.242
  5  JC+R2         37551.662    635 76373.325    77385.505    79718.646
  6  JC+R3         36647.989    637 74569.978    75591.099    77925.836
  7  JC+R4         36524.398    639 74326.796    75356.922    77693.191
  8  JC+R5         36446.891    641 74175.783    75214.980    77552.714
  9  JC+R6         36432.070    643 74150.141    75198.475    77537.608
 10  JC+R7         36426.701    645 74143.401    75200.939    77541.405
 14  JC+I+R2       37110.456    636 75492.911    76509.554    78843.501
 15  JC+I+R3       36579.635    638 74435.271    75460.886    77796.397
 16  JC+I+R4       36474.683    640 74229.365    75264.018    77601.028
 17  JC+I+R5       36439.548    642 74163.096    75206.853    77545.295
 18  JC+I+R6       36427.548    644 74143.096    75196.023    77535.831
 19  JC+I+R7       36427.348    646 74146.695    75208.861    77549.967
 31  JC+R6         36432.070    643 74150.141    75198.475    77537.608
 32  JC+R7         36426.701    645 74143.401    75200.939    77541.405
 39  JC+I+R5       36439.548    642 74163.096    75206.853    77545.295
 40  JC+I+R6       36427.548    644 74143.096    75196.023    77535.831
 53  F81+R6        36431.943    643 74149.886    75198.220    77537.353
 54  F81+R7        36426.524    645 74143.048    75200.586    77541.052
 61  F81+I+R5      36439.311    642 74162.623    75206.380    77544.822
 62  F81+I+R6      36427.288    644 74142.577    75195.504    77535.312
 75  F81+F+R6      36417.332    646 74126.663    75188.829    77529.935
 76  F81+F+R7      36413.596    648 74123.193    75194.663    77537.001
 83  F81+F+I+R5    36423.419    645 74136.838    75194.377    77534.842
 84  F81+F+I+R6    36414.558    647 74123.115    75189.925    77531.656
 97  K2P+R6        35422.776    644 72133.551    73186.479    75526.287
 98  K2P+R7        35417.102    646 72126.204    73188.369    75529.476
105  K2P+I+R5      35432.346    643 72150.692    73199.026    75538.159
106  K2P+I+R6      35417.862    645 72125.724    73183.262    75523.728
119  K2P+R6        35422.776    644 72133.551    73186.479    75526.287
120  K2P+R7        35417.102    646 72126.204    73188.369    75529.476
127  K2P+I+R5      35432.346    643 72150.692    73199.026    75538.159
128  K2P+I+R6      35417.862    645 72125.724    73183.262    75523.728
141  HKY+R6        35422.763    644 72133.527    73186.455    75526.262
142  HKY+R7        35417.003    646 72126.006    73188.171    75529.278
149  HKY+I+R5      35432.195    643 72150.390    73198.724    75537.857
150  HKY+I+R6      35417.680    645 72125.360    73182.898    75523.364
163  HKY+F+R6      35371.834    647 72037.669    73104.478    75446.209
164  HKY+F+R7      35368.902    649 72035.804    73111.952    75454.881
171  HKY+F+I+R5    35380.363    646 72052.726    73114.891    75455.998
172  HKY+F+I+R6    35370.087    648 72036.174    73107.644    75449.983
185  TNe+R6        35410.356    645 72110.712    73168.250    75508.716
186  TNe+R7        35404.715    647 72103.430    73170.239    75511.971
193  TNe+I+R5      35417.304    644 72122.608    73175.536    75515.344
194  TNe+I+R6      35405.376    646 72102.752    73164.917    75506.024
207  TNe+R6        35410.356    645 72110.712    73168.250    75508.716
208  TNe+R7        35404.715    647 72103.430    73170.240    75511.971
215  TNe+I+R5      35417.304    644 72122.608    73175.536    75515.344
216  TNe+I+R6      35405.376    646 72102.752    73164.917    75506.024
229  TN+R6         35410.354    645 72110.708    73168.246    75508.712
230  TN+R7         35404.621    647 72103.242    73170.052    75511.783
237  TN+I+R5       35417.144    644 72122.289    73175.216    75515.024
238  TN+I+R6       35405.245    646 72102.490    73164.655    75505.762
251  TN+F+R6       35342.901    648 71981.802    73053.272    75395.611
252  TN+F+R7       35340.750    650 71981.501    73062.344    75405.846
259  TN+F+I+R5     35348.386    647 71990.771    73057.581    75399.312
260  TN+F+I+R6     35342.349    649 71982.697    73058.845    75401.774
273  K3P+R6        35399.992    645 72089.984    73147.522    75487.988
274  K3P+R7        35393.696    647 72081.392    73148.201    75489.932
281  K3P+I+R5      35409.178    644 72106.357    73159.285    75499.092
282  K3P+I+R6      35394.228    646 72080.456    73142.621    75483.728
295  K3P+R6        35399.992    645 72089.984    73147.522    75487.988
296  K3P+R7        35393.696    647 72081.392    73148.201    75489.932
303  K3P+I+R5      35409.178    644 72106.357    73159.285    75499.092
304  K3P+I+R6      35394.228    646 72080.456    73142.621    75483.728
317  K3Pu+R6       35399.935    645 72089.871    73147.409    75487.875
318  K3Pu+R7       35393.607    647 72081.213    73148.022    75489.754
325  K3Pu+I+R5     35409.049    644 72106.097    73159.025    75498.833
326  K3Pu+I+R6     35394.156    646 72080.313    73142.478    75483.585
339  K3Pu+F+R6     35341.767    648 71979.535    73051.005    75393.343
340  K3Pu+F+R7     35338.316    650 71976.633    73057.476    75400.978
347  K3Pu+F+I+R5   35349.983    647 71993.965    73060.774    75402.505
348  K3Pu+F+I+R6   35339.118    649 71976.237    73052.385    75395.313
361  TPM2+R6       35422.277    645 72134.554    73192.092    75532.557
362  TPM2+R7       35415.418    647 72124.836    73191.645    75533.376
369  TPM2+I+R5     35431.362    644 72150.724    73203.652    75543.460
370  TPM2+I+R6     35416.244    646 72124.488    73186.653    75527.760
383  TPM2+R6       35422.277    645 72134.554    73192.092    75532.557
384  TPM2+R7       35415.418    647 72124.836    73191.645    75533.376
391  TPM2+I+R5     35431.362    644 72150.724    73203.652    75543.460
392  TPM2+I+R6     35416.244    646 72124.488    73186.653    75527.760
405  TPM2u+R6      35422.279    645 72134.559    73192.097    75532.563
406  TPM2u+R7      35415.367    647 72124.735    73191.544    75533.275
413  TPM2u+I+R5    35431.261    644 72150.522    73203.450    75543.258
414  TPM2u+I+R6    35416.174    646 72124.348    73186.513    75527.620
427  TPM2u+F+R6    35371.257    648 72038.514    73109.984    75452.323
428  TPM2u+F+R7    35367.507    650 72035.014    73115.857    75459.359
435  TPM2u+F+I+R5  35379.665    647 72053.330    73120.139    75461.870
436  TPM2u+F+I+R6  35368.236    649 72034.471    73110.619    75453.548
449  TPM3+R6       35422.690    645 72135.380    73192.918    75533.384
450  TPM3+R7       35415.585    647 72125.169    73191.979    75533.710
457  TPM3+I+R5     35432.091    644 72152.183    73205.110    75544.918
458  TPM3+I+R6     35416.303    646 72124.607    73186.772    75527.879
471  TPM3+R6       35422.690    645 72135.380    73192.918    75533.384
472  TPM3+R7       35415.585    647 72125.169    73191.979    75533.710
479  TPM3+I+R5     35432.091    644 72152.183    73205.110    75544.918
480  TPM3+I+R6     35416.303    646 72124.607    73186.772    75527.879
493  TPM3u+R6      35422.685    645 72135.369    73192.907    75533.373
494  TPM3u+R7      35415.543    647 72125.087    73191.896    75533.627
501  TPM3u+I+R5    35431.978    644 72151.956    73204.883    75544.691
502  TPM3u+I+R6    35416.244    646 72124.488    73186.653    75527.760
515  TPM3u+F+R6    35340.552    648 71977.104    73048.575    75390.913
516  TPM3u+F+R7    35338.098    650 71976.196    73057.039    75400.541
523  TPM3u+F+I+R5  35349.374    647 71992.748    73059.557    75401.289
524  TPM3u+F+I+R6  35339.575    649 71977.149    73053.297    75396.226
537  TIMe+R6       35387.134    646 72066.269    73128.434    75469.541
538  TIMe+R7       35381.332    648 72058.665    73130.135    75472.473
545  TIMe+I+R5     35394.042    645 72078.084    73135.623    75476.088
546  TIMe+I+R6     35381.272    647 72056.544    73123.353    75465.084
559  TIMe+R6       35387.134    646 72066.269    73128.434    75469.541
560  TIMe+R7       35381.332    648 72058.665    73130.135    75472.473
567  TIMe+I+R5     35394.042    645 72078.084    73135.623    75476.088
568  TIMe+I+R6     35381.272    647 72056.544    73123.353    75465.084
581  TIM+R6        35387.127    646 72066.253    73128.418    75469.525
582  TIM+R7        35381.219    648 72058.437    73129.907    75472.246
589  TIM+I+R5      35393.926    645 72077.852    73135.390    75475.856
590  TIM+I+R6      35381.222    647 72056.444    73123.253    75464.984
603  TIM+F+R6      35313.203    649 71924.407    73000.555    75343.484
604  TIM+F+R7      35310.326    651 71922.652    73008.207    75352.265
611  TIM+F+I+R5    35318.310    648 71932.620    73004.090    75346.428
612  TIM+F+I+R6    35311.521    650 71923.042    73003.885    75347.387
625  TIM2e+R6      35409.952    646 72111.905    73174.070    75515.177
626  TIM2e+R7      35403.887    648 72103.774    73175.244    75517.582
633  TIM2e+I+R5    35415.977    645 72121.954    73179.492    75519.958
634  TIM2e+I+R6    35403.976    647 72101.951    73168.760    75510.491
647  TIM2e+R6      35409.952    646 72111.905    73174.070    75515.177
648  TIM2e+R7      35403.887    648 72103.774    73175.244    75517.582
655  TIM2e+I+R5    35415.977    645 72121.954    73179.492    75519.958
656  TIM2e+I+R6    35403.976    647 72101.951    73168.760    75510.491
669  TIM2+R6       35409.843    646 72111.685    73173.850    75514.957
670  TIM2+R7       35403.810    648 72103.621    73175.091    75517.429
677  TIM2+I+R5     35415.907    645 72121.815    73179.353    75519.819
678  TIM2+I+R6     35403.935    647 72101.869    73168.679    75510.410
691  TIM2+F+R6     35342.554    649 71983.109    73059.257    75402.185
692  TIM2+F+R7     35339.911    651 71981.821    73067.376    75411.435
699  TIM2+F+I+R5   35347.807    648 71991.613    73063.083    75405.422
700  TIM2+F+I+R6   35340.893    650 71981.787    73062.630    75406.132
713  TIM3e+R6      35410.579    646 72113.157    73175.323    75516.430
714  TIM3e+R7      35404.010    648 72104.020    73175.490    75517.828
721  TIM3e+I+R5    35416.501    645 72123.003    73180.541    75521.006
722  TIM3e+I+R6    35404.102    647 72102.205    73169.014    75510.745
735  TIM3e+R6      35410.579    646 72113.157    73175.323    75516.430
736  TIM3e+R7      35404.010    648 72104.020    73175.490    75517.828
743  TIM3e+I+R5    35416.501    645 72123.003    73180.541    75521.006
744  TIM3e+I+R6    35404.102    647 72102.205    73169.014    75510.745
757  TIM3+R6       35410.323    646 72112.647    73174.812    75515.919
758  TIM3+R7       35403.921    648 72103.842    73175.312    75517.650
765  TIM3+I+R5     35416.431    645 72122.863    73180.401    75520.866
766  TIM3+I+R6     35404.064    647 72102.127    73168.937    75510.668
779  TIM3+F+R6     35310.022    649 71918.043    72994.191    75337.120
780  TIM3+F+R7     35305.977    651 71913.954    72999.509    75343.567
787  TIM3+F+I+R5   35316.510    648 71929.020    73000.490    75342.828
788  TIM3+F+I+R6   35310.417    650 71920.833    73001.676    75345.178
801  TVMe+R6       35399.240    647 72092.480    73159.290    75501.021
802  TVMe+R7       35392.269    649 72082.538    73158.686    75501.615
809  TVMe+I+R5     35407.640    646 72107.280    73169.445    75510.552
810  TVMe+I+R6     35392.895    648 72081.791    73153.261    75495.599
823  TVMe+R6       35399.240    647 72092.480    73159.290    75501.021
824  TVMe+R7       35392.269    649 72082.538    73158.686    75501.615
831  TVMe+I+R5     35407.640    646 72107.280    73169.445    75510.552
832  TVMe+I+R6     35392.895    648 72081.791    73153.261    75495.599
845  TVM+R6        35399.175    647 72092.350    73159.160    75500.891
846  TVM+R7        35392.184    649 72082.369    73158.517    75501.445
853  TVM+I+R5      35407.529    646 72107.059    73169.224    75510.331
854  TVM+I+R6      35392.866    648 72081.732    73153.202    75495.541
867  TVM+F+R6      35314.444    650 71928.887    73009.730    75353.232
868  TVM+F+R7      35311.830    652 71927.660    73017.945    75362.542
875  TVM+F+I+R5    35323.170    649 71944.341    73020.489    75363.418
876  TVM+F+I+R6    35312.991    651 71927.981    73013.536    75357.594
889  SYM+R6        35386.223    648 72068.445    73139.915    75482.254
890  SYM+R7        35380.689    650 72061.378    73142.221    75485.723
897  SYM+I+R5      35393.142    647 72080.284    73147.093    75488.824
898  SYM+I+R6      35380.330    649 72058.660    73134.808    75477.737
911  SYM+R6        35386.223    648 72068.445    73139.915    75482.254
912  SYM+R7        35380.689    650 72061.378    73142.221    75485.723
919  SYM+I+R5      35393.142    647 72080.284    73147.093    75488.824
920  SYM+I+R6      35380.330    649 72058.660    73134.808    75477.737
933  GTR+R6        35386.221    648 72068.441    73139.911    75482.250
934  GTR+R7        35380.544    650 72061.088    73141.931    75485.433
941  GTR+I+R5      35393.055    647 72080.111    73146.920    75488.651
942  GTR+I+R6      35380.308    649 72058.616    73134.764    75477.693
955  GTR+F+R6      35284.400    651 71870.799    72956.354    75300.412
956  GTR+F+R7      35279.762    653 71865.524    72960.555    75305.674
963  GTR+F+I+R5    35290.602    650 71881.204    72962.047    75305.549
964  GTR+F+I+R6    35284.600    652 71873.200    72963.484    75308.082
Akaike Information Criterion:           GTR+F+R7
Corrected Akaike Information Criterion: GTR+F+R6
Bayesian Information Criterion:         GTR+F+R6
Best-fit model: GTR+F+R6 chosen according to BIC

All model information printed to results/dna_M2307_318_1434.phy/output_files/iqtree/inference/pars_9.model.gz
CPU time for ModelFinder: 1340.263 seconds (0h:22m:20s)
Wall-clock time for ModelFinder: 1346.437 seconds (0h:22m:26s)

NOTE: 53 MB RAM (0 GB) is required!
Estimate model parameters (epsilon = 0.010)
1. Initial log-likelihood: -35284.533
2. Current log-likelihood: -35284.408
Optimal log-likelihood: -35284.394
Rate parameters:  A-C: 1.39142  A-G: 2.77023  A-T: 0.68558  C-G: 1.02190  C-T: 3.99451  G-T: 1.00000
Base frequencies:  A: 0.272  C: 0.189  G: 0.244  T: 0.296
Site proportion and rates:  (0.612,0.056) (0.142,0.606) (0.135,1.712) (0.065,3.547) (0.037,7.327) (0.010,15.613)
Parameters optimization took 2 rounds (3.120 sec)
Wrote distance file to... 
BEST SCORE FOUND : -35284.394
Total tree length: 5.207

Total number of iterations: 0
CPU time used for tree search: 0.000 sec (0h:0m:0s)
Wall-clock time used for tree search: 0.000 sec (0h:0m:0s)
Total CPU time used: 1343.421 sec (0h:22m:23s)
Total wall-clock time used: 1349.615 sec (0h:22m:29s)

Analysis results written to: 
  IQ-TREE report:                results/dna_M2307_318_1434.phy/output_files/iqtree/inference/pars_9.iqtree
  Maximum-likelihood tree:       results/dna_M2307_318_1434.phy/output_files/iqtree/inference/pars_9.treefile
  Screen log file:               results/dna_M2307_318_1434.phy/output_files/iqtree/inference/pars_9.log

Date and Time: Sat Sep 20 01:36:55 2025
