IQ-TREE version 3.0.1 for Linux x86 64-bit built Sep 12 2025
Developed by Bui Quang Minh, Thomas Wong, Nhan Ly-Trong, Huaiyan Ren
Contributed by Lam-Tung Nguyen, Dominik Schrempf, Chris Bielow,
Olga Chernomor, Michael Woodhams, Diep Thi Hoang, Heiko Schmidt

Host:    suny-Precision-5530 (AVX2, FMA3, 15 GB RAM)
Command: /usr/local/bin/iqtree3 -s /home/suny/Downloads/VAN_TRAINING_DATA/data1/dna_M2307_318_1434.phy -pre results/dna_M2307_318_1434.phy/output_files/iqtree/inference/rand -seed 0 -t RANDOM -T 1 -redo -n 3 -ninit 20 -xgphy -xgphy_nni_count 3
Seed:    0 (Using SPRNG - Scalable Parallel Random Number Generator)
Time:    Thu Sep 18 19:47:17 2025
Kernel:  AVX+FMA - 1 threads (12 CPU cores detected)

HINT: Use -nt option to specify number of threads because your CPU has 12 cores!
HINT: -nt AUTO will automatically determine the best number of threads to use.

Reading alignment file /home/suny/Downloads/VAN_TRAINING_DATA/data1/dna_M2307_318_1434.phy ... Phylip format detected
Alignment most likely contains DNA/RNA sequences
Constructing alignment: done in 0.00633252 secs using 83.6% CPU
Alignment has 318 sequences with 1434 columns, 868 distinct patterns
533 parsimony-informative, 214 singleton sites, 687 constant sites
                                  Gap/Ambiguity  Composition  p-value
Analyzing sequences: done in 0.00130278 secs using 64.09% CPU
   1  Abrus_precatorius                   2.51%    passed     96.12%
   2  Acacia_farnesiana                   4.60%    passed     95.08%
   3  Acer_saccharum                      2.51%    passed     77.70%
   4  Acosmium_dasycarpum                 0.35%    passed     87.44%
   5  Acrocarpus_sp._AF308699             2.86%    passed     92.54%
   6  Adenocarpus_complicatus             4.60%    passed     96.88%
   7  Adenodolichos_rupestris             2.72%    passed     80.94%
   8  Adesmia_exilis                      2.51%    passed     98.95%
   9  Aeschynomene_americana              2.58%    passed     94.17%
  10  Aeschynomene_indica                 2.65%    passed     99.86%
  11  Aesculus_pavia                      2.51%    passed     92.36%
  12  Afgekia_sericea                     6.42%    passed     99.45%
  13  Aganope_sp._AF308702                2.58%    passed     84.81%
  14  Ailanthus_altissima                 2.51%    passed     78.58%
  15  Albizia_julibrissin                 4.60%    passed     89.32%
  16  Albizia_saman                       4.60%    passed     95.34%
  17  Aldina_latifolia                    2.51%    passed     98.95%
  18  Alnus_incana                        2.44%    passed     94.13%
  19  Amorpha_fruticosa                   0.42%    passed     98.89%
  20  Amphicarpaea_bracteata              6.07%    passed     91.27%
  21  Amphicarpaea_edgeworthii            2.51%    passed     88.77%
  22  Anagyris_foetida                    0.98%    passed     85.93%
  23  Andira_inermis                      0.42%    passed     86.38%
  24  Angylocalyx_braunii                 1.26%    passed     98.25%
  25  Apios_taiwaniana                    2.51%    passed     89.31%
  26  Aporusa_frutescens                  2.23%    passed     89.96%
  27  Apuleia_leiocarpa                   2.44%    passed     81.75%
  28  Apurimacia_boliviana                3.00%    passed     69.80%
  29  Arachis_hypogaea                    2.51%    passed     99.21%
  30  Argyrocytisus_battandieri           4.60%    passed     98.06%
  31  Argyrolobium_harveyanum             0.98%    passed     99.07%
  32  Argyrolobium_marginatum             0.98%    passed     98.50%
  33  Argyrolobium_uniflorum              0.98%    passed     98.45%
  34  Argyrolobium_zanonii                0.98%    passed     98.88%
  35  Asarum_canadense                    2.23%    passed     74.83%
  36  Aspalathus_cephalotes               4.60%    passed     93.86%
  37  Astragalus_sparsus                  0.98%    passed     99.63%
  38  Ateleia_herbert-smithii             1.32%    passed     97.75%
  39  Atylosia_lineata                    6.07%    passed     70.90%
  40  Austrosteenisia_blackii             2.44%    passed     95.09%
  41  Balanops_vieillardi                 2.58%    passed     99.20%
  42  Baphia_massaiensis                  1.26%    passed     99.36%
  43  Baptisia_tinctoria                  4.60%    passed     98.29%
  44  Bauera_rubioides                    2.51%    passed     90.04%
  45  Bauhinia_candicans                  4.60%    passed     88.74%
  46  Bauhinia_purpurea                   4.60%    passed     94.66%
  47  Begonia_metallica_x_sanguinea_L0    7.60%    passed     99.85%
  48  Bituminaria_bituminosa              0.49%    passed     92.81%
  49  Bolusanthus_speciosus               2.51%    passed     99.56%
  50  Brassica_oleracea                   0.00%    passed     55.25%
  51  Brongniartia_pacifica               2.51%    passed     98.08%
  52  Brownea_sp._U74186                  0.42%    passed     95.47%
  53  Brya_ebenus                         4.46%    passed     97.21%
  54  Butea_minor                         2.51%    passed     87.58%
  55  Byrsocarpus_coccinea                4.46%    passed     79.93%
  56  Cadia_purpurea                      1.67%    passed     99.83%
  57  Caesalpinia_pulcherrima_U74190      0.49%    passed     96.96%
  58  Caesalpinia_pulcherrima_Z70153      4.60%    passed     89.41%
  59  Cajanus_cajan_AB045790              2.51%    passed     69.05%
  60  Cajanus_cajan_AB045791              2.51%    passed     66.35%
  61  Cajanus_cajan_CCZ95535              0.98%    passed     89.83%
  62  Calicotome_villosa                  4.60%    passed     96.80%
  63  Calopogonium_caeruleum              2.09%    passed     89.49%
  64  Calopogonium_mucunoides             2.58%    passed     88.08%
  65  Calpurnia_aurea                     2.44%    passed     99.63%
  66  Campylotropis_griffithii            2.44%    passed     72.71%
  67  Canavalia_ensiformis                2.44%    passed     83.34%
  68  Canavalia_rosea                     2.51%    passed     84.63%
  69  Caragana_arborescens                4.60%    passed     99.37%
  70  Carmichaelia_sp._AF308705           2.72%    passed     98.22%
  71  Cassia_didymobotrya                 4.60%    passed     92.98%
  72  Cassia_fistula                      0.56%    passed     94.41%
  73  Cassia_senna                        4.67%    passed     88.27%
  74  Castanospermum_australe_U74202      2.09%    passed     96.60%
  75  Castanospermum_australe_Z70143      4.60%    passed     97.50%
  76  Casuarina_litorea                   2.51%    passed     99.99%
  77  Ceanothus_sanguineus                2.51%    passed     99.63%
  78  Celtis_sinensis_var._japonica_D8   10.04%    passed     97.24%
  79  Celtis_yunnanensis                  2.58%    passed     92.03%
  80  Centrosema_virginianum              2.51%    passed     94.86%
  81  Ceratonia_siliqua                   0.49%    passed     95.27%
  82  Cercis_canadensis                   0.56%    passed     96.79%
  83  Cercis_siliquastrum                 4.60%    passed     96.52%
  84  Chadsia_versicolor                  2.51%    passed     66.05%
  85  Chamaecrista_fasciculata            0.35%    passed     96.30%
  86  Chamaecytisus_austriacus            4.60%    passed     95.58%
  87  Chamaecytisus_proliferus_Z70080     4.60%    passed     96.83%
  88  Chamaecytisus_purpureus_Z70081      4.60%    passed     97.74%
  89  Chamaespartium_sagittale            4.60%    passed     95.91%
  90  Chamaespartium_tridentatum          4.60%    passed     97.19%
  91  Chorizema_cordatum                  0.42%    passed     97.87%
  92  Chrysobalanus_icaco                 7.95%    passed     61.93%
  93  Cicer_arietinum                     2.65%    passed     95.55%
  94  Citrus_paradisi                     2.44%    passed     61.91%
  95  Cladrastis_sikokiana                2.23%    passed     94.91%
  96  Cladrastis_sinensis                 0.98%    passed     89.89%
  97  Clarkia_xantiana                    0.49%    passed     84.47%
  98  Cleome_hassleriana                  2.44%    passed     86.57%
  99  Clitoria_ternatea                   2.44%    passed     44.81%
 100  Cologania_lemmonii                  6.00%    passed     94.40%
 101  Comesperma_ericinum                 2.86%    passed     69.49%
 102  Connarus_conchocarpus               2.30%    passed     87.17%
 103  Cordyla_africana                    0.98%    passed     99.90%
 104  Coriaria_myrtifolia                 2.51%    passed     99.29%
 105  Coronilla_emerus                    4.60%    passed     99.10%
 106  Coronilla_varia                     0.49%    passed     98.00%
 107  Corynocarpus_laevigatus             6.07%    passed     88.98%
 108  Craibia_brevicaudata                6.42%    passed     99.86%
 109  Cranocarpus_martii                  2.51%    passed     97.88%
 110  Crossosoma_californicum             2.51%    passed     91.54%
 111  Crotalaria_capensis                 4.60%    passed     97.85%
 112  Cucumis_sativus                     2.23%    passed     94.73%
 113  Cyclopia_genistoides                4.60%    passed     99.03%
 114  Cytisophyllum_sessilifolium         4.60%    passed     96.08%
 115  Dalbergia_hupeana                   2.44%    passed     96.54%
 116  Dalbergiella_nyasae                 2.72%    passed     97.91%
 117  Dalbergiella_welwitschii            2.58%    passed     97.57%
 118  Datisca_cannabina                   2.23%    passed     99.85%
 119  Daviesia_rhizomata                  3.07%    passed     99.96%
 120  Deguelia_hatschbachii               2.51%    passed     85.77%
 121  Delonix_regia                       4.60%    passed     88.84%
 122  Derris_laxiflora                    2.51%    passed     84.75%
 123  Desmodium_podocarpum_subsp._oxyp    2.51%    passed     94.79%
 124  Dewevrea_bilabiata                  2.58%    passed     95.88%
 125  Dialium_sp._U74259                 35.84%    passed     62.00%
 126  Dichilus_lebeckioides               0.56%    passed     99.05%
 127  Dioclea_virgata                     2.58%    passed     82.72%
 128  Dipogon_lignosus                    6.42%    passed     94.91%
 129  Dipteryx_odorata                    2.44%    passed     98.72%
 130  Drypetes_roxburghii                 2.44%    passed     96.28%
 131  Dumasia_villosa                     6.07%    passed     81.13%
 132  Dussia_tessmannii                   0.49%    passed     99.44%
 133  Elaeagnus_angustifolia              2.58%    passed     98.94%
 134  Elaeocarpus_grandis                 6.21%    passed     84.62%
 135  Erinacea_anthyllis                  4.60%    passed     98.58%
 136  Erythrina_crista-galli              4.60%    passed     77.69%
 137  Erythrina_speciosa                  3.00%    passed     53.29%
 138  Erythrophleum_ivorense              0.35%    passed     92.57%
 139  Euchresta_horsfieldii               2.51%    passed     88.88%
 140  Eucryphia_lucida                    6.21%    passed     88.54%
 141  Euonymus_alatus                     2.23%    passed     79.76%
 142  Euphorbia_polychroma                2.23%    passed     94.46%
 143  Fagus_americana                     2.93%    passed     84.58%
 144  Fordia_cauliflora                  50.70%    passed     81.92%
 145  Galactia_tashiroi                   2.51%    passed     90.14%
 146  Genista_cinerea                     4.60%    passed     96.80%
 147  Genista_florida                     4.60%    passed     95.91%
 148  Genista_januensis                   4.60%    passed     97.77%
 149  Genista_tricuspidata                4.60%    passed     97.69%
 150  Gironniera_subaequalis             10.04%    passed     99.45%
 151  Gleditsia_triacanthos               4.60%    passed     85.00%
 152  Glycine_tabacina                    1.67%    passed     92.27%
 153  Glycyrrhiza_glabra                  2.51%    passed     92.34%
 154  Glycyrrhiza_pallidiflora            7.67%    passed     93.06%
 155  Goodia_lotifolia                    6.76%    passed     88.99%
 156  Gossypium_robinsonii                2.23%    passed     86.52%
 157  Guaiacum_sanctum                    2.51%    passed     74.93%
 158  Guilfoylia_monostylis               2.51%    passed     96.08%
 159  Gymnocladus_dioica                  0.35%    passed     95.05%
 160  Halimodendron_halodendron           7.95%    passed     98.47%
 161  Hardenbergia_violacea               2.44%    passed     91.63%
 162  Hedysarum_vicioides                 2.44%    passed     85.37%
 163  Hesperothamnus_pentaphyllus         3.00%    passed     83.05%
 164  Heteropyxis_natalensis              3.70%    passed     93.23%
 165  Holocalyx_balansae                  2.44%    passed     99.35%
 166  Hovea_elliptica                     0.98%    passed     99.84%
 167  Humulus_lupulus                     2.23%    passed     81.30%
 168  Hymenaea_protera                   75.73%    passed     18.10%
 169  Hymenanthera_alpina                 2.23%    passed     65.88%
 170  Hymenolobium_excelsum              55.79%    passed     64.85%
 171  Hypocalyptus_sophoroides            3.14%    passed     91.09%
 172  Indigofera_australis_AF308711       2.86%    passed     98.85%
 173  Indigofera_australis_U74214         0.49%    passed     98.40%
 174  Isotropis_cuneifolia                2.72%    passed     92.13%
 175  Juglans_nigra                       2.51%    passed     98.17%
 176  Kennedya_rubicunda                  2.44%    passed     87.67%
 177  Koelreuteria_paniculata             2.23%    passed     92.86%
 178  Krameria_lanceolata                 2.93%    passed     99.74%
 179  Kummerowia_stipulacea               2.44%    passed     66.03%
 180  Laburnum_anagyroides                4.60%    passed     97.85%
 181  Lathyrus_tuberosus                  4.60%    passed     98.19%
 182  Leitneria_floridana                 2.37%    passed     53.98%
 183  Leptoderris_fasciculata             2.51%    passed     91.15%
 184  Lespedeza_cuneata                   0.91%    passed     84.75%
 185  Licania_tomentosa                   7.95%    passed     51.73%
 186  Liparia_splendens                   4.60%    passed     97.45%
 187  Lonchocarpus_eriocarinalis          6.49%    passed     89.47%
 188  Lonchocarpus_hermannii              2.51%    passed     83.09%
 189  Lotononis_galpinii                  0.98%    passed     98.28%
 190  Lotus_corniculatus                  0.35%    passed     97.28%
 191  Luetzelburgia_sp._U74185            0.35%    passed     99.34%
 192  Lupinus_bogotensis                  4.60%    passed     96.18%
 193  Lupinus_densiflorus                 4.60%    passed     98.05%
 194  Maackia_amurensis                   4.60%    passed     99.87%
 195  Maackia_floribunda                  2.51%    passed     99.95%
 196  Machaerium_lunatum                  2.51%    passed     97.35%
 197  Maclura_pomifera                   10.04%    passed     95.19%
 198  Macrolobium_acaciifolium            3.70%    passed     82.79%
 199  Magnolia_tripetala                  0.42%    passed     38.01%
 200  Medicago_sativa                     0.84%    passed     96.02%
 201  Melolobium_microphyllum             0.98%    passed     97.70%
 202  Millettia_japonica                  2.51%    passed     99.62%
 203  Millettia_lenneoides                3.70%    passed     70.39%
 204  Millettia_pulchra                   2.51%    passed     79.41%
 205  Millettia_richardiana               2.51%    passed     77.80%
 206  Mimosa_speggazzinii                 4.60%    passed     95.36%
 207  Mucuna_macrocarpa                   2.51%    passed     96.11%
 208  Mucuna_nigricans                    2.44%    passed     87.69%
 209  Muellera_frutescens                 2.51%    passed     87.80%
 210  Mundulea_sericea                    6.42%    passed     74.88%
 211  Myrica_cerifera                     2.51%    passed     98.58%
 212  Myrospermum_sousanum                0.35%    passed     92.09%
 213  Myroxylon_balsamum                  0.56%    passed     97.81%
 214  Neonotonia_wightii                  6.00%    passed     90.43%
 215  Neorautanenia_mitis                 2.72%    passed     93.88%
 216  Ononis_spinosa                      4.60%    passed     96.48%
 217  Ophrestia_hedysaroides              2.58%    passed     72.60%
 218  Ophrestia_radicosa                  3.35%    passed     42.04%
 219  Opilia_sp._AJ131773                 0.84%    passed     57.37%
 220  Ormosia_emarginata                  1.67%    passed     98.56%
 221  Otholobium_sericeum                 0.35%    passed     86.57%
 222  Oxalis_dillenii                     2.65%    passed     93.84%
 223  Oxyrhynchus_volubilis               2.65%    passed     85.50%
 224  Pachyrhizus_erosus                  6.07%    passed     94.83%
 225  Paraserianthes_lophantha            4.60%    passed     92.57%
 226  Parkia_roxburghii                   0.49%    passed     99.22%
 227  Parkinsonia_aculeata                4.60%    passed     89.85%
 228  Peltogyne_confertiflora             2.72%    passed     96.24%
 229  Peltophorum_peltatum                4.60%    passed     97.55%
 230  Peltophorum_sp.                     0.35%    passed     99.66%
 231  Pericopsis_mooniana                 1.26%    passed     98.49%
 232  Petalostylis_labicheoides           3.07%    passed     88.27%
 233  Petteria_ramentacea                 4.60%    passed     98.58%
 234  Photinia_fraseri                    2.51%    passed     98.19%
 235  Phylacium_majus                     1.12%    passed     98.67%
 236  Phylloxylon_perrieri                2.51%    passed     99.99%
 237  Pilea_pumila                        2.51%    passed     92.63%
 238  Piptanthus_nepalensis               4.60%    passed     97.16%
 239  Piscidia_pispipula                  6.42%    passed     85.38%
 240  Pisum_sativum                       0.56%    passed     84.21%
 241  Pithecellobium_mexicanum            4.60%    passed     92.32%
 242  Platycyamus_regnellii               2.51%    passed     95.45%
 243  Platytheca_verticillata             2.51%    passed     86.99%
 244  Podalyria_calyptrata                2.23%    passed     99.60%
 245  Podalyria_sericea                   4.60%    passed     98.62%
 246  Poecilanthe_itapuana                2.51%    passed     99.53%
 247  Polygala_cruciata                   2.37%    passed     78.31%
 248  Pongamia_amygdaria                  6.42%    passed     81.16%
 249  Prunus_domestica                    3.97%    passed     96.84%
 250  Pseudeminia_comosa                  6.00%    passed     96.28%
 251  Pseudovigna_argentea                6.00%    passed     97.12%
 252  Psophocarpus_scandens_AB045820      6.56%    passed     90.30%
 253  Psophocarpus_scandens_AB045821      2.79%    passed     73.23%
 254  Pueraria_montana                    4.04%    passed     94.32%
 255  Punica_granatum                     2.72%    passed     93.34%
 256  Qualea_sp._U02730                   2.51%    passed     98.09%
 257  Quillaja_saponaria                  2.51%    passed     91.88%
 258  Rafnia_sp._Z70136                   4.60%    passed     90.13%
 259  Retama_monosperma                   4.60%    passed     99.57%
 260  Rhamnus_cathartica                  2.51%    passed     72.52%
 261  Rhodopis_planisiliqua               3.07%    passed     90.94%
 262  Rhoiptelea_chiliantha               2.51%    passed     97.63%
 263  Rhynchosia_clivorum                 2.37%    passed     79.79%
 264  Rhynchosia_minima                   2.51%    passed     72.62%
 265  Rinorea_crenata                     3.97%    passed     45.65%
 266  Robinia_pseudoacacia                0.49%    passed     98.33%
 267  Salweenia_wardii                    4.81%    passed     97.56%
 268  Santalum_album                      2.44%    passed     85.50%
 269  Saxifraga_mertensiana               2.58%    passed     98.39%
 270  Schinus_molle                       2.44%    passed     82.07%
 271  Securidaca_diversifolia             2.51%    passed     68.57%
 272  Senna_alata                         2.44%    passed     98.73%
 273  Sesbania_sesban                     0.98%    passed     94.44%
 274  Shepherdia_canadensis               2.65%    passed     99.90%
 275  Shuteria_vestita_AB045824           2.51%    passed     96.88%
 276  Shuteria_vestita_AF308725           3.56%    passed     91.82%
 277  Simarouba_glauca                    3.07%    passed     65.12%
 278  Sophora_bhutanica                   2.51%    passed     99.79%
 279  Sophora_davidii                     4.60%    passed     98.42%
 280  Sophora_flavescens                  4.60%    passed     97.06%
 281  Sophora_japonica_U74230             1.67%    passed     92.40%
 282  Sophora_japonica_Z70142             4.60%    passed     93.18%
 283  Sophora_jaubertii                   4.60%    passed     95.63%
 284  Sophora_secundiflora                4.60%    passed     98.43%
 285  Spartium_junceum                    4.60%    passed     98.58%
 286  Spartocytisus_supranubius           4.60%    passed     96.74%
 287  Spatholobus_parviflorus             6.35%    passed     93.19%
 288  Spiraea_X_vanhouttei                2.51%    passed     94.33%
 289  Sterculia_tragacantha               2.23%    passed     74.50%
 290  Strongylodon_macrobotrys           40.52%    passed     40.92%
 291  Stylobasium_spathulatum             2.65%    passed     96.55%
 292  Suriana_maritima                    2.51%    passed     98.00%
 293  Swartzia_sp._U74194                 0.91%    passed     98.85%
 294  Swietenia_macrophylla               1.81%    passed     62.68%
 295  Tachigali_paniculata                2.44%    passed     92.09%
 296  Tamarindus_indica                   4.60%    passed     91.85%
 297  Teline_monspessulana                4.60%    passed     98.06%
 298  Tephrosia_grandiflora               0.98%    passed     64.23%
 299  Tephrosia_heckmanniana              2.16%    passed     59.72%
 300  Teramnus_labialis                   6.14%    passed     91.10%
 301  Thermopsis_fabacea                  4.60%    passed     95.62%
 302  Toxicodendron_radicans              2.51%    passed     67.86%
 303  Trema_micrantha                     2.23%    passed     97.64%
 304  Ulex_europaeus                      4.60%    passed     95.03%
 305  Vatairea_lundelii                   2.51%    passed     98.50%
 306  Vigna_radiata                       0.42%    passed     73.22%
 307  Viola_sororia                      10.67%    passed     33.01%
 308  Virgilia_divaricata                 4.60%    passed     99.44%
 309  Viscum_album                        2.44%    passed     87.75%
 310  Willardia_mexicana                  3.14%    passed     80.09%
 311  Wisteria_sinensis                   0.98%    passed     96.01%
 312  Wisteria_sp._U74216                 0.42%    passed     97.16%
 313  Xanthocercis_zambesiaca             0.49%    passed     95.54%
 314  Xeroderris_chevalieri               6.42%    passed     99.67%
 315  Xeroderris_stuhlmannii              2.58%    passed     99.54%
 316  Zenia_insignis                      2.37%    passed     87.09%
 317  Zornia_cantoniensis                 2.65%    passed     98.76%
 318  Zygophyllum_simplex                 2.23%    passed     74.01%
WARNING: 3 sequences contain more than 50% gaps/ambiguity
****  TOTAL                               3.87%  0 sequences failed composition chi2 test (p-value<5%; df=3)
Checking for duplicate sequences: done in 0.00201392 secs using 82.62% CPU


Create initial parsimony tree by phylogenetic likelihood library (PLL)... 0.091 seconds
Perform fast likelihood tree search using GTR+I+G model...
Estimate model parameters (epsilon = 5.000)
Perform nearest neighbor interchange...
Estimate model parameters (epsilon = 1.000)
1. Initial log-likelihood: -35538.856
2. Current log-likelihood: -35537.713
Optimal log-likelihood: -35537.457
Rate parameters:  A-C: 1.51453  A-G: 3.08770  A-T: 0.75850  C-G: 1.08556  C-T: 4.05223  G-T: 1.00000
Base frequencies:  A: 0.272  C: 0.189  G: 0.244  T: 0.296
Proportion of invariable sites: 0.414
Gamma shape alpha: 0.636
Parameters optimization took 2 rounds (1.116 sec)
Time for fast ML tree search: 7.829 seconds

NOTE: ModelFinder requires 89 MB RAM!
ModelFinder will test up to 968 DNA models (sample size: 1434 epsilon: 0.100) ...
 No. Model         -LnL         df  AIC          AICc         BIC
  1  JC            42739.302    633 86744.604    87747.909    90079.389
  2  JC+I          39548.241    634 80364.482    81372.216    83704.535
  3  JC+G4         36889.912    634 75047.823    76055.558    78387.877
  4  JC+I+G4       36674.731    635 74619.463    75631.643    77964.785
  5  JC+R2         37575.148    635 76420.295    77432.476    79765.617
  6  JC+R3         36679.851    637 74633.702    75654.823    77989.560
  7  JC+R4         36554.863    639 74387.726    75417.852    77754.121
  8  JC+R5         36476.646    641 74235.292    75274.489    77612.223
  9  JC+R6         36467.332    643 74220.664    75268.998    77608.131
 10  JC+R7         36457.772    645 74205.545    75263.083    77603.548
 11  JC+R8         36457.728    647 74209.455    75276.264    77617.995
 14  JC+I+R2       37136.359    636 75544.719    76561.361    78895.309
 15  JC+I+R3       36610.490    638 74496.981    75522.596    77858.107
 16  JC+I+R4       36506.411    640 74292.823    75327.476    77664.485
 17  JC+I+R5       36469.881    642 74223.763    75267.520    77605.962
 18  JC+I+R6       36468.818    644 74225.636    75278.563    77618.371
 30  JC+R5         36476.646    641 74235.292    75274.489    77612.223
 31  JC+R6         36467.332    643 74220.664    75268.998    77608.131
 32  JC+R7         36457.772    645 74205.545    75263.083    77603.548
 39  JC+I+R5       36469.881    642 74223.763    75267.520    77605.962
 52  F81+R5        36476.413    641 74234.825    75274.022    77611.756
 53  F81+R6        36467.032    643 74220.065    75268.399    77607.532
 54  F81+R7        36457.466    645 74204.932    75262.471    77602.936
 61  F81+I+R5      36469.658    642 74223.316    75267.073    77605.515
 74  F81+F+R5      36464.283    644 74216.566    75269.494    77609.302
 75  F81+F+R6      36451.262    646 74194.525    75256.690    77597.797
 76  F81+F+R7      36445.749    648 74187.497    75258.967    77601.306
 83  F81+F+I+R5    36456.743    645 74203.487    75261.025    77601.490
 96  K2P+R5        35457.090    642 72198.181    73241.938    75580.380
 97  K2P+R6        35441.962    644 72171.925    73224.853    75564.660
 98  K2P+R7        35435.401    646 72162.802    73224.967    75566.074
105  K2P+I+R5      35449.963    643 72185.927    73234.261    75573.394
118  K2P+R5        35457.090    642 72198.181    73241.938    75580.380
119  K2P+R6        35441.962    644 72171.925    73224.853    75564.660
120  K2P+R7        35435.401    646 72162.802    73224.967    75566.074
127  K2P+I+R5      35449.963    643 72185.927    73234.261    75573.394
140  HKY+R5        35457.033    642 72198.066    73241.824    75580.266
141  HKY+R6        35441.938    644 72171.875    73224.803    75564.611
142  HKY+R7        35435.330    646 72162.659    73224.825    75565.931
149  HKY+I+R5      35449.805    643 72185.609    73233.943    75573.077
162  HKY+F+R5      35410.729    645 72111.458    73168.996    75509.462
163  HKY+F+R6      35391.957    647 72077.914    73144.723    75486.454
164  HKY+F+R7      35388.456    649 72074.913    73151.061    75493.989
171  HKY+F+I+R5    35401.532    646 72095.064    73157.229    75498.336
184  TNe+R5        35445.956    643 72177.913    73226.247    75565.380
185  TNe+R6        35430.347    645 72150.694    73208.232    75548.698
186  TNe+R7        35423.059    647 72140.118    73206.927    75548.659
193  TNe+I+R5      35437.407    644 72162.813    73215.741    75555.549
206  TNe+R5        35445.956    643 72177.913    73226.247    75565.380
207  TNe+R6        35430.347    645 72150.694    73208.232    75548.698
208  TNe+R7        35423.059    647 72140.118    73206.927    75548.659
215  TNe+I+R5      35437.407    644 72162.813    73215.741    75555.549
228  TN+R5         35445.959    643 72177.918    73226.252    75565.386
229  TN+R6         35430.342    645 72150.683    73208.221    75548.687
230  TN+R7         35422.989    647 72139.978    73206.787    75548.518
237  TN+I+R5       35437.239    644 72162.478    73215.406    75555.214
250  TN+F+R5       35382.265    646 72056.530    73118.695    75459.802
251  TN+F+R6       35364.420    648 72024.841    73096.311    75438.649
252  TN+F+R7       35360.315    650 72020.630    73101.473    75444.975
259  TN+F+I+R5     35370.963    647 72035.925    73102.734    75444.465
272  K3P+R5        35436.166    643 72158.333    73206.667    75545.800
273  K3P+R6        35421.139    645 72132.278    73189.816    75530.282
274  K3P+R7        35413.983    647 72121.966    73188.775    75530.506
281  K3P+I+R5      35428.492    644 72144.983    73197.911    75537.719
294  K3P+R5        35436.166    643 72158.333    73206.667    75545.800
295  K3P+R6        35421.139    645 72132.278    73189.816    75530.282
296  K3P+R7        35413.983    647 72121.966    73188.775    75530.506
303  K3P+I+R5      35428.492    644 72144.983    73197.911    75537.719
316  K3Pu+R5       35436.131    643 72158.261    73206.595    75545.729
317  K3Pu+R6       35421.120    645 72132.240    73189.778    75530.244
318  K3Pu+R7       35413.928    647 72121.856    73188.666    75530.397
325  K3Pu+I+R5     35428.414    644 72144.828    73197.756    75537.564
338  K3Pu+F+R5     35383.233    646 72058.466    73120.631    75461.738
339  K3Pu+F+R6     35363.889    648 72023.777    73095.247    75437.586
340  K3Pu+F+R7     35360.112    650 72020.224    73101.067    75444.569
347  K3Pu+F+I+R5   35372.928    647 72039.855    73106.664    75448.395
360  TPM2+R5       35455.601    643 72197.203    73245.537    75584.670
361  TPM2+R6       35441.301    645 72172.602    73230.141    75570.606
362  TPM2+R7       35433.742    647 72161.485    73228.294    75570.025
369  TPM2+I+R5     35448.623    644 72185.247    73238.175    75577.982
382  TPM2+R5       35455.601    643 72197.203    73245.537    75584.670
383  TPM2+R6       35441.301    645 72172.602    73230.141    75570.606
384  TPM2+R7       35433.742    647 72161.485    73228.294    75570.025
391  TPM2+I+R5     35448.623    644 72185.247    73238.175    75577.982
404  TPM2u+R5      35455.545    643 72197.089    73245.423    75584.557
405  TPM2u+R6      35441.278    645 72172.557    73230.095    75570.560
406  TPM2u+R7      35433.715    647 72161.430    73228.239    75569.970
413  TPM2u+I+R5    35448.511    644 72185.021    73237.949    75577.757
426  TPM2u+F+R5    35410.107    646 72112.214    73174.379    75515.486
427  TPM2u+F+R6    35391.389    648 72078.778    73150.248    75492.586
428  TPM2u+F+R7    35387.327    650 72074.655    73155.498    75499.000
435  TPM2u+F+I+R5  35400.787    647 72095.574    73162.383    75504.114
448  TPM3+R5       35456.950    643 72199.900    73248.235    75587.368
449  TPM3+R6       35441.908    645 72173.815    73231.353    75571.819
450  TPM3+R7       35434.213    647 72162.425    73229.234    75570.965
457  TPM3+I+R5     35449.675    644 72187.350    73240.278    75580.086
470  TPM3+R5       35456.950    643 72199.900    73248.235    75587.368
471  TPM3+R6       35441.908    645 72173.815    73231.353    75571.819
472  TPM3+R7       35434.213    647 72162.425    73229.234    75570.965
479  TPM3+I+R5     35449.675    644 72187.350    73240.278    75580.086
492  TPM3u+R5      35456.900    643 72199.801    73248.135    75587.268
493  TPM3u+R6      35441.878    645 72173.757    73231.295    75571.761
494  TPM3u+R7      35434.173    647 72162.347    73229.156    75570.887
501  TPM3u+I+R5    35449.558    644 72187.116    73240.044    75579.851
514  TPM3u+F+R5    35378.595    646 72049.190    73111.355    75452.462
515  TPM3u+F+R6    35359.445    648 72014.890    73086.360    75428.699
516  TPM3u+F+R7    35356.557    650 72013.115    73093.958    75437.460
523  TPM3u+F+I+R5  35369.831    647 72033.663    73100.472    75442.203
536  TIMe+R5       35425.090    644 72138.180    73191.108    75530.916
537  TIMe+R6       35408.993    646 72109.985    73172.150    75513.257
538  TIMe+R7       35401.477    648 72098.955    73170.425    75512.763
545  TIMe+I+R5     35416.058    645 72122.116    73179.654    75520.120
558  TIMe+R5       35425.090    644 72138.180    73191.108    75530.916
559  TIMe+R6       35408.993    646 72109.985    73172.150    75513.257
560  TIMe+R7       35401.477    648 72098.955    73170.425    75512.763
567  TIMe+I+R5     35416.058    645 72122.116    73179.654    75520.120
580  TIM+R5        35425.087    644 72138.173    73191.101    75530.909
581  TIM+R6        35408.928    646 72109.857    73172.022    75513.129
582  TIM+R7        35401.387    648 72098.774    73170.244    75512.582
589  TIM+I+R5      35415.921    645 72121.842    73179.380    75519.846
602  TIM+F+R5      35354.878    647 72003.756    73070.565    75412.296
603  TIM+F+R6      35336.896    649 71971.792    73047.940    75390.868
604  TIM+F+R7      35331.912    651 71965.824    73051.379    75395.437
611  TIM+F+I+R5    35343.094    648 71982.188    73053.658    75395.997
624  TIM2e+R5      35444.872    644 72177.744    73230.672    75570.480
625  TIM2e+R6      35430.098    646 72152.197    73214.362    75555.469
626  TIM2e+R7      35422.212    648 72140.425    73211.895    75554.233
633  TIM2e+I+R5    35435.734    645 72161.468    73219.006    75559.472
646  TIM2e+R5      35444.872    644 72177.744    73230.672    75570.480
647  TIM2e+R6      35430.098    646 72152.197    73214.362    75555.469
648  TIM2e+R7      35422.212    648 72140.425    73211.895    75554.233
655  TIM2e+I+R5    35435.734    645 72161.468    73219.006    75559.472
668  TIM2+R5       35444.806    644 72177.612    73230.540    75570.348
669  TIM2+R6       35429.998    646 72151.996    73214.161    75555.268
670  TIM2+R7       35422.165    648 72140.330    73211.800    75554.139
677  TIM2+I+R5     35435.642    645 72161.284    73218.822    75559.288
690  TIM2+F+R5     35382.092    647 72058.184    73124.993    75466.725
691  TIM2+F+R6     35364.214    649 72026.429    73102.577    75445.505
692  TIM2+F+R7     35359.641    651 72021.283    73106.838    75450.896
699  TIM2+F+I+R5   35370.566    648 72037.132    73108.602    75450.940
712  TIM3e+R5      35446.110    644 72180.220    73233.148    75572.955
713  TIM3e+R6      35430.688    646 72153.377    73215.542    75556.649
714  TIM3e+R7      35422.483    648 72140.966    73212.436    75554.775
721  TIM3e+I+R5    35436.721    645 72163.443    73220.981    75561.446
734  TIM3e+R5      35446.110    644 72180.220    73233.148    75572.955
735  TIM3e+R6      35430.688    646 72153.377    73215.542    75556.649
736  TIM3e+R7      35422.483    648 72140.966    73212.436    75554.774
743  TIM3e+I+R5    35436.721    645 72163.443    73220.981    75561.446
756  TIM3+R5       35445.933    644 72179.866    73232.794    75572.602
757  TIM3+R6       35430.548    646 72153.096    73215.261    75556.368
758  TIM3+R7       35422.384    648 72140.769    73212.239    75554.577
765  TIM3+I+R5     35436.615    645 72163.229    73220.767    75561.233
778  TIM3+F+R5     35347.438    647 71988.876    73055.685    75397.416
779  TIM3+F+R6     35329.992    649 71957.983    73034.131    75377.060
780  TIM3+F+R7     35325.565    651 71953.131    73038.686    75382.744
787  TIM3+F+I+R5   35338.307    648 71972.615    73044.085    75386.423
800  TVMe+R5       35434.212    645 72158.423    73215.961    75556.427
801  TVMe+R6       35422.938    647 72139.876    73206.685    75548.417
802  TVMe+R7       35412.555    649 72123.111    73199.259    75542.187
809  TVMe+I+R5     35426.784    646 72145.568    73207.733    75548.840
822  TVMe+R5       35434.212    645 72158.423    73215.961    75556.427
823  TVMe+R6       35422.938    647 72139.876    73206.685    75548.417
824  TVMe+R7       35412.555    649 72123.111    73199.259    75542.187
831  TVMe+I+R5     35426.784    646 72145.568    73207.733    75548.840
844  TVM+R5        35434.192    645 72158.383    73215.921    75556.387
845  TVM+R6        35422.838    647 72139.676    73206.485    75548.216
846  TVM+R7        35412.422    649 72122.845    73198.993    75541.921
853  TVM+I+R5      35426.715    646 72145.430    73207.595    75548.702
866  TVM+F+R5      35355.095    648 72006.189    73077.659    75419.998
867  TVM+F+R6      35335.527    650 71971.055    73051.898    75395.400
868  TVM+F+R7      35332.330    652 71968.660    73058.944    75403.541
875  TVM+F+I+R5    35345.759    649 71989.518    73065.666    75408.594
888  SYM+R5        35423.452    646 72138.903    73201.068    75542.175
889  SYM+R6        35408.390    648 72112.781    73184.251    75526.589
890  SYM+R7        35400.708    650 72101.416    73182.259    75525.761
897  SYM+I+R5      35414.736    647 72123.472    73190.281    75532.013
910  SYM+R5        35423.452    646 72138.903    73201.068    75542.175
911  SYM+R6        35408.390    648 72112.781    73184.251    75526.589
912  SYM+R7        35400.708    650 72101.416    73182.259    75525.761
919  SYM+I+R5      35414.736    647 72123.472    73190.281    75532.013
932  GTR+R5        35423.442    646 72138.885    73201.050    75542.157
933  GTR+R6        35408.251    648 72112.503    73183.973    75526.311
934  GTR+R7        35400.619    650 72101.237    73182.080    75525.582
941  GTR+I+R5      35414.628    647 72123.256    73190.065    75531.797
954  GTR+F+R5      35324.142    649 71946.284    73022.432    75365.361
955  GTR+F+R6      35306.656    651 71915.311    73000.866    75344.924
956  GTR+F+R7      35301.283    653 71908.565    73003.596    75348.715
963  GTR+F+I+R5    35314.523    650 71929.046    73009.889    75353.391
Akaike Information Criterion:           GTR+F+R7
Corrected Akaike Information Criterion: GTR+F+R6
Bayesian Information Criterion:         GTR+F+R6
Best-fit model: GTR+F+R6 chosen according to BIC

All model information printed to results/dna_M2307_318_1434.phy/output_files/iqtree/inference/rand.model.gz
CPU time for ModelFinder: 1274.521 seconds (0h:21m:14s)
Wall-clock time for ModelFinder: 1279.866 seconds (0h:21m:19s)

NOTE: 53 MB RAM (0 GB) is required!
Estimate model parameters (epsilon = 0.100)
1. Initial log-likelihood: -35306.707
Optimal log-likelihood: -35306.606
Rate parameters:  A-C: 1.41418  A-G: 2.83199  A-T: 0.70239  C-G: 1.04897  C-T: 4.07725  G-T: 1.00000
Base frequencies:  A: 0.272  C: 0.189  G: 0.244  T: 0.296
Site proportion and rates:  (0.614,0.055) (0.146,0.631) (0.132,1.769) (0.062,3.637) (0.036,7.331) (0.010,15.415)
Parameters optimization took 1 rounds (1.732 sec)
Log-likelihood of random tree: -59706.552
IN UPDATE: new tree with score = -59706.552
IN UPDATE: new tree with score = -59706.552
Wrote distance file to... 
--------------------------------------------------------------------
|             INITIALIZING CANDIDATE TREE SET                      |
--------------------------------------------------------------------
Number of numNNITrees: 3
Number of processes: 1
Number of trees per process: 19
Number of trees in candidate set: 1
Total number of trees to be generated: 20
Generating 19 random trees... Initial candidate tree set size: 1
0.155 second
Each tree will doNNISearch 3 times.
Computing log-likelihood of 19 initial trees ... Estimate model parameters (epsilon = 0.100)
Estimate model parameters (epsilon = 0.100)
Estimate model parameters (epsilon = 0.100)
IN UPDATE: new tree with score = -42624.480
BETTER TREE FOUND at iteration 1: -42624.480
Saved xgphy tree to results/dna_M2307_318_1434.phy/output_files/iqtree/inference/rand_tree0_xgphy.log
21 unique trees added to candidate set. 0 trees had branch lengths optimized.
IN UPDATE: new tree with score = -42648.305
Saved xgphy tree to results/dna_M2307_318_1434.phy/output_files/iqtree/inference/rand_tree1_xgphy.log
22 unique trees added to candidate set. 1 trees had branch lengths optimized.
Estimate model parameters (epsilon = 0.100)
Estimate model parameters (epsilon = 0.100)
Estimate model parameters (epsilon = 0.100)
IN UPDATE: new tree with score = -42033.493
BETTER TREE FOUND at iteration 3: -42033.493
Saved xgphy tree to results/dna_M2307_318_1434.phy/output_files/iqtree/inference/rand_tree2_xgphy.log
23 unique trees added to candidate set. 2 trees had branch lengths optimized.
Estimate model parameters (epsilon = 0.100)
Estimate model parameters (epsilon = 0.100)
IN UPDATE: new tree with score = -37550.217
BETTER TREE FOUND at iteration 4: -37550.217
Saved xgphy tree to results/dna_M2307_318_1434.phy/output_files/iqtree/inference/rand_tree3_xgphy.log
24 unique trees added to candidate set. 3 trees had branch lengths optimized.
IN UPDATE: new tree with score = -37665.594
Saved xgphy tree to results/dna_M2307_318_1434.phy/output_files/iqtree/inference/rand_tree4_xgphy.log
25 unique trees added to candidate set. 4 trees had branch lengths optimized.
Estimate model parameters (epsilon = 0.100)
Estimate model parameters (epsilon = 0.100)
IN UPDATE: new tree with score = -37465.378
BETTER TREE FOUND at iteration 6: -37465.378
Saved xgphy tree to results/dna_M2307_318_1434.phy/output_files/iqtree/inference/rand_tree5_xgphy.log
26 unique trees added to candidate set. 5 trees had branch lengths optimized.
Estimate model parameters (epsilon = 0.100)
Estimate model parameters (epsilon = 0.100)
Estimate model parameters (epsilon = 0.100)
IN UPDATE: new tree with score = -37344.219
BETTER TREE FOUND at iteration 7: -37344.219
Saved xgphy tree to results/dna_M2307_318_1434.phy/output_files/iqtree/inference/rand_tree6_xgphy.log
27 unique trees added to candidate set. 6 trees had branch lengths optimized.
IN UPDATE: new tree with score = -37375.212
Saved xgphy tree to results/dna_M2307_318_1434.phy/output_files/iqtree/inference/rand_tree7_xgphy.log
28 unique trees added to candidate set. 7 trees had branch lengths optimized.
Estimate model parameters (epsilon = 0.100)
IN UPDATE: new tree with score = -37298.082
BETTER TREE FOUND at iteration 9: -37298.082
Saved xgphy tree to results/dna_M2307_318_1434.phy/output_files/iqtree/inference/rand_tree8_xgphy.log
29 unique trees added to candidate set. 8 trees had branch lengths optimized.
Estimate model parameters (epsilon = 0.100)
IN UPDATE: new tree with score = -37283.110
BETTER TREE FOUND at iteration 10: -37283.110
Iteration 10 / LogL: -37283.110 / Time: 0h:29m:8s
Saved xgphy tree to results/dna_M2307_318_1434.phy/output_files/iqtree/inference/rand_tree9_xgphy.log
30 unique trees added to candidate set. 9 trees had branch lengths optimized.
Estimate model parameters (epsilon = 0.100)
IN UPDATE: new tree with score = -37279.917
BETTER TREE FOUND at iteration 11: -37279.917
Saved xgphy tree to results/dna_M2307_318_1434.phy/output_files/iqtree/inference/rand_tree10_xgphy.log
31 unique trees added to candidate set. 10 trees had branch lengths optimized.
Estimate model parameters (epsilon = 0.100)
Estimate model parameters (epsilon = 0.100)
IN UPDATE: new tree with score = -37197.939
BETTER TREE FOUND at iteration 12: -37197.939
Saved xgphy tree to results/dna_M2307_318_1434.phy/output_files/iqtree/inference/rand_tree11_xgphy.log
32 unique trees added to candidate set. 11 trees had branch lengths optimized.
Estimate model parameters (epsilon = 0.100)
IN UPDATE: new tree with score = -37189.742
BETTER TREE FOUND at iteration 13: -37189.742
Saved xgphy tree to results/dna_M2307_318_1434.phy/output_files/iqtree/inference/rand_tree12_xgphy.log
33 unique trees added to candidate set. 12 trees had branch lengths optimized.
IN UPDATE: new tree with score = -37218.191
Saved xgphy tree to results/dna_M2307_318_1434.phy/output_files/iqtree/inference/rand_tree13_xgphy.log
34 unique trees added to candidate set. 13 trees had branch lengths optimized.
IN UPDATE: new tree with score = -37204.521
Saved xgphy tree to results/dna_M2307_318_1434.phy/output_files/iqtree/inference/rand_tree14_xgphy.log
35 unique trees added to candidate set. 14 trees had branch lengths optimized.
IN UPDATE: new tree with score = -37192.697
Saved xgphy tree to results/dna_M2307_318_1434.phy/output_files/iqtree/inference/rand_tree15_xgphy.log
36 unique trees added to candidate set. 15 trees had branch lengths optimized.
IN UPDATE: new tree with score = -37193.109
Saved xgphy tree to results/dna_M2307_318_1434.phy/output_files/iqtree/inference/rand_tree16_xgphy.log
37 unique trees added to candidate set. 16 trees had branch lengths optimized.
Estimate model parameters (epsilon = 0.100)
IN UPDATE: new tree with score = -37188.410
BETTER TREE FOUND at iteration 18: -37188.410
Saved xgphy tree to results/dna_M2307_318_1434.phy/output_files/iqtree/inference/rand_tree17_xgphy.log
38 unique trees added to candidate set. 17 trees had branch lengths optimized.
IN UPDATE: new tree with score = -37192.140
Saved xgphy tree to results/dna_M2307_318_1434.phy/output_files/iqtree/inference/rand_tree18_xgphy.log
39 unique trees added to candidate set. 18 trees had branch lengths optimized.
Estimate model parameters (epsilon = 0.100)
Estimate model parameters (epsilon = 0.100)
IN UPDATE: new tree with score = -36723.016
BETTER TREE FOUND at iteration 20: -36723.016
Iteration 20 / LogL: -36723.016 / Time: 0h:31m:21s
Saved xgphy tree to results/dna_M2307_318_1434.phy/output_files/iqtree/inference/rand_tree19_xgphy.log
40 unique trees added to candidate set. 19 trees had branch lengths optimized.
599.832 seconds
Current best score: -36723.016
3.Score of best tree in CandidateSet: -36723.016
2.Score of best tree in CandidateSet: -37188.410
1.Score of best tree in CandidateSet: -37189.742

Do NNI search on 3 best initial trees
1
Estimate model parameters (epsilon = 0.100)
Saved xgphy best tree to results/dna_M2307_318_1434.phy/output_files/iqtree/inference/rand_bestTreeInitTree0_xgphy.treefile
IN UPDATE: new tree with score = -36722.818
BETTER TREE FOUND at iteration 1: -36722.818
2
Saved xgphy best tree to results/dna_M2307_318_1434.phy/output_files/iqtree/inference/rand_bestTreeInitTree1_xgphy.treefile
IN UPDATE: new tree with score = -37188.593
3
Saved xgphy best tree to results/dna_M2307_318_1434.phy/output_files/iqtree/inference/rand_bestTreeInitTree2_xgphy.treefile
IN UPDATE: new tree with score = -37190.154
1.Score of best tree in CandidateSet: -36722.818
Finish initializing candidate tree set (3)
Current best tree score: -36722.818 / CPU time: 604.226
Number of iterations: 3
TREE SEARCH COMPLETED AFTER 3 ITERATIONS / Time: 0h:31m:26s

--------------------------------------------------------------------
|                    FINALIZING TREE SEARCH                        |
--------------------------------------------------------------------
Performs final model parameters optimization
Estimate model parameters (epsilon = 0.010)
1. Initial log-likelihood: -36722.818
Optimal log-likelihood: -36722.813
Rate parameters:  A-C: 1.43093  A-G: 2.85407  A-T: 0.70329  C-G: 1.05496  C-T: 4.25092  G-T: 1.00000
Base frequencies:  A: 0.272  C: 0.189  G: 0.244  T: 0.296
Site proportion and rates:  (0.605,0.049) (0.141,0.545) (0.137,1.639) (0.070,3.516) (0.036,7.384) (0.010,14.951)
Parameters optimization took 1 rounds (0.970 sec)
IN UPDATE: oldScore = -36722.818, newScore = -36722.813
BEST SCORE FOUND : -36722.813
Total tree length: 5.600

Total number of iterations: 3
CPU time used for tree search: 599.634 sec (0h:9m:59s)
Wall-clock time used for tree search: 604.228 sec (0h:10m:4s)
Total CPU time used: 1877.129 sec (0h:31m:17s)
Total wall-clock time used: 1887.091 sec (0h:31m:27s)

Analysis results written to: 
  IQ-TREE report:                results/dna_M2307_318_1434.phy/output_files/iqtree/inference/rand.iqtree
  Maximum-likelihood tree:       results/dna_M2307_318_1434.phy/output_files/iqtree/inference/rand.treefile
  Screen log file:               results/dna_M2307_318_1434.phy/output_files/iqtree/inference/rand.log

Date and Time: Thu Sep 18 20:18:44 2025
