
RAxML-NG v. 1.1.0-master released on 04.08.2022 by The Exelixis Lab.
Developed by: Alexey M. Kozlov and Alexandros Stamatakis.
Contributors: Diego Darriba, Tomas Flouri, Benoit Morel, Sarah Lutteropp, Ben Bettisworth.
Latest version: https://github.com/amkozlov/raxml-ng
Questions/problems/suggestions? Please visit: https://groups.google.com/forum/#!forum/raxml

System: Intel(R) Core(TM) i7-8550U CPU @ 1.80GHz, 4 cores, 7 GB RAM

RAxML-NG was called at 21-Sep-2025 23:07:30 as follows:

/home/ngocminh/raxml-ng/build/bin/raxml-ng --start --msa Data/dna_M7165_357_4475.phy --tree pars{1} --prefix data_training/dna_M7165_357_4475.phy/output_files/parsimony/seed_38 --model GTR+G --seed 38

Analysis options:
  run mode: Starting tree generation
  start tree(s): parsimony (1)
  random seed: 38
  SIMD kernels: AVX2
  parallelization: coarse-grained (auto), PTHREADS (auto)

[00:00:00] Reading alignment from file: Data/dna_M7165_357_4475.phy
[00:00:00] Loaded alignment with 357 taxa and 4475 sites

Alignment comprises 1 partitions and 3045 patterns

Partition 0: noname
Model: GTR+FO+G4m
Alignment sites / patterns: 4475 / 3045
Gaps: 17.65 %
Invariant sites: 40.60 %


NOTE: Binary MSA file created: data_training/dna_M7165_357_4475.phy/output_files/parsimony/seed_38.raxml.rba

[00:00:00] Generating 1 parsimony starting tree(s) with 357 taxa
Parsimony score: 12083

All starting trees saved to: /home/ngocminh/difficulty-prediction-training-data/data_training/dna_M7165_357_4475.phy/output_files/parsimony/seed_38.raxml.startTree


Execution log saved to: /home/ngocminh/difficulty-prediction-training-data/data_training/dna_M7165_357_4475.phy/output_files/parsimony/seed_38.raxml.log

Analysis started: 21-Sep-2025 23:07:30 / finished: 21-Sep-2025 23:07:30

Elapsed time: 0.242 seconds

