IQ-TREE version 3.0.1 for Linux x86 64-bit built Sep 12 2025
Developed by Bui Quang Minh, Thomas Wong, Nhan Ly-Trong, Huaiyan Ren
Contributed by Lam-Tung Nguyen, Dominik Schrempf, Chris Bielow,
Olga Chernomor, Michael Woodhams, Diep Thi Hoang, Heiko Schmidt

Host:    suny-Precision-5530 (AVX2, FMA3, 15 GB RAM)
Command: /usr/local/bin/iqtree3 -s /home/suny/Downloads/VAN_TRAINING_DATA/data3/dna_M4900_206_3074.phy -pre results/dna_M4900_206_3074.phy/output_files/iqtree/inference/pars_3 -seed 3 -ninit 1 -T 1 -redo -n 0
Seed:    3 (Using SPRNG - Scalable Parallel Random Number Generator)
Time:    Wed Sep 24 02:43:58 2025
Kernel:  AVX+FMA - 1 threads (12 CPU cores detected)

HINT: Use -nt option to specify number of threads because your CPU has 12 cores!
HINT: -nt AUTO will automatically determine the best number of threads to use.

Reading alignment file /home/suny/Downloads/VAN_TRAINING_DATA/data3/dna_M4900_206_3074.phy ... Phylip format detected
Alignment most likely contains DNA/RNA sequences
Constructing alignment: done in 0.0104659 secs using 69.48% CPU
Alignment has 206 sequences with 3074 columns, 2022 distinct patterns
1574 parsimony-informative, 169 singleton sites, 1331 constant sites
                                             Gap/Ambiguity  Composition  p-value
Analyzing sequences: done in 0.00163681 secs using 92.99% CPU
   1  Amietia_angolensis_CAS191519                  39.69%    passed      9.88%
   2  Amietia_angolensis_DQ019576                   71.86%    failed      2.62%
   3  Arthroleptella_villiersi_CR1073               40.57%    passed     39.57%
   4  Cacosternum_boettgeri_ZFMK66727               73.00%    passed     24.56%
   5  Cardioglossa_gracilis_MVZ234675               23.85%    passed      6.21%
   6  Conraua_crassipes_ZFMK75446                   72.58%    failed      0.76%
   7  Natalobatrachus_bonebergi_ZFMK66443           72.28%    failed      2.03%
   8  Petropedetes_martiensseni_CR10898             40.21%    failed      0.98%
   9  Petropedetes_parkeri_AY341628                 63.96%    failed      4.06%
  10  Petropedetes_parkeri_VUB0955                  58.59%    passed     23.42%
  11  Phrynobatrachus_acridoides_BM2002.347         32.30%    failed      4.19%
  12  Phrynobatrachus_acridoides_MCZA-138214        28.85%    failed      0.73%
  13  Phrynobatrachus_acutirostris_EBG1314          23.45%    passed     77.48%
  14  Phrynobatrachus_acutirostris_EBG1315          23.42%    passed     79.51%
  15  Phrynobatrachus_acutirostris_EBG1317          23.45%    passed     76.21%
  16  Phrynobatrachus_aff_gutturosus_MORS01.38      22.54%    passed     43.73%
  17  Phrynobatrachus_aff_gutturosus_MORT33         37.18%    passed     89.25%
  18  Phrynobatrachus_aff_latifrons_BM2005.1185     23.91%    passed      6.81%
  19  Phrynobatrachus_aff_latifrons_BM2005.1203     23.91%    passed      6.22%
  20  Phrynobatrachus_aff_latifrons_BM2005.1206     23.88%    passed      5.80%
  21  Phrynobatrachus_aff_latifrons_BM2005.1217     23.91%    passed      7.14%
  22  Phrynobatrachus_aff_latifrons_MORCO5          37.96%    passed     60.23%
  23  Phrynobatrachus_aff_latifrons_ZMB73284        26.42%    passed     16.39%
  24  Phrynobatrachus_africanus_CAS207779           25.93%    passed     72.64%
  25  Phrynobatrachus_africanus_MCZA-136731         26.06%    passed     74.94%
  26  Phrynobatrachus_africanus_MCZA-136756         25.50%    passed     65.88%
  27  Phrynobatrachus_africanus_MCZA-136800         29.47%    passed     55.86%
  28  Phrynobatrachus_africanus_MCZA-136839         26.09%    passed     63.20%
  29  Phrynobatrachus_africanus_MCZA-136944         24.59%    passed     68.51%
  30  Phrynobatrachus_africanus_MCZA-136945         24.59%    passed     67.73%
  31  Phrynobatrachus_africanus_ZMB73712            24.59%    passed     65.77%
  32  Phrynobatrachus_africanus_ZMB73715            37.18%    passed     50.70%
  33  Phrynobatrachus_alleni_MORGre67               72.87%    passed     20.63%
  34  Phrynobatrachus_alleni_MORT03.1               72.87%    passed     21.25%
  35  Phrynobatrachus_alleni_MVZ245171              72.87%    passed     20.97%
  36  Phrynobatrachus_annulatus_ZMB73744            23.26%    passed     64.32%
  37  Phrynobatrachus_annulatus_ZMB73745            22.90%    passed     69.34%
  38  Phrynobatrachus_annulatus_ZMB73746            25.67%    passed     17.72%
  39  Phrynobatrachus_auritus_CAS207932             26.06%    passed     29.88%
  40  Phrynobatrachus_auritus_CAS207937             26.09%    passed     29.71%
  41  Phrynobatrachus_auritus_MCZA-136736           28.50%    passed     25.59%
  42  Phrynobatrachus_auritus_MCZA-136792           46.62%    passed     22.89%
  43  Phrynobatrachus_batesii_MCZA-136783           24.27%    passed     43.27%
  44  Phrynobatrachus_batesii_MCZA-136784           24.17%    passed     40.38%
  45  Phrynobatrachus_batesii_MCZA-136793           23.39%    passed     47.72%
  46  Phrynobatrachus_bullans_AAUA2008-032          24.66%    passed     77.02%
  47  Phrynobatrachus_bullans_BM2005.1179           24.40%    passed     98.62%
  48  Phrynobatrachus_bullans_MVZ234151             24.37%    passed     97.72%
  49  Phrynobatrachus_bullans_MVZ238716             24.40%    passed     99.01%
  50  Phrynobatrachus_calcaratus_MORC12             25.44%    passed     30.98%
  51  Phrynobatrachus_calcaratus_MVZ245139          22.97%    passed     38.84%
  52  Phrynobatrachus_calcaratus_MVZ245140          25.05%    passed     25.31%
  53  Phrynobatrachus_calcaratus_ZMB_71459          22.80%    passed     43.79%
  54  Phrynobatrachus_calcaratus_ZMB_71462          27.07%    passed     14.33%
  55  Phrynobatrachus_cf_hylaois_DS103              33.05%    passed     54.70%
  56  Phrynobatrachus_cf_hylaois_DS107              23.78%    passed     17.83%
  57  Phrynobatrachus_cf_uzungwensis_BM2005.181     23.03%    passed     30.05%
  58  Phrynobatrachus_chukuchuku_MCZA-138124        23.39%    passed     79.42%
  59  Phrynobatrachus_cornutus_CAS207799            23.03%    passed     85.11%
  60  Phrynobatrachus_cornutus_CAS207877            23.00%    passed     86.69%
  61  Phrynobatrachus_cornutus_MCZA-136837          23.00%    passed     82.26%
  62  Phrynobatrachus_cornutus_ZMB_73784            23.03%    passed     88.75%
  63  Phrynobatrachus_cricogaster_MCZA-138030       23.29%    passed     87.80%
  64  Phrynobatrachus_cricogaster_MV9.8             23.32%    passed     87.64%
  65  Phrynobatrachus_cricogaster_ZMB71458          26.71%    passed     59.85%
  66  Phrynobatrachus_dendrobates_CAS202049         23.26%    passed     54.10%
  67  Phrynobatrachus_dendrobates_CAS202051         23.26%    passed     53.67%
  68  Phrynobatrachus_dispar_CAS219084              27.13%    passed     61.04%
  69  Phrynobatrachus_dispar_CAS219202              22.87%    passed     60.62%
  70  Phrynobatrachus_dispar_CAS219352              24.59%    passed     70.33%
  71  Phrynobatrachus_dispar_CAS219386              25.70%    passed     57.98%
  72  Phrynobatrachus_francisci_MORC8               45.06%    failed      3.87%
  73  Phrynobatrachus_francisci_MVZ245148           38.94%    passed      8.17%
  74  Phrynobatrachus_francisci_MVZ249545           40.27%    passed      5.33%
  75  Phrynobatrachus_francisci_ZMB73779            73.65%    passed     36.08%
  76  Phrynobatrachus_fraterculus_ZMB73759          28.63%    passed     85.20%
  77  Phrynobatrachus_fraterculus_ZMB73761          27.81%    passed     94.18%
  78  Phrynobatrachus_ghanensis_MORAT48             54.00%    failed      4.12%
  79  Phrynobatrachus_ghanensis_ZMB_70721           54.00%    failed      3.32%
  80  Phrynobatrachus_graueri_UTAA58270             23.49%    passed     84.41%
  81  Phrynobatrachus_graueri_UTAA58273             23.49%    passed     74.49%
  82  Phrynobatrachus_graueri_UTAA58276             23.49%    passed     79.30%
  83  Phrynobatrachus_guineensis_MORT02.11          23.23%    passed     10.93%
  84  Phrynobatrachus_guineensis_MORT13             37.44%    passed     24.42%
  85  Phrynobatrachus_gutturosus_MORC11             25.67%    failed      0.77%
  86  Phrynobatrachus_inexpectatus_AAUA2008-043     22.12%    passed     49.87%
  87  Phrynobatrachus_intermedius_ZMB71538          24.04%    passed     35.76%
  88  Phrynobatrachus_kakamikro_MHNG_2709.89        85.20%    passed     52.88%
  89  Phrynobatrachus_kakamikro_NMK_A_3924_1        83.70%    passed     52.88%
  90  Phrynobatrachus_kakamikro_NMK_A_3924_2        74.04%    passed      9.60%
  91  Phrynobatrachus_keniensis_MVZ226260           22.84%    passed      8.97%
  92  Phrynobatrachus_kinangopensis_ZFMK83497       74.07%    passed     80.10%
  93  Phrynobatrachus_krefftii_BM2002.323           23.00%    failed      3.91%
  94  Phrynobatrachus_krefftii_BM2002.994           25.76%    failed      3.34%
  95  Phrynobatrachus_krefftii_MCZA-138315          23.13%    passed     13.09%
  96  Phrynobatrachus_krefftii_MCZA-138316          23.00%    failed      3.59%
  97  Phrynobatrachus_krefftii_MCZA-138317          23.03%    failed      4.45%
  98  Phrynobatrachus_krefftii_MCZA-138318          23.03%    failed      4.11%
  99  Phrynobatrachus_latifrons_GANBe13             25.11%    passed     35.02%
 100  Phrynobatrachus_latifrons_MORC10              25.96%    passed     34.15%
 101  Phrynobatrachus_latifrons_MVZ245150           23.75%    passed     36.57%
 102  Phrynobatrachus_latifrons_ZMB73753            28.20%    passed     36.12%
 103  Phrynobatrachus_leveleve_CAS218894            22.58%    passed     73.68%
 104  Phrynobatrachus_leveleve_CAS218906            22.61%    passed     75.39%
 105  Phrynobatrachus_liberiensis_MORMTN130         24.37%    passed     55.89%
 106  Phrynobatrachus_liberiensis_MORT5             31.23%    passed     89.71%
 107  Phrynobatrachus_liberiensis_ZMB_73768         26.87%    passed     90.79%
 108  Phrynobatrachus_mababiensis_A_MV10.8          22.87%    passed     27.14%
 109  Phrynobatrachus_mababiensis_B_AC1258          22.61%    passed     99.09%
 110  Phrynobatrachus_mababiensis_B_PEMNi12         76.58%    passed     88.52%
 111  Phrynobatrachus_mababiensis_C_BM2005.119      23.23%    passed     72.67%
 112  Phrynobatrachus_mababiensis_C_MCZA-138322     23.00%    passed     57.07%
 113  Phrynobatrachus_mababiensis_C_MCZA-138330     41.25%    passed     17.46%
 114  Phrynobatrachus_maculiventris_ZMB71592        48.76%    passed     41.39%
 115  Phrynobatrachus_maculiventris_ZMB71593        45.25%    passed     51.06%
 116  Phrynobatrachus_manengoubensis_MCZA-136923    23.32%    passed     83.78%
 117  Phrynobatrachus_manengoubensis_MCZA-136924    23.29%    passed     84.52%
 118  Phrynobatrachus_manengoubensis_MCZA-136943    23.29%    passed     85.08%
 119  Phrynobatrachus_manengoubensis_MCZA-136944    23.29%    passed     79.41%
 120  Phrynobatrachus_manengoubensis_MCZA-138047    23.29%    passed     85.08%
 121  Phrynobatrachus_minutus_AAUA2008-059          16.85%    passed     51.60%
 122  Phrynobatrachus_minutus_AAUA2008-078          28.01%    passed     15.13%
 123  Phrynobatrachus_minutus_AAUA2008-101          14.12%    passed     33.61%
 124  Phrynobatrachus_minutus_AAUA2008-103          16.88%    passed     50.13%
 125  Phrynobatrachus_natalensis_AAUA2008-203       24.56%    passed     80.40%
 126  Phrynobatrachus_natalensis_AAUA2008-205       26.84%    passed     83.10%
 127  Phrynobatrachus_natalensis_AAUA2008-229       24.56%    passed     76.50%
 128  Phrynobatrachus_natalensis_BM2005.1189        24.56%    passed     78.29%
 129  Phrynobatrachus_natalensis_ES938              26.90%    passed     55.27%
 130  Phrynobatrachus_natalensis_MCZA-138337        24.56%    passed     70.84%
 131  Phrynobatrachus_natalensis_MCZA-138354        24.53%    passed     81.16%
 132  Phrynobatrachus_natalensis_MVZ234059          24.53%    passed     82.24%
 133  Phrynobatrachus_natalensis_MVZ245160          24.53%    passed     45.24%
 134  Phrynobatrachus_natalensis_MVZ245161          24.53%    passed     42.41%
 135  Phrynobatrachus_natalensis_PEMNi27            24.53%    passed     81.45%
 136  Phrynobatrachus_natalensis_PEMNi52            24.53%    passed     82.76%
 137  Phrynobatrachus_natalensis_PEMNi73            24.53%    passed     82.31%
 138  Phrynobatrachus_natalensis_UTA_A58263         24.59%    passed     74.52%
 139  Phrynobatrachus_natalensis_UTAA58262          24.59%    passed     71.30%
 140  Phrynobatrachus_natalensis_ZFMK73452          74.17%    passed     56.26%
 141  Phrynobatrachus_natalensis_ZMB73717           27.20%    passed     36.62%
 142  Phrynobatrachus_natalensis_ZMKMW10.2          24.56%    passed     71.07%
 143  Phrynobatrachus_pakenhami_MCZ_A-138282        29.38%    failed      0.62%
 144  Phrynobatrachus_pakenhami_MCZ_A-138283        24.40%    failed      0.38%
 145  Phrynobatrachus_pallidus_MVZ234153            23.00%    passed     84.89%
 146  Phrynobatrachus_parvulus_BM2005.308           36.96%    passed     16.08%
 147  Phrynobatrachus_parvulus_MCZA-137075          27.36%    passed     21.14%
 148  Phrynobatrachus_parvulus_MCZA-137076          27.52%    passed     24.82%
 149  Phrynobatrachus_parvulus_MCZA-137077          27.16%    passed     24.07%
 150  Phrynobatrachus_petropedetoides_MCZA-138201   20.27%    passed     12.99%
 151  Phrynobatrachus_phyllophilus_MORP10           25.93%    passed     26.18%
 152  Phrynobatrachus_phyllophilus_MORT03.3         38.45%    passed     51.97%
 153  Phrynobatrachus_phyllophilus_ZMB_73763        25.83%    passed     16.50%
 154  Phrynobatrachus_pintoi_ZMB70689               37.22%    passed     95.66%
 155  Phrynobatrachus_plicatus_JPALa39              25.15%    passed      6.35%
 156  Phrynobatrachus_plicatus_MVZ245164            26.45%    passed     11.13%
 157  Phrynobatrachus_plicatus_MVZ245165            26.45%    passed     13.90%
 158  Phrynobatrachus_plicatus_ZMB73742             26.19%    passed      9.53%
 159  Phrynobatrachus_rungwensis_BM2005.145         23.10%    passed     39.05%
 160  Phrynobatrachus_rungwensis_BM2005.858         28.89%    passed     19.14%
 161  Phrynobatrachus_rungwensis_BM2005.859         23.10%    passed     34.38%
 162  Phrynobatrachus_sandersoni_MCZA-136790        25.08%    passed      7.07%
 163  Phrynobatrachus_sandersoni_MCZA-136791        25.11%    passed      8.16%
 164  Phrynobatrachus_sandersoni_MCZA-136794        23.65%    passed      5.62%
 165  Phrynobatrachus_scheffleri_MVZ234062          27.42%    passed     20.25%
 166  Phrynobatrachus_scheffleri_MVZ234149          23.00%    passed     30.71%
 167  Phrynobatrachus_spnov1_AAUA2008-348           22.97%    passed     46.54%
 168  Phrynobatrachus_spnov1_AAUA2008-349           22.97%    passed     43.37%
 169  Phrynobatrachus_spnov2_ZMB73708               24.59%    passed     31.53%
 170  Phrynobatrachus_spnov3_ZMB73704               40.63%    passed      6.21%
 171  Phrynobatrachus_spnov3_ZMB73707               36.04%    passed     11.94%
 172  Phrynobatrachus_steindachneri_MCZA-136875     23.39%    passed     68.21%
 173  Phrynobatrachus_steindachneri_MCZA-136877     23.39%    passed     69.96%
 174  Phrynobatrachus_steindachneri_MCZA-136892     23.42%    passed     89.61%
 175  Phrynobatrachus_steindachneri_MCZA-136903     23.32%    passed     92.04%
 176  Phrynobatrachus_steindachneri_MCZA-136904     23.29%    passed     89.92%
 177  Phrynobatrachus_steindachneri_MCZA-136909     23.32%    passed     88.83%
 178  Phrynobatrachus_steindachneri_MCZA-136927     23.42%    passed     91.63%
 179  Phrynobatrachus_steindachneri_MCZA-136928     23.45%    passed     93.32%
 180  Phrynobatrachus_steindachneri_MCZA-138064     23.32%    passed     90.57%
 181  Phrynobatrachus_steindachneri_MCZA-138104     23.45%    passed     38.58%
 182  Phrynobatrachus_steindachneri_MCZA-138135     23.39%    passed     68.57%
 183  Phrynobatrachus_tokba_MORA29                  24.40%    passed     30.46%
 184  Phrynobatrachus_tokba_MORFD90                 23.98%    passed     56.04%
 185  Phrynobatrachus_tokba_ZMB73280                27.55%    passed     45.43%
 186  Phrynobatrachus_tokba_ZMB73766                24.37%    passed     40.35%
 187  Phrynobatrachus_tokba_ZMB73774                27.88%    passed     55.66%
 188  Phrynobatrachus_tokba_ZMB73776                24.20%    passed     35.58%
 189  Phrynobatrachus_ukingensis_BM2005.144         22.93%    passed     98.59%
 190  Phrynobatrachus_ungujae_MCZA-138444           22.93%    passed     98.59%
 191  Phrynobatrachus_uzungwensis_AC2065            86.63%    passed     70.75%
 192  Phrynobatrachus_versicolor_CAS202007          19.42%    passed     13.51%
 193  Phrynobatrachus_villiersi_ZMB70743            23.00%    passed     51.83%
 194  Phrynobatrachus_villiersi_ZMB70746            22.97%    passed     53.19%
 195  Phrynobatrachus_villiersi_ZMB73740            25.63%    passed     33.51%
 196  Phrynobatrachus_werneri_MVZ234835             23.39%    passed     72.48%
 197  Phrynobatrachus_werneri_MVZ253334             23.16%    passed     90.24%
 198  Poyntonia_paludicola_VUB1066                  40.34%    failed      4.31%
 199  Ptychadena_mascareniensis_VUB0957             52.41%    passed     11.64%
 200  Ptychadena_newtoni_CAS219249                  19.19%    passed     34.69%
 201  Ptychadena_newtoni_CAS219250                  19.26%    passed     36.78%
 202  Pyxicephalus_adspersus_ZFMK66446              38.48%    passed     68.62%
 203  Pyxicephalus_adspersusAF206091                66.88%    passed     64.50%
 204  Strongylopus_fasciatus_ZFMK66444              71.57%    failed      1.35%
 205  Tomopterna_damarensis_ZFMK66403               72.25%    failed      2.52%
 206  Tomopterna_natalensis_ZFMK68815               38.32%    failed      1.02%
WARNING: 23 sequences contain more than 50% gaps/ambiguity
****  TOTAL                                         31.27%  22 sequences failed composition chi2 test (p-value<5%; df=3)
Checking for duplicate sequences: done in 0.00221156 secs using 96.58% CPU


Create initial parsimony tree by phylogenetic likelihood library (PLL)... 0.090 seconds
Perform fast likelihood tree search using GTR+I+G model...
Estimate model parameters (epsilon = 5.000)
Perform nearest neighbor interchange...
Estimate model parameters (epsilon = 1.000)
1. Initial log-likelihood: -62323.170
Optimal log-likelihood: -62322.323
Rate parameters:  A-C: 4.44222  A-G: 11.16433  A-T: 5.05044  C-G: 0.76783  C-T: 28.96197  G-T: 1.00000
Base frequencies:  A: 0.333  C: 0.242  G: 0.182  T: 0.243
Proportion of invariable sites: 0.234
Gamma shape alpha: 0.701
Parameters optimization took 1 rounds (1.489 sec)
Time for fast ML tree search: 15.649 seconds

NOTE: ModelFinder requires 135 MB RAM!
ModelFinder will test up to 968 DNA models (sample size: 3074 epsilon: 0.100) ...
 No. Model         -LnL         df  AIC          AICc         BIC
  1  JC            75859.069    409 152536.138   152662.032   155002.709
  2  JC+I          71390.052    410 143600.103   143726.660   146072.705
  3  JC+G4         67650.745    410 136121.490   136248.046   138594.091
  4  JC+I+G4       67507.451    411 135836.902   135964.124   138315.534
  5  JC+R2         68665.356    411 138152.713   138279.934   140631.345
  6  JC+R3         67680.357    413 136186.715   136315.273   138677.408
  7  JC+R4         67469.118    415 135768.237   135898.139   138270.992
  8  JC+R5         67427.600    417 135689.201   135820.455   138204.017
  9  JC+R6         67427.052    419 135692.104   135824.719   138218.982
 14  JC+I+R2       68003.711    412 136831.422   136959.311   139316.085
 15  JC+I+R3       67531.063    414 135890.125   136019.354   138386.849
 16  JC+I+R4       67432.855    416 135697.711   135828.288   138206.497
 17  JC+I+R5       67429.027    418 135694.053   135825.987   138214.900
 30  JC+R5         67427.600    417 135689.201   135820.455   138204.017
 38  JC+I+R4       67432.855    416 135697.711   135828.288   138206.497
 52  F81+R5        67427.478    417 135688.957   135820.211   138203.773
 60  F81+I+R4      67432.767    416 135697.535   135828.112   138206.321
 74  F81+F+R5      66982.409    420 134804.817   134938.115   137337.726
 82  F81+F+I+R4    66988.354    419 134814.709   134947.324   137341.587
 96  K2P+R5        64020.763    418 128877.527   129009.460   131398.374
104  K2P+I+R4      64028.102    417 128890.203   129021.458   131405.020
118  K2P+R5        64020.763    418 128877.527   129009.460   131398.374
126  K2P+I+R4      64028.102    417 128890.203   129021.458   131405.020
140  HKY+R5        64020.571    418 128877.141   129009.075   131397.989
148  HKY+I+R4      64028.047    417 128890.094   129021.348   131404.910
162  HKY+F+R5      63049.593    421 126941.187   127075.170   129480.126
170  HKY+F+I+R4    63059.755    420 126959.510   127092.808   129492.418
184  TNe+R5        63510.946    419 127859.893   127992.507   130386.771
192  TNe+I+R4      63529.138    418 127894.275   128026.209   130415.122
206  TNe+R5        63510.946    419 127859.893   127992.508   130386.771
214  TNe+I+R4      63529.138    418 127894.275   128026.209   130415.122
228  TN+R5         63510.918    419 127859.837   127992.452   130386.715
236  TN+I+R4       63528.974    418 127893.948   128025.882   130414.795
250  TN+F+R5       62735.217    422 126314.435   126449.105   128859.405
258  TN+F+I+R4     62755.584    421 126353.169   126487.152   128892.108
272  K3P+R5        64017.230    419 128872.460   129005.074   131399.337
280  K3P+I+R4      64024.571    418 128885.142   129017.075   131405.989
294  K3P+R5        64017.230    419 128872.460   129005.074   131399.337
302  K3P+I+R4      64024.571    418 128885.142   129017.075   131405.989
316  K3Pu+R5       64017.028    419 128872.055   129004.670   131398.933
324  K3Pu+I+R4     64024.529    418 128885.058   129016.991   131405.905
338  K3Pu+F+R5     63046.065    422 126936.129   127070.800   129481.099
346  K3Pu+F+I+R4   63056.926    421 126955.852   127089.836   129494.792
360  TPM2+R5       63047.697    419 126933.395   127066.009   129460.272
368  TPM2+I+R4     63053.579    418 126943.159   127075.092   129464.006
382  TPM2+R5       63047.697    419 126933.394   127066.009   129460.272
390  TPM2+I+R4     63053.579    418 126943.159   127075.092   129464.006
404  TPM2u+R5      63047.492    419 126932.983   127065.598   129459.861
412  TPM2u+I+R4    63053.557    418 126943.114   127075.048   129463.961
426  TPM2u+F+R5    62628.800    422 126101.600   126236.271   128646.570
434  TPM2u+F+I+R4  62639.315    421 126120.631   126254.614   128659.570
448  TPM3+R5       64017.128    419 128872.256   129004.871   131399.134
456  TPM3+I+R4     64024.548    418 128885.097   129017.031   131405.944
470  TPM3+R5       64017.128    419 128872.256   129004.871   131399.134
478  TPM3+I+R4     64024.548    418 128885.097   129017.031   131405.944
492  TPM3u+R5      64016.954    419 128871.907   129004.522   131398.785
500  TPM3u+I+R4    64024.504    418 128885.009   129016.943   131405.856
514  TPM3u+F+R5    63045.000    422 126934.000   127068.671   129478.970
522  TPM3u+F+I+R4  63055.930    421 126953.860   127087.843   129492.799
536  TIMe+R5       63506.942    420 127853.885   127987.183   130386.794
544  TIMe+I+R4     63525.528    419 127889.057   128021.672   130415.935
558  TIMe+R5       63506.942    420 127853.885   127987.183   130386.794
566  TIMe+I+R4     63525.528    419 127889.057   128021.672   130415.935
580  TIM+R5        63506.936    420 127853.873   127987.171   130386.781
588  TIM+I+R4      63525.313    419 127888.626   128021.241   130415.504
602  TIM+F+R5      62731.774    423 126309.547   126444.907   128860.548
610  TIM+F+I+R4    62752.136    422 126348.272   126482.943   128893.243
624  TIM2e+R5      62547.434    420 125934.868   126068.166   128467.777
632  TIM2e+I+R4    62557.309    419 125952.617   126085.232   128479.495
646  TIM2e+R5      62547.434    420 125934.868   126068.166   128467.777
654  TIM2e+I+R4    62557.309    419 125952.617   126085.232   128479.495
668  TIM2+R5       62547.274    420 125934.547   126067.845   128467.456
676  TIM2+I+R4     62557.289    419 125952.579   126085.194   128479.457
690  TIM2+F+R5     62266.466    423 125378.932   125514.292   127929.933
698  TIM2+F+I+R4   62284.653    422 125413.305   125547.976   127958.275
712  TIM3e+R5      63505.957    420 127851.914   127985.212   130384.822
720  TIM3e+I+R4    63523.880    419 127885.760   128018.375   130412.638
734  TIM3e+R5      63505.957    420 127851.914   127985.212   130384.822
742  TIM3e+I+R4    63523.880    419 127885.760   128018.375   130412.638
756  TIM3+R5       63505.961    420 127851.922   127985.220   130384.831
764  TIM3+I+R4     63523.807    419 127885.615   128018.229   130412.492
778  TIM3+F+R5     62730.114    423 126306.228   126441.588   128857.229
786  TIM3+F+I+R4   62750.199    422 126344.397   126479.068   128889.367
800  TVMe+R5       63042.648    421 126927.296   127061.279   129466.235
808  TVMe+I+R4     63050.067    420 126940.134   127073.433   129473.043
822  TVMe+R5       63042.648    421 126927.296   127061.279   129466.235
830  TVMe+I+R4     63050.067    420 126940.134   127073.433   129473.043
844  TVM+R5        63042.576    421 126927.153   127061.136   129466.092
852  TVM+I+R4      63050.054    420 126940.109   127073.407   129473.017
866  TVM+F+R5      62624.764    424 126097.528   126233.579   128654.559
874  TVM+F+I+R4    62635.706    423 126117.411   126252.771   128668.412
888  SYM+R5        62541.961    422 125927.923   126062.594   128472.893
896  SYM+I+R4      62552.675    421 125947.349   126081.333   128486.289
910  SYM+R5        62541.961    422 125927.923   126062.594   128472.893
918  SYM+I+R4      62552.675    421 125947.349   126081.333   128486.289
932  GTR+R5        62541.846    422 125927.692   126062.363   128472.662
940  GTR+I+R4      62552.672    421 125947.344   126081.327   128486.283
954  GTR+F+R5      62261.817    425 125373.634   125510.379   127936.697
962  GTR+F+I+R4    62279.689    424 125407.379   125543.430   127964.410
Akaike Information Criterion:           GTR+F+R5
Corrected Akaike Information Criterion: GTR+F+R5
Bayesian Information Criterion:         TIM2+F+R5
Best-fit model: TIM2+F+R5 chosen according to BIC

All model information printed to results/dna_M4900_206_3074.phy/output_files/iqtree/inference/pars_3.model.gz
CPU time for ModelFinder: 1273.318 seconds (0h:21m:13s)
Wall-clock time for ModelFinder: 1277.161 seconds (0h:21m:17s)

NOTE: 67 MB RAM (0 GB) is required!
Estimate model parameters (epsilon = 0.010)
1. Initial log-likelihood: -62267.656
2. Current log-likelihood: -62266.649
3. Current log-likelihood: -62266.558
4. Current log-likelihood: -62266.524
5. Current log-likelihood: -62266.502
6. Current log-likelihood: -62266.489
Optimal log-likelihood: -62266.479
Rate parameters:  A-C: 5.61977  A-G: 13.54996  A-T: 5.61977  C-G: 1.00000  C-T: 34.14496  G-T: 1.00000
Base frequencies:  A: 0.333  C: 0.242  G: 0.182  T: 0.243
Site proportion and rates:  (0.414,0.034) (0.222,0.410) (0.178,1.249) (0.144,2.953) (0.043,5.803)
Parameters optimization took 6 rounds (9.686 sec)
Wrote distance file to... 
BEST SCORE FOUND : -62266.479
Total tree length: 10.990

Total number of iterations: 0
CPU time used for tree search: 0.000 sec (0h:0m:0s)
Wall-clock time used for tree search: 0.000 sec (0h:0m:0s)
Total CPU time used: 1283.035 sec (0h:21m:23s)
Total wall-clock time used: 1286.919 sec (0h:21m:26s)

Analysis results written to: 
  IQ-TREE report:                results/dna_M4900_206_3074.phy/output_files/iqtree/inference/pars_3.iqtree
  Maximum-likelihood tree:       results/dna_M4900_206_3074.phy/output_files/iqtree/inference/pars_3.treefile
  Screen log file:               results/dna_M4900_206_3074.phy/output_files/iqtree/inference/pars_3.log

Date and Time: Wed Sep 24 03:05:25 2025
