IQ-TREE version 3.0.1 for Linux x86 64-bit built Sep 12 2025
Developed by Bui Quang Minh, Thomas Wong, Nhan Ly-Trong, Huaiyan Ren
Contributed by Lam-Tung Nguyen, Dominik Schrempf, Chris Bielow,
Olga Chernomor, Michael Woodhams, Diep Thi Hoang, Heiko Schmidt

Host:    suny-Precision-5530 (AVX2, FMA3, 15 GB RAM)
Command: /usr/local/bin/iqtree3 -s /home/suny/Downloads/VAN_TRAINING_DATA/data3/dna_M4900_206_3074.phy -pre results/dna_M4900_206_3074.phy/output_files/iqtree/inference/pars_6 -seed 6 -ninit 1 -T 1 -redo -n 0
Seed:    6 (Using SPRNG - Scalable Parallel Random Number Generator)
Time:    Tue Sep 23 18:03:53 2025
Kernel:  AVX+FMA - 1 threads (12 CPU cores detected)

HINT: Use -nt option to specify number of threads because your CPU has 12 cores!
HINT: -nt AUTO will automatically determine the best number of threads to use.

Reading alignment file /home/suny/Downloads/VAN_TRAINING_DATA/data3/dna_M4900_206_3074.phy ... Phylip format detected
Alignment most likely contains DNA/RNA sequences
Constructing alignment: done in 0.0112555 secs using 65.06% CPU
Alignment has 206 sequences with 3074 columns, 2022 distinct patterns
1574 parsimony-informative, 169 singleton sites, 1331 constant sites
                                             Gap/Ambiguity  Composition  p-value
Analyzing sequences: done in 0.00196432 secs using 99.47% CPU
   1  Amietia_angolensis_CAS191519                  39.69%    passed      9.88%
   2  Amietia_angolensis_DQ019576                   71.86%    failed      2.62%
   3  Arthroleptella_villiersi_CR1073               40.57%    passed     39.57%
   4  Cacosternum_boettgeri_ZFMK66727               73.00%    passed     24.56%
   5  Cardioglossa_gracilis_MVZ234675               23.85%    passed      6.21%
   6  Conraua_crassipes_ZFMK75446                   72.58%    failed      0.76%
   7  Natalobatrachus_bonebergi_ZFMK66443           72.28%    failed      2.03%
   8  Petropedetes_martiensseni_CR10898             40.21%    failed      0.98%
   9  Petropedetes_parkeri_AY341628                 63.96%    failed      4.06%
  10  Petropedetes_parkeri_VUB0955                  58.59%    passed     23.42%
  11  Phrynobatrachus_acridoides_BM2002.347         32.30%    failed      4.19%
  12  Phrynobatrachus_acridoides_MCZA-138214        28.85%    failed      0.73%
  13  Phrynobatrachus_acutirostris_EBG1314          23.45%    passed     77.48%
  14  Phrynobatrachus_acutirostris_EBG1315          23.42%    passed     79.51%
  15  Phrynobatrachus_acutirostris_EBG1317          23.45%    passed     76.21%
  16  Phrynobatrachus_aff_gutturosus_MORS01.38      22.54%    passed     43.73%
  17  Phrynobatrachus_aff_gutturosus_MORT33         37.18%    passed     89.25%
  18  Phrynobatrachus_aff_latifrons_BM2005.1185     23.91%    passed      6.81%
  19  Phrynobatrachus_aff_latifrons_BM2005.1203     23.91%    passed      6.22%
  20  Phrynobatrachus_aff_latifrons_BM2005.1206     23.88%    passed      5.80%
  21  Phrynobatrachus_aff_latifrons_BM2005.1217     23.91%    passed      7.14%
  22  Phrynobatrachus_aff_latifrons_MORCO5          37.96%    passed     60.23%
  23  Phrynobatrachus_aff_latifrons_ZMB73284        26.42%    passed     16.39%
  24  Phrynobatrachus_africanus_CAS207779           25.93%    passed     72.64%
  25  Phrynobatrachus_africanus_MCZA-136731         26.06%    passed     74.94%
  26  Phrynobatrachus_africanus_MCZA-136756         25.50%    passed     65.88%
  27  Phrynobatrachus_africanus_MCZA-136800         29.47%    passed     55.86%
  28  Phrynobatrachus_africanus_MCZA-136839         26.09%    passed     63.20%
  29  Phrynobatrachus_africanus_MCZA-136944         24.59%    passed     68.51%
  30  Phrynobatrachus_africanus_MCZA-136945         24.59%    passed     67.73%
  31  Phrynobatrachus_africanus_ZMB73712            24.59%    passed     65.77%
  32  Phrynobatrachus_africanus_ZMB73715            37.18%    passed     50.70%
  33  Phrynobatrachus_alleni_MORGre67               72.87%    passed     20.63%
  34  Phrynobatrachus_alleni_MORT03.1               72.87%    passed     21.25%
  35  Phrynobatrachus_alleni_MVZ245171              72.87%    passed     20.97%
  36  Phrynobatrachus_annulatus_ZMB73744            23.26%    passed     64.32%
  37  Phrynobatrachus_annulatus_ZMB73745            22.90%    passed     69.34%
  38  Phrynobatrachus_annulatus_ZMB73746            25.67%    passed     17.72%
  39  Phrynobatrachus_auritus_CAS207932             26.06%    passed     29.88%
  40  Phrynobatrachus_auritus_CAS207937             26.09%    passed     29.71%
  41  Phrynobatrachus_auritus_MCZA-136736           28.50%    passed     25.59%
  42  Phrynobatrachus_auritus_MCZA-136792           46.62%    passed     22.89%
  43  Phrynobatrachus_batesii_MCZA-136783           24.27%    passed     43.27%
  44  Phrynobatrachus_batesii_MCZA-136784           24.17%    passed     40.38%
  45  Phrynobatrachus_batesii_MCZA-136793           23.39%    passed     47.72%
  46  Phrynobatrachus_bullans_AAUA2008-032          24.66%    passed     77.02%
  47  Phrynobatrachus_bullans_BM2005.1179           24.40%    passed     98.62%
  48  Phrynobatrachus_bullans_MVZ234151             24.37%    passed     97.72%
  49  Phrynobatrachus_bullans_MVZ238716             24.40%    passed     99.01%
  50  Phrynobatrachus_calcaratus_MORC12             25.44%    passed     30.98%
  51  Phrynobatrachus_calcaratus_MVZ245139          22.97%    passed     38.84%
  52  Phrynobatrachus_calcaratus_MVZ245140          25.05%    passed     25.31%
  53  Phrynobatrachus_calcaratus_ZMB_71459          22.80%    passed     43.79%
  54  Phrynobatrachus_calcaratus_ZMB_71462          27.07%    passed     14.33%
  55  Phrynobatrachus_cf_hylaois_DS103              33.05%    passed     54.70%
  56  Phrynobatrachus_cf_hylaois_DS107              23.78%    passed     17.83%
  57  Phrynobatrachus_cf_uzungwensis_BM2005.181     23.03%    passed     30.05%
  58  Phrynobatrachus_chukuchuku_MCZA-138124        23.39%    passed     79.42%
  59  Phrynobatrachus_cornutus_CAS207799            23.03%    passed     85.11%
  60  Phrynobatrachus_cornutus_CAS207877            23.00%    passed     86.69%
  61  Phrynobatrachus_cornutus_MCZA-136837          23.00%    passed     82.26%
  62  Phrynobatrachus_cornutus_ZMB_73784            23.03%    passed     88.75%
  63  Phrynobatrachus_cricogaster_MCZA-138030       23.29%    passed     87.80%
  64  Phrynobatrachus_cricogaster_MV9.8             23.32%    passed     87.64%
  65  Phrynobatrachus_cricogaster_ZMB71458          26.71%    passed     59.85%
  66  Phrynobatrachus_dendrobates_CAS202049         23.26%    passed     54.10%
  67  Phrynobatrachus_dendrobates_CAS202051         23.26%    passed     53.67%
  68  Phrynobatrachus_dispar_CAS219084              27.13%    passed     61.04%
  69  Phrynobatrachus_dispar_CAS219202              22.87%    passed     60.62%
  70  Phrynobatrachus_dispar_CAS219352              24.59%    passed     70.33%
  71  Phrynobatrachus_dispar_CAS219386              25.70%    passed     57.98%
  72  Phrynobatrachus_francisci_MORC8               45.06%    failed      3.87%
  73  Phrynobatrachus_francisci_MVZ245148           38.94%    passed      8.17%
  74  Phrynobatrachus_francisci_MVZ249545           40.27%    passed      5.33%
  75  Phrynobatrachus_francisci_ZMB73779            73.65%    passed     36.08%
  76  Phrynobatrachus_fraterculus_ZMB73759          28.63%    passed     85.20%
  77  Phrynobatrachus_fraterculus_ZMB73761          27.81%    passed     94.18%
  78  Phrynobatrachus_ghanensis_MORAT48             54.00%    failed      4.12%
  79  Phrynobatrachus_ghanensis_ZMB_70721           54.00%    failed      3.32%
  80  Phrynobatrachus_graueri_UTAA58270             23.49%    passed     84.41%
  81  Phrynobatrachus_graueri_UTAA58273             23.49%    passed     74.49%
  82  Phrynobatrachus_graueri_UTAA58276             23.49%    passed     79.30%
  83  Phrynobatrachus_guineensis_MORT02.11          23.23%    passed     10.93%
  84  Phrynobatrachus_guineensis_MORT13             37.44%    passed     24.42%
  85  Phrynobatrachus_gutturosus_MORC11             25.67%    failed      0.77%
  86  Phrynobatrachus_inexpectatus_AAUA2008-043     22.12%    passed     49.87%
  87  Phrynobatrachus_intermedius_ZMB71538          24.04%    passed     35.76%
  88  Phrynobatrachus_kakamikro_MHNG_2709.89        85.20%    passed     52.88%
  89  Phrynobatrachus_kakamikro_NMK_A_3924_1        83.70%    passed     52.88%
  90  Phrynobatrachus_kakamikro_NMK_A_3924_2        74.04%    passed      9.60%
  91  Phrynobatrachus_keniensis_MVZ226260           22.84%    passed      8.97%
  92  Phrynobatrachus_kinangopensis_ZFMK83497       74.07%    passed     80.10%
  93  Phrynobatrachus_krefftii_BM2002.323           23.00%    failed      3.91%
  94  Phrynobatrachus_krefftii_BM2002.994           25.76%    failed      3.34%
  95  Phrynobatrachus_krefftii_MCZA-138315          23.13%    passed     13.09%
  96  Phrynobatrachus_krefftii_MCZA-138316          23.00%    failed      3.59%
  97  Phrynobatrachus_krefftii_MCZA-138317          23.03%    failed      4.45%
  98  Phrynobatrachus_krefftii_MCZA-138318          23.03%    failed      4.11%
  99  Phrynobatrachus_latifrons_GANBe13             25.11%    passed     35.02%
 100  Phrynobatrachus_latifrons_MORC10              25.96%    passed     34.15%
 101  Phrynobatrachus_latifrons_MVZ245150           23.75%    passed     36.57%
 102  Phrynobatrachus_latifrons_ZMB73753            28.20%    passed     36.12%
 103  Phrynobatrachus_leveleve_CAS218894            22.58%    passed     73.68%
 104  Phrynobatrachus_leveleve_CAS218906            22.61%    passed     75.39%
 105  Phrynobatrachus_liberiensis_MORMTN130         24.37%    passed     55.89%
 106  Phrynobatrachus_liberiensis_MORT5             31.23%    passed     89.71%
 107  Phrynobatrachus_liberiensis_ZMB_73768         26.87%    passed     90.79%
 108  Phrynobatrachus_mababiensis_A_MV10.8          22.87%    passed     27.14%
 109  Phrynobatrachus_mababiensis_B_AC1258          22.61%    passed     99.09%
 110  Phrynobatrachus_mababiensis_B_PEMNi12         76.58%    passed     88.52%
 111  Phrynobatrachus_mababiensis_C_BM2005.119      23.23%    passed     72.67%
 112  Phrynobatrachus_mababiensis_C_MCZA-138322     23.00%    passed     57.07%
 113  Phrynobatrachus_mababiensis_C_MCZA-138330     41.25%    passed     17.46%
 114  Phrynobatrachus_maculiventris_ZMB71592        48.76%    passed     41.39%
 115  Phrynobatrachus_maculiventris_ZMB71593        45.25%    passed     51.06%
 116  Phrynobatrachus_manengoubensis_MCZA-136923    23.32%    passed     83.78%
 117  Phrynobatrachus_manengoubensis_MCZA-136924    23.29%    passed     84.52%
 118  Phrynobatrachus_manengoubensis_MCZA-136943    23.29%    passed     85.08%
 119  Phrynobatrachus_manengoubensis_MCZA-136944    23.29%    passed     79.41%
 120  Phrynobatrachus_manengoubensis_MCZA-138047    23.29%    passed     85.08%
 121  Phrynobatrachus_minutus_AAUA2008-059          16.85%    passed     51.60%
 122  Phrynobatrachus_minutus_AAUA2008-078          28.01%    passed     15.13%
 123  Phrynobatrachus_minutus_AAUA2008-101          14.12%    passed     33.61%
 124  Phrynobatrachus_minutus_AAUA2008-103          16.88%    passed     50.13%
 125  Phrynobatrachus_natalensis_AAUA2008-203       24.56%    passed     80.40%
 126  Phrynobatrachus_natalensis_AAUA2008-205       26.84%    passed     83.10%
 127  Phrynobatrachus_natalensis_AAUA2008-229       24.56%    passed     76.50%
 128  Phrynobatrachus_natalensis_BM2005.1189        24.56%    passed     78.29%
 129  Phrynobatrachus_natalensis_ES938              26.90%    passed     55.27%
 130  Phrynobatrachus_natalensis_MCZA-138337        24.56%    passed     70.84%
 131  Phrynobatrachus_natalensis_MCZA-138354        24.53%    passed     81.16%
 132  Phrynobatrachus_natalensis_MVZ234059          24.53%    passed     82.24%
 133  Phrynobatrachus_natalensis_MVZ245160          24.53%    passed     45.24%
 134  Phrynobatrachus_natalensis_MVZ245161          24.53%    passed     42.41%
 135  Phrynobatrachus_natalensis_PEMNi27            24.53%    passed     81.45%
 136  Phrynobatrachus_natalensis_PEMNi52            24.53%    passed     82.76%
 137  Phrynobatrachus_natalensis_PEMNi73            24.53%    passed     82.31%
 138  Phrynobatrachus_natalensis_UTA_A58263         24.59%    passed     74.52%
 139  Phrynobatrachus_natalensis_UTAA58262          24.59%    passed     71.30%
 140  Phrynobatrachus_natalensis_ZFMK73452          74.17%    passed     56.26%
 141  Phrynobatrachus_natalensis_ZMB73717           27.20%    passed     36.62%
 142  Phrynobatrachus_natalensis_ZMKMW10.2          24.56%    passed     71.07%
 143  Phrynobatrachus_pakenhami_MCZ_A-138282        29.38%    failed      0.62%
 144  Phrynobatrachus_pakenhami_MCZ_A-138283        24.40%    failed      0.38%
 145  Phrynobatrachus_pallidus_MVZ234153            23.00%    passed     84.89%
 146  Phrynobatrachus_parvulus_BM2005.308           36.96%    passed     16.08%
 147  Phrynobatrachus_parvulus_MCZA-137075          27.36%    passed     21.14%
 148  Phrynobatrachus_parvulus_MCZA-137076          27.52%    passed     24.82%
 149  Phrynobatrachus_parvulus_MCZA-137077          27.16%    passed     24.07%
 150  Phrynobatrachus_petropedetoides_MCZA-138201   20.27%    passed     12.99%
 151  Phrynobatrachus_phyllophilus_MORP10           25.93%    passed     26.18%
 152  Phrynobatrachus_phyllophilus_MORT03.3         38.45%    passed     51.97%
 153  Phrynobatrachus_phyllophilus_ZMB_73763        25.83%    passed     16.50%
 154  Phrynobatrachus_pintoi_ZMB70689               37.22%    passed     95.66%
 155  Phrynobatrachus_plicatus_JPALa39              25.15%    passed      6.35%
 156  Phrynobatrachus_plicatus_MVZ245164            26.45%    passed     11.13%
 157  Phrynobatrachus_plicatus_MVZ245165            26.45%    passed     13.90%
 158  Phrynobatrachus_plicatus_ZMB73742             26.19%    passed      9.53%
 159  Phrynobatrachus_rungwensis_BM2005.145         23.10%    passed     39.05%
 160  Phrynobatrachus_rungwensis_BM2005.858         28.89%    passed     19.14%
 161  Phrynobatrachus_rungwensis_BM2005.859         23.10%    passed     34.38%
 162  Phrynobatrachus_sandersoni_MCZA-136790        25.08%    passed      7.07%
 163  Phrynobatrachus_sandersoni_MCZA-136791        25.11%    passed      8.16%
 164  Phrynobatrachus_sandersoni_MCZA-136794        23.65%    passed      5.62%
 165  Phrynobatrachus_scheffleri_MVZ234062          27.42%    passed     20.25%
 166  Phrynobatrachus_scheffleri_MVZ234149          23.00%    passed     30.71%
 167  Phrynobatrachus_spnov1_AAUA2008-348           22.97%    passed     46.54%
 168  Phrynobatrachus_spnov1_AAUA2008-349           22.97%    passed     43.37%
 169  Phrynobatrachus_spnov2_ZMB73708               24.59%    passed     31.53%
 170  Phrynobatrachus_spnov3_ZMB73704               40.63%    passed      6.21%
 171  Phrynobatrachus_spnov3_ZMB73707               36.04%    passed     11.94%
 172  Phrynobatrachus_steindachneri_MCZA-136875     23.39%    passed     68.21%
 173  Phrynobatrachus_steindachneri_MCZA-136877     23.39%    passed     69.96%
 174  Phrynobatrachus_steindachneri_MCZA-136892     23.42%    passed     89.61%
 175  Phrynobatrachus_steindachneri_MCZA-136903     23.32%    passed     92.04%
 176  Phrynobatrachus_steindachneri_MCZA-136904     23.29%    passed     89.92%
 177  Phrynobatrachus_steindachneri_MCZA-136909     23.32%    passed     88.83%
 178  Phrynobatrachus_steindachneri_MCZA-136927     23.42%    passed     91.63%
 179  Phrynobatrachus_steindachneri_MCZA-136928     23.45%    passed     93.32%
 180  Phrynobatrachus_steindachneri_MCZA-138064     23.32%    passed     90.57%
 181  Phrynobatrachus_steindachneri_MCZA-138104     23.45%    passed     38.58%
 182  Phrynobatrachus_steindachneri_MCZA-138135     23.39%    passed     68.57%
 183  Phrynobatrachus_tokba_MORA29                  24.40%    passed     30.46%
 184  Phrynobatrachus_tokba_MORFD90                 23.98%    passed     56.04%
 185  Phrynobatrachus_tokba_ZMB73280                27.55%    passed     45.43%
 186  Phrynobatrachus_tokba_ZMB73766                24.37%    passed     40.35%
 187  Phrynobatrachus_tokba_ZMB73774                27.88%    passed     55.66%
 188  Phrynobatrachus_tokba_ZMB73776                24.20%    passed     35.58%
 189  Phrynobatrachus_ukingensis_BM2005.144         22.93%    passed     98.59%
 190  Phrynobatrachus_ungujae_MCZA-138444           22.93%    passed     98.59%
 191  Phrynobatrachus_uzungwensis_AC2065            86.63%    passed     70.75%
 192  Phrynobatrachus_versicolor_CAS202007          19.42%    passed     13.51%
 193  Phrynobatrachus_villiersi_ZMB70743            23.00%    passed     51.83%
 194  Phrynobatrachus_villiersi_ZMB70746            22.97%    passed     53.19%
 195  Phrynobatrachus_villiersi_ZMB73740            25.63%    passed     33.51%
 196  Phrynobatrachus_werneri_MVZ234835             23.39%    passed     72.48%
 197  Phrynobatrachus_werneri_MVZ253334             23.16%    passed     90.24%
 198  Poyntonia_paludicola_VUB1066                  40.34%    failed      4.31%
 199  Ptychadena_mascareniensis_VUB0957             52.41%    passed     11.64%
 200  Ptychadena_newtoni_CAS219249                  19.19%    passed     34.69%
 201  Ptychadena_newtoni_CAS219250                  19.26%    passed     36.78%
 202  Pyxicephalus_adspersus_ZFMK66446              38.48%    passed     68.62%
 203  Pyxicephalus_adspersusAF206091                66.88%    passed     64.50%
 204  Strongylopus_fasciatus_ZFMK66444              71.57%    failed      1.35%
 205  Tomopterna_damarensis_ZFMK66403               72.25%    failed      2.52%
 206  Tomopterna_natalensis_ZFMK68815               38.32%    failed      1.02%
WARNING: 23 sequences contain more than 50% gaps/ambiguity
****  TOTAL                                         31.27%  22 sequences failed composition chi2 test (p-value<5%; df=3)
Checking for duplicate sequences: done in 0.00243434 secs using 94.89% CPU


Create initial parsimony tree by phylogenetic likelihood library (PLL)... 0.094 seconds
Perform fast likelihood tree search using GTR+I+G model...
Estimate model parameters (epsilon = 5.000)
Perform nearest neighbor interchange...
Estimate model parameters (epsilon = 1.000)
1. Initial log-likelihood: -62259.111
Optimal log-likelihood: -62258.303
Rate parameters:  A-C: 4.20491  A-G: 10.53611  A-T: 4.75195  C-G: 0.71459  C-T: 27.32363  G-T: 1.00000
Base frequencies:  A: 0.333  C: 0.242  G: 0.182  T: 0.243
Proportion of invariable sites: 0.234
Gamma shape alpha: 0.703
Parameters optimization took 1 rounds (1.454 sec)
Time for fast ML tree search: 14.648 seconds

NOTE: ModelFinder requires 135 MB RAM!
ModelFinder will test up to 968 DNA models (sample size: 3074 epsilon: 0.100) ...
 No. Model         -LnL         df  AIC          AICc         BIC
  1  JC            75761.599    409 152341.198   152467.091   154807.769
  2  JC+I          71302.793    410 143425.586   143552.142   145898.187
  3  JC+G4         67580.177    410 135980.354   136106.910   138452.955
  4  JC+I+G4       67437.008    411 135696.017   135823.238   138174.649
  5  JC+R2         68587.509    411 137997.017   138124.239   140475.649
  6  JC+R3         67608.665    413 136043.330   136171.888   138534.023
  7  JC+R4         67400.229    415 135630.459   135760.361   138133.214
  8  JC+R5         67359.742    417 135553.484   135684.738   138068.300
  9  JC+R6         67359.210    419 135556.421   135689.036   138083.299
 14  JC+I+R2       67930.879    412 136685.758   136813.647   139170.421
 15  JC+I+R3       67460.007    414 135748.013   135877.242   138244.737
 16  JC+I+R4       67364.913    416 135561.825   135692.402   138070.611
 17  JC+I+R5       67361.244    418 135558.489   135690.422   138079.336
 30  JC+R5         67359.742    417 135553.484   135684.738   138068.300
 38  JC+I+R4       67364.913    416 135561.825   135692.402   138070.611
 52  F81+R5        67359.615    417 135553.229   135684.484   138068.046
 60  F81+I+R4      67364.822    416 135561.645   135692.222   138070.431
 74  F81+F+R5      66915.719    420 134671.438   134804.737   137204.347
 82  F81+F+I+R4    66921.706    419 134681.413   134814.028   137208.291
 96  K2P+R5        63956.811    418 128749.622   128881.556   131270.470
104  K2P+I+R4      63964.027    417 128762.054   128893.309   131276.871
118  K2P+R5        63956.811    418 128749.622   128881.556   131270.470
126  K2P+I+R4      63964.027    417 128762.054   128893.309   131276.871
140  HKY+R5        63956.616    418 128749.233   128881.167   131270.080
148  HKY+I+R4      63963.974    417 128761.948   128893.202   131276.764
162  HKY+F+R5      62986.845    421 126815.691   126949.674   129354.630
170  HKY+F+I+R4    62996.898    420 126833.797   126967.095   129366.705
184  TNe+R5        63447.283    419 127732.565   127865.180   130259.443
192  TNe+I+R4      63463.786    418 127763.572   127895.506   130284.420
206  TNe+R5        63447.283    419 127732.565   127865.180   130259.443
214  TNe+I+R4      63463.786    418 127763.572   127895.506   130284.420
228  TN+R5         63447.259    419 127732.517   127865.132   130259.395
236  TN+I+R4       63463.623    418 127763.247   127895.180   130284.094
250  TN+F+R5       62672.980    422 126189.959   126324.630   128734.929
258  TN+F+I+R4     62692.739    421 126227.477   126361.461   128766.417
272  K3P+R5        63953.583    419 128745.167   128877.782   131272.045
280  K3P+I+R4      63960.781    418 128757.561   128889.495   131278.408
294  K3P+R5        63953.583    419 128745.167   128877.782   131272.045
302  K3P+I+R4      63960.781    418 128757.561   128889.495   131278.408
316  K3Pu+R5       63953.393    419 128744.785   128877.400   131271.663
324  K3Pu+I+R4     63960.750    418 128757.500   128889.433   131278.347
338  K3Pu+F+R5     62983.679    422 126811.358   126946.029   129356.328
346  K3Pu+F+I+R4   62994.251    421 126830.501   126964.484   129369.440
360  TPM2+R5       62983.690    419 126805.381   126937.996   129332.259
368  TPM2+I+R4     62989.519    418 126815.038   126946.972   129335.885
382  TPM2+R5       62983.690    419 126805.381   126937.996   129332.259
390  TPM2+I+R4     62989.519    418 126815.038   126946.972   129335.885
404  TPM2u+R5      62983.496    419 126804.992   126937.607   129331.870
412  TPM2u+I+R4    62989.489    418 126814.977   126946.911   129335.825
426  TPM2u+F+R5    62566.662    422 125977.324   126111.995   128522.294
434  TPM2u+F+I+R4  62576.848    421 125995.696   126129.679   128534.635
448  TPM3+R5       63953.444    419 128744.889   128877.504   131271.767
456  TPM3+I+R4     63960.806    418 128757.613   128889.547   131278.460
470  TPM3+R5       63953.444    419 128744.889   128877.504   131271.767
478  TPM3+I+R4     63960.806    418 128757.613   128889.547   131278.460
492  TPM3u+R5      63953.268    419 128744.536   128877.151   131271.414
500  TPM3u+I+R4    63960.753    418 128757.505   128889.439   131278.352
514  TPM3u+F+R5    62982.630    422 126809.259   126943.930   129354.230
522  TPM3u+F+I+R4  62993.443    421 126828.886   126962.869   129367.825
536  TIMe+R5       63443.666    420 127727.332   127860.630   130260.241
544  TIMe+I+R4     63460.410    419 127758.820   127891.435   130285.698
558  TIMe+R5       63443.666    420 127727.332   127860.630   130260.241
566  TIMe+I+R4     63460.410    419 127758.820   127891.435   130285.698
580  TIM+R5        63443.633    420 127727.267   127860.565   130260.175
588  TIM+I+R4      63460.268    419 127758.536   127891.151   130285.414
602  TIM+F+R5      62669.813    423 126185.626   126320.986   128736.627
610  TIM+F+I+R4    62689.686    422 126223.372   126358.043   128768.342
624  TIM2e+R5      62483.952    420 125807.904   125941.202   128340.812
632  TIM2e+I+R4    62493.163    419 125824.325   125956.940   128351.203
646  TIM2e+R5      62483.952    420 125807.904   125941.202   128340.812
654  TIM2e+I+R4    62493.163    419 125824.325   125956.940   128351.203
668  TIM2+R5       62483.775    420 125807.550   125940.849   128340.459
676  TIM2+I+R4     62493.146    419 125824.291   125956.906   128351.169
690  TIM2+F+R5     62204.359    423 125254.718   125390.078   127805.719
698  TIM2+F+I+R4   62220.787    422 125285.574   125420.244   127830.544
712  TIM3e+R5      63442.533    420 127725.066   127858.364   130257.974
720  TIM3e+I+R4    63458.896    419 127755.792   127888.407   130282.670
734  TIM3e+R5      63442.533    420 127725.066   127858.364   130257.974
742  TIM3e+I+R4    63458.896    419 127755.792   127888.407   130282.670
756  TIM3+R5       63442.543    420 127725.087   127858.385   130257.995
764  TIM3+I+R4     63458.825    419 127755.649   127888.264   130282.527
778  TIM3+F+R5     62668.119    423 126182.238   126317.598   128733.239
786  TIM3+F+I+R4   62687.757    422 126219.515   126354.185   128764.485
800  TVMe+R5       62978.809    421 126799.618   126933.602   129338.558
808  TVMe+I+R4     62986.244    420 126812.488   126945.786   129345.396
822  TVMe+R5       62978.809    421 126799.618   126933.602   129338.558
830  TVMe+I+R4     62986.244    420 126812.488   126945.786   129345.396
844  TVM+R5        62978.742    421 126799.485   126933.468   129338.424
852  TVM+I+R4      62986.225    420 126812.450   126945.749   129345.359
866  TVM+F+R5      62562.902    424 125973.804   126109.855   128530.835
874  TVM+F+I+R4    62573.549    423 125993.099   126128.459   128544.100
888  SYM+R5        62478.573    422 125801.146   125935.817   128346.116
896  SYM+I+R4      62489.150    421 125820.300   125954.283   128359.239
910  SYM+R5        62478.573    422 125801.146   125935.817   128346.116
918  SYM+I+R4      62489.150    421 125820.300   125954.283   128359.239
932  GTR+R5        62478.447    422 125800.894   125935.564   128345.864
940  GTR+I+R4      62489.142    421 125820.285   125954.268   128359.224
954  GTR+F+R5      62199.788    425 125249.577   125386.321   127812.639
962  GTR+F+I+R4    62215.935    424 125279.870   125415.922   127836.902
Akaike Information Criterion:           GTR+F+R5
Corrected Akaike Information Criterion: GTR+F+R5
Bayesian Information Criterion:         TIM2+F+R5
Best-fit model: TIM2+F+R5 chosen according to BIC

All model information printed to results/dna_M4900_206_3074.phy/output_files/iqtree/inference/pars_6.model.gz
CPU time for ModelFinder: 1617.404 seconds (0h:26m:57s)
Wall-clock time for ModelFinder: 1622.496 seconds (0h:27m:2s)

NOTE: 67 MB RAM (0 GB) is required!
Estimate model parameters (epsilon = 0.010)
1. Initial log-likelihood: -62205.410
2. Current log-likelihood: -62204.461
3. Current log-likelihood: -62204.357
4. Current log-likelihood: -62204.324
5. Current log-likelihood: -62204.302
6. Current log-likelihood: -62204.286
Optimal log-likelihood: -62204.277
Rate parameters:  A-C: 5.35611  A-G: 12.89390  A-T: 5.35611  C-G: 1.00000  C-T: 32.56056  G-T: 1.00000
Base frequencies:  A: 0.333  C: 0.242  G: 0.182  T: 0.243
Site proportion and rates:  (0.412,0.033) (0.221,0.406) (0.178,1.238) (0.144,2.936) (0.044,5.711)
Parameters optimization took 6 rounds (12.337 sec)
Wrote distance file to... 
BEST SCORE FOUND : -62204.277
Total tree length: 10.902

Total number of iterations: 0
CPU time used for tree search: 0.000 sec (0h:0m:0s)
Wall-clock time used for tree search: 0.000 sec (0h:0m:0s)
Total CPU time used: 1629.767 sec (0h:27m:9s)
Total wall-clock time used: 1634.914 sec (0h:27m:14s)

Analysis results written to: 
  IQ-TREE report:                results/dna_M4900_206_3074.phy/output_files/iqtree/inference/pars_6.iqtree
  Maximum-likelihood tree:       results/dna_M4900_206_3074.phy/output_files/iqtree/inference/pars_6.treefile
  Screen log file:               results/dna_M4900_206_3074.phy/output_files/iqtree/inference/pars_6.log

Date and Time: Tue Sep 23 18:31:08 2025
