
RAxML-NG v. 1.1.0-master released on 04.08.2022 by The Exelixis Lab.
Developed by: Alexey M. Kozlov and Alexandros Stamatakis.
Contributors: Diego Darriba, Tomas Flouri, Benoit Morel, Sarah Lutteropp, Ben Bettisworth.
Latest version: https://github.com/amkozlov/raxml-ng
Questions/problems/suggestions? Please visit: https://groups.google.com/forum/#!forum/raxml

System: Intel(R) Xeon(R) Gold 6132 CPU @ 2.60GHz, 28 cores, 125 GB RAM

RAxML-NG was called at 05-Oct-2025 02:47:07 as follows:

/datausers/ioit/thaontp/tranthanhvan235/raxml-ng/build/bin/raxml-ng --start --msa /datausers/ioit/thaontp/tranthanhvan235/data_treebase/remainMSAs/dna_M7024_767_5814.phy --tree pars{1} --prefix training_data/dna_M7024_767_5814.phy/output_files/parsimony/seed_1 --model GTR+G --seed 1

Analysis options:
  run mode: Starting tree generation
  start tree(s): parsimony (1)
  random seed: 1
  SIMD kernels: AVX2
  parallelization: coarse-grained (auto), PTHREADS (auto)

[00:00:00] Reading alignment from file: /datausers/ioit/thaontp/tranthanhvan235/data_treebase/remainMSAs/dna_M7024_767_5814.phy
[00:00:00] Loaded alignment with 767 taxa and 5814 sites

Alignment comprises 1 partitions and 3492 patterns

Partition 0: noname
Model: GTR+FO+G4m
Alignment sites / patterns: 5814 / 3492
Gaps: 66.72 %
Invariant sites: 46.59 %


NOTE: Binary MSA file created: training_data/dna_M7024_767_5814.phy/output_files/parsimony/seed_1.raxml.rba

[00:00:00] Generating 1 parsimony starting tree(s) with 767 taxa
Parsimony score: 96554

All starting trees saved to: /datausers/ioit/thaontp/minhminh/difficulty-prediction-training-data/training_data/dna_M7024_767_5814.phy/output_files/parsimony/seed_1.raxml.startTree


Execution log saved to: /datausers/ioit/thaontp/minhminh/difficulty-prediction-training-data/training_data/dna_M7024_767_5814.phy/output_files/parsimony/seed_1.raxml.log

Analysis started: 05-Oct-2025 02:47:07 / finished: 05-Oct-2025 02:47:10

Elapsed time: 2.928 seconds

Consumed energy: 0.214 Wh


RAxML-NG v. 1.1.0-master released on 04.08.2022 by The Exelixis Lab.
Developed by: Alexey M. Kozlov and Alexandros Stamatakis.
Contributors: Diego Darriba, Tomas Flouri, Benoit Morel, Sarah Lutteropp, Ben Bettisworth.
Latest version: https://github.com/amkozlov/raxml-ng
Questions/problems/suggestions? Please visit: https://groups.google.com/forum/#!forum/raxml

System: Intel(R) Xeon(R) Gold 6132 CPU @ 2.60GHz, 28 cores, 125 GB RAM

RAxML-NG was called at 30-Sep-2025 21:09:52 as follows:

/datausers/ioit/thaontp/tranthanhvan235/raxml-ng/build/bin/raxml-ng --start --msa /datausers/ioit/thaontp/tranthanhvan235/data_treebase/remainMSAs/dna_M7024_767_5814.phy --tree pars{1} --prefix training_data/dna_M7024_767_5814.phy/output_files/parsimony/seed_2 --model GTR+G --seed 2

Analysis options:
  run mode: Starting tree generation
  start tree(s): parsimony (1)
  random seed: 2
  SIMD kernels: AVX2
  parallelization: coarse-grained (auto), PTHREADS (auto)

[00:00:00] Reading alignment from file: /datausers/ioit/thaontp/tranthanhvan235/data_treebase/remainMSAs/dna_M7024_767_5814.phy
[00:00:00] Loaded alignment with 767 taxa and 5814 sites

Alignment comprises 1 partitions and 3492 patterns

Partition 0: noname
Model: GTR+FO+G4m
Alignment sites / patterns: 5814 / 3492
Gaps: 66.72 %
Invariant sites: 46.59 %


NOTE: Binary MSA file created: training_data/dna_M7024_767_5814.phy/output_files/parsimony/seed_2.raxml.rba

[00:00:00] Generating 1 parsimony starting tree(s) with 767 taxa
Parsimony score: 96724

All starting trees saved to: /datausers/ioit/thaontp/minhminh/difficulty-prediction-training-data/training_data/dna_M7024_767_5814.phy/output_files/parsimony/seed_2.raxml.startTree


Execution log saved to: /datausers/ioit/thaontp/minhminh/difficulty-prediction-training-data/training_data/dna_M7024_767_5814.phy/output_files/parsimony/seed_2.raxml.log

Analysis started: 30-Sep-2025 21:09:52 / finished: 30-Sep-2025 21:09:54

Elapsed time: 2.357 seconds

Consumed energy: 0.175 Wh


RAxML-NG v. 1.1.0-master released on 04.08.2022 by The Exelixis Lab.
Developed by: Alexey M. Kozlov and Alexandros Stamatakis.
Contributors: Diego Darriba, Tomas Flouri, Benoit Morel, Sarah Lutteropp, Ben Bettisworth.
Latest version: https://github.com/amkozlov/raxml-ng
Questions/problems/suggestions? Please visit: https://groups.google.com/forum/#!forum/raxml

System: Intel(R) Xeon(R) Gold 6132 CPU @ 2.60GHz, 28 cores, 125 GB RAM

RAxML-NG was called at 30-Sep-2025 12:54:32 as follows:

/datausers/ioit/thaontp/tranthanhvan235/raxml-ng/build/bin/raxml-ng --start --msa /datausers/ioit/thaontp/tranthanhvan235/data_treebase/remainMSAs/dna_M7024_767_5814.phy --tree pars{1} --prefix training_data/dna_M7024_767_5814.phy/output_files/parsimony/seed_3 --model GTR+G --seed 3

Analysis options:
  run mode: Starting tree generation
  start tree(s): parsimony (1)
  random seed: 3
  SIMD kernels: AVX2
  parallelization: coarse-grained (auto), PTHREADS (auto)

[00:00:00] Reading alignment from file: /datausers/ioit/thaontp/tranthanhvan235/data_treebase/remainMSAs/dna_M7024_767_5814.phy
[00:00:00] Loaded alignment with 767 taxa and 5814 sites

Alignment comprises 1 partitions and 3492 patterns

Partition 0: noname
Model: GTR+FO+G4m
Alignment sites / patterns: 5814 / 3492
Gaps: 66.72 %
Invariant sites: 46.59 %


NOTE: Binary MSA file created: training_data/dna_M7024_767_5814.phy/output_files/parsimony/seed_3.raxml.rba

[00:00:00] Generating 1 parsimony starting tree(s) with 767 taxa
Parsimony score: 96543

All starting trees saved to: /datausers/ioit/thaontp/minhminh/difficulty-prediction-training-data/training_data/dna_M7024_767_5814.phy/output_files/parsimony/seed_3.raxml.startTree


Execution log saved to: /datausers/ioit/thaontp/minhminh/difficulty-prediction-training-data/training_data/dna_M7024_767_5814.phy/output_files/parsimony/seed_3.raxml.log

Analysis started: 30-Sep-2025 12:54:32 / finished: 30-Sep-2025 12:54:34

Elapsed time: 1.984 seconds

Consumed energy: 0.149 Wh


RAxML-NG v. 1.1.0-master released on 04.08.2022 by The Exelixis Lab.
Developed by: Alexey M. Kozlov and Alexandros Stamatakis.
Contributors: Diego Darriba, Tomas Flouri, Benoit Morel, Sarah Lutteropp, Ben Bettisworth.
Latest version: https://github.com/amkozlov/raxml-ng
Questions/problems/suggestions? Please visit: https://groups.google.com/forum/#!forum/raxml

System: Intel(R) Xeon(R) Gold 6132 CPU @ 2.60GHz, 28 cores, 125 GB RAM

RAxML-NG was called at 13-Oct-2025 23:16:57 as follows:

/datausers/ioit/thaontp/tranthanhvan235/raxml-ng/build/bin/raxml-ng --start --msa /datausers/ioit/thaontp/tranthanhvan235/data_treebase/remainMSAs/dna_M7024_767_5814.phy --tree pars{1} --prefix training_data/dna_M7024_767_5814.phy/output_files/parsimony/seed_4 --model GTR+G --seed 4

Analysis options:
  run mode: Starting tree generation
  start tree(s): parsimony (1)
  random seed: 4
  SIMD kernels: AVX2
  parallelization: coarse-grained (auto), PTHREADS (auto)

[00:00:00] Reading alignment from file: /datausers/ioit/thaontp/tranthanhvan235/data_treebase/remainMSAs/dna_M7024_767_5814.phy
[00:00:00] Loaded alignment with 767 taxa and 5814 sites

Alignment comprises 1 partitions and 3492 patterns

Partition 0: noname
Model: GTR+FO+G4m
Alignment sites / patterns: 5814 / 3492
Gaps: 66.72 %
Invariant sites: 46.59 %


NOTE: Binary MSA file created: training_data/dna_M7024_767_5814.phy/output_files/parsimony/seed_4.raxml.rba

[00:00:00] Generating 1 parsimony starting tree(s) with 767 taxa
Parsimony score: 96665

All starting trees saved to: /datausers/ioit/thaontp/minhminh/difficulty-prediction-training-data/training_data/dna_M7024_767_5814.phy/output_files/parsimony/seed_4.raxml.startTree


Execution log saved to: /datausers/ioit/thaontp/minhminh/difficulty-prediction-training-data/training_data/dna_M7024_767_5814.phy/output_files/parsimony/seed_4.raxml.log

Analysis started: 13-Oct-2025 23:16:57 / finished: 13-Oct-2025 23:17:00

Elapsed time: 2.727 seconds

Consumed energy: 0.202 Wh


RAxML-NG v. 1.1.0-master released on 04.08.2022 by The Exelixis Lab.
Developed by: Alexey M. Kozlov and Alexandros Stamatakis.
Contributors: Diego Darriba, Tomas Flouri, Benoit Morel, Sarah Lutteropp, Ben Bettisworth.
Latest version: https://github.com/amkozlov/raxml-ng
Questions/problems/suggestions? Please visit: https://groups.google.com/forum/#!forum/raxml

System: Intel(R) Xeon(R) Gold 6132 CPU @ 2.60GHz, 28 cores, 125 GB RAM

RAxML-NG was called at 01-Oct-2025 09:45:11 as follows:

/datausers/ioit/thaontp/tranthanhvan235/raxml-ng/build/bin/raxml-ng --start --msa /datausers/ioit/thaontp/tranthanhvan235/data_treebase/remainMSAs/dna_M7024_767_5814.phy --tree pars{1} --prefix training_data/dna_M7024_767_5814.phy/output_files/parsimony/seed_5 --model GTR+G --seed 5

Analysis options:
  run mode: Starting tree generation
  start tree(s): parsimony (1)
  random seed: 5
  SIMD kernels: AVX2
  parallelization: coarse-grained (auto), PTHREADS (auto)

[00:00:00] Reading alignment from file: /datausers/ioit/thaontp/tranthanhvan235/data_treebase/remainMSAs/dna_M7024_767_5814.phy
[00:00:00] Loaded alignment with 767 taxa and 5814 sites

Alignment comprises 1 partitions and 3492 patterns

Partition 0: noname
Model: GTR+FO+G4m
Alignment sites / patterns: 5814 / 3492
Gaps: 66.72 %
Invariant sites: 46.59 %


NOTE: Binary MSA file created: training_data/dna_M7024_767_5814.phy/output_files/parsimony/seed_5.raxml.rba

[00:00:00] Generating 1 parsimony starting tree(s) with 767 taxa
Parsimony score: 96622

All starting trees saved to: /datausers/ioit/thaontp/minhminh/difficulty-prediction-training-data/training_data/dna_M7024_767_5814.phy/output_files/parsimony/seed_5.raxml.startTree


Execution log saved to: /datausers/ioit/thaontp/minhminh/difficulty-prediction-training-data/training_data/dna_M7024_767_5814.phy/output_files/parsimony/seed_5.raxml.log

Analysis started: 01-Oct-2025 09:45:11 / finished: 01-Oct-2025 09:45:14

Elapsed time: 2.559 seconds

Consumed energy: 0.192 Wh


RAxML-NG v. 1.1.0-master released on 04.08.2022 by The Exelixis Lab.
Developed by: Alexey M. Kozlov and Alexandros Stamatakis.
Contributors: Diego Darriba, Tomas Flouri, Benoit Morel, Sarah Lutteropp, Ben Bettisworth.
Latest version: https://github.com/amkozlov/raxml-ng
Questions/problems/suggestions? Please visit: https://groups.google.com/forum/#!forum/raxml

System: Intel(R) Xeon(R) Gold 6132 CPU @ 2.60GHz, 28 cores, 125 GB RAM

RAxML-NG was called at 14-Oct-2025 19:17:07 as follows:

/datausers/ioit/thaontp/tranthanhvan235/raxml-ng/build/bin/raxml-ng --start --msa /datausers/ioit/thaontp/tranthanhvan235/data_treebase/remainMSAs/dna_M7024_767_5814.phy --tree pars{1} --prefix training_data/dna_M7024_767_5814.phy/output_files/parsimony/seed_6 --model GTR+G --seed 6

Analysis options:
  run mode: Starting tree generation
  start tree(s): parsimony (1)
  random seed: 6
  SIMD kernels: AVX2
  parallelization: coarse-grained (auto), PTHREADS (auto)

[00:00:00] Reading alignment from file: /datausers/ioit/thaontp/tranthanhvan235/data_treebase/remainMSAs/dna_M7024_767_5814.phy
[00:00:00] Loaded alignment with 767 taxa and 5814 sites

Alignment comprises 1 partitions and 3492 patterns

Partition 0: noname
Model: GTR+FO+G4m
Alignment sites / patterns: 5814 / 3492
Gaps: 66.72 %
Invariant sites: 46.59 %


NOTE: Binary MSA file created: training_data/dna_M7024_767_5814.phy/output_files/parsimony/seed_6.raxml.rba

[00:00:00] Generating 1 parsimony starting tree(s) with 767 taxa
Parsimony score: 96515

All starting trees saved to: /datausers/ioit/thaontp/minhminh/difficulty-prediction-training-data/training_data/dna_M7024_767_5814.phy/output_files/parsimony/seed_6.raxml.startTree


Execution log saved to: /datausers/ioit/thaontp/minhminh/difficulty-prediction-training-data/training_data/dna_M7024_767_5814.phy/output_files/parsimony/seed_6.raxml.log

Analysis started: 14-Oct-2025 19:17:07 / finished: 14-Oct-2025 19:17:09

Elapsed time: 2.149 seconds

Consumed energy: 0.154 Wh


RAxML-NG v. 1.1.0-master released on 04.08.2022 by The Exelixis Lab.
Developed by: Alexey M. Kozlov and Alexandros Stamatakis.
Contributors: Diego Darriba, Tomas Flouri, Benoit Morel, Sarah Lutteropp, Ben Bettisworth.
Latest version: https://github.com/amkozlov/raxml-ng
Questions/problems/suggestions? Please visit: https://groups.google.com/forum/#!forum/raxml

System: Intel(R) Xeon(R) Gold 6132 CPU @ 2.60GHz, 28 cores, 125 GB RAM

RAxML-NG was called at 01-Oct-2025 18:34:36 as follows:

/datausers/ioit/thaontp/tranthanhvan235/raxml-ng/build/bin/raxml-ng --start --msa /datausers/ioit/thaontp/tranthanhvan235/data_treebase/remainMSAs/dna_M7024_767_5814.phy --tree pars{1} --prefix training_data/dna_M7024_767_5814.phy/output_files/parsimony/seed_7 --model GTR+G --seed 7

Analysis options:
  run mode: Starting tree generation
  start tree(s): parsimony (1)
  random seed: 7
  SIMD kernels: AVX2
  parallelization: coarse-grained (auto), PTHREADS (auto)

[00:00:00] Reading alignment from file: /datausers/ioit/thaontp/tranthanhvan235/data_treebase/remainMSAs/dna_M7024_767_5814.phy
[00:00:00] Loaded alignment with 767 taxa and 5814 sites

Alignment comprises 1 partitions and 3492 patterns

Partition 0: noname
Model: GTR+FO+G4m
Alignment sites / patterns: 5814 / 3492
Gaps: 66.72 %
Invariant sites: 46.59 %


NOTE: Binary MSA file created: training_data/dna_M7024_767_5814.phy/output_files/parsimony/seed_7.raxml.rba

[00:00:00] Generating 1 parsimony starting tree(s) with 767 taxa
Parsimony score: 96807

All starting trees saved to: /datausers/ioit/thaontp/minhminh/difficulty-prediction-training-data/training_data/dna_M7024_767_5814.phy/output_files/parsimony/seed_7.raxml.startTree


Execution log saved to: /datausers/ioit/thaontp/minhminh/difficulty-prediction-training-data/training_data/dna_M7024_767_5814.phy/output_files/parsimony/seed_7.raxml.log

Analysis started: 01-Oct-2025 18:34:36 / finished: 01-Oct-2025 18:34:38

Elapsed time: 2.188 seconds

Consumed energy: 0.163 Wh


RAxML-NG v. 1.1.0-master released on 04.08.2022 by The Exelixis Lab.
Developed by: Alexey M. Kozlov and Alexandros Stamatakis.
Contributors: Diego Darriba, Tomas Flouri, Benoit Morel, Sarah Lutteropp, Ben Bettisworth.
Latest version: https://github.com/amkozlov/raxml-ng
Questions/problems/suggestions? Please visit: https://groups.google.com/forum/#!forum/raxml

System: Intel(R) Xeon(R) Gold 6132 CPU @ 2.60GHz, 28 cores, 125 GB RAM

RAxML-NG was called at 14-Oct-2025 15:20:53 as follows:

/datausers/ioit/thaontp/tranthanhvan235/raxml-ng/build/bin/raxml-ng --start --msa /datausers/ioit/thaontp/tranthanhvan235/data_treebase/remainMSAs/dna_M7024_767_5814.phy --tree pars{1} --prefix training_data/dna_M7024_767_5814.phy/output_files/parsimony/seed_8 --model GTR+G --seed 8

Analysis options:
  run mode: Starting tree generation
  start tree(s): parsimony (1)
  random seed: 8
  SIMD kernels: AVX2
  parallelization: coarse-grained (auto), PTHREADS (auto)

[00:00:00] Reading alignment from file: /datausers/ioit/thaontp/tranthanhvan235/data_treebase/remainMSAs/dna_M7024_767_5814.phy
[00:00:00] Loaded alignment with 767 taxa and 5814 sites

Alignment comprises 1 partitions and 3492 patterns

Partition 0: noname
Model: GTR+FO+G4m
Alignment sites / patterns: 5814 / 3492
Gaps: 66.72 %
Invariant sites: 46.59 %


NOTE: Binary MSA file created: training_data/dna_M7024_767_5814.phy/output_files/parsimony/seed_8.raxml.rba

[00:00:00] Generating 1 parsimony starting tree(s) with 767 taxa
Parsimony score: 96504

All starting trees saved to: /datausers/ioit/thaontp/minhminh/difficulty-prediction-training-data/training_data/dna_M7024_767_5814.phy/output_files/parsimony/seed_8.raxml.startTree


Execution log saved to: /datausers/ioit/thaontp/minhminh/difficulty-prediction-training-data/training_data/dna_M7024_767_5814.phy/output_files/parsimony/seed_8.raxml.log

Analysis started: 14-Oct-2025 15:20:53 / finished: 14-Oct-2025 15:20:54

Elapsed time: 1.642 seconds

Consumed energy: 0.124 Wh


RAxML-NG v. 1.1.0-master released on 04.08.2022 by The Exelixis Lab.
Developed by: Alexey M. Kozlov and Alexandros Stamatakis.
Contributors: Diego Darriba, Tomas Flouri, Benoit Morel, Sarah Lutteropp, Ben Bettisworth.
Latest version: https://github.com/amkozlov/raxml-ng
Questions/problems/suggestions? Please visit: https://groups.google.com/forum/#!forum/raxml

System: Intel(R) Xeon(R) Gold 6132 CPU @ 2.60GHz, 28 cores, 125 GB RAM

RAxML-NG was called at 07-Oct-2025 18:24:40 as follows:

/datausers/ioit/thaontp/tranthanhvan235/raxml-ng/build/bin/raxml-ng --start --msa /datausers/ioit/thaontp/tranthanhvan235/data_treebase/remainMSAs/dna_M7024_767_5814.phy --tree pars{1} --prefix training_data/dna_M7024_767_5814.phy/output_files/parsimony/seed_9 --model GTR+G --seed 9

Analysis options:
  run mode: Starting tree generation
  start tree(s): parsimony (1)
  random seed: 9
  SIMD kernels: AVX2
  parallelization: coarse-grained (auto), PTHREADS (auto)

[00:00:00] Reading alignment from file: /datausers/ioit/thaontp/tranthanhvan235/data_treebase/remainMSAs/dna_M7024_767_5814.phy
[00:00:00] Loaded alignment with 767 taxa and 5814 sites

Alignment comprises 1 partitions and 3492 patterns

Partition 0: noname
Model: GTR+FO+G4m
Alignment sites / patterns: 5814 / 3492
Gaps: 66.72 %
Invariant sites: 46.59 %


NOTE: Binary MSA file created: training_data/dna_M7024_767_5814.phy/output_files/parsimony/seed_9.raxml.rba

[00:00:00] Generating 1 parsimony starting tree(s) with 767 taxa
Parsimony score: 96481

All starting trees saved to: /datausers/ioit/thaontp/minhminh/difficulty-prediction-training-data/training_data/dna_M7024_767_5814.phy/output_files/parsimony/seed_9.raxml.startTree


Execution log saved to: /datausers/ioit/thaontp/minhminh/difficulty-prediction-training-data/training_data/dna_M7024_767_5814.phy/output_files/parsimony/seed_9.raxml.log

Analysis started: 07-Oct-2025 18:24:40 / finished: 07-Oct-2025 18:24:43

Elapsed time: 2.641 seconds

Consumed energy: 0.201 Wh


RAxML-NG v. 1.1.0-master released on 04.08.2022 by The Exelixis Lab.
Developed by: Alexey M. Kozlov and Alexandros Stamatakis.
Contributors: Diego Darriba, Tomas Flouri, Benoit Morel, Sarah Lutteropp, Ben Bettisworth.
Latest version: https://github.com/amkozlov/raxml-ng
Questions/problems/suggestions? Please visit: https://groups.google.com/forum/#!forum/raxml

System: Intel(R) Xeon(R) Gold 6132 CPU @ 2.60GHz, 28 cores, 125 GB RAM

RAxML-NG was called at 13-Oct-2025 08:21:24 as follows:

/datausers/ioit/thaontp/tranthanhvan235/raxml-ng/build/bin/raxml-ng --start --msa /datausers/ioit/thaontp/tranthanhvan235/data_treebase/remainMSAs/dna_M7024_767_5814.phy --tree pars{1} --prefix training_data/dna_M7024_767_5814.phy/output_files/parsimony/seed_10 --model GTR+G --seed 10

Analysis options:
  run mode: Starting tree generation
  start tree(s): parsimony (1)
  random seed: 10
  SIMD kernels: AVX2
  parallelization: coarse-grained (auto), PTHREADS (auto)

[00:00:00] Reading alignment from file: /datausers/ioit/thaontp/tranthanhvan235/data_treebase/remainMSAs/dna_M7024_767_5814.phy
[00:00:00] Loaded alignment with 767 taxa and 5814 sites

Alignment comprises 1 partitions and 3492 patterns

Partition 0: noname
Model: GTR+FO+G4m
Alignment sites / patterns: 5814 / 3492
Gaps: 66.72 %
Invariant sites: 46.59 %


NOTE: Binary MSA file created: training_data/dna_M7024_767_5814.phy/output_files/parsimony/seed_10.raxml.rba

[00:00:00] Generating 1 parsimony starting tree(s) with 767 taxa
Parsimony score: 96665

All starting trees saved to: /datausers/ioit/thaontp/minhminh/difficulty-prediction-training-data/training_data/dna_M7024_767_5814.phy/output_files/parsimony/seed_10.raxml.startTree


Execution log saved to: /datausers/ioit/thaontp/minhminh/difficulty-prediction-training-data/training_data/dna_M7024_767_5814.phy/output_files/parsimony/seed_10.raxml.log

Analysis started: 13-Oct-2025 08:21:24 / finished: 13-Oct-2025 08:21:27

Elapsed time: 2.683 seconds

Consumed energy: 0.199 Wh


RAxML-NG v. 1.1.0-master released on 04.08.2022 by The Exelixis Lab.
Developed by: Alexey M. Kozlov and Alexandros Stamatakis.
Contributors: Diego Darriba, Tomas Flouri, Benoit Morel, Sarah Lutteropp, Ben Bettisworth.
Latest version: https://github.com/amkozlov/raxml-ng
Questions/problems/suggestions? Please visit: https://groups.google.com/forum/#!forum/raxml

System: Intel(R) Xeon(R) Gold 6132 CPU @ 2.60GHz, 28 cores, 125 GB RAM

RAxML-NG was called at 10-Oct-2025 10:37:38 as follows:

/datausers/ioit/thaontp/tranthanhvan235/raxml-ng/build/bin/raxml-ng --start --msa /datausers/ioit/thaontp/tranthanhvan235/data_treebase/remainMSAs/dna_M7024_767_5814.phy --tree pars{1} --prefix training_data/dna_M7024_767_5814.phy/output_files/parsimony/seed_11 --model GTR+G --seed 11

Analysis options:
  run mode: Starting tree generation
  start tree(s): parsimony (1)
  random seed: 11
  SIMD kernels: AVX2
  parallelization: coarse-grained (auto), PTHREADS (auto)

[00:00:00] Reading alignment from file: /datausers/ioit/thaontp/tranthanhvan235/data_treebase/remainMSAs/dna_M7024_767_5814.phy
[00:00:00] Loaded alignment with 767 taxa and 5814 sites

Alignment comprises 1 partitions and 3492 patterns

Partition 0: noname
Model: GTR+FO+G4m
Alignment sites / patterns: 5814 / 3492
Gaps: 66.72 %
Invariant sites: 46.59 %


NOTE: Binary MSA file created: training_data/dna_M7024_767_5814.phy/output_files/parsimony/seed_11.raxml.rba

[00:00:00] Generating 1 parsimony starting tree(s) with 767 taxa
Parsimony score: 96467

All starting trees saved to: /datausers/ioit/thaontp/minhminh/difficulty-prediction-training-data/training_data/dna_M7024_767_5814.phy/output_files/parsimony/seed_11.raxml.startTree


Execution log saved to: /datausers/ioit/thaontp/minhminh/difficulty-prediction-training-data/training_data/dna_M7024_767_5814.phy/output_files/parsimony/seed_11.raxml.log

Analysis started: 10-Oct-2025 10:37:38 / finished: 10-Oct-2025 10:37:41

Elapsed time: 2.971 seconds

Consumed energy: 0.225 Wh


RAxML-NG v. 1.1.0-master released on 04.08.2022 by The Exelixis Lab.
Developed by: Alexey M. Kozlov and Alexandros Stamatakis.
Contributors: Diego Darriba, Tomas Flouri, Benoit Morel, Sarah Lutteropp, Ben Bettisworth.
Latest version: https://github.com/amkozlov/raxml-ng
Questions/problems/suggestions? Please visit: https://groups.google.com/forum/#!forum/raxml

System: Intel(R) Xeon(R) Gold 6132 CPU @ 2.60GHz, 28 cores, 125 GB RAM

RAxML-NG was called at 06-Oct-2025 14:11:48 as follows:

/datausers/ioit/thaontp/tranthanhvan235/raxml-ng/build/bin/raxml-ng --start --msa /datausers/ioit/thaontp/tranthanhvan235/data_treebase/remainMSAs/dna_M7024_767_5814.phy --tree pars{1} --prefix training_data/dna_M7024_767_5814.phy/output_files/parsimony/seed_12 --model GTR+G --seed 12

Analysis options:
  run mode: Starting tree generation
  start tree(s): parsimony (1)
  random seed: 12
  SIMD kernels: AVX2
  parallelization: coarse-grained (auto), PTHREADS (auto)

[00:00:00] Reading alignment from file: /datausers/ioit/thaontp/tranthanhvan235/data_treebase/remainMSAs/dna_M7024_767_5814.phy
[00:00:00] Loaded alignment with 767 taxa and 5814 sites

Alignment comprises 1 partitions and 3492 patterns

Partition 0: noname
Model: GTR+FO+G4m
Alignment sites / patterns: 5814 / 3492
Gaps: 66.72 %
Invariant sites: 46.59 %


NOTE: Binary MSA file created: training_data/dna_M7024_767_5814.phy/output_files/parsimony/seed_12.raxml.rba

[00:00:00] Generating 1 parsimony starting tree(s) with 767 taxa
Parsimony score: 96614

All starting trees saved to: /datausers/ioit/thaontp/minhminh/difficulty-prediction-training-data/training_data/dna_M7024_767_5814.phy/output_files/parsimony/seed_12.raxml.startTree


Execution log saved to: /datausers/ioit/thaontp/minhminh/difficulty-prediction-training-data/training_data/dna_M7024_767_5814.phy/output_files/parsimony/seed_12.raxml.log

Analysis started: 06-Oct-2025 14:11:48 / finished: 06-Oct-2025 14:11:50

Elapsed time: 1.979 seconds

Consumed energy: 0.135 Wh


RAxML-NG v. 1.1.0-master released on 04.08.2022 by The Exelixis Lab.
Developed by: Alexey M. Kozlov and Alexandros Stamatakis.
Contributors: Diego Darriba, Tomas Flouri, Benoit Morel, Sarah Lutteropp, Ben Bettisworth.
Latest version: https://github.com/amkozlov/raxml-ng
Questions/problems/suggestions? Please visit: https://groups.google.com/forum/#!forum/raxml

System: Intel(R) Xeon(R) Gold 6132 CPU @ 2.60GHz, 28 cores, 125 GB RAM

RAxML-NG was called at 01-Oct-2025 18:35:23 as follows:

/datausers/ioit/thaontp/tranthanhvan235/raxml-ng/build/bin/raxml-ng --start --msa /datausers/ioit/thaontp/tranthanhvan235/data_treebase/remainMSAs/dna_M7024_767_5814.phy --tree pars{1} --prefix training_data/dna_M7024_767_5814.phy/output_files/parsimony/seed_13 --model GTR+G --seed 13

Analysis options:
  run mode: Starting tree generation
  start tree(s): parsimony (1)
  random seed: 13
  SIMD kernels: AVX2
  parallelization: coarse-grained (auto), PTHREADS (auto)

[00:00:00] Reading alignment from file: /datausers/ioit/thaontp/tranthanhvan235/data_treebase/remainMSAs/dna_M7024_767_5814.phy
[00:00:00] Loaded alignment with 767 taxa and 5814 sites

Alignment comprises 1 partitions and 3492 patterns

Partition 0: noname
Model: GTR+FO+G4m
Alignment sites / patterns: 5814 / 3492
Gaps: 66.72 %
Invariant sites: 46.59 %


NOTE: Binary MSA file created: training_data/dna_M7024_767_5814.phy/output_files/parsimony/seed_13.raxml.rba

[00:00:00] Generating 1 parsimony starting tree(s) with 767 taxa
Parsimony score: 96520

All starting trees saved to: /datausers/ioit/thaontp/minhminh/difficulty-prediction-training-data/training_data/dna_M7024_767_5814.phy/output_files/parsimony/seed_13.raxml.startTree


Execution log saved to: /datausers/ioit/thaontp/minhminh/difficulty-prediction-training-data/training_data/dna_M7024_767_5814.phy/output_files/parsimony/seed_13.raxml.log

Analysis started: 01-Oct-2025 18:35:23 / finished: 01-Oct-2025 18:35:26

Elapsed time: 2.364 seconds

Consumed energy: 0.174 Wh


RAxML-NG v. 1.1.0-master released on 04.08.2022 by The Exelixis Lab.
Developed by: Alexey M. Kozlov and Alexandros Stamatakis.
Contributors: Diego Darriba, Tomas Flouri, Benoit Morel, Sarah Lutteropp, Ben Bettisworth.
Latest version: https://github.com/amkozlov/raxml-ng
Questions/problems/suggestions? Please visit: https://groups.google.com/forum/#!forum/raxml

System: Intel(R) Xeon(R) Gold 6132 CPU @ 2.60GHz, 28 cores, 125 GB RAM

RAxML-NG was called at 06-Oct-2025 14:12:12 as follows:

/datausers/ioit/thaontp/tranthanhvan235/raxml-ng/build/bin/raxml-ng --start --msa /datausers/ioit/thaontp/tranthanhvan235/data_treebase/remainMSAs/dna_M7024_767_5814.phy --tree pars{1} --prefix training_data/dna_M7024_767_5814.phy/output_files/parsimony/seed_14 --model GTR+G --seed 14

Analysis options:
  run mode: Starting tree generation
  start tree(s): parsimony (1)
  random seed: 14
  SIMD kernels: AVX2
  parallelization: coarse-grained (auto), PTHREADS (auto)

[00:00:00] Reading alignment from file: /datausers/ioit/thaontp/tranthanhvan235/data_treebase/remainMSAs/dna_M7024_767_5814.phy
[00:00:00] Loaded alignment with 767 taxa and 5814 sites

Alignment comprises 1 partitions and 3492 patterns

Partition 0: noname
Model: GTR+FO+G4m
Alignment sites / patterns: 5814 / 3492
Gaps: 66.72 %
Invariant sites: 46.59 %


NOTE: Binary MSA file created: training_data/dna_M7024_767_5814.phy/output_files/parsimony/seed_14.raxml.rba

[00:00:00] Generating 1 parsimony starting tree(s) with 767 taxa
Parsimony score: 96594

All starting trees saved to: /datausers/ioit/thaontp/minhminh/difficulty-prediction-training-data/training_data/dna_M7024_767_5814.phy/output_files/parsimony/seed_14.raxml.startTree


Execution log saved to: /datausers/ioit/thaontp/minhminh/difficulty-prediction-training-data/training_data/dna_M7024_767_5814.phy/output_files/parsimony/seed_14.raxml.log

Analysis started: 06-Oct-2025 14:12:12 / finished: 06-Oct-2025 14:12:14

Elapsed time: 1.933 seconds

Consumed energy: 0.132 Wh


RAxML-NG v. 1.1.0-master released on 04.08.2022 by The Exelixis Lab.
Developed by: Alexey M. Kozlov and Alexandros Stamatakis.
Contributors: Diego Darriba, Tomas Flouri, Benoit Morel, Sarah Lutteropp, Ben Bettisworth.
Latest version: https://github.com/amkozlov/raxml-ng
Questions/problems/suggestions? Please visit: https://groups.google.com/forum/#!forum/raxml

System: Intel(R) Xeon(R) Gold 6132 CPU @ 2.60GHz, 28 cores, 125 GB RAM

RAxML-NG was called at 12-Oct-2025 01:46:30 as follows:

/datausers/ioit/thaontp/tranthanhvan235/raxml-ng/build/bin/raxml-ng --start --msa /datausers/ioit/thaontp/tranthanhvan235/data_treebase/remainMSAs/dna_M7024_767_5814.phy --tree pars{1} --prefix training_data/dna_M7024_767_5814.phy/output_files/parsimony/seed_15 --model GTR+G --seed 15

Analysis options:
  run mode: Starting tree generation
  start tree(s): parsimony (1)
  random seed: 15
  SIMD kernels: AVX2
  parallelization: coarse-grained (auto), PTHREADS (auto)

[00:00:00] Reading alignment from file: /datausers/ioit/thaontp/tranthanhvan235/data_treebase/remainMSAs/dna_M7024_767_5814.phy
[00:00:00] Loaded alignment with 767 taxa and 5814 sites

Alignment comprises 1 partitions and 3492 patterns

Partition 0: noname
Model: GTR+FO+G4m
Alignment sites / patterns: 5814 / 3492
Gaps: 66.72 %
Invariant sites: 46.59 %


NOTE: Binary MSA file created: training_data/dna_M7024_767_5814.phy/output_files/parsimony/seed_15.raxml.rba

[00:00:00] Generating 1 parsimony starting tree(s) with 767 taxa
Parsimony score: 96780

All starting trees saved to: /datausers/ioit/thaontp/minhminh/difficulty-prediction-training-data/training_data/dna_M7024_767_5814.phy/output_files/parsimony/seed_15.raxml.startTree


Execution log saved to: /datausers/ioit/thaontp/minhminh/difficulty-prediction-training-data/training_data/dna_M7024_767_5814.phy/output_files/parsimony/seed_15.raxml.log

Analysis started: 12-Oct-2025 01:46:30 / finished: 12-Oct-2025 01:46:33

Elapsed time: 2.332 seconds

Consumed energy: 0.175 Wh


RAxML-NG v. 1.1.0-master released on 04.08.2022 by The Exelixis Lab.
Developed by: Alexey M. Kozlov and Alexandros Stamatakis.
Contributors: Diego Darriba, Tomas Flouri, Benoit Morel, Sarah Lutteropp, Ben Bettisworth.
Latest version: https://github.com/amkozlov/raxml-ng
Questions/problems/suggestions? Please visit: https://groups.google.com/forum/#!forum/raxml

System: Intel(R) Xeon(R) Gold 6132 CPU @ 2.60GHz, 28 cores, 125 GB RAM

RAxML-NG was called at 11-Oct-2025 03:09:38 as follows:

/datausers/ioit/thaontp/tranthanhvan235/raxml-ng/build/bin/raxml-ng --start --msa /datausers/ioit/thaontp/tranthanhvan235/data_treebase/remainMSAs/dna_M7024_767_5814.phy --tree pars{1} --prefix training_data/dna_M7024_767_5814.phy/output_files/parsimony/seed_16 --model GTR+G --seed 16

Analysis options:
  run mode: Starting tree generation
  start tree(s): parsimony (1)
  random seed: 16
  SIMD kernels: AVX2
  parallelization: coarse-grained (auto), PTHREADS (auto)

[00:00:00] Reading alignment from file: /datausers/ioit/thaontp/tranthanhvan235/data_treebase/remainMSAs/dna_M7024_767_5814.phy
[00:00:00] Loaded alignment with 767 taxa and 5814 sites

Alignment comprises 1 partitions and 3492 patterns

Partition 0: noname
Model: GTR+FO+G4m
Alignment sites / patterns: 5814 / 3492
Gaps: 66.72 %
Invariant sites: 46.59 %


NOTE: Binary MSA file created: training_data/dna_M7024_767_5814.phy/output_files/parsimony/seed_16.raxml.rba

[00:00:00] Generating 1 parsimony starting tree(s) with 767 taxa
Parsimony score: 96279

All starting trees saved to: /datausers/ioit/thaontp/minhminh/difficulty-prediction-training-data/training_data/dna_M7024_767_5814.phy/output_files/parsimony/seed_16.raxml.startTree


Execution log saved to: /datausers/ioit/thaontp/minhminh/difficulty-prediction-training-data/training_data/dna_M7024_767_5814.phy/output_files/parsimony/seed_16.raxml.log

Analysis started: 11-Oct-2025 03:09:38 / finished: 11-Oct-2025 03:09:40

Elapsed time: 2.200 seconds

Consumed energy: 0.165 Wh


RAxML-NG v. 1.1.0-master released on 04.08.2022 by The Exelixis Lab.
Developed by: Alexey M. Kozlov and Alexandros Stamatakis.
Contributors: Diego Darriba, Tomas Flouri, Benoit Morel, Sarah Lutteropp, Ben Bettisworth.
Latest version: https://github.com/amkozlov/raxml-ng
Questions/problems/suggestions? Please visit: https://groups.google.com/forum/#!forum/raxml

System: Intel(R) Xeon(R) Gold 6132 CPU @ 2.60GHz, 28 cores, 125 GB RAM

RAxML-NG was called at 11-Oct-2025 03:10:02 as follows:

/datausers/ioit/thaontp/tranthanhvan235/raxml-ng/build/bin/raxml-ng --start --msa /datausers/ioit/thaontp/tranthanhvan235/data_treebase/remainMSAs/dna_M7024_767_5814.phy --tree pars{1} --prefix training_data/dna_M7024_767_5814.phy/output_files/parsimony/seed_17 --model GTR+G --seed 17

Analysis options:
  run mode: Starting tree generation
  start tree(s): parsimony (1)
  random seed: 17
  SIMD kernels: AVX2
  parallelization: coarse-grained (auto), PTHREADS (auto)

[00:00:00] Reading alignment from file: /datausers/ioit/thaontp/tranthanhvan235/data_treebase/remainMSAs/dna_M7024_767_5814.phy
[00:00:00] Loaded alignment with 767 taxa and 5814 sites

Alignment comprises 1 partitions and 3492 patterns

Partition 0: noname
Model: GTR+FO+G4m
Alignment sites / patterns: 5814 / 3492
Gaps: 66.72 %
Invariant sites: 46.59 %


NOTE: Binary MSA file created: training_data/dna_M7024_767_5814.phy/output_files/parsimony/seed_17.raxml.rba

[00:00:00] Generating 1 parsimony starting tree(s) with 767 taxa
Parsimony score: 96636

All starting trees saved to: /datausers/ioit/thaontp/minhminh/difficulty-prediction-training-data/training_data/dna_M7024_767_5814.phy/output_files/parsimony/seed_17.raxml.startTree


Execution log saved to: /datausers/ioit/thaontp/minhminh/difficulty-prediction-training-data/training_data/dna_M7024_767_5814.phy/output_files/parsimony/seed_17.raxml.log

Analysis started: 11-Oct-2025 03:10:02 / finished: 11-Oct-2025 03:10:05

Elapsed time: 2.758 seconds

Consumed energy: 0.206 Wh


RAxML-NG v. 1.1.0-master released on 04.08.2022 by The Exelixis Lab.
Developed by: Alexey M. Kozlov and Alexandros Stamatakis.
Contributors: Diego Darriba, Tomas Flouri, Benoit Morel, Sarah Lutteropp, Ben Bettisworth.
Latest version: https://github.com/amkozlov/raxml-ng
Questions/problems/suggestions? Please visit: https://groups.google.com/forum/#!forum/raxml

System: Intel(R) Xeon(R) Gold 6132 CPU @ 2.60GHz, 28 cores, 125 GB RAM

RAxML-NG was called at 02-Oct-2025 04:15:08 as follows:

/datausers/ioit/thaontp/tranthanhvan235/raxml-ng/build/bin/raxml-ng --start --msa /datausers/ioit/thaontp/tranthanhvan235/data_treebase/remainMSAs/dna_M7024_767_5814.phy --tree pars{1} --prefix training_data/dna_M7024_767_5814.phy/output_files/parsimony/seed_18 --model GTR+G --seed 18

Analysis options:
  run mode: Starting tree generation
  start tree(s): parsimony (1)
  random seed: 18
  SIMD kernels: AVX2
  parallelization: coarse-grained (auto), PTHREADS (auto)

[00:00:00] Reading alignment from file: /datausers/ioit/thaontp/tranthanhvan235/data_treebase/remainMSAs/dna_M7024_767_5814.phy
[00:00:00] Loaded alignment with 767 taxa and 5814 sites

Alignment comprises 1 partitions and 3492 patterns

Partition 0: noname
Model: GTR+FO+G4m
Alignment sites / patterns: 5814 / 3492
Gaps: 66.72 %
Invariant sites: 46.59 %


NOTE: Binary MSA file created: training_data/dna_M7024_767_5814.phy/output_files/parsimony/seed_18.raxml.rba

[00:00:00] Generating 1 parsimony starting tree(s) with 767 taxa
Parsimony score: 96559

All starting trees saved to: /datausers/ioit/thaontp/minhminh/difficulty-prediction-training-data/training_data/dna_M7024_767_5814.phy/output_files/parsimony/seed_18.raxml.startTree


Execution log saved to: /datausers/ioit/thaontp/minhminh/difficulty-prediction-training-data/training_data/dna_M7024_767_5814.phy/output_files/parsimony/seed_18.raxml.log

Analysis started: 02-Oct-2025 04:15:08 / finished: 02-Oct-2025 04:15:11

Elapsed time: 3.224 seconds

Consumed energy: 0.229 Wh


RAxML-NG v. 1.1.0-master released on 04.08.2022 by The Exelixis Lab.
Developed by: Alexey M. Kozlov and Alexandros Stamatakis.
Contributors: Diego Darriba, Tomas Flouri, Benoit Morel, Sarah Lutteropp, Ben Bettisworth.
Latest version: https://github.com/amkozlov/raxml-ng
Questions/problems/suggestions? Please visit: https://groups.google.com/forum/#!forum/raxml

System: Intel(R) Xeon(R) Gold 6132 CPU @ 2.60GHz, 28 cores, 125 GB RAM

RAxML-NG was called at 07-Oct-2025 13:12:09 as follows:

/datausers/ioit/thaontp/tranthanhvan235/raxml-ng/build/bin/raxml-ng --start --msa /datausers/ioit/thaontp/tranthanhvan235/data_treebase/remainMSAs/dna_M7024_767_5814.phy --tree pars{1} --prefix training_data/dna_M7024_767_5814.phy/output_files/parsimony/seed_19 --model GTR+G --seed 19

Analysis options:
  run mode: Starting tree generation
  start tree(s): parsimony (1)
  random seed: 19
  SIMD kernels: AVX2
  parallelization: coarse-grained (auto), PTHREADS (auto)

[00:00:00] Reading alignment from file: /datausers/ioit/thaontp/tranthanhvan235/data_treebase/remainMSAs/dna_M7024_767_5814.phy
[00:00:00] Loaded alignment with 767 taxa and 5814 sites

Alignment comprises 1 partitions and 3492 patterns

Partition 0: noname
Model: GTR+FO+G4m
Alignment sites / patterns: 5814 / 3492
Gaps: 66.72 %
Invariant sites: 46.59 %


NOTE: Binary MSA file created: training_data/dna_M7024_767_5814.phy/output_files/parsimony/seed_19.raxml.rba

[00:00:00] Generating 1 parsimony starting tree(s) with 767 taxa
Parsimony score: 96372

All starting trees saved to: /datausers/ioit/thaontp/minhminh/difficulty-prediction-training-data/training_data/dna_M7024_767_5814.phy/output_files/parsimony/seed_19.raxml.startTree


Execution log saved to: /datausers/ioit/thaontp/minhminh/difficulty-prediction-training-data/training_data/dna_M7024_767_5814.phy/output_files/parsimony/seed_19.raxml.log

Analysis started: 07-Oct-2025 13:12:09 / finished: 07-Oct-2025 13:12:11

Elapsed time: 2.091 seconds

Consumed energy: 0.155 Wh


RAxML-NG v. 1.1.0-master released on 04.08.2022 by The Exelixis Lab.
Developed by: Alexey M. Kozlov and Alexandros Stamatakis.
Contributors: Diego Darriba, Tomas Flouri, Benoit Morel, Sarah Lutteropp, Ben Bettisworth.
Latest version: https://github.com/amkozlov/raxml-ng
Questions/problems/suggestions? Please visit: https://groups.google.com/forum/#!forum/raxml

System: Intel(R) Xeon(R) Gold 6132 CPU @ 2.60GHz, 28 cores, 125 GB RAM

RAxML-NG was called at 02-Oct-2025 08:20:59 as follows:

/datausers/ioit/thaontp/tranthanhvan235/raxml-ng/build/bin/raxml-ng --start --msa /datausers/ioit/thaontp/tranthanhvan235/data_treebase/remainMSAs/dna_M7024_767_5814.phy --tree pars{1} --prefix training_data/dna_M7024_767_5814.phy/output_files/parsimony/seed_20 --model GTR+G --seed 20

Analysis options:
  run mode: Starting tree generation
  start tree(s): parsimony (1)
  random seed: 20
  SIMD kernels: AVX2
  parallelization: coarse-grained (auto), PTHREADS (auto)

[00:00:00] Reading alignment from file: /datausers/ioit/thaontp/tranthanhvan235/data_treebase/remainMSAs/dna_M7024_767_5814.phy
[00:00:00] Loaded alignment with 767 taxa and 5814 sites

Alignment comprises 1 partitions and 3492 patterns

Partition 0: noname
Model: GTR+FO+G4m
Alignment sites / patterns: 5814 / 3492
Gaps: 66.72 %
Invariant sites: 46.59 %


NOTE: Binary MSA file created: training_data/dna_M7024_767_5814.phy/output_files/parsimony/seed_20.raxml.rba

[00:00:00] Generating 1 parsimony starting tree(s) with 767 taxa
Parsimony score: 96574

All starting trees saved to: /datausers/ioit/thaontp/minhminh/difficulty-prediction-training-data/training_data/dna_M7024_767_5814.phy/output_files/parsimony/seed_20.raxml.startTree


Execution log saved to: /datausers/ioit/thaontp/minhminh/difficulty-prediction-training-data/training_data/dna_M7024_767_5814.phy/output_files/parsimony/seed_20.raxml.log

Analysis started: 02-Oct-2025 08:20:59 / finished: 02-Oct-2025 08:21:01

Elapsed time: 2.049 seconds

Consumed energy: 0.147 Wh


RAxML-NG v. 1.1.0-master released on 04.08.2022 by The Exelixis Lab.
Developed by: Alexey M. Kozlov and Alexandros Stamatakis.
Contributors: Diego Darriba, Tomas Flouri, Benoit Morel, Sarah Lutteropp, Ben Bettisworth.
Latest version: https://github.com/amkozlov/raxml-ng
Questions/problems/suggestions? Please visit: https://groups.google.com/forum/#!forum/raxml

System: Intel(R) Xeon(R) Gold 6132 CPU @ 2.60GHz, 28 cores, 125 GB RAM

RAxML-NG was called at 07-Oct-2025 16:55:39 as follows:

/datausers/ioit/thaontp/tranthanhvan235/raxml-ng/build/bin/raxml-ng --start --msa /datausers/ioit/thaontp/tranthanhvan235/data_treebase/remainMSAs/dna_M7024_767_5814.phy --tree pars{1} --prefix training_data/dna_M7024_767_5814.phy/output_files/parsimony/seed_21 --model GTR+G --seed 21

Analysis options:
  run mode: Starting tree generation
  start tree(s): parsimony (1)
  random seed: 21
  SIMD kernels: AVX2
  parallelization: coarse-grained (auto), PTHREADS (auto)

[00:00:00] Reading alignment from file: /datausers/ioit/thaontp/tranthanhvan235/data_treebase/remainMSAs/dna_M7024_767_5814.phy
[00:00:00] Loaded alignment with 767 taxa and 5814 sites

Alignment comprises 1 partitions and 3492 patterns

Partition 0: noname
Model: GTR+FO+G4m
Alignment sites / patterns: 5814 / 3492
Gaps: 66.72 %
Invariant sites: 46.59 %


NOTE: Binary MSA file created: training_data/dna_M7024_767_5814.phy/output_files/parsimony/seed_21.raxml.rba

[00:00:00] Generating 1 parsimony starting tree(s) with 767 taxa
Parsimony score: 96581

All starting trees saved to: /datausers/ioit/thaontp/minhminh/difficulty-prediction-training-data/training_data/dna_M7024_767_5814.phy/output_files/parsimony/seed_21.raxml.startTree


Execution log saved to: /datausers/ioit/thaontp/minhminh/difficulty-prediction-training-data/training_data/dna_M7024_767_5814.phy/output_files/parsimony/seed_21.raxml.log

Analysis started: 07-Oct-2025 16:55:39 / finished: 07-Oct-2025 16:55:41

Elapsed time: 2.032 seconds

Consumed energy: 0.158 Wh


RAxML-NG v. 1.1.0-master released on 04.08.2022 by The Exelixis Lab.
Developed by: Alexey M. Kozlov and Alexandros Stamatakis.
Contributors: Diego Darriba, Tomas Flouri, Benoit Morel, Sarah Lutteropp, Ben Bettisworth.
Latest version: https://github.com/amkozlov/raxml-ng
Questions/problems/suggestions? Please visit: https://groups.google.com/forum/#!forum/raxml

System: Intel(R) Xeon(R) Gold 6132 CPU @ 2.60GHz, 28 cores, 125 GB RAM

RAxML-NG was called at 06-Oct-2025 17:00:58 as follows:

/datausers/ioit/thaontp/tranthanhvan235/raxml-ng/build/bin/raxml-ng --start --msa /datausers/ioit/thaontp/tranthanhvan235/data_treebase/remainMSAs/dna_M7024_767_5814.phy --tree pars{1} --prefix training_data/dna_M7024_767_5814.phy/output_files/parsimony/seed_22 --model GTR+G --seed 22

Analysis options:
  run mode: Starting tree generation
  start tree(s): parsimony (1)
  random seed: 22
  SIMD kernels: AVX2
  parallelization: coarse-grained (auto), PTHREADS (auto)

[00:00:00] Reading alignment from file: /datausers/ioit/thaontp/tranthanhvan235/data_treebase/remainMSAs/dna_M7024_767_5814.phy
[00:00:00] Loaded alignment with 767 taxa and 5814 sites

Alignment comprises 1 partitions and 3492 patterns

Partition 0: noname
Model: GTR+FO+G4m
Alignment sites / patterns: 5814 / 3492
Gaps: 66.72 %
Invariant sites: 46.59 %


NOTE: Binary MSA file created: training_data/dna_M7024_767_5814.phy/output_files/parsimony/seed_22.raxml.rba

[00:00:00] Generating 1 parsimony starting tree(s) with 767 taxa
Parsimony score: 96959

All starting trees saved to: /datausers/ioit/thaontp/minhminh/difficulty-prediction-training-data/training_data/dna_M7024_767_5814.phy/output_files/parsimony/seed_22.raxml.startTree


Execution log saved to: /datausers/ioit/thaontp/minhminh/difficulty-prediction-training-data/training_data/dna_M7024_767_5814.phy/output_files/parsimony/seed_22.raxml.log

Analysis started: 06-Oct-2025 17:00:58 / finished: 06-Oct-2025 17:01:00

Elapsed time: 2.441 seconds

Consumed energy: 0.174 Wh


RAxML-NG v. 1.1.0-master released on 04.08.2022 by The Exelixis Lab.
Developed by: Alexey M. Kozlov and Alexandros Stamatakis.
Contributors: Diego Darriba, Tomas Flouri, Benoit Morel, Sarah Lutteropp, Ben Bettisworth.
Latest version: https://github.com/amkozlov/raxml-ng
Questions/problems/suggestions? Please visit: https://groups.google.com/forum/#!forum/raxml

System: Intel(R) Xeon(R) Gold 6132 CPU @ 2.60GHz, 28 cores, 125 GB RAM

RAxML-NG was called at 02-Oct-2025 04:15:23 as follows:

/datausers/ioit/thaontp/tranthanhvan235/raxml-ng/build/bin/raxml-ng --start --msa /datausers/ioit/thaontp/tranthanhvan235/data_treebase/remainMSAs/dna_M7024_767_5814.phy --tree pars{1} --prefix training_data/dna_M7024_767_5814.phy/output_files/parsimony/seed_23 --model GTR+G --seed 23

Analysis options:
  run mode: Starting tree generation
  start tree(s): parsimony (1)
  random seed: 23
  SIMD kernels: AVX2
  parallelization: coarse-grained (auto), PTHREADS (auto)

[00:00:00] Reading alignment from file: /datausers/ioit/thaontp/tranthanhvan235/data_treebase/remainMSAs/dna_M7024_767_5814.phy
[00:00:00] Loaded alignment with 767 taxa and 5814 sites

Alignment comprises 1 partitions and 3492 patterns

Partition 0: noname
Model: GTR+FO+G4m
Alignment sites / patterns: 5814 / 3492
Gaps: 66.72 %
Invariant sites: 46.59 %


NOTE: Binary MSA file created: training_data/dna_M7024_767_5814.phy/output_files/parsimony/seed_23.raxml.rba

[00:00:00] Generating 1 parsimony starting tree(s) with 767 taxa
Parsimony score: 96759

All starting trees saved to: /datausers/ioit/thaontp/minhminh/difficulty-prediction-training-data/training_data/dna_M7024_767_5814.phy/output_files/parsimony/seed_23.raxml.startTree


Execution log saved to: /datausers/ioit/thaontp/minhminh/difficulty-prediction-training-data/training_data/dna_M7024_767_5814.phy/output_files/parsimony/seed_23.raxml.log

Analysis started: 02-Oct-2025 04:15:23 / finished: 02-Oct-2025 04:15:26

Elapsed time: 2.302 seconds

Consumed energy: 0.164 Wh


RAxML-NG v. 1.1.0-master released on 04.08.2022 by The Exelixis Lab.
Developed by: Alexey M. Kozlov and Alexandros Stamatakis.
Contributors: Diego Darriba, Tomas Flouri, Benoit Morel, Sarah Lutteropp, Ben Bettisworth.
Latest version: https://github.com/amkozlov/raxml-ng
Questions/problems/suggestions? Please visit: https://groups.google.com/forum/#!forum/raxml

System: Intel(R) Xeon(R) Gold 6132 CPU @ 2.60GHz, 28 cores, 125 GB RAM

RAxML-NG was called at 11-Oct-2025 09:13:09 as follows:

/datausers/ioit/thaontp/tranthanhvan235/raxml-ng/build/bin/raxml-ng --start --msa /datausers/ioit/thaontp/tranthanhvan235/data_treebase/remainMSAs/dna_M7024_767_5814.phy --tree pars{1} --prefix training_data/dna_M7024_767_5814.phy/output_files/parsimony/seed_24 --model GTR+G --seed 24

Analysis options:
  run mode: Starting tree generation
  start tree(s): parsimony (1)
  random seed: 24
  SIMD kernels: AVX2
  parallelization: coarse-grained (auto), PTHREADS (auto)

[00:00:00] Reading alignment from file: /datausers/ioit/thaontp/tranthanhvan235/data_treebase/remainMSAs/dna_M7024_767_5814.phy
[00:00:00] Loaded alignment with 767 taxa and 5814 sites

Alignment comprises 1 partitions and 3492 patterns

Partition 0: noname
Model: GTR+FO+G4m
Alignment sites / patterns: 5814 / 3492
Gaps: 66.72 %
Invariant sites: 46.59 %


NOTE: Binary MSA file created: training_data/dna_M7024_767_5814.phy/output_files/parsimony/seed_24.raxml.rba

[00:00:00] Generating 1 parsimony starting tree(s) with 767 taxa
Parsimony score: 96695

All starting trees saved to: /datausers/ioit/thaontp/minhminh/difficulty-prediction-training-data/training_data/dna_M7024_767_5814.phy/output_files/parsimony/seed_24.raxml.startTree


Execution log saved to: /datausers/ioit/thaontp/minhminh/difficulty-prediction-training-data/training_data/dna_M7024_767_5814.phy/output_files/parsimony/seed_24.raxml.log

Analysis started: 11-Oct-2025 09:13:09 / finished: 11-Oct-2025 09:13:11

Elapsed time: 2.215 seconds

Consumed energy: 0.159 Wh


RAxML-NG v. 1.1.0-master released on 04.08.2022 by The Exelixis Lab.
Developed by: Alexey M. Kozlov and Alexandros Stamatakis.
Contributors: Diego Darriba, Tomas Flouri, Benoit Morel, Sarah Lutteropp, Ben Bettisworth.
Latest version: https://github.com/amkozlov/raxml-ng
Questions/problems/suggestions? Please visit: https://groups.google.com/forum/#!forum/raxml

System: Intel(R) Xeon(R) Gold 6132 CPU @ 2.60GHz, 28 cores, 125 GB RAM

RAxML-NG was called at 14-Oct-2025 15:21:01 as follows:

/datausers/ioit/thaontp/tranthanhvan235/raxml-ng/build/bin/raxml-ng --start --msa /datausers/ioit/thaontp/tranthanhvan235/data_treebase/remainMSAs/dna_M7024_767_5814.phy --tree pars{1} --prefix training_data/dna_M7024_767_5814.phy/output_files/parsimony/seed_25 --model GTR+G --seed 25

Analysis options:
  run mode: Starting tree generation
  start tree(s): parsimony (1)
  random seed: 25
  SIMD kernels: AVX2
  parallelization: coarse-grained (auto), PTHREADS (auto)

[00:00:00] Reading alignment from file: /datausers/ioit/thaontp/tranthanhvan235/data_treebase/remainMSAs/dna_M7024_767_5814.phy
[00:00:00] Loaded alignment with 767 taxa and 5814 sites

Alignment comprises 1 partitions and 3492 patterns

Partition 0: noname
Model: GTR+FO+G4m
Alignment sites / patterns: 5814 / 3492
Gaps: 66.72 %
Invariant sites: 46.59 %


NOTE: Binary MSA file created: training_data/dna_M7024_767_5814.phy/output_files/parsimony/seed_25.raxml.rba

[00:00:00] Generating 1 parsimony starting tree(s) with 767 taxa
Parsimony score: 96681

All starting trees saved to: /datausers/ioit/thaontp/minhminh/difficulty-prediction-training-data/training_data/dna_M7024_767_5814.phy/output_files/parsimony/seed_25.raxml.startTree


Execution log saved to: /datausers/ioit/thaontp/minhminh/difficulty-prediction-training-data/training_data/dna_M7024_767_5814.phy/output_files/parsimony/seed_25.raxml.log

Analysis started: 14-Oct-2025 15:21:01 / finished: 14-Oct-2025 15:21:03

Elapsed time: 2.112 seconds

Consumed energy: 0.159 Wh


RAxML-NG v. 1.1.0-master released on 04.08.2022 by The Exelixis Lab.
Developed by: Alexey M. Kozlov and Alexandros Stamatakis.
Contributors: Diego Darriba, Tomas Flouri, Benoit Morel, Sarah Lutteropp, Ben Bettisworth.
Latest version: https://github.com/amkozlov/raxml-ng
Questions/problems/suggestions? Please visit: https://groups.google.com/forum/#!forum/raxml

System: Intel(R) Xeon(R) Gold 6132 CPU @ 2.60GHz, 28 cores, 125 GB RAM

RAxML-NG was called at 01-Oct-2025 04:57:16 as follows:

/datausers/ioit/thaontp/tranthanhvan235/raxml-ng/build/bin/raxml-ng --start --msa /datausers/ioit/thaontp/tranthanhvan235/data_treebase/remainMSAs/dna_M7024_767_5814.phy --tree pars{1} --prefix training_data/dna_M7024_767_5814.phy/output_files/parsimony/seed_26 --model GTR+G --seed 26

Analysis options:
  run mode: Starting tree generation
  start tree(s): parsimony (1)
  random seed: 26
  SIMD kernels: AVX2
  parallelization: coarse-grained (auto), PTHREADS (auto)

[00:00:00] Reading alignment from file: /datausers/ioit/thaontp/tranthanhvan235/data_treebase/remainMSAs/dna_M7024_767_5814.phy
[00:00:00] Loaded alignment with 767 taxa and 5814 sites

Alignment comprises 1 partitions and 3492 patterns

Partition 0: noname
Model: GTR+FO+G4m
Alignment sites / patterns: 5814 / 3492
Gaps: 66.72 %
Invariant sites: 46.59 %


NOTE: Binary MSA file created: training_data/dna_M7024_767_5814.phy/output_files/parsimony/seed_26.raxml.rba

[00:00:00] Generating 1 parsimony starting tree(s) with 767 taxa
Parsimony score: 96763

All starting trees saved to: /datausers/ioit/thaontp/minhminh/difficulty-prediction-training-data/training_data/dna_M7024_767_5814.phy/output_files/parsimony/seed_26.raxml.startTree


Execution log saved to: /datausers/ioit/thaontp/minhminh/difficulty-prediction-training-data/training_data/dna_M7024_767_5814.phy/output_files/parsimony/seed_26.raxml.log

Analysis started: 01-Oct-2025 04:57:16 / finished: 01-Oct-2025 04:57:17

Elapsed time: 1.661 seconds

Consumed energy: 0.127 Wh


RAxML-NG v. 1.1.0-master released on 04.08.2022 by The Exelixis Lab.
Developed by: Alexey M. Kozlov and Alexandros Stamatakis.
Contributors: Diego Darriba, Tomas Flouri, Benoit Morel, Sarah Lutteropp, Ben Bettisworth.
Latest version: https://github.com/amkozlov/raxml-ng
Questions/problems/suggestions? Please visit: https://groups.google.com/forum/#!forum/raxml

System: Intel(R) Xeon(R) Gold 6132 CPU @ 2.60GHz, 28 cores, 125 GB RAM

RAxML-NG was called at 11-Oct-2025 07:54:10 as follows:

/datausers/ioit/thaontp/tranthanhvan235/raxml-ng/build/bin/raxml-ng --start --msa /datausers/ioit/thaontp/tranthanhvan235/data_treebase/remainMSAs/dna_M7024_767_5814.phy --tree pars{1} --prefix training_data/dna_M7024_767_5814.phy/output_files/parsimony/seed_27 --model GTR+G --seed 27

Analysis options:
  run mode: Starting tree generation
  start tree(s): parsimony (1)
  random seed: 27
  SIMD kernels: AVX2
  parallelization: coarse-grained (auto), PTHREADS (auto)

[00:00:00] Reading alignment from file: /datausers/ioit/thaontp/tranthanhvan235/data_treebase/remainMSAs/dna_M7024_767_5814.phy
[00:00:00] Loaded alignment with 767 taxa and 5814 sites

Alignment comprises 1 partitions and 3492 patterns

Partition 0: noname
Model: GTR+FO+G4m
Alignment sites / patterns: 5814 / 3492
Gaps: 66.72 %
Invariant sites: 46.59 %


NOTE: Binary MSA file created: training_data/dna_M7024_767_5814.phy/output_files/parsimony/seed_27.raxml.rba

[00:00:00] Generating 1 parsimony starting tree(s) with 767 taxa
Parsimony score: 96445

All starting trees saved to: /datausers/ioit/thaontp/minhminh/difficulty-prediction-training-data/training_data/dna_M7024_767_5814.phy/output_files/parsimony/seed_27.raxml.startTree


Execution log saved to: /datausers/ioit/thaontp/minhminh/difficulty-prediction-training-data/training_data/dna_M7024_767_5814.phy/output_files/parsimony/seed_27.raxml.log

Analysis started: 11-Oct-2025 07:54:10 / finished: 11-Oct-2025 07:54:12

Elapsed time: 2.122 seconds

Consumed energy: 0.159 Wh


RAxML-NG v. 1.1.0-master released on 04.08.2022 by The Exelixis Lab.
Developed by: Alexey M. Kozlov and Alexandros Stamatakis.
Contributors: Diego Darriba, Tomas Flouri, Benoit Morel, Sarah Lutteropp, Ben Bettisworth.
Latest version: https://github.com/amkozlov/raxml-ng
Questions/problems/suggestions? Please visit: https://groups.google.com/forum/#!forum/raxml

System: Intel(R) Xeon(R) Gold 6132 CPU @ 2.60GHz, 28 cores, 125 GB RAM

RAxML-NG was called at 06-Oct-2025 15:47:42 as follows:

/datausers/ioit/thaontp/tranthanhvan235/raxml-ng/build/bin/raxml-ng --start --msa /datausers/ioit/thaontp/tranthanhvan235/data_treebase/remainMSAs/dna_M7024_767_5814.phy --tree pars{1} --prefix training_data/dna_M7024_767_5814.phy/output_files/parsimony/seed_28 --model GTR+G --seed 28

Analysis options:
  run mode: Starting tree generation
  start tree(s): parsimony (1)
  random seed: 28
  SIMD kernels: AVX2
  parallelization: coarse-grained (auto), PTHREADS (auto)

[00:00:00] Reading alignment from file: /datausers/ioit/thaontp/tranthanhvan235/data_treebase/remainMSAs/dna_M7024_767_5814.phy
[00:00:00] Loaded alignment with 767 taxa and 5814 sites

Alignment comprises 1 partitions and 3492 patterns

Partition 0: noname
Model: GTR+FO+G4m
Alignment sites / patterns: 5814 / 3492
Gaps: 66.72 %
Invariant sites: 46.59 %


NOTE: Binary MSA file created: training_data/dna_M7024_767_5814.phy/output_files/parsimony/seed_28.raxml.rba

[00:00:00] Generating 1 parsimony starting tree(s) with 767 taxa
Parsimony score: 96510

All starting trees saved to: /datausers/ioit/thaontp/minhminh/difficulty-prediction-training-data/training_data/dna_M7024_767_5814.phy/output_files/parsimony/seed_28.raxml.startTree


Execution log saved to: /datausers/ioit/thaontp/minhminh/difficulty-prediction-training-data/training_data/dna_M7024_767_5814.phy/output_files/parsimony/seed_28.raxml.log

Analysis started: 06-Oct-2025 15:47:42 / finished: 06-Oct-2025 15:47:44

Elapsed time: 2.913 seconds

Consumed energy: 0.199 Wh


RAxML-NG v. 1.1.0-master released on 04.08.2022 by The Exelixis Lab.
Developed by: Alexey M. Kozlov and Alexandros Stamatakis.
Contributors: Diego Darriba, Tomas Flouri, Benoit Morel, Sarah Lutteropp, Ben Bettisworth.
Latest version: https://github.com/amkozlov/raxml-ng
Questions/problems/suggestions? Please visit: https://groups.google.com/forum/#!forum/raxml

System: Intel(R) Xeon(R) Gold 6132 CPU @ 2.60GHz, 28 cores, 125 GB RAM

RAxML-NG was called at 11-Oct-2025 09:12:35 as follows:

/datausers/ioit/thaontp/tranthanhvan235/raxml-ng/build/bin/raxml-ng --start --msa /datausers/ioit/thaontp/tranthanhvan235/data_treebase/remainMSAs/dna_M7024_767_5814.phy --tree pars{1} --prefix training_data/dna_M7024_767_5814.phy/output_files/parsimony/seed_29 --model GTR+G --seed 29

Analysis options:
  run mode: Starting tree generation
  start tree(s): parsimony (1)
  random seed: 29
  SIMD kernels: AVX2
  parallelization: coarse-grained (auto), PTHREADS (auto)

[00:00:00] Reading alignment from file: /datausers/ioit/thaontp/tranthanhvan235/data_treebase/remainMSAs/dna_M7024_767_5814.phy
[00:00:00] Loaded alignment with 767 taxa and 5814 sites

Alignment comprises 1 partitions and 3492 patterns

Partition 0: noname
Model: GTR+FO+G4m
Alignment sites / patterns: 5814 / 3492
Gaps: 66.72 %
Invariant sites: 46.59 %


NOTE: Binary MSA file created: training_data/dna_M7024_767_5814.phy/output_files/parsimony/seed_29.raxml.rba

[00:00:00] Generating 1 parsimony starting tree(s) with 767 taxa
Parsimony score: 96980

All starting trees saved to: /datausers/ioit/thaontp/minhminh/difficulty-prediction-training-data/training_data/dna_M7024_767_5814.phy/output_files/parsimony/seed_29.raxml.startTree


Execution log saved to: /datausers/ioit/thaontp/minhminh/difficulty-prediction-training-data/training_data/dna_M7024_767_5814.phy/output_files/parsimony/seed_29.raxml.log

Analysis started: 11-Oct-2025 09:12:35 / finished: 11-Oct-2025 09:12:38

Elapsed time: 2.877 seconds

Consumed energy: 0.209 Wh


RAxML-NG v. 1.1.0-master released on 04.08.2022 by The Exelixis Lab.
Developed by: Alexey M. Kozlov and Alexandros Stamatakis.
Contributors: Diego Darriba, Tomas Flouri, Benoit Morel, Sarah Lutteropp, Ben Bettisworth.
Latest version: https://github.com/amkozlov/raxml-ng
Questions/problems/suggestions? Please visit: https://groups.google.com/forum/#!forum/raxml

System: Intel(R) Xeon(R) Gold 6132 CPU @ 2.60GHz, 28 cores, 125 GB RAM

RAxML-NG was called at 08-Oct-2025 19:33:11 as follows:

/datausers/ioit/thaontp/tranthanhvan235/raxml-ng/build/bin/raxml-ng --start --msa /datausers/ioit/thaontp/tranthanhvan235/data_treebase/remainMSAs/dna_M7024_767_5814.phy --tree pars{1} --prefix training_data/dna_M7024_767_5814.phy/output_files/parsimony/seed_30 --model GTR+G --seed 30

Analysis options:
  run mode: Starting tree generation
  start tree(s): parsimony (1)
  random seed: 30
  SIMD kernels: AVX2
  parallelization: coarse-grained (auto), PTHREADS (auto)

[00:00:00] Reading alignment from file: /datausers/ioit/thaontp/tranthanhvan235/data_treebase/remainMSAs/dna_M7024_767_5814.phy
[00:00:00] Loaded alignment with 767 taxa and 5814 sites

Alignment comprises 1 partitions and 3492 patterns

Partition 0: noname
Model: GTR+FO+G4m
Alignment sites / patterns: 5814 / 3492
Gaps: 66.72 %
Invariant sites: 46.59 %


NOTE: Binary MSA file created: training_data/dna_M7024_767_5814.phy/output_files/parsimony/seed_30.raxml.rba

[00:00:00] Generating 1 parsimony starting tree(s) with 767 taxa
Parsimony score: 96282

All starting trees saved to: /datausers/ioit/thaontp/minhminh/difficulty-prediction-training-data/training_data/dna_M7024_767_5814.phy/output_files/parsimony/seed_30.raxml.startTree


Execution log saved to: /datausers/ioit/thaontp/minhminh/difficulty-prediction-training-data/training_data/dna_M7024_767_5814.phy/output_files/parsimony/seed_30.raxml.log

Analysis started: 08-Oct-2025 19:33:11 / finished: 08-Oct-2025 19:33:13

Elapsed time: 2.326 seconds

Consumed energy: 0.179 Wh


RAxML-NG v. 1.1.0-master released on 04.08.2022 by The Exelixis Lab.
Developed by: Alexey M. Kozlov and Alexandros Stamatakis.
Contributors: Diego Darriba, Tomas Flouri, Benoit Morel, Sarah Lutteropp, Ben Bettisworth.
Latest version: https://github.com/amkozlov/raxml-ng
Questions/problems/suggestions? Please visit: https://groups.google.com/forum/#!forum/raxml

System: Intel(R) Xeon(R) Gold 6132 CPU @ 2.60GHz, 28 cores, 125 GB RAM

RAxML-NG was called at 08-Oct-2025 19:17:29 as follows:

/datausers/ioit/thaontp/tranthanhvan235/raxml-ng/build/bin/raxml-ng --start --msa /datausers/ioit/thaontp/tranthanhvan235/data_treebase/remainMSAs/dna_M7024_767_5814.phy --tree pars{1} --prefix training_data/dna_M7024_767_5814.phy/output_files/parsimony/seed_31 --model GTR+G --seed 31

Analysis options:
  run mode: Starting tree generation
  start tree(s): parsimony (1)
  random seed: 31
  SIMD kernels: AVX2
  parallelization: coarse-grained (auto), PTHREADS (auto)

[00:00:00] Reading alignment from file: /datausers/ioit/thaontp/tranthanhvan235/data_treebase/remainMSAs/dna_M7024_767_5814.phy
[00:00:00] Loaded alignment with 767 taxa and 5814 sites

Alignment comprises 1 partitions and 3492 patterns

Partition 0: noname
Model: GTR+FO+G4m
Alignment sites / patterns: 5814 / 3492
Gaps: 66.72 %
Invariant sites: 46.59 %


NOTE: Binary MSA file created: training_data/dna_M7024_767_5814.phy/output_files/parsimony/seed_31.raxml.rba

[00:00:00] Generating 1 parsimony starting tree(s) with 767 taxa
Parsimony score: 96524

All starting trees saved to: /datausers/ioit/thaontp/minhminh/difficulty-prediction-training-data/training_data/dna_M7024_767_5814.phy/output_files/parsimony/seed_31.raxml.startTree


Execution log saved to: /datausers/ioit/thaontp/minhminh/difficulty-prediction-training-data/training_data/dna_M7024_767_5814.phy/output_files/parsimony/seed_31.raxml.log

Analysis started: 08-Oct-2025 19:17:29 / finished: 08-Oct-2025 19:17:32

Elapsed time: 2.596 seconds

Consumed energy: 0.198 Wh


RAxML-NG v. 1.1.0-master released on 04.08.2022 by The Exelixis Lab.
Developed by: Alexey M. Kozlov and Alexandros Stamatakis.
Contributors: Diego Darriba, Tomas Flouri, Benoit Morel, Sarah Lutteropp, Ben Bettisworth.
Latest version: https://github.com/amkozlov/raxml-ng
Questions/problems/suggestions? Please visit: https://groups.google.com/forum/#!forum/raxml

System: Intel(R) Xeon(R) Gold 6132 CPU @ 2.60GHz, 28 cores, 125 GB RAM

RAxML-NG was called at 06-Oct-2025 17:01:09 as follows:

/datausers/ioit/thaontp/tranthanhvan235/raxml-ng/build/bin/raxml-ng --start --msa /datausers/ioit/thaontp/tranthanhvan235/data_treebase/remainMSAs/dna_M7024_767_5814.phy --tree pars{1} --prefix training_data/dna_M7024_767_5814.phy/output_files/parsimony/seed_32 --model GTR+G --seed 32

Analysis options:
  run mode: Starting tree generation
  start tree(s): parsimony (1)
  random seed: 32
  SIMD kernels: AVX2
  parallelization: coarse-grained (auto), PTHREADS (auto)

[00:00:00] Reading alignment from file: /datausers/ioit/thaontp/tranthanhvan235/data_treebase/remainMSAs/dna_M7024_767_5814.phy
[00:00:00] Loaded alignment with 767 taxa and 5814 sites

Alignment comprises 1 partitions and 3492 patterns

Partition 0: noname
Model: GTR+FO+G4m
Alignment sites / patterns: 5814 / 3492
Gaps: 66.72 %
Invariant sites: 46.59 %


NOTE: Binary MSA file created: training_data/dna_M7024_767_5814.phy/output_files/parsimony/seed_32.raxml.rba

[00:00:00] Generating 1 parsimony starting tree(s) with 767 taxa
Parsimony score: 96435

All starting trees saved to: /datausers/ioit/thaontp/minhminh/difficulty-prediction-training-data/training_data/dna_M7024_767_5814.phy/output_files/parsimony/seed_32.raxml.startTree


Execution log saved to: /datausers/ioit/thaontp/minhminh/difficulty-prediction-training-data/training_data/dna_M7024_767_5814.phy/output_files/parsimony/seed_32.raxml.log

Analysis started: 06-Oct-2025 17:01:09 / finished: 06-Oct-2025 17:01:12

Elapsed time: 2.581 seconds

Consumed energy: 0.183 Wh


RAxML-NG v. 1.1.0-master released on 04.08.2022 by The Exelixis Lab.
Developed by: Alexey M. Kozlov and Alexandros Stamatakis.
Contributors: Diego Darriba, Tomas Flouri, Benoit Morel, Sarah Lutteropp, Ben Bettisworth.
Latest version: https://github.com/amkozlov/raxml-ng
Questions/problems/suggestions? Please visit: https://groups.google.com/forum/#!forum/raxml

System: Intel(R) Xeon(R) Gold 6132 CPU @ 2.60GHz, 28 cores, 125 GB RAM

RAxML-NG was called at 30-Sep-2025 21:09:43 as follows:

/datausers/ioit/thaontp/tranthanhvan235/raxml-ng/build/bin/raxml-ng --start --msa /datausers/ioit/thaontp/tranthanhvan235/data_treebase/remainMSAs/dna_M7024_767_5814.phy --tree pars{1} --prefix training_data/dna_M7024_767_5814.phy/output_files/parsimony/seed_33 --model GTR+G --seed 33

Analysis options:
  run mode: Starting tree generation
  start tree(s): parsimony (1)
  random seed: 33
  SIMD kernels: AVX2
  parallelization: coarse-grained (auto), PTHREADS (auto)

[00:00:00] Reading alignment from file: /datausers/ioit/thaontp/tranthanhvan235/data_treebase/remainMSAs/dna_M7024_767_5814.phy
[00:00:00] Loaded alignment with 767 taxa and 5814 sites

Alignment comprises 1 partitions and 3492 patterns

Partition 0: noname
Model: GTR+FO+G4m
Alignment sites / patterns: 5814 / 3492
Gaps: 66.72 %
Invariant sites: 46.59 %


NOTE: Binary MSA file created: training_data/dna_M7024_767_5814.phy/output_files/parsimony/seed_33.raxml.rba

[00:00:00] Generating 1 parsimony starting tree(s) with 767 taxa
Parsimony score: 96601

All starting trees saved to: /datausers/ioit/thaontp/minhminh/difficulty-prediction-training-data/training_data/dna_M7024_767_5814.phy/output_files/parsimony/seed_33.raxml.startTree


Execution log saved to: /datausers/ioit/thaontp/minhminh/difficulty-prediction-training-data/training_data/dna_M7024_767_5814.phy/output_files/parsimony/seed_33.raxml.log

Analysis started: 30-Sep-2025 21:09:43 / finished: 30-Sep-2025 21:09:45

Elapsed time: 2.169 seconds

Consumed energy: 0.162 Wh


RAxML-NG v. 1.1.0-master released on 04.08.2022 by The Exelixis Lab.
Developed by: Alexey M. Kozlov and Alexandros Stamatakis.
Contributors: Diego Darriba, Tomas Flouri, Benoit Morel, Sarah Lutteropp, Ben Bettisworth.
Latest version: https://github.com/amkozlov/raxml-ng
Questions/problems/suggestions? Please visit: https://groups.google.com/forum/#!forum/raxml

System: Intel(R) Xeon(R) Gold 6132 CPU @ 2.60GHz, 28 cores, 125 GB RAM

RAxML-NG was called at 02-Oct-2025 09:52:33 as follows:

/datausers/ioit/thaontp/tranthanhvan235/raxml-ng/build/bin/raxml-ng --start --msa /datausers/ioit/thaontp/tranthanhvan235/data_treebase/remainMSAs/dna_M7024_767_5814.phy --tree pars{1} --prefix training_data/dna_M7024_767_5814.phy/output_files/parsimony/seed_34 --model GTR+G --seed 34

Analysis options:
  run mode: Starting tree generation
  start tree(s): parsimony (1)
  random seed: 34
  SIMD kernels: AVX2
  parallelization: coarse-grained (auto), PTHREADS (auto)

[00:00:00] Reading alignment from file: /datausers/ioit/thaontp/tranthanhvan235/data_treebase/remainMSAs/dna_M7024_767_5814.phy
[00:00:00] Loaded alignment with 767 taxa and 5814 sites

Alignment comprises 1 partitions and 3492 patterns

Partition 0: noname
Model: GTR+FO+G4m
Alignment sites / patterns: 5814 / 3492
Gaps: 66.72 %
Invariant sites: 46.59 %


NOTE: Binary MSA file created: training_data/dna_M7024_767_5814.phy/output_files/parsimony/seed_34.raxml.rba

[00:00:00] Generating 1 parsimony starting tree(s) with 767 taxa
Parsimony score: 96548

All starting trees saved to: /datausers/ioit/thaontp/minhminh/difficulty-prediction-training-data/training_data/dna_M7024_767_5814.phy/output_files/parsimony/seed_34.raxml.startTree


Execution log saved to: /datausers/ioit/thaontp/minhminh/difficulty-prediction-training-data/training_data/dna_M7024_767_5814.phy/output_files/parsimony/seed_34.raxml.log

Analysis started: 02-Oct-2025 09:52:33 / finished: 02-Oct-2025 09:52:35

Elapsed time: 2.314 seconds

Consumed energy: 0.172 Wh


RAxML-NG v. 1.1.0-master released on 04.08.2022 by The Exelixis Lab.
Developed by: Alexey M. Kozlov and Alexandros Stamatakis.
Contributors: Diego Darriba, Tomas Flouri, Benoit Morel, Sarah Lutteropp, Ben Bettisworth.
Latest version: https://github.com/amkozlov/raxml-ng
Questions/problems/suggestions? Please visit: https://groups.google.com/forum/#!forum/raxml

System: Intel(R) Xeon(R) Gold 6132 CPU @ 2.60GHz, 28 cores, 125 GB RAM

RAxML-NG was called at 11-Oct-2025 07:54:17 as follows:

/datausers/ioit/thaontp/tranthanhvan235/raxml-ng/build/bin/raxml-ng --start --msa /datausers/ioit/thaontp/tranthanhvan235/data_treebase/remainMSAs/dna_M7024_767_5814.phy --tree pars{1} --prefix training_data/dna_M7024_767_5814.phy/output_files/parsimony/seed_35 --model GTR+G --seed 35

Analysis options:
  run mode: Starting tree generation
  start tree(s): parsimony (1)
  random seed: 35
  SIMD kernels: AVX2
  parallelization: coarse-grained (auto), PTHREADS (auto)

[00:00:00] Reading alignment from file: /datausers/ioit/thaontp/tranthanhvan235/data_treebase/remainMSAs/dna_M7024_767_5814.phy
[00:00:00] Loaded alignment with 767 taxa and 5814 sites

Alignment comprises 1 partitions and 3492 patterns

Partition 0: noname
Model: GTR+FO+G4m
Alignment sites / patterns: 5814 / 3492
Gaps: 66.72 %
Invariant sites: 46.59 %


NOTE: Binary MSA file created: training_data/dna_M7024_767_5814.phy/output_files/parsimony/seed_35.raxml.rba

[00:00:00] Generating 1 parsimony starting tree(s) with 767 taxa
Parsimony score: 96730

All starting trees saved to: /datausers/ioit/thaontp/minhminh/difficulty-prediction-training-data/training_data/dna_M7024_767_5814.phy/output_files/parsimony/seed_35.raxml.startTree


Execution log saved to: /datausers/ioit/thaontp/minhminh/difficulty-prediction-training-data/training_data/dna_M7024_767_5814.phy/output_files/parsimony/seed_35.raxml.log

Analysis started: 11-Oct-2025 07:54:17 / finished: 11-Oct-2025 07:54:20

Elapsed time: 2.283 seconds

Consumed energy: 0.173 Wh


RAxML-NG v. 1.1.0-master released on 04.08.2022 by The Exelixis Lab.
Developed by: Alexey M. Kozlov and Alexandros Stamatakis.
Contributors: Diego Darriba, Tomas Flouri, Benoit Morel, Sarah Lutteropp, Ben Bettisworth.
Latest version: https://github.com/amkozlov/raxml-ng
Questions/problems/suggestions? Please visit: https://groups.google.com/forum/#!forum/raxml

System: Intel(R) Xeon(R) Gold 6132 CPU @ 2.60GHz, 28 cores, 125 GB RAM

RAxML-NG was called at 01-Oct-2025 16:26:53 as follows:

/datausers/ioit/thaontp/tranthanhvan235/raxml-ng/build/bin/raxml-ng --start --msa /datausers/ioit/thaontp/tranthanhvan235/data_treebase/remainMSAs/dna_M7024_767_5814.phy --tree pars{1} --prefix training_data/dna_M7024_767_5814.phy/output_files/parsimony/seed_36 --model GTR+G --seed 36

Analysis options:
  run mode: Starting tree generation
  start tree(s): parsimony (1)
  random seed: 36
  SIMD kernels: AVX2
  parallelization: coarse-grained (auto), PTHREADS (auto)

[00:00:00] Reading alignment from file: /datausers/ioit/thaontp/tranthanhvan235/data_treebase/remainMSAs/dna_M7024_767_5814.phy
[00:00:00] Loaded alignment with 767 taxa and 5814 sites

Alignment comprises 1 partitions and 3492 patterns

Partition 0: noname
Model: GTR+FO+G4m
Alignment sites / patterns: 5814 / 3492
Gaps: 66.72 %
Invariant sites: 46.59 %


NOTE: Binary MSA file created: training_data/dna_M7024_767_5814.phy/output_files/parsimony/seed_36.raxml.rba

[00:00:00] Generating 1 parsimony starting tree(s) with 767 taxa
Parsimony score: 96628

All starting trees saved to: /datausers/ioit/thaontp/minhminh/difficulty-prediction-training-data/training_data/dna_M7024_767_5814.phy/output_files/parsimony/seed_36.raxml.startTree


Execution log saved to: /datausers/ioit/thaontp/minhminh/difficulty-prediction-training-data/training_data/dna_M7024_767_5814.phy/output_files/parsimony/seed_36.raxml.log

Analysis started: 01-Oct-2025 16:26:53 / finished: 01-Oct-2025 16:26:55

Elapsed time: 2.010 seconds

Consumed energy: 0.154 Wh


RAxML-NG v. 1.1.0-master released on 04.08.2022 by The Exelixis Lab.
Developed by: Alexey M. Kozlov and Alexandros Stamatakis.
Contributors: Diego Darriba, Tomas Flouri, Benoit Morel, Sarah Lutteropp, Ben Bettisworth.
Latest version: https://github.com/amkozlov/raxml-ng
Questions/problems/suggestions? Please visit: https://groups.google.com/forum/#!forum/raxml

System: Intel(R) Xeon(R) Gold 6132 CPU @ 2.60GHz, 28 cores, 125 GB RAM

RAxML-NG was called at 02-Oct-2025 12:20:59 as follows:

/datausers/ioit/thaontp/tranthanhvan235/raxml-ng/build/bin/raxml-ng --start --msa /datausers/ioit/thaontp/tranthanhvan235/data_treebase/remainMSAs/dna_M7024_767_5814.phy --tree pars{1} --prefix training_data/dna_M7024_767_5814.phy/output_files/parsimony/seed_37 --model GTR+G --seed 37

Analysis options:
  run mode: Starting tree generation
  start tree(s): parsimony (1)
  random seed: 37
  SIMD kernels: AVX2
  parallelization: coarse-grained (auto), PTHREADS (auto)

[00:00:00] Reading alignment from file: /datausers/ioit/thaontp/tranthanhvan235/data_treebase/remainMSAs/dna_M7024_767_5814.phy
[00:00:00] Loaded alignment with 767 taxa and 5814 sites

Alignment comprises 1 partitions and 3492 patterns

Partition 0: noname
Model: GTR+FO+G4m
Alignment sites / patterns: 5814 / 3492
Gaps: 66.72 %
Invariant sites: 46.59 %


NOTE: Binary MSA file created: training_data/dna_M7024_767_5814.phy/output_files/parsimony/seed_37.raxml.rba

[00:00:00] Generating 1 parsimony starting tree(s) with 767 taxa
Parsimony score: 96780

All starting trees saved to: /datausers/ioit/thaontp/minhminh/difficulty-prediction-training-data/training_data/dna_M7024_767_5814.phy/output_files/parsimony/seed_37.raxml.startTree


Execution log saved to: /datausers/ioit/thaontp/minhminh/difficulty-prediction-training-data/training_data/dna_M7024_767_5814.phy/output_files/parsimony/seed_37.raxml.log

Analysis started: 02-Oct-2025 12:20:59 / finished: 02-Oct-2025 12:21:02

Elapsed time: 2.671 seconds

Consumed energy: 0.202 Wh


RAxML-NG v. 1.1.0-master released on 04.08.2022 by The Exelixis Lab.
Developed by: Alexey M. Kozlov and Alexandros Stamatakis.
Contributors: Diego Darriba, Tomas Flouri, Benoit Morel, Sarah Lutteropp, Ben Bettisworth.
Latest version: https://github.com/amkozlov/raxml-ng
Questions/problems/suggestions? Please visit: https://groups.google.com/forum/#!forum/raxml

System: Intel(R) Xeon(R) Gold 6132 CPU @ 2.60GHz, 28 cores, 125 GB RAM

RAxML-NG was called at 29-Sep-2025 20:43:43 as follows:

/datausers/ioit/thaontp/tranthanhvan235/raxml-ng/build/bin/raxml-ng --start --msa /datausers/ioit/thaontp/tranthanhvan235/data_treebase/remainMSAs/dna_M7024_767_5814.phy --tree pars{1} --prefix training_data/dna_M7024_767_5814.phy/output_files/parsimony/seed_38 --model GTR+G --seed 38

Analysis options:
  run mode: Starting tree generation
  start tree(s): parsimony (1)
  random seed: 38
  SIMD kernels: AVX2
  parallelization: coarse-grained (auto), PTHREADS (auto)

[00:00:00] Reading alignment from file: /datausers/ioit/thaontp/tranthanhvan235/data_treebase/remainMSAs/dna_M7024_767_5814.phy
[00:00:00] Loaded alignment with 767 taxa and 5814 sites

Alignment comprises 1 partitions and 3492 patterns

Partition 0: noname
Model: GTR+FO+G4m
Alignment sites / patterns: 5814 / 3492
Gaps: 66.72 %
Invariant sites: 46.59 %


NOTE: Binary MSA file created: training_data/dna_M7024_767_5814.phy/output_files/parsimony/seed_38.raxml.rba

[00:00:00] Generating 1 parsimony starting tree(s) with 767 taxa
Parsimony score: 96898

All starting trees saved to: /datausers/ioit/thaontp/minhminh/difficulty-prediction-training-data/training_data/dna_M7024_767_5814.phy/output_files/parsimony/seed_38.raxml.startTree


Execution log saved to: /datausers/ioit/thaontp/minhminh/difficulty-prediction-training-data/training_data/dna_M7024_767_5814.phy/output_files/parsimony/seed_38.raxml.log

Analysis started: 29-Sep-2025 20:43:43 / finished: 29-Sep-2025 20:43:47

Elapsed time: 3.894 seconds

Consumed energy: 0.243 Wh


RAxML-NG v. 1.1.0-master released on 04.08.2022 by The Exelixis Lab.
Developed by: Alexey M. Kozlov and Alexandros Stamatakis.
Contributors: Diego Darriba, Tomas Flouri, Benoit Morel, Sarah Lutteropp, Ben Bettisworth.
Latest version: https://github.com/amkozlov/raxml-ng
Questions/problems/suggestions? Please visit: https://groups.google.com/forum/#!forum/raxml

System: Intel(R) Xeon(R) Gold 6132 CPU @ 2.60GHz, 28 cores, 125 GB RAM

RAxML-NG was called at 08-Oct-2025 22:33:12 as follows:

/datausers/ioit/thaontp/tranthanhvan235/raxml-ng/build/bin/raxml-ng --start --msa /datausers/ioit/thaontp/tranthanhvan235/data_treebase/remainMSAs/dna_M7024_767_5814.phy --tree pars{1} --prefix training_data/dna_M7024_767_5814.phy/output_files/parsimony/seed_39 --model GTR+G --seed 39

Analysis options:
  run mode: Starting tree generation
  start tree(s): parsimony (1)
  random seed: 39
  SIMD kernels: AVX2
  parallelization: coarse-grained (auto), PTHREADS (auto)

[00:00:00] Reading alignment from file: /datausers/ioit/thaontp/tranthanhvan235/data_treebase/remainMSAs/dna_M7024_767_5814.phy
[00:00:00] Loaded alignment with 767 taxa and 5814 sites

Alignment comprises 1 partitions and 3492 patterns

Partition 0: noname
Model: GTR+FO+G4m
Alignment sites / patterns: 5814 / 3492
Gaps: 66.72 %
Invariant sites: 46.59 %


NOTE: Binary MSA file created: training_data/dna_M7024_767_5814.phy/output_files/parsimony/seed_39.raxml.rba

[00:00:00] Generating 1 parsimony starting tree(s) with 767 taxa
Parsimony score: 96777

All starting trees saved to: /datausers/ioit/thaontp/minhminh/difficulty-prediction-training-data/training_data/dna_M7024_767_5814.phy/output_files/parsimony/seed_39.raxml.startTree


Execution log saved to: /datausers/ioit/thaontp/minhminh/difficulty-prediction-training-data/training_data/dna_M7024_767_5814.phy/output_files/parsimony/seed_39.raxml.log

Analysis started: 08-Oct-2025 22:33:12 / finished: 08-Oct-2025 22:33:14

Elapsed time: 2.254 seconds

Consumed energy: 0.173 Wh


RAxML-NG v. 1.1.0-master released on 04.08.2022 by The Exelixis Lab.
Developed by: Alexey M. Kozlov and Alexandros Stamatakis.
Contributors: Diego Darriba, Tomas Flouri, Benoit Morel, Sarah Lutteropp, Ben Bettisworth.
Latest version: https://github.com/amkozlov/raxml-ng
Questions/problems/suggestions? Please visit: https://groups.google.com/forum/#!forum/raxml

System: Intel(R) Xeon(R) Gold 6132 CPU @ 2.60GHz, 28 cores, 125 GB RAM

RAxML-NG was called at 02-Oct-2025 09:52:52 as follows:

/datausers/ioit/thaontp/tranthanhvan235/raxml-ng/build/bin/raxml-ng --start --msa /datausers/ioit/thaontp/tranthanhvan235/data_treebase/remainMSAs/dna_M7024_767_5814.phy --tree pars{1} --prefix training_data/dna_M7024_767_5814.phy/output_files/parsimony/seed_40 --model GTR+G --seed 40

Analysis options:
  run mode: Starting tree generation
  start tree(s): parsimony (1)
  random seed: 40
  SIMD kernels: AVX2
  parallelization: coarse-grained (auto), PTHREADS (auto)

[00:00:00] Reading alignment from file: /datausers/ioit/thaontp/tranthanhvan235/data_treebase/remainMSAs/dna_M7024_767_5814.phy
[00:00:00] Loaded alignment with 767 taxa and 5814 sites

Alignment comprises 1 partitions and 3492 patterns

Partition 0: noname
Model: GTR+FO+G4m
Alignment sites / patterns: 5814 / 3492
Gaps: 66.72 %
Invariant sites: 46.59 %


NOTE: Binary MSA file created: training_data/dna_M7024_767_5814.phy/output_files/parsimony/seed_40.raxml.rba

[00:00:00] Generating 1 parsimony starting tree(s) with 767 taxa
Parsimony score: 96602

All starting trees saved to: /datausers/ioit/thaontp/minhminh/difficulty-prediction-training-data/training_data/dna_M7024_767_5814.phy/output_files/parsimony/seed_40.raxml.startTree


Execution log saved to: /datausers/ioit/thaontp/minhminh/difficulty-prediction-training-data/training_data/dna_M7024_767_5814.phy/output_files/parsimony/seed_40.raxml.log

Analysis started: 02-Oct-2025 09:52:52 / finished: 02-Oct-2025 09:52:54

Elapsed time: 2.339 seconds

Consumed energy: 0.173 Wh

