IQ-TREE version 3.0.1 for Linux x86 64-bit built Sep 12 2025
Developed by Bui Quang Minh, Thomas Wong, Nhan Ly-Trong, Huaiyan Ren
Contributed by Lam-Tung Nguyen, Dominik Schrempf, Chris Bielow,
Olga Chernomor, Michael Woodhams, Diep Thi Hoang, Heiko Schmidt

Host:    suny-Precision-5530 (AVX2, FMA3, 15 GB RAM)
Command: /usr/local/bin/iqtree3 -s /home/suny/Downloads/VAN_TRAINING_DATA/data2/dna_M3031_276_1518.phy -pre results/dna_M3031_276_1518.phy/output_files/iqtree/inference/pars_14 -seed 14 -ninit 1 -T 1 -redo -n 0
Seed:    14 (Using SPRNG - Scalable Parallel Random Number Generator)
Time:    Sun Sep 21 03:23:16 2025
Kernel:  AVX+FMA - 1 threads (12 CPU cores detected)

HINT: Use -nt option to specify number of threads because your CPU has 12 cores!
HINT: -nt AUTO will automatically determine the best number of threads to use.

Reading alignment file /home/suny/Downloads/VAN_TRAINING_DATA/data2/dna_M3031_276_1518.phy ... Phylip format detected
Alignment most likely contains DNA/RNA sequences
Constructing alignment: done in 0.00572685 secs using 63.63% CPU
Alignment has 276 sequences with 1518 columns, 793 distinct patterns
425 parsimony-informative, 159 singleton sites, 934 constant sites
                                    Gap/Ambiguity  Composition  p-value
Analyzing sequences: done in 0.000973299 secs using 99.56% CPU
   1  Inocybe_acuta_Mart5434                5.53%    passed     93.12%
   2  Inocybe_acutella_Mart3095             5.20%    passed     99.93%
   3  Inocybe_acutella_Mart4284            26.22%    passed     89.06%
   4  Inocybe_acutella_Mart5428             5.27%    passed     99.92%
   5  Inocybe_adaequata_Mart4346            4.94%    passed     17.10%
   6  Inocybe_adaequata_Mart5143           19.24%    passed     22.87%
   7  Inocybe_agardhii_Mart4329            15.55%    passed     95.27%
   8  Inocybe_albomarginata_Mart5002       10.47%    passed     97.85%
   9  Inocybe_albomarginata_Mart5118        5.53%    passed     94.52%
  10  Inocybe_alnea_Mart5003                5.27%    passed     97.95%
  11  Inocybe_alpigenes_Mart5451            9.55%    passed     82.28%
  12  Inocybe_alpigenes_Mart5455            5.86%    passed     90.31%
  13  Inocybe_alpigenes_Mart5456            5.27%    passed     96.81%
  14  Inocybe_ambigua_Mart5004              5.73%    passed     97.52%
  15  Inocybe_amethystina_Mart5007          5.60%    passed     99.95%
  16  Inocybe_appendiculata_Mart5032        6.13%    passed     99.20%
  17  Inocybe_armeniaca_DQ974803           45.39%    passed     84.59%
  18  Inocybe_arthrocystis_Mart5429         5.01%    passed     99.83%
  19  Inocybe_asterospora_AJ889951         78.46%    passed     35.98%
  20  Inocybe_asterospora_Mart4347          4.87%    passed     95.37%
  21  Inocybe_asterospora_Mart5408          4.35%    passed     97.99%
  22  Inocybe_aurea_Mart3092               13.04%    passed     85.45%
  23  Inocybe_aurea_Mart5411                5.53%    passed     93.54%
  24  Inocybe_boltonii_Mart3184             5.53%    passed     91.14%
  25  Inocybe_boltonii_Mart5471             5.53%    passed     94.03%
  26  Inocybe_bongardii_Mart4303            5.67%    passed     99.00%
  27  Inocybe_bongardii_Mart4307            5.60%    passed     98.33%
  28  Inocybe_bongardii_Mart4357            5.60%    passed     99.04%
  29  Inocybe_calamistrata_Mart4286        26.68%    passed     91.18%
  30  Inocybe_calamistrata_Mart4362         5.80%    passed     81.85%
  31  Inocybe_calamistrata_Mart5274         5.67%    passed     88.91%
  32  Inocybe_calamistrata_Mart5406        10.14%    passed     90.98%
  33  Inocybe_calamistrata_Mart5454         5.67%    passed     95.24%
  34  Inocybe_calida_Mart5026              76.88%    passed     31.77%
  35  Inocybe_calida_Mart5029              77.47%    passed     44.91%
  36  Inocybe_calida_Mart5117               5.60%    passed     34.58%
  37  Inocybe_calospora_Mart3213            5.67%    passed     83.63%
  38  Inocybe_calospora_Mart5475            5.93%    passed     72.34%
  39  Inocybe_castanea_Mart4271             4.94%    passed     65.99%
  40  Inocybe_castanea_Mart5035             4.94%    passed     65.89%
  41  Inocybe_cervicolor_AF347101          32.67%    passed     86.89%
  42  Inocybe_cervicolor_Mart3320           5.60%    passed     97.08%
  43  Inocybe_cervicolor_Mart4266           5.53%    passed     99.59%
  44  Inocybe_cervicolor_Mart5012           9.42%    passed     59.39%
  45  Inocybe_cf._fuscidula_Mart5468        5.60%    passed     98.14%
  46  Inocybe_cf._leiocephal_Mart5420       5.20%    passed     87.46%
  47  Inocybe_cf._subnudipes_Mart5006       5.53%    passed     98.29%
  48  Inocybe_cf._xanthomela_Mart5160      27.40%    passed     85.22%
  49  Inocybe_cookei_Mart4339               4.68%    passed     69.41%
  50  Inocybe_cookei_Mart5024               4.55%    passed     74.02%
  51  Inocybe_cookei_Mart5213               7.58%    passed     82.93%
  52  Inocybe_cookei_Mart5313               4.28%    passed     70.63%
  53  Inocybe_cookei_Mart5466               4.28%    passed     74.63%
  54  Inocybe_corydalina_Mart4358           5.01%    passed     90.62%
  55  Inocybe_cryprocystis_Mart5028        62.32%    passed     22.08%
  56  Inocybe_curvipes_Mart3142             5.27%    passed     99.58%
  57  Inocybe_curvipes_Mart6001             5.27%    passed     97.02%
  58  Inocybe_decipiens_Mart5109            4.55%    passed     98.29%
  59  Inocybe_devonensis_Mart5217           5.20%    passed     82.16%
  60  Inocybe_diabolica_Mart5031           77.47%    passed     59.45%
  61  Inocybe_dulcamara_Mart4274            5.34%    passed     99.82%
  62  Inocybe_dulcamara_Mart4335            5.40%    passed     99.60%
  63  Inocybe_dulcamara_Mart5437            5.14%    passed     99.79%
  64  Inocybe_dulcamara_Mart5449            5.34%    passed     99.40%
  65  Inocybe_dulcamara_Mart5457           25.69%    passed     96.88%
  66  Inocybe_dulcamaroides_Mart5459        6.26%    passed     80.24%
  67  Inocybe_dunensis_Mart5025            77.01%    passed     48.12%
  68  Inocybe_dunensis_Mart5214             4.48%    passed     97.20%
  69  Inocybe_egenula_Mart5452              5.60%    passed     87.76%
  70  Inocybe_erinaceomorpha_Mart5034       4.41%    passed     50.28%
  71  Inocybe_erinaceomorpha_Mart5378       4.15%    passed     64.66%
  72  Inocybe_erubescens_Mart5020           4.87%    passed     14.98%
  73  Inocybe_erubescens_Mart5057           4.81%    passed     15.78%
  74  Inocybe_erubescens_Mart5113           4.87%    passed     14.97%
  75  Inocybe_fibrosa_Mart3318              4.87%    passed     74.89%
  76  Inocybe_fibrosoides_Mart4190          5.34%    passed     86.08%
  77  Inocybe_flavella_Mart4327             9.62%    passed     93.64%
  78  Inocybe_flavella_Mart5021             5.93%    passed     95.77%
  79  Inocybe_flavella_Mart5036            62.38%    passed     33.16%
  80  Inocybe_flavella_Mart5095             5.99%    passed     94.67%
  81  Inocybe_flavella_Mart5410             5.99%    passed     93.92%
  82  Inocybe_flavella_Mart5476             5.93%    passed     97.21%
  83  Inocybe_flocculosa_AY228354          50.00%    passed     97.71%
  84  Inocybe_flocculosa_Mart4270           5.60%    passed     99.67%
  85  Inocybe_flocculosa_Mart4292          27.01%    passed     97.10%
  86  Inocybe_flocculosa_Mart4340           5.60%    passed     99.24%
  87  Inocybe_flocculosa_Mart4343           5.60%    passed     99.62%
  88  Inocybe_fraudans_AJ889953            78.46%    passed     45.91%
  89  Inocybe_fraudans_Mart4352             4.94%    passed     98.79%
  90  Inocybe_fraudans_Mart4359             5.01%    passed     98.63%
  91  Inocybe_fraudans_Mart5037            25.23%    passed     97.93%
  92  Inocybe_fraudans_Mart5380             4.94%    passed     99.06%
  93  Inocybe_fraudans_Mart5425             4.87%    passed     98.09%
  94  Inocybe_fulvipes_Mart5431             5.40%    passed     99.34%
  95  Inocybe_fuscidula_Mart3159            5.01%    passed     97.49%
  96  Inocybe_fuscidula_Mart4272            5.01%    passed     95.82%
  97  Inocybe_fuscidula_Mart4278            5.40%    passed     99.88%
  98  Inocybe_fuscidula_Mart5124            5.01%    passed     96.39%
  99  Inocybe_fuscidula_Mart5158            5.07%    passed     95.05%
 100  Inocybe_fuscidula_Mart5395            5.40%    passed     98.02%
 101  Inocybe_fuscidula_Mart5474            5.01%    passed     94.76%
 102  Inocybe_geophylla_Mart4299           27.80%    passed     90.56%
 103  Inocybe_geophylla_Mart4304           19.24%    passed     93.31%
 104  Inocybe_geophylla_Mart4350            5.40%    passed     96.35%
 105  Inocybe_geophylla_Mart5010            5.47%    passed     99.66%
 106  Inocybe_geophylla_Mart5011            5.34%    passed     98.66%
 107  Inocybe_geophylla_Mart5414            5.34%    passed     96.69%
 108  Inocybe_geophylla_Mart5462            5.40%    passed     99.56%
 109  Inocybe_geophylla_Mart5478           25.89%    passed     97.23%
 110  Inocybe_giacomi_Mart5423              5.53%    passed     94.35%
 111  Inocybe_giacomi_Mart5433              5.53%    passed     97.21%
 112  Inocybe_giacomi_Mart5435              5.47%    passed     96.88%
 113  Inocybe_glabipes_Mart5053             5.53%    passed     99.32%
 114  Inocybe_glabipes_Mart5222            86.03%    passed     51.34%
 115  Inocybe_glabipes_Mart5412             5.47%    passed     96.61%
 116  Inocybe_godeyi_AJ889954              84.06%    passed     27.20%
 117  Inocybe_godeyi_Mart4332               5.67%    passed     97.68%
 118  Inocybe_godeyi_Mart5228               9.09%    passed     99.02%
 119  Inocybe_grammata_Mart5046             5.14%    passed     99.18%
 120  Inocybe_griseolilacina_Mart4305       5.60%    passed     98.54%
 121  Inocybe_griseoscabrosa_Mart5042       5.47%    passed     96.43%
 122  Inocybe_griseoscabrosa_Mart5094      57.44%    passed     98.01%
 123  Inocybe_gymnocarpa_Mart5045          26.55%    passed     98.75%
 124  Inocybe_haemacta_Mart5039             5.27%    passed     97.30%
 125  Inocybe_hirculus_Mart5048             5.14%    passed     98.54%
 126  Inocybe_hirtella_Mart4345             5.86%    passed     99.55%
 127  Inocybe_hirtella_Mart4355            18.97%    passed     84.89%
 128  Inocybe_hirtella_Mart5413             5.53%    passed     99.11%
 129  Inocybe_hirtella_Mart5469             5.53%    passed     98.84%
 130  Inocybe_hystrix_Mart4336              5.47%    passed     98.68%
 131  Inocybe_hystrix_Mart5047              5.47%    passed     98.22%
 132  Inocybe_hystrix_Mart5467              5.47%    passed     98.22%
 133  Inocybe_impexa_Mart5381               5.27%    passed     99.94%
 134  Inocybe_inodora_Mart5038             77.34%    passed     42.80%
 135  Inocybe_inodora_Mart5432              5.20%    passed     96.47%
 136  Inocybe_jacobi_Mart5044               5.67%    passed     70.47%
 137  Inocybe_lacera_AB211269              86.10%    passed     53.39%
 138  Inocybe_lacera_Mart4285               5.27%    passed     95.56%
 139  Inocybe_lacera_Mart4289               5.47%    passed     97.45%
 140  Inocybe_lacera_Mart5216               5.40%    passed     99.89%
 141  Inocybe_lacera_Mart5430               5.27%    passed     99.46%
 142  Inocybe_lacera_Mart5440               5.40%    passed     98.35%
 143  Inocybe_lacera_Mart5442               5.27%    passed     99.34%
 144  Inocybe_lacera_Mart5446               5.40%    passed     98.94%
 145  Inocybe_lacera_Mart5458               5.27%    passed     99.65%
 146  Inocybe_langei_Mart43207              5.20%    passed     90.84%
 147  Inocybe_langei_Mart5472               6.32%    passed     92.89%
 148  Inocybe_lanuginosa_DQ367905          75.43%    passed     74.80%
 149  Inocybe_lanuginosa_Mart3107           5.60%    passed     90.21%
 150  Inocybe_lanuginosa_Mart3151           5.53%    passed     91.28%
 151  Inocybe_lanuginosa_Mart3152          10.47%    passed     91.36%
 152  Inocybe_lanuginosa_Mart5096          62.19%    passed     47.73%
 153  Inocybe_leiocephala_Mart4310          5.53%    passed     99.92%
 154  Inocybe_leptocystis_Mart3204          5.53%    passed     96.48%
 155  Inocybe_leptophylla_Mart3108         50.59%    passed     93.84%
 156  Inocybe_leucoblema_Mart5043           5.40%    passed     99.68%
 157  Inocybe_leucoblema_Mart5422           5.14%    passed     99.42%
 158  Inocybe_maculata_AJ534933            77.34%    passed     54.07%
 159  Inocybe_maculata_AJ966749            72.86%    passed     28.04%
 160  Inocybe_maculata_Mart4348             5.40%    passed     97.10%
 161  Inocybe_maculata_Mart4356             5.14%    passed     91.02%
 162  Inocybe_maculata_Mart5008             5.01%    passed     93.71%
 163  Inocybe_maculata_Mart5059             5.07%    passed     61.64%
 164  Inocybe_maculata_Mart5060             5.01%    passed     50.89%
 165  Inocybe_maculata_Mart5465             5.20%    passed     26.42%
 166  Inocybe_malenconii_Mart5050           5.27%    passed     95.21%
 167  Inocybe_malenconii_Mart5058           5.14%    passed     99.57%
 168  Inocybe_maritima_Mart5219             5.27%    passed     97.02%
 169  Inocybe_melanopoda_Mart5220           6.85%    passed     99.29%
 170  Inocybe_melanopus_Mart5052            6.79%    passed     98.77%
 171  Inocybe_melanopus_Mart5112            6.85%    passed     97.33%
 172  Inocybe_mimica_Mart5314              38.67%    passed     78.11%
 173  Inocybe_mixitilis_Mart3186           26.88%    passed     94.27%
 174  Inocybe_mixitilis_Mart4282            5.27%    passed     98.71%
 175  Inocybe_mixitilis_Mart4308            5.20%    passed     98.61%
 176  Inocybe_mixitilis_Mart4325            5.20%    passed     98.61%
 177  Inocybe_mixitilis_Mart4328            5.20%    passed     96.77%
 178  Inocybe_mixitilis_Mart4365            5.34%    passed     98.52%
 179  Inocybe_muricellata_Mart4294          4.68%    passed     99.32%
 180  Inocybe_muricellata_Mart5055          4.35%    passed     99.53%
 181  Inocybe_muricellata_Mart5056          4.35%    passed     99.11%
 182  Inocybe_muricellata_Mart5436          5.27%    passed     96.81%
 183  Inocybe_napipes_AJ889955             78.39%    passed     63.11%
 184  Inocybe_napipes_Mart4290              5.20%    passed     97.24%
 185  Inocybe_napipes_Mart5415              5.20%    passed     97.30%
 186  Inocybe_napipes_Mart5417              5.20%    passed     98.57%
 187  Inocybe_napipes_Mart5427              5.14%    passed     97.95%
 188  Inocybe_nematoloma_Mart5126          74.31%    passed     34.84%
 189  Inocybe_nematoloma_Mart5477           5.40%    passed     70.85%
 190  Inocybe_nitidiuscula_AJ534934        71.74%    passed     66.68%
 191  Inocybe_nitidiuscula_Mart4276        62.85%    passed     75.08%
 192  Inocybe_nitidiuscula_Mart4354         8.37%    passed     81.53%
 193  Inocybe_nitidiuscula_Mart5394        26.61%    passed     83.55%
 194  Inocybe_nitidiuscula_Mart5473         4.81%    passed     78.33%
 195  Inocybe_oblectabilis_Mart5125         4.55%    passed     97.83%
 196  Inocybe_oblectabilis_Mart5129         4.55%    passed     97.16%
 197  Inocybe_obscurobadia_Mart5131         5.53%    passed     97.06%
 198  Inocybe_obsoleta_Mart4287             5.80%    passed     73.18%
 199  Inocybe_obsoleta_Mart5018            65.22%    passed     17.49%
 200  Inocybe_ochroalba_Mart4298            5.27%    passed     99.05%
 201  Inocybe_ochroalba_Mart4300           27.67%    passed     98.53%
 202  Inocybe_ochroalba_Mart4311            5.20%    passed     99.69%
 203  Inocybe_ochroalba_Mart4330            5.07%    passed     98.19%
 204  Inocybe_ochroalba_Mart4342            5.07%    passed     99.37%
 205  Inocybe_pelargonium_Mart5148          4.48%    passed     97.71%
 206  Inocybe_perlata_Mart4312              5.60%    passed     83.65%
 207  Inocybe_perlata_Mart5023              5.60%    passed     87.28%
 208  Inocybe_petiginosa_AJ889956          78.52%    passed     46.05%
 209  Inocybe_petiginosa_Mart3183           5.80%    passed     80.42%
 210  Inocybe_petiginosa_Mart4288           5.73%    passed     79.97%
 211  Inocybe_petiginosa_Mart4306           5.73%    passed     71.91%
 212  Inocybe_phaeocomis_Mart4275           4.94%    passed     67.28%
 213  Inocybe_phaeocomis_Mart4283           5.01%    passed     71.31%
 214  Inocybe_phaeocomis_Mart4341           4.94%    passed     61.38%
 215  Inocybe_phaeocomis_Mart4361          11.53%    passed     50.87%
 216  Inocybe_phaeocomis_Mart5419           5.07%    passed     57.23%
 217  Inocybe_phaeocomis_Mart5424           5.07%    passed     82.94%
 218  Inocybe_phaeodisca_Mart5054          62.19%    passed     70.35%
 219  Inocybe_posterula_Mart6004            5.27%    passed     92.23%
 220  Inocybe_praetervisa_Mart4363          4.61%    passed     49.60%
 221  Inocybe_pseudoasterospora_Mart3094    5.47%    passed     93.82%
 222  Inocybe_pseudoasterospora_Mart5121    5.34%    passed     93.08%
 223  Inocybe_pudica_AY228341              46.90%    passed     96.26%
 224  Inocybe_pudica_Mart5135               5.01%    passed     96.71%
 225  Inocybe_pudica_Mart5382               5.07%    passed     97.47%
 226  Inocybe_putilla_Mart5140              5.34%    passed     85.04%
 227  Inocybe_quietiodor_Mart4351           5.20%    passed     67.78%
 228  Inocybe_quietiodor_Mart5093          25.69%    passed     60.28%
 229  Inocybe_relicina_Mart3105             5.86%    passed     99.09%
 230  Inocybe_rennyi_Mart3089               5.34%    passed     98.08%
 231  Inocybe_rennyi_Mart3182               5.34%    passed     99.71%
 232  Inocybe_rennyi_Mart3195               5.53%    passed     95.60%
 233  Inocybe_rimosa_Mart4267               5.67%    passed     87.55%
 234  Inocybe_rimosa_Mart4302               5.60%    passed     98.43%
 235  Inocybe_rimosa_Mart4337               5.67%    passed     89.14%
 236  Inocybe_rimosa_Mart4360               5.40%    passed     68.37%
 237  Inocybe_rimosa_Mart5015              61.33%    passed     29.46%
 238  Inocybe_rimosa_Mart5111               5.20%    passed     75.07%
 239  Inocybe_rimosa_Mart5114              26.48%    passed     55.78%
 240  Inocybe_rimosa_Mart5149               9.29%    passed     71.45%
 241  Inocybe_rimosa_Mart5421               5.67%    passed     76.25%
 242  Inocybe_rimosa_Mart5448               5.60%    passed     81.76%
 243  Inocybe_rimosa_Mart5464               5.67%    passed     84.26%
 244  Inocybe_salicis_Mart5439              5.40%    passed     99.38%
 245  Inocybe_sambucina_Mart5139            5.73%    passed     83.27%
 246  Inocybe_sapinea_Mart3187              5.80%    passed     97.56%
 247  Inocybe_sapinea_Mart5461              5.80%    passed     97.62%
 248  Inocybe_sindonia_Mart4331             5.47%    passed     98.78%
 249  Inocybe_sindonia_Mart5463             5.47%    passed     98.20%
 250  Inocybe_soluta_Mart3172               8.89%    passed     86.29%
 251  Inocybe_soluta_Mart4280               5.47%    passed     95.00%
 252  Inocybe_soluta_Mart5027              77.27%    passed     40.66%
 253  Inocybe_squamata_Mart5022             5.93%    passed     93.36%
 254  Inocybe_squamata_Mart5224             5.93%    passed     90.15%
 255  Inocybe_squamata_Mart5225             5.93%    passed     95.04%
 256  Inocybe_squamata_Mart5226            26.88%    passed     97.72%
 257  Inocybe_stellatospora_Mart3205        5.60%    passed     93.90%
 258  Inocybe_stellatospora_Mart4279        5.53%    passed     94.91%
 259  Inocybe_subexilis_Mart5146            5.73%    passed     81.58%
 260  Inocybe_subnudipes_Mart5147           5.53%    passed     99.40%
 261  Inocybe_subporospora_Mart5144         5.60%    passed     99.73%
 262  Inocybe_tenebrosa_Mart5033           57.84%    passed     67.71%
 263  Inocybe_tenebrosa_Mart5157           49.14%    passed     96.21%
 264  Inocybe_teraturgus_Mart3173           5.60%    passed     82.54%
 265  Inocybe_terrigena_Mart4353            5.14%    passed     99.16%
 266  Inocybe_tetragonospora_Mart5438       5.86%    passed     93.75%
 267  Inocybe_tetragonospora_Mart5453       5.86%    passed     90.71%
 268  Inocybe_tjallingiorum_Mart5161        5.60%    passed     96.55%
 269  Inocybe_tricolor_Mart5426             4.81%    passed     93.03%
 270  Inocybe_umbratica_Mart3188            5.67%    passed     95.60%
 271  Inocybe_umbratica_Mart5159            5.67%    passed     96.90%
 272  Inocybe_umbrina_Mart3150              5.20%    passed     93.80%
 273  Inocybe_umbrina_Mart5377              5.14%    passed     94.70%
 274  Inocybe_vulpinella_Mart5164           5.07%    passed     76.32%
 275  Inocybe_xanthomelas_Mart5162          4.48%    passed     89.36%
 276  Naucoria_submelinoides_Mart5116       5.67%    passed     86.75%
WARNING: 28 sequences contain more than 50% gaps/ambiguity
****  TOTAL                                14.47%  0 sequences failed composition chi2 test (p-value<5%; df=3)
Checking for duplicate sequences: done in 0.00161383 secs using 99.82% CPU


Create initial parsimony tree by phylogenetic likelihood library (PLL)... 0.061 seconds
Perform fast likelihood tree search using GTR+I+G model...
Estimate model parameters (epsilon = 5.000)
Perform nearest neighbor interchange...
Estimate model parameters (epsilon = 1.000)
1. Initial log-likelihood: -20323.961
2. Current log-likelihood: -20321.330
3. Current log-likelihood: -20319.847
4. Current log-likelihood: -20318.670
Optimal log-likelihood: -20317.364
Rate parameters:  A-C: 0.59203  A-G: 3.32834  A-T: 0.85501  C-G: 0.67088  C-T: 5.68844  G-T: 1.00000
Base frequencies:  A: 0.279  C: 0.199  G: 0.275  T: 0.246
Proportion of invariable sites: 0.458
Gamma shape alpha: 0.467
Parameters optimization took 4 rounds (1.892 sec)
Time for fast ML tree search: 6.115 seconds

NOTE: ModelFinder requires 71 MB RAM!
ModelFinder will test up to 968 DNA models (sample size: 1518 epsilon: 0.100) ...
 No. Model         -LnL         df  AIC          AICc         BIC
  1  JC            25022.067    549 51142.135    51765.998    54065.642
  2  JC+I          22671.324    550 46442.648    47069.432    49371.480
  3  JC+G4         21527.178    550 44154.356    44781.139    47083.187
  4  JC+I+G4       21401.809    551 43905.618    44535.332    46839.775
  5  JC+R2         21680.316    551 44462.632    45092.346    47396.789
  6  JC+R3         21378.214    553 43862.428    44498.034    46807.235
  7  JC+R4         21328.494    555 43766.989    44408.527    46722.446
  8  JC+R5         21311.267    557 43736.534    44384.047    46702.642
  9  JC+R6         21310.604    559 43739.208    44392.736    46715.966
 14  JC+I+R2       21475.180    552 44054.360    44687.015    46993.842
 15  JC+I+R3       21348.583    554 43805.167    44443.734    46755.299
 16  JC+I+R4       21315.796    556 43743.592    44388.112    46704.375
 17  JC+I+R5       21310.416    558 43736.832    44387.347    46708.265
 30  JC+R5         21311.267    557 43736.534    44384.047    46702.642
 38  JC+I+R4       21315.796    556 43743.592    44388.112    46704.375
 39  JC+I+R5       21310.416    558 43736.832    44387.347    46708.265
 52  F81+R5        21311.074    557 43736.148    44383.661    46702.256
 60  F81+I+R4      21314.573    556 43741.145    44385.665    46701.928
 61  F81+I+R5      21310.216    558 43736.433    44386.948    46707.866
 74  F81+F+R5      21378.174    560 43876.348    44532.899    46858.431
 82  F81+F+I+R4    21382.964    559 43883.928    44537.456    46860.686
 83  F81+F+I+R5    21377.758    561 43877.516    44537.102    46864.925
 96  K2P+R5        20261.881    558 41639.761    42290.276    44611.194
104  K2P+I+R4      20265.928    557 41645.855    42293.368    44611.963
105  K2P+I+R5      20260.956    559 41639.912    42293.440    44616.671
118  K2P+R5        20261.881    558 41639.761    42290.276    44611.194
126  K2P+I+R4      20265.928    557 41645.855    42293.368    44611.963
127  K2P+I+R5      20260.956    559 41639.912    42293.440    44616.671
140  HKY+R5        20261.819    558 41639.638    42290.153    44611.071
148  HKY+I+R4      20265.924    557 41645.848    42293.360    44611.956
149  HKY+I+R5      20260.887    559 41639.775    42293.303    44616.533
162  HKY+F+R5      20273.406    561 41668.812    42328.398    44656.221
170  HKY+F+I+R4    20275.826    560 41671.651    42328.203    44653.734
171  HKY+F+I+R5    20271.871    562 41667.743    42330.373    44660.477
184  TNe+R5        20250.561    559 41619.122    42272.651    44595.881
192  TNe+I+R4      20258.671    558 41633.341    42283.856    44604.774
193  TNe+I+R5      20249.908    560 41619.815    42276.367    44601.899
206  TNe+R5        20250.561    559 41619.122    42272.651    44595.881
214  TNe+I+R4      20258.671    558 41633.341    42283.856    44604.774
215  TNe+I+R5      20249.908    560 41619.815    42276.367    44601.899
228  TN+R5         20250.497    559 41618.994    42272.522    44595.753
236  TN+I+R4       20258.619    558 41633.238    42283.753    44604.671
237  TN+I+R5       20249.772    560 41619.545    42276.097    44601.628
250  TN+F+R5       20219.279    562 41562.558    42225.188    44555.292
258  TN+F+I+R4     20230.246    561 41582.492    42242.078    44569.901
259  TN+F+I+R5     20217.212    563 41560.423    42226.109    44558.482
272  K3P+R5        20261.281    559 41640.561    42294.089    44617.319
280  K3P+I+R4      20265.523    558 41647.046    42297.561    44618.479
281  K3P+I+R5      20259.616    560 41639.231    42295.783    44621.315
294  K3P+R5        20261.281    559 41640.561    42294.089    44617.319
302  K3P+I+R4      20265.523    558 41647.046    42297.561    44618.479
303  K3P+I+R5      20259.616    560 41639.231    42295.783    44621.315
316  K3Pu+R5       20261.214    559 41640.428    42293.956    44617.186
324  K3Pu+I+R4     20265.509    558 41647.018    42297.533    44618.451
325  K3Pu+I+R5     20259.506    560 41639.013    42295.565    44621.096
338  K3Pu+F+R5     20272.982    562 41669.964    42332.595    44662.698
346  K3Pu+F+I+R4   20275.584    561 41673.168    42332.753    44660.576
347  K3Pu+F+I+R5   20271.179    563 41668.357    42334.043    44666.416
360  TPM2+R5       20261.156    559 41640.311    42293.839    44617.069
368  TPM2+I+R4     20265.354    558 41646.708    42297.223    44618.141
369  TPM2+I+R5     20259.146    560 41638.293    42294.844    44620.376
382  TPM2+R5       20261.156    559 41640.311    42293.839    44617.069
390  TPM2+I+R4     20265.354    558 41646.708    42297.223    44618.141
391  TPM2+I+R5     20259.146    560 41638.293    42294.844    44620.376
404  TPM2u+R5      20261.121    559 41640.242    42293.770    44617.000
412  TPM2u+I+R4    20265.355    558 41646.710    42297.225    44618.143
413  TPM2u+I+R5    20259.122    560 41638.243    42294.795    44620.327
426  TPM2u+F+R5    20272.036    562 41668.073    42330.703    44660.806
434  TPM2u+F+I+R4  20274.597    561 41671.195    42330.781    44658.603
435  TPM2u+F+I+R5  20269.920    563 41665.840    42331.525    44663.898
448  TPM3+R5       20234.852    559 41587.705    42241.233    44564.463
456  TPM3+I+R4     20239.837    558 41595.674    42246.189    44567.107
457  TPM3+I+R5     20232.466    560 41584.931    42241.483    44567.015
470  TPM3+R5       20234.852    559 41587.705    42241.233    44564.463
478  TPM3+I+R4     20239.837    558 41595.674    42246.189    44567.107
479  TPM3+I+R5     20232.466    560 41584.931    42241.483    44567.015
492  TPM3u+R5      20234.815    559 41587.630    42241.158    44564.388
500  TPM3u+I+R4    20239.836    558 41595.672    42246.187    44567.105
501  TPM3u+I+R5    20232.416    560 41584.832    42241.384    44566.916
514  TPM3u+F+R5    20260.715    562 41645.429    42308.060    44638.163
522  TPM3u+F+I+R4  20263.361    561 41648.722    42308.308    44636.131
523  TPM3u+F+I+R5  20258.257    563 41642.514    42308.200    44640.573
536  TIMe+R5       20250.052    560 41620.103    42276.655    44602.187
544  TIMe+I+R4     20258.246    559 41634.491    42288.019    44611.249
545  TIMe+I+R5     20248.923    561 41619.846    42279.432    44607.255
558  TIMe+R5       20250.052    560 41620.103    42276.655    44602.187
566  TIMe+I+R4     20258.246    559 41634.491    42288.019    44611.249
567  TIMe+I+R5     20248.923    561 41619.846    42279.432    44607.255
580  TIM+R5        20249.988    560 41619.976    42276.528    44602.060
588  TIM+I+R4      20258.212    559 41634.423    42287.951    44611.181
589  TIM+I+R5      20248.837    561 41619.674    42279.259    44607.082
602  TIM+F+R5      20218.929    563 41563.858    42229.544    44561.917
610  TIM+F+I+R4    20229.895    562 41583.790    42246.420    44576.524
611  TIM+F+I+R5    20216.782    564 41561.565    42230.316    44564.949
624  TIM2e+R5      20249.902    560 41619.803    42276.355    44601.887
632  TIM2e+I+R4    20258.090    559 41634.181    42287.709    44610.939
633  TIM2e+I+R5    20248.626    561 41619.253    42278.839    44606.661
646  TIM2e+R5      20249.902    560 41619.803    42276.355    44601.887
654  TIM2e+I+R4    20258.090    559 41634.181    42287.709    44610.939
655  TIM2e+I+R5    20248.626    561 41619.253    42278.839    44606.661
668  TIM2+R5       20249.855    560 41619.710    42276.262    44601.794
676  TIM2+I+R4     20258.069    559 41634.137    42287.666    44610.896
677  TIM2+I+R5     20248.590    561 41619.180    42278.765    44606.588
690  TIM2+F+R5     20218.363    563 41562.726    42228.412    44560.785
698  TIM2+F+I+R4   20228.790    562 41581.581    42244.211    44574.314
699  TIM2+F+I+R5   20216.086    564 41560.173    42228.924    44563.557
712  TIM3e+R5      20222.068    560 41564.136    42220.687    44546.219
720  TIM3e+I+R4    20231.406    559 41580.812    42234.340    44557.570
721  TIM3e+I+R5    20220.617    561 41563.234    42222.820    44550.642
734  TIM3e+R5      20222.068    560 41564.136    42220.687    44546.219
742  TIM3e+I+R4    20231.406    559 41580.812    42234.340    44557.570
743  TIM3e+I+R5    20220.617    561 41563.234    42222.820    44550.642
756  TIM3+R5       20222.025    560 41564.050    42220.602    44546.133
764  TIM3+I+R4     20231.393    559 41580.786    42234.314    44557.544
765  TIM3+I+R5     20220.580    561 41563.160    42222.746    44550.568
778  TIM3+F+R5     20206.245    563 41538.489    42204.175    44536.548
786  TIM3+F+I+R4   20217.806    562 41559.613    42222.243    44552.347
787  TIM3+F+I+R5   20204.484    564 41536.968    42205.719    44540.352
800  TVMe+R5       20233.799    561 41589.597    42249.183    44577.006
808  TVMe+I+R4     20239.198    560 41598.397    42254.948    44580.480
809  TVMe+I+R5     20231.370    562 41586.740    42249.370    44579.474
822  TVMe+R5       20233.799    561 41589.597    42249.183    44577.006
830  TVMe+I+R4     20239.198    560 41598.397    42254.948    44580.480
831  TVMe+I+R5     20231.370    562 41586.740    42249.370    44579.474
844  TVM+R5        20233.764    561 41589.528    42249.114    44576.937
852  TVM+I+R4      20239.191    560 41598.382    42254.934    44580.465
853  TVM+I+R5      20231.334    562 41586.668    42249.298    44579.402
866  TVM+F+R5      20259.218    564 41646.436    42315.187    44649.820
874  TVM+F+I+R4    20262.069    563 41650.137    42315.823    44648.196
875  TVM+F+I+R5    20256.564    565 41643.128    42314.956    44651.837
888  SYM+R5        20221.485    562 41566.969    42229.599    44559.703
896  SYM+I+R4      20230.818    561 41583.637    42243.222    44571.045
897  SYM+I+R5      20220.017    563 41566.033    42231.719    44564.092
910  SYM+R5        20221.484    562 41566.969    42229.599    44559.703
918  SYM+I+R4      20230.818    561 41583.637    42243.222    44571.045
919  SYM+I+R5      20220.017    563 41566.033    42231.719    44564.092
932  GTR+R5        20221.461    562 41566.922    42229.553    44559.656
940  GTR+I+R4      20230.818    561 41583.636    42243.222    44571.045
941  GTR+I+R5      20219.948    563 41565.895    42231.581    44563.954
954  GTR+F+R5      20205.333    565 41540.666    42212.493    44549.375
962  GTR+F+I+R4    20216.414    564 41560.827    42229.578    44564.211
963  GTR+F+I+R5    20203.551    566 41539.102    42214.017    44553.136
Akaike Information Criterion:           TIM3+F+I+R5
Corrected Akaike Information Criterion: TIM3+F+R5
Bayesian Information Criterion:         TIM3+F+R5
Best-fit model: TIM3+F+R5 chosen according to BIC

All model information printed to results/dna_M3031_276_1518.phy/output_files/iqtree/inference/pars_14.model.gz
CPU time for ModelFinder: 358.065 seconds (0h:5m:58s)
Wall-clock time for ModelFinder: 358.847 seconds (0h:5m:58s)

NOTE: 35 MB RAM (0 GB) is required!
Estimate model parameters (epsilon = 0.010)
1. Initial log-likelihood: -20206.256
2. Current log-likelihood: -20206.174
3. Current log-likelihood: -20206.112
4. Current log-likelihood: -20206.072
5. Current log-likelihood: -20206.037
6. Current log-likelihood: -20206.005
7. Current log-likelihood: -20205.977
8. Current log-likelihood: -20205.962
9. Current log-likelihood: -20205.949
10. Current log-likelihood: -20205.935
11. Current log-likelihood: -20205.923
12. Current log-likelihood: -20205.911
13. Current log-likelihood: -20205.901
14. Current log-likelihood: -20205.890
Optimal log-likelihood: -20205.875
Rate parameters:  A-C: 0.67550  A-G: 3.28952  A-T: 1.00000  C-G: 0.67550  C-T: 6.67159  G-T: 1.00000
Base frequencies:  A: 0.279  C: 0.199  G: 0.275  T: 0.246
Site proportion and rates:  (0.703,0.059) (0.151,0.942) (0.090,3.635) (0.048,7.636) (0.008,16.426)
Parameters optimization took 14 rounds (11.972 sec)
Wrote distance file to... 
BEST SCORE FOUND : -20205.875
Total tree length: 3.131

Total number of iterations: 0
CPU time used for tree search: 0.000 sec (0h:0m:0s)
Wall-clock time used for tree search: 0.000 sec (0h:0m:0s)
Total CPU time used: 370.058 sec (0h:6m:10s)
Total wall-clock time used: 370.861 sec (0h:6m:10s)

Analysis results written to: 
  IQ-TREE report:                results/dna_M3031_276_1518.phy/output_files/iqtree/inference/pars_14.iqtree
  Maximum-likelihood tree:       results/dna_M3031_276_1518.phy/output_files/iqtree/inference/pars_14.treefile
  Screen log file:               results/dna_M3031_276_1518.phy/output_files/iqtree/inference/pars_14.log

Date and Time: Sun Sep 21 03:29:27 2025
