IQ-TREE version 3.0.1 for Linux x86 64-bit built Sep 12 2025
Developed by Bui Quang Minh, Thomas Wong, Nhan Ly-Trong, Huaiyan Ren
Contributed by Lam-Tung Nguyen, Dominik Schrempf, Chris Bielow,
Olga Chernomor, Michael Woodhams, Diep Thi Hoang, Heiko Schmidt

Host:    vanvan-Latitude-9520 (AVX512, FMA3, 31 GB RAM)
Command: /usr/local/bin/iqtree3 -s /home/vanvan/Downloads/data_treebase/DIU_TRAINING_DATA/data5/prot_M11595_66_463.phy -pre training_data/prot_M11595_66_463.phy/output_files/iqtree/inference/pars_16 -seed 16 -ninit 1 -T 1 -redo -n 0 -nt AUTO
Seed:    16 (Using SPRNG - Scalable Parallel Random Number Generator)
Time:    Mon Sep 22 06:25:47 2025
Kernel:  AVX+FMA - auto-detect threads (8 CPU cores detected)

Reading alignment file /home/vanvan/Downloads/data_treebase/DIU_TRAINING_DATA/data5/prot_M11595_66_463.phy ... Phylip format detected
Alignment most likely contains protein sequences
Constructing alignment: done in 0.00128384 secs using 9.347% CPU
Alignment has 66 sequences with 463 columns, 459 distinct patterns
406 parsimony-informative, 31 singleton sites, 26 constant sites
                                   Gap/Ambiguity  Composition  p-value
Analyzing sequences: done in 0.000188646 secs
   1  Achromobacter_xylosoxidans          10.15%    passed     74.13%
   2  Arthroderma_benhamiae               11.02%    passed     99.92%
   3  Arthroderma_gypseum                 11.02%    passed     99.80%
   4  Arthroderma_otae                    14.25%    passed     96.65%
   5  Aspergillus_ficuum_364              23.54%    passed     75.24%
   6  Aspergillus_ficuum_372              27.43%    passed     73.53%
   7  Aspergillus_foetidus_341            27.43%    passed     73.37%
   8  Aspergillus_fumigatus_alb1           9.50%    passed      8.44%
   9  Aspergillus_nidulans_PKSST           9.29%    passed      5.18%
  10  Aspergillus_nidulans_wA              9.50%    passed     31.35%
  11  Aspergillus_niger                    9.07%    passed     83.22%
  12  Aspergillus_niger_326               25.70%    passed     71.00%
  13  Aspergillus_niger_328               27.65%    passed     75.95%
  14  Aspergillus_ochraceus               10.58%    passed     81.37%
  15  Aspergillus_parasiticus_PKSL1        9.29%    failed      4.56%
  16  Aspergillus_phoenicis_4851          23.76%    passed     91.54%
  17  Aspergillus_terreus                 10.37%    passed     75.88%
  18  Aspergillus_terreus_PKS             10.37%    passed     59.50%
  19  Aspergillus_tubingensis_4875        22.03%    passed     98.01%
  20  Bombyx_mori                         15.12%    failed      0.94%
  21  Botryotinia_fuckeliana_PKS12         9.07%    passed     29.56%
  22  Botryotinia_fuckeliana_PKS13         9.07%    failed      0.22%
  23  Botryotinia_fuckeliana_PKS14        10.15%    passed     78.06%
  24  Botryotinia_fuckeliana_PKS15         9.50%    passed     63.85%
  25  Byssochlamys_nivea                  10.80%    passed     14.69%
  26  Caenorhabditis_elegans              15.12%    passed     28.02%
  27  Chaetomium_carpinum_1867            70.41%    passed     60.44%
  28  Chaetomium_globosum                  9.07%    failed      3.02%
  29  Cochliobolus_heterostrophus         10.15%    passed     83.07%
  30  Cochliobolus_heterostrophus_PKS18    9.29%    passed     23.47%
  31  Cochliobolus_heterostrophus_PKS19    8.64%    passed     62.85%
  32  Cochliobolus_heterostrophus_PKS21    9.50%    passed     11.07%
  33  Cochliobolus_heterostrophus_PKS25   11.23%    passed     46.96%
  34  Colletotrichum_lagenarium            9.29%    passed     43.69%
  35  Gibberella_moniliformis_PKS3         8.21%    passed     35.10%
  36  Gibberella_moniliformis_PKS4         9.50%    passed     55.10%
  37  Gibberella_zeae_PK12                 8.64%    passed     27.64%
  38  Gibberella_zeae_PKS13               10.15%    passed     24.12%
  39  Haliangium_ochraceum                10.58%    passed     58.47%
  40  Haliangium_ochraceum_2               8.21%    failed      1.39%
  41  Metarhizium_acridum                 11.02%    passed     95.95%
  42  Metarhizium_anisopliae              11.02%    passed     86.61%
  43  Microsporum_canis                   10.58%    passed     36.95%
  44  Monascus_purpureus                   9.50%    passed      9.53%
  45  Myxococcus_xanthus_TA1_MOD2          9.94%    passed     69.09%
  46  Neurospora_crassa                    8.86%    passed     55.71%
  47  Nodulisporium_sp.                    9.29%    passed     33.34%
  48  Penicillium_chrysogenum              9.72%    passed     72.98%
  49  Penicillium_nordicum                10.58%    passed     49.35%
  50  Penicillium_patulum                 10.80%    passed     75.39%
  51  Polyangium_cellulosum               11.02%    passed      5.58%
  52  Polyangium_cellulosum_2             10.37%    passed     45.23%
  53  Polyangium_cellulosum_3             10.15%    failed      1.70%
  54  Pseudomonas_syringae                10.58%    passed      5.49%
  55  Saccharopolyspora_spinosa           10.58%    failed      0.01%
  56  Sorangium_cellulosum                10.37%    passed     16.52%
  57  Streptomyces_avermitilis            10.80%    failed      2.51%
  58  Streptomyces_eurythermus            10.37%    failed      0.01%
  59  Streptomyces_natalensis             10.37%    failed      0.19%
  60  Streptomyces_violaceusniger         11.66%    passed      5.21%
  61  Trichophyton_equinum                11.02%    passed     99.21%
  62  Trichophyton_rubrum                 11.02%    passed     99.77%
  63  Trichophyton_tonsurans              11.02%    passed     99.06%
  64  Trichophyton_verrucosum             11.02%    passed     99.85%
  65  Xanthomonas_albilineans             14.90%    failed      4.77%
  66  Xylaria_sp.                          9.29%    passed     54.20%
WARNING: 1 sequences contain more than 50% gaps/ambiguity
****  TOTAL                               12.87%  11 sequences failed composition chi2 test (p-value<5%; df=19)
Checking for duplicate sequences: done in 0.000300643 secs using 49.56% CPU


Create initial parsimony tree by phylogenetic likelihood library (PLL)... 0.043 seconds
Measuring multi-threading efficiency up to 8 CPU cores
Increase to 10 rounds for branch lengths
4 trees examined
Threads: 1 / Time: 8.943 sec / Speedup: 1.000 / Efficiency: 100% / LogL: -42389
Threads: 2 / Time: 7.613 sec / Speedup: 1.175 / Efficiency: 59% / LogL: -42389
Threads: 3 / Time: 17.526 sec / Speedup: 0.510 / Efficiency: 17% / LogL: -42389
Determining AUTO threadcount: done in 34.0971 secs using 144.3% CPU
BEST NUMBER OF THREADS: 2

Perform fast likelihood tree search using LG+I+G model...
Estimate model parameters (epsilon = 5.000)
Perform nearest neighbor interchange...
Estimate model parameters (epsilon = 1.000)
1. Initial log-likelihood: -27683.507
Optimal log-likelihood: -27683.472
Proportion of invariable sites: 0.008
Gamma shape alpha: 1.198
Parameters optimization took 1 rounds (0.625 sec)
Time for fast ML tree search: 5.722 seconds

NOTE: ModelFinder requires 48 MB RAM!
ModelFinder will test up to 1232 protein models (sample size: 463 epsilon: 0.100) ...
 No. Model         -LnL         df  AIC          AICc         BIC
  1  LG            28718.716    129 57695.432    57796.152    58229.199
  2  LG+I          28651.696    130 57563.393    57665.983    58101.297
  3  LG+G4         27684.859    130 55629.717    55732.307    56167.622
  4  LG+I+G4       27683.472    131 55628.944    55733.428    56170.987
  5  LG+R2         27909.993    131 56081.987    56186.470    56624.029
  6  LG+R3         27701.666    133 55669.331    55777.672    56219.649
  7  LG+R4         27671.644    135 55613.289    55725.582    56171.882
  8  LG+R5         27658.038    137 55590.077    55706.421    56156.945
  9  LG+R6         27657.336    139 55592.671    55713.166    56167.815
 14  LG+I+R2       27881.739    132 56027.478    56133.878    56573.658
 15  LG+I+R3       27698.262    134 55664.525    55774.830    56218.980
 16  LG+I+R4       27671.177    136 55614.354    55728.661    56177.085
 17  LG+I+R5       27658.088    138 55592.177    55710.584    56163.183
 18  LG+I+R6       27657.422    140 55594.844    55717.453    56174.126
 30  LG+F+R5       27568.111    156 55448.222    55608.301    56093.708
 39  LG+F+I+R5     27568.680    157 55451.360    55614.023    56100.984
 52  WAG+R5        27713.670    137 55701.340    55817.685    56268.208
 61  WAG+I+R5      27713.771    138 55703.543    55821.950    56274.549
 74  WAG+F+R5      27633.906    156 55579.812    55739.890    56225.297
 83  WAG+F+I+R5    27633.815    157 55581.630    55744.292    56231.253
 96  JTT+R5        27837.947    137 55949.894    56066.239    56516.763
105  JTT+I+R5      27838.602    138 55953.205    56071.612    56524.211
118  JTT+F+R5      27873.280    156 56058.560    56218.639    56704.046
127  JTT+F+I+R5    27873.975    157 56061.949    56224.612    56711.573
140  Q.PFAM+R5     27605.606    137 55485.211    55601.556    56052.080
149  Q.PFAM+I+R5   27605.498    138 55486.995    55605.403    56058.002
162  Q.PFAM+F+R5   27573.984    156 55459.969    55620.047    56105.454
171  Q.PFAM+F+I+R5 27574.204    157 55462.408    55625.070    56112.031
184  Q.BIRD+R5     28401.923    137 57077.846    57194.191    57644.715
193  Q.BIRD+I+R5   28401.396    138 57078.791    57197.198    57649.797
206  Q.BIRD+F+R5   28475.722    156 57263.444    57423.523    57908.930
215  Q.BIRD+F+I+R5 28476.610    157 57267.220    57429.883    57916.844
228  Q.MAMMAL+R5   28178.646    137 56631.293    56747.637    57198.161
237  Q.MAMMAL+I+R5 28177.848    138 56631.696    56750.104    57202.703
250  Q.MAMMAL+F+R5 28232.943    156 56777.886    56937.964    57423.371
259  Q.MAMMAL+F+I+R5 28233.054    157 56780.109    56942.771    57429.732
272  Q.INSECT+R5   27851.012    137 55976.023    56092.368    56542.892
281  Q.INSECT+I+R5 27850.907    138 55977.814    56096.221    56548.820
294  Q.INSECT+F+R5 27754.063    156 55820.127    55980.205    56465.612
303  Q.INSECT+F+I+R5 27754.464    157 55822.928    55985.591    56472.551
316  Q.PLANT+R5    27995.300    137 56264.600    56380.944    56831.468
325  Q.PLANT+I+R5  27994.754    138 56265.508    56383.915    56836.514
338  Q.PLANT+F+R5  27941.643    156 56195.286    56355.364    56840.771
347  Q.PLANT+F+I+R5 27941.914    157 56197.828    56360.490    56847.451
360  Q.YEAST+R5    27902.540    137 56079.080    56195.424    56645.948
369  Q.YEAST+I+R5  27902.511    138 56081.023    56199.430    56652.029
382  Q.YEAST+F+R5  27695.720    156 55703.440    55863.518    56348.925
391  Q.YEAST+F+I+R5 27696.097    157 55706.194    55868.856    56355.817
404  JTTDCMUT+R5   27835.998    137 55945.997    56062.342    56512.866
413  JTTDCMUT+I+R5 27836.241    138 55948.481    56066.889    56519.487
426  JTTDCMUT+F+R5 27863.295    156 56038.589    56198.668    56684.075
435  JTTDCMUT+F+I+R5 27863.720    157 56041.441    56204.103    56691.064
448  DCMUT+R5      28051.787    137 56377.574    56493.918    56944.442
457  DCMUT+I+R5    28052.111    138 56380.222    56498.629    56951.228
470  DCMUT+F+R5    28025.711    156 56363.423    56523.501    57008.908
479  DCMUT+F+I+R5  28026.226    157 56366.452    56529.115    57016.075
492  VT+R5         27776.469    137 55826.938    55943.283    56393.807
501  VT+I+R5       27776.487    138 55828.973    55947.381    56399.980
514  VT+F+R5       27723.860    156 55759.721    55919.799    56405.206
523  VT+F+I+R5     27723.882    157 55761.764    55924.426    56411.387
536  PMB+R5        27919.749    137 56113.499    56229.844    56680.368
545  PMB+I+R5      27919.734    138 56115.468    56233.875    56686.474
558  PMB+F+R5      27847.899    156 56007.798    56167.876    56653.283
567  PMB+F+I+R5    27847.879    157 56009.759    56172.421    56659.382
580  BLOSUM62+R5   27931.648    137 56137.295    56253.640    56704.164
589  BLOSUM62+I+R5 27931.570    138 56139.139    56257.547    56710.146
602  BLOSUM62+F+R5 27819.763    156 55951.525    56111.604    56597.011
611  BLOSUM62+F+I+R5 27819.611    157 55953.222    56115.884    56602.845
624  DAYHOFF+R5    28051.115    137 56376.230    56492.574    56943.098
633  DAYHOFF+I+R5  28051.509    138 56379.017    56497.425    56950.023
646  DAYHOFF+F+R5  28025.310    156 56362.619    56522.698    57008.105
655  DAYHOFF+F+I+R5 28025.870    157 56365.739    56528.401    57015.362
668  MTREV+R5      29186.142    137 58646.284    58762.629    59213.153
677  MTREV+I+R5    29184.256    138 58644.513    58762.920    59215.519
690  MTREV+F+R5    28077.863    156 56467.725    56627.804    57113.211
699  MTREV+F+I+R5  28077.654    157 56469.308    56631.971    57118.932
712  MTART+R5      29598.288    137 59470.577    59586.921    60037.445
721  MTART+I+R5    29598.508    138 59473.016    59591.423    60044.022
734  MTART+F+R5    28494.332    156 57300.664    57460.742    57946.149
743  MTART+F+I+R5  28494.505    157 57303.009    57465.671    57952.632
756  MTZOA+R5      28752.260    137 57778.521    57894.865    58345.389
765  MTZOA+I+R5    28752.330    138 57780.660    57899.067    58351.666
778  MTZOA+F+R5    28104.388    156 56520.777    56680.855    57166.262
787  MTZOA+F+I+R5  28104.261    157 56522.523    56685.185    57172.146
800  MTMET+R5      29286.925    137 58847.850    58964.195    59414.719
809  MTMET+I+R5    29286.951    138 58849.902    58968.309    59420.908
822  MTMET+F+R5    28172.483    156 56656.967    56817.045    57302.452
831  MTMET+F+I+R5  28172.435    157 56658.871    56821.533    57308.494
844  MTVER+R5      29484.172    137 59242.343    59358.688    59809.212
853  MTVER+I+R5    29484.122    138 59244.243    59362.651    59815.250
866  MTVER+F+R5    28536.722    156 57385.445    57545.523    58030.930
875  MTVER+F+I+R5  28536.871    157 57387.741    57550.403    58037.364
888  MTINV+R5      29437.028    137 59148.056    59264.400    59714.924
897  MTINV+I+R5    29436.812    138 59149.625    59268.032    59720.631
910  MTINV+F+R5    27973.919    156 56259.838    56419.916    56905.323
919  MTINV+F+I+R5  27973.994    157 56261.988    56424.650    56911.611
932  MTMAM+R5      29869.406    137 60012.812    60129.156    60579.680
941  MTMAM+I+R5    29869.329    138 60014.657    60133.065    60585.663
954  MTMAM+F+R5    28738.792    156 57789.585    57949.663    58435.070
963  MTMAM+F+I+R5  28738.118    157 57790.236    57952.898    58439.859
976  FLAVI+R5      29195.743    137 58665.487    58781.831    59232.355
985  FLAVI+I+R5    29191.861    138 58659.722    58778.129    59230.728
998  FLAVI+F+R5    29014.790    156 58341.579    58501.658    58987.065
1007  FLAVI+F+I+R5  29011.620    157 58337.240    58499.902    58986.863
1020  HIVB+R5       28695.326    137 57664.653    57780.997    58231.521
1029  HIVB+I+R5     28692.245    138 57660.489    57778.896    58231.495
1042  HIVB+F+R5     28568.007    156 57448.015    57608.093    58093.500
1051  HIVB+F+I+R5   28566.634    157 57447.268    57609.931    58096.891
1064  HIVW+R5       29973.875    137 60221.750    60338.095    60788.619
1073  HIVW+I+R5     29971.593    138 60219.186    60337.593    60790.192
1086  HIVW+F+R5     29442.474    156 59196.948    59357.026    59842.433
1095  HIVW+F+I+R5   29441.397    157 59196.794    59359.457    59846.418
1108  FLU+R5        28544.959    137 57363.917    57480.262    57930.786
1117  FLU+I+R5      28543.056    138 57362.112    57480.519    57933.118
1130  FLU+F+R5      28230.182    156 56772.365    56932.443    57417.850
1139  FLU+F+I+R5    28227.622    157 56769.245    56931.907    57418.868
1152  RTREV+R5      27987.703    137 56249.407    56365.751    56816.275
1161  RTREV+I+R5    27987.578    138 56251.156    56369.563    56822.162
1174  RTREV+F+R5    27713.310    156 55738.621    55898.699    56384.106
1183  RTREV+F+I+R5  27713.422    157 55740.844    55903.506    56390.467
1196  CPREV+R5      27947.304    137 56168.607    56284.952    56735.476
1205  CPREV+I+R5    27945.613    138 56167.226    56285.634    56738.233
1218  CPREV+F+R5    27790.390    156 55892.781    56052.859    56538.266
1227  CPREV+F+I+R5  27789.213    157 55892.425    56055.088    56542.049
Akaike Information Criterion:           LG+F+R5
Corrected Akaike Information Criterion: Q.PFAM+R5
Bayesian Information Criterion:         Q.PFAM+R5
Best-fit model: Q.PFAM+R5 chosen according to BIC

All model information printed to training_data/prot_M11595_66_463.phy/output_files/iqtree/inference/pars_16.model.gz
CPU time for ModelFinder: 2419.503 seconds (0h:40m:19s)
Wall-clock time for ModelFinder: 1451.780 seconds (0h:24m:11s)

NOTE: 24 MB RAM (0 GB) is required!
Estimate model parameters (epsilon = 0.010)
1. Initial log-likelihood: -27615.700
2. Current log-likelihood: -27606.135
3. Current log-likelihood: -27605.659
4. Current log-likelihood: -27605.457
5. Current log-likelihood: -27605.361
6. Current log-likelihood: -27605.311
7. Current log-likelihood: -27605.287
8. Current log-likelihood: -27605.275
Optimal log-likelihood: -27605.270
Site proportion and rates:  (0.130,0.111) (0.264,0.432) (0.341,0.841) (0.201,1.820) (0.065,3.401)
Parameters optimization took 8 rounds (16.205 sec)
Wrote distance file to... 
BEST SCORE FOUND : -27605.270
Total tree length: 23.649

Total number of iterations: 0
CPU time used for tree search: 0.001 sec (0h:0m:0s)
Wall-clock time used for tree search: 0.000 sec (0h:0m:0s)
Total CPU time used: 2448.030 sec (0h:40m:48s)
Total wall-clock time used: 1468.043 sec (0h:24m:28s)

Analysis results written to: 
  IQ-TREE report:                training_data/prot_M11595_66_463.phy/output_files/iqtree/inference/pars_16.iqtree
  Maximum-likelihood tree:       training_data/prot_M11595_66_463.phy/output_files/iqtree/inference/pars_16.treefile
  Screen log file:               training_data/prot_M11595_66_463.phy/output_files/iqtree/inference/pars_16.log

Date and Time: Mon Sep 22 06:50:16 2025
