IQ-TREE version 3.0.1 for Linux x86 64-bit built Sep 12 2025
Developed by Bui Quang Minh, Thomas Wong, Nhan Ly-Trong, Huaiyan Ren
Contributed by Lam-Tung Nguyen, Dominik Schrempf, Chris Bielow,
Olga Chernomor, Michael Woodhams, Diep Thi Hoang, Heiko Schmidt

Host:    suny-Precision-5530 (AVX2, FMA3, 15 GB RAM)
Command: /usr/local/bin/iqtree3 -s /home/suny/Downloads/VAN_TRAINING_DATA/data3/dna_M4938_213_1250.phy -pre results/dna_M4938_213_1250.phy/output_files/iqtree/inference/pars_13 -seed 13 -ninit 1 -T 1 -redo -n 0
Seed:    13 (Using SPRNG - Scalable Parallel Random Number Generator)
Time:    Tue Sep 23 20:36:16 2025
Kernel:  AVX+FMA - 1 threads (12 CPU cores detected)

HINT: Use -nt option to specify number of threads because your CPU has 12 cores!
HINT: -nt AUTO will automatically determine the best number of threads to use.

Reading alignment file /home/suny/Downloads/VAN_TRAINING_DATA/data3/dna_M4938_213_1250.phy ... Phylip format detected
Alignment most likely contains DNA/RNA sequences
Constructing alignment: done in 0.00452866 secs using 73.73% CPU
Alignment has 213 sequences with 1250 columns, 775 distinct patterns
696 parsimony-informative, 28 singleton sites, 526 constant sites
                                          Gap/Ambiguity  Composition  p-value
Analyzing sequences: done in 0.000786696 secs using 99.66% CPU
   1  Agalychnis_callidryas_KRL0917               2.80%    failed      0.29%
   2  Agalychnis_callidryas_TOE1                 48.16%    failed      0.17%
   3  Agalychnis_callidryas_TOE4                  2.80%    failed      0.30%
   4  Allobates_talamancae_KRL0796                2.80%    passed     74.44%
   5  Allobates_talamancae_KRL0905                2.80%    passed     69.58%
   6  Atelopus_zeteki_KRL1519                     3.04%    passed     30.53%
   7  Atelopus_zeteki_KRL1521                     3.04%    passed     23.42%
   8  Atelopus_zeteki_KRL1525                    10.72%    passed     27.39%
   9  Atelopus_zeteki_KRL1539                     3.04%    passed     30.30%
  10  Bolitoglossa_colonnea_Bocas_CH6526          6.72%    failed      1.89%
  11  Bolitoglossa_schizodactyla_KRL1179          6.96%    passed     31.13%
  12  Caecilia_volcani_KRL0797                    5.52%    passed     13.82%
  13  Cochranella_euknemos_KRL0803               54.88%    passed      9.05%
  14  Cochranella_euknemos_KRL0841                3.12%    passed     92.32%
  15  Cochranella_euknemos_KRL0937                3.12%    passed     94.08%
  16  Cochranella_euknemos_KRL1054                3.04%    passed     93.90%
  17  Cochranella_euknemos_KRL1055                3.12%    passed     95.71%
  18  Cochranella_granulosa_KRL1011               3.04%    passed     90.16%
  19  Colostethus_panamansis_KRL0953              2.72%    passed     36.89%
  20  Colostethus_panamansis_KRL1332             54.64%    passed     72.19%
  21  Colostethus_panamansis_KRL1338              2.72%    passed     39.30%
  22  Colostethus_panamansis_KRL1390              3.04%    passed     40.68%
  23  Colostethus_pratti_KRL0732                  2.88%    passed     58.38%
  24  Colostethus_pratti_KRL1217                  2.88%    passed     55.79%
  25  Craugastor_aff_azueroensis_KRL0629          2.80%    failed      1.78%
  26  Craugastor_aff_azueroensis_KRL0630          4.40%    failed      1.85%
  27  Craugastor_aff_azueroensis_KRL0680          3.04%    failed      2.59%
  28  Craugastor_aff_azueroensis_KRL0835          2.80%    failed      2.06%
  29  Craugastor_bransfordii_KRL0696              5.36%    passed     73.42%
  30  Craugastor_bransfordii_KRL0751              5.60%    passed     75.90%
  31  Craugastor_bransfordii_KRL0802              5.44%    passed     75.36%
  32  Craugastor_bransfordii_KRL0904              5.44%    passed     75.36%
  33  Craugastor_bransfordii_KRL1244              5.44%    passed     76.44%
  34  Craugastor_crassidigitus_KRL0129            7.68%    passed     31.34%
  35  Craugastor_crassidigitus_KRL0664            7.44%    passed     17.63%
  36  Craugastor_crassidigitus_KRL0665            3.76%    passed     27.25%
  37  Craugastor_crassidigitus_KRL0675            7.36%    passed     20.94%
  38  Craugastor_crassidigitus_KRL0843           48.16%    failed      0.18%
  39  Craugastor_crassidigitus_KRL0858            5.36%    passed     22.96%
  40  Craugastor_fitzingeri_KRL0693               3.04%    passed     59.41%
  41  Craugastor_gollmeri_KRL0701                 3.44%    failed      0.07%
  42  Craugastor_gollmeri_KRL0737                 3.60%    failed      0.05%
  43  Craugastor_gollmeri_KRL0860                 3.44%    failed      0.07%
  44  Craugastor_megacephalus_KRL0618             3.52%    failed      0.09%
  45  Craugastor_noblei_KRL0780                   4.24%    passed      9.18%
  46  Craugastor_noblei_KRL1381                   4.16%    passed      9.96%
  47  Craugastor_punctariolus_KRL0682             3.60%    passed      7.07%
  48  Craugastor_punctariolus_KRL0863             3.52%    passed      7.04%
  49  Craugastor_punctariolus_KRL0870             3.52%    passed      7.04%
  50  Craugastor_punctariolus_KRL0872             3.60%    passed      6.93%
  51  Craugastor_punctariolus_KRL1180             3.52%    passed      6.66%
  52  Craugastor_punctariolus_KRL1198             3.84%    passed      8.15%
  53  Craugastor_sp_nov_pn_KRL0708                3.28%    passed     36.79%
  54  Craugastor_sp_nov_pn_KRL1399                3.20%    passed     38.92%
  55  Craugastor_sp_nov_pn_KRL1473                3.20%    passed     35.31%
  56  Craugastor_sp_nov_pn_KRL1480               55.04%    failed      0.50%
  57  Craugastor_tabasarae_KRL0706                3.44%    passed     34.75%
  58  Craugastor_tabasarae_KRL1373                3.44%    passed     38.70%
  59  Craugastor_tabasarae_KRL1387                3.44%    passed     30.99%
  60  Craugastor_talamancae_KRL1087               3.20%    passed     27.46%
  61  Craugastor_talamancae_KRL1342               3.44%    passed     27.26%
  62  Craugastor_talamancae_KRL1363               3.20%    passed     25.74%
  63  Craugastor_talamancae_KRL1409               3.44%    passed     27.26%
  64  Craugastor_talamancae_KRL1454               3.44%    passed     26.27%
  65  Craugastor_talamancae_KRL1520               3.20%    passed     28.88%
  66  Cruziohyla_calcarifer_A_KRL0781             3.12%    passed     10.18%
  67  Cruziohyla_calcarifer_B_KRL0800             3.04%    passed     23.01%
  68  Cruziohyla_calcarifer_B_KRL1218             3.12%    passed     24.51%
  69  Dendrobates_auratus_Bocas_CH6605            2.48%    passed     92.57%
  70  Dendrobates_auratus_RioChico_AJC1999        2.48%    passed     90.75%
  71  Diasporus_aff_diastema_orange_KRL0694      58.56%    failed      3.19%
  72  Diasporus_aff_diastema_orange_KRL0840      58.56%    failed      2.82%
  73  Diasporus_quidditus_KRL0647                58.96%    failed      3.14%
  74  Diasporus_quidditus_KRL0856                58.96%    failed      2.54%
  75  Diasporus_sp_nov_KRL0782                    7.92%    passed     47.00%
  76  Diasporus_sp_nov_KRL0831                    6.08%    passed     43.73%
  77  Ecnomiohyla_miliaria_KRL0758                2.56%    passed     68.30%
  78  Elachistocleis_ovalis_KRL1136               4.32%    passed     73.57%
  79  Elachistocleis_ovalis_KRL1137               4.32%    passed     61.23%
  80  Engystomops_pustulosus_KRL0867              3.04%    failed      0.01%
  81  Engystomops_pustulosus_KRL0915              3.04%    failed      0.01%
  82  Engystomops_pustulosus_KRL0916              3.04%    failed      0.01%
  83  Engystomops_pustulosus_KRL1169             54.88%    failed      0.21%
  84  Espadarana_prosoblepon_KRL0761              2.64%    passed     97.33%
  85  Espadarana_prosoblepon_KRL0762              3.04%    passed     97.11%
  86  Espadarana_prosoblepon_KRL0875              2.64%    passed     98.00%
  87  Espadarana_prosoblepon_TOE2253              2.64%    passed     96.93%
  88  Espadarana_prosoblepon_TOE2301              2.64%    passed     98.00%
  89  Espadarana_prosoblepon_TOE2333             54.48%    passed      5.52%
  90  Gastrotheca_cornuta_KRL0799                 3.04%    passed     82.94%
  91  Gastrotheca_cornuta_KRL1163                 3.04%    passed     83.15%
  92  Hemiphractus_fasciatus_KRL1162              5.44%    passed     96.46%
  93  Hyalinobatrachium_colymbiphyllum_KRL0726    3.20%    passed     79.23%
  94  Hyalinobatrachium_colymbiphyllum_KRL0727    2.88%    passed     73.34%
  95  Hyalinobatrachium_colymbiphyllum_KRL0756    4.56%    passed     66.55%
  96  Hyalinobatrachium_colymbiphyllum_KRL0769    2.80%    passed     64.45%
  97  Hyalinobatrachium_colymbiphyllum_KRL0852    2.80%    passed     72.86%
  98  Hyalinobatrachium_colymbiphyllum_KRL1159    2.80%    passed     71.51%
  99  Hyalinobatrachium_colymbiphyllum_KRL1424    2.80%    passed     70.70%
 100  Hyalinobatrachium_colymbiphyllum_KRL1557    2.80%    passed     61.74%
 101  Hyalinobatrachium_talamancae_KRL1175        3.04%    passed     75.69%
 102  Hylomantis_lemur_KRL0742                    3.20%    passed      7.78%
 103  Hylomantis_lemur_KRL0928                    3.28%    passed      9.02%
 104  Hylomantis_lemur_KRL0940                    3.20%    passed      8.99%
 105  Hylomantis_lemur_TOE134                    55.04%    failed      0.88%
 106  Hylomantis_lemur_TOE142                    54.96%    failed      0.74%
 107  Hyloscirtus_colymba_KRL0812                 4.48%    passed     91.51%
 108  Hyloscirtus_colymba_KRL1329                 4.56%    passed     89.69%
 109  Hyloscirtus_colymba_KRL1544                 4.48%    passed     92.74%
 110  Hyloscirtus_colymba_KRL1623                 4.48%    passed     94.93%
 111  Hyloscirtus_colymba_KRL1631                 4.48%    passed     91.24%
 112  Hyloscirtus_colymba_KRL1723                 4.56%    passed     93.20%
 113  Hyloscirtus_palmeri_KRL1038                 2.88%    passed     21.48%
 114  Hyloscirtus_palmeri_KRL1336                 3.04%    passed     20.51%
 115  Hypsiboas_rufitelus_KRL0798                 3.04%    passed     61.58%
 116  Hypsiboas_rufitelus_KRL1191                 3.04%    passed     72.17%
 117  Incilius_coniferus_KRL0809                  3.04%    passed     13.43%
 118  Incilius_coniferus_KRL0820                  3.04%    passed      9.64%
 119  Incilius_coniferus_KRL0939                  2.80%    passed     12.86%
 120  Incilius_coniferus_KRL1728                  2.80%    passed      9.25%
 121  Incilius_coniferus_TOE140                   2.80%    passed     15.10%
 122  Leptodactylus_fragilis_KRL0678              3.04%    passed     89.66%
 123  Leptodactylus_fragilis_KRL0869              2.56%    passed     90.72%
 124  Leptodactylus_fragilis_KRL1290              2.56%    passed     87.90%
 125  Leptodactylus_insularum_KRL1114             2.56%    passed     73.32%
 126  Leptodactylus_poecilochilus_KRL0118         2.56%    passed     79.71%
 127  Leptodactylus_savagei_KRL0838               2.64%    passed     51.37%
 128  Lithobates_aff_warszewitschii_KRL0823       4.08%    passed     22.84%
 129  Lithobates_warszewitschii_KRL1008           4.00%    passed     28.59%
 130  Lithobates_warszewitschii_KRL1540           4.08%    passed     30.54%
 131  Nelsonophryne_aterrima_KRL1400              3.76%    failed      0.38%
 132  Nelsonophryne_aterrima_KRL1598              3.76%    failed      0.42%
 133  Oedipina_collaris_H08896GBSIUC             58.80%    failed      0.32%
 134  Oedipina_parvipes_CerroAzl_AJC1786          7.04%    failed      0.71%
 135  Oophaga_vicentei_Cope_GBKRL_0789            2.48%    passed     90.23%
 136  Phyllobates_lugubris_KRL1735                2.96%    passed     22.12%
 137  Pristimantis_caryophyllaceus_A_KRL0844      3.92%    passed     61.68%
 138  Pristimantis_caryophyllaceus_A_KRL0898      2.80%    passed     65.68%
 139  Pristimantis_caryophyllaceus_A_KRL1744      2.96%    passed     64.77%
 140  Pristimantis_caryophyllaceus_B_KRL1210      3.28%    passed     70.24%
 141  Pristimantis_caryophyllaceus_C_KRL0801      3.36%    passed     28.76%
 142  Pristimantis_caryophyllaceus_C_KRL1151      3.36%    passed     29.26%
 143  Pristimantis_cerasinus_KRL0828              2.40%    passed     13.64%
 144  Pristimantis_cerasinus_KRL0832              2.96%    passed     18.47%
 145  Pristimantis_cerasinus_KRL1292             54.88%    passed      7.07%
 146  Pristimantis_cruentus_KRL0811               3.12%    passed     22.61%
 147  Pristimantis_cruentus_KRL1333               3.04%    passed     18.53%
 148  Pristimantis_cruentus_KRL1420               3.04%    passed     18.53%
 149  Pristimantis_cruentus_KRL1528               3.04%    passed     18.18%
 150  Pristimantis_gaigeae_KRL0825                5.12%    passed     79.25%
 151  Pristimantis_gaigeae_KRL1079                5.12%    passed     81.88%
 152  Pristimantis_gaigeae_KRL1202                5.12%    passed     81.12%
 153  Pristimantis_museosus_A_KRL0683             3.04%    passed      7.81%
 154  Pristimantis_museosus_A_KRL0739             2.80%    passed      5.61%
 155  Pristimantis_museosus_KRL0699               3.84%    passed     12.63%
 156  Pristimantis_museosus_KRL0909               6.64%    passed     10.27%
 157  Pristimantis_museosus_KRL0983              48.16%    failed      1.25%
 158  Pristimantis_museosus_KRL1554               3.04%    passed     11.07%
 159  Pristimantis_pardalis_KRL0690               5.28%    passed     66.43%
 160  Pristimantis_pardalis_KRL0765               3.52%    passed     72.90%
 161  Pristimantis_pardalis_KRL0826               3.52%    passed     66.64%
 162  Pristimantis_pardalis_KRL0857               4.80%    passed     70.84%
 163  Pristimantis_pardalis_KRL1745               5.04%    passed     69.15%
 164  Pristimantis_ridens_A_KRL0829               4.00%    passed     95.58%
 165  Pristimantis_ridens_A_KRL0830               3.60%    passed     94.37%
 166  Pristimantis_ridens_B_KRL0845               3.04%    passed     96.01%
 167  Pristimantis_ridens_B_KRL0846               3.20%    passed     94.94%
 168  Ranitomeya_minuta_Cope_GBKRL_0790           2.32%    passed     74.76%
 169  Rhaebo_haematiticus_KRL0855                 2.72%    passed     72.95%
 170  Rhaebo_haematiticus_KRL0903                 2.72%    passed     68.12%
 171  Rhaebo_haematiticus_KRL0926                 2.72%    passed     72.67%
 172  Rhaebo_haematiticus_KRL0965                 2.72%    passed     72.11%
 173  Rhaebo_haematiticus_KRL1555                 3.04%    passed     74.35%
 174  Rhaebo_haematiticus_TOE120                  2.72%    passed     72.67%
 175  Rhinella_marina_KRL0744                     4.64%    passed     52.48%
 176  Sachatamia_albomaculata_KRL0834             3.04%    passed     40.23%
 177  Sachatamia_albomaculata_KRL0929             3.04%    passed     42.58%
 178  Sachatamia_albomaculata_KRL0957             3.04%    passed     40.23%
 179  Sachatamia_albomaculata_KRL1090            54.88%    passed      6.60%
 180  Sachatamia_albomaculata_KRL1135             3.04%    passed     33.31%
 181  Sachatamia_albomaculata_KRL1158             2.48%    passed     39.99%
 182  Sachatamia_albomaculata_KRL1530             2.48%    passed     37.09%
 183  Sachatamia_ilex_KRL0854                     3.04%    passed     83.43%
 184  Sachatamia_ilex_KRL1628                     2.64%    passed     88.94%
 185  Sachatamia_ilex_KRL1701                     2.64%    passed     92.09%
 186  Sachatamia_ilex_KRL1712                     2.64%    passed     90.72%
 187  Sachatamia_ilex_KRL1714                     2.64%    passed     93.31%
 188  Sachatamia_ilex_KRL1720                     3.04%    passed     88.40%
 189  Sachatamia_ilex_KRL1736                     2.64%    passed     91.58%
 190  Silverstoneia_flotator_KRL0734              2.72%    passed     42.95%
 191  Silverstoneia_flotator_KRL0847              2.80%    passed     29.22%
 192  Silverstoneia_flotator_KRL0958              2.72%    passed     27.40%
 193  Silverstoneia_nubicola_A_KRL0897            3.12%    passed     15.52%
 194  Silverstoneia_nubicola_A_KRL1560            2.40%    passed     17.49%
 195  Silverstoneia_nubicola_A_KRL1561            3.12%    passed     15.52%
 196  Silverstoneia_nubicola_KRL0822              3.04%    passed     22.63%
 197  Silverstoneia_nubicola_KRL0945              2.56%    passed     25.29%
 198  Silverstoneia_nubicola_KRL1095              3.04%    passed     24.71%
 199  Silverstoneia_nubicola_KRL1385              2.56%    passed     21.40%
 200  Silverstoneia_nubicola_KRL1460              2.56%    passed     27.65%
 201  Smilisca_phaeota_KRL0865                    2.72%    passed     17.50%
 202  Smilisca_sila_Frog1000                      2.96%    passed     82.03%
 203  Smilisca_sila_KRL1641                       4.64%    passed     89.95%
 204  Strabomantis_bufoniformis_KRL0862           3.52%    passed     57.77%
 205  Strabomantis_bufoniformis_KRL0962           3.60%    passed     60.25%
 206  Strabomantis_bufoniformis_KRL1078          55.36%    passed     38.81%
 207  Strabomantis_bufoniformis_KRL1186          55.36%    passed     33.77%
 208  Strabomantis_bufoniformis_KRL1412           3.52%    passed     59.25%
 209  Strabomantis_bufoniformis_KRL1562           3.76%    passed     57.70%
 210  Teratohyla_spinosa_KRL0677                  4.24%    passed     66.10%
 211  Teratohyla_spinosa_KRL0729                  2.64%    passed     76.49%
 212  Teratohyla_spinosa_KRL0759                  2.64%    passed     76.73%
 213  Teratohyla_spinosa_KRL1170                  4.32%    passed     65.48%
WARNING: 16 sequences contain more than 50% gaps/ambiguity
****  TOTAL                                       8.13%  29 sequences failed composition chi2 test (p-value<5%; df=3)
Checking for duplicate sequences: done in 0.00125901 secs using 99.68% CPU


Create initial parsimony tree by phylogenetic likelihood library (PLL)... 0.070 seconds
Perform fast likelihood tree search using GTR+I+G model...
Estimate model parameters (epsilon = 5.000)
Perform nearest neighbor interchange...
Estimate model parameters (epsilon = 1.000)
1. Initial log-likelihood: -36014.967
Optimal log-likelihood: -36014.417
Rate parameters:  A-C: 3.13574  A-G: 11.48934  A-T: 5.38508  C-G: 0.56983  C-T: 25.01725  G-T: 1.00000
Base frequencies:  A: 0.267  C: 0.264  G: 0.188  T: 0.281
Proportion of invariable sites: 0.385
Gamma shape alpha: 0.628
Parameters optimization took 1 rounds (0.489 sec)
Time for fast ML tree search: 5.954 seconds

NOTE: ModelFinder requires 53 MB RAM!
ModelFinder will test up to 968 DNA models (sample size: 1250 epsilon: 0.100) ...
 No. Model         -LnL         df  AIC          AICc         BIC
  1  JC            46961.941    423 94769.882    95204.148    96940.252
  2  JC+I          41977.371    424 84802.742    85239.590    86978.243
  3  JC+G4         39424.982    424 79697.965    80134.813    81873.466
  4  JC+I+G4       39197.465    425 79244.929    79684.371    81425.561
  5  JC+R2         40034.515    425 80919.030    81358.472    83099.662
  6  JC+R3         39433.206    427 79720.413    80165.075    81911.307
  7  JC+R4         39243.901    429 79345.802    79795.729    81546.958
  8  JC+R5         39175.150    431 79212.299    79667.536    81423.716
  9  JC+R6         39155.727    433 79177.453    79638.046    81399.132
 10  JC+R7         39154.794    435 79179.589    79645.584    81411.530
 14  JC+I+R2       39489.491    426 79830.983    80273.029    82016.746
 15  JC+I+R3       39218.380    428 79292.760    79740.049    81488.785
 16  JC+I+R4       39148.977    430 79157.954    79610.530    81364.240
 17  JC+I+R5       39146.078    432 79156.156    79614.065    81372.704
 38  JC+I+R4       39148.977    430 79157.954    79610.530    81364.240
 39  JC+I+R5       39146.078    432 79156.156    79614.065    81372.704
 60  F81+I+R4      39148.629    430 79157.258    79609.835    81363.545
 61  F81+I+R5      39145.875    432 79155.750    79613.659    81372.298
 82  F81+F+I+R4    38652.359    433 78170.717    78631.310    80392.396
 83  F81+F+I+R5    38648.299    435 78166.598    78632.593    80398.539
104  K2P+I+R4      36947.784    431 74757.568    75212.806    76968.986
105  K2P+I+R5      36931.786    433 74729.573    75190.166    76951.252
126  K2P+I+R4      36947.784    431 74757.568    75212.806    76968.986
127  K2P+I+R5      36931.786    433 74729.573    75190.166    76951.252
148  HKY+I+R4      36947.605    431 74757.211    75212.448    76968.628
149  HKY+I+R5      36931.420    433 74728.841    75189.434    76950.520
170  HKY+F+I+R4    36368.784    434 73605.568    74068.856    75832.378
171  HKY+F+I+R5    36349.941    436 73571.883    74040.596    75808.954
192  TNe+I+R4      36649.916    432 74163.832    74621.741    76380.380
193  TNe+I+R5      36614.076    434 74096.152    74559.441    76322.963
214  TNe+I+R4      36649.916    432 74163.832    74621.741    76380.380
215  TNe+I+R5      36614.076    434 74096.152    74559.441    76322.963
236  TN+I+R4       36649.590    432 74163.179    74621.089    76379.727
237  TN+I+R5       36613.396    434 74094.792    74558.080    76321.602
258  TN+F+I+R4     36285.894    435 73441.788    73907.783    75673.729
259  TN+F+I+R5     36261.289    437 73396.578    73868.021    75638.780
280  K3P+I+R4      36934.055    432 74732.111    75190.020    76948.659
281  K3P+I+R5      36916.764    434 74701.528    75164.817    76928.339
302  K3P+I+R4      36934.055    432 74732.111    75190.020    76948.659
303  K3P+I+R5      36916.764    434 74701.528    75164.817    76928.339
324  K3Pu+I+R4     36933.923    432 74731.846    75189.756    76948.395
325  K3Pu+I+R5     36916.714    434 74701.429    75164.717    76928.239
346  K3Pu+F+I+R4   36359.429    435 73588.858    74054.853    75820.799
347  K3Pu+F+I+R5   36339.127    437 73552.255    74023.698    75794.458
368  TPM2+I+R4     36479.378    432 73822.755    74280.665    76039.304
369  TPM2+I+R5     36465.388    434 73798.776    74262.064    76025.586
390  TPM2+I+R4     36479.378    432 73822.755    74280.665    76039.304
391  TPM2+I+R5     36465.388    434 73798.776    74262.064    76025.586
412  TPM2u+I+R4    36479.477    432 73822.955    74280.864    76039.503
413  TPM2u+I+R5    36465.311    434 73798.621    74261.909    76025.431
434  TPM2u+F+I+R4  36148.108    435 73166.216    73632.211    75398.157
435  TPM2u+F+I+R5  36132.823    437 73139.646    73611.090    75381.849
456  TPM3+I+R4     36914.251    432 74692.502    75150.412    76909.050
457  TPM3+I+R5     36894.782    434 74657.563    75120.852    76884.373
478  TPM3+I+R4     36914.251    432 74692.502    75150.412    76909.050
479  TPM3+I+R5     36894.782    434 74657.563    75120.852    76884.373
500  TPM3u+I+R4    36914.230    432 74692.460    75150.370    76909.009
501  TPM3u+I+R5    36894.679    434 74657.358    75120.647    76884.169
522  TPM3u+F+I+R4  36343.531    435 73557.061    74023.056    75789.002
523  TPM3u+F+I+R5  36320.869    437 73515.738    73987.181    75757.940
544  TIMe+I+R4     36636.816    433 74139.633    74600.226    76361.312
545  TIMe+I+R5     36598.857    435 74067.715    74533.710    76299.656
566  TIMe+I+R4     36636.816    433 74139.633    74600.226    76361.312
567  TIMe+I+R5     36598.857    435 74067.715    74533.710    76299.656
588  TIM+I+R4      36636.812    433 74139.624    74600.217    76361.304
589  TIM+I+R5      36598.399    435 74066.798    74532.793    76298.739
610  TIM+F+I+R4    36276.533    436 73425.066    73893.779    75662.138
611  TIM+F+I+R5    36249.872    438 73375.744    73849.929    75623.077
632  TIM2e+I+R4    36138.996    433 73143.993    73604.586    75365.672
633  TIM2e+I+R5    36111.625    435 73093.250    73559.245    75325.191
654  TIM2e+I+R4    36138.996    433 73143.993    73604.586    75365.672
655  TIM2e+I+R5    36111.625    435 73093.250    73559.245    75325.191
676  TIM2+I+R4     36138.848    433 73143.696    73604.289    75365.375
677  TIM2+I+R5     36111.594    435 73093.188    73559.183    75325.129
698  TIM2+F+I+R4   36022.753    436 72917.506    73386.220    75154.578
699  TIM2+F+I+R5   35997.052    438 72870.105    73344.290    75117.438
720  TIM3e+I+R4    36620.658    433 74107.316    74567.909    76328.995
721  TIM3e+I+R5    36577.822    435 74025.645    74491.640    76257.586
742  TIM3e+I+R4    36620.658    433 74107.316    74567.909    76328.995
743  TIM3e+I+R5    36577.822    435 74025.645    74491.640    76257.586
764  TIM3+I+R4     36620.631    433 74107.262    74567.855    76328.941
765  TIM3+I+R5     36577.664    435 74025.329    74491.324    76257.270
786  TIM3+F+I+R4   36264.053    436 73400.106    73868.820    75637.178
787  TIM3+F+I+R5   36232.673    438 73341.346    73815.531    75588.680
808  TVMe+I+R4     36442.892    434 73753.785    74217.073    75980.595
809  TVMe+I+R5     36424.902    436 73721.804    74190.518    75958.876
830  TVMe+I+R4     36442.892    434 73753.785    74217.073    75980.595
831  TVMe+I+R5     36424.902    436 73721.804    74190.518    75958.876
852  TVM+I+R4      36442.886    434 73753.772    74217.060    75980.582
853  TVM+I+R5      36424.804    436 73721.608    74190.322    75958.680
874  TVM+F+I+R4    36123.054    437 73120.109    73591.552    75362.311
875  TVM+F+I+R5    36103.248    439 73084.496    73561.435    75336.961
896  SYM+I+R4      36107.181    435 73084.361    73550.356    75316.302
897  SYM+I+R5      36075.579    437 73025.158    73496.602    75267.361
918  SYM+I+R4      36107.181    435 73084.361    73550.356    75316.302
919  SYM+I+R5      36075.579    437 73025.158    73496.602    75267.361
940  GTR+I+R4      36107.051    435 73084.101    73550.097    75316.042
941  GTR+I+R5      36075.079    437 73024.158    73495.601    75266.360
962  GTR+F+I+R4    36000.241    438 72876.483    73350.668    75123.816
963  GTR+F+I+R5    35970.953    440 72821.906    73301.609    75079.501
Akaike Information Criterion:           GTR+F+I+R5
Corrected Akaike Information Criterion: GTR+F+I+R5
Bayesian Information Criterion:         GTR+F+I+R5
Best-fit model: GTR+F+I+R5 chosen according to BIC

All model information printed to results/dna_M4938_213_1250.phy/output_files/iqtree/inference/pars_13.model.gz
CPU time for ModelFinder: 466.473 seconds (0h:7m:46s)
Wall-clock time for ModelFinder: 467.603 seconds (0h:7m:47s)

NOTE: 26 MB RAM (0 GB) is required!
Estimate model parameters (epsilon = 0.010)
1. Initial log-likelihood: -35970.953
2. Current log-likelihood: -35970.853
3. Current log-likelihood: -35970.742
4. Current log-likelihood: -35970.652
5. Current log-likelihood: -35970.586
6. Current log-likelihood: -35970.544
7. Current log-likelihood: -35970.509
8. Current log-likelihood: -35970.479
9. Current log-likelihood: -35970.455
10. Current log-likelihood: -35970.441
11. Current log-likelihood: -35970.429
12. Current log-likelihood: -35970.416
13. Current log-likelihood: -35970.405
14. Current log-likelihood: -35970.394
15. Current log-likelihood: -35970.384
16. Current log-likelihood: -35970.372
Optimal log-likelihood: -35970.357
Rate parameters:  A-C: 3.21787  A-G: 12.38239  A-T: 6.04305  C-G: 0.59961  C-T: 27.80542  G-T: 1.00000
Base frequencies:  A: 0.267  C: 0.264  G: 0.188  T: 0.281
Proportion of invariable sites: 0.378
Site proportion and rates:  (0.166,0.093) (0.109,0.390) (0.143,1.188) (0.112,2.313) (0.093,5.527)
Parameters optimization took 16 rounds (10.640 sec)
Wrote distance file to... 
BEST SCORE FOUND : -35970.357
Total tree length: 17.250

Total number of iterations: 0
CPU time used for tree search: 0.000 sec (0h:0m:0s)
Wall-clock time used for tree search: 0.000 sec (0h:0m:0s)
Total CPU time used: 477.117 sec (0h:7m:57s)
Total wall-clock time used: 478.273 sec (0h:7m:58s)

Analysis results written to: 
  IQ-TREE report:                results/dna_M4938_213_1250.phy/output_files/iqtree/inference/pars_13.iqtree
  Maximum-likelihood tree:       results/dna_M4938_213_1250.phy/output_files/iqtree/inference/pars_13.treefile
  Screen log file:               results/dna_M4938_213_1250.phy/output_files/iqtree/inference/pars_13.log

Date and Time: Tue Sep 23 20:44:14 2025
