IQ-TREE version 3.0.1 for Linux x86 64-bit built Sep 23 2025
Developed by Bui Quang Minh, Thomas Wong, Nhan Ly-Trong, Huaiyan Ren
Contributed by Lam-Tung Nguyen, Dominik Schrempf, Chris Bielow,
Olga Chernomor, Michael Woodhams, Diep Thi Hoang, Heiko Schmidt

Host:    cnode04.hpc.vast.vn (AVX512, FMA3, 125 GB RAM)
Command: /datausers/ioit/thaontp/tranthanhvan235/iqtree3/build/iqtree3 -s /datausers/ioit/thaontp/tranthanhvan235/data_treebase/VAN_TRAINING_DATA/dna_M5078_265_9768.phy -pre training_data/dna_M5078_265_9768.phy/output_files/iqtree/inference/pars_12 -seed 12 -ninit 1 -T 1 -redo -n 0 -nt AUTO
Seed:    12 (Using SPRNG - Scalable Parallel Random Number Generator)
Time:    Thu Sep 25 10:36:36 2025
Kernel:  AVX+FMA - auto-detect threads (56 CPU cores detected)

Reading alignment file /datausers/ioit/thaontp/tranthanhvan235/data_treebase/VAN_TRAINING_DATA/dna_M5078_265_9768.phy ... Phylip format detected
Alignment most likely contains DNA/RNA sequences
Constructing alignment: done in 0.0885055 secs using 568.6% CPU
Alignment has 265 sequences with 9768 columns, 7206 distinct patterns
4468 parsimony-informative, 1682 singleton sites, 3618 constant sites
                            Gap/Ambiguity  Composition  p-value
Analyzing sequences: done in 0.0848738 secs using 1619% CPU
   1  Abelia_spp.                  10.76%    passed     40.03%
   2  Acorus_gramineus              7.51%    passed     55.06%
   3  Actinidia_spp.                6.81%    passed     85.43%
   4  Aesculus_spp.                 6.94%    passed     77.40%
   5  Aextoxicon_punctatum          8.05%    passed     48.18%
   6  Akebia_quinata               10.16%    passed     97.29%
   7  Alangium_spp.                10.30%    passed     39.46%
   8  Alisma_plantago-aquatica     16.20%    passed     40.76%
   9  Alnus_spp.                    9.24%    passed     99.95%
  10  Altingia_spp.                 6.43%    passed     53.21%
  11  Amborella_trichopoda          6.26%    passed     17.53%
  12  Anagallis_spp.               12.64%    passed     81.17%
  13  Androsace_spp.                9.84%    passed     13.77%
  14  Androstachys_johnsonii       13.43%    passed     94.00%
  15  Anemopsis_californica        23.39%    passed     98.27%
  16  Annona_muricata              18.28%    passed     59.56%
  17  Apium_graveolens              7.63%    passed     87.87%
  18  Aristolochia_macrophylla     10.79%    passed     12.63%
  19  Asarum_spp.                  21.16%    passed     67.08%
  20  Asimina_triloba               9.47%    failed      0.56%
  21  Asparagus_spp.               18.60%    passed     36.01%
  22  Asteropeia_micraster         12.87%    passed      6.31%
  23  Aucuba_japonica               7.46%    passed     67.52%
  24  Austrobaileya_scandens       14.74%    failed      0.18%
  25  Averrhoa_carambola            8.11%    passed     90.94%
  26  Bauera_spp.                  29.83%    failed      0.02%
  27  Begonia_spp.                 10.11%    passed     88.34%
  28  Berberidopsis_corallina      12.85%    failed      0.83%
  29  Bombax_spp.                   7.18%    passed     63.81%
  30  Boopis_spp.                   7.05%    passed     82.94%
  31  Borago_officinalis           22.74%    failed      0.00%
  32  Brasenia_schreberi           15.70%    passed     85.64%
  33  Brexia_madagascariensis       8.03%    passed     95.74%
  34  Bulbine_spp.                  6.74%    passed     90.65%
  35  Burmannia_spp.               30.28%    failed      0.00%
  36  Buxus_sempervirens            7.85%    passed     84.59%
  37  Byblis_spp.                  18.51%    passed     72.44%
  38  Cabomba_caroliniana          11.87%    passed     89.05%
  39  Calycanthus_spp.              7.55%    passed     12.71%
  40  Camelia_sinensis              7.21%    passed     94.57%
  41  Campanula_spp.                7.37%    passed     93.21%
  42  Camptotheca_acuminata        22.60%    failed      0.12%
  43  Cananga_odorata               8.61%    passed     34.29%
  44  Canella_winterana             6.56%    passed     97.51%
  45  Carica_papaya                15.54%    passed      5.16%
  46  Carludovica_palmata          29.43%    failed      3.59%
  47  Casearia_spp.                40.08%    failed      0.46%
  48  Caulophyllum_thalictroides    9.56%    passed     85.74%
  49  Ceanothus_spp.                9.98%    passed     98.28%
  50  Celosia_spp.                 21.07%    passed     24.60%
  51  Celtis_philippensis          35.76%    failed      0.00%
  52  Celtis_yunnanensis           11.52%    passed     95.95%
  53  Ceratophyllum_demersum        7.76%    passed     84.26%
  54  Cercidiphyllum_japonicum     11.15%    passed     41.88%
  55  Chimonanthus_praecox          7.30%    passed     56.08%
  56  Chloranthus_spp.              6.52%    passed     74.36%
  57  Chrysolepis_sempervirens     15.95%    failed      0.73%
  58  Cinnamodendron_spp.          13.33%    passed     52.25%
  59  Cinnamomum_spp.              15.95%    failed      2.47%
  60  Cissampelos_pareira          20.06%    passed     96.57%
  61  Citrus_spp.                  16.94%    failed      0.00%
  62  Clethra_spp.                  7.69%    passed     81.47%
  63  Cobaea_scandens              10.37%    passed     19.78%
  64  Cocculus_spp.                13.22%    passed     23.02%
  65  Colchicum_spp.               29.31%    passed     15.23%
  66  Coriaria_spp.                33.58%    failed      0.14%
  67  Cornus_mas                    7.66%    passed     94.77%
  68  Cornus_sericea                9.66%    passed     50.93%
  69  Corokia_cotoneaster          16.92%    failed      0.32%
  70  Corylopsis_spp.               6.85%    passed     96.06%
  71  Corynocarpus_laevigatus      10.89%    passed     38.00%
  72  Crassula_marnierana          11.18%    passed     32.79%
  73  Crinodendron_spp.            34.40%    passed     50.16%
  74  Croomia_spp.                 25.06%    passed     50.77%
  75  Crossosoma_spp.               9.59%    passed     96.61%
  76  Cryptocarya_spp.             22.61%    passed     33.09%
  77  Cupaniopsis_anacardioides     9.15%    passed     86.87%
  78  Cypripedium_spp.             29.11%    failed      0.00%
  79  Cyrilla_racemiflora           7.80%    passed     99.99%
  80  Daphniphyllum_spp.           10.73%    passed     44.36%
  81  Datisca_spp.                 33.40%    failed      0.00%
  82  Davidsonia_pruriensis        39.90%    passed     89.11%
  83  Degeneria_vitensis           11.01%    failed      0.00%
  84  Delarbrea_michieana          10.55%    passed     59.06%
  85  Dicentra_spp.                 9.03%    failed      2.21%
  86  Didymeles_perrieri           13.72%    passed     12.22%
  87  Dillenia_spp.                14.90%    passed      7.78%
  88  Dioscorea_spp.               29.72%    passed     10.44%
  89  Dipsacus_spp.                14.32%    passed     33.38%
  90  Disanthus_cercidifolius       7.02%    passed     94.49%
  91  Donatia_spp.                  7.74%    passed     90.93%
  92  Doryphora_spp.               23.61%    passed     22.21%
  93  Drosera_spp.                 10.72%    passed     99.81%
  94  Drymis_spp.                  12.34%    passed     71.05%
  95  Dudleya_viscida              12.90%    passed     84.41%
  96  Durio_zibethinus              6.90%    passed     56.67%
  97  Elaeagnus_spp.                9.89%    passed      9.63%
  98  Eucnide_spp.                  8.95%    passed     22.39%
  99  Eupomatia_bennettii          15.27%    passed      6.05%
 100  Euptelea_polyandra           13.66%    failed      3.38%
 101  Eurya_spp.                    7.39%    passed     95.99%
 102  Exbucklandia_populnea         9.89%    passed     67.58%
 103  Fagus_spp.                   29.92%    failed      0.10%
 104  Fendlera_rupicola             8.95%    passed     75.62%
 105  Ficus_spp.                   32.24%    failed      0.00%
 106  Galax_spp.                   11.63%    passed     73.75%
 107  Galbulimima_belgraveana       6.58%    passed     33.05%
 108  Garrya_elliptica              7.04%    passed     89.82%
 109  Gilia_spp.                   13.07%    failed      2.00%
 110  Ginkgo_biloba                 6.89%    passed     74.80%
 111  Glaucidium_palmatum           9.72%    passed     83.51%
 112  Gnetum_gnemon                13.59%    passed     53.71%
 113  Grevillea_spp.               19.72%    passed     77.91%
 114  Greyia_radlkoferi            12.58%    passed     60.06%
 115  Griselinia_spp.               7.40%    passed     87.76%
 116  Gunnera_spp.                 13.32%    passed     38.65%
 117  Gyrocarpus_spp.              17.20%    failed      0.23%
 118  Halesia_spp.                  7.76%    passed     99.26%
 119  Haloragis_spp.               11.83%    passed     85.10%
 120  Hamamelis_spp.                8.03%    passed     99.44%
 121  Hedera_helix                 10.84%    passed     82.32%
 122  Hedycarya_arborea             8.09%    passed     17.28%
 123  Hedyosmum_arborescens        12.67%    passed     12.01%
 124  Helianthus_annuus            10.83%    passed     55.63%
 125  Hernandia_spp.                7.26%    failed      0.97%
 126  Heuchera_spp.                10.60%    passed     95.42%
 127  Hortonia_floribunda          35.48%    passed     72.83%
 128  Houttuynia_cordata            9.57%    passed     97.67%
 129  Humiria_balsaminifera        30.88%    failed      1.87%
 130  Humulus_lupulus              28.82%    failed      0.00%
 131  Hydrangea_spp.                6.69%    passed     94.19%
 132  Hydrastis_canadensis          9.24%    passed     72.09%
 133  Hydrolea_ovata                7.49%    passed     98.31%
 134  Hydrostachys_spp.            16.19%    failed      0.00%
 135  Idiospermum_australiense     14.33%    passed     69.91%
 136  Illicium_spp.                21.04%    passed     49.54%
 137  Impatiens_spp.                8.48%    passed     10.78%
 138  Ipomea_spp.                  36.35%    failed      3.89%
 139  Juglans_spp.                 16.38%    passed      5.44%
 140  Juncus_effusus               30.63%    failed      0.00%
 141  Kadsura_japonica             12.55%    passed      8.44%
 142  Lacistema_aggregatum         34.59%    failed      1.63%
 143  Lactoris_fernandeziana        8.98%    passed     54.16%
 144  Lardizabala_biternata        14.12%    passed     60.49%
 145  Laurus_nobilis               18.80%    passed     89.92%
 146  Leea_guineensis              12.76%    passed     35.99%
 147  Lilium_spp.                  28.91%    failed      0.00%
 148  Liquidambar_styraciflua       6.43%    passed     53.51%
 149  Liriodendron_spp.             6.71%    failed      1.83%
 150  Lobelia_spp.                 42.98%    passed     78.37%
 151  Magnolia_spp.                 6.30%    passed      5.05%
 152  Mahonia_spp.                 12.38%    passed     60.76%
 153  Manlikara_zapota              6.53%    passed     60.82%
 154  Melanophylla_spp.             7.39%    passed     84.20%
 155  Meliosma_veitchiorum         13.51%    passed     15.92%
 156  Menyanthes_trifoliata         9.14%    passed     87.84%
 157  Mollugo_verticillata         15.40%    passed      5.43%
 158  Montinia_caryophyllacea       7.57%    passed     98.82%
 159  Morella_cerifera             14.91%    passed     18.05%
 160  Morus_spp.                    8.66%    passed     30.87%
 161  Musa_spp.                    34.48%    failed      0.00%
 162  Myoporum_spp.                 8.26%    passed     98.08%
 163  Nandina_domestica             9.76%    passed     62.35%
 164  Nelumbo_spp.                 10.61%    passed     82.86%
 165  Nepenthes_spp.                7.17%    passed     91.37%
 166  Nerium_oleander              23.99%    failed      4.48%
 167  Nicotiana_spp.                6.82%    passed     98.60%
 168  Nolana_spp.                  31.63%    failed      0.13%
 169  Nuphar_spp.                   6.35%    passed     56.84%
 170  Nymphaea_spp.                 8.58%    passed     96.07%
 171  Nyssa_spp.                   12.34%    passed     12.77%
 172  Ochroma_pyramidale            7.23%    passed     77.55%
 173  Olea_europaea                24.40%    failed      0.01%
 174  Orontium_aquaticum           17.86%    failed      0.83%
 175  Osyris_spp.                  12.71%    passed     87.51%
 176  Oxalis_spp.                  18.29%    passed     59.65%
 177  Pachysandra_spp.             13.61%    passed      6.90%
 178  Paeonia_brownii               8.36%    passed     95.27%
 179  Paeonia_californica           8.07%    passed     95.48%
 180  Panax_spp.                    9.96%    passed     99.80%
 181  Parnassia_spp.                8.12%    passed     29.90%
 182  Paulownia_tomentosa          27.74%    failed      0.23%
 183  Penthorum_sedoides           10.58%    passed     83.61%
 184  Peperomia_spp.               11.93%    passed     80.31%
 185  Pereskia_aculeata             7.31%    passed     93.28%
 186  Petalonyx_spp.                6.40%    passed     41.75%
 187  Petunia_spp.                  6.23%    passed     96.02%
 188  Peumus_boldus                 6.36%    passed     30.08%
 189  Phelline_spp.                27.91%    failed      0.00%
 190  Philadelphus_spp.            10.66%    passed     97.73%
 191  Phlox_spp.                   33.77%    failed      0.00%
 192  Photinia_spp.                 7.00%    passed     94.67%
 193  Phytolacca_americana         17.17%    passed     33.51%
 194  Piper_spp.                   11.05%    passed     75.40%
 195  Plantago_spp.                36.77%    failed      1.36%
 196  Platanus_occidentalis         6.48%    passed     86.52%
 197  Pleea_tenuifolia              8.36%    passed     96.99%
 198  Plumbago_spp.                10.64%    passed     23.14%
 199  Podophyllum_peltatum         33.76%    passed     21.57%
 200  Polygala_spp.                 6.80%    passed     87.90%
 201  Polygonum_spp.               11.01%    passed     42.18%
 202  Pontederia_cordata           31.45%    passed     12.60%
 203  Populus_spp.                  6.23%    passed     89.74%
 204  Portulaca_spp.               13.51%    passed     70.37%
 205  Potamogeton_spp.              9.45%    passed     12.92%
 206  Prunus_persica               30.02%    failed      0.01%
 207  Pterostemon_rotundifolius    10.65%    passed     86.40%
 208  Quercus_spp.                  6.46%    passed     85.51%
 209  Ranunculus_spp.               7.57%    passed     36.47%
 210  Reinwardtia_indica           14.97%    passed     83.32%
 211  Restio_spp.                  29.30%    failed      2.14%
 212  Rhabdodendron_spp.           30.70%    passed      8.13%
 213  Rhodoleia_spp.                6.74%    passed     87.76%
 214  Ribes_aureum                 11.34%    passed     78.91%
 215  Roridula_gorgonias            8.50%    passed     90.72%
 216  Roussea_simplex               8.35%    passed     76.98%
 217  Santalum_album               12.45%    passed     56.35%
 218  Sarcandra_spp.               15.54%    passed      5.08%
 219  Sarracenia_spp.               7.41%    passed     19.93%
 220  Sassafras_spp.               30.19%    passed     28.55%
 221  Saururus_spp.                 6.98%    passed     70.28%
 222  Scabiosa_spp.                13.72%    passed     33.76%
 223  Schisandra_spp.               8.25%    passed     67.19%
 224  Schoepfia_schreberi          14.71%    passed     63.87%
 225  Scrophularia_spp.            27.68%    failed      0.64%
 226  Sedum_spp.                    7.78%    passed     98.03%
 227  Siphonodon_spp.              40.91%    failed      2.83%
 228  Sloanea_spp.                  8.14%    passed     39.87%
 229  Sollya_heterophylla          10.44%    passed     67.35%
 230  Spathiphyllum_spp.           11.82%    passed     21.00%
 231  Spiraea_spp.                  6.95%    passed     98.04%
 232  Stackhousia_spp.              8.56%    passed     79.43%
 233  Staphylea_spp.               11.60%    passed     36.68%
 234  Stellaria_spp.               17.56%    passed     49.04%
 235  Sterculia_spp.                7.16%    passed     24.86%
 236  Styrax_spp.                   7.84%    passed     41.92%
 237  Sullivantia_oregana           6.72%    passed     97.54%
 238  Swietenia_macrophylla        13.11%    failed      0.04%
 239  Tacca_spp.                   10.34%    passed     36.93%
 240  Takhtajania_perrieri         16.20%    passed     82.96%
 241  Tamarix_spp.                 10.83%    passed     94.95%
 242  Tasmannia_spp.                6.48%    passed     87.92%
 243  Ternstroemia_spp.             7.39%    passed     98.75%
 244  Tetracarpaea_tasmanica       10.44%    passed     74.88%
 245  Tetracera_asiatica           17.76%    passed     47.01%
 246  Tetrameles_nudiflora         31.88%    failed      0.04%
 247  Tetramerista_spp.             7.65%    passed     74.64%
 248  Thottea_tomentosa            16.03%    passed     96.15%
 249  Tofieldia_calyculata          8.72%    passed     98.20%
 250  Tragopogon_spp.              14.34%    passed     55.89%
 251  Trichilia_emetica            35.73%    passed     48.32%
 252  Triglochin_maritimum         12.65%    passed     26.41%
 253  Trillium_spp.                29.00%    failed      0.12%
 254  Triphyophyllum_peltatum      21.76%    failed      0.01%
 255  Tropaeolum_spp.               9.38%    passed     16.92%
 256  Typha_spp.                   28.68%    failed      0.04%
 257  Vahlia_capensis               7.72%    passed     95.38%
 258  Valeriana_spp.                7.06%    passed     47.89%
 259  Verbascum_thapsus            20.33%    passed     69.00%
 260  Verbena_spp.                 26.58%    passed     13.30%
 261  Veronica_spp.                 7.32%    passed     82.08%
 262  Vitis_spp.                    7.62%    passed     46.14%
 263  Xanthorhiza_simplicissima     9.37%    passed     97.16%
 264  Zelkova_spp.                 10.25%    passed     99.38%
 265  Zingiber_spp.                27.31%    failed      0.00%
****  TOTAL                        14.48%  52 sequences failed composition chi2 test (p-value<5%; df=3)
Checking for duplicate sequences: done in 0.0340652 secs using 1838% CPU


Create initial parsimony tree by phylogenetic likelihood library (PLL)... 1.117 seconds
Measuring multi-threading efficiency up to 56 CPU cores
Increase to 10 rounds for branch lengths
4 trees examined
Threads: 1 / Time: 60.740 sec / Speedup: 1.000 / Efficiency: 100% / LogL: -447038
Threads: 2 / Time: 32.569 sec / Speedup: 1.865 / Efficiency: 93% / LogL: -447038
Threads: 3 / Time: 26.306 sec / Speedup: 2.309 / Efficiency: 77% / LogL: -447038
Threads: 4 / Time: 21.580 sec / Speedup: 2.815 / Efficiency: 70% / LogL: -447038
Threads: 5 / Time: 31.412 sec / Speedup: 1.934 / Efficiency: 39% / LogL: -447038
Determining AUTO threadcount: done in 172.618 secs using 220.8% CPU
BEST NUMBER OF THREADS: 4

Perform fast likelihood tree search using GTR+I+G model...
Estimate model parameters (epsilon = 5.000)
Perform nearest neighbor interchange...
Estimate model parameters (epsilon = 1.000)
1. Initial log-likelihood: -316430.610
Optimal log-likelihood: -316430.314
Rate parameters:  A-C: 1.30238  A-G: 2.45261  A-T: 0.84764  C-G: 0.71577  C-T: 4.73455  G-T: 1.00000
Base frequencies:  A: 0.264  C: 0.215  G: 0.261  T: 0.260
Proportion of invariable sites: 0.311
Gamma shape alpha: 0.673
Parameters optimization took 1 rounds (1.828 sec)
Time for fast ML tree search: 33.794 seconds

NOTE: ModelFinder requires 619 MB RAM!
ModelFinder will test up to 968 DNA models (sample size: 9768 epsilon: 0.100) ...
 No. Model         -LnL         df  AIC          AICc         BIC
  1  JC            382389.369   527 765832.737   765892.966   769620.216
  2  JC+I          358668.206   528 718392.412   718452.876   722187.078
  3  JC+G4         330089.484   528 661234.969   661295.433   665029.635
  4  JC+I+G4       328779.630   529 658617.260   658677.960   662419.113
  5  JC+R2         337226.798   529 675511.595   675572.294   679313.448
  6  JC+R3         329956.680   531 660975.359   661036.531   664791.586
  7  JC+R4         327937.590   533 656941.180   657002.826   660771.780
  8  JC+R5         327237.216   535 655544.433   655606.556   659389.407
  9  JC+R6         327041.630   537 655157.260   655219.861   659016.607
 10  JC+R7         326966.872   539 655011.745   655074.827   658885.466
 11  JC+R8         326957.633   541 654997.266   655060.831   658885.362
 12  JC+R9         326957.671   543 655001.342   655065.390   658903.810
 14  JC+I+R2       333407.882   530 667875.764   667936.700   671684.804
 15  JC+I+R3       329025.649   532 659115.297   659176.706   662938.710
 16  JC+I+R4       327548.772   534 656165.545   656227.429   660003.332
 17  JC+I+R5       327142.097   536 655356.193   655418.555   659208.354
 18  JC+I+R6       327016.003   538 655108.006   655170.848   658974.541
 19  JC+I+R7       326959.046   540 654998.093   655061.416   658879.001
 20  JC+I+R8       326958.803   542 655001.606   655065.412   658896.888
 32  JC+R7         326966.872   539 655011.745   655074.827   658885.466
 33  JC+R8         326957.633   541 654997.266   655060.831   658885.361
 41  JC+I+R7       326959.046   540 654998.093   655061.416   658879.001
 54  F81+R7        326966.819   539 655011.639   655074.721   658885.360
 55  F81+R8        326957.455   541 654996.911   655060.475   658885.006
 63  F81+I+R7      326958.975   540 654997.950   655061.273   658878.858
 76  F81+F+R7      327171.795   542 655427.590   655491.396   659322.872
 77  F81+F+R8      327163.881   544 655415.762   655480.054   659325.418
 85  F81+F+I+R7    327165.300   543 655416.600   655480.649   659319.069
 98  K2P+R7        315751.867   540 632583.735   632647.058   636464.643
 99  K2P+R8        315742.916   542 632569.832   632633.638   636465.114
107  K2P+I+R7      315744.626   541 632571.253   632634.817   636459.348
120  K2P+R7        315751.867   540 632583.735   632647.057   636464.643
121  K2P+R8        315742.916   542 632569.832   632633.638   636465.114
129  K2P+I+R7      315744.626   541 632571.253   632634.817   636459.348
142  HKY+R7        315751.855   540 632583.710   632647.033   636464.618
143  HKY+R8        315742.893   542 632569.787   632633.593   636465.069
151  HKY+I+R7      315744.559   541 632571.117   632634.682   636459.212
164  HKY+F+R7      315790.377   543 632666.753   632730.802   636569.222
165  HKY+F+R8      315783.496   545 632656.991   632721.526   636573.834
173  HKY+F+I+R7    315784.712   544 632657.424   632721.715   636567.079
186  TNe+R7        315345.378   541 631772.756   631836.320   635660.851
187  TNe+R8        315315.401   543 631716.802   631780.850   635619.271
195  TNe+I+R7      315334.848   542 631753.696   631817.502   635648.978
208  TNe+R7        315345.378   541 631772.756   631836.320   635660.851
209  TNe+R8        315315.401   543 631716.802   631780.850   635619.271
217  TNe+I+R7      315334.848   542 631753.696   631817.502   635648.978
230  TN+R7         315345.336   541 631772.671   631836.236   635660.766
231  TN+R8         315315.354   543 631716.709   631780.757   635619.177
239  TN+I+R7       315334.720   542 631753.440   631817.246   635648.722
252  TN+F+R7       315028.554   544 631145.108   631209.400   635054.764
253  TN+F+R8       314988.196   546 631068.391   631133.170   634992.421
261  TN+F+I+R7     315004.614   545 631099.227   631163.762   635016.070
274  K3P+R7        315455.644   541 631993.288   632056.853   635881.383
275  K3P+R8        315425.936   543 631937.873   632001.922   635840.342
283  K3P+I+R7      315448.301   542 631980.603   632044.409   635875.885
296  K3P+R7        315455.644   541 631993.288   632056.853   635881.383
297  K3P+R8        315425.937   543 631937.873   632001.922   635840.342
305  K3P+I+R7      315448.301   542 631980.603   632044.409   635875.885
318  K3Pu+R7       315455.640   541 631993.281   632056.845   635881.376
319  K3Pu+R8       315425.908   543 631937.815   632001.864   635840.284
327  K3Pu+I+R7     315448.289   542 631980.577   632044.383   635875.859
340  K3Pu+F+R7     315497.467   544 632082.934   632147.225   635992.590
341  K3Pu+F+R8     315467.220   546 632026.440   632091.218   635950.469
349  K3Pu+F+I+R7   315492.025   545 632074.051   632138.585   635990.893
362  TPM2+R7       315670.961   541 632423.921   632487.486   636312.016
363  TPM2+R8       315643.141   543 632372.282   632436.331   636274.751
371  TPM2+I+R7     315662.119   542 632408.238   632472.044   636303.520
384  TPM2+R7       315670.961   541 632423.921   632487.486   636312.016
385  TPM2+R8       315643.141   543 632372.282   632436.331   636274.751
393  TPM2+I+R7     315662.119   542 632408.238   632472.044   636303.520
406  TPM2u+R7      315670.906   541 632423.812   632487.376   636311.907
407  TPM2u+R8      315643.109   543 632372.217   632436.266   636274.686
415  TPM2u+I+R7    315662.107   542 632408.213   632472.019   636303.495
428  TPM2u+F+R7    315722.217   544 632532.433   632596.724   636442.089
429  TPM2u+F+R8    315691.794   546 632475.589   632540.368   636399.618
437  TPM2u+F+I+R7  315716.020   545 632522.041   632586.576   636438.883
450  TPM3+R7       315721.352   541 632524.703   632588.268   636412.799
451  TPM3+R8       315691.412   543 632468.824   632532.872   636371.293
459  TPM3+I+R7     315711.819   542 632507.639   632571.445   636402.921
472  TPM3+R7       315721.352   541 632524.703   632588.268   636412.798
473  TPM3+R8       315691.412   543 632468.824   632532.872   636371.293
481  TPM3+I+R7     315711.819   542 632507.639   632571.445   636402.921
494  TPM3u+R7      315721.249   541 632524.498   632588.063   636412.594
495  TPM3u+R8      315691.421   543 632468.842   632532.891   636371.311
503  TPM3u+I+R7    315711.773   542 632507.545   632571.351   636402.827
516  TPM3u+F+R7    315788.421   544 632664.841   632729.133   636574.497
517  TPM3u+F+R8    315757.904   546 632607.807   632672.586   636531.837
525  TPM3u+F+I+R7  315782.882   545 632655.765   632720.300   636572.607
538  TIMe+R7       315047.555   542 631179.111   631242.917   635074.393
539  TIMe+R8       315018.120   544 631124.240   631188.532   635033.896
547  TIMe+I+R7     315037.301   543 631160.601   631224.650   635063.070
560  TIMe+R7       315047.555   542 631179.111   631242.917   635074.393
561  TIMe+R8       315018.120   544 631124.240   631188.532   635033.896
569  TIMe+I+R7     315037.301   543 631160.601   631224.650   635063.070
582  TIM+R7        315047.500   542 631179.000   631242.806   635074.282
583  TIM+R8        315017.940   544 631123.880   631188.172   635033.536
591  TIM+I+R7      315037.209   543 631160.418   631224.467   635062.887
604  TIM+F+R7      314733.157   545 630556.313   630620.848   634473.156
605  TIM+F+R8      314693.763   547 630481.527   630546.550   634412.743
613  TIM+F+I+R7    314710.034   546 630512.067   630576.846   634436.097
626  TIM2e+R7      315258.175   542 631600.351   631664.157   635495.633
627  TIM2e+R8      315224.588   544 631537.177   631601.468   635446.833
635  TIM2e+I+R7    315240.947   543 631567.894   631631.943   635470.363
648  TIM2e+R7      315258.175   542 631600.351   631664.157   635495.633
649  TIM2e+R8      315224.588   544 631537.177   631601.468   635446.832
657  TIM2e+I+R7    315240.947   543 631567.894   631631.943   635470.363
670  TIM2+R7       315258.013   542 631600.026   631663.832   635495.308
671  TIM2+R8       315224.515   544 631537.030   631601.321   635446.685
679  TIM2+I+R7     315240.943   543 631567.885   631631.934   635470.354
692  TIM2+F+R7     314950.574   545 630991.147   631055.682   634907.990
693  TIM2+F+R8     314906.267   547 630906.534   630971.557   634837.750
701  TIM2+F+I+R7   314921.755   546 630935.511   631000.289   634859.540
714  TIM3e+R7      315319.341   542 631722.683   631786.489   635617.965
715  TIM3e+R8      315290.717   544 631669.434   631733.726   635579.090
723  TIM3e+I+R7    315309.213   543 631704.426   631768.474   635606.895
736  TIM3e+R7      315319.341   542 631722.683   631786.489   635617.965
737  TIM3e+R8      315290.717   544 631669.434   631733.726   635579.090
745  TIM3e+I+R7    315309.213   543 631704.426   631768.474   635606.895
758  TIM3+R7       315319.227   542 631722.453   631786.259   635617.735
759  TIM3+R8       315290.618   544 631669.235   631733.526   635578.891
767  TIM3+I+R7     315309.082   543 631704.164   631768.213   635606.633
780  TIM3+F+R7     315020.636   545 631131.271   631195.806   635048.114
781  TIM3+F+R8     314979.615   547 631053.230   631118.253   634984.446
789  TIM3+F+I+R7   314995.651   546 631083.302   631148.080   635007.331
802  TVMe+R7       315348.418   543 631782.836   631846.885   635685.305
803  TVMe+R8       315318.634   545 631727.269   631791.804   635644.112
811  TVMe+I+R7     315339.385   544 631766.770   631831.061   635676.425
824  TVMe+R7       315348.418   543 631782.836   631846.885   635685.305
825  TVMe+R8       315318.634   545 631727.269   631791.804   635644.112
833  TVMe+I+R7     315339.385   544 631766.770   631831.061   635676.425
846  TVM+R7        315348.350   543 631782.701   631846.749   635685.169
847  TVM+R8        315318.605   545 631727.209   631791.744   635644.052
855  TVM+I+R7      315339.324   544 631766.648   631830.939   635676.303
868  TVM+F+R7      315426.108   546 631944.217   632008.995   635868.246
869  TVM+F+R8      315395.768   548 631887.536   631952.804   635825.939
877  TVM+F+I+R7    315420.179   547 631934.357   631999.380   635865.573
890  SYM+R7        314937.586   544 630963.171   631027.463   634872.827
891  SYM+R8        314906.708   546 630905.417   630970.195   634829.446
899  SYM+I+R7      314925.133   545 630940.267   631004.802   634857.109
912  SYM+R7        314937.586   544 630963.171   631027.463   634872.827
913  SYM+R8        314906.708   546 630905.417   630970.195   634829.446
921  SYM+I+R7      314925.133   545 630940.267   631004.801   634857.109
934  GTR+R7        314937.569   544 630963.138   631027.430   634872.794
935  GTR+R8        314906.558   546 630905.116   630969.894   634829.145
943  GTR+I+R7      314924.896   545 630939.791   631004.326   634856.634
956  GTR+F+R7      314644.891   547 630383.781   630448.804   634314.997
957  GTR+F+R8      314600.608   549 630299.217   630364.730   634244.807
965  GTR+F+I+R7    314615.744   548 630327.488   630392.756   634265.891
Akaike Information Criterion:           GTR+F+R8
Corrected Akaike Information Criterion: GTR+F+R8
Bayesian Information Criterion:         GTR+F+R8
Best-fit model: GTR+F+R8 chosen according to BIC

All model information printed to training_data/dna_M5078_265_9768.phy/output_files/iqtree/inference/pars_12.model.gz
CPU time for ModelFinder: 36761.449 seconds (10h:12m:41s)
Wall-clock time for ModelFinder: 12658.167 seconds (3h:30m:58s)

NOTE: 495 MB RAM (0 GB) is required!
Estimate model parameters (epsilon = 0.010)
1. Initial log-likelihood: -314600.594
2. Current log-likelihood: -314600.483
3. Current log-likelihood: -314600.434
4. Current log-likelihood: -314600.399
5. Current log-likelihood: -314600.388
6. Current log-likelihood: -314600.373
7. Current log-likelihood: -314600.362
Optimal log-likelihood: -314600.353
Rate parameters:  A-C: 1.27873  A-G: 2.48175  A-T: 0.82484  C-G: 0.70515  C-T: 4.66390  G-T: 1.00000
Base frequencies:  A: 0.264  C: 0.215  G: 0.261  T: 0.260
Site proportion and rates:  (0.439,0.030) (0.183,0.247) (0.128,0.737) (0.103,1.539) (0.076,2.922) (0.040,4.706) (0.020,7.359) (0.010,12.402)
Parameters optimization took 7 rounds (80.837 sec)
Wrote distance file to... 
BEST SCORE FOUND : -314600.353
Total tree length: 10.159

Total number of iterations: 0
CPU time used for tree search: 0.000 sec (0h:0m:0s)
Wall-clock time used for tree search: 0.000 sec (0h:0m:0s)
Total CPU time used: 37017.994 sec (10h:16m:57s)
Total wall-clock time used: 12739.419 sec (3h:32m:19s)

Analysis results written to: 
  IQ-TREE report:                training_data/dna_M5078_265_9768.phy/output_files/iqtree/inference/pars_12.iqtree
  Maximum-likelihood tree:       training_data/dna_M5078_265_9768.phy/output_files/iqtree/inference/pars_12.treefile
  Screen log file:               training_data/dna_M5078_265_9768.phy/output_files/iqtree/inference/pars_12.log

Date and Time: Thu Sep 25 14:08:56 2025
e/inference/pars_12.log

Date and Time: Thu Sep 25 14:08:56 2025
