IQ-TREE version 3.0.1 for Linux x86 64-bit built Sep 19 2025
Developed by Bui Quang Minh, Thomas Wong, Nhan Ly-Trong, Huaiyan Ren
Contributed by Lam-Tung Nguyen, Dominik Schrempf, Chris Bielow,
Olga Chernomor, Michael Woodhams, Diep Thi Hoang, Heiko Schmidt

Host:    flink-jm (AVX512, FMA3, 31 GB RAM)
Command: /usr/local/bin/iqtree3 -s /home/diepht/tranthanhvan235/difficulty-prediction-training-data/DIU_TRAINING_DATA/data3/prot_M6416_57_126.phy -pre results/prot_M6416_57_126.phy/output_files/iqtree/inference/pars_0 -seed 0 -ninit 1 -T 1 -redo -n 0
Seed:    0 (Using SPRNG - Scalable Parallel Random Number Generator)
Time:    Sun Sep 21 14:03:02 2025
Kernel:  AVX+FMA - 1 threads (8 CPU cores detected)

HINT: Use -nt option to specify number of threads because your CPU has 8 cores!
HINT: -nt AUTO will automatically determine the best number of threads to use.

Reading alignment file /home/diepht/tranthanhvan235/difficulty-prediction-training-data/DIU_TRAINING_DATA/data3/prot_M6416_57_126.phy ... Phylip format detected
Alignment most likely contains protein sequences
Constructing alignment: done in 0.000406099 secs using 77.07% CPU
Alignment has 57 sequences with 126 columns, 113 distinct patterns
88 parsimony-informative, 11 singleton sites, 27 constant sites
                                       Gap/Ambiguity  Composition  p-value
Analyzing sequences: done in 4.0941e-05 secs using 92.82% CPU
   1  Aipysurus_laevis_P08872                  7.14%    passed     96.82%
   2  Aspidelaps_scutatus_P07037               5.56%    passed     99.96%
   3  Bungarus_fasciatus_P00627                6.35%    passed     99.55%
   4  Bungarus_fasciatus_P00628                6.35%    passed     99.86%
   5  Bungarus_fasciatus_P00629                6.35%    passed     99.80%
   6  Bungarus_fasciatus_P14411                6.35%    passed     97.67%
   7  Bungarus_fasciatus_P14615                6.35%    passed     99.95%
   8  Bungarus_fasciatus_P29601                6.35%    passed     80.22%
   9  Bungarus_multicinctus_P00606             6.35%    passed     90.68%
  10  Bungarus_multicinctus_P00617             4.76%    passed     81.10%
  11  Bungarus_multicinctus_P00618             4.76%    passed     50.07%
  12  Bungarus_multicinctus_P00619             4.76%    passed     80.31%
  13  Bungarus_multicinctus_P17934             4.76%    passed     87.23%
  14  Enhydrina_schistosa_P00610               5.56%    passed     92.20%
  15  Hemachatus_haemachatus_P00595            5.56%    passed     99.99%
  16  Laticauda_colubrina_129479               6.35%    passed     65.70%
  17  Laticauda_colubrina_P10116               6.35%    passed     89.27%
  18  Laticauda_laticaudata_129512             6.35%    passed     99.79%
  19  Laticauda_semifasciata_P00611            6.35%    passed     99.82%
  20  Laticauda_semifasciata_P00612            6.35%    passed     99.73%
  21  Laticauda_semifasciata_P00613            6.35%    passed     99.42%
  22  Maticora_bivirgata_P24644               69.84%    passed     60.97%
  23  Naja_atra_P00598                         5.56%    passed     99.93%
  24  Naja_kaouthia_P00596                     5.56%    passed     99.81%
  25  Naja_melanoleuca_P00599                  6.35%    passed    100.00%
  26  Naja_melanoleuca_P00600                  5.56%    passed     99.69%
  27  Naja_melanoleuca_P00601                  5.56%    passed     99.18%
  28  Naja_mossambica_P00602                   6.35%    passed     95.92%
  29  Naja_mossambica_P00603                   6.35%    passed     98.71%
  30  Naja_mossambica_P00604                   6.35%    passed     99.69%
  31  Naja_naja_P15445                         5.56%    passed     99.97%
  32  Naja_nigricollis_P00605                  6.35%    passed     99.68%
  33  Naja_oxiana_P25498                       5.56%    passed     99.38%
  34  Naja_pallida_P14556                      6.35%    passed     99.60%
  35  Notechis_scutatus_P00607                 5.56%    passed     97.80%
  36  Notechis_scutatus_P00608                 5.56%    passed     99.96%
  37  Notechis_scutatus_P00609                 5.56%    passed     99.98%
  38  Notechis_scutatus_P08873                 6.35%    passed     99.91%
  39  Notechis_scutatus_P20146                 6.35%    passed     67.70%
  40  Oxyuranus_scutellatus_P00614             5.56%    passed     48.66%
  41  Oxyuranus_scutellatus_P00615             6.35%    passed     91.80%
  42  Oxyuranus_scutellatus_P00616_outgroup    1.59%    passed     32.16%
  43  Pseudechis_australis_P04056              6.35%    passed     99.38%
  44  Pseudechis_australis_P04057              6.35%    passed     91.40%
  45  Pseudechis_australis_P20250              7.14%    passed     99.99%
  46  Pseudechis_australis_P20251              6.35%    passed     99.98%
  47  Pseudechis_australis_P20252              6.35%    passed     99.20%
  48  Pseudechis_australis_P20253              6.35%    passed     98.86%
  49  Pseudechis_australis_P20254              6.35%    passed     98.60%
  50  Pseudechis_australis_P20255              6.35%    passed     99.44%
  51  Pseudechis_australis_P20256              6.35%    passed     99.46%
  52  Pseudechis_australis_P20257              6.35%    passed     93.58%
  53  Pseudechis_porphyriacus_P20258           7.14%    passed     98.55%
  54  Pseudechis_porphyriacus_P20259           7.14%    passed     98.04%
  55  Pseudonaja_textilis_P23026               6.35%    passed     69.63%
  56  Pseudonaja_textilis_P23027               3.97%    passed     99.66%
  57  Pseudonaja_textilis_P30811               6.35%    passed     82.26%
WARNING: 1 sequences contain more than 50% gaps/ambiguity
****  TOTAL                                    7.10%  0 sequences failed composition chi2 test (p-value<5%; df=19)
Checking for duplicate sequences: done in 0.00025527 secs using 99.11% CPU


Create initial parsimony tree by phylogenetic likelihood library (PLL)... 0.200 seconds
Perform fast likelihood tree search using LG+I+G model...
Estimate model parameters (epsilon = 5.000)
Perform nearest neighbor interchange...
Estimate model parameters (epsilon = 1.000)
1. Initial log-likelihood: -5250.303
Optimal log-likelihood: -5250.188
Proportion of invariable sites: 0.122
Gamma shape alpha: 1.032
Parameters optimization took 1 rounds (10.395 sec)
Time for fast ML tree search: 38.997 seconds

NOTE: ModelFinder requires 11 MB RAM!
ModelFinder will test up to 1232 protein models (sample size: 126 epsilon: 0.100) ...
 No. Model         -LnL         df  AIC          AICc         BIC
  1  LG            5579.658     111 11381.315    13157.315    11696.143
  2  LG+I          5437.632     112 11099.265    13046.342    11416.928
  3  LG+G4         5252.256     112 10728.513    12675.589    11046.176
  4  LG+I+G4       5250.157     113 10726.313    12873.313    11046.813
  5  LG+R2         5278.468     113 10782.937    12929.937    11103.436
  6  LG+R3         5252.466     115 10734.932    13402.932    11061.105
  7  LG+R4         5246.900     117 10727.800    14179.300    11059.645
  8  LG+R5         5246.654     119 10731.308    15491.308    11068.826
 14  LG+I+R2       5262.038     114 10752.077    13135.713    11075.413
 15  LG+I+R3       5246.177     116 10724.353    13740.353    11053.362
 16  LG+I+R4       5245.205     118 10726.410    14738.410    11061.091
 25  LG+F+G4       5313.554     131 10889.109    45473.109    11260.662
 26  LG+F+I+G4     5311.465     132 10886.929    45998.929    11261.319
 37  LG+F+I+R3     5307.011     135 10884.021    47604.021    11266.919
 47  WAG+G4        5191.217     112 10606.434    12553.510    10924.097
 48  WAG+I+G4      5190.030     113 10606.061    12753.061    10926.561
 59  WAG+I+R3      5187.470     116 10606.941    13622.941    10935.949
 69  WAG+F+G4      5220.952     131 10703.903    45287.903    11075.456
 70  WAG+F+I+G4    5219.922     132 10703.844    45815.844    11078.233
 81  WAG+F+I+R3    5216.028     135 10702.057    47422.057    11084.955
 91  JTT+G4        5246.598     112 10717.197    12664.273    11034.860
 92  JTT+I+G4      5244.988     113 10715.976    12862.976    11036.476
103  JTT+I+R3      5241.435     116 10714.871    13730.871    11043.879
113  JTT+F+G4      5281.913     131 10825.826    45409.826    11197.379
114  JTT+F+I+G4    5280.514     132 10825.029    45937.029    11199.418
125  JTT+F+I+R3    5275.679     135 10821.358    47541.358    11204.256
135  Q.PFAM+G4     5249.971     112 10723.942    12671.019    11041.606
136  Q.PFAM+I+G4   5247.136     113 10720.272    12867.272    11040.771
147  Q.PFAM+I+R3   5240.686     116 10713.373    13729.373    11042.381
157  Q.PFAM+F+G4   5323.427     131 10908.853    45492.853    11280.406
158  Q.PFAM+F+I+G4 5321.747     132 10907.494    46019.494    11281.883
169  Q.PFAM+F+I+R3 5314.881     135 10899.762    47619.762    11282.660
179  Q.BIRD+G4     5380.025     112 10984.050    12931.127    11301.714
180  Q.BIRD+I+G4   5376.041     113 10978.082    13125.082    11298.582
191  Q.BIRD+I+R3   5371.683     116 10975.365    13991.365    11304.374
201  Q.BIRD+F+G4   5409.619     131 11081.238    45665.238    11452.790
202  Q.BIRD+F+I+G4 5407.160     132 11078.320    46190.320    11452.709
213  Q.BIRD+F+I+R3 5400.286     135 11070.572    47790.572    11453.470
223  Q.MAMMAL+G4   5346.331     112 10916.662    12863.739    11234.325
224  Q.MAMMAL+I+G4 5343.590     113 10913.180    13060.180    11233.680
235  Q.MAMMAL+I+R3 5337.410     116 10906.820    13922.820    11235.829
245  Q.MAMMAL+F+G4 5374.507     131 11011.015    45595.015    11382.568
246  Q.MAMMAL+F+I+G4 5373.405     132 11010.809    46122.809    11385.199
257  Q.MAMMAL+F+I+R3 5364.556     135 10999.113    47719.113    11382.011
267  Q.INSECT+G4   5311.301     112 10846.602    12793.679    11164.266
268  Q.INSECT+I+G4 5307.146     113 10840.291    12987.291    11160.791
279  Q.INSECT+I+R3 5300.997     116 10833.995    13849.995    11163.004
289  Q.INSECT+F+G4 5386.868     131 11035.736    45619.736    11407.288
290  Q.INSECT+F+I+G4 5383.742     132 11031.485    46143.485    11405.874
301  Q.INSECT+F+I+R3 5376.780     135 11023.561    47743.561    11406.459
311  Q.PLANT+G4    5316.103     112 10856.207    12803.284    11173.870
312  Q.PLANT+I+G4  5311.313     113 10848.626    12995.626    11169.125
323  Q.PLANT+I+R3  5308.656     116 10849.312    13865.312    11178.320
333  Q.PLANT+F+G4  5391.601     131 11045.203    45629.203    11416.756
334  Q.PLANT+F+I+G4 5387.564     132 11039.128    46151.128    11413.517
345  Q.PLANT+F+I+R3 5382.634     135 11035.269    47755.269    11418.167
355  Q.YEAST+G4    5298.494     112 10820.989    12768.066    11138.652
356  Q.YEAST+I+G4  5293.299     113 10812.598    12959.598    11133.098
367  Q.YEAST+I+R3  5288.486     116 10808.972    13824.972    11137.980
377  Q.YEAST+F+G4  5392.113     131 11046.226    45630.226    11417.779
378  Q.YEAST+F+I+G4 5388.669     132 11041.338    46153.338    11415.728
389  Q.YEAST+F+I+R3 5382.755     135 11035.510    47755.510    11418.408
399  JTTDCMUT+G4   5244.509     112 10713.018    12660.095    11030.681
400  JTTDCMUT+I+G4 5243.079     113 10712.157    12859.157    11032.657
411  JTTDCMUT+I+R3 5239.282     116 10710.564    13726.564    11039.573
421  JTTDCMUT+F+G4 5279.666     131 10821.332    45405.332    11192.885
422  JTTDCMUT+F+I+G4 5278.284     132 10820.567    45932.567    11194.956
433  JTTDCMUT+F+I+R3 5273.280     135 10816.559    47536.559    11199.457
443  DCMUT+G4      5257.814     112 10739.629    12686.706    11057.292
444  DCMUT+I+G4    5256.107     113 10738.213    12885.213    11058.713
455  DCMUT+I+R3    5254.862     116 10741.724    13757.724    11070.733
465  DCMUT+F+G4    5264.599     131 10791.198    45375.198    11162.751
466  DCMUT+F+I+G4  5262.271     132 10788.541    45900.541    11162.930
477  DCMUT+F+I+R3  5260.062     135 10790.124    47510.124    11173.023
487  VT+G4         5224.930     112 10673.860    12620.937    10991.524
488  VT+I+G4       5223.392     113 10672.784    12819.784    10993.283
499  VT+I+R3       5217.707     116 10667.415    13683.415    10996.424
509  VT+F+G4       5266.530     131 10795.060    45379.060    11166.613
510  VT+F+I+G4     5265.851     132 10795.703    45907.703    11170.092
521  VT+F+I+R3     5258.674     135 10787.347    47507.347    11170.245
531  PMB+G4        5263.593     112 10751.185    12698.262    11068.849
532  PMB+I+G4      5262.823     113 10751.647    12898.647    11072.147
543  PMB+I+R3      5256.050     116 10744.100    13760.100    11073.109
553  PMB+F+G4      5274.868     131 10811.736    45395.736    11183.289
554  PMB+F+I+G4    5274.062     132 10812.123    45924.123    11186.513
565  PMB+F+I+R3    5267.759     135 10805.519    47525.519    11188.417
575  BLOSUM62+G4   5263.208     112 10750.416    12697.493    11068.079
576  BLOSUM62+I+G4 5262.474     113 10750.947    12897.947    11071.447
587  BLOSUM62+I+R3 5255.309     116 10742.618    13758.618    11071.626
597  BLOSUM62+F+G4 5288.100     131 10838.199    45422.199    11209.752
598  BLOSUM62+F+I+G4 5287.402     132 10838.805    45950.805    11213.194
609  BLOSUM62+F+I+R3 5280.440     135 10830.881    47550.881    11213.779
619  DAYHOFF+G4    5257.253     112 10738.505    12685.582    11056.169
620  DAYHOFF+I+G4  5255.621     113 10737.242    12884.242    11057.742
631  DAYHOFF+I+R3  5254.823     116 10741.646    13757.646    11070.654
641  DAYHOFF+F+G4  5264.253     131 10790.506    45374.506    11162.059
642  DAYHOFF+F+I+G4 5261.986     132 10787.972    45899.972    11162.361
653  DAYHOFF+F+I+R3 5260.143     135 10790.285    47510.285    11173.183
663  MTREV+G4      5567.167     112 11358.333    13305.410    11675.997
664  MTREV+I+G4    5564.447     113 11354.894    13501.894    11675.394
675  MTREV+I+R3    5562.567     116 11357.135    14373.135    11686.144
685  MTREV+F+G4    5408.426     131 11078.853    45662.853    11450.406
686  MTREV+F+I+G4  5404.154     132 11072.308    46184.308    11446.697
697  MTREV+F+I+R3  5408.482     135 11086.963    47806.963    11469.861
707  MTART+G4      5734.804     112 11693.608    13640.685    12011.271
708  MTART+I+G4    5723.248     113 11672.495    13819.495    11992.995
719  MTART+I+R3    5730.334     116 11692.667    14708.667    12021.676
729  MTART+F+G4    5605.769     131 11473.538    46057.538    11845.091
730  MTART+F+I+G4  5596.808     132 11457.616    46569.616    11832.006
741  MTART+F+I+R3  5597.993     135 11465.987    48185.987    11848.885
751  MTZOA+G4      5558.484     112 11340.968    13288.045    11658.631
752  MTZOA+I+G4    5549.884     113 11325.769    13472.769    11646.268
763  MTZOA+I+R3    5552.876     116 11337.753    14353.753    11666.761
773  MTZOA+F+G4    5473.360     131 11208.720    45792.720    11580.273
774  MTZOA+F+I+G4  5465.773     132 11195.546    46307.546    11569.935
785  MTZOA+F+I+R3  5463.408     135 11196.817    47916.817    11579.715
795  MTMET+G4      5531.736     112 11287.471    13234.548    11605.135
796  MTMET+I+G4    5523.778     113 11273.556    13420.556    11594.055
807  MTMET+I+R3    5522.301     116 11276.601    14292.601    11605.610
817  MTMET+F+G4    5408.140     131 11078.280    45662.280    11449.833
818  MTMET+F+I+G4  5403.214     132 11070.429    46182.429    11444.818
829  MTMET+F+I+R3  5400.699     135 11071.397    47791.397    11454.295
839  MTVER+G4      5578.422     112 11380.843    13327.920    11698.507
840  MTVER+I+G4    5571.517     113 11369.033    13516.033    11689.533
851  MTVER+I+R3    5572.963     116 11377.926    14393.926    11706.935
861  MTVER+F+G4    5477.047     131 11216.094    45800.094    11587.647
862  MTVER+F+I+G4  5471.664     132 11207.328    46319.328    11581.717
873  MTVER+F+I+R3  5471.109     135 11212.219    47932.219    11595.117
883  MTINV+G4      5563.778     112 11351.556    13298.633    11669.220
884  MTINV+I+G4    5555.881     113 11337.763    13484.763    11658.263
895  MTINV+I+R3    5550.802     116 11333.603    14349.603    11662.612
905  MTINV+F+G4    5381.569     131 11025.138    45609.138    11396.690
906  MTINV+F+I+G4  5376.487     132 11016.975    46128.975    11391.364
917  MTINV+F+I+R3  5372.613     135 11015.225    47735.225    11398.123
927  MTMAM+G4      5707.028     112 11638.056    13585.133    11955.720
928  MTMAM+I+G4    5701.608     113 11629.216    13776.216    11949.716
939  MTMAM+I+R3    5716.197     116 11664.395    14680.395    11993.404
949  MTMAM+F+G4    5548.952     131 11359.904    45943.904    11731.457
950  MTMAM+F+I+G4  5541.957     132 11347.914    46459.914    11722.303
961  MTMAM+F+I+R3  5549.718     135 11369.436    48089.436    11752.334
971  FLAVI+G4      5502.466     112 11228.932    13176.009    11546.596
972  FLAVI+I+G4    5502.173     113 11230.347    13377.347    11550.846
983  FLAVI+I+R3    5498.224     116 11228.448    14244.448    11557.456
993  FLAVI+F+G4    5477.456     131 11216.911    45800.911    11588.464
994  FLAVI+F+I+G4  5475.898     132 11215.796    46327.796    11590.185
1005  FLAVI+F+I+R3  5474.794     135 11219.587    47939.587    11602.485
1015  HIVB+G4       5346.912     112 10917.824    12864.901    11235.488
1016  HIVB+I+G4     5345.923     113 10917.847    13064.847    11238.346
1027  HIVB+I+R3     5344.091     116 10920.182    13936.182    11249.190
1037  HIVB+F+G4     5387.595     131 11037.191    45621.191    11408.743
1038  HIVB+F+I+G4   5383.552     132 11031.104    46143.104    11405.493
1049  HIVB+F+I+R3   5385.776     135 11041.552    47761.552    11424.450
1059  HIVW+G4       5456.527     112 11137.055    13084.132    11454.718
1060  HIVW+I+G4     5453.229     113 11132.458    13279.458    11452.958
1071  HIVW+I+R3     5451.912     116 11135.824    14151.824    11464.833
1081  HIVW+F+G4     5416.907     131 11095.813    45679.813    11467.366
1082  HIVW+F+I+G4   5413.823     132 11091.645    46203.645    11466.035
1093  HIVW+F+I+R3   5414.310     135 11098.621    47818.621    11481.519
1103  FLU+G4        5294.080     112 10812.160    12759.237    11129.824
1104  FLU+I+G4      5292.886     113 10811.772    12958.772    11132.271
1115  FLU+I+R3      5290.079     116 10812.159    13828.159    11141.167
1125  FLU+F+G4      5275.827     131 10813.653    45397.653    11185.206
1126  FLU+F+I+G4    5273.600     132 10811.200    45923.200    11185.589
1137  FLU+F+I+R3    5272.054     135 10814.109    47534.109    11197.007
1147  RTREV+G4      5321.250     112 10866.500    12813.577    11184.163
1148  RTREV+I+G4    5317.669     113 10861.337    13008.337    11181.837
1159  RTREV+I+R3    5313.125     116 10858.250    13874.250    11187.259
1169  RTREV+F+G4    5376.604     131 11015.209    45599.209    11386.762
1170  RTREV+F+I+G4  5374.245     132 11012.490    46124.490    11386.880
1181  RTREV+F+I+R3  5368.814     135 11007.628    47727.628    11390.526
1191  CPREV+G4      5264.586     112 10753.171    12700.248    11070.835
1192  CPREV+I+G4    5258.468     113 10742.936    12889.936    11063.436
1203  CPREV+I+R3    5259.448     116 10750.895    13766.895    11079.904
1213  CPREV+F+G4    5335.676     131 10933.351    45517.351    11304.904
1214  CPREV+F+I+G4  5330.170     132 10924.339    46036.339    11298.729
1225  CPREV+F+I+R3  5331.242     135 10932.485    47652.485    11315.383
Akaike Information Criterion:           WAG+I+G4
Corrected Akaike Information Criterion: WAG+G4
Bayesian Information Criterion:         WAG+G4
Best-fit model: WAG+G4 chosen according to BIC

All model information printed to results/prot_M6416_57_126.phy/output_files/iqtree/inference/pars_0.model.gz
CPU time for ModelFinder: 212.435 seconds (0h:3m:32s)
Wall-clock time for ModelFinder: 4206.602 seconds (1h:10m:6s)

NOTE: 4 MB RAM (0 GB) is required!
Estimate model parameters (epsilon = 0.010)
1. Initial log-likelihood: -5197.224
2. Current log-likelihood: -5191.307
3. Current log-likelihood: -5191.216
Optimal log-likelihood: -5191.215
Gamma shape alpha: 0.810
Parameters optimization took 3 rounds (12.302 sec)
Wrote distance file to... 
BEST SCORE FOUND : -5191.215
Total tree length: 9.807

Total number of iterations: 0
CPU time used for tree search: 0.000 sec (0h:0m:0s)
Wall-clock time used for tree search: 0.000 sec (0h:0m:0s)
Total CPU time used: 213.096 sec (0h:3m:33s)
Total wall-clock time used: 4219.299 sec (1h:10m:19s)

Analysis results written to: 
  IQ-TREE report:                results/prot_M6416_57_126.phy/output_files/iqtree/inference/pars_0.iqtree
  Maximum-likelihood tree:       results/prot_M6416_57_126.phy/output_files/iqtree/inference/pars_0.treefile
  Screen log file:               results/prot_M6416_57_126.phy/output_files/iqtree/inference/pars_0.log

Date and Time: Sun Sep 21 15:13:21 2025
