IQ-TREE version 3.0.1 for Linux x86 64-bit built Sep 19 2025
Developed by Bui Quang Minh, Thomas Wong, Nhan Ly-Trong, Huaiyan Ren
Contributed by Lam-Tung Nguyen, Dominik Schrempf, Chris Bielow,
Olga Chernomor, Michael Woodhams, Diep Thi Hoang, Heiko Schmidt

Host:    flink-jm (AVX512, FMA3, 31 GB RAM)
Command: /usr/local/bin/iqtree3 -s /home/diepht/tranthanhvan235/difficulty-prediction-training-data/DIU_TRAINING_DATA/data3/prot_M6416_57_126.phy -pre results/prot_M6416_57_126.phy/output_files/iqtree/inference/pars_15 -seed 15 -ninit 1 -T 1 -redo -n 0
Seed:    15 (Using SPRNG - Scalable Parallel Random Number Generator)
Time:    Sun Sep 21 14:22:10 2025
Kernel:  AVX+FMA - 1 threads (8 CPU cores detected)

HINT: Use -nt option to specify number of threads because your CPU has 8 cores!
HINT: -nt AUTO will automatically determine the best number of threads to use.

Reading alignment file /home/diepht/tranthanhvan235/difficulty-prediction-training-data/DIU_TRAINING_DATA/data3/prot_M6416_57_126.phy ... Phylip format detected
Alignment most likely contains protein sequences
Constructing alignment: done in 0.000829849 secs using 93.27% CPU
Alignment has 57 sequences with 126 columns, 113 distinct patterns
88 parsimony-informative, 11 singleton sites, 27 constant sites
                                       Gap/Ambiguity  Composition  p-value
Analyzing sequences: done in 6.5805e-05 secs using 92.7% CPU
   1  Aipysurus_laevis_P08872                  7.14%    passed     96.82%
   2  Aspidelaps_scutatus_P07037               5.56%    passed     99.96%
   3  Bungarus_fasciatus_P00627                6.35%    passed     99.55%
   4  Bungarus_fasciatus_P00628                6.35%    passed     99.86%
   5  Bungarus_fasciatus_P00629                6.35%    passed     99.80%
   6  Bungarus_fasciatus_P14411                6.35%    passed     97.67%
   7  Bungarus_fasciatus_P14615                6.35%    passed     99.95%
   8  Bungarus_fasciatus_P29601                6.35%    passed     80.22%
   9  Bungarus_multicinctus_P00606             6.35%    passed     90.68%
  10  Bungarus_multicinctus_P00617             4.76%    passed     81.10%
  11  Bungarus_multicinctus_P00618             4.76%    passed     50.07%
  12  Bungarus_multicinctus_P00619             4.76%    passed     80.31%
  13  Bungarus_multicinctus_P17934             4.76%    passed     87.23%
  14  Enhydrina_schistosa_P00610               5.56%    passed     92.20%
  15  Hemachatus_haemachatus_P00595            5.56%    passed     99.99%
  16  Laticauda_colubrina_129479               6.35%    passed     65.70%
  17  Laticauda_colubrina_P10116               6.35%    passed     89.27%
  18  Laticauda_laticaudata_129512             6.35%    passed     99.79%
  19  Laticauda_semifasciata_P00611            6.35%    passed     99.82%
  20  Laticauda_semifasciata_P00612            6.35%    passed     99.73%
  21  Laticauda_semifasciata_P00613            6.35%    passed     99.42%
  22  Maticora_bivirgata_P24644               69.84%    passed     60.97%
  23  Naja_atra_P00598                         5.56%    passed     99.93%
  24  Naja_kaouthia_P00596                     5.56%    passed     99.81%
  25  Naja_melanoleuca_P00599                  6.35%    passed    100.00%
  26  Naja_melanoleuca_P00600                  5.56%    passed     99.69%
  27  Naja_melanoleuca_P00601                  5.56%    passed     99.18%
  28  Naja_mossambica_P00602                   6.35%    passed     95.92%
  29  Naja_mossambica_P00603                   6.35%    passed     98.71%
  30  Naja_mossambica_P00604                   6.35%    passed     99.69%
  31  Naja_naja_P15445                         5.56%    passed     99.97%
  32  Naja_nigricollis_P00605                  6.35%    passed     99.68%
  33  Naja_oxiana_P25498                       5.56%    passed     99.38%
  34  Naja_pallida_P14556                      6.35%    passed     99.60%
  35  Notechis_scutatus_P00607                 5.56%    passed     97.80%
  36  Notechis_scutatus_P00608                 5.56%    passed     99.96%
  37  Notechis_scutatus_P00609                 5.56%    passed     99.98%
  38  Notechis_scutatus_P08873                 6.35%    passed     99.91%
  39  Notechis_scutatus_P20146                 6.35%    passed     67.70%
  40  Oxyuranus_scutellatus_P00614             5.56%    passed     48.66%
  41  Oxyuranus_scutellatus_P00615             6.35%    passed     91.80%
  42  Oxyuranus_scutellatus_P00616_outgroup    1.59%    passed     32.16%
  43  Pseudechis_australis_P04056              6.35%    passed     99.38%
  44  Pseudechis_australis_P04057              6.35%    passed     91.40%
  45  Pseudechis_australis_P20250              7.14%    passed     99.99%
  46  Pseudechis_australis_P20251              6.35%    passed     99.98%
  47  Pseudechis_australis_P20252              6.35%    passed     99.20%
  48  Pseudechis_australis_P20253              6.35%    passed     98.86%
  49  Pseudechis_australis_P20254              6.35%    passed     98.60%
  50  Pseudechis_australis_P20255              6.35%    passed     99.44%
  51  Pseudechis_australis_P20256              6.35%    passed     99.46%
  52  Pseudechis_australis_P20257              6.35%    passed     93.58%
  53  Pseudechis_porphyriacus_P20258           7.14%    passed     98.55%
  54  Pseudechis_porphyriacus_P20259           7.14%    passed     98.04%
  55  Pseudonaja_textilis_P23026               6.35%    passed     69.63%
  56  Pseudonaja_textilis_P23027               3.97%    passed     99.66%
  57  Pseudonaja_textilis_P30811               6.35%    passed     82.26%
WARNING: 1 sequences contain more than 50% gaps/ambiguity
****  TOTAL                                    7.10%  0 sequences failed composition chi2 test (p-value<5%; df=19)
Checking for duplicate sequences: done in 0.0948198 secs using 0.1624% CPU


Create initial parsimony tree by phylogenetic likelihood library (PLL)... 0.204 seconds
Perform fast likelihood tree search using LG+I+G model...
Estimate model parameters (epsilon = 5.000)
Perform nearest neighbor interchange...
Estimate model parameters (epsilon = 1.000)
1. Initial log-likelihood: -5255.637
Optimal log-likelihood: -5255.414
Proportion of invariable sites: 0.122
Gamma shape alpha: 1.040
Parameters optimization took 1 rounds (9.398 sec)
Time for fast ML tree search: 44.603 seconds

NOTE: ModelFinder requires 11 MB RAM!
ModelFinder will test up to 1232 protein models (sample size: 126 epsilon: 0.100) ...
 No. Model         -LnL         df  AIC          AICc         BIC
  1  LG            5583.187     111 11388.374    13164.374    11703.201
  2  LG+I          5441.812     112 11107.623    13054.700    11425.287
  3  LG+G4         5258.029     112 10740.057    12687.134    11057.721
  4  LG+I+G4       5255.346     113 10736.693    12883.693    11057.193
  5  LG+R2         5282.154     113 10790.308    12937.308    11110.808
  6  LG+R3         5260.508     115 10751.016    13419.016    11077.189
  7  LG+R4         5252.745     117 10739.491    14190.991    11071.336
  8  LG+R5         5252.401     119 10742.801    15502.801    11080.319
 14  LG+I+R2       5264.392     114 10756.785    13140.421    11080.121
 15  LG+I+R3       5252.548     116 10737.095    13753.095    11066.104
 16  LG+I+R4       5251.040     118 10738.079    14750.079    11072.761
 25  LG+F+G4       5310.803     131 10883.607    45467.607    11255.160
 26  LG+F+I+G4     5307.526     132 10879.053    45991.053    11253.442
 37  LG+F+I+R3     5304.383     135 10878.766    47598.766    11261.664
 47  WAG+G4        5196.254     112 10616.507    12563.584    10934.171
 48  WAG+I+G4      5194.365     113 10614.729    12761.729    10935.229
 59  WAG+I+R3      5193.007     116 10618.014    13634.014    10947.023
 69  WAG+F+G4      5218.602     131 10699.204    45283.204    11070.757
 70  WAG+F+I+G4    5216.363     132 10696.726    45808.726    11071.115
 81  WAG+F+I+R3    5214.747     135 10699.493    47419.493    11082.391
 91  JTT+G4        5252.921     112 10729.842    12676.919    11047.506
 92  JTT+I+G4      5251.062     113 10728.124    12875.124    11048.624
103  JTT+I+R3      5249.240     116 10730.481    13746.481    11059.489
113  JTT+F+G4      5280.875     131 10823.751    45407.751    11195.304
114  JTT+F+I+G4    5277.243     132 10818.487    45930.487    11192.876
125  JTT+F+I+R3    5275.944     135 10821.889    47541.889    11204.787
135  Q.PFAM+G4     5254.373     112 10732.747    12679.824    11050.410
136  Q.PFAM+I+G4   5251.323     113 10728.646    12875.646    11049.146
147  Q.PFAM+I+R3   5246.870     116 10725.741    13741.741    11054.749
157  Q.PFAM+F+G4   5319.444     131 10900.888    45484.888    11272.441
158  Q.PFAM+F+I+G4 5316.954     132 10897.908    46009.908    11272.298
169  Q.PFAM+F+I+R3 5311.654     135 10893.309    47613.309    11276.207
179  Q.BIRD+G4     5387.535     112 10999.070    12946.147    11316.734
180  Q.BIRD+I+G4   5383.329     113 10992.658    13139.658    11313.158
191  Q.BIRD+I+R3   5381.916     116 10995.831    14011.831    11324.840
201  Q.BIRD+F+G4   5410.150     131 11082.299    45666.299    11453.852
202  Q.BIRD+F+I+G4 5403.710     132 11071.419    46183.419    11445.809
213  Q.BIRD+F+I+R3 5402.719     135 11075.438    47795.438    11458.336
223  Q.MAMMAL+G4   5352.994     112 10929.988    12877.065    11247.652
224  Q.MAMMAL+I+G4 5350.468     113 10926.935    13073.935    11247.435
235  Q.MAMMAL+I+R3 5347.047     116 10926.093    13942.093    11255.102
245  Q.MAMMAL+F+G4 5373.701     131 11009.401    45593.401    11380.954
246  Q.MAMMAL+F+I+G4 5368.781     132 11001.562    46113.562    11375.951
257  Q.MAMMAL+F+I+R3 5364.782     135 10999.564    47719.564    11382.462
267  Q.INSECT+G4   5316.362     112 10856.723    12803.800    11174.387
268  Q.INSECT+I+G4 5312.379     113 10850.758    12997.758    11171.258
279  Q.INSECT+I+R3 5309.016     116 10850.032    13866.032    11179.040
289  Q.INSECT+F+G4 5383.065     131 11028.130    45612.130    11399.683
290  Q.INSECT+F+I+G4 5377.878     132 11019.755    46131.755    11394.145
301  Q.INSECT+F+I+R3 5374.866     135 11019.732    47739.732    11402.630
311  Q.PLANT+G4    5324.333     112 10872.665    12819.742    11190.329
312  Q.PLANT+I+G4  5319.458     113 10864.915    13011.915    11185.415
323  Q.PLANT+I+R3  5318.411     116 10868.822    13884.822    11197.830
333  Q.PLANT+F+G4  5393.489     131 11048.977    45632.977    11420.530
334  Q.PLANT+F+I+G4 5385.234     132 11034.469    46146.469    11408.858
345  Q.PLANT+F+I+R3 5384.865     135 11039.729    47759.729    11422.628
355  Q.YEAST+G4    5306.273     112 10836.546    12783.623    11154.209
356  Q.YEAST+I+G4  5300.915     113 10827.831    12974.831    11148.331
367  Q.YEAST+I+R3  5298.957     116 10829.913    13845.913    11158.922
377  Q.YEAST+F+G4  5389.428     131 11040.856    45624.856    11412.409
378  Q.YEAST+F+I+G4 5384.723     132 11033.446    46145.446    11407.835
389  Q.YEAST+F+I+R3 5381.449     135 11032.899    47752.899    11415.797
399  JTTDCMUT+G4   5250.932     112 10725.864    12672.941    11043.527
400  JTTDCMUT+I+G4 5249.240     113 10724.481    12871.481    11044.980
411  JTTDCMUT+I+R3 5247.186     116 10726.371    13742.371    11055.380
421  JTTDCMUT+F+G4 5278.651     131 10819.301    45403.301    11190.854
422  JTTDCMUT+F+I+G4 5275.255     132 10814.510    45926.510    11188.899
433  JTTDCMUT+F+I+R3 5273.358     135 10816.717    47536.717    11199.615
443  DCMUT+G4      5267.328     112 10758.655    12705.732    11076.319
444  DCMUT+I+G4    5264.998     113 10755.996    12902.996    11076.496
455  DCMUT+I+R3    5265.110     116 10762.220    13778.220    11091.229
465  DCMUT+F+G4    5264.695     131 10791.390    45375.390    11162.943
466  DCMUT+F+I+G4  5261.827     132 10787.655    45899.655    11162.044
477  DCMUT+F+I+R3  5262.824     135 10795.648    47515.648    11178.546
487  VT+G4         5228.032     112 10680.064    12627.141    10997.728
488  VT+I+G4       5225.895     113 10677.791    12824.791    10998.291
499  VT+I+R3       5222.165     116 10676.329    13692.329    11005.338
509  VT+F+G4       5261.747     131 10785.493    45369.493    11157.046
510  VT+F+I+G4     5259.647     132 10783.293    45895.293    11157.682
521  VT+F+I+R3     5254.326     135 10778.652    47498.652    11161.551
531  PMB+G4        5262.433     112 10748.866    12695.943    11066.530
532  PMB+I+G4      5261.011     113 10748.022    12895.022    11068.522
543  PMB+I+R3      5255.878     116 10743.757    13759.757    11072.765
553  PMB+F+G4      5267.604     131 10797.208    45381.208    11168.761
554  PMB+F+I+G4    5265.331     132 10794.662    45906.662    11169.051
565  PMB+F+I+R3    5261.456     135 10792.912    47512.912    11175.810
575  BLOSUM62+G4   5263.025     112 10750.049    12697.126    11067.713
576  BLOSUM62+I+G4 5261.535     113 10749.070    12896.070    11069.570
587  BLOSUM62+I+R3 5256.068     116 10744.136    13760.136    11073.145
597  BLOSUM62+F+G4 5280.418     131 10822.836    45406.836    11194.389
598  BLOSUM62+F+I+G4 5278.191     132 10820.383    45932.383    11194.772
609  BLOSUM62+F+I+R3 5273.374     135 10816.748    47536.748    11199.646
619  DAYHOFF+G4    5266.832     112 10757.663    12704.740    11075.327
620  DAYHOFF+I+G4  5264.601     113 10755.203    12902.203    11075.703
631  DAYHOFF+I+R3  5265.334     116 10762.669    13778.669    11091.677
641  DAYHOFF+F+G4  5264.341     131 10790.681    45374.681    11162.234
642  DAYHOFF+F+I+G4 5261.553     132 10787.105    45899.105    11161.495
653  DAYHOFF+F+I+R3 5262.665     135 10795.330    47515.330    11178.228
663  MTREV+G4      5563.968     112 11351.937    13299.014    11669.601
664  MTREV+I+G4    5562.392     113 11350.783    13497.783    11671.283
675  MTREV+I+R3    5559.766     116 11351.533    14367.533    11680.541
685  MTREV+F+G4    5407.885     131 11077.769    45661.769    11449.322
686  MTREV+F+I+G4  5403.091     132 11070.182    46182.182    11444.571
697  MTREV+F+I+R3  5402.183     135 11074.366    47794.366    11457.264
707  MTART+G4      5735.461     112 11694.923    13642.000    12012.587
708  MTART+I+G4    5726.575     113 11679.151    13826.151    11999.650
719  MTART+I+R3    5731.994     116 11695.989    14711.989    12024.998
729  MTART+F+G4    5608.365     131 11478.730    46062.730    11850.283
730  MTART+F+I+G4  5598.529     132 11461.059    46573.059    11835.448
741  MTART+F+I+R3  5596.679     135 11463.358    48183.358    11846.256
751  MTZOA+G4      5557.414     112 11338.828    13285.904    11656.491
752  MTZOA+I+G4    5551.029     113 11328.059    13475.059    11648.558
763  MTZOA+I+R3    5552.906     116 11337.811    14353.811    11666.820
773  MTZOA+F+G4    5471.864     131 11205.728    45789.728    11577.281
774  MTZOA+F+I+G4  5463.830     132 11191.659    46303.659    11566.048
785  MTZOA+F+I+R3  5460.058     135 11190.116    47910.116    11573.014
795  MTMET+G4      5528.616     112 11281.232    13228.309    11598.896
796  MTMET+I+G4    5522.338     113 11270.677    13417.677    11591.177
807  MTMET+I+R3    5521.055     116 11274.111    14290.111    11603.120
817  MTMET+F+G4    5406.404     131 11074.808    45658.808    11446.361
818  MTMET+F+I+G4  5400.469     132 11064.937    46176.937    11439.327
829  MTMET+F+I+R3  5397.608     135 11065.215    47785.215    11448.113
839  MTVER+G4      5572.641     112 11369.282    13316.359    11686.946
840  MTVER+I+G4    5567.486     113 11360.972    13507.972    11681.472
851  MTVER+I+R3    5568.876     116 11369.751    14385.751    11698.760
861  MTVER+F+G4    5476.906     131 11215.813    45799.813    11587.366
862  MTVER+F+I+G4  5469.392     132 11202.784    46314.784    11577.173
873  MTVER+F+I+R3  5471.697     135 11213.393    47933.393    11596.291
883  MTINV+G4      5561.888     112 11347.776    13294.853    11665.439
884  MTINV+I+G4    5554.726     113 11335.451    13482.451    11655.951
895  MTINV+I+R3    5550.701     116 11333.403    14349.403    11662.411
905  MTINV+F+G4    5377.080     131 11016.160    45600.160    11387.713
906  MTINV+F+I+G4  5370.339     132 11004.677    46116.677    11379.066
917  MTINV+F+I+R3  5367.603     135 11005.207    47725.207    11388.105
927  MTMAM+G4      5703.936     112 11631.873    13578.950    11949.536
928  MTMAM+I+G4    5698.923     113 11623.846    13770.846    11944.346
939  MTMAM+I+R3    5709.872     116 11651.745    14667.745    11980.754
949  MTMAM+F+G4    5547.172     131 11356.343    45940.343    11727.896
950  MTMAM+F+I+G4  5540.685     132 11345.370    46457.370    11719.760
961  MTMAM+F+I+R3  5548.069     135 11366.139    48086.139    11749.037
971  FLAVI+G4      5507.778     112 11239.556    13186.633    11557.219
972  FLAVI+I+G4    5506.495     113 11238.991    13385.991    11559.491
983  FLAVI+I+R3    5504.452     116 11240.903    14256.903    11569.912
993  FLAVI+F+G4    5479.191     131 11220.381    45804.381    11591.934
994  FLAVI+F+I+G4  5476.415     132 11216.829    46328.829    11591.218
1005  FLAVI+F+I+R3  5477.096     135 11224.193    47944.193    11607.091
1015  HIVB+G4       5352.889     112 10929.778    12876.855    11247.442
1016  HIVB+I+G4     5351.322     113 10928.643    13075.643    11249.143
1027  HIVB+I+R3     5349.870     116 10931.740    13947.740    11260.749
1037  HIVB+F+G4     5386.473     131 11034.946    45618.946    11406.499
1038  HIVB+F+I+G4   5381.756     132 11027.512    46139.512    11401.901
1049  HIVB+F+I+R3   5384.802     135 11039.605    47759.605    11422.503
1059  HIVW+G4       5474.376     112 11172.751    13119.828    11490.415
1060  HIVW+I+G4     5469.470     113 11164.940    13311.940    11485.440
1071  HIVW+I+R3     5470.731     116 11173.461    14189.461    11502.470
1081  HIVW+F+G4     5422.512     131 11107.025    45691.025    11478.578
1082  HIVW+F+I+G4   5420.033     132 11104.065    46216.065    11478.454
1093  HIVW+F+I+R3   5421.089     135 11112.178    47832.178    11495.076
1103  FLU+G4        5306.329     112 10836.657    12783.734    11154.321
1104  FLU+I+G4      5304.632     113 10835.264    12982.264    11155.764
1115  FLU+I+R3      5303.288     116 10838.575    13854.575    11167.584
1125  FLU+F+G4      5279.836     131 10821.672    45405.672    11193.224
1126  FLU+F+I+G4    5276.090     132 10816.181    45928.181    11190.570
1137  FLU+F+I+R3    5276.004     135 10822.007    47542.007    11204.905
1147  RTREV+G4      5324.387     112 10872.774    12819.851    11190.438
1148  RTREV+I+G4    5320.045     113 10866.090    13013.090    11186.590
1159  RTREV+I+R3    5317.213     116 10866.427    13882.427    11195.435
1169  RTREV+F+G4    5370.977     131 11003.954    45587.954    11375.507
1170  RTREV+F+I+G4  5367.434     132 10998.869    46110.869    11373.258
1181  RTREV+F+I+R3  5364.087     135 10998.175    47718.175    11381.073
1191  CPREV+G4      5273.175     112 10770.349    12717.426    11088.013
1192  CPREV+I+G4    5265.743     113 10757.487    12904.487    11077.987
1203  CPREV+I+R3    5265.429     116 10762.859    13778.859    11091.867
1213  CPREV+F+G4    5335.642     131 10933.285    45517.285    11304.838
1214  CPREV+F+I+G4  5328.781     132 10921.563    46033.563    11295.952
1225  CPREV+F+I+R3  5329.774     135 10929.548    47649.548    11312.446
Akaike Information Criterion:           WAG+I+G4
Corrected Akaike Information Criterion: WAG+G4
Bayesian Information Criterion:         WAG+G4
Best-fit model: WAG+G4 chosen according to BIC

All model information printed to results/prot_M6416_57_126.phy/output_files/iqtree/inference/pars_15.model.gz
CPU time for ModelFinder: 221.427 seconds (0h:3m:41s)
Wall-clock time for ModelFinder: 4427.303 seconds (1h:13m:47s)

NOTE: 4 MB RAM (0 GB) is required!
Estimate model parameters (epsilon = 0.010)
1. Initial log-likelihood: -5201.416
2. Current log-likelihood: -5196.441
3. Current log-likelihood: -5196.255
Optimal log-likelihood: -5196.253
Gamma shape alpha: 0.826
Parameters optimization took 3 rounds (21.798 sec)
Wrote distance file to... 
BEST SCORE FOUND : -5196.253
Total tree length: 10.023

Total number of iterations: 0
CPU time used for tree search: 0.000 sec (0h:0m:0s)
Wall-clock time used for tree search: 0.000 sec (0h:0m:0s)
Total CPU time used: 222.596 sec (0h:3m:42s)
Total wall-clock time used: 4449.504 sec (1h:14m:9s)

Analysis results written to: 
  IQ-TREE report:                results/prot_M6416_57_126.phy/output_files/iqtree/inference/pars_15.iqtree
  Maximum-likelihood tree:       results/prot_M6416_57_126.phy/output_files/iqtree/inference/pars_15.treefile
  Screen log file:               results/prot_M6416_57_126.phy/output_files/iqtree/inference/pars_15.log

Date and Time: Sun Sep 21 15:36:20 2025
