IQ-TREE version 3.0.1 for Linux x86 64-bit built Sep 12 2025
Developed by Bui Quang Minh, Thomas Wong, Nhan Ly-Trong, Huaiyan Ren
Contributed by Lam-Tung Nguyen, Dominik Schrempf, Chris Bielow,
Olga Chernomor, Michael Woodhams, Diep Thi Hoang, Heiko Schmidt

Host:    suny-Precision-5530 (AVX2, FMA3, 15 GB RAM)
Command: /usr/local/bin/iqtree3 -s /home/suny/Downloads/VAN_TRAINING_DATA/data2/dna_M3514_217_3665.phy -pre results/dna_M3514_217_3665.phy/output_files/iqtree/inference/pars_14 -seed 14 -ninit 1 -T 1 -redo -n 0
Seed:    14 (Using SPRNG - Scalable Parallel Random Number Generator)
Time:    Sun Sep 21 20:32:03 2025
Kernel:  AVX+FMA - 1 threads (12 CPU cores detected)

HINT: Use -nt option to specify number of threads because your CPU has 12 cores!
HINT: -nt AUTO will automatically determine the best number of threads to use.

Reading alignment file /home/suny/Downloads/VAN_TRAINING_DATA/data2/dna_M3514_217_3665.phy ... Phylip format detected
Alignment most likely contains DNA/RNA sequences
Constructing alignment: done in 0.0163678 secs using 40.9% CPU
Alignment has 217 sequences with 3665 columns, 2965 distinct patterns
2189 parsimony-informative, 531 singleton sites, 945 constant sites
                                Gap/Ambiguity  Composition  p-value
Analyzing sequences: done in 0.00388012 secs using 99.09% CPU
   1  Aeolosoma_hemprichi              45.40%    passed     23.85%
   2  Aeolosoma_viride                 57.57%    passed     14.33%
   3  Amaeana_trilobata                84.69%    passed     50.61%
   4  Amblyosyllis_sp.                 54.05%    failed      4.87%
   5  Ampharete_acutifrons             74.02%    passed     78.94%
   6  Amphicorina_mobilis              63.93%    passed      7.02%
   7  Amphiglena_terebro               83.55%    failed      0.02%
   8  Amphitritides_gracilis           50.56%    passed     38.14%
   9  Amphitritides_harpa              38.01%    passed     73.57%
  10  Ancistrosyllis_sp.               52.41%    passed     47.57%
  11  Anobothrus_gracilis              64.97%    passed     50.95%
  12  Antarctodrilus_proboscidea       25.46%    passed     92.91%
  13  Antillesoma_antillarum           43.03%    passed      7.90%
  14  Aonides_oxycephala               52.69%    passed     94.59%
  15  Aphelochaeta_marioni             25.78%    passed     70.27%
  16  Apistobranchus_sp.               48.73%    passed      8.05%
  17  Apistobranchus_typicus           50.50%    passed     76.61%
  18  Aponuphis_bilineata              52.28%    passed     70.54%
  19  Arenicola_marina                 24.56%    passed     79.86%
  20  Armandia_bilobata                25.29%    passed     82.94%
  21  Artacama_proboscidea             65.08%    passed      6.47%
  22  Artacamella_tribranchiata        73.23%    failed      0.01%
  23  Barantolla_lepte                 54.38%    passed     34.31%
  24  Bonellia                         33.42%    passed     11.50%
  25  Branchiomaldane_vincenti         36.67%    passed     10.29%
  26  Branchiosyllis_sp.               49.85%    passed      7.99%
  27  Capilloventer_australis          36.97%    passed     83.43%
  28  Capitella_capitata               50.50%    passed     33.30%
  29  Caulleriella_parva               50.70%    passed     26.05%
  30  Caulleriella_sp.                 82.40%    failed      2.54%
  31  Ceratocephale_loveni             34.57%    passed     66.37%
  32  Ceratonereis_longiceratophora    38.74%    failed      2.03%
  33  Chaetoderma_nitidilum            21.80%    passed     20.66%
  34  Chaetopterus_sarsi               35.14%    passed     11.66%
  35  Chaetopterus_variopedatus        36.56%    passed     72.42%
  36  Chitinopoma_serrula              34.71%    passed     33.99%
  37  Chiton_olivaceus                 26.17%    passed     88.50%
  38  Cirratulus_cirratus              27.48%    passed     47.90%
  39  Cirriformia_tentaculata          65.48%    passed     57.15%
  40  Cirrophorus_lyra                 35.36%    passed      8.38%
  41  Cloeosiphon_aspergillus          42.95%    passed     19.86%
  42  Clymenura_clypeata               22.16%    passed     41.47%
  43  Cossura_sp.                      26.60%    passed     68.33%
  44  Ctenodrilus_serratus             25.57%    passed     35.90%
  45  Dasybranchus_caducus             50.37%    passed     41.75%
  46  Dinophilus_gyrociliatus          38.44%    failed      0.15%
  47  Diplocirrus_glaucus              60.74%    failed      0.16%
  48  Dodecaceria_concharum            44.04%    passed     85.29%
  49  Dodecaceria_sp.                  26.08%    passed     32.21%
  50  Dorvillea_bermudensis            49.60%    passed     33.69%
  51  Dorvillea_erucaeformis           34.65%    passed     88.03%
  52  Eclipidrilus_frigidus            53.21%    passed     76.07%
  53  Eisenia_andrei                   25.43%    passed     17.05%
  54  Epigamia_magnus                  37.60%    passed     20.06%
  55  Epigamia_noroi                   37.68%    passed     14.22%
  56  Erpobdella_octoculata            40.38%    passed     91.62%
  57  Eteone_longa                     50.50%    passed     73.47%
  58  Eteone_picta                     26.66%    passed     64.32%
  59  Euclymene_trinalis               83.55%    failed      0.35%
  60  Eulalia_viridis                  31.24%    failed      1.35%
  61  Eunice_australis                 83.49%    failed      3.49%
  62  Eunice_pennata                   23.14%    passed     43.24%
  63  Eunice_vittata                   52.20%    passed     20.63%
  64  Euphrosine_sp.                   30.67%    passed     45.15%
  65  Eupolymnia_nesidensis            72.99%    passed     32.43%
  66  Eurythoe_complanata              52.33%    passed     66.51%
  67  Eusyllis_blomstrandi             52.41%    passed     64.41%
  68  Exogone_naidina                  52.33%    passed     14.15%
  69  Fauveliopsis_sp.                 27.01%    failed      0.58%
  70  Ficopomatus_enigmaticus          50.78%    passed     50.67%
  71  Flabelligera_affinis             30.40%    passed     50.41%
  72  Fridericia_tuberosa              31.79%    passed      9.01%
  73  Galeolaria_caespitosa            36.13%    passed     56.20%
  74  Gibbula_cineraria                28.32%    failed      4.15%
  75  Glossiphonia_complanata          42.70%    passed     14.93%
  76  Glycera_alba                     32.06%    passed     14.01%
  77  Golfingia_elongata               23.17%    passed     24.57%
  78  Goniada_maculata                 36.53%    passed     30.64%
  79  Grubeosyllis_limbata             52.44%    passed     30.30%
  80  Gunnarea_capensis                53.89%    passed     56.02%
  81  Haliotis_tuberculata             21.15%    passed     72.62%
  82  Hanseniella_sp.                  17.14%    failed      0.33%
  83  Haplotaxis_cf._gordioides        33.26%    failed      1.75%
  84  Harmothoe_imbricata              29.39%    passed     33.61%
  85  Helobdella_stagnalis             22.86%    passed     69.67%
  86  Hermodice_carunculata            50.42%    passed     58.15%
  87  Hermodice_sp.                    34.68%    passed     36.08%
  88  Heronidrilus_gravidus            24.69%    passed     26.41%
  89  Hesione_sp.                      26.25%    passed     51.57%
  90  Hesiospina_aurantiaca            31.11%    failed      3.49%
  91  Heterochaeta_costata             33.40%    passed     74.72%
  92  Hipponoe_gaudichaudi             39.29%    passed     14.98%
  93  Hirudo_medicinalis               30.15%    passed     45.48%
  94  Hrabeiella_periglandulata        51.41%    passed     24.79%
  95  Hyalinoecia_tubicola             36.40%    passed     15.50%
  96  Hyboscolex_sp.                   39.10%    passed     40.45%
  97  Hydroides_norvegica              64.61%    passed     51.13%
  98  Idanthyrsus_pennatus             83.49%    passed     12.51%
  99  Lamellibrachia_barhami           38.99%    passed     47.85%
 100  Lanice_conchilega                32.44%    passed     73.35%
 101  Laonice_sp.                      35.77%    passed      5.65%
 102  Lepidonotus_squamatus            24.42%    passed     65.10%
 103  Limulus_polyphemus               20.25%    failed      1.41%
 104  Lipobranchius_jeffreysii         50.37%    passed     24.86%
 105  Lobochesis_bibranchia            54.73%    passed     42.92%
 106  Loimia_medusa                    52.09%    passed     89.77%
 107  Lumbricus_terrestris             34.02%    passed     47.13%
 108  Lumbrineris_latreilli            35.36%    passed     85.95%
 109  Lumbrineris_magnidentata         25.57%    passed     32.65%
 110  Lysidice_ninetta                 52.28%    passed     86.32%
 111  Lysilla_pacifica                 38.61%    passed     84.06%
 112  Macrochaeta_clavicornis          33.18%    failed      0.00%
 113  Magelona_sp.                     26.33%    passed     36.05%
 114  Malacoceros_sp.                  83.52%    failed      0.01%
 115  Marphysa_bellii                  25.92%    passed     93.96%
 116  Melinna_cristata                 25.73%    passed     66.47%
 117  Micrura                          23.06%    passed     11.51%
 118  Myrianida_pinnigera              39.95%    passed     27.30%
 119  Myriochele_sp.                   31.13%    passed     49.26%
 120  Myxicola_sp.                     62.21%    failed      0.00%
 121  Nematonereis_sp.                 21.91%    passed     73.45%
 122  Nephtys_australiensis            83.49%    failed      0.04%
 123  Nephtys_hombergi                 43.57%    passed     90.16%
 124  Nereimyra_punctata               26.11%    passed     50.92%
 125  Nereis_pelagica                  30.59%    passed     19.77%
 126  Notomastus_latericeus            26.33%    passed     35.18%
 127  Notophyllum_foliosum             34.38%    passed     42.17%
 128  Odontosyllis_gibba               52.39%    failed      0.09%
 129  Ophelia_bicornis                 50.56%    passed     32.34%
 130  Ophelia_rathkei                  42.56%    passed     62.50%
 131  Ophelina_acuminata               27.37%    passed     75.81%
 132  Opisthodonta_morena              52.36%    passed     36.42%
 133  Orbinia_bioreti                  36.89%    passed     40.99%
 134  Orbinia_latreillii               38.66%    passed     52.88%
 135  Osedax_frankpressi               48.16%    failed      0.00%
 136  Osedax_rubiplumus                48.08%    failed      0.00%
 137  Owenia                           36.67%    passed      7.83%
 138  Paralacydonia_paradoxa           26.30%    failed      3.67%
 139  Paralepidonotus_ampulliferus     31.51%    failed      0.00%
 140  Paralvinella_grasslei            51.90%    passed     64.81%
 141  Paralvinella_palmiformis         52.20%    passed     71.84%
 142  Paramphinome_jeffreysii          36.18%    passed     62.85%
 143  Parapionosyllis_sp.              52.47%    passed     28.09%
 144  Parapodrilus_psammophilus        48.89%    failed      0.07%
 145  Parergodrilus_heideri            50.78%    passed     16.84%
 146  Pectinaria_dodeka                55.17%    passed     71.08%
 147  Pectinaria_granulata             52.44%    passed     58.92%
 148  Pectinaria_regalis               52.03%    passed     82.76%
 149  Pettiboneia_urciensis            52.39%    passed     21.31%
 150  Phragmatopoma_sp.                65.08%    passed     89.15%
 151  Phyllochaetopterus_sp._1         36.56%    passed     98.81%
 152  Phyllochaetopterus_sp._2         36.26%    passed     97.18%
 153  Phyllodoce_sp.                   37.98%    passed     55.73%
 154  Pionosyllis_pulligera            52.50%    failed      0.76%
 155  Piscicola_geometra               51.73%    failed      1.38%
 156  Pista_australis                  83.52%    failed      0.00%
 157  Pista_sp.                        54.54%    passed     98.38%
 158  Poecilochaetus_sp.               26.71%    passed      5.94%
 159  Poeobius_meseres                 22.05%    passed     47.27%
 160  Polybrachia_sp.                  37.74%    failed      0.35%
 161  Polydora_ciliata                 54.24%    passed     37.65%
 162  Polydora_giardi                  38.72%    passed     78.50%
 163  Polygordius_lacteus              27.91%    passed     71.22%
 164  Polyophthalmus_pictus            34.27%    passed     47.41%
 165  Polyphysia_crassa                25.13%    passed     63.44%
 166  Pontodrilus_litoralis            35.31%    passed     77.43%
 167  Proceraea_aurantiaca             39.32%    passed     42.65%
 168  Proceraea_hanssoni               39.45%    passed     15.85%
 169  Proceraea_paraurantiaca          39.29%    passed     95.14%
 170  Proceraea_rubroproventriculata   39.02%    passed     70.70%
 171  Propappus_volki                  33.26%    failed      1.08%
 172  Proscoloplos_cygnochaetus        33.92%    passed     65.62%
 173  Protoaricia_oerstedii            38.25%    passed     21.28%
 174  Protoariciella_uncinata          50.50%    passed     17.74%
 175  Protodorvillea_kefersteini       28.38%    failed      0.00%
 176  Protodrilus_purpureus            25.89%    passed     58.12%
 177  Protula_sp.                      35.01%    passed     60.83%
 178  Pseudopotamilla_reniformis       65.13%    passed     88.31%
 179  Pygospio_elegans                 52.06%    passed     99.75%
 180  Questa_paucibranchiata           33.29%    failed      1.67%
 181  Rhinothelepus_lobatus            83.77%    failed      0.00%
 182  Rhynchelmis_tetratheca           36.64%    passed     32.75%
 183  Ridgeia_piscesae                 31.68%    passed     74.29%
 184  Riftia_pachyptila                30.80%    passed     86.71%
 185  Sabella_pavonina                 23.36%    passed     81.06%
 186  Sabella_spallanzanii             50.45%    passed     28.14%
 187  Sabellaria_alveolata             42.62%    failed      2.21%
 188  Saccocirrus_sp.                  31.05%    passed     44.64%
 189  Scalibregma_inflatum             19.78%    passed     88.55%
 190  Schistomeringos_rudolphi         48.59%    failed      0.04%
 191  Sclerolinum_brattstromi          40.82%    passed     65.44%
 192  Scolelepis_squamata              49.60%    passed     48.67%
 193  Scoloplos_armiger                29.58%    passed     22.26%
 194  Scoloplos_johnstonei             37.03%    passed     88.05%
 195  Serpula_vermicularis             53.21%    passed     60.53%
 196  Siboglinum_fiordicum             21.17%    passed     45.46%
 197  Sigalion_bandaensis              35.80%    passed      8.75%
 198  Sigambra_sp.                     34.43%    passed     99.22%
 199  Sphaerosyllis_hystrix            52.33%    passed     47.75%
 200  Spirorbis_spirorbis              42.32%    passed      7.79%
 201  Sternaspis_scutata               23.27%    passed     23.79%
 202  Sthenelais_boa                   27.48%    passed     31.62%
 203  Stygocapitella_subterranea       51.51%    passed     47.20%
 204  Telepsavus_sp.                   50.50%    passed     37.35%
 205  Terebellides_stroemi             30.83%    passed     87.18%
 206  Terebratulina_retusa             22.56%    passed     61.28%
 207  Thelepus_cincinnatus             26.36%    passed     33.14%
 208  Travisia_forbesii                74.65%    failed      1.51%
 209  Trilobodrilus_axi                51.92%    passed     13.12%
 210  Trilobodrilus_heideri            50.01%    passed     24.64%
 211  Triops                           20.19%    passed     86.70%
 212  Tubificoides_amplivasatus        32.58%    passed     78.66%
 213  Tubulanus_annulatus              28.51%    passed      6.61%
 214  Typosyllis_armillaris            50.40%    passed      6.73%
 215  Urechis_caupo                    34.27%    passed     61.63%
 216  Vampyroteuthis_infernalis        16.23%    failed      0.63%
 217  Virchowia_clavata                40.60%    failed      4.44%
WARNING: 74 sequences contain more than 50% gaps/ambiguity
****  TOTAL                            41.73%  39 sequences failed composition chi2 test (p-value<5%; df=3)
Checking for duplicate sequences: done in 0.00353218 secs using 99.43% CPU


Create initial parsimony tree by phylogenetic likelihood library (PLL)... 0.214 seconds
Perform fast likelihood tree search using GTR+I+G model...
Estimate model parameters (epsilon = 5.000)
Perform nearest neighbor interchange...
Estimate model parameters (epsilon = 1.000)
1. Initial log-likelihood: -141417.077
2. Current log-likelihood: -141415.914
Optimal log-likelihood: -141415.665
Rate parameters:  A-C: 1.40904  A-G: 2.34387  A-T: 2.04438  C-G: 1.20150  C-T: 4.74514  G-T: 1.00000
Base frequencies:  A: 0.253  C: 0.233  G: 0.272  T: 0.243
Proportion of invariable sites: 0.179
Gamma shape alpha: 0.669
Parameters optimization took 2 rounds (3.248 sec)
Time for fast ML tree search: 18.033 seconds

NOTE: ModelFinder requires 209 MB RAM!
ModelFinder will test up to 968 DNA models (sample size: 3665 epsilon: 0.100) ...
 No. Model         -LnL         df  AIC          AICc         BIC
  1  JC            168888.486   431 338638.973   338754.155   341314.010
  2  JC+I          160718.763   432 322301.527   322417.279   324982.771
  3  JC+G4         144461.470   432 289786.939   289902.692   292468.184
  4  JC+I+G4       144197.909   433 289261.817   289378.142   291949.268
  5  JC+R2         148027.031   433 296920.062   297036.386   299607.513
  6  JC+R3         145250.129   435 291370.258   291487.731   294070.122
  7  JC+R4         144349.335   437 289572.671   289691.299   292284.948
  8  JC+R5         143877.676   439 288633.353   288753.142   291358.043
  9  JC+R6         143771.720   441 288425.440   288546.397   291162.544
 10  JC+R7         143750.308   443 288386.617   288508.748   291136.134
 11  JC+R8         143749.239   445 288388.478   288511.790   291150.408
 14  JC+I+R2       146677.738   434 294223.476   294340.374   296917.134
 15  JC+I+R3       144591.833   436 290055.665   290173.715   292761.736
 16  JC+I+R4       144012.555   438 288901.110   289020.318   291619.594
 17  JC+I+R5       143825.766   440 288531.533   288651.905   291262.429
 18  JC+I+R6       143762.677   442 288409.354   288530.898   291152.664
 19  JC+I+R7       143757.441   444 288402.881   288525.602   291158.604
 32  JC+R7         143750.309   443 288386.617   288508.748   291136.134
 54  F81+R7        143750.069   443 288386.139   288508.270   291135.655
 76  F81+F+R7      144087.479   446 289066.958   289190.863   291835.095
 98  K2P+R7        141438.253   444 283764.507   283887.227   286520.230
120  K2P+R7        141438.253   444 283764.507   283887.227   286520.230
142  HKY+R7        141438.110   444 283764.221   283886.941   286519.944
164  HKY+F+R7      141696.105   447 284286.211   284410.709   287060.554
186  TNe+R7        141170.228   445 283230.455   283353.767   285992.385
208  TNe+R7        141170.228   445 283230.455   283353.767   285992.385
230  TN+R7         141170.094   445 283230.188   283353.499   285992.118
252  TN+F+R7       141236.308   448 283368.617   283493.711   286149.166
274  K3P+R7        141375.615   445 283641.231   283764.542   286403.160
296  K3P+R7        141375.615   445 283641.231   283764.542   286403.160
318  K3Pu+R7       141375.518   445 283641.036   283764.347   286402.966
340  K3Pu+F+R7     141631.028   448 284158.056   284283.151   286938.606
362  TPM2+R7       141319.834   445 283529.669   283652.980   286291.598
384  TPM2+R7       141319.834   445 283529.669   283652.980   286291.599
406  TPM2u+R7      141319.765   445 283529.530   283652.841   286291.460
428  TPM2u+F+R7    141509.719   448 283915.438   284040.532   286695.987
450  TPM3+R7       141420.519   445 283731.037   283854.349   286492.967
472  TPM3+R7       141420.519   445 283731.037   283854.349   286492.967
494  TPM3u+R7      141420.424   445 283730.849   283854.160   286492.779
516  TPM3u+F+R7    141685.600   448 284267.200   284392.294   287047.749
538  TIMe+R7       141110.380   446 283112.759   283236.664   285880.896
560  TIMe+R7       141110.380   446 283112.759   283236.664   285880.896
582  TIM+R7        141110.286   446 283112.572   283236.476   285880.708
604  TIM+F+R7      141174.989   449 283247.978   283373.670   286034.734
626  TIM2e+R7      141050.343   446 282992.685   283116.589   285760.821
648  TIM2e+R7      141050.342   446 282992.685   283116.589   285760.821
670  TIM2+R7       141050.250   446 282992.501   283116.405   285760.637
692  TIM2+F+R7     141056.151   449 283010.302   283135.994   285797.058
714  TIM3e+R7      141152.833   446 283197.666   283321.571   285965.803
736  TIM3e+R7      141152.833   446 283197.666   283321.571   285965.803
758  TIM3+R7       141152.722   446 283197.445   283321.349   285965.581
780  TIM3+F+R7     141228.623   449 283355.247   283480.939   286142.003
802  TVMe+R7       141236.297   447 283366.593   283491.092   286140.936
824  TVMe+R7       141236.297   447 283366.593   283491.092   286140.936
846  TVM+R7        141236.219   447 283366.439   283490.937   286140.782
868  TVM+F+R7      141433.469   450 283766.939   283893.230   286559.901
890  SYM+R7        140969.563   448 282835.125   282960.220   285615.674
912  SYM+R7        140969.562   448 282835.125   282960.220   285615.674
934  GTR+R7        140969.550   448 282835.099   282960.194   285615.649
956  GTR+F+R7      140984.045   451 282870.090   282996.982   285669.259
Akaike Information Criterion:           GTR+R7
Corrected Akaike Information Criterion: GTR+R7
Bayesian Information Criterion:         GTR+R7
Best-fit model: GTR+R7 chosen according to BIC

All model information printed to results/dna_M3514_217_3665.phy/output_files/iqtree/inference/pars_14.model.gz
CPU time for ModelFinder: 4240.655 seconds (1h:10m:40s)
Wall-clock time for ModelFinder: 4247.649 seconds (1h:10m:47s)

NOTE: 146 MB RAM (0 GB) is required!
Estimate model parameters (epsilon = 0.010)
1. Initial log-likelihood: -140984.045
2. Current log-likelihood: -140983.995
3. Current log-likelihood: -140983.958
4. Current log-likelihood: -140983.925
5. Current log-likelihood: -140983.894
6. Current log-likelihood: -140983.876
7. Current log-likelihood: -140983.864
8. Current log-likelihood: -140983.847
9. Current log-likelihood: -140983.833
10. Current log-likelihood: -140983.821
11. Current log-likelihood: -140983.806
12. Current log-likelihood: -140983.793
Optimal log-likelihood: -140983.779
Rate parameters:  A-C: 1.40032  A-G: 2.36073  A-T: 1.99672  C-G: 1.21592  C-T: 4.77734  G-T: 1.00000
Base frequencies:  A: 0.253  C: 0.233  G: 0.272  T: 0.243
Site proportion and rates:  (0.317,0.019) (0.187,0.155) (0.121,0.470) (0.112,1.045) (0.122,1.968) (0.086,3.223) (0.055,4.997)
Parameters optimization took 12 rounds (41.546 sec)
Wrote distance file to... 
BEST SCORE FOUND : -140983.779
Total tree length: 31.071

Total number of iterations: 0
CPU time used for tree search: 0.000 sec (0h:0m:0s)
Wall-clock time used for tree search: 0.000 sec (0h:0m:0s)
Total CPU time used: 4282.240 sec (1h:11m:22s)
Total wall-clock time used: 4289.364 sec (1h:11m:29s)

Analysis results written to: 
  IQ-TREE report:                results/dna_M3514_217_3665.phy/output_files/iqtree/inference/pars_14.iqtree
  Maximum-likelihood tree:       results/dna_M3514_217_3665.phy/output_files/iqtree/inference/pars_14.treefile
  Screen log file:               results/dna_M3514_217_3665.phy/output_files/iqtree/inference/pars_14.log

Date and Time: Sun Sep 21 21:43:33 2025
