IQ-TREE version 3.0.1 for Linux x86 64-bit built Sep 12 2025
Developed by Bui Quang Minh, Thomas Wong, Nhan Ly-Trong, Huaiyan Ren
Contributed by Lam-Tung Nguyen, Dominik Schrempf, Chris Bielow,
Olga Chernomor, Michael Woodhams, Diep Thi Hoang, Heiko Schmidt

Host:    vanvan-Latitude-9520 (AVX512, FMA3, 31 GB RAM)
Command: /usr/local/bin/iqtree3 -s /home/vanvan/Downloads/data_treebase/DIU_TRAINING_DATA/data5/prot_M11341_100_699.phy -pre training_data/prot_M11341_100_699.phy/output_files/iqtree/inference/pars_13 -seed 13 -ninit 1 -T 1 -redo -n 0 -nt AUTO
Seed:    13 (Using SPRNG - Scalable Parallel Random Number Generator)
Time:    Thu Sep 25 19:37:11 2025
Kernel:  AVX+FMA - auto-detect threads (8 CPU cores detected)

Reading alignment file /home/vanvan/Downloads/data_treebase/DIU_TRAINING_DATA/data5/prot_M11341_100_699.phy ... Phylip format detected
Alignment most likely contains protein sequences
Constructing alignment: done in 0.00247524 secs using 28.72% CPU
Alignment has 100 sequences with 699 columns, 671 distinct patterns
546 parsimony-informative, 76 singleton sites, 77 constant sites
                                                         Gap/Ambiguity  Composition  p-value
Analyzing sequences: done in 0.000455825 secs using 98.06% CPU
   1  Actinomyces_urogenitalis_DSM_15434                        22.32%    passed     53.34%
   2  Aeromicrobium_marinum_DSM_15272                           24.89%    passed     13.47%
   3  Alkalilimnicola_ehrlichii_MLHE-1                          25.46%    passed      9.85%
   4  Anaerolinea_thermophila_UNI-1                             29.33%    failed      0.03%
   5  Arthrobacter_aurescens_TC1                                28.90%    passed     34.20%
   6  Arthrobacter_phenanthrenivorans_Sphe3                     28.47%    passed     65.50%
   7  Bacillus_cellulosilyticus_DSM_2522                        27.47%    failed      0.00%
   8  Bacillus_clausii_KSM-K16                                  18.03%    passed     47.74%
   9  Bacillus_halodurans_C-125                                 20.17%    passed     14.08%
  10  Bacillus_pseudofirmus_OF4                                 22.75%    passed     15.70%
  11  Bacillus_selenitireducens_MLS10                           27.90%    passed     36.87%
  12  Brevibacterium_linens_BL2                                 27.90%    passed      7.26%
  13  Brevibacterium_mcbrellneri_ATCC_49030                     27.75%    passed     91.84%
  14  Cellulomonas_flavigena_DSM_20109                          26.90%    passed     68.00%
  15  Chlorobaculum_parvum_NCIB_8327                            28.76%    passed     36.22%
  16  Chlorobium_limicola_DSM_245                               22.75%    failed      4.17%
  17  Chlorobium_phaeobacteroides_BS1                           24.03%    passed     23.75%
  18  Chloroflexus_aurantiacus_J-10-fl                          28.76%    passed     35.25%
  19  Coraliomargarita_akajimensis_DSM_45221                    24.89%    failed      0.47%
  20  Corynebacterium_ammoniagenes_DSM_20306                    22.03%    passed     48.61%
  21  Corynebacterium_amycolatum_SK46                           27.90%    passed     98.33%
  22  Corynebacterium_diphtheriae_NCTC_13129                    28.33%    passed     27.58%
  23  Corynebacterium_efficiens_YS-314                          27.75%    failed      2.06%
  24  Corynebacterium_efficiens_YS-314-A                        22.32%    failed      3.41%
  25  Corynebacterium_glucuronolyticum_ATCC_51866               28.04%    passed     91.44%
  26  Corynebacterium_glucuronolyticum_ATCC_51867               28.76%    passed     84.74%
  27  Corynebacterium_glutamicum_R                              28.33%    passed     10.95%
  28  Corynebacterium_kroppenstedtii_DSM_44385                  28.76%    passed     27.45%
  29  Corynebacterium_lipophiloflavum_DSM_44291                 30.19%    failed      0.00%
  30  Corynebacterium_pseudotuberculosis_FRC41                  28.47%    passed      5.23%
  31  Corynebacterium_pseudotuberculosis_I19                    25.32%    failed      4.79%
  32  Dietzia_cinnamea_P4                                       28.47%    passed     28.93%
  33  Dietzia_cinnamea_P4-A                                     21.75%    passed     55.64%
  34  Dinoroseobacter_shibae_DFL_12                             23.89%    passed     44.57%
  35  Frankia_sp._EAN1pec                                       27.90%    passed     93.23%
  36  Geobacter_sulfurreducens_KN400                            18.03%    passed     48.64%
  37  Geobacter_sulfurreducens_PCA                              26.04%    passed     35.49%
  38  Geodermatophilus_obscurus_DSM_43160                       18.31%    failed      0.02%
  39  Halomonas_elongata_DSM_2581                               25.18%    failed      0.02%
  40  Halorhodospira_halophila_SL1                              22.75%    failed      4.37%
  41  Jannaschia_sp._CCS1                                       22.03%    passed      8.75%
  42  Jonesia_denitrificans_DSM_20603                           28.04%    passed     50.88%
  43  Kineococcus_radiotolerans_SRS30216                        29.47%    failed      0.02%
  44  Labrenzia_alexandrii_DFL-11                               27.90%    passed     37.64%
  45  Marinobacter_aquaeolei_VT8                                28.90%    failed      0.15%
  46  Marinobacter_sp._ELB17                                    23.03%    passed     37.98%
  47  Marivirga_tractuosa_DSM_4126                              23.75%    passed     47.14%
  48  Micrococcus_luteus_SK58                                   29.33%    passed     37.63%
  49  Mycobacterium_gilvum_PYR-GCK                              20.46%    passed     25.38%
  50  Mycobacterium_smegmatis_str._MC2_155                      28.76%    passed     36.09%
  51  Mycobacterium_vanbaalenii_PYR-1                           29.47%    failed      0.03%
  52  Myxococcus_xanthus_DK_1622                                23.61%    failed      2.13%
  53  Nakamurella_multipartita_DSM_44233                        28.33%    passed     10.53%
  54  Nocardia_farcinica_IFM_10152                              27.75%    passed     37.71%
  55  Nocardiopsis_dassonvillei_subsp._dassonvillei_DSM_43111   25.75%    failed      0.00%
  56  Oceanobacillus_iheyensis_HTE831                           28.33%    passed     99.82%
  57  Pelobacter_propionicus_DSM_2379                           27.75%    passed     86.20%
  58  Planctomyces_brasiliensis_DSM_5305                        23.03%    passed     19.70%
  59  Prosthecochloris_aestuarii_DSM_271                        29.33%    failed      0.00%
  60  Prosthecochloris_vibrioformis_DSM_265                     19.03%    failed      3.19%
  61  Rhodococcus_equi_103S                                     26.47%    passed     81.30%
  62  Rhodococcus_jostii_RHA1                                   29.47%    passed     35.79%
  63  Rhodococcus_opacus_B4                                     28.76%    passed     29.24%
  64  Roseiflexus_castenholzii_DSM_13941                        23.75%    failed      0.97%
  65  Roseiflexus_sp._RS-1                                      19.17%    passed     16.60%
  66  Roseobacter_sp._CCS2                                      23.03%    passed     18.41%
  67  Salinispora_arenicola_CNS-205                             27.47%    failed      2.33%
  68  Salinispora_tropica_CNB-440                               27.75%    passed     42.69%
  69  Sanguibacter_keddieii_DSM_10542                           28.90%    failed      0.01%
  70  Sanguibacter_keddieii_DSM_10542-A                         30.19%    failed      0.00%
  71  Sorangium_cellulosum_So_ce_56                             27.90%    passed     61.50%
  72  Stigmatella_aurantiaca_DW4_3-1                            28.90%    passed     45.18%
  73  Symbiobacterium_thermophilum_IAM_14863                    15.31%    failed      0.83%
  74  Thermomicrobium_roseum_DSM_5159                           29.47%    failed      0.21%
  75  Thioalkalivibrio_sp._HL-EbGR7                             27.75%    failed      0.14%
  76  Thioalkalivibrio_sp._K90mix                               22.60%    passed     38.56%
  77  Truepera_radiovictrix_DSM_17093                           28.18%    passed     89.42%
  78  Vibrio_alginolyticus_40B                                  27.75%    passed     34.05%
  79  Vibrio_cholerae_12129.1                                   28.76%    passed     29.61%
  80  Vibrio_cholerae_1587                                      26.61%    passed     69.86%
  81  Vibrio_cholerae_2740-80                                   28.76%    passed     32.07%
  82  Vibrio_cholerae_623-39                                    29.47%    passed     14.88%
  83  Vibrio_cholerae_AM-19226                                  28.76%    passed     36.99%
  84  Vibrio_cholerae_MZO-2                                     29.33%    failed      0.07%
  85  Vibrio_cholerae_O1_biovar_eltor_str._N16961               28.76%    passed     29.29%
  86  Vibrio_cholerae_O395                                      28.04%    passed     20.53%
  87  Vibrio_cholerae_RC385                                     29.61%    failed      0.02%
  88  Vibrio_cholerae_TM_11079-80                               28.76%    passed     13.49%
  89  Vibrio_cholerae_TMA_21                                    28.76%    passed     11.67%
  90  Vibrio_cholerae_V51                                       28.76%    passed     33.50%
  91  Vibrio_cholerae_V52                                       27.61%    passed     24.91%
  92  Vibrio_coralliilyticus_ATCC_BAA-450                       28.47%    failed      0.00%
  93  Vibrio_harveyi_1DA3                                       28.47%    passed     88.50%
  94  Vibrio_metschnikovii_CIP_69.14                            29.33%    passed     25.74%
  95  Vibrio_parahaemolyticus_16                                28.76%    passed     37.14%
  96  Vibrio_shilonii_AK1                                       28.47%    passed     97.45%
  97  Vibrio_sp._Ex25                                           29.47%    passed     36.27%
  98  Waddlia_chondrophila_WSU_86-1044                          18.74%    passed     24.12%
  99  marine_bacterium_HP15                                     24.46%    failed      0.00%
 100  synthetic_construct                                       24.89%    passed      9.82%
****  TOTAL                                                     26.36%  29 sequences failed composition chi2 test (p-value<5%; df=19)
Checking for duplicate sequences: done in 0.000824401 secs using 43.43% CPU


Create initial parsimony tree by phylogenetic likelihood library (PLL)... 0.194 seconds
Measuring multi-threading efficiency up to 8 CPU cores
Increase to 10 rounds for branch lengths
2 trees examined
Threads: 1 / Time: 10.053 sec / Speedup: 1.000 / Efficiency: 100% / LogL: -79954
Threads: 2 / Time: 6.699 sec / Speedup: 1.501 / Efficiency: 75% / LogL: -79954
Threads: 3 / Time: 6.032 sec / Speedup: 1.667 / Efficiency: 56% / LogL: -79954
Threads: 4 / Time: 14.460 sec / Speedup: 0.695 / Efficiency: 17% / LogL: -79954
Determining AUTO threadcount: done in 37.285 secs using 185.7% CPU
BEST NUMBER OF THREADS: 3

Perform fast likelihood tree search using LG+I+G model...
Estimate model parameters (epsilon = 5.000)
Perform nearest neighbor interchange...
Estimate model parameters (epsilon = 1.000)
1. Initial log-likelihood: -52826.452
Optimal log-likelihood: -52826.426
Proportion of invariable sites: 0.035
Gamma shape alpha: 1.019
Parameters optimization took 1 rounds (1.271 sec)
Time for fast ML tree search: 13.263 seconds

NOTE: ModelFinder requires 106 MB RAM!
ModelFinder will test up to 1232 protein models (sample size: 699 epsilon: 0.100) ...
 No. Model         -LnL         df  AIC          AICc         BIC
  1  LG            56155.597    197 112705.193   112860.906   113601.475
  2  LG+I          55712.066    198 111820.133   111977.741   112720.963
  3  LG+G4         52874.861    198 106145.722   106303.330   107046.552
  4  LG+I+G4       52826.443    199 106050.885   106210.404   106956.266
  5  LG+R2         53723.775    199 107845.550   108005.069   108750.930
  6  LG+R3         53059.210    201 106520.419   106683.807   107434.899
  7  LG+R4         52871.728    203 106149.455   106316.776   107073.034
  8  LG+R5         52809.881    205 106029.763   106201.081   106962.441
  9  LG+R6         52785.980    207 105985.960   106161.341   106927.738
 10  LG+R7         52763.340    209 105944.679   106124.189   106895.556
 11  LG+R8         52762.564    211 105947.128   106130.833   106907.105
 14  LG+I+R2       53539.143    200 107478.285   107639.731   108388.215
 15  LG+I+R3       52963.462    202 106330.924   106496.270   107249.953
 16  LG+I+R4       52821.879    204 106051.757   106221.069   106979.886
 17  LG+I+R5       52785.094    206 105982.188   106155.530   106919.416
 18  LG+I+R6       52762.319    208 105940.637   106118.074   106886.964
 19  LG+I+R7       52761.778    210 105943.555   106125.154   106898.982
 32  LG+F+R7       52231.137    228 104918.274   105140.453   105955.594
 40  LG+F+I+R6     52234.165    227 104922.329   105142.100   105955.100
 54  WAG+R7        53095.392    209 106608.785   106788.294   107559.662
 62  WAG+I+R6      53087.989    208 106591.979   106769.416   107538.306
 76  WAG+F+R7      52526.032    228 105508.064   105730.243   106545.385
 84  WAG+F+I+R6    52525.474    227 105504.948   105724.719   106537.719
 98  JTT+R7        53198.531    209 106815.061   106994.571   107765.938
106  JTT+I+R6      53197.557    208 106811.114   106988.551   107757.442
120  JTT+F+R7      52772.499    228 106000.997   106223.176   107038.318
128  JTT+F+I+R6    52775.589    227 106005.177   106224.948   107037.948
142  Q.PFAM+R7     52619.032    209 105656.065   105835.574   106606.942
150  Q.PFAM+I+R6   52619.794    208 105655.588   105833.024   106601.915
164  Q.PFAM+F+R7   52307.683    228 105071.366   105293.545   106108.686
172  Q.PFAM+F+I+R6 52311.242    227 105076.484   105296.255   106109.255
186  Q.BIRD+R7     53995.880    209 108409.760   108589.269   109360.637
194  Q.BIRD+I+R6   53999.134    208 108414.268   108591.705   109360.595
208  Q.BIRD+F+R7   53780.655    228 108017.310   108239.489   109054.630
216  Q.BIRD+F+I+R6 53783.500    227 108021.000   108240.771   109053.771
230  Q.MAMMAL+R7   53717.245    209 107852.489   108031.998   108803.366
238  Q.MAMMAL+I+R6 53718.700    208 107853.400   108030.837   108799.728
252  Q.MAMMAL+F+R7 53436.133    228 107328.267   107550.445   108365.587
260  Q.MAMMAL+F+I+R6 53438.404    227 107330.807   107550.578   108363.578
274  Q.INSECT+R7   53214.023    209 106846.047   107025.556   107796.924
282  Q.INSECT+I+R6 53216.470    208 106848.940   107026.377   107795.267
296  Q.INSECT+F+R7 52407.971    228 105271.942   105494.120   106309.262
304  Q.INSECT+F+I+R6 52414.427    227 105282.855   105502.626   106315.626
318  Q.PLANT+R7    53074.114    209 106566.228   106745.737   107517.105
326  Q.PLANT+I+R6  53076.007    208 106568.013   106745.450   107514.341
340  Q.PLANT+F+R7  52712.531    228 105881.062   106103.241   106918.382
348  Q.PLANT+F+I+R6 52718.252    227 105890.504   106110.275   106923.275
362  Q.YEAST+R7    53308.907    209 107035.815   107215.324   107986.692
370  Q.YEAST+I+R6  53312.859    208 107041.718   107219.155   107988.046
384  Q.YEAST+F+R7  52287.126    228 105030.251   105252.430   106067.572
392  Q.YEAST+F+I+R6 52294.113    227 105042.227   105261.997   106074.997
406  JTTDCMUT+R7   53202.776    209 106823.553   107003.062   107774.430
414  JTTDCMUT+I+R6 53203.382    208 106822.763   107000.200   107769.091
428  JTTDCMUT+F+R7 52768.605    228 105993.210   106215.389   107030.530
436  JTTDCMUT+F+I+R6 52773.573    227 106001.146   106220.917   107033.917
450  DCMUT+R7      53542.878    209 107503.756   107683.265   108454.633
458  DCMUT+I+R6    53552.376    208 107520.753   107698.190   108467.080
472  DCMUT+F+R7    52822.313    228 106100.627   106322.805   107137.947
480  DCMUT+F+I+R6  52825.969    227 106105.939   106325.710   107138.710
494  VT+R7         53222.031    209 106862.061   107041.571   107812.938
502  VT+I+R6       53222.565    208 106861.130   107038.566   107807.457
516  VT+F+R7       52652.992    228 105761.985   105984.164   106799.305
524  VT+F+I+R6     52657.763    227 105769.525   105989.296   106802.296
538  PMB+R7        53369.366    209 107156.732   107336.242   108107.609
546  PMB+I+R6      53370.721    208 107157.442   107334.878   108103.769
560  PMB+F+R7      52999.701    228 106455.402   106677.581   107492.722
568  PMB+F+I+R6    53004.979    227 106463.957   106683.728   107496.728
582  BLOSUM62+R7   53427.753    209 107273.506   107453.015   108224.383
590  BLOSUM62+I+R6 53431.042    208 107278.084   107455.520   108224.411
604  BLOSUM62+F+R7 52903.833    228 106263.666   106485.845   107300.987
612  BLOSUM62+F+I+R6 52909.650    227 106273.300   106493.071   107306.071
626  DAYHOFF+R7    53538.737    209 107495.475   107674.984   108446.352
634  DAYHOFF+I+R6  53550.422    208 107516.843   107694.280   108463.171
648  DAYHOFF+F+R7  52818.757    228 106093.514   106315.693   107130.834
656  DAYHOFF+F+I+R6 52823.440    227 106100.880   106320.651   107133.651
670  MTREV+R7      54799.477    209 110016.954   110196.463   110967.831
678  MTREV+I+R6    54802.385    208 110020.769   110198.206   110967.097
692  MTREV+F+R7    53158.448    228 106772.895   106995.074   107810.215
700  MTREV+F+I+R6  53160.893    227 106775.786   106995.557   107808.557
714  MTART+R7      55071.953    209 110561.905   110741.415   111512.782
722  MTART+I+R6    55077.285    208 110570.570   110748.007   111516.898
736  MTART+F+R7    53478.898    228 107413.795   107635.974   108451.116
744  MTART+F+I+R6  53484.812    227 107423.623   107643.394   108456.394
758  MTZOA+R7      53550.462    209 107518.924   107698.433   108469.801
766  MTZOA+I+R6    53553.419    208 107522.838   107700.275   108469.166
780  MTZOA+F+R7    52784.928    228 106025.855   106248.034   107063.175
788  MTZOA+F+I+R6  52791.877    227 106037.755   106257.525   107070.525
802  MTMET+R7      55024.071    209 110466.142   110645.651   111417.019
810  MTMET+I+R6    55026.272    208 110468.544   110645.981   111414.871
824  MTMET+F+R7    53050.388    228 106556.777   106778.956   107594.097
832  MTMET+F+I+R6  53057.953    227 106569.906   106789.677   107602.677
846  MTVER+R7      55218.463    209 110854.927   111034.436   111805.804
854  MTVER+I+R6    55221.639    208 110859.277   111036.714   111805.605
868  MTVER+F+R7    53602.167    228 107660.334   107882.513   108697.655
876  MTVER+F+I+R6  53606.865    227 107667.730   107887.501   108700.501
890  MTINV+R7      55343.926    209 111105.852   111285.362   112056.729
898  MTINV+I+R6    55348.273    208 111112.546   111289.983   112058.874
912  MTINV+F+R7    52632.569    228 105721.138   105943.317   106758.458
920  MTINV+F+I+R6  52640.777    227 105735.553   105955.324   106768.324
934  MTMAM+R7      55809.790    209 112037.579   112217.088   112988.456
942  MTMAM+I+R6    55816.870    208 112049.741   112227.178   112996.068
956  MTMAM+F+R7    54229.765    228 108915.531   109137.710   109952.851
964  MTMAM+F+I+R6  54227.481    227 108908.963   109128.733   109941.733
978  FLAVI+R7      55048.597    209 110515.193   110694.703   111466.070
986  FLAVI+I+R6    55043.068    208 110502.135   110679.572   111448.463
1000  FLAVI+F+R7    54940.821    228 110337.642   110559.821   111374.963
1008  FLAVI+F+I+R6  54943.517    227 110341.035   110560.805   111373.805
1022  HIVB+R7       54648.315    209 109714.630   109894.139   110665.507
1030  HIVB+I+R6     54646.011    208 109708.022   109885.459   110654.349
1044  HIVB+F+R7     53910.877    228 108277.754   108499.933   109315.074
1052  HIVB+F+I+R6   53917.384    227 108288.769   108508.539   109321.539
1066  HIVW+R7       57307.641    209 115033.282   115212.791   115984.159
1074  HIVW+I+R6     57306.845    208 115029.689   115207.126   115976.017
1088  HIVW+F+R7     55495.740    228 111447.480   111669.659   112484.801
1096  HIVW+F+I+R6   55497.931    227 111449.861   111669.632   112482.632
1110  FLU+R7        54519.505    209 109457.011   109636.520   110407.888
1118  FLU+I+R6      54512.419    208 109440.838   109618.275   110387.166
1132  FLU+F+R7      53408.380    228 107272.760   107494.939   108310.080
1140  FLU+F+I+R6    53410.505    227 107275.010   107494.781   108307.781
1154  RTREV+R7      53549.565    209 107517.130   107696.639   108468.007
1162  RTREV+I+R6    53556.195    208 107528.391   107705.828   108474.718
1176  RTREV+F+R7    52475.394    228 105406.788   105628.966   106444.108
1184  RTREV+F+I+R6  52485.874    227 105425.747   105645.518   106458.518
1198  CPREV+R7      53415.020    209 107248.040   107427.550   108198.917
1206  CPREV+I+R6    53412.834    208 107241.668   107419.104   108187.995
1220  CPREV+F+R7    52710.616    228 105877.232   106099.411   106914.552
1228  CPREV+F+I+R6  52716.698    227 105887.395   106107.166   106920.166
Akaike Information Criterion:           LG+F+R7
Corrected Akaike Information Criterion: LG+F+R7
Bayesian Information Criterion:         LG+F+I+R6
Best-fit model: LG+F+I+R6 chosen according to BIC

All model information printed to training_data/prot_M11341_100_699.phy/output_files/iqtree/inference/pars_13.model.gz
CPU time for ModelFinder: 12463.601 seconds (3h:27m:43s)
Wall-clock time for ModelFinder: 5818.616 seconds (1h:36m:58s)

NOTE: 64 MB RAM (0 GB) is required!
Estimate model parameters (epsilon = 0.010)
1. Initial log-likelihood: -52244.715
2. Current log-likelihood: -52234.097
3. Current log-likelihood: -52233.617
4. Current log-likelihood: -52233.476
5. Current log-likelihood: -52233.420
6. Current log-likelihood: -52233.397
Optimal log-likelihood: -52233.388
Proportion of invariable sites: 0.031
Site proportion and rates:  (0.146,0.090) (0.210,0.283) (0.205,0.545) (0.151,1.020) (0.152,1.960) (0.105,3.458)
Parameters optimization took 6 rounds (30.096 sec)
Wrote distance file to... 
BEST SCORE FOUND : -52233.388
Total tree length: 57.867

Total number of iterations: 0
CPU time used for tree search: 0.000 sec (0h:0m:0s)
Wall-clock time used for tree search: 0.000 sec (0h:0m:0s)
Total CPU time used: 12536.898 sec (3h:28m:56s)
Total wall-clock time used: 5848.809 sec (1h:37m:28s)

Analysis results written to: 
  IQ-TREE report:                training_data/prot_M11341_100_699.phy/output_files/iqtree/inference/pars_13.iqtree
  Maximum-likelihood tree:       training_data/prot_M11341_100_699.phy/output_files/iqtree/inference/pars_13.treefile
  Screen log file:               training_data/prot_M11341_100_699.phy/output_files/iqtree/inference/pars_13.log

Date and Time: Thu Sep 25 21:14:39 2025
