
RAxML-NG v. 1.1.0-master released on 04.08.2022 by The Exelixis Lab.
Developed by: Alexey M. Kozlov and Alexandros Stamatakis.
Contributors: Diego Darriba, Tomas Flouri, Benoit Morel, Sarah Lutteropp, Ben Bettisworth.
Latest version: https://github.com/amkozlov/raxml-ng
Questions/problems/suggestions? Please visit: https://groups.google.com/forum/#!forum/raxml

System: Intel(R) Xeon(R) Gold 6132 CPU @ 2.60GHz, 28 cores, 125 GB RAM

RAxML-NG was called at 08-Oct-2025 07:57:25 as follows:

/datausers/ioit/thaontp/tranthanhvan235/raxml-ng/build/bin/raxml-ng --start --msa /datausers/ioit/thaontp/tranthanhvan235/data_treebase/remainMSAs/dna_M8692_395_3583.phy --tree pars{1} --prefix training_data/dna_M8692_395_3583.phy/output_files/parsimony/seed_27 --model GTR+G --seed 27

Analysis options:
  run mode: Starting tree generation
  start tree(s): parsimony (1)
  random seed: 27
  SIMD kernels: AVX2
  parallelization: coarse-grained (auto), PTHREADS (auto)

[00:00:00] Reading alignment from file: /datausers/ioit/thaontp/tranthanhvan235/data_treebase/remainMSAs/dna_M8692_395_3583.phy
[00:00:00] Loaded alignment with 395 taxa and 3583 sites

Alignment comprises 1 partitions and 1181 patterns

Partition 0: noname
Model: GTR+FO+G4m
Alignment sites / patterns: 3583 / 1181
Gaps: 14.73 %
Invariant sites: 73.63 %


NOTE: Binary MSA file created: training_data/dna_M8692_395_3583.phy/output_files/parsimony/seed_27.raxml.rba

[00:00:00] Generating 1 parsimony starting tree(s) with 395 taxa
Parsimony score: 3110

All starting trees saved to: /datausers/ioit/thaontp/minhminh/difficulty-prediction-training-data/training_data/dna_M8692_395_3583.phy/output_files/parsimony/seed_27.raxml.startTree


Execution log saved to: /datausers/ioit/thaontp/minhminh/difficulty-prediction-training-data/training_data/dna_M8692_395_3583.phy/output_files/parsimony/seed_27.raxml.log

Analysis started: 08-Oct-2025 07:57:25 / finished: 08-Oct-2025 07:57:25

Elapsed time: 0.494 seconds

