IQ-TREE version 3.0.1 for Linux x86 64-bit built Sep 12 2025
Developed by Bui Quang Minh, Thomas Wong, Nhan Ly-Trong, Huaiyan Ren
Contributed by Lam-Tung Nguyen, Dominik Schrempf, Chris Bielow,
Olga Chernomor, Michael Woodhams, Diep Thi Hoang, Heiko Schmidt

Host:    suny-Precision-5530 (AVX2, FMA3, 15 GB RAM)
Command: /usr/local/bin/iqtree3 -s /home/suny/Downloads/VAN_TRAINING_DATA/data2/dna_M4324_206_4543.phy -pre results/dna_M4324_206_4543.phy/output_files/iqtree/inference/pars_5 -seed 5 -ninit 1 -T 1 -redo -n 0
Seed:    5 (Using SPRNG - Scalable Parallel Random Number Generator)
Time:    Sun Sep 21 13:28:42 2025
Kernel:  AVX+FMA - 1 threads (12 CPU cores detected)

HINT: Use -nt option to specify number of threads because your CPU has 12 cores!
HINT: -nt AUTO will automatically determine the best number of threads to use.

Reading alignment file /home/suny/Downloads/VAN_TRAINING_DATA/data2/dna_M4324_206_4543.phy ... Phylip format detected
Alignment most likely contains DNA/RNA sequences
Constructing alignment: done in 0.019777 secs using 64.43% CPU
Alignment has 206 sequences with 4543 columns, 3324 distinct patterns
2034 parsimony-informative, 530 singleton sites, 1979 constant sites
                                 Gap/Ambiguity  Composition  p-value
Analyzing sequences: done in 0.00385093 secs using 99.9% CPU
   1  Absconditella_sp                  69.91%    passed     18.04%
   2  Absconditella_sphagnorum          73.23%    passed     27.86%
   3  Absconditella_sphagnorum_M24      24.65%    passed     77.55%
   4  Acarospora_schleicheri            16.46%    passed     80.01%
   5  Acarosporina_microspora           18.82%    passed     20.69%
   6  Acrospermum_adeanum_M133           8.14%    failed      0.23%
   7  Acrospermum_compressum_M151        4.64%    passed     23.46%
   8  Acrospermum_graminum              63.17%    passed     42.37%
   9  Acrospermum_graminum_M152          2.97%    passed     15.58%
  10  Aleuria_aurantia                  32.31%    passed     58.99%
  11  Alternaria_alternata              39.67%    passed     90.30%
  12  Arachnopeziza_variepilosa_M337    70.92%    passed     58.99%
  13  Baeomyces_placophyllus            15.65%    passed     35.60%
  14  Bisporella_citrina_M253            4.60%    passed     60.51%
  15  Bombardia_bombarda                37.68%    passed     23.92%
  16  Botryosphaeria_ribis              37.09%    passed     58.91%
  17  Bryocentria_brongniartii_M139      3.54%    passed     17.12%
  18  Bryocentria_brongniartii_M190     18.56%    failed      1.04%
  19  Bryocentria_metzgeriae_M140       14.11%    passed     17.99%
  20  Bryochiton_microscopius_M331      41.25%    passed     34.64%
  21  Bryochiton_monascus_M218           2.95%    failed      0.04%
  22  Bryochiton_perpusillus_M202        3.94%    failed      0.26%
  23  Bryochiton_sp_M198                 2.60%    failed      0.01%
  24  Bryoglossum_gracile               55.65%    passed     23.91%
  25  Bryooscyphus_sp_M230              28.11%    passed     35.07%
  26  Bryoscyphus_dicrani_M141          17.63%    passed     71.48%
  27  Bulgaria_inquinans                56.22%    passed     56.91%
  28  Byssochlamys_nivea                14.00%    passed     24.38%
  29  Byssothecium_circinans            36.94%    passed     61.59%
  30  Calicium_viride                   20.98%    passed     63.90%
  31  Candida_albicans                  13.58%    failed      0.01%
  32  Capnodium_citri                   25.86%    passed     91.30%
  33  Capronia_mansonii                  2.33%    passed     16.13%
  34  Capronia_pilosella                 4.42%    passed     78.04%
  35  Cephalotheca_sulphurea            41.21%    passed     82.42%
  36  Ceratocystis_pilifera             34.67%    failed      0.18%
  37  Cercophora_caudata                57.41%    passed     49.02%
  38  Chaetomella_raphigera             32.62%    passed     63.84%
  39  Cheilymenia_stercorea             21.35%    passed     26.57%
  40  Cheilymenia_vitellina_M169        13.54%    passed     93.12%
  41  Coenogonium_luteum                19.02%    failed      3.60%
  42  Coltricia_perennis                23.09%    passed     19.75%
  43  Cordyceps_militaris                7.13%    passed     44.92%
  44  Cudonia_circinans                 22.94%    failed      4.34%
  45  Cudoniella_clavus                 31.32%    passed     54.39%
  46  Curvularia_brachyspora            18.27%    passed     98.86%
  47  Cyathicula_microspora_M267         2.42%    passed     76.04%
  48  Delphinella_strobiligena          35.59%    passed     50.89%
  49  Dermatocarpon_luridum             16.99%    passed     92.51%
  50  Diaporthe_phaseolorum             27.71%    passed     11.85%
  51  Didymella_spp                     27.98%    passed     55.08%
  52  Diploschistes_scruposus           16.22%    passed      5.24%
  53  Discinella_schimperi_M168          2.49%    passed     83.58%
  54  Discinella_schimperi_M191         28.70%    passed     97.74%
  55  Discinella_schimperi_M192         17.59%    passed     82.30%
  56  Discosphaerina_fagi               36.78%    passed     71.72%
  57  Discula_destructiva               48.16%    passed     93.01%
  58  Dothidea_insculpta                16.95%    passed     46.95%
  59  Epibryon_bryophilum_M2            12.59%    passed      6.26%
  60  Epibryon_diaphanum_M122            3.90%    passed     21.24%
  61  Epibryon_hepaticola_M10            7.04%    passed     61.50%
  62  Epibryon_hepaticola_M224           4.53%    passed     79.50%
  63  Epibryon_intercapillare_M125      10.65%    passed     41.90%
  64  Epibryon_interlamellare_M1        39.27%    failed      1.85%
  65  Epibryon_interlamellare_M32        6.89%    passed     16.73%
  66  Epibryon_plagiochilae_M187        50.28%    passed     76.82%
  67  Epibryon_sp_DM274                 40.70%    passed     31.60%
  68  Epibryon_sp_EM175                  4.71%    passed     80.19%
  69  Epibryon_turfosorum_M292          40.35%    passed     36.79%
  70  Epiglia_gloeocapsae_M193           2.88%    passed     47.60%
  71  Epiglia_gloeocapsae_M257          69.01%    passed     25.02%
  72  Epiryon_interlamellare_M223       46.60%    passed     28.73%
  73  Exophiala_jeanselmei              23.29%    passed     44.15%
  74  Fabrella_tsugae                   48.05%    passed     56.81%
  75  Fungal_endophyte_2712             49.75%    passed     66.95%
  76  Fungal_endophyte_2834             46.60%    passed     50.02%
  77  Fungal_endophyte_3277             51.73%    passed     74.34%
  78  Fungal_endophyte_3377             46.71%    passed     66.86%
  79  Fungal_endophyte_4221             46.71%    passed     67.21%
  80  Fungal_endophyte_4245             46.86%    passed     45.20%
  81  Fungal_endophyte_4466             51.97%    passed     16.10%
  82  Fungal_endophyte_4573             47.08%    passed     73.01%
  83  Fungal_endophyte_4603             49.59%    passed     67.28%
  84  Fungal_endophyte_4780             51.75%    passed     69.98%
  85  Fungal_endophyte_4939             46.67%    passed     47.55%
  86  Fungal_endophyte_4947A            47.48%    passed     68.79%
  87  Fungal_endophyte_5095             48.54%    passed     69.89%
  88  Fungal_endophyte_5246             46.82%    passed     53.86%
  89  Fungal_endophyte_5607             53.53%    passed     31.81%
  90  Fungal_endophyte_5627             47.48%    passed     54.11%
  91  Gautieria_otthii                  15.10%    passed     78.28%
  92  Geoglossum_nigritum               22.19%    passed     75.10%
  93  Glyphium_elatum                   24.72%    passed     72.96%
  94  Gyalecta_ulmi                     18.73%    passed     27.31%
  95  Heyderia_abietis                  41.80%    passed     43.82%
  96  Hyaloscypha_albohyalina_M259       2.93%    passed     61.06%
  97  Hyaloscypha_aureliella_M234        3.94%    passed     75.78%
  98  Hyaloscypha_aureliella_M235       11.38%    passed     46.63%
  99  Hyaloscypha_daedaleae             45.96%    passed     52.67%
 100  Hyaloscypha_fuckelii_M233          3.83%    passed     82.50%
 101  Hyaloscypha_hepaticola_M171        9.33%    passed     31.23%
 102  Hyaloscypha_hepaticola_M339        3.54%    passed     68.08%
 103  Hyaloscypha_paludosa_aff_AM178     6.38%    passed     15.46%
 104  Hyaloscypha_paludosa_aff_AM228    21.75%    passed     23.14%
 105  Hyaloscypha_paludosa_aff_AM229     6.01%    passed     25.81%
 106  Hyaloscypha_paludosa_aff_BM132     3.83%    passed     15.18%
 107  Hyaloscypha_sp_AM19                3.68%    passed     81.56%
 108  Hyaloscypha_sp_AM25                8.83%    passed     93.72%
 109  Hyaloscypha_sp_BM20                5.59%    passed     84.64%
 110  Hyaloscypha_sp_BM288               2.47%    passed     86.08%
 111  Hyaloscypha_vitreola_M236         22.12%    passed     43.10%
 112  Hyaloscypha_vitreola_M39           2.36%    passed     90.35%
 113  Hymenoscyphus_fructigenus_M159     5.02%    passed     48.65%
 114  Hymenoscyphus_scutula             45.21%    passed     67.51%
 115  Hymenoscyphus_sp_AM33              6.23%    passed     80.94%
 116  Hymenoscyphus_sp_AM35              2.31%    passed     59.41%
 117  Hymenoscyphus_sp_BM293             2.42%    passed     44.04%
 118  Hymenoscyphus_sp_BM329             4.16%    passed     47.14%
 119  Hymenoscyphus_sp_M315             41.84%    passed     42.96%
 120  Hymenoscyphus_sp_M68               8.23%    passed     57.52%
 121  Hypocrea_citrina                  27.98%    passed     60.80%
 122  Hypoxylon_fragiforme              42.22%    passed     70.81%
 123  Lachnum_virgineum                 11.45%    passed     68.12%
 124  Lamprospora_sp_M185               21.42%    passed     37.35%
 125  Lasiosphaeria_ovina_M176           8.80%    passed     46.52%
 126  Lecanactis_abietina                4.56%    failed      1.58%
 127  Lempholemma_polyanthes            18.91%    failed      0.00%
 128  Lentinula_lateritia               36.41%    passed     16.83%
 129  Leptogium_cyanescens              19.55%    failed      0.00%
 130  Leptomeliola_ptilidii_M186        57.32%    passed     33.32%
 131  Lizonia_sexangularis_M179          3.74%    passed     69.71%
 132  Lizonia_sexangularis_M222         10.17%    passed     84.59%
 133  Lobaria_Pseudocyphellaria         20.36%    passed     77.57%
 134  Lophodermium_pinastri             38.43%    passed     57.47%
 135  Merimbia_ingelheimense             3.72%    passed     11.56%
 136  Microascus_trigonosporus          37.18%    failed      0.00%
 137  Microglossum_rufum                53.40%    passed     56.64%
 138  Microscypha_sp_M147               22.43%    passed     30.23%
 139  Microscypha_sp_M155               22.61%    passed     24.66%
 140  Mitrula_brevispora                54.33%    passed     19.19%
 141  Mniaecia_jungermanniae_M145        8.36%    failed      4.04%
 142  Mniaecia_nivea_M167               21.81%    passed     35.74%
 143  Monascostroma_sphagnophilum_M23    4.91%    failed      0.00%
 144  Morchella_esculenta                9.13%    failed      1.12%
 145  Mycosphaerella_punctiformis       36.21%    failed      4.95%
 146  Myriangium_duriaei                26.04%    passed     86.73%
 147  Nectria_cinnabarina               30.44%    passed     65.05%
 148  Neobulgaria_lilacina_M258          3.24%    passed     70.46%
 149  Neolecta_vitellina                16.97%    failed      3.99%
 150  Neurospora_crassa                 10.65%    passed     19.67%
 151  Octosporella_erythrostigma_M144   36.39%    passed     41.56%
 152  Octosporella_jungermanniar_M221   30.11%    passed     13.07%
 153  Oidiodendron_tenuissimum          49.35%    passed     60.64%
 154  Ombrophila_violacea               54.08%    passed     55.39%
 155  Orbilia_auricolor                 18.40%    passed     92.87%
 156  Orbilia_vinosa                    44.18%    passed     58.32%
 157  Otidea_onotica                    42.20%    passed     66.31%
 158  Peltula_umbilicata                19.15%    passed      6.38%
 159  Pertusaria_amara                  14.35%    passed     55.65%
 160  Petractis_luetkemuelleri          19.19%    passed     53.73%
 161  Peziza_quelepidotia                8.54%    passed     30.90%
 162  Pezoloma_ciliifera_M283            4.03%    passed     25.49%
 163  Pezoloma_ciliifera_M295            3.02%    passed     33.11%
 164  Phaeosphaeria_avenaria            15.21%    passed     14.23%
 165  Phaeotrichum_benjaminii           25.78%    passed     74.68%
 166  Phialophora_pedrosoi              48.14%    passed     64.90%
 167  Phoma_herbarum                    59.61%    passed     98.64%
 168  Piedraia_hortae                   36.85%    failed      2.19%
 169  Pilidium_concavum                 32.56%    passed     66.67%
 170  Placopsis_perrugosa               19.37%    passed     54.26%
 171  Placynthium_nigrum                18.80%    failed      0.30%
 172  Placythiella_icmalea_M173         20.21%    passed     93.79%
 173  Pleomassaria_siparia              50.54%    passed     79.29%
 174  Pleopsidium_chlorophanum          15.63%    passed     86.31%
 175  Pleostigma_jungermannicola_M174   27.03%    passed     63.48%
 176  Porpidia_albocaerulescens         27.21%    passed     16.50%
 177  Preussia_terricola                26.28%    passed     80.96%
 178  Pseudonectria_rousseliana         57.89%    passed     61.98%
 179  Puttea_margaritella_M149          22.76%    passed     47.96%
 180  Pyrenula_cruenta                  19.52%    passed     65.49%
 181  Rhytisma_spp                      26.28%    passed     81.72%
 182  Saccharomyces_cerevisiae           2.82%    failed      0.00%
 183  Saitoella_complicata               8.34%    passed     25.04%
 184  Scleroconidioma_sphagnicola       63.20%    passed     61.18%
 185  Sclerotinia_sclerotiorum           3.48%    passed     14.60%
 186  Setomelanomma_holmii              32.67%    passed     29.28%
 187  Setosphaeria_monoceras            33.46%    passed     72.98%
 188  Seynesia_erumpens                 19.11%    passed     96.22%
 189  Sistotrema_muscicola              36.72%    passed     34.47%
 190  Sordaria_macrospora               14.48%    passed     21.63%
 191  Spathularia_flavida               30.77%    passed     30.62%
 192  Sphaerophorus_globosus             4.69%    passed     49.40%
 193  Stephanonectria_keithii           32.58%    passed     29.50%
 194  Stereocaulon_spp                  15.74%    passed     70.53%
 195  Stictis_radiata                   19.50%    passed     11.29%
 196  Stylodothis_puccinioides          25.82%    passed     55.58%
 197  Teichospora_sp_M195               14.48%    passed     48.82%
 198  Trematosphaeria_heterospora       25.86%    passed     67.17%
 199  Trichoglossum_hirsutum             2.71%    passed     91.88%
 200  Trizodia_acrobia_M157             21.18%    passed     43.69%
 201  Trizodia_acrobia_M160              4.53%    failed      2.54%
 202  Verrucaria_pachyderma             41.76%    passed     12.99%
 203  Verruculina_enalia                48.40%    passed     20.92%
 204  Vibrissea_truncorum               49.33%    passed     40.71%
 205  Westerdykella_cylindrica           6.52%    failed      1.82%
 206  Xylaria_acuta                      6.85%    passed     95.30%
WARNING: 21 sequences contain more than 50% gaps/ambiguity
****  TOTAL                             25.32%  24 sequences failed composition chi2 test (p-value<5%; df=3)
Checking for duplicate sequences: done in 0.00440082 secs using 99.96% CPU


Create initial parsimony tree by phylogenetic likelihood library (PLL)... 0.142 seconds
Perform fast likelihood tree search using GTR+I+G model...
Estimate model parameters (epsilon = 5.000)
Perform nearest neighbor interchange...
Estimate model parameters (epsilon = 1.000)
1. Initial log-likelihood: -117424.054
2. Current log-likelihood: -117422.468
Optimal log-likelihood: -117421.974
Rate parameters:  A-C: 1.30058  A-G: 3.31269  A-T: 1.36950  C-G: 1.00020  C-T: 6.17055  G-T: 1.00000
Base frequencies:  A: 0.271  C: 0.213  G: 0.267  T: 0.250
Proportion of invariable sites: 0.382
Gamma shape alpha: 0.540
Parameters optimization took 2 rounds (2.916 sec)
Time for fast ML tree search: 23.442 seconds

NOTE: ModelFinder requires 222 MB RAM!
ModelFinder will test up to 968 DNA models (sample size: 4543 epsilon: 0.100) ...
 No. Model         -LnL         df  AIC          AICc         BIC
  1  JC            148639.710   409 298097.421   298178.567   300723.750
  2  JC+I          136311.606   410 273443.211   273524.775   276075.962
  3  JC+G4         122829.591   410 246479.182   246560.746   249111.933
  4  JC+I+G4       121935.039   411 244692.077   244774.058   247331.249
  5  JC+R2         126456.182   411 253734.363   253816.345   256373.535
  6  JC+R3         122836.978   413 246499.956   246582.776   249151.971
  7  JC+R4         121608.525   415 244047.050   244130.714   246711.907
  8  JC+R5         121249.459   417 243332.918   243417.430   246010.618
  9  JC+R6         121123.455   419 243084.910   243170.275   245775.453
 10  JC+R7         121108.593   421 243059.186   243145.408   245762.571
 11  JC+R8         121107.705   423 243061.410   243148.495   245777.638
 14  JC+I+R2       124177.426   412 249178.852   249261.252   251824.445
 15  JC+I+R3       122060.892   414 244949.784   245033.025   247608.220
 16  JC+I+R4       121355.059   416 243542.117   243626.205   246213.396
 17  JC+I+R5       121165.018   418 243166.035   243250.973   245850.157
 18  JC+I+R6       121112.036   420 243064.072   243149.866   245761.036
 19  JC+I+R7       121111.406   422 243066.812   243153.466   245776.619
 32  JC+R7         121108.593   421 243059.186   243145.408   245762.571
 40  JC+I+R6       121112.036   420 243064.072   243149.866   245761.036
 54  F81+R7        121108.421   421 243058.842   243145.065   245762.228
 62  F81+I+R6      121111.914   420 243063.828   243149.622   245760.792
 76  F81+F+R7      121468.251   424 243784.503   243872.021   246507.152
 84  F81+F+I+R6    121471.906   423 243789.811   243876.896   246506.039
 98  K2P+R7        116558.538   422 233961.076   234047.730   236670.883
106  K2P+I+R6      116563.270   421 233968.539   234054.762   236671.925
120  K2P+R7        116558.538   422 233961.076   234047.730   236670.883
128  K2P+I+R6      116563.270   421 233968.539   234054.762   236671.925
142  HKY+R7        116558.274   422 233960.547   234047.201   236670.354
150  HKY+I+R6      116563.117   421 233968.234   234054.457   236671.619
164  HKY+F+R7      116768.682   425 234387.363   234475.316   237116.434
172  HKY+F+I+R6    116776.041   424 234400.083   234487.601   237122.732
186  TNe+R7        116455.279   423 233756.558   233843.643   236472.786
194  TNe+I+R6      116458.577   422 233761.154   233847.807   236470.960
208  TNe+R7        116455.279   423 233756.558   233843.643   236472.786
216  TNe+I+R6      116458.577   422 233761.154   233847.807   236470.960
230  TN+R7         116455.035   423 233756.071   233843.156   236472.299
238  TN+I+R6       116458.340   422 233760.680   233847.334   236470.487
252  TN+F+R7       116496.291   426 233844.581   233932.969   236580.073
260  TN+F+I+R6     116501.144   425 233852.289   233940.241   236581.359
274  K3P+R7        116557.441   423 233960.883   234047.968   236677.111
282  K3P+I+R6      116562.763   422 233969.526   234056.179   236679.332
296  K3P+R7        116557.442   423 233960.883   234047.968   236677.111
304  K3P+I+R6      116562.763   422 233969.526   234056.179   236679.332
318  K3Pu+R7       116557.303   423 233960.605   234047.691   236676.833
326  K3Pu+I+R6     116562.668   422 233969.336   234055.989   236679.143
340  K3Pu+F+R7     116766.439   426 234384.878   234473.266   237120.370
348  K3Pu+F+I+R6   116774.113   425 234398.226   234486.179   237127.297
362  TPM2+R7       116478.697   423 233803.395   233890.480   236519.623
370  TPM2+I+R6     116483.180   422 233810.361   233897.014   236520.167
384  TPM2+R7       116478.697   423 233803.395   233890.480   236519.623
392  TPM2+I+R6     116483.180   422 233810.361   233897.014   236520.167
406  TPM2u+R7      116478.503   423 233803.006   233890.091   236519.234
414  TPM2u+I+R6    116483.077   422 233810.155   233896.808   236519.961
428  TPM2u+F+R7    116704.322   426 234260.645   234349.033   236996.137
436  TPM2u+F+I+R6  116711.245   425 234272.490   234360.442   237001.561
450  TPM3+R7       116540.298   423 233926.596   234013.682   236642.824
458  TPM3+I+R6     116544.681   422 233933.362   234020.016   236643.169
472  TPM3+R7       116540.298   423 233926.596   234013.682   236642.824
480  TPM3+I+R6     116544.681   422 233933.362   234020.016   236643.169
494  TPM3u+R7      116540.180   423 233926.360   234013.445   236642.588
502  TPM3u+I+R6    116544.565   422 233933.130   234019.784   236642.937
516  TPM3u+F+R7    116765.290   426 234382.581   234470.969   237118.073
524  TPM3u+F+I+R6  116772.285   425 234394.569   234482.522   237123.640
538  TIMe+R7       116454.133   424 233756.265   233843.784   236478.915
546  TIMe+I+R6     116457.945   423 233761.891   233848.976   236478.119
560  TIMe+R7       116454.133   424 233756.265   233843.784   236478.915
568  TIMe+I+R6     116457.945   423 233761.891   233848.976   236478.119
582  TIM+R7        116453.920   424 233755.841   233843.359   236478.490
590  TIM+I+R6      116457.820   423 233761.641   233848.726   236477.869
604  TIM+F+R7      116495.921   427 233845.843   233934.667   236587.756
612  TIM+F+I+R6    116500.525   426 233853.049   233941.437   236588.541
626  TIM2e+R7      116375.378   424 233598.756   233686.275   236321.406
634  TIM2e+I+R6    116377.498   423 233600.997   233688.082   236317.225
648  TIM2e+R7      116375.378   424 233598.756   233686.274   236321.406
656  TIM2e+I+R6    116377.498   423 233600.997   233688.082   236317.225
670  TIM2+R7       116375.227   424 233598.455   233685.973   236321.104
678  TIM2+I+R6     116377.399   423 233600.798   233687.883   236317.026
692  TIM2+F+R7     116432.092   427 233718.185   233807.009   236460.098
700  TIM2+F+I+R6   116436.605   426 233725.211   233813.599   236460.703
714  TIM3e+R7      116437.697   424 233723.394   233810.913   236446.044
722  TIM3e+I+R6    116439.945   423 233725.890   233812.975   236442.118
736  TIM3e+R7      116437.697   424 233723.394   233810.913   236446.044
744  TIM3e+I+R6    116439.945   423 233725.890   233812.975   236442.118
758  TIM3+R7       116437.563   424 233723.126   233810.644   236445.776
766  TIM3+I+R6     116439.845   423 233725.690   233812.776   236441.918
780  TIM3+F+R7     116495.814   427 233845.628   233934.452   236587.541
788  TIM3+F+I+R6   116500.176   426 233852.352   233940.739   236587.844
802  TVMe+R7       116460.536   425 233771.072   233859.024   236500.142
810  TVMe+I+R6     116462.990   424 233773.981   233861.499   236496.630
824  TVMe+R7       116460.536   425 233771.072   233859.024   236500.142
832  TVMe+I+R6     116462.990   424 233773.981   233861.499   236496.630
846  TVM+R7        116460.400   425 233770.800   233858.753   236499.871
854  TVM+I+R6      116462.884   424 233773.768   233861.286   236496.418
868  TVM+F+R7      116702.257   428 234260.515   234349.777   237008.850
876  TVM+F+I+R6    116708.734   427 234271.468   234360.292   237013.381
890  SYM+R7        116357.086   426 233566.172   233654.560   236301.664
898  SYM+I+R6      116359.137   425 233568.273   233656.226   236297.344
912  SYM+R7        116357.086   426 233566.172   233654.560   236301.664
920  SYM+I+R6      116359.137   425 233568.273   233656.226   236297.344
934  GTR+R7        116356.950   426 233565.900   233654.288   236301.392
942  GTR+I+R6      116359.043   425 233568.086   233656.038   236297.157
956  GTR+F+R7      116431.246   429 233720.493   233810.194   236475.249
964  GTR+F+I+R6    116435.499   428 233726.998   233816.260   236475.333
Akaike Information Criterion:           GTR+R7
Corrected Akaike Information Criterion: GTR+R7
Bayesian Information Criterion:         GTR+I+R6
Best-fit model: GTR+I+R6 chosen according to BIC

All model information printed to results/dna_M4324_206_4543.phy/output_files/iqtree/inference/pars_5.model.gz
CPU time for ModelFinder: 6059.937 seconds (1h:40m:59s)
Wall-clock time for ModelFinder: 6071.466 seconds (1h:41m:11s)

NOTE: 133 MB RAM (0 GB) is required!
Estimate model parameters (epsilon = 0.010)
1. Initial log-likelihood: -116435.499
2. Current log-likelihood: -116435.394
3. Current log-likelihood: -116435.260
4. Current log-likelihood: -116435.139
5. Current log-likelihood: -116435.027
6. Current log-likelihood: -116434.929
7. Current log-likelihood: -116434.835
8. Current log-likelihood: -116434.750
9. Current log-likelihood: -116434.667
10. Current log-likelihood: -116434.592
11. Current log-likelihood: -116434.519
12. Current log-likelihood: -116434.455
13. Current log-likelihood: -116434.406
14. Current log-likelihood: -116434.361
15. Current log-likelihood: -116434.315
16. Current log-likelihood: -116434.278
17. Current log-likelihood: -116434.238
18. Current log-likelihood: -116434.202
19. Current log-likelihood: -116434.178
20. Current log-likelihood: -116434.142
21. Current log-likelihood: -116434.106
22. Current log-likelihood: -116434.075
23. Current log-likelihood: -116434.061
24. Current log-likelihood: -116434.028
25. Current log-likelihood: -116434.010
26. Current log-likelihood: -116433.991
27. Current log-likelihood: -116433.974
28. Current log-likelihood: -116433.963
29. Current log-likelihood: -116433.947
30. Current log-likelihood: -116433.930
31. Current log-likelihood: -116433.915
32. Current log-likelihood: -116433.902
33. Current log-likelihood: -116433.889
Optimal log-likelihood: -116433.873
Rate parameters:  A-C: 1.31567  A-G: 3.55446  A-T: 1.38302  C-G: 0.97039  C-T: 6.57102  G-T: 1.00000
Base frequencies:  A: 0.271  C: 0.213  G: 0.267  T: 0.250
Proportion of invariable sites: 0.312
Site proportion and rates:  (0.313,0.099) (0.153,0.487) (0.090,1.211) (0.065,2.521) (0.039,5.142) (0.029,14.619)
Parameters optimization took 33 rounds (132.730 sec)
Wrote distance file to... 
BEST SCORE FOUND : -116433.873
Total tree length: 12.754

Total number of iterations: 0
CPU time used for tree search: 0.000 sec (0h:0m:0s)
Wall-clock time used for tree search: 0.000 sec (0h:0m:0s)
Total CPU time used: 6192.653 sec (1h:43m:12s)
Total wall-clock time used: 6204.342 sec (1h:43m:24s)

Analysis results written to: 
  IQ-TREE report:                results/dna_M4324_206_4543.phy/output_files/iqtree/inference/pars_5.iqtree
  Maximum-likelihood tree:       results/dna_M4324_206_4543.phy/output_files/iqtree/inference/pars_5.treefile
  Screen log file:               results/dna_M4324_206_4543.phy/output_files/iqtree/inference/pars_5.log

Date and Time: Sun Sep 21 15:12:07 2025
