IQ-TREE version 3.0.1 for Linux x86 64-bit built Sep 12 2025
Developed by Bui Quang Minh, Thomas Wong, Nhan Ly-Trong, Huaiyan Ren
Contributed by Lam-Tung Nguyen, Dominik Schrempf, Chris Bielow,
Olga Chernomor, Michael Woodhams, Diep Thi Hoang, Heiko Schmidt

Host:    suny-Precision-5530 (AVX2, FMA3, 15 GB RAM)
Command: /usr/local/bin/iqtree3 -s /home/suny/Downloads/VAN_TRAINING_DATA/data2/dna_M4324_206_4543.phy -pre results/dna_M4324_206_4543.phy/output_files/iqtree/inference/pars_18 -seed 18 -ninit 1 -T 1 -redo -n 0
Seed:    18 (Using SPRNG - Scalable Parallel Random Number Generator)
Time:    Sun Sep 21 08:17:30 2025
Kernel:  AVX+FMA - 1 threads (12 CPU cores detected)

HINT: Use -nt option to specify number of threads because your CPU has 12 cores!
HINT: -nt AUTO will automatically determine the best number of threads to use.

Reading alignment file /home/suny/Downloads/VAN_TRAINING_DATA/data2/dna_M4324_206_4543.phy ... Phylip format detected
Alignment most likely contains DNA/RNA sequences
Constructing alignment: done in 0.0190914 secs using 63.86% CPU
Alignment has 206 sequences with 4543 columns, 3324 distinct patterns
2034 parsimony-informative, 530 singleton sites, 1979 constant sites
                                 Gap/Ambiguity  Composition  p-value
Analyzing sequences: done in 0.00351539 secs using 98.11% CPU
   1  Absconditella_sp                  69.91%    passed     18.04%
   2  Absconditella_sphagnorum          73.23%    passed     27.86%
   3  Absconditella_sphagnorum_M24      24.65%    passed     77.55%
   4  Acarospora_schleicheri            16.46%    passed     80.01%
   5  Acarosporina_microspora           18.82%    passed     20.69%
   6  Acrospermum_adeanum_M133           8.14%    failed      0.23%
   7  Acrospermum_compressum_M151        4.64%    passed     23.46%
   8  Acrospermum_graminum              63.17%    passed     42.37%
   9  Acrospermum_graminum_M152          2.97%    passed     15.58%
  10  Aleuria_aurantia                  32.31%    passed     58.99%
  11  Alternaria_alternata              39.67%    passed     90.30%
  12  Arachnopeziza_variepilosa_M337    70.92%    passed     58.99%
  13  Baeomyces_placophyllus            15.65%    passed     35.60%
  14  Bisporella_citrina_M253            4.60%    passed     60.51%
  15  Bombardia_bombarda                37.68%    passed     23.92%
  16  Botryosphaeria_ribis              37.09%    passed     58.91%
  17  Bryocentria_brongniartii_M139      3.54%    passed     17.12%
  18  Bryocentria_brongniartii_M190     18.56%    failed      1.04%
  19  Bryocentria_metzgeriae_M140       14.11%    passed     17.99%
  20  Bryochiton_microscopius_M331      41.25%    passed     34.64%
  21  Bryochiton_monascus_M218           2.95%    failed      0.04%
  22  Bryochiton_perpusillus_M202        3.94%    failed      0.26%
  23  Bryochiton_sp_M198                 2.60%    failed      0.01%
  24  Bryoglossum_gracile               55.65%    passed     23.91%
  25  Bryooscyphus_sp_M230              28.11%    passed     35.07%
  26  Bryoscyphus_dicrani_M141          17.63%    passed     71.48%
  27  Bulgaria_inquinans                56.22%    passed     56.91%
  28  Byssochlamys_nivea                14.00%    passed     24.38%
  29  Byssothecium_circinans            36.94%    passed     61.59%
  30  Calicium_viride                   20.98%    passed     63.90%
  31  Candida_albicans                  13.58%    failed      0.01%
  32  Capnodium_citri                   25.86%    passed     91.30%
  33  Capronia_mansonii                  2.33%    passed     16.13%
  34  Capronia_pilosella                 4.42%    passed     78.04%
  35  Cephalotheca_sulphurea            41.21%    passed     82.42%
  36  Ceratocystis_pilifera             34.67%    failed      0.18%
  37  Cercophora_caudata                57.41%    passed     49.02%
  38  Chaetomella_raphigera             32.62%    passed     63.84%
  39  Cheilymenia_stercorea             21.35%    passed     26.57%
  40  Cheilymenia_vitellina_M169        13.54%    passed     93.12%
  41  Coenogonium_luteum                19.02%    failed      3.60%
  42  Coltricia_perennis                23.09%    passed     19.75%
  43  Cordyceps_militaris                7.13%    passed     44.92%
  44  Cudonia_circinans                 22.94%    failed      4.34%
  45  Cudoniella_clavus                 31.32%    passed     54.39%
  46  Curvularia_brachyspora            18.27%    passed     98.86%
  47  Cyathicula_microspora_M267         2.42%    passed     76.04%
  48  Delphinella_strobiligena          35.59%    passed     50.89%
  49  Dermatocarpon_luridum             16.99%    passed     92.51%
  50  Diaporthe_phaseolorum             27.71%    passed     11.85%
  51  Didymella_spp                     27.98%    passed     55.08%
  52  Diploschistes_scruposus           16.22%    passed      5.24%
  53  Discinella_schimperi_M168          2.49%    passed     83.58%
  54  Discinella_schimperi_M191         28.70%    passed     97.74%
  55  Discinella_schimperi_M192         17.59%    passed     82.30%
  56  Discosphaerina_fagi               36.78%    passed     71.72%
  57  Discula_destructiva               48.16%    passed     93.01%
  58  Dothidea_insculpta                16.95%    passed     46.95%
  59  Epibryon_bryophilum_M2            12.59%    passed      6.26%
  60  Epibryon_diaphanum_M122            3.90%    passed     21.24%
  61  Epibryon_hepaticola_M10            7.04%    passed     61.50%
  62  Epibryon_hepaticola_M224           4.53%    passed     79.50%
  63  Epibryon_intercapillare_M125      10.65%    passed     41.90%
  64  Epibryon_interlamellare_M1        39.27%    failed      1.85%
  65  Epibryon_interlamellare_M32        6.89%    passed     16.73%
  66  Epibryon_plagiochilae_M187        50.28%    passed     76.82%
  67  Epibryon_sp_DM274                 40.70%    passed     31.60%
  68  Epibryon_sp_EM175                  4.71%    passed     80.19%
  69  Epibryon_turfosorum_M292          40.35%    passed     36.79%
  70  Epiglia_gloeocapsae_M193           2.88%    passed     47.60%
  71  Epiglia_gloeocapsae_M257          69.01%    passed     25.02%
  72  Epiryon_interlamellare_M223       46.60%    passed     28.73%
  73  Exophiala_jeanselmei              23.29%    passed     44.15%
  74  Fabrella_tsugae                   48.05%    passed     56.81%
  75  Fungal_endophyte_2712             49.75%    passed     66.95%
  76  Fungal_endophyte_2834             46.60%    passed     50.02%
  77  Fungal_endophyte_3277             51.73%    passed     74.34%
  78  Fungal_endophyte_3377             46.71%    passed     66.86%
  79  Fungal_endophyte_4221             46.71%    passed     67.21%
  80  Fungal_endophyte_4245             46.86%    passed     45.20%
  81  Fungal_endophyte_4466             51.97%    passed     16.10%
  82  Fungal_endophyte_4573             47.08%    passed     73.01%
  83  Fungal_endophyte_4603             49.59%    passed     67.28%
  84  Fungal_endophyte_4780             51.75%    passed     69.98%
  85  Fungal_endophyte_4939             46.67%    passed     47.55%
  86  Fungal_endophyte_4947A            47.48%    passed     68.79%
  87  Fungal_endophyte_5095             48.54%    passed     69.89%
  88  Fungal_endophyte_5246             46.82%    passed     53.86%
  89  Fungal_endophyte_5607             53.53%    passed     31.81%
  90  Fungal_endophyte_5627             47.48%    passed     54.11%
  91  Gautieria_otthii                  15.10%    passed     78.28%
  92  Geoglossum_nigritum               22.19%    passed     75.10%
  93  Glyphium_elatum                   24.72%    passed     72.96%
  94  Gyalecta_ulmi                     18.73%    passed     27.31%
  95  Heyderia_abietis                  41.80%    passed     43.82%
  96  Hyaloscypha_albohyalina_M259       2.93%    passed     61.06%
  97  Hyaloscypha_aureliella_M234        3.94%    passed     75.78%
  98  Hyaloscypha_aureliella_M235       11.38%    passed     46.63%
  99  Hyaloscypha_daedaleae             45.96%    passed     52.67%
 100  Hyaloscypha_fuckelii_M233          3.83%    passed     82.50%
 101  Hyaloscypha_hepaticola_M171        9.33%    passed     31.23%
 102  Hyaloscypha_hepaticola_M339        3.54%    passed     68.08%
 103  Hyaloscypha_paludosa_aff_AM178     6.38%    passed     15.46%
 104  Hyaloscypha_paludosa_aff_AM228    21.75%    passed     23.14%
 105  Hyaloscypha_paludosa_aff_AM229     6.01%    passed     25.81%
 106  Hyaloscypha_paludosa_aff_BM132     3.83%    passed     15.18%
 107  Hyaloscypha_sp_AM19                3.68%    passed     81.56%
 108  Hyaloscypha_sp_AM25                8.83%    passed     93.72%
 109  Hyaloscypha_sp_BM20                5.59%    passed     84.64%
 110  Hyaloscypha_sp_BM288               2.47%    passed     86.08%
 111  Hyaloscypha_vitreola_M236         22.12%    passed     43.10%
 112  Hyaloscypha_vitreola_M39           2.36%    passed     90.35%
 113  Hymenoscyphus_fructigenus_M159     5.02%    passed     48.65%
 114  Hymenoscyphus_scutula             45.21%    passed     67.51%
 115  Hymenoscyphus_sp_AM33              6.23%    passed     80.94%
 116  Hymenoscyphus_sp_AM35              2.31%    passed     59.41%
 117  Hymenoscyphus_sp_BM293             2.42%    passed     44.04%
 118  Hymenoscyphus_sp_BM329             4.16%    passed     47.14%
 119  Hymenoscyphus_sp_M315             41.84%    passed     42.96%
 120  Hymenoscyphus_sp_M68               8.23%    passed     57.52%
 121  Hypocrea_citrina                  27.98%    passed     60.80%
 122  Hypoxylon_fragiforme              42.22%    passed     70.81%
 123  Lachnum_virgineum                 11.45%    passed     68.12%
 124  Lamprospora_sp_M185               21.42%    passed     37.35%
 125  Lasiosphaeria_ovina_M176           8.80%    passed     46.52%
 126  Lecanactis_abietina                4.56%    failed      1.58%
 127  Lempholemma_polyanthes            18.91%    failed      0.00%
 128  Lentinula_lateritia               36.41%    passed     16.83%
 129  Leptogium_cyanescens              19.55%    failed      0.00%
 130  Leptomeliola_ptilidii_M186        57.32%    passed     33.32%
 131  Lizonia_sexangularis_M179          3.74%    passed     69.71%
 132  Lizonia_sexangularis_M222         10.17%    passed     84.59%
 133  Lobaria_Pseudocyphellaria         20.36%    passed     77.57%
 134  Lophodermium_pinastri             38.43%    passed     57.47%
 135  Merimbia_ingelheimense             3.72%    passed     11.56%
 136  Microascus_trigonosporus          37.18%    failed      0.00%
 137  Microglossum_rufum                53.40%    passed     56.64%
 138  Microscypha_sp_M147               22.43%    passed     30.23%
 139  Microscypha_sp_M155               22.61%    passed     24.66%
 140  Mitrula_brevispora                54.33%    passed     19.19%
 141  Mniaecia_jungermanniae_M145        8.36%    failed      4.04%
 142  Mniaecia_nivea_M167               21.81%    passed     35.74%
 143  Monascostroma_sphagnophilum_M23    4.91%    failed      0.00%
 144  Morchella_esculenta                9.13%    failed      1.12%
 145  Mycosphaerella_punctiformis       36.21%    failed      4.95%
 146  Myriangium_duriaei                26.04%    passed     86.73%
 147  Nectria_cinnabarina               30.44%    passed     65.05%
 148  Neobulgaria_lilacina_M258          3.24%    passed     70.46%
 149  Neolecta_vitellina                16.97%    failed      3.99%
 150  Neurospora_crassa                 10.65%    passed     19.67%
 151  Octosporella_erythrostigma_M144   36.39%    passed     41.56%
 152  Octosporella_jungermanniar_M221   30.11%    passed     13.07%
 153  Oidiodendron_tenuissimum          49.35%    passed     60.64%
 154  Ombrophila_violacea               54.08%    passed     55.39%
 155  Orbilia_auricolor                 18.40%    passed     92.87%
 156  Orbilia_vinosa                    44.18%    passed     58.32%
 157  Otidea_onotica                    42.20%    passed     66.31%
 158  Peltula_umbilicata                19.15%    passed      6.38%
 159  Pertusaria_amara                  14.35%    passed     55.65%
 160  Petractis_luetkemuelleri          19.19%    passed     53.73%
 161  Peziza_quelepidotia                8.54%    passed     30.90%
 162  Pezoloma_ciliifera_M283            4.03%    passed     25.49%
 163  Pezoloma_ciliifera_M295            3.02%    passed     33.11%
 164  Phaeosphaeria_avenaria            15.21%    passed     14.23%
 165  Phaeotrichum_benjaminii           25.78%    passed     74.68%
 166  Phialophora_pedrosoi              48.14%    passed     64.90%
 167  Phoma_herbarum                    59.61%    passed     98.64%
 168  Piedraia_hortae                   36.85%    failed      2.19%
 169  Pilidium_concavum                 32.56%    passed     66.67%
 170  Placopsis_perrugosa               19.37%    passed     54.26%
 171  Placynthium_nigrum                18.80%    failed      0.30%
 172  Placythiella_icmalea_M173         20.21%    passed     93.79%
 173  Pleomassaria_siparia              50.54%    passed     79.29%
 174  Pleopsidium_chlorophanum          15.63%    passed     86.31%
 175  Pleostigma_jungermannicola_M174   27.03%    passed     63.48%
 176  Porpidia_albocaerulescens         27.21%    passed     16.50%
 177  Preussia_terricola                26.28%    passed     80.96%
 178  Pseudonectria_rousseliana         57.89%    passed     61.98%
 179  Puttea_margaritella_M149          22.76%    passed     47.96%
 180  Pyrenula_cruenta                  19.52%    passed     65.49%
 181  Rhytisma_spp                      26.28%    passed     81.72%
 182  Saccharomyces_cerevisiae           2.82%    failed      0.00%
 183  Saitoella_complicata               8.34%    passed     25.04%
 184  Scleroconidioma_sphagnicola       63.20%    passed     61.18%
 185  Sclerotinia_sclerotiorum           3.48%    passed     14.60%
 186  Setomelanomma_holmii              32.67%    passed     29.28%
 187  Setosphaeria_monoceras            33.46%    passed     72.98%
 188  Seynesia_erumpens                 19.11%    passed     96.22%
 189  Sistotrema_muscicola              36.72%    passed     34.47%
 190  Sordaria_macrospora               14.48%    passed     21.63%
 191  Spathularia_flavida               30.77%    passed     30.62%
 192  Sphaerophorus_globosus             4.69%    passed     49.40%
 193  Stephanonectria_keithii           32.58%    passed     29.50%
 194  Stereocaulon_spp                  15.74%    passed     70.53%
 195  Stictis_radiata                   19.50%    passed     11.29%
 196  Stylodothis_puccinioides          25.82%    passed     55.58%
 197  Teichospora_sp_M195               14.48%    passed     48.82%
 198  Trematosphaeria_heterospora       25.86%    passed     67.17%
 199  Trichoglossum_hirsutum             2.71%    passed     91.88%
 200  Trizodia_acrobia_M157             21.18%    passed     43.69%
 201  Trizodia_acrobia_M160              4.53%    failed      2.54%
 202  Verrucaria_pachyderma             41.76%    passed     12.99%
 203  Verruculina_enalia                48.40%    passed     20.92%
 204  Vibrissea_truncorum               49.33%    passed     40.71%
 205  Westerdykella_cylindrica           6.52%    failed      1.82%
 206  Xylaria_acuta                      6.85%    passed     95.30%
WARNING: 21 sequences contain more than 50% gaps/ambiguity
****  TOTAL                             25.32%  24 sequences failed composition chi2 test (p-value<5%; df=3)
Checking for duplicate sequences: done in 0.00388123 secs using 96.67% CPU


Create initial parsimony tree by phylogenetic likelihood library (PLL)... 0.168 seconds
Perform fast likelihood tree search using GTR+I+G model...
Estimate model parameters (epsilon = 5.000)
Perform nearest neighbor interchange...
Estimate model parameters (epsilon = 1.000)
1. Initial log-likelihood: -117429.988
2. Current log-likelihood: -117428.399
Optimal log-likelihood: -117427.994
Rate parameters:  A-C: 1.29461  A-G: 3.31641  A-T: 1.37498  C-G: 1.01057  C-T: 6.16489  G-T: 1.00000
Base frequencies:  A: 0.271  C: 0.213  G: 0.267  T: 0.250
Proportion of invariable sites: 0.382
Gamma shape alpha: 0.539
Parameters optimization took 2 rounds (2.934 sec)
Time for fast ML tree search: 23.906 seconds

NOTE: ModelFinder requires 222 MB RAM!
ModelFinder will test up to 968 DNA models (sample size: 4543 epsilon: 0.100) ...
 No. Model         -LnL         df  AIC          AICc         BIC
  1  JC            148540.754   409 297899.507   297980.654   300525.836
  2  JC+I          136240.417   410 273300.833   273382.396   275933.584
  3  JC+G4         122819.438   410 246458.876   246540.440   249091.627
  4  JC+I+G4       121923.467   411 244668.934   244750.915   247308.105
  5  JC+R2         126440.659   411 253703.317   253785.298   256342.489
  6  JC+R3         122827.767   413 246481.534   246564.354   249133.548
  7  JC+R4         121596.514   415 244023.027   244106.691   246687.885
  8  JC+R5         121239.875   417 243313.750   243398.262   245991.450
  9  JC+R6         121115.207   419 243068.415   243153.780   245758.957
 10  JC+R7         121101.587   421 243045.174   243131.397   245748.560
 11  JC+R8         121100.820   423 243047.639   243134.725   245763.867
 14  JC+I+R2       124149.841   412 249123.683   249206.083   251769.276
 15  JC+I+R3       122047.224   414 244922.448   245005.690   247580.884
 16  JC+I+R4       121345.874   416 243523.748   243607.836   246195.027
 17  JC+I+R5       121160.685   418 243157.371   243242.309   245841.492
 18  JC+I+R6       121105.523   420 243051.047   243136.840   245748.011
 19  JC+I+R7       121104.859   422 243053.718   243140.371   245763.524
 32  JC+R7         121101.587   421 243045.174   243131.397   245748.560
 40  JC+I+R6       121105.523   420 243051.047   243136.840   245748.011
 54  F81+R7        121101.430   421 243044.859   243131.082   245748.245
 62  F81+I+R6      121105.395   420 243050.790   243136.583   245747.754
 76  F81+F+R7      121458.648   424 243765.296   243852.814   246487.945
 84  F81+F+I+R6    121462.711   423 243771.423   243858.508   246487.651
 98  K2P+R7        116568.062   422 233980.124   234066.778   236689.931
106  K2P+I+R6      116572.982   421 233987.964   234074.187   236691.350
120  K2P+R7        116568.062   422 233980.124   234066.778   236689.931
128  K2P+I+R6      116572.982   421 233987.964   234074.187   236691.350
142  HKY+R7        116567.800   422 233979.600   234066.254   236689.407
150  HKY+I+R6      116572.833   421 233987.667   234073.890   236691.052
164  HKY+F+R7      116775.149   425 234400.298   234488.250   237129.369
172  HKY+F+I+R6    116782.927   424 234413.855   234501.373   237136.504
186  TNe+R7        116465.586   423 233777.171   233864.257   236493.399
194  TNe+I+R6      116468.607   422 233781.214   233867.868   236491.021
208  TNe+R7        116465.586   423 233777.171   233864.257   236493.399
216  TNe+I+R6      116468.607   422 233781.214   233867.868   236491.021
230  TN+R7         116465.318   423 233776.636   233863.721   236492.864
238  TN+I+R6       116468.379   422 233780.758   233867.411   236490.564
252  TN+F+R7       116503.338   426 233858.676   233947.064   236594.168
260  TN+F+I+R6     116509.259   425 233868.518   233956.471   236597.589
274  K3P+R7        116566.715   423 233979.430   234066.516   236695.658
282  K3P+I+R6      116572.238   422 233988.476   234075.129   236698.283
296  K3P+R7        116566.715   423 233979.430   234066.516   236695.658
304  K3P+I+R6      116572.238   422 233988.476   234075.129   236698.283
318  K3Pu+R7       116566.596   423 233979.192   234066.278   236695.420
326  K3Pu+I+R6     116572.152   422 233988.304   234074.957   236698.110
340  K3Pu+F+R7     116772.765   426 234397.531   234485.918   237133.023
348  K3Pu+F+I+R6   116780.691   425 234411.382   234499.335   237140.453
362  TPM2+R7       116488.351   423 233822.703   233909.788   236538.931
370  TPM2+I+R6     116493.074   422 233830.148   233916.801   236539.954
384  TPM2+R7       116488.351   423 233822.703   233909.788   236538.931
392  TPM2+I+R6     116493.074   422 233830.148   233916.801   236539.954
406  TPM2u+R7      116488.226   423 233822.453   233909.538   236538.681
414  TPM2u+I+R6    116492.978   422 233829.957   233916.610   236539.763
428  TPM2u+F+R7    116711.080   426 234274.160   234362.548   237009.652
436  TPM2u+F+I+R6  116718.096   425 234286.192   234374.144   237015.262
450  TPM3+R7       116549.530   423 233945.059   234032.144   236661.287
458  TPM3+I+R6     116554.049   422 233952.098   234038.751   236661.904
472  TPM3+R7       116549.530   423 233945.059   234032.144   236661.287
480  TPM3+I+R6     116554.049   422 233952.098   234038.751   236661.904
494  TPM3u+R7      116549.394   423 233944.788   234031.873   236661.016
502  TPM3u+I+R6    116553.939   422 233951.877   234038.530   236661.684
516  TPM3u+F+R7    116771.897   426 234395.793   234484.181   237131.285
524  TPM3u+F+I+R6  116779.051   425 234408.103   234496.055   237137.174
538  TIMe+R7       116463.742   424 233775.484   233863.002   236498.133
546  TIMe+I+R6     116467.992   423 233781.984   233869.069   236498.212
560  TIMe+R7       116463.742   424 233775.484   233863.002   236498.133
568  TIMe+I+R6     116467.992   423 233781.984   233869.069   236498.212
582  TIM+R7        116463.529   424 233775.058   233862.576   236497.707
590  TIM+I+R6      116467.862   423 233781.723   233868.808   236497.951
604  TIM+F+R7      116502.608   427 233859.217   233948.041   236601.130
612  TIM+F+I+R6    116508.392   426 233868.784   233957.172   236604.276
626  TIM2e+R7      116387.004   424 233622.008   233709.526   236344.657
634  TIM2e+I+R6    116388.335   423 233622.671   233709.756   236338.899
648  TIM2e+R7      116387.004   424 233622.008   233709.526   236344.657
656  TIM2e+I+R6    116388.335   423 233622.671   233709.756   236338.899
670  TIM2+R7       116386.747   424 233621.494   233709.012   236344.143
678  TIM2+I+R6     116388.150   423 233622.300   233709.385   236338.528
692  TIM2+F+R7     116439.294   427 233732.587   233821.411   236474.501
700  TIM2+F+I+R6   116445.268   426 233742.536   233830.924   236478.028
714  TIM3e+R7      116427.395   424 233702.790   233790.308   236425.439
722  TIM3e+I+R6    116450.042   423 233746.084   233833.170   236462.312
736  TIM3e+R7      116427.395   424 233702.790   233790.308   236425.439
744  TIM3e+I+R6    116450.042   423 233746.084   233833.170   236462.312
758  TIM3+R7       116427.127   424 233702.254   233789.772   236424.903
766  TIM3+I+R6     116449.934   423 233745.868   233832.953   236462.096
780  TIM3+F+R7     116502.731   427 233859.462   233948.287   236601.376
788  TIM3+F+I+R6   116508.256   426 233868.512   233956.900   236604.004
802  TVMe+R7       116469.732   425 233789.464   233877.416   236518.534
810  TVMe+I+R6     116472.729   424 233793.457   233880.976   236516.107
824  TVMe+R7       116469.732   425 233789.464   233877.416   236518.534
832  TVMe+I+R6     116472.729   424 233793.457   233880.976   236516.107
846  TVM+R7        116469.592   425 233789.184   233877.136   236518.255
854  TVM+I+R6      116472.638   424 233793.277   233880.795   236515.926
868  TVM+F+R7      116708.823   428 234273.646   234362.908   237021.981
876  TVM+F+I+R6    116715.342   427 234284.685   234373.509   237026.598
890  SYM+R7        116368.868   426 233589.736   233678.124   236325.228
898  SYM+I+R6      116369.615   425 233589.230   233677.182   236318.300
912  SYM+R7        116368.868   426 233589.736   233678.124   236325.228
920  SYM+I+R6      116369.615   425 233589.230   233677.182   236318.301
934  GTR+R7        116368.637   426 233589.275   233677.663   236324.767
942  GTR+I+R6      116369.475   425 233588.949   233676.902   236318.020
956  GTR+F+R7      116428.173   429 233714.347   233804.048   236469.103
964  GTR+F+I+R6    116443.958   428 233743.916   233833.178   236492.251
Akaike Information Criterion:           GTR+I+R6
Corrected Akaike Information Criterion: GTR+I+R6
Bayesian Information Criterion:         GTR+I+R6
Best-fit model: GTR+I+R6 chosen according to BIC

All model information printed to results/dna_M4324_206_4543.phy/output_files/iqtree/inference/pars_18.model.gz
CPU time for ModelFinder: 6776.102 seconds (1h:52m:56s)
Wall-clock time for ModelFinder: 6788.449 seconds (1h:53m:8s)

NOTE: 133 MB RAM (0 GB) is required!
Estimate model parameters (epsilon = 0.010)
1. Initial log-likelihood: -116443.958
2. Current log-likelihood: -116443.848
3. Current log-likelihood: -116443.706
4. Current log-likelihood: -116443.581
5. Current log-likelihood: -116443.458
6. Current log-likelihood: -116443.342
7. Current log-likelihood: -116443.242
8. Current log-likelihood: -116443.152
9. Current log-likelihood: -116443.067
10. Current log-likelihood: -116442.988
11. Current log-likelihood: -116442.912
12. Current log-likelihood: -116442.841
13. Current log-likelihood: -116442.775
14. Current log-likelihood: -116442.728
15. Current log-likelihood: -116442.686
16. Current log-likelihood: -116442.637
17. Current log-likelihood: -116442.592
18. Current log-likelihood: -116442.555
19. Current log-likelihood: -116442.516
20. Current log-likelihood: -116442.481
21. Current log-likelihood: -116442.445
22. Current log-likelihood: -116442.410
23. Current log-likelihood: -116442.393
24. Current log-likelihood: -116442.361
25. Current log-likelihood: -116442.343
26. Current log-likelihood: -116442.328
27. Current log-likelihood: -116442.311
28. Current log-likelihood: -116442.294
29. Current log-likelihood: -116442.266
30. Current log-likelihood: -116442.255
31. Current log-likelihood: -116442.239
32. Current log-likelihood: -116442.225
33. Current log-likelihood: -116442.210
34. Current log-likelihood: -116442.192
35. Current log-likelihood: -116442.180
Optimal log-likelihood: -116442.166
Rate parameters:  A-C: 1.31219  A-G: 3.56257  A-T: 1.39315  C-G: 0.97893  C-T: 6.56598  G-T: 1.00000
Base frequencies:  A: 0.271  C: 0.213  G: 0.267  T: 0.250
Proportion of invariable sites: 0.311
Site proportion and rates:  (0.312,0.098) (0.153,0.482) (0.091,1.202) (0.065,2.514) (0.039,5.111) (0.029,14.518)
Parameters optimization took 35 rounds (150.192 sec)
Wrote distance file to... 
BEST SCORE FOUND : -116442.166
Total tree length: 12.690

Total number of iterations: 0
CPU time used for tree search: 0.000 sec (0h:0m:0s)
Wall-clock time used for tree search: 0.000 sec (0h:0m:0s)
Total CPU time used: 6926.257 sec (1h:55m:26s)
Total wall-clock time used: 6938.802 sec (1h:55m:38s)

Analysis results written to: 
  IQ-TREE report:                results/dna_M4324_206_4543.phy/output_files/iqtree/inference/pars_18.iqtree
  Maximum-likelihood tree:       results/dna_M4324_206_4543.phy/output_files/iqtree/inference/pars_18.treefile
  Screen log file:               results/dna_M4324_206_4543.phy/output_files/iqtree/inference/pars_18.log

Date and Time: Sun Sep 21 10:13:09 2025
