IQ-TREE version 3.0.1 for Linux x86 64-bit built Sep 12 2025
Developed by Bui Quang Minh, Thomas Wong, Nhan Ly-Trong, Huaiyan Ren
Contributed by Lam-Tung Nguyen, Dominik Schrempf, Chris Bielow,
Olga Chernomor, Michael Woodhams, Diep Thi Hoang, Heiko Schmidt

Host:    suny-Precision-5530 (AVX2, FMA3, 15 GB RAM)
Command: /usr/local/bin/iqtree3 -s /home/suny/Downloads/VAN_TRAINING_DATA/data2/dna_M4324_206_4543.phy -pre results/dna_M4324_206_4543.phy/output_files/iqtree/inference/pars_3 -seed 3 -ninit 1 -T 1 -redo -n 0
Seed:    3 (Using SPRNG - Scalable Parallel Random Number Generator)
Time:    Mon Sep 22 05:12:57 2025
Kernel:  AVX+FMA - 1 threads (12 CPU cores detected)

HINT: Use -nt option to specify number of threads because your CPU has 12 cores!
HINT: -nt AUTO will automatically determine the best number of threads to use.

Reading alignment file /home/suny/Downloads/VAN_TRAINING_DATA/data2/dna_M4324_206_4543.phy ... Phylip format detected
Alignment most likely contains DNA/RNA sequences
Constructing alignment: done in 0.0190548 secs using 68.15% CPU
Alignment has 206 sequences with 4543 columns, 3324 distinct patterns
2034 parsimony-informative, 530 singleton sites, 1979 constant sites
                                 Gap/Ambiguity  Composition  p-value
Analyzing sequences: done in 0.00323647 secs using 99.86% CPU
   1  Absconditella_sp                  69.91%    passed     18.04%
   2  Absconditella_sphagnorum          73.23%    passed     27.86%
   3  Absconditella_sphagnorum_M24      24.65%    passed     77.55%
   4  Acarospora_schleicheri            16.46%    passed     80.01%
   5  Acarosporina_microspora           18.82%    passed     20.69%
   6  Acrospermum_adeanum_M133           8.14%    failed      0.23%
   7  Acrospermum_compressum_M151        4.64%    passed     23.46%
   8  Acrospermum_graminum              63.17%    passed     42.37%
   9  Acrospermum_graminum_M152          2.97%    passed     15.58%
  10  Aleuria_aurantia                  32.31%    passed     58.99%
  11  Alternaria_alternata              39.67%    passed     90.30%
  12  Arachnopeziza_variepilosa_M337    70.92%    passed     58.99%
  13  Baeomyces_placophyllus            15.65%    passed     35.60%
  14  Bisporella_citrina_M253            4.60%    passed     60.51%
  15  Bombardia_bombarda                37.68%    passed     23.92%
  16  Botryosphaeria_ribis              37.09%    passed     58.91%
  17  Bryocentria_brongniartii_M139      3.54%    passed     17.12%
  18  Bryocentria_brongniartii_M190     18.56%    failed      1.04%
  19  Bryocentria_metzgeriae_M140       14.11%    passed     17.99%
  20  Bryochiton_microscopius_M331      41.25%    passed     34.64%
  21  Bryochiton_monascus_M218           2.95%    failed      0.04%
  22  Bryochiton_perpusillus_M202        3.94%    failed      0.26%
  23  Bryochiton_sp_M198                 2.60%    failed      0.01%
  24  Bryoglossum_gracile               55.65%    passed     23.91%
  25  Bryooscyphus_sp_M230              28.11%    passed     35.07%
  26  Bryoscyphus_dicrani_M141          17.63%    passed     71.48%
  27  Bulgaria_inquinans                56.22%    passed     56.91%
  28  Byssochlamys_nivea                14.00%    passed     24.38%
  29  Byssothecium_circinans            36.94%    passed     61.59%
  30  Calicium_viride                   20.98%    passed     63.90%
  31  Candida_albicans                  13.58%    failed      0.01%
  32  Capnodium_citri                   25.86%    passed     91.30%
  33  Capronia_mansonii                  2.33%    passed     16.13%
  34  Capronia_pilosella                 4.42%    passed     78.04%
  35  Cephalotheca_sulphurea            41.21%    passed     82.42%
  36  Ceratocystis_pilifera             34.67%    failed      0.18%
  37  Cercophora_caudata                57.41%    passed     49.02%
  38  Chaetomella_raphigera             32.62%    passed     63.84%
  39  Cheilymenia_stercorea             21.35%    passed     26.57%
  40  Cheilymenia_vitellina_M169        13.54%    passed     93.12%
  41  Coenogonium_luteum                19.02%    failed      3.60%
  42  Coltricia_perennis                23.09%    passed     19.75%
  43  Cordyceps_militaris                7.13%    passed     44.92%
  44  Cudonia_circinans                 22.94%    failed      4.34%
  45  Cudoniella_clavus                 31.32%    passed     54.39%
  46  Curvularia_brachyspora            18.27%    passed     98.86%
  47  Cyathicula_microspora_M267         2.42%    passed     76.04%
  48  Delphinella_strobiligena          35.59%    passed     50.89%
  49  Dermatocarpon_luridum             16.99%    passed     92.51%
  50  Diaporthe_phaseolorum             27.71%    passed     11.85%
  51  Didymella_spp                     27.98%    passed     55.08%
  52  Diploschistes_scruposus           16.22%    passed      5.24%
  53  Discinella_schimperi_M168          2.49%    passed     83.58%
  54  Discinella_schimperi_M191         28.70%    passed     97.74%
  55  Discinella_schimperi_M192         17.59%    passed     82.30%
  56  Discosphaerina_fagi               36.78%    passed     71.72%
  57  Discula_destructiva               48.16%    passed     93.01%
  58  Dothidea_insculpta                16.95%    passed     46.95%
  59  Epibryon_bryophilum_M2            12.59%    passed      6.26%
  60  Epibryon_diaphanum_M122            3.90%    passed     21.24%
  61  Epibryon_hepaticola_M10            7.04%    passed     61.50%
  62  Epibryon_hepaticola_M224           4.53%    passed     79.50%
  63  Epibryon_intercapillare_M125      10.65%    passed     41.90%
  64  Epibryon_interlamellare_M1        39.27%    failed      1.85%
  65  Epibryon_interlamellare_M32        6.89%    passed     16.73%
  66  Epibryon_plagiochilae_M187        50.28%    passed     76.82%
  67  Epibryon_sp_DM274                 40.70%    passed     31.60%
  68  Epibryon_sp_EM175                  4.71%    passed     80.19%
  69  Epibryon_turfosorum_M292          40.35%    passed     36.79%
  70  Epiglia_gloeocapsae_M193           2.88%    passed     47.60%
  71  Epiglia_gloeocapsae_M257          69.01%    passed     25.02%
  72  Epiryon_interlamellare_M223       46.60%    passed     28.73%
  73  Exophiala_jeanselmei              23.29%    passed     44.15%
  74  Fabrella_tsugae                   48.05%    passed     56.81%
  75  Fungal_endophyte_2712             49.75%    passed     66.95%
  76  Fungal_endophyte_2834             46.60%    passed     50.02%
  77  Fungal_endophyte_3277             51.73%    passed     74.34%
  78  Fungal_endophyte_3377             46.71%    passed     66.86%
  79  Fungal_endophyte_4221             46.71%    passed     67.21%
  80  Fungal_endophyte_4245             46.86%    passed     45.20%
  81  Fungal_endophyte_4466             51.97%    passed     16.10%
  82  Fungal_endophyte_4573             47.08%    passed     73.01%
  83  Fungal_endophyte_4603             49.59%    passed     67.28%
  84  Fungal_endophyte_4780             51.75%    passed     69.98%
  85  Fungal_endophyte_4939             46.67%    passed     47.55%
  86  Fungal_endophyte_4947A            47.48%    passed     68.79%
  87  Fungal_endophyte_5095             48.54%    passed     69.89%
  88  Fungal_endophyte_5246             46.82%    passed     53.86%
  89  Fungal_endophyte_5607             53.53%    passed     31.81%
  90  Fungal_endophyte_5627             47.48%    passed     54.11%
  91  Gautieria_otthii                  15.10%    passed     78.28%
  92  Geoglossum_nigritum               22.19%    passed     75.10%
  93  Glyphium_elatum                   24.72%    passed     72.96%
  94  Gyalecta_ulmi                     18.73%    passed     27.31%
  95  Heyderia_abietis                  41.80%    passed     43.82%
  96  Hyaloscypha_albohyalina_M259       2.93%    passed     61.06%
  97  Hyaloscypha_aureliella_M234        3.94%    passed     75.78%
  98  Hyaloscypha_aureliella_M235       11.38%    passed     46.63%
  99  Hyaloscypha_daedaleae             45.96%    passed     52.67%
 100  Hyaloscypha_fuckelii_M233          3.83%    passed     82.50%
 101  Hyaloscypha_hepaticola_M171        9.33%    passed     31.23%
 102  Hyaloscypha_hepaticola_M339        3.54%    passed     68.08%
 103  Hyaloscypha_paludosa_aff_AM178     6.38%    passed     15.46%
 104  Hyaloscypha_paludosa_aff_AM228    21.75%    passed     23.14%
 105  Hyaloscypha_paludosa_aff_AM229     6.01%    passed     25.81%
 106  Hyaloscypha_paludosa_aff_BM132     3.83%    passed     15.18%
 107  Hyaloscypha_sp_AM19                3.68%    passed     81.56%
 108  Hyaloscypha_sp_AM25                8.83%    passed     93.72%
 109  Hyaloscypha_sp_BM20                5.59%    passed     84.64%
 110  Hyaloscypha_sp_BM288               2.47%    passed     86.08%
 111  Hyaloscypha_vitreola_M236         22.12%    passed     43.10%
 112  Hyaloscypha_vitreola_M39           2.36%    passed     90.35%
 113  Hymenoscyphus_fructigenus_M159     5.02%    passed     48.65%
 114  Hymenoscyphus_scutula             45.21%    passed     67.51%
 115  Hymenoscyphus_sp_AM33              6.23%    passed     80.94%
 116  Hymenoscyphus_sp_AM35              2.31%    passed     59.41%
 117  Hymenoscyphus_sp_BM293             2.42%    passed     44.04%
 118  Hymenoscyphus_sp_BM329             4.16%    passed     47.14%
 119  Hymenoscyphus_sp_M315             41.84%    passed     42.96%
 120  Hymenoscyphus_sp_M68               8.23%    passed     57.52%
 121  Hypocrea_citrina                  27.98%    passed     60.80%
 122  Hypoxylon_fragiforme              42.22%    passed     70.81%
 123  Lachnum_virgineum                 11.45%    passed     68.12%
 124  Lamprospora_sp_M185               21.42%    passed     37.35%
 125  Lasiosphaeria_ovina_M176           8.80%    passed     46.52%
 126  Lecanactis_abietina                4.56%    failed      1.58%
 127  Lempholemma_polyanthes            18.91%    failed      0.00%
 128  Lentinula_lateritia               36.41%    passed     16.83%
 129  Leptogium_cyanescens              19.55%    failed      0.00%
 130  Leptomeliola_ptilidii_M186        57.32%    passed     33.32%
 131  Lizonia_sexangularis_M179          3.74%    passed     69.71%
 132  Lizonia_sexangularis_M222         10.17%    passed     84.59%
 133  Lobaria_Pseudocyphellaria         20.36%    passed     77.57%
 134  Lophodermium_pinastri             38.43%    passed     57.47%
 135  Merimbia_ingelheimense             3.72%    passed     11.56%
 136  Microascus_trigonosporus          37.18%    failed      0.00%
 137  Microglossum_rufum                53.40%    passed     56.64%
 138  Microscypha_sp_M147               22.43%    passed     30.23%
 139  Microscypha_sp_M155               22.61%    passed     24.66%
 140  Mitrula_brevispora                54.33%    passed     19.19%
 141  Mniaecia_jungermanniae_M145        8.36%    failed      4.04%
 142  Mniaecia_nivea_M167               21.81%    passed     35.74%
 143  Monascostroma_sphagnophilum_M23    4.91%    failed      0.00%
 144  Morchella_esculenta                9.13%    failed      1.12%
 145  Mycosphaerella_punctiformis       36.21%    failed      4.95%
 146  Myriangium_duriaei                26.04%    passed     86.73%
 147  Nectria_cinnabarina               30.44%    passed     65.05%
 148  Neobulgaria_lilacina_M258          3.24%    passed     70.46%
 149  Neolecta_vitellina                16.97%    failed      3.99%
 150  Neurospora_crassa                 10.65%    passed     19.67%
 151  Octosporella_erythrostigma_M144   36.39%    passed     41.56%
 152  Octosporella_jungermanniar_M221   30.11%    passed     13.07%
 153  Oidiodendron_tenuissimum          49.35%    passed     60.64%
 154  Ombrophila_violacea               54.08%    passed     55.39%
 155  Orbilia_auricolor                 18.40%    passed     92.87%
 156  Orbilia_vinosa                    44.18%    passed     58.32%
 157  Otidea_onotica                    42.20%    passed     66.31%
 158  Peltula_umbilicata                19.15%    passed      6.38%
 159  Pertusaria_amara                  14.35%    passed     55.65%
 160  Petractis_luetkemuelleri          19.19%    passed     53.73%
 161  Peziza_quelepidotia                8.54%    passed     30.90%
 162  Pezoloma_ciliifera_M283            4.03%    passed     25.49%
 163  Pezoloma_ciliifera_M295            3.02%    passed     33.11%
 164  Phaeosphaeria_avenaria            15.21%    passed     14.23%
 165  Phaeotrichum_benjaminii           25.78%    passed     74.68%
 166  Phialophora_pedrosoi              48.14%    passed     64.90%
 167  Phoma_herbarum                    59.61%    passed     98.64%
 168  Piedraia_hortae                   36.85%    failed      2.19%
 169  Pilidium_concavum                 32.56%    passed     66.67%
 170  Placopsis_perrugosa               19.37%    passed     54.26%
 171  Placynthium_nigrum                18.80%    failed      0.30%
 172  Placythiella_icmalea_M173         20.21%    passed     93.79%
 173  Pleomassaria_siparia              50.54%    passed     79.29%
 174  Pleopsidium_chlorophanum          15.63%    passed     86.31%
 175  Pleostigma_jungermannicola_M174   27.03%    passed     63.48%
 176  Porpidia_albocaerulescens         27.21%    passed     16.50%
 177  Preussia_terricola                26.28%    passed     80.96%
 178  Pseudonectria_rousseliana         57.89%    passed     61.98%
 179  Puttea_margaritella_M149          22.76%    passed     47.96%
 180  Pyrenula_cruenta                  19.52%    passed     65.49%
 181  Rhytisma_spp                      26.28%    passed     81.72%
 182  Saccharomyces_cerevisiae           2.82%    failed      0.00%
 183  Saitoella_complicata               8.34%    passed     25.04%
 184  Scleroconidioma_sphagnicola       63.20%    passed     61.18%
 185  Sclerotinia_sclerotiorum           3.48%    passed     14.60%
 186  Setomelanomma_holmii              32.67%    passed     29.28%
 187  Setosphaeria_monoceras            33.46%    passed     72.98%
 188  Seynesia_erumpens                 19.11%    passed     96.22%
 189  Sistotrema_muscicola              36.72%    passed     34.47%
 190  Sordaria_macrospora               14.48%    passed     21.63%
 191  Spathularia_flavida               30.77%    passed     30.62%
 192  Sphaerophorus_globosus             4.69%    passed     49.40%
 193  Stephanonectria_keithii           32.58%    passed     29.50%
 194  Stereocaulon_spp                  15.74%    passed     70.53%
 195  Stictis_radiata                   19.50%    passed     11.29%
 196  Stylodothis_puccinioides          25.82%    passed     55.58%
 197  Teichospora_sp_M195               14.48%    passed     48.82%
 198  Trematosphaeria_heterospora       25.86%    passed     67.17%
 199  Trichoglossum_hirsutum             2.71%    passed     91.88%
 200  Trizodia_acrobia_M157             21.18%    passed     43.69%
 201  Trizodia_acrobia_M160              4.53%    failed      2.54%
 202  Verrucaria_pachyderma             41.76%    passed     12.99%
 203  Verruculina_enalia                48.40%    passed     20.92%
 204  Vibrissea_truncorum               49.33%    passed     40.71%
 205  Westerdykella_cylindrica           6.52%    failed      1.82%
 206  Xylaria_acuta                      6.85%    passed     95.30%
WARNING: 21 sequences contain more than 50% gaps/ambiguity
****  TOTAL                             25.32%  24 sequences failed composition chi2 test (p-value<5%; df=3)
Checking for duplicate sequences: done in 0.00347871 secs using 99.92% CPU


Create initial parsimony tree by phylogenetic likelihood library (PLL)... 0.164 seconds
Perform fast likelihood tree search using GTR+I+G model...
Estimate model parameters (epsilon = 5.000)
Perform nearest neighbor interchange...
Estimate model parameters (epsilon = 1.000)
1. Initial log-likelihood: -117224.862
2. Current log-likelihood: -117223.819
Optimal log-likelihood: -117223.453
Rate parameters:  A-C: 1.28973  A-G: 3.32767  A-T: 1.37168  C-G: 1.01083  C-T: 6.15157  G-T: 1.00000
Base frequencies:  A: 0.271  C: 0.213  G: 0.267  T: 0.250
Proportion of invariable sites: 0.381
Gamma shape alpha: 0.534
Parameters optimization took 2 rounds (3.124 sec)
Time for fast ML tree search: 25.246 seconds

NOTE: ModelFinder requires 222 MB RAM!
ModelFinder will test up to 968 DNA models (sample size: 4543 epsilon: 0.100) ...
 No. Model         -LnL         df  AIC          AICc         BIC
  1  JC            148447.698   409 297713.396   297794.543   300339.725
  2  JC+I          136152.129   410 273124.259   273205.822   275757.009
  3  JC+G4         122598.301   410 246016.603   246098.166   248649.353
  4  JC+I+G4       121707.894   411 244237.789   244319.770   246876.961
  5  JC+R2         126275.201   411 253372.402   253454.384   256011.574
  6  JC+R3         122610.697   413 246047.395   246130.215   248699.409
  7  JC+R4         121373.575   415 243577.150   243660.813   246242.007
  8  JC+R5         121015.784   417 242865.568   242950.080   245543.268
  9  JC+R6         120881.741   419 242601.482   242686.847   245292.025
 10  JC+R7         120868.589   421 242579.177   242665.400   245282.562
 11  JC+R8         120867.387   423 242580.774   242667.859   245297.002
 14  JC+I+R2       123955.751   412 248735.502   248817.902   251381.096
 15  JC+I+R3       121827.547   414 244483.094   244566.335   247141.530
 16  JC+I+R4       121119.769   416 243071.539   243155.626   245742.818
 17  JC+I+R5       120927.983   418 242691.965   242776.903   245376.086
 18  JC+I+R6       120873.804   420 242587.608   242673.401   245284.572
 19  JC+I+R7       120872.677   422 242589.355   242676.008   245299.162
 31  JC+R6         120881.741   419 242601.482   242686.847   245292.025
 32  JC+R7         120868.588   421 242579.177   242665.400   245282.562
 40  JC+I+R6       120873.804   420 242587.608   242673.402   245284.572
 53  F81+R6        120881.501   419 242601.001   242686.366   245291.544
 54  F81+R7        120868.279   421 242578.557   242664.780   245281.942
 62  F81+I+R6      120873.688   420 242587.376   242673.169   245284.340
 75  F81+F+R6      121239.272   422 243322.544   243409.197   246032.350
 76  F81+F+R7      121226.601   424 243301.201   243388.719   246023.851
 84  F81+F+I+R6    121232.511   423 243311.022   243398.107   246027.250
 97  K2P+R6        116346.888   420 233533.775   233619.569   236230.739
 98  K2P+R7        116307.843   422 233459.686   233546.340   236169.493
106  K2P+I+R6      116337.264   421 233516.529   233602.752   236219.914
119  K2P+R6        116346.888   420 233533.775   233619.569   236230.739
120  K2P+R7        116307.843   422 233459.686   233546.340   236169.493
128  K2P+I+R6      116337.265   421 233516.529   233602.752   236219.914
141  HKY+R6        116346.691   420 233533.382   233619.175   236230.346
142  HKY+R7        116307.155   422 233458.311   233544.964   236168.118
150  HKY+I+R6      116337.157   421 233516.313   233602.536   236219.699
163  HKY+F+R6      116560.263   423 233966.527   234053.612   236682.755
164  HKY+F+R7      116523.807   425 233897.613   233985.566   236626.684
172  HKY+F+I+R6    116550.296   424 233948.591   234036.109   236671.241
185  TNe+R6        116240.663   421 233323.326   233409.548   236026.711
186  TNe+R7        116204.448   423 233254.896   233341.981   235971.124
194  TNe+I+R6      116232.803   422 233309.607   233396.260   236019.413
207  TNe+R6        116240.663   421 233323.326   233409.548   236026.711
208  TNe+R7        116204.448   423 233254.896   233341.981   235971.124
216  TNe+I+R6      116232.803   422 233309.607   233396.260   236019.413
229  TN+R6         116240.619   421 233323.239   233409.462   236026.624
230  TN+R7         116204.390   423 233254.780   233341.865   235971.008
238  TN+I+R6       116232.661   422 233309.322   233395.975   236019.128
251  TN+F+R6       116287.284   424 233422.568   233510.086   236145.218
252  TN+F+R7       116254.085   426 233360.170   233448.557   236095.662
260  TN+F+I+R6     116276.621   425 233403.241   233491.194   236132.312
273  K3P+R6        116345.841   421 233533.682   233619.905   236237.067
274  K3P+R7        116305.660   423 233457.320   233544.406   236173.548
282  K3P+I+R6      116336.728   422 233517.456   233604.110   236227.263
295  K3P+R6        116345.841   421 233533.682   233619.905   236237.068
296  K3P+R7        116305.660   423 233457.320   233544.406   236173.548
304  K3P+I+R6      116336.728   422 233517.456   233604.110   236227.263
317  K3Pu+R6       116345.751   421 233533.501   233619.724   236236.886
318  K3Pu+R7       116305.489   423 233456.979   233544.064   236173.207
326  K3Pu+I+R6     116336.639   422 233517.279   233603.932   236227.085
339  K3Pu+F+R6     116558.203   424 233964.405   234051.924   236687.055
340  K3Pu+F+R7     116522.134   426 233896.268   233984.656   236631.760
348  K3Pu+F+I+R6   116548.371   425 233946.742   234034.694   236675.812
361  TPM2+R6       116271.204   421 233384.408   233470.631   236087.793
362  TPM2+R7       116231.818   423 233309.636   233396.721   236025.864
370  TPM2+I+R6     116259.956   422 233363.911   233450.565   236073.718
383  TPM2+R6       116271.204   421 233384.408   233470.631   236087.793
384  TPM2+R7       116231.818   423 233309.636   233396.721   236025.864
392  TPM2+I+R6     116259.956   422 233363.911   233450.565   236073.718
405  TPM2u+R6      116271.113   421 233384.225   233470.448   236087.611
406  TPM2u+R7      116231.749   423 233309.498   233396.583   236025.726
414  TPM2u+I+R6    116259.891   422 233363.781   233450.435   236073.588
427  TPM2u+F+R6    116499.366   424 233846.732   233934.250   236569.381
428  TPM2u+F+R7    116463.016   426 233778.031   233866.419   236513.523
436  TPM2u+F+I+R6  116487.766   425 233825.532   233913.485   236554.603
449  TPM3+R6       116328.898   421 233499.795   233586.018   236203.181
450  TPM3+R7       116288.665   423 233423.330   233510.415   236139.558
458  TPM3+I+R6     116319.456   422 233482.912   233569.565   236192.719
471  TPM3+R6       116328.898   421 233499.795   233586.018   236203.181
472  TPM3+R7       116288.665   423 233423.330   233510.415   236139.558
480  TPM3+I+R6     116319.456   422 233482.912   233569.565   236192.718
493  TPM3u+R6      116328.770   421 233499.541   233585.763   236202.926
494  TPM3u+R7      116288.649   423 233423.297   233510.382   236139.525
502  TPM3u+I+R6    116319.374   422 233482.748   233569.402   236192.555
515  TPM3u+F+R6    116557.082   424 233962.163   234049.681   236684.813
516  TPM3u+F+R7    116520.961   426 233893.922   233982.309   236629.414
524  TPM3u+F+I+R6  116546.977   425 233943.954   234031.906   236673.025
537  TIMe+R6       116239.696   422 233323.392   233410.046   236033.199
538  TIMe+R7       116203.946   424 233255.893   233343.411   235978.542
546  TIMe+I+R6     116232.398   423 233310.795   233397.880   236027.023
559  TIMe+R6       116239.696   422 233323.392   233410.046   236033.199
560  TIMe+R7       116203.946   424 233255.893   233343.411   235978.542
568  TIMe+I+R6     116232.398   423 233310.795   233397.880   236027.023
581  TIM+R6        116239.674   422 233323.348   233410.002   236033.155
582  TIM+R7        116203.946   424 233255.893   233343.411   235978.542
590  TIM+I+R6      116232.268   423 233310.536   233397.621   236026.764
603  TIM+F+R6      116286.803   425 233423.605   233511.557   236152.676
604  TIM+F+R7      116253.391   427 233360.782   233449.606   236102.695
612  TIM+F+I+R6    116275.789   426 233403.578   233491.966   236139.070
625  TIM2e+R6      116164.669   422 233173.338   233259.991   235883.144
626  TIM2e+R7      116130.579   424 233109.159   233196.677   235831.808
634  TIM2e+I+R6    116154.499   423 233154.997   233242.083   235871.225
647  TIM2e+R6      116164.669   422 233173.338   233259.991   235883.144
648  TIM2e+R7      116130.579   424 233109.159   233196.677   235831.808
656  TIM2e+I+R6    116154.499   423 233154.997   233242.083   235871.225
669  TIM2+R6       116164.572   422 233173.145   233259.798   235882.952
670  TIM2+R7       116130.522   424 233109.044   233196.562   235831.694
678  TIM2+I+R6     116154.354   423 233154.707   233241.793   235870.935
691  TIM2+F+R6     116226.732   425 233303.464   233391.416   236032.534
692  TIM2+F+R7     116194.659   427 233243.318   233332.142   235985.231
700  TIM2+F+I+R6   116214.053   426 233280.107   233368.494   236015.599
713  TIM3e+R6      116223.644   422 233291.289   233377.942   236001.096
714  TIM3e+R7      116188.301   424 233224.603   233312.121   235947.252
722  TIM3e+I+R6    116215.062   423 233276.123   233363.209   235992.351
735  TIM3e+R6      116223.644   422 233291.289   233377.942   236001.096
736  TIM3e+R7      116188.301   424 233224.603   233312.121   235947.252
744  TIM3e+I+R6    116215.062   423 233276.123   233363.209   235992.351
757  TIM3+R6       116223.582   422 233291.164   233377.817   236000.970
758  TIM3+R7       116188.296   424 233224.593   233312.111   235947.242
766  TIM3+I+R6     116214.927   423 233275.854   233362.939   235992.082
779  TIM3+F+R6     116286.421   425 233422.842   233510.794   236151.913
780  TIM3+F+R7     116253.301   427 233360.601   233449.426   236102.515
788  TIM3+F+I+R6   116275.776   426 233403.551   233491.939   236139.044
801  TVMe+R6       116253.835   423 233353.670   233440.755   236069.898
802  TVMe+R7       116214.886   425 233279.771   233367.723   236008.842
810  TVMe+I+R6     116240.469   424 233328.937   233416.455   236051.586
823  TVMe+R6       116253.835   423 233353.670   233440.755   236069.898
824  TVMe+R7       116214.886   425 233279.771   233367.723   236008.842
832  TVMe+I+R6     116240.469   424 233328.937   233416.455   236051.587
845  TVM+R6        116253.685   423 233353.370   233440.455   236069.598
846  TVM+R7        116214.732   425 233279.464   233367.417   236008.535
854  TVM+I+R6      116240.432   424 233328.864   233416.382   236051.513
867  TVM+F+R6      116497.187   426 233846.374   233934.762   236581.867
868  TVM+F+R7      116461.259   428 233778.518   233867.780   236526.853
876  TVM+F+I+R6    116485.573   427 233825.145   233913.970   236567.059
889  SYM+R6        116146.339   424 233140.679   233228.197   235863.328
890  SYM+R7        116113.994   426 233079.989   233168.376   235815.481
898  SYM+I+R6      116136.694   425 233123.389   233211.341   235852.460
911  SYM+R6        116146.339   424 233140.679   233228.197   235863.328
912  SYM+R7        116113.994   426 233079.989   233168.376   235815.481
920  SYM+I+R6      116136.694   425 233123.389   233211.341   235852.460
933  GTR+R6        116146.296   424 233140.592   233228.110   235863.242
934  GTR+R7        116113.939   426 233079.877   233168.265   235815.369
942  GTR+I+R6      116136.520   425 233123.041   233210.993   235852.111
955  GTR+F+R6      116225.408   427 233304.816   233393.640   236046.729
956  GTR+F+R7      116193.576   429 233245.152   233334.853   235999.908
964  GTR+F+I+R6    116212.929   428 233281.858   233371.120   236030.193
Akaike Information Criterion:           GTR+R7
Corrected Akaike Information Criterion: GTR+R7
Bayesian Information Criterion:         GTR+R7
Best-fit model: GTR+R7 chosen according to BIC

All model information printed to results/dna_M4324_206_4543.phy/output_files/iqtree/inference/pars_3.model.gz
CPU time for ModelFinder: 7042.667 seconds (1h:57m:22s)
Wall-clock time for ModelFinder: 7058.298 seconds (1h:57m:38s)

NOTE: 155 MB RAM (0 GB) is required!
Estimate model parameters (epsilon = 0.010)
1. Initial log-likelihood: -116194.406
2. Current log-likelihood: -116193.646
3. Current log-likelihood: -116193.627
Optimal log-likelihood: -116193.620
Rate parameters:  A-C: 1.31824  A-G: 3.61175  A-T: 1.39459  C-G: 0.99254  C-T: 6.67522  G-T: 1.00000
Base frequencies:  A: 0.271  C: 0.213  G: 0.267  T: 0.250
Site proportion and rates:  (0.518,0.021) (0.210,0.276) (0.117,0.875) (0.075,2.072) (0.041,4.182) (0.015,8.116) (0.023,16.374)
Parameters optimization took 3 rounds (12.309 sec)
Wrote distance file to... 
BEST SCORE FOUND : -116193.620
Total tree length: 13.090

Total number of iterations: 0
CPU time used for tree search: 0.000 sec (0h:0m:0s)
Wall-clock time used for tree search: 0.000 sec (0h:0m:0s)
Total CPU time used: 7055.043 sec (1h:57m:35s)
Total wall-clock time used: 7070.774 sec (1h:57m:50s)

Analysis results written to: 
  IQ-TREE report:                results/dna_M4324_206_4543.phy/output_files/iqtree/inference/pars_3.iqtree
  Maximum-likelihood tree:       results/dna_M4324_206_4543.phy/output_files/iqtree/inference/pars_3.treefile
  Screen log file:               results/dna_M4324_206_4543.phy/output_files/iqtree/inference/pars_3.log

Date and Time: Mon Sep 22 07:10:48 2025
