IQ-TREE version 3.0.1 for Linux x86 64-bit built Sep 23 2025
Developed by Bui Quang Minh, Thomas Wong, Nhan Ly-Trong, Huaiyan Ren
Contributed by Lam-Tung Nguyen, Dominik Schrempf, Chris Bielow,
Olga Chernomor, Michael Woodhams, Diep Thi Hoang, Heiko Schmidt

Host:    cnode04.hpc.vast.vn (AVX512, FMA3, 125 GB RAM)
Command: /datausers/ioit/thaontp/tranthanhvan235/iqtree3/build/iqtree3 -s /datausers/ioit/thaontp/tranthanhvan235/data_treebase/DIU_TRAINING_DATA/data4/prot_M11335_99_696.phy -pre training_data/prot_M11335_99_696.phy/output_files/iqtree/inference/pars_5 -seed 5 -ninit 1 -T 1 -redo -n 0 -nt AUTO
Seed:    5 (Using SPRNG - Scalable Parallel Random Number Generator)
Time:    Fri Oct  3 07:15:47 2025
Kernel:  AVX+FMA - auto-detect threads (56 CPU cores detected)

Reading alignment file /datausers/ioit/thaontp/tranthanhvan235/data_treebase/DIU_TRAINING_DATA/data4/prot_M11335_99_696.phy ... Phylip format detected
Alignment most likely contains protein sequences
Constructing alignment: done in 0.00574401 secs using 2619% CPU
Alignment has 99 sequences with 696 columns, 651 distinct patterns
518 parsimony-informative, 66 singleton sites, 112 constant sites
                                                Gap/Ambiguity  Composition  p-value
Analyzing sequences: done in 0.0880193 secs using 1671% CPU
   1  Acaryochloris_marina_MBIC11017                   29.60%    passed     79.61%
   2  Afipia_sp._1NLS2                                 27.87%    passed     98.08%
   3  Ahrensia_sp._R2A130                              27.30%    passed     86.10%
   4  Anaerolinea_thermophila_UNI-1                    27.44%    passed     45.51%
   5  Aquifex_aeolicus_VF5                             29.45%    failed      1.08%
   6  Arthrobacter_sp._FB24                            28.88%    failed      0.01%
   7  Bacteriovorax_marinus_SJ                         26.01%    failed      4.76%
   8  Bradyrhizobium_japonicum_USDA_110                27.87%    passed     59.56%
   9  Bradyrhizobium_sp._BTAi1                         27.87%    passed     96.74%
  10  Bradyrhizobium_sp._ORS278                        27.87%    passed     94.05%
  11  Candidatus_Nitrospira_defluvii                   25.00%    passed     34.62%
  12  Candidatus_Solibacter_usitatus_Ellin6076         24.43%    passed     51.66%
  13  Chlorobaculum_parvum_NCIB_8327                   21.70%    passed     92.38%
  14  Chlorobium_chlorochromatii_CaD3                  21.84%    passed     99.35%
  15  Chlorobium_ferrooxidans_DSM_13031                21.55%    passed     86.38%
  16  Chlorobium_limicola_DSM_245                      21.70%    passed     98.17%
  17  Chlorobium_luteolum_DSM_273                      21.70%    passed     91.56%
  18  Chlorobium_phaeobacteroides_BS1                  21.70%    passed     95.39%
  19  Chlorobium_phaeobacteroides_DSM_266              21.70%    passed     97.75%
  20  Chlorobium_tepidum_TLS                           21.70%    passed     86.75%
  21  Chloroherpeton_thalassium_ATCC_35110             21.70%    passed     52.73%
  22  Dehalococcoides_sp._BAV1                         28.59%    passed     99.39%
  23  Dehalococcoides_sp._CBDB1                        28.59%    passed     99.39%
  24  Dehalococcoides_sp._GT                           28.59%    passed     99.21%
  25  Desulfurispirillum_indicum_S5                    27.87%    passed     71.91%
  26  Dietzia_cinnamea_P4                              28.74%    failed      0.00%
  27  Dinoroseobacter_shibae_DFL_12                    26.01%    passed     80.02%
  28  Fulvimarina_pelagi_HTCC2506                      28.16%    passed     47.06%
  29  Geodermatophilus_obscurus_DSM_43160              21.84%    failed      0.00%
  30  Halorhodospira_halophila_SL1                     27.44%    passed     23.24%
  31  Hydrogenivirga_sp._128-5-R1-1                    29.45%    passed     31.43%
  32  Hydrogenobacter_thermophilus_TK-6                29.89%    passed      6.20%
  33  Magnetococcus_sp._MC-1                           28.59%    passed     92.07%
  34  Magnetospirillum_magnetotacticum_MS-1            25.43%    failed      0.00%
  35  Maritimibacter_alkaliphilus_HTCC2654             25.72%    passed     70.30%
  36  Methanococcoides_burtonii_DSM_6242               28.88%    passed     32.96%
  37  Methanohalophilus_mahii_DSM_5219                 28.88%    passed     55.59%
  38  Methanosaeta_thermophila_PT                      27.87%    passed     95.57%
  39  Methylobacterium_populi_BJ001                    29.31%    failed      0.00%
  40  Micromonospora_sp._L5                            28.74%    failed      0.00%
  41  Moritella_sp._PE36                               28.16%    passed     70.23%
  42  Mycobacterium_parascrofulaceum_ATCC_BAA-614      28.74%    failed      0.42%
  43  Mycobacterium_sp._JLS                            28.74%    failed      0.05%
  44  NC10_bacterium_Dutch_sediment                    20.40%    passed     34.49%
  45  Nitrobacter_hamburgensis_X14                     27.87%    passed     69.89%
  46  Nitrobacter_sp._Nb-311A                          27.87%    passed     86.88%
  47  Nitrobacter_winogradskyi_Nb-255                  27.87%    passed     88.08%
  48  Nitrosococcus_oceani_ATCC_19707                  29.45%    failed      0.60%
  49  Nitrosococcus_watsoni_C-113                      29.45%    failed      0.26%
  50  Oceanibulbus_indolifex_HEL-45                    25.29%    passed     39.12%
  51  Oceanibulbus_indolifex_HEL-45A                   28.88%    passed      6.66%
  52  Octadecabacter_antarcticus_307                   26.29%    passed     12.71%
  53  Paracoccus_denitrificans                         26.29%    passed     63.07%
  54  Paracoccus_denitrificans_PD1222                  26.29%    passed     59.47%
  55  Pelodictyon_phaeoclathratiforme_BU-1             21.84%    passed     84.46%
  56  Prosthecochloris_aestuarii_DSM_271               21.70%    passed     73.05%
  57  Prosthecochloris_vibrioformis_DSM_265            21.70%    passed     74.29%
  58  Rhodobacter_sphaeroides_2.4.1                    26.29%    passed     86.25%
  59  Rhodobacter_sphaeroides_ATCC_17025               26.29%    passed     98.25%
  60  Rhodobacter_sphaeroides_ATCC_17029               26.29%    passed     85.26%
  61  Rhodobacterales_bacterium_HTCC2150               26.15%    passed     90.94%
  62  Rhodopseudomonas_palustris_BisA53                27.44%    passed     86.11%
  63  Rhodopseudomonas_palustris_BisB5                 27.44%    passed     68.69%
  64  Rhodopseudomonas_palustris_CGA009                27.44%    passed     71.30%
  65  Rhodopseudomonas_palustris_DX-1                  27.44%    passed     65.23%
  66  Rhodopseudomonas_palustris_TIE-1                 27.44%    passed     74.41%
  67  Rickettsia_africae_ESF-5                         29.17%    failed      0.00%
  68  Rickettsia_akari_str._Hartford                   29.17%    failed      0.00%
  69  Rickettsia_bellii_OSU_85-389                     29.02%    failed      0.00%
  70  Rickettsia_bellii_RML369-C                       29.02%    failed      0.00%
  71  Rickettsia_conorii_str._Malish_7                 29.17%    failed      0.00%
  72  Rickettsia_endosymbiont_of_Ixodes_scapularis     29.17%    failed      0.00%
  73  Rickettsia_felis_URRWXCal2                       29.17%    failed      0.00%
  74  Rickettsia_massiliae_MTU5                        29.17%    failed      0.00%
  75  Rickettsia_peacockii_str._Rustic                 29.17%    failed      0.00%
  76  Rickettsia_prowazekii_Rp22                       29.45%    failed      0.00%
  77  Rickettsia_prowazekii_str._Madrid_E              29.45%    failed      0.00%
  78  Rickettsia_rickettsii_str._Sheila_Smith          29.17%    failed      0.00%
  79  Rickettsia_sibirica_246                          29.17%    failed      0.00%
  80  Rickettsia_typhi_str._Wilmington                 29.02%    failed      0.00%
  81  Roseobacter_denitrificans_OCh_114                26.29%    passed     52.30%
  82  Roseobacter_litoralis_Och_149                    26.29%    passed     55.86%
  83  Rubrobacter_xylanophilus_DSM_9941                30.03%    failed      0.00%
  84  Salinispora_arenicola_CNS-205                    28.74%    failed      0.00%
  85  Salinispora_tropica_CNB-440                      28.74%    failed      0.00%
  86  Sinorhizobium_fredii_NGR234                      29.45%    passed     92.78%
  87  Sinorhizobium_medicae_WSM419                     29.45%    passed     97.18%
  88  Sinorhizobium_meliloti_1021                      29.45%    passed     95.54%
  89  Streptomyces_cf._griseus_XylebKG-1               28.02%    failed      0.00%
  90  Streptomyces_griseus_subsp._griseus_NBRC_13350   28.02%    failed      0.00%
  91  Streptosporangium_roseum_DSM_43021               26.87%    passed     50.81%
  92  Streptosporangium_roseum_DSM_43021A              28.74%    failed      0.00%
  93  Sulfitobacter_sp._NAS-14.1                       32.61%    passed     71.39%
  94  Sulfitobacter_sp._NAS-14.1A                      30.17%    passed     30.29%
  95  Sulfurihydrogenibium_azorense_Az-Fu1             27.87%    failed      0.55%
  96  Sulfurihydrogenibium_sp._YO3AOP1                 27.87%    failed      0.08%
  97  Thalassiobium_sp._R2A62                          26.29%    passed     61.77%
  98  Thermomicrobium_roseum_DSM_5159                  24.71%    failed      1.16%
  99  Thermovibrio_ammonificans_HB-1                   30.75%    passed     49.76%
****  TOTAL                                            27.19%  35 sequences failed composition chi2 test (p-value<5%; df=19)
Checking for duplicate sequences: done in 0.0904917 secs using 1634% CPU


Create initial parsimony tree by phylogenetic likelihood library (PLL)... 0.097 seconds
Measuring multi-threading efficiency up to 56 CPU cores
Increase to 10 rounds for branch lengths
13 trees examined
Threads: 1 / Time: 58.462 sec / Speedup: 1.000 / Efficiency: 100% / LogL: -75578
Threads: 2 / Time: 32.665 sec / Speedup: 1.790 / Efficiency: 89% / LogL: -75578
Threads: 3 / Time: 25.531 sec / Speedup: 2.290 / Efficiency: 76% / LogL: -75578
Threads: 4 / Time: 26.174 sec / Speedup: 2.234 / Efficiency: 56% / LogL: -75578
Threads: 5 / Time: 22.610 sec / Speedup: 2.586 / Efficiency: 52% / LogL: -75578
Threads: 6 / Time: 22.794 sec / Speedup: 2.565 / Efficiency: 43% / LogL: -75578
Determining AUTO threadcount: done in 188.291 secs using 261.5% CPU
BEST NUMBER OF THREADS: 5

Perform fast likelihood tree search using LG+I+G model...
Estimate model parameters (epsilon = 5.000)
Perform nearest neighbor interchange...
Estimate model parameters (epsilon = 1.000)
1. Initial log-likelihood: -41142.996
Optimal log-likelihood: -41142.866
Proportion of invariable sites: 0.048
Gamma shape alpha: 1.021
Parameters optimization took 1 rounds (0.955 sec)
Time for fast ML tree search: 10.023 seconds

NOTE: ModelFinder requires 102 MB RAM!
ModelFinder will test up to 1232 protein models (sample size: 696 epsilon: 0.100) ...
 No. Model         -LnL         df  AIC          AICc         BIC
  1  LG            43461.849    195 87313.698    87466.578    88200.042
  2  LG+I          43013.481    196 86418.961    86573.719    87309.850
  3  LG+G4         41164.619    196 82721.238    82875.996    83612.127
  4  LG+I+G4       41142.919    197 82679.839    82836.489    83575.273
  5  LG+R2         41699.922    197 83793.844    83950.495    84689.278
  6  LG+R3         41283.031    199 82964.063    83124.546    83868.587
  7  LG+R4         41155.609    201 82713.217    82877.598    83626.833
  8  LG+R5         41078.682    203 82563.364    82731.705    83486.070
  9  LG+R6         41065.676    205 82541.352    82713.720    83473.149
 10  LG+R7         41060.878    207 82535.755    82712.214    83476.642
 14  LG+I+R2       41517.768    198 83431.536    83590.095    84331.515
 15  LG+I+R3       41207.494    200 82814.988    82977.412    83724.058
 16  LG+I+R4       41123.369    202 82650.739    82817.091    83568.899
 17  LG+I+R5       41075.367    204 82558.734    82729.080    83485.986
 18  LG+I+R6       41062.638    206 82537.276    82711.681    83473.619
 19  LG+I+R7       41058.561    208 82533.122    82711.652    83478.555
 31  LG+F+R6       40760.581    224 81969.163    82183.176    82987.321
 32  LG+F+R7       40755.949    226 81963.898    82182.670    82991.147
 40  LG+F+I+R6     40761.127    225 81972.254    82188.637    82994.958
 41  LG+F+I+R7     40756.645    227 81967.290    82188.470    82999.084
 53  WAG+R6        41389.609    205 83189.219    83361.586    84121.015
 54  WAG+R7        41384.997    207 83183.995    83360.454    84124.882
 62  WAG+I+R6      41381.959    206 83175.918    83350.323    84112.260
 63  WAG+I+R7      41381.981    208 83179.963    83358.493    84125.396
 75  WAG+F+R6      40950.982    224 82349.964    82563.977    83368.123
 76  WAG+F+R7      40949.162    226 82350.323    82569.095    83377.572
 84  WAG+F+I+R6    40948.966    225 82347.933    82564.316    83370.636
 85  WAG+F+I+R7    40944.227    227 82342.453    82563.633    83374.248
 97  JTT+R6        41540.886    205 83491.771    83664.139    84423.568
 98  JTT+R7        41534.811    207 83483.622    83660.081    84424.509
106  JTT+I+R6      41536.343    206 83484.686    83659.091    84421.028
107  JTT+I+R7      41531.752    208 83479.504    83658.034    84424.937
119  JTT+F+R6      41166.151    224 82780.302    82994.314    83798.460
120  JTT+F+R7      41163.028    226 82778.056    82996.828    83805.305
128  JTT+F+I+R6    41165.107    225 82780.213    82996.596    83802.917
129  JTT+F+I+R7    41159.719    227 82773.439    82994.618    83805.233
141  Q.PFAM+R6     40980.179    205 82370.357    82542.724    83302.154
142  Q.PFAM+R7     40977.544    207 82369.088    82545.547    83309.976
150  Q.PFAM+I+R6   40976.908    206 82365.816    82540.221    83302.158
151  Q.PFAM+I+R7   40973.458    208 82362.917    82541.447    83308.350
163  Q.PFAM+F+R6   40805.030    224 82058.060    82272.073    83076.218
164  Q.PFAM+F+R7   40802.603    226 82057.206    82275.978    83084.455
172  Q.PFAM+F+I+R6 40805.140    225 82060.280    82276.663    83082.984
173  Q.PFAM+F+I+R7 40800.217    227 82054.435    82275.614    83086.229
185  Q.BIRD+R6     42258.860    205 84927.720    85100.087    85859.516
186  Q.BIRD+R7     42254.054    207 84922.108    85098.567    85862.996
194  Q.BIRD+I+R6   42255.035    206 84922.070    85096.475    85858.412
195  Q.BIRD+I+R7   42249.467    208 84914.934    85093.464    85860.367
207  Q.BIRD+F+R6   41976.771    224 84401.542    84615.555    85419.701
208  Q.BIRD+F+R7   41965.741    226 84383.483    84602.255    85410.732
216  Q.BIRD+F+I+R6 41980.854    225 84411.709    84628.092    85434.412
217  Q.BIRD+F+I+R7 41971.744    227 84397.488    84618.668    85429.283
229  Q.MAMMAL+R6   42035.309    205 84480.618    84652.985    85412.415
230  Q.MAMMAL+R7   42031.907    207 84477.814    84654.273    85418.701
238  Q.MAMMAL+I+R6 42030.475    206 84472.950    84647.355    85409.292
239  Q.MAMMAL+I+R7 42026.148    208 84468.295    84646.825    85413.728
251  Q.MAMMAL+F+R6 41705.349    224 83858.699    84072.711    84876.857
252  Q.MAMMAL+F+R7 41697.270    226 83846.539    84065.311    84873.788
260  Q.MAMMAL+F+I+R6 41707.147    225 83864.295    84080.678    84886.998
261  Q.MAMMAL+F+I+R7 41700.765    227 83855.530    84076.709    84887.324
273  Q.INSECT+R6   41459.672    205 83329.343    83501.711    84261.140
274  Q.INSECT+R7   41455.010    207 83324.020    83500.479    84264.907
282  Q.INSECT+I+R6 41455.999    206 83323.998    83498.403    84260.340
283  Q.INSECT+I+R7 41451.478    208 83318.957    83497.486    84264.389
295  Q.INSECT+F+R6 40953.976    224 82355.951    82569.964    83374.109
296  Q.INSECT+F+R7 40951.641    226 82355.282    82574.054    83382.531
304  Q.INSECT+F+I+R6 40952.855    225 82355.709    82572.092    83378.413
305  Q.INSECT+F+I+R7 40946.980    227 82347.960    82569.140    83379.755
317  Q.PLANT+R6    41475.435    205 83360.869    83533.236    84292.666
318  Q.PLANT+R7    41471.141    207 83356.281    83532.740    84297.169
326  Q.PLANT+I+R6  41472.927    206 83357.853    83532.258    84294.195
327  Q.PLANT+I+R7  41465.045    208 83346.090    83524.620    84291.523
339  Q.PLANT+F+R6  41231.020    224 82910.040    83124.053    83928.198
340  Q.PLANT+F+R7  41225.700    226 82903.401    83122.173    83930.650
348  Q.PLANT+F+I+R6 41231.181    225 82912.363    83128.746    83935.066
349  Q.PLANT+F+I+R7 41223.520    227 82901.039    83122.219    83932.833
361  Q.YEAST+R6    41468.796    205 83347.592    83519.959    84279.388
362  Q.YEAST+R7    41465.011    207 83344.022    83520.481    84284.909
370  Q.YEAST+I+R6  41465.654    206 83343.308    83517.713    84279.650
371  Q.YEAST+I+R7  41460.371    208 83336.741    83515.271    84282.174
383  Q.YEAST+F+R6  40830.410    224 82108.820    82322.833    83126.978
384  Q.YEAST+F+R7  40828.120    226 82108.240    82327.012    83135.489
392  Q.YEAST+F+I+R6 40829.532    225 82109.064    82325.447    83131.767
393  Q.YEAST+F+I+R7 40823.760    227 82101.520    82322.700    83133.314
405  JTTDCMUT+R6   41547.352    205 83504.705    83677.072    84436.501
406  JTTDCMUT+R7   41541.582    207 83497.163    83673.622    84438.051
414  JTTDCMUT+I+R6 41542.640    206 83497.280    83671.685    84433.622
415  JTTDCMUT+I+R7 41538.661    208 83493.322    83671.851    84438.754
427  JTTDCMUT+F+R6 41164.796    224 82777.592    82991.605    83795.751
428  JTTDCMUT+F+R7 41162.272    226 82776.544    82995.316    83803.793
436  JTTDCMUT+F+I+R6 41163.000    225 82776.000    82992.383    83798.704
437  JTTDCMUT+F+I+R7 41157.885    227 82769.770    82990.949    83801.564
449  DCMUT+R6      41891.844    205 84193.688    84366.055    85125.484
450  DCMUT+R7      41887.053    207 84188.105    84364.565    85128.993
458  DCMUT+I+R6    41889.416    206 84190.831    84365.236    85127.173
459  DCMUT+I+R7    41886.674    208 84189.348    84367.878    85134.781
471  DCMUT+F+R6    41247.349    224 82942.697    83156.710    83960.856
472  DCMUT+F+R7    41244.289    226 82940.578    83159.350    83967.827
480  DCMUT+F+I+R6  41245.600    225 82941.200    83157.583    83963.904
481  DCMUT+F+I+R7  41242.768    227 82939.535    83160.715    83971.330
493  VT+R6         41474.639    205 83359.277    83531.645    84291.074
494  VT+R7         41471.878    207 83357.756    83534.215    84298.644
502  VT+I+R6       41469.279    206 83350.557    83524.962    84286.899
503  VT+I+R7       41467.674    208 83351.347    83529.877    84296.780
515  VT+F+R6       41045.148    224 82538.296    82752.308    83556.454
516  VT+F+R7       41044.436    226 82540.873    82759.645    83568.122
524  VT+F+I+R6     41042.484    225 82534.968    82751.351    83557.672
525  VT+F+I+R7     41042.001    227 82538.003    82759.182    83569.797
537  PMB+R6        41570.143    205 83550.287    83722.654    84482.084
538  PMB+R7        41568.815    207 83551.629    83728.088    84492.516
546  PMB+I+R6      41565.040    206 83542.080    83716.485    84478.422
547  PMB+I+R7      41564.792    208 83545.585    83724.114    84491.017
559  PMB+F+R6      41306.910    224 83061.821    83275.834    84079.979
560  PMB+F+R7      41306.122    226 83064.244    83283.016    84091.493
568  PMB+F+I+R6    41304.297    225 83058.594    83274.977    84081.298
569  PMB+F+I+R7    41303.967    227 83061.933    83283.113    84093.728
581  BLOSUM62+R6   41582.222    205 83574.444    83746.811    84506.240
582  BLOSUM62+R7   41581.435    207 83576.871    83753.330    84517.758
590  BLOSUM62+I+R6 41577.549    206 83567.099    83741.504    84503.441
591  BLOSUM62+I+R7 41577.423    208 83570.847    83749.376    84516.279
603  BLOSUM62+F+R6 41258.185    224 82964.369    83178.382    83982.528
604  BLOSUM62+F+R7 41257.704    226 82967.408    83186.180    83994.657
612  BLOSUM62+F+I+R6 41256.385    225 82962.770    83179.153    83985.474
613  BLOSUM62+F+I+R7 41256.089    227 82966.178    83187.358    83997.973
625  DAYHOFF+R6    41899.222    205 84208.444    84380.811    85140.241
626  DAYHOFF+R7    41887.499    207 84188.999    84365.458    85129.886
634  DAYHOFF+I+R6  41893.443    206 84198.887    84373.292    85135.229
635  DAYHOFF+I+R7  41884.930    208 84185.860    84364.390    85131.293
647  DAYHOFF+F+R6  41245.434    224 82938.868    83152.881    83957.027
648  DAYHOFF+F+R7  41243.168    226 82938.335    83157.107    83965.584
656  DAYHOFF+F+I+R6 41244.222    225 82938.443    83154.826    83961.147
657  DAYHOFF+F+I+R7 41242.273    227 82938.545    83159.725    83970.339
669  MTREV+R6      42673.992    205 85757.984    85930.351    86689.780
670  MTREV+R7      42667.174    207 85748.348    85924.807    86689.235
678  MTREV+I+R6    42676.191    206 85764.382    85938.787    86700.724
679  MTREV+I+R7    42670.407    208 85756.813    85935.343    86702.246
691  MTREV+F+R6    41690.921    224 83829.843    84043.856    84848.001
692  MTREV+F+R7    41682.247    226 83816.495    84035.266    84843.744
700  MTREV+F+I+R6  41694.423    225 83838.845    84055.228    84861.549
701  MTREV+F+I+R7  41685.228    227 83824.456    84045.635    84856.250
713  MTART+R6      42866.186    205 86142.373    86314.740    87074.169
714  MTART+R7      42848.807    207 86111.615    86288.074    87052.502
722  MTART+I+R6    42868.319    206 86148.638    86323.043    87084.980
723  MTART+I+R7    42849.648    208 86115.297    86293.826    87060.729
735  MTART+F+R6    41978.883    224 84405.765    84619.778    85423.923
736  MTART+F+R7    41966.866    226 84385.732    84604.504    85412.981
744  MTART+F+I+R6  41981.928    225 84413.856    84630.239    85436.559
745  MTART+F+I+R7  41969.381    227 84392.763    84613.942    85424.557
757  MTZOA+R6      41701.712    205 83813.423    83985.791    84745.220
758  MTZOA+R7      41684.744    207 83783.488    83959.947    84724.375
766  MTZOA+I+R6    41703.473    206 83818.946    83993.351    84755.288
767  MTZOA+I+R7    41686.736    208 83789.471    83968.001    84734.904
779  MTZOA+F+R6    41312.556    224 83073.111    83287.124    84091.270
780  MTZOA+F+R7    41298.129    226 83048.257    83267.029    84075.506
788  MTZOA+F+I+R6  41314.765    225 83079.531    83295.914    84102.234
789  MTZOA+F+I+R7  41300.584    227 83055.169    83276.348    84086.963
801  MTMET+R6      42656.676    205 85723.353    85895.720    86655.150
802  MTMET+R7      42645.500    207 85705.000    85881.459    86645.888
810  MTMET+I+R6    42656.749    206 85725.497    85899.902    86661.839
811  MTMET+I+R7    42645.879    208 85707.758    85886.288    86653.191
823  MTMET+F+R6    41498.952    224 83445.904    83659.917    84464.063
824  MTMET+F+R7    41490.272    226 83432.543    83651.315    84459.792
832  MTMET+F+I+R6  41501.029    225 83452.059    83668.441    84474.762
833  MTMET+F+I+R7  41492.387    227 83438.774    83659.953    84470.568
845  MTVER+R6      42946.016    205 86302.031    86474.398    87233.828
846  MTVER+R7      42933.953    207 86281.906    86458.365    87222.793
854  MTVER+I+R6    42946.576    206 86305.153    86479.558    87241.495
855  MTVER+I+R7    42933.969    208 86283.939    86462.469    87229.372
867  MTVER+F+R6    42025.258    224 84498.515    84712.528    85516.673
868  MTVER+F+R7    42009.393    226 84470.785    84689.557    85498.034
876  MTVER+F+I+R6  42026.197    225 84502.395    84718.778    85525.099
877  MTVER+F+I+R7  42009.691    227 84473.382    84694.561    85505.176
889  MTINV+R6      42819.041    205 86048.081    86220.449    86979.878
890  MTINV+R7      42813.931    207 86041.862    86218.321    86982.750
898  MTINV+I+R6    42818.940    206 86049.880    86224.285    86986.222
899  MTINV+I+R7    42813.248    208 86042.496    86221.026    86987.929
911  MTINV+F+R6    41120.407    224 82688.815    82902.827    83706.973
912  MTINV+F+R7    41114.593    226 82681.186    82899.958    83708.435
920  MTINV+F+I+R6  41121.173    225 82692.346    82908.729    83715.050
921  MTINV+F+I+R7  41114.344    227 82682.689    82903.868    83714.483
933  MTMAM+R6      43584.207    205 87578.413    87750.781    88510.210
934  MTMAM+R7      43572.505    207 87559.011    87735.470    88499.898
942  MTMAM+I+R6    43596.894    206 87605.788    87780.193    88542.130
943  MTMAM+I+R7    43569.968    208 87555.935    87734.465    88501.368
955  MTMAM+F+R6    42723.431    224 85894.863    86108.875    86913.021
956  MTMAM+F+R7    42706.916    226 85865.832    86084.604    86893.082
964  MTMAM+F+I+R6  42733.195    225 85916.389    86132.772    86939.093
965  MTMAM+F+I+R7  42706.623    227 85867.245    86088.425    86899.039
977  FLAVI+R6      43045.061    205 86500.122    86672.489    87431.919
978  FLAVI+R7      43035.960    207 86485.920    86662.379    87426.807
986  FLAVI+I+R6    43042.905    206 86497.809    86672.214    87434.151
987  FLAVI+I+R7    43033.357    208 86482.714    86661.243    87428.146
999  FLAVI+F+R6    43056.672    224 86561.343    86775.356    87579.501
1000  FLAVI+F+R7    43038.302    226 86528.605    86747.377    87555.854
1008  FLAVI+F+I+R6  43054.539    225 86559.078    86775.461    87581.782
1009  FLAVI+F+I+R7  43036.992    227 86527.984    86749.163    87559.778
1021  HIVB+R6       42741.950    205 85893.899    86066.267    86825.696
1022  HIVB+R7       42739.420    207 85892.841    86069.300    86833.728
1030  HIVB+I+R6     42736.792    206 85885.585    86059.990    86821.927
1031  HIVB+I+R7     42730.590    208 85877.180    86055.710    86822.613
1043  HIVB+F+R6     42209.568    224 84867.137    85081.150    85885.295
1044  HIVB+F+R7     42201.251    226 84854.502    85073.274    85881.751
1052  HIVB+F+I+R6   42207.403    225 84864.806    85081.189    85887.510
1053  HIVB+F+I+R7   42199.359    227 84852.718    85073.897    85884.512
1065  HIVW+R6       44686.194    205 89782.388    89954.755    90714.184
1066  HIVW+R7       44675.228    207 89764.456    89940.915    90705.343
1074  HIVW+I+R6     44675.758    206 89763.516    89937.921    90699.858
1075  HIVW+I+R7     44671.328    208 89758.657    89937.186    90704.089
1087  HIVW+F+R6     43309.197    224 87066.393    87280.406    88084.552
1088  HIVW+F+R7     43299.957    226 87051.914    87270.686    88079.163
1096  HIVW+F+I+R6   43305.965    225 87061.930    87278.313    88084.633
1097  HIVW+F+I+R7   43298.049    227 87050.099    87271.278    88081.893
1109  FLU+R6        42541.899    205 85493.798    85666.165    86425.595
1110  FLU+R7        42534.288    207 85482.576    85659.035    86423.464
1118  FLU+I+R6      42540.375    206 85492.750    85667.155    86429.093
1119  FLU+I+R7      42532.774    208 85481.548    85660.078    86426.981
1131  FLU+F+R6      41801.354    224 84050.707    84264.720    85068.866
1132  FLU+F+R7      41791.757    226 84035.514    84254.286    85062.763
1140  FLU+F+I+R6    41802.880    225 84055.760    84272.143    85078.463
1141  FLU+F+I+R7    41791.865    227 84037.731    84258.910    85069.525
1153  RTREV+R6      41758.413    205 83926.826    84099.194    84858.623
1154  RTREV+R7      41755.992    207 83925.984    84102.443    84866.871
1162  RTREV+I+R6    41754.936    206 83921.871    84096.276    84858.213
1163  RTREV+I+R7    41753.998    208 83923.995    84102.525    84869.428
1175  RTREV+F+R6    41064.760    224 82577.520    82791.533    83595.679
1176  RTREV+F+R7    41063.830    226 82579.660    82798.432    83606.909
1184  RTREV+F+I+R6  41064.214    225 82578.428    82794.811    83601.132
1185  RTREV+F+I+R7  41062.830    227 82579.659    82800.839    83611.454
1197  CPREV+R6      41586.364    205 83582.728    83755.096    84514.525
1198  CPREV+R7      41584.140    207 83582.281    83758.740    84523.168
1206  CPREV+I+R6    41581.429    206 83574.858    83749.263    84511.200
1207  CPREV+I+R7    41580.841    208 83577.682    83756.212    84523.115
1219  CPREV+F+R6    41083.255    224 82614.511    82828.523    83632.669
1220  CPREV+F+R7    41082.729    226 82617.457    82836.229    83644.706
1228  CPREV+F+I+R6  41080.746    225 82611.492    82827.875    83634.196
1229  CPREV+F+I+R7  41080.581    227 82615.161    82836.341    83646.956
Akaike Information Criterion:           LG+F+R7
Corrected Akaike Information Criterion: LG+F+R7
Bayesian Information Criterion:         LG+F+R6
Best-fit model: LG+F+R6 chosen according to BIC

All model information printed to training_data/prot_M11335_99_696.phy/output_files/iqtree/inference/pars_5.model.gz
CPU time for ModelFinder: 22348.339 seconds (6h:12m:28s)
Wall-clock time for ModelFinder: 5250.597 seconds (1h:27m:30s)

NOTE: 61 MB RAM (0 GB) is required!
Estimate model parameters (epsilon = 0.010)
1. Initial log-likelihood: -40775.896
2. Current log-likelihood: -40761.493
3. Current log-likelihood: -40759.743
4. Current log-likelihood: -40758.969
5. Current log-likelihood: -40758.868
6. Current log-likelihood: -40758.856
Optimal log-likelihood: -40758.848
Site proportion and rates:  (0.127,0.035) (0.214,0.229) (0.286,0.523) (0.183,1.230) (0.157,2.270) (0.033,6.449)
Parameters optimization took 6 rounds (19.703 sec)
Wrote distance file to... 
BEST SCORE FOUND : -40758.848
Total tree length: 42.918

Total number of iterations: 0
CPU time used for tree search: 0.000 sec (0h:0m:0s)
Wall-clock time used for tree search: 0.000 sec (0h:0m:0s)
Total CPU time used: 22435.370 sec (6h:13m:55s)
Total wall-clock time used: 5270.588 sec (1h:27m:50s)

Analysis results written to: 
  IQ-TREE report:                training_data/prot_M11335_99_696.phy/output_files/iqtree/inference/pars_5.iqtree
  Maximum-likelihood tree:       training_data/prot_M11335_99_696.phy/output_files/iqtree/inference/pars_5.treefile
  Screen log file:               training_data/prot_M11335_99_696.phy/output_files/iqtree/inference/pars_5.log

Date and Time: Fri Oct  3 08:43:38 2025
ee/inference/pars_5.log

Date and Time: Fri Oct  3 08:43:38 2025
