IQ-TREE version 3.0.1 for Linux x86 64-bit built Sep 23 2025
Developed by Bui Quang Minh, Thomas Wong, Nhan Ly-Trong, Huaiyan Ren
Contributed by Lam-Tung Nguyen, Dominik Schrempf, Chris Bielow,
Olga Chernomor, Michael Woodhams, Diep Thi Hoang, Heiko Schmidt

Host:    cnode04.hpc.vast.vn (AVX512, FMA3, 125 GB RAM)
Command: /datausers/ioit/thaontp/tranthanhvan235/iqtree3/build/iqtree3 -s /datausers/ioit/thaontp/tranthanhvan235/data_treebase/DIU_TRAINING_DATA/data4/prot_M11335_99_696.phy -pre training_data/prot_M11335_99_696.phy/output_files/iqtree/inference/pars_4 -seed 4 -ninit 1 -T 1 -redo -n 0 -nt AUTO
Seed:    4 (Using SPRNG - Scalable Parallel Random Number Generator)
Time:    Fri Oct  3 09:37:52 2025
Kernel:  AVX+FMA - auto-detect threads (56 CPU cores detected)

Reading alignment file /datausers/ioit/thaontp/tranthanhvan235/data_treebase/DIU_TRAINING_DATA/data4/prot_M11335_99_696.phy ... Phylip format detected
Alignment most likely contains protein sequences
Constructing alignment: done in 0.00600684 secs using 2900% CPU
Alignment has 99 sequences with 696 columns, 651 distinct patterns
518 parsimony-informative, 66 singleton sites, 112 constant sites
                                                Gap/Ambiguity  Composition  p-value
Analyzing sequences: done in 0.0470739 secs using 2414% CPU
   1  Acaryochloris_marina_MBIC11017                   29.60%    passed     79.61%
   2  Afipia_sp._1NLS2                                 27.87%    passed     98.08%
   3  Ahrensia_sp._R2A130                              27.30%    passed     86.10%
   4  Anaerolinea_thermophila_UNI-1                    27.44%    passed     45.51%
   5  Aquifex_aeolicus_VF5                             29.45%    failed      1.08%
   6  Arthrobacter_sp._FB24                            28.88%    failed      0.01%
   7  Bacteriovorax_marinus_SJ                         26.01%    failed      4.76%
   8  Bradyrhizobium_japonicum_USDA_110                27.87%    passed     59.56%
   9  Bradyrhizobium_sp._BTAi1                         27.87%    passed     96.74%
  10  Bradyrhizobium_sp._ORS278                        27.87%    passed     94.05%
  11  Candidatus_Nitrospira_defluvii                   25.00%    passed     34.62%
  12  Candidatus_Solibacter_usitatus_Ellin6076         24.43%    passed     51.66%
  13  Chlorobaculum_parvum_NCIB_8327                   21.70%    passed     92.38%
  14  Chlorobium_chlorochromatii_CaD3                  21.84%    passed     99.35%
  15  Chlorobium_ferrooxidans_DSM_13031                21.55%    passed     86.38%
  16  Chlorobium_limicola_DSM_245                      21.70%    passed     98.17%
  17  Chlorobium_luteolum_DSM_273                      21.70%    passed     91.56%
  18  Chlorobium_phaeobacteroides_BS1                  21.70%    passed     95.39%
  19  Chlorobium_phaeobacteroides_DSM_266              21.70%    passed     97.75%
  20  Chlorobium_tepidum_TLS                           21.70%    passed     86.75%
  21  Chloroherpeton_thalassium_ATCC_35110             21.70%    passed     52.73%
  22  Dehalococcoides_sp._BAV1                         28.59%    passed     99.39%
  23  Dehalococcoides_sp._CBDB1                        28.59%    passed     99.39%
  24  Dehalococcoides_sp._GT                           28.59%    passed     99.21%
  25  Desulfurispirillum_indicum_S5                    27.87%    passed     71.91%
  26  Dietzia_cinnamea_P4                              28.74%    failed      0.00%
  27  Dinoroseobacter_shibae_DFL_12                    26.01%    passed     80.02%
  28  Fulvimarina_pelagi_HTCC2506                      28.16%    passed     47.06%
  29  Geodermatophilus_obscurus_DSM_43160              21.84%    failed      0.00%
  30  Halorhodospira_halophila_SL1                     27.44%    passed     23.24%
  31  Hydrogenivirga_sp._128-5-R1-1                    29.45%    passed     31.43%
  32  Hydrogenobacter_thermophilus_TK-6                29.89%    passed      6.20%
  33  Magnetococcus_sp._MC-1                           28.59%    passed     92.07%
  34  Magnetospirillum_magnetotacticum_MS-1            25.43%    failed      0.00%
  35  Maritimibacter_alkaliphilus_HTCC2654             25.72%    passed     70.30%
  36  Methanococcoides_burtonii_DSM_6242               28.88%    passed     32.96%
  37  Methanohalophilus_mahii_DSM_5219                 28.88%    passed     55.59%
  38  Methanosaeta_thermophila_PT                      27.87%    passed     95.57%
  39  Methylobacterium_populi_BJ001                    29.31%    failed      0.00%
  40  Micromonospora_sp._L5                            28.74%    failed      0.00%
  41  Moritella_sp._PE36                               28.16%    passed     70.23%
  42  Mycobacterium_parascrofulaceum_ATCC_BAA-614      28.74%    failed      0.42%
  43  Mycobacterium_sp._JLS                            28.74%    failed      0.05%
  44  NC10_bacterium_Dutch_sediment                    20.40%    passed     34.49%
  45  Nitrobacter_hamburgensis_X14                     27.87%    passed     69.89%
  46  Nitrobacter_sp._Nb-311A                          27.87%    passed     86.88%
  47  Nitrobacter_winogradskyi_Nb-255                  27.87%    passed     88.08%
  48  Nitrosococcus_oceani_ATCC_19707                  29.45%    failed      0.60%
  49  Nitrosococcus_watsoni_C-113                      29.45%    failed      0.26%
  50  Oceanibulbus_indolifex_HEL-45                    25.29%    passed     39.12%
  51  Oceanibulbus_indolifex_HEL-45A                   28.88%    passed      6.66%
  52  Octadecabacter_antarcticus_307                   26.29%    passed     12.71%
  53  Paracoccus_denitrificans                         26.29%    passed     63.07%
  54  Paracoccus_denitrificans_PD1222                  26.29%    passed     59.47%
  55  Pelodictyon_phaeoclathratiforme_BU-1             21.84%    passed     84.46%
  56  Prosthecochloris_aestuarii_DSM_271               21.70%    passed     73.05%
  57  Prosthecochloris_vibrioformis_DSM_265            21.70%    passed     74.29%
  58  Rhodobacter_sphaeroides_2.4.1                    26.29%    passed     86.25%
  59  Rhodobacter_sphaeroides_ATCC_17025               26.29%    passed     98.25%
  60  Rhodobacter_sphaeroides_ATCC_17029               26.29%    passed     85.26%
  61  Rhodobacterales_bacterium_HTCC2150               26.15%    passed     90.94%
  62  Rhodopseudomonas_palustris_BisA53                27.44%    passed     86.11%
  63  Rhodopseudomonas_palustris_BisB5                 27.44%    passed     68.69%
  64  Rhodopseudomonas_palustris_CGA009                27.44%    passed     71.30%
  65  Rhodopseudomonas_palustris_DX-1                  27.44%    passed     65.23%
  66  Rhodopseudomonas_palustris_TIE-1                 27.44%    passed     74.41%
  67  Rickettsia_africae_ESF-5                         29.17%    failed      0.00%
  68  Rickettsia_akari_str._Hartford                   29.17%    failed      0.00%
  69  Rickettsia_bellii_OSU_85-389                     29.02%    failed      0.00%
  70  Rickettsia_bellii_RML369-C                       29.02%    failed      0.00%
  71  Rickettsia_conorii_str._Malish_7                 29.17%    failed      0.00%
  72  Rickettsia_endosymbiont_of_Ixodes_scapularis     29.17%    failed      0.00%
  73  Rickettsia_felis_URRWXCal2                       29.17%    failed      0.00%
  74  Rickettsia_massiliae_MTU5                        29.17%    failed      0.00%
  75  Rickettsia_peacockii_str._Rustic                 29.17%    failed      0.00%
  76  Rickettsia_prowazekii_Rp22                       29.45%    failed      0.00%
  77  Rickettsia_prowazekii_str._Madrid_E              29.45%    failed      0.00%
  78  Rickettsia_rickettsii_str._Sheila_Smith          29.17%    failed      0.00%
  79  Rickettsia_sibirica_246                          29.17%    failed      0.00%
  80  Rickettsia_typhi_str._Wilmington                 29.02%    failed      0.00%
  81  Roseobacter_denitrificans_OCh_114                26.29%    passed     52.30%
  82  Roseobacter_litoralis_Och_149                    26.29%    passed     55.86%
  83  Rubrobacter_xylanophilus_DSM_9941                30.03%    failed      0.00%
  84  Salinispora_arenicola_CNS-205                    28.74%    failed      0.00%
  85  Salinispora_tropica_CNB-440                      28.74%    failed      0.00%
  86  Sinorhizobium_fredii_NGR234                      29.45%    passed     92.78%
  87  Sinorhizobium_medicae_WSM419                     29.45%    passed     97.18%
  88  Sinorhizobium_meliloti_1021                      29.45%    passed     95.54%
  89  Streptomyces_cf._griseus_XylebKG-1               28.02%    failed      0.00%
  90  Streptomyces_griseus_subsp._griseus_NBRC_13350   28.02%    failed      0.00%
  91  Streptosporangium_roseum_DSM_43021               26.87%    passed     50.81%
  92  Streptosporangium_roseum_DSM_43021A              28.74%    failed      0.00%
  93  Sulfitobacter_sp._NAS-14.1                       32.61%    passed     71.39%
  94  Sulfitobacter_sp._NAS-14.1A                      30.17%    passed     30.29%
  95  Sulfurihydrogenibium_azorense_Az-Fu1             27.87%    failed      0.55%
  96  Sulfurihydrogenibium_sp._YO3AOP1                 27.87%    failed      0.08%
  97  Thalassiobium_sp._R2A62                          26.29%    passed     61.77%
  98  Thermomicrobium_roseum_DSM_5159                  24.71%    failed      1.16%
  99  Thermovibrio_ammonificans_HB-1                   30.75%    passed     49.76%
****  TOTAL                                            27.19%  35 sequences failed composition chi2 test (p-value<5%; df=19)
Checking for duplicate sequences: done in 0.0750198 secs using 2026% CPU


Create initial parsimony tree by phylogenetic likelihood library (PLL)... 0.097 seconds
Measuring multi-threading efficiency up to 56 CPU cores
Increase to 10 rounds for branch lengths
13 trees examined
Threads: 1 / Time: 57.394 sec / Speedup: 1.000 / Efficiency: 100% / LogL: -75028
Threads: 2 / Time: 33.616 sec / Speedup: 1.707 / Efficiency: 85% / LogL: -75028
Threads: 3 / Time: 28.130 sec / Speedup: 2.040 / Efficiency: 68% / LogL: -75028
Threads: 4 / Time: 24.309 sec / Speedup: 2.361 / Efficiency: 59% / LogL: -75028
Threads: 5 / Time: 29.622 sec / Speedup: 1.938 / Efficiency: 39% / LogL: -75028
Determining AUTO threadcount: done in 173.12 secs using 226.3% CPU
BEST NUMBER OF THREADS: 4

Perform fast likelihood tree search using LG+I+G model...
Estimate model parameters (epsilon = 5.000)
Perform nearest neighbor interchange...
Estimate model parameters (epsilon = 1.000)
1. Initial log-likelihood: -41172.466
Optimal log-likelihood: -41172.453
Proportion of invariable sites: 0.047
Gamma shape alpha: 1.011
Parameters optimization took 1 rounds (0.788 sec)
Time for fast ML tree search: 7.545 seconds

NOTE: ModelFinder requires 102 MB RAM!
ModelFinder will test up to 1232 protein models (sample size: 696 epsilon: 0.100) ...
 No. Model         -LnL         df  AIC          AICc         BIC
  1  LG            43483.508    195 87357.016    87509.896    88243.359
  2  LG+I          43036.189    196 86464.379    86619.136    87355.267
  3  LG+G4         41191.370    196 82774.741    82929.498    83665.629
  4  LG+I+G4       41172.513    197 82739.026    82895.676    83634.460
  5  LG+R2         41729.164    197 83852.329    84008.979    84747.763
  6  LG+R3         41309.980    199 83017.961    83178.444    83922.485
  7  LG+R4         41189.809    201 82781.618    82945.998    83695.233
  8  LG+R5         41112.905    203 82631.810    82800.151    83554.516
  9  LG+R6         41099.386    205 82608.771    82781.138    83540.568
 10  LG+R7         41095.097    207 82604.194    82780.653    83545.081
 14  LG+I+R2       41542.227    198 83480.454    83639.013    84380.433
 15  LG+I+R3       41235.473    200 82870.947    83033.371    83780.017
 16  LG+I+R4       41153.800    202 82711.601    82877.954    83629.761
 17  LG+I+R5       41108.131    204 82624.262    82794.608    83551.513
 18  LG+I+R6       41095.105    206 82602.211    82776.616    83538.553
 19  LG+I+R7       41091.502    208 82599.003    82777.533    83544.436
 31  LG+F+R6       40788.922    224 82025.843    82239.856    83044.002
 32  LG+F+R7       40786.934    226 82025.868    82244.640    83053.117
 40  LG+F+I+R6     40788.742    225 82027.484    82243.867    83050.188
 41  LG+F+I+R7     40783.712    227 82021.425    82242.604    83053.219
 53  WAG+R6        41424.727    205 83259.455    83431.822    84191.251
 54  WAG+R7        41421.068    207 83256.137    83432.596    84197.024
 62  WAG+I+R6      41415.798    206 83243.597    83418.002    84179.939
 63  WAG+I+R7      41415.224    208 83246.449    83424.979    84191.882
 75  WAG+F+R6      40978.181    224 82404.362    82618.375    83422.520
 76  WAG+F+R7      40975.419    226 82402.837    82621.609    83430.086
 84  WAG+F+I+R6    40973.847    225 82397.695    82614.078    83420.399
 85  WAG+F+I+R7    40970.747    227 82395.495    82616.674    83427.289
 97  JTT+R6        41574.013    205 83558.025    83730.393    84489.822
 98  JTT+R7        41569.733    207 83553.466    83729.925    84494.353
106  JTT+I+R6      41567.993    206 83547.986    83722.391    84484.328
107  JTT+I+R7      41564.181    208 83544.362    83722.891    84489.794
119  JTT+F+R6      41195.314    224 82838.627    83052.640    83856.786
120  JTT+F+R7      41192.723    226 82837.445    83056.217    83864.694
128  JTT+F+I+R6    41193.584    225 82837.168    83053.551    83859.871
129  JTT+F+I+R7    41188.852    227 82831.703    83052.883    83863.498
141  Q.PFAM+R6     41013.068    205 82436.137    82608.504    83367.933
142  Q.PFAM+R7     41010.338    207 82434.675    82611.134    83375.563
150  Q.PFAM+I+R6   41008.780    206 82429.559    82603.964    83365.901
151  Q.PFAM+I+R7   41006.497    208 82428.995    82607.525    83374.428
163  Q.PFAM+F+R6   40832.216    224 82112.431    82326.444    83130.590
164  Q.PFAM+F+R7   40829.822    226 82111.643    82330.415    83138.892
172  Q.PFAM+F+I+R6 40832.145    225 82114.291    82330.674    83136.994
173  Q.PFAM+F+I+R7 40827.978    227 82109.956    82331.136    83141.750
185  Q.BIRD+R6     42288.581    205 84987.162    85159.529    85918.959
186  Q.BIRD+R7     42284.430    207 84982.860    85159.319    85923.748
194  Q.BIRD+I+R6   42284.497    206 84980.995    85155.400    85917.337
195  Q.BIRD+I+R7   42278.075    208 84972.149    85150.679    85917.582
207  Q.BIRD+F+R6   42004.129    224 84456.258    84670.271    85474.416
208  Q.BIRD+F+R7   41995.525    226 84443.050    84661.822    85470.299
216  Q.BIRD+F+I+R6 42009.136    225 84468.271    84684.654    85490.975
217  Q.BIRD+F+I+R7 41998.575    227 84451.150    84672.329    85482.944
229  Q.MAMMAL+R6   42065.150    205 84540.299    84712.667    85472.096
230  Q.MAMMAL+R7   42061.498    207 84536.996    84713.455    85477.884
238  Q.MAMMAL+I+R6 42059.930    206 84531.860    84706.265    85468.202
239  Q.MAMMAL+I+R7 42054.531    208 84525.062    84703.592    85470.495
251  Q.MAMMAL+F+R6 41736.136    224 83920.273    84134.286    84938.431
252  Q.MAMMAL+F+R7 41726.519    226 83905.038    84123.810    84932.287
260  Q.MAMMAL+F+I+R6 41736.183    225 83922.365    84138.748    84945.069
261  Q.MAMMAL+F+I+R7 41727.939    227 83909.879    84131.058    84941.673
273  Q.INSECT+R6   41496.883    205 83403.767    83576.134    84335.564
274  Q.INSECT+R7   41490.133    207 83394.266    83570.725    84335.153
282  Q.INSECT+I+R6 41492.240    206 83396.479    83570.884    84332.821
283  Q.INSECT+I+R7 41487.104    208 83390.208    83568.738    84335.641
295  Q.INSECT+F+R6 40985.493    224 82418.986    82632.999    83437.145
296  Q.INSECT+F+R7 40982.593    226 82417.186    82635.958    83444.435
304  Q.INSECT+F+I+R6 40983.634    225 82417.268    82633.651    83439.972
305  Q.INSECT+F+I+R7 40978.203    227 82410.407    82631.586    83442.201
317  Q.PLANT+R6    41508.698    205 83427.396    83599.763    84359.192
318  Q.PLANT+R7    41501.775    207 83417.549    83594.008    84358.437
326  Q.PLANT+I+R6  41504.859    206 83421.718    83596.123    84358.060
327  Q.PLANT+I+R7  41496.698    208 83409.396    83587.926    84354.829
339  Q.PLANT+F+R6  41260.965    224 82969.929    83183.942    83988.088
340  Q.PLANT+F+R7  41254.902    226 82961.804    83180.576    83989.053
348  Q.PLANT+F+I+R6 41260.572    225 82971.143    83187.526    83993.847
349  Q.PLANT+F+I+R7 41251.854    227 82957.708    83178.888    83989.503
361  Q.YEAST+R6    41505.834    205 83421.668    83594.035    84353.465
362  Q.YEAST+R7    41499.690    207 83413.380    83589.839    84354.267
370  Q.YEAST+I+R6  41502.129    206 83416.258    83590.663    84352.600
371  Q.YEAST+I+R7  41496.076    208 83408.152    83586.682    84353.585
383  Q.YEAST+F+R6  40861.339    224 82170.679    82384.691    83188.837
384  Q.YEAST+F+R7  40858.004    226 82168.007    82386.779    83195.256
392  Q.YEAST+F+I+R6 40860.134    225 82170.268    82386.651    83192.972
393  Q.YEAST+F+I+R7 40854.872    227 82163.744    82384.924    83195.539
405  JTTDCMUT+R6   41579.956    205 83569.912    83742.279    84501.708
406  JTTDCMUT+R7   41574.986    207 83563.971    83740.430    84504.858
414  JTTDCMUT+I+R6 41574.572    206 83561.144    83735.549    84497.486
415  JTTDCMUT+I+R7 41570.977    208 83557.954    83736.484    84503.387
427  JTTDCMUT+F+R6 41193.138    224 82834.276    83048.289    83852.434
428  JTTDCMUT+F+R7 41190.490    226 82832.980    83051.752    83860.229
436  JTTDCMUT+F+I+R6 41191.347    225 82832.694    83049.077    83855.398
437  JTTDCMUT+F+I+R7 41186.728    227 82827.457    83048.636    83859.251
449  DCMUT+R6      41931.319    205 84272.637    84445.005    85204.434
450  DCMUT+R7      41924.095    207 84262.189    84438.648    85203.076
458  DCMUT+I+R6    41925.854    206 84263.708    84438.113    85200.050
459  DCMUT+I+R7    41924.362    208 84264.724    84443.253    85210.156
471  DCMUT+F+R6    41277.133    224 83002.267    83216.280    84020.425
472  DCMUT+F+R7    41273.729    226 82999.458    83218.230    84026.707
480  DCMUT+F+I+R6  41275.035    225 83000.071    83216.454    84022.775
481  DCMUT+F+I+R7  41272.713    227 82999.425    83220.605    84031.220
493  VT+R6         41503.645    205 83417.290    83589.657    84349.086
494  VT+R7         41500.671    207 83415.341    83591.800    84356.229
502  VT+I+R6       41497.705    206 83407.411    83581.816    84343.753
503  VT+I+R7       41496.248    208 83408.496    83587.026    84353.929
515  VT+F+R6       41070.052    224 82588.103    82802.116    83606.261
516  VT+F+R7       41068.633    226 82589.266    82808.038    83616.515
524  VT+F+I+R6     41067.538    225 82585.075    82801.458    83607.779
525  VT+F+I+R7     41064.873    227 82583.745    82804.925    83615.540
537  PMB+R6        41599.466    205 83608.933    83781.300    84540.729
538  PMB+R7        41596.592    207 83607.183    83783.642    84548.071
546  PMB+I+R6      41593.121    206 83598.241    83772.646    84534.583
547  PMB+I+R7      41592.299    208 83600.598    83779.127    84546.030
559  PMB+F+R6      41333.198    224 83114.397    83328.410    84132.555
560  PMB+F+R7      41331.287    226 83114.574    83333.346    84141.823
568  PMB+F+I+R6    41330.735    225 83111.469    83327.852    84134.173
569  PMB+F+I+R7    41329.130    227 83112.260    83333.440    84144.055
581  BLOSUM62+R6   41614.347    205 83638.695    83811.062    84570.492
582  BLOSUM62+R7   41612.188    207 83638.377    83814.836    84579.264
590  BLOSUM62+I+R6 41608.855    206 83629.710    83804.115    84566.052
591  BLOSUM62+I+R7 41607.570    208 83631.140    83809.670    84576.573
603  BLOSUM62+F+R6 41285.909    224 83019.818    83233.831    84037.977
604  BLOSUM62+F+R7 41285.351    226 83022.701    83241.473    84049.950
612  BLOSUM62+F+I+R6 41285.153    225 83020.305    83236.688    84043.009
613  BLOSUM62+F+I+R7 41282.415    227 83018.829    83240.009    84050.623
625  DAYHOFF+R6    41929.391    205 84268.782    84441.149    85200.578
626  DAYHOFF+R7    41925.003    207 84264.006    84440.465    85204.893
634  DAYHOFF+I+R6  41929.849    206 84271.697    84446.102    85208.039
635  DAYHOFF+I+R7  41922.407    208 84260.814    84439.344    85206.247
647  DAYHOFF+F+R6  41275.575    224 82999.150    83213.163    84017.309
648  DAYHOFF+F+R7  41273.063    226 82998.126    83216.898    84025.375
656  DAYHOFF+F+I+R6 41273.922    225 82997.843    83214.226    84020.547
657  DAYHOFF+F+I+R7 41271.765    227 82997.530    83218.709    84029.324
669  MTREV+R6      42713.793    205 85837.586    86009.953    86769.382
670  MTREV+R7      42705.331    207 85824.662    86001.121    86765.550
678  MTREV+I+R6    42715.855    206 85843.709    86018.114    86780.051
679  MTREV+I+R7    42709.090    208 85834.181    86012.710    86779.613
691  MTREV+F+R6    41729.402    224 83906.804    84120.817    84924.963
692  MTREV+F+R7    41719.588    226 83891.176    84109.948    84918.425
700  MTREV+F+I+R6  41733.056    225 83916.112    84132.495    84938.816
701  MTREV+F+I+R7  41723.755    227 83901.510    84122.690    84933.305
713  MTART+R6      42903.074    205 86216.149    86388.516    87147.945
714  MTART+R7      42885.783    207 86185.565    86362.024    87126.453
722  MTART+I+R6    42919.076    206 86250.151    86424.556    87186.493
723  MTART+I+R7    42887.854    208 86191.708    86370.238    87137.141
735  MTART+F+R6    42018.766    224 84485.532    84699.545    85503.690
736  MTART+F+R7    42008.285    226 84468.569    84687.341    85495.818
744  MTART+F+I+R6  42024.135    225 84498.271    84714.654    85520.974
745  MTART+F+I+R7  42010.977    227 84475.954    84697.133    85507.748
757  MTZOA+R6      41736.037    205 83882.074    84054.442    84813.871
758  MTZOA+R7      41717.779    207 83849.557    84026.016    84790.444
766  MTZOA+I+R6    41739.268    206 83890.536    84064.941    84826.878
767  MTZOA+I+R7    41721.299    208 83858.598    84037.128    84804.031
779  MTZOA+F+R6    41350.450    224 83148.901    83362.914    84167.059
780  MTZOA+F+R7    41336.579    226 83125.157    83343.929    84152.406
788  MTZOA+F+I+R6  41354.079    225 83158.158    83374.541    84180.861
789  MTZOA+F+I+R7  41340.589    227 83135.179    83356.358    84166.973
801  MTMET+R6      42690.365    205 85790.730    85963.097    86722.526
802  MTMET+R7      42676.163    207 85766.326    85942.785    86707.213
810  MTMET+I+R6    42691.212    206 85794.424    85968.829    86730.766
811  MTMET+I+R7    42677.342    208 85770.683    85949.213    86716.116
823  MTMET+F+R6    41533.627    224 83515.255    83729.268    84533.413
824  MTMET+F+R7    41524.072    226 83500.144    83718.916    84527.393
832  MTMET+F+I+R6  41537.004    225 83524.007    83740.390    84546.711
833  MTMET+F+I+R7  41527.521    227 83509.042    83730.221    84540.836
845  MTVER+R6      42978.048    205 86366.096    86538.464    87297.893
846  MTVER+R7      42965.881    207 86345.761    86522.220    87286.649
854  MTVER+I+R6    42979.924    206 86371.849    86546.254    87308.191
855  MTVER+I+R7    42966.896    208 86349.792    86528.322    87295.225
867  MTVER+F+R6    42056.291    224 84560.583    84774.596    85578.741
868  MTVER+F+R7    42041.773    226 84535.546    84754.318    85562.795
876  MTVER+F+I+R6  42058.176    225 84566.352    84782.735    85589.056
877  MTVER+F+I+R7  42043.487    227 84540.974    84762.154    85572.769
889  MTINV+R6      42856.341    205 86122.682    86295.049    87054.479
890  MTINV+R7      42850.421    207 86114.841    86291.300    87055.728
898  MTINV+I+R6    42856.354    206 86124.708    86299.113    87061.050
899  MTINV+I+R7    42849.803    208 86115.605    86294.135    87061.038
911  MTINV+F+R6    41157.740    224 82763.480    82977.492    83781.638
912  MTINV+F+R7    41151.651    226 82755.302    82974.073    83782.551
920  MTINV+F+I+R6  41158.503    225 82767.005    82983.388    83789.709
921  MTINV+F+I+R7  41151.607    227 82757.214    82978.394    83789.009
933  MTMAM+R6      43624.923    205 87659.845    87832.213    88591.642
934  MTMAM+R7      43617.657    207 87649.314    87825.773    88590.202
942  MTMAM+I+R6    43636.506    206 87685.012    87859.417    88621.354
943  MTMAM+I+R7    43614.301    208 87644.602    87823.132    88590.035
955  MTMAM+F+R6    42763.037    224 85974.074    86188.087    86992.232
956  MTMAM+F+R7    42753.349    226 85958.698    86177.470    86985.947
964  MTMAM+F+I+R6  42768.389    225 85986.778    86203.161    87009.482
965  MTMAM+F+I+R7  42750.598    227 85955.197    86176.376    86986.991
977  FLAVI+R6      43064.668    205 86539.335    86711.702    87471.132
978  FLAVI+R7      43058.989    207 86531.977    86708.436    87472.865
986  FLAVI+I+R6    43062.599    206 86537.198    86711.603    87473.540
987  FLAVI+I+R7    43056.705    208 86529.409    86707.939    87474.842
999  FLAVI+F+R6    43076.551    224 86601.102    86815.115    87619.260
1000  FLAVI+F+R7    43059.472    226 86570.945    86789.717    87598.194
1008  FLAVI+F+I+R6  43075.642    225 86601.284    86817.667    87623.988
1009  FLAVI+F+I+R7  43058.726    227 86571.453    86792.632    87603.247
1021  HIVB+R6       42769.396    205 85948.792    86121.159    86880.589
1022  HIVB+R7       42763.982    207 85941.965    86118.424    86882.852
1030  HIVB+I+R6     42761.643    206 85935.286    86109.691    86871.628
1031  HIVB+I+R7     42761.569    208 85939.138    86117.668    86884.571
1043  HIVB+F+R6     42230.922    224 84909.844    85123.857    85928.002
1044  HIVB+F+R7     42220.546    226 84893.091    85111.863    85920.340
1052  HIVB+F+I+R6   42226.575    225 84903.150    85119.533    85925.854
1053  HIVB+F+I+R7   42218.807    227 84891.614    85112.794    85923.409
1065  HIVW+R6       44723.727    205 89857.453    90029.821    90789.250
1066  HIVW+R7       44712.980    207 89839.961    90016.420    90780.848
1074  HIVW+I+R6     44715.227    206 89842.454    90016.859    90778.796
1075  HIVW+I+R7     44709.499    208 89834.998    90013.528    90780.431
1087  HIVW+F+R6     43337.606    224 87123.212    87337.225    88141.370
1088  HIVW+F+R7     43325.543    226 87103.087    87321.859    88130.336
1096  HIVW+F+I+R6   43334.378    225 87118.757    87335.140    88141.461
1097  HIVW+F+I+R7   43323.864    227 87101.729    87322.908    88133.523
1109  FLU+R6        42572.982    205 85555.965    85728.332    86487.761
1110  FLU+R7        42565.310    207 85544.620    85721.079    86485.507
1118  FLU+I+R6      42572.292    206 85556.585    85730.990    86492.927
1119  FLU+I+R7      42563.956    208 85543.911    85722.441    86489.344
1131  FLU+F+R6      41824.585    224 84097.171    84311.184    85115.329
1132  FLU+F+R7      41813.741    226 84079.483    84298.255    85106.732
1140  FLU+F+I+R6    41827.533    225 84105.066    84321.449    85127.770
1141  FLU+F+I+R7    41813.828    227 84081.656    84302.835    85113.450
1153  RTREV+R6      41792.066    205 83994.131    84166.499    84925.928
1154  RTREV+R7      41788.030    207 83990.060    84166.519    84930.947
1162  RTREV+I+R6    41787.749    206 83987.499    84161.903    84923.841
1163  RTREV+I+R7    41779.751    208 83975.501    84154.031    84920.934
1175  RTREV+F+R6    41093.900    224 82635.800    82849.812    83653.958
1176  RTREV+F+R7    41091.495    226 82634.991    82853.763    83662.240
1184  RTREV+F+I+R6  41093.434    225 82636.869    82853.252    83659.572
1185  RTREV+F+I+R7  41089.782    227 82633.565    82854.744    83665.359
1197  CPREV+R6      41611.947    205 83633.894    83806.261    84565.690
1198  CPREV+R7      41609.904    207 83633.808    83810.267    84574.696
1206  CPREV+I+R6    41605.867    206 83623.734    83798.139    84560.076
1207  CPREV+I+R7    41603.338    208 83622.677    83801.207    84568.110
1219  CPREV+F+R6    41107.138    224 82662.275    82876.288    83680.434
1220  CPREV+F+R7    41105.478    226 82662.956    82881.728    83690.205
1228  CPREV+F+I+R6  41103.427    225 82656.854    82873.237    83679.557
1229  CPREV+F+I+R7  41101.600    227 82657.201    82878.380    83688.995
Akaike Information Criterion:           LG+F+I+R7
Corrected Akaike Information Criterion: LG+F+R6
Bayesian Information Criterion:         LG+F+R6
Best-fit model: LG+F+R6 chosen according to BIC

All model information printed to training_data/prot_M11335_99_696.phy/output_files/iqtree/inference/pars_4.model.gz
CPU time for ModelFinder: 20519.336 seconds (5h:41m:59s)
Wall-clock time for ModelFinder: 6066.493 seconds (1h:41m:6s)

NOTE: 61 MB RAM (0 GB) is required!
Estimate model parameters (epsilon = 0.010)
1. Initial log-likelihood: -40801.742
2. Current log-likelihood: -40789.399
3. Current log-likelihood: -40788.024
4. Current log-likelihood: -40787.244
5. Current log-likelihood: -40787.104
6. Current log-likelihood: -40787.047
7. Current log-likelihood: -40787.009
8. Current log-likelihood: -40786.982
9. Current log-likelihood: -40786.968
10. Current log-likelihood: -40786.958
Optimal log-likelihood: -40786.943
Site proportion and rates:  (0.127,0.036) (0.211,0.229) (0.288,0.519) (0.179,1.230) (0.160,2.233) (0.035,6.286)
Parameters optimization took 10 rounds (35.916 sec)
Wrote distance file to... 
BEST SCORE FOUND : -40786.943
Total tree length: 42.915

Total number of iterations: 0
CPU time used for tree search: 0.000 sec (0h:0m:0s)
Wall-clock time used for tree search: 0.000 sec (0h:0m:0s)
Total CPU time used: 20643.707 sec (5h:44m:3s)
Total wall-clock time used: 6102.663 sec (1h:41m:42s)

Analysis results written to: 
  IQ-TREE report:                training_data/prot_M11335_99_696.phy/output_files/iqtree/inference/pars_4.iqtree
  Maximum-likelihood tree:       training_data/prot_M11335_99_696.phy/output_files/iqtree/inference/pars_4.treefile
  Screen log file:               training_data/prot_M11335_99_696.phy/output_files/iqtree/inference/pars_4.log

Date and Time: Fri Oct  3 11:19:36 2025
ee/inference/pars_4.log

Date and Time: Fri Oct  3 11:19:36 2025
