IQ-TREE version 3.0.1 for Linux x86 64-bit built Sep 23 2025
Developed by Bui Quang Minh, Thomas Wong, Nhan Ly-Trong, Huaiyan Ren
Contributed by Lam-Tung Nguyen, Dominik Schrempf, Chris Bielow,
Olga Chernomor, Michael Woodhams, Diep Thi Hoang, Heiko Schmidt

Host:    cnode04.hpc.vast.vn (AVX512, FMA3, 125 GB RAM)
Command: /datausers/ioit/thaontp/tranthanhvan235/iqtree3/build/iqtree3 -s /datausers/ioit/thaontp/tranthanhvan235/data_treebase/DIU_TRAINING_DATA/data4/prot_M11335_99_696.phy -pre training_data/prot_M11335_99_696.phy/output_files/iqtree/inference/pars_11 -seed 11 -ninit 1 -T 1 -redo -n 0 -nt AUTO
Seed:    11 (Using SPRNG - Scalable Parallel Random Number Generator)
Time:    Fri Sep 26 12:38:31 2025
Kernel:  AVX+FMA - auto-detect threads (56 CPU cores detected)

Reading alignment file /datausers/ioit/thaontp/tranthanhvan235/data_treebase/DIU_TRAINING_DATA/data4/prot_M11335_99_696.phy ... Phylip format detected
Alignment most likely contains protein sequences
Constructing alignment: done in 0.00412811 secs using 1532% CPU
Alignment has 99 sequences with 696 columns, 651 distinct patterns
518 parsimony-informative, 66 singleton sites, 112 constant sites
                                                Gap/Ambiguity  Composition  p-value
Analyzing sequences: done in 0.268878 secs using 618.6% CPU
   1  Acaryochloris_marina_MBIC11017                   29.60%    passed     79.61%
   2  Afipia_sp._1NLS2                                 27.87%    passed     98.08%
   3  Ahrensia_sp._R2A130                              27.30%    passed     86.10%
   4  Anaerolinea_thermophila_UNI-1                    27.44%    passed     45.51%
   5  Aquifex_aeolicus_VF5                             29.45%    failed      1.08%
   6  Arthrobacter_sp._FB24                            28.88%    failed      0.01%
   7  Bacteriovorax_marinus_SJ                         26.01%    failed      4.76%
   8  Bradyrhizobium_japonicum_USDA_110                27.87%    passed     59.56%
   9  Bradyrhizobium_sp._BTAi1                         27.87%    passed     96.74%
  10  Bradyrhizobium_sp._ORS278                        27.87%    passed     94.05%
  11  Candidatus_Nitrospira_defluvii                   25.00%    passed     34.62%
  12  Candidatus_Solibacter_usitatus_Ellin6076         24.43%    passed     51.66%
  13  Chlorobaculum_parvum_NCIB_8327                   21.70%    passed     92.38%
  14  Chlorobium_chlorochromatii_CaD3                  21.84%    passed     99.35%
  15  Chlorobium_ferrooxidans_DSM_13031                21.55%    passed     86.38%
  16  Chlorobium_limicola_DSM_245                      21.70%    passed     98.17%
  17  Chlorobium_luteolum_DSM_273                      21.70%    passed     91.56%
  18  Chlorobium_phaeobacteroides_BS1                  21.70%    passed     95.39%
  19  Chlorobium_phaeobacteroides_DSM_266              21.70%    passed     97.75%
  20  Chlorobium_tepidum_TLS                           21.70%    passed     86.75%
  21  Chloroherpeton_thalassium_ATCC_35110             21.70%    passed     52.73%
  22  Dehalococcoides_sp._BAV1                         28.59%    passed     99.39%
  23  Dehalococcoides_sp._CBDB1                        28.59%    passed     99.39%
  24  Dehalococcoides_sp._GT                           28.59%    passed     99.21%
  25  Desulfurispirillum_indicum_S5                    27.87%    passed     71.91%
  26  Dietzia_cinnamea_P4                              28.74%    failed      0.00%
  27  Dinoroseobacter_shibae_DFL_12                    26.01%    passed     80.02%
  28  Fulvimarina_pelagi_HTCC2506                      28.16%    passed     47.06%
  29  Geodermatophilus_obscurus_DSM_43160              21.84%    failed      0.00%
  30  Halorhodospira_halophila_SL1                     27.44%    passed     23.24%
  31  Hydrogenivirga_sp._128-5-R1-1                    29.45%    passed     31.43%
  32  Hydrogenobacter_thermophilus_TK-6                29.89%    passed      6.20%
  33  Magnetococcus_sp._MC-1                           28.59%    passed     92.07%
  34  Magnetospirillum_magnetotacticum_MS-1            25.43%    failed      0.00%
  35  Maritimibacter_alkaliphilus_HTCC2654             25.72%    passed     70.30%
  36  Methanococcoides_burtonii_DSM_6242               28.88%    passed     32.96%
  37  Methanohalophilus_mahii_DSM_5219                 28.88%    passed     55.59%
  38  Methanosaeta_thermophila_PT                      27.87%    passed     95.57%
  39  Methylobacterium_populi_BJ001                    29.31%    failed      0.00%
  40  Micromonospora_sp._L5                            28.74%    failed      0.00%
  41  Moritella_sp._PE36                               28.16%    passed     70.23%
  42  Mycobacterium_parascrofulaceum_ATCC_BAA-614      28.74%    failed      0.42%
  43  Mycobacterium_sp._JLS                            28.74%    failed      0.05%
  44  NC10_bacterium_Dutch_sediment                    20.40%    passed     34.49%
  45  Nitrobacter_hamburgensis_X14                     27.87%    passed     69.89%
  46  Nitrobacter_sp._Nb-311A                          27.87%    passed     86.88%
  47  Nitrobacter_winogradskyi_Nb-255                  27.87%    passed     88.08%
  48  Nitrosococcus_oceani_ATCC_19707                  29.45%    failed      0.60%
  49  Nitrosococcus_watsoni_C-113                      29.45%    failed      0.26%
  50  Oceanibulbus_indolifex_HEL-45                    25.29%    passed     39.12%
  51  Oceanibulbus_indolifex_HEL-45A                   28.88%    passed      6.66%
  52  Octadecabacter_antarcticus_307                   26.29%    passed     12.71%
  53  Paracoccus_denitrificans                         26.29%    passed     63.07%
  54  Paracoccus_denitrificans_PD1222                  26.29%    passed     59.47%
  55  Pelodictyon_phaeoclathratiforme_BU-1             21.84%    passed     84.46%
  56  Prosthecochloris_aestuarii_DSM_271               21.70%    passed     73.05%
  57  Prosthecochloris_vibrioformis_DSM_265            21.70%    passed     74.29%
  58  Rhodobacter_sphaeroides_2.4.1                    26.29%    passed     86.25%
  59  Rhodobacter_sphaeroides_ATCC_17025               26.29%    passed     98.25%
  60  Rhodobacter_sphaeroides_ATCC_17029               26.29%    passed     85.26%
  61  Rhodobacterales_bacterium_HTCC2150               26.15%    passed     90.94%
  62  Rhodopseudomonas_palustris_BisA53                27.44%    passed     86.11%
  63  Rhodopseudomonas_palustris_BisB5                 27.44%    passed     68.69%
  64  Rhodopseudomonas_palustris_CGA009                27.44%    passed     71.30%
  65  Rhodopseudomonas_palustris_DX-1                  27.44%    passed     65.23%
  66  Rhodopseudomonas_palustris_TIE-1                 27.44%    passed     74.41%
  67  Rickettsia_africae_ESF-5                         29.17%    failed      0.00%
  68  Rickettsia_akari_str._Hartford                   29.17%    failed      0.00%
  69  Rickettsia_bellii_OSU_85-389                     29.02%    failed      0.00%
  70  Rickettsia_bellii_RML369-C                       29.02%    failed      0.00%
  71  Rickettsia_conorii_str._Malish_7                 29.17%    failed      0.00%
  72  Rickettsia_endosymbiont_of_Ixodes_scapularis     29.17%    failed      0.00%
  73  Rickettsia_felis_URRWXCal2                       29.17%    failed      0.00%
  74  Rickettsia_massiliae_MTU5                        29.17%    failed      0.00%
  75  Rickettsia_peacockii_str._Rustic                 29.17%    failed      0.00%
  76  Rickettsia_prowazekii_Rp22                       29.45%    failed      0.00%
  77  Rickettsia_prowazekii_str._Madrid_E              29.45%    failed      0.00%
  78  Rickettsia_rickettsii_str._Sheila_Smith          29.17%    failed      0.00%
  79  Rickettsia_sibirica_246                          29.17%    failed      0.00%
  80  Rickettsia_typhi_str._Wilmington                 29.02%    failed      0.00%
  81  Roseobacter_denitrificans_OCh_114                26.29%    passed     52.30%
  82  Roseobacter_litoralis_Och_149                    26.29%    passed     55.86%
  83  Rubrobacter_xylanophilus_DSM_9941                30.03%    failed      0.00%
  84  Salinispora_arenicola_CNS-205                    28.74%    failed      0.00%
  85  Salinispora_tropica_CNB-440                      28.74%    failed      0.00%
  86  Sinorhizobium_fredii_NGR234                      29.45%    passed     92.78%
  87  Sinorhizobium_medicae_WSM419                     29.45%    passed     97.18%
  88  Sinorhizobium_meliloti_1021                      29.45%    passed     95.54%
  89  Streptomyces_cf._griseus_XylebKG-1               28.02%    failed      0.00%
  90  Streptomyces_griseus_subsp._griseus_NBRC_13350   28.02%    failed      0.00%
  91  Streptosporangium_roseum_DSM_43021               26.87%    passed     50.81%
  92  Streptosporangium_roseum_DSM_43021A              28.74%    failed      0.00%
  93  Sulfitobacter_sp._NAS-14.1                       32.61%    passed     71.39%
  94  Sulfitobacter_sp._NAS-14.1A                      30.17%    passed     30.29%
  95  Sulfurihydrogenibium_azorense_Az-Fu1             27.87%    failed      0.55%
  96  Sulfurihydrogenibium_sp._YO3AOP1                 27.87%    failed      0.08%
  97  Thalassiobium_sp._R2A62                          26.29%    passed     61.77%
  98  Thermomicrobium_roseum_DSM_5159                  24.71%    failed      1.16%
  99  Thermovibrio_ammonificans_HB-1                   30.75%    passed     49.76%
****  TOTAL                                            27.19%  35 sequences failed composition chi2 test (p-value<5%; df=19)
Checking for duplicate sequences: done in 0.232624 secs using 527.1% CPU


Create initial parsimony tree by phylogenetic likelihood library (PLL)... 0.125 seconds
Measuring multi-threading efficiency up to 56 CPU cores
Increase to 10 rounds for branch lengths
7 trees examined
Threads: 1 / Time: 57.412 sec / Speedup: 1.000 / Efficiency: 100% / LogL: -76052
Threads: 2 / Time: 27.842 sec / Speedup: 2.062 / Efficiency: 103% / LogL: -76052
Threads: 3 / Time: 49.854 sec / Speedup: 1.152 / Efficiency: 38% / LogL: -76052
Determining AUTO threadcount: done in 135.153 secs using 113.6% CPU
BEST NUMBER OF THREADS: 2

Perform fast likelihood tree search using LG+I+G model...
Estimate model parameters (epsilon = 5.000)
Perform nearest neighbor interchange...
Estimate model parameters (epsilon = 1.000)
1. Initial log-likelihood: -41145.933
Optimal log-likelihood: -41145.859
Proportion of invariable sites: 0.046
Gamma shape alpha: 0.999
Parameters optimization took 1 rounds (1.917 sec)
Time for fast ML tree search: 25.940 seconds

NOTE: ModelFinder requires 102 MB RAM!
ModelFinder will test up to 1232 protein models (sample size: 696 epsilon: 0.100) ...
 No. Model         -LnL         df  AIC          AICc         BIC
  1  LG            43463.907    195 87317.815    87470.695    88204.158
  2  LG+I          43016.201    196 86424.401    86579.159    87315.290
  3  LG+G4         41166.624    196 82725.247    82880.005    83616.136
  4  LG+I+G4       41145.879    197 82685.757    82842.408    83581.191
  5  LG+R2         41701.593    197 83797.187    83953.838    84692.621
  6  LG+R3         41287.095    199 82972.191    83132.674    83876.715
  7  LG+R4         41160.893    201 82723.787    82888.167    83637.402
  8  LG+R5         41085.385    203 82576.770    82745.111    83499.476
  9  LG+R6         41071.775    205 82553.549    82725.917    83485.346
 10  LG+R7         41067.019    207 82548.038    82724.497    83488.925
 14  LG+I+R2       41519.416    198 83434.831    83593.391    84334.811
 15  LG+I+R3       41210.663    200 82821.325    82983.749    83730.395
 16  LG+I+R4       41128.651    202 82661.302    82827.655    83579.463
 17  LG+I+R5       41082.033    204 82572.065    82742.412    83499.317
 18  LG+I+R6       41068.736    206 82549.473    82723.877    83485.815
 19  LG+I+R7       41064.452    208 82544.905    82723.435    83490.337
 31  LG+F+R6       40764.713    224 81977.426    82191.438    82995.584
 32  LG+F+R7       40759.780    226 81971.560    82190.332    82998.809
 40  LG+F+I+R6     40764.919    225 81979.837    82196.220    83002.541
 41  LG+F+I+R7     40760.899    227 81975.798    82196.977    83007.592
 53  WAG+R6        41398.724    205 83207.448    83379.815    84139.245
 54  WAG+R7        41393.211    207 83200.421    83376.880    84141.309
 62  WAG+I+R6      41392.104    206 83196.209    83370.614    84132.551
 63  WAG+I+R7      41389.343    208 83194.687    83373.216    84140.119
 75  WAG+F+R6      40958.284    224 82364.569    82578.581    83382.727
 76  WAG+F+R7      40956.030    226 82364.061    82582.833    83391.310
 84  WAG+F+I+R6    40955.650    225 82361.299    82577.682    83384.003
 85  WAG+F+I+R7    40954.862    227 82363.724    82584.904    83395.519
 97  JTT+R6        41551.951    205 83513.902    83686.269    84445.699
 98  JTT+R7        41545.898    207 83505.796    83682.255    84446.683
106  JTT+I+R6      41547.031    206 83506.063    83680.468    84442.405
107  JTT+I+R7      41542.862    208 83501.724    83680.254    84447.157
119  JTT+F+R6      41175.735    224 82799.470    83013.483    83817.629
120  JTT+F+R7      41172.179    226 82796.358    83015.130    83823.607
128  JTT+F+I+R6    41174.850    225 82799.699    83016.082    83822.403
129  JTT+F+I+R7    41171.800    227 82797.600    83018.779    83829.394
141  Q.PFAM+R6     40985.187    205 82380.374    82552.741    83312.171
142  Q.PFAM+R7     40982.593    207 82379.186    82555.645    83320.073
150  Q.PFAM+I+R6   40982.126    206 82376.251    82550.656    83312.593
151  Q.PFAM+I+R7   40980.557    208 82377.113    82555.643    83322.546
163  Q.PFAM+F+R6   40807.716    224 82063.431    82277.444    83081.589
164  Q.PFAM+F+R7   40805.225    226 82062.450    82281.222    83089.699
172  Q.PFAM+F+I+R6 40808.227    225 82066.454    82282.836    83089.157
173  Q.PFAM+F+I+R7 40806.006    227 82066.013    82287.192    83097.807
185  Q.BIRD+R6     42272.481    205 84954.962    85127.330    85886.759
186  Q.BIRD+R7     42268.047    207 84950.095    85126.554    85890.982
194  Q.BIRD+I+R6   42268.959    206 84949.919    85124.324    85886.261
195  Q.BIRD+I+R7   42265.788    208 84947.576    85126.106    85893.009
207  Q.BIRD+F+R6   41986.394    224 84420.787    84634.800    85438.946
208  Q.BIRD+F+R7   41975.663    226 84403.326    84622.098    85430.575
216  Q.BIRD+F+I+R6 41990.793    225 84431.586    84647.969    85454.290
217  Q.BIRD+F+I+R7 41978.803    227 84411.605    84632.785    85443.399
229  Q.MAMMAL+R6   42047.931    205 84505.862    84678.229    85437.659
230  Q.MAMMAL+R7   42045.056    207 84504.113    84680.572    85445.000
238  Q.MAMMAL+I+R6 42043.359    206 84498.718    84673.123    85435.060
239  Q.MAMMAL+I+R7 42041.712    208 84499.424    84677.953    85444.856
251  Q.MAMMAL+F+R6 41714.542    224 83877.083    84091.096    84895.242
252  Q.MAMMAL+F+R7 41706.910    226 83865.821    84084.592    84893.070
260  Q.MAMMAL+F+I+R6 41716.743    225 83883.487    84099.870    84906.190
261  Q.MAMMAL+F+I+R7 41707.757    227 83869.514    84090.694    84901.309
273  Q.INSECT+R6   41467.444    205 83344.888    83517.255    84276.685
274  Q.INSECT+R7   41463.434    207 83340.869    83517.328    84281.756
282  Q.INSECT+I+R6 41463.977    206 83339.954    83514.359    84276.296
283  Q.INSECT+I+R7 41460.511    208 83337.022    83515.552    84282.455
295  Q.INSECT+F+R6 40957.904    224 82363.808    82577.821    83381.967
296  Q.INSECT+F+R7 40955.983    226 82363.966    82582.737    83391.215
304  Q.INSECT+F+I+R6 40957.096    225 82364.192    82580.575    83386.896
305  Q.INSECT+F+I+R7 40954.176    227 82362.353    82583.532    83394.147
317  Q.PLANT+R6    41488.840    205 83387.679    83560.046    84319.476
318  Q.PLANT+R7    41484.495    207 83382.990    83559.449    84323.877
326  Q.PLANT+I+R6  41486.657    206 83385.313    83559.718    84321.655
327  Q.PLANT+I+R7  41481.993    208 83379.987    83558.517    84325.420
339  Q.PLANT+F+R6  41241.028    224 82930.057    83144.069    83948.215
340  Q.PLANT+F+R7  41235.910    226 82923.821    83142.593    83951.070
348  Q.PLANT+F+I+R6 41241.613    225 82933.226    83149.609    83955.930
349  Q.PLANT+F+I+R7 41234.738    227 82923.477    83144.656    83955.271
361  Q.YEAST+R6    41475.030    205 83360.059    83532.427    84291.856
362  Q.YEAST+R7    41472.075    207 83358.150    83534.609    84299.038
370  Q.YEAST+I+R6  41472.300    206 83356.600    83531.005    84292.942
371  Q.YEAST+I+R7  41469.904    208 83355.808    83534.338    84301.241
383  Q.YEAST+F+R6  40832.776    224 82113.552    82327.565    83131.711
384  Q.YEAST+F+R7  40830.829    226 82113.658    82332.430    83140.907
392  Q.YEAST+F+I+R6 40832.273    225 82114.546    82330.929    83137.250
393  Q.YEAST+F+I+R7 40829.622    227 82113.245    82334.424    83145.039
405  JTTDCMUT+R6   41557.923    205 83525.846    83698.213    84457.642
406  JTTDCMUT+R7   41552.476    207 83518.952    83695.411    84459.840
414  JTTDCMUT+I+R6 41553.566    206 83519.132    83693.537    84455.474
415  JTTDCMUT+I+R7 41549.476    208 83514.951    83693.481    84460.384
427  JTTDCMUT+F+R6 41173.973    224 82795.946    83009.959    83814.105
428  JTTDCMUT+F+R7 41171.543    226 82795.087    83013.859    83822.336
436  JTTDCMUT+F+I+R6 41172.489    225 82794.978    83011.361    83817.682
437  JTTDCMUT+F+I+R7 41170.219    227 82794.437    83015.617    83826.232
449  DCMUT+R6      41897.466    205 84204.933    84377.300    85136.730
450  DCMUT+R7      41892.507    207 84199.014    84375.473    85139.902
458  DCMUT+I+R6    41895.038    206 84202.076    84376.481    85138.419
459  DCMUT+I+R7    41890.488    208 84196.975    84375.505    85142.408
471  DCMUT+F+R6    41253.388    224 82954.777    83168.790    83972.935
472  DCMUT+F+R7    41250.593    226 82953.186    83171.958    83980.435
480  DCMUT+F+I+R6  41252.061    225 82954.121    83170.504    83976.825
481  DCMUT+F+I+R7  41249.142    227 82952.285    83173.464    83984.079
493  VT+R6         41480.676    205 83371.353    83543.720    84303.150
494  VT+R7         41478.095    207 83370.191    83546.650    84311.078
502  VT+I+R6       41475.756    206 83363.511    83537.916    84299.853
503  VT+I+R7       41474.500    208 83365.000    83543.530    84310.433
515  VT+F+R6       41049.748    224 82547.495    82761.508    83565.654
516  VT+F+R7       41049.408    226 82550.817    82769.589    83578.066
524  VT+F+I+R6     41047.509    225 82545.018    82761.401    83567.722
525  VT+F+I+R7     41047.026    227 82548.052    82769.231    83579.846
537  PMB+R6        41573.046    205 83556.092    83728.459    84487.889
538  PMB+R7        41571.847    207 83557.695    83734.154    84498.582
546  PMB+I+R6      41568.211    206 83548.422    83722.827    84484.764
547  PMB+I+R7      41567.933    208 83551.867    83730.397    84497.300
559  PMB+F+R6      41310.377    224 83068.754    83282.767    84086.912
560  PMB+F+R7      41309.995    226 83071.990    83290.762    84099.239
568  PMB+F+I+R6    41308.111    225 83066.221    83282.604    84088.925
569  PMB+F+I+R7    41307.783    227 83069.566    83290.746    84101.360
581  BLOSUM62+R6   41584.467    205 83578.933    83751.301    84510.730
582  BLOSUM62+R7   41583.744    207 83581.488    83757.947    84522.375
590  BLOSUM62+I+R6 41580.056    206 83572.112    83746.517    84508.454
591  BLOSUM62+I+R7 41579.949    208 83575.898    83754.428    84521.331
603  BLOSUM62+F+R6 41261.194    224 82970.387    83184.400    83988.546
604  BLOSUM62+F+R7 41261.063    226 82974.126    83192.898    84001.375
612  BLOSUM62+F+I+R6 41259.683    225 82969.366    83185.749    83992.069
613  BLOSUM62+F+I+R7 41259.385    227 82972.770    83193.949    84004.564
625  DAYHOFF+R6    41904.325    205 84218.650    84391.018    85150.447
626  DAYHOFF+R7    41893.545    207 84201.091    84377.550    85141.978
634  DAYHOFF+I+R6  41898.043    206 84208.087    84382.492    85144.429
635  DAYHOFF+I+R7  41890.753    208 84197.505    84376.035    85142.938
647  DAYHOFF+F+R6  41251.623    224 82951.246    83165.259    83969.404
648  DAYHOFF+F+R7  41249.249    226 82950.499    83169.271    83977.748
656  DAYHOFF+F+I+R6 41250.513    225 82951.027    83167.410    83973.731
657  DAYHOFF+F+I+R7 41248.551    227 82951.102    83172.282    83982.897
669  MTREV+R6      42681.879    205 85773.758    85946.126    86705.555
670  MTREV+R7      42675.563    207 85765.126    85941.585    86706.013
678  MTREV+I+R6    42684.423    206 85780.845    85955.250    86717.187
679  MTREV+I+R7    42678.705    208 85773.411    85951.941    86718.844
691  MTREV+F+R6    41694.992    224 83837.984    84051.997    84856.142
692  MTREV+F+R7    41686.014    226 83824.028    84042.800    84851.277
700  MTREV+F+I+R6  41698.570    225 83847.141    84063.524    84869.845
701  MTREV+F+I+R7  41689.216    227 83832.431    84053.611    84864.226
713  MTART+R6      42870.225    205 86150.451    86322.818    87082.247
714  MTART+R7      42852.688    207 86119.376    86295.835    87060.264
722  MTART+I+R6    42872.560    206 86157.121    86331.526    87093.463
723  MTART+I+R7    42853.816    208 86123.632    86302.162    87069.064
735  MTART+F+R6    41982.977    224 84413.955    84627.968    85432.113
736  MTART+F+R7    41970.410    226 84392.819    84611.591    85420.068
744  MTART+F+I+R6  41986.012    225 84422.023    84638.406    85444.727
745  MTART+F+I+R7  41972.578    227 84399.157    84620.336    85430.951
757  MTZOA+R6      41705.019    205 83820.038    83992.406    84751.835
758  MTZOA+R7      41688.263    207 83790.526    83966.985    84731.413
766  MTZOA+I+R6    41706.876    206 83825.752    84000.157    84762.094
767  MTZOA+I+R7    41690.165    208 83796.330    83974.860    84741.763
779  MTZOA+F+R6    41315.184    224 83078.367    83292.380    84096.525
780  MTZOA+F+R7    41300.759    226 83053.519    83272.291    84080.768
788  MTZOA+F+I+R6  41317.466    225 83084.931    83301.314    84107.635
789  MTZOA+F+I+R7  41303.080    227 83060.160    83281.339    84091.954
801  MTMET+R6      42667.978    205 85745.956    85918.323    86677.753
802  MTMET+R7      42655.817    207 85725.633    85902.092    86666.521
810  MTMET+I+R6    42668.163    206 85748.326    85922.731    86684.668
811  MTMET+I+R7    42656.218    208 85728.436    85906.965    86673.868
823  MTMET+F+R6    41503.953    224 83455.906    83669.919    84474.064
824  MTMET+F+R7    41495.699    226 83443.397    83662.169    84470.646
832  MTMET+F+I+R6  41506.084    225 83462.168    83678.551    84484.872
833  MTMET+F+I+R7  41497.712    227 83449.425    83670.604    84481.219
845  MTVER+R6      42958.786    205 86327.572    86499.940    87259.369
846  MTVER+R7      42946.613    207 86307.227    86483.686    87248.114
854  MTVER+I+R6    42959.351    206 86330.701    86505.106    87267.043
855  MTVER+I+R7    42946.791    208 86309.582    86488.112    87255.015
867  MTVER+F+R6    42035.261    224 84518.523    84732.536    85536.681
868  MTVER+F+R7    42019.648    226 84491.296    84710.067    85518.545
876  MTVER+F+I+R6  42036.153    225 84522.306    84738.689    85545.009
877  MTVER+F+I+R7  42019.986    227 84493.971    84715.151    85525.766
889  MTINV+R6      42826.614    205 86063.227    86235.594    86995.024
890  MTINV+R7      42821.293    207 86056.586    86233.045    86997.473
898  MTINV+I+R6    42826.449    206 86064.899    86239.304    87001.241
899  MTINV+I+R7    42820.584    208 86057.168    86235.698    87002.601
911  MTINV+F+R6    41123.163    224 82694.326    82908.339    83712.485
912  MTINV+F+R7    41117.926    226 82687.852    82906.624    83715.101
920  MTINV+F+I+R6  41123.824    225 82697.647    82914.030    83720.351
921  MTINV+F+I+R7  41117.635    227 82689.270    82910.450    83721.064
933  MTMAM+R6      43595.043    205 87600.086    87772.454    88531.883
934  MTMAM+R7      43584.130    207 87582.261    87758.720    88523.148
942  MTMAM+I+R6    43609.093    206 87630.185    87804.590    88566.527
943  MTMAM+I+R7    43581.538    208 87579.075    87757.605    88524.508
955  MTMAM+F+R6    42731.745    224 85911.489    86125.502    86929.647
956  MTMAM+F+R7    42715.650    226 85883.300    86102.072    86910.549
964  MTMAM+F+I+R6  42734.812    225 85919.624    86136.007    86942.328
965  MTMAM+F+I+R7  42715.530    227 85885.060    86106.239    86916.854
977  FLAVI+R6      43059.536    205 86529.071    86701.439    87460.868
978  FLAVI+R7      43049.722    207 86513.444    86689.903    87454.331
986  FLAVI+I+R6    43056.636    206 86525.271    86699.676    87461.613
987  FLAVI+I+R7    43047.352    208 86510.704    86689.234    87456.137
999  FLAVI+F+R6    43073.603    224 86595.207    86809.219    87613.365
1000  FLAVI+F+R7    43054.512    226 86561.023    86779.795    87588.272
1008  FLAVI+F+I+R6  43072.260    225 86594.520    86810.903    87617.223
1009  FLAVI+F+I+R7  43053.242    227 86560.484    86781.663    87592.278
1021  HIVB+R6       42758.056    205 85926.113    86098.480    86857.909
1022  HIVB+R7       42754.825    207 85923.650    86100.109    86864.538
1030  HIVB+I+R6     42752.714    206 85917.427    86091.832    86853.769
1031  HIVB+I+R7     42746.164    208 85908.328    86086.857    86853.760
1043  HIVB+F+R6     42225.444    224 84898.888    85112.901    85917.046
1044  HIVB+F+R7     42216.791    226 84885.581    85104.353    85912.830
1052  HIVB+F+I+R6   42222.772    225 84895.544    85111.927    85918.248
1053  HIVB+F+I+R7   42214.850    227 84883.700    85104.880    85915.495
1065  HIVW+R6       44699.796    205 89809.591    89981.959    90741.388
1066  HIVW+R7       44687.788    207 89789.576    89966.035    90730.464
1074  HIVW+I+R6     44689.452    206 89790.903    89965.308    90727.245
1075  HIVW+I+R7     44683.963    208 89783.926    89962.456    90729.359
1087  HIVW+F+R6     43328.163    224 87104.327    87318.340    88122.485
1088  HIVW+F+R7     43317.947    226 87087.894    87306.666    88115.143
1096  HIVW+F+I+R6   43325.194    225 87100.388    87316.771    88123.091
1097  HIVW+F+I+R7   43316.266    227 87086.531    87307.711    88118.326
1109  FLU+R6        42552.956    205 85515.911    85688.279    86447.708
1110  FLU+R7        42545.481    207 85504.962    85681.421    86445.849
1118  FLU+I+R6      42551.970    206 85515.940    85690.345    86452.282
1119  FLU+I+R7      42543.958    208 85503.916    85682.446    86449.349
1131  FLU+F+R6      41810.818    224 84069.636    84283.649    85087.795
1132  FLU+F+R7      41801.481    226 84054.961    84273.733    85082.210
1140  FLU+F+I+R6    41812.875    225 84075.749    84292.132    85098.453
1141  FLU+F+I+R7    41801.664    227 84057.328    84278.508    85089.123
1153  RTREV+R6      41762.249    205 83934.498    84106.865    84866.294
1154  RTREV+R7      41759.205    207 83932.410    84108.869    84873.298
1162  RTREV+I+R6    41758.863    206 83929.726    84104.131    84866.068
1163  RTREV+I+R7    41757.349    208 83930.699    84109.228    84876.131
1175  RTREV+F+R6    41068.374    224 82584.748    82798.761    83602.907
1176  RTREV+F+R7    41067.336    226 82586.672    82805.444    83613.922
1184  RTREV+F+I+R6  41068.257    225 82586.515    82802.898    83609.219
1185  RTREV+F+I+R7  41066.317    227 82586.634    82807.813    83618.428
1197  CPREV+R6      41594.164    205 83598.328    83770.695    84530.124
1198  CPREV+R7      41591.308    207 83596.615    83773.074    84537.503
1206  CPREV+I+R6    41589.307    206 83590.614    83765.019    84526.957
1207  CPREV+I+R7    41588.067    208 83592.135    83770.664    84537.567
1219  CPREV+F+R6    41092.202    224 82632.403    82846.416    83650.562
1220  CPREV+F+R7    41090.632    226 82633.264    82852.035    83660.513
1228  CPREV+F+I+R6  41089.713    225 82629.426    82845.809    83652.130
1229  CPREV+F+I+R7  41088.402    227 82630.804    82851.983    83662.598
Akaike Information Criterion:           LG+F+R7
Corrected Akaike Information Criterion: LG+F+R7
Bayesian Information Criterion:         LG+F+R6
Best-fit model: LG+F+R6 chosen according to BIC

All model information printed to training_data/prot_M11335_99_696.phy/output_files/iqtree/inference/pars_11.model.gz
CPU time for ModelFinder: 17696.277 seconds (4h:54m:56s)
Wall-clock time for ModelFinder: 14405.150 seconds (4h:0m:5s)

NOTE: 61 MB RAM (0 GB) is required!
Estimate model parameters (epsilon = 0.010)
1. Initial log-likelihood: -40779.020
2. Current log-likelihood: -40764.642
3. Current log-likelihood: -40763.196
4. Current log-likelihood: -40762.724
5. Current log-likelihood: -40762.667
Optimal log-likelihood: -40762.655
Site proportion and rates:  (0.126,0.035) (0.216,0.229) (0.284,0.523) (0.179,1.223) (0.161,2.239) (0.035,6.336)
Parameters optimization took 5 rounds (51.421 sec)
Wrote distance file to... 
BEST SCORE FOUND : -40762.655
Total tree length: 42.922

Total number of iterations: 0
CPU time used for tree search: 0.000 sec (0h:0m:0s)
Wall-clock time used for tree search: 0.000 sec (0h:0m:0s)
Total CPU time used: 17758.887 sec (4h:55m:58s)
Total wall-clock time used: 14456.900 sec (4h:0m:56s)

Analysis results written to: 
  IQ-TREE report:                training_data/prot_M11335_99_696.phy/output_files/iqtree/inference/pars_11.iqtree
  Maximum-likelihood tree:       training_data/prot_M11335_99_696.phy/output_files/iqtree/inference/pars_11.treefile
  Screen log file:               training_data/prot_M11335_99_696.phy/output_files/iqtree/inference/pars_11.log

Date and Time: Fri Sep 26 16:39:31 2025
e/inference/pars_11.log

Date and Time: Fri Sep 26 16:39:31 2025
