
RAxML-NG v. 1.1.0-master released on 04.08.2022 by The Exelixis Lab.
Developed by: Alexey M. Kozlov and Alexandros Stamatakis.
Contributors: Diego Darriba, Tomas Flouri, Benoit Morel, Sarah Lutteropp, Ben Bettisworth.
Latest version: https://github.com/amkozlov/raxml-ng
Questions/problems/suggestions? Please visit: https://groups.google.com/forum/#!forum/raxml

System: 11th Gen Intel(R) Core(TM) i7-1185G7 @ 3.00GHz, 4 cores, 31 GB RAM

RAxML-NG was called at 22-Sep-2025 03:29:26 as follows:

/usr/local/bin/raxml-ng --start --msa /home/vanvan/Downloads/data_treebase/DIU_TRAINING_DATA/data5/prot_M11596_62_439.phy --tree pars{1} --prefix training_data/prot_M11596_62_439.phy/output_files/parsimony/seed_1 --model LG+G --seed 1

Analysis options:
  run mode: Starting tree generation
  start tree(s): parsimony (1)
  random seed: 1
  SIMD kernels: AVX2
  parallelization: coarse-grained (auto), PTHREADS (auto)

[00:00:00] Reading alignment from file: /home/vanvan/Downloads/data_treebase/DIU_TRAINING_DATA/data5/prot_M11596_62_439.phy
[00:00:00] Loaded alignment with 62 taxa and 439 sites

Alignment comprises 1 partitions and 431 patterns

Partition 0: noname
Model: LG+G4m
Alignment sites / patterns: 439 / 431
Gaps: 17.46 %
Invariant sites: 5.92 %


NOTE: Binary MSA file created: training_data/prot_M11596_62_439.phy/output_files/parsimony/seed_1.raxml.rba

[00:00:00] Generating 1 parsimony starting tree(s) with 62 taxa
Parsimony score: 7300

All starting trees saved to: /home/vanvan/difficulty-prediction-training-data/training_data/prot_M11596_62_439.phy/output_files/parsimony/seed_1.raxml.startTree


Execution log saved to: /home/vanvan/difficulty-prediction-training-data/training_data/prot_M11596_62_439.phy/output_files/parsimony/seed_1.raxml.log

Analysis started: 22-Sep-2025 03:29:26 / finished: 22-Sep-2025 03:29:26

Elapsed time: 0.023 seconds


RAxML-NG v. 1.1.0-master released on 04.08.2022 by The Exelixis Lab.
Developed by: Alexey M. Kozlov and Alexandros Stamatakis.
Contributors: Diego Darriba, Tomas Flouri, Benoit Morel, Sarah Lutteropp, Ben Bettisworth.
Latest version: https://github.com/amkozlov/raxml-ng
Questions/problems/suggestions? Please visit: https://groups.google.com/forum/#!forum/raxml

System: 11th Gen Intel(R) Core(TM) i7-1185G7 @ 3.00GHz, 4 cores, 31 GB RAM

RAxML-NG was called at 22-Sep-2025 00:15:45 as follows:

/usr/local/bin/raxml-ng --start --msa /home/vanvan/Downloads/data_treebase/DIU_TRAINING_DATA/data5/prot_M11596_62_439.phy --tree pars{1} --prefix training_data/prot_M11596_62_439.phy/output_files/parsimony/seed_2 --model LG+G --seed 2

Analysis options:
  run mode: Starting tree generation
  start tree(s): parsimony (1)
  random seed: 2
  SIMD kernels: AVX2
  parallelization: coarse-grained (auto), PTHREADS (auto)

[00:00:00] Reading alignment from file: /home/vanvan/Downloads/data_treebase/DIU_TRAINING_DATA/data5/prot_M11596_62_439.phy
[00:00:00] Loaded alignment with 62 taxa and 439 sites

Alignment comprises 1 partitions and 431 patterns

Partition 0: noname
Model: LG+G4m
Alignment sites / patterns: 439 / 431
Gaps: 17.46 %
Invariant sites: 5.92 %


NOTE: Binary MSA file created: training_data/prot_M11596_62_439.phy/output_files/parsimony/seed_2.raxml.rba

[00:00:00] Generating 1 parsimony starting tree(s) with 62 taxa
Parsimony score: 7292

All starting trees saved to: /home/vanvan/difficulty-prediction-training-data/training_data/prot_M11596_62_439.phy/output_files/parsimony/seed_2.raxml.startTree


Execution log saved to: /home/vanvan/difficulty-prediction-training-data/training_data/prot_M11596_62_439.phy/output_files/parsimony/seed_2.raxml.log

Analysis started: 22-Sep-2025 00:15:45 / finished: 22-Sep-2025 00:15:45

Elapsed time: 0.013 seconds


RAxML-NG v. 1.1.0-master released on 04.08.2022 by The Exelixis Lab.
Developed by: Alexey M. Kozlov and Alexandros Stamatakis.
Contributors: Diego Darriba, Tomas Flouri, Benoit Morel, Sarah Lutteropp, Ben Bettisworth.
Latest version: https://github.com/amkozlov/raxml-ng
Questions/problems/suggestions? Please visit: https://groups.google.com/forum/#!forum/raxml

System: 11th Gen Intel(R) Core(TM) i7-1185G7 @ 3.00GHz, 4 cores, 31 GB RAM

RAxML-NG was called at 22-Sep-2025 01:04:26 as follows:

/usr/local/bin/raxml-ng --start --msa /home/vanvan/Downloads/data_treebase/DIU_TRAINING_DATA/data5/prot_M11596_62_439.phy --tree pars{1} --prefix training_data/prot_M11596_62_439.phy/output_files/parsimony/seed_3 --model LG+G --seed 3

Analysis options:
  run mode: Starting tree generation
  start tree(s): parsimony (1)
  random seed: 3
  SIMD kernels: AVX2
  parallelization: coarse-grained (auto), PTHREADS (auto)

[00:00:00] Reading alignment from file: /home/vanvan/Downloads/data_treebase/DIU_TRAINING_DATA/data5/prot_M11596_62_439.phy
[00:00:00] Loaded alignment with 62 taxa and 439 sites

Alignment comprises 1 partitions and 431 patterns

Partition 0: noname
Model: LG+G4m
Alignment sites / patterns: 439 / 431
Gaps: 17.46 %
Invariant sites: 5.92 %


NOTE: Binary MSA file created: training_data/prot_M11596_62_439.phy/output_files/parsimony/seed_3.raxml.rba

[00:00:00] Generating 1 parsimony starting tree(s) with 62 taxa
Parsimony score: 7291

All starting trees saved to: /home/vanvan/difficulty-prediction-training-data/training_data/prot_M11596_62_439.phy/output_files/parsimony/seed_3.raxml.startTree


Execution log saved to: /home/vanvan/difficulty-prediction-training-data/training_data/prot_M11596_62_439.phy/output_files/parsimony/seed_3.raxml.log

Analysis started: 22-Sep-2025 01:04:26 / finished: 22-Sep-2025 01:04:26

Elapsed time: 0.023 seconds


RAxML-NG v. 1.1.0-master released on 04.08.2022 by The Exelixis Lab.
Developed by: Alexey M. Kozlov and Alexandros Stamatakis.
Contributors: Diego Darriba, Tomas Flouri, Benoit Morel, Sarah Lutteropp, Ben Bettisworth.
Latest version: https://github.com/amkozlov/raxml-ng
Questions/problems/suggestions? Please visit: https://groups.google.com/forum/#!forum/raxml

System: 11th Gen Intel(R) Core(TM) i7-1185G7 @ 3.00GHz, 4 cores, 31 GB RAM

RAxML-NG was called at 22-Sep-2025 01:34:09 as follows:

/usr/local/bin/raxml-ng --start --msa /home/vanvan/Downloads/data_treebase/DIU_TRAINING_DATA/data5/prot_M11596_62_439.phy --tree pars{1} --prefix training_data/prot_M11596_62_439.phy/output_files/parsimony/seed_4 --model LG+G --seed 4

Analysis options:
  run mode: Starting tree generation
  start tree(s): parsimony (1)
  random seed: 4
  SIMD kernels: AVX2
  parallelization: coarse-grained (auto), PTHREADS (auto)

[00:00:00] Reading alignment from file: /home/vanvan/Downloads/data_treebase/DIU_TRAINING_DATA/data5/prot_M11596_62_439.phy
[00:00:00] Loaded alignment with 62 taxa and 439 sites

Alignment comprises 1 partitions and 431 patterns

Partition 0: noname
Model: LG+G4m
Alignment sites / patterns: 439 / 431
Gaps: 17.46 %
Invariant sites: 5.92 %


NOTE: Binary MSA file created: training_data/prot_M11596_62_439.phy/output_files/parsimony/seed_4.raxml.rba

[00:00:00] Generating 1 parsimony starting tree(s) with 62 taxa
Parsimony score: 7298

All starting trees saved to: /home/vanvan/difficulty-prediction-training-data/training_data/prot_M11596_62_439.phy/output_files/parsimony/seed_4.raxml.startTree


Execution log saved to: /home/vanvan/difficulty-prediction-training-data/training_data/prot_M11596_62_439.phy/output_files/parsimony/seed_4.raxml.log

Analysis started: 22-Sep-2025 01:34:09 / finished: 22-Sep-2025 01:34:09

Elapsed time: 0.012 seconds


RAxML-NG v. 1.1.0-master released on 04.08.2022 by The Exelixis Lab.
Developed by: Alexey M. Kozlov and Alexandros Stamatakis.
Contributors: Diego Darriba, Tomas Flouri, Benoit Morel, Sarah Lutteropp, Ben Bettisworth.
Latest version: https://github.com/amkozlov/raxml-ng
Questions/problems/suggestions? Please visit: https://groups.google.com/forum/#!forum/raxml

System: 11th Gen Intel(R) Core(TM) i7-1185G7 @ 3.00GHz, 4 cores, 31 GB RAM

RAxML-NG was called at 22-Sep-2025 03:38:27 as follows:

/usr/local/bin/raxml-ng --start --msa /home/vanvan/Downloads/data_treebase/DIU_TRAINING_DATA/data5/prot_M11596_62_439.phy --tree pars{1} --prefix training_data/prot_M11596_62_439.phy/output_files/parsimony/seed_5 --model LG+G --seed 5

Analysis options:
  run mode: Starting tree generation
  start tree(s): parsimony (1)
  random seed: 5
  SIMD kernels: AVX2
  parallelization: coarse-grained (auto), PTHREADS (auto)

[00:00:00] Reading alignment from file: /home/vanvan/Downloads/data_treebase/DIU_TRAINING_DATA/data5/prot_M11596_62_439.phy
[00:00:00] Loaded alignment with 62 taxa and 439 sites

Alignment comprises 1 partitions and 431 patterns

Partition 0: noname
Model: LG+G4m
Alignment sites / patterns: 439 / 431
Gaps: 17.46 %
Invariant sites: 5.92 %


NOTE: Binary MSA file created: training_data/prot_M11596_62_439.phy/output_files/parsimony/seed_5.raxml.rba

[00:00:00] Generating 1 parsimony starting tree(s) with 62 taxa
Parsimony score: 7360

All starting trees saved to: /home/vanvan/difficulty-prediction-training-data/training_data/prot_M11596_62_439.phy/output_files/parsimony/seed_5.raxml.startTree


Execution log saved to: /home/vanvan/difficulty-prediction-training-data/training_data/prot_M11596_62_439.phy/output_files/parsimony/seed_5.raxml.log

Analysis started: 22-Sep-2025 03:38:27 / finished: 22-Sep-2025 03:38:27

Elapsed time: 0.024 seconds


RAxML-NG v. 1.1.0-master released on 04.08.2022 by The Exelixis Lab.
Developed by: Alexey M. Kozlov and Alexandros Stamatakis.
Contributors: Diego Darriba, Tomas Flouri, Benoit Morel, Sarah Lutteropp, Ben Bettisworth.
Latest version: https://github.com/amkozlov/raxml-ng
Questions/problems/suggestions? Please visit: https://groups.google.com/forum/#!forum/raxml

System: 11th Gen Intel(R) Core(TM) i7-1185G7 @ 3.00GHz, 4 cores, 31 GB RAM

RAxML-NG was called at 22-Sep-2025 01:17:48 as follows:

/usr/local/bin/raxml-ng --start --msa /home/vanvan/Downloads/data_treebase/DIU_TRAINING_DATA/data5/prot_M11596_62_439.phy --tree pars{1} --prefix training_data/prot_M11596_62_439.phy/output_files/parsimony/seed_6 --model LG+G --seed 6

Analysis options:
  run mode: Starting tree generation
  start tree(s): parsimony (1)
  random seed: 6
  SIMD kernels: AVX2
  parallelization: coarse-grained (auto), PTHREADS (auto)

[00:00:00] Reading alignment from file: /home/vanvan/Downloads/data_treebase/DIU_TRAINING_DATA/data5/prot_M11596_62_439.phy
[00:00:00] Loaded alignment with 62 taxa and 439 sites

Alignment comprises 1 partitions and 431 patterns

Partition 0: noname
Model: LG+G4m
Alignment sites / patterns: 439 / 431
Gaps: 17.46 %
Invariant sites: 5.92 %


NOTE: Binary MSA file created: training_data/prot_M11596_62_439.phy/output_files/parsimony/seed_6.raxml.rba

[00:00:00] Generating 1 parsimony starting tree(s) with 62 taxa
Parsimony score: 7297

All starting trees saved to: /home/vanvan/difficulty-prediction-training-data/training_data/prot_M11596_62_439.phy/output_files/parsimony/seed_6.raxml.startTree


Execution log saved to: /home/vanvan/difficulty-prediction-training-data/training_data/prot_M11596_62_439.phy/output_files/parsimony/seed_6.raxml.log

Analysis started: 22-Sep-2025 01:17:48 / finished: 22-Sep-2025 01:17:48

Elapsed time: 0.021 seconds


RAxML-NG v. 1.1.0-master released on 04.08.2022 by The Exelixis Lab.
Developed by: Alexey M. Kozlov and Alexandros Stamatakis.
Contributors: Diego Darriba, Tomas Flouri, Benoit Morel, Sarah Lutteropp, Ben Bettisworth.
Latest version: https://github.com/amkozlov/raxml-ng
Questions/problems/suggestions? Please visit: https://groups.google.com/forum/#!forum/raxml

System: 11th Gen Intel(R) Core(TM) i7-1185G7 @ 3.00GHz, 4 cores, 31 GB RAM

RAxML-NG was called at 22-Sep-2025 02:18:34 as follows:

/usr/local/bin/raxml-ng --start --msa /home/vanvan/Downloads/data_treebase/DIU_TRAINING_DATA/data5/prot_M11596_62_439.phy --tree pars{1} --prefix training_data/prot_M11596_62_439.phy/output_files/parsimony/seed_7 --model LG+G --seed 7

Analysis options:
  run mode: Starting tree generation
  start tree(s): parsimony (1)
  random seed: 7
  SIMD kernels: AVX2
  parallelization: coarse-grained (auto), PTHREADS (auto)

[00:00:00] Reading alignment from file: /home/vanvan/Downloads/data_treebase/DIU_TRAINING_DATA/data5/prot_M11596_62_439.phy
[00:00:00] Loaded alignment with 62 taxa and 439 sites

Alignment comprises 1 partitions and 431 patterns

Partition 0: noname
Model: LG+G4m
Alignment sites / patterns: 439 / 431
Gaps: 17.46 %
Invariant sites: 5.92 %


NOTE: Binary MSA file created: training_data/prot_M11596_62_439.phy/output_files/parsimony/seed_7.raxml.rba

[00:00:00] Generating 1 parsimony starting tree(s) with 62 taxa
Parsimony score: 7303

All starting trees saved to: /home/vanvan/difficulty-prediction-training-data/training_data/prot_M11596_62_439.phy/output_files/parsimony/seed_7.raxml.startTree


Execution log saved to: /home/vanvan/difficulty-prediction-training-data/training_data/prot_M11596_62_439.phy/output_files/parsimony/seed_7.raxml.log

Analysis started: 22-Sep-2025 02:18:34 / finished: 22-Sep-2025 02:18:34

Elapsed time: 0.022 seconds


RAxML-NG v. 1.1.0-master released on 04.08.2022 by The Exelixis Lab.
Developed by: Alexey M. Kozlov and Alexandros Stamatakis.
Contributors: Diego Darriba, Tomas Flouri, Benoit Morel, Sarah Lutteropp, Ben Bettisworth.
Latest version: https://github.com/amkozlov/raxml-ng
Questions/problems/suggestions? Please visit: https://groups.google.com/forum/#!forum/raxml

System: 11th Gen Intel(R) Core(TM) i7-1185G7 @ 3.00GHz, 4 cores, 31 GB RAM

RAxML-NG was called at 22-Sep-2025 02:49:40 as follows:

/usr/local/bin/raxml-ng --start --msa /home/vanvan/Downloads/data_treebase/DIU_TRAINING_DATA/data5/prot_M11596_62_439.phy --tree pars{1} --prefix training_data/prot_M11596_62_439.phy/output_files/parsimony/seed_8 --model LG+G --seed 8

Analysis options:
  run mode: Starting tree generation
  start tree(s): parsimony (1)
  random seed: 8
  SIMD kernels: AVX2
  parallelization: coarse-grained (auto), PTHREADS (auto)

[00:00:00] Reading alignment from file: /home/vanvan/Downloads/data_treebase/DIU_TRAINING_DATA/data5/prot_M11596_62_439.phy
[00:00:00] Loaded alignment with 62 taxa and 439 sites

Alignment comprises 1 partitions and 431 patterns

Partition 0: noname
Model: LG+G4m
Alignment sites / patterns: 439 / 431
Gaps: 17.46 %
Invariant sites: 5.92 %


NOTE: Binary MSA file created: training_data/prot_M11596_62_439.phy/output_files/parsimony/seed_8.raxml.rba

[00:00:00] Generating 1 parsimony starting tree(s) with 62 taxa
Parsimony score: 7350

All starting trees saved to: /home/vanvan/difficulty-prediction-training-data/training_data/prot_M11596_62_439.phy/output_files/parsimony/seed_8.raxml.startTree


Execution log saved to: /home/vanvan/difficulty-prediction-training-data/training_data/prot_M11596_62_439.phy/output_files/parsimony/seed_8.raxml.log

Analysis started: 22-Sep-2025 02:49:40 / finished: 22-Sep-2025 02:49:40

Elapsed time: 0.022 seconds


RAxML-NG v. 1.1.0-master released on 04.08.2022 by The Exelixis Lab.
Developed by: Alexey M. Kozlov and Alexandros Stamatakis.
Contributors: Diego Darriba, Tomas Flouri, Benoit Morel, Sarah Lutteropp, Ben Bettisworth.
Latest version: https://github.com/amkozlov/raxml-ng
Questions/problems/suggestions? Please visit: https://groups.google.com/forum/#!forum/raxml

System: 11th Gen Intel(R) Core(TM) i7-1185G7 @ 3.00GHz, 4 cores, 31 GB RAM

RAxML-NG was called at 22-Sep-2025 01:47:52 as follows:

/usr/local/bin/raxml-ng --start --msa /home/vanvan/Downloads/data_treebase/DIU_TRAINING_DATA/data5/prot_M11596_62_439.phy --tree pars{1} --prefix training_data/prot_M11596_62_439.phy/output_files/parsimony/seed_9 --model LG+G --seed 9

Analysis options:
  run mode: Starting tree generation
  start tree(s): parsimony (1)
  random seed: 9
  SIMD kernels: AVX2
  parallelization: coarse-grained (auto), PTHREADS (auto)

[00:00:00] Reading alignment from file: /home/vanvan/Downloads/data_treebase/DIU_TRAINING_DATA/data5/prot_M11596_62_439.phy
[00:00:00] Loaded alignment with 62 taxa and 439 sites

Alignment comprises 1 partitions and 431 patterns

Partition 0: noname
Model: LG+G4m
Alignment sites / patterns: 439 / 431
Gaps: 17.46 %
Invariant sites: 5.92 %


NOTE: Binary MSA file created: training_data/prot_M11596_62_439.phy/output_files/parsimony/seed_9.raxml.rba

[00:00:00] Generating 1 parsimony starting tree(s) with 62 taxa
Parsimony score: 7333

All starting trees saved to: /home/vanvan/difficulty-prediction-training-data/training_data/prot_M11596_62_439.phy/output_files/parsimony/seed_9.raxml.startTree


Execution log saved to: /home/vanvan/difficulty-prediction-training-data/training_data/prot_M11596_62_439.phy/output_files/parsimony/seed_9.raxml.log

Analysis started: 22-Sep-2025 01:47:52 / finished: 22-Sep-2025 01:47:52

Elapsed time: 0.020 seconds


RAxML-NG v. 1.1.0-master released on 04.08.2022 by The Exelixis Lab.
Developed by: Alexey M. Kozlov and Alexandros Stamatakis.
Contributors: Diego Darriba, Tomas Flouri, Benoit Morel, Sarah Lutteropp, Ben Bettisworth.
Latest version: https://github.com/amkozlov/raxml-ng
Questions/problems/suggestions? Please visit: https://groups.google.com/forum/#!forum/raxml

System: 11th Gen Intel(R) Core(TM) i7-1185G7 @ 3.00GHz, 4 cores, 31 GB RAM

RAxML-NG was called at 22-Sep-2025 00:15:42 as follows:

/usr/local/bin/raxml-ng --start --msa /home/vanvan/Downloads/data_treebase/DIU_TRAINING_DATA/data5/prot_M11596_62_439.phy --tree pars{1} --prefix training_data/prot_M11596_62_439.phy/output_files/parsimony/seed_10 --model LG+G --seed 10

Analysis options:
  run mode: Starting tree generation
  start tree(s): parsimony (1)
  random seed: 10
  SIMD kernels: AVX2
  parallelization: coarse-grained (auto), PTHREADS (auto)

[00:00:00] Reading alignment from file: /home/vanvan/Downloads/data_treebase/DIU_TRAINING_DATA/data5/prot_M11596_62_439.phy
[00:00:00] Loaded alignment with 62 taxa and 439 sites

Alignment comprises 1 partitions and 431 patterns

Partition 0: noname
Model: LG+G4m
Alignment sites / patterns: 439 / 431
Gaps: 17.46 %
Invariant sites: 5.92 %


NOTE: Binary MSA file created: training_data/prot_M11596_62_439.phy/output_files/parsimony/seed_10.raxml.rba

[00:00:00] Generating 1 parsimony starting tree(s) with 62 taxa
Parsimony score: 7351

All starting trees saved to: /home/vanvan/difficulty-prediction-training-data/training_data/prot_M11596_62_439.phy/output_files/parsimony/seed_10.raxml.startTree


Execution log saved to: /home/vanvan/difficulty-prediction-training-data/training_data/prot_M11596_62_439.phy/output_files/parsimony/seed_10.raxml.log

Analysis started: 22-Sep-2025 00:15:42 / finished: 22-Sep-2025 00:15:42

Elapsed time: 0.022 seconds


RAxML-NG v. 1.1.0-master released on 04.08.2022 by The Exelixis Lab.
Developed by: Alexey M. Kozlov and Alexandros Stamatakis.
Contributors: Diego Darriba, Tomas Flouri, Benoit Morel, Sarah Lutteropp, Ben Bettisworth.
Latest version: https://github.com/amkozlov/raxml-ng
Questions/problems/suggestions? Please visit: https://groups.google.com/forum/#!forum/raxml

System: 11th Gen Intel(R) Core(TM) i7-1185G7 @ 3.00GHz, 4 cores, 31 GB RAM

RAxML-NG was called at 22-Sep-2025 01:32:42 as follows:

/usr/local/bin/raxml-ng --start --msa /home/vanvan/Downloads/data_treebase/DIU_TRAINING_DATA/data5/prot_M11596_62_439.phy --tree pars{1} --prefix training_data/prot_M11596_62_439.phy/output_files/parsimony/seed_11 --model LG+G --seed 11

Analysis options:
  run mode: Starting tree generation
  start tree(s): parsimony (1)
  random seed: 11
  SIMD kernels: AVX2
  parallelization: coarse-grained (auto), PTHREADS (auto)

[00:00:00] Reading alignment from file: /home/vanvan/Downloads/data_treebase/DIU_TRAINING_DATA/data5/prot_M11596_62_439.phy
[00:00:00] Loaded alignment with 62 taxa and 439 sites

Alignment comprises 1 partitions and 431 patterns

Partition 0: noname
Model: LG+G4m
Alignment sites / patterns: 439 / 431
Gaps: 17.46 %
Invariant sites: 5.92 %


NOTE: Binary MSA file created: training_data/prot_M11596_62_439.phy/output_files/parsimony/seed_11.raxml.rba

[00:00:00] Generating 1 parsimony starting tree(s) with 62 taxa
Parsimony score: 7292

All starting trees saved to: /home/vanvan/difficulty-prediction-training-data/training_data/prot_M11596_62_439.phy/output_files/parsimony/seed_11.raxml.startTree


Execution log saved to: /home/vanvan/difficulty-prediction-training-data/training_data/prot_M11596_62_439.phy/output_files/parsimony/seed_11.raxml.log

Analysis started: 22-Sep-2025 01:32:42 / finished: 22-Sep-2025 01:32:42

Elapsed time: 0.022 seconds


RAxML-NG v. 1.1.0-master released on 04.08.2022 by The Exelixis Lab.
Developed by: Alexey M. Kozlov and Alexandros Stamatakis.
Contributors: Diego Darriba, Tomas Flouri, Benoit Morel, Sarah Lutteropp, Ben Bettisworth.
Latest version: https://github.com/amkozlov/raxml-ng
Questions/problems/suggestions? Please visit: https://groups.google.com/forum/#!forum/raxml

System: 11th Gen Intel(R) Core(TM) i7-1185G7 @ 3.00GHz, 4 cores, 31 GB RAM

RAxML-NG was called at 22-Sep-2025 01:47:54 as follows:

/usr/local/bin/raxml-ng --start --msa /home/vanvan/Downloads/data_treebase/DIU_TRAINING_DATA/data5/prot_M11596_62_439.phy --tree pars{1} --prefix training_data/prot_M11596_62_439.phy/output_files/parsimony/seed_12 --model LG+G --seed 12

Analysis options:
  run mode: Starting tree generation
  start tree(s): parsimony (1)
  random seed: 12
  SIMD kernels: AVX2
  parallelization: coarse-grained (auto), PTHREADS (auto)

[00:00:00] Reading alignment from file: /home/vanvan/Downloads/data_treebase/DIU_TRAINING_DATA/data5/prot_M11596_62_439.phy
[00:00:00] Loaded alignment with 62 taxa and 439 sites

Alignment comprises 1 partitions and 431 patterns

Partition 0: noname
Model: LG+G4m
Alignment sites / patterns: 439 / 431
Gaps: 17.46 %
Invariant sites: 5.92 %


NOTE: Binary MSA file created: training_data/prot_M11596_62_439.phy/output_files/parsimony/seed_12.raxml.rba

[00:00:00] Generating 1 parsimony starting tree(s) with 62 taxa
Parsimony score: 7314

All starting trees saved to: /home/vanvan/difficulty-prediction-training-data/training_data/prot_M11596_62_439.phy/output_files/parsimony/seed_12.raxml.startTree


Execution log saved to: /home/vanvan/difficulty-prediction-training-data/training_data/prot_M11596_62_439.phy/output_files/parsimony/seed_12.raxml.log

Analysis started: 22-Sep-2025 01:47:54 / finished: 22-Sep-2025 01:47:54

Elapsed time: 0.019 seconds


RAxML-NG v. 1.1.0-master released on 04.08.2022 by The Exelixis Lab.
Developed by: Alexey M. Kozlov and Alexandros Stamatakis.
Contributors: Diego Darriba, Tomas Flouri, Benoit Morel, Sarah Lutteropp, Ben Bettisworth.
Latest version: https://github.com/amkozlov/raxml-ng
Questions/problems/suggestions? Please visit: https://groups.google.com/forum/#!forum/raxml

System: 11th Gen Intel(R) Core(TM) i7-1185G7 @ 3.00GHz, 4 cores, 31 GB RAM

RAxML-NG was called at 22-Sep-2025 03:37:13 as follows:

/usr/local/bin/raxml-ng --start --msa /home/vanvan/Downloads/data_treebase/DIU_TRAINING_DATA/data5/prot_M11596_62_439.phy --tree pars{1} --prefix training_data/prot_M11596_62_439.phy/output_files/parsimony/seed_13 --model LG+G --seed 13

Analysis options:
  run mode: Starting tree generation
  start tree(s): parsimony (1)
  random seed: 13
  SIMD kernels: AVX2
  parallelization: coarse-grained (auto), PTHREADS (auto)

[00:00:00] Reading alignment from file: /home/vanvan/Downloads/data_treebase/DIU_TRAINING_DATA/data5/prot_M11596_62_439.phy
[00:00:00] Loaded alignment with 62 taxa and 439 sites

Alignment comprises 1 partitions and 431 patterns

Partition 0: noname
Model: LG+G4m
Alignment sites / patterns: 439 / 431
Gaps: 17.46 %
Invariant sites: 5.92 %


NOTE: Binary MSA file created: training_data/prot_M11596_62_439.phy/output_files/parsimony/seed_13.raxml.rba

[00:00:00] Generating 1 parsimony starting tree(s) with 62 taxa
Parsimony score: 7306

All starting trees saved to: /home/vanvan/difficulty-prediction-training-data/training_data/prot_M11596_62_439.phy/output_files/parsimony/seed_13.raxml.startTree


Execution log saved to: /home/vanvan/difficulty-prediction-training-data/training_data/prot_M11596_62_439.phy/output_files/parsimony/seed_13.raxml.log

Analysis started: 22-Sep-2025 03:37:13 / finished: 22-Sep-2025 03:37:13

Elapsed time: 0.022 seconds


RAxML-NG v. 1.1.0-master released on 04.08.2022 by The Exelixis Lab.
Developed by: Alexey M. Kozlov and Alexandros Stamatakis.
Contributors: Diego Darriba, Tomas Flouri, Benoit Morel, Sarah Lutteropp, Ben Bettisworth.
Latest version: https://github.com/amkozlov/raxml-ng
Questions/problems/suggestions? Please visit: https://groups.google.com/forum/#!forum/raxml

System: 11th Gen Intel(R) Core(TM) i7-1185G7 @ 3.00GHz, 4 cores, 31 GB RAM

RAxML-NG was called at 22-Sep-2025 02:16:34 as follows:

/usr/local/bin/raxml-ng --start --msa /home/vanvan/Downloads/data_treebase/DIU_TRAINING_DATA/data5/prot_M11596_62_439.phy --tree pars{1} --prefix training_data/prot_M11596_62_439.phy/output_files/parsimony/seed_14 --model LG+G --seed 14

Analysis options:
  run mode: Starting tree generation
  start tree(s): parsimony (1)
  random seed: 14
  SIMD kernels: AVX2
  parallelization: coarse-grained (auto), PTHREADS (auto)

[00:00:00] Reading alignment from file: /home/vanvan/Downloads/data_treebase/DIU_TRAINING_DATA/data5/prot_M11596_62_439.phy
[00:00:00] Loaded alignment with 62 taxa and 439 sites

Alignment comprises 1 partitions and 431 patterns

Partition 0: noname
Model: LG+G4m
Alignment sites / patterns: 439 / 431
Gaps: 17.46 %
Invariant sites: 5.92 %


NOTE: Binary MSA file created: training_data/prot_M11596_62_439.phy/output_files/parsimony/seed_14.raxml.rba

[00:00:00] Generating 1 parsimony starting tree(s) with 62 taxa
Parsimony score: 7316

All starting trees saved to: /home/vanvan/difficulty-prediction-training-data/training_data/prot_M11596_62_439.phy/output_files/parsimony/seed_14.raxml.startTree


Execution log saved to: /home/vanvan/difficulty-prediction-training-data/training_data/prot_M11596_62_439.phy/output_files/parsimony/seed_14.raxml.log

Analysis started: 22-Sep-2025 02:16:34 / finished: 22-Sep-2025 02:16:34

Elapsed time: 0.022 seconds


RAxML-NG v. 1.1.0-master released on 04.08.2022 by The Exelixis Lab.
Developed by: Alexey M. Kozlov and Alexandros Stamatakis.
Contributors: Diego Darriba, Tomas Flouri, Benoit Morel, Sarah Lutteropp, Ben Bettisworth.
Latest version: https://github.com/amkozlov/raxml-ng
Questions/problems/suggestions? Please visit: https://groups.google.com/forum/#!forum/raxml

System: 11th Gen Intel(R) Core(TM) i7-1185G7 @ 3.00GHz, 4 cores, 31 GB RAM

RAxML-NG was called at 22-Sep-2025 02:44:20 as follows:

/usr/local/bin/raxml-ng --start --msa /home/vanvan/Downloads/data_treebase/DIU_TRAINING_DATA/data5/prot_M11596_62_439.phy --tree pars{1} --prefix training_data/prot_M11596_62_439.phy/output_files/parsimony/seed_15 --model LG+G --seed 15

Analysis options:
  run mode: Starting tree generation
  start tree(s): parsimony (1)
  random seed: 15
  SIMD kernels: AVX2
  parallelization: coarse-grained (auto), PTHREADS (auto)

[00:00:00] Reading alignment from file: /home/vanvan/Downloads/data_treebase/DIU_TRAINING_DATA/data5/prot_M11596_62_439.phy
[00:00:00] Loaded alignment with 62 taxa and 439 sites

Alignment comprises 1 partitions and 431 patterns

Partition 0: noname
Model: LG+G4m
Alignment sites / patterns: 439 / 431
Gaps: 17.46 %
Invariant sites: 5.92 %


NOTE: Binary MSA file created: training_data/prot_M11596_62_439.phy/output_files/parsimony/seed_15.raxml.rba

[00:00:00] Generating 1 parsimony starting tree(s) with 62 taxa
Parsimony score: 7307

All starting trees saved to: /home/vanvan/difficulty-prediction-training-data/training_data/prot_M11596_62_439.phy/output_files/parsimony/seed_15.raxml.startTree


Execution log saved to: /home/vanvan/difficulty-prediction-training-data/training_data/prot_M11596_62_439.phy/output_files/parsimony/seed_15.raxml.log

Analysis started: 22-Sep-2025 02:44:20 / finished: 22-Sep-2025 02:44:20

Elapsed time: 0.021 seconds


RAxML-NG v. 1.1.0-master released on 04.08.2022 by The Exelixis Lab.
Developed by: Alexey M. Kozlov and Alexandros Stamatakis.
Contributors: Diego Darriba, Tomas Flouri, Benoit Morel, Sarah Lutteropp, Ben Bettisworth.
Latest version: https://github.com/amkozlov/raxml-ng
Questions/problems/suggestions? Please visit: https://groups.google.com/forum/#!forum/raxml

System: 11th Gen Intel(R) Core(TM) i7-1185G7 @ 3.00GHz, 4 cores, 31 GB RAM

RAxML-NG was called at 22-Sep-2025 03:20:28 as follows:

/usr/local/bin/raxml-ng --start --msa /home/vanvan/Downloads/data_treebase/DIU_TRAINING_DATA/data5/prot_M11596_62_439.phy --tree pars{1} --prefix training_data/prot_M11596_62_439.phy/output_files/parsimony/seed_16 --model LG+G --seed 16

Analysis options:
  run mode: Starting tree generation
  start tree(s): parsimony (1)
  random seed: 16
  SIMD kernels: AVX2
  parallelization: coarse-grained (auto), PTHREADS (auto)

[00:00:00] Reading alignment from file: /home/vanvan/Downloads/data_treebase/DIU_TRAINING_DATA/data5/prot_M11596_62_439.phy
[00:00:00] Loaded alignment with 62 taxa and 439 sites

Alignment comprises 1 partitions and 431 patterns

Partition 0: noname
Model: LG+G4m
Alignment sites / patterns: 439 / 431
Gaps: 17.46 %
Invariant sites: 5.92 %


NOTE: Binary MSA file created: training_data/prot_M11596_62_439.phy/output_files/parsimony/seed_16.raxml.rba

[00:00:00] Generating 1 parsimony starting tree(s) with 62 taxa
Parsimony score: 7323

All starting trees saved to: /home/vanvan/difficulty-prediction-training-data/training_data/prot_M11596_62_439.phy/output_files/parsimony/seed_16.raxml.startTree


Execution log saved to: /home/vanvan/difficulty-prediction-training-data/training_data/prot_M11596_62_439.phy/output_files/parsimony/seed_16.raxml.log

Analysis started: 22-Sep-2025 03:20:28 / finished: 22-Sep-2025 03:20:28

Elapsed time: 0.021 seconds


RAxML-NG v. 1.1.0-master released on 04.08.2022 by The Exelixis Lab.
Developed by: Alexey M. Kozlov and Alexandros Stamatakis.
Contributors: Diego Darriba, Tomas Flouri, Benoit Morel, Sarah Lutteropp, Ben Bettisworth.
Latest version: https://github.com/amkozlov/raxml-ng
Questions/problems/suggestions? Please visit: https://groups.google.com/forum/#!forum/raxml

System: 11th Gen Intel(R) Core(TM) i7-1185G7 @ 3.00GHz, 4 cores, 31 GB RAM

RAxML-NG was called at 22-Sep-2025 01:17:43 as follows:

/usr/local/bin/raxml-ng --start --msa /home/vanvan/Downloads/data_treebase/DIU_TRAINING_DATA/data5/prot_M11596_62_439.phy --tree pars{1} --prefix training_data/prot_M11596_62_439.phy/output_files/parsimony/seed_17 --model LG+G --seed 17

Analysis options:
  run mode: Starting tree generation
  start tree(s): parsimony (1)
  random seed: 17
  SIMD kernels: AVX2
  parallelization: coarse-grained (auto), PTHREADS (auto)

[00:00:00] Reading alignment from file: /home/vanvan/Downloads/data_treebase/DIU_TRAINING_DATA/data5/prot_M11596_62_439.phy
[00:00:00] Loaded alignment with 62 taxa and 439 sites

Alignment comprises 1 partitions and 431 patterns

Partition 0: noname
Model: LG+G4m
Alignment sites / patterns: 439 / 431
Gaps: 17.46 %
Invariant sites: 5.92 %


NOTE: Binary MSA file created: training_data/prot_M11596_62_439.phy/output_files/parsimony/seed_17.raxml.rba

[00:00:00] Generating 1 parsimony starting tree(s) with 62 taxa
Parsimony score: 7314

All starting trees saved to: /home/vanvan/difficulty-prediction-training-data/training_data/prot_M11596_62_439.phy/output_files/parsimony/seed_17.raxml.startTree


Execution log saved to: /home/vanvan/difficulty-prediction-training-data/training_data/prot_M11596_62_439.phy/output_files/parsimony/seed_17.raxml.log

Analysis started: 22-Sep-2025 01:17:43 / finished: 22-Sep-2025 01:17:43

Elapsed time: 0.022 seconds


RAxML-NG v. 1.1.0-master released on 04.08.2022 by The Exelixis Lab.
Developed by: Alexey M. Kozlov and Alexandros Stamatakis.
Contributors: Diego Darriba, Tomas Flouri, Benoit Morel, Sarah Lutteropp, Ben Bettisworth.
Latest version: https://github.com/amkozlov/raxml-ng
Questions/problems/suggestions? Please visit: https://groups.google.com/forum/#!forum/raxml

System: 11th Gen Intel(R) Core(TM) i7-1185G7 @ 3.00GHz, 4 cores, 31 GB RAM

RAxML-NG was called at 22-Sep-2025 00:15:40 as follows:

/usr/local/bin/raxml-ng --start --msa /home/vanvan/Downloads/data_treebase/DIU_TRAINING_DATA/data5/prot_M11596_62_439.phy --tree pars{1} --prefix training_data/prot_M11596_62_439.phy/output_files/parsimony/seed_18 --model LG+G --seed 18

Analysis options:
  run mode: Starting tree generation
  start tree(s): parsimony (1)
  random seed: 18
  SIMD kernels: AVX2
  parallelization: coarse-grained (auto), PTHREADS (auto)

[00:00:00] Reading alignment from file: /home/vanvan/Downloads/data_treebase/DIU_TRAINING_DATA/data5/prot_M11596_62_439.phy
[00:00:00] Loaded alignment with 62 taxa and 439 sites

Alignment comprises 1 partitions and 431 patterns

Partition 0: noname
Model: LG+G4m
Alignment sites / patterns: 439 / 431
Gaps: 17.46 %
Invariant sites: 5.92 %


NOTE: Binary MSA file created: training_data/prot_M11596_62_439.phy/output_files/parsimony/seed_18.raxml.rba

[00:00:00] Generating 1 parsimony starting tree(s) with 62 taxa
Parsimony score: 7281

All starting trees saved to: /home/vanvan/difficulty-prediction-training-data/training_data/prot_M11596_62_439.phy/output_files/parsimony/seed_18.raxml.startTree


Execution log saved to: /home/vanvan/difficulty-prediction-training-data/training_data/prot_M11596_62_439.phy/output_files/parsimony/seed_18.raxml.log

Analysis started: 22-Sep-2025 00:15:40 / finished: 22-Sep-2025 00:15:40

Elapsed time: 0.012 seconds


RAxML-NG v. 1.1.0-master released on 04.08.2022 by The Exelixis Lab.
Developed by: Alexey M. Kozlov and Alexandros Stamatakis.
Contributors: Diego Darriba, Tomas Flouri, Benoit Morel, Sarah Lutteropp, Ben Bettisworth.
Latest version: https://github.com/amkozlov/raxml-ng
Questions/problems/suggestions? Please visit: https://groups.google.com/forum/#!forum/raxml

System: 11th Gen Intel(R) Core(TM) i7-1185G7 @ 3.00GHz, 4 cores, 31 GB RAM

RAxML-NG was called at 22-Sep-2025 01:33:53 as follows:

/usr/local/bin/raxml-ng --start --msa /home/vanvan/Downloads/data_treebase/DIU_TRAINING_DATA/data5/prot_M11596_62_439.phy --tree pars{1} --prefix training_data/prot_M11596_62_439.phy/output_files/parsimony/seed_19 --model LG+G --seed 19

Analysis options:
  run mode: Starting tree generation
  start tree(s): parsimony (1)
  random seed: 19
  SIMD kernels: AVX2
  parallelization: coarse-grained (auto), PTHREADS (auto)

[00:00:00] Reading alignment from file: /home/vanvan/Downloads/data_treebase/DIU_TRAINING_DATA/data5/prot_M11596_62_439.phy
[00:00:00] Loaded alignment with 62 taxa and 439 sites

Alignment comprises 1 partitions and 431 patterns

Partition 0: noname
Model: LG+G4m
Alignment sites / patterns: 439 / 431
Gaps: 17.46 %
Invariant sites: 5.92 %


NOTE: Binary MSA file created: training_data/prot_M11596_62_439.phy/output_files/parsimony/seed_19.raxml.rba

[00:00:00] Generating 1 parsimony starting tree(s) with 62 taxa
Parsimony score: 7337

All starting trees saved to: /home/vanvan/difficulty-prediction-training-data/training_data/prot_M11596_62_439.phy/output_files/parsimony/seed_19.raxml.startTree


Execution log saved to: /home/vanvan/difficulty-prediction-training-data/training_data/prot_M11596_62_439.phy/output_files/parsimony/seed_19.raxml.log

Analysis started: 22-Sep-2025 01:33:53 / finished: 22-Sep-2025 01:33:53

Elapsed time: 0.025 seconds


RAxML-NG v. 1.1.0-master released on 04.08.2022 by The Exelixis Lab.
Developed by: Alexey M. Kozlov and Alexandros Stamatakis.
Contributors: Diego Darriba, Tomas Flouri, Benoit Morel, Sarah Lutteropp, Ben Bettisworth.
Latest version: https://github.com/amkozlov/raxml-ng
Questions/problems/suggestions? Please visit: https://groups.google.com/forum/#!forum/raxml

System: 11th Gen Intel(R) Core(TM) i7-1185G7 @ 3.00GHz, 4 cores, 31 GB RAM

RAxML-NG was called at 22-Sep-2025 03:22:16 as follows:

/usr/local/bin/raxml-ng --start --msa /home/vanvan/Downloads/data_treebase/DIU_TRAINING_DATA/data5/prot_M11596_62_439.phy --tree pars{1} --prefix training_data/prot_M11596_62_439.phy/output_files/parsimony/seed_20 --model LG+G --seed 20

Analysis options:
  run mode: Starting tree generation
  start tree(s): parsimony (1)
  random seed: 20
  SIMD kernels: AVX2
  parallelization: coarse-grained (auto), PTHREADS (auto)

[00:00:00] Reading alignment from file: /home/vanvan/Downloads/data_treebase/DIU_TRAINING_DATA/data5/prot_M11596_62_439.phy
[00:00:00] Loaded alignment with 62 taxa and 439 sites

Alignment comprises 1 partitions and 431 patterns

Partition 0: noname
Model: LG+G4m
Alignment sites / patterns: 439 / 431
Gaps: 17.46 %
Invariant sites: 5.92 %


NOTE: Binary MSA file created: training_data/prot_M11596_62_439.phy/output_files/parsimony/seed_20.raxml.rba

[00:00:00] Generating 1 parsimony starting tree(s) with 62 taxa
Parsimony score: 7316

All starting trees saved to: /home/vanvan/difficulty-prediction-training-data/training_data/prot_M11596_62_439.phy/output_files/parsimony/seed_20.raxml.startTree


Execution log saved to: /home/vanvan/difficulty-prediction-training-data/training_data/prot_M11596_62_439.phy/output_files/parsimony/seed_20.raxml.log

Analysis started: 22-Sep-2025 03:22:16 / finished: 22-Sep-2025 03:22:16

Elapsed time: 0.011 seconds


RAxML-NG v. 1.1.0-master released on 04.08.2022 by The Exelixis Lab.
Developed by: Alexey M. Kozlov and Alexandros Stamatakis.
Contributors: Diego Darriba, Tomas Flouri, Benoit Morel, Sarah Lutteropp, Ben Bettisworth.
Latest version: https://github.com/amkozlov/raxml-ng
Questions/problems/suggestions? Please visit: https://groups.google.com/forum/#!forum/raxml

System: 11th Gen Intel(R) Core(TM) i7-1185G7 @ 3.00GHz, 4 cores, 31 GB RAM

RAxML-NG was called at 22-Sep-2025 04:08:43 as follows:

/usr/local/bin/raxml-ng --start --msa /home/vanvan/Downloads/data_treebase/DIU_TRAINING_DATA/data5/prot_M11596_62_439.phy --tree pars{1} --prefix training_data/prot_M11596_62_439.phy/output_files/parsimony/seed_21 --model LG+G --seed 21

Analysis options:
  run mode: Starting tree generation
  start tree(s): parsimony (1)
  random seed: 21
  SIMD kernels: AVX2
  parallelization: coarse-grained (auto), PTHREADS (auto)

[00:00:00] Reading alignment from file: /home/vanvan/Downloads/data_treebase/DIU_TRAINING_DATA/data5/prot_M11596_62_439.phy
[00:00:00] Loaded alignment with 62 taxa and 439 sites

Alignment comprises 1 partitions and 431 patterns

Partition 0: noname
Model: LG+G4m
Alignment sites / patterns: 439 / 431
Gaps: 17.46 %
Invariant sites: 5.92 %


NOTE: Binary MSA file created: training_data/prot_M11596_62_439.phy/output_files/parsimony/seed_21.raxml.rba

[00:00:00] Generating 1 parsimony starting tree(s) with 62 taxa
Parsimony score: 7283

All starting trees saved to: /home/vanvan/difficulty-prediction-training-data/training_data/prot_M11596_62_439.phy/output_files/parsimony/seed_21.raxml.startTree


Execution log saved to: /home/vanvan/difficulty-prediction-training-data/training_data/prot_M11596_62_439.phy/output_files/parsimony/seed_21.raxml.log

Analysis started: 22-Sep-2025 04:08:43 / finished: 22-Sep-2025 04:08:43

Elapsed time: 0.022 seconds


RAxML-NG v. 1.1.0-master released on 04.08.2022 by The Exelixis Lab.
Developed by: Alexey M. Kozlov and Alexandros Stamatakis.
Contributors: Diego Darriba, Tomas Flouri, Benoit Morel, Sarah Lutteropp, Ben Bettisworth.
Latest version: https://github.com/amkozlov/raxml-ng
Questions/problems/suggestions? Please visit: https://groups.google.com/forum/#!forum/raxml

System: 11th Gen Intel(R) Core(TM) i7-1185G7 @ 3.00GHz, 4 cores, 31 GB RAM

RAxML-NG was called at 22-Sep-2025 02:18:31 as follows:

/usr/local/bin/raxml-ng --start --msa /home/vanvan/Downloads/data_treebase/DIU_TRAINING_DATA/data5/prot_M11596_62_439.phy --tree pars{1} --prefix training_data/prot_M11596_62_439.phy/output_files/parsimony/seed_22 --model LG+G --seed 22

Analysis options:
  run mode: Starting tree generation
  start tree(s): parsimony (1)
  random seed: 22
  SIMD kernels: AVX2
  parallelization: coarse-grained (auto), PTHREADS (auto)

[00:00:00] Reading alignment from file: /home/vanvan/Downloads/data_treebase/DIU_TRAINING_DATA/data5/prot_M11596_62_439.phy
[00:00:00] Loaded alignment with 62 taxa and 439 sites

Alignment comprises 1 partitions and 431 patterns

Partition 0: noname
Model: LG+G4m
Alignment sites / patterns: 439 / 431
Gaps: 17.46 %
Invariant sites: 5.92 %


NOTE: Binary MSA file created: training_data/prot_M11596_62_439.phy/output_files/parsimony/seed_22.raxml.rba

[00:00:00] Generating 1 parsimony starting tree(s) with 62 taxa
Parsimony score: 7270

All starting trees saved to: /home/vanvan/difficulty-prediction-training-data/training_data/prot_M11596_62_439.phy/output_files/parsimony/seed_22.raxml.startTree


Execution log saved to: /home/vanvan/difficulty-prediction-training-data/training_data/prot_M11596_62_439.phy/output_files/parsimony/seed_22.raxml.log

Analysis started: 22-Sep-2025 02:18:31 / finished: 22-Sep-2025 02:18:31

Elapsed time: 0.022 seconds


RAxML-NG v. 1.1.0-master released on 04.08.2022 by The Exelixis Lab.
Developed by: Alexey M. Kozlov and Alexandros Stamatakis.
Contributors: Diego Darriba, Tomas Flouri, Benoit Morel, Sarah Lutteropp, Ben Bettisworth.
Latest version: https://github.com/amkozlov/raxml-ng
Questions/problems/suggestions? Please visit: https://groups.google.com/forum/#!forum/raxml

System: 11th Gen Intel(R) Core(TM) i7-1185G7 @ 3.00GHz, 4 cores, 31 GB RAM

RAxML-NG was called at 22-Sep-2025 02:47:47 as follows:

/usr/local/bin/raxml-ng --start --msa /home/vanvan/Downloads/data_treebase/DIU_TRAINING_DATA/data5/prot_M11596_62_439.phy --tree pars{1} --prefix training_data/prot_M11596_62_439.phy/output_files/parsimony/seed_23 --model LG+G --seed 23

Analysis options:
  run mode: Starting tree generation
  start tree(s): parsimony (1)
  random seed: 23
  SIMD kernels: AVX2
  parallelization: coarse-grained (auto), PTHREADS (auto)

[00:00:00] Reading alignment from file: /home/vanvan/Downloads/data_treebase/DIU_TRAINING_DATA/data5/prot_M11596_62_439.phy
[00:00:00] Loaded alignment with 62 taxa and 439 sites

Alignment comprises 1 partitions and 431 patterns

Partition 0: noname
Model: LG+G4m
Alignment sites / patterns: 439 / 431
Gaps: 17.46 %
Invariant sites: 5.92 %


NOTE: Binary MSA file created: training_data/prot_M11596_62_439.phy/output_files/parsimony/seed_23.raxml.rba

[00:00:00] Generating 1 parsimony starting tree(s) with 62 taxa
Parsimony score: 7292

All starting trees saved to: /home/vanvan/difficulty-prediction-training-data/training_data/prot_M11596_62_439.phy/output_files/parsimony/seed_23.raxml.startTree


Execution log saved to: /home/vanvan/difficulty-prediction-training-data/training_data/prot_M11596_62_439.phy/output_files/parsimony/seed_23.raxml.log

Analysis started: 22-Sep-2025 02:47:47 / finished: 22-Sep-2025 02:47:47

Elapsed time: 0.026 seconds


RAxML-NG v. 1.1.0-master released on 04.08.2022 by The Exelixis Lab.
Developed by: Alexey M. Kozlov and Alexandros Stamatakis.
Contributors: Diego Darriba, Tomas Flouri, Benoit Morel, Sarah Lutteropp, Ben Bettisworth.
Latest version: https://github.com/amkozlov/raxml-ng
Questions/problems/suggestions? Please visit: https://groups.google.com/forum/#!forum/raxml

System: 11th Gen Intel(R) Core(TM) i7-1185G7 @ 3.00GHz, 4 cores, 31 GB RAM

RAxML-NG was called at 22-Sep-2025 01:47:57 as follows:

/usr/local/bin/raxml-ng --start --msa /home/vanvan/Downloads/data_treebase/DIU_TRAINING_DATA/data5/prot_M11596_62_439.phy --tree pars{1} --prefix training_data/prot_M11596_62_439.phy/output_files/parsimony/seed_24 --model LG+G --seed 24

Analysis options:
  run mode: Starting tree generation
  start tree(s): parsimony (1)
  random seed: 24
  SIMD kernels: AVX2
  parallelization: coarse-grained (auto), PTHREADS (auto)

[00:00:00] Reading alignment from file: /home/vanvan/Downloads/data_treebase/DIU_TRAINING_DATA/data5/prot_M11596_62_439.phy
[00:00:00] Loaded alignment with 62 taxa and 439 sites

Alignment comprises 1 partitions and 431 patterns

Partition 0: noname
Model: LG+G4m
Alignment sites / patterns: 439 / 431
Gaps: 17.46 %
Invariant sites: 5.92 %


NOTE: Binary MSA file created: training_data/prot_M11596_62_439.phy/output_files/parsimony/seed_24.raxml.rba

[00:00:00] Generating 1 parsimony starting tree(s) with 62 taxa
Parsimony score: 7324

All starting trees saved to: /home/vanvan/difficulty-prediction-training-data/training_data/prot_M11596_62_439.phy/output_files/parsimony/seed_24.raxml.startTree


Execution log saved to: /home/vanvan/difficulty-prediction-training-data/training_data/prot_M11596_62_439.phy/output_files/parsimony/seed_24.raxml.log

Analysis started: 22-Sep-2025 01:47:57 / finished: 22-Sep-2025 01:47:57

Elapsed time: 0.020 seconds


RAxML-NG v. 1.1.0-master released on 04.08.2022 by The Exelixis Lab.
Developed by: Alexey M. Kozlov and Alexandros Stamatakis.
Contributors: Diego Darriba, Tomas Flouri, Benoit Morel, Sarah Lutteropp, Ben Bettisworth.
Latest version: https://github.com/amkozlov/raxml-ng
Questions/problems/suggestions? Please visit: https://groups.google.com/forum/#!forum/raxml

System: 11th Gen Intel(R) Core(TM) i7-1185G7 @ 3.00GHz, 4 cores, 31 GB RAM

RAxML-NG was called at 22-Sep-2025 00:15:45 as follows:

/usr/local/bin/raxml-ng --start --msa /home/vanvan/Downloads/data_treebase/DIU_TRAINING_DATA/data5/prot_M11596_62_439.phy --tree pars{1} --prefix training_data/prot_M11596_62_439.phy/output_files/parsimony/seed_25 --model LG+G --seed 25

Analysis options:
  run mode: Starting tree generation
  start tree(s): parsimony (1)
  random seed: 25
  SIMD kernels: AVX2
  parallelization: coarse-grained (auto), PTHREADS (auto)

[00:00:00] Reading alignment from file: /home/vanvan/Downloads/data_treebase/DIU_TRAINING_DATA/data5/prot_M11596_62_439.phy
[00:00:00] Loaded alignment with 62 taxa and 439 sites

Alignment comprises 1 partitions and 431 patterns

Partition 0: noname
Model: LG+G4m
Alignment sites / patterns: 439 / 431
Gaps: 17.46 %
Invariant sites: 5.92 %


NOTE: Binary MSA file created: training_data/prot_M11596_62_439.phy/output_files/parsimony/seed_25.raxml.rba

[00:00:00] Generating 1 parsimony starting tree(s) with 62 taxa
Parsimony score: 7270

All starting trees saved to: /home/vanvan/difficulty-prediction-training-data/training_data/prot_M11596_62_439.phy/output_files/parsimony/seed_25.raxml.startTree


Execution log saved to: /home/vanvan/difficulty-prediction-training-data/training_data/prot_M11596_62_439.phy/output_files/parsimony/seed_25.raxml.log

Analysis started: 22-Sep-2025 00:15:45 / finished: 22-Sep-2025 00:15:45

Elapsed time: 0.014 seconds


RAxML-NG v. 1.1.0-master released on 04.08.2022 by The Exelixis Lab.
Developed by: Alexey M. Kozlov and Alexandros Stamatakis.
Contributors: Diego Darriba, Tomas Flouri, Benoit Morel, Sarah Lutteropp, Ben Bettisworth.
Latest version: https://github.com/amkozlov/raxml-ng
Questions/problems/suggestions? Please visit: https://groups.google.com/forum/#!forum/raxml

System: 11th Gen Intel(R) Core(TM) i7-1185G7 @ 3.00GHz, 4 cores, 31 GB RAM

RAxML-NG was called at 22-Sep-2025 01:17:45 as follows:

/usr/local/bin/raxml-ng --start --msa /home/vanvan/Downloads/data_treebase/DIU_TRAINING_DATA/data5/prot_M11596_62_439.phy --tree pars{1} --prefix training_data/prot_M11596_62_439.phy/output_files/parsimony/seed_26 --model LG+G --seed 26

Analysis options:
  run mode: Starting tree generation
  start tree(s): parsimony (1)
  random seed: 26
  SIMD kernels: AVX2
  parallelization: coarse-grained (auto), PTHREADS (auto)

[00:00:00] Reading alignment from file: /home/vanvan/Downloads/data_treebase/DIU_TRAINING_DATA/data5/prot_M11596_62_439.phy
[00:00:00] Loaded alignment with 62 taxa and 439 sites

Alignment comprises 1 partitions and 431 patterns

Partition 0: noname
Model: LG+G4m
Alignment sites / patterns: 439 / 431
Gaps: 17.46 %
Invariant sites: 5.92 %


NOTE: Binary MSA file created: training_data/prot_M11596_62_439.phy/output_files/parsimony/seed_26.raxml.rba

[00:00:00] Generating 1 parsimony starting tree(s) with 62 taxa
Parsimony score: 7316

All starting trees saved to: /home/vanvan/difficulty-prediction-training-data/training_data/prot_M11596_62_439.phy/output_files/parsimony/seed_26.raxml.startTree


Execution log saved to: /home/vanvan/difficulty-prediction-training-data/training_data/prot_M11596_62_439.phy/output_files/parsimony/seed_26.raxml.log

Analysis started: 22-Sep-2025 01:17:45 / finished: 22-Sep-2025 01:17:45

Elapsed time: 0.021 seconds


RAxML-NG v. 1.1.0-master released on 04.08.2022 by The Exelixis Lab.
Developed by: Alexey M. Kozlov and Alexandros Stamatakis.
Contributors: Diego Darriba, Tomas Flouri, Benoit Morel, Sarah Lutteropp, Ben Bettisworth.
Latest version: https://github.com/amkozlov/raxml-ng
Questions/problems/suggestions? Please visit: https://groups.google.com/forum/#!forum/raxml

System: 11th Gen Intel(R) Core(TM) i7-1185G7 @ 3.00GHz, 4 cores, 31 GB RAM

RAxML-NG was called at 22-Sep-2025 00:15:40 as follows:

/usr/local/bin/raxml-ng --start --msa /home/vanvan/Downloads/data_treebase/DIU_TRAINING_DATA/data5/prot_M11596_62_439.phy --tree pars{1} --prefix training_data/prot_M11596_62_439.phy/output_files/parsimony/seed_27 --model LG+G --seed 27

Analysis options:
  run mode: Starting tree generation
  start tree(s): parsimony (1)
  random seed: 27
  SIMD kernels: AVX2
  parallelization: coarse-grained (auto), PTHREADS (auto)

[00:00:00] Reading alignment from file: /home/vanvan/Downloads/data_treebase/DIU_TRAINING_DATA/data5/prot_M11596_62_439.phy
[00:00:00] Loaded alignment with 62 taxa and 439 sites

Alignment comprises 1 partitions and 431 patterns

Partition 0: noname
Model: LG+G4m
Alignment sites / patterns: 439 / 431
Gaps: 17.46 %
Invariant sites: 5.92 %


NOTE: Binary MSA file created: training_data/prot_M11596_62_439.phy/output_files/parsimony/seed_27.raxml.rba

[00:00:00] Generating 1 parsimony starting tree(s) with 62 taxa
Parsimony score: 7324

All starting trees saved to: /home/vanvan/difficulty-prediction-training-data/training_data/prot_M11596_62_439.phy/output_files/parsimony/seed_27.raxml.startTree


Execution log saved to: /home/vanvan/difficulty-prediction-training-data/training_data/prot_M11596_62_439.phy/output_files/parsimony/seed_27.raxml.log

Analysis started: 22-Sep-2025 00:15:40 / finished: 22-Sep-2025 00:15:40

Elapsed time: 0.011 seconds


RAxML-NG v. 1.1.0-master released on 04.08.2022 by The Exelixis Lab.
Developed by: Alexey M. Kozlov and Alexandros Stamatakis.
Contributors: Diego Darriba, Tomas Flouri, Benoit Morel, Sarah Lutteropp, Ben Bettisworth.
Latest version: https://github.com/amkozlov/raxml-ng
Questions/problems/suggestions? Please visit: https://groups.google.com/forum/#!forum/raxml

System: 11th Gen Intel(R) Core(TM) i7-1185G7 @ 3.00GHz, 4 cores, 31 GB RAM

RAxML-NG was called at 22-Sep-2025 03:29:51 as follows:

/usr/local/bin/raxml-ng --start --msa /home/vanvan/Downloads/data_treebase/DIU_TRAINING_DATA/data5/prot_M11596_62_439.phy --tree pars{1} --prefix training_data/prot_M11596_62_439.phy/output_files/parsimony/seed_28 --model LG+G --seed 28

Analysis options:
  run mode: Starting tree generation
  start tree(s): parsimony (1)
  random seed: 28
  SIMD kernels: AVX2
  parallelization: coarse-grained (auto), PTHREADS (auto)

[00:00:00] Reading alignment from file: /home/vanvan/Downloads/data_treebase/DIU_TRAINING_DATA/data5/prot_M11596_62_439.phy
[00:00:00] Loaded alignment with 62 taxa and 439 sites

Alignment comprises 1 partitions and 431 patterns

Partition 0: noname
Model: LG+G4m
Alignment sites / patterns: 439 / 431
Gaps: 17.46 %
Invariant sites: 5.92 %


NOTE: Binary MSA file created: training_data/prot_M11596_62_439.phy/output_files/parsimony/seed_28.raxml.rba

[00:00:00] Generating 1 parsimony starting tree(s) with 62 taxa
Parsimony score: 7371

All starting trees saved to: /home/vanvan/difficulty-prediction-training-data/training_data/prot_M11596_62_439.phy/output_files/parsimony/seed_28.raxml.startTree


Execution log saved to: /home/vanvan/difficulty-prediction-training-data/training_data/prot_M11596_62_439.phy/output_files/parsimony/seed_28.raxml.log

Analysis started: 22-Sep-2025 03:29:51 / finished: 22-Sep-2025 03:29:51

Elapsed time: 0.021 seconds


RAxML-NG v. 1.1.0-master released on 04.08.2022 by The Exelixis Lab.
Developed by: Alexey M. Kozlov and Alexandros Stamatakis.
Contributors: Diego Darriba, Tomas Flouri, Benoit Morel, Sarah Lutteropp, Ben Bettisworth.
Latest version: https://github.com/amkozlov/raxml-ng
Questions/problems/suggestions? Please visit: https://groups.google.com/forum/#!forum/raxml

System: 11th Gen Intel(R) Core(TM) i7-1185G7 @ 3.00GHz, 4 cores, 31 GB RAM

RAxML-NG was called at 22-Sep-2025 02:16:32 as follows:

/usr/local/bin/raxml-ng --start --msa /home/vanvan/Downloads/data_treebase/DIU_TRAINING_DATA/data5/prot_M11596_62_439.phy --tree pars{1} --prefix training_data/prot_M11596_62_439.phy/output_files/parsimony/seed_29 --model LG+G --seed 29

Analysis options:
  run mode: Starting tree generation
  start tree(s): parsimony (1)
  random seed: 29
  SIMD kernels: AVX2
  parallelization: coarse-grained (auto), PTHREADS (auto)

[00:00:00] Reading alignment from file: /home/vanvan/Downloads/data_treebase/DIU_TRAINING_DATA/data5/prot_M11596_62_439.phy
[00:00:00] Loaded alignment with 62 taxa and 439 sites

Alignment comprises 1 partitions and 431 patterns

Partition 0: noname
Model: LG+G4m
Alignment sites / patterns: 439 / 431
Gaps: 17.46 %
Invariant sites: 5.92 %


NOTE: Binary MSA file created: training_data/prot_M11596_62_439.phy/output_files/parsimony/seed_29.raxml.rba

[00:00:00] Generating 1 parsimony starting tree(s) with 62 taxa
Parsimony score: 7295

All starting trees saved to: /home/vanvan/difficulty-prediction-training-data/training_data/prot_M11596_62_439.phy/output_files/parsimony/seed_29.raxml.startTree


Execution log saved to: /home/vanvan/difficulty-prediction-training-data/training_data/prot_M11596_62_439.phy/output_files/parsimony/seed_29.raxml.log

Analysis started: 22-Sep-2025 02:16:32 / finished: 22-Sep-2025 02:16:32

Elapsed time: 0.011 seconds


RAxML-NG v. 1.1.0-master released on 04.08.2022 by The Exelixis Lab.
Developed by: Alexey M. Kozlov and Alexandros Stamatakis.
Contributors: Diego Darriba, Tomas Flouri, Benoit Morel, Sarah Lutteropp, Ben Bettisworth.
Latest version: https://github.com/amkozlov/raxml-ng
Questions/problems/suggestions? Please visit: https://groups.google.com/forum/#!forum/raxml

System: 11th Gen Intel(R) Core(TM) i7-1185G7 @ 3.00GHz, 4 cores, 31 GB RAM

RAxML-NG was called at 22-Sep-2025 02:42:45 as follows:

/usr/local/bin/raxml-ng --start --msa /home/vanvan/Downloads/data_treebase/DIU_TRAINING_DATA/data5/prot_M11596_62_439.phy --tree pars{1} --prefix training_data/prot_M11596_62_439.phy/output_files/parsimony/seed_30 --model LG+G --seed 30

Analysis options:
  run mode: Starting tree generation
  start tree(s): parsimony (1)
  random seed: 30
  SIMD kernels: AVX2
  parallelization: coarse-grained (auto), PTHREADS (auto)

[00:00:00] Reading alignment from file: /home/vanvan/Downloads/data_treebase/DIU_TRAINING_DATA/data5/prot_M11596_62_439.phy
[00:00:00] Loaded alignment with 62 taxa and 439 sites

Alignment comprises 1 partitions and 431 patterns

Partition 0: noname
Model: LG+G4m
Alignment sites / patterns: 439 / 431
Gaps: 17.46 %
Invariant sites: 5.92 %


NOTE: Binary MSA file created: training_data/prot_M11596_62_439.phy/output_files/parsimony/seed_30.raxml.rba

[00:00:00] Generating 1 parsimony starting tree(s) with 62 taxa
Parsimony score: 7322

All starting trees saved to: /home/vanvan/difficulty-prediction-training-data/training_data/prot_M11596_62_439.phy/output_files/parsimony/seed_30.raxml.startTree


Execution log saved to: /home/vanvan/difficulty-prediction-training-data/training_data/prot_M11596_62_439.phy/output_files/parsimony/seed_30.raxml.log

Analysis started: 22-Sep-2025 02:42:45 / finished: 22-Sep-2025 02:42:45

Elapsed time: 0.010 seconds


RAxML-NG v. 1.1.0-master released on 04.08.2022 by The Exelixis Lab.
Developed by: Alexey M. Kozlov and Alexandros Stamatakis.
Contributors: Diego Darriba, Tomas Flouri, Benoit Morel, Sarah Lutteropp, Ben Bettisworth.
Latest version: https://github.com/amkozlov/raxml-ng
Questions/problems/suggestions? Please visit: https://groups.google.com/forum/#!forum/raxml

System: 11th Gen Intel(R) Core(TM) i7-1185G7 @ 3.00GHz, 4 cores, 31 GB RAM

RAxML-NG was called at 22-Sep-2025 03:20:25 as follows:

/usr/local/bin/raxml-ng --start --msa /home/vanvan/Downloads/data_treebase/DIU_TRAINING_DATA/data5/prot_M11596_62_439.phy --tree pars{1} --prefix training_data/prot_M11596_62_439.phy/output_files/parsimony/seed_31 --model LG+G --seed 31

Analysis options:
  run mode: Starting tree generation
  start tree(s): parsimony (1)
  random seed: 31
  SIMD kernels: AVX2
  parallelization: coarse-grained (auto), PTHREADS (auto)

[00:00:00] Reading alignment from file: /home/vanvan/Downloads/data_treebase/DIU_TRAINING_DATA/data5/prot_M11596_62_439.phy
[00:00:00] Loaded alignment with 62 taxa and 439 sites

Alignment comprises 1 partitions and 431 patterns

Partition 0: noname
Model: LG+G4m
Alignment sites / patterns: 439 / 431
Gaps: 17.46 %
Invariant sites: 5.92 %


NOTE: Binary MSA file created: training_data/prot_M11596_62_439.phy/output_files/parsimony/seed_31.raxml.rba

[00:00:00] Generating 1 parsimony starting tree(s) with 62 taxa
Parsimony score: 7301

All starting trees saved to: /home/vanvan/difficulty-prediction-training-data/training_data/prot_M11596_62_439.phy/output_files/parsimony/seed_31.raxml.startTree


Execution log saved to: /home/vanvan/difficulty-prediction-training-data/training_data/prot_M11596_62_439.phy/output_files/parsimony/seed_31.raxml.log

Analysis started: 22-Sep-2025 03:20:25 / finished: 22-Sep-2025 03:20:25

Elapsed time: 0.025 seconds


RAxML-NG v. 1.1.0-master released on 04.08.2022 by The Exelixis Lab.
Developed by: Alexey M. Kozlov and Alexandros Stamatakis.
Contributors: Diego Darriba, Tomas Flouri, Benoit Morel, Sarah Lutteropp, Ben Bettisworth.
Latest version: https://github.com/amkozlov/raxml-ng
Questions/problems/suggestions? Please visit: https://groups.google.com/forum/#!forum/raxml

System: 11th Gen Intel(R) Core(TM) i7-1185G7 @ 3.00GHz, 4 cores, 31 GB RAM

RAxML-NG was called at 22-Sep-2025 01:33:56 as follows:

/usr/local/bin/raxml-ng --start --msa /home/vanvan/Downloads/data_treebase/DIU_TRAINING_DATA/data5/prot_M11596_62_439.phy --tree pars{1} --prefix training_data/prot_M11596_62_439.phy/output_files/parsimony/seed_32 --model LG+G --seed 32

Analysis options:
  run mode: Starting tree generation
  start tree(s): parsimony (1)
  random seed: 32
  SIMD kernels: AVX2
  parallelization: coarse-grained (auto), PTHREADS (auto)

[00:00:00] Reading alignment from file: /home/vanvan/Downloads/data_treebase/DIU_TRAINING_DATA/data5/prot_M11596_62_439.phy
[00:00:00] Loaded alignment with 62 taxa and 439 sites

Alignment comprises 1 partitions and 431 patterns

Partition 0: noname
Model: LG+G4m
Alignment sites / patterns: 439 / 431
Gaps: 17.46 %
Invariant sites: 5.92 %


NOTE: Binary MSA file created: training_data/prot_M11596_62_439.phy/output_files/parsimony/seed_32.raxml.rba

[00:00:00] Generating 1 parsimony starting tree(s) with 62 taxa
Parsimony score: 7344

All starting trees saved to: /home/vanvan/difficulty-prediction-training-data/training_data/prot_M11596_62_439.phy/output_files/parsimony/seed_32.raxml.startTree


Execution log saved to: /home/vanvan/difficulty-prediction-training-data/training_data/prot_M11596_62_439.phy/output_files/parsimony/seed_32.raxml.log

Analysis started: 22-Sep-2025 01:33:56 / finished: 22-Sep-2025 01:33:56

Elapsed time: 0.011 seconds


RAxML-NG v. 1.1.0-master released on 04.08.2022 by The Exelixis Lab.
Developed by: Alexey M. Kozlov and Alexandros Stamatakis.
Contributors: Diego Darriba, Tomas Flouri, Benoit Morel, Sarah Lutteropp, Ben Bettisworth.
Latest version: https://github.com/amkozlov/raxml-ng
Questions/problems/suggestions? Please visit: https://groups.google.com/forum/#!forum/raxml

System: 11th Gen Intel(R) Core(TM) i7-1185G7 @ 3.00GHz, 4 cores, 31 GB RAM

RAxML-NG was called at 22-Sep-2025 00:15:39 as follows:

/usr/local/bin/raxml-ng --start --msa /home/vanvan/Downloads/data_treebase/DIU_TRAINING_DATA/data5/prot_M11596_62_439.phy --tree pars{1} --prefix training_data/prot_M11596_62_439.phy/output_files/parsimony/seed_33 --model LG+G --seed 33

Analysis options:
  run mode: Starting tree generation
  start tree(s): parsimony (1)
  random seed: 33
  SIMD kernels: AVX2
  parallelization: coarse-grained (auto), PTHREADS (auto)

[00:00:00] Reading alignment from file: /home/vanvan/Downloads/data_treebase/DIU_TRAINING_DATA/data5/prot_M11596_62_439.phy
[00:00:00] Loaded alignment with 62 taxa and 439 sites

Alignment comprises 1 partitions and 431 patterns

Partition 0: noname
Model: LG+G4m
Alignment sites / patterns: 439 / 431
Gaps: 17.46 %
Invariant sites: 5.92 %


NOTE: Binary MSA file created: training_data/prot_M11596_62_439.phy/output_files/parsimony/seed_33.raxml.rba

[00:00:00] Generating 1 parsimony starting tree(s) with 62 taxa
Parsimony score: 7301

All starting trees saved to: /home/vanvan/difficulty-prediction-training-data/training_data/prot_M11596_62_439.phy/output_files/parsimony/seed_33.raxml.startTree


Execution log saved to: /home/vanvan/difficulty-prediction-training-data/training_data/prot_M11596_62_439.phy/output_files/parsimony/seed_33.raxml.log

Analysis started: 22-Sep-2025 00:15:39 / finished: 22-Sep-2025 00:15:39

Elapsed time: 0.011 seconds


RAxML-NG v. 1.1.0-master released on 04.08.2022 by The Exelixis Lab.
Developed by: Alexey M. Kozlov and Alexandros Stamatakis.
Contributors: Diego Darriba, Tomas Flouri, Benoit Morel, Sarah Lutteropp, Ben Bettisworth.
Latest version: https://github.com/amkozlov/raxml-ng
Questions/problems/suggestions? Please visit: https://groups.google.com/forum/#!forum/raxml

System: 11th Gen Intel(R) Core(TM) i7-1185G7 @ 3.00GHz, 4 cores, 31 GB RAM

RAxML-NG was called at 22-Sep-2025 01:32:45 as follows:

/usr/local/bin/raxml-ng --start --msa /home/vanvan/Downloads/data_treebase/DIU_TRAINING_DATA/data5/prot_M11596_62_439.phy --tree pars{1} --prefix training_data/prot_M11596_62_439.phy/output_files/parsimony/seed_34 --model LG+G --seed 34

Analysis options:
  run mode: Starting tree generation
  start tree(s): parsimony (1)
  random seed: 34
  SIMD kernels: AVX2
  parallelization: coarse-grained (auto), PTHREADS (auto)

[00:00:00] Reading alignment from file: /home/vanvan/Downloads/data_treebase/DIU_TRAINING_DATA/data5/prot_M11596_62_439.phy
[00:00:00] Loaded alignment with 62 taxa and 439 sites

Alignment comprises 1 partitions and 431 patterns

Partition 0: noname
Model: LG+G4m
Alignment sites / patterns: 439 / 431
Gaps: 17.46 %
Invariant sites: 5.92 %


NOTE: Binary MSA file created: training_data/prot_M11596_62_439.phy/output_files/parsimony/seed_34.raxml.rba

[00:00:00] Generating 1 parsimony starting tree(s) with 62 taxa
Parsimony score: 7299

All starting trees saved to: /home/vanvan/difficulty-prediction-training-data/training_data/prot_M11596_62_439.phy/output_files/parsimony/seed_34.raxml.startTree


Execution log saved to: /home/vanvan/difficulty-prediction-training-data/training_data/prot_M11596_62_439.phy/output_files/parsimony/seed_34.raxml.log

Analysis started: 22-Sep-2025 01:32:45 / finished: 22-Sep-2025 01:32:45

Elapsed time: 0.026 seconds


RAxML-NG v. 1.1.0-master released on 04.08.2022 by The Exelixis Lab.
Developed by: Alexey M. Kozlov and Alexandros Stamatakis.
Contributors: Diego Darriba, Tomas Flouri, Benoit Morel, Sarah Lutteropp, Ben Bettisworth.
Latest version: https://github.com/amkozlov/raxml-ng
Questions/problems/suggestions? Please visit: https://groups.google.com/forum/#!forum/raxml

System: 11th Gen Intel(R) Core(TM) i7-1185G7 @ 3.00GHz, 4 cores, 31 GB RAM

RAxML-NG was called at 22-Sep-2025 03:22:19 as follows:

/usr/local/bin/raxml-ng --start --msa /home/vanvan/Downloads/data_treebase/DIU_TRAINING_DATA/data5/prot_M11596_62_439.phy --tree pars{1} --prefix training_data/prot_M11596_62_439.phy/output_files/parsimony/seed_35 --model LG+G --seed 35

Analysis options:
  run mode: Starting tree generation
  start tree(s): parsimony (1)
  random seed: 35
  SIMD kernels: AVX2
  parallelization: coarse-grained (auto), PTHREADS (auto)

[00:00:00] Reading alignment from file: /home/vanvan/Downloads/data_treebase/DIU_TRAINING_DATA/data5/prot_M11596_62_439.phy
[00:00:00] Loaded alignment with 62 taxa and 439 sites

Alignment comprises 1 partitions and 431 patterns

Partition 0: noname
Model: LG+G4m
Alignment sites / patterns: 439 / 431
Gaps: 17.46 %
Invariant sites: 5.92 %


NOTE: Binary MSA file created: training_data/prot_M11596_62_439.phy/output_files/parsimony/seed_35.raxml.rba

[00:00:00] Generating 1 parsimony starting tree(s) with 62 taxa
Parsimony score: 7303

All starting trees saved to: /home/vanvan/difficulty-prediction-training-data/training_data/prot_M11596_62_439.phy/output_files/parsimony/seed_35.raxml.startTree


Execution log saved to: /home/vanvan/difficulty-prediction-training-data/training_data/prot_M11596_62_439.phy/output_files/parsimony/seed_35.raxml.log

Analysis started: 22-Sep-2025 03:22:19 / finished: 22-Sep-2025 03:22:19

Elapsed time: 0.023 seconds


RAxML-NG v. 1.1.0-master released on 04.08.2022 by The Exelixis Lab.
Developed by: Alexey M. Kozlov and Alexandros Stamatakis.
Contributors: Diego Darriba, Tomas Flouri, Benoit Morel, Sarah Lutteropp, Ben Bettisworth.
Latest version: https://github.com/amkozlov/raxml-ng
Questions/problems/suggestions? Please visit: https://groups.google.com/forum/#!forum/raxml

System: 11th Gen Intel(R) Core(TM) i7-1185G7 @ 3.00GHz, 4 cores, 31 GB RAM

RAxML-NG was called at 22-Sep-2025 00:15:39 as follows:

/usr/local/bin/raxml-ng --start --msa /home/vanvan/Downloads/data_treebase/DIU_TRAINING_DATA/data5/prot_M11596_62_439.phy --tree pars{1} --prefix training_data/prot_M11596_62_439.phy/output_files/parsimony/seed_36 --model LG+G --seed 36

Analysis options:
  run mode: Starting tree generation
  start tree(s): parsimony (1)
  random seed: 36
  SIMD kernels: AVX2
  parallelization: coarse-grained (auto), PTHREADS (auto)

[00:00:00] Reading alignment from file: /home/vanvan/Downloads/data_treebase/DIU_TRAINING_DATA/data5/prot_M11596_62_439.phy
[00:00:00] Loaded alignment with 62 taxa and 439 sites

Alignment comprises 1 partitions and 431 patterns

Partition 0: noname
Model: LG+G4m
Alignment sites / patterns: 439 / 431
Gaps: 17.46 %
Invariant sites: 5.92 %


NOTE: Binary MSA file created: training_data/prot_M11596_62_439.phy/output_files/parsimony/seed_36.raxml.rba

[00:00:00] Generating 1 parsimony starting tree(s) with 62 taxa
Parsimony score: 7312

All starting trees saved to: /home/vanvan/difficulty-prediction-training-data/training_data/prot_M11596_62_439.phy/output_files/parsimony/seed_36.raxml.startTree


Execution log saved to: /home/vanvan/difficulty-prediction-training-data/training_data/prot_M11596_62_439.phy/output_files/parsimony/seed_36.raxml.log

Analysis started: 22-Sep-2025 00:15:39 / finished: 22-Sep-2025 00:15:39

Elapsed time: 0.012 seconds


RAxML-NG v. 1.1.0-master released on 04.08.2022 by The Exelixis Lab.
Developed by: Alexey M. Kozlov and Alexandros Stamatakis.
Contributors: Diego Darriba, Tomas Flouri, Benoit Morel, Sarah Lutteropp, Ben Bettisworth.
Latest version: https://github.com/amkozlov/raxml-ng
Questions/problems/suggestions? Please visit: https://groups.google.com/forum/#!forum/raxml

System: 11th Gen Intel(R) Core(TM) i7-1185G7 @ 3.00GHz, 4 cores, 31 GB RAM

RAxML-NG was called at 22-Sep-2025 02:41:17 as follows:

/usr/local/bin/raxml-ng --start --msa /home/vanvan/Downloads/data_treebase/DIU_TRAINING_DATA/data5/prot_M11596_62_439.phy --tree pars{1} --prefix training_data/prot_M11596_62_439.phy/output_files/parsimony/seed_37 --model LG+G --seed 37

Analysis options:
  run mode: Starting tree generation
  start tree(s): parsimony (1)
  random seed: 37
  SIMD kernels: AVX2
  parallelization: coarse-grained (auto), PTHREADS (auto)

[00:00:00] Reading alignment from file: /home/vanvan/Downloads/data_treebase/DIU_TRAINING_DATA/data5/prot_M11596_62_439.phy
[00:00:00] Loaded alignment with 62 taxa and 439 sites

Alignment comprises 1 partitions and 431 patterns

Partition 0: noname
Model: LG+G4m
Alignment sites / patterns: 439 / 431
Gaps: 17.46 %
Invariant sites: 5.92 %


NOTE: Binary MSA file created: training_data/prot_M11596_62_439.phy/output_files/parsimony/seed_37.raxml.rba

[00:00:00] Generating 1 parsimony starting tree(s) with 62 taxa
Parsimony score: 7308

All starting trees saved to: /home/vanvan/difficulty-prediction-training-data/training_data/prot_M11596_62_439.phy/output_files/parsimony/seed_37.raxml.startTree


Execution log saved to: /home/vanvan/difficulty-prediction-training-data/training_data/prot_M11596_62_439.phy/output_files/parsimony/seed_37.raxml.log

Analysis started: 22-Sep-2025 02:41:17 / finished: 22-Sep-2025 02:41:18

Elapsed time: 0.021 seconds


RAxML-NG v. 1.1.0-master released on 04.08.2022 by The Exelixis Lab.
Developed by: Alexey M. Kozlov and Alexandros Stamatakis.
Contributors: Diego Darriba, Tomas Flouri, Benoit Morel, Sarah Lutteropp, Ben Bettisworth.
Latest version: https://github.com/amkozlov/raxml-ng
Questions/problems/suggestions? Please visit: https://groups.google.com/forum/#!forum/raxml

System: 11th Gen Intel(R) Core(TM) i7-1185G7 @ 3.00GHz, 4 cores, 31 GB RAM

RAxML-NG was called at 22-Sep-2025 03:20:22 as follows:

/usr/local/bin/raxml-ng --start --msa /home/vanvan/Downloads/data_treebase/DIU_TRAINING_DATA/data5/prot_M11596_62_439.phy --tree pars{1} --prefix training_data/prot_M11596_62_439.phy/output_files/parsimony/seed_38 --model LG+G --seed 38

Analysis options:
  run mode: Starting tree generation
  start tree(s): parsimony (1)
  random seed: 38
  SIMD kernels: AVX2
  parallelization: coarse-grained (auto), PTHREADS (auto)

[00:00:00] Reading alignment from file: /home/vanvan/Downloads/data_treebase/DIU_TRAINING_DATA/data5/prot_M11596_62_439.phy
[00:00:00] Loaded alignment with 62 taxa and 439 sites

Alignment comprises 1 partitions and 431 patterns

Partition 0: noname
Model: LG+G4m
Alignment sites / patterns: 439 / 431
Gaps: 17.46 %
Invariant sites: 5.92 %


NOTE: Binary MSA file created: training_data/prot_M11596_62_439.phy/output_files/parsimony/seed_38.raxml.rba

[00:00:00] Generating 1 parsimony starting tree(s) with 62 taxa
Parsimony score: 7297

All starting trees saved to: /home/vanvan/difficulty-prediction-training-data/training_data/prot_M11596_62_439.phy/output_files/parsimony/seed_38.raxml.startTree


Execution log saved to: /home/vanvan/difficulty-prediction-training-data/training_data/prot_M11596_62_439.phy/output_files/parsimony/seed_38.raxml.log

Analysis started: 22-Sep-2025 03:20:22 / finished: 22-Sep-2025 03:20:22

Elapsed time: 0.023 seconds


RAxML-NG v. 1.1.0-master released on 04.08.2022 by The Exelixis Lab.
Developed by: Alexey M. Kozlov and Alexandros Stamatakis.
Contributors: Diego Darriba, Tomas Flouri, Benoit Morel, Sarah Lutteropp, Ben Bettisworth.
Latest version: https://github.com/amkozlov/raxml-ng
Questions/problems/suggestions? Please visit: https://groups.google.com/forum/#!forum/raxml

System: 11th Gen Intel(R) Core(TM) i7-1185G7 @ 3.00GHz, 4 cores, 31 GB RAM

RAxML-NG was called at 22-Sep-2025 01:34:05 as follows:

/usr/local/bin/raxml-ng --start --msa /home/vanvan/Downloads/data_treebase/DIU_TRAINING_DATA/data5/prot_M11596_62_439.phy --tree pars{1} --prefix training_data/prot_M11596_62_439.phy/output_files/parsimony/seed_39 --model LG+G --seed 39

Analysis options:
  run mode: Starting tree generation
  start tree(s): parsimony (1)
  random seed: 39
  SIMD kernels: AVX2
  parallelization: coarse-grained (auto), PTHREADS (auto)

[00:00:00] Reading alignment from file: /home/vanvan/Downloads/data_treebase/DIU_TRAINING_DATA/data5/prot_M11596_62_439.phy
[00:00:00] Loaded alignment with 62 taxa and 439 sites

Alignment comprises 1 partitions and 431 patterns

Partition 0: noname
Model: LG+G4m
Alignment sites / patterns: 439 / 431
Gaps: 17.46 %
Invariant sites: 5.92 %


NOTE: Binary MSA file created: training_data/prot_M11596_62_439.phy/output_files/parsimony/seed_39.raxml.rba

[00:00:00] Generating 1 parsimony starting tree(s) with 62 taxa
Parsimony score: 7321

All starting trees saved to: /home/vanvan/difficulty-prediction-training-data/training_data/prot_M11596_62_439.phy/output_files/parsimony/seed_39.raxml.startTree


Execution log saved to: /home/vanvan/difficulty-prediction-training-data/training_data/prot_M11596_62_439.phy/output_files/parsimony/seed_39.raxml.log

Analysis started: 22-Sep-2025 01:34:05 / finished: 22-Sep-2025 01:34:05

Elapsed time: 0.021 seconds


RAxML-NG v. 1.1.0-master released on 04.08.2022 by The Exelixis Lab.
Developed by: Alexey M. Kozlov and Alexandros Stamatakis.
Contributors: Diego Darriba, Tomas Flouri, Benoit Morel, Sarah Lutteropp, Ben Bettisworth.
Latest version: https://github.com/amkozlov/raxml-ng
Questions/problems/suggestions? Please visit: https://groups.google.com/forum/#!forum/raxml

System: 11th Gen Intel(R) Core(TM) i7-1185G7 @ 3.00GHz, 4 cores, 31 GB RAM

RAxML-NG was called at 22-Sep-2025 00:15:42 as follows:

/usr/local/bin/raxml-ng --start --msa /home/vanvan/Downloads/data_treebase/DIU_TRAINING_DATA/data5/prot_M11596_62_439.phy --tree pars{1} --prefix training_data/prot_M11596_62_439.phy/output_files/parsimony/seed_40 --model LG+G --seed 40

Analysis options:
  run mode: Starting tree generation
  start tree(s): parsimony (1)
  random seed: 40
  SIMD kernels: AVX2
  parallelization: coarse-grained (auto), PTHREADS (auto)

[00:00:00] Reading alignment from file: /home/vanvan/Downloads/data_treebase/DIU_TRAINING_DATA/data5/prot_M11596_62_439.phy
[00:00:00] Loaded alignment with 62 taxa and 439 sites

Alignment comprises 1 partitions and 431 patterns

Partition 0: noname
Model: LG+G4m
Alignment sites / patterns: 439 / 431
Gaps: 17.46 %
Invariant sites: 5.92 %


NOTE: Binary MSA file created: training_data/prot_M11596_62_439.phy/output_files/parsimony/seed_40.raxml.rba

[00:00:00] Generating 1 parsimony starting tree(s) with 62 taxa
Parsimony score: 7295

All starting trees saved to: /home/vanvan/difficulty-prediction-training-data/training_data/prot_M11596_62_439.phy/output_files/parsimony/seed_40.raxml.startTree


Execution log saved to: /home/vanvan/difficulty-prediction-training-data/training_data/prot_M11596_62_439.phy/output_files/parsimony/seed_40.raxml.log

Analysis started: 22-Sep-2025 00:15:42 / finished: 22-Sep-2025 00:15:42

Elapsed time: 0.011 seconds

