IQ-TREE version 3.0.1 for Linux x86 64-bit built Sep 18 2025
Developed by Bui Quang Minh, Thomas Wong, Nhan Ly-Trong, Huaiyan Ren
Contributed by Lam-Tung Nguyen, Dominik Schrempf, Chris Bielow,
Olga Chernomor, Michael Woodhams, Diep Thi Hoang, Heiko Schmidt

Host:    flink-tm (AVX512, FMA3, 31 GB RAM)
Command: /storage/tranthanhvan235/difficulty-prediction-training-data/iqtree3/build/iqtree3 -s /storage/tranthanhvan235/DIU_TRAINING_DATA/data2/prot_M4325_73_230.phy -pre results/prot_M4325_73_230.phy/output_files/iqtree/inference/pars_1 -seed 1 -ninit 1 -T 1 -redo -n 0 -nt AUTO
Seed:    1 (Using SPRNG - Scalable Parallel Random Number Generator)
Time:    Sun Sep 21 14:28:37 2025
Kernel:  AVX+FMA - auto-detect threads (6 CPU cores detected)

Reading alignment file /storage/tranthanhvan235/DIU_TRAINING_DATA/data2/prot_M4325_73_230.phy ... Phylip format detected
Alignment most likely contains protein sequences
Constructing alignment: done in 0.000759468 secs using 32.79% CPU
Alignment has 73 sequences with 230 columns, 226 distinct patterns
200 parsimony-informative, 17 singleton sites, 13 constant sites
                                        Gap/Ambiguity  Composition  p-value
Analyzing sequences: done in 0.000112561 secs using 68.41% CPU
   1  Acinetobacter_genomosp_A.g.I1             1.30%    passed     61.00%
   2  Azotobacter_vinelandii_A.v.I1             0.43%    passed     87.99%
   3  Azotobacter_vinelandii_A.v.I3             0.43%    passed     66.55%
   4  Azotobacter_vinelandii_A.v.I4             1.30%    passed     36.68%
   5  Azotobacter_vinelandii_A.v.I5             2.61%    passed     45.97%
   6  Bacillus_anthracis_B.a.I1                 0.43%    passed     73.43%
   7  Bacillus_anthracis_B.a.I2                 0.43%    passed     26.91%
   8  Bacillus_cereus_B.c.I1                    0.43%    passed     57.63%
   9  Bacillus_cereus_B.c.I5                    0.43%    passed     71.60%
  10  Bacillus_halodurans_B.h.I1                1.30%    passed     37.17%
  11  Bacillus_megaterium_B.me.I1               0.43%    passed     55.17%
  12  Bacillus_megaterium_B.me.I2               0.43%    passed     89.92%
  13  Bacteroides_fragilis_Ba.fr.I1             0.43%    passed     12.64%
  14  Bacteroides_thetaiotaomicron_B.t.I1       0.43%    passed     89.54%
  15  Bacteroides_thetaiotaomicron_B.t.I2       0.43%    passed      7.68%
  16  Bacteroides_thetaiotaomicron_B.t.I4       0.87%    passed     90.05%
  17  Bradyrhizobium_japonicum_B.j.I1           1.30%    passed     65.09%
  18  Bradyrhizobium_japonicum_B.j.I2           2.61%    passed     26.84%
  19  Burkholderia_fungorum_B.f.I1              1.30%    passed     10.77%
  20  Calothrix_sp._C.sp.I1                     0.43%    passed     49.26%
  21  Clostridium_acetobutylicum_C.a.I1         1.30%    passed     89.21%
  22  Clostridium_beijerincki_Cl.be.I1          0.87%    passed     84.23%
  23  Clostridium_beijerincki_Cl.be.I3          2.61%    passed     12.84%
  24  Clostridium_difficile_C.d.I1              0.43%    passed     24.24%
  25  Crocosphaera_watsonii_C.w.I1              0.43%    passed     98.10%
  26  Crocosphaera_watsonii_C.w.I6              1.74%    passed     79.17%
  27  Dechloromonas_aromatica_D.a.I1            1.30%    passed     97.78%
  28  Desulfitobacterium_hafniense_D.h.I1       0.43%    passed     85.57%
  29  Desulfitobacterium_hafniense_D.h.I2       0.43%    passed     43.29%
  30  Desulfotalea_psychrophila_D.p.I1          1.30%    passed      8.12%
  31  Enterococcus_faecalis_E.f.I3              0.43%    passed     84.12%
  32  Enterococcus_faecium_En.fm.I1             0.43%    passed     32.92%
  33  Enterococcus_faecium_En.fm.I3             0.43%    passed      8.60%
  34  Escherichia_coli_E.c.I2                   0.87%    passed     90.62%
  35  Escherichia_coli_E.c.I3                   0.87%    passed     87.31%
  36  Escherichia_coli_E.c.I5                   0.43%    passed     99.03%
  37  Geobacillus_kaustophilus_G.k.I1           6.96%    passed     46.59%
  38  Geobacter_sulfurreducens_G.s.I1           1.30%    passed     90.19%
  39  Geobacter_uraniumreducens_Ge.ur.I1        1.30%    passed     58.63%
  40  Gloeobacter_violaceus_G.v.I1              0.43%    passed     55.50%
  41  Lactococcus_lactis_L.l.I1                 0.43%    passed     33.22%
  42  Methanosarcina_barkeri_Ms.b.I1            0.43%    passed     67.75%
  43  Methanospirillum_hungatei_Me.hu.I1        0.43%    passed     20.37%
  44  Nitrobacter_hamburgensis_Ni.ha.I1         1.30%    passed     60.51%
  45  Nostoc_sp_N.sp.I1                         0.43%    passed     97.96%
  46  Nostoc_sp_N.sp.I2                         0.43%    passed     73.76%
  47  Nostoc_sp_N.sp.I4                         0.43%    passed     93.90%
  48  Novosphingobium_aromaticivorans_N.a.I1    0.43%    passed     99.36%
  49  Novosphingobium_aromaticivorans_N.a.I2    0.43%    passed     91.00%
  50  Oceanobacillus_iheyensis_O.i.I1           1.30%    passed     98.54%
  51  Paracoccus_denitrificans_Pa.de.I1         0.87%    passed     40.74%
  52  Pelodictyon_luteolum_Pe.lu.I1             0.43%    passed     40.92%
  53  Photorhabdus_luminescens_P.l.I2           0.87%    passed     52.01%
  54  Prosthecochloris_aestuarii_Pr.ae.I1       2.61%    passed     84.10%
  55  Prosthecochloris_vibrioformis_Pr.vi.I1    0.87%    passed     92.21%
  56  Pseudoalteromonas_Ps.tu.I1                2.61%    passed     43.91%
  57  Pseudomonas_putida_P.p.I1                 1.30%    passed     71.44%
  58  Pseudomonas_putida_P.p.I2                 0.43%    passed     96.65%
  59  Ralstonia_metallidurans_R.m.I1            0.43%    passed     36.50%
  60  Serratia_marcescens_S.ma.I1               2.61%    passed     80.47%
  61  Shewanella_sp._Sh.sp.I1                   0.43%    passed     98.93%
  62  Sinorhizobium_meliloti_Sr.me.I1           0.87%    passed     87.55%
  63  Solibacter_usitatus_So.us.I2              1.30%    passed     84.96%
  64  Streptococcus_agalactiae_S.ag.I1          1.30%    passed     83.16%
  65  Streptococcus_agalactiae_S.ag.I2          1.74%    passed     98.76%
  66  Syntrophobacter_fumaroxidans_Sy.fu.I1     1.30%    passed     20.35%
  67  Syntrophomonas_wolfei_Sy.wo.I1            2.61%    passed     48.04%
  68  Thermosynechococcus_elongatus_Th.e.I1     0.43%    passed     96.25%
  69  Trichodesmium_erythraeum_Tr.e.I2          0.43%    passed     94.70%
  70  Trichodesmium_sp._T.sp.I1                 0.87%    passed     76.06%
  71  Uncultured_archaeon_UA.I3                 0.87%    passed     80.46%
  72  Uncultured_bacterium_UB.I1                2.61%    passed     91.08%
  73  Vibrio_angustum_Vi.an.I1                  0.43%    passed     95.96%
****  TOTAL                                     1.05%  0 sequences failed composition chi2 test (p-value<5%; df=19)
Checking for duplicate sequences: done in 0.000498883 secs using 60.94% CPU


Create initial parsimony tree by phylogenetic likelihood library (PLL)... 0.099 seconds
Measuring multi-threading efficiency up to 6 CPU cores
Increase to 10 rounds for branch lengths
2 trees examined
Threads: 1 / Time: 6.895 sec / Speedup: 1.000 / Efficiency: 100% / LogL: -28527
Threads: 2 / Time: 11.465 sec / Speedup: 0.601 / Efficiency: 30% / LogL: -28527
Determining AUTO threadcount: done in 18.3651 secs using 51.87% CPU
BEST NUMBER OF THREADS: 1

Perform fast likelihood tree search using LG+I+G model...
Estimate model parameters (epsilon = 5.000)
Perform nearest neighbor interchange...
Estimate model parameters (epsilon = 1.000)
1. Initial log-likelihood: -20958.477
Optimal log-likelihood: -20958.433
Proportion of invariable sites: 0.046
Gamma shape alpha: 1.146
Parameters optimization took 1 rounds (1.485 sec)
Time for fast ML tree search: 11.794 seconds

NOTE: ModelFinder requires 27 MB RAM!
ModelFinder will test up to 1232 protein models (sample size: 230 epsilon: 0.100) ...
 No. Model         -LnL         df  AIC          AICc         BIC
  1  LG            21950.859    143 44187.718    44666.601    44679.363
  2  LG+I          21742.648    144 43773.295    44264.589    44268.379
  3  LG+G4         20972.685    144 42233.370    42724.664    42728.453
  4  LG+I+G4       20958.441    145 42206.883    42710.930    42705.404
  5  LG+R2         21182.298    145 42654.595    43158.643    43153.117
  6  LG+R3         20985.309    147 42264.617    42795.251    42770.015
  7  LG+R4         20939.188    149 42176.376    42735.126    42688.649
  8  LG+R5         20933.979    151 42169.959    42758.472    42689.109
 14  LG+I+R2       21134.182    146 42560.364    43077.521    43062.323
 15  LG+I+R3       20977.317    148 42250.634    42795.128    42759.470
 16  LG+I+R4       20934.949    150 42169.898    42743.316    42685.610
 17  LG+I+R5       20930.362    152 42164.723    42768.775    42687.311
 29  LG+F+R4       20953.226    168 42242.452    43173.337    42820.049
 30  LG+F+R5       20949.650    170 42239.301    43224.725    42823.774
 38  LG+F+I+R4     20949.227    169 42236.454    43194.120    42817.489
 39  LG+F+I+R5     20945.953    171 42233.906    43248.113    42821.818
 51  WAG+R4        21062.142    149 42422.285    42981.035    42934.559
 52  WAG+R5        21060.517    151 42423.034    43011.547    42942.184
 60  WAG+I+R4      21057.974    150 42415.948    42989.365    42931.660
 61  WAG+I+R5      21056.597    152 42417.194    43021.246    42939.782
 73  WAG+F+R4      21039.756    168 42415.513    43346.398    42993.110
 74  WAG+F+R5      21039.149    170 42418.297    43403.721    43002.771
 82  WAG+F+I+R4    21034.895    169 42407.790    43365.457    42988.825
 83  WAG+F+I+R5    21034.469    171 42410.939    43425.146    42998.850
 95  JTT+R4        21294.413    149 42886.825    43445.575    43399.099
 96  JTT+R5        21288.525    151 42879.049    43467.562    43398.199
104  JTT+I+R4      21291.301    150 42882.601    43456.019    43398.313
105  JTT+I+R5      21285.825    152 42875.651    43479.703    43398.239
117  JTT+F+R4      21297.797    168 42931.593    43862.479    43509.191
118  JTT+F+R5      21294.888    170 42929.775    43915.199    43514.249
126  JTT+F+I+R4    21294.184    169 42926.367    43884.034    43507.402
127  JTT+F+I+R5    21291.688    171 42925.377    43939.584    43513.288
139  Q.PFAM+R4     20956.166    149 42210.332    42769.082    42722.606
140  Q.PFAM+R5     20951.983    151 42205.967    42794.480    42725.117
148  Q.PFAM+I+R4   20952.255    150 42204.511    42777.929    42720.223
149  Q.PFAM+I+R5   20948.524    152 42201.048    42805.100    42723.636
161  Q.PFAM+F+R4   20945.270    168 42226.540    43157.425    42804.137
162  Q.PFAM+F+R5   20941.729    170 42223.459    43208.883    42807.932
170  Q.PFAM+F+I+R4 20941.623    169 42221.246    43178.913    42802.282
171  Q.PFAM+F+I+R5 20938.211    171 42218.423    43232.630    42806.334
183  Q.BIRD+R4     21895.133    149 44088.266    44647.016    44600.540
184  Q.BIRD+R5     21886.015    151 44074.030    44662.543    44593.180
192  Q.BIRD+I+R4   21892.211    150 44084.423    44657.840    44600.135
193  Q.BIRD+I+R5   21884.220    152 44072.439    44676.491    44595.027
205  Q.BIRD+F+R4   21906.003    168 44148.006    45078.891    44725.603
206  Q.BIRD+F+R5   21898.879    170 44137.758    45123.181    44722.231
214  Q.BIRD+F+I+R4 21903.739    169 44145.478    45103.144    44726.513
215  Q.BIRD+F+I+R5 21896.849    171 44135.698    45149.905    44723.609
227  Q.MAMMAL+R4   21654.601    149 43607.201    44165.951    44119.475
228  Q.MAMMAL+R5   21645.448    151 43592.895    44181.408    44112.045
236  Q.MAMMAL+I+R4 21651.377    150 43602.753    44176.171    44118.465
237  Q.MAMMAL+I+R5 21643.249    152 43590.497    44194.549    44113.085
249  Q.MAMMAL+F+R4 21657.321    168 43650.642    44581.527    44228.239
250  Q.MAMMAL+F+R5 21651.623    170 43643.247    44628.670    44227.720
258  Q.MAMMAL+F+I+R4 21654.270    169 43646.539    44604.206    44227.575
259  Q.MAMMAL+F+I+R5 21648.836    171 43639.672    44653.879    44227.584
271  Q.INSECT+R4   21059.154    149 42416.309    42975.059    42928.582
272  Q.INSECT+R5   21048.910    151 42399.819    42988.332    42918.969
280  Q.INSECT+I+R4 21055.329    150 42410.659    42984.076    42926.371
281  Q.INSECT+I+R5 21045.653    152 42395.305    42999.357    42917.893
293  Q.INSECT+F+R4 21118.431    168 42572.861    43503.746    43150.458
294  Q.INSECT+F+R5 21111.994    170 42563.988    43549.412    43148.462
302  Q.INSECT+F+I+R4 21115.031    169 42568.063    43525.729    43149.098
303  Q.INSECT+F+I+R5 21108.892    171 42559.785    43573.992    43147.697
315  Q.PLANT+R4    21398.810    149 43095.619    43654.369    43607.893
316  Q.PLANT+R5    21391.160    151 43084.320    43672.833    43603.470
324  Q.PLANT+I+R4  21394.690    150 43089.380    43662.798    43605.092
325  Q.PLANT+I+R5  21387.676    152 43079.353    43683.405    43601.941
337  Q.PLANT+F+R4  21412.378    168 43160.755    44091.641    43738.353
338  Q.PLANT+F+R5  21406.349    170 43152.698    44138.122    43737.171
346  Q.PLANT+F+I+R4 21408.267    169 43154.535    44112.202    43735.570
347  Q.PLANT+F+I+R5 21404.465    171 43150.931    44165.137    43738.842
359  Q.YEAST+R4    21077.693    149 42453.387    43012.137    42965.660
360  Q.YEAST+R5    21069.606    151 42441.212    43029.725    42960.362
368  Q.YEAST+I+R4  21073.423    150 42446.845    43020.263    42962.557
369  Q.YEAST+I+R5  21066.239    152 42436.479    43040.531    42959.067
381  Q.YEAST+F+R4  21017.950    168 42371.901    43302.786    42949.498
382  Q.YEAST+F+R5  21012.632    170 42365.264    43350.688    42949.738
390  Q.YEAST+F+I+R4 21014.451    169 42366.903    43324.569    42947.938
391  Q.YEAST+F+I+R5 21009.544    171 42361.088    43375.295    42949.000
403  JTTDCMUT+R4   21286.587    149 42871.174    43429.924    43383.448
404  JTTDCMUT+R5   21280.831    151 42863.663    43452.175    43382.813
412  JTTDCMUT+I+R4 21283.497    150 42866.994    43440.412    43382.706
413  JTTDCMUT+I+R5 21278.082    152 42860.164    43464.215    43382.752
425  JTTDCMUT+F+R4 21291.736    168 42919.471    43850.357    43497.069
426  JTTDCMUT+F+R5 21288.950    170 42917.901    43903.324    43502.374
434  JTTDCMUT+F+I+R4 21288.135    169 42914.271    43871.937    43495.306
435  JTTDCMUT+F+I+R5 21285.718    171 42913.435    43927.642    43501.347
447  DCMUT+R4      21526.327    149 43350.654    43909.404    43862.928
448  DCMUT+R5      21517.331    151 43336.661    43925.174    43855.811
456  DCMUT+I+R4    21523.716    150 43347.432    43920.850    43863.144
457  DCMUT+I+R5    21514.803    152 43333.607    43937.659    43856.195
469  DCMUT+F+R4    21457.522    168 43251.044    44181.930    43828.642
470  DCMUT+F+R5    21448.747    170 43237.494    44222.917    43821.967
478  DCMUT+F+I+R4  21454.149    169 43246.298    44203.965    43827.334
479  DCMUT+F+I+R5  21445.439    171 43232.879    44247.086    43820.790
491  VT+R4         21077.505    149 42453.009    43011.759    42965.283
492  VT+R5         21077.086    151 42456.172    43044.685    42975.322
500  VT+I+R4       21073.338    150 42446.676    43020.094    42962.388
501  VT+I+R5       21072.946    152 42449.892    43053.944    42972.480
513  VT+F+R4       21069.862    168 42475.723    43406.609    43053.321
514  VT+F+R5       21069.531    170 42479.062    43464.486    43063.536
522  VT+F+I+R4     21065.478    169 42468.955    43426.622    43049.991
523  VT+F+I+R5     21065.167    171 42472.335    43486.542    43060.246
535  PMB+R4        21115.096    149 42528.192    43086.942    43040.466
536  PMB+R5        21115.095    151 42532.190    43120.703    43051.340
544  PMB+I+R4      21110.172    150 42520.344    43093.762    43036.056
545  PMB+I+R5      21110.168    152 42524.336    43128.387    43046.924
557  PMB+F+R4      21173.870    168 42683.741    43614.626    43261.338
558  PMB+F+R5      21173.879    170 42687.757    43673.181    43272.231
566  PMB+F+I+R4    21168.762    169 42675.523    43633.190    43256.559
567  PMB+F+I+R5    21168.761    171 42679.522    43693.729    43267.434
579  BLOSUM62+R4   21060.914    149 42419.828    42978.578    42932.102
580  BLOSUM62+R5   21060.826    151 42423.653    43012.165    42942.803
588  BLOSUM62+I+R4 21056.533    150 42413.065    42986.483    42928.777
589  BLOSUM62+I+R5 21056.477    152 42416.954    43021.006    42939.542
601  BLOSUM62+F+R4 21101.765    168 42539.529    43470.414    43117.127
602  BLOSUM62+F+R5 21101.621    170 42543.242    43528.666    43127.715
610  BLOSUM62+F+I+R4 21097.026    169 42532.052    43489.719    43113.088
611  BLOSUM62+F+I+R5 21096.933    171 42535.866    43550.073    43123.778
623  DAYHOFF+R4    21526.644    149 43351.288    43910.038    43863.562
624  DAYHOFF+R5    21516.235    151 43334.471    43922.983    43853.621
632  DAYHOFF+I+R4  21524.035    150 43348.071    43921.488    43863.783
633  DAYHOFF+I+R5  21513.685    152 43331.371    43935.423    43853.959
645  DAYHOFF+F+R4  21457.874    168 43251.748    44182.633    43829.345
646  DAYHOFF+F+R5  21449.042    170 43238.084    44223.508    43822.557
654  DAYHOFF+F+I+R4 21454.512    169 43247.024    44204.690    43828.059
655  DAYHOFF+F+I+R5 21445.746    171 43233.492    44247.699    43821.403
667  MTREV+R4      22529.471    149 45356.942    45915.692    45869.215
668  MTREV+R5      22505.689    151 45313.378    45901.891    45832.528
676  MTREV+I+R4    22527.413    150 45354.827    45928.245    45870.539
677  MTREV+I+R5    22503.720    152 45311.440    45915.492    45834.028
689  MTREV+F+R4    21680.506    168 43697.012    44627.897    44274.610
690  MTREV+F+R5    21664.833    170 43669.665    44655.089    44254.139
698  MTREV+F+I+R4  21677.748    169 43693.496    44651.163    44274.532
699  MTREV+F+I+R5  21663.020    171 43668.040    44682.247    44255.951
711  MTART+R4      22726.882    149 45751.763    46310.513    46264.037
712  MTART+R5      22703.982    151 45709.965    46298.477    46229.115
720  MTART+I+R4    22724.847    150 45749.695    46323.113    46265.407
721  MTART+I+R5    22702.013    152 45708.025    46312.077    46230.614
733  MTART+F+R4    21861.240    168 44058.480    44989.366    44636.078
734  MTART+F+R5    21836.474    170 44012.948    44998.372    44597.422
742  MTART+F+I+R4  21859.094    169 44056.189    45013.856    44637.224
743  MTART+F+I+R5  21834.400    171 44010.799    45025.006    44598.711
755  MTZOA+R4      22110.193    149 44518.387    45077.137    45030.661
756  MTZOA+R5      22094.134    151 44490.268    45078.781    45009.418
764  MTZOA+I+R4    22108.733    150 44517.466    45090.884    45033.178
765  MTZOA+I+R5    22092.742    152 44489.483    45093.535    45012.071
777  MTZOA+F+R4    21524.954    168 43385.908    44316.793    43963.505
778  MTZOA+F+R5    21509.811    170 43359.622    44345.046    43944.096
786  MTZOA+F+I+R4  21523.222    169 43384.444    44342.110    43965.479
787  MTZOA+F+I+R5  21508.105    171 43358.210    44372.417    43946.121
799  MTMET+R4      22453.462    149 45204.924    45763.674    45717.198
800  MTMET+R5      22442.311    151 45186.622    45775.135    45705.772
808  MTMET+I+R4    22451.861    150 45203.721    45777.139    45719.433
809  MTMET+I+R5    22440.735    152 45185.471    45789.523    45708.059
821  MTMET+F+R4    21692.702    168 43721.404    44652.289    44299.001
822  MTMET+F+R5    21680.461    170 43700.922    44686.346    44285.396
830  MTMET+F+I+R4  21690.506    169 43719.011    44676.678    44300.047
831  MTMET+F+I+R5  21678.310    171 43698.621    44712.828    44286.532
843  MTVER+R4      22937.778    149 46173.556    46732.306    46685.830
844  MTVER+R5      22918.942    151 46139.884    46728.396    46659.034
852  MTVER+I+R4    22936.422    150 46172.844    46746.262    46688.556
853  MTVER+I+R5    22917.615    152 46139.230    46743.282    46661.818
865  MTVER+F+R4    22229.444    168 44794.889    45725.774    45372.486
866  MTVER+F+R5    22212.056    170 44764.111    45749.535    45348.584
874  MTVER+F+I+R4  22226.729    169 44791.458    45749.125    45372.494
875  MTVER+F+I+R5  22209.372    171 44760.744    45774.951    45348.656
887  MTINV+R4      22388.835    149 45075.670    45634.420    45587.944
888  MTINV+R5      22379.769    151 45061.538    45650.050    45580.688
896  MTINV+I+R4    22386.775    150 45073.551    45646.968    45589.263
897  MTINV+I+R5    22377.747    152 45059.494    45663.546    45582.083
909  MTINV+F+R4    21424.172    168 43184.344    44115.229    43761.941
910  MTINV+F+R5    21413.893    170 43167.785    44153.209    43752.259
918  MTINV+F+I+R4  21421.370    169 43180.740    44138.407    43761.775
919  MTINV+F+I+R5  21411.166    171 43164.332    44178.539    43752.243
931  MTMAM+R4      23325.860    149 46949.721    47508.471    47461.995
932  MTMAM+R5      23291.170    151 46884.340    47472.853    47403.490
940  MTMAM+I+R4    23324.348    150 46948.696    47522.114    47464.408
941  MTMAM+I+R5    23289.693    152 46883.386    47487.438    47405.974
953  MTMAM+F+R4    22481.213    168 45298.427    46229.312    45876.024
954  MTMAM+F+R5    22448.441    170 45236.881    46222.305    45821.355
962  MTMAM+F+I+R4  22478.696    169 45295.393    46253.059    45876.428
963  MTMAM+F+I+R5  22445.961    171 45233.923    46248.130    45821.834
975  FLAVI+R4      22510.650    149 45319.299    45878.049    45831.573
976  FLAVI+R5      22500.772    151 45303.544    45892.057    45822.694
984  FLAVI+I+R4    22503.042    150 45306.084    45879.502    45821.796
985  FLAVI+I+R5    22493.707    152 45291.413    45895.465    45814.001
997  FLAVI+F+R4    22554.867    168 45445.735    46376.620    46023.332
998  FLAVI+F+R5    22548.675    170 45437.350    46422.774    46021.823
1006  FLAVI+F+I+R4  22545.824    169 45429.647    46387.314    46010.683
1007  FLAVI+F+I+R5  22539.957    171 45421.914    46436.121    46009.826
1019  HIVB+R4       21863.017    149 44024.034    44582.784    44536.308
1020  HIVB+R5       21854.132    151 44010.263    44598.776    44529.413
1028  HIVB+I+R4     21853.812    150 44007.625    44581.043    44523.337
1029  HIVB+I+R5     21847.758    152 43999.515    44603.567    44522.103
1041  HIVB+F+R4     21912.891    168 44161.782    45092.667    44739.379
1042  HIVB+F+R5     21904.712    170 44149.423    45134.847    44733.897
1050  HIVB+F+I+R4   21904.680    169 44147.361    45105.028    44728.396
1051  HIVB+F+I+R5   21899.119    171 44140.237    45154.444    44728.149
1063  HIVW+R4       22983.887    149 46265.774    46824.524    46778.048
1064  HIVW+R5       22969.957    151 46241.913    46830.426    46761.063
1072  HIVW+I+R4     22974.633    150 46249.266    46822.683    46764.977
1073  HIVW+I+R5     22973.741    152 46251.482    46855.534    46774.070
1085  HIVW+F+R4     22748.127    168 45832.253    46763.138    46409.850
1086  HIVW+F+R5     22739.413    170 45818.825    46804.249    46403.299
1094  HIVW+F+I+R4   22740.583    169 45819.166    46776.833    46400.202
1095  HIVW+F+I+R5   22740.163    171 45822.326    46836.533    46410.237
1107  FLU+R4        21756.414    149 43810.827    44369.577    44323.101
1108  FLU+R5        21747.770    151 43797.541    44386.054    44316.691
1116  FLU+I+R4      21748.859    150 43797.718    44371.136    44313.430
1117  FLU+I+R5      21747.367    152 43798.733    44402.785    44321.321
1129  FLU+F+R4      21745.025    168 43826.049    44756.935    44403.647
1130  FLU+F+R5      21735.877    170 43811.755    44797.178    44396.228
1138  FLU+F+I+R4    21736.170    169 43810.340    44768.007    44391.376
1139  FLU+F+I+R5    21735.641    171 43813.282    44827.488    44401.193
1151  RTREV+R4      21026.073    149 42350.145    42908.895    42862.419
1152  RTREV+R5      21018.914    151 42339.828    42928.341    42858.978
1160  RTREV+I+R4    21021.713    150 42343.427    42916.844    42859.139
1161  RTREV+I+R5    21019.588    152 42343.177    42947.229    42865.765
1173  RTREV+F+R4    20960.801    168 42257.603    43188.488    42835.200
1174  RTREV+F+R5    20954.851    170 42249.702    43235.126    42834.175
1182  RTREV+F+I+R4  20956.545    169 42251.091    43208.758    42832.126
1183  RTREV+F+I+R5  20953.591    171 42249.182    43263.388    42837.093
1195  CPREV+R4      21231.192    149 42760.384    43319.134    43272.658
1196  CPREV+R5      21223.478    151 42748.956    43337.469    43268.106
1204  CPREV+I+R4    21224.561    150 42749.122    43322.540    43264.834
1205  CPREV+I+R5    21222.757    152 42749.514    43353.566    43272.102
1217  CPREV+F+R4    21238.763    168 42813.527    43744.412    43391.124
1218  CPREV+F+R5    21231.195    170 42802.389    43787.813    43386.863
1226  CPREV+F+I+R4  21232.284    169 42802.568    43760.235    43383.604
1227  CPREV+F+I+R5  21230.022    171 42802.045    43816.251    43389.956
Akaike Information Criterion:           LG+I+R5
Corrected Akaike Information Criterion: LG+I+G4
Bayesian Information Criterion:         LG+I+R4
Best-fit model: LG+I+R4 chosen according to BIC

All model information printed to results/prot_M4325_73_230.phy/output_files/iqtree/inference/pars_1.model.gz
CPU time for ModelFinder: 1267.632 seconds (0h:21m:7s)
Wall-clock time for ModelFinder: 2627.022 seconds (0h:43m:47s)

NOTE: 11 MB RAM (0 GB) is required!
Estimate model parameters (epsilon = 0.010)
1. Initial log-likelihood: -20948.494
2. Current log-likelihood: -20935.180
3. Current log-likelihood: -20934.952
4. Current log-likelihood: -20934.935
Optimal log-likelihood: -20934.930
Proportion of invariable sites: 0.037
Site proportion and rates:  (0.176,0.105) (0.230,0.552) (0.367,1.147) (0.190,2.283)
Parameters optimization took 4 rounds (14.440 sec)
Wrote distance file to... 
BEST SCORE FOUND : -20934.930
Total tree length: 27.682

Total number of iterations: 0
CPU time used for tree search: 0.000 sec (0h:0m:0s)
Wall-clock time used for tree search: 0.000 sec (0h:0m:0s)
Total CPU time used: 1273.141 sec (0h:21m:13s)
Total wall-clock time used: 2641.625 sec (0h:44m:1s)

Analysis results written to: 
  IQ-TREE report:                results/prot_M4325_73_230.phy/output_files/iqtree/inference/pars_1.iqtree
  Maximum-likelihood tree:       results/prot_M4325_73_230.phy/output_files/iqtree/inference/pars_1.treefile
  Screen log file:               results/prot_M4325_73_230.phy/output_files/iqtree/inference/pars_1.log

Date and Time: Sun Sep 21 15:12:39 2025
