
RAxML-NG v. 1.1.0-master released on 04.08.2022 by The Exelixis Lab.
Developed by: Alexey M. Kozlov and Alexandros Stamatakis.
Contributors: Diego Darriba, Tomas Flouri, Benoit Morel, Sarah Lutteropp, Ben Bettisworth.
Latest version: https://github.com/amkozlov/raxml-ng
Questions/problems/suggestions? Please visit: https://groups.google.com/forum/#!forum/raxml

System: Intel(R) Core(TM) i7-8850H CPU @ 2.60GHz, 6 cores, 15 GB RAM

RAxML-NG was called at 24-Sep-2025 19:24:10 as follows:

/usr/local/bin/raxml-ng --start --msa /home/suny/Downloads/VAN_TRAINING_DATA/data4/dna_M6625_247_1812.phy --tree pars{1} --prefix results/dna_M6625_247_1812.phy/output_files/parsimony/seed_1 --model GTR+G --seed 1

Analysis options:
  run mode: Starting tree generation
  start tree(s): parsimony (1)
  random seed: 1
  SIMD kernels: AVX2
  parallelization: coarse-grained (auto), PTHREADS (auto)

[00:00:00] Reading alignment from file: /home/suny/Downloads/VAN_TRAINING_DATA/data4/dna_M6625_247_1812.phy
[00:00:00] Loaded alignment with 247 taxa and 1812 sites

Alignment comprises 1 partitions and 824 patterns

Partition 0: noname
Model: GTR+FO+G4m
Alignment sites / patterns: 1812 / 824
Gaps: 32.17 %
Invariant sites: 61.20 %


NOTE: Binary MSA file created: results/dna_M6625_247_1812.phy/output_files/parsimony/seed_1.raxml.rba

[00:00:00] Generating 1 parsimony starting tree(s) with 247 taxa
Parsimony score: 3235

All starting trees saved to: /home/suny/difficulty-prediction-training-data/results/dna_M6625_247_1812.phy/output_files/parsimony/seed_1.raxml.startTree


Execution log saved to: /home/suny/difficulty-prediction-training-data/results/dna_M6625_247_1812.phy/output_files/parsimony/seed_1.raxml.log

Analysis started: 24-Sep-2025 19:24:10 / finished: 24-Sep-2025 19:24:10

Elapsed time: 0.034 seconds


RAxML-NG v. 1.1.0-master released on 04.08.2022 by The Exelixis Lab.
Developed by: Alexey M. Kozlov and Alexandros Stamatakis.
Contributors: Diego Darriba, Tomas Flouri, Benoit Morel, Sarah Lutteropp, Ben Bettisworth.
Latest version: https://github.com/amkozlov/raxml-ng
Questions/problems/suggestions? Please visit: https://groups.google.com/forum/#!forum/raxml

System: Intel(R) Core(TM) i7-8850H CPU @ 2.60GHz, 6 cores, 15 GB RAM

RAxML-NG was called at 24-Sep-2025 18:58:35 as follows:

/usr/local/bin/raxml-ng --start --msa /home/suny/Downloads/VAN_TRAINING_DATA/data4/dna_M6625_247_1812.phy --tree pars{1} --prefix results/dna_M6625_247_1812.phy/output_files/parsimony/seed_2 --model GTR+G --seed 2

Analysis options:
  run mode: Starting tree generation
  start tree(s): parsimony (1)
  random seed: 2
  SIMD kernels: AVX2
  parallelization: coarse-grained (auto), PTHREADS (auto)

[00:00:00] Reading alignment from file: /home/suny/Downloads/VAN_TRAINING_DATA/data4/dna_M6625_247_1812.phy
[00:00:00] Loaded alignment with 247 taxa and 1812 sites

Alignment comprises 1 partitions and 824 patterns

Partition 0: noname
Model: GTR+FO+G4m
Alignment sites / patterns: 1812 / 824
Gaps: 32.17 %
Invariant sites: 61.20 %


NOTE: Binary MSA file created: results/dna_M6625_247_1812.phy/output_files/parsimony/seed_2.raxml.rba

[00:00:00] Generating 1 parsimony starting tree(s) with 247 taxa
Parsimony score: 3210

All starting trees saved to: /home/suny/difficulty-prediction-training-data/results/dna_M6625_247_1812.phy/output_files/parsimony/seed_2.raxml.startTree


Execution log saved to: /home/suny/difficulty-prediction-training-data/results/dna_M6625_247_1812.phy/output_files/parsimony/seed_2.raxml.log

Analysis started: 24-Sep-2025 18:58:35 / finished: 24-Sep-2025 18:58:35

Elapsed time: 0.030 seconds


RAxML-NG v. 1.1.0-master released on 04.08.2022 by The Exelixis Lab.
Developed by: Alexey M. Kozlov and Alexandros Stamatakis.
Contributors: Diego Darriba, Tomas Flouri, Benoit Morel, Sarah Lutteropp, Ben Bettisworth.
Latest version: https://github.com/amkozlov/raxml-ng
Questions/problems/suggestions? Please visit: https://groups.google.com/forum/#!forum/raxml

System: Intel(R) Core(TM) i7-8850H CPU @ 2.60GHz, 6 cores, 15 GB RAM

RAxML-NG was called at 24-Sep-2025 19:34:06 as follows:

/usr/local/bin/raxml-ng --start --msa /home/suny/Downloads/VAN_TRAINING_DATA/data4/dna_M6625_247_1812.phy --tree pars{1} --prefix results/dna_M6625_247_1812.phy/output_files/parsimony/seed_3 --model GTR+G --seed 3

Analysis options:
  run mode: Starting tree generation
  start tree(s): parsimony (1)
  random seed: 3
  SIMD kernels: AVX2
  parallelization: coarse-grained (auto), PTHREADS (auto)

[00:00:00] Reading alignment from file: /home/suny/Downloads/VAN_TRAINING_DATA/data4/dna_M6625_247_1812.phy
[00:00:00] Loaded alignment with 247 taxa and 1812 sites

Alignment comprises 1 partitions and 824 patterns

Partition 0: noname
Model: GTR+FO+G4m
Alignment sites / patterns: 1812 / 824
Gaps: 32.17 %
Invariant sites: 61.20 %


NOTE: Binary MSA file created: results/dna_M6625_247_1812.phy/output_files/parsimony/seed_3.raxml.rba

[00:00:00] Generating 1 parsimony starting tree(s) with 247 taxa
Parsimony score: 3251

All starting trees saved to: /home/suny/difficulty-prediction-training-data/results/dna_M6625_247_1812.phy/output_files/parsimony/seed_3.raxml.startTree


Execution log saved to: /home/suny/difficulty-prediction-training-data/results/dna_M6625_247_1812.phy/output_files/parsimony/seed_3.raxml.log

Analysis started: 24-Sep-2025 19:34:06 / finished: 24-Sep-2025 19:34:06

Elapsed time: 0.034 seconds


RAxML-NG v. 1.1.0-master released on 04.08.2022 by The Exelixis Lab.
Developed by: Alexey M. Kozlov and Alexandros Stamatakis.
Contributors: Diego Darriba, Tomas Flouri, Benoit Morel, Sarah Lutteropp, Ben Bettisworth.
Latest version: https://github.com/amkozlov/raxml-ng
Questions/problems/suggestions? Please visit: https://groups.google.com/forum/#!forum/raxml

System: Intel(R) Core(TM) i7-8850H CPU @ 2.60GHz, 6 cores, 15 GB RAM

RAxML-NG was called at 24-Sep-2025 19:40:06 as follows:

/usr/local/bin/raxml-ng --start --msa /home/suny/Downloads/VAN_TRAINING_DATA/data4/dna_M6625_247_1812.phy --tree pars{1} --prefix results/dna_M6625_247_1812.phy/output_files/parsimony/seed_4 --model GTR+G --seed 4

Analysis options:
  run mode: Starting tree generation
  start tree(s): parsimony (1)
  random seed: 4
  SIMD kernels: AVX2
  parallelization: coarse-grained (auto), PTHREADS (auto)

[00:00:00] Reading alignment from file: /home/suny/Downloads/VAN_TRAINING_DATA/data4/dna_M6625_247_1812.phy
[00:00:00] Loaded alignment with 247 taxa and 1812 sites

Alignment comprises 1 partitions and 824 patterns

Partition 0: noname
Model: GTR+FO+G4m
Alignment sites / patterns: 1812 / 824
Gaps: 32.17 %
Invariant sites: 61.20 %


NOTE: Binary MSA file created: results/dna_M6625_247_1812.phy/output_files/parsimony/seed_4.raxml.rba

[00:00:00] Generating 1 parsimony starting tree(s) with 247 taxa
Parsimony score: 3230

All starting trees saved to: /home/suny/difficulty-prediction-training-data/results/dna_M6625_247_1812.phy/output_files/parsimony/seed_4.raxml.startTree


Execution log saved to: /home/suny/difficulty-prediction-training-data/results/dna_M6625_247_1812.phy/output_files/parsimony/seed_4.raxml.log

Analysis started: 24-Sep-2025 19:40:06 / finished: 24-Sep-2025 19:40:06

Elapsed time: 0.036 seconds


RAxML-NG v. 1.1.0-master released on 04.08.2022 by The Exelixis Lab.
Developed by: Alexey M. Kozlov and Alexandros Stamatakis.
Contributors: Diego Darriba, Tomas Flouri, Benoit Morel, Sarah Lutteropp, Ben Bettisworth.
Latest version: https://github.com/amkozlov/raxml-ng
Questions/problems/suggestions? Please visit: https://groups.google.com/forum/#!forum/raxml

System: Intel(R) Core(TM) i7-8850H CPU @ 2.60GHz, 6 cores, 15 GB RAM

RAxML-NG was called at 24-Sep-2025 19:01:32 as follows:

/usr/local/bin/raxml-ng --start --msa /home/suny/Downloads/VAN_TRAINING_DATA/data4/dna_M6625_247_1812.phy --tree pars{1} --prefix results/dna_M6625_247_1812.phy/output_files/parsimony/seed_5 --model GTR+G --seed 5

Analysis options:
  run mode: Starting tree generation
  start tree(s): parsimony (1)
  random seed: 5
  SIMD kernels: AVX2
  parallelization: coarse-grained (auto), PTHREADS (auto)

[00:00:00] Reading alignment from file: /home/suny/Downloads/VAN_TRAINING_DATA/data4/dna_M6625_247_1812.phy
[00:00:00] Loaded alignment with 247 taxa and 1812 sites

Alignment comprises 1 partitions and 824 patterns

Partition 0: noname
Model: GTR+FO+G4m
Alignment sites / patterns: 1812 / 824
Gaps: 32.17 %
Invariant sites: 61.20 %


NOTE: Binary MSA file created: results/dna_M6625_247_1812.phy/output_files/parsimony/seed_5.raxml.rba

[00:00:00] Generating 1 parsimony starting tree(s) with 247 taxa
Parsimony score: 3233

All starting trees saved to: /home/suny/difficulty-prediction-training-data/results/dna_M6625_247_1812.phy/output_files/parsimony/seed_5.raxml.startTree


Execution log saved to: /home/suny/difficulty-prediction-training-data/results/dna_M6625_247_1812.phy/output_files/parsimony/seed_5.raxml.log

Analysis started: 24-Sep-2025 19:01:32 / finished: 24-Sep-2025 19:01:32

Elapsed time: 0.032 seconds


RAxML-NG v. 1.1.0-master released on 04.08.2022 by The Exelixis Lab.
Developed by: Alexey M. Kozlov and Alexandros Stamatakis.
Contributors: Diego Darriba, Tomas Flouri, Benoit Morel, Sarah Lutteropp, Ben Bettisworth.
Latest version: https://github.com/amkozlov/raxml-ng
Questions/problems/suggestions? Please visit: https://groups.google.com/forum/#!forum/raxml

System: Intel(R) Core(TM) i7-8850H CPU @ 2.60GHz, 6 cores, 15 GB RAM

RAxML-NG was called at 24-Sep-2025 19:09:13 as follows:

/usr/local/bin/raxml-ng --start --msa /home/suny/Downloads/VAN_TRAINING_DATA/data4/dna_M6625_247_1812.phy --tree pars{1} --prefix results/dna_M6625_247_1812.phy/output_files/parsimony/seed_6 --model GTR+G --seed 6

Analysis options:
  run mode: Starting tree generation
  start tree(s): parsimony (1)
  random seed: 6
  SIMD kernels: AVX2
  parallelization: coarse-grained (auto), PTHREADS (auto)

[00:00:00] Reading alignment from file: /home/suny/Downloads/VAN_TRAINING_DATA/data4/dna_M6625_247_1812.phy
[00:00:00] Loaded alignment with 247 taxa and 1812 sites

Alignment comprises 1 partitions and 824 patterns

Partition 0: noname
Model: GTR+FO+G4m
Alignment sites / patterns: 1812 / 824
Gaps: 32.17 %
Invariant sites: 61.20 %


NOTE: Binary MSA file created: results/dna_M6625_247_1812.phy/output_files/parsimony/seed_6.raxml.rba

[00:00:00] Generating 1 parsimony starting tree(s) with 247 taxa
Parsimony score: 3244

All starting trees saved to: /home/suny/difficulty-prediction-training-data/results/dna_M6625_247_1812.phy/output_files/parsimony/seed_6.raxml.startTree


Execution log saved to: /home/suny/difficulty-prediction-training-data/results/dna_M6625_247_1812.phy/output_files/parsimony/seed_6.raxml.log

Analysis started: 24-Sep-2025 19:09:13 / finished: 24-Sep-2025 19:09:13

Elapsed time: 0.036 seconds


RAxML-NG v. 1.1.0-master released on 04.08.2022 by The Exelixis Lab.
Developed by: Alexey M. Kozlov and Alexandros Stamatakis.
Contributors: Diego Darriba, Tomas Flouri, Benoit Morel, Sarah Lutteropp, Ben Bettisworth.
Latest version: https://github.com/amkozlov/raxml-ng
Questions/problems/suggestions? Please visit: https://groups.google.com/forum/#!forum/raxml

System: Intel(R) Core(TM) i7-8850H CPU @ 2.60GHz, 6 cores, 15 GB RAM

RAxML-NG was called at 24-Sep-2025 19:06:27 as follows:

/usr/local/bin/raxml-ng --start --msa /home/suny/Downloads/VAN_TRAINING_DATA/data4/dna_M6625_247_1812.phy --tree pars{1} --prefix results/dna_M6625_247_1812.phy/output_files/parsimony/seed_7 --model GTR+G --seed 7

Analysis options:
  run mode: Starting tree generation
  start tree(s): parsimony (1)
  random seed: 7
  SIMD kernels: AVX2
  parallelization: coarse-grained (auto), PTHREADS (auto)

[00:00:00] Reading alignment from file: /home/suny/Downloads/VAN_TRAINING_DATA/data4/dna_M6625_247_1812.phy
[00:00:00] Loaded alignment with 247 taxa and 1812 sites

Alignment comprises 1 partitions and 824 patterns

Partition 0: noname
Model: GTR+FO+G4m
Alignment sites / patterns: 1812 / 824
Gaps: 32.17 %
Invariant sites: 61.20 %


NOTE: Binary MSA file created: results/dna_M6625_247_1812.phy/output_files/parsimony/seed_7.raxml.rba

[00:00:00] Generating 1 parsimony starting tree(s) with 247 taxa
Parsimony score: 3240

All starting trees saved to: /home/suny/difficulty-prediction-training-data/results/dna_M6625_247_1812.phy/output_files/parsimony/seed_7.raxml.startTree


Execution log saved to: /home/suny/difficulty-prediction-training-data/results/dna_M6625_247_1812.phy/output_files/parsimony/seed_7.raxml.log

Analysis started: 24-Sep-2025 19:06:27 / finished: 24-Sep-2025 19:06:27

Elapsed time: 0.035 seconds


RAxML-NG v. 1.1.0-master released on 04.08.2022 by The Exelixis Lab.
Developed by: Alexey M. Kozlov and Alexandros Stamatakis.
Contributors: Diego Darriba, Tomas Flouri, Benoit Morel, Sarah Lutteropp, Ben Bettisworth.
Latest version: https://github.com/amkozlov/raxml-ng
Questions/problems/suggestions? Please visit: https://groups.google.com/forum/#!forum/raxml

System: Intel(R) Core(TM) i7-8850H CPU @ 2.60GHz, 6 cores, 15 GB RAM

RAxML-NG was called at 24-Sep-2025 19:09:15 as follows:

/usr/local/bin/raxml-ng --start --msa /home/suny/Downloads/VAN_TRAINING_DATA/data4/dna_M6625_247_1812.phy --tree pars{1} --prefix results/dna_M6625_247_1812.phy/output_files/parsimony/seed_8 --model GTR+G --seed 8

Analysis options:
  run mode: Starting tree generation
  start tree(s): parsimony (1)
  random seed: 8
  SIMD kernels: AVX2
  parallelization: coarse-grained (auto), PTHREADS (auto)

[00:00:00] Reading alignment from file: /home/suny/Downloads/VAN_TRAINING_DATA/data4/dna_M6625_247_1812.phy
[00:00:00] Loaded alignment with 247 taxa and 1812 sites

Alignment comprises 1 partitions and 824 patterns

Partition 0: noname
Model: GTR+FO+G4m
Alignment sites / patterns: 1812 / 824
Gaps: 32.17 %
Invariant sites: 61.20 %


NOTE: Binary MSA file created: results/dna_M6625_247_1812.phy/output_files/parsimony/seed_8.raxml.rba

[00:00:00] Generating 1 parsimony starting tree(s) with 247 taxa
Parsimony score: 3236

All starting trees saved to: /home/suny/difficulty-prediction-training-data/results/dna_M6625_247_1812.phy/output_files/parsimony/seed_8.raxml.startTree


Execution log saved to: /home/suny/difficulty-prediction-training-data/results/dna_M6625_247_1812.phy/output_files/parsimony/seed_8.raxml.log

Analysis started: 24-Sep-2025 19:09:15 / finished: 24-Sep-2025 19:09:15

Elapsed time: 0.035 seconds


RAxML-NG v. 1.1.0-master released on 04.08.2022 by The Exelixis Lab.
Developed by: Alexey M. Kozlov and Alexandros Stamatakis.
Contributors: Diego Darriba, Tomas Flouri, Benoit Morel, Sarah Lutteropp, Ben Bettisworth.
Latest version: https://github.com/amkozlov/raxml-ng
Questions/problems/suggestions? Please visit: https://groups.google.com/forum/#!forum/raxml

System: Intel(R) Core(TM) i7-8850H CPU @ 2.60GHz, 6 cores, 15 GB RAM

RAxML-NG was called at 24-Sep-2025 19:09:23 as follows:

/usr/local/bin/raxml-ng --start --msa /home/suny/Downloads/VAN_TRAINING_DATA/data4/dna_M6625_247_1812.phy --tree pars{1} --prefix results/dna_M6625_247_1812.phy/output_files/parsimony/seed_9 --model GTR+G --seed 9

Analysis options:
  run mode: Starting tree generation
  start tree(s): parsimony (1)
  random seed: 9
  SIMD kernels: AVX2
  parallelization: coarse-grained (auto), PTHREADS (auto)

[00:00:00] Reading alignment from file: /home/suny/Downloads/VAN_TRAINING_DATA/data4/dna_M6625_247_1812.phy
[00:00:00] Loaded alignment with 247 taxa and 1812 sites

Alignment comprises 1 partitions and 824 patterns

Partition 0: noname
Model: GTR+FO+G4m
Alignment sites / patterns: 1812 / 824
Gaps: 32.17 %
Invariant sites: 61.20 %


NOTE: Binary MSA file created: results/dna_M6625_247_1812.phy/output_files/parsimony/seed_9.raxml.rba

[00:00:00] Generating 1 parsimony starting tree(s) with 247 taxa
Parsimony score: 3218

All starting trees saved to: /home/suny/difficulty-prediction-training-data/results/dna_M6625_247_1812.phy/output_files/parsimony/seed_9.raxml.startTree


Execution log saved to: /home/suny/difficulty-prediction-training-data/results/dna_M6625_247_1812.phy/output_files/parsimony/seed_9.raxml.log

Analysis started: 24-Sep-2025 19:09:23 / finished: 24-Sep-2025 19:09:23

Elapsed time: 0.035 seconds


RAxML-NG v. 1.1.0-master released on 04.08.2022 by The Exelixis Lab.
Developed by: Alexey M. Kozlov and Alexandros Stamatakis.
Contributors: Diego Darriba, Tomas Flouri, Benoit Morel, Sarah Lutteropp, Ben Bettisworth.
Latest version: https://github.com/amkozlov/raxml-ng
Questions/problems/suggestions? Please visit: https://groups.google.com/forum/#!forum/raxml

System: Intel(R) Core(TM) i7-8850H CPU @ 2.60GHz, 6 cores, 15 GB RAM

RAxML-NG was called at 24-Sep-2025 19:13:25 as follows:

/usr/local/bin/raxml-ng --start --msa /home/suny/Downloads/VAN_TRAINING_DATA/data4/dna_M6625_247_1812.phy --tree pars{1} --prefix results/dna_M6625_247_1812.phy/output_files/parsimony/seed_10 --model GTR+G --seed 10

Analysis options:
  run mode: Starting tree generation
  start tree(s): parsimony (1)
  random seed: 10
  SIMD kernels: AVX2
  parallelization: coarse-grained (auto), PTHREADS (auto)

[00:00:00] Reading alignment from file: /home/suny/Downloads/VAN_TRAINING_DATA/data4/dna_M6625_247_1812.phy
[00:00:00] Loaded alignment with 247 taxa and 1812 sites

Alignment comprises 1 partitions and 824 patterns

Partition 0: noname
Model: GTR+FO+G4m
Alignment sites / patterns: 1812 / 824
Gaps: 32.17 %
Invariant sites: 61.20 %


NOTE: Binary MSA file created: results/dna_M6625_247_1812.phy/output_files/parsimony/seed_10.raxml.rba

[00:00:00] Generating 1 parsimony starting tree(s) with 247 taxa
Parsimony score: 3237

All starting trees saved to: /home/suny/difficulty-prediction-training-data/results/dna_M6625_247_1812.phy/output_files/parsimony/seed_10.raxml.startTree


Execution log saved to: /home/suny/difficulty-prediction-training-data/results/dna_M6625_247_1812.phy/output_files/parsimony/seed_10.raxml.log

Analysis started: 24-Sep-2025 19:13:25 / finished: 24-Sep-2025 19:13:25

Elapsed time: 0.037 seconds


RAxML-NG v. 1.1.0-master released on 04.08.2022 by The Exelixis Lab.
Developed by: Alexey M. Kozlov and Alexandros Stamatakis.
Contributors: Diego Darriba, Tomas Flouri, Benoit Morel, Sarah Lutteropp, Ben Bettisworth.
Latest version: https://github.com/amkozlov/raxml-ng
Questions/problems/suggestions? Please visit: https://groups.google.com/forum/#!forum/raxml

System: Intel(R) Core(TM) i7-8850H CPU @ 2.60GHz, 6 cores, 15 GB RAM

RAxML-NG was called at 24-Sep-2025 18:58:32 as follows:

/usr/local/bin/raxml-ng --start --msa /home/suny/Downloads/VAN_TRAINING_DATA/data4/dna_M6625_247_1812.phy --tree pars{1} --prefix results/dna_M6625_247_1812.phy/output_files/parsimony/seed_11 --model GTR+G --seed 11

Analysis options:
  run mode: Starting tree generation
  start tree(s): parsimony (1)
  random seed: 11
  SIMD kernels: AVX2
  parallelization: coarse-grained (auto), PTHREADS (auto)

[00:00:00] Reading alignment from file: /home/suny/Downloads/VAN_TRAINING_DATA/data4/dna_M6625_247_1812.phy
[00:00:00] Loaded alignment with 247 taxa and 1812 sites

Alignment comprises 1 partitions and 824 patterns

Partition 0: noname
Model: GTR+FO+G4m
Alignment sites / patterns: 1812 / 824
Gaps: 32.17 %
Invariant sites: 61.20 %


NOTE: Binary MSA file created: results/dna_M6625_247_1812.phy/output_files/parsimony/seed_11.raxml.rba

[00:00:00] Generating 1 parsimony starting tree(s) with 247 taxa
Parsimony score: 3241

All starting trees saved to: /home/suny/difficulty-prediction-training-data/results/dna_M6625_247_1812.phy/output_files/parsimony/seed_11.raxml.startTree


Execution log saved to: /home/suny/difficulty-prediction-training-data/results/dna_M6625_247_1812.phy/output_files/parsimony/seed_11.raxml.log

Analysis started: 24-Sep-2025 18:58:32 / finished: 24-Sep-2025 18:58:32

Elapsed time: 0.033 seconds


RAxML-NG v. 1.1.0-master released on 04.08.2022 by The Exelixis Lab.
Developed by: Alexey M. Kozlov and Alexandros Stamatakis.
Contributors: Diego Darriba, Tomas Flouri, Benoit Morel, Sarah Lutteropp, Ben Bettisworth.
Latest version: https://github.com/amkozlov/raxml-ng
Questions/problems/suggestions? Please visit: https://groups.google.com/forum/#!forum/raxml

System: Intel(R) Core(TM) i7-8850H CPU @ 2.60GHz, 6 cores, 15 GB RAM

RAxML-NG was called at 24-Sep-2025 19:13:33 as follows:

/usr/local/bin/raxml-ng --start --msa /home/suny/Downloads/VAN_TRAINING_DATA/data4/dna_M6625_247_1812.phy --tree pars{1} --prefix results/dna_M6625_247_1812.phy/output_files/parsimony/seed_12 --model GTR+G --seed 12

Analysis options:
  run mode: Starting tree generation
  start tree(s): parsimony (1)
  random seed: 12
  SIMD kernels: AVX2
  parallelization: coarse-grained (auto), PTHREADS (auto)

[00:00:00] Reading alignment from file: /home/suny/Downloads/VAN_TRAINING_DATA/data4/dna_M6625_247_1812.phy
[00:00:00] Loaded alignment with 247 taxa and 1812 sites

Alignment comprises 1 partitions and 824 patterns

Partition 0: noname
Model: GTR+FO+G4m
Alignment sites / patterns: 1812 / 824
Gaps: 32.17 %
Invariant sites: 61.20 %


NOTE: Binary MSA file created: results/dna_M6625_247_1812.phy/output_files/parsimony/seed_12.raxml.rba

[00:00:00] Generating 1 parsimony starting tree(s) with 247 taxa
Parsimony score: 3225

All starting trees saved to: /home/suny/difficulty-prediction-training-data/results/dna_M6625_247_1812.phy/output_files/parsimony/seed_12.raxml.startTree


Execution log saved to: /home/suny/difficulty-prediction-training-data/results/dna_M6625_247_1812.phy/output_files/parsimony/seed_12.raxml.log

Analysis started: 24-Sep-2025 19:13:33 / finished: 24-Sep-2025 19:13:33

Elapsed time: 0.036 seconds


RAxML-NG v. 1.1.0-master released on 04.08.2022 by The Exelixis Lab.
Developed by: Alexey M. Kozlov and Alexandros Stamatakis.
Contributors: Diego Darriba, Tomas Flouri, Benoit Morel, Sarah Lutteropp, Ben Bettisworth.
Latest version: https://github.com/amkozlov/raxml-ng
Questions/problems/suggestions? Please visit: https://groups.google.com/forum/#!forum/raxml

System: Intel(R) Core(TM) i7-8850H CPU @ 2.60GHz, 6 cores, 15 GB RAM

RAxML-NG was called at 24-Sep-2025 19:13:47 as follows:

/usr/local/bin/raxml-ng --start --msa /home/suny/Downloads/VAN_TRAINING_DATA/data4/dna_M6625_247_1812.phy --tree pars{1} --prefix results/dna_M6625_247_1812.phy/output_files/parsimony/seed_13 --model GTR+G --seed 13

Analysis options:
  run mode: Starting tree generation
  start tree(s): parsimony (1)
  random seed: 13
  SIMD kernels: AVX2
  parallelization: coarse-grained (auto), PTHREADS (auto)

[00:00:00] Reading alignment from file: /home/suny/Downloads/VAN_TRAINING_DATA/data4/dna_M6625_247_1812.phy
[00:00:00] Loaded alignment with 247 taxa and 1812 sites

Alignment comprises 1 partitions and 824 patterns

Partition 0: noname
Model: GTR+FO+G4m
Alignment sites / patterns: 1812 / 824
Gaps: 32.17 %
Invariant sites: 61.20 %


NOTE: Binary MSA file created: results/dna_M6625_247_1812.phy/output_files/parsimony/seed_13.raxml.rba

[00:00:00] Generating 1 parsimony starting tree(s) with 247 taxa
Parsimony score: 3226

All starting trees saved to: /home/suny/difficulty-prediction-training-data/results/dna_M6625_247_1812.phy/output_files/parsimony/seed_13.raxml.startTree


Execution log saved to: /home/suny/difficulty-prediction-training-data/results/dna_M6625_247_1812.phy/output_files/parsimony/seed_13.raxml.log

Analysis started: 24-Sep-2025 19:13:47 / finished: 24-Sep-2025 19:13:47

Elapsed time: 0.037 seconds


RAxML-NG v. 1.1.0-master released on 04.08.2022 by The Exelixis Lab.
Developed by: Alexey M. Kozlov and Alexandros Stamatakis.
Contributors: Diego Darriba, Tomas Flouri, Benoit Morel, Sarah Lutteropp, Ben Bettisworth.
Latest version: https://github.com/amkozlov/raxml-ng
Questions/problems/suggestions? Please visit: https://groups.google.com/forum/#!forum/raxml

System: Intel(R) Core(TM) i7-8850H CPU @ 2.60GHz, 6 cores, 15 GB RAM

RAxML-NG was called at 24-Sep-2025 18:58:34 as follows:

/usr/local/bin/raxml-ng --start --msa /home/suny/Downloads/VAN_TRAINING_DATA/data4/dna_M6625_247_1812.phy --tree pars{1} --prefix results/dna_M6625_247_1812.phy/output_files/parsimony/seed_14 --model GTR+G --seed 14

Analysis options:
  run mode: Starting tree generation
  start tree(s): parsimony (1)
  random seed: 14
  SIMD kernels: AVX2
  parallelization: coarse-grained (auto), PTHREADS (auto)

[00:00:00] Reading alignment from file: /home/suny/Downloads/VAN_TRAINING_DATA/data4/dna_M6625_247_1812.phy
[00:00:00] Loaded alignment with 247 taxa and 1812 sites

Alignment comprises 1 partitions and 824 patterns

Partition 0: noname
Model: GTR+FO+G4m
Alignment sites / patterns: 1812 / 824
Gaps: 32.17 %
Invariant sites: 61.20 %


NOTE: Binary MSA file created: results/dna_M6625_247_1812.phy/output_files/parsimony/seed_14.raxml.rba

[00:00:00] Generating 1 parsimony starting tree(s) with 247 taxa
Parsimony score: 3227

All starting trees saved to: /home/suny/difficulty-prediction-training-data/results/dna_M6625_247_1812.phy/output_files/parsimony/seed_14.raxml.startTree


Execution log saved to: /home/suny/difficulty-prediction-training-data/results/dna_M6625_247_1812.phy/output_files/parsimony/seed_14.raxml.log

Analysis started: 24-Sep-2025 18:58:34 / finished: 24-Sep-2025 18:58:34

Elapsed time: 0.033 seconds


RAxML-NG v. 1.1.0-master released on 04.08.2022 by The Exelixis Lab.
Developed by: Alexey M. Kozlov and Alexandros Stamatakis.
Contributors: Diego Darriba, Tomas Flouri, Benoit Morel, Sarah Lutteropp, Ben Bettisworth.
Latest version: https://github.com/amkozlov/raxml-ng
Questions/problems/suggestions? Please visit: https://groups.google.com/forum/#!forum/raxml

System: Intel(R) Core(TM) i7-8850H CPU @ 2.60GHz, 6 cores, 15 GB RAM

RAxML-NG was called at 24-Sep-2025 19:23:36 as follows:

/usr/local/bin/raxml-ng --start --msa /home/suny/Downloads/VAN_TRAINING_DATA/data4/dna_M6625_247_1812.phy --tree pars{1} --prefix results/dna_M6625_247_1812.phy/output_files/parsimony/seed_15 --model GTR+G --seed 15

Analysis options:
  run mode: Starting tree generation
  start tree(s): parsimony (1)
  random seed: 15
  SIMD kernels: AVX2
  parallelization: coarse-grained (auto), PTHREADS (auto)

[00:00:00] Reading alignment from file: /home/suny/Downloads/VAN_TRAINING_DATA/data4/dna_M6625_247_1812.phy
[00:00:00] Loaded alignment with 247 taxa and 1812 sites

Alignment comprises 1 partitions and 824 patterns

Partition 0: noname
Model: GTR+FO+G4m
Alignment sites / patterns: 1812 / 824
Gaps: 32.17 %
Invariant sites: 61.20 %


NOTE: Binary MSA file created: results/dna_M6625_247_1812.phy/output_files/parsimony/seed_15.raxml.rba

[00:00:00] Generating 1 parsimony starting tree(s) with 247 taxa
Parsimony score: 3236

All starting trees saved to: /home/suny/difficulty-prediction-training-data/results/dna_M6625_247_1812.phy/output_files/parsimony/seed_15.raxml.startTree


Execution log saved to: /home/suny/difficulty-prediction-training-data/results/dna_M6625_247_1812.phy/output_files/parsimony/seed_15.raxml.log

Analysis started: 24-Sep-2025 19:23:36 / finished: 24-Sep-2025 19:23:36

Elapsed time: 0.035 seconds


RAxML-NG v. 1.1.0-master released on 04.08.2022 by The Exelixis Lab.
Developed by: Alexey M. Kozlov and Alexandros Stamatakis.
Contributors: Diego Darriba, Tomas Flouri, Benoit Morel, Sarah Lutteropp, Ben Bettisworth.
Latest version: https://github.com/amkozlov/raxml-ng
Questions/problems/suggestions? Please visit: https://groups.google.com/forum/#!forum/raxml

System: Intel(R) Core(TM) i7-8850H CPU @ 2.60GHz, 6 cores, 15 GB RAM

RAxML-NG was called at 24-Sep-2025 19:23:51 as follows:

/usr/local/bin/raxml-ng --start --msa /home/suny/Downloads/VAN_TRAINING_DATA/data4/dna_M6625_247_1812.phy --tree pars{1} --prefix results/dna_M6625_247_1812.phy/output_files/parsimony/seed_16 --model GTR+G --seed 16

Analysis options:
  run mode: Starting tree generation
  start tree(s): parsimony (1)
  random seed: 16
  SIMD kernels: AVX2
  parallelization: coarse-grained (auto), PTHREADS (auto)

[00:00:00] Reading alignment from file: /home/suny/Downloads/VAN_TRAINING_DATA/data4/dna_M6625_247_1812.phy
[00:00:00] Loaded alignment with 247 taxa and 1812 sites

Alignment comprises 1 partitions and 824 patterns

Partition 0: noname
Model: GTR+FO+G4m
Alignment sites / patterns: 1812 / 824
Gaps: 32.17 %
Invariant sites: 61.20 %


NOTE: Binary MSA file created: results/dna_M6625_247_1812.phy/output_files/parsimony/seed_16.raxml.rba

[00:00:00] Generating 1 parsimony starting tree(s) with 247 taxa
Parsimony score: 3219

All starting trees saved to: /home/suny/difficulty-prediction-training-data/results/dna_M6625_247_1812.phy/output_files/parsimony/seed_16.raxml.startTree


Execution log saved to: /home/suny/difficulty-prediction-training-data/results/dna_M6625_247_1812.phy/output_files/parsimony/seed_16.raxml.log

Analysis started: 24-Sep-2025 19:23:51 / finished: 24-Sep-2025 19:23:51

Elapsed time: 0.037 seconds


RAxML-NG v. 1.1.0-master released on 04.08.2022 by The Exelixis Lab.
Developed by: Alexey M. Kozlov and Alexandros Stamatakis.
Contributors: Diego Darriba, Tomas Flouri, Benoit Morel, Sarah Lutteropp, Ben Bettisworth.
Latest version: https://github.com/amkozlov/raxml-ng
Questions/problems/suggestions? Please visit: https://groups.google.com/forum/#!forum/raxml

System: Intel(R) Core(TM) i7-8850H CPU @ 2.60GHz, 6 cores, 15 GB RAM

RAxML-NG was called at 24-Sep-2025 19:31:43 as follows:

/usr/local/bin/raxml-ng --start --msa /home/suny/Downloads/VAN_TRAINING_DATA/data4/dna_M6625_247_1812.phy --tree pars{1} --prefix results/dna_M6625_247_1812.phy/output_files/parsimony/seed_17 --model GTR+G --seed 17

Analysis options:
  run mode: Starting tree generation
  start tree(s): parsimony (1)
  random seed: 17
  SIMD kernels: AVX2
  parallelization: coarse-grained (auto), PTHREADS (auto)

[00:00:00] Reading alignment from file: /home/suny/Downloads/VAN_TRAINING_DATA/data4/dna_M6625_247_1812.phy
[00:00:00] Loaded alignment with 247 taxa and 1812 sites

Alignment comprises 1 partitions and 824 patterns

Partition 0: noname
Model: GTR+FO+G4m
Alignment sites / patterns: 1812 / 824
Gaps: 32.17 %
Invariant sites: 61.20 %


NOTE: Binary MSA file created: results/dna_M6625_247_1812.phy/output_files/parsimony/seed_17.raxml.rba

[00:00:00] Generating 1 parsimony starting tree(s) with 247 taxa
Parsimony score: 3231

All starting trees saved to: /home/suny/difficulty-prediction-training-data/results/dna_M6625_247_1812.phy/output_files/parsimony/seed_17.raxml.startTree


Execution log saved to: /home/suny/difficulty-prediction-training-data/results/dna_M6625_247_1812.phy/output_files/parsimony/seed_17.raxml.log

Analysis started: 24-Sep-2025 19:31:43 / finished: 24-Sep-2025 19:31:43

Elapsed time: 0.032 seconds


RAxML-NG v. 1.1.0-master released on 04.08.2022 by The Exelixis Lab.
Developed by: Alexey M. Kozlov and Alexandros Stamatakis.
Contributors: Diego Darriba, Tomas Flouri, Benoit Morel, Sarah Lutteropp, Ben Bettisworth.
Latest version: https://github.com/amkozlov/raxml-ng
Questions/problems/suggestions? Please visit: https://groups.google.com/forum/#!forum/raxml

System: Intel(R) Core(TM) i7-8850H CPU @ 2.60GHz, 6 cores, 15 GB RAM

RAxML-NG was called at 24-Sep-2025 19:24:24 as follows:

/usr/local/bin/raxml-ng --start --msa /home/suny/Downloads/VAN_TRAINING_DATA/data4/dna_M6625_247_1812.phy --tree pars{1} --prefix results/dna_M6625_247_1812.phy/output_files/parsimony/seed_18 --model GTR+G --seed 18

Analysis options:
  run mode: Starting tree generation
  start tree(s): parsimony (1)
  random seed: 18
  SIMD kernels: AVX2
  parallelization: coarse-grained (auto), PTHREADS (auto)

[00:00:00] Reading alignment from file: /home/suny/Downloads/VAN_TRAINING_DATA/data4/dna_M6625_247_1812.phy
[00:00:00] Loaded alignment with 247 taxa and 1812 sites

Alignment comprises 1 partitions and 824 patterns

Partition 0: noname
Model: GTR+FO+G4m
Alignment sites / patterns: 1812 / 824
Gaps: 32.17 %
Invariant sites: 61.20 %


NOTE: Binary MSA file created: results/dna_M6625_247_1812.phy/output_files/parsimony/seed_18.raxml.rba

[00:00:00] Generating 1 parsimony starting tree(s) with 247 taxa
Parsimony score: 3227

All starting trees saved to: /home/suny/difficulty-prediction-training-data/results/dna_M6625_247_1812.phy/output_files/parsimony/seed_18.raxml.startTree


Execution log saved to: /home/suny/difficulty-prediction-training-data/results/dna_M6625_247_1812.phy/output_files/parsimony/seed_18.raxml.log

Analysis started: 24-Sep-2025 19:24:24 / finished: 24-Sep-2025 19:24:24

Elapsed time: 0.035 seconds


RAxML-NG v. 1.1.0-master released on 04.08.2022 by The Exelixis Lab.
Developed by: Alexey M. Kozlov and Alexandros Stamatakis.
Contributors: Diego Darriba, Tomas Flouri, Benoit Morel, Sarah Lutteropp, Ben Bettisworth.
Latest version: https://github.com/amkozlov/raxml-ng
Questions/problems/suggestions? Please visit: https://groups.google.com/forum/#!forum/raxml

System: Intel(R) Core(TM) i7-8850H CPU @ 2.60GHz, 6 cores, 15 GB RAM

RAxML-NG was called at 24-Sep-2025 19:38:43 as follows:

/usr/local/bin/raxml-ng --start --msa /home/suny/Downloads/VAN_TRAINING_DATA/data4/dna_M6625_247_1812.phy --tree pars{1} --prefix results/dna_M6625_247_1812.phy/output_files/parsimony/seed_19 --model GTR+G --seed 19

Analysis options:
  run mode: Starting tree generation
  start tree(s): parsimony (1)
  random seed: 19
  SIMD kernels: AVX2
  parallelization: coarse-grained (auto), PTHREADS (auto)

[00:00:00] Reading alignment from file: /home/suny/Downloads/VAN_TRAINING_DATA/data4/dna_M6625_247_1812.phy
[00:00:00] Loaded alignment with 247 taxa and 1812 sites

Alignment comprises 1 partitions and 824 patterns

Partition 0: noname
Model: GTR+FO+G4m
Alignment sites / patterns: 1812 / 824
Gaps: 32.17 %
Invariant sites: 61.20 %


NOTE: Binary MSA file created: results/dna_M6625_247_1812.phy/output_files/parsimony/seed_19.raxml.rba

[00:00:00] Generating 1 parsimony starting tree(s) with 247 taxa
Parsimony score: 3238

All starting trees saved to: /home/suny/difficulty-prediction-training-data/results/dna_M6625_247_1812.phy/output_files/parsimony/seed_19.raxml.startTree


Execution log saved to: /home/suny/difficulty-prediction-training-data/results/dna_M6625_247_1812.phy/output_files/parsimony/seed_19.raxml.log

Analysis started: 24-Sep-2025 19:38:43 / finished: 24-Sep-2025 19:38:43

Elapsed time: 0.041 seconds


RAxML-NG v. 1.1.0-master released on 04.08.2022 by The Exelixis Lab.
Developed by: Alexey M. Kozlov and Alexandros Stamatakis.
Contributors: Diego Darriba, Tomas Flouri, Benoit Morel, Sarah Lutteropp, Ben Bettisworth.
Latest version: https://github.com/amkozlov/raxml-ng
Questions/problems/suggestions? Please visit: https://groups.google.com/forum/#!forum/raxml

System: Intel(R) Core(TM) i7-8850H CPU @ 2.60GHz, 6 cores, 15 GB RAM

RAxML-NG was called at 24-Sep-2025 19:36:27 as follows:

/usr/local/bin/raxml-ng --start --msa /home/suny/Downloads/VAN_TRAINING_DATA/data4/dna_M6625_247_1812.phy --tree pars{1} --prefix results/dna_M6625_247_1812.phy/output_files/parsimony/seed_20 --model GTR+G --seed 20

Analysis options:
  run mode: Starting tree generation
  start tree(s): parsimony (1)
  random seed: 20
  SIMD kernels: AVX2
  parallelization: coarse-grained (auto), PTHREADS (auto)

[00:00:00] Reading alignment from file: /home/suny/Downloads/VAN_TRAINING_DATA/data4/dna_M6625_247_1812.phy
[00:00:00] Loaded alignment with 247 taxa and 1812 sites

Alignment comprises 1 partitions and 824 patterns

Partition 0: noname
Model: GTR+FO+G4m
Alignment sites / patterns: 1812 / 824
Gaps: 32.17 %
Invariant sites: 61.20 %


NOTE: Binary MSA file created: results/dna_M6625_247_1812.phy/output_files/parsimony/seed_20.raxml.rba

[00:00:00] Generating 1 parsimony starting tree(s) with 247 taxa
Parsimony score: 3231

All starting trees saved to: /home/suny/difficulty-prediction-training-data/results/dna_M6625_247_1812.phy/output_files/parsimony/seed_20.raxml.startTree


Execution log saved to: /home/suny/difficulty-prediction-training-data/results/dna_M6625_247_1812.phy/output_files/parsimony/seed_20.raxml.log

Analysis started: 24-Sep-2025 19:36:27 / finished: 24-Sep-2025 19:36:27

Elapsed time: 0.035 seconds


RAxML-NG v. 1.1.0-master released on 04.08.2022 by The Exelixis Lab.
Developed by: Alexey M. Kozlov and Alexandros Stamatakis.
Contributors: Diego Darriba, Tomas Flouri, Benoit Morel, Sarah Lutteropp, Ben Bettisworth.
Latest version: https://github.com/amkozlov/raxml-ng
Questions/problems/suggestions? Please visit: https://groups.google.com/forum/#!forum/raxml

System: Intel(R) Core(TM) i7-8850H CPU @ 2.60GHz, 6 cores, 15 GB RAM

RAxML-NG was called at 24-Sep-2025 19:40:20 as follows:

/usr/local/bin/raxml-ng --start --msa /home/suny/Downloads/VAN_TRAINING_DATA/data4/dna_M6625_247_1812.phy --tree pars{1} --prefix results/dna_M6625_247_1812.phy/output_files/parsimony/seed_21 --model GTR+G --seed 21

Analysis options:
  run mode: Starting tree generation
  start tree(s): parsimony (1)
  random seed: 21
  SIMD kernels: AVX2
  parallelization: coarse-grained (auto), PTHREADS (auto)

[00:00:00] Reading alignment from file: /home/suny/Downloads/VAN_TRAINING_DATA/data4/dna_M6625_247_1812.phy
[00:00:00] Loaded alignment with 247 taxa and 1812 sites

Alignment comprises 1 partitions and 824 patterns

Partition 0: noname
Model: GTR+FO+G4m
Alignment sites / patterns: 1812 / 824
Gaps: 32.17 %
Invariant sites: 61.20 %


NOTE: Binary MSA file created: results/dna_M6625_247_1812.phy/output_files/parsimony/seed_21.raxml.rba

[00:00:00] Generating 1 parsimony starting tree(s) with 247 taxa
Parsimony score: 3217

All starting trees saved to: /home/suny/difficulty-prediction-training-data/results/dna_M6625_247_1812.phy/output_files/parsimony/seed_21.raxml.startTree


Execution log saved to: /home/suny/difficulty-prediction-training-data/results/dna_M6625_247_1812.phy/output_files/parsimony/seed_21.raxml.log

Analysis started: 24-Sep-2025 19:40:20 / finished: 24-Sep-2025 19:40:20

Elapsed time: 0.034 seconds


RAxML-NG v. 1.1.0-master released on 04.08.2022 by The Exelixis Lab.
Developed by: Alexey M. Kozlov and Alexandros Stamatakis.
Contributors: Diego Darriba, Tomas Flouri, Benoit Morel, Sarah Lutteropp, Ben Bettisworth.
Latest version: https://github.com/amkozlov/raxml-ng
Questions/problems/suggestions? Please visit: https://groups.google.com/forum/#!forum/raxml

System: Intel(R) Core(TM) i7-8850H CPU @ 2.60GHz, 6 cores, 15 GB RAM

RAxML-NG was called at 24-Sep-2025 19:57:59 as follows:

/usr/local/bin/raxml-ng --start --msa /home/suny/Downloads/VAN_TRAINING_DATA/data4/dna_M6625_247_1812.phy --tree pars{1} --prefix results/dna_M6625_247_1812.phy/output_files/parsimony/seed_22 --model GTR+G --seed 22

Analysis options:
  run mode: Starting tree generation
  start tree(s): parsimony (1)
  random seed: 22
  SIMD kernels: AVX2
  parallelization: coarse-grained (auto), PTHREADS (auto)

[00:00:00] Reading alignment from file: /home/suny/Downloads/VAN_TRAINING_DATA/data4/dna_M6625_247_1812.phy
[00:00:00] Loaded alignment with 247 taxa and 1812 sites

Alignment comprises 1 partitions and 824 patterns

Partition 0: noname
Model: GTR+FO+G4m
Alignment sites / patterns: 1812 / 824
Gaps: 32.17 %
Invariant sites: 61.20 %


NOTE: Binary MSA file created: results/dna_M6625_247_1812.phy/output_files/parsimony/seed_22.raxml.rba

[00:00:00] Generating 1 parsimony starting tree(s) with 247 taxa
Parsimony score: 3217

All starting trees saved to: /home/suny/difficulty-prediction-training-data/results/dna_M6625_247_1812.phy/output_files/parsimony/seed_22.raxml.startTree


Execution log saved to: /home/suny/difficulty-prediction-training-data/results/dna_M6625_247_1812.phy/output_files/parsimony/seed_22.raxml.log

Analysis started: 24-Sep-2025 19:57:59 / finished: 24-Sep-2025 19:57:59

Elapsed time: 0.034 seconds


RAxML-NG v. 1.1.0-master released on 04.08.2022 by The Exelixis Lab.
Developed by: Alexey M. Kozlov and Alexandros Stamatakis.
Contributors: Diego Darriba, Tomas Flouri, Benoit Morel, Sarah Lutteropp, Ben Bettisworth.
Latest version: https://github.com/amkozlov/raxml-ng
Questions/problems/suggestions? Please visit: https://groups.google.com/forum/#!forum/raxml

System: Intel(R) Core(TM) i7-8850H CPU @ 2.60GHz, 6 cores, 15 GB RAM

RAxML-NG was called at 24-Sep-2025 20:09:44 as follows:

/usr/local/bin/raxml-ng --start --msa /home/suny/Downloads/VAN_TRAINING_DATA/data4/dna_M6625_247_1812.phy --tree pars{1} --prefix results/dna_M6625_247_1812.phy/output_files/parsimony/seed_23 --model GTR+G --seed 23

Analysis options:
  run mode: Starting tree generation
  start tree(s): parsimony (1)
  random seed: 23
  SIMD kernels: AVX2
  parallelization: coarse-grained (auto), PTHREADS (auto)

[00:00:00] Reading alignment from file: /home/suny/Downloads/VAN_TRAINING_DATA/data4/dna_M6625_247_1812.phy
[00:00:00] Loaded alignment with 247 taxa and 1812 sites

Alignment comprises 1 partitions and 824 patterns

Partition 0: noname
Model: GTR+FO+G4m
Alignment sites / patterns: 1812 / 824
Gaps: 32.17 %
Invariant sites: 61.20 %


NOTE: Binary MSA file created: results/dna_M6625_247_1812.phy/output_files/parsimony/seed_23.raxml.rba

[00:00:00] Generating 1 parsimony starting tree(s) with 247 taxa
Parsimony score: 3238

All starting trees saved to: /home/suny/difficulty-prediction-training-data/results/dna_M6625_247_1812.phy/output_files/parsimony/seed_23.raxml.startTree


Execution log saved to: /home/suny/difficulty-prediction-training-data/results/dna_M6625_247_1812.phy/output_files/parsimony/seed_23.raxml.log

Analysis started: 24-Sep-2025 20:09:44 / finished: 24-Sep-2025 20:09:44

Elapsed time: 0.034 seconds


RAxML-NG v. 1.1.0-master released on 04.08.2022 by The Exelixis Lab.
Developed by: Alexey M. Kozlov and Alexandros Stamatakis.
Contributors: Diego Darriba, Tomas Flouri, Benoit Morel, Sarah Lutteropp, Ben Bettisworth.
Latest version: https://github.com/amkozlov/raxml-ng
Questions/problems/suggestions? Please visit: https://groups.google.com/forum/#!forum/raxml

System: Intel(R) Core(TM) i7-8850H CPU @ 2.60GHz, 6 cores, 15 GB RAM

RAxML-NG was called at 24-Sep-2025 19:29:10 as follows:

/usr/local/bin/raxml-ng --start --msa /home/suny/Downloads/VAN_TRAINING_DATA/data4/dna_M6625_247_1812.phy --tree pars{1} --prefix results/dna_M6625_247_1812.phy/output_files/parsimony/seed_24 --model GTR+G --seed 24

Analysis options:
  run mode: Starting tree generation
  start tree(s): parsimony (1)
  random seed: 24
  SIMD kernels: AVX2
  parallelization: coarse-grained (auto), PTHREADS (auto)

[00:00:00] Reading alignment from file: /home/suny/Downloads/VAN_TRAINING_DATA/data4/dna_M6625_247_1812.phy
[00:00:00] Loaded alignment with 247 taxa and 1812 sites

Alignment comprises 1 partitions and 824 patterns

Partition 0: noname
Model: GTR+FO+G4m
Alignment sites / patterns: 1812 / 824
Gaps: 32.17 %
Invariant sites: 61.20 %


NOTE: Binary MSA file created: results/dna_M6625_247_1812.phy/output_files/parsimony/seed_24.raxml.rba

[00:00:00] Generating 1 parsimony starting tree(s) with 247 taxa
Parsimony score: 3226

All starting trees saved to: /home/suny/difficulty-prediction-training-data/results/dna_M6625_247_1812.phy/output_files/parsimony/seed_24.raxml.startTree


Execution log saved to: /home/suny/difficulty-prediction-training-data/results/dna_M6625_247_1812.phy/output_files/parsimony/seed_24.raxml.log

Analysis started: 24-Sep-2025 19:29:10 / finished: 24-Sep-2025 19:29:10

Elapsed time: 0.037 seconds


RAxML-NG v. 1.1.0-master released on 04.08.2022 by The Exelixis Lab.
Developed by: Alexey M. Kozlov and Alexandros Stamatakis.
Contributors: Diego Darriba, Tomas Flouri, Benoit Morel, Sarah Lutteropp, Ben Bettisworth.
Latest version: https://github.com/amkozlov/raxml-ng
Questions/problems/suggestions? Please visit: https://groups.google.com/forum/#!forum/raxml

System: Intel(R) Core(TM) i7-8850H CPU @ 2.60GHz, 6 cores, 15 GB RAM

RAxML-NG was called at 24-Sep-2025 19:47:33 as follows:

/usr/local/bin/raxml-ng --start --msa /home/suny/Downloads/VAN_TRAINING_DATA/data4/dna_M6625_247_1812.phy --tree pars{1} --prefix results/dna_M6625_247_1812.phy/output_files/parsimony/seed_25 --model GTR+G --seed 25

Analysis options:
  run mode: Starting tree generation
  start tree(s): parsimony (1)
  random seed: 25
  SIMD kernels: AVX2
  parallelization: coarse-grained (auto), PTHREADS (auto)

[00:00:00] Reading alignment from file: /home/suny/Downloads/VAN_TRAINING_DATA/data4/dna_M6625_247_1812.phy
[00:00:00] Loaded alignment with 247 taxa and 1812 sites

Alignment comprises 1 partitions and 824 patterns

Partition 0: noname
Model: GTR+FO+G4m
Alignment sites / patterns: 1812 / 824
Gaps: 32.17 %
Invariant sites: 61.20 %


NOTE: Binary MSA file created: results/dna_M6625_247_1812.phy/output_files/parsimony/seed_25.raxml.rba

[00:00:00] Generating 1 parsimony starting tree(s) with 247 taxa
Parsimony score: 3229

All starting trees saved to: /home/suny/difficulty-prediction-training-data/results/dna_M6625_247_1812.phy/output_files/parsimony/seed_25.raxml.startTree


Execution log saved to: /home/suny/difficulty-prediction-training-data/results/dna_M6625_247_1812.phy/output_files/parsimony/seed_25.raxml.log

Analysis started: 24-Sep-2025 19:47:33 / finished: 24-Sep-2025 19:47:33

Elapsed time: 0.030 seconds


RAxML-NG v. 1.1.0-master released on 04.08.2022 by The Exelixis Lab.
Developed by: Alexey M. Kozlov and Alexandros Stamatakis.
Contributors: Diego Darriba, Tomas Flouri, Benoit Morel, Sarah Lutteropp, Ben Bettisworth.
Latest version: https://github.com/amkozlov/raxml-ng
Questions/problems/suggestions? Please visit: https://groups.google.com/forum/#!forum/raxml

System: Intel(R) Core(TM) i7-8850H CPU @ 2.60GHz, 6 cores, 15 GB RAM

RAxML-NG was called at 24-Sep-2025 19:33:10 as follows:

/usr/local/bin/raxml-ng --start --msa /home/suny/Downloads/VAN_TRAINING_DATA/data4/dna_M6625_247_1812.phy --tree pars{1} --prefix results/dna_M6625_247_1812.phy/output_files/parsimony/seed_26 --model GTR+G --seed 26

Analysis options:
  run mode: Starting tree generation
  start tree(s): parsimony (1)
  random seed: 26
  SIMD kernels: AVX2
  parallelization: coarse-grained (auto), PTHREADS (auto)

[00:00:00] Reading alignment from file: /home/suny/Downloads/VAN_TRAINING_DATA/data4/dna_M6625_247_1812.phy
[00:00:00] Loaded alignment with 247 taxa and 1812 sites

Alignment comprises 1 partitions and 824 patterns

Partition 0: noname
Model: GTR+FO+G4m
Alignment sites / patterns: 1812 / 824
Gaps: 32.17 %
Invariant sites: 61.20 %


NOTE: Binary MSA file created: results/dna_M6625_247_1812.phy/output_files/parsimony/seed_26.raxml.rba

[00:00:00] Generating 1 parsimony starting tree(s) with 247 taxa
Parsimony score: 3241

All starting trees saved to: /home/suny/difficulty-prediction-training-data/results/dna_M6625_247_1812.phy/output_files/parsimony/seed_26.raxml.startTree


Execution log saved to: /home/suny/difficulty-prediction-training-data/results/dna_M6625_247_1812.phy/output_files/parsimony/seed_26.raxml.log

Analysis started: 24-Sep-2025 19:33:10 / finished: 24-Sep-2025 19:33:10

Elapsed time: 0.036 seconds


RAxML-NG v. 1.1.0-master released on 04.08.2022 by The Exelixis Lab.
Developed by: Alexey M. Kozlov and Alexandros Stamatakis.
Contributors: Diego Darriba, Tomas Flouri, Benoit Morel, Sarah Lutteropp, Ben Bettisworth.
Latest version: https://github.com/amkozlov/raxml-ng
Questions/problems/suggestions? Please visit: https://groups.google.com/forum/#!forum/raxml

System: Intel(R) Core(TM) i7-8850H CPU @ 2.60GHz, 6 cores, 15 GB RAM

RAxML-NG was called at 24-Sep-2025 19:48:51 as follows:

/usr/local/bin/raxml-ng --start --msa /home/suny/Downloads/VAN_TRAINING_DATA/data4/dna_M6625_247_1812.phy --tree pars{1} --prefix results/dna_M6625_247_1812.phy/output_files/parsimony/seed_27 --model GTR+G --seed 27

Analysis options:
  run mode: Starting tree generation
  start tree(s): parsimony (1)
  random seed: 27
  SIMD kernels: AVX2
  parallelization: coarse-grained (auto), PTHREADS (auto)

[00:00:00] Reading alignment from file: /home/suny/Downloads/VAN_TRAINING_DATA/data4/dna_M6625_247_1812.phy
[00:00:00] Loaded alignment with 247 taxa and 1812 sites

Alignment comprises 1 partitions and 824 patterns

Partition 0: noname
Model: GTR+FO+G4m
Alignment sites / patterns: 1812 / 824
Gaps: 32.17 %
Invariant sites: 61.20 %


NOTE: Binary MSA file created: results/dna_M6625_247_1812.phy/output_files/parsimony/seed_27.raxml.rba

[00:00:00] Generating 1 parsimony starting tree(s) with 247 taxa
Parsimony score: 3241

All starting trees saved to: /home/suny/difficulty-prediction-training-data/results/dna_M6625_247_1812.phy/output_files/parsimony/seed_27.raxml.startTree


Execution log saved to: /home/suny/difficulty-prediction-training-data/results/dna_M6625_247_1812.phy/output_files/parsimony/seed_27.raxml.log

Analysis started: 24-Sep-2025 19:48:51 / finished: 24-Sep-2025 19:48:51

Elapsed time: 0.034 seconds


RAxML-NG v. 1.1.0-master released on 04.08.2022 by The Exelixis Lab.
Developed by: Alexey M. Kozlov and Alexandros Stamatakis.
Contributors: Diego Darriba, Tomas Flouri, Benoit Morel, Sarah Lutteropp, Ben Bettisworth.
Latest version: https://github.com/amkozlov/raxml-ng
Questions/problems/suggestions? Please visit: https://groups.google.com/forum/#!forum/raxml

System: Intel(R) Core(TM) i7-8850H CPU @ 2.60GHz, 6 cores, 15 GB RAM

RAxML-NG was called at 24-Sep-2025 19:01:38 as follows:

/usr/local/bin/raxml-ng --start --msa /home/suny/Downloads/VAN_TRAINING_DATA/data4/dna_M6625_247_1812.phy --tree pars{1} --prefix results/dna_M6625_247_1812.phy/output_files/parsimony/seed_28 --model GTR+G --seed 28

Analysis options:
  run mode: Starting tree generation
  start tree(s): parsimony (1)
  random seed: 28
  SIMD kernels: AVX2
  parallelization: coarse-grained (auto), PTHREADS (auto)

[00:00:00] Reading alignment from file: /home/suny/Downloads/VAN_TRAINING_DATA/data4/dna_M6625_247_1812.phy
[00:00:00] Loaded alignment with 247 taxa and 1812 sites

Alignment comprises 1 partitions and 824 patterns

Partition 0: noname
Model: GTR+FO+G4m
Alignment sites / patterns: 1812 / 824
Gaps: 32.17 %
Invariant sites: 61.20 %


NOTE: Binary MSA file created: results/dna_M6625_247_1812.phy/output_files/parsimony/seed_28.raxml.rba

[00:00:00] Generating 1 parsimony starting tree(s) with 247 taxa
Parsimony score: 3226

All starting trees saved to: /home/suny/difficulty-prediction-training-data/results/dna_M6625_247_1812.phy/output_files/parsimony/seed_28.raxml.startTree


Execution log saved to: /home/suny/difficulty-prediction-training-data/results/dna_M6625_247_1812.phy/output_files/parsimony/seed_28.raxml.log

Analysis started: 24-Sep-2025 19:01:38 / finished: 24-Sep-2025 19:01:38

Elapsed time: 0.034 seconds


RAxML-NG v. 1.1.0-master released on 04.08.2022 by The Exelixis Lab.
Developed by: Alexey M. Kozlov and Alexandros Stamatakis.
Contributors: Diego Darriba, Tomas Flouri, Benoit Morel, Sarah Lutteropp, Ben Bettisworth.
Latest version: https://github.com/amkozlov/raxml-ng
Questions/problems/suggestions? Please visit: https://groups.google.com/forum/#!forum/raxml

System: Intel(R) Core(TM) i7-8850H CPU @ 2.60GHz, 6 cores, 15 GB RAM

RAxML-NG was called at 24-Sep-2025 19:12:46 as follows:

/usr/local/bin/raxml-ng --start --msa /home/suny/Downloads/VAN_TRAINING_DATA/data4/dna_M6625_247_1812.phy --tree pars{1} --prefix results/dna_M6625_247_1812.phy/output_files/parsimony/seed_29 --model GTR+G --seed 29

Analysis options:
  run mode: Starting tree generation
  start tree(s): parsimony (1)
  random seed: 29
  SIMD kernels: AVX2
  parallelization: coarse-grained (auto), PTHREADS (auto)

[00:00:00] Reading alignment from file: /home/suny/Downloads/VAN_TRAINING_DATA/data4/dna_M6625_247_1812.phy
[00:00:00] Loaded alignment with 247 taxa and 1812 sites

Alignment comprises 1 partitions and 824 patterns

Partition 0: noname
Model: GTR+FO+G4m
Alignment sites / patterns: 1812 / 824
Gaps: 32.17 %
Invariant sites: 61.20 %


NOTE: Binary MSA file created: results/dna_M6625_247_1812.phy/output_files/parsimony/seed_29.raxml.rba

[00:00:00] Generating 1 parsimony starting tree(s) with 247 taxa
Parsimony score: 3233

All starting trees saved to: /home/suny/difficulty-prediction-training-data/results/dna_M6625_247_1812.phy/output_files/parsimony/seed_29.raxml.startTree


Execution log saved to: /home/suny/difficulty-prediction-training-data/results/dna_M6625_247_1812.phy/output_files/parsimony/seed_29.raxml.log

Analysis started: 24-Sep-2025 19:12:46 / finished: 24-Sep-2025 19:12:46

Elapsed time: 0.036 seconds


RAxML-NG v. 1.1.0-master released on 04.08.2022 by The Exelixis Lab.
Developed by: Alexey M. Kozlov and Alexandros Stamatakis.
Contributors: Diego Darriba, Tomas Flouri, Benoit Morel, Sarah Lutteropp, Ben Bettisworth.
Latest version: https://github.com/amkozlov/raxml-ng
Questions/problems/suggestions? Please visit: https://groups.google.com/forum/#!forum/raxml

System: Intel(R) Core(TM) i7-8850H CPU @ 2.60GHz, 6 cores, 15 GB RAM

RAxML-NG was called at 24-Sep-2025 19:20:46 as follows:

/usr/local/bin/raxml-ng --start --msa /home/suny/Downloads/VAN_TRAINING_DATA/data4/dna_M6625_247_1812.phy --tree pars{1} --prefix results/dna_M6625_247_1812.phy/output_files/parsimony/seed_30 --model GTR+G --seed 30

Analysis options:
  run mode: Starting tree generation
  start tree(s): parsimony (1)
  random seed: 30
  SIMD kernels: AVX2
  parallelization: coarse-grained (auto), PTHREADS (auto)

[00:00:00] Reading alignment from file: /home/suny/Downloads/VAN_TRAINING_DATA/data4/dna_M6625_247_1812.phy
[00:00:00] Loaded alignment with 247 taxa and 1812 sites

Alignment comprises 1 partitions and 824 patterns

Partition 0: noname
Model: GTR+FO+G4m
Alignment sites / patterns: 1812 / 824
Gaps: 32.17 %
Invariant sites: 61.20 %


NOTE: Binary MSA file created: results/dna_M6625_247_1812.phy/output_files/parsimony/seed_30.raxml.rba

[00:00:00] Generating 1 parsimony starting tree(s) with 247 taxa
Parsimony score: 3237

All starting trees saved to: /home/suny/difficulty-prediction-training-data/results/dna_M6625_247_1812.phy/output_files/parsimony/seed_30.raxml.startTree


Execution log saved to: /home/suny/difficulty-prediction-training-data/results/dna_M6625_247_1812.phy/output_files/parsimony/seed_30.raxml.log

Analysis started: 24-Sep-2025 19:20:46 / finished: 24-Sep-2025 19:20:46

Elapsed time: 0.035 seconds


RAxML-NG v. 1.1.0-master released on 04.08.2022 by The Exelixis Lab.
Developed by: Alexey M. Kozlov and Alexandros Stamatakis.
Contributors: Diego Darriba, Tomas Flouri, Benoit Morel, Sarah Lutteropp, Ben Bettisworth.
Latest version: https://github.com/amkozlov/raxml-ng
Questions/problems/suggestions? Please visit: https://groups.google.com/forum/#!forum/raxml

System: Intel(R) Core(TM) i7-8850H CPU @ 2.60GHz, 6 cores, 15 GB RAM

RAxML-NG was called at 24-Sep-2025 19:24:12 as follows:

/usr/local/bin/raxml-ng --start --msa /home/suny/Downloads/VAN_TRAINING_DATA/data4/dna_M6625_247_1812.phy --tree pars{1} --prefix results/dna_M6625_247_1812.phy/output_files/parsimony/seed_31 --model GTR+G --seed 31

Analysis options:
  run mode: Starting tree generation
  start tree(s): parsimony (1)
  random seed: 31
  SIMD kernels: AVX2
  parallelization: coarse-grained (auto), PTHREADS (auto)

[00:00:00] Reading alignment from file: /home/suny/Downloads/VAN_TRAINING_DATA/data4/dna_M6625_247_1812.phy
[00:00:00] Loaded alignment with 247 taxa and 1812 sites

Alignment comprises 1 partitions and 824 patterns

Partition 0: noname
Model: GTR+FO+G4m
Alignment sites / patterns: 1812 / 824
Gaps: 32.17 %
Invariant sites: 61.20 %


NOTE: Binary MSA file created: results/dna_M6625_247_1812.phy/output_files/parsimony/seed_31.raxml.rba

[00:00:00] Generating 1 parsimony starting tree(s) with 247 taxa
Parsimony score: 3217

All starting trees saved to: /home/suny/difficulty-prediction-training-data/results/dna_M6625_247_1812.phy/output_files/parsimony/seed_31.raxml.startTree


Execution log saved to: /home/suny/difficulty-prediction-training-data/results/dna_M6625_247_1812.phy/output_files/parsimony/seed_31.raxml.log

Analysis started: 24-Sep-2025 19:24:12 / finished: 24-Sep-2025 19:24:12

Elapsed time: 0.034 seconds


RAxML-NG v. 1.1.0-master released on 04.08.2022 by The Exelixis Lab.
Developed by: Alexey M. Kozlov and Alexandros Stamatakis.
Contributors: Diego Darriba, Tomas Flouri, Benoit Morel, Sarah Lutteropp, Ben Bettisworth.
Latest version: https://github.com/amkozlov/raxml-ng
Questions/problems/suggestions? Please visit: https://groups.google.com/forum/#!forum/raxml

System: Intel(R) Core(TM) i7-8850H CPU @ 2.60GHz, 6 cores, 15 GB RAM

RAxML-NG was called at 24-Sep-2025 19:32:38 as follows:

/usr/local/bin/raxml-ng --start --msa /home/suny/Downloads/VAN_TRAINING_DATA/data4/dna_M6625_247_1812.phy --tree pars{1} --prefix results/dna_M6625_247_1812.phy/output_files/parsimony/seed_32 --model GTR+G --seed 32

Analysis options:
  run mode: Starting tree generation
  start tree(s): parsimony (1)
  random seed: 32
  SIMD kernels: AVX2
  parallelization: coarse-grained (auto), PTHREADS (auto)

[00:00:00] Reading alignment from file: /home/suny/Downloads/VAN_TRAINING_DATA/data4/dna_M6625_247_1812.phy
[00:00:00] Loaded alignment with 247 taxa and 1812 sites

Alignment comprises 1 partitions and 824 patterns

Partition 0: noname
Model: GTR+FO+G4m
Alignment sites / patterns: 1812 / 824
Gaps: 32.17 %
Invariant sites: 61.20 %


NOTE: Binary MSA file created: results/dna_M6625_247_1812.phy/output_files/parsimony/seed_32.raxml.rba

[00:00:00] Generating 1 parsimony starting tree(s) with 247 taxa
Parsimony score: 3217

All starting trees saved to: /home/suny/difficulty-prediction-training-data/results/dna_M6625_247_1812.phy/output_files/parsimony/seed_32.raxml.startTree


Execution log saved to: /home/suny/difficulty-prediction-training-data/results/dna_M6625_247_1812.phy/output_files/parsimony/seed_32.raxml.log

Analysis started: 24-Sep-2025 19:32:38 / finished: 24-Sep-2025 19:32:39

Elapsed time: 0.034 seconds


RAxML-NG v. 1.1.0-master released on 04.08.2022 by The Exelixis Lab.
Developed by: Alexey M. Kozlov and Alexandros Stamatakis.
Contributors: Diego Darriba, Tomas Flouri, Benoit Morel, Sarah Lutteropp, Ben Bettisworth.
Latest version: https://github.com/amkozlov/raxml-ng
Questions/problems/suggestions? Please visit: https://groups.google.com/forum/#!forum/raxml

System: Intel(R) Core(TM) i7-8850H CPU @ 2.60GHz, 6 cores, 15 GB RAM

RAxML-NG was called at 24-Sep-2025 18:58:37 as follows:

/usr/local/bin/raxml-ng --start --msa /home/suny/Downloads/VAN_TRAINING_DATA/data4/dna_M6625_247_1812.phy --tree pars{1} --prefix results/dna_M6625_247_1812.phy/output_files/parsimony/seed_33 --model GTR+G --seed 33

Analysis options:
  run mode: Starting tree generation
  start tree(s): parsimony (1)
  random seed: 33
  SIMD kernels: AVX2
  parallelization: coarse-grained (auto), PTHREADS (auto)

[00:00:00] Reading alignment from file: /home/suny/Downloads/VAN_TRAINING_DATA/data4/dna_M6625_247_1812.phy
[00:00:00] Loaded alignment with 247 taxa and 1812 sites

Alignment comprises 1 partitions and 824 patterns

Partition 0: noname
Model: GTR+FO+G4m
Alignment sites / patterns: 1812 / 824
Gaps: 32.17 %
Invariant sites: 61.20 %


NOTE: Binary MSA file created: results/dna_M6625_247_1812.phy/output_files/parsimony/seed_33.raxml.rba

[00:00:00] Generating 1 parsimony starting tree(s) with 247 taxa
Parsimony score: 3214

All starting trees saved to: /home/suny/difficulty-prediction-training-data/results/dna_M6625_247_1812.phy/output_files/parsimony/seed_33.raxml.startTree


Execution log saved to: /home/suny/difficulty-prediction-training-data/results/dna_M6625_247_1812.phy/output_files/parsimony/seed_33.raxml.log

Analysis started: 24-Sep-2025 18:58:37 / finished: 24-Sep-2025 18:58:37

Elapsed time: 0.032 seconds


RAxML-NG v. 1.1.0-master released on 04.08.2022 by The Exelixis Lab.
Developed by: Alexey M. Kozlov and Alexandros Stamatakis.
Contributors: Diego Darriba, Tomas Flouri, Benoit Morel, Sarah Lutteropp, Ben Bettisworth.
Latest version: https://github.com/amkozlov/raxml-ng
Questions/problems/suggestions? Please visit: https://groups.google.com/forum/#!forum/raxml

System: Intel(R) Core(TM) i7-8850H CPU @ 2.60GHz, 6 cores, 15 GB RAM

RAxML-NG was called at 24-Sep-2025 18:58:41 as follows:

/usr/local/bin/raxml-ng --start --msa /home/suny/Downloads/VAN_TRAINING_DATA/data4/dna_M6625_247_1812.phy --tree pars{1} --prefix results/dna_M6625_247_1812.phy/output_files/parsimony/seed_34 --model GTR+G --seed 34

Analysis options:
  run mode: Starting tree generation
  start tree(s): parsimony (1)
  random seed: 34
  SIMD kernels: AVX2
  parallelization: coarse-grained (auto), PTHREADS (auto)

[00:00:00] Reading alignment from file: /home/suny/Downloads/VAN_TRAINING_DATA/data4/dna_M6625_247_1812.phy
[00:00:00] Loaded alignment with 247 taxa and 1812 sites

Alignment comprises 1 partitions and 824 patterns

Partition 0: noname
Model: GTR+FO+G4m
Alignment sites / patterns: 1812 / 824
Gaps: 32.17 %
Invariant sites: 61.20 %


NOTE: Binary MSA file created: results/dna_M6625_247_1812.phy/output_files/parsimony/seed_34.raxml.rba

[00:00:00] Generating 1 parsimony starting tree(s) with 247 taxa
Parsimony score: 3233

All starting trees saved to: /home/suny/difficulty-prediction-training-data/results/dna_M6625_247_1812.phy/output_files/parsimony/seed_34.raxml.startTree


Execution log saved to: /home/suny/difficulty-prediction-training-data/results/dna_M6625_247_1812.phy/output_files/parsimony/seed_34.raxml.log

Analysis started: 24-Sep-2025 18:58:41 / finished: 24-Sep-2025 18:58:41

Elapsed time: 0.027 seconds


RAxML-NG v. 1.1.0-master released on 04.08.2022 by The Exelixis Lab.
Developed by: Alexey M. Kozlov and Alexandros Stamatakis.
Contributors: Diego Darriba, Tomas Flouri, Benoit Morel, Sarah Lutteropp, Ben Bettisworth.
Latest version: https://github.com/amkozlov/raxml-ng
Questions/problems/suggestions? Please visit: https://groups.google.com/forum/#!forum/raxml

System: Intel(R) Core(TM) i7-8850H CPU @ 2.60GHz, 6 cores, 15 GB RAM

RAxML-NG was called at 24-Sep-2025 19:01:36 as follows:

/usr/local/bin/raxml-ng --start --msa /home/suny/Downloads/VAN_TRAINING_DATA/data4/dna_M6625_247_1812.phy --tree pars{1} --prefix results/dna_M6625_247_1812.phy/output_files/parsimony/seed_35 --model GTR+G --seed 35

Analysis options:
  run mode: Starting tree generation
  start tree(s): parsimony (1)
  random seed: 35
  SIMD kernels: AVX2
  parallelization: coarse-grained (auto), PTHREADS (auto)

[00:00:00] Reading alignment from file: /home/suny/Downloads/VAN_TRAINING_DATA/data4/dna_M6625_247_1812.phy
[00:00:00] Loaded alignment with 247 taxa and 1812 sites

Alignment comprises 1 partitions and 824 patterns

Partition 0: noname
Model: GTR+FO+G4m
Alignment sites / patterns: 1812 / 824
Gaps: 32.17 %
Invariant sites: 61.20 %


NOTE: Binary MSA file created: results/dna_M6625_247_1812.phy/output_files/parsimony/seed_35.raxml.rba

[00:00:00] Generating 1 parsimony starting tree(s) with 247 taxa
Parsimony score: 3241

All starting trees saved to: /home/suny/difficulty-prediction-training-data/results/dna_M6625_247_1812.phy/output_files/parsimony/seed_35.raxml.startTree


Execution log saved to: /home/suny/difficulty-prediction-training-data/results/dna_M6625_247_1812.phy/output_files/parsimony/seed_35.raxml.log

Analysis started: 24-Sep-2025 19:01:36 / finished: 24-Sep-2025 19:01:36

Elapsed time: 0.034 seconds


RAxML-NG v. 1.1.0-master released on 04.08.2022 by The Exelixis Lab.
Developed by: Alexey M. Kozlov and Alexandros Stamatakis.
Contributors: Diego Darriba, Tomas Flouri, Benoit Morel, Sarah Lutteropp, Ben Bettisworth.
Latest version: https://github.com/amkozlov/raxml-ng
Questions/problems/suggestions? Please visit: https://groups.google.com/forum/#!forum/raxml

System: Intel(R) Core(TM) i7-8850H CPU @ 2.60GHz, 6 cores, 15 GB RAM

RAxML-NG was called at 24-Sep-2025 19:02:33 as follows:

/usr/local/bin/raxml-ng --start --msa /home/suny/Downloads/VAN_TRAINING_DATA/data4/dna_M6625_247_1812.phy --tree pars{1} --prefix results/dna_M6625_247_1812.phy/output_files/parsimony/seed_36 --model GTR+G --seed 36

Analysis options:
  run mode: Starting tree generation
  start tree(s): parsimony (1)
  random seed: 36
  SIMD kernels: AVX2
  parallelization: coarse-grained (auto), PTHREADS (auto)

[00:00:00] Reading alignment from file: /home/suny/Downloads/VAN_TRAINING_DATA/data4/dna_M6625_247_1812.phy
[00:00:00] Loaded alignment with 247 taxa and 1812 sites

Alignment comprises 1 partitions and 824 patterns

Partition 0: noname
Model: GTR+FO+G4m
Alignment sites / patterns: 1812 / 824
Gaps: 32.17 %
Invariant sites: 61.20 %


NOTE: Binary MSA file created: results/dna_M6625_247_1812.phy/output_files/parsimony/seed_36.raxml.rba

[00:00:00] Generating 1 parsimony starting tree(s) with 247 taxa
Parsimony score: 3224

All starting trees saved to: /home/suny/difficulty-prediction-training-data/results/dna_M6625_247_1812.phy/output_files/parsimony/seed_36.raxml.startTree


Execution log saved to: /home/suny/difficulty-prediction-training-data/results/dna_M6625_247_1812.phy/output_files/parsimony/seed_36.raxml.log

Analysis started: 24-Sep-2025 19:02:33 / finished: 24-Sep-2025 19:02:33

Elapsed time: 0.030 seconds


RAxML-NG v. 1.1.0-master released on 04.08.2022 by The Exelixis Lab.
Developed by: Alexey M. Kozlov and Alexandros Stamatakis.
Contributors: Diego Darriba, Tomas Flouri, Benoit Morel, Sarah Lutteropp, Ben Bettisworth.
Latest version: https://github.com/amkozlov/raxml-ng
Questions/problems/suggestions? Please visit: https://groups.google.com/forum/#!forum/raxml

System: Intel(R) Core(TM) i7-8850H CPU @ 2.60GHz, 6 cores, 15 GB RAM

RAxML-NG was called at 24-Sep-2025 19:06:31 as follows:

/usr/local/bin/raxml-ng --start --msa /home/suny/Downloads/VAN_TRAINING_DATA/data4/dna_M6625_247_1812.phy --tree pars{1} --prefix results/dna_M6625_247_1812.phy/output_files/parsimony/seed_37 --model GTR+G --seed 37

Analysis options:
  run mode: Starting tree generation
  start tree(s): parsimony (1)
  random seed: 37
  SIMD kernels: AVX2
  parallelization: coarse-grained (auto), PTHREADS (auto)

[00:00:00] Reading alignment from file: /home/suny/Downloads/VAN_TRAINING_DATA/data4/dna_M6625_247_1812.phy
[00:00:00] Loaded alignment with 247 taxa and 1812 sites

Alignment comprises 1 partitions and 824 patterns

Partition 0: noname
Model: GTR+FO+G4m
Alignment sites / patterns: 1812 / 824
Gaps: 32.17 %
Invariant sites: 61.20 %


NOTE: Binary MSA file created: results/dna_M6625_247_1812.phy/output_files/parsimony/seed_37.raxml.rba

[00:00:00] Generating 1 parsimony starting tree(s) with 247 taxa
Parsimony score: 3233

All starting trees saved to: /home/suny/difficulty-prediction-training-data/results/dna_M6625_247_1812.phy/output_files/parsimony/seed_37.raxml.startTree


Execution log saved to: /home/suny/difficulty-prediction-training-data/results/dna_M6625_247_1812.phy/output_files/parsimony/seed_37.raxml.log

Analysis started: 24-Sep-2025 19:06:31 / finished: 24-Sep-2025 19:06:31

Elapsed time: 0.036 seconds


RAxML-NG v. 1.1.0-master released on 04.08.2022 by The Exelixis Lab.
Developed by: Alexey M. Kozlov and Alexandros Stamatakis.
Contributors: Diego Darriba, Tomas Flouri, Benoit Morel, Sarah Lutteropp, Ben Bettisworth.
Latest version: https://github.com/amkozlov/raxml-ng
Questions/problems/suggestions? Please visit: https://groups.google.com/forum/#!forum/raxml

System: Intel(R) Core(TM) i7-8850H CPU @ 2.60GHz, 6 cores, 15 GB RAM

RAxML-NG was called at 24-Sep-2025 19:09:17 as follows:

/usr/local/bin/raxml-ng --start --msa /home/suny/Downloads/VAN_TRAINING_DATA/data4/dna_M6625_247_1812.phy --tree pars{1} --prefix results/dna_M6625_247_1812.phy/output_files/parsimony/seed_38 --model GTR+G --seed 38

Analysis options:
  run mode: Starting tree generation
  start tree(s): parsimony (1)
  random seed: 38
  SIMD kernels: AVX2
  parallelization: coarse-grained (auto), PTHREADS (auto)

[00:00:00] Reading alignment from file: /home/suny/Downloads/VAN_TRAINING_DATA/data4/dna_M6625_247_1812.phy
[00:00:00] Loaded alignment with 247 taxa and 1812 sites

Alignment comprises 1 partitions and 824 patterns

Partition 0: noname
Model: GTR+FO+G4m
Alignment sites / patterns: 1812 / 824
Gaps: 32.17 %
Invariant sites: 61.20 %


NOTE: Binary MSA file created: results/dna_M6625_247_1812.phy/output_files/parsimony/seed_38.raxml.rba

[00:00:00] Generating 1 parsimony starting tree(s) with 247 taxa
Parsimony score: 3240

All starting trees saved to: /home/suny/difficulty-prediction-training-data/results/dna_M6625_247_1812.phy/output_files/parsimony/seed_38.raxml.startTree


Execution log saved to: /home/suny/difficulty-prediction-training-data/results/dna_M6625_247_1812.phy/output_files/parsimony/seed_38.raxml.log

Analysis started: 24-Sep-2025 19:09:17 / finished: 24-Sep-2025 19:09:17

Elapsed time: 0.056 seconds


RAxML-NG v. 1.1.0-master released on 04.08.2022 by The Exelixis Lab.
Developed by: Alexey M. Kozlov and Alexandros Stamatakis.
Contributors: Diego Darriba, Tomas Flouri, Benoit Morel, Sarah Lutteropp, Ben Bettisworth.
Latest version: https://github.com/amkozlov/raxml-ng
Questions/problems/suggestions? Please visit: https://groups.google.com/forum/#!forum/raxml

System: Intel(R) Core(TM) i7-8850H CPU @ 2.60GHz, 6 cores, 15 GB RAM

RAxML-NG was called at 24-Sep-2025 19:09:25 as follows:

/usr/local/bin/raxml-ng --start --msa /home/suny/Downloads/VAN_TRAINING_DATA/data4/dna_M6625_247_1812.phy --tree pars{1} --prefix results/dna_M6625_247_1812.phy/output_files/parsimony/seed_39 --model GTR+G --seed 39

Analysis options:
  run mode: Starting tree generation
  start tree(s): parsimony (1)
  random seed: 39
  SIMD kernels: AVX2
  parallelization: coarse-grained (auto), PTHREADS (auto)

[00:00:00] Reading alignment from file: /home/suny/Downloads/VAN_TRAINING_DATA/data4/dna_M6625_247_1812.phy
[00:00:00] Loaded alignment with 247 taxa and 1812 sites

Alignment comprises 1 partitions and 824 patterns

Partition 0: noname
Model: GTR+FO+G4m
Alignment sites / patterns: 1812 / 824
Gaps: 32.17 %
Invariant sites: 61.20 %


NOTE: Binary MSA file created: results/dna_M6625_247_1812.phy/output_files/parsimony/seed_39.raxml.rba

[00:00:00] Generating 1 parsimony starting tree(s) with 247 taxa
Parsimony score: 3248

All starting trees saved to: /home/suny/difficulty-prediction-training-data/results/dna_M6625_247_1812.phy/output_files/parsimony/seed_39.raxml.startTree


Execution log saved to: /home/suny/difficulty-prediction-training-data/results/dna_M6625_247_1812.phy/output_files/parsimony/seed_39.raxml.log

Analysis started: 24-Sep-2025 19:09:25 / finished: 24-Sep-2025 19:09:25

Elapsed time: 0.035 seconds


RAxML-NG v. 1.1.0-master released on 04.08.2022 by The Exelixis Lab.
Developed by: Alexey M. Kozlov and Alexandros Stamatakis.
Contributors: Diego Darriba, Tomas Flouri, Benoit Morel, Sarah Lutteropp, Ben Bettisworth.
Latest version: https://github.com/amkozlov/raxml-ng
Questions/problems/suggestions? Please visit: https://groups.google.com/forum/#!forum/raxml

System: Intel(R) Core(TM) i7-8850H CPU @ 2.60GHz, 6 cores, 15 GB RAM

RAxML-NG was called at 24-Sep-2025 19:13:08 as follows:

/usr/local/bin/raxml-ng --start --msa /home/suny/Downloads/VAN_TRAINING_DATA/data4/dna_M6625_247_1812.phy --tree pars{1} --prefix results/dna_M6625_247_1812.phy/output_files/parsimony/seed_40 --model GTR+G --seed 40

Analysis options:
  run mode: Starting tree generation
  start tree(s): parsimony (1)
  random seed: 40
  SIMD kernels: AVX2
  parallelization: coarse-grained (auto), PTHREADS (auto)

[00:00:00] Reading alignment from file: /home/suny/Downloads/VAN_TRAINING_DATA/data4/dna_M6625_247_1812.phy
[00:00:00] Loaded alignment with 247 taxa and 1812 sites

Alignment comprises 1 partitions and 824 patterns

Partition 0: noname
Model: GTR+FO+G4m
Alignment sites / patterns: 1812 / 824
Gaps: 32.17 %
Invariant sites: 61.20 %


NOTE: Binary MSA file created: results/dna_M6625_247_1812.phy/output_files/parsimony/seed_40.raxml.rba

[00:00:00] Generating 1 parsimony starting tree(s) with 247 taxa
Parsimony score: 3237

All starting trees saved to: /home/suny/difficulty-prediction-training-data/results/dna_M6625_247_1812.phy/output_files/parsimony/seed_40.raxml.startTree


Execution log saved to: /home/suny/difficulty-prediction-training-data/results/dna_M6625_247_1812.phy/output_files/parsimony/seed_40.raxml.log

Analysis started: 24-Sep-2025 19:13:08 / finished: 24-Sep-2025 19:13:08

Elapsed time: 0.035 seconds

