IQ-TREE version 3.0.1 for Linux x86 64-bit built Sep 12 2025
Developed by Bui Quang Minh, Thomas Wong, Nhan Ly-Trong, Huaiyan Ren
Contributed by Lam-Tung Nguyen, Dominik Schrempf, Chris Bielow,
Olga Chernomor, Michael Woodhams, Diep Thi Hoang, Heiko Schmidt

Host:    vanvan-Latitude-9520 (AVX512, FMA3, 31 GB RAM)
Command: /usr/local/bin/iqtree3 -s /home/vanvan/Downloads/data_treebase/DIU_TRAINING_DATA/data5/prot_M12104_93_349.phy -pre training_data/prot_M12104_93_349.phy/output_files/iqtree/inference/pars_19 -seed 19 -ninit 1 -T 1 -redo -n 0 -nt AUTO
Seed:    19 (Using SPRNG - Scalable Parallel Random Number Generator)
Time:    Thu Sep 25 02:45:12 2025
Kernel:  AVX+FMA - auto-detect threads (8 CPU cores detected)

Reading alignment file /home/vanvan/Downloads/data_treebase/DIU_TRAINING_DATA/data5/prot_M12104_93_349.phy ... Phylip format detected
Alignment most likely contains protein sequences
Constructing alignment: done in 0.00116061 secs using 85.13% CPU
Alignment has 93 sequences with 349 columns, 335 distinct patterns
299 parsimony-informative, 20 singleton sites, 29 constant sites
                                                               Gap/Ambiguity  Composition  p-value
Analyzing sequences: done in 0.000548506 secs using 99.73% CPU
   1  Achromobacter_piechaudii_ATCC_43553                              0.00%    passed     98.54%
   2  Achromobacter_xylosoxidans_C54                                   0.00%    passed     99.72%
   3  Acidovorax_ebreus_TPSY                                           0.00%    passed     98.55%
   4  Acidovorax_sp._JS42                                              0.00%    passed     98.77%
   5  Agrobacterium_radiobacter_K84                                    0.00%    passed     99.70%
   6  Agrobacterium_sp._H13-3                                          0.00%    passed     99.95%
   7  Agrobacterium_tumefaciens_str._C58                               0.00%    passed     99.91%
   8  Azoarcus_sp._BH72                                                0.00%    passed     75.03%
   9  Azorhizobium_caulinodans_ORS_571                                 0.00%    passed     99.56%
  10  Azospirillum_sp._B510                                            0.00%    passed     99.13%
  11  Bordetella_avium_197N                                            0.00%    passed     97.75%
  12  Bradyrhizobium_sp._BTAi1                                         0.00%    passed     97.77%
  13  Bradyrhizobium_sp._ORS278                                        0.00%    passed     98.24%
  14  Brucella_neotomae_5K33                                           0.00%    passed     97.58%
  15  Burkholderia_ambifaria_AMMD                                      0.00%    passed     99.99%
  16  Burkholderia_ambifaria_IOP40-10                                  0.00%    passed    100.00%
  17  Burkholderia_ambifaria_MC40-6                                    0.00%    passed    100.00%
  18  Burkholderia_ambifaria_MEX-5                                     0.00%    passed     99.99%
  19  Burkholderia_cenocepacia_AU_1054                                 0.00%    passed    100.00%
  20  Burkholderia_cenocepacia_J2315                                   0.00%    passed    100.00%
  21  Burkholderia_cenocepacia_PC184                                   0.00%    passed    100.00%
  22  Burkholderia_dolosa_AUO158                                       0.00%    passed    100.00%
  23  Burkholderia_gladioli_BSR3                                       0.00%    passed    100.00%
  24  Burkholderia_glumae_BGR1                                         0.00%    passed    100.00%
  25  Burkholderia_graminis_C4D1M                                      0.00%    passed     99.97%
  26  Burkholderia_mallei_ATCC_23344                                   0.00%    passed     99.99%
  27  Burkholderia_multivorans_ATCC_17616                              0.00%    passed     99.99%
  28  Burkholderia_oklahomensis_EO147                                  0.00%    passed     99.99%
  29  Burkholderia_phytofirmans_PsJN                                   0.00%    passed     98.04%
  30  Burkholderia_pseudomallei_DM98                                   0.00%    passed     99.99%
  31  Burkholderia_sp._383                                             0.00%    passed    100.00%
  32  Burkholderia_sp._CCGE1001                                        0.00%    passed     99.95%
  33  Burkholderia_sp._CCGE1002                                        0.00%    passed     99.64%
  34  Burkholderia_sp._CCGE1003                                        0.00%    passed    100.00%
  35  Burkholderia_sp._Ch1-1                                           0.00%    passed     97.78%
  36  Burkholderia_sp._H160                                            0.00%    passed     99.18%
  37  Burkholderia_sp._TJI49                                           0.00%    passed    100.00%
  38  Burkholderia_thailandensis_E264                                  0.00%    passed     99.97%
  39  Burkholderia_thailandensis_MSMB43                                0.00%    passed    100.00%
  40  Burkholderia_ubonensis_Bu                                        0.00%    passed    100.00%
  41  Burkholderia_vietnamiensis_G4                                    0.00%    passed    100.00%
  42  Cupriavidus_metallidurans_CH34-A                                 0.00%    passed     97.96%
  43  Cupriavidus_taiwanensis_LMG_19424                                0.00%    passed     86.46%
  44  Cupriavidus_taiwanensis_LMG_19424-A                              0.00%    passed     99.96%
  45  Deinococcus_deserti_VCD115                                       0.00%    passed     72.06%
  46  Deinococcus_geothermalis_DSM_11300                               0.00%    passed     31.30%
  47  Deinococcus_maricopensis_DSM_21211                               0.00%    passed     21.60%
  48  Herbaspirillum_seropedicae_SmR1                                  0.00%    passed     99.99%
  49  Herbaspirillum_seropedicae_SmR1-A                                0.00%    passed     99.76%
  50  Herbaspirillum_seropedicae_SmR1-B                                0.00%    passed     91.96%
  51  Janibacter_sp._HTCC2649                                          0.00%    passed     71.81%
  52  Limnobacter_sp._MED105                                           0.00%    passed     99.96%
  53  Magnetospirillum_magneticum_AMB-1                                0.00%    passed     99.96%
  54  Meiothermus_silvanus_DSM_9946                                    0.00%    passed     25.60%
  55  Mesorhizobium_ciceri_biovar_biserrulae_WSM1271                   0.00%    passed     93.20%
  56  Mesorhizobium_opportunistum_WSM2075                              0.00%    passed     94.09%
  57  Methylibium_petroleiphilum_PM1                                   0.00%    passed     96.96%
  58  Methylobacterium_nodulans_ORS_2060                               0.00%    passed     86.14%
  59  Methylobacterium_radiotolerans_JCM_2831                          0.00%    passed     99.14%
  60  Methylobacterium_sp._4-46                                        0.00%    passed     86.34%
  61  Nocardioidaceae_bacterium_Broad-1                                0.00%    passed     28.56%
  62  Oceanicola_batsensis_HTCC2597                                    0.00%    passed     48.98%
  63  Ochrobactrum_anthropi_ATCC_49188                                 0.00%    passed     98.71%
  64  Ochrobactrum_intermedium_LMG_3301                                0.00%    passed     98.80%
  65  Oxalobacteraceae_bacterium_IMCC9480                              0.00%    passed     98.91%
  66  Paracoccus_denitrificans_PD1222                                  0.00%    passed     66.27%
  67  Polynucleobacter_necessarius_subsp._asymbioticus_QLW-P1DMWA-1    0.00%    passed     93.46%
  68  Pseudomonas_stutzeri_A1501                                       0.00%    passed     96.09%
  69  Pseudomonas_stutzeri_DSM_4166                                    0.00%    passed     93.65%
  70  Ralstonia_eutropha_H16                                           0.00%    passed     99.96%
  71  Ralstonia_pickettii_12D                                          0.00%    passed     99.99%
  72  Ralstonia_pickettii_12J                                          0.00%    passed     99.98%
  73  Ralstonia_solanacearum_CFBP2957                                  0.00%    passed     99.99%
  74  Ralstonia_solanacearum_CMR15                                     0.00%    passed     99.99%
  75  Ralstonia_solanacearum_GMI1000                                   0.00%    passed    100.00%
  76  Ralstonia_solanacearum_MolK2                                     0.00%    passed     99.96%
  77  Ralstonia_solanacearum_PSI07                                     0.00%    passed     99.43%
  78  Ralstonia_solanacearum_UW551                                     0.00%    passed     99.97%
  79  Rhizobium_etli_CFN_42                                            0.00%    passed     99.87%
  80  Rhizobium_etli_CIAT_652                                          0.00%    passed     99.77%
  81  Rhizobium_leguminosarum_bv._trifolii_WSM1325                     0.00%    passed     99.69%
  82  Rhizobium_leguminosarum_bv._trifolii_WSM2304                     0.00%    passed     99.86%
  83  Rhizobium_leguminosarum_bv._viciae_3841                          0.00%    passed     99.88%
  84  Rhodobacter_sphaeroides_2.4.1                                    0.00%    passed     44.84%
  85  Rhodobacter_sphaeroides_ATCC_17029                               0.00%    passed     43.27%
  86  Rhodomicrobium_vannielii_ATCC_17100                              0.00%    passed     89.06%
  87  Salinispora_arenicola_CNS-205                                    0.00%    passed     11.05%
  88  Salinispora_tropica_CNB-440                                      0.00%    passed      9.62%
  89  Sinorhizobium_fredii_NGR234                                      0.00%    passed     92.85%
  90  Sinorhizobium_medicae_WSM419                                     0.00%    passed     85.01%
  91  Sinorhizobium_meliloti_1021                                      0.00%    passed     93.10%
  92  Thauera_sp._MZ1T                                                 0.00%    passed     82.01%
  93  Xenopus_Silurana_tropicalis                                      0.00%    passed     99.99%
****  TOTAL                                                            0.00%  0 sequences failed composition chi2 test (p-value<5%; df=19)
Checking for duplicate sequences: done in 0.00036201 secs using 69.61% CPU


Create initial parsimony tree by phylogenetic likelihood library (PLL)... 0.059 seconds
Measuring multi-threading efficiency up to 8 CPU cores
Increase to 10 rounds for branch lengths
4 trees examined
Threads: 1 / Time: 9.185 sec / Speedup: 1.000 / Efficiency: 100% / LogL: -32377
Threads: 2 / Time: 15.508 sec / Speedup: 0.592 / Efficiency: 30% / LogL: -32377
Determining AUTO threadcount: done in 24.7109 secs using 96.97% CPU
BEST NUMBER OF THREADS: 1

Perform fast likelihood tree search using LG+I+G model...
Estimate model parameters (epsilon = 5.000)
Perform nearest neighbor interchange...
Estimate model parameters (epsilon = 1.000)
1. Initial log-likelihood: -16140.767
Optimal log-likelihood: -16140.702
Proportion of invariable sites: 0.040
Gamma shape alpha: 1.231
Parameters optimization took 1 rounds (2.243 sec)
Time for fast ML tree search: 14.158 seconds

NOTE: ModelFinder requires 51 MB RAM!
ModelFinder will test up to 1232 protein models (sample size: 349 epsilon: 0.100) ...
 No. Model         -LnL         df  AIC          AICc         BIC
  1  LG            16796.373    183 33958.745    34366.891    34664.223
  2  LG+I          16633.678    184 33635.356    34050.478    34344.689
  3  LG+G4         16144.049    184 32656.098    33071.220    33365.431
  4  LG+I+G4       16140.701    185 32651.402    33073.611    33364.590
  5  LG+R2         16236.792    185 32843.584    33265.793    33556.773
  6  LG+R3         16143.636    187 32661.273    33097.993    33382.171
  7  LG+R4         16132.594    189 32643.188    33094.886    33371.796
  8  LG+R5         16130.185    191 32642.370    33109.529    33378.689
 14  LG+I+R2       16205.045    186 32782.090    33211.497    33499.133
 15  LG+I+R3       16141.950    188 32659.899    33104.049    33384.653
 16  LG+I+R4       16132.379    190 32644.758    33104.125    33377.222
 17  LG+I+R5       16130.545    192 32645.090    33120.167    33385.264
 25  LG+F+G4       16017.928    203 32441.856    33013.056    33224.436
 26  LG+F+I+G4     16015.177    204 32438.355    33019.188    33224.789
 29  LG+F+R4       16009.125    208 32434.250    33055.279    33236.105
 47  WAG+G4        16184.629    184 32737.257    33152.379    33446.590
 48  WAG+I+G4      16181.150    185 32732.300    33154.509    33445.488
 51  WAG+R4        16169.038    189 32716.077    33167.775    33444.685
 69  WAG+F+G4      16091.258    203 32588.517    33159.717    33371.097
 70  WAG+F+I+G4    16088.397    204 32584.794    33165.628    33371.229
 73  WAG+F+R4      16078.840    208 32573.681    33194.709    33375.536
 91  JTT+G4        16394.720    184 33157.440    33572.562    33866.773
 92  JTT+I+G4      16390.872    185 33151.745    33573.953    33864.933
 95  JTT+R4        16381.181    189 33140.363    33592.061    33868.971
113  JTT+F+G4      16252.872    203 32911.743    33482.943    33694.323
114  JTT+F+I+G4    16250.261    204 32908.521    33489.354    33694.956
117  JTT+F+R4      16244.480    208 32904.961    33525.989    33706.816
135  Q.PFAM+G4     16146.157    184 32660.314    33075.436    33369.647
136  Q.PFAM+I+G4   16142.503    185 32655.007    33077.215    33368.195
139  Q.PFAM+R4     16134.088    189 32646.177    33097.875    33374.786
157  Q.PFAM+F+G4   16041.082    203 32488.164    33059.364    33270.744
158  Q.PFAM+F+I+G4 16038.138    204 32484.275    33065.109    33270.710
161  Q.PFAM+F+R4   16032.947    208 32481.894    33102.923    33283.749
179  Q.BIRD+G4     16969.418    184 34306.837    34721.959    35016.170
180  Q.BIRD+I+G4   16966.275    185 34302.550    34724.758    35015.738
183  Q.BIRD+R4     16959.272    189 34296.544    34748.242    35025.152
201  Q.BIRD+F+G4   16809.241    203 34024.481    34595.681    34807.061
202  Q.BIRD+F+I+G4 16807.371    204 34022.743    34603.576    34809.178
205  Q.BIRD+F+R4   16804.717    208 34025.434    34646.462    34827.289
223  Q.MAMMAL+G4   16785.028    184 33938.056    34353.178    34647.389
224  Q.MAMMAL+I+G4 16781.889    185 33933.778    34355.987    34646.966
227  Q.MAMMAL+R4   16773.035    189 33924.070    34375.768    34652.678
245  Q.MAMMAL+F+G4 16611.870    203 33629.740    34200.940    34412.319
246  Q.MAMMAL+F+I+G4 16609.848    204 33627.697    34208.530    34414.132
249  Q.MAMMAL+F+R4 16604.947    208 33625.894    34246.922    34427.749
267  Q.INSECT+G4   16256.280    184 32880.560    33295.682    33589.893
268  Q.INSECT+I+G4 16252.748    185 32875.495    33297.704    33588.683
271  Q.INSECT+R4   16242.133    189 32862.266    33313.964    33590.875
289  Q.INSECT+F+G4 16132.254    203 32670.509    33241.709    33453.088
290  Q.INSECT+F+I+G4 16129.443    204 32666.885    33247.719    33453.320
293  Q.INSECT+F+R4 16122.614    208 32661.228    33282.257    33463.083
311  Q.PLANT+G4    16464.504    184 33297.009    33712.131    34006.342
312  Q.PLANT+I+G4  16461.586    185 33293.172    33715.380    34006.360
315  Q.PLANT+R4    16455.781    189 33289.561    33741.260    34018.170
333  Q.PLANT+F+G4  16331.898    203 33069.795    33640.995    33852.375
334  Q.PLANT+F+I+G4 16329.990    204 33067.980    33648.814    33854.415
337  Q.PLANT+F+R4  16329.279    208 33074.559    33695.587    33876.414
355  Q.YEAST+G4    16203.706    184 32775.412    33190.534    33484.746
356  Q.YEAST+I+G4  16199.720    185 32769.441    33191.649    33482.629
359  Q.YEAST+R4    16190.112    189 32758.224    33209.922    33486.833
377  Q.YEAST+F+G4  16073.286    203 32552.572    33123.772    33335.152
378  Q.YEAST+F+I+G4 16069.952    204 32547.904    33128.737    33334.339
381  Q.YEAST+F+R4  16064.006    208 32544.012    33165.040    33345.867
399  JTTDCMUT+G4   16383.262    184 33134.524    33549.646    33843.857
400  JTTDCMUT+I+G4 16379.388    185 33128.776    33550.984    33841.964
403  JTTDCMUT+R4   16368.890    189 33115.779    33567.478    33844.388
421  JTTDCMUT+F+G4 16243.376    203 32892.753    33463.953    33675.332
422  JTTDCMUT+F+I+G4 16240.744    204 32889.488    33470.321    33675.922
425  JTTDCMUT+F+R4 16234.494    208 32884.989    33506.017    33686.844
443  DCMUT+G4      16349.838    184 33067.675    33482.797    33777.009
444  DCMUT+I+G4    16345.285    185 33060.569    33482.778    33773.758
447  DCMUT+R4      16333.624    189 33045.248    33496.946    33773.857
465  DCMUT+F+G4    16248.195    203 32902.390    33473.590    33684.970
466  DCMUT+F+I+G4  16244.599    204 32897.198    33478.032    33683.633
469  DCMUT+F+R4    16236.421    208 32888.842    33509.871    33690.697
487  VT+G4         16307.674    184 32983.348    33398.470    33692.681
488  VT+I+G4       16304.020    185 32978.040    33400.248    33691.228
491  VT+R4         16291.753    189 32961.506    33413.205    33690.115
509  VT+F+G4       16185.565    203 32777.130    33348.330    33559.710
510  VT+F+I+G4     16182.472    204 32772.945    33353.778    33559.380
513  VT+F+R4       16172.873    208 32761.747    33382.776    33563.602
531  PMB+G4        16429.962    184 33227.924    33643.046    33937.258
532  PMB+I+G4      16426.421    185 33222.841    33645.050    33936.030
535  PMB+R4        16413.412    189 33204.824    33656.522    33933.433
553  PMB+F+G4      16249.911    203 32905.823    33477.023    33688.402
554  PMB+F+I+G4    16246.789    204 32901.578    33482.412    33688.013
557  PMB+F+R4      16235.786    208 32887.573    33508.601    33689.428
575  BLOSUM62+G4   16379.746    184 33127.492    33542.614    33836.825
576  BLOSUM62+I+G4 16376.799    185 33123.598    33545.806    33836.786
579  BLOSUM62+R4   16365.536    189 33109.072    33560.770    33837.680
597  BLOSUM62+F+G4 16230.751    203 32867.502    33438.702    33650.082
598  BLOSUM62+F+I+G4 16228.021    204 32864.042    33444.876    33650.477
601  BLOSUM62+F+R4 16217.783    208 32851.565    33472.594    33653.420
619  DAYHOFF+G4    16349.226    184 33066.452    33481.574    33775.785
620  DAYHOFF+I+G4  16344.637    185 33059.273    33481.482    33772.462
623  DAYHOFF+R4    16333.607    189 33045.213    33496.911    33773.822
641  DAYHOFF+F+G4  16248.126    203 32902.252    33473.452    33684.832
642  DAYHOFF+F+I+G4 16244.513    204 32897.025    33477.859    33683.460
645  DAYHOFF+F+R4  16236.665    208 32889.330    33510.359    33691.185
663  MTREV+G4      17283.405    184 34934.810    35349.932    35644.143
664  MTREV+I+G4    17281.592    185 34933.184    35355.393    35646.372
667  MTREV+R4      17270.578    189 34919.156    35370.854    35647.765
685  MTREV+F+G4    16564.776    203 33535.552    34106.752    34318.131
686  MTREV+F+I+G4  16563.263    204 33534.526    34115.359    34320.961
689  MTREV+F+R4    16564.891    208 33545.782    34166.811    34347.637
707  MTART+G4      17421.116    184 35210.233    35625.355    35919.566
708  MTART+I+G4    17420.386    185 35210.772    35632.981    35923.961
711  MTART+R4      17417.143    189 35212.286    35663.985    35940.895
729  MTART+F+G4    16697.488    203 33800.975    34372.175    34583.555
730  MTART+F+I+G4  16693.879    204 33795.757    34376.591    34582.192
733  MTART+F+R4    16685.769    208 33787.539    34408.567    34589.393
751  MTZOA+G4      16967.101    184 34302.203    34717.325    35011.536
752  MTZOA+I+G4    16966.151    185 34302.303    34724.511    35015.491
755  MTZOA+R4      16960.721    189 34299.442    34751.140    35028.050
773  MTZOA+F+G4    16424.663    203 33255.327    33826.527    34037.906
774  MTZOA+F+I+G4  16422.598    204 33253.196    33834.030    34039.631
777  MTZOA+F+R4    16417.247    208 33250.493    33871.522    34052.348
795  MTMET+G4      17338.907    184 35045.815    35460.937    35755.148
796  MTMET+I+G4    17337.415    185 35044.829    35467.038    35758.018
799  MTMET+R4      17331.889    189 35041.778    35493.476    35770.387
817  MTMET+F+G4    16641.040    203 33688.080    34259.280    34470.660
818  MTMET+F+I+G4  16639.670    204 33687.340    34268.173    34473.775
821  MTMET+F+R4    16637.526    208 33691.051    34312.080    34492.906
839  MTVER+G4      17538.446    184 35444.891    35860.013    36154.225
840  MTVER+I+G4    17537.365    185 35444.729    35866.938    36157.917
843  MTVER+R4      17531.119    189 35440.238    35891.936    36168.846
861  MTVER+F+G4    16935.718    203 34277.437    34848.637    35060.016
862  MTVER+F+I+G4  16934.134    204 34276.268    34857.102    35062.703
865  MTVER+F+R4    16931.107    208 34278.215    34899.243    35080.070
883  MTINV+G4      17356.788    184 35081.576    35496.698    35790.909
884  MTINV+I+G4    17354.778    185 35079.557    35501.765    35792.745
887  MTINV+R4      17349.575    189 35077.150    35528.848    35805.759
905  MTINV+F+G4    16451.697    203 33309.393    33880.593    34091.973
906  MTINV+F+I+G4  16449.764    204 33307.527    33888.361    34093.962
909  MTINV+F+R4    16447.524    208 33311.047    33932.076    34112.902
927  MTMAM+G4      17883.729    184 36135.459    36550.581    36844.792
928  MTMAM+I+G4    17883.639    185 36137.277    36559.486    36850.466
931  MTMAM+R4      17886.733    189 36151.466    36603.164    36880.074
949  MTMAM+F+G4    17187.472    203 34780.943    35352.143    35563.523
950  MTMAM+F+I+G4  17185.487    204 34778.974    35359.807    35565.409
953  MTMAM+F+R4    17182.708    208 34781.415    35402.444    35583.270
971  FLAVI+G4      17465.527    184 35299.055    35714.177    36008.388
972  FLAVI+I+G4    17461.275    185 35292.549    35714.758    36005.737
975  FLAVI+R4      17450.963    189 35279.925    35731.624    36008.534
993  FLAVI+F+G4    17213.328    203 34832.656    35403.856    35615.236
994  FLAVI+F+I+G4  17210.420    204 34828.839    35409.673    35615.274
997  FLAVI+F+R4    17206.517    208 34829.034    35450.062    35630.889
1015  HIVB+G4       17151.499    184 34670.998    35086.120    35380.331
1016  HIVB+I+G4     17147.547    185 34665.094    35087.302    35378.282
1019  HIVB+R4       17140.584    189 34659.168    35110.866    35387.776
1037  HIVB+F+G4     16854.200    203 34114.400    34685.600    34896.979
1038  HIVB+F+I+G4   16851.703    204 34111.406    34692.240    34897.841
1041  HIVB+F+R4     16847.943    208 34111.887    34732.915    34913.741
1059  HIVW+G4       17836.558    184 36041.116    36456.238    36750.449
1060  HIVW+I+G4     17826.292    185 36022.584    36444.792    36735.772
1063  HIVW+R4       17804.092    189 35986.185    36437.883    36714.793
1081  HIVW+F+G4     17367.889    203 35141.777    35712.977    35924.357
1082  HIVW+F+I+G4   17362.382    204 35132.764    35713.597    35919.199
1085  HIVW+F+R4     17355.562    208 35127.123    35748.152    35928.978
1103  FLU+G4        16741.433    184 33850.867    34265.989    34560.200
1104  FLU+I+G4      16736.830    185 33843.661    34265.869    34556.849
1107  FLU+R4        16727.201    189 33832.402    34284.100    34561.011
1125  FLU+F+G4      16445.529    203 33297.057    33868.257    34079.637
1126  FLU+F+I+G4    16443.278    204 33294.557    33875.390    34080.991
1129  FLU+F+R4      16440.752    208 33297.504    33918.533    34099.359
1147  RTREV+G4      16341.137    184 33050.273    33465.395    33759.606
1148  RTREV+I+G4    16337.135    185 33044.269    33466.478    33757.458
1151  RTREV+R4      16328.881    189 33035.762    33487.460    33764.370
1169  RTREV+F+G4    16113.964    203 32633.927    33205.127    33416.507
1170  RTREV+F+I+G4  16110.805    204 32629.611    33210.444    33416.045
1173  RTREV+F+R4    16105.347    208 32626.695    33247.724    33428.550
1191  CPREV+G4      16419.535    184 33207.070    33622.192    33916.403
1192  CPREV+I+G4    16414.690    185 33199.380    33621.588    33912.568
1195  CPREV+R4      16407.981    189 33193.962    33645.660    33922.570
1213  CPREV+F+G4    16215.742    203 32837.483    33408.683    33620.063
1214  CPREV+F+I+G4  16211.501    204 32831.001    33411.835    33617.436
1217  CPREV+F+R4    16203.288    208 32822.577    33443.605    33624.432
Akaike Information Criterion:           LG+F+R4
Corrected Akaike Information Criterion: LG+F+G4
Bayesian Information Criterion:         LG+F+G4
Best-fit model: LG+F+G4 chosen according to BIC

All model information printed to training_data/prot_M12104_93_349.phy/output_files/iqtree/inference/pars_19.model.gz
CPU time for ModelFinder: 1052.289 seconds (0h:17m:32s)
Wall-clock time for ModelFinder: 1983.336 seconds (0h:33m:3s)

NOTE: 20 MB RAM (0 GB) is required!
Estimate model parameters (epsilon = 0.010)
1. Initial log-likelihood: -16019.724
2. Current log-likelihood: -16017.958
3. Current log-likelihood: -16017.930
Optimal log-likelihood: -16017.928
Gamma shape alpha: 1.061
Parameters optimization took 3 rounds (4.727 sec)
Wrote distance file to... 
BEST SCORE FOUND : -16017.928
Total tree length: 10.562

Total number of iterations: 0
CPU time used for tree search: 0.000 sec (0h:0m:0s)
Wall-clock time used for tree search: 0.000 sec (0h:0m:0s)
Total CPU time used: 1055.351 sec (0h:17m:35s)
Total wall-clock time used: 1988.100 sec (0h:33m:8s)

Analysis results written to: 
  IQ-TREE report:                training_data/prot_M12104_93_349.phy/output_files/iqtree/inference/pars_19.iqtree
  Maximum-likelihood tree:       training_data/prot_M12104_93_349.phy/output_files/iqtree/inference/pars_19.treefile
  Screen log file:               training_data/prot_M12104_93_349.phy/output_files/iqtree/inference/pars_19.log

Date and Time: Thu Sep 25 03:18:20 2025
