IQ-TREE version 3.0.1 for Linux x86 64-bit built Sep 12 2025
Developed by Bui Quang Minh, Thomas Wong, Nhan Ly-Trong, Huaiyan Ren
Contributed by Lam-Tung Nguyen, Dominik Schrempf, Chris Bielow,
Olga Chernomor, Michael Woodhams, Diep Thi Hoang, Heiko Schmidt

Host:    vanvan-Latitude-9520 (AVX512, FMA3, 31 GB RAM)
Command: /usr/local/bin/iqtree3 -s /home/vanvan/Downloads/data_treebase/DIU_TRAINING_DATA/data1/prot_M1118_137_348.phy -pre training_data/prot_M1118_137_348.phy/output_files/iqtree/inference/pars_17 -seed 17 -ninit 1 -T 1 -redo -n 0
Seed:    17 (Using SPRNG - Scalable Parallel Random Number Generator)
Time:    Fri Sep 19 00:50:28 2025
Kernel:  AVX+FMA - 1 threads (8 CPU cores detected)

HINT: Use -nt option to specify number of threads because your CPU has 8 cores!
HINT: -nt AUTO will automatically determine the best number of threads to use.

Reading alignment file /home/vanvan/Downloads/data_treebase/DIU_TRAINING_DATA/data1/prot_M1118_137_348.phy ... Phylip format detected
Alignment most likely contains protein sequences
Constructing alignment: done in 0.00104349 secs using 76.86% CPU
Alignment has 137 sequences with 348 columns, 347 distinct patterns
234 parsimony-informative, 54 singleton sites, 60 constant sites
                                       Gap/Ambiguity  Composition  p-value
Analyzing sequences: done in 0.000226441 secs using 99.36% CPU
   1  Acorus_americanus_1                     66.67%    passed     89.27%
   2  Acorus_americanus_2                     75.57%    passed     48.49%
   3  Acorus_americanus_3                      5.17%    passed     99.98%
   4  Amborella_trichopoda_1                  35.92%    passed     99.99%
   5  Amborella_trichopoda_2                   9.20%    passed    100.00%
   6  Arabidopsis_thaliana_AtSK11              5.17%    passed     99.98%
   7  Arabidopsis_thaliana_AtSK12              5.17%    passed     99.86%
   8  Arabidopsis_thaliana_AtSK13              5.17%    passed    100.00%
   9  Arabidopsis_thaliana_AtSK21              5.46%    passed    100.00%
  10  Arabidopsis_thaliana_AtSK22              5.46%    passed     99.95%
  11  Arabidopsis_thaliana_AtSK23              5.46%    passed     99.98%
  12  Arabidopsis_thaliana_AtSK31              5.17%    passed     99.79%
  13  Arabidopsis_thaliana_AtSK32              6.03%    passed     99.92%
  14  Arabidopsis_thaliana_AtSK41              5.17%    passed    100.00%
  15  Arabidopsis_thaliana_AtSK42              5.17%    passed     99.94%
  16  Beta_vulgaris_1                         43.97%    passed     99.17%
  17  Beta_vulgaris_2                         73.28%    passed     91.77%
  18  Brassica_napus                           6.03%    passed     99.89%
  19  Caenorhabditis_briggsae                  6.90%    passed     67.49%
  20  Caenorhabditis_elegans                   6.03%    passed     81.47%
  21  Ceratopteris_richardii                  68.97%    passed     35.29%
  22  Chlamydomonas_reinhardtii               14.66%    passed     97.99%
  23  Cicer_arietinum                         12.07%    passed     99.99%
  24  Ciona_intestinalis                       5.46%    passed     65.29%
  25  Citrus_sinensis                         23.28%    passed     99.91%
  26  Colletotrichum_gloeosporioides           7.76%    passed     86.58%
  27  Cucumis_sativus_1                       61.78%    passed     82.06%
  28  Cucumis_sativus_2                       79.31%    passed     93.06%
  29  Danio_rerio_DrGSK3                       5.46%    passed     97.30%
  30  Danio_rerio_DrGSK3alpha                  5.46%    passed     95.57%
  31  Dictyostelium_discoideum                 5.75%    passed     30.37%
  32  Drosophila_melanogaster_DmCG2621         5.17%    passed     99.90%
  33  Drosophila_melanogaster_SGG              5.17%    passed     99.79%
  34  Eschscholzia_californica_1              49.14%    passed     98.66%
  35  Eschscholzia_californica_2              52.87%    passed     90.23%
  36  Eschscholzia_californica_3              58.05%    passed     82.46%
  37  Eschscholzia_californica_4              52.01%    passed     84.78%
  38  Glycine_max_1                            5.17%    passed     99.97%
  39  Glycine_max_2                           21.55%    passed     99.97%
  40  Gossypium_arboretum                     74.43%    failed      3.10%
  41  Gossypium_hirsutum                      73.28%    passed     94.76%
  42  Guillardia_theta                         5.46%    passed     47.60%
  43  Homo_sapiens_HsGSK3A                     5.46%    passed     96.04%
  44  Homo_sapiens_HsGSK3B                     5.46%    passed     93.38%
  45  Hordeum_vulgare_1                       47.13%    passed     94.72%
  46  Hordeum_vulgare_2                        5.17%    passed     99.99%
  47  Hordeum_vulgare_3                       64.66%    passed     52.57%
  48  Hordeum_vulgare_4                       44.83%    passed     99.92%
  49  Hydra_vulgaris                           5.17%    passed     93.58%
  50  Liriodendron_tulipifera                 45.69%    passed     99.95%
  51  Lotus_japonicus                         77.59%    passed     98.85%
  52  Lycopersicon_esculentum_1                5.17%    passed     99.85%
  53  Lycopersicon_esculentum_2                5.46%    passed    100.00%
  54  Lycopersicon_esculentum_3               62.07%    passed     59.60%
  55  Lycopersicon_esculentum_4               53.74%    passed     98.24%
  56  Medicago_sativa_MSK1                     5.17%    passed     99.90%
  57  Medicago_sativa_MSK2                     5.17%    passed    100.00%
  58  Medicago_sativa_MSK3                     5.17%    passed    100.00%
  59  Medicago_sativa_MsGSK1                   5.17%    passed     99.99%
  60  Medicago_sativa_MsGSK2                   5.17%    passed     99.58%
  61  Medicago_truncatula_1                   23.28%    passed     99.79%
  62  Medicago_truncatula_2                    5.17%    passed     99.94%
  63  Medicago_truncatula_3                    5.17%    passed    100.00%
  64  Medicago_truncatula_4                   14.94%    passed    100.00%
  65  Medicago_truncatula_5                   55.17%    passed     84.63%
  66  Medicago_truncatula_6                   36.49%    passed     98.01%
  67  Mesembryanthemum_crystallinum_1         37.36%    passed     90.92%
  68  Mesembryanthemum_crystallinum_2         37.93%    passed     95.37%
  69  Mus_musculus                             5.46%    passed     94.15%
  70  Neurospora_crassa                        4.02%    passed     97.33%
  71  Nicotiana_tabacum_NSK1                   5.17%    passed     99.93%
  72  Nicotiana_tabacum_NSK111                 5.17%    passed     97.41%
  73  Nicotiana_tabacum_NSK59                  5.17%    passed     99.72%
  74  Nicotiana_tabacum_NSK6                   5.17%    passed     99.37%
  75  Nicotiana_tabacum_NSK91                  5.17%    passed     99.91%
  76  Nuphar_advena_1                         58.05%    passed     74.84%
  77  Nuphar_advena_2                         38.22%    passed     82.84%
  78  Nuphar_advena_3                         51.44%    passed     89.59%
  79  Nuphar_advena_4                         52.87%    passed     79.90%
  80  Nuphar_advena_5                         52.87%    passed     81.04%
  81  Oryza_sativa_Os01g10840                  5.46%    passed     99.99%
  82  Oryza_sativa_Os01g14860                  5.17%    passed    100.00%
  83  Oryza_sativa_Os01g19150                  5.17%    passed     99.95%
  84  Oryza_sativa_Os02g14130                  5.75%    passed     99.98%
  85  Oryza_sativa_Os03g62500                  5.17%    passed     99.92%
  86  Oryza_sativa_Os05g04340                  5.17%    passed     99.99%
  87  Oryza_sativa_Os05g11730                  5.46%    passed     99.94%
  88  Oryza_sativa_Os06g35530                  5.46%    passed     99.99%
  89  Oryza_sativa_Os10g37740                  5.17%    passed    100.00%
  90  Paracentrotus_lividus                    5.46%    passed     99.22%
  91  Persea_americana_1                      56.32%    passed     83.35%
  92  Persea_americana_2                      45.11%    passed     99.62%
  93  Persea_americana_3                      38.51%    passed     94.97%
  94  Persea_americana_4                      74.71%    passed     53.33%
  95  Persea_americana_5                      47.99%    passed     94.36%
  96  Petunia_hybrida_PSK4                     5.46%    passed    100.00%
  97  Petunia_hybrida_PSK61                    5.17%    passed     98.38%
  98  Petunia_hybrida_PSK62                    5.17%    passed     98.39%
  99  Petunia_hybrida_PSK7                     5.17%    passed     98.06%
 100  Physcomitrella_patens_1                  5.17%    passed    100.00%
 101  Physcomitrella_patens_2                  5.17%    passed    100.00%
 102  Physcomitrella_patens_3                  5.17%    passed    100.00%
 103  Physcomitrella_patens_4                  5.17%    passed    100.00%
 104  Physcomitrella_patens_5                  5.46%    passed    100.00%
 105  Pinus_taeda_1                           55.17%    passed     86.21%
 106  Pinus_taeda_2                           81.61%    passed     92.80%
 107  Pinus_taeda_3                           59.48%    passed     45.34%
 108  Pinus_taeda_4                           75.00%    passed     90.78%
 109  Plasmodium_falciparum                    5.17%    failed      3.12%
 110  Plasmodium_yoelii                        5.17%    passed      6.08%
 111  Populus_tremula_x_Populus_tremuloides   52.87%    passed     98.89%
 112  Porphyra_yezoensis                      11.78%    passed     96.76%
 113  Rattus_norvegicus_RnGSK3A                5.46%    passed     86.17%
 114  Rattus_norvegicus_RnGSK3B                5.46%    passed     96.32%
 115  Ricinus_communis_RSKdzeta               23.85%    passed     99.95%
 116  Secale_cereale                          55.46%    passed     95.89%
 117  Solanum_tuberosum_1                     66.67%    passed     88.19%
 118  Solanum_tuberosum_2                      5.17%    passed     99.92%
 119  Solanum_tuberosum_3                     73.85%    passed     75.38%
 120  Sorghum_bicolor_1                        5.17%    passed     99.98%
 121  Sorghum_bicolor_2                       37.64%    passed     99.47%
 122  Sorghum_bicolor_3                       63.51%    passed     87.84%
 123  Sorghum_bicolor_4                       50.86%    passed     90.23%
 124  Sorghum_propinquum                      75.86%    passed     10.56%
 125  Trifolium_repens                         5.17%    passed     99.95%
 126  Triticum_aestivum_1                     38.79%    passed     98.88%
 127  Triticum_aestivum_2                     41.67%    passed     97.47%
 128  Triticum_aestivum_3                      5.46%    passed    100.00%
 129  Triticum_aestivum_4                     43.39%    passed     63.72%
 130  Triticum_aestivum_5                     39.37%    passed     99.60%
 131  Triticum_aestivum_TaGSK                  5.17%    passed    100.00%
 132  Welwitschia_mirabilis                   47.99%    passed     94.37%
 133  Xenopus_laevis                           5.46%    passed     93.15%
 134  Zamia_fischeri                          53.45%    passed     62.78%
 135  Zea_mays_1                              32.18%    passed     99.97%
 136  Zea_mays_2                              30.46%    passed     98.01%
 137  Zea_mays_3                              45.40%    passed     86.40%
WARNING: 34 sequences contain more than 50% gaps/ambiguity
****  TOTAL                                   26.31%  2 sequences failed composition chi2 test (p-value<5%; df=19)
Checking for duplicate sequences: done in 0.000480045 secs using 77.28% CPU


Create initial parsimony tree by phylogenetic likelihood library (PLL)... 0.054 seconds
Perform fast likelihood tree search using LG+I+G model...
Estimate model parameters (epsilon = 5.000)
Perform nearest neighbor interchange...
Estimate model parameters (epsilon = 1.000)
1. Initial log-likelihood: -12907.317
Optimal log-likelihood: -12907.306
Proportion of invariable sites: 0.063
Gamma shape alpha: 0.809
Parameters optimization took 1 rounds (0.821 sec)
Time for fast ML tree search: 11.911 seconds

NOTE: ModelFinder requires 77 MB RAM!
ModelFinder will test up to 1232 protein models (sample size: 348 epsilon: 0.100) ...
 No. Model         -LnL         df  AIC          AICc         BIC
  1  LG            13697.390    271 27936.781    29876.570    28980.728
  2  LG+I          13477.350    272 27498.699    29478.859    28546.498
  3  LG+G4         12909.498    272 26362.997    28343.157    27410.796
  4  LG+I+G4       12907.313    273 26360.626    28382.301    27412.277
  5  LG+R2         13033.107    273 26612.214    28633.890    27663.865
  6  LG+R3         12918.848    275 26387.697    28496.030    27447.052
  7  LG+R4         12889.459    277 26332.917    28533.088    27399.977
  8  LG+R5         12879.262    279 26316.523    28614.170    27391.288
  9  LG+R6         12876.005    281 26314.010    28715.283    27396.479
 14  LG+I+R2       12993.807    274 26535.614    28599.998    27591.118
 15  LG+I+R3       12907.436    276 26366.873    28520.450    27430.080
 16  LG+I+R4       12887.396    278 26330.791    28578.965    27401.704
 17  LG+I+R5       12880.701    280 26321.402    28670.059    27400.019
 18  LG+I+R6       12878.395    282 26320.789    28776.358    27407.110
 29  LG+F+R4       12923.718    296 26439.436    29886.965    27579.688
 30  LG+F+R5       12913.281    298 26422.561    30059.378    27570.518
 31  LG+F+R6       12910.727    300 26421.454    30264.007    27577.115
 39  LG+F+I+R5     12915.817    299 26429.634    30167.134    27581.442
 51  WAG+R4        13000.463    277 26554.927    28755.098    27621.987
 52  WAG+R5        12990.179    279 26538.357    28836.004    27613.122
 53  WAG+R6        12988.630    281 26539.259    28940.532    27621.728
 61  WAG+I+R5      12992.591    280 26545.181    28893.838    27623.798
 73  WAG+F+R4      13030.879    296 26653.758    30101.288    27794.010
 74  WAG+F+R5      13021.675    298 26639.350    30276.166    27787.306
 75  WAG+F+R6      13019.313    300 26638.626    30481.179    27794.287
 83  WAG+F+I+R5    13023.913    299 26645.825    30383.325    27797.634
 95  JTT+R4        12877.976    277 26309.952    28510.123    27377.012
 96  JTT+R5        12868.164    279 26294.327    28591.974    27369.092
 97  JTT+R6        12867.180    281 26296.360    28697.633    27378.829
105  JTT+I+R5      12870.064    280 26300.128    28648.785    27378.745
117  JTT+F+R4      12914.047    296 26420.094    29867.623    27560.346
118  JTT+F+R5      12904.375    298 26404.750    30041.567    27552.707
119  JTT+F+R6      12902.436    300 26404.872    30247.425    27560.533
127  JTT+F+I+R5    12906.802    299 26411.603    30149.103    27563.412
139  Q.PFAM+R4     12910.766    277 26375.531    28575.703    27442.591
140  Q.PFAM+R5     12901.348    279 26360.696    28658.343    27435.461
141  Q.PFAM+R6     12899.080    281 26360.160    28761.433    27442.629
149  Q.PFAM+I+R5   12903.063    280 26366.126    28714.783    27444.742
161  Q.PFAM+F+R4   12955.032    296 26502.063    29949.592    27642.315
162  Q.PFAM+F+R5   12945.009    298 26486.018    30122.834    27633.974
163  Q.PFAM+F+R6   12942.925    300 26485.849    30328.403    27641.510
171  Q.PFAM+F+I+R5 12947.378    299 26492.755    30230.255    27644.564
183  Q.BIRD+R4     13021.660    277 26597.320    28797.491    27664.380
184  Q.BIRD+R5     13008.733    279 26575.467    28873.114    27650.231
185  Q.BIRD+R6     13007.291    281 26576.582    28977.855    27659.051
193  Q.BIRD+I+R5   13009.361    280 26578.723    28927.380    27657.340
205  Q.BIRD+F+R4   13085.998    296 26763.996    30211.526    27904.248
206  Q.BIRD+F+R5   13072.610    298 26741.220    30378.036    27889.176
207  Q.BIRD+F+R6   13070.231    300 26740.462    30583.015    27896.122
215  Q.BIRD+F+I+R5 13074.087    299 26746.173    30483.673    27897.982
227  Q.MAMMAL+R4   12947.154    277 26448.309    28648.480    27515.369
228  Q.MAMMAL+R5   12935.301    279 26428.602    28726.250    27503.367
229  Q.MAMMAL+R6   12934.258    281 26430.517    28831.789    27512.985
237  Q.MAMMAL+I+R5 12936.681    280 26433.362    28782.018    27511.978
249  Q.MAMMAL+F+R4 13011.239    296 26614.479    30062.008    27754.731
250  Q.MAMMAL+F+R5 12997.736    298 26591.472    30228.288    27739.428
251  Q.MAMMAL+F+R6 12996.394    300 26592.788    30435.342    27748.449
259  Q.MAMMAL+F+I+R5 12999.992    299 26597.983    30335.483    27749.792
271  Q.INSECT+R4   12784.387    277 26122.775    28322.946    27189.835
272  Q.INSECT+R5   12772.533    279 26103.067    28400.714    27177.831
273  Q.INSECT+R6   12771.990    281 26105.980    28507.253    27188.449
281  Q.INSECT+I+R5 12774.220    280 26108.441    28457.097    27187.057
293  Q.INSECT+F+R4 12855.333    296 26302.666    29750.195    27442.918
294  Q.INSECT+F+R5 12842.882    298 26281.765    29918.581    27429.721
295  Q.INSECT+F+R6 12842.004    300 26284.008    30126.561    27439.669
303  Q.INSECT+F+I+R5 12845.201    299 26288.401    30025.901    27440.210
315  Q.PLANT+R4    12802.491    277 26158.982    28359.153    27226.042
316  Q.PLANT+R5    12789.175    279 26136.351    28433.998    27211.115
317  Q.PLANT+R6    12788.845    281 26139.690    28540.963    27222.159
325  Q.PLANT+I+R5  12790.881    280 26141.761    28490.418    27220.378
337  Q.PLANT+F+R4  12869.762    296 26331.524    29779.054    27471.776
338  Q.PLANT+F+R5  12856.091    298 26308.182    29944.998    27456.138
339  Q.PLANT+F+R6  12855.537    300 26311.074    30153.627    27466.735
347  Q.PLANT+F+I+R5 12858.825    299 26315.650    30053.150    27467.459
359  Q.YEAST+R4    12849.712    277 26253.424    28453.596    27320.484
360  Q.YEAST+R5    12839.686    279 26237.371    28535.018    27312.136
361  Q.YEAST+R6    12839.153    281 26240.306    28641.579    27322.775
369  Q.YEAST+I+R5  12841.364    280 26242.729    28591.386    27321.346
381  Q.YEAST+F+R4  12891.539    296 26375.079    29822.608    27515.331
382  Q.YEAST+F+R5  12881.447    298 26358.893    29995.709    27506.849
383  Q.YEAST+F+R6  12880.141    300 26360.282    30202.835    27515.943
391  Q.YEAST+F+I+R5 12883.591    299 26365.182    30102.682    27516.991
403  JTTDCMUT+R4   12880.592    277 26315.184    28515.356    27382.244
404  JTTDCMUT+R5   12870.628    279 26299.256    28596.903    27374.021
405  JTTDCMUT+R6   12870.070    281 26302.140    28703.413    27384.609
413  JTTDCMUT+I+R5 12872.129    280 26304.257    28652.914    27382.874
425  JTTDCMUT+F+R4 12915.427    296 26422.854    29870.384    27563.106
426  JTTDCMUT+F+R5 12905.615    298 26407.231    30044.047    27555.187
427  JTTDCMUT+F+R6 12903.815    300 26407.630    30250.183    27563.290
435  JTTDCMUT+F+I+R5 12907.607    299 26413.213    30150.713    27565.022
447  DCMUT+R4      13075.281    277 26704.562    28904.733    27771.622
448  DCMUT+R5      13066.528    279 26691.056    28988.703    27765.820
449  DCMUT+R6      13065.622    281 26693.244    29094.517    27775.713
457  DCMUT+I+R5    13067.462    280 26694.924    29043.581    27773.541
469  DCMUT+F+R4    13043.941    296 26679.883    30127.412    27820.135
470  DCMUT+F+R5    13035.207    298 26666.414    30303.230    27814.370
471  DCMUT+F+R6    13033.653    300 26667.307    30509.860    27822.968
479  DCMUT+F+I+R5  13036.088    299 26670.177    30407.677    27821.985
491  VT+R4         13033.811    277 26621.623    28821.794    27688.683
492  VT+R5         13022.427    279 26602.853    28900.500    27677.618
493  VT+R6         13022.197    281 26606.394    29007.666    27688.862
501  VT+I+R5       13023.501    280 26607.003    28955.660    27685.620
513  VT+F+R4       13090.372    296 26772.744    30220.274    27912.996
514  VT+F+R5       13078.625    298 26753.249    30390.066    27901.206
515  VT+F+R6       13078.228    300 26756.455    30599.009    27912.116
523  VT+F+I+R5     13080.015    299 26758.029    30495.529    27909.838
535  PMB+R4        13209.193    277 26972.386    29172.557    28039.446
536  PMB+R5        13198.569    279 26955.138    29252.785    28029.902
537  PMB+R6        13197.775    281 26957.549    29358.822    28040.018
545  PMB+I+R5      13199.372    280 26958.744    29307.400    28037.360
557  PMB+F+R4      13270.539    296 27133.078    30580.607    28273.330
558  PMB+F+R5      13261.126    298 27118.253    30755.069    28266.209
559  PMB+F+R6      13260.196    300 27120.392    30962.945    28276.053
567  PMB+F+I+R5    13262.264    299 27122.527    30860.027    28274.336
579  BLOSUM62+R4   13205.187    277 26964.374    29164.545    28031.434
580  BLOSUM62+R5   13196.339    279 26950.678    29248.325    28025.442
581  BLOSUM62+R6   13195.239    281 26952.478    29353.751    28034.947
589  BLOSUM62+I+R5 13197.273    280 26954.546    29303.203    28033.163
601  BLOSUM62+F+R4 13275.565    296 27143.130    30590.659    28283.382
602  BLOSUM62+F+R5 13265.949    298 27127.897    30764.714    28275.854
603  BLOSUM62+F+R6 13264.805    300 27129.609    30972.163    28285.270
611  BLOSUM62+F+I+R5 13267.074    299 27132.148    30869.648    28283.956
623  DAYHOFF+R4    13072.503    277 26699.006    28899.177    27766.066
624  DAYHOFF+R5    13064.336    279 26686.672    28984.319    27761.436
625  DAYHOFF+R6    13063.347    281 26688.694    29089.967    27771.163
633  DAYHOFF+I+R5  13064.387    280 26688.773    29037.430    27767.390
645  DAYHOFF+F+R4  13041.092    296 26674.184    30121.714    27814.436
646  DAYHOFF+F+R5  13032.783    298 26661.566    30298.382    27809.522
647  DAYHOFF+F+R6  13031.344    300 26662.687    30505.241    27818.348
655  DAYHOFF+F+I+R5 13032.995    299 26663.990    30401.490    27815.798
667  MTREV+R4      13422.518    277 27399.037    29599.208    28466.097
668  MTREV+R5      13414.406    279 27386.812    29684.459    28461.577
669  MTREV+R6      13410.338    281 27382.676    29783.949    28465.145
677  MTREV+I+R5    13411.843    280 27383.685    29732.342    28462.302
689  MTREV+F+R4    13125.466    296 26842.932    30290.462    27983.184
690  MTREV+F+R5    13114.680    298 26825.360    30462.176    27973.316
691  MTREV+F+R6    13112.107    300 26824.215    30666.768    27979.876
699  MTREV+F+I+R5  13114.572    299 26827.143    30564.643    27978.952
711  MTART+R4      13483.805    277 27521.610    29721.782    28588.670
712  MTART+R5      13474.765    279 27507.529    29805.177    28582.294
713  MTART+R6      13469.594    281 27501.188    29902.461    28583.657
721  MTART+I+R5    13471.468    280 27502.936    29851.593    28581.553
733  MTART+F+R4    13177.232    296 26946.463    30393.993    28086.715
734  MTART+F+R5    13163.655    298 26923.311    30560.127    28071.267
735  MTART+F+R6    13157.848    300 26915.696    30758.249    28071.357
743  MTART+F+I+R5  13160.824    299 26919.648    30657.148    28071.457
755  MTZOA+R4      13199.650    277 26953.300    29153.471    28020.360
756  MTZOA+R5      13192.411    279 26942.822    29240.469    28017.586
757  MTZOA+R6      13184.820    281 26931.640    29332.913    28014.109
765  MTZOA+I+R5    13187.937    280 26935.874    29284.531    28014.491
777  MTZOA+F+R4    12986.571    296 26565.142    30012.672    27705.394
778  MTZOA+F+R5    12973.439    298 26542.879    30179.695    27690.835
779  MTZOA+F+R6    12971.071    300 26542.142    30384.695    27697.803
787  MTZOA+F+I+R5  12973.968    299 26545.936    30283.436    27697.744
799  MTMET+R4      13326.280    277 27206.560    29406.732    28273.620
800  MTMET+R5      13318.040    279 27194.079    29491.726    28268.844
801  MTMET+R6      13311.912    281 27185.824    29587.097    28268.293
809  MTMET+I+R5    13313.621    280 27187.241    29535.898    28265.858
821  MTMET+F+R4    13039.806    296 26671.612    30119.141    27811.864
822  MTMET+F+R5    13032.252    298 26660.505    30297.321    27808.461
823  MTMET+F+R6    13027.699    300 26655.398    30497.951    27811.059
831  MTMET+F+I+R5  13030.909    299 26659.818    30397.318    27811.626
843  MTVER+R4      13491.603    277 27537.205    29737.377    28604.265
844  MTVER+R5      13482.109    279 27522.219    29819.866    28596.983
845  MTVER+R6      13476.326    281 27514.653    29915.925    28597.122
853  MTVER+I+R5    13478.116    280 27516.233    29864.890    28594.850
865  MTVER+F+R4    13234.097    296 27060.194    30507.724    28200.446
866  MTVER+F+R5    13221.907    298 27039.814    30676.631    28187.771
867  MTVER+F+R6    13217.326    300 27034.653    30877.206    28190.313
875  MTVER+F+I+R5  13221.613    299 27041.226    30778.726    28193.035
887  MTINV+R4      13381.548    277 27317.097    29517.268    28384.157
888  MTINV+R5      13374.161    279 27306.323    29603.970    28381.087
889  MTINV+R6      13368.817    281 27299.633    29700.906    28382.102
897  MTINV+I+R5    13371.358    280 27302.717    29651.374    28381.334
909  MTINV+F+R4    12981.405    296 26554.811    30002.340    27695.063
910  MTINV+F+R5    12973.365    298 26542.730    30179.546    27690.686
911  MTINV+F+R6    12968.626    300 26537.252    30379.805    27692.913
919  MTINV+F+I+R5  12972.791    299 26543.581    30281.081    27695.390
931  MTMAM+R4      13614.987    277 27783.973    29984.145    28851.033
932  MTMAM+R5      13605.637    279 27769.275    30066.922    28844.039
933  MTMAM+R6      13598.579    281 27759.159    30160.432    28841.628
941  MTMAM+I+R5    13601.463    280 27762.926    30111.583    28841.543
953  MTMAM+F+R4    13334.183    296 27260.367    30707.896    28400.619
954  MTMAM+F+R5    13320.739    298 27237.479    30874.295    28385.435
955  MTMAM+F+R6    13315.193    300 27230.385    31072.939    28386.046
963  MTMAM+F+I+R5  13320.145    299 27238.290    30975.790    28390.099
975  FLAVI+R4      13271.687    277 27097.375    29297.546    28164.435
976  FLAVI+R5      13260.588    279 27079.176    29376.823    28153.940
977  FLAVI+R6      13255.207    281 27072.414    29473.686    28154.883
985  FLAVI+I+R5    13260.761    280 27081.523    29430.179    28160.139
997  FLAVI+F+R4    13307.303    296 27206.606    30654.136    28346.858
998  FLAVI+F+R5    13293.598    298 27183.196    30820.013    28331.153
999  FLAVI+F+R6    13285.822    300 27171.643    31014.197    28327.304
1007  FLAVI+F+I+R5  13293.591    299 27185.182    30922.682    28336.990
1019  HIVB+R4       13180.735    277 26915.471    29115.642    27982.531
1020  HIVB+R5       13172.168    279 26902.336    29199.983    27977.101
1021  HIVB+R6       13164.834    281 26891.669    29292.941    27974.138
1029  HIVB+I+R5     13169.534    280 26899.068    29247.725    27977.685
1041  HIVB+F+R4     13186.717    296 26965.433    30412.963    28105.685
1042  HIVB+F+R5     13176.273    298 26948.546    30585.363    28096.503
1043  HIVB+F+R6     13168.729    300 26937.458    30780.011    28093.118
1051  HIVB+F+I+R5   13174.460    299 26946.919    30684.419    28098.728
1063  HIVW+R4       13763.502    277 28081.004    30281.176    29148.064
1064  HIVW+R5       13747.185    279 28052.371    30350.018    29127.135
1065  HIVW+R6       13745.485    281 28052.969    30454.242    29135.438
1073  HIVW+I+R5     13748.426    280 28056.852    30405.509    29135.469
1085  HIVW+F+R4     13704.372    296 28000.745    31448.274    29140.997
1086  HIVW+F+R5     13691.985    298 27979.969    31616.785    29127.925
1087  HIVW+F+R6     13689.101    300 27978.202    31820.755    29133.863
1095  HIVW+F+I+R5   13693.917    299 27985.834    31723.334    29137.643
1107  FLU+R4        13164.194    277 26882.387    29082.558    27949.447
1108  FLU+R5        13152.167    279 26862.334    29159.981    27937.099
1109  FLU+R6        13147.501    281 26857.002    29258.275    27939.471
1117  FLU+I+R5      13153.400    280 26866.800    29215.457    27945.417
1129  FLU+F+R4      13190.797    296 26973.594    30421.124    28113.846
1130  FLU+F+R5      13178.184    298 26952.367    30589.183    28100.323
1131  FLU+F+R6      13173.652    300 26947.303    30789.857    28102.964
1139  FLU+F+I+R5    13180.278    299 26958.557    30696.057    28110.365
1151  RTREV+R4      13100.102    277 26754.204    28954.376    27821.265
1152  RTREV+R5      13087.897    279 26733.794    29031.441    27808.559
1153  RTREV+R6      13085.236    281 26732.471    29133.744    27814.940
1161  RTREV+I+R5    13088.938    280 26737.877    29086.533    27816.493
1173  RTREV+F+R4    13061.806    296 26715.613    30163.142    27855.865
1174  RTREV+F+R5    13050.022    298 26696.043    30332.859    27844.000
1175  RTREV+F+R6    13047.601    300 26695.201    30537.755    27850.862
1183  RTREV+F+I+R5  13051.105    299 26700.210    30437.710    27852.018
1195  CPREV+R4      13034.826    277 26623.652    28823.823    27690.712
1196  CPREV+R5      13021.938    279 26601.877    28899.524    27676.641
1197  CPREV+R6      13018.308    281 26598.615    28999.888    27681.084
1205  CPREV+I+R5    13023.438    280 26606.876    28955.533    27685.493
1217  CPREV+F+R4    13081.361    296 26754.722    30202.251    27894.974
1218  CPREV+F+R5    13070.181    298 26736.362    30373.178    27884.318
1219  CPREV+F+R6    13066.620    300 26733.240    30575.793    27888.900
1227  CPREV+F+I+R5  13071.483    299 26740.965    30478.465    27892.774
Akaike Information Criterion:           Q.INSECT+R5
Corrected Akaike Information Criterion: Q.INSECT+R4
Bayesian Information Criterion:         Q.INSECT+R5
Best-fit model: Q.INSECT+R5 chosen according to BIC

All model information printed to training_data/prot_M1118_137_348.phy/output_files/iqtree/inference/pars_17.model.gz
CPU time for ModelFinder: 2881.497 seconds (0h:48m:1s)
Wall-clock time for ModelFinder: 2888.966 seconds (0h:48m:8s)

NOTE: 38 MB RAM (0 GB) is required!
Estimate model parameters (epsilon = 0.010)
1. Initial log-likelihood: -12782.425
2. Current log-likelihood: -12773.518
3. Current log-likelihood: -12772.383
4. Current log-likelihood: -12772.245
5. Current log-likelihood: -12772.226
Optimal log-likelihood: -12772.218
Site proportion and rates:  (0.288,0.079) (0.311,0.467) (0.248,1.293) (0.127,2.795) (0.026,6.035)
Parameters optimization took 5 rounds (15.955 sec)
Wrote distance file to... 
BEST SCORE FOUND : -12772.218
Total tree length: 11.314

Total number of iterations: 0
CPU time used for tree search: 0.000 sec (0h:0m:0s)
Wall-clock time used for tree search: 0.000 sec (0h:0m:0s)
Total CPU time used: 2897.496 sec (0h:48m:17s)
Total wall-clock time used: 2904.998 sec (0h:48m:24s)

Analysis results written to: 
  IQ-TREE report:                training_data/prot_M1118_137_348.phy/output_files/iqtree/inference/pars_17.iqtree
  Maximum-likelihood tree:       training_data/prot_M1118_137_348.phy/output_files/iqtree/inference/pars_17.treefile
  Screen log file:               training_data/prot_M1118_137_348.phy/output_files/iqtree/inference/pars_17.log

Date and Time: Fri Sep 19 01:38:53 2025
