IQ-TREE version 3.0.1 for Linux x86 64-bit built Sep 12 2025
Developed by Bui Quang Minh, Thomas Wong, Nhan Ly-Trong, Huaiyan Ren
Contributed by Lam-Tung Nguyen, Dominik Schrempf, Chris Bielow,
Olga Chernomor, Michael Woodhams, Diep Thi Hoang, Heiko Schmidt

Host:    vanvan-Latitude-9520 (AVX512, FMA3, 31 GB RAM)
Command: /usr/local/bin/iqtree3 -s /home/vanvan/Downloads/data_treebase/DIU_TRAINING_DATA/data1/prot_M1118_137_348.phy -pre training_data/prot_M1118_137_348.phy/output_files/iqtree/inference/pars_6 -seed 6 -ninit 1 -T 1 -redo -n 0
Seed:    6 (Using SPRNG - Scalable Parallel Random Number Generator)
Time:    Fri Sep 19 01:25:51 2025
Kernel:  AVX+FMA - 1 threads (8 CPU cores detected)

HINT: Use -nt option to specify number of threads because your CPU has 8 cores!
HINT: -nt AUTO will automatically determine the best number of threads to use.

Reading alignment file /home/vanvan/Downloads/data_treebase/DIU_TRAINING_DATA/data1/prot_M1118_137_348.phy ... Phylip format detected
Alignment most likely contains protein sequences
Constructing alignment: done in 0.000938443 secs
Alignment has 137 sequences with 348 columns, 347 distinct patterns
234 parsimony-informative, 54 singleton sites, 60 constant sites
                                       Gap/Ambiguity  Composition  p-value
Analyzing sequences: done in 0.000160351 secs using 99.78% CPU
   1  Acorus_americanus_1                     66.67%    passed     89.27%
   2  Acorus_americanus_2                     75.57%    passed     48.49%
   3  Acorus_americanus_3                      5.17%    passed     99.98%
   4  Amborella_trichopoda_1                  35.92%    passed     99.99%
   5  Amborella_trichopoda_2                   9.20%    passed    100.00%
   6  Arabidopsis_thaliana_AtSK11              5.17%    passed     99.98%
   7  Arabidopsis_thaliana_AtSK12              5.17%    passed     99.86%
   8  Arabidopsis_thaliana_AtSK13              5.17%    passed    100.00%
   9  Arabidopsis_thaliana_AtSK21              5.46%    passed    100.00%
  10  Arabidopsis_thaliana_AtSK22              5.46%    passed     99.95%
  11  Arabidopsis_thaliana_AtSK23              5.46%    passed     99.98%
  12  Arabidopsis_thaliana_AtSK31              5.17%    passed     99.79%
  13  Arabidopsis_thaliana_AtSK32              6.03%    passed     99.92%
  14  Arabidopsis_thaliana_AtSK41              5.17%    passed    100.00%
  15  Arabidopsis_thaliana_AtSK42              5.17%    passed     99.94%
  16  Beta_vulgaris_1                         43.97%    passed     99.17%
  17  Beta_vulgaris_2                         73.28%    passed     91.77%
  18  Brassica_napus                           6.03%    passed     99.89%
  19  Caenorhabditis_briggsae                  6.90%    passed     67.49%
  20  Caenorhabditis_elegans                   6.03%    passed     81.47%
  21  Ceratopteris_richardii                  68.97%    passed     35.29%
  22  Chlamydomonas_reinhardtii               14.66%    passed     97.99%
  23  Cicer_arietinum                         12.07%    passed     99.99%
  24  Ciona_intestinalis                       5.46%    passed     65.29%
  25  Citrus_sinensis                         23.28%    passed     99.91%
  26  Colletotrichum_gloeosporioides           7.76%    passed     86.58%
  27  Cucumis_sativus_1                       61.78%    passed     82.06%
  28  Cucumis_sativus_2                       79.31%    passed     93.06%
  29  Danio_rerio_DrGSK3                       5.46%    passed     97.30%
  30  Danio_rerio_DrGSK3alpha                  5.46%    passed     95.57%
  31  Dictyostelium_discoideum                 5.75%    passed     30.37%
  32  Drosophila_melanogaster_DmCG2621         5.17%    passed     99.90%
  33  Drosophila_melanogaster_SGG              5.17%    passed     99.79%
  34  Eschscholzia_californica_1              49.14%    passed     98.66%
  35  Eschscholzia_californica_2              52.87%    passed     90.23%
  36  Eschscholzia_californica_3              58.05%    passed     82.46%
  37  Eschscholzia_californica_4              52.01%    passed     84.78%
  38  Glycine_max_1                            5.17%    passed     99.97%
  39  Glycine_max_2                           21.55%    passed     99.97%
  40  Gossypium_arboretum                     74.43%    failed      3.10%
  41  Gossypium_hirsutum                      73.28%    passed     94.76%
  42  Guillardia_theta                         5.46%    passed     47.60%
  43  Homo_sapiens_HsGSK3A                     5.46%    passed     96.04%
  44  Homo_sapiens_HsGSK3B                     5.46%    passed     93.38%
  45  Hordeum_vulgare_1                       47.13%    passed     94.72%
  46  Hordeum_vulgare_2                        5.17%    passed     99.99%
  47  Hordeum_vulgare_3                       64.66%    passed     52.57%
  48  Hordeum_vulgare_4                       44.83%    passed     99.92%
  49  Hydra_vulgaris                           5.17%    passed     93.58%
  50  Liriodendron_tulipifera                 45.69%    passed     99.95%
  51  Lotus_japonicus                         77.59%    passed     98.85%
  52  Lycopersicon_esculentum_1                5.17%    passed     99.85%
  53  Lycopersicon_esculentum_2                5.46%    passed    100.00%
  54  Lycopersicon_esculentum_3               62.07%    passed     59.60%
  55  Lycopersicon_esculentum_4               53.74%    passed     98.24%
  56  Medicago_sativa_MSK1                     5.17%    passed     99.90%
  57  Medicago_sativa_MSK2                     5.17%    passed    100.00%
  58  Medicago_sativa_MSK3                     5.17%    passed    100.00%
  59  Medicago_sativa_MsGSK1                   5.17%    passed     99.99%
  60  Medicago_sativa_MsGSK2                   5.17%    passed     99.58%
  61  Medicago_truncatula_1                   23.28%    passed     99.79%
  62  Medicago_truncatula_2                    5.17%    passed     99.94%
  63  Medicago_truncatula_3                    5.17%    passed    100.00%
  64  Medicago_truncatula_4                   14.94%    passed    100.00%
  65  Medicago_truncatula_5                   55.17%    passed     84.63%
  66  Medicago_truncatula_6                   36.49%    passed     98.01%
  67  Mesembryanthemum_crystallinum_1         37.36%    passed     90.92%
  68  Mesembryanthemum_crystallinum_2         37.93%    passed     95.37%
  69  Mus_musculus                             5.46%    passed     94.15%
  70  Neurospora_crassa                        4.02%    passed     97.33%
  71  Nicotiana_tabacum_NSK1                   5.17%    passed     99.93%
  72  Nicotiana_tabacum_NSK111                 5.17%    passed     97.41%
  73  Nicotiana_tabacum_NSK59                  5.17%    passed     99.72%
  74  Nicotiana_tabacum_NSK6                   5.17%    passed     99.37%
  75  Nicotiana_tabacum_NSK91                  5.17%    passed     99.91%
  76  Nuphar_advena_1                         58.05%    passed     74.84%
  77  Nuphar_advena_2                         38.22%    passed     82.84%
  78  Nuphar_advena_3                         51.44%    passed     89.59%
  79  Nuphar_advena_4                         52.87%    passed     79.90%
  80  Nuphar_advena_5                         52.87%    passed     81.04%
  81  Oryza_sativa_Os01g10840                  5.46%    passed     99.99%
  82  Oryza_sativa_Os01g14860                  5.17%    passed    100.00%
  83  Oryza_sativa_Os01g19150                  5.17%    passed     99.95%
  84  Oryza_sativa_Os02g14130                  5.75%    passed     99.98%
  85  Oryza_sativa_Os03g62500                  5.17%    passed     99.92%
  86  Oryza_sativa_Os05g04340                  5.17%    passed     99.99%
  87  Oryza_sativa_Os05g11730                  5.46%    passed     99.94%
  88  Oryza_sativa_Os06g35530                  5.46%    passed     99.99%
  89  Oryza_sativa_Os10g37740                  5.17%    passed    100.00%
  90  Paracentrotus_lividus                    5.46%    passed     99.22%
  91  Persea_americana_1                      56.32%    passed     83.35%
  92  Persea_americana_2                      45.11%    passed     99.62%
  93  Persea_americana_3                      38.51%    passed     94.97%
  94  Persea_americana_4                      74.71%    passed     53.33%
  95  Persea_americana_5                      47.99%    passed     94.36%
  96  Petunia_hybrida_PSK4                     5.46%    passed    100.00%
  97  Petunia_hybrida_PSK61                    5.17%    passed     98.38%
  98  Petunia_hybrida_PSK62                    5.17%    passed     98.39%
  99  Petunia_hybrida_PSK7                     5.17%    passed     98.06%
 100  Physcomitrella_patens_1                  5.17%    passed    100.00%
 101  Physcomitrella_patens_2                  5.17%    passed    100.00%
 102  Physcomitrella_patens_3                  5.17%    passed    100.00%
 103  Physcomitrella_patens_4                  5.17%    passed    100.00%
 104  Physcomitrella_patens_5                  5.46%    passed    100.00%
 105  Pinus_taeda_1                           55.17%    passed     86.21%
 106  Pinus_taeda_2                           81.61%    passed     92.80%
 107  Pinus_taeda_3                           59.48%    passed     45.34%
 108  Pinus_taeda_4                           75.00%    passed     90.78%
 109  Plasmodium_falciparum                    5.17%    failed      3.12%
 110  Plasmodium_yoelii                        5.17%    passed      6.08%
 111  Populus_tremula_x_Populus_tremuloides   52.87%    passed     98.89%
 112  Porphyra_yezoensis                      11.78%    passed     96.76%
 113  Rattus_norvegicus_RnGSK3A                5.46%    passed     86.17%
 114  Rattus_norvegicus_RnGSK3B                5.46%    passed     96.32%
 115  Ricinus_communis_RSKdzeta               23.85%    passed     99.95%
 116  Secale_cereale                          55.46%    passed     95.89%
 117  Solanum_tuberosum_1                     66.67%    passed     88.19%
 118  Solanum_tuberosum_2                      5.17%    passed     99.92%
 119  Solanum_tuberosum_3                     73.85%    passed     75.38%
 120  Sorghum_bicolor_1                        5.17%    passed     99.98%
 121  Sorghum_bicolor_2                       37.64%    passed     99.47%
 122  Sorghum_bicolor_3                       63.51%    passed     87.84%
 123  Sorghum_bicolor_4                       50.86%    passed     90.23%
 124  Sorghum_propinquum                      75.86%    passed     10.56%
 125  Trifolium_repens                         5.17%    passed     99.95%
 126  Triticum_aestivum_1                     38.79%    passed     98.88%
 127  Triticum_aestivum_2                     41.67%    passed     97.47%
 128  Triticum_aestivum_3                      5.46%    passed    100.00%
 129  Triticum_aestivum_4                     43.39%    passed     63.72%
 130  Triticum_aestivum_5                     39.37%    passed     99.60%
 131  Triticum_aestivum_TaGSK                  5.17%    passed    100.00%
 132  Welwitschia_mirabilis                   47.99%    passed     94.37%
 133  Xenopus_laevis                           5.46%    passed     93.15%
 134  Zamia_fischeri                          53.45%    passed     62.78%
 135  Zea_mays_1                              32.18%    passed     99.97%
 136  Zea_mays_2                              30.46%    passed     98.01%
 137  Zea_mays_3                              45.40%    passed     86.40%
WARNING: 34 sequences contain more than 50% gaps/ambiguity
****  TOTAL                                   26.31%  2 sequences failed composition chi2 test (p-value<5%; df=19)
Checking for duplicate sequences: done in 0.00041422 secs using 95.12% CPU


Create initial parsimony tree by phylogenetic likelihood library (PLL)... 0.056 seconds
Perform fast likelihood tree search using LG+I+G model...
Estimate model parameters (epsilon = 5.000)
Perform nearest neighbor interchange...
Estimate model parameters (epsilon = 1.000)
1. Initial log-likelihood: -12756.463
Optimal log-likelihood: -12756.463
Proportion of invariable sites: 0.063
Gamma shape alpha: 0.816
Parameters optimization took 1 rounds (0.938 sec)
Time for fast ML tree search: 13.508 seconds

NOTE: ModelFinder requires 77 MB RAM!
ModelFinder will test up to 1232 protein models (sample size: 348 epsilon: 0.100) ...
 No. Model         -LnL         df  AIC          AICc         BIC
  1  LG            13523.435    271 27588.869    29528.659    28632.816
  2  LG+I          13312.059    272 27168.119    29148.279    28215.918
  3  LG+G4         12759.098    272 26062.196    28042.356    27109.995
  4  LG+I+G4       12756.467    273 26058.934    28080.610    27110.585
  5  LG+R2         12872.184    273 26290.368    28312.044    27342.019
  6  LG+R3         12768.753    275 26087.506    28195.839    27146.862
  7  LG+R4         12734.506    277 26023.011    28223.183    27090.071
  8  LG+R5         12724.358    279 26006.717    28304.364    27081.481
  9  LG+R6         12721.946    281 26005.891    28407.164    27088.360
 14  LG+I+R2       12835.130    274 26218.261    28282.644    27273.764
 15  LG+I+R3       12753.849    276 26059.697    28213.275    27122.905
 16  LG+I+R4       12735.511    278 26027.022    28275.196    27097.935
 17  LG+I+R5       12725.999    280 26011.998    28360.655    27090.615
 18  LG+I+R6       12723.987    282 26011.974    28467.543    27098.295
 29  LG+F+R4       12762.701    296 26117.402    29564.931    27257.653
 30  LG+F+R5       12753.292    298 26102.584    29739.400    27250.540
 31  LG+F+R6       12750.808    300 26101.617    29944.170    27257.278
 39  LG+F+I+R5     12755.194    299 26108.389    29845.889    27260.197
 51  WAG+R4        12841.227    277 26236.453    28436.625    27303.514
 52  WAG+R5        12831.563    279 26221.126    28518.773    27295.891
 53  WAG+R6        12830.430    281 26222.859    28624.132    27305.328
 61  WAG+I+R5      12833.420    280 26226.840    28575.496    27305.456
 73  WAG+F+R4      12866.850    296 26325.699    29773.228    27465.951
 74  WAG+F+R5      12857.897    298 26311.793    29948.609    27459.749
 75  WAG+F+R6      12856.461    300 26312.921    30155.474    27468.582
 83  WAG+F+I+R5    12859.755    299 26317.509    30055.009    27469.318
 95  JTT+R4        12730.991    277 26015.983    28216.154    27083.043
 96  JTT+R5        12721.424    279 26000.848    28298.495    27075.613
 97  JTT+R6        12720.785    281 26003.569    28404.842    27086.038
105  JTT+I+R5      12722.955    280 26005.909    28354.566    27084.526
117  JTT+F+R4      12761.578    296 26115.156    29562.686    27255.408
118  JTT+F+R5      12751.813    298 26099.627    29736.443    27247.583
119  JTT+F+R6      12750.794    300 26101.587    29944.140    27257.248
127  JTT+F+I+R5    12753.679    299 26105.358    29842.858    27257.167
139  Q.PFAM+R4     12756.101    277 26066.203    28266.374    27133.263
140  Q.PFAM+R5     12746.677    279 26051.353    28349.000    27126.118
141  Q.PFAM+R6     12744.661    281 26051.322    28452.595    27133.791
149  Q.PFAM+I+R5   12748.285    280 26056.569    28405.226    27135.186
161  Q.PFAM+F+R4   12793.375    296 26178.750    29626.279    27319.002
162  Q.PFAM+F+R5   12783.862    298 26163.725    29800.541    27311.681
163  Q.PFAM+F+R6   12781.698    300 26163.396    30005.950    27319.057
171  Q.PFAM+F+I+R5 12785.701    299 26169.402    29906.902    27321.210
183  Q.BIRD+R4     12881.424    277 26316.847    28517.019    27383.907
184  Q.BIRD+R5     12869.149    279 26296.299    28593.946    27371.063
185  Q.BIRD+R6     12868.025    281 26298.051    28699.323    27380.520
193  Q.BIRD+I+R5   12869.951    280 26299.901    28648.558    27378.518
205  Q.BIRD+F+R4   12941.675    296 26475.349    29922.879    27615.601
206  Q.BIRD+F+R5   12927.473    298 26450.945    30087.761    27598.901
207  Q.BIRD+F+R6   12925.700    300 26451.401    30293.954    27607.061
215  Q.BIRD+F+I+R5 12928.789    299 26455.577    30193.077    27607.386
227  Q.MAMMAL+R4   12804.267    277 26162.534    28362.706    27229.594
228  Q.MAMMAL+R5   12794.169    279 26146.338    28443.985    27221.102
229  Q.MAMMAL+R6   12793.372    281 26148.744    28550.017    27231.213
237  Q.MAMMAL+I+R5 12795.542    280 26151.083    28499.740    27229.700
249  Q.MAMMAL+F+R4 12863.320    296 26318.639    29766.169    27458.891
250  Q.MAMMAL+F+R5 12850.023    298 26296.046    29932.862    27444.002
251  Q.MAMMAL+F+R6 12849.218    300 26298.436    30140.989    27454.097
259  Q.MAMMAL+F+I+R5 12851.977    299 26301.954    30039.454    27453.762
271  Q.INSECT+R4   12638.355    277 25830.710    28030.881    26897.770
272  Q.INSECT+R5   12627.743    279 25813.486    28111.133    26888.251
273  Q.INSECT+R6   12626.772    281 25815.543    28216.816    26898.012
281  Q.INSECT+I+R5 12629.213    280 25818.426    28167.082    26897.042
293  Q.INSECT+F+R4 12701.776    296 25995.552    29443.082    27135.804
294  Q.INSECT+F+R5 12689.979    298 25975.957    29612.774    27123.914
295  Q.INSECT+F+R6 12689.616    300 25979.233    29821.786    27134.894
303  Q.INSECT+F+I+R5 12691.863    299 25981.726    29719.226    27133.534
315  Q.PLANT+R4    12657.443    277 25868.886    28069.057    26935.946
316  Q.PLANT+R5    12646.929    279 25851.859    28149.506    26926.623
317  Q.PLANT+R6    12642.479    281 25846.957    28248.230    26929.426
325  Q.PLANT+I+R5  12647.973    280 25855.945    28204.602    26934.562
337  Q.PLANT+F+R4  12718.670    296 26029.341    29476.870    27169.593
338  Q.PLANT+F+R5  12707.317    298 26010.634    29647.450    27158.590
339  Q.PLANT+F+R6  12703.354    300 26006.709    29849.262    27162.370
347  Q.PLANT+F+I+R5 12709.173    299 26016.345    29753.845    27168.154
359  Q.YEAST+R4    12700.465    277 25954.931    28155.102    27021.991
360  Q.YEAST+R5    12691.338    279 25940.675    28238.323    27015.440
361  Q.YEAST+R6    12688.890    281 25939.779    28341.052    27022.248
369  Q.YEAST+I+R5  12692.492    280 25944.984    28293.641    27023.601
381  Q.YEAST+F+R4  12736.094    296 26064.189    29511.718    27204.441
382  Q.YEAST+F+R5  12726.150    298 26048.300    29685.117    27196.257
383  Q.YEAST+F+R6  12724.490    300 26048.980    29891.534    27204.641
391  Q.YEAST+F+I+R5 12727.701    299 26053.402    29790.902    27205.210
403  JTTDCMUT+R4   12734.134    277 26022.268    28222.439    27089.328
404  JTTDCMUT+R5   12724.765    279 26007.530    28305.177    27082.295
405  JTTDCMUT+R6   12724.345    281 26010.691    28411.964    27093.160
413  JTTDCMUT+I+R5 12725.751    280 26011.501    28360.158    27090.118
425  JTTDCMUT+F+R4 12763.812    296 26119.625    29567.154    27259.877
426  JTTDCMUT+F+R5 12754.274    298 26104.547    29741.363    27252.504
427  JTTDCMUT+F+R6 12753.373    300 26106.746    29949.299    27262.406
435  JTTDCMUT+F+I+R5 12755.537    299 26109.073    29846.573    27260.882
447  DCMUT+R4      12918.441    277 26390.881    28591.053    27457.941
448  DCMUT+R5      12909.532    279 26377.064    28674.711    27451.828
449  DCMUT+R6      12909.474    281 26380.948    28782.221    27463.417
457  DCMUT+I+R5    12910.136    280 26380.272    28728.929    27458.889
469  DCMUT+F+R4    12887.433    296 26366.866    29814.395    27507.118
470  DCMUT+F+R5    12879.138    298 26354.276    29991.092    27502.232
471  DCMUT+F+R6    12878.849    300 26357.699    30200.252    27513.359
479  DCMUT+F+I+R5  12879.796    299 26357.591    30095.091    27509.400
491  VT+R4         12875.883    277 26305.767    28505.938    27372.827
492  VT+R5         12865.316    279 26288.632    28586.279    27363.396
493  VT+R6         12865.264    281 26292.528    28693.801    27374.997
501  VT+I+R5       12865.923    280 26291.846    28640.503    27370.463
513  VT+F+R4       12925.034    296 26442.069    29889.598    27582.321
514  VT+F+R5       12914.271    298 26424.542    30061.358    27572.498
515  VT+F+R6       12913.995    300 26427.990    30270.543    27583.651
523  VT+F+I+R5     12915.033    299 26428.065    30165.565    27579.874
535  PMB+R4        13041.682    277 26637.365    28837.536    27704.425
536  PMB+R5        13029.865    279 26617.731    28915.378    27692.495
537  PMB+R6        13029.283    281 26620.565    29021.838    27703.034
545  PMB+I+R5      13030.144    280 26620.288    28968.945    27698.905
557  PMB+F+R4      13099.227    296 26790.454    30237.983    27930.706
558  PMB+F+R5      13087.028    298 26770.056    30406.872    27918.012
559  PMB+F+R6      13086.306    300 26772.613    30615.166    27928.273
567  PMB+F+I+R5    13087.526    299 26773.052    30510.552    27924.861
579  BLOSUM62+R4   13043.539    277 26641.077    28841.249    27708.137
580  BLOSUM62+R5   13030.988    279 26619.975    28917.622    27694.740
581  BLOSUM62+R6   13030.200    281 26622.399    29023.672    27704.868
589  BLOSUM62+I+R5 13031.228    280 26622.456    28971.113    27701.073
601  BLOSUM62+F+R4 13107.182    296 26806.364    30253.894    27946.616
602  BLOSUM62+F+R5 13094.586    298 26785.173    30421.989    27933.129
603  BLOSUM62+F+R6 13093.776    300 26787.552    30630.106    27943.213
611  BLOSUM62+F+I+R5 13094.995    299 26787.991    30525.491    27939.799
623  DAYHOFF+R4    12916.398    277 26386.796    28586.968    27453.856
624  DAYHOFF+R5    12908.039    279 26374.078    28671.725    27448.842
625  DAYHOFF+R6    12907.420    281 26376.840    28778.113    27459.309
633  DAYHOFF+I+R5  12907.244    280 26374.488    28723.145    27453.105
645  DAYHOFF+F+R4  12885.098    296 26362.195    29809.725    27502.447
646  DAYHOFF+F+R5  12877.202    298 26350.404    29987.220    27498.360
647  DAYHOFF+F+R6  12876.565    300 26353.130    30195.683    27508.791
655  DAYHOFF+F+I+R5 12876.862    299 26351.724    30089.224    27503.533
667  MTREV+R4      13287.935    277 27129.870    29330.042    28196.931
668  MTREV+R5      13279.312    279 27116.623    29414.270    28191.388
669  MTREV+R6      13276.100    281 27114.201    29515.473    28196.670
677  MTREV+I+R5    13277.290    280 27114.580    29463.236    28193.196
689  MTREV+F+R4    12973.889    296 26539.777    29987.307    27680.029
690  MTREV+F+R5    12965.136    298 26526.272    30163.088    27674.228
691  MTREV+F+R6    12962.604    300 26525.208    30367.762    27680.869
699  MTREV+F+I+R5  12964.833    299 26527.666    30265.166    27679.475
711  MTART+R4      13337.901    277 27229.803    29429.974    28296.863
712  MTART+R5      13328.136    279 27214.273    29511.920    28289.037
713  MTART+R6      13325.296    281 27212.591    29613.864    28295.060
721  MTART+I+R5    13324.370    280 27208.740    29557.396    28287.356
733  MTART+F+R4    13021.614    296 26635.228    30082.757    27775.480
734  MTART+F+R5    13007.251    298 26610.502    30247.318    27758.458
735  MTART+F+R6    13001.513    300 26603.027    30445.580    27758.688
743  MTART+F+I+R5  13004.824    299 26607.648    30345.148    27759.457
755  MTZOA+R4      13058.665    277 26671.329    28871.500    27738.389
756  MTZOA+R5      13049.205    279 26656.410    28954.057    27731.175
757  MTZOA+R6      13041.378    281 26644.755    29046.028    27727.224
765  MTZOA+I+R5    13044.545    280 26649.090    28997.747    27727.707
777  MTZOA+F+R4    12838.443    296 26268.887    29716.416    27409.139
778  MTZOA+F+R5    12822.770    298 26241.540    29878.356    27389.496
779  MTZOA+F+R6    12820.212    300 26240.425    30082.978    27396.086
787  MTZOA+F+I+R5  12825.458    299 26248.915    29986.415    27400.724
799  MTMET+R4      13188.860    277 26931.719    29131.891    27998.779
800  MTMET+R5      13174.840    279 26907.680    29205.327    27982.444
801  MTMET+R6      13170.030    281 26902.059    29303.332    27984.528
809  MTMET+I+R5    13172.361    280 26904.721    29253.378    27983.338
821  MTMET+F+R4    12893.202    296 26378.404    29825.934    27518.656
822  MTMET+F+R5    12881.352    298 26358.703    29995.520    27506.660
823  MTMET+F+R6    12878.689    300 26357.378    30199.931    27513.038
831  MTMET+F+I+R5  12882.111    299 26362.222    30099.722    27514.030
843  MTVER+R4      13361.063    277 27276.126    29476.298    28343.186
844  MTVER+R5      13345.917    279 27249.835    29547.482    28324.599
845  MTVER+R6      13341.966    281 27245.931    29647.204    28328.400
853  MTVER+I+R5    13344.454    280 27248.907    29597.564    28327.524
865  MTVER+F+R4    13088.959    296 26769.917    30217.447    27910.169
866  MTVER+F+R5    13075.646    298 26747.292    30384.109    27895.249
867  MTVER+F+R6    13071.422    300 26742.845    30585.398    27898.506
875  MTVER+F+I+R5  13076.604    299 26751.207    30488.707    27903.016
887  MTINV+R4      13237.608    277 27029.216    29229.387    28096.276
888  MTINV+R5      13226.728    279 27011.457    29309.104    28086.221
889  MTINV+R6      13221.264    281 27004.527    29405.800    28086.996
897  MTINV+I+R5    13224.437    280 27008.873    29357.530    28087.490
909  MTINV+F+R4    12831.396    296 26254.791    29702.321    27395.043
910  MTINV+F+R5    12820.017    298 26236.035    29872.851    27383.991
911  MTINV+F+R6    12817.103    300 26234.207    30076.760    27389.867
919  MTINV+F+I+R5  12821.091    299 26240.181    29977.681    27391.990
931  MTMAM+R4      13491.123    277 27536.245    29736.416    28603.305
932  MTMAM+R5      13479.531    279 27517.061    29814.708    28591.826
933  MTMAM+R6      13471.513    281 27505.027    29906.299    28587.495
941  MTMAM+I+R5    13474.724    280 27509.449    29858.106    28588.066
953  MTMAM+F+R4    13194.510    296 26981.021    30428.550    28121.273
954  MTMAM+F+R5    13179.112    298 26954.223    30591.040    28102.180
955  MTMAM+F+R6    13171.685    300 26943.371    30785.924    28099.032
963  MTMAM+F+I+R5  13177.433    299 26952.865    30690.365    28104.674
975  FLAVI+R4      13128.270    277 26810.539    29010.711    27877.599
976  FLAVI+R5      13115.440    279 26788.880    29086.527    27863.645
977  FLAVI+R6      13108.869    281 26779.739    29181.011    27862.207
985  FLAVI+I+R5    13115.152    280 26790.304    29138.961    27868.921
997  FLAVI+F+R4    13158.624    296 26909.248    30356.778    28049.500
998  FLAVI+F+R5    13143.501    298 26883.003    30519.819    28030.959
999  FLAVI+F+R6    13134.626    300 26869.253    30711.806    28024.913
1007  FLAVI+F+I+R5  13143.941    299 26885.883    30623.383    28037.691
1019  HIVB+R4       13033.514    277 26621.029    28821.200    27688.089
1020  HIVB+R5       13025.996    279 26609.993    28907.640    27684.757
1021  HIVB+R6       13017.524    281 26597.049    28998.322    27679.518
1029  HIVB+I+R5     13022.125    280 26604.250    28952.907    27682.867
1041  HIVB+F+R4     13035.663    296 26663.327    30110.856    27803.579
1042  HIVB+F+R5     13026.413    298 26648.825    30285.642    27796.782
1043  HIVB+F+R6     13017.907    300 26635.815    30478.368    27791.476
1051  HIVB+F+I+R5   13023.830    299 26645.660    30383.160    27797.468
1063  HIVW+R4       13608.909    277 27771.818    29971.990    28838.878
1064  HIVW+R5       13592.541    279 27743.081    30040.728    28817.846
1065  HIVW+R6       13590.806    281 27743.611    30144.884    28826.080
1073  HIVW+I+R5     13593.806    280 27747.613    30096.270    28826.230
1085  HIVW+F+R4     13545.060    296 27682.119    31129.649    28822.371
1086  HIVW+F+R5     13530.299    298 27656.598    31293.415    28804.555
1087  HIVW+F+R6     13527.709    300 27655.419    31497.972    28811.079
1095  HIVW+F+I+R5   13532.345    299 27662.689    31400.189    28814.498
1107  FLU+R4        13019.029    277 26592.058    28792.229    27659.118
1108  FLU+R5        13006.148    279 26570.296    28867.944    27645.061
1109  FLU+R6        13001.881    281 26565.761    28967.034    27648.230
1117  FLU+I+R5      13008.299    280 26576.599    28925.256    27655.216
1129  FLU+F+R4      13040.114    296 26672.229    30119.758    27812.481
1130  FLU+F+R5      13026.155    298 26648.309    30285.126    27796.266
1131  FLU+F+R6      13021.300    300 26642.600    30485.153    27798.261
1139  FLU+F+I+R5    13029.599    299 26657.198    30394.698    27809.006
1151  RTREV+R4      12932.581    277 26419.162    28619.333    27486.222
1152  RTREV+R5      12922.909    279 26403.818    28701.465    27478.582
1153  RTREV+R6      12920.271    281 26402.543    28803.816    27485.012
1161  RTREV+I+R5    12923.509    280 26407.018    28755.674    27485.634
1173  RTREV+F+R4    12893.735    296 26379.470    29827.000    27519.722
1174  RTREV+F+R5    12883.759    298 26363.518    30000.334    27511.474
1175  RTREV+F+R6    12881.447    300 26362.893    30205.446    27518.554
1183  RTREV+F+I+R5  12884.739    299 26367.478    30104.978    27519.286
1195  CPREV+R4      12879.566    277 26313.133    28513.304    27380.193
1196  CPREV+R5      12865.242    279 26288.484    28586.131    27363.248
1197  CPREV+R6      12863.102    281 26288.203    28689.476    27370.672
1205  CPREV+I+R5    12866.997    280 26293.994    28642.650    27372.610
1217  CPREV+F+R4    12918.572    296 26429.144    29876.673    27569.396
1218  CPREV+F+R5    12906.704    298 26409.408    30046.224    27557.364
1219  CPREV+F+R6    12904.604    300 26409.207    30251.760    27564.868
1227  CPREV+F+I+R5  12908.636    299 26415.272    30152.772    27567.080
Akaike Information Criterion:           Q.INSECT+R5
Corrected Akaike Information Criterion: Q.INSECT+R4
Bayesian Information Criterion:         Q.INSECT+R5
Best-fit model: Q.INSECT+R5 chosen according to BIC

All model information printed to training_data/prot_M1118_137_348.phy/output_files/iqtree/inference/pars_6.model.gz
CPU time for ModelFinder: 2767.019 seconds (0h:46m:7s)
Wall-clock time for ModelFinder: 2776.623 seconds (0h:46m:16s)

NOTE: 38 MB RAM (0 GB) is required!
Estimate model parameters (epsilon = 0.010)
1. Initial log-likelihood: -12635.779
2. Current log-likelihood: -12628.079
3. Current log-likelihood: -12627.567
4. Current log-likelihood: -12627.535
Optimal log-likelihood: -12627.529
Site proportion and rates:  (0.296,0.084) (0.332,0.500) (0.238,1.409) (0.118,3.046) (0.016,6.990)
Parameters optimization took 4 rounds (13.611 sec)
Wrote distance file to... 
BEST SCORE FOUND : -12627.529
Total tree length: 10.859

Total number of iterations: 0
CPU time used for tree search: 0.000 sec (0h:0m:0s)
Wall-clock time used for tree search: 0.000 sec (0h:0m:0s)
Total CPU time used: 2780.709 sec (0h:46m:20s)
Total wall-clock time used: 2790.322 sec (0h:46m:30s)

Analysis results written to: 
  IQ-TREE report:                training_data/prot_M1118_137_348.phy/output_files/iqtree/inference/pars_6.iqtree
  Maximum-likelihood tree:       training_data/prot_M1118_137_348.phy/output_files/iqtree/inference/pars_6.treefile
  Screen log file:               training_data/prot_M1118_137_348.phy/output_files/iqtree/inference/pars_6.log

Date and Time: Fri Sep 19 02:12:22 2025
