IQ-TREE version 3.0.1 for Linux x86 64-bit built Sep 12 2025
Developed by Bui Quang Minh, Thomas Wong, Nhan Ly-Trong, Huaiyan Ren
Contributed by Lam-Tung Nguyen, Dominik Schrempf, Chris Bielow,
Olga Chernomor, Michael Woodhams, Diep Thi Hoang, Heiko Schmidt

Host:    vanvan-Latitude-9520 (AVX512, FMA3, 31 GB RAM)
Command: /usr/local/bin/iqtree3 -s /home/vanvan/Downloads/data_treebase/DIU_TRAINING_DATA/data1/prot_M2593_56_386.phy -pre training_data/prot_M2593_56_386.phy/output_files/iqtree/inference/pars_17 -seed 17 -ninit 1 -T 1 -redo -n 0
Seed:    17 (Using SPRNG - Scalable Parallel Random Number Generator)
Time:    Thu Sep 18 23:25:37 2025
Kernel:  AVX+FMA - 1 threads (8 CPU cores detected)

HINT: Use -nt option to specify number of threads because your CPU has 8 cores!
HINT: -nt AUTO will automatically determine the best number of threads to use.

Reading alignment file /home/vanvan/Downloads/data_treebase/DIU_TRAINING_DATA/data1/prot_M2593_56_386.phy ... Phylip format detected
Alignment most likely contains protein sequences
Constructing alignment: done in 0.0005972 secs using 99.63% CPU
Alignment has 56 sequences with 386 columns, 338 distinct patterns
189 parsimony-informative, 118 singleton sites, 79 constant sites
                           Gap/Ambiguity  Composition  p-value
Analyzing sequences: done in 6.2082e-05 secs using 98.26% CPU
   1  Absidia_glauca               2.33%    passed    100.00%
   2  Achlya_bisexualis            2.59%    passed    100.00%
   3  Arabidopsis_thaliana         2.33%    passed    100.00%
   4  Aspergillus_nidulans         2.85%    passed     99.99%
   5  Brassica_napus               2.33%    passed    100.00%
   6  Brassica_oleracea            2.33%    passed    100.00%
   7  Caenorhabditis_elegans       2.59%    passed    100.00%
   8  Candida_albicans             2.59%    passed     99.92%
   9  Chondrus_crispus             3.37%    passed     99.99%
  10  Coleochaete_scutata          2.33%    passed    100.00%
  11  Coprinus_cinereus            2.85%    passed     99.68%
  12  Costaria_costata            14.25%    passed    100.00%
  13  Cryptococcus_neoformans      2.85%    passed    100.00%
  14  Cyanidioschyzon_merolae      2.33%    passed     99.99%
  15  Cyanophora_paradoxa          3.37%    passed    100.00%
  16  Cyprinus_carpio              2.85%    passed    100.00%
  17  Dictyostelium_discoideum     2.59%    passed    100.00%
  18  Drosophila_melanogaster      2.59%    passed    100.00%
  19  Echinococcus_granulosus      2.85%    passed     99.89%
  20  Emiliania_huxleyi            5.70%    passed    100.00%
  21  Entamoeba_histolytica        2.59%    passed     99.99%
  22  Equus_caballus               2.85%    passed    100.00%
  23  Euglena_gracilis             2.33%    passed     99.27%
  24  Euplotes_crassus             1.81%    passed     60.11%
  25  Fugu_rubripes                2.59%    passed     99.62%
  26  Gallus_gallus                2.85%    passed    100.00%
  27  Giardia_lamblia              2.85%    passed     97.62%
  28  Glycine_max                  3.11%    passed     99.98%
  29  Histoplasma_capsulatum       2.85%    passed     99.99%
  30  Hydra_attenuata              2.59%    passed    100.00%
  31  Kluyveromyces_lactis         2.85%    passed    100.00%
  32  Leishmania_major             2.59%    passed     43.04%
  33  Manduca_sexta                2.59%    passed    100.00%
  34  Mesostigma_viride            2.59%    passed     99.98%
  35  Mus_musculus                 2.33%    passed    100.00%
  36  Neurospora_crassa            2.85%    passed    100.00%
  37  Phaffia_rhodozyma            2.85%    passed    100.00%
  38  Physarum_polycephalum        2.59%    passed    100.00%
  39  Phytophthora_infestans       2.59%    passed    100.00%
  40  Pisaster_ochraceus           2.59%    passed    100.00%
  41  Plasmodium_falciparum        2.59%    passed     99.88%
  42  Pneumocystis_carinii         2.85%    passed    100.00%
  43  Podocoryne_carnea            2.59%    passed    100.00%
  44  Puccinia_graminis            2.85%    passed    100.00%
  45  Pythium_irregulare           5.44%    passed    100.00%
  46  Saccharomyces_cerevisiae     2.85%    passed    100.00%
  47  Schizophyllum_commune        2.85%    passed     99.71%
  48  Schizosaccharomyces_pombe    2.85%    passed    100.00%
  49  Suillus_bovinus              2.85%    passed     99.98%
  50  Tetrahymena_pyriformis       2.59%    passed     98.15%
  51  Thermomyces_lanuginosus      2.85%    passed    100.00%
  52  Trichoderma_reesei           2.59%    passed     99.96%
  53  Trichomonas_vaginalis        2.59%    passed     72.39%
  54  Volvox_carteri               2.33%    passed    100.00%
  55  Yarrowia_lipolytica          2.85%    passed    100.00%
  56  Zea_mays                     2.59%    passed     99.98%
****  TOTAL                        2.98%  0 sequences failed composition chi2 test (p-value<5%; df=19)
Checking for duplicate sequences: done in 0.000206037 secs using 43.2% CPU


Create initial parsimony tree by phylogenetic likelihood library (PLL)... 0.012 seconds
Perform fast likelihood tree search using LG+I+G model...
Estimate model parameters (epsilon = 5.000)
Perform nearest neighbor interchange...
Estimate model parameters (epsilon = 1.000)
1. Initial log-likelihood: -8872.789
Optimal log-likelihood: -8872.156
Proportion of invariable sites: 0.051
Gamma shape alpha: 0.892
Parameters optimization took 1 rounds (0.317 sec)
Time for fast ML tree search: 2.320 seconds

NOTE: ModelFinder requires 31 MB RAM!
ModelFinder will test up to 1232 protein models (sample size: 386 epsilon: 0.100) ...
 No. Model         -LnL         df  AIC          AICc         BIC
  1  LG            9270.804     109 18759.609    18846.493    19190.795
  2  LG+I          9162.962     110 18545.924    18634.724    18981.066
  3  LG+G4         8870.014     110 17960.028    18048.828    18395.170
  4  LG+I+G4       8870.717     111 17963.434    18054.179    18402.532
  5  LG+R2         8890.142     111 18002.284    18093.028    18441.382
  6  LG+R3         8861.550     113 17949.099    18043.820    18396.109
  7  LG+R4         8856.819     115 17943.639    18042.453    18398.560
 14  LG+I+R2       8880.360     112 17984.719    18077.437    18427.773
 15  LG+I+R3       8859.261     114 17946.521    18043.274    18397.487
 16  LG+I+R4       8857.523     116 17947.045    18047.952    18405.923
 25  LG+F+G4       8850.580     129 17959.160    18090.175    18469.463
 26  LG+F+I+G4     8851.176     130 17962.352    18095.921    18476.611
 28  LG+F+R3       8843.982     132 17951.964    18090.747    18474.135
 29  LG+F+R4       8839.544     134 17947.089    18091.232    18477.171
 37  LG+F+I+R3     8842.209     133 17950.418    18091.862    18476.544
 47  WAG+G4        8964.763     110 18149.526    18238.326    18584.668
 48  WAG+I+G4      8965.344     111 18152.687    18243.432    18591.785
 50  WAG+R3        8957.413     113 18140.825    18235.546    18587.835
 51  WAG+R4        8954.308     115 18138.616    18237.431    18593.537
 59  WAG+I+R3      8957.083     114 18142.166    18238.919    18593.132
 69  WAG+F+G4      8960.752     129 18179.503    18310.519    18689.806
 70  WAG+F+I+G4    8961.273     130 18182.546    18316.114    18696.804
 72  WAG+F+R3      8953.621     132 18171.242    18310.025    18693.413
 73  WAG+F+R4      8950.814     134 18169.628    18313.772    18699.711
 81  WAG+F+I+R3    8953.246     133 18172.491    18313.936    18698.618
 91  JTT+G4        8992.524     110 18205.048    18293.848    18640.190
 92  JTT+I+G4      8992.834     111 18207.667    18298.412    18646.765
 94  JTT+R3        8982.676     113 18191.352    18286.073    18638.362
 95  JTT+R4        8979.208     115 18188.416    18287.230    18643.337
103  JTT+I+R3      8981.848     114 18191.696    18288.448    18642.661
113  JTT+F+G4      8999.732     129 18257.464    18388.480    18767.767
114  JTT+F+I+G4    9000.008     130 18260.016    18393.584    18774.274
116  JTT+F+R3      8990.388     132 18244.775    18383.558    18766.946
117  JTT+F+R4      8987.024     134 18242.049    18386.192    18772.131
125  JTT+F+I+R3    8989.386     133 18244.772    18386.217    18770.899
135  Q.PFAM+G4     8892.507     110 18005.013    18093.813    18440.155
136  Q.PFAM+I+G4   8892.764     111 18007.528    18098.273    18446.626
138  Q.PFAM+R3     8883.339     113 17992.679    18087.399    18439.689
139  Q.PFAM+R4     8877.823     115 17985.647    18084.461    18440.568
147  Q.PFAM+I+R3   8880.868     114 17989.736    18086.489    18440.702
157  Q.PFAM+F+G4   8883.623     129 18025.246    18156.262    18535.549
158  Q.PFAM+F+I+G4 8883.863     130 18027.726    18161.294    18541.985
160  Q.PFAM+F+R3   8876.784     132 18017.569    18156.351    18539.739
161  Q.PFAM+F+R4   8871.261     134 18010.522    18154.665    18540.604
169  Q.PFAM+F+I+R3 8874.676     133 18015.353    18156.797    18541.479
179  Q.BIRD+G4     9280.420     110 18780.839    18869.639    19215.981
180  Q.BIRD+I+G4   9280.456     111 18782.911    18873.656    19222.009
182  Q.BIRD+R3     9268.948     113 18763.895    18858.616    19210.905
183  Q.BIRD+R4     9261.224     115 18752.449    18851.264    19207.370
191  Q.BIRD+I+R3   9265.796     114 18759.591    18856.344    19210.557
201  Q.BIRD+F+G4   9320.791     129 18899.582    19030.598    19409.885
202  Q.BIRD+F+I+G4 9320.881     130 18901.761    19035.330    19416.020
204  Q.BIRD+F+R3   9310.016     132 18884.031    19022.814    19406.202
205  Q.BIRD+F+R4   9303.488     134 18874.977    19019.120    19405.059
213  Q.BIRD+F+I+R3 9306.389     133 18878.779    19020.223    19404.905
223  Q.MAMMAL+G4   9177.145     110 18574.290    18663.090    19009.432
224  Q.MAMMAL+I+G4 9177.178     111 18576.357    18667.101    19015.455
226  Q.MAMMAL+R3   9165.144     113 18556.288    18651.009    19003.298
227  Q.MAMMAL+R4   9158.019     115 18546.037    18644.852    19000.959
235  Q.MAMMAL+I+R3 9163.136     114 18554.272    18651.025    19005.237
245  Q.MAMMAL+F+G4 9212.362     129 18682.723    18813.739    19193.026
246  Q.MAMMAL+F+I+G4 9212.438     130 18684.875    18818.444    19199.134
248  Q.MAMMAL+F+R3 9201.123     132 18666.246    18805.029    19188.417
249  Q.MAMMAL+F+R4 9194.723     134 18657.445    18801.589    19187.527
257  Q.MAMMAL+F+I+R3 9198.338     133 18662.675    18804.120    19188.802
267  Q.INSECT+G4   8843.458     110 17906.915    17995.715    18342.058
268  Q.INSECT+I+G4 8843.559     111 17909.117    17999.862    18348.215
270  Q.INSECT+R3   8833.778     113 17893.556    17988.276    18340.565
271  Q.INSECT+R4   8827.530     115 17885.060    17983.874    18339.981
279  Q.INSECT+I+R3 8832.189     114 17892.377    17989.130    18343.343
289  Q.INSECT+F+G4 8856.519     129 17971.039    18102.054    18481.342
290  Q.INSECT+F+I+G4 8856.646     130 17973.292    18106.860    18487.551
292  Q.INSECT+F+R3 8848.482     132 17960.965    18099.747    18483.135
293  Q.INSECT+F+R4 8843.687     134 17955.373    18099.517    18485.455
301  Q.INSECT+F+I+R3 8847.709     133 17961.419    18102.863    18487.545
311  Q.PLANT+G4    8976.801     110 18173.601    18262.401    18608.743
312  Q.PLANT+I+G4  8976.892     111 18175.784    18266.529    18614.882
314  Q.PLANT+R3    8964.298     113 18154.597    18249.317    18601.606
315  Q.PLANT+R4    8958.495     115 18146.991    18245.806    18601.912
323  Q.PLANT+I+R3  8963.020     114 18154.039    18250.792    18605.005
333  Q.PLANT+F+G4  8990.816     129 18239.633    18370.648    18749.936
334  Q.PLANT+F+I+G4 8990.914     130 18241.827    18375.396    18756.086
336  Q.PLANT+F+R3  8980.222     132 18224.444    18363.226    18746.614
337  Q.PLANT+F+R4  8974.805     134 18217.611    18361.754    18747.693
345  Q.PLANT+F+I+R3 8978.946     133 18223.892    18365.337    18750.018
355  Q.YEAST+G4    8852.053     110 17924.105    18012.905    18359.247
356  Q.YEAST+I+G4  8852.138     111 17926.276    18017.020    18365.374
358  Q.YEAST+R3    8843.445     113 17912.891    18007.611    18359.901
359  Q.YEAST+R4    8836.803     115 17903.606    18002.421    18358.528
367  Q.YEAST+I+R3  8841.431     114 17910.861    18007.614    18361.827
377  Q.YEAST+F+G4  8837.289     129 17932.578    18063.593    18442.881
378  Q.YEAST+F+I+G4 8837.386     130 17934.772    18068.341    18449.031
380  Q.YEAST+F+R3  8830.147     132 17924.293    18063.076    18446.464
381  Q.YEAST+F+R4  8824.938     134 17917.876    18062.020    18447.958
389  Q.YEAST+F+I+R3 8828.973     133 17923.947    18065.391    18450.073
399  JTTDCMUT+G4   8988.357     110 18196.713    18285.513    18631.855
400  JTTDCMUT+I+G4 8988.448     111 18198.895    18289.640    18637.993
402  JTTDCMUT+R3   8978.057     113 18182.114    18276.835    18629.124
403  JTTDCMUT+R4   8974.481     115 18178.961    18277.776    18633.882
411  JTTDCMUT+I+R3 8977.718     114 18183.436    18280.189    18634.402
421  JTTDCMUT+F+G4 8994.400     129 18246.800    18377.816    18757.103
422  JTTDCMUT+F+I+G4 8994.483     130 18248.966    18382.535    18763.225
424  JTTDCMUT+F+R3 8984.651     132 18233.302    18372.084    18755.472
425  JTTDCMUT+F+R4 8981.094     134 18230.188    18374.331    18760.270
433  JTTDCMUT+F+I+R3 8984.072     133 18234.144    18375.588    18760.270
443  DCMUT+G4      9047.385     110 18314.771    18403.571    18749.913
444  DCMUT+I+G4    9047.444     111 18316.888    18407.633    18755.986
446  DCMUT+R3      9039.983     113 18305.966    18400.686    18752.975
447  DCMUT+R4      9035.902     115 18301.805    18400.619    18756.726
455  DCMUT+I+R3    9039.539     114 18307.078    18403.831    18758.043
465  DCMUT+F+G4    9018.451     129 18294.901    18425.917    18805.204
466  DCMUT+F+I+G4  9018.521     130 18297.042    18430.610    18811.300
468  DCMUT+F+R3    9011.902     132 18287.804    18426.587    18809.975
469  DCMUT+F+R4    9008.282     134 18284.565    18428.708    18814.647
477  DCMUT+F+I+R3  9011.446     133 18288.892    18430.336    18815.018
487  VT+G4         9007.117     110 18234.235    18323.035    18669.377
488  VT+I+G4       9007.191     111 18236.383    18327.127    18675.481
490  VT+R3         8998.509     113 18223.017    18317.738    18670.027
491  VT+R4         8995.547     115 18221.094    18319.909    18676.015
499  VT+I+R3       8998.169     114 18224.339    18321.092    18675.304
509  VT+F+G4       9003.704     129 18265.409    18396.424    18775.712
510  VT+F+I+G4     9003.775     130 18267.549    18401.118    18781.808
512  VT+F+R3       8995.517     132 18255.035    18393.818    18777.206
513  VT+F+R4       8992.895     134 18253.789    18397.932    18783.871
521  VT+F+I+R3     8995.166     133 18256.332    18397.777    18782.459
531  PMB+G4        9078.031     110 18376.062    18464.862    18811.204
532  PMB+I+G4      9078.098     111 18378.195    18468.940    18817.293
534  PMB+R3        9071.126     113 18368.252    18462.973    18815.262
535  PMB+R4        9067.082     115 18364.163    18462.978    18819.084
543  PMB+I+R3      9070.641     114 18369.281    18466.034    18820.246
553  PMB+F+G4      9078.168     129 18414.336    18545.352    18924.639
554  PMB+F+I+G4    9078.233     130 18416.466    18550.035    18930.725
556  PMB+F+R3      9071.411     132 18406.821    18545.604    18928.992
557  PMB+F+R4      9068.158     134 18404.317    18548.460    18934.399
565  PMB+F+I+R3    9071.143     133 18408.287    18549.731    18934.413
575  BLOSUM62+G4   9064.176     110 18348.353    18437.153    18783.495
576  BLOSUM62+I+G4 9064.237     111 18350.475    18441.219    18789.572
578  BLOSUM62+R3   9057.875     113 18341.749    18436.470    18788.759
579  BLOSUM62+R4   9053.826     115 18337.652    18436.466    18792.573
587  BLOSUM62+I+R3 9057.304     114 18342.607    18439.360    18793.573
597  BLOSUM62+F+G4 9059.433     129 18376.865    18507.881    18887.168
598  BLOSUM62+F+I+G4 9059.490     130 18378.980    18512.549    18893.239
600  BLOSUM62+F+R3 9052.922     132 18369.845    18508.627    18892.015
601  BLOSUM62+F+R4 9050.228     134 18368.456    18512.599    18898.538
609  BLOSUM62+F+I+R3 9052.616     133 18371.231    18512.676    18897.358
619  DAYHOFF+G4    9045.728     110 18311.455    18400.255    18746.597
620  DAYHOFF+I+G4  9045.754     111 18313.508    18404.253    18752.606
622  DAYHOFF+R3    9038.177     113 18302.354    18397.075    18749.364
623  DAYHOFF+R4    9034.407     115 18298.813    18397.628    18753.734
631  DAYHOFF+I+R3  9037.737     114 18303.473    18400.226    18754.439
641  DAYHOFF+F+G4  9016.868     129 18291.737    18422.753    18802.040
642  DAYHOFF+F+I+G4 9016.900     130 18293.800    18427.369    18808.059
644  DAYHOFF+F+R3  9010.184     132 18284.369    18423.151    18806.539
645  DAYHOFF+F+R4  9006.873     134 18281.746    18425.890    18811.829
653  DAYHOFF+F+I+R3 9009.745     133 18285.491    18426.935    18811.617
663  MTREV+G4      9358.514     110 18937.028    19025.828    19372.170
664  MTREV+I+G4    9358.540     111 18939.081    19029.825    19378.179
666  MTREV+R3      9352.226     113 18930.451    19025.172    19377.461
667  MTREV+R4      9344.552     115 18919.103    19017.918    19374.025
675  MTREV+I+R3    9348.180     114 18924.361    19021.113    19375.326
685  MTREV+F+G4    9087.682     129 18433.364    18564.380    18943.667
686  MTREV+F+I+G4  9087.711     130 18435.421    18568.990    18949.680
688  MTREV+F+R3    9079.340     132 18422.681    18561.464    18944.852
689  MTREV+F+R4    9073.028     134 18414.056    18558.200    18944.139
697  MTREV+F+I+R3  9077.175     133 18420.350    18561.794    18946.476
707  MTART+G4      9236.361     110 18692.723    18781.523    19127.865
708  MTART+I+G4    9236.375     111 18694.750    18785.495    19133.848
710  MTART+R3      9232.938     113 18691.876    18786.597    19138.886
711  MTART+R4      9220.077     115 18670.153    18768.968    19125.074
719  MTART+I+R3    9224.183     114 18676.366    18773.119    19127.332
729  MTART+F+G4    9023.954     129 18305.907    18436.923    18816.210
730  MTART+F+I+G4  9023.970     130 18307.940    18441.508    18822.199
732  MTART+F+R3    9020.464     132 18304.928    18443.711    18827.099
733  MTART+F+R4    9010.046     134 18288.092    18432.235    18818.174
741  MTART+F+I+R3  9016.383     133 18298.766    18440.210    18824.892
751  MTZOA+G4      9081.012     110 18382.024    18470.824    18817.166
752  MTZOA+I+G4    9081.027     111 18384.055    18474.799    18823.153
754  MTZOA+R3      9077.669     113 18381.338    18476.059    18828.348
755  MTZOA+R4      9067.791     115 18365.582    18464.397    18820.503
763  MTZOA+I+R3    9072.464     114 18372.929    18469.681    18823.894
773  MTZOA+F+G4    8925.651     129 18109.301    18240.317    18619.604
774  MTZOA+F+I+G4  8925.663     130 18111.326    18244.894    18625.585
776  MTZOA+F+R3    8918.413     132 18100.827    18239.609    18622.997
777  MTZOA+F+R4    8912.528     134 18093.056    18237.199    18623.138
785  MTZOA+F+I+R3  8916.150     133 18098.301    18239.745    18624.427
795  MTMET+G4      9293.898     110 18807.797    18896.597    19242.939
796  MTMET+I+G4    9293.912     111 18809.824    18900.569    19248.922
798  MTMET+R3      9287.190     113 18800.380    18895.101    19247.390
799  MTMET+R4      9281.732     115 18793.464    18892.279    19248.385
807  MTMET+I+R3    9284.280     114 18796.561    18893.313    19247.526
817  MTMET+F+G4    9074.358     129 18406.717    18537.732    18917.020
818  MTMET+F+I+G4  9074.372     130 18408.743    18542.312    18923.002
820  MTMET+F+R3    9065.089     132 18394.179    18532.961    18916.349
821  MTMET+F+R4    9061.925     134 18391.851    18535.994    18921.933
829  MTMET+F+I+R3  9064.005     133 18394.009    18535.454    18920.135
839  MTVER+G4      9478.646     110 19177.291    19266.091    19612.434
840  MTVER+I+G4    9478.653     111 19179.306    19270.051    19618.404
842  MTVER+R3      9473.516     113 19173.031    19267.752    19620.041
843  MTVER+R4      9463.286     115 19156.571    19255.386    19611.493
851  MTVER+I+R3    9468.506     114 19165.011    19261.764    19615.977
861  MTVER+F+G4    9232.989     129 18723.978    18854.994    19234.281
862  MTVER+F+I+G4  9233.004     130 18726.008    18859.577    19240.267
864  MTVER+F+R3    9224.034     132 18712.068    18850.850    19234.238
865  MTVER+F+R4    9219.727     134 18707.453    18851.597    19237.535
873  MTVER+F+I+R3  9222.574     133 18711.149    18852.593    19237.275
883  MTINV+G4      9261.818     110 18743.636    18832.436    19178.778
884  MTINV+I+G4    9261.826     111 18745.652    18836.397    19184.750
886  MTINV+R3      9254.751     113 18735.501    18830.222    19182.511
887  MTINV+R4      9249.652     115 18729.304    18828.118    19184.225
895  MTINV+I+R3    9253.047     114 18734.093    18830.846    19185.059
905  MTINV+F+G4    8973.275     129 18204.551    18335.567    18714.854
906  MTINV+F+I+G4  8973.286     130 18206.571    18340.140    18720.830
908  MTINV+F+R3    8964.382     132 18192.764    18331.546    18714.934
909  MTINV+F+R4    8961.088     134 18190.176    18334.319    18720.258
917  MTINV+F+I+R3  8963.787     133 18193.574    18335.019    18719.701
927  MTMAM+G4      9594.115     110 19408.230    19497.030    19843.372
928  MTMAM+I+G4    9594.106     111 19410.212    19500.957    19849.310
930  MTMAM+R3      9586.378     113 19398.756    19493.476    19845.765
931  MTMAM+R4      9568.705     115 19367.410    19466.225    19822.332
939  MTMAM+I+R3    9576.129     114 19380.259    19477.011    19831.224
949  MTMAM+F+G4    9335.439     129 18928.879    19059.894    19439.182
950  MTMAM+F+I+G4  9335.449     130 18930.897    19064.466    19445.156
952  MTMAM+F+R3    9332.274     132 18928.549    19067.331    19450.719
953  MTMAM+F+R4    9317.400     134 18902.800    19046.944    19432.882
961  MTMAM+F+I+R3  9327.872     133 18921.745    19063.189    19447.871
971  FLAVI+G4      9553.240     110 19326.479    19415.279    19761.621
972  FLAVI+I+G4    9553.248     111 19328.496    19419.241    19767.594
974  FLAVI+R3      9541.254     113 19308.507    19403.228    19755.517
975  FLAVI+R4      9533.596     115 19297.192    19396.007    19752.113
983  FLAVI+I+R3    9538.788     114 19305.577    19402.330    19756.542
993  FLAVI+F+G4    9516.517     129 19291.033    19422.049    19801.336
994  FLAVI+F+I+G4  9516.526     130 19293.052    19426.621    19807.311
996  FLAVI+F+R3    9504.292     132 19272.585    19411.367    19794.755
997  FLAVI+F+R4    9497.167     134 19262.335    19406.478    19792.417
1005  FLAVI+F+I+R3  9501.702     133 19269.405    19410.849    19795.531
1015  HIVB+G4       9406.577     110 19033.154    19121.954    19468.297
1016  HIVB+I+G4     9406.579     111 19035.159    19125.903    19474.257
1018  HIVB+R3       9392.450     113 19010.900    19105.621    19457.910
1019  HIVB+R4       9387.805     115 19005.610    19104.425    19460.531
1027  HIVB+I+R3     9390.642     114 19009.284    19106.037    19460.249
1037  HIVB+F+G4     9346.790     129 18951.580    19082.596    19461.883
1038  HIVB+F+I+G4   9346.794     130 18953.588    19087.157    19467.847
1040  HIVB+F+R3     9332.240     132 18928.481    19067.263    19450.651
1041  HIVB+F+R4     9327.676     134 18923.351    19067.495    19453.434
1049  HIVB+F+I+R3   9330.212     133 18926.423    19067.868    19452.550
1059  HIVW+G4       9842.596     110 19905.193    19993.993    20340.335
1060  HIVW+I+G4     9842.604     111 19907.209    19997.954    20346.307
1062  HIVW+R3       9835.745     113 19897.489    19992.210    20344.499
1063  HIVW+R4       9824.983     115 19879.966    19978.781    20334.887
1071  HIVW+I+R3     9834.382     114 19896.764    19993.516    20347.729
1081  HIVW+F+G4     9711.511     129 19681.022    19812.037    20191.325
1082  HIVW+F+I+G4   9711.511     130 19683.022    19816.591    20197.281
1084  HIVW+F+R3     9701.446     132 19666.891    19805.674    20189.062
1085  HIVW+F+R4     9692.294     134 19652.587    19796.730    20182.669
1093  HIVW+F+I+R3   9698.529     133 19663.059    19804.503    20189.185
1103  FLU+G4        9255.825     110 18731.651    18820.451    19166.793
1104  FLU+I+G4      9255.830     111 18733.661    18824.405    19172.759
1106  FLU+R3        9247.135     113 18720.269    18814.990    19167.279
1107  FLU+R4        9238.925     115 18707.850    18806.665    19162.772
1115  FLU+I+R3      9244.364     114 18716.728    18813.480    19167.693
1125  FLU+F+G4      9250.456     129 18758.912    18889.928    19269.215
1126  FLU+F+I+G4    9250.460     130 18760.919    18894.488    19275.178
1128  FLU+F+R3      9240.150     132 18744.301    18883.083    19266.471
1129  FLU+F+R4      9232.236     134 18732.472    18876.615    19262.554
1137  FLU+F+I+R3    9237.047     133 18740.095    18881.539    19266.221
1147  RTREV+G4      8967.794     110 18155.589    18244.389    18590.731
1148  RTREV+I+G4    8967.800     111 18157.600    18248.345    18596.698
1150  RTREV+R3      8959.945     113 18145.890    18240.610    18592.899
1151  RTREV+R4      8953.557     115 18137.114    18235.929    18592.036
1159  RTREV+I+R3    8958.144     114 18144.288    18241.040    18595.253
1169  RTREV+F+G4    8875.159     129 18008.317    18139.333    18518.620
1170  RTREV+F+I+G4  8875.163     130 18010.325    18143.894    18524.584
1172  RTREV+F+R3    8867.663     132 17999.326    18138.109    18521.497
1173  RTREV+F+R4    8862.965     134 17993.930    18138.073    18524.012
1181  RTREV+F+I+R3  8866.679     133 17999.358    18140.802    18525.484
1191  CPREV+G4      9061.137     110 18342.274    18431.074    18777.416
1192  CPREV+I+G4    9061.139     111 18344.278    18435.023    18783.376
1194  CPREV+R3      9047.047     113 18320.094    18414.815    18767.104
1195  CPREV+R4      9045.622     115 18321.244    18420.059    18776.166
1203  CPREV+I+R3    9046.147     114 18320.295    18417.047    18771.260
1213  CPREV+F+G4    9012.933     129 18283.866    18414.882    18794.169
1214  CPREV+F+I+G4  9012.935     130 18285.870    18419.438    18800.128
1216  CPREV+F+R3    8999.622     132 18263.243    18402.026    18785.414
1217  CPREV+F+R4    8997.813     134 18263.625    18407.769    18793.708
1225  CPREV+F+I+R3  8998.355     133 18262.710    18404.155    18788.837
Akaike Information Criterion:           Q.INSECT+R4
Corrected Akaike Information Criterion: Q.INSECT+R4
Bayesian Information Criterion:         Q.INSECT+R4
Best-fit model: Q.INSECT+R4 chosen according to BIC

All model information printed to training_data/prot_M2593_56_386.phy/output_files/iqtree/inference/pars_17.model.gz
CPU time for ModelFinder: 390.700 seconds (0h:6m:30s)
Wall-clock time for ModelFinder: 391.109 seconds (0h:6m:31s)

NOTE: 12 MB RAM (0 GB) is required!
Estimate model parameters (epsilon = 0.010)
1. Initial log-likelihood: -8830.613
2. Current log-likelihood: -8828.194
3. Current log-likelihood: -8827.991
4. Current log-likelihood: -8827.875
5. Current log-likelihood: -8827.804
6. Current log-likelihood: -8827.759
7. Current log-likelihood: -8827.729
8. Current log-likelihood: -8827.705
9. Current log-likelihood: -8827.686
10. Current log-likelihood: -8827.670
11. Current log-likelihood: -8827.655
12. Current log-likelihood: -8827.641
13. Current log-likelihood: -8827.629
14. Current log-likelihood: -8827.618
15. Current log-likelihood: -8827.607
Optimal log-likelihood: -8827.592
Site proportion and rates:  (0.395,0.175) (0.315,0.633) (0.185,1.690) (0.105,3.998)
Parameters optimization took 15 rounds (10.933 sec)
Wrote distance file to... 
BEST SCORE FOUND : -8827.592
Total tree length: 5.227

Total number of iterations: 0
CPU time used for tree search: 0.000 sec (0h:0m:0s)
Wall-clock time used for tree search: 0.000 sec (0h:0m:0s)
Total CPU time used: 401.641 sec (0h:6m:41s)
Total wall-clock time used: 402.072 sec (0h:6m:42s)

Analysis results written to: 
  IQ-TREE report:                training_data/prot_M2593_56_386.phy/output_files/iqtree/inference/pars_17.iqtree
  Maximum-likelihood tree:       training_data/prot_M2593_56_386.phy/output_files/iqtree/inference/pars_17.treefile
  Screen log file:               training_data/prot_M2593_56_386.phy/output_files/iqtree/inference/pars_17.log

Date and Time: Thu Sep 18 23:32:19 2025
