IQ-TREE version 3.0.1 for Linux x86 64-bit built Sep 12 2025
Developed by Bui Quang Minh, Thomas Wong, Nhan Ly-Trong, Huaiyan Ren
Contributed by Lam-Tung Nguyen, Dominik Schrempf, Chris Bielow,
Olga Chernomor, Michael Woodhams, Diep Thi Hoang, Heiko Schmidt

Host:    vanvan-Latitude-9520 (AVX512, FMA3, 31 GB RAM)
Command: /usr/local/bin/iqtree3 -s /home/vanvan/Downloads/data_treebase/DIU_TRAINING_DATA/data1/prot_M2593_56_386.phy -pre training_data/prot_M2593_56_386.phy/output_files/iqtree/inference/pars_4 -seed 4 -ninit 1 -T 1 -redo -n 0
Seed:    4 (Using SPRNG - Scalable Parallel Random Number Generator)
Time:    Fri Sep 19 02:36:50 2025
Kernel:  AVX+FMA - 1 threads (8 CPU cores detected)

HINT: Use -nt option to specify number of threads because your CPU has 8 cores!
HINT: -nt AUTO will automatically determine the best number of threads to use.

Reading alignment file /home/vanvan/Downloads/data_treebase/DIU_TRAINING_DATA/data1/prot_M2593_56_386.phy ... Phylip format detected
Alignment most likely contains protein sequences
Constructing alignment: done in 0.0009674 secs using 76.39% CPU
Alignment has 56 sequences with 386 columns, 338 distinct patterns
189 parsimony-informative, 118 singleton sites, 79 constant sites
                           Gap/Ambiguity  Composition  p-value
Analyzing sequences: done in 0.000286664 secs using 99.42% CPU
   1  Absidia_glauca               2.33%    passed    100.00%
   2  Achlya_bisexualis            2.59%    passed    100.00%
   3  Arabidopsis_thaliana         2.33%    passed    100.00%
   4  Aspergillus_nidulans         2.85%    passed     99.99%
   5  Brassica_napus               2.33%    passed    100.00%
   6  Brassica_oleracea            2.33%    passed    100.00%
   7  Caenorhabditis_elegans       2.59%    passed    100.00%
   8  Candida_albicans             2.59%    passed     99.92%
   9  Chondrus_crispus             3.37%    passed     99.99%
  10  Coleochaete_scutata          2.33%    passed    100.00%
  11  Coprinus_cinereus            2.85%    passed     99.68%
  12  Costaria_costata            14.25%    passed    100.00%
  13  Cryptococcus_neoformans      2.85%    passed    100.00%
  14  Cyanidioschyzon_merolae      2.33%    passed     99.99%
  15  Cyanophora_paradoxa          3.37%    passed    100.00%
  16  Cyprinus_carpio              2.85%    passed    100.00%
  17  Dictyostelium_discoideum     2.59%    passed    100.00%
  18  Drosophila_melanogaster      2.59%    passed    100.00%
  19  Echinococcus_granulosus      2.85%    passed     99.89%
  20  Emiliania_huxleyi            5.70%    passed    100.00%
  21  Entamoeba_histolytica        2.59%    passed     99.99%
  22  Equus_caballus               2.85%    passed    100.00%
  23  Euglena_gracilis             2.33%    passed     99.27%
  24  Euplotes_crassus             1.81%    passed     60.11%
  25  Fugu_rubripes                2.59%    passed     99.62%
  26  Gallus_gallus                2.85%    passed    100.00%
  27  Giardia_lamblia              2.85%    passed     97.62%
  28  Glycine_max                  3.11%    passed     99.98%
  29  Histoplasma_capsulatum       2.85%    passed     99.99%
  30  Hydra_attenuata              2.59%    passed    100.00%
  31  Kluyveromyces_lactis         2.85%    passed    100.00%
  32  Leishmania_major             2.59%    passed     43.04%
  33  Manduca_sexta                2.59%    passed    100.00%
  34  Mesostigma_viride            2.59%    passed     99.98%
  35  Mus_musculus                 2.33%    passed    100.00%
  36  Neurospora_crassa            2.85%    passed    100.00%
  37  Phaffia_rhodozyma            2.85%    passed    100.00%
  38  Physarum_polycephalum        2.59%    passed    100.00%
  39  Phytophthora_infestans       2.59%    passed    100.00%
  40  Pisaster_ochraceus           2.59%    passed    100.00%
  41  Plasmodium_falciparum        2.59%    passed     99.88%
  42  Pneumocystis_carinii         2.85%    passed    100.00%
  43  Podocoryne_carnea            2.59%    passed    100.00%
  44  Puccinia_graminis            2.85%    passed    100.00%
  45  Pythium_irregulare           5.44%    passed    100.00%
  46  Saccharomyces_cerevisiae     2.85%    passed    100.00%
  47  Schizophyllum_commune        2.85%    passed     99.71%
  48  Schizosaccharomyces_pombe    2.85%    passed    100.00%
  49  Suillus_bovinus              2.85%    passed     99.98%
  50  Tetrahymena_pyriformis       2.59%    passed     98.15%
  51  Thermomyces_lanuginosus      2.85%    passed    100.00%
  52  Trichoderma_reesei           2.59%    passed     99.96%
  53  Trichomonas_vaginalis        2.59%    passed     72.39%
  54  Volvox_carteri               2.33%    passed    100.00%
  55  Yarrowia_lipolytica          2.85%    passed    100.00%
  56  Zea_mays                     2.59%    passed     99.98%
****  TOTAL                        2.98%  0 sequences failed composition chi2 test (p-value<5%; df=19)
Checking for duplicate sequences: done in 0.000292213 secs using 28.75% CPU


Create initial parsimony tree by phylogenetic likelihood library (PLL)... 0.013 seconds
Perform fast likelihood tree search using LG+I+G model...
Estimate model parameters (epsilon = 5.000)
Perform nearest neighbor interchange...
Estimate model parameters (epsilon = 1.000)
1. Initial log-likelihood: -8880.776
Optimal log-likelihood: -8880.200
Proportion of invariable sites: 0.051
Gamma shape alpha: 0.898
Parameters optimization took 1 rounds (0.311 sec)
Time for fast ML tree search: 2.647 seconds

NOTE: ModelFinder requires 31 MB RAM!
ModelFinder will test up to 1232 protein models (sample size: 386 epsilon: 0.100) ...
 No. Model         -LnL         df  AIC          AICc         BIC
  1  LG            9278.185     109 18774.370    18861.254    19205.557
  2  LG+I          9170.084     110 18560.168    18648.968    18995.310
  3  LG+G4         8878.052     110 17976.105    18064.905    18411.247
  4  LG+I+G4       8878.758     111 17979.516    18070.260    18418.614
  5  LG+R2         8898.924     111 18019.849    18110.593    18458.947
  6  LG+R3         8869.214     113 17964.428    18059.148    18411.437
  7  LG+R4         8862.711     115 17955.423    18054.237    18410.344
  8  LG+R5         8862.135     117 17958.271    18061.300    18421.104
 14  LG+I+R2       8888.893     112 18001.786    18094.504    18444.840
 15  LG+I+R3       8866.469     114 17960.938    18057.690    18411.903
 16  LG+I+R4       8863.787     116 17959.575    18060.482    18418.452
 25  LG+F+G4       8856.143     129 17970.285    18101.301    18480.588
 26  LG+F+I+G4     8856.737     130 17973.473    18107.042    18487.732
 28  LG+F+R3       8849.412     132 17962.823    18101.606    18484.994
 29  LG+F+R4       8843.060     134 17954.120    18098.263    18484.202
 37  LG+F+I+R3     8847.048     133 17960.096    18101.540    18486.222
 38  LG+F+I+R4     8844.126     135 17958.252    18105.132    18492.290
 47  WAG+G4        8973.010     110 18166.020    18254.820    18601.162
 48  WAG+I+G4      8973.591     111 18169.181    18259.926    18608.279
 50  WAG+R3        8965.924     113 18157.848    18252.569    18604.858
 51  WAG+R4        8960.593     115 18151.187    18250.002    18606.108
 59  WAG+I+R3      8964.943     114 18157.885    18254.638    18608.851
 60  WAG+I+R4      8961.817     116 18155.634    18256.541    18614.512
 69  WAG+F+G4      8966.473     129 18190.946    18321.961    18701.249
 70  WAG+F+I+G4    8966.992     130 18193.985    18327.554    18708.244
 72  WAG+F+R3      8959.516     132 18183.032    18321.815    18705.203
 73  WAG+F+R4      8955.085     134 18178.170    18322.313    18708.252
 81  WAG+F+I+R3    8958.838     133 18183.677    18325.121    18709.803
 82  WAG+F+I+R4    8956.066     135 18182.131    18329.011    18716.169
 91  JTT+G4        9001.498     110 18222.996    18311.796    18658.139
 92  JTT+I+G4      9001.788     111 18225.576    18316.320    18664.674
 94  JTT+R3        8990.893     113 18207.785    18302.506    18654.795
 95  JTT+R4        8986.172     115 18202.345    18301.160    18657.266
103  JTT+I+R3      8989.691     114 18207.382    18304.135    18658.347
104  JTT+I+R4      8987.188     116 18206.375    18307.282    18665.252
113  JTT+F+G4      9005.855     129 18269.711    18400.727    18780.014
114  JTT+F+I+G4    9006.116     130 18272.233    18405.801    18786.492
116  JTT+F+R3      8995.769     132 18255.539    18394.321    18777.709
117  JTT+F+R4      8991.534     134 18251.067    18395.211    18781.150
125  JTT+F+I+R3    8994.594     133 18255.189    18396.633    18781.315
126  JTT+F+I+R4    8992.395     135 18254.789    18401.669    18788.828
135  Q.PFAM+G4     8901.864     110 18023.728    18112.528    18458.870
136  Q.PFAM+I+G4   8902.123     111 18026.246    18116.991    18465.344
138  Q.PFAM+R3     8891.775     113 18009.549    18104.270    18456.559
139  Q.PFAM+R4     8884.972     115 17999.944    18098.759    18454.866
147  Q.PFAM+I+R3   8888.728     114 18005.457    18102.209    18456.422
148  Q.PFAM+I+R4   8885.844     116 18003.687    18104.594    18462.564
157  Q.PFAM+F+G4   8890.446     129 18038.893    18169.908    18549.196
158  Q.PFAM+F+I+G4 8890.688     130 18041.376    18174.945    18555.635
160  Q.PFAM+F+R3   8883.033     132 18030.066    18168.849    18552.237
161  Q.PFAM+F+R4   8875.997     134 18019.995    18164.138    18550.077
169  Q.PFAM+F+I+R3 8880.237     133 18026.475    18167.919    18552.601
170  Q.PFAM+F+I+R4 8876.807     135 18023.614    18170.494    18557.652
179  Q.BIRD+G4     9291.185     110 18802.371    18891.171    19237.513
180  Q.BIRD+I+G4   9291.210     111 18804.420    18895.164    19243.518
182  Q.BIRD+R3     9278.180     113 18782.359    18877.080    19229.369
183  Q.BIRD+R4     9270.107     115 18770.213    18869.028    19225.135
191  Q.BIRD+I+R3   9275.276     114 18778.553    18875.306    19229.518
192  Q.BIRD+I+R4   9270.881     116 18773.763    18874.670    19232.640
201  Q.BIRD+F+G4   9326.768     129 18911.537    19042.552    19421.840
202  Q.BIRD+F+I+G4 9326.863     130 18913.727    19047.295    19427.985
204  Q.BIRD+F+R3   9314.036     132 18892.072    19030.855    19414.243
205  Q.BIRD+F+R4   9307.103     134 18882.207    19026.350    19412.289
213  Q.BIRD+F+I+R3 9310.874     133 18887.748    19029.193    19413.875
214  Q.BIRD+F+I+R4 9306.982     135 18883.964    19030.844    19418.002
223  Q.MAMMAL+G4   9187.754     110 18595.509    18684.309    19030.651
224  Q.MAMMAL+I+G4 9187.785     111 18597.571    18688.315    19036.669
226  Q.MAMMAL+R3   9175.030     113 18576.060    18670.780    19023.069
227  Q.MAMMAL+R4   9167.244     115 18564.488    18663.303    19019.410
235  Q.MAMMAL+I+R3 9173.067     114 18574.133    18670.886    19025.099
236  Q.MAMMAL+I+R4 9168.263     116 18568.526    18669.433    19027.403
245  Q.MAMMAL+F+G4 9218.879     129 18695.759    18826.774    19206.062
246  Q.MAMMAL+F+I+G4 9218.971     130 18697.943    18831.511    19212.201
248  Q.MAMMAL+F+R3 9206.726     132 18677.452    18816.235    19199.623
249  Q.MAMMAL+F+R4 9200.336     134 18668.671    18812.815    19198.753
257  Q.MAMMAL+F+I+R3 9204.357     133 18674.714    18816.159    19200.841
258  Q.MAMMAL+F+I+R4 9200.800     135 18671.601    18818.481    19205.639
267  Q.INSECT+G4   8853.191     110 17926.383    18015.183    18361.525
268  Q.INSECT+I+G4 8853.304     111 17928.608    18019.353    18367.706
270  Q.INSECT+R3   8843.764     113 17913.527    18008.248    18360.537
271  Q.INSECT+R4   8835.762     115 17901.525    18000.340    18356.446
279  Q.INSECT+I+R3 8841.652     114 17911.305    18008.057    18362.270
280  Q.INSECT+I+R4 8836.628     116 17905.255    18006.163    18364.133
289  Q.INSECT+F+G4 8864.572     129 17987.144    18118.160    18497.447
290  Q.INSECT+F+I+G4 8864.706     130 17989.413    18122.981    18503.672
292  Q.INSECT+F+R3 8857.036     132 17978.071    18116.854    18500.242
293  Q.INSECT+F+R4 8849.935     134 17967.870    18112.014    18497.953
301  Q.INSECT+F+I+R3 8855.408     133 17976.816    18118.260    18502.942
302  Q.INSECT+F+I+R4 8850.614     135 17971.227    18118.107    18505.266
311  Q.PLANT+G4    8988.953     110 18197.906    18286.706    18633.048
312  Q.PLANT+I+G4  8989.030     111 18200.060    18290.805    18639.158
314  Q.PLANT+R3    8975.895     113 18177.791    18272.511    18624.800
315  Q.PLANT+R4    8969.132     115 18168.264    18267.079    18623.186
323  Q.PLANT+I+R3  8974.539     114 18177.077    18273.830    18628.043
324  Q.PLANT+I+R4  8969.931     116 18171.862    18272.769    18630.739
333  Q.PLANT+F+G4  9000.501     129 18259.001    18390.017    18769.304
334  Q.PLANT+F+I+G4 9000.586     130 18261.173    18394.742    18775.432
336  Q.PLANT+F+R3  8989.065     132 18242.130    18380.913    18764.301
337  Q.PLANT+F+R4  8982.269     134 18232.539    18376.682    18762.621
345  Q.PLANT+F+I+R3 8987.399     133 18240.799    18382.243    18766.925
346  Q.PLANT+F+I+R4 8982.925     135 18235.849    18382.729    18769.887
355  Q.YEAST+G4    8860.468     110 17940.936    18029.736    18376.078
356  Q.YEAST+I+G4  8860.540     111 17943.081    18033.825    18382.179
358  Q.YEAST+R3    8850.427     113 17926.854    18021.575    18373.864
359  Q.YEAST+R4    8842.544     115 17915.087    18013.902    18370.008
367  Q.YEAST+I+R3  8847.639     114 17923.278    18020.031    18374.244
368  Q.YEAST+I+R4  8843.249     116 17918.498    18019.405    18377.375
377  Q.YEAST+F+G4  8844.482     129 17946.964    18077.980    18457.267
378  Q.YEAST+F+I+G4 8844.568     130 17949.135    18082.704    18463.394
380  Q.YEAST+F+R3  8836.230     132 17936.459    18075.242    18458.630
381  Q.YEAST+F+R4  8829.383     134 17926.766    18070.910    18456.848
389  Q.YEAST+F+I+R3 8834.013     133 17934.026    18075.471    18460.153
390  Q.YEAST+F+I+R4 8829.868     135 17929.736    18076.616    18463.774
399  JTTDCMUT+G4   8996.785     110 18213.569    18302.369    18648.711
400  JTTDCMUT+I+G4 8996.878     111 18215.756    18306.501    18654.854
402  JTTDCMUT+R3   8985.705     113 18197.411    18292.131    18644.420
403  JTTDCMUT+R4   8980.968     115 18191.935    18290.750    18646.857
411  JTTDCMUT+I+R3 8984.931     114 18197.862    18294.615    18648.827
412  JTTDCMUT+I+R4 8981.308     116 18194.617    18295.524    18653.494
421  JTTDCMUT+F+G4 8999.878     129 18257.756    18388.771    18768.059
422  JTTDCMUT+F+I+G4 8999.962     130 18259.925    18393.493    18774.184
424  JTTDCMUT+F+R3 8989.519     132 18243.039    18381.822    18765.209
425  JTTDCMUT+F+R4 8985.084     134 18238.167    18382.311    18768.250
433  JTTDCMUT+F+I+R3 8988.568     133 18243.137    18384.581    18769.263
434  JTTDCMUT+F+I+R4 8985.381     135 18240.762    18387.642    18774.800
443  DCMUT+G4      9058.815     110 18337.630    18426.430    18772.772
444  DCMUT+I+G4    9058.868     111 18339.737    18430.481    18778.835
446  DCMUT+R3      9051.112     113 18328.224    18422.944    18775.233
447  DCMUT+R4      9043.630     115 18317.259    18416.074    18772.181
455  DCMUT+I+R3    9050.345     114 18328.690    18425.443    18779.656
456  DCMUT+I+R4    9044.271     116 18320.541    18421.448    18779.418
465  DCMUT+F+G4    9026.330     129 18310.661    18441.677    18820.964
466  DCMUT+F+I+G4  9026.401     130 18312.803    18446.371    18827.062
468  DCMUT+F+R3    9019.808     132 18303.615    18442.398    18825.786
469  DCMUT+F+R4    9014.319     134 18296.637    18440.781    18826.719
477  DCMUT+F+I+R3  9019.268     133 18304.535    18445.980    18830.662
478  DCMUT+F+I+R4  9014.800     135 18299.599    18446.479    18833.637
487  VT+G4         9015.428     110 18250.857    18339.657    18685.999
488  VT+I+G4       9015.516     111 18253.032    18343.777    18692.130
490  VT+R3         9007.351     113 18240.701    18335.422    18687.711
491  VT+R4         9003.379     115 18236.759    18335.573    18691.680
499  VT+I+R3       9006.774     114 18241.548    18338.301    18692.514
500  VT+I+R4       9003.546     116 18239.092    18339.999    18697.970
509  VT+F+G4       9009.595     129 18277.190    18408.205    18787.493
510  VT+F+I+G4     9009.676     130 18279.351    18412.920    18793.610
512  VT+F+R3       9001.779     132 18267.559    18406.341    18789.729
513  VT+F+R4       8998.355     134 18264.709    18408.853    18794.791
521  VT+F+I+R3     9001.251     133 18268.503    18409.947    18794.629
522  VT+F+I+R4     8998.486     135 18266.971    18413.851    18801.009
531  PMB+G4        9087.471     110 18394.942    18483.742    18830.085
532  PMB+I+G4      9087.551     111 18397.101    18487.846    18836.199
534  PMB+R3        9080.884     113 18387.767    18482.488    18834.777
535  PMB+R4        9076.432     115 18382.864    18481.679    18837.785
543  PMB+I+R3      9080.478     114 18388.956    18485.709    18839.922
544  PMB+I+R4      9076.567     116 18385.134    18486.041    18844.011
553  PMB+F+G4      9084.193     129 18426.386    18557.401    18936.689
554  PMB+F+I+G4    9084.268     130 18428.536    18562.105    18942.795
556  PMB+F+R3      9077.549     132 18419.099    18557.881    18941.269
557  PMB+F+R4      9074.019     134 18416.039    18560.182    18946.121
565  PMB+F+I+R3    9077.602     133 18421.204    18562.648    18947.330
566  PMB+F+I+R4    9074.144     135 18418.287    18565.167    18952.325
575  BLOSUM62+G4   9074.084     110 18368.168    18456.968    18803.310
576  BLOSUM62+I+G4 9074.157     111 18370.314    18461.058    18809.412
578  BLOSUM62+R3   9068.075     113 18362.150    18456.870    18809.159
579  BLOSUM62+R4   9062.521     115 18355.042    18453.856    18809.963
587  BLOSUM62+I+R3 9067.286     114 18362.573    18459.325    18813.538
588  BLOSUM62+I+R4 9062.631     116 18357.262    18458.169    18816.140
597  BLOSUM62+F+G4 9065.837     129 18389.674    18520.690    18899.977
598  BLOSUM62+F+I+G4 9065.904     130 18391.808    18525.377    18906.067
600  BLOSUM62+F+R3 9059.612     132 18383.223    18522.006    18905.394
601  BLOSUM62+F+R4 9055.591     134 18379.182    18523.326    18909.265
609  BLOSUM62+F+I+R3 9059.418     133 18384.836    18526.281    18910.963
610  BLOSUM62+F+I+R4 9055.684     135 18381.368    18528.248    18915.406
619  DAYHOFF+G4    9057.199     110 18334.397    18423.197    18769.539
620  DAYHOFF+I+G4  9057.223     111 18336.446    18427.190    18775.543
622  DAYHOFF+R3    9049.509     113 18325.018    18419.739    18772.028
623  DAYHOFF+R4    9042.186     115 18314.372    18413.186    18769.293
631  DAYHOFF+I+R3  9048.567     114 18325.133    18421.886    18776.099
632  DAYHOFF+I+R4  9042.460     116 18316.920    18417.828    18775.798
641  DAYHOFF+F+G4  9024.789     129 18307.578    18438.594    18817.881
642  DAYHOFF+F+I+G4 9024.821     130 18309.641    18443.210    18823.900
644  DAYHOFF+F+R3  9018.203     132 18300.407    18439.189    18822.577
645  DAYHOFF+F+R4  9012.929     134 18293.858    18438.002    18823.940
653  DAYHOFF+F+I+R3 9017.607     133 18301.214    18442.658    18827.340
654  DAYHOFF+F+I+R4 9013.161     135 18296.321    18443.201    18830.359
663  MTREV+G4      9369.338     110 18958.676    19047.476    19393.818
664  MTREV+I+G4    9369.363     111 18960.726    19051.471    19399.824
666  MTREV+R3      9362.228     113 18950.456    19045.177    19397.466
667  MTREV+R4      9351.126     115 18932.251    19031.066    19387.172
675  MTREV+I+R3    9357.671     114 18943.342    19040.094    19394.307
676  MTREV+I+R4    9350.217     116 18932.433    19033.340    19391.310
685  MTREV+F+G4    9093.976     129 18445.953    18576.968    18956.256
686  MTREV+F+I+G4  9094.009     130 18448.018    18581.587    18962.277
688  MTREV+F+R3    9086.176     132 18436.353    18575.135    18958.523
689  MTREV+F+R4    9075.976     134 18419.952    18564.096    18950.034
697  MTREV+F+I+R3  9083.485     133 18432.969    18574.414    18959.096
698  MTREV+F+I+R4  9075.910     135 18421.819    18568.699    18955.857
707  MTART+G4      9246.083     110 18712.166    18800.966    19147.308
708  MTART+I+G4    9246.097     111 18714.193    18804.938    19153.291
710  MTART+R3      9240.920     113 18707.839    18802.560    19154.849
711  MTART+R4      9225.055     115 18680.109    18778.924    19135.031
719  MTART+I+R3    9232.623     114 18693.246    18789.999    19144.211
720  MTART+I+R4    9221.605     116 18675.211    18776.118    19134.088
729  MTART+F+G4    9028.710     129 18315.420    18446.435    18825.723
730  MTART+F+I+G4  9028.724     130 18317.449    18451.018    18831.708
732  MTART+F+R3    9022.793     132 18309.586    18448.368    18831.756
733  MTART+F+R4    9012.928     134 18293.856    18437.999    18823.938
741  MTART+F+I+R3  9019.421     133 18304.843    18446.287    18830.969
742  MTART+F+I+R4  9012.326     135 18294.652    18441.532    18828.690
751  MTZOA+G4      9092.503     110 18405.006    18493.806    18840.148
752  MTZOA+I+G4    9092.518     111 18407.037    18497.782    18846.135
754  MTZOA+R3      9087.134     113 18400.268    18494.988    18847.277
755  MTZOA+R4      9077.258     115 18384.516    18483.331    18839.437
763  MTZOA+I+R3    9082.778     114 18393.557    18490.309    18844.522
764  MTZOA+I+R4    9075.495     116 18382.991    18483.898    18841.868
773  MTZOA+F+G4    8932.187     129 18122.374    18253.389    18632.677
774  MTZOA+F+I+G4  8932.195     130 18124.389    18257.958    18638.648
776  MTZOA+F+R3    8922.729     132 18109.458    18248.240    18631.628
777  MTZOA+F+R4    8915.749     134 18099.499    18243.642    18629.581
785  MTZOA+F+I+R3  8920.301     133 18106.603    18248.047    18632.729
786  MTZOA+F+I+R4  8916.308     135 18102.617    18249.497    18636.655
795  MTMET+G4      9304.648     110 18829.296    18918.096    19264.438
796  MTMET+I+G4    9304.664     111 18831.328    18922.073    19270.426
798  MTMET+R3      9296.547     113 18819.095    18913.815    19266.104
799  MTMET+R4      9289.365     115 18808.731    18907.545    19263.652
807  MTMET+I+R3    9294.008     114 18816.015    18912.768    19266.981
808  MTMET+I+R4    9288.359     116 18808.717    18909.624    19267.594
817  MTMET+F+G4    9082.205     129 18422.410    18553.425    18932.713
818  MTMET+F+I+G4  9082.220     130 18424.439    18558.008    18938.698
820  MTMET+F+R3    9072.368     132 18408.736    18547.519    18930.907
821  MTMET+F+R4    9066.952     134 18401.904    18546.048    18931.986
829  MTMET+F+I+R3  9070.730     133 18407.460    18548.905    18933.587
830  MTMET+F+I+R4  9066.846     135 18403.691    18550.571    18937.730
839  MTVER+G4      9487.215     110 19194.430    19283.230    19629.572
840  MTVER+I+G4    9487.223     111 19196.446    19287.191    19635.544
842  MTVER+R3      9480.105     113 19186.209    19280.930    19633.219
843  MTVER+R4      9466.846     115 19163.692    19262.507    19618.613
851  MTVER+I+R3    9476.248     114 19180.496    19277.249    19631.461
852  MTVER+I+R4    9465.836     116 19163.673    19264.580    19622.550
861  MTVER+F+G4    9240.739     129 18739.477    18870.493    19249.780
862  MTVER+F+I+G4  9240.752     130 18741.504    18875.073    19255.763
864  MTVER+F+R3    9230.898     132 18725.796    18864.578    19247.966
865  MTVER+F+R4    9225.532     134 18719.063    18863.207    19249.145
873  MTVER+F+I+R3  9229.477     133 18724.953    18866.398    19251.079
874  MTVER+F+I+R4  9225.103     135 18720.205    18867.085    19254.243
883  MTINV+G4      9271.712     110 18763.424    18852.224    19198.566
884  MTINV+I+G4    9271.723     111 18765.446    18856.191    19204.544
886  MTINV+R3      9264.107     113 18754.213    18848.934    19201.223
887  MTINV+R4      9257.838     115 18745.676    18844.491    19200.597
895  MTINV+I+R3    9262.467     114 18752.934    18849.686    19203.899
896  MTINV+I+R4    9257.727     116 18747.454    18848.361    19206.331
905  MTINV+F+G4    8980.576     129 18219.152    18350.167    18729.455
906  MTINV+F+I+G4  8980.587     130 18221.174    18354.743    18735.433
908  MTINV+F+R3    8971.205     132 18206.409    18345.192    18728.580
909  MTINV+F+R4    8966.667     134 18201.334    18345.478    18731.417
917  MTINV+F+I+R3  8970.052     133 18206.104    18347.549    18732.230
918  MTINV+F+I+R4  8967.111     135 18204.222    18351.102    18738.260
927  MTMAM+G4      9604.428     110 19428.857    19517.657    19863.999
928  MTMAM+I+G4    9604.390     111 19430.780    19521.525    19869.878
930  MTMAM+R3      9598.326     113 19422.653    19517.373    19869.662
931  MTMAM+R4      9573.816     115 19377.632    19476.447    19832.553
939  MTMAM+I+R3    9588.292     114 19404.585    19501.338    19855.550
940  MTMAM+I+R4    9571.009     116 19374.018    19474.925    19832.895
949  MTMAM+F+G4    9344.589     129 18947.177    19078.193    19457.480
950  MTMAM+F+I+G4  9344.597     130 18949.193    19082.762    19463.452
952  MTMAM+F+R3    9339.309     132 18942.619    19081.401    19464.789
953  MTMAM+F+R4    9318.540     134 18905.080    19049.223    19435.162
961  MTMAM+F+I+R3  9335.398     133 18936.797    19078.241    19462.923
962  MTMAM+F+I+R4  9318.200     135 18906.400    19053.280    19440.438
971  FLAVI+G4      9554.044     110 19328.089    19416.889    19763.231
972  FLAVI+I+G4    9554.058     111 19330.117    19420.861    19769.215
974  FLAVI+R3      9540.104     113 19306.207    19400.928    19753.217
975  FLAVI+R4      9531.674     115 19293.348    19392.163    19748.270
983  FLAVI+I+R3    9538.287     114 19304.574    19401.326    19755.539
984  FLAVI+I+R4    9531.486     116 19294.972    19395.880    19753.850
993  FLAVI+F+G4    9517.469     129 19292.938    19423.954    19803.241
994  FLAVI+F+I+G4  9517.484     130 19294.969    19428.537    19809.227
996  FLAVI+F+R3    9502.738     132 19269.475    19408.258    19791.646
997  FLAVI+F+R4    9496.790     134 19261.580    19405.724    19791.662
1005  FLAVI+F+I+R3  9500.843     133 19267.686    19409.130    19793.812
1006  FLAVI+F+I+R4  9496.449     135 19262.897    19409.777    19796.935
1015  HIVB+G4       9411.909     110 19043.817    19132.617    19478.959
1016  HIVB+I+G4     9411.921     111 19045.842    19136.586    19484.940
1018  HIVB+R3       9397.802     113 19021.604    19116.324    19468.613
1019  HIVB+R4       9393.156     115 19016.311    19115.126    19471.233
1027  HIVB+I+R3     9396.548     114 19021.097    19117.850    19472.062
1028  HIVB+I+R4     9392.757     116 19017.514    19118.421    19476.391
1037  HIVB+F+G4     9347.148     129 18952.296    19083.312    19462.599
1038  HIVB+F+I+G4   9347.160     130 18954.321    19087.889    19468.579
1040  HIVB+F+R3     9332.727     132 18929.455    19068.237    19451.625
1041  HIVB+F+R4     9328.906     134 18925.811    19069.955    19455.894
1049  HIVB+F+I+R3   9331.304     133 18928.608    19070.052    19454.734
1050  HIVB+F+I+R4   9328.293     135 18926.587    19073.467    19460.625
1059  HIVW+G4       9846.841     110 19913.681    20002.481    20348.823
1060  HIVW+I+G4     9846.846     111 19915.691    20006.436    20354.789
1062  HIVW+R3       9838.774     113 19903.547    19998.268    20350.557
1063  HIVW+R4       9825.254     115 19880.507    19979.322    20335.429
1071  HIVW+I+R3     9834.818     114 19897.635    19994.388    20348.601
1072  HIVW+I+R4     9825.370     116 19882.741    19983.648    20341.618
1081  HIVW+F+G4     9716.034     129 19690.068    19821.084    20200.371
1082  HIVW+F+I+G4   9716.026     130 19692.052    19825.621    20206.311
1084  HIVW+F+R3     9702.527     132 19669.054    19807.837    20191.225
1085  HIVW+F+R4     9694.654     134 19657.307    19801.451    20187.389
1093  HIVW+F+I+R3   9699.165     133 19664.330    19805.775    20190.457
1094  HIVW+F+I+R4   9694.623     135 19659.246    19806.126    20193.284
1103  FLU+G4        9265.936     110 18751.872    18840.672    19187.014
1104  FLU+I+G4      9265.942     111 18753.884    18844.629    19192.982
1106  FLU+R3        9254.741     113 18735.481    18830.202    19182.491
1107  FLU+R4        9246.994     115 18723.989    18822.804    19178.910
1115  FLU+I+R3      9251.898     114 18731.795    18828.548    19182.761
1116  FLU+I+R4      9247.281     116 18726.561    18827.469    19185.439
1125  FLU+F+G4      9260.051     129 18778.102    18909.117    19288.405
1126  FLU+F+I+G4    9260.059     130 18780.118    18913.687    19294.377
1128  FLU+F+R3      9247.097     132 18758.194    18896.977    19280.365
1129  FLU+F+R4      9240.960     134 18749.919    18894.063    19280.001
1137  FLU+F+I+R3    9244.658     133 18755.316    18896.760    19281.442
1138  FLU+F+I+R4    9241.106     135 18752.211    18899.091    19286.249
1147  RTREV+G4      8974.605     110 18169.210    18258.010    18604.352
1148  RTREV+I+G4    8974.613     111 18171.227    18261.972    18610.325
1150  RTREV+R3      8965.493     113 18156.986    18251.707    18603.996
1151  RTREV+R4      8957.277     115 18144.554    18243.369    18599.475
1159  RTREV+I+R3    8962.706     114 18153.413    18250.166    18604.378
1160  RTREV+I+R4    8957.825     116 18147.649    18248.557    18606.527
1169  RTREV+F+G4    8878.493     129 18014.986    18146.002    18525.289
1170  RTREV+F+I+G4  8878.499     130 18016.999    18150.567    18531.258
1172  RTREV+F+R3    8870.802     132 18005.604    18144.387    18527.775
1173  RTREV+F+R4    8863.857     134 17995.714    18139.857    18525.796
1181  RTREV+F+I+R3  8868.722     133 18003.444    18144.888    18529.570
1182  RTREV+F+I+R4  8864.290     135 17998.579    18145.459    18532.618
1191  CPREV+G4      9066.149     110 18352.297    18441.097    18787.439
1192  CPREV+I+G4    9066.151     111 18354.302    18445.047    18793.400
1194  CPREV+R3      9050.481     113 18326.961    18421.682    18773.971
1195  CPREV+R4      9048.922     115 18327.845    18426.659    18782.766
1203  CPREV+I+R3    9049.392     114 18326.785    18423.537    18777.750
1204  CPREV+I+R4    9048.899     116 18329.797    18430.704    18788.674
1213  CPREV+F+G4    9015.699     129 18289.398    18420.414    18799.701
1214  CPREV+F+I+G4  9015.701     130 18291.403    18424.971    18805.662
1216  CPREV+F+R3    9001.197     132 18266.394    18405.176    18788.564
1217  CPREV+F+R4    8998.944     134 18265.887    18410.031    18795.969
1225  CPREV+F+I+R3  8999.621     133 18265.243    18406.687    18791.369
1226  CPREV+F+I+R4  8998.943     135 18267.886    18414.766    18801.924
Akaike Information Criterion:           Q.INSECT+R4
Corrected Akaike Information Criterion: Q.INSECT+R4
Bayesian Information Criterion:         Q.INSECT+R4
Best-fit model: Q.INSECT+R4 chosen according to BIC

All model information printed to training_data/prot_M2593_56_386.phy/output_files/iqtree/inference/pars_4.model.gz
CPU time for ModelFinder: 512.361 seconds (0h:8m:32s)
Wall-clock time for ModelFinder: 512.979 seconds (0h:8m:32s)

NOTE: 12 MB RAM (0 GB) is required!
Estimate model parameters (epsilon = 0.010)
1. Initial log-likelihood: -8839.255
2. Current log-likelihood: -8836.782
3. Current log-likelihood: -8836.537
4. Current log-likelihood: -8836.391
5. Current log-likelihood: -8836.296
6. Current log-likelihood: -8836.228
7. Current log-likelihood: -8836.166
8. Current log-likelihood: -8836.113
9. Current log-likelihood: -8836.067
10. Current log-likelihood: -8836.026
11. Current log-likelihood: -8835.990
12. Current log-likelihood: -8835.957
13. Current log-likelihood: -8835.936
14. Current log-likelihood: -8835.908
15. Current log-likelihood: -8835.892
16. Current log-likelihood: -8835.876
17. Current log-likelihood: -8835.861
18. Current log-likelihood: -8835.846
19. Current log-likelihood: -8835.833
20. Current log-likelihood: -8835.821
21. Current log-likelihood: -8835.809
22. Current log-likelihood: -8835.799
Optimal log-likelihood: -8835.783
Site proportion and rates:  (0.407,0.177) (0.325,0.679) (0.183,1.877) (0.085,4.294)
Parameters optimization took 22 rounds (16.327 sec)
Wrote distance file to... 
BEST SCORE FOUND : -8835.783
Total tree length: 5.231

Total number of iterations: 0
CPU time used for tree search: 0.000 sec (0h:0m:0s)
Wall-clock time used for tree search: 0.000 sec (0h:0m:0s)
Total CPU time used: 528.692 sec (0h:8m:48s)
Total wall-clock time used: 529.337 sec (0h:8m:49s)

Analysis results written to: 
  IQ-TREE report:                training_data/prot_M2593_56_386.phy/output_files/iqtree/inference/pars_4.iqtree
  Maximum-likelihood tree:       training_data/prot_M2593_56_386.phy/output_files/iqtree/inference/pars_4.treefile
  Screen log file:               training_data/prot_M2593_56_386.phy/output_files/iqtree/inference/pars_4.log

Date and Time: Fri Sep 19 02:45:40 2025
