IQ-TREE version 3.0.1 for Linux x86 64-bit built Sep 18 2025
Developed by Bui Quang Minh, Thomas Wong, Nhan Ly-Trong, Huaiyan Ren
Contributed by Lam-Tung Nguyen, Dominik Schrempf, Chris Bielow,
Olga Chernomor, Michael Woodhams, Diep Thi Hoang, Heiko Schmidt

Host:    DESKTOP-UQIA48J (AVX2, FMA3, 7 GB RAM)
Command: /home/ngocminh/miniconda3/envs/pypythia/bin/iqtree3 -s Data/dna_M10933_229_2696.phy -pre data_training/dna_M10933_229_2696.phy/output_files/iqtree/inference/pars_8 -seed 8 -ninit 1 -T 1 -redo -n 0
Seed:    8 (Using SPRNG - Scalable Parallel Random Number Generator)
Time:    Thu Sep 25 05:43:43 2025
Kernel:  AVX+FMA - 1 threads (8 CPU cores detected)

HINT: Use -nt option to specify number of threads because your CPU has 8 cores!
HINT: -nt AUTO will automatically determine the best number of threads to use.

Reading alignment file Data/dna_M10933_229_2696.phy ... Phylip format detected
Alignment most likely contains DNA/RNA sequences
Constructing alignment: done in 0.0175123 secs using 54.77% CPU
Alignment has 229 sequences with 2696 columns, 1529 distinct patterns
891 parsimony-informative, 219 singleton sites, 1586 constant sites
                                   Gap/Ambiguity  Composition  p-value
Analyzing sequences: done in 0.00159083 secs using 91.59% CPU
   1  Acilius_sulcatus                    20.59%    passed     57.16%
   2  Africophilus_sp.                    19.96%    passed     99.92%
   3  Agabetes_acuductus                  47.51%    failed      0.01%
   4  Agabinus_glabrellus                 47.33%    failed      0.01%
   5  Agabinus_sculpturellus              20.40%    passed     37.57%
   6  Agabus_bipustulatus                 20.40%    passed     67.83%
   7  Agabus_brunneus                     20.51%    passed     97.62%
   8  Agabus_congener                     20.10%    passed     97.52%
   9  Agabus_heydeni                      20.10%    passed     86.97%
  10  Agametrus_sp                        22.37%    passed     85.95%
  11  Agaporomorphus_knischi              43.92%    failed      0.00%
  12  Aglymbus_gestroi                    20.40%    passed     90.01%
  13  Allodessus_bistrigatus              26.26%    passed     91.81%
  14  Allodessus_megacephalus             20.33%    passed     68.67%
  15  Allopachria_balkei                  22.55%    passed     98.83%
  16  Amphizoa_insolens                   19.84%    passed     88.19%
  17  Amphizoa_lecontei                   29.04%    passed     54.09%
  18  Andex_insignis                      20.59%    passed     95.67%
  19  Anodocheilus_exiguus                20.33%    passed     19.25%
  20  Antiporus_femoralis                 20.29%    passed     23.67%
  21  Antiporus_strigosulus               20.47%    passed     11.72%
  22  Aspidytes_niobe1                    20.03%    passed     65.28%
  23  Aspidytes_niobe2                    20.03%    passed     63.39%
  24  Australphilus_montanus              20.22%    passed     52.61%
  25  Austrodytes_plateni                 21.40%    passed     96.91%
  26  Barretthydrus_tibialis              20.29%    passed     99.78%
  27  Batrachomatus_daemeli               19.99%    passed     70.30%
  28  Batrachomatus_wingii                19.99%    passed     26.79%
  29  Bidessini_2c                        20.33%    passed     76.03%
  30  Bidessini_3e                        33.05%    failed      0.05%
  31  Bidessini_a                         20.18%    passed     89.72%
  32  Bidessodes_mjobergi                 20.33%    passed     89.57%
  33  Bidessonotus_longovalis             21.25%    passed     26.33%
  34  Bidessus_calabricus                 20.25%    passed     36.07%
  35  Bidessus_goudoti                    20.33%    passed     77.83%
  36  Bidessus_pumilus                    20.73%    passed     83.15%
  37  Brachyvatus_acuminatus              21.40%    passed     79.74%
  38  Canthyporus_canthydroides           20.33%    passed     74.06%
  39  Canthyporus_hottentotus             20.36%    passed     69.16%
  40  Canthyporus_nebulosus               20.03%    passed     99.83%
  41  Canthyporus_parvus                  20.07%    passed     85.62%
  42  Carabdytes_upin                     21.07%    passed     65.97%
  43  Carabhydrus_niger                   29.23%    passed     97.48%
  44  Celina_sp1                          22.96%    passed     67.06%
  45  Celina_sp2                          20.40%    passed     98.39%
  46  Chostonectes_sharpi                 20.44%    passed     46.29%
  47  Clypeodytes_meridionalis            20.22%    passed     52.38%
  48  Coelhydrus_brevicollis              20.29%    passed     99.56%
  49  Colymbetes_schildnechti             20.18%    passed     70.82%
  50  Copelatus_nigrolineatus             20.51%    passed     91.63%
  51  Copelatus_sp                        21.66%    passed     93.56%
  52  Copelatus_sp2                       25.15%    passed     89.01%
  53  Coptotomus_interrogatus             24.11%    passed     32.22%
  54  Coptotomus_lenticus                 20.10%    passed     68.26%
  55  Cybister_lateralimarginalis         20.62%    passed     55.36%
  56  Cybister_sugillatus                 20.29%    passed     66.89%
  57  Cybister_tripunctatus               20.55%    passed     78.96%
  58  Darwinhydrus_solidus                21.36%    passed     77.96%
  59  Deronectes_abnormicollis            20.14%    passed     97.38%
  60  Deronectes_angusi                   20.18%    passed     83.02%
  61  Deronectes_aubei_aubei              20.18%    passed     97.73%
  62  Deronectes_depressicollis           20.14%    passed     96.04%
  63  Deronectes_ferrugineus              20.14%    passed     99.86%
  64  Deronectes_moestus_                 20.18%    passed     98.65%
  65  Deronectes_persicus                 20.10%    passed     96.88%
  66  Deronectes_theryi                   20.14%    passed     94.22%
  67  Deronectes_youngi                   20.14%    passed     99.52%
  68  Derovatellus_lentus                 20.33%    passed     73.74%
  69  Derovatellus_peruanus               20.70%    passed     65.24%
  70  Desmopachria_convexa                20.22%    passed     83.60%
  71  Desmopachria_mendozana              20.36%    passed     90.67%
  72  Desmopachria_sp                     22.92%    passed     98.15%
  73  Dytiscus_dauricus                   20.44%    passed     73.80%
  74  Dytiscus_latissimus                 20.59%    passed     69.85%
  75  Dytiscus_marginicollis              20.14%    passed     94.13%
  76  Eretes_australis                    20.55%    passed     95.94%
  77  Eretes_griseus                      20.36%    passed     70.71%
  78  Gibbidessus_chipi                   59.90%    failed      0.00%
  79  Graphoderus_cinereus                20.51%    passed     80.93%
  80  Graptodytes_aequalis                21.81%    passed     96.90%
  81  Graptodytes_flavipes                20.18%    passed     92.37%
  82  Graptodytes_ignotus                 20.44%    passed     84.93%
  83  Herophydrus_musicus                 20.18%    passed     17.76%
  84  Herophydrus_nodieri                 21.59%    passed     41.82%
  85  Herophydrus_obscurus                20.33%    passed     74.44%
  86  Heterosternuta_pulcher              20.85%    passed     98.99%
  87  Hoperius_planatus                   20.25%    passed     99.21%
  88  Hovahydrus_sp.n.                    20.22%    passed     77.83%
  89  Hydaticus_leander                   20.36%    passed     79.61%
  90  Hydaticus_transversalis             20.44%    passed     70.88%
  91  Hyderodes_schuckardi                20.55%    passed     85.50%
  92  Hydrocolus_sahlbergi                20.36%    passed     95.64%
  93  Hydrodytes_opalinus_cf.             33.20%    failed      0.07%
  94  Hydroglyphus_pusillus               20.29%    passed     35.97%
  95  Hydropeplus_trimaculatus            24.00%    passed     98.20%
  96  Hydroporus_nigellus                 22.29%    passed     87.55%
  97  Hydroporus_pilosus                  20.22%    passed     97.95%
  98  Hydroporus_pubescens                20.22%    passed     97.61%
  99  Hydroporus_scalesianus              20.25%    passed     86.08%
 100  Hydroporus_vagepictus               20.22%    passed     90.27%
 101  Hydrotrupes_palpalis                20.22%    passed     97.41%
 102  Hydrovatus_clypealis                20.22%    passed     28.15%
 103  Hydrovatus_davidis                  21.66%    passed     51.24%
 104  Hydrovatus_nigrita                  19.99%    passed     62.44%
 105  Hygrobia_australasiae               20.25%    passed     92.68%
 106  Hygrobia_hermanni                   20.10%    passed     72.85%
 107  Hygrobia_maculata                   20.14%    passed     84.49%
 108  Hygrotus_caspius                    21.25%    passed     76.10%
 109  Hygrotus_confluens                  20.25%    passed     92.38%
 110  Hygrotus_corpulentus                20.51%    passed     53.14%
 111  Hygrotus_impressopunctatus          20.29%    passed     61.34%
 112  Hygrotus_inaequalis                 20.25%    passed     48.61%
 113  Hygrotus_saginatus                  20.55%    passed     14.52%
 114  Hygrotus_turbidus                   20.36%    passed     17.58%
 115  Hyphydrus_aubei                     20.36%    passed     97.58%
 116  Hyphydrus_ovatus                    20.18%    passed     95.82%
 117  Hyphydrus_sp.                       21.22%    passed     96.94%
 118  Iberoporus_cermenius                20.73%    passed     81.04%
 119  Ilybiosoma_seriatum                 20.18%    passed     94.81%
 120  Ilybius_hozgargantae                19.99%    passed     98.71%
 121  Ilybius_meridionalis                20.14%    passed     68.97%
 122  Laccodytes_sp1                      23.81%    passed     62.00%
 123  Laccodytes_sp2                      42.47%    failed      0.00%
 124  Lacconectus_peguensis               20.22%    passed     61.34%
 125  Lacconectus_sp.                     20.10%    passed     18.99%
 126  Laccophilini_new_genus              21.48%    passed     82.66%
 127  Laccophilus_pictus_coccinelloides   20.62%    passed     40.89%
 128  Laccophilus_poecilus                20.25%    passed     11.28%
 129  Laccophilus_sp1                     20.47%    passed     50.26%
 130  Laccophilus_sp2                     21.03%    passed     94.04%
 131  Laccornellus_copelatoides           20.29%    passed     21.02%
 132  Laccornellus_lugubris               24.04%    failed      4.82%
 133  Laccornis_kocae                     23.29%    passed     75.35%
 134  Laccornis_oblongus                  20.14%    passed     50.27%
 135  Lancetes_nigriceps                  20.33%    passed     93.55%
 136  Lancetes_varius                     20.36%    passed     87.77%
 137  Leiodytes_nicobaricus               21.59%    passed     92.26%
 138  Leiodytes_sp.                       20.36%    passed     85.37%
 139  Leuronectes_sp                      20.10%    passed     88.18%
 140  Limbodessus_compactus               20.33%    passed     88.91%
 141  Limbodessus_sp                      20.29%    passed     87.18%
 142  Liodessus_obscurellus               20.33%    passed     95.67%
 143  Liodessus_sp                        20.29%    passed     70.02%
 144  Liopterus_haemorrhoidalis           20.10%    passed     42.82%
 145  Megadytes__Bifurcitus__sp           20.47%    passed     96.10%
 146  Megadytes__Megadytes__sp            47.85%    failed      0.06%
 147  Megadytes_australis                 20.14%    passed     85.47%
 148  Megadytes_sp                        20.25%    passed     90.86%
 149  Megaporus_rufipes                   35.61%    passed     18.36%
 150  Meladema_coriacea                   20.14%    passed     98.06%
 151  Melanodytes_pustulatus              39.87%    failed      0.94%
 152  Metaporus_meridionalis              20.25%    passed     79.42%
 153  Methles_cribratellus                20.44%    passed      6.19%
 154  Methles_sp2                         47.92%    failed      0.00%
 155  Microdytes_boukali                  21.14%    passed     83.68%
 156  Microdytes_elgae_1                  47.81%    failed      0.08%
 157  Microdytes_elgae_2                  20.70%    passed     96.20%
 158  Nebrioporus_baeticus                19.99%    passed     81.91%
 159  Nebrioporus_carinatus               20.07%    passed     92.89%
 160  Nebrioporus_clarkii                 19.99%    passed     81.29%
 161  Nebrioporus_turca                   23.44%    passed     69.49%
 162  Necterosoma_penicillatum            20.51%    passed     95.51%
 163  Neoporus_arizonicus                 20.29%    passed     94.57%
 164  Neoporus_undulatus                  21.25%    passed     79.31%
 165  Neoscutopterus_hornii               21.29%    passed     84.27%
 166  Neptosternus_hydaticoides           20.36%    passed     79.48%
 167  Neptosternus_sp.                    20.59%    passed     84.61%
 168  Nirripirti_hinzeae                  61.46%    failed      0.00%
 169  Notaticus_fasciatus                 20.59%    passed     91.90%
 170  Onychohydrus_scutellaris            20.07%    passed     79.52%
 171  Oreodytes_congruus                  21.33%    passed     14.91%
 172  Oreodytes_crassulus                 24.18%    failed      3.20%
 173  Oreodytes_davisii_                  20.70%    passed     86.98%
 174  Oreodytes_natrix                    20.18%    passed     51.54%
 175  Oreodytes_picturatus                20.22%    failed      0.05%
 176  Oreodytes_quadrimaculatus           20.07%    passed      8.65%
 177  Oreodytes_rhyacophilus              23.29%    failed      1.40%
 178  Pachydrus_globosus_cf.              20.36%    passed     22.19%
 179  Pachydrus_politus                   20.36%    passed     46.67%
 180  Papuadessus_pakdjoko                60.68%    failed      0.00%
 181  Papuadytes_sp1                      21.51%    passed     90.61%
 182  Papuadytes_sp2                      21.59%    passed     41.14%
 183  Papuadytes_utowaensis               20.03%    passed     35.26%
 184  Paroster_gibbi                      21.40%    passed     56.16%
 185  Peschetius_toxophorus               20.18%    passed     30.26%
 186  Philaccolilus_bellissimus           20.25%    passed     89.54%
 187  Philaccolilus_irianensis            21.48%    passed     77.35%
 188  Philaccolilus_mekus                 21.44%    passed     50.25%
 189  Philaccolus_elongatus_cl.           48.66%    failed      0.01%
 190  Platambus_maculatus                 20.10%    passed     96.60%
 191  Platynectes_decempunctatus          20.22%    passed     70.76%
 192  Platynectes_decempunctatus_gr.      20.22%    passed     75.97%
 193  Platynectes_sp1                     21.22%    passed     79.81%
 194  Platynectes_sp2                     20.77%    passed     39.31%
 195  Platynectes_sp3                     22.29%    passed     87.90%
 196  Platynectes_sp4                     22.00%    passed     81.44%
 197  Platynectes_sp5                     20.59%    passed     67.72%
 198  Porhydrus_lineatus                  20.29%    passed     92.01%
 199  Primospes_suturalis                 20.77%    passed     90.74%
 200  Prodatycus_pictus                   20.14%    passed     56.37%
 201  Rhantaticus_congestus               20.33%    passed     52.57%
 202  Rhantus_calidus                     20.51%    passed     90.03%
 203  Rhantus_cicurus                     20.14%    passed     93.22%
 204  Rhantus_grapii                      20.40%    passed     94.25%
 205  Rhantus_suturalis                   20.40%    passed     95.82%
 206  Rhithrodytes_bimaculatus            20.51%    passed     97.92%
 207  Rhithrodytes_sexguttatus            21.07%    passed     97.82%
 208  Sandracottus_bakewelli              22.66%    passed     28.78%
 209  Sanfilippodytes_terminalis          20.22%    passed     98.05%
 210  Scarodytes_halensis                 19.99%    passed     94.70%
 211  Sharphydrus_sp                      20.33%    passed     84.09%
 212  Spencerhydrus_latecinctus           20.18%    passed     75.06%
 213  Sternopriscus_hansardi              31.42%    passed     15.59%
 214  Stictonectes_epipleuricus           20.22%    passed     94.56%
 215  Stictonectes_optatus                20.22%    passed     94.58%
 216  Stictotarsus_bertrandi              19.99%    passed     84.34%
 217  Stictotarsus_duodecimpustulatus     20.10%    passed     56.33%
 218  Stictotarsus_falli                  21.33%    passed      5.09%
 219  Stictotarsus_ibericus               20.77%    passed     45.98%
 220  Stictotarsus_roffi                  23.18%    passed     41.66%
 221  Suphrodytes_dorsalis                20.25%    passed     90.49%
 222  Thermonectus_sp.                    20.51%    passed     92.08%
 223  Tiporus_josepheni                   20.25%    passed     18.39%
 224  Trichonectes_otini                  20.18%    passed     39.67%
 225  Tyndallhydrus_caraboides            20.33%    passed     59.81%
 226  Uvarus_peringueyi                   20.44%    passed     86.37%
 227  Vatellus_sp1                        33.20%    passed     82.93%
 228  Vatellus_sp2                        20.85%    passed     85.68%
 229  Yola_bicarinata                     20.25%    passed     41.23%
WARNING: 3 sequences contain more than 50% gaps/ambiguity
****  TOTAL                               22.58%  18 sequences failed composition chi2 test (p-value<5%; df=3)
Checking for duplicate sequences: done in 0.00245795 secs using 105.2% CPU


Create initial parsimony tree by phylogenetic likelihood library (PLL)... 0.169 seconds
Perform fast likelihood tree search using GTR+I+G model...
Estimate model parameters (epsilon = 5.000)
Perform nearest neighbor interchange...
Estimate model parameters (epsilon = 1.000)
1. Initial log-likelihood: -93367.378
Optimal log-likelihood: -93367.119
Rate parameters:  A-C: 1.56439  A-G: 8.96686  A-T: 10.29654  C-G: 4.99576  C-T: 14.04988  G-T: 1.00000
Base frequencies:  A: 0.291  C: 0.194  G: 0.201  T: 0.313
Proportion of invariable sites: 0.495
Gamma shape alpha: 0.684
Parameters optimization took 1 rounds (0.617 sec)
Time for fast ML tree search: 10.157 seconds

NOTE: ModelFinder requires 114 MB RAM!
ModelFinder will test up to 968 DNA models (sample size: 2696 epsilon: 0.100) ...
 No. Model         -LnL         df  AIC          AICc         BIC
  1  JC            125405.428   455 251720.857   251906.107   254405.140
  2  JC+I          109919.207   456 220750.414   220936.562   223440.598
  3  JC+G4         99325.623    456 199563.245   199749.393   202253.428
  4  JC+I+G4       98367.420    457 197648.840   197835.887   200344.923
  5  JC+R2         101797.515   457 204509.030   204696.077   207205.112
  6  JC+R3         99081.167    459 199080.334   199269.189   201788.216
  7  JC+R4         98316.724    461 197555.447   197746.121   200275.128
  8  JC+R5         98073.474    463 197072.948   197265.450   199804.428
  9  JC+R6         97958.631    465 196847.262   197041.603   199590.541
 10  JC+R7         97915.489    467 196764.979   196961.169   199520.057
 11  JC+R8         97914.624    469 196767.249   196965.299   199534.126
 14  JC+I+R2       100085.502   458 201087.003   201274.953   203788.985
 15  JC+I+R3       98702.818    460 198325.636   198515.399   201039.417
 16  JC+I+R4       98149.464    462 197222.927   197414.513   199948.507
 17  JC+I+R5       97979.000    464 196886.000   197079.420   199623.379
 18  JC+I+R6       97930.804    466 196793.607   196988.872   199542.786
 19  JC+I+R7       97927.008    468 196790.015   196987.134   199550.993
 32  JC+R7         97915.489    467 196764.979   196961.169   199520.057
 54  F81+R7        97915.272    467 196764.543   196960.734   199519.621
 76  F81+F+R7      96470.897    470 193881.795   194080.779   196654.571
 98  K2P+R7        97169.962    468 195275.925   195473.044   198036.902
120  K2P+R7        97169.962    468 195275.925   195473.044   198036.902
142  HKY+R7        97169.806    468 195275.612   195472.731   198036.589
164  HKY+F+R7      95254.109    471 191450.219   191650.140   194228.895
186  TNe+R7        97034.419    469 195006.838   195204.889   197773.715
208  TNe+R7        97034.419    469 195006.838   195204.889   197773.715
230  TN+R7         97034.367    469 195006.735   195204.785   197773.612
252  TN+F+R7       95125.071    472 191194.141   191395.001   193978.717
274  K3P+R7        94112.701    469 189163.402   189361.453   191930.279
296  K3P+R7        94112.701    469 189163.402   189361.453   191930.279
318  K3Pu+R7       94112.560    469 189163.120   189361.170   191929.997
340  K3Pu+F+R7     93232.993    472 187409.986   187610.846   190194.561
362  TPM2+R7       95614.328    469 192166.655   192364.706   194933.532
384  TPM2+R7       95614.328    469 192166.655   192364.705   194933.532
406  TPM2u+R7      95614.172    469 192166.345   192364.395   194933.222
428  TPM2u+F+R7    94487.735    472 189919.469   190120.329   192704.045
450  TPM3+R7       96226.531    469 193391.061   193589.112   196157.938
472  TPM3+R7       96226.531    469 193391.061   193589.112   196157.938
494  TPM3u+R7      96226.442    469 193390.885   193588.935   196157.762
516  TPM3u+F+R7    94869.583    472 190683.166   190884.026   193467.742
538  TIMe+R7       93978.108    470 188896.215   189095.200   191668.992
560  TIMe+R7       93978.108    470 188896.215   189095.200   191668.992
582  TIM+R7        93978.026    470 188896.053   189095.037   191668.829
604  TIM+F+R7      93109.799    473 187165.597   187367.399   189956.072
626  TIM2e+R7      95541.878    470 192023.757   192222.741   194796.533
648  TIM2e+R7      95541.878    470 192023.757   192222.741   194796.533
670  TIM2+R7       95541.792    470 192023.585   192222.569   194796.361
692  TIM2+F+R7     94366.805    473 189679.610   189881.412   192470.085
714  TIM3e+R7      96031.143    470 193002.287   193201.271   195775.063
736  TIM3e+R7      96031.143    470 193002.287   193201.271   195775.063
758  TIM3+R7       96031.081    470 193002.162   193201.146   195774.939
780  TIM3+F+R7     94747.451    473 190440.903   190642.705   193231.378
802  TVMe+R7       93400.005    471 187742.010   187941.931   190520.686
824  TVMe+R7       93400.005    471 187742.010   187941.931   190520.686
846  TVM+R7        93399.877    471 187741.755   187941.676   190520.431
868  TVM+F+R7      93047.080    474 187042.161   187244.907   189838.535
890  SYM+R7        93260.701    472 187465.401   187666.262   190249.977
912  SYM+R7        93260.701    472 187465.401   187666.262   190249.977
934  GTR+R7        93260.620    472 187465.240   187666.101   190249.816
956  GTR+F+R7      92921.850    475 186793.699   186997.393   189595.973
Akaike Information Criterion:           GTR+F+R7
Corrected Akaike Information Criterion: GTR+F+R7
Bayesian Information Criterion:         GTR+F+R7
Best-fit model: GTR+F+R7 chosen according to BIC

All model information printed to data_training/dna_M10933_229_2696.phy/output_files/iqtree/inference/pars_8.model.gz
CPU time for ModelFinder: 1323.761 seconds (0h:22m:3s)
Wall-clock time for ModelFinder: 1254.317 seconds (0h:20m:54s)

NOTE: 79 MB RAM (0 GB) is required!
Estimate model parameters (epsilon = 0.010)
1. Initial log-likelihood: -92921.850
2. Current log-likelihood: -92921.811
3. Current log-likelihood: -92921.780
4. Current log-likelihood: -92921.752
5. Current log-likelihood: -92921.738
6. Current log-likelihood: -92921.726
7. Current log-likelihood: -92921.712
8. Current log-likelihood: -92921.698
9. Current log-likelihood: -92921.684
10. Current log-likelihood: -92921.671
11. Current log-likelihood: -92921.657
12. Current log-likelihood: -92921.643
Optimal log-likelihood: -92921.629
Rate parameters:  A-C: 1.79560  A-G: 10.41375  A-T: 11.56977  C-G: 5.92932  C-T: 15.91504  G-T: 1.00000
Base frequencies:  A: 0.291  C: 0.194  G: 0.201  T: 0.313
Site proportion and rates:  (0.580,0.011) (0.109,0.211) (0.078,0.727) (0.056,1.636) (0.075,2.839) (0.065,4.760) (0.036,8.214)
Parameters optimization took 12 rounds (22.097 sec)
Wrote distance file to... 
BEST SCORE FOUND : -92921.629
Total tree length: 14.466

Total number of iterations: 0
CPU time used for tree search: 0.000 sec (0h:0m:0s)
Wall-clock time used for tree search: 0.000 sec (0h:0m:0s)
Total CPU time used: 1346.921 sec (0h:22m:26s)
Total wall-clock time used: 1276.503 sec (0h:21m:16s)

Analysis results written to: 
  IQ-TREE report:                data_training/dna_M10933_229_2696.phy/output_files/iqtree/inference/pars_8.iqtree
  Maximum-likelihood tree:       data_training/dna_M10933_229_2696.phy/output_files/iqtree/inference/pars_8.treefile
  Screen log file:               data_training/dna_M10933_229_2696.phy/output_files/iqtree/inference/pars_8.log

Date and Time: Thu Sep 25 06:06:16 2025
