IQ-TREE version 3.0.1 for Linux x86 64-bit built Sep 23 2025
Developed by Bui Quang Minh, Thomas Wong, Nhan Ly-Trong, Huaiyan Ren
Contributed by Lam-Tung Nguyen, Dominik Schrempf, Chris Bielow,
Olga Chernomor, Michael Woodhams, Diep Thi Hoang, Heiko Schmidt

Host:    cnode04.hpc.vast.vn (AVX512, FMA3, 125 GB RAM)
Command: /datausers/ioit/thaontp/tranthanhvan235/iqtree3/build/iqtree3 -s /datausers/ioit/thaontp/tranthanhvan235/data_treebase/remainMSAs/prot_M2926_105_899.phy -pre training_data/prot_M2926_105_899.phy/output_files/iqtree/inference/pars_9 -seed 9 -ninit 1 -T 1 -redo -n 0 -nt AUTO
Seed:    9 (Using SPRNG - Scalable Parallel Random Number Generator)
Time:    Fri Oct 17 19:07:54 2025
Kernel:  AVX+FMA - auto-detect threads (56 CPU cores detected)

Reading alignment file /datausers/ioit/thaontp/tranthanhvan235/data_treebase/remainMSAs/prot_M2926_105_899.phy ... Phylip format detected
Alignment most likely contains protein sequences
Constructing alignment: done in 0.00955281 secs using 4258% CPU
Alignment has 105 sequences with 899 columns, 869 distinct patterns
698 parsimony-informative, 113 singleton sites, 88 constant sites
                             Gap/Ambiguity  Composition  p-value
Analyzing sequences: done in 0.0600184 secs using 2331% CPU
   1  Aspergillus_nidulans_658158   44.72%    passed     40.19%
   2  Aspergillus_nidulans_658344   46.72%    passed     25.93%
   3  Aspergillus_nidulans_659034   44.72%    passed     97.49%
   4  Aspergillus_nidulans_659145   46.16%    failed      2.31%
   5  Aspergillus_nidulans_659189   44.16%    passed     85.51%
   6  Aspergillus_nidulans_659293   44.27%    passed     93.06%
   7  Aspergillus_nidulans_659337   36.37%    passed      8.64%
   8  Aspergillus_nidulans_660809   47.39%    passed     97.71%
   9  Aspergillus_nidulans_661195   40.38%    passed     21.78%
  10  Aspergillus_nidulans_661433   41.71%    passed     82.78%
  11  Aspergillus_nidulans_661654   46.38%    passed     95.58%
  12  Aspergillus_nidulans_661658   45.72%    passed     31.29%
  13  Aspergillus_nidulans_661730   44.38%    passed     95.01%
  14  Aspergillus_nidulans_662254   41.05%    passed     79.64%
  15  Aspergillus_nidulans_662424   44.49%    passed     99.06%
  16  Aspergillus_nidulans_662451   46.94%    passed     63.47%
  17  Aspergillus_nidulans_663039   46.27%    passed     95.89%
  18  Aspergillus_nidulans_663248   42.49%    passed     64.15%
  19  Aspergillus_nidulans_663626   32.15%    failed      0.04%
  20  Aspergillus_nidulans_664240   28.59%    passed     63.09%
  21  Aspergillus_nidulans_664745   47.72%    passed     89.31%
  22  Aspergillus_nidulans_680584   45.27%    passed     22.93%
  23  Aspergillus_nidulans_682303   43.16%    passed     99.80%
  24  Aspergillus_nidulans_682467   44.05%    passed     98.81%
  25  Aspergillus_nidulans_682547   38.26%    passed     36.80%
  26  Gibberella_zeae_380315        44.16%    passed     64.14%
  27  Gibberella_zeae_380666        37.82%    passed     86.24%
  28  Gibberella_zeae_380894        46.94%    passed     25.68%
  29  Gibberella_zeae_381155        45.27%    passed     64.17%
  30  Gibberella_zeae_381317        35.93%    passed     24.90%
  31  Gibberella_zeae_381935        45.05%    passed     82.56%
  32  Gibberella_zeae_382002        42.16%    passed     94.66%
  33  Gibberella_zeae_382336        44.94%    passed     47.51%
  34  Gibberella_zeae_382396        46.16%    passed     41.25%
  35  Gibberella_zeae_382449        44.38%    passed     97.57%
  36  Gibberella_zeae_382472        44.94%    passed     95.47%
  37  Gibberella_zeae_382568        44.72%    passed     56.53%
  38  Gibberella_zeae_383249        35.37%    failed      4.26%
  39  Gibberella_zeae_384112        43.83%    passed     85.26%
  40  Gibberella_zeae_384370        44.38%    passed     90.64%
  41  Gibberella_zeae_384372        45.05%    passed     61.66%
  42  Gibberella_zeae_384846        47.16%    passed     66.32%
  43  Gibberella_zeae_385551        43.38%    passed     28.87%
  44  Gibberella_zeae_386007        45.27%    passed     68.44%
  45  Gibberella_zeae_386928        45.49%    passed     78.73%
  46  Gibberella_zeae_387979        47.61%    passed     13.62%
  47  Gibberella_zeae_388772        31.81%    passed     23.20%
  48  Gibberella_zeae_389938        48.05%    passed     61.77%
  49  Gibberella_zeae_390136        40.82%    passed     13.73%
  50  Gibberella_zeae_390849        44.49%    passed     74.00%
  51  Gibberella_zeae_391718        46.50%    passed     77.15%
  52  Homo_sapiens_1                44.27%    passed     67.10%
  53  Homo_sapiens_10               46.05%    failed      3.40%
  54  Homo_sapiens_2                42.49%    passed     63.55%
  55  Homo_sapiens_3                49.61%    passed     23.51%
  56  Homo_sapiens_4                37.37%    passed     87.95%
  57  Homo_sapiens_5                42.49%    passed     69.15%
  58  Homo_sapiens_6                43.05%    passed     27.71%
  59  Homo_sapiens_7                47.94%    failed      0.09%
  60  Homo_sapiens_8                57.17%    failed      0.75%
  61  Homo_sapiens_9                45.16%    passed      6.39%
  62  Homo_sapiens_MMSDH            52.17%    passed     40.06%
  63  Homo_sapiens_SSDH             40.49%    passed     19.29%
  64  Magnaporthe_grisea_359769     44.72%    passed     85.29%
  65  Magnaporthe_grisea_360720     46.05%    passed     92.51%
  66  Magnaporthe_grisea_361426     44.83%    passed     50.96%
  67  Magnaporthe_grisea_363304     40.38%    passed     17.92%
  68  Magnaporthe_grisea_363680     39.60%    passed     78.74%
  69  Magnaporthe_grisea_364470     44.27%    passed     78.03%
  70  Magnaporthe_grisea_365289     40.82%    passed     19.23%
  71  Magnaporthe_grisea_366690     29.70%    passed     27.56%
  72  Magnaporthe_grisea_367345     33.59%    failed      0.97%
  73  Magnaporthe_grisea_367986     41.38%    passed     80.53%
  74  Magnaporthe_grisea_368525     41.82%    failed      0.84%
  75  Magnaporthe_grisea_368592     46.72%    passed     42.98%
  76  Magnaporthe_grisea_369055     33.26%    passed     48.73%
  77  Magnaporthe_grisea_369650     47.72%    passed     37.41%
  78  Magnaporthe_grisea_370036     64.40%    passed     30.23%
  79  Neurospora_crassa_956457      47.39%    passed     95.10%
  80  Neurospora_crassa_956862      45.05%    passed     65.91%
  81  Neurospora_crassa_957264      44.94%    passed     63.12%
  82  Neurospora_crassa_957628      40.71%    failed      1.11%
  83  Neurospora_crassa_958714      44.05%    passed     42.59%
  84  Neurospora_crassa_960135      44.83%    passed     99.21%
  85  Neurospora_crassa_962018      48.05%    passed     43.01%
  86  Neurospora_crassa_964012      47.05%    passed     95.93%
  87  Neurospora_crassa_964169      33.15%    failed      3.93%
  88  Neurospora_crassa_964549      41.60%    passed     49.07%
  89  Neurospora_crassa_964629      31.48%    passed     22.19%
  90  Neurospora_crassa_964701      39.38%    passed     73.13%
  91  Neurospora_crassa_964762      45.05%    passed     34.51%
  92  Ustilago_maydis_756361        45.94%    passed     66.24%
  93  Ustilago_maydis_757397        28.48%    passed     29.62%
  94  Ustilago_maydis_757397b       38.60%    passed     33.12%
  95  Ustilago_maydis_758655        45.16%    passed     84.71%
  96  Ustilago_maydis_758913        51.95%    passed     94.31%
  97  Ustilago_maydis_759549        46.38%    passed      8.53%
  98  Ustilago_maydis_759670        42.05%    passed     65.51%
  99  Ustilago_maydis_760193        43.05%    passed     15.90%
 100  Ustilago_maydis_760525        38.49%    failed      0.00%
 101  Ustilago_maydis_761554        32.37%    passed     12.02%
 102  Ustilago_maydis_761747        45.16%    passed     57.91%
 103  Ustilago_maydis_761757        44.27%    passed     62.67%
 104  Ustilago_maydis_762117        47.39%    passed     26.17%
 105  Ustilago_maydis_762570        28.81%    passed      7.48%
WARNING: 4 sequences contain more than 50% gaps/ambiguity
****  TOTAL                         43.08%  11 sequences failed composition chi2 test (p-value<5%; df=19)
Checking for duplicate sequences: done in 0.0851548 secs using 2193% CPU


Create initial parsimony tree by phylogenetic likelihood library (PLL)... 0.121 seconds
Measuring multi-threading efficiency up to 56 CPU cores
Increase to 10 rounds for branch lengths
9 trees examined
Threads: 1 / Time: 56.759 sec / Speedup: 1.000 / Efficiency: 100% / LogL: -113954
Threads: 2 / Time: 31.154 sec / Speedup: 1.822 / Efficiency: 91% / LogL: -113954
Threads: 3 / Time: 27.328 sec / Speedup: 2.077 / Efficiency: 69% / LogL: -113954
Threads: 4 / Time: 23.017 sec / Speedup: 2.466 / Efficiency: 62% / LogL: -113954
Threads: 5 / Time: 20.863 sec / Speedup: 2.721 / Efficiency: 54% / LogL: -113954
Threads: 6 / Time: 21.581 sec / Speedup: 2.630 / Efficiency: 44% / LogL: -113954
Determining AUTO threadcount: done in 180.732 secs using 264.9% CPU
BEST NUMBER OF THREADS: 5

Perform fast likelihood tree search using LG+I+G model...
Estimate model parameters (epsilon = 5.000)
Perform nearest neighbor interchange...
Estimate model parameters (epsilon = 1.000)
1. Initial log-likelihood: -84713.619
Optimal log-likelihood: -84712.561
Proportion of invariable sites: 0.009
Gamma shape alpha: 1.528
Parameters optimization took 1 rounds (1.321 sec)
Time for fast ML tree search: 12.650 seconds

NOTE: ModelFinder requires 144 MB RAM!
ModelFinder will test up to 1232 protein models (sample size: 899 epsilon: 0.100) ...
 No. Model         -LnL         df  AIC          AICc         BIC
  1  LG            87426.082    207 175266.164   175390.783   176260.029
  2  LG+I          87232.574    208 174881.148   175007.154   175879.815
  3  LG+G4         84753.283    208 169922.565   170048.571   170921.232
  4  LG+I+G4       84712.131    209 169842.262   169969.664   170845.730
  5  LG+R2         85262.109    209 170942.219   171069.621   171945.687
  6  LG+R3         84800.633    211 170023.267   170153.491   171036.337
  7  LG+R4         84633.588    213 169693.176   169826.262   170715.849
  8  LG+R5         84561.378    215 169552.756   169688.744   170585.032
  9  LG+R6         84540.939    217 169515.879   169654.810   170557.757
 10  LG+R7         84530.767    219 169499.535   169641.449   170551.016
 11  LG+R8         84530.593    221 169503.185   169648.125   170564.269
 14  LG+I+R2       85171.622    210 170763.245   170892.053   171771.514
 15  LG+I+R3       84760.274    212 169944.548   170076.199   170962.420
 16  LG+I+R4       84623.361    214 169674.721   169809.253   170702.196
 17  LG+I+R5       84556.857    216 169545.714   169683.168   170582.791
 18  LG+I+R6       84537.625    218 169511.251   169651.668   170557.930
 19  LG+I+R7       84527.752    220 169495.505   169638.927   170551.787
 20  LG+I+R8       84527.584    222 169499.168   169645.636   170565.053
 31  LG+F+R6       84505.702    236 169483.404   169652.383   170616.507
 32  LG+F+R7       84493.509    238 169463.018   169635.388   170605.723
 40  LG+F+I+R6     84503.466    237 169480.931   169651.600   170618.835
 41  LG+F+I+R7     84491.327    239 169460.655   169634.737   170608.161
 53  WAG+R6        84829.139    217 170092.278   170231.209   171134.156
 54  WAG+R7        84805.659    219 170049.318   170191.233   171100.799
 62  WAG+I+R6      84825.830    218 170087.660   170228.078   171134.340
 63  WAG+I+R7      84805.688    220 170051.377   170194.799   171107.659
 75  WAG+F+R6      84864.738    236 170201.476   170370.454   171334.578
 76  WAG+F+R7      84842.658    238 170161.315   170333.685   171304.021
 84  WAG+F+I+R6    84861.872    237 170197.744   170368.413   171335.648
 85  WAG+F+I+R7    84842.673    239 170163.345   170337.427   171310.852
 97  JTT+R6        85791.189    217 172016.377   172155.308   173058.256
 98  JTT+R7        85775.423    219 171988.847   172130.761   173040.328
106  JTT+I+R6      85787.814    218 172011.629   172152.046   173058.308
107  JTT+I+R7      85775.380    220 171990.759   172134.181   173047.041
119  JTT+F+R6      85943.424    236 172358.848   172527.827   173491.951
120  JTT+F+R7      85929.130    238 172334.259   172506.629   173476.965
128  JTT+F+I+R6    85940.056    237 172354.112   172524.781   173492.017
129  JTT+F+I+R7    85928.974    239 172335.947   172510.029   173483.454
141  Q.PFAM+R6     84448.220    217 169330.440   169469.371   170372.319
142  Q.PFAM+R7     84424.188    219 169286.376   169428.290   170337.857
150  Q.PFAM+I+R6   84443.154    218 169322.308   169462.725   170368.987
151  Q.PFAM+I+R7   84424.227    220 169288.453   169431.875   170344.735
163  Q.PFAM+F+R6   84486.977    236 169445.954   169614.932   170579.056
164  Q.PFAM+F+R7   84466.431    238 169408.862   169581.231   170551.567
172  Q.PFAM+F+I+R6 84482.424    237 169438.848   169609.516   170576.752
173  Q.PFAM+F+I+R7 84466.426    239 169410.853   169584.935   170558.359
185  Q.BIRD+R6     87858.009    217 176150.017   176288.948   177191.895
186  Q.BIRD+R7     87837.024    219 176112.049   176253.963   177163.530
194  Q.BIRD+I+R6   87851.015    218 176138.030   176278.448   177184.710
195  Q.BIRD+I+R7   87837.071    220 176114.143   176257.564   177170.425
207  Q.BIRD+F+R6   88175.197    236 176822.395   176991.373   177955.497
208  Q.BIRD+F+R7   88171.174    238 176818.348   176990.718   177961.053
216  Q.BIRD+F+I+R6 88167.965    237 176809.931   176980.599   177947.835
+I+R7 reinitialized from +I+R6 with factor 0.500
217  Q.BIRD+F+I+R7 88154.351    239 176786.703   176960.785   177934.210
229  Q.MAMMAL+R6   87070.317    217 174574.633   174713.564   175616.512
230  Q.MAMMAL+R7   87055.330    219 174548.659   174690.574   175600.140
238  Q.MAMMAL+I+R6 87065.627    218 174567.254   174707.672   175613.934
239  Q.MAMMAL+I+R7 87052.388    220 174544.776   174688.198   175601.059
251  Q.MAMMAL+F+R6 87325.830    236 175123.659   175292.638   176256.762
252  Q.MAMMAL+F+R7 87309.348    238 175094.696   175267.066   176237.401
260  Q.MAMMAL+F+I+R6 87319.387    237 175112.775   175283.443   176250.679
261  Q.MAMMAL+F+I+R7 87307.173    239 175092.346   175266.428   176239.853
273  Q.INSECT+R6   85231.795    217 170897.591   171036.522   171939.469
274  Q.INSECT+R7   85216.000    219 170870.001   171011.915   171921.482
282  Q.INSECT+I+R6 85227.880    218 170891.761   171032.179   171938.441
283  Q.INSECT+I+R7 85216.712    220 170873.423   171016.845   171929.705
295  Q.INSECT+F+R6 85241.954    236 170955.908   171124.887   172089.011
296  Q.INSECT+F+R7 85230.386    238 170936.772   171109.142   172079.478
304  Q.INSECT+F+I+R6 85238.165    237 170950.330   171120.999   172088.235
305  Q.INSECT+F+I+R7 85226.667    239 170931.334   171105.416   172078.841
317  Q.PLANT+R6    86203.121    217 172840.242   172979.173   173882.120
318  Q.PLANT+R7    86183.585    219 172805.170   172947.084   173856.651
326  Q.PLANT+I+R6  86198.428    218 172832.857   172973.275   173879.537
327  Q.PLANT+I+R7  86188.304    220 172816.608   172960.030   173872.890
339  Q.PLANT+F+R6  86232.773    236 172937.547   173106.526   174070.650
340  Q.PLANT+F+R7  86217.207    238 172910.415   173082.784   174053.120
348  Q.PLANT+F+I+R6 86228.574    237 172931.149   173101.818   174069.053
349  Q.PLANT+F+I+R7 86215.626    239 172909.251   173083.333   174056.758
361  Q.YEAST+R6    85144.720    217 170723.440   170862.371   171765.318
362  Q.YEAST+R7    85128.747    219 170695.494   170837.408   171746.975
370  Q.YEAST+I+R6  85140.724    218 170717.447   170857.865   171764.127
371  Q.YEAST+I+R7  85128.393    220 170696.785   170840.207   171753.068
383  Q.YEAST+F+R6  84898.022    236 170268.045   170437.023   171401.147
384  Q.YEAST+F+R7  84885.173    238 170246.346   170418.715   171389.051
392  Q.YEAST+F+I+R6 84893.836    237 170261.671   170432.340   171399.576
393  Q.YEAST+F+I+R7 84881.024    239 170240.047   170414.129   171387.554
405  JTTDCMUT+R6   85767.653    217 171969.306   172108.237   173011.184
406  JTTDCMUT+R7   85752.400    219 171942.800   172084.715   172994.281
414  JTTDCMUT+I+R6 85764.416    218 171964.832   172105.250   173011.512
415  JTTDCMUT+I+R7 85757.478    220 171954.955   172098.377   173011.238
427  JTTDCMUT+F+R6 85914.593    236 172301.186   172470.165   173434.289
428  JTTDCMUT+F+R7 85900.475    238 172276.950   172449.319   173419.655
436  JTTDCMUT+F+I+R6 85911.411    237 172296.822   172467.491   173434.726
437  JTTDCMUT+F+I+R7 85900.900    239 172279.799   172453.881   173427.306
449  DCMUT+R6      86176.816    217 172787.633   172926.564   173829.511
450  DCMUT+R7      86164.454    219 172766.907   172908.822   173818.388
458  DCMUT+I+R6    86174.594    218 172785.189   172925.606   173831.868
459  DCMUT+I+R7    86167.344    220 172774.688   172918.110   173830.970
471  DCMUT+F+R6    86268.273    236 173008.547   173177.526   174141.650
472  DCMUT+F+R7    86255.426    238 172986.852   173159.222   174129.558
480  DCMUT+F+I+R6  86265.881    237 173005.761   173176.430   174143.665
481  DCMUT+F+I+R7  86257.431    239 172992.862   173166.944   174140.369
493  VT+R6         84931.663    217 170297.325   170436.256   171339.204
494  VT+R7         84909.813    219 170257.626   170399.540   171309.107
502  VT+I+R6       84927.271    218 170290.542   170430.960   171337.222
503  VT+I+R7       84909.789    220 170259.577   170402.999   171315.860
515  VT+F+R6       84958.567    236 170389.133   170558.112   171522.236
516  VT+F+R7       84938.815    238 170353.630   170526.000   171496.336
524  VT+F+I+R6     84954.704    237 170383.408   170554.076   171521.312
525  VT+F+I+R7     84938.827    239 170355.654   170529.736   171503.161
537  PMB+R6        85139.443    217 170712.886   170851.817   171754.764
538  PMB+R7        85113.571    219 170665.142   170807.056   171716.623
546  PMB+I+R6      85135.486    218 170706.971   170847.389   171753.651
547  PMB+I+R7      85113.539    220 170667.078   170810.500   171723.360
559  PMB+F+R6      85148.561    236 170769.121   170938.100   171902.224
560  PMB+F+R7      85123.119    238 170722.238   170894.608   171864.943
568  PMB+F+I+R6    85145.021    237 170764.041   170934.710   171901.945
569  PMB+F+I+R7    85123.117    239 170724.234   170898.316   171871.741
581  BLOSUM62+R6   85110.828    217 170655.656   170794.587   171697.535
582  BLOSUM62+R7   85086.415    219 170610.831   170752.745   171662.312
590  BLOSUM62+I+R6 85106.012    218 170648.024   170788.442   171694.704
591  BLOSUM62+I+R7 85086.412    220 170612.824   170756.246   171669.106
603  BLOSUM62+F+R6 85040.395    236 170552.790   170721.769   171685.893
604  BLOSUM62+F+R7 85018.724    238 170513.447   170685.817   171656.153
612  BLOSUM62+F+I+R6 85036.335    237 170546.670   170717.338   171684.574
613  BLOSUM62+F+I+R7 85018.726    239 170515.453   170689.535   171662.959
625  DAYHOFF+R6    86180.372    217 172794.745   172933.676   173836.623
626  DAYHOFF+R7    86168.049    219 172774.098   172916.012   173825.579
634  DAYHOFF+I+R6  86178.167    218 172792.335   172932.752   173839.014
635  DAYHOFF+I+R7  86169.184    220 172778.368   172921.790   173834.650
647  DAYHOFF+F+R6  86272.701    236 173017.402   173186.381   174150.505
648  DAYHOFF+F+R7  86259.913    238 172995.826   173168.196   174138.531
656  DAYHOFF+F+I+R6 86270.321    237 173014.641   173185.310   174152.545
657  DAYHOFF+F+I+R7 86259.433    239 172996.867   173170.949   174144.373
669  MTREV+R6      89697.060    217 179828.121   179967.052   180869.999
670  MTREV+R7      89678.873    219 179795.745   179937.660   180847.226
678  MTREV+I+R6    89694.541    218 179825.081   179965.499   180871.761
679  MTREV+I+R7    89679.037    220 179798.074   179941.496   180854.356
691  MTREV+F+R6    86734.210    236 173940.420   174109.399   175073.523
692  MTREV+F+R7    86698.123    238 173872.247   174044.616   175014.952
700  MTREV+F+I+R6  86733.633    237 173941.265   174111.934   175079.170
701  MTREV+F+I+R7  86698.166    239 173874.332   174048.414   175021.839
713  MTART+R6      90543.967    217 181521.933   181660.864   182563.812
714  MTART+R7      90509.902    219 181457.805   181599.719   182509.286
722  MTART+I+R6    90535.383    218 181506.766   181647.183   182553.445
723  MTART+I+R7    90503.674    220 181447.348   181590.769   182503.630
735  MTART+F+R6    87534.472    236 175540.944   175709.923   176674.047
736  MTART+F+R7    87482.140    238 175440.280   175612.650   176582.986
744  MTART+F+I+R6  87527.813    237 175529.625   175700.294   176667.529
745  MTART+F+I+R7  87476.475    239 175430.950   175605.032   176578.457
757  MTZOA+R6      88343.529    217 177121.058   177259.989   178162.936
758  MTZOA+R7      88316.879    219 177071.758   177213.672   178123.239
766  MTZOA+I+R6    88337.752    218 177111.504   177251.921   178158.183
767  MTZOA+I+R7    88310.777    220 177061.553   177204.975   178117.836
779  MTZOA+F+R6    86585.262    236 173642.525   173811.504   174775.628
780  MTZOA+F+R7    86544.307    238 173564.614   173736.983   174707.319
788  MTZOA+F+I+R6  86579.580    237 173633.160   173803.829   174771.064
789  MTZOA+F+I+R7  86538.152    239 173554.303   173728.385   174701.810
801  MTMET+R6      90196.978    217 180827.956   180966.887   181869.834
802  MTMET+R7      90168.613    219 180775.227   180917.141   181826.708
810  MTMET+I+R6    90193.307    218 180822.615   180963.032   181869.294
811  MTMET+I+R7    90165.162    220 180770.325   180913.747   181826.607
823  MTMET+F+R6    87206.906    236 174885.812   175054.791   176018.915
824  MTMET+F+R7    87170.711    238 174817.422   174989.792   175960.127
832  MTMET+F+I+R6  87201.538    237 174877.075   175047.744   176014.979
833  MTMET+F+I+R7  87166.044    239 174810.088   174984.170   175957.595
845  MTVER+R6      91068.258    217 182570.516   182709.447   183612.395
846  MTVER+R7      91030.972    219 182499.944   182641.859   183551.425
854  MTVER+I+R6    91065.598    218 182567.197   182707.614   183613.876
855  MTVER+I+R7    91028.679    220 182497.358   182640.780   183553.640
867  MTVER+F+R6    88534.177    236 177540.354   177709.333   178673.456
868  MTVER+F+R7    88498.433    238 177472.866   177645.235   178615.571
876  MTVER+F+I+R6  88528.738    237 177531.475   177702.144   178669.379
877  MTVER+F+I+R7  88493.327    239 177464.655   177638.737   178612.161
889  MTINV+R6      90418.801    217 181271.602   181410.533   182313.481
890  MTINV+R7      90395.168    219 181228.336   181370.250   182279.817
898  MTINV+I+R6    90413.132    218 181262.263   181402.681   182308.943
899  MTINV+I+R7    90389.795    220 181219.590   181363.012   182275.873
911  MTINV+F+R6    86286.853    236 173045.707   173214.685   174178.809
912  MTINV+F+R7    86255.758    238 172987.517   173159.886   174130.222
920  MTINV+F+I+R6  86281.768    237 173037.537   173208.205   174175.441
921  MTINV+F+I+R7  86251.762    239 172981.524   173155.606   174129.031
933  MTMAM+R6      92242.668    217 184919.337   185058.268   185961.215
934  MTMAM+R7      92221.700    219 184881.399   185023.314   185932.880
942  MTMAM+I+R6    92262.256    218 184960.513   185100.930   186007.192
943  MTMAM+I+R7    92218.600    220 184877.200   185020.622   185933.482
955  MTMAM+F+R6    89153.157    236 178778.315   178947.293   179911.417
956  MTMAM+F+R7    89141.016    238 178758.033   178930.403   179900.738
964  MTMAM+F+I+R6  89184.797    237 178843.594   179014.263   179981.498
965  MTMAM+F+I+R7  89137.516    239 178753.032   178927.114   179900.538
977  FLAVI+R6      90278.342    217 180990.684   181129.615   182032.563
978  FLAVI+R7      90250.959    219 180939.917   181081.832   181991.398
986  FLAVI+I+R6    90268.102    218 180972.204   181112.621   182018.883
987  FLAVI+I+R7    90240.673    220 180921.346   181064.768   181977.629
999  FLAVI+F+R6    90123.782    236 180719.563   180888.542   181852.666
1000  FLAVI+F+R7    90096.984    238 180669.967   180842.337   181812.672
1008  FLAVI+F+I+R6  90112.928    237 180699.857   180870.525   181837.761
1009  FLAVI+F+I+R7  90085.767    239 180649.534   180823.616   181797.041
1021  HIVB+R6       88446.775    217 177327.549   177466.480   178369.428
1022  HIVB+R7       88417.123    219 177272.245   177414.160   178323.726
1030  HIVB+I+R6     88439.309    218 177314.618   177455.035   178361.297
1031  HIVB+I+R7     88417.004    220 177274.009   177417.430   178330.291
1043  HIVB+F+R6     88237.778    236 176947.556   177116.535   178080.659
1044  HIVB+F+R7     88204.055    238 176884.110   177056.480   178026.816
1052  HIVB+F+I+R6   88230.614    237 176935.227   177105.896   178073.132
1053  HIVB+F+I+R7   88203.681    239 176885.363   177059.445   178032.870
1065  HIVW+R6       92884.102    217 186202.204   186341.135   187244.082
1066  HIVW+R7       92853.548    219 186145.096   186287.011   187196.577
1074  HIVW+I+R6     92870.765    218 186177.530   186317.948   187224.210
1075  HIVW+I+R7     92853.559    220 186147.119   186290.541   187203.401
1087  HIVW+F+R6     91294.245    236 183060.490   183229.469   184193.593
1088  HIVW+F+R7     91264.007    238 183004.015   183176.384   184146.720
1096  HIVW+F+I+R6   91282.020    237 183038.039   183208.708   184175.943
1097  HIVW+F+I+R7   91263.992    239 183005.984   183180.066   184153.491
1109  FLU+R6        88150.382    217 176734.765   176873.696   177776.643
1110  FLU+R7        88121.580    219 176681.160   176823.074   177732.641
1118  FLU+I+R6      88140.531    218 176717.062   176857.480   177763.742
1119  FLU+I+R7      88121.597    220 176683.195   176826.617   177739.477
1131  FLU+F+R6      87584.169    236 175640.339   175809.318   176773.442
1132  FLU+F+R7      87554.465    238 175584.930   175757.300   176727.636
1140  FLU+F+I+R6    87572.434    237 175618.868   175789.536   176756.772
1141  FLU+F+I+R7    87554.461    239 175586.923   175761.005   176734.429
1153  RTREV+R6      85110.665    217 170655.330   170794.261   171697.208
1154  RTREV+R7      85083.679    219 170605.358   170747.273   171656.839
1162  RTREV+I+R6    85102.910    218 170641.820   170782.238   171688.500
1163  RTREV+I+R7    85083.731    220 170607.462   170750.884   171663.745
1175  RTREV+F+R6    84688.742    236 169849.484   170018.463   170982.587
1176  RTREV+F+R7    84664.805    238 169805.609   169977.979   170948.314
1184  RTREV+F+I+R6  84686.088    237 169846.177   170016.846   170984.081
1185  RTREV+F+I+R7  84664.432    239 169806.864   169980.946   170954.371
1197  CPREV+R6      85727.908    217 171889.817   172028.748   172931.695
1198  CPREV+R7      85694.675    219 171827.351   171969.266   172878.832
1206  CPREV+I+R6    85720.622    218 171877.244   172017.662   172923.924
1207  CPREV+I+R7    85694.707    220 171829.413   171972.835   172885.696
1219  CPREV+F+R6    85564.038    236 171600.075   171769.054   172733.178
1220  CPREV+F+R7    85534.366    238 171544.733   171717.103   172687.438
1228  CPREV+F+I+R6  85555.955    237 171585.911   171756.580   172723.815
1229  CPREV+F+I+R7  85534.404    239 171546.808   171720.890   172694.315
Akaike Information Criterion:           Q.PFAM+R7
Corrected Akaike Information Criterion: Q.PFAM+R7
Bayesian Information Criterion:         Q.PFAM+R7
Best-fit model: Q.PFAM+R7 chosen according to BIC

All model information printed to training_data/prot_M2926_105_899.phy/output_files/iqtree/inference/pars_9.model.gz
CPU time for ModelFinder: 22455.872 seconds (6h:14m:15s)
Wall-clock time for ModelFinder: 5085.849 seconds (1h:24m:45s)

NOTE: 101 MB RAM (0 GB) is required!
Estimate model parameters (epsilon = 0.010)
1. Initial log-likelihood: -84446.179
2. Current log-likelihood: -84425.371
3. Current log-likelihood: -84424.734
4. Current log-likelihood: -84424.483
5. Current log-likelihood: -84424.341
6. Current log-likelihood: -84424.278
7. Current log-likelihood: -84424.240
8. Current log-likelihood: -84424.218
9. Current log-likelihood: -84424.205
Optimal log-likelihood: -84424.197
Site proportion and rates:  (0.027,0.017) (0.044,0.115) (0.138,0.277) (0.203,0.502) (0.276,0.884) (0.241,1.385) (0.071,3.906)
Parameters optimization took 9 rounds (56.371 sec)
Wrote distance file to... 
BEST SCORE FOUND : -84424.197
Total tree length: 87.135

Total number of iterations: 0
CPU time used for tree search: 0.000 sec (0h:0m:0s)
Wall-clock time used for tree search: 0.000 sec (0h:0m:0s)
Total CPU time used: 22705.039 sec (6h:18m:25s)
Total wall-clock time used: 5142.414 sec (1h:25m:42s)

Analysis results written to: 
  IQ-TREE report:                training_data/prot_M2926_105_899.phy/output_files/iqtree/inference/pars_9.iqtree
  Maximum-likelihood tree:       training_data/prot_M2926_105_899.phy/output_files/iqtree/inference/pars_9.treefile
  Screen log file:               training_data/prot_M2926_105_899.phy/output_files/iqtree/inference/pars_9.log

Date and Time: Fri Oct 17 20:33:37 2025
ee/inference/pars_9.log

Date and Time: Fri Oct 17 20:33:37 2025
