IQ-TREE version 3.0.1 for Linux x86 64-bit built Sep 23 2025
Developed by Bui Quang Minh, Thomas Wong, Nhan Ly-Trong, Huaiyan Ren
Contributed by Lam-Tung Nguyen, Dominik Schrempf, Chris Bielow,
Olga Chernomor, Michael Woodhams, Diep Thi Hoang, Heiko Schmidt

Host:    cnode04.hpc.vast.vn (AVX512, FMA3, 125 GB RAM)
Command: /datausers/ioit/thaontp/tranthanhvan235/iqtree3/build/iqtree3 -s /datausers/ioit/thaontp/tranthanhvan235/data_treebase/remainMSAs/prot_M2926_105_899.phy -pre training_data/prot_M2926_105_899.phy/output_files/iqtree/inference/pars_10 -seed 10 -ninit 1 -T 1 -redo -n 0 -nt AUTO
Seed:    10 (Using SPRNG - Scalable Parallel Random Number Generator)
Time:    Wed Oct 15 21:16:42 2025
Kernel:  AVX+FMA - auto-detect threads (56 CPU cores detected)

Reading alignment file /datausers/ioit/thaontp/tranthanhvan235/data_treebase/remainMSAs/prot_M2926_105_899.phy ... Phylip format detected
Alignment most likely contains protein sequences
Constructing alignment: done in 0.00803029 secs using 1384% CPU
Alignment has 105 sequences with 899 columns, 869 distinct patterns
698 parsimony-informative, 113 singleton sites, 88 constant sites
                             Gap/Ambiguity  Composition  p-value
Analyzing sequences: done in 0.0550244 secs using 1958% CPU
   1  Aspergillus_nidulans_658158   44.72%    passed     40.19%
   2  Aspergillus_nidulans_658344   46.72%    passed     25.93%
   3  Aspergillus_nidulans_659034   44.72%    passed     97.49%
   4  Aspergillus_nidulans_659145   46.16%    failed      2.31%
   5  Aspergillus_nidulans_659189   44.16%    passed     85.51%
   6  Aspergillus_nidulans_659293   44.27%    passed     93.06%
   7  Aspergillus_nidulans_659337   36.37%    passed      8.64%
   8  Aspergillus_nidulans_660809   47.39%    passed     97.71%
   9  Aspergillus_nidulans_661195   40.38%    passed     21.78%
  10  Aspergillus_nidulans_661433   41.71%    passed     82.78%
  11  Aspergillus_nidulans_661654   46.38%    passed     95.58%
  12  Aspergillus_nidulans_661658   45.72%    passed     31.29%
  13  Aspergillus_nidulans_661730   44.38%    passed     95.01%
  14  Aspergillus_nidulans_662254   41.05%    passed     79.64%
  15  Aspergillus_nidulans_662424   44.49%    passed     99.06%
  16  Aspergillus_nidulans_662451   46.94%    passed     63.47%
  17  Aspergillus_nidulans_663039   46.27%    passed     95.89%
  18  Aspergillus_nidulans_663248   42.49%    passed     64.15%
  19  Aspergillus_nidulans_663626   32.15%    failed      0.04%
  20  Aspergillus_nidulans_664240   28.59%    passed     63.09%
  21  Aspergillus_nidulans_664745   47.72%    passed     89.31%
  22  Aspergillus_nidulans_680584   45.27%    passed     22.93%
  23  Aspergillus_nidulans_682303   43.16%    passed     99.80%
  24  Aspergillus_nidulans_682467   44.05%    passed     98.81%
  25  Aspergillus_nidulans_682547   38.26%    passed     36.80%
  26  Gibberella_zeae_380315        44.16%    passed     64.14%
  27  Gibberella_zeae_380666        37.82%    passed     86.24%
  28  Gibberella_zeae_380894        46.94%    passed     25.68%
  29  Gibberella_zeae_381155        45.27%    passed     64.17%
  30  Gibberella_zeae_381317        35.93%    passed     24.90%
  31  Gibberella_zeae_381935        45.05%    passed     82.56%
  32  Gibberella_zeae_382002        42.16%    passed     94.66%
  33  Gibberella_zeae_382336        44.94%    passed     47.51%
  34  Gibberella_zeae_382396        46.16%    passed     41.25%
  35  Gibberella_zeae_382449        44.38%    passed     97.57%
  36  Gibberella_zeae_382472        44.94%    passed     95.47%
  37  Gibberella_zeae_382568        44.72%    passed     56.53%
  38  Gibberella_zeae_383249        35.37%    failed      4.26%
  39  Gibberella_zeae_384112        43.83%    passed     85.26%
  40  Gibberella_zeae_384370        44.38%    passed     90.64%
  41  Gibberella_zeae_384372        45.05%    passed     61.66%
  42  Gibberella_zeae_384846        47.16%    passed     66.32%
  43  Gibberella_zeae_385551        43.38%    passed     28.87%
  44  Gibberella_zeae_386007        45.27%    passed     68.44%
  45  Gibberella_zeae_386928        45.49%    passed     78.73%
  46  Gibberella_zeae_387979        47.61%    passed     13.62%
  47  Gibberella_zeae_388772        31.81%    passed     23.20%
  48  Gibberella_zeae_389938        48.05%    passed     61.77%
  49  Gibberella_zeae_390136        40.82%    passed     13.73%
  50  Gibberella_zeae_390849        44.49%    passed     74.00%
  51  Gibberella_zeae_391718        46.50%    passed     77.15%
  52  Homo_sapiens_1                44.27%    passed     67.10%
  53  Homo_sapiens_10               46.05%    failed      3.40%
  54  Homo_sapiens_2                42.49%    passed     63.55%
  55  Homo_sapiens_3                49.61%    passed     23.51%
  56  Homo_sapiens_4                37.37%    passed     87.95%
  57  Homo_sapiens_5                42.49%    passed     69.15%
  58  Homo_sapiens_6                43.05%    passed     27.71%
  59  Homo_sapiens_7                47.94%    failed      0.09%
  60  Homo_sapiens_8                57.17%    failed      0.75%
  61  Homo_sapiens_9                45.16%    passed      6.39%
  62  Homo_sapiens_MMSDH            52.17%    passed     40.06%
  63  Homo_sapiens_SSDH             40.49%    passed     19.29%
  64  Magnaporthe_grisea_359769     44.72%    passed     85.29%
  65  Magnaporthe_grisea_360720     46.05%    passed     92.51%
  66  Magnaporthe_grisea_361426     44.83%    passed     50.96%
  67  Magnaporthe_grisea_363304     40.38%    passed     17.92%
  68  Magnaporthe_grisea_363680     39.60%    passed     78.74%
  69  Magnaporthe_grisea_364470     44.27%    passed     78.03%
  70  Magnaporthe_grisea_365289     40.82%    passed     19.23%
  71  Magnaporthe_grisea_366690     29.70%    passed     27.56%
  72  Magnaporthe_grisea_367345     33.59%    failed      0.97%
  73  Magnaporthe_grisea_367986     41.38%    passed     80.53%
  74  Magnaporthe_grisea_368525     41.82%    failed      0.84%
  75  Magnaporthe_grisea_368592     46.72%    passed     42.98%
  76  Magnaporthe_grisea_369055     33.26%    passed     48.73%
  77  Magnaporthe_grisea_369650     47.72%    passed     37.41%
  78  Magnaporthe_grisea_370036     64.40%    passed     30.23%
  79  Neurospora_crassa_956457      47.39%    passed     95.10%
  80  Neurospora_crassa_956862      45.05%    passed     65.91%
  81  Neurospora_crassa_957264      44.94%    passed     63.12%
  82  Neurospora_crassa_957628      40.71%    failed      1.11%
  83  Neurospora_crassa_958714      44.05%    passed     42.59%
  84  Neurospora_crassa_960135      44.83%    passed     99.21%
  85  Neurospora_crassa_962018      48.05%    passed     43.01%
  86  Neurospora_crassa_964012      47.05%    passed     95.93%
  87  Neurospora_crassa_964169      33.15%    failed      3.93%
  88  Neurospora_crassa_964549      41.60%    passed     49.07%
  89  Neurospora_crassa_964629      31.48%    passed     22.19%
  90  Neurospora_crassa_964701      39.38%    passed     73.13%
  91  Neurospora_crassa_964762      45.05%    passed     34.51%
  92  Ustilago_maydis_756361        45.94%    passed     66.24%
  93  Ustilago_maydis_757397        28.48%    passed     29.62%
  94  Ustilago_maydis_757397b       38.60%    passed     33.12%
  95  Ustilago_maydis_758655        45.16%    passed     84.71%
  96  Ustilago_maydis_758913        51.95%    passed     94.31%
  97  Ustilago_maydis_759549        46.38%    passed      8.53%
  98  Ustilago_maydis_759670        42.05%    passed     65.51%
  99  Ustilago_maydis_760193        43.05%    passed     15.90%
 100  Ustilago_maydis_760525        38.49%    failed      0.00%
 101  Ustilago_maydis_761554        32.37%    passed     12.02%
 102  Ustilago_maydis_761747        45.16%    passed     57.91%
 103  Ustilago_maydis_761757        44.27%    passed     62.67%
 104  Ustilago_maydis_762117        47.39%    passed     26.17%
 105  Ustilago_maydis_762570        28.81%    passed      7.48%
WARNING: 4 sequences contain more than 50% gaps/ambiguity
****  TOTAL                         43.08%  11 sequences failed composition chi2 test (p-value<5%; df=19)
Checking for duplicate sequences: done in 0.052084 secs using 2598% CPU


Create initial parsimony tree by phylogenetic likelihood library (PLL)... 0.150 seconds
Measuring multi-threading efficiency up to 56 CPU cores
Increase to 10 rounds for branch lengths
9 trees examined
Threads: 1 / Time: 61.050 sec / Speedup: 1.000 / Efficiency: 100% / LogL: -112955
Threads: 2 / Time: 39.897 sec / Speedup: 1.530 / Efficiency: 77% / LogL: -112955
Threads: 3 / Time: 30.123 sec / Speedup: 2.027 / Efficiency: 68% / LogL: -112955
Threads: 4 / Time: 33.826 sec / Speedup: 1.805 / Efficiency: 45% / LogL: -112955
Determining AUTO threadcount: done in 164.929 secs using 185.8% CPU
BEST NUMBER OF THREADS: 3

Perform fast likelihood tree search using LG+I+G model...
Estimate model parameters (epsilon = 5.000)
Perform nearest neighbor interchange...
Estimate model parameters (epsilon = 1.000)
1. Initial log-likelihood: -84714.494
2. Current log-likelihood: -84713.469
Optimal log-likelihood: -84712.937
Proportion of invariable sites: 0.009
Gamma shape alpha: 1.503
Parameters optimization took 2 rounds (3.028 sec)
Time for fast ML tree search: 18.592 seconds

NOTE: ModelFinder requires 144 MB RAM!
ModelFinder will test up to 1232 protein models (sample size: 899 epsilon: 0.100) ...
 No. Model         -LnL         df  AIC          AICc         BIC
  1  LG            87427.106    207 175268.211   175392.831   176262.077
  2  LG+I          87233.758    208 174883.515   175009.521   175882.182
  3  LG+G4         84753.526    208 169923.051   170049.057   170921.718
  4  LG+I+G4       84712.552    209 169843.105   169970.507   170846.573
  5  LG+R2         85262.631    209 170943.262   171070.664   171946.730
  6  LG+R3         84803.445    211 170028.890   170159.114   171041.961
  7  LG+R4         84639.416    213 169704.833   169837.919   170727.506
  8  LG+R5         84562.343    215 169554.685   169690.674   170586.961
  9  LG+R6         84543.664    217 169521.329   169660.260   170563.207
 10  LG+R7         84533.345    219 169504.690   169646.605   170556.171
 11  LG+R8         84533.309    221 169508.617   169653.557   170569.701
 14  LG+I+R2       85172.277    210 170764.553   170893.361   171772.823
 15  LG+I+R3       84764.605    212 169953.211   170084.861   170971.083
 16  LG+I+R4       84628.687    214 169685.375   169819.907   170712.849
 17  LG+I+R5       84557.051    216 169546.101   169683.556   170583.179
 18  LG+I+R6       84540.045    218 169516.089   169656.507   170562.769
 19  LG+I+R7       84529.908    220 169499.816   169643.238   170556.098
 20  LG+I+R8       84529.721    222 169503.443   169649.910   170569.328
 31  LG+F+R6       84504.793    236 169481.586   169650.565   170614.689
 32  LG+F+R7       84493.230    238 169462.461   169634.831   170605.166
 40  LG+F+I+R6     84502.212    237 169478.423   169649.092   170616.327
 41  LG+F+I+R7     84490.885    239 169459.771   169633.853   170607.277
 53  WAG+R6        84837.375    217 170108.749   170247.680   171150.628
 54  WAG+R7        84807.144    219 170052.288   170194.202   171103.769
 62  WAG+I+R6      84828.268    218 170092.536   170232.953   171139.216
 63  WAG+I+R7      84807.179    220 170054.359   170197.780   171110.641
 75  WAG+F+R6      84864.826    236 170201.652   170370.631   171334.755
 76  WAG+F+R7      84841.492    238 170158.985   170331.355   171301.690
 84  WAG+F+I+R6    84861.612    237 170197.223   170367.892   171335.127
 85  WAG+F+I+R7    84841.510    239 170161.020   170335.102   171308.526
 97  JTT+R6        85794.119    217 172022.239   172161.170   173064.117
 98  JTT+R7        85776.660    219 171991.320   172133.234   173042.801
106  JTT+I+R6      85790.450    218 172016.899   172157.317   173063.579
107  JTT+I+R7      85776.646    220 171993.292   172136.714   173049.575
119  JTT+F+R6      85943.279    236 172358.558   172527.537   173491.661
120  JTT+F+R7      85927.228    238 172330.455   172502.825   173473.161
128  JTT+F+I+R6    85939.672    237 172353.345   172524.013   173491.249
129  JTT+F+I+R7    85927.200    239 172332.400   172506.481   173479.906
141  Q.PFAM+R6     84450.791    217 169335.581   169474.512   170377.460
142  Q.PFAM+R7     84424.390    219 169286.780   169428.694   170338.261
150  Q.PFAM+I+R6   84444.303    218 169324.606   169465.024   170371.286
151  Q.PFAM+I+R7   84424.398    220 169288.797   169432.219   170345.079
163  Q.PFAM+F+R6   84487.617    236 169447.234   169616.213   170580.337
164  Q.PFAM+F+R7   84465.016    238 169406.032   169578.401   170548.737
172  Q.PFAM+F+I+R6 84481.977    237 169437.954   169608.623   170575.858
173  Q.PFAM+F+I+R7 84465.013    239 169408.025   169582.107   170555.532
185  Q.BIRD+R6     87867.861    217 176169.722   176308.653   177211.600
186  Q.BIRD+R7     87844.378    219 176126.755   176268.670   177178.236
194  Q.BIRD+I+R6   87859.845    218 176155.690   176296.108   177202.370
195  Q.BIRD+I+R7   87844.045    220 176128.091   176271.513   177184.373
207  Q.BIRD+F+R6   88179.539    236 176831.077   177000.056   177964.180
208  Q.BIRD+F+R7   88173.629    238 176823.259   176995.628   177965.964
216  Q.BIRD+F+I+R6 88185.202    237 176844.403   177015.072   177982.307
217  Q.BIRD+F+I+R7 88173.471    239 176824.942   176999.023   177972.448
229  Q.MAMMAL+R6   87077.974    217 174589.948   174728.879   175631.827
230  Q.MAMMAL+R7   87061.599    219 174561.197   174703.112   175612.678
238  Q.MAMMAL+I+R6 87077.865    218 174591.730   174732.147   175638.409
239  Q.MAMMAL+I+R7 87061.251    220 174562.502   174705.923   175618.784
251  Q.MAMMAL+F+R6 87330.478    236 175132.956   175301.935   176266.059
252  Q.MAMMAL+F+R7 87318.970    238 175113.940   175286.310   176256.645
260  Q.MAMMAL+F+I+R6 87331.279    237 175136.557   175307.226   176274.461
261  Q.MAMMAL+F+I+R7 87318.866    239 175115.732   175289.814   176263.239
273  Q.INSECT+R6   85235.642    217 170905.283   171044.214   171947.162
274  Q.INSECT+R7   85218.428    219 170874.856   171016.771   171926.337
282  Q.INSECT+I+R6 85233.235    218 170902.471   171042.888   171949.150
283  Q.INSECT+I+R7 85218.337    220 170876.673   171020.095   171932.955
295  Q.INSECT+F+R6 85241.502    236 170955.003   171123.982   172088.106
296  Q.INSECT+F+R7 85228.484    238 170932.969   171105.338   172075.674
304  Q.INSECT+F+I+R6 85238.369    237 170950.739   171121.407   172088.643
305  Q.INSECT+F+I+R7 85228.428    239 170934.855   171108.937   172082.362
317  Q.PLANT+R6    86206.576    217 172847.151   172986.082   173889.030
318  Q.PLANT+R7    86190.243    219 172818.487   172960.401   173869.968
326  Q.PLANT+I+R6  86207.086    218 172850.172   172990.589   173896.852
327  Q.PLANT+I+R7  86189.691    220 172819.382   172962.804   173875.664
339  Q.PLANT+F+R6  86232.154    236 172936.309   173105.288   174069.412
340  Q.PLANT+F+R7  86219.014    238 172914.028   173086.397   174056.733
348  Q.PLANT+F+I+R6 86233.507    237 172941.013   173111.682   174078.917
349  Q.PLANT+F+I+R7 86218.855    239 172915.709   173089.791   174063.216
361  Q.YEAST+R6    85147.144    217 170728.287   170867.218   171770.166
362  Q.YEAST+R7    85127.113    219 170692.226   170834.140   171743.707
370  Q.YEAST+I+R6  85140.996    218 170717.991   170858.409   171764.671
371  Q.YEAST+I+R7  85126.943    220 170693.887   170837.309   171750.169
383  Q.YEAST+F+R6  84895.811    236 170263.623   170432.601   171396.725
384  Q.YEAST+F+R7  84878.642    238 170233.284   170405.654   171375.990
392  Q.YEAST+F+I+R6 84889.369    237 170252.738   170423.406   171390.642
393  Q.YEAST+F+I+R7 84878.477    239 170234.953   170409.035   171382.460
405  JTTDCMUT+R6   85771.033    217 171976.066   172114.997   173017.944
406  JTTDCMUT+R7   85754.134    219 171946.268   172088.183   172997.749
414  JTTDCMUT+I+R6 85767.517    218 171971.034   172111.452   173017.714
415  JTTDCMUT+I+R7 85754.111    220 171948.223   172091.644   173004.505
427  JTTDCMUT+F+R6 85915.124    236 172302.249   172471.227   173435.351
428  JTTDCMUT+F+R7 85899.308    238 172274.617   172446.987   173417.322
436  JTTDCMUT+F+I+R6 85911.721    237 172297.442   172468.111   173435.346
437  JTTDCMUT+F+I+R7 85899.275    239 172276.550   172450.632   173424.057
449  DCMUT+R6      86183.133    217 172800.265   172939.196   173842.143
450  DCMUT+R7      86170.008    219 172778.015   172919.930   173829.496
458  DCMUT+I+R6    86180.726    218 172797.453   172937.871   173844.133
459  DCMUT+I+R7    86170.066    220 172780.132   172923.554   173836.414
471  DCMUT+F+R6    86272.981    236 173017.961   173186.940   174151.064
472  DCMUT+F+R7    86258.146    238 172992.292   173164.662   174134.997
480  DCMUT+F+I+R6  86270.392    237 173014.785   173185.453   174152.689
481  DCMUT+F+I+R7  86258.129    239 172994.258   173168.340   174141.765
493  VT+R6         84934.325    217 170302.650   170441.581   171344.528
494  VT+R7         84911.174    219 170260.349   170402.263   171311.830
502  VT+I+R6       84929.483    218 170294.967   170435.384   171341.646
503  VT+I+R7       84911.174    220 170262.348   170405.770   171318.630
515  VT+F+R6       84958.917    236 170389.833   170558.812   171522.936
516  VT+F+R7       84937.673    238 170351.346   170523.716   171494.052
524  VT+F+I+R6     84954.642    237 170383.284   170553.953   171521.188
525  VT+F+I+R7     84937.673    239 170353.346   170527.428   171500.852
537  PMB+R6        85146.810    217 170727.620   170866.551   171769.498
538  PMB+R7        85120.235    219 170678.470   170820.385   171729.951
546  PMB+I+R6      85142.408    218 170720.816   170861.234   171767.496
547  PMB+I+R7      85120.233    220 170680.467   170823.889   171736.749
559  PMB+F+R6      85152.561    236 170777.122   170946.101   171910.225
560  PMB+F+R7      85126.186    238 170728.373   170900.742   171871.078
568  PMB+F+I+R6    85148.567    237 170771.135   170941.804   171909.039
569  PMB+F+I+R7    85126.186    239 170730.371   170904.453   171877.878
581  BLOSUM62+R6   85118.520    217 170671.040   170809.971   171712.919
582  BLOSUM62+R7   85093.126    219 170624.252   170766.166   171675.733
590  BLOSUM62+I+R6 85113.136    218 170662.271   170802.689   171708.951
591  BLOSUM62+I+R7 85093.126    220 170626.251   170769.673   171682.533
603  BLOSUM62+F+R6 85044.505    236 170561.011   170729.990   171694.114
604  BLOSUM62+F+R7 85021.629    238 170519.257   170691.627   171661.963
612  BLOSUM62+F+I+R6 85040.050    237 170554.099   170724.768   171692.003
613  BLOSUM62+F+I+R7 85021.630    239 170521.259   170695.341   171668.766
625  DAYHOFF+R6    86186.729    217 172807.458   172946.389   173849.336
626  DAYHOFF+R7    86173.639    219 172785.277   172927.192   173836.758
634  DAYHOFF+I+R6  86184.342    218 172804.684   172945.101   173851.363
635  DAYHOFF+I+R7  86173.711    220 172787.423   172930.845   173843.705
647  DAYHOFF+F+R6  86277.451    236 173026.903   173195.882   174160.005
648  DAYHOFF+F+R7  86262.708    238 173001.416   173173.786   174144.122
656  DAYHOFF+F+I+R6 86274.878    237 173023.757   173194.426   174161.661
657  DAYHOFF+F+I+R7 86262.691    239 173003.381   173177.463   174150.888
669  MTREV+R6      89700.123    217 179834.246   179973.177   180876.125
670  MTREV+R7      89689.923    219 179817.846   179959.761   180869.327
678  MTREV+I+R6    89705.761    218 179847.523   179987.940   180894.203
679  MTREV+I+R7    89690.039    220 179820.078   179963.500   180876.361
691  MTREV+F+R6    86714.129    236 173900.258   174069.237   175033.361
692  MTREV+F+R7    86697.162    238 173870.325   174042.695   175013.030
700  MTREV+F+I+R6  86731.955    237 173937.910   174108.579   175075.814
701  MTREV+F+I+R7  86697.125    239 173872.250   174046.332   175019.757
713  MTART+R6      90545.419    217 181524.838   181663.769   182566.717
714  MTART+R7      90511.692    219 181461.384   181603.299   182512.865
722  MTART+I+R6    90536.124    218 181508.248   181648.666   182554.928
723  MTART+I+R7    90503.186    220 181446.372   181589.794   182502.654
735  MTART+F+R6    87503.052    236 175478.103   175647.082   176611.206
736  MTART+F+R7    87477.523    238 175431.047   175603.417   176573.752
744  MTART+F+I+R6  87519.413    237 175512.827   175683.495   176650.731
745  MTART+F+I+R7  87468.478    239 175414.956   175589.038   176562.463
757  MTZOA+R6      88342.355    217 177118.710   177257.641   178160.589
758  MTZOA+R7      88322.390    219 177082.780   177224.694   178134.261
766  MTZOA+I+R6    88345.640    218 177127.281   177267.698   178173.960
767  MTZOA+I+R7    88315.000    220 177070.000   177213.421   178126.282
779  MTZOA+F+R6    86559.626    236 173591.252   173760.231   174724.355
780  MTZOA+F+R7    86541.253    238 173558.506   173730.876   174701.211
788  MTZOA+F+I+R6  86577.051    237 173628.102   173798.770   174766.006
789  MTZOA+F+I+R7  86532.801    239 173543.602   173717.684   174691.109
801  MTMET+R6      90187.024    217 180808.047   180946.978   181849.926
802  MTMET+R7      90177.683    219 180793.365   180935.280   181844.846
810  MTMET+I+R6    90202.737    218 180841.473   180981.891   181888.153
811  MTMET+I+R7    90173.881    220 180787.762   180931.184   181844.044
823  MTMET+F+R6    87179.659    236 174831.318   175000.297   175964.421
824  MTMET+F+R7    87166.445    238 174808.890   174981.260   175951.595
832  MTMET+F+I+R6  87198.118    237 174870.235   175040.904   176008.139
833  MTMET+F+I+R7  87160.742    239 174799.484   174973.566   175946.990
845  MTVER+R6      91056.509    217 182547.019   182685.950   183588.897
846  MTVER+R7      91039.128    219 182516.257   182658.171   183567.738
854  MTVER+I+R6    91071.095    218 182578.190   182718.608   183624.870
855  MTVER+I+R7    91035.322    220 182510.644   182654.066   183566.927
867  MTVER+F+R6    88512.332    236 177496.665   177665.643   178629.767
868  MTVER+F+R7    88495.609    238 177467.219   177639.588   178609.924
876  MTVER+F+I+R6  88526.901    237 177527.802   177698.470   178665.706
877  MTVER+F+I+R7  88488.785    239 177455.570   177629.652   178603.077
889  MTINV+R6      90408.212    217 181250.424   181389.355   182292.302
890  MTINV+R7      90402.576    219 181243.152   181385.066   182294.633
898  MTINV+I+R6    90422.224    218 181280.447   181420.865   182327.127
899  MTINV+I+R7    90397.029    220 181234.058   181377.480   182290.340
911  MTINV+F+R6    86263.632    236 172999.264   173168.243   174132.367
912  MTINV+F+R7    86251.017    238 172978.033   173150.403   174120.738
920  MTINV+F+I+R6  86277.512    237 173029.024   173199.693   174166.928
921  MTINV+F+I+R7  86246.475    239 172970.949   173145.031   174118.456
933  MTMAM+R6      92256.146    217 184946.293   185085.224   185988.171
934  MTMAM+R7      92236.277    219 184910.555   185052.470   185962.036
942  MTMAM+I+R6    92254.687    218 184945.374   185085.791   185992.053
943  MTMAM+I+R7    92233.345    220 184906.690   185050.112   185962.973
955  MTMAM+F+R6    89155.205    236 178782.411   178951.389   179915.513
956  MTMAM+F+R7    89143.137    238 178762.274   178934.643   179904.979
964  MTMAM+F+I+R6  89153.540    237 178781.081   178951.750   179918.985
965  MTMAM+F+I+R7  89140.699    239 178759.398   178933.480   179906.905
977  FLAVI+R6      90281.012    217 180996.025   181134.956   182037.903
978  FLAVI+R7      90253.128    219 180944.256   181086.171   181995.737
986  FLAVI+I+R6    90268.079    218 180972.158   181112.576   182018.838
987  FLAVI+I+R7    90243.572    220 180927.144   181070.566   181983.427
999  FLAVI+F+R6    90127.042    236 180726.085   180895.064   181859.188
1000  FLAVI+F+R7    90099.602    238 180675.203   180847.573   181817.909
1008  FLAVI+F+I+R6  90115.304    237 180704.608   180875.277   181842.512
1009  FLAVI+F+I+R7  90090.296    239 180658.591   180832.673   181806.098
1021  HIVB+R6       88453.083    217 177340.166   177479.097   178382.044
1022  HIVB+R7       88422.301    219 177282.601   177424.516   178334.082
1030  HIVB+I+R6     88445.372    218 177326.743   177467.161   178373.423
1031  HIVB+I+R7     88422.173    220 177284.346   177427.768   178340.629
1043  HIVB+F+R6     88240.552    236 176953.104   177122.082   178086.206
1044  HIVB+F+R7     88205.814    238 176887.628   177059.997   178030.333
1052  HIVB+F+I+R6   88232.717    237 176939.434   177110.103   178077.338
1053  HIVB+F+I+R7   88205.548    239 176889.096   177063.178   178036.602
1065  HIVW+R6       92891.271    217 186216.542   186355.473   187258.420
1066  HIVW+R7       92859.896    219 186157.792   186299.706   187209.273
1074  HIVW+I+R6     92877.618    218 186191.237   186331.655   187237.917
1075  HIVW+I+R7     92859.901    220 186159.801   186303.223   187216.084
1087  HIVW+F+R6     91295.840    236 183063.681   183232.660   184196.784
1088  HIVW+F+R7     91264.372    238 183004.743   183177.113   184147.449
1096  HIVW+F+I+R6   91283.112    237 183040.224   183210.893   184178.128
1097  HIVW+F+I+R7   91264.350    239 183006.700   183180.782   184154.207
1109  FLU+R6        88161.443    217 176756.886   176895.817   177798.764
1110  FLU+R7        88131.726    219 176701.452   176843.367   177752.933
1118  FLU+I+R6      88151.175    218 176738.350   176878.768   177785.030
1119  FLU+I+R7      88131.732    220 176703.465   176846.887   177759.747
1131  FLU+F+R6      87587.903    236 175647.806   175816.785   176780.909
1132  FLU+F+R7      87557.498    238 175590.997   175763.366   176733.702
1140  FLU+F+I+R6    87575.916    237 175625.833   175796.501   176763.737
1141  FLU+F+I+R7    87557.498    239 175592.997   175767.079   176740.503
1153  RTREV+R6      85110.662    217 170655.325   170794.256   171697.203
1154  RTREV+R7      85083.146    219 170604.292   170746.207   171655.773
1162  RTREV+I+R6    85102.784    218 170641.568   170781.985   171688.247
1163  RTREV+I+R7    85083.179    220 170606.358   170749.780   171662.641
1175  RTREV+F+R6    84688.443    236 169848.886   170017.865   170981.989
1176  RTREV+F+R7    84664.040    238 169804.080   169976.450   170946.786
1184  RTREV+F+I+R6  84685.077    237 169844.154   170014.823   170982.058
1185  RTREV+F+I+R7  84667.293    239 169812.586   169986.668   170960.093
1197  CPREV+R6      85734.210    217 171902.420   172041.351   172944.298
1198  CPREV+R7      85699.216    219 171836.431   171978.346   172887.912
1206  CPREV+I+R6    85726.469    218 171888.938   172029.356   172935.618
1207  CPREV+I+R7    85700.916    220 171841.832   171985.254   172898.114
1219  CPREV+F+R6    85567.573    236 171607.147   171776.126   172740.250
1220  CPREV+F+R7    85535.268    238 171546.535   171718.905   172689.240
1228  CPREV+F+I+R6  85559.031    237 171592.061   171762.730   172729.966
1229  CPREV+F+I+R7  85537.517    239 171553.034   171727.116   172700.541
Akaike Information Criterion:           Q.PFAM+R7
Corrected Akaike Information Criterion: Q.PFAM+R7
Bayesian Information Criterion:         Q.PFAM+R7
Best-fit model: Q.PFAM+R7 chosen according to BIC

All model information printed to training_data/prot_M2926_105_899.phy/output_files/iqtree/inference/pars_10.model.gz
CPU time for ModelFinder: 19341.995 seconds (5h:22m:21s)
Wall-clock time for ModelFinder: 7656.969 seconds (2h:7m:36s)

NOTE: 101 MB RAM (0 GB) is required!
Estimate model parameters (epsilon = 0.010)
1. Initial log-likelihood: -84458.889
2. Current log-likelihood: -84425.034
3. Current log-likelihood: -84424.397
Optimal log-likelihood: -84424.395
Site proportion and rates:  (0.027,0.017) (0.045,0.117) (0.141,0.279) (0.209,0.508) (0.298,0.911) (0.213,1.440) (0.067,4.029)
Parameters optimization took 3 rounds (21.270 sec)
Wrote distance file to... 
BEST SCORE FOUND : -84424.395
Total tree length: 87.454

Total number of iterations: 0
CPU time used for tree search: 0.000 sec (0h:0m:0s)
Wall-clock time used for tree search: 0.000 sec (0h:0m:0s)
Total CPU time used: 19398.325 sec (5h:23m:18s)
Total wall-clock time used: 7678.525 sec (2h:7m:58s)

Analysis results written to: 
  IQ-TREE report:                training_data/prot_M2926_105_899.phy/output_files/iqtree/inference/pars_10.iqtree
  Maximum-likelihood tree:       training_data/prot_M2926_105_899.phy/output_files/iqtree/inference/pars_10.treefile
  Screen log file:               training_data/prot_M2926_105_899.phy/output_files/iqtree/inference/pars_10.log

Date and Time: Wed Oct 15 23:24:42 2025
e/inference/pars_10.log

Date and Time: Wed Oct 15 23:24:42 2025
