IQ-TREE version 3.0.1 for Linux x86 64-bit built Sep 23 2025
Developed by Bui Quang Minh, Thomas Wong, Nhan Ly-Trong, Huaiyan Ren
Contributed by Lam-Tung Nguyen, Dominik Schrempf, Chris Bielow,
Olga Chernomor, Michael Woodhams, Diep Thi Hoang, Heiko Schmidt

Host:    cnode04.hpc.vast.vn (AVX512, FMA3, 125 GB RAM)
Command: /datausers/ioit/thaontp/tranthanhvan235/iqtree3/build/iqtree3 -s /datausers/ioit/thaontp/tranthanhvan235/data_treebase/remainMSAs/prot_M2926_105_899.phy -pre training_data/prot_M2926_105_899.phy/output_files/iqtree/inference/pars_7 -seed 7 -ninit 1 -T 1 -redo -n 0 -nt AUTO
Seed:    7 (Using SPRNG - Scalable Parallel Random Number Generator)
Time:    Thu Oct 16 18:28:13 2025
Kernel:  AVX+FMA - auto-detect threads (56 CPU cores detected)

Reading alignment file /datausers/ioit/thaontp/tranthanhvan235/data_treebase/remainMSAs/prot_M2926_105_899.phy ... Phylip format detected
Alignment most likely contains protein sequences
Constructing alignment: done in 0.0250908 secs using 2209% CPU
Alignment has 105 sequences with 899 columns, 869 distinct patterns
698 parsimony-informative, 113 singleton sites, 88 constant sites
                             Gap/Ambiguity  Composition  p-value
Analyzing sequences: done in 0.0520194 secs using 2296% CPU
   1  Aspergillus_nidulans_658158   44.72%    passed     40.19%
   2  Aspergillus_nidulans_658344   46.72%    passed     25.93%
   3  Aspergillus_nidulans_659034   44.72%    passed     97.49%
   4  Aspergillus_nidulans_659145   46.16%    failed      2.31%
   5  Aspergillus_nidulans_659189   44.16%    passed     85.51%
   6  Aspergillus_nidulans_659293   44.27%    passed     93.06%
   7  Aspergillus_nidulans_659337   36.37%    passed      8.64%
   8  Aspergillus_nidulans_660809   47.39%    passed     97.71%
   9  Aspergillus_nidulans_661195   40.38%    passed     21.78%
  10  Aspergillus_nidulans_661433   41.71%    passed     82.78%
  11  Aspergillus_nidulans_661654   46.38%    passed     95.58%
  12  Aspergillus_nidulans_661658   45.72%    passed     31.29%
  13  Aspergillus_nidulans_661730   44.38%    passed     95.01%
  14  Aspergillus_nidulans_662254   41.05%    passed     79.64%
  15  Aspergillus_nidulans_662424   44.49%    passed     99.06%
  16  Aspergillus_nidulans_662451   46.94%    passed     63.47%
  17  Aspergillus_nidulans_663039   46.27%    passed     95.89%
  18  Aspergillus_nidulans_663248   42.49%    passed     64.15%
  19  Aspergillus_nidulans_663626   32.15%    failed      0.04%
  20  Aspergillus_nidulans_664240   28.59%    passed     63.09%
  21  Aspergillus_nidulans_664745   47.72%    passed     89.31%
  22  Aspergillus_nidulans_680584   45.27%    passed     22.93%
  23  Aspergillus_nidulans_682303   43.16%    passed     99.80%
  24  Aspergillus_nidulans_682467   44.05%    passed     98.81%
  25  Aspergillus_nidulans_682547   38.26%    passed     36.80%
  26  Gibberella_zeae_380315        44.16%    passed     64.14%
  27  Gibberella_zeae_380666        37.82%    passed     86.24%
  28  Gibberella_zeae_380894        46.94%    passed     25.68%
  29  Gibberella_zeae_381155        45.27%    passed     64.17%
  30  Gibberella_zeae_381317        35.93%    passed     24.90%
  31  Gibberella_zeae_381935        45.05%    passed     82.56%
  32  Gibberella_zeae_382002        42.16%    passed     94.66%
  33  Gibberella_zeae_382336        44.94%    passed     47.51%
  34  Gibberella_zeae_382396        46.16%    passed     41.25%
  35  Gibberella_zeae_382449        44.38%    passed     97.57%
  36  Gibberella_zeae_382472        44.94%    passed     95.47%
  37  Gibberella_zeae_382568        44.72%    passed     56.53%
  38  Gibberella_zeae_383249        35.37%    failed      4.26%
  39  Gibberella_zeae_384112        43.83%    passed     85.26%
  40  Gibberella_zeae_384370        44.38%    passed     90.64%
  41  Gibberella_zeae_384372        45.05%    passed     61.66%
  42  Gibberella_zeae_384846        47.16%    passed     66.32%
  43  Gibberella_zeae_385551        43.38%    passed     28.87%
  44  Gibberella_zeae_386007        45.27%    passed     68.44%
  45  Gibberella_zeae_386928        45.49%    passed     78.73%
  46  Gibberella_zeae_387979        47.61%    passed     13.62%
  47  Gibberella_zeae_388772        31.81%    passed     23.20%
  48  Gibberella_zeae_389938        48.05%    passed     61.77%
  49  Gibberella_zeae_390136        40.82%    passed     13.73%
  50  Gibberella_zeae_390849        44.49%    passed     74.00%
  51  Gibberella_zeae_391718        46.50%    passed     77.15%
  52  Homo_sapiens_1                44.27%    passed     67.10%
  53  Homo_sapiens_10               46.05%    failed      3.40%
  54  Homo_sapiens_2                42.49%    passed     63.55%
  55  Homo_sapiens_3                49.61%    passed     23.51%
  56  Homo_sapiens_4                37.37%    passed     87.95%
  57  Homo_sapiens_5                42.49%    passed     69.15%
  58  Homo_sapiens_6                43.05%    passed     27.71%
  59  Homo_sapiens_7                47.94%    failed      0.09%
  60  Homo_sapiens_8                57.17%    failed      0.75%
  61  Homo_sapiens_9                45.16%    passed      6.39%
  62  Homo_sapiens_MMSDH            52.17%    passed     40.06%
  63  Homo_sapiens_SSDH             40.49%    passed     19.29%
  64  Magnaporthe_grisea_359769     44.72%    passed     85.29%
  65  Magnaporthe_grisea_360720     46.05%    passed     92.51%
  66  Magnaporthe_grisea_361426     44.83%    passed     50.96%
  67  Magnaporthe_grisea_363304     40.38%    passed     17.92%
  68  Magnaporthe_grisea_363680     39.60%    passed     78.74%
  69  Magnaporthe_grisea_364470     44.27%    passed     78.03%
  70  Magnaporthe_grisea_365289     40.82%    passed     19.23%
  71  Magnaporthe_grisea_366690     29.70%    passed     27.56%
  72  Magnaporthe_grisea_367345     33.59%    failed      0.97%
  73  Magnaporthe_grisea_367986     41.38%    passed     80.53%
  74  Magnaporthe_grisea_368525     41.82%    failed      0.84%
  75  Magnaporthe_grisea_368592     46.72%    passed     42.98%
  76  Magnaporthe_grisea_369055     33.26%    passed     48.73%
  77  Magnaporthe_grisea_369650     47.72%    passed     37.41%
  78  Magnaporthe_grisea_370036     64.40%    passed     30.23%
  79  Neurospora_crassa_956457      47.39%    passed     95.10%
  80  Neurospora_crassa_956862      45.05%    passed     65.91%
  81  Neurospora_crassa_957264      44.94%    passed     63.12%
  82  Neurospora_crassa_957628      40.71%    failed      1.11%
  83  Neurospora_crassa_958714      44.05%    passed     42.59%
  84  Neurospora_crassa_960135      44.83%    passed     99.21%
  85  Neurospora_crassa_962018      48.05%    passed     43.01%
  86  Neurospora_crassa_964012      47.05%    passed     95.93%
  87  Neurospora_crassa_964169      33.15%    failed      3.93%
  88  Neurospora_crassa_964549      41.60%    passed     49.07%
  89  Neurospora_crassa_964629      31.48%    passed     22.19%
  90  Neurospora_crassa_964701      39.38%    passed     73.13%
  91  Neurospora_crassa_964762      45.05%    passed     34.51%
  92  Ustilago_maydis_756361        45.94%    passed     66.24%
  93  Ustilago_maydis_757397        28.48%    passed     29.62%
  94  Ustilago_maydis_757397b       38.60%    passed     33.12%
  95  Ustilago_maydis_758655        45.16%    passed     84.71%
  96  Ustilago_maydis_758913        51.95%    passed     94.31%
  97  Ustilago_maydis_759549        46.38%    passed      8.53%
  98  Ustilago_maydis_759670        42.05%    passed     65.51%
  99  Ustilago_maydis_760193        43.05%    passed     15.90%
 100  Ustilago_maydis_760525        38.49%    failed      0.00%
 101  Ustilago_maydis_761554        32.37%    passed     12.02%
 102  Ustilago_maydis_761747        45.16%    passed     57.91%
 103  Ustilago_maydis_761757        44.27%    passed     62.67%
 104  Ustilago_maydis_762117        47.39%    passed     26.17%
 105  Ustilago_maydis_762570        28.81%    passed      7.48%
WARNING: 4 sequences contain more than 50% gaps/ambiguity
****  TOTAL                         43.08%  11 sequences failed composition chi2 test (p-value<5%; df=19)
Checking for duplicate sequences: done in 0.0494821 secs using 2580% CPU


Create initial parsimony tree by phylogenetic likelihood library (PLL)... 0.133 seconds
Measuring multi-threading efficiency up to 56 CPU cores
Increase to 10 rounds for branch lengths
9 trees examined
Threads: 1 / Time: 56.587 sec / Speedup: 1.000 / Efficiency: 100% / LogL: -114044
Threads: 2 / Time: 36.413 sec / Speedup: 1.554 / Efficiency: 78% / LogL: -114044
Threads: 3 / Time: 30.080 sec / Speedup: 1.881 / Efficiency: 63% / LogL: -114044
Threads: 4 / Time: 21.624 sec / Speedup: 2.617 / Efficiency: 65% / LogL: -114044
Threads: 5 / Time: 24.223 sec / Speedup: 2.336 / Efficiency: 47% / LogL: -114044
Determining AUTO threadcount: done in 168.963 secs using 227.1% CPU
BEST NUMBER OF THREADS: 4

Perform fast likelihood tree search using LG+I+G model...
Estimate model parameters (epsilon = 5.000)
Perform nearest neighbor interchange...
Estimate model parameters (epsilon = 1.000)
1. Initial log-likelihood: -84717.494
Optimal log-likelihood: -84716.221
Proportion of invariable sites: 0.009
Gamma shape alpha: 1.529
Parameters optimization took 1 rounds (1.511 sec)
Time for fast ML tree search: 11.613 seconds

NOTE: ModelFinder requires 144 MB RAM!
ModelFinder will test up to 1232 protein models (sample size: 899 epsilon: 0.100) ...
 No. Model         -LnL         df  AIC          AICc         BIC
  1  LG            87433.152    207 175280.304   175404.924   176274.170
  2  LG+I          87239.993    208 174895.987   175021.992   175894.653
  3  LG+G4         84755.814    208 169927.627   170053.633   170926.294
  4  LG+I+G4       84715.445    209 169848.891   169976.293   170852.359
  5  LG+R2         85265.417    209 170948.834   171076.236   171952.302
  6  LG+R3         84807.342    211 170036.684   170166.908   171049.755
  7  LG+R4         84639.825    213 169705.651   169838.737   170728.324
  8  LG+R5         84566.982    215 169563.965   169699.953   170596.240
  9  LG+R6         84546.571    217 169527.142   169666.073   170569.020
 10  LG+R7         84535.933    219 169509.866   169651.780   170561.347
 11  LG+R8         84535.768    221 169513.536   169658.476   170574.620
 14  LG+I+R2       85175.136    210 170770.272   170899.080   171778.541
 15  LG+I+R3       84767.434    212 169958.868   170090.518   170976.740
 16  LG+I+R4       84629.186    214 169686.371   169820.904   170713.846
 17  LG+I+R5       84562.106    216 169556.213   169693.667   170593.290
 18  LG+I+R6       84543.137    218 169522.274   169662.692   170568.954
 19  LG+I+R7       84532.688    220 169505.377   169648.798   170561.659
 20  LG+I+R8       84532.512    222 169509.024   169655.492   170574.909
 31  LG+F+R6       84502.946    236 169477.892   169646.871   170610.995
 32  LG+F+R7       84491.382    238 169458.764   169631.134   170601.470
 40  LG+F+I+R6     84500.436    237 169474.872   169645.541   170612.776
 41  LG+F+I+R7     84488.892    239 169455.783   169629.865   170603.290
 53  WAG+R6        84831.970    217 170097.941   170236.872   171139.819
 54  WAG+R7        84807.855    219 170053.710   170195.625   171105.191
 62  WAG+I+R6      84828.449    218 170092.897   170233.315   171139.577
 63  WAG+I+R7      84807.891    220 170055.783   170199.204   171112.065
 75  WAG+F+R6      84865.262    236 170202.523   170371.502   171335.626
 76  WAG+F+R7      84842.691    238 170161.382   170333.752   171304.087
 84  WAG+F+I+R6    84862.151    237 170198.303   170368.972   171336.207
 85  WAG+F+I+R7    84842.706    239 170163.411   170337.493   171310.918
 97  JTT+R6        85790.932    217 172015.863   172154.794   173057.742
 98  JTT+R7        85774.624    219 171987.248   172129.162   173038.729
106  JTT+I+R6      85787.373    218 172010.747   172151.164   173057.426
107  JTT+I+R7      85774.617    220 171989.234   172132.656   173045.516
119  JTT+F+R6      85937.342    236 172346.684   172515.663   173479.787
120  JTT+F+R7      85922.758    238 172321.517   172493.886   173464.222
128  JTT+F+I+R6    85933.831    237 172341.662   172512.331   173479.566
129  JTT+F+I+R7    85922.741    239 172323.482   172497.563   173470.988
141  Q.PFAM+R6     84453.771    217 169341.542   169480.473   170383.420
142  Q.PFAM+R7     84428.406    219 169294.812   169436.727   170346.293
150  Q.PFAM+I+R6   84448.007    218 169332.014   169472.431   170378.693
151  Q.PFAM+I+R7   84428.416    220 169296.833   169440.254   170353.115
163  Q.PFAM+F+R6   84486.800    236 169445.599   169614.578   170578.702
164  Q.PFAM+F+R7   84465.407    238 169406.813   169579.183   170549.519
172  Q.PFAM+F+I+R6 84481.751    237 169437.501   169608.170   170575.405
173  Q.PFAM+F+I+R7 84465.403    239 169408.805   169582.887   170556.312
185  Q.BIRD+R6     87864.227    217 176162.454   176301.385   177204.333
186  Q.BIRD+R7     87842.239    219 176122.478   176264.393   177173.959
194  Q.BIRD+I+R6   87856.779    218 176149.558   176289.976   177196.238
195  Q.BIRD+I+R7   87841.985    220 176123.971   176267.393   177180.253
207  Q.BIRD+F+R6   88175.785    236 176823.569   176992.548   177956.672
208  Q.BIRD+F+R7   88170.254    238 176816.508   176988.877   177959.213
216  Q.BIRD+F+I+R6 88181.585    237 176837.171   177007.839   177975.075
217  Q.BIRD+F+I+R7 88170.096    239 176818.192   176992.274   177965.699
229  Q.MAMMAL+R6   87076.631    217 174587.262   174726.193   175629.141
230  Q.MAMMAL+R7   87060.152    219 174558.304   174700.218   175609.785
238  Q.MAMMAL+I+R6 87074.925    218 174585.850   174726.267   175632.529
239  Q.MAMMAL+I+R7 87059.874    220 174559.747   174703.169   175616.030
251  Q.MAMMAL+F+R6 87325.502    236 175123.005   175291.984   176256.107
252  Q.MAMMAL+F+R7 87313.949    238 175103.899   175276.268   176246.604
260  Q.MAMMAL+F+I+R6 87318.828    237 175111.656   175282.325   176249.560
261  Q.MAMMAL+F+I+R7 87313.873    239 175105.745   175279.827   176253.252
273  Q.INSECT+R6   85242.597    217 170919.193   171058.124   171961.072
274  Q.INSECT+R7   85223.607    219 170885.213   171027.128   171936.694
282  Q.INSECT+I+R6 85238.535    218 170913.069   171053.487   171959.749
283  Q.INSECT+I+R7 85223.519    220 170887.038   171030.460   171943.320
295  Q.INSECT+F+R6 85242.299    236 170956.598   171125.577   172089.701
296  Q.INSECT+F+R7 85229.085    238 170934.169   171106.539   172076.875
304  Q.INSECT+F+I+R6 85238.168    237 170950.337   171121.005   172088.241
305  Q.INSECT+F+I+R7 85229.033    239 170936.067   171110.149   172083.573
317  Q.PLANT+R6    86207.187    217 172848.375   172987.306   173890.253
318  Q.PLANT+R7    86187.934    219 172813.869   172955.783   173865.350
326  Q.PLANT+I+R6  86202.246    218 172840.493   172980.910   173887.172
327  Q.PLANT+I+R7  86187.619    220 172815.239   172958.661   173871.521
339  Q.PLANT+F+R6  86230.543    236 172933.086   173102.065   174066.189
340  Q.PLANT+F+R7  86215.742    238 172907.484   173079.854   174050.189
348  Q.PLANT+F+I+R6 86226.164    237 172926.328   173096.997   174064.232
349  Q.PLANT+F+I+R7 86215.566    239 172909.132   173083.214   174056.638
361  Q.YEAST+R6    85150.775    217 170735.549   170874.480   171777.428
362  Q.YEAST+R7    85129.888    219 170697.777   170839.691   171749.258
370  Q.YEAST+I+R6  85146.435    218 170728.869   170869.287   171775.549
371  Q.YEAST+I+R7  85129.743    220 170699.486   170842.908   171755.769
383  Q.YEAST+F+R6  84896.880    236 170265.760   170434.738   171398.862
384  Q.YEAST+F+R7  84879.212    238 170234.423   170406.793   171377.128
392  Q.YEAST+F+I+R6 84892.528    237 170259.055   170429.724   171396.959
393  Q.YEAST+F+I+R7 84879.102    239 170236.204   170410.286   171383.710
405  JTTDCMUT+R6   85767.313    217 171968.625   172107.556   173010.504
406  JTTDCMUT+R7   85751.561    219 171941.123   172083.037   172992.604
414  JTTDCMUT+I+R6 85763.907    218 171963.814   172104.232   173010.494
415  JTTDCMUT+I+R7 85751.547    220 171943.094   172086.516   172999.376
427  JTTDCMUT+F+R6 85908.695    236 172289.391   172458.369   173422.493
428  JTTDCMUT+F+R7 85894.370    238 172264.741   172437.110   173407.446
436  JTTDCMUT+F+I+R6 85905.368    237 172284.736   172455.404   173422.640
437  JTTDCMUT+F+I+R7 85894.352    239 172266.703   172440.785   173414.210
449  DCMUT+R6      86179.162    217 172792.324   172931.255   173834.202
450  DCMUT+R7      86166.237    219 172770.474   172912.388   173821.955
458  DCMUT+I+R6    86176.756    218 172789.511   172929.929   173836.191
459  DCMUT+I+R7    86166.262    220 172772.523   172915.945   173828.806
471  DCMUT+F+R6    86270.372    236 173012.744   173181.722   174145.846
472  DCMUT+F+R7    86256.050    238 172988.100   173160.470   174130.806
480  DCMUT+F+I+R6  86267.798    237 173009.597   173180.265   174147.501
481  DCMUT+F+I+R7  86256.039    239 172990.078   173164.160   174137.584
493  VT+R6         84938.721    217 170311.442   170450.373   171353.320
494  VT+R7         84916.911    219 170271.822   170413.736   171323.303
502  VT+I+R6       84934.227    218 170304.453   170444.871   171351.133
503  VT+I+R7       84916.908    220 170273.816   170417.238   171330.099
515  VT+F+R6       84960.117    236 170392.233   170561.212   171525.336
516  VT+F+R7       84940.370    238 170356.740   170529.110   171499.446
524  VT+F+I+R6     84956.095    237 170386.190   170556.858   171524.094
525  VT+F+I+R7     84940.369    239 170358.739   170532.821   171506.245
537  PMB+R6        85150.145    217 170734.290   170873.221   171776.168
538  PMB+R7        85124.714    219 170687.429   170829.343   171738.910
546  PMB+I+R6      85146.885    218 170729.769   170870.187   171776.449
547  PMB+I+R7      85124.755    220 170689.510   170832.932   171745.792
559  PMB+F+R6      85153.771    236 170779.541   170948.520   171912.644
560  PMB+F+R7      85128.163    238 170732.325   170904.695   171875.031
568  PMB+F+I+R6    85150.168    237 170774.336   170945.005   171912.240
569  PMB+F+I+R7    85128.166    239 170734.332   170908.414   171881.838
581  BLOSUM62+R6   85122.754    217 170679.508   170818.439   171721.387
582  BLOSUM62+R7   85098.715    219 170635.430   170777.345   171686.911
590  BLOSUM62+I+R6 85117.904    218 170671.807   170812.225   171718.487
591  BLOSUM62+I+R7 85098.715    220 170637.430   170780.852   171693.713
603  BLOSUM62+F+R6 85043.079    236 170558.158   170727.137   171691.260
604  BLOSUM62+F+R7 85021.653    238 170519.306   170691.676   171662.012
612  BLOSUM62+F+I+R6 85038.820    237 170551.639   170722.308   171689.543
613  BLOSUM62+F+I+R7 85021.653    239 170521.305   170695.387   171668.812
625  DAYHOFF+R6    86182.645    217 172799.290   172938.221   173841.168
626  DAYHOFF+R7    86169.794    219 172777.588   172919.503   173829.069
634  DAYHOFF+I+R6  86180.256    218 172796.511   172936.929   173843.191
635  DAYHOFF+I+R7  86169.821    220 172779.643   172923.065   173835.925
647  DAYHOFF+F+R6  86274.709    236 173021.417   173190.396   174154.520
648  DAYHOFF+F+R7  86260.465    238 172996.929   173169.299   174139.634
656  DAYHOFF+F+I+R6 86272.145    237 173018.290   173188.958   174156.194
657  DAYHOFF+F+I+R7 86260.458    239 172998.916   173172.998   174146.423
669  MTREV+R6      89701.037    217 179836.074   179975.005   180877.952
670  MTREV+R7      89688.487    219 179814.973   179956.888   180866.454
678  MTREV+I+R6    89704.282    218 179844.565   179984.982   180891.244
679  MTREV+I+R7    89688.473    220 179816.946   179960.368   180873.228
691  MTREV+F+R6    86712.167    236 173896.334   174065.313   175029.437
692  MTREV+F+R7    86694.823    238 173865.646   174038.016   175008.352
700  MTREV+F+I+R6  86727.536    237 173929.072   174099.741   175066.977
701  MTREV+F+I+R7  86694.721    239 173867.442   174041.524   175014.949
713  MTART+R6      90553.156    217 181540.313   181679.244   182582.191
714  MTART+R7      90517.542    219 181473.083   181614.998   182524.564
722  MTART+I+R6    90542.968    218 181521.935   181662.353   182568.615
723  MTART+I+R7    90508.816    220 181457.632   181601.054   182513.914
735  MTART+F+R6    87530.298    236 175532.596   175701.574   176665.698
736  MTART+F+R7    87481.977    238 175439.954   175612.324   176582.659
744  MTART+F+I+R6  87522.394    237 175518.787   175689.456   176656.691
745  MTART+F+I+R7  87473.883    239 175425.766   175599.848   176573.273
757  MTZOA+R6      88350.604    217 177135.208   177274.139   178177.087
758  MTZOA+R7      88321.699    219 177081.399   177223.313   178132.880
766  MTZOA+I+R6    88342.850    218 177121.700   177262.117   178168.380
767  MTZOA+I+R7    88313.836    220 177067.671   177211.093   178123.954
779  MTZOA+F+R6    86578.013    236 173628.026   173797.005   174761.129
780  MTZOA+F+R7    86537.933    238 173551.865   173724.235   174694.571
788  MTZOA+F+I+R6  86571.336    237 173616.672   173787.341   174754.576
789  MTZOA+F+I+R7  86530.060    239 173538.120   173712.202   174685.626
801  MTMET+R6      90201.235    217 180836.470   180975.401   181878.348
802  MTMET+R7      90170.850    219 180779.700   180921.615   181831.181
810  MTMET+I+R6    90197.392    218 180830.785   180971.203   181877.465
811  MTMET+I+R7    90167.154    220 180774.307   180917.729   181830.589
823  MTMET+F+R6    87195.217    236 174862.434   175031.413   175995.537
824  MTMET+F+R7    87159.344    238 174794.688   174967.057   175937.393
832  MTMET+F+I+R6  87189.695    237 174853.390   175024.059   175991.294
833  MTMET+F+I+R7  87154.169    239 174786.337   174960.419   175933.844
845  MTVER+R6      91068.555    217 182571.110   182710.041   183612.988
846  MTVER+R7      91031.880    219 182501.761   182643.675   183553.242
854  MTVER+I+R6    91065.820    218 182567.640   182708.057   183614.319
855  MTVER+I+R7    91029.216    220 182498.432   182641.854   183554.714
867  MTVER+F+R6    88522.500    236 177517.001   177685.980   178650.103
868  MTVER+F+R7    88484.674    238 177445.348   177617.718   178588.053
876  MTVER+F+I+R6  88516.877    237 177507.755   177678.423   178645.659
877  MTVER+F+I+R7  88479.295    239 177436.589   177610.671   178584.096
889  MTINV+R6      90423.777    217 181281.555   181420.486   182323.433
890  MTINV+R7      90398.269    219 181234.538   181376.453   182286.019
898  MTINV+I+R6    90417.955    218 181271.911   181412.328   182318.590
899  MTINV+I+R7    90392.753    220 181225.506   181368.928   182281.788
911  MTINV+F+R6    86275.681    236 173023.361   173192.340   174156.464
912  MTINV+F+R7    86245.047    238 172966.095   173138.465   174108.800
920  MTINV+F+I+R6  86269.984    237 173013.969   173184.637   174151.873
921  MTINV+F+I+R7  86240.579    239 172959.159   173133.241   174106.666
933  MTMAM+R6      92250.710    217 184935.419   185074.350   185977.297
934  MTMAM+R7      92229.755    219 184897.511   185039.426   185948.992
942  MTMAM+I+R6    92270.156    218 184976.311   185116.729   186022.991
943  MTMAM+I+R7    92226.946    220 184893.891   185037.313   185950.174
955  MTMAM+F+R6    89149.742    236 178771.484   178940.463   179904.587
956  MTMAM+F+R7    89137.081    238 178750.162   178922.531   179892.867
964  MTMAM+F+I+R6  89180.387    237 178834.773   179005.442   179972.677
965  MTMAM+F+I+R7  89133.659    239 178745.317   178919.399   179892.824
977  FLAVI+R6      90286.270    217 181006.540   181145.471   182048.419
978  FLAVI+R7      90258.615    219 180955.231   181097.146   182006.712
986  FLAVI+I+R6    90275.892    218 180987.784   181128.202   182034.464
987  FLAVI+I+R7    90248.164    220 180936.328   181079.750   181992.610
999  FLAVI+F+R6    90130.345    236 180732.690   180901.669   181865.793
1000  FLAVI+F+R7    90101.965    238 180679.930   180852.299   181822.635
1008  FLAVI+F+I+R6  90119.225    237 180712.450   180883.119   181850.354
1009  FLAVI+F+I+R7  90090.552    239 180659.105   180833.187   181806.611
1021  HIVB+R6       88457.316    217 177348.632   177487.563   178390.510
1022  HIVB+R7       88427.023    219 177292.046   177433.960   178343.527
1030  HIVB+I+R6     88449.749    218 177335.499   177475.916   178382.178
1031  HIVB+I+R7     88426.881    220 177293.761   177437.183   178350.043
1043  HIVB+F+R6     88236.221    236 176944.441   177113.420   178077.544
1044  HIVB+F+R7     88205.580    238 176887.161   177059.530   178029.866
1052  HIVB+F+I+R6   88232.946    237 176939.891   177110.560   178077.795
1053  HIVB+F+I+R7   88205.277    239 176888.555   177062.637   178036.061
1065  HIVW+R6       92886.222    217 186206.444   186345.375   187248.322
1066  HIVW+R7       92854.816    219 186147.632   186289.547   187199.113
1074  HIVW+I+R6     92872.632    218 186181.264   186321.681   187227.943
1075  HIVW+I+R7     92854.821    220 186149.641   186293.063   187205.924
1087  HIVW+F+R6     91296.164    236 183064.329   183233.307   184197.431
1088  HIVW+F+R7     91265.121    238 183006.242   183178.611   184148.947
1096  HIVW+F+I+R6   91283.835    237 183041.669   183212.338   184179.573
1097  HIVW+F+I+R7   91265.078    239 183008.156   183182.238   184155.663
1109  FLU+R6        88159.403    217 176752.807   176891.738   177794.685
1110  FLU+R7        88130.394    219 176698.789   176840.703   177750.270
1118  FLU+I+R6      88149.499    218 176734.998   176875.416   177781.678
1119  FLU+I+R7      88130.399    220 176700.797   176844.219   177757.079
1131  FLU+F+R6      87593.882    236 175659.764   175828.743   176792.867
1132  FLU+F+R7      87563.771    238 175603.541   175775.911   176746.247
1140  FLU+F+I+R6    87581.847    237 175637.694   175808.362   176775.598
1141  FLU+F+I+R7    87563.764    239 175605.528   175779.610   176753.035
1153  RTREV+R6      85114.439    217 170662.877   170801.808   171704.756
1154  RTREV+R7      85087.731    219 170613.461   170755.376   171664.942
1162  RTREV+I+R6    85106.743    218 170649.486   170789.904   171696.166
1163  RTREV+I+R7    85087.781    220 170615.562   170758.984   171671.844
1175  RTREV+F+R6    84685.920    236 169843.839   170012.818   170976.942
1176  RTREV+F+R7    84662.656    238 169801.311   169973.681   170944.017
1184  RTREV+F+I+R6  84683.052    237 169840.103   170010.772   170978.007
1185  RTREV+F+I+R7  84662.557    239 169803.114   169977.196   170950.621
1197  CPREV+R6      85729.081    217 171892.162   172031.093   172934.040
1198  CPREV+R7      85695.504    219 171829.009   171970.923   172880.490
1206  CPREV+I+R6    85722.567    218 171881.135   172021.552   172927.814
1207  CPREV+I+R7    85695.515    220 171831.030   171974.451   172887.312
1219  CPREV+F+R6    85557.982    236 171587.964   171756.943   172721.067
1220  CPREV+F+R7    85527.261    238 171530.521   171702.891   172673.227
1228  CPREV+F+I+R6  85548.883    237 171571.766   171742.435   172709.670
1229  CPREV+F+I+R7  85527.287    239 171532.574   171706.656   172680.081
Akaike Information Criterion:           Q.PFAM+R7
Corrected Akaike Information Criterion: Q.PFAM+R7
Bayesian Information Criterion:         Q.PFAM+R7
Best-fit model: Q.PFAM+R7 chosen according to BIC

All model information printed to training_data/prot_M2926_105_899.phy/output_files/iqtree/inference/pars_7.model.gz
CPU time for ModelFinder: 20185.394 seconds (5h:36m:25s)
Wall-clock time for ModelFinder: 5690.662 seconds (1h:34m:50s)

NOTE: 101 MB RAM (0 GB) is required!
Estimate model parameters (epsilon = 0.010)
1. Initial log-likelihood: -84450.371
2. Current log-likelihood: -84429.357
3. Current log-likelihood: -84428.844
4. Current log-likelihood: -84428.660
5. Current log-likelihood: -84428.553
6. Current log-likelihood: -84428.502
7. Current log-likelihood: -84428.472
8. Current log-likelihood: -84428.452
9. Current log-likelihood: -84428.442
Optimal log-likelihood: -84428.433
Site proportion and rates:  (0.027,0.017) (0.045,0.117) (0.140,0.278) (0.204,0.505) (0.281,0.891) (0.234,1.401) (0.068,4.012)
Parameters optimization took 9 rounds (54.380 sec)
Wrote distance file to... 
BEST SCORE FOUND : -84428.433
Total tree length: 87.367

Total number of iterations: 0
CPU time used for tree search: 0.000 sec (0h:0m:0s)
Wall-clock time used for tree search: 0.000 sec (0h:0m:0s)
Total CPU time used: 20379.406 sec (5h:39m:39s)
Total wall-clock time used: 5745.202 sec (1h:35m:45s)

Analysis results written to: 
  IQ-TREE report:                training_data/prot_M2926_105_899.phy/output_files/iqtree/inference/pars_7.iqtree
  Maximum-likelihood tree:       training_data/prot_M2926_105_899.phy/output_files/iqtree/inference/pars_7.treefile
  Screen log file:               training_data/prot_M2926_105_899.phy/output_files/iqtree/inference/pars_7.log

Date and Time: Thu Oct 16 20:03:59 2025
ee/inference/pars_7.log

Date and Time: Thu Oct 16 20:03:59 2025
