IQ-TREE version 3.0.1 for Linux x86 64-bit built Sep 12 2025
Developed by Bui Quang Minh, Thomas Wong, Nhan Ly-Trong, Huaiyan Ren
Contributed by Lam-Tung Nguyen, Dominik Schrempf, Chris Bielow,
Olga Chernomor, Michael Woodhams, Diep Thi Hoang, Heiko Schmidt

Host:    vanvan-Latitude-9520 (AVX512, FMA3, 31 GB RAM)
Command: /usr/local/bin/iqtree3 -s /home/vanvan/Downloads/data_treebase/DIU_TRAINING_DATA/data5/prot_M11344_84_691.phy -pre training_data/prot_M11344_84_691.phy/output_files/iqtree/inference/pars_5 -seed 5 -ninit 1 -T 1 -redo -n 0 -nt AUTO
Seed:    5 (Using SPRNG - Scalable Parallel Random Number Generator)
Time:    Tue Sep 23 02:11:09 2025
Kernel:  AVX+FMA - auto-detect threads (8 CPU cores detected)

Reading alignment file /home/vanvan/Downloads/data_treebase/DIU_TRAINING_DATA/data5/prot_M11344_84_691.phy ... Phylip format detected
Alignment most likely contains protein sequences
Constructing alignment: done in 0.00364077 secs using 36.01% CPU
Alignment has 84 sequences with 691 columns, 428 distinct patterns
355 parsimony-informative, 26 singleton sites, 310 constant sites
                                                         Gap/Ambiguity  Composition  p-value
Analyzing sequences: done in 0.000400656 secs using 37.94% CPU
   1  Acetohalobium_arabaticum_DSM_5501                         52.39%    failed      0.00%
   2  Acidiphilium_cryptum_JF-5                                 51.66%    passed     54.69%
   3  Acidiphilium_multivorum_AIU301                            51.09%    passed     72.78%
   4  Alkaliphilus_metalliredigens_QYMF                         51.95%    passed     23.81%
   5  Anaerolinea_thermophila_UNI-1                             51.09%    passed     72.76%
   6  Anaeromyxobacter_sp._Fw109-5                              51.09%    passed     38.63%
   7  Aurantimonas_manganoxydans_SI85-9A1                       50.65%    passed     16.29%
   8  Bacillus_cellulosilyticus_DSM_2522                        51.37%    passed     97.65%
   9  Bacillus_halodurans_C-125                                 48.34%    passed     53.15%
  10  Bacillus_pseudofirmus_OF4                                 51.95%    failed      4.61%
  11  Bacillus_selenitireducens_MLS10                           52.68%    passed     80.69%
  12  Bacillus_sp._m3-13                                        51.52%    passed     20.97%
  13  Blastopirellula_marina_DSM_3645                           52.68%    passed     69.18%
  14  Candidatus_Nitrospira_defluvii                            51.66%    passed     13.11%
  15  Chromohalobacter_salexigens_DSM_3043                      50.36%    passed     85.38%
  16  Citreicella_sp._SE45                                      50.22%    passed     67.51%
  17  Citromicrobium_bathyomarinum_JL354                        50.51%    passed     97.92%
  18  Deferribacter_desulfuricans_SSM1                          44.72%    passed     87.62%
  19  Denitrovibrio_acetiphilus_DSM_12809                       51.09%    passed     49.43%
  20  Dethiobacter_alkaliphilus_AHT_1                           52.24%    failed      0.00%
  21  Dinoroseobacter_shibae_DFL_12                             50.22%    passed     89.16%
  22  Erysipelotrichaceae_bacterium_5_2_54FAA                   51.66%    failed      0.79%
  23  Erythrobacter_litoralis_HTCC2594                          50.94%    passed     40.13%
  24  Erythrobacter_sp._SD-21                                   48.63%    passed     22.27%
  25  Exiguobacterium_sp._AT1b                                  50.80%    passed     84.27%
  26  Fulvimarina_pelagi_HTCC2506                               52.82%    passed     54.01%
  27  Halanaerobium_praevalens_DSM_2228                         50.22%    passed     41.39%
  28  Halanaerobium_sp._sapolanicus                             47.61%    passed     46.81%
  29  Haliangium_ochraceum_DSM_14365                            50.94%    passed     60.77%
  30  Ilyobacter_polytropus_DSM_2926                            48.77%    passed     87.89%
  31  Ktedonobacter_racemifer_DSM_44963                         50.22%    passed     71.03%
  32  Leptothrix_cholodnii_SP-6                                 51.66%    passed     50.19%
  33  Lyngbya_sp._PCC_8106                                      54.41%    passed     74.45%
  34  Marinobacter_algicola_DG893                               50.36%    passed     75.97%
  35  Maritimibacter_alkaliphilus_HTCC2654                      14.18%    failed      3.55%
  36  Mesorhizobium_sp._BNC1                                    51.66%    failed      4.29%
  37  Methylococcus_capsulatus_str._Bath                        51.09%    passed     20.22%
  38  Natranaerobius_thermophilus_JW_NM-WN-LF                   51.09%    passed     49.80%
  39  Nitrobacter_sp._Nb-311A                                   52.10%    failed      0.00%
  40  Nitrococcus_mobilis_Nb-231                                47.76%    passed     10.35%
  41  Nitrosococcus_halophilus_Nc4                              50.51%    passed     11.98%
  42  Nitrosomonas_sp._AL212                                    50.36%    failed      0.00%
  43  Nocardiopsis_dassonvillei_subsp._dassonvillei_DSM_43111   49.78%    passed      6.78%
  44  Nodularia_spumigena_CCY9414                               50.94%    failed      0.00%
  45  Novosphingobium_aromaticivorans_DSM_12444                 52.10%    failed      1.86%
  46  Oceanibulbus_indolifex_HEL-45                             49.64%    passed     85.46%
  47  Oceanicola_batsensis_HTCC2597                             50.07%    passed     78.98%
  48  Oceanicola_batsensis_HTCC2597-A                           50.07%    passed     26.19%
  49  Oceanicola_granulosus_HTCC2516                            50.65%    passed     80.90%
  50  Oceanicola_granulosus_HTCC2516-A                          50.36%    passed     55.45%
  51  Parvularcula_bermudensis_HTCC2503                         50.51%    passed     20.58%
  52  Pelagibaca_bermudensis_HTCC2601                           50.51%    passed     38.27%
  53  Persephonella_marina_EX-H1                                53.98%    failed      0.00%
  54  Phenylobacterium_zucineum_HLK1                            52.24%    passed     76.72%
  55  Planctomyces_brasiliensis_DSM_5305                        48.77%    passed     55.33%
  56  Planctomyces_maris_DSM_8797                               50.36%    passed     47.25%
  57  Planctomyces_maris_DSM_8797-A                             50.22%    passed     57.67%
  58  Planococcus_donghaensis_MPA1U2                            48.34%    passed     59.55%
  59  Polaromonas_naphthalenivorans_CJ2                         51.23%    passed     56.86%
  60  Rhodoferax_ferrireducens_T118                             51.09%    failed      0.06%
  61  Rhodoferax_ferrireducens_T118-A                           51.81%    failed      0.00%
  62  Roseiflexus_castenholzii_DSM_13941                        51.52%    failed      0.18%
  63  Roseiflexus_sp._RS-1                                      52.39%    failed      2.00%
  64  Roseobacter_sp._AzwK-3b                                   50.22%    passed     48.83%
  65  Roseobacter_sp._GAI101                                    50.22%    passed     49.57%
  66  Saccharomonospora_viridis_DSM_43017                       50.07%    passed     19.11%
  67  Sagittula_stellata_E-37                                   50.22%    passed     23.47%
  68  Salinibacter_ruber_DSM_13855                              50.22%    passed     82.81%
  69  Salinispora_arenicola_CNS-205                             49.35%    passed      8.90%
  70  Salinispora_tropica_CNB-440                               54.41%    failed      0.00%
  71  Sinorhizobium_medicae_WSM419                              48.34%    passed     57.16%
  72  Sinorhizobium_meliloti_1021                               53.11%    failed      0.00%
  73  Sinorhizobium_meliloti_AK83                               53.55%    failed      0.13%
  74  Sinorhizobium_meliloti_BL225C                             54.27%    passed     94.10%
  75  Spirosoma_linguale_DSM_74                                 48.34%    passed     53.49%
  76  Stappia_aggregata_IAM_12614                               49.78%    failed      0.54%
  77  Streptomyces_albus_J1074                                  49.78%    passed      6.40%
  78  Streptomyces_albus_J1074-A                                50.07%    passed     95.18%
  79  Streptomyces_albus_J1074-B                                50.65%    passed     45.45%
  80  Symbiobacterium_thermophilum_IAM_14863                    48.34%    passed     94.28%
  81  Syntrophus_aciditrophicus_SB                              51.52%    failed      0.39%
  82  Thiobacillus_denitrificans_ATCC_25259                     52.10%    failed      1.30%
  83  Thiomicrospira_crunogena_XCL-2                            50.07%    passed     69.41%
  84  Turicibacter_sanguinis_PC909                              51.37%    passed     93.89%
WARNING: 67 sequences contain more than 50% gaps/ambiguity
****  TOTAL                                                     50.35%  21 sequences failed composition chi2 test (p-value<5%; df=19)
Checking for duplicate sequences: done in 0.000313516 secs using 64.43% CPU


Create initial parsimony tree by phylogenetic likelihood library (PLL)... 0.039 seconds
Measuring multi-threading efficiency up to 8 CPU cores
Increase to 10 rounds for branch lengths
4 trees examined
Threads: 1 / Time: 10.625 sec / Speedup: 1.000 / Efficiency: 100% / LogL: -57486
Threads: 2 / Time: 6.487 sec / Speedup: 1.638 / Efficiency: 82% / LogL: -57486
Threads: 3 / Time: 6.268 sec / Speedup: 1.695 / Efficiency: 56% / LogL: -57486
Threads: 4 / Time: 8.653 sec / Speedup: 1.228 / Efficiency: 31% / LogL: -57486
Determining AUTO threadcount: done in 32.0402 secs using 203.4% CPU
BEST NUMBER OF THREADS: 2

Perform fast likelihood tree search using LG+I+G model...
Estimate model parameters (epsilon = 5.000)
Perform nearest neighbor interchange...
Estimate model parameters (epsilon = 1.000)
1. Initial log-likelihood: -42384.914
Optimal log-likelihood: -42384.214
Proportion of invariable sites: 0.016
Gamma shape alpha: 1.262
Parameters optimization took 1 rounds (1.241 sec)
Time for fast ML tree search: 9.346 seconds

NOTE: ModelFinder requires 58 MB RAM!
ModelFinder will test up to 1232 protein models (sample size: 691 epsilon: 0.100) ...
 No. Model         -LnL         df  AIC          AICc         BIC
  1  LG            44047.984    165 88425.968    88530.310    89174.761
  2  LG+I          43951.332    166 88234.663    88340.472    88987.995
  3  LG+G4         42393.861    166 85119.722    85225.531    85873.053
  4  LG+I+G4       42384.140    167 85102.280    85209.569    85860.149
  5  LG+R2         42732.290    167 85798.581    85905.869    86556.450
  6  LG+R3         42474.405    169 85286.810    85397.098    86053.756
  7  LG+R4         42365.418    171 85072.837    85186.178    85848.859
  8  LG+R5         42323.646    173 84993.292    85109.741    85778.390
  9  LG+R6         42320.797    175 84991.594    85111.206    85785.769
 14  LG+I+R2       42690.764    168 85717.528    85826.309    86479.935
 15  LG+I+R3       42460.620    170 85261.240    85373.047    86032.724
 16  LG+I+R4       42356.834    172 85057.667    85172.555    85838.227
 17  LG+I+R5       42322.923    174 84993.847    85111.870    85783.483
 18  LG+I+R6       42320.249    176 84992.497    85113.711    85791.210
 30  LG+F+R5       41910.837    192 84205.674    84354.493    85076.997
 31  LG+F+R6       41905.469    194 84198.939    84351.479    85079.338
 39  LG+F+I+R5     41910.377    193 84206.753    84357.425    85082.614
 52  WAG+R5        42643.748    173 85633.495    85749.944    86418.593
 53  WAG+R6        42634.374    175 85618.749    85738.360    86412.923
 61  WAG+I+R5      42642.392    174 85632.784    85750.808    86422.421
 74  WAG+F+R5      42077.481    192 84538.962    84687.782    85410.285
 75  WAG+F+R6      42069.647    194 84527.293    84679.833    85407.692
 83  WAG+F+I+R5    42075.912    193 84537.824    84688.496    85413.685
 96  JTT+R5        42727.861    173 85801.722    85918.171    86586.820
 97  JTT+R6        42712.727    175 85775.454    85895.065    86569.628
105  JTT+I+R5      42724.496    174 85796.991    85915.014    86586.627
118  JTT+F+R5      42323.103    192 85030.206    85179.026    85901.529
119  JTT+F+R6      42312.992    194 85013.985    85166.525    85894.384
127  JTT+F+I+R5    42319.419    193 85024.838    85175.510    85900.699
140  Q.PFAM+R5     42217.550    173 84781.100    84897.549    85566.198
141  Q.PFAM+R6     42209.107    175 84768.214    84887.826    85562.389
149  Q.PFAM+I+R5   42216.051    174 84780.102    84898.126    85569.739
162  Q.PFAM+F+R5   41930.635    192 84245.271    84394.090    85116.594
163  Q.PFAM+F+R6   41924.336    194 84236.671    84389.212    85117.070
171  Q.PFAM+F+I+R5 41930.359    193 84246.719    84397.391    85122.579
184  Q.BIRD+R5     43250.039    173 86846.078    86962.527    87631.176
185  Q.BIRD+R6     43229.288    175 86808.577    86928.188    87602.751
193  Q.BIRD+I+R5   43241.510    174 86831.021    86949.044    87620.657
206  Q.BIRD+F+R5   42990.654    192 86365.308    86514.127    87236.630
207  Q.BIRD+F+R6   42975.396    194 86338.792    86491.333    87219.191
215  Q.BIRD+F+I+R5 42987.209    193 86360.419    86511.091    87236.280
228  Q.MAMMAL+R5   43080.836    173 86507.672    86624.121    87292.771
229  Q.MAMMAL+R6   43062.158    175 86474.315    86593.927    87268.490
237  Q.MAMMAL+I+R5 43074.182    174 86496.364    86614.387    87286.000
250  Q.MAMMAL+F+R5 42736.454    192 85856.908    86005.727    86728.231
251  Q.MAMMAL+F+R6 42725.122    194 85838.245    85990.785    86718.644
259  Q.MAMMAL+F+I+R5 42731.744    193 85849.488    86000.160    86725.349
272  Q.INSECT+R5   42680.189    173 85706.378    85822.827    86491.477
273  Q.INSECT+R6   42665.865    175 85681.730    85801.341    86475.904
281  Q.INSECT+I+R5 42676.937    174 85701.873    85819.897    86491.510
294  Q.INSECT+F+R5 42137.695    192 84659.391    84808.210    85530.714
295  Q.INSECT+F+R6 42130.576    194 84649.152    84801.693    85529.552
303  Q.INSECT+F+I+R5 42134.616    193 84655.232    84805.904    85531.093
316  Q.PLANT+R5    42505.548    173 85357.095    85473.544    86142.194
317  Q.PLANT+R6    42493.148    175 85336.296    85455.908    86130.471
325  Q.PLANT+I+R5  42505.814    174 85359.628    85477.651    86149.264
338  Q.PLANT+F+R5  42257.311    192 84898.622    85047.442    85769.945
339  Q.PLANT+F+R6  42247.445    194 84882.891    85035.431    85763.290
347  Q.PLANT+F+I+R5 42257.228    193 84900.456    85051.128    85776.317
360  Q.YEAST+R5    42706.068    173 85758.137    85874.586    86543.235
361  Q.YEAST+R6    42687.475    175 85724.950    85844.562    86519.124
369  Q.YEAST+I+R5  42705.763    174 85759.527    85877.550    86549.163
382  Q.YEAST+F+R5  42055.504    192 84495.009    84643.828    85366.332
383  Q.YEAST+F+R6  42047.018    194 84482.035    84634.576    85362.435
391  Q.YEAST+F+I+R5 42055.005    193 84496.010    84646.682    85371.871
404  JTTDCMUT+R5   42737.071    173 85820.142    85936.590    86605.240
405  JTTDCMUT+R6   42720.257    175 85790.515    85910.127    86584.689
413  JTTDCMUT+I+R5 42735.702    174 85819.404    85937.427    86609.040
426  JTTDCMUT+F+R5 42321.105    192 85026.210    85175.029    85897.533
427  JTTDCMUT+F+R6 42309.096    194 85006.192    85158.732    85886.591
435  JTTDCMUT+F+I+R5 42318.249    193 85022.498    85173.170    85898.359
448  DCMUT+R5      43183.763    173 86713.525    86829.974    87498.624
449  DCMUT+R6      43160.356    175 86670.712    86790.324    87464.886
457  DCMUT+I+R5    43178.505    174 86705.010    86823.033    87494.646
470  DCMUT+F+R5    42494.595    192 85373.189    85522.009    86244.512
471  DCMUT+F+R6    42478.868    194 85345.735    85498.275    86226.134
479  DCMUT+F+I+R5  42491.447    193 85368.895    85519.567    86244.756
492  VT+R5         42632.313    173 85610.627    85727.076    86395.725
493  VT+R6         42623.196    175 85596.392    85716.003    86390.566
501  VT+I+R5       42630.875    174 85609.750    85727.773    86399.386
514  VT+F+R5       42125.637    192 84635.274    84784.093    85506.597
515  VT+F+R6       42116.382    194 84620.763    84773.304    85501.162
523  VT+F+I+R5     42124.179    193 84634.358    84785.030    85510.219
536  PMB+R5        42655.853    173 85657.706    85774.155    86442.805
537  PMB+R6        42649.714    175 85649.428    85769.039    86443.602
545  PMB+I+R5      42655.028    174 85658.055    85776.079    86447.692
558  PMB+F+R5      42276.169    192 84936.339    85085.158    85807.662
559  PMB+F+R6      42269.779    194 84927.557    85080.098    85807.956
567  PMB+F+I+R5    42275.541    193 84937.082    85087.754    85812.943
580  BLOSUM62+R5   42711.149    173 85768.298    85884.747    86553.396
581  BLOSUM62+R6   42705.774    175 85761.548    85881.160    86555.723
589  BLOSUM62+I+R5 42709.977    174 85767.953    85885.976    86557.589
602  BLOSUM62+F+R5 42274.719    192 84933.439    85082.258    85804.761
603  BLOSUM62+F+R6 42268.272    194 84924.543    85077.084    85804.943
611  BLOSUM62+F+I+R5 42273.664    193 84933.327    85083.999    85809.188
624  DAYHOFF+R5    43180.751    173 86707.501    86823.950    87492.599
625  DAYHOFF+R6    43157.822    175 86665.644    86785.255    87459.818
633  DAYHOFF+I+R5  43176.118    174 86700.236    86818.259    87489.872
646  DAYHOFF+F+R5  42492.863    192 85369.727    85518.546    86241.049
647  DAYHOFF+F+R6  42477.309    194 85342.617    85495.157    86223.016
655  DAYHOFF+F+I+R5 42490.031    193 85366.061    85516.733    86241.922
668  MTREV+R5      43888.268    173 88122.536    88238.985    88907.634
669  MTREV+R6      43867.843    175 88085.686    88205.298    88879.861
677  MTREV+I+R5    43890.976    174 88129.953    88247.976    88919.589
690  MTREV+F+R5    42649.964    192 85683.928    85832.747    86555.251
691  MTREV+F+R6    42632.018    194 85652.036    85804.577    86532.436
699  MTREV+F+I+R5  42652.257    193 85690.514    85841.186    86566.375
712  MTART+R5      43962.300    173 88270.599    88387.048    89055.698
713  MTART+R6      43912.497    175 88174.993    88294.605    88969.168
721  MTART+I+R5    43949.748    174 88247.496    88365.519    89037.132
734  MTART+F+R5    42983.872    192 86351.744    86500.563    87223.067
735  MTART+F+R6    42933.126    194 86254.252    86406.793    87134.651
743  MTART+F+I+R5  42979.337    193 86344.674    86495.346    87220.535
756  MTZOA+R5      42866.404    173 86078.808    86195.257    86863.906
757  MTZOA+R6      42835.968    175 86021.937    86141.548    86816.111
765  MTZOA+I+R5    42863.398    174 86074.797    86192.820    86864.433
778  MTZOA+F+R5    42478.829    192 85341.659    85490.478    86212.981
779  MTZOA+F+R6    42451.578    194 85291.155    85443.695    86171.554
787  MTZOA+F+I+R5  42482.498    193 85350.997    85501.669    86226.858
800  MTMET+R5      43857.971    173 88061.942    88178.391    88847.040
801  MTMET+R6      43836.299    175 88022.598    88142.210    88816.773
809  MTMET+I+R5    43858.492    174 88064.984    88183.007    88854.620
822  MTMET+F+R5    42637.792    192 85659.584    85808.403    86530.907
823  MTMET+F+R6    42622.382    194 85632.765    85785.305    86513.164
831  MTMET+F+I+R5  42664.986    193 85715.973    85866.645    86591.834
844  MTVER+R5      44309.760    173 88965.520    89081.969    89750.618
845  MTVER+R6      44285.038    175 88920.077    89039.688    89714.251
853  MTVER+I+R5    44312.479    174 88972.959    89090.982    89762.595
866  MTVER+F+R5    43063.266    192 86510.531    86659.350    87381.854
867  MTVER+F+R6    43047.621    194 86483.242    86635.782    87363.641
875  MTVER+F+I+R5  43090.409    193 86566.817    86717.489    87442.678
888  MTINV+R5      43945.248    173 88236.496    88352.945    89021.594
889  MTINV+R6      43930.743    175 88211.486    88331.098    89005.661
897  MTINV+I+R5    43955.621    174 88259.242    88377.265    89048.879
910  MTINV+F+R5    42282.919    192 84949.837    85098.657    85821.160
911  MTINV+F+R6    42271.505    194 84931.009    85083.550    85811.408
919  MTINV+F+I+R5  42301.071    193 84988.142    85138.814    85864.003
932  MTMAM+R5      44731.368    173 89808.737    89925.185    90593.835
933  MTMAM+R6      44695.128    175 89740.255    89859.867    90534.430
941  MTMAM+I+R5    44736.227    174 89820.455    89938.478    90610.091
954  MTMAM+F+R5    43485.439    192 87354.879    87503.698    88226.202
955  MTMAM+F+R6    43450.452    194 87288.905    87441.445    88169.304
963  MTMAM+F+I+R5  43499.789    193 87385.579    87536.251    88261.440
976  FLAVI+R5      44010.334    173 88366.668    88483.117    89151.767
977  FLAVI+R6      43993.911    175 88337.821    88457.433    89131.996
985  FLAVI+I+R5    44006.453    174 88360.905    88478.929    89150.542
998  FLAVI+F+R5    43790.184    192 87964.368    88113.188    88835.691
999  FLAVI+F+R6    43781.786    194 87951.571    88104.111    88831.970
1007  FLAVI+F+I+R5  43787.565    193 87961.129    88111.801    88836.990
1020  HIVB+R5       43673.210    173 87692.421    87808.870    88477.519
1021  HIVB+R6       43652.048    175 87654.097    87773.708    88448.271
1029  HIVB+I+R5     43666.568    174 87681.135    87799.159    88470.772
1042  HIVB+F+R5     43076.710    192 86537.420    86686.239    87408.743
1043  HIVB+F+R6     43062.148    194 86512.296    86664.837    87392.695
1051  HIVB+F+I+R5   43072.560    193 86531.120    86681.792    87406.981
1064  HIVW+R5       45541.758    173 91429.517    91545.966    92214.615
1065  HIVW+R6       45519.398    175 91388.797    91508.409    92182.971
1073  HIVW+I+R5     45530.434    174 91408.868    91526.892    92198.505
1086  HIVW+F+R5     44150.325    192 88684.649    88833.469    89555.972
1087  HIVW+F+R6     44129.806    194 88647.613    88800.153    89528.012
1095  HIVW+F+I+R5   44147.546    193 88681.092    88831.764    89556.953
1108  FLU+R5        43633.576    173 87613.151    87729.600    88398.249
1109  FLU+R6        43613.668    175 87577.336    87696.948    88371.511
1117  FLU+I+R5      43632.829    174 87613.658    87731.681    88403.294
1130  FLU+F+R5      42768.562    192 85921.125    86069.944    86792.448
1131  FLU+F+R6      42755.050    194 85898.100    86050.640    86778.499
1139  FLU+F+I+R5    42764.593    193 85915.186    86065.858    86791.047
1152  RTREV+R5      43000.391    173 86346.782    86463.231    87131.880
1153  RTREV+R6      42989.873    175 86329.745    86449.357    87123.920
1161  RTREV+I+R5    43000.899    174 86349.799    86467.822    87139.435
1174  RTREV+F+R5    42140.550    192 84665.099    84813.919    85536.422
1175  RTREV+F+R6    42130.481    194 84648.962    84801.502    85529.361
1183  RTREV+F+I+R5  42140.618    193 84667.235    84817.907    85543.096
1196  CPREV+R5      42629.017    173 85604.033    85720.482    86389.132
1197  CPREV+R6      42612.856    175 85575.713    85695.324    86369.887
1205  CPREV+I+R5    42628.689    174 85605.378    85723.401    86395.014
1218  CPREV+F+R5    42180.713    192 84745.425    84894.244    85616.748
1219  CPREV+F+R6    42168.816    194 84725.633    84878.173    85606.032
1227  CPREV+F+I+R5  42179.912    193 84745.824    84896.496    85621.685
Akaike Information Criterion:           LG+F+R6
Corrected Akaike Information Criterion: LG+F+R6
Bayesian Information Criterion:         LG+F+R5
Best-fit model: LG+F+R5 chosen according to BIC

All model information printed to training_data/prot_M11344_84_691.phy/output_files/iqtree/inference/pars_5.model.gz
CPU time for ModelFinder: 4782.294 seconds (1h:19m:42s)
Wall-clock time for ModelFinder: 2697.181 seconds (0h:44m:57s)

NOTE: 29 MB RAM (0 GB) is required!
Estimate model parameters (epsilon = 0.010)
1. Initial log-likelihood: -41933.671
2. Current log-likelihood: -41910.436
3. Current log-likelihood: -41909.505
4. Current log-likelihood: -41909.383
5. Current log-likelihood: -41909.339
6. Current log-likelihood: -41909.306
7. Current log-likelihood: -41909.275
8. Current log-likelihood: -41909.242
9. Current log-likelihood: -41909.210
10. Current log-likelihood: -41909.178
11. Current log-likelihood: -41909.148
12. Current log-likelihood: -41909.117
13. Current log-likelihood: -41909.089
14. Current log-likelihood: -41909.071
15. Current log-likelihood: -41909.040
16. Current log-likelihood: -41909.011
17. Current log-likelihood: -41908.982
18. Current log-likelihood: -41908.966
19. Current log-likelihood: -41908.948
20. Current log-likelihood: -41908.920
21. Current log-likelihood: -41908.903
22. Current log-likelihood: -41908.876
23. Current log-likelihood: -41908.862
24. Current log-likelihood: -41908.845
25. Current log-likelihood: -41908.818
26. Current log-likelihood: -41908.804
27. Current log-likelihood: -41908.788
28. Current log-likelihood: -41908.762
29. Current log-likelihood: -41908.747
30. Current log-likelihood: -41908.732
31. Current log-likelihood: -41908.719
32. Current log-likelihood: -41908.704
33. Current log-likelihood: -41908.690
34. Current log-likelihood: -41908.675
35. Current log-likelihood: -41908.662
36. Current log-likelihood: -41908.648
37. Current log-likelihood: -41908.635
38. Current log-likelihood: -41908.622
39. Current log-likelihood: -41908.609
40. Current log-likelihood: -41908.596
41. Current log-likelihood: -41908.583
42. Current log-likelihood: -41908.571
43. Current log-likelihood: -41908.560
44. Current log-likelihood: -41908.549
45. Current log-likelihood: -41908.537
46. Current log-likelihood: -41908.525
47. Current log-likelihood: -41908.514
48. Current log-likelihood: -41908.502
49. Current log-likelihood: -41908.490
50. Current log-likelihood: -41908.479
51. Current log-likelihood: -41908.468
52. Current log-likelihood: -41908.456
53. Current log-likelihood: -41908.445
54. Current log-likelihood: -41908.434
55. Current log-likelihood: -41908.424
Optimal log-likelihood: -41908.410
Site proportion and rates:  (0.059,0.066) (0.171,0.260) (0.251,0.534) (0.311,1.101) (0.209,2.279)
Parameters optimization took 55 rounds (108.872 sec)
Wrote distance file to... 
BEST SCORE FOUND : -41908.410
Total tree length: 60.916

Total number of iterations: 0
CPU time used for tree search: 0.000 sec (0h:0m:0s)
Wall-clock time used for tree search: 0.000 sec (0h:0m:0s)
Total CPU time used: 4975.278 sec (1h:22m:55s)
Total wall-clock time used: 2806.119 sec (0h:46m:46s)

Analysis results written to: 
  IQ-TREE report:                training_data/prot_M11344_84_691.phy/output_files/iqtree/inference/pars_5.iqtree
  Maximum-likelihood tree:       training_data/prot_M11344_84_691.phy/output_files/iqtree/inference/pars_5.treefile
  Screen log file:               training_data/prot_M11344_84_691.phy/output_files/iqtree/inference/pars_5.log

Date and Time: Tue Sep 23 02:57:55 2025
