IQ-TREE version 3.0.1 for Linux x86 64-bit built Sep 12 2025
Developed by Bui Quang Minh, Thomas Wong, Nhan Ly-Trong, Huaiyan Ren
Contributed by Lam-Tung Nguyen, Dominik Schrempf, Chris Bielow,
Olga Chernomor, Michael Woodhams, Diep Thi Hoang, Heiko Schmidt

Host:    vanvan-Latitude-9520 (AVX512, FMA3, 31 GB RAM)
Command: /usr/local/bin/iqtree3 -s /home/vanvan/Downloads/data_treebase/DIU_TRAINING_DATA/data5/prot_M11344_84_691.phy -pre training_data/prot_M11344_84_691.phy/output_files/iqtree/inference/pars_9 -seed 9 -ninit 1 -T 1 -redo -n 0 -nt AUTO
Seed:    9 (Using SPRNG - Scalable Parallel Random Number Generator)
Time:    Thu Sep 25 07:50:26 2025
Kernel:  AVX+FMA - auto-detect threads (8 CPU cores detected)

Reading alignment file /home/vanvan/Downloads/data_treebase/DIU_TRAINING_DATA/data5/prot_M11344_84_691.phy ... Phylip format detected
Alignment most likely contains protein sequences
Constructing alignment: done in 0.00190194 secs using 35.81% CPU
Alignment has 84 sequences with 691 columns, 428 distinct patterns
355 parsimony-informative, 26 singleton sites, 310 constant sites
                                                         Gap/Ambiguity  Composition  p-value
Analyzing sequences: done in 0.000236877 secs using 99.63% CPU
   1  Acetohalobium_arabaticum_DSM_5501                         52.39%    failed      0.00%
   2  Acidiphilium_cryptum_JF-5                                 51.66%    passed     54.69%
   3  Acidiphilium_multivorum_AIU301                            51.09%    passed     72.78%
   4  Alkaliphilus_metalliredigens_QYMF                         51.95%    passed     23.81%
   5  Anaerolinea_thermophila_UNI-1                             51.09%    passed     72.76%
   6  Anaeromyxobacter_sp._Fw109-5                              51.09%    passed     38.63%
   7  Aurantimonas_manganoxydans_SI85-9A1                       50.65%    passed     16.29%
   8  Bacillus_cellulosilyticus_DSM_2522                        51.37%    passed     97.65%
   9  Bacillus_halodurans_C-125                                 48.34%    passed     53.15%
  10  Bacillus_pseudofirmus_OF4                                 51.95%    failed      4.61%
  11  Bacillus_selenitireducens_MLS10                           52.68%    passed     80.69%
  12  Bacillus_sp._m3-13                                        51.52%    passed     20.97%
  13  Blastopirellula_marina_DSM_3645                           52.68%    passed     69.18%
  14  Candidatus_Nitrospira_defluvii                            51.66%    passed     13.11%
  15  Chromohalobacter_salexigens_DSM_3043                      50.36%    passed     85.38%
  16  Citreicella_sp._SE45                                      50.22%    passed     67.51%
  17  Citromicrobium_bathyomarinum_JL354                        50.51%    passed     97.92%
  18  Deferribacter_desulfuricans_SSM1                          44.72%    passed     87.62%
  19  Denitrovibrio_acetiphilus_DSM_12809                       51.09%    passed     49.43%
  20  Dethiobacter_alkaliphilus_AHT_1                           52.24%    failed      0.00%
  21  Dinoroseobacter_shibae_DFL_12                             50.22%    passed     89.16%
  22  Erysipelotrichaceae_bacterium_5_2_54FAA                   51.66%    failed      0.79%
  23  Erythrobacter_litoralis_HTCC2594                          50.94%    passed     40.13%
  24  Erythrobacter_sp._SD-21                                   48.63%    passed     22.27%
  25  Exiguobacterium_sp._AT1b                                  50.80%    passed     84.27%
  26  Fulvimarina_pelagi_HTCC2506                               52.82%    passed     54.01%
  27  Halanaerobium_praevalens_DSM_2228                         50.22%    passed     41.39%
  28  Halanaerobium_sp._sapolanicus                             47.61%    passed     46.81%
  29  Haliangium_ochraceum_DSM_14365                            50.94%    passed     60.77%
  30  Ilyobacter_polytropus_DSM_2926                            48.77%    passed     87.89%
  31  Ktedonobacter_racemifer_DSM_44963                         50.22%    passed     71.03%
  32  Leptothrix_cholodnii_SP-6                                 51.66%    passed     50.19%
  33  Lyngbya_sp._PCC_8106                                      54.41%    passed     74.45%
  34  Marinobacter_algicola_DG893                               50.36%    passed     75.97%
  35  Maritimibacter_alkaliphilus_HTCC2654                      14.18%    failed      3.55%
  36  Mesorhizobium_sp._BNC1                                    51.66%    failed      4.29%
  37  Methylococcus_capsulatus_str._Bath                        51.09%    passed     20.22%
  38  Natranaerobius_thermophilus_JW_NM-WN-LF                   51.09%    passed     49.80%
  39  Nitrobacter_sp._Nb-311A                                   52.10%    failed      0.00%
  40  Nitrococcus_mobilis_Nb-231                                47.76%    passed     10.35%
  41  Nitrosococcus_halophilus_Nc4                              50.51%    passed     11.98%
  42  Nitrosomonas_sp._AL212                                    50.36%    failed      0.00%
  43  Nocardiopsis_dassonvillei_subsp._dassonvillei_DSM_43111   49.78%    passed      6.78%
  44  Nodularia_spumigena_CCY9414                               50.94%    failed      0.00%
  45  Novosphingobium_aromaticivorans_DSM_12444                 52.10%    failed      1.86%
  46  Oceanibulbus_indolifex_HEL-45                             49.64%    passed     85.46%
  47  Oceanicola_batsensis_HTCC2597                             50.07%    passed     78.98%
  48  Oceanicola_batsensis_HTCC2597-A                           50.07%    passed     26.19%
  49  Oceanicola_granulosus_HTCC2516                            50.65%    passed     80.90%
  50  Oceanicola_granulosus_HTCC2516-A                          50.36%    passed     55.45%
  51  Parvularcula_bermudensis_HTCC2503                         50.51%    passed     20.58%
  52  Pelagibaca_bermudensis_HTCC2601                           50.51%    passed     38.27%
  53  Persephonella_marina_EX-H1                                53.98%    failed      0.00%
  54  Phenylobacterium_zucineum_HLK1                            52.24%    passed     76.72%
  55  Planctomyces_brasiliensis_DSM_5305                        48.77%    passed     55.33%
  56  Planctomyces_maris_DSM_8797                               50.36%    passed     47.25%
  57  Planctomyces_maris_DSM_8797-A                             50.22%    passed     57.67%
  58  Planococcus_donghaensis_MPA1U2                            48.34%    passed     59.55%
  59  Polaromonas_naphthalenivorans_CJ2                         51.23%    passed     56.86%
  60  Rhodoferax_ferrireducens_T118                             51.09%    failed      0.06%
  61  Rhodoferax_ferrireducens_T118-A                           51.81%    failed      0.00%
  62  Roseiflexus_castenholzii_DSM_13941                        51.52%    failed      0.18%
  63  Roseiflexus_sp._RS-1                                      52.39%    failed      2.00%
  64  Roseobacter_sp._AzwK-3b                                   50.22%    passed     48.83%
  65  Roseobacter_sp._GAI101                                    50.22%    passed     49.57%
  66  Saccharomonospora_viridis_DSM_43017                       50.07%    passed     19.11%
  67  Sagittula_stellata_E-37                                   50.22%    passed     23.47%
  68  Salinibacter_ruber_DSM_13855                              50.22%    passed     82.81%
  69  Salinispora_arenicola_CNS-205                             49.35%    passed      8.90%
  70  Salinispora_tropica_CNB-440                               54.41%    failed      0.00%
  71  Sinorhizobium_medicae_WSM419                              48.34%    passed     57.16%
  72  Sinorhizobium_meliloti_1021                               53.11%    failed      0.00%
  73  Sinorhizobium_meliloti_AK83                               53.55%    failed      0.13%
  74  Sinorhizobium_meliloti_BL225C                             54.27%    passed     94.10%
  75  Spirosoma_linguale_DSM_74                                 48.34%    passed     53.49%
  76  Stappia_aggregata_IAM_12614                               49.78%    failed      0.54%
  77  Streptomyces_albus_J1074                                  49.78%    passed      6.40%
  78  Streptomyces_albus_J1074-A                                50.07%    passed     95.18%
  79  Streptomyces_albus_J1074-B                                50.65%    passed     45.45%
  80  Symbiobacterium_thermophilum_IAM_14863                    48.34%    passed     94.28%
  81  Syntrophus_aciditrophicus_SB                              51.52%    failed      0.39%
  82  Thiobacillus_denitrificans_ATCC_25259                     52.10%    failed      1.30%
  83  Thiomicrospira_crunogena_XCL-2                            50.07%    passed     69.41%
  84  Turicibacter_sanguinis_PC909                              51.37%    passed     93.89%
WARNING: 67 sequences contain more than 50% gaps/ambiguity
****  TOTAL                                                     50.35%  21 sequences failed composition chi2 test (p-value<5%; df=19)
Checking for duplicate sequences: done in 0.000384019 secs using 99.47% CPU


Create initial parsimony tree by phylogenetic likelihood library (PLL)... 0.060 seconds
Measuring multi-threading efficiency up to 8 CPU cores
Increase to 10 rounds for branch lengths
3 trees examined
Threads: 1 / Time: 10.473 sec / Speedup: 1.000 / Efficiency: 100% / LogL: -57749
Threads: 2 / Time: 8.597 sec / Speedup: 1.218 / Efficiency: 61% / LogL: -57749
Threads: 3 / Time: 11.790 sec / Speedup: 0.888 / Efficiency: 30% / LogL: -57749
Determining AUTO threadcount: done in 30.8651 secs using 134.7% CPU
BEST NUMBER OF THREADS: 2

Perform fast likelihood tree search using LG+I+G model...
Estimate model parameters (epsilon = 5.000)
Perform nearest neighbor interchange...
Estimate model parameters (epsilon = 1.000)
1. Initial log-likelihood: -42371.896
Optimal log-likelihood: -42371.317
Proportion of invariable sites: 0.018
Gamma shape alpha: 1.284
Parameters optimization took 1 rounds (0.895 sec)
Time for fast ML tree search: 11.366 seconds

NOTE: ModelFinder requires 58 MB RAM!
ModelFinder will test up to 1232 protein models (sample size: 691 epsilon: 0.100) ...
 No. Model         -LnL         df  AIC          AICc         BIC
  1  LG            44032.949    165 88395.899    88500.242    89144.692
  2  LG+I          43936.780    166 88205.561    88311.370    88958.892
  3  LG+G4         42381.593    166 85095.187    85200.996    85848.518
  4  LG+I+G4       42371.145    167 85076.289    85183.578    85834.158
  5  LG+R2         42717.321    167 85768.642    85875.931    86526.511
  6  LG+R3         42459.021    169 85256.041    85366.329    86022.987
  7  LG+R4         42351.900    171 85045.800    85159.142    85821.822
  8  LG+R5         42306.759    173 84959.519    85075.967    85744.617
  9  LG+R6         42300.489    175 84950.979    85070.590    85745.153
 14  LG+I+R2       42675.963    168 85687.925    85796.707    86450.333
 15  LG+I+R3       42445.520    170 85231.040    85342.848    86002.524
 16  LG+I+R4       42343.703    172 85031.405    85146.293    85811.965
 17  LG+I+R5       42306.521    174 84961.043    85079.066    85750.679
 18  LG+I+R6       42300.444    176 84952.889    85074.103    85751.601
 30  LG+F+R5       41894.399    192 84172.799    84321.618    85044.122
 31  LG+F+R6       41887.250    194 84162.499    84315.040    85042.898
 39  LG+F+I+R5     41894.657    193 84175.314    84325.986    85051.175
 40  LG+F+I+R6     41887.358    195 84164.716    84319.140    85049.653
 52  WAG+R5        42626.596    173 85599.192    85715.641    86384.290
 53  WAG+R6        42616.331    175 85582.662    85702.274    86376.837
 61  WAG+I+R5      42624.970    174 85597.940    85715.963    86387.576
 62  WAG+I+R6      42616.070    176 85584.140    85705.354    86382.853
 74  WAG+F+R5      42061.990    192 84507.981    84656.800    85379.304
 75  WAG+F+R6      42053.858    194 84495.716    84648.257    85376.116
 83  WAG+F+I+R5    42060.757    193 84507.515    84658.187    85383.376
 84  WAG+F+I+R6    42054.182    195 84498.364    84652.788    85383.301
 96  JTT+R5        42717.115    173 85780.231    85896.679    86565.329
 97  JTT+R6        42701.241    175 85752.482    85872.094    86546.656
105  JTT+I+R5      42713.471    174 85774.941    85892.965    86564.578
106  JTT+I+R6      42700.523    176 85753.045    85874.259    86551.758
118  JTT+F+R5      42312.187    192 85008.374    85157.193    85879.697
119  JTT+F+R6      42301.474    194 84990.948    85143.488    85871.347
127  JTT+F+I+R5    42308.799    193 85003.598    85154.270    85879.459
128  JTT+F+I+R6    42301.104    195 84992.209    85146.633    85877.146
140  Q.PFAM+R5     42202.533    173 84751.066    84867.515    85536.164
141  Q.PFAM+R6     42193.726    175 84737.453    84857.064    85531.627
149  Q.PFAM+I+R5   42201.369    174 84750.738    84868.761    85540.374
150  Q.PFAM+I+R6   42194.126    176 84740.253    84861.467    85538.965
162  Q.PFAM+F+R5   41914.633    192 84213.267    84362.086    85084.589
163  Q.PFAM+F+R6   41909.014    194 84206.028    84358.568    85086.427
171  Q.PFAM+F+I+R5 41914.500    193 84215.001    84365.673    85090.862
172  Q.PFAM+F+I+R6 41909.501    195 84209.003    84363.427    85093.940
184  Q.BIRD+R5     43243.209    173 86832.417    86948.866    87617.515
185  Q.BIRD+R6     43223.421    175 86796.841    86916.453    87591.016
193  Q.BIRD+I+R5   43236.245    174 86820.489    86938.513    87610.126
194  Q.BIRD+I+R6   43220.899    176 86793.798    86915.012    87592.511
206  Q.BIRD+F+R5   42985.008    192 86354.016    86502.835    87225.339
207  Q.BIRD+F+R6   42968.890    194 86325.780    86478.320    87206.179
215  Q.BIRD+F+I+R5 42982.220    193 86350.440    86501.112    87226.301
216  Q.BIRD+F+I+R6 42965.442    195 86320.885    86475.309    87205.822
228  Q.MAMMAL+R5   43072.916    173 86491.831    86608.280    87276.930
229  Q.MAMMAL+R6   43054.750    175 86459.499    86579.111    87253.674
237  Q.MAMMAL+I+R5 43066.315    174 86480.630    86598.653    87270.266
238  Q.MAMMAL+I+R6 43052.445    176 86456.890    86578.104    87255.602
250  Q.MAMMAL+F+R5 42728.320    192 85840.640    85989.460    86711.963
251  Q.MAMMAL+F+R6 42717.228    194 85822.456    85974.997    86702.855
259  Q.MAMMAL+F+I+R5 42724.945    193 85835.891    85986.563    86711.752
260  Q.MAMMAL+F+I+R6 42714.102    195 85818.205    85972.629    86703.142
272  Q.INSECT+R5   42669.230    173 85684.459    85800.908    86469.558
273  Q.INSECT+R6   42655.165    175 85660.331    85779.943    86454.505
281  Q.INSECT+I+R5 42665.372    174 85678.745    85796.768    86468.381
282  Q.INSECT+I+R6 42654.645    176 85661.291    85782.505    86460.004
294  Q.INSECT+F+R5 42124.765    192 84633.530    84782.349    85504.853
295  Q.INSECT+F+R6 42113.694    194 84615.389    84767.929    85495.788
303  Q.INSECT+F+I+R5 42121.604    193 84629.208    84779.880    85505.069
304  Q.INSECT+F+I+R6 42118.140    195 84626.279    84780.704    85511.217
316  Q.PLANT+R5    42494.438    173 85334.876    85451.325    86119.975
317  Q.PLANT+R6    42481.801    175 85313.602    85433.214    86107.777
325  Q.PLANT+I+R5  42494.609    174 85337.217    85455.241    86126.854
326  Q.PLANT+I+R6  42486.761    176 85325.523    85446.737    86124.235
338  Q.PLANT+F+R5  42245.651    192 84875.302    85024.121    85746.624
339  Q.PLANT+F+R6  42236.190    194 84860.380    85012.921    85740.779
347  Q.PLANT+F+I+R5 42246.271    193 84878.542    85029.214    85754.403
348  Q.PLANT+F+I+R6 42240.666    195 84871.333    85025.757    85756.270
360  Q.YEAST+R5    42696.527    173 85739.054    85855.503    86524.152
361  Q.YEAST+R6    42677.713    175 85705.425    85825.037    86499.600
369  Q.YEAST+I+R5  42695.836    174 85739.672    85857.695    86529.308
370  Q.YEAST+I+R6  42678.315    176 85708.630    85829.844    86507.343
382  Q.YEAST+F+R5  42040.575    192 84465.149    84613.969    85336.472
383  Q.YEAST+F+R6  42033.915    194 84455.829    84608.369    85336.228
391  Q.YEAST+F+I+R5 42039.973    193 84465.947    84616.619    85341.808
392  Q.YEAST+F+I+R6 42033.739    195 84457.479    84611.903    85342.416
404  JTTDCMUT+R5   42726.036    173 85798.073    85914.522    86583.171
405  JTTDCMUT+R6   42708.761    175 85767.522    85887.133    86561.696
413  JTTDCMUT+I+R5 42724.050    174 85796.101    85914.124    86585.737
414  JTTDCMUT+I+R6 42709.220    176 85770.441    85891.655    86569.153
426  JTTDCMUT+F+R5 42310.052    192 85004.105    85152.924    85875.428
427  JTTDCMUT+F+R6 42298.023    194 84984.045    85136.586    85864.444
435  JTTDCMUT+F+I+R5 42307.440    193 85000.879    85151.551    85876.740
436  JTTDCMUT+F+I+R6 42298.629    195 84987.257    85141.681    85872.194
448  DCMUT+R5      43171.506    173 86689.013    86805.462    87474.111
449  DCMUT+R6      43148.988    175 86647.976    86767.588    87442.151
457  DCMUT+I+R5    43166.096    174 86680.192    86798.216    87469.829
458  DCMUT+I+R6    43148.720    176 86649.440    86770.654    87448.153
470  DCMUT+F+R5    42484.779    192 85353.557    85502.377    86224.880
471  DCMUT+F+R6    42469.655    194 85327.309    85479.850    86207.708
479  DCMUT+F+I+R5  42481.473    193 85348.947    85499.619    86224.808
480  DCMUT+F+I+R6  42469.768    195 85329.536    85483.961    86214.474
492  VT+R5         42616.890    173 85579.780    85696.228    86364.878
493  VT+R6         42606.960    175 85563.921    85683.533    86358.095
501  VT+I+R5       42615.580    174 85579.161    85697.184    86368.797
502  VT+I+R6       42607.354    176 85566.708    85687.922    86365.421
514  VT+F+R5       42109.995    192 84603.989    84752.809    85475.312
515  VT+F+R6       42101.007    194 84590.014    84742.554    85470.413
523  VT+F+I+R5     42108.931    193 84603.861    84754.533    85479.722
524  VT+F+I+R6     42101.426    195 84592.852    84747.277    85477.790
536  PMB+R5        42636.039    173 85618.078    85734.527    86403.177
537  PMB+R6        42629.804    175 85609.608    85729.220    86403.782
545  PMB+I+R5      42635.403    174 85618.805    85736.828    86408.441
546  PMB+I+R6      42630.342    176 85612.683    85733.897    86411.396
558  PMB+F+R5      42258.805    192 84901.609    85050.428    85772.932
559  PMB+F+R6      42253.204    194 84894.408    85046.949    85774.807
567  PMB+F+I+R5    42258.529    193 84903.059    85053.731    85778.920
568  PMB+F+I+R6    42253.679    195 84897.359    85051.783    85782.296
580  BLOSUM62+R5   42692.782    173 85731.563    85848.012    86516.661
581  BLOSUM62+R6   42687.580    175 85725.159    85844.771    86519.334
589  BLOSUM62+I+R5 42691.844    174 85731.688    85849.711    86521.324
590  BLOSUM62+I+R6 42687.527    176 85727.055    85848.269    86525.767
602  BLOSUM62+F+R5 42256.700    192 84897.400    85046.219    85768.723
603  BLOSUM62+F+R6 42250.788    194 84889.577    85042.117    85769.976
611  BLOSUM62+F+I+R5 42256.002    193 84898.004    85048.676    85773.865
612  BLOSUM62+F+I+R6 42250.876    195 84891.752    85046.176    85776.689
624  DAYHOFF+R5    43168.913    173 86683.827    86800.275    87468.925
625  DAYHOFF+R6    43146.671    175 86643.342    86762.953    87437.516
633  DAYHOFF+I+R5  43163.810    174 86675.621    86793.644    87465.257
634  DAYHOFF+I+R6  43146.415    176 86644.830    86766.044    87443.543
646  DAYHOFF+F+R5  42482.942    192 85349.885    85498.704    86221.207
647  DAYHOFF+F+R6  42468.253    194 85324.506    85477.046    86204.905
655  DAYHOFF+F+I+R5 42480.068    193 85346.136    85496.808    86221.997
656  DAYHOFF+F+I+R6 42469.048    195 85328.096    85482.520    86213.033
668  MTREV+R5      43879.173    173 88104.345    88220.794    88889.443
669  MTREV+R6      43858.346    175 88066.692    88186.304    88860.867
677  MTREV+I+R5    43882.114    174 88112.227    88230.250    88901.863
678  MTREV+I+R6    43858.612    176 88069.223    88190.437    88867.936
690  MTREV+F+R5    42640.334    192 85664.668    85813.487    86535.991
691  MTREV+F+R6    42622.397    194 85632.795    85785.335    86513.194
699  MTREV+F+I+R5  42643.129    193 85672.259    85822.931    86548.120
700  MTREV+F+I+R6  42623.136    195 85636.273    85790.697    86521.210
712  MTART+R5      43961.497    173 88268.993    88385.442    89054.092
713  MTART+R6      43910.720    175 88171.440    88291.052    88965.615
721  MTART+I+R5    43946.314    174 88240.628    88358.652    89030.265
722  MTART+I+R6    43910.249    176 88172.497    88293.711    88971.210
734  MTART+F+R5    42980.971    192 86345.943    86494.762    87217.266
735  MTART+F+R6    42927.462    194 86242.923    86395.463    87123.322
743  MTART+F+I+R5  42973.393    193 86332.785    86483.457    87208.646
744  MTART+F+I+R6  42926.103    195 86242.207    86396.631    87127.144
756  MTZOA+R5      42859.963    173 86065.925    86182.374    86851.023
757  MTZOA+R6      42825.309    175 86000.618    86120.230    86794.793
765  MTZOA+I+R5    42856.437    174 86060.875    86178.898    86850.511
766  MTZOA+I+R6    42824.461    176 86000.922    86122.136    86799.634
778  MTZOA+F+R5    42484.983    192 85353.966    85502.785    86225.289
779  MTZOA+F+R6    42443.558    194 85275.115    85427.655    86155.514
787  MTZOA+F+I+R5  42481.708    193 85349.417    85500.089    86225.278
788  MTZOA+F+I+R6  42440.721    195 85271.443    85425.867    86156.380
800  MTMET+R5      43861.744    173 88069.489    88185.937    88854.587
801  MTMET+R6      43831.373    175 88012.747    88132.358    88806.921
809  MTMET+I+R5    43858.097    174 88064.193    88182.216    88853.829
810  MTMET+I+R6    43831.049    176 88014.098    88135.312    88812.810
822  MTMET+F+R5    42630.107    192 85644.215    85793.034    86515.538
823  MTMET+F+R6    42614.147    194 85616.294    85768.834    86496.693
831  MTMET+F+I+R5  42658.983    193 85703.966    85854.638    86579.827
832  MTMET+F+I+R6  42612.582    195 85615.165    85769.589    86500.102
844  MTVER+R5      44306.250    173 88958.500    89074.949    89743.598
845  MTVER+R6      44281.640    175 88913.280    89032.891    89707.454
853  MTVER+I+R5    44309.755    174 88967.510    89085.534    89757.147
854  MTVER+I+R6    44281.645    176 88915.289    89036.503    89714.002
866  MTVER+F+R5    43057.821    192 86499.642    86648.462    87370.965
867  MTVER+F+R6    43041.270    194 86470.539    86623.080    87350.938
875  MTVER+F+I+R5  43085.909    193 86557.818    86708.490    87433.679
876  MTVER+F+I+R6  43040.068    195 86470.135    86624.559    87355.072
888  MTINV+R5      43938.763    173 88223.527    88339.976    89008.625
889  MTINV+R6      43923.180    175 88196.359    88315.971    88990.534
897  MTINV+I+R5    43953.280    174 88254.561    88372.584    89044.197
898  MTINV+I+R6    43922.613    176 88197.227    88318.441    88995.939
910  MTINV+F+R5    42274.756    192 84933.512    85082.332    85804.835
911  MTINV+F+R6    42262.320    194 84912.640    85065.180    85793.039
919  MTINV+F+I+R5  42295.382    193 84976.763    85127.435    85852.624
920  MTINV+F+I+R6  42259.603    195 84909.206    85063.630    85794.143
932  MTMAM+R5      44720.359    173 89786.718    89903.166    90571.816
933  MTMAM+R6      44683.520    175 89717.040    89836.651    90511.214
941  MTMAM+I+R5    44725.089    174 89798.178    89916.201    90587.814
942  MTMAM+I+R6    44683.601    176 89719.202    89840.416    90517.915
954  MTMAM+F+R5    43471.841    192 87327.682    87476.501    88199.005
955  MTMAM+F+R6    43437.943    194 87263.886    87416.426    88144.285
963  MTMAM+F+I+R5  43486.337    193 87358.674    87509.346    88234.535
964  MTMAM+F+I+R6  43437.891    195 87265.783    87420.207    88150.720
976  FLAVI+R5      44013.984    173 88373.968    88490.417    89159.067
977  FLAVI+R6      43998.093    175 88346.186    88465.797    89140.360
985  FLAVI+I+R5    44010.264    174 88368.527    88486.550    89158.163
986  FLAVI+I+R6    43997.140    176 88346.281    88467.495    89144.993
998  FLAVI+F+R5    43792.657    192 87969.314    88118.133    88840.637
999  FLAVI+F+R6    43783.209    194 87954.417    88106.958    88834.817
1007  FLAVI+F+I+R5  43789.951    193 87965.902    88116.574    88841.763
1008  FLAVI+F+I+R6  43782.866    195 87955.732    88110.156    88840.669
1020  HIVB+R5       43667.173    173 87680.346    87796.795    88465.445
1021  HIVB+R6       43645.067    175 87640.134    87759.746    88434.309
1029  HIVB+I+R5     43660.462    174 87668.925    87786.948    88458.561
1030  HIVB+I+R6     43643.689    176 87639.379    87760.593    88438.092
1042  HIVB+F+R5     43068.707    192 86521.413    86670.232    87392.736
1043  HIVB+F+R6     43054.793    194 86497.586    86650.127    87377.985
1051  HIVB+F+I+R5   43064.961    193 86515.921    86666.593    87391.782
1052  HIVB+F+I+R6   43054.888    195 86499.777    86654.201    87384.714
1064  HIVW+R5       45544.380    173 91434.761    91551.209    92219.859
1065  HIVW+R6       45523.336    175 91396.673    91516.284    92190.847
1073  HIVW+I+R5     45534.278    174 91416.557    91534.580    92206.193
1074  HIVW+I+R6     45520.521    176 91393.042    91514.256    92191.754
1086  HIVW+F+R5     44151.502    192 88687.004    88835.823    89558.327
1087  HIVW+F+R6     44133.032    194 88654.064    88806.605    89534.463
1095  HIVW+F+I+R5   44145.925    193 88677.850    88828.522    89553.711
1096  HIVW+F+I+R6   44130.552    195 88651.105    88805.529    89536.042
1108  FLU+R5        43636.209    173 87618.419    87734.868    88403.517
1109  FLU+R6        43618.874    175 87587.749    87707.360    88381.923
1117  FLU+I+R5      43635.220    174 87618.439    87736.462    88408.076
1118  FLU+I+R6      43618.528    176 87589.057    87710.271    88387.769
1130  FLU+F+R5      42765.094    192 85914.189    86063.008    86785.511
1131  FLU+F+R6      42752.562    194 85893.125    86045.665    86773.524
1139  FLU+F+I+R5    42763.091    193 85912.182    86062.854    86788.043
1140  FLU+F+I+R6    42752.008    195 85894.015    86048.440    86778.953
1152  RTREV+R5      42989.322    173 86324.644    86441.093    87109.742
1153  RTREV+R6      42979.129    175 86308.258    86427.869    87102.432
1161  RTREV+I+R5    42988.975    174 86325.949    86443.972    87115.585
1162  RTREV+I+R6    42979.370    176 86310.741    86431.955    87109.453
1174  RTREV+F+R5    42126.443    192 84636.885    84785.705    85508.208
1175  RTREV+F+R6    42117.517    194 84623.035    84775.575    85503.434
1183  RTREV+F+I+R5  42126.548    193 84639.096    84789.769    85514.957
1184  RTREV+F+I+R6  42117.799    195 84625.598    84780.023    85510.536
1196  CPREV+R5      42616.310    173 85578.621    85695.070    86363.719
1197  CPREV+R6      42600.505    175 85551.009    85670.621    86345.184
1205  CPREV+I+R5    42614.669    174 85577.337    85695.360    86366.973
1206  CPREV+I+R6    42600.455    176 85552.910    85674.124    86351.623
1218  CPREV+F+R5    42165.596    192 84715.191    84864.010    85586.514
1219  CPREV+F+R6    42153.507    194 84695.014    84847.554    85575.413
1227  CPREV+F+I+R5  42164.361    193 84714.722    84865.394    85590.583
1228  CPREV+F+I+R6  42153.798    195 84697.595    84852.020    85582.533
Akaike Information Criterion:           LG+F+R6
Corrected Akaike Information Criterion: LG+F+R6
Bayesian Information Criterion:         LG+F+R6
Best-fit model: LG+F+R6 chosen according to BIC

All model information printed to training_data/prot_M11344_84_691.phy/output_files/iqtree/inference/pars_9.model.gz
CPU time for ModelFinder: 7659.299 seconds (2h:7m:39s)
Wall-clock time for ModelFinder: 6504.665 seconds (1h:48m:24s)

NOTE: 34 MB RAM (0 GB) is required!
Estimate model parameters (epsilon = 0.010)
1. Initial log-likelihood: -41907.786
2. Current log-likelihood: -41886.919
3. Current log-likelihood: -41885.895
4. Current log-likelihood: -41885.671
5. Current log-likelihood: -41885.598
6. Current log-likelihood: -41885.573
7. Current log-likelihood: -41885.560
Optimal log-likelihood: -41885.545
Site proportion and rates:  (0.045,0.040) (0.087,0.190) (0.135,0.333) (0.222,0.567) (0.301,1.114) (0.210,2.266)
Parameters optimization took 7 rounds (46.551 sec)
Wrote distance file to... 
BEST SCORE FOUND : -41885.545
Total tree length: 60.673

Total number of iterations: 0
CPU time used for tree search: 0.000 sec (0h:0m:0s)
Wall-clock time used for tree search: 0.000 sec (0h:0m:0s)
Total CPU time used: 7708.128 sec (2h:8m:28s)
Total wall-clock time used: 6551.372 sec (1h:49m:11s)

Analysis results written to: 
  IQ-TREE report:                training_data/prot_M11344_84_691.phy/output_files/iqtree/inference/pars_9.iqtree
  Maximum-likelihood tree:       training_data/prot_M11344_84_691.phy/output_files/iqtree/inference/pars_9.treefile
  Screen log file:               training_data/prot_M11344_84_691.phy/output_files/iqtree/inference/pars_9.log

Date and Time: Thu Sep 25 09:39:38 2025
