IQ-TREE version 3.0.1 for Linux x86 64-bit built Sep 12 2025
Developed by Bui Quang Minh, Thomas Wong, Nhan Ly-Trong, Huaiyan Ren
Contributed by Lam-Tung Nguyen, Dominik Schrempf, Chris Bielow,
Olga Chernomor, Michael Woodhams, Diep Thi Hoang, Heiko Schmidt

Host:    vanvan-Latitude-9520 (AVX512, FMA3, 31 GB RAM)
Command: /usr/local/bin/iqtree3 -s /home/vanvan/Downloads/data_treebase/DIU_TRAINING_DATA/data5/prot_M11344_84_691.phy -pre training_data/prot_M11344_84_691.phy/output_files/iqtree/inference/pars_7 -seed 7 -ninit 1 -T 1 -redo -n 0 -nt AUTO
Seed:    7 (Using SPRNG - Scalable Parallel Random Number Generator)
Time:    Tue Sep 23 02:57:55 2025
Kernel:  AVX+FMA - auto-detect threads (8 CPU cores detected)

Reading alignment file /home/vanvan/Downloads/data_treebase/DIU_TRAINING_DATA/data5/prot_M11344_84_691.phy ... Phylip format detected
Alignment most likely contains protein sequences
Constructing alignment: done in 0.00184399 secs using 80.37% CPU
Alignment has 84 sequences with 691 columns, 428 distinct patterns
355 parsimony-informative, 26 singleton sites, 310 constant sites
                                                         Gap/Ambiguity  Composition  p-value
Analyzing sequences: done in 0.00236481 secs using 9.599% CPU
   1  Acetohalobium_arabaticum_DSM_5501                         52.39%    failed      0.00%
   2  Acidiphilium_cryptum_JF-5                                 51.66%    passed     54.69%
   3  Acidiphilium_multivorum_AIU301                            51.09%    passed     72.78%
   4  Alkaliphilus_metalliredigens_QYMF                         51.95%    passed     23.81%
   5  Anaerolinea_thermophila_UNI-1                             51.09%    passed     72.76%
   6  Anaeromyxobacter_sp._Fw109-5                              51.09%    passed     38.63%
   7  Aurantimonas_manganoxydans_SI85-9A1                       50.65%    passed     16.29%
   8  Bacillus_cellulosilyticus_DSM_2522                        51.37%    passed     97.65%
   9  Bacillus_halodurans_C-125                                 48.34%    passed     53.15%
  10  Bacillus_pseudofirmus_OF4                                 51.95%    failed      4.61%
  11  Bacillus_selenitireducens_MLS10                           52.68%    passed     80.69%
  12  Bacillus_sp._m3-13                                        51.52%    passed     20.97%
  13  Blastopirellula_marina_DSM_3645                           52.68%    passed     69.18%
  14  Candidatus_Nitrospira_defluvii                            51.66%    passed     13.11%
  15  Chromohalobacter_salexigens_DSM_3043                      50.36%    passed     85.38%
  16  Citreicella_sp._SE45                                      50.22%    passed     67.51%
  17  Citromicrobium_bathyomarinum_JL354                        50.51%    passed     97.92%
  18  Deferribacter_desulfuricans_SSM1                          44.72%    passed     87.62%
  19  Denitrovibrio_acetiphilus_DSM_12809                       51.09%    passed     49.43%
  20  Dethiobacter_alkaliphilus_AHT_1                           52.24%    failed      0.00%
  21  Dinoroseobacter_shibae_DFL_12                             50.22%    passed     89.16%
  22  Erysipelotrichaceae_bacterium_5_2_54FAA                   51.66%    failed      0.79%
  23  Erythrobacter_litoralis_HTCC2594                          50.94%    passed     40.13%
  24  Erythrobacter_sp._SD-21                                   48.63%    passed     22.27%
  25  Exiguobacterium_sp._AT1b                                  50.80%    passed     84.27%
  26  Fulvimarina_pelagi_HTCC2506                               52.82%    passed     54.01%
  27  Halanaerobium_praevalens_DSM_2228                         50.22%    passed     41.39%
  28  Halanaerobium_sp._sapolanicus                             47.61%    passed     46.81%
  29  Haliangium_ochraceum_DSM_14365                            50.94%    passed     60.77%
  30  Ilyobacter_polytropus_DSM_2926                            48.77%    passed     87.89%
  31  Ktedonobacter_racemifer_DSM_44963                         50.22%    passed     71.03%
  32  Leptothrix_cholodnii_SP-6                                 51.66%    passed     50.19%
  33  Lyngbya_sp._PCC_8106                                      54.41%    passed     74.45%
  34  Marinobacter_algicola_DG893                               50.36%    passed     75.97%
  35  Maritimibacter_alkaliphilus_HTCC2654                      14.18%    failed      3.55%
  36  Mesorhizobium_sp._BNC1                                    51.66%    failed      4.29%
  37  Methylococcus_capsulatus_str._Bath                        51.09%    passed     20.22%
  38  Natranaerobius_thermophilus_JW_NM-WN-LF                   51.09%    passed     49.80%
  39  Nitrobacter_sp._Nb-311A                                   52.10%    failed      0.00%
  40  Nitrococcus_mobilis_Nb-231                                47.76%    passed     10.35%
  41  Nitrosococcus_halophilus_Nc4                              50.51%    passed     11.98%
  42  Nitrosomonas_sp._AL212                                    50.36%    failed      0.00%
  43  Nocardiopsis_dassonvillei_subsp._dassonvillei_DSM_43111   49.78%    passed      6.78%
  44  Nodularia_spumigena_CCY9414                               50.94%    failed      0.00%
  45  Novosphingobium_aromaticivorans_DSM_12444                 52.10%    failed      1.86%
  46  Oceanibulbus_indolifex_HEL-45                             49.64%    passed     85.46%
  47  Oceanicola_batsensis_HTCC2597                             50.07%    passed     78.98%
  48  Oceanicola_batsensis_HTCC2597-A                           50.07%    passed     26.19%
  49  Oceanicola_granulosus_HTCC2516                            50.65%    passed     80.90%
  50  Oceanicola_granulosus_HTCC2516-A                          50.36%    passed     55.45%
  51  Parvularcula_bermudensis_HTCC2503                         50.51%    passed     20.58%
  52  Pelagibaca_bermudensis_HTCC2601                           50.51%    passed     38.27%
  53  Persephonella_marina_EX-H1                                53.98%    failed      0.00%
  54  Phenylobacterium_zucineum_HLK1                            52.24%    passed     76.72%
  55  Planctomyces_brasiliensis_DSM_5305                        48.77%    passed     55.33%
  56  Planctomyces_maris_DSM_8797                               50.36%    passed     47.25%
  57  Planctomyces_maris_DSM_8797-A                             50.22%    passed     57.67%
  58  Planococcus_donghaensis_MPA1U2                            48.34%    passed     59.55%
  59  Polaromonas_naphthalenivorans_CJ2                         51.23%    passed     56.86%
  60  Rhodoferax_ferrireducens_T118                             51.09%    failed      0.06%
  61  Rhodoferax_ferrireducens_T118-A                           51.81%    failed      0.00%
  62  Roseiflexus_castenholzii_DSM_13941                        51.52%    failed      0.18%
  63  Roseiflexus_sp._RS-1                                      52.39%    failed      2.00%
  64  Roseobacter_sp._AzwK-3b                                   50.22%    passed     48.83%
  65  Roseobacter_sp._GAI101                                    50.22%    passed     49.57%
  66  Saccharomonospora_viridis_DSM_43017                       50.07%    passed     19.11%
  67  Sagittula_stellata_E-37                                   50.22%    passed     23.47%
  68  Salinibacter_ruber_DSM_13855                              50.22%    passed     82.81%
  69  Salinispora_arenicola_CNS-205                             49.35%    passed      8.90%
  70  Salinispora_tropica_CNB-440                               54.41%    failed      0.00%
  71  Sinorhizobium_medicae_WSM419                              48.34%    passed     57.16%
  72  Sinorhizobium_meliloti_1021                               53.11%    failed      0.00%
  73  Sinorhizobium_meliloti_AK83                               53.55%    failed      0.13%
  74  Sinorhizobium_meliloti_BL225C                             54.27%    passed     94.10%
  75  Spirosoma_linguale_DSM_74                                 48.34%    passed     53.49%
  76  Stappia_aggregata_IAM_12614                               49.78%    failed      0.54%
  77  Streptomyces_albus_J1074                                  49.78%    passed      6.40%
  78  Streptomyces_albus_J1074-A                                50.07%    passed     95.18%
  79  Streptomyces_albus_J1074-B                                50.65%    passed     45.45%
  80  Symbiobacterium_thermophilum_IAM_14863                    48.34%    passed     94.28%
  81  Syntrophus_aciditrophicus_SB                              51.52%    failed      0.39%
  82  Thiobacillus_denitrificans_ATCC_25259                     52.10%    failed      1.30%
  83  Thiomicrospira_crunogena_XCL-2                            50.07%    passed     69.41%
  84  Turicibacter_sanguinis_PC909                              51.37%    passed     93.89%
WARNING: 67 sequences contain more than 50% gaps/ambiguity
****  TOTAL                                                     50.35%  21 sequences failed composition chi2 test (p-value<5%; df=19)
Checking for duplicate sequences: done in 0.000420482 secs using 72.3% CPU


Create initial parsimony tree by phylogenetic likelihood library (PLL)... 0.049 seconds
Measuring multi-threading efficiency up to 8 CPU cores
Increase to 10 rounds for branch lengths
4 trees examined
Threads: 1 / Time: 10.675 sec / Speedup: 1.000 / Efficiency: 100% / LogL: -57384
Threads: 2 / Time: 6.260 sec / Speedup: 1.705 / Efficiency: 85% / LogL: -57384
Threads: 3 / Time: 6.431 sec / Speedup: 1.660 / Efficiency: 55% / LogL: -57384
Threads: 4 / Time: 7.352 sec / Speedup: 1.452 / Efficiency: 36% / LogL: -57384
Determining AUTO threadcount: done in 30.7284 secs using 200.8% CPU
BEST NUMBER OF THREADS: 2

Perform fast likelihood tree search using LG+I+G model...
Estimate model parameters (epsilon = 5.000)
Perform nearest neighbor interchange...
Estimate model parameters (epsilon = 1.000)
1. Initial log-likelihood: -42410.554
Optimal log-likelihood: -42410.188
Proportion of invariable sites: 0.016
Gamma shape alpha: 1.305
Parameters optimization took 1 rounds (1.067 sec)
Time for fast ML tree search: 7.546 seconds

NOTE: ModelFinder requires 58 MB RAM!
ModelFinder will test up to 1232 protein models (sample size: 691 epsilon: 0.100) ...
 No. Model         -LnL         df  AIC          AICc         BIC
  1  LG            44061.593    165 88453.186    88557.529    89201.979
  2  LG+I          43964.720    166 88261.440    88367.249    89014.771
  3  LG+G4         42421.171    166 85174.342    85280.151    85927.673
  4  LG+I+G4       42410.148    167 85154.296    85261.585    85912.166
  5  LG+R2         42753.924    167 85841.848    85949.137    86599.717
  6  LG+R3         42496.086    169 85330.172    85440.460    86097.118
  7  LG+R4         42391.040    171 85124.081    85237.422    85900.103
  8  LG+R5         42345.520    173 85037.040    85153.489    85822.139
  9  LG+R6         42343.982    175 85037.963    85157.575    85832.138
 14  LG+I+R2       42712.041    168 85760.081    85868.863    86522.489
 15  LG+I+R3       42482.233    170 85304.466    85416.273    86075.949
 16  LG+I+R4       42382.673    172 85109.346    85224.234    85889.906
 17  LG+I+R5       42344.956    174 85037.913    85155.936    85827.549
 18  LG+I+R6       42343.383    176 85038.765    85159.979    85837.478
 30  LG+F+R5       41927.019    192 84238.038    84386.857    85109.361
 31  LG+F+R6       41922.266    194 84232.532    84385.073    85112.931
 39  LG+F+I+R5     41926.806    193 84239.611    84390.283    85115.472
 52  WAG+R5        42674.558    173 85695.116    85811.565    86480.215
 53  WAG+R6        42666.215    175 85682.429    85802.041    86476.604
 61  WAG+I+R5      42672.405    174 85692.810    85810.833    86482.446
 74  WAG+F+R5      42098.267    192 84580.535    84729.354    85451.858
 75  WAG+F+R6      42091.241    194 84570.482    84723.022    85450.881
 83  WAG+F+I+R5    42096.497    193 84578.995    84729.667    85454.856
 96  JTT+R5        42759.716    173 85865.432    85981.881    86650.530
 97  JTT+R6        42747.425    175 85844.850    85964.462    86639.025
105  JTT+I+R5      42755.880    174 85859.760    85977.783    86649.396
118  JTT+F+R5      42344.935    192 85073.870    85222.689    85945.192
119  JTT+F+R6      42336.203    194 85060.405    85212.946    85940.805
127  JTT+F+I+R5    42341.333    193 85068.666    85219.338    85944.527
140  Q.PFAM+R5     42242.816    173 84831.631    84948.080    85616.729
141  Q.PFAM+R6     42234.912    175 84819.824    84939.436    85613.999
149  Q.PFAM+I+R5   42241.002    174 84830.003    84948.026    85619.639
162  Q.PFAM+F+R5   41948.659    192 84281.317    84430.136    85152.640
163  Q.PFAM+F+R6   41942.977    194 84273.955    84426.495    85154.354
171  Q.PFAM+F+I+R5 41948.150    193 84282.300    84432.972    85158.161
184  Q.BIRD+R5     43300.511    173 86947.022    87063.471    87732.120
185  Q.BIRD+R6     43281.588    175 86913.175    87032.787    87707.350
193  Q.BIRD+I+R5   43292.611    174 86933.222    87051.245    87722.858
206  Q.BIRD+F+R5   43019.373    192 86422.745    86571.565    87294.068
207  Q.BIRD+F+R6   43005.324    194 86398.647    86551.187    87279.046
215  Q.BIRD+F+I+R5 43015.296    193 86416.592    86567.264    87292.453
228  Q.MAMMAL+R5   43124.328    173 86594.657    86711.106    87379.755
229  Q.MAMMAL+R6   43108.592    175 86567.184    86686.796    87361.358
237  Q.MAMMAL+I+R5 43117.484    174 86582.969    86700.992    87372.605
250  Q.MAMMAL+F+R5 42762.194    192 85908.387    86057.206    86779.710
251  Q.MAMMAL+F+R6 42752.099    194 85892.198    86044.738    86772.597
259  Q.MAMMAL+F+I+R5 42757.976    193 85901.953    86052.625    86777.814
272  Q.INSECT+R5   42698.229    173 85742.458    85858.906    86527.556
273  Q.INSECT+R6   42684.516    175 85719.032    85838.643    86513.206
281  Q.INSECT+I+R5 42693.349    174 85734.699    85852.722    86524.335
294  Q.INSECT+F+R5 42151.814    192 84687.628    84836.447    85558.951
295  Q.INSECT+F+R6 42141.767    194 84671.534    84824.074    85551.933
303  Q.INSECT+F+I+R5 42147.583    193 84681.166    84831.838    85557.027
316  Q.PLANT+R5    42535.262    173 85416.523    85532.972    86201.622
317  Q.PLANT+R6    42522.907    175 85395.814    85515.426    86189.988
325  Q.PLANT+I+R5  42534.088    174 85416.177    85534.200    86205.813
338  Q.PLANT+F+R5  42278.093    192 84940.186    85089.006    85811.509
339  Q.PLANT+F+R6  42268.675    194 84925.351    85077.891    85805.750
347  Q.PLANT+F+I+R5 42277.253    193 84940.506    85091.178    85816.367
360  Q.YEAST+R5    42724.061    173 85794.121    85910.570    86579.220
361  Q.YEAST+R6    42706.610    175 85763.220    85882.832    86557.394
369  Q.YEAST+I+R5  42721.581    174 85791.162    85909.186    86580.799
382  Q.YEAST+F+R5  42065.271    192 84514.542    84663.361    85385.864
383  Q.YEAST+F+R6  42058.974    194 84505.949    84658.489    85386.348
391  Q.YEAST+F+I+R5 42063.216    193 84512.432    84663.104    85388.293
404  JTTDCMUT+R5   42768.430    173 85882.859    85999.308    86667.957
405  JTTDCMUT+R6   42754.365    175 85858.729    85978.341    86652.904
413  JTTDCMUT+I+R5 42765.768    174 85879.536    85997.559    86669.172
426  JTTDCMUT+F+R5 42341.860    192 85067.721    85216.540    85939.044
427  JTTDCMUT+F+R6 42331.561    194 85051.122    85203.663    85931.522
435  JTTDCMUT+F+I+R5 42338.819    193 85063.639    85214.311    85939.500
448  DCMUT+R5      43209.481    173 86764.961    86881.410    87550.059
449  DCMUT+R6      43188.260    175 86726.519    86846.131    87520.694
457  DCMUT+I+R5    43203.495    174 86754.989    86873.013    87544.626
470  DCMUT+F+R5    42511.982    192 85407.965    85556.784    86279.288
471  DCMUT+F+R6    42499.366    194 85386.731    85539.272    86267.130
479  DCMUT+F+I+R5  42508.033    193 85402.066    85552.738    86277.927
492  VT+R5         42659.838    173 85665.676    85782.125    86450.774
493  VT+R6         42650.833    175 85651.665    85771.277    86445.840
501  VT+I+R5       42657.303    174 85662.607    85780.630    86452.243
514  VT+F+R5       42146.295    192 84676.589    84825.409    85547.912
515  VT+F+R6       42137.917    194 84663.834    84816.374    85544.233
523  VT+F+I+R5     42144.295    193 84674.590    84825.262    85550.451
536  PMB+R5        42681.931    173 85709.863    85826.312    86494.961
537  PMB+R6        42675.992    175 85701.984    85821.596    86496.159
545  PMB+I+R5      42680.420    174 85708.840    85826.864    86498.477
558  PMB+F+R5      42295.944    192 84975.888    85124.708    85847.211
559  PMB+F+R6      42290.329    194 84968.657    85121.198    85849.057
567  PMB+F+I+R5    42294.847    193 84975.695    85126.367    85851.556
580  BLOSUM62+R5   42732.314    173 85810.628    85927.077    86595.726
581  BLOSUM62+R6   42727.697    175 85805.393    85925.005    86599.568
589  BLOSUM62+I+R5 42730.536    174 85809.073    85927.096    86598.709
602  BLOSUM62+F+R5 42291.273    192 84966.546    85115.365    85837.869
603  BLOSUM62+F+R6 42285.915    194 84959.830    85112.371    85840.229
611  BLOSUM62+F+I+R5 42289.847    193 84965.694    85116.366    85841.555
624  DAYHOFF+R5    43206.563    173 86759.125    86875.574    87544.223
625  DAYHOFF+R6    43185.445    175 86720.890    86840.502    87515.064
633  DAYHOFF+I+R5  43201.255    174 86750.510    86868.533    87540.146
646  DAYHOFF+F+R5  42510.236    192 85404.473    85553.292    86275.795
647  DAYHOFF+F+R6  42497.729    194 85383.458    85535.999    86263.857
655  DAYHOFF+F+I+R5 42506.584    193 85399.168    85549.840    86275.029
668  MTREV+R5      43912.736    173 88171.472    88287.921    88956.570
669  MTREV+R6      43891.374    175 88132.748    88252.360    88926.922
677  MTREV+I+R5    43915.070    174 88178.140    88296.163    88967.776
690  MTREV+F+R5    42673.836    192 85731.671    85880.490    86602.994
691  MTREV+F+R6    42653.837    194 85695.675    85848.215    86576.074
699  MTREV+F+I+R5  42675.588    193 85737.176    85887.848    86613.037
712  MTART+R5      43984.995    173 88315.989    88432.438    89101.087
713  MTART+R6      43931.583    175 88213.166    88332.778    89007.341
721  MTART+I+R5    43967.408    174 88282.816    88400.840    89072.453
734  MTART+F+R5    42993.114    192 86370.229    86519.048    87241.552
735  MTART+F+R6    42942.047    194 86272.095    86424.635    87152.494
743  MTART+F+I+R5  42988.185    193 86362.371    86513.043    87238.232
756  MTZOA+R5      42891.065    173 86128.131    86244.580    86913.229
757  MTZOA+R6      42859.223    175 86068.446    86188.057    86862.620
765  MTZOA+I+R5    42887.837    174 86123.674    86241.697    86913.310
778  MTZOA+F+R5    42507.064    192 85398.128    85546.948    86269.451
779  MTZOA+F+R6    42467.393    194 85322.786    85475.326    86203.185
787  MTZOA+F+I+R5  42505.957    193 85397.915    85548.587    86273.776
800  MTMET+R5      43898.443    173 88142.886    88259.334    88927.984
801  MTMET+R6      43869.462    175 88088.923    88208.535    88883.098
809  MTMET+I+R5    43894.811    174 88137.623    88255.646    88927.259
822  MTMET+F+R5    42668.650    192 85721.299    85870.119    86592.622
823  MTMET+F+R6    42652.269    194 85692.538    85845.079    86572.937
831  MTMET+F+I+R5  42696.484    193 85778.967    85929.639    86654.828
844  MTVER+R5      44343.704    173 89033.408    89149.856    89818.506
845  MTVER+R6      44321.381    175 88992.762    89112.374    89786.937
853  MTVER+I+R5    44348.604    174 89045.209    89163.232    89834.845
866  MTVER+F+R5    43093.262    192 86570.525    86719.344    87441.848
867  MTVER+F+R6    43078.953    194 86545.906    86698.447    87426.306
875  MTVER+F+I+R5  43124.144    193 86634.288    86784.960    87510.149
888  MTINV+R5      43978.174    173 88302.348    88418.797    89087.446
889  MTINV+R6      43965.374    175 88280.747    88400.359    89074.922
897  MTINV+I+R5    43993.893    174 88335.785    88453.808    89125.421
910  MTINV+F+R5    42308.891    192 85001.783    85150.602    85873.105
911  MTINV+F+R6    42296.267    194 84980.533    85133.073    85860.932
919  MTINV+F+I+R5  42328.743    193 85043.486    85194.158    85919.347
932  MTMAM+R5      44755.692    173 89857.384    89973.833    90642.482
933  MTMAM+R6      44722.042    175 89794.085    89913.696    90588.259
941  MTMAM+I+R5    44763.644    174 89875.289    89993.312    90664.925
954  MTMAM+F+R5    43509.975    192 87403.950    87552.769    88275.273
955  MTMAM+F+R6    43475.656    194 87339.312    87491.853    88219.712
963  MTMAM+F+I+R5  43525.277    193 87436.553    87587.225    88312.414
976  FLAVI+R5      44045.804    173 88437.607    88554.056    89222.706
977  FLAVI+R6      44031.780    175 88413.559    88533.171    89207.734
985  FLAVI+I+R5    44042.180    174 88432.361    88550.384    89221.997
998  FLAVI+F+R5    43815.755    192 88015.510    88164.329    88886.833
999  FLAVI+F+R6    43808.289    194 88004.578    88157.118    88884.977
1007  FLAVI+F+I+R5  43813.231    193 88012.462    88163.135    88888.323
1020  HIVB+R5       43704.430    173 87754.859    87871.308    88539.957
1021  HIVB+R6       43684.115    175 87718.231    87837.842    88512.405
1029  HIVB+I+R5     43698.187    174 87744.373    87862.396    88534.009
1042  HIVB+F+R5     43090.385    192 86564.770    86713.589    87436.093
1043  HIVB+F+R6     43075.109    194 86538.218    86690.758    87418.617
1051  HIVB+F+I+R5   43085.572    193 86557.144    86707.816    87433.005
1064  HIVW+R5       45580.733    173 91507.465    91623.914    92292.563
1065  HIVW+R6       45560.267    175 91470.533    91590.145    92264.708
1073  HIVW+I+R5     45569.855    174 91487.710    91605.733    92277.346
1086  HIVW+F+R5     44173.269    192 88730.538    88879.357    89601.860
1087  HIVW+F+R6     44157.481    194 88702.963    88855.503    89583.362
1095  HIVW+F+I+R5   44166.618    193 88719.237    88869.909    89595.098
1108  FLU+R5        43674.008    173 87694.016    87810.465    88479.114
1109  FLU+R6        43657.795    175 87665.591    87785.202    88459.765
1117  FLU+I+R5      43671.942    174 87691.884    87809.907    88481.520
1130  FLU+F+R5      42790.007    192 85964.014    86112.833    86835.337
1131  FLU+F+R6      42776.083    194 85940.165    86092.706    86820.564
1139  FLU+F+I+R5    42787.606    193 85961.211    86111.883    86837.072
1152  RTREV+R5      43032.202    173 86410.405    86526.853    87195.503
1153  RTREV+R6      43022.605    175 86395.210    86514.822    87189.385
1161  RTREV+I+R5    43030.994    174 86409.987    86528.011    87199.624
1174  RTREV+F+R5    42157.585    192 84699.170    84847.989    85570.493
1175  RTREV+F+R6    42148.949    194 84685.899    84838.439    85566.298
1183  RTREV+F+I+R5  42157.001    193 84700.001    84850.673    85575.862
1196  CPREV+R5      42653.332    173 85652.664    85769.112    86437.762
1197  CPREV+R6      42638.546    175 85627.093    85746.705    86421.267
1205  CPREV+I+R5    42651.067    174 85650.133    85768.157    86439.770
1218  CPREV+F+R5    42196.791    192 84777.582    84926.401    85648.905
1219  CPREV+F+R6    42185.396    194 84758.791    84911.331    85639.190
1227  CPREV+F+I+R5  42195.032    193 84776.065    84926.737    85651.926
Akaike Information Criterion:           LG+F+R6
Corrected Akaike Information Criterion: LG+F+R6
Bayesian Information Criterion:         LG+F+R5
Best-fit model: LG+F+R5 chosen according to BIC

All model information printed to training_data/prot_M11344_84_691.phy/output_files/iqtree/inference/pars_7.model.gz
CPU time for ModelFinder: 4762.034 seconds (1h:19m:22s)
Wall-clock time for ModelFinder: 2689.594 seconds (0h:44m:49s)

NOTE: 29 MB RAM (0 GB) is required!
Estimate model parameters (epsilon = 0.010)
1. Initial log-likelihood: -41949.945
2. Current log-likelihood: -41926.859
3. Current log-likelihood: -41926.063
4. Current log-likelihood: -41925.960
5. Current log-likelihood: -41925.909
6. Current log-likelihood: -41925.858
7. Current log-likelihood: -41925.809
8. Current log-likelihood: -41925.761
9. Current log-likelihood: -41925.715
10. Current log-likelihood: -41925.670
11. Current log-likelihood: -41925.626
12. Current log-likelihood: -41925.583
13. Current log-likelihood: -41925.541
14. Current log-likelihood: -41925.503
15. Current log-likelihood: -41925.466
16. Current log-likelihood: -41925.427
17. Current log-likelihood: -41925.391
18. Current log-likelihood: -41925.360
19. Current log-likelihood: -41925.327
20. Current log-likelihood: -41925.296
21. Current log-likelihood: -41925.265
22. Current log-likelihood: -41925.235
23. Current log-likelihood: -41925.204
24. Current log-likelihood: -41925.176
25. Current log-likelihood: -41925.159
26. Current log-likelihood: -41925.129
27. Current log-likelihood: -41925.099
28. Current log-likelihood: -41925.070
29. Current log-likelihood: -41925.042
30. Current log-likelihood: -41925.015
31. Current log-likelihood: -41924.999
32. Current log-likelihood: -41924.973
33. Current log-likelihood: -41924.959
34. Current log-likelihood: -41924.943
35. Current log-likelihood: -41924.918
36. Current log-likelihood: -41924.904
37. Current log-likelihood: -41924.889
38. Current log-likelihood: -41924.865
39. Current log-likelihood: -41924.851
40. Current log-likelihood: -41924.836
41. Current log-likelihood: -41924.822
42. Current log-likelihood: -41924.808
43. Current log-likelihood: -41924.794
44. Current log-likelihood: -41924.782
45. Current log-likelihood: -41924.770
46. Current log-likelihood: -41924.757
47. Current log-likelihood: -41924.745
48. Current log-likelihood: -41924.733
49. Current log-likelihood: -41924.722
50. Current log-likelihood: -41924.711
51. Current log-likelihood: -41924.700
52. Current log-likelihood: -41924.688
53. Current log-likelihood: -41924.677
54. Current log-likelihood: -41924.666
55. Current log-likelihood: -41924.656
Optimal log-likelihood: -41924.642
Site proportion and rates:  (0.058,0.066) (0.176,0.262) (0.253,0.547) (0.312,1.117) (0.201,2.302)
Parameters optimization took 55 rounds (117.686 sec)
Wrote distance file to... 
BEST SCORE FOUND : -41924.642
Total tree length: 61.133

Total number of iterations: 0
CPU time used for tree search: 0.000 sec (0h:0m:0s)
Wall-clock time used for tree search: 0.000 sec (0h:0m:0s)
Total CPU time used: 4970.232 sec (1h:22m:50s)
Total wall-clock time used: 2807.369 sec (0h:46m:47s)

Analysis results written to: 
  IQ-TREE report:                training_data/prot_M11344_84_691.phy/output_files/iqtree/inference/pars_7.iqtree
  Maximum-likelihood tree:       training_data/prot_M11344_84_691.phy/output_files/iqtree/inference/pars_7.treefile
  Screen log file:               training_data/prot_M11344_84_691.phy/output_files/iqtree/inference/pars_7.log

Date and Time: Tue Sep 23 03:44:43 2025
