IQ-TREE version 3.0.1 for Linux x86 64-bit built Sep 12 2025
Developed by Bui Quang Minh, Thomas Wong, Nhan Ly-Trong, Huaiyan Ren
Contributed by Lam-Tung Nguyen, Dominik Schrempf, Chris Bielow,
Olga Chernomor, Michael Woodhams, Diep Thi Hoang, Heiko Schmidt

Host:    vanvan-Latitude-9520 (AVX512, FMA3, 31 GB RAM)
Command: /usr/local/bin/iqtree3 -s /home/vanvan/Downloads/data_treebase/DIU_TRAINING_DATA/data5/prot_M11344_84_691.phy -pre training_data/prot_M11344_84_691.phy/output_files/iqtree/inference/pars_4 -seed 4 -ninit 1 -T 1 -redo -n 0 -nt AUTO
Seed:    4 (Using SPRNG - Scalable Parallel Random Number Generator)
Time:    Tue Sep 23 01:34:17 2025
Kernel:  AVX+FMA - auto-detect threads (8 CPU cores detected)

Reading alignment file /home/vanvan/Downloads/data_treebase/DIU_TRAINING_DATA/data5/prot_M11344_84_691.phy ... Phylip format detected
Alignment most likely contains protein sequences
Constructing alignment: done in 0.00647956 secs using 11.54% CPU
Alignment has 84 sequences with 691 columns, 428 distinct patterns
355 parsimony-informative, 26 singleton sites, 310 constant sites
                                                         Gap/Ambiguity  Composition  p-value
Analyzing sequences: done in 0.000557146 secs using 42% CPU
   1  Acetohalobium_arabaticum_DSM_5501                         52.39%    failed      0.00%
   2  Acidiphilium_cryptum_JF-5                                 51.66%    passed     54.69%
   3  Acidiphilium_multivorum_AIU301                            51.09%    passed     72.78%
   4  Alkaliphilus_metalliredigens_QYMF                         51.95%    passed     23.81%
   5  Anaerolinea_thermophila_UNI-1                             51.09%    passed     72.76%
   6  Anaeromyxobacter_sp._Fw109-5                              51.09%    passed     38.63%
   7  Aurantimonas_manganoxydans_SI85-9A1                       50.65%    passed     16.29%
   8  Bacillus_cellulosilyticus_DSM_2522                        51.37%    passed     97.65%
   9  Bacillus_halodurans_C-125                                 48.34%    passed     53.15%
  10  Bacillus_pseudofirmus_OF4                                 51.95%    failed      4.61%
  11  Bacillus_selenitireducens_MLS10                           52.68%    passed     80.69%
  12  Bacillus_sp._m3-13                                        51.52%    passed     20.97%
  13  Blastopirellula_marina_DSM_3645                           52.68%    passed     69.18%
  14  Candidatus_Nitrospira_defluvii                            51.66%    passed     13.11%
  15  Chromohalobacter_salexigens_DSM_3043                      50.36%    passed     85.38%
  16  Citreicella_sp._SE45                                      50.22%    passed     67.51%
  17  Citromicrobium_bathyomarinum_JL354                        50.51%    passed     97.92%
  18  Deferribacter_desulfuricans_SSM1                          44.72%    passed     87.62%
  19  Denitrovibrio_acetiphilus_DSM_12809                       51.09%    passed     49.43%
  20  Dethiobacter_alkaliphilus_AHT_1                           52.24%    failed      0.00%
  21  Dinoroseobacter_shibae_DFL_12                             50.22%    passed     89.16%
  22  Erysipelotrichaceae_bacterium_5_2_54FAA                   51.66%    failed      0.79%
  23  Erythrobacter_litoralis_HTCC2594                          50.94%    passed     40.13%
  24  Erythrobacter_sp._SD-21                                   48.63%    passed     22.27%
  25  Exiguobacterium_sp._AT1b                                  50.80%    passed     84.27%
  26  Fulvimarina_pelagi_HTCC2506                               52.82%    passed     54.01%
  27  Halanaerobium_praevalens_DSM_2228                         50.22%    passed     41.39%
  28  Halanaerobium_sp._sapolanicus                             47.61%    passed     46.81%
  29  Haliangium_ochraceum_DSM_14365                            50.94%    passed     60.77%
  30  Ilyobacter_polytropus_DSM_2926                            48.77%    passed     87.89%
  31  Ktedonobacter_racemifer_DSM_44963                         50.22%    passed     71.03%
  32  Leptothrix_cholodnii_SP-6                                 51.66%    passed     50.19%
  33  Lyngbya_sp._PCC_8106                                      54.41%    passed     74.45%
  34  Marinobacter_algicola_DG893                               50.36%    passed     75.97%
  35  Maritimibacter_alkaliphilus_HTCC2654                      14.18%    failed      3.55%
  36  Mesorhizobium_sp._BNC1                                    51.66%    failed      4.29%
  37  Methylococcus_capsulatus_str._Bath                        51.09%    passed     20.22%
  38  Natranaerobius_thermophilus_JW_NM-WN-LF                   51.09%    passed     49.80%
  39  Nitrobacter_sp._Nb-311A                                   52.10%    failed      0.00%
  40  Nitrococcus_mobilis_Nb-231                                47.76%    passed     10.35%
  41  Nitrosococcus_halophilus_Nc4                              50.51%    passed     11.98%
  42  Nitrosomonas_sp._AL212                                    50.36%    failed      0.00%
  43  Nocardiopsis_dassonvillei_subsp._dassonvillei_DSM_43111   49.78%    passed      6.78%
  44  Nodularia_spumigena_CCY9414                               50.94%    failed      0.00%
  45  Novosphingobium_aromaticivorans_DSM_12444                 52.10%    failed      1.86%
  46  Oceanibulbus_indolifex_HEL-45                             49.64%    passed     85.46%
  47  Oceanicola_batsensis_HTCC2597                             50.07%    passed     78.98%
  48  Oceanicola_batsensis_HTCC2597-A                           50.07%    passed     26.19%
  49  Oceanicola_granulosus_HTCC2516                            50.65%    passed     80.90%
  50  Oceanicola_granulosus_HTCC2516-A                          50.36%    passed     55.45%
  51  Parvularcula_bermudensis_HTCC2503                         50.51%    passed     20.58%
  52  Pelagibaca_bermudensis_HTCC2601                           50.51%    passed     38.27%
  53  Persephonella_marina_EX-H1                                53.98%    failed      0.00%
  54  Phenylobacterium_zucineum_HLK1                            52.24%    passed     76.72%
  55  Planctomyces_brasiliensis_DSM_5305                        48.77%    passed     55.33%
  56  Planctomyces_maris_DSM_8797                               50.36%    passed     47.25%
  57  Planctomyces_maris_DSM_8797-A                             50.22%    passed     57.67%
  58  Planococcus_donghaensis_MPA1U2                            48.34%    passed     59.55%
  59  Polaromonas_naphthalenivorans_CJ2                         51.23%    passed     56.86%
  60  Rhodoferax_ferrireducens_T118                             51.09%    failed      0.06%
  61  Rhodoferax_ferrireducens_T118-A                           51.81%    failed      0.00%
  62  Roseiflexus_castenholzii_DSM_13941                        51.52%    failed      0.18%
  63  Roseiflexus_sp._RS-1                                      52.39%    failed      2.00%
  64  Roseobacter_sp._AzwK-3b                                   50.22%    passed     48.83%
  65  Roseobacter_sp._GAI101                                    50.22%    passed     49.57%
  66  Saccharomonospora_viridis_DSM_43017                       50.07%    passed     19.11%
  67  Sagittula_stellata_E-37                                   50.22%    passed     23.47%
  68  Salinibacter_ruber_DSM_13855                              50.22%    passed     82.81%
  69  Salinispora_arenicola_CNS-205                             49.35%    passed      8.90%
  70  Salinispora_tropica_CNB-440                               54.41%    failed      0.00%
  71  Sinorhizobium_medicae_WSM419                              48.34%    passed     57.16%
  72  Sinorhizobium_meliloti_1021                               53.11%    failed      0.00%
  73  Sinorhizobium_meliloti_AK83                               53.55%    failed      0.13%
  74  Sinorhizobium_meliloti_BL225C                             54.27%    passed     94.10%
  75  Spirosoma_linguale_DSM_74                                 48.34%    passed     53.49%
  76  Stappia_aggregata_IAM_12614                               49.78%    failed      0.54%
  77  Streptomyces_albus_J1074                                  49.78%    passed      6.40%
  78  Streptomyces_albus_J1074-A                                50.07%    passed     95.18%
  79  Streptomyces_albus_J1074-B                                50.65%    passed     45.45%
  80  Symbiobacterium_thermophilum_IAM_14863                    48.34%    passed     94.28%
  81  Syntrophus_aciditrophicus_SB                              51.52%    failed      0.39%
  82  Thiobacillus_denitrificans_ATCC_25259                     52.10%    failed      1.30%
  83  Thiomicrospira_crunogena_XCL-2                            50.07%    passed     69.41%
  84  Turicibacter_sanguinis_PC909                              51.37%    passed     93.89%
WARNING: 67 sequences contain more than 50% gaps/ambiguity
****  TOTAL                                                     50.35%  21 sequences failed composition chi2 test (p-value<5%; df=19)
Checking for duplicate sequences: done in 0.000400193 secs using 71.97% CPU


Create initial parsimony tree by phylogenetic likelihood library (PLL)... 0.059 seconds
Measuring multi-threading efficiency up to 8 CPU cores
Increase to 10 rounds for branch lengths
4 trees examined
Threads: 1 / Time: 10.441 sec / Speedup: 1.000 / Efficiency: 100% / LogL: -57200
Threads: 2 / Time: 6.676 sec / Speedup: 1.564 / Efficiency: 78% / LogL: -57200
Threads: 3 / Time: 7.918 sec / Speedup: 1.319 / Efficiency: 44% / LogL: -57200
Determining AUTO threadcount: done in 25.0793 secs using 164.2% CPU
BEST NUMBER OF THREADS: 2

Perform fast likelihood tree search using LG+I+G model...
Estimate model parameters (epsilon = 5.000)
Perform nearest neighbor interchange...
Estimate model parameters (epsilon = 1.000)
1. Initial log-likelihood: -42376.893
2. Current log-likelihood: -42375.523
Optimal log-likelihood: -42375.430
Proportion of invariable sites: 0.015
Gamma shape alpha: 1.269
Parameters optimization took 2 rounds (1.450 sec)
Time for fast ML tree search: 11.206 seconds

NOTE: ModelFinder requires 58 MB RAM!
ModelFinder will test up to 1232 protein models (sample size: 691 epsilon: 0.100) ...
 No. Model         -LnL         df  AIC          AICc         BIC
  1  LG            44024.331    165 88378.663    88483.005    89127.456
  2  LG+I          43928.001    166 88188.002    88293.811    88941.333
  3  LG+G4         42385.533    166 85103.067    85208.876    85856.398
  4  LG+I+G4       42375.420    167 85084.840    85192.129    85842.709
  5  LG+R2         42724.848    167 85783.696    85890.985    86541.566
  6  LG+R3         42462.866    169 85263.731    85374.019    86030.677
  7  LG+R4         42359.851    171 85061.703    85175.044    85837.724
  8  LG+R5         42315.300    173 84976.600    85093.049    85761.699
  9  LG+R6         42312.981    175 84975.962    85095.574    85770.137
 14  LG+I+R2       42683.646    168 85703.293    85812.074    86465.700
 15  LG+I+R3       42449.299    170 85238.598    85350.405    86010.081
 16  LG+I+R4       42350.304    172 85044.607    85159.495    85825.167
 17  LG+I+R5       42314.723    174 84977.445    85095.468    85767.081
 18  LG+I+R6       42312.538    176 84977.075    85098.289    85775.788
 30  LG+F+R5       41899.534    192 84183.067    84331.887    85054.390
 31  LG+F+R6       41894.515    194 84177.031    84329.571    85057.430
 39  LG+F+I+R5     41899.234    193 84184.469    84335.141    85060.330
 52  WAG+R5        42632.984    173 85611.968    85728.417    86397.067
 53  WAG+R6        42624.079    175 85598.159    85717.770    86392.333
 61  WAG+I+R5      42631.135    174 85610.271    85728.294    86399.907
 74  WAG+F+R5      42062.627    192 84509.254    84658.073    85380.577
 75  WAG+F+R6      42054.699    194 84497.398    84649.938    85377.797
 83  WAG+F+I+R5    42061.034    193 84508.069    84658.741    85383.930
 96  JTT+R5        42713.822    173 85773.644    85890.093    86558.742
 97  JTT+R6        42699.712    175 85749.424    85869.036    86543.599
105  JTT+I+R5      42710.519    174 85769.038    85887.062    86558.675
118  JTT+F+R5      42306.964    192 84997.929    85146.748    85869.252
119  JTT+F+R6      42297.082    194 84982.165    85134.705    85862.564
127  JTT+F+I+R5    42303.443    193 84992.886    85143.558    85868.747
140  Q.PFAM+R5     42211.941    173 84769.882    84886.331    85554.980
141  Q.PFAM+R6     42203.446    175 84756.891    84876.503    85551.066
149  Q.PFAM+I+R5   42210.381    174 84768.762    84886.785    85558.398
162  Q.PFAM+F+R5   41920.238    192 84224.476    84373.295    85095.798
163  Q.PFAM+F+R6   41914.060    194 84216.121    84368.661    85096.520
171  Q.PFAM+F+I+R5 41919.774    193 84225.547    84376.219    85101.408
184  Q.BIRD+R5     43247.631    173 86841.261    86957.710    87626.359
185  Q.BIRD+R6     43225.399    175 86800.798    86920.409    87594.972
193  Q.BIRD+I+R5   43239.307    174 86826.615    86944.638    87616.251
206  Q.BIRD+F+R5   42981.743    192 86347.486    86496.305    87218.809
207  Q.BIRD+F+R6   42967.118    194 86322.237    86474.777    87202.636
215  Q.BIRD+F+I+R5 42978.846    193 86343.692    86494.364    87219.553
228  Q.MAMMAL+R5   43075.497    173 86496.995    86613.444    87282.093
229  Q.MAMMAL+R6   43054.717    175 86459.433    86579.045    87253.608
237  Q.MAMMAL+I+R5 43069.096    174 86486.192    86604.215    87275.828
250  Q.MAMMAL+F+R5 42723.947    192 85831.895    85980.714    86703.218
251  Q.MAMMAL+F+R6 42715.156    194 85818.312    85970.853    86698.712
259  Q.MAMMAL+F+I+R5 42720.906    193 85827.812    85978.484    86703.673
272  Q.INSECT+R5   42671.466    173 85688.932    85805.381    86474.030
273  Q.INSECT+R6   42656.343    175 85662.686    85782.297    86456.860
281  Q.INSECT+I+R5 42669.236    174 85686.472    85804.495    86476.108
294  Q.INSECT+F+R5 42125.540    192 84635.080    84783.899    85506.403
295  Q.INSECT+F+R6 42115.052    194 84618.105    84770.645    85498.504
303  Q.INSECT+F+I+R5 42123.189    193 84632.379    84783.051    85508.240
316  Q.PLANT+R5    42495.651    173 85337.302    85453.751    86122.400
317  Q.PLANT+R6    42483.917    175 85317.835    85437.447    86112.009
325  Q.PLANT+I+R5  42496.123    174 85340.246    85458.269    86129.882
338  Q.PLANT+F+R5  42247.159    192 84878.317    85027.137    85749.640
339  Q.PLANT+F+R6  42237.933    194 84863.867    85016.407    85744.266
347  Q.PLANT+F+I+R5 42247.366    193 84880.731    85031.403    85756.592
360  Q.YEAST+R5    42698.333    173 85742.666    85859.114    86527.764
361  Q.YEAST+R6    42679.933    175 85709.866    85829.478    86504.040
369  Q.YEAST+I+R5  42698.061    174 85744.122    85862.145    86533.758
382  Q.YEAST+F+R5  42040.375    192 84464.749    84613.568    85336.072
383  Q.YEAST+F+R6  42033.468    194 84454.937    84607.477    85335.336
391  Q.YEAST+F+I+R5 42039.686    193 84465.372    84616.044    85341.233
404  JTTDCMUT+R5   42722.244    173 85790.488    85906.937    86575.586
405  JTTDCMUT+R6   42707.294    175 85764.587    85884.199    86558.762
413  JTTDCMUT+I+R5 42721.087    174 85790.174    85908.198    86579.811
426  JTTDCMUT+F+R5 42304.350    192 84992.701    85141.520    85864.024
427  JTTDCMUT+F+R6 42292.978    194 84973.957    85126.497    85854.356
435  JTTDCMUT+F+I+R5 42301.810    193 84989.620    85140.293    85865.481
448  DCMUT+R5      43169.963    173 86685.927    86802.376    87471.025
449  DCMUT+R6      43147.169    175 86644.338    86763.949    87438.512
457  DCMUT+I+R5    43165.634    174 86679.267    86797.291    87468.904
470  DCMUT+F+R5    42476.448    192 85336.896    85485.715    86208.218
471  DCMUT+F+R6    42462.898    194 85313.797    85466.337    86194.196
479  DCMUT+F+I+R5  42473.229    193 85332.457    85483.129    86208.318
492  VT+R5         42624.993    173 85595.986    85712.435    86381.084
493  VT+R6         42616.878    175 85583.757    85703.368    86377.931
501  VT+I+R5       42623.270    174 85594.539    85712.562    86384.175
514  VT+F+R5       42112.288    192 84608.575    84757.395    85479.898
515  VT+F+R6       42104.067    194 84596.134    84748.675    85476.533
523  VT+F+I+R5     42110.940    193 84607.880    84758.552    85483.741
536  PMB+R5        42653.306    173 85652.611    85769.060    86437.709
537  PMB+R6        42647.703    175 85645.405    85765.017    86439.580
545  PMB+I+R5      42652.316    174 85652.631    85770.654    86442.267
558  PMB+F+R5      42264.924    192 84913.847    85062.667    85785.170
559  PMB+F+R6      42259.184    194 84906.369    85058.909    85786.768
567  PMB+F+I+R5    42264.310    193 84914.620    85065.292    85790.481
580  BLOSUM62+R5   42706.985    173 85759.970    85876.419    86545.068
581  BLOSUM62+R6   42702.424    175 85754.847    85874.459    86549.022
589  BLOSUM62+I+R5 42705.610    174 85759.221    85877.244    86548.857
602  BLOSUM62+F+R5 42260.646    192 84905.292    85054.111    85776.615
603  BLOSUM62+F+R6 42254.919    194 84897.837    85050.377    85778.236
611  BLOSUM62+F+I+R5 42259.596    193 84905.192    85055.864    85781.053
624  DAYHOFF+R5    43166.552    173 86679.104    86795.553    87464.203
625  DAYHOFF+R6    43144.649    175 86639.298    86758.910    87433.473
633  DAYHOFF+I+R5  43163.376    174 86674.752    86792.775    87464.388
646  DAYHOFF+F+R5  42474.728    192 85333.455    85482.275    86204.778
647  DAYHOFF+F+R6  42461.501    194 85311.001    85463.542    86191.401
655  DAYHOFF+F+I+R5 42471.614    193 85329.229    85479.901    86205.090
668  MTREV+R5      43899.459    173 88144.918    88261.367    88930.017
669  MTREV+R6      43878.197    175 88106.393    88226.005    88900.568
677  MTREV+I+R5    43902.016    174 88152.032    88270.055    88941.668
690  MTREV+F+R5    42646.769    192 85677.539    85826.358    86548.861
691  MTREV+F+R6    42626.415    194 85640.830    85793.371    86521.229
699  MTREV+F+I+R5  42649.199    193 85684.398    85835.070    86560.259
712  MTART+R5      43977.997    173 88301.994    88418.443    89087.093
713  MTART+R6      43925.421    175 88200.841    88320.453    88995.016
721  MTART+I+R5    43957.910    174 88263.820    88381.843    89053.456
734  MTART+F+R5    42972.532    192 86329.064    86477.884    87200.387
735  MTART+F+R6    42926.414    194 86240.829    86393.369    87121.228
743  MTART+F+I+R5  42969.146    193 86324.291    86474.963    87200.152
756  MTZOA+R5      42873.192    173 86092.384    86208.833    86877.482
757  MTZOA+R6      42842.493    175 86034.986    86154.597    86829.160
765  MTZOA+I+R5    42869.737    174 86087.474    86205.497    86877.110
778  MTZOA+F+R5    42486.905    192 85357.811    85506.630    86229.134
779  MTZOA+F+R6    42446.228    194 85280.457    85432.997    86160.856
787  MTZOA+F+I+R5  42481.022    193 85348.045    85498.717    86223.906
800  MTMET+R5      43877.853    173 88101.706    88218.155    88886.804
801  MTMET+R6      43851.310    175 88052.620    88172.232    88846.795
809  MTMET+I+R5    43873.987    174 88095.973    88213.996    88885.609
822  MTMET+F+R5    42663.551    192 85711.103    85859.922    86582.426
823  MTMET+F+R6    42615.466    194 85618.933    85771.473    86499.332
831  MTMET+F+I+R5  42655.358    193 85696.715    85847.387    86572.576
844  MTVER+R5      44312.088    173 88970.176    89086.624    89755.274
845  MTVER+R6      44285.511    175 88921.022    89040.634    89715.197
853  MTVER+I+R5    44310.573    174 88969.147    89087.170    89758.783
866  MTVER+F+R5    43053.401    192 86490.801    86639.620    87362.124
867  MTVER+F+R6    43039.317    194 86466.634    86619.175    87347.034
875  MTVER+F+I+R5  43081.477    193 86548.954    86699.626    87424.815
888  MTINV+R5      43972.098    173 88290.196    88406.645    89075.294
889  MTINV+R6      43956.492    175 88262.984    88382.596    89057.158
897  MTINV+I+R5    43981.790    174 88311.579    88429.603    89101.216
910  MTINV+F+R5    42276.583    192 84937.167    85085.986    85808.489
911  MTINV+F+R6    42263.234    194 84914.468    85067.009    85794.868
919  MTINV+F+I+R5  42291.858    193 84969.716    85120.388    85845.577
932  MTMAM+R5      44745.206    173 89836.412    89952.861    90621.510
933  MTMAM+R6      44704.031    175 89758.061    89877.673    90552.236
941  MTMAM+I+R5    44744.290    174 89836.579    89954.603    90626.216
954  MTMAM+F+R5    43485.784    192 87355.569    87504.388    88226.891
955  MTMAM+F+R6    43447.865    194 87283.730    87436.270    88164.129
963  MTMAM+F+I+R5  43496.305    193 87378.609    87529.281    88254.470
976  FLAVI+R5      44001.624    173 88349.247    88465.696    89134.346
977  FLAVI+R6      43985.924    175 88321.848    88441.459    89116.022
985  FLAVI+I+R5    43997.318    174 88342.637    88460.660    89132.273
998  FLAVI+F+R5    43779.986    192 87943.972    88092.791    88815.295
999  FLAVI+F+R6    43771.846    194 87931.692    88084.232    88812.091
1007  FLAVI+F+I+R5  43776.905    193 87939.811    88090.483    88815.672
1020  HIVB+R5       43662.160    173 87670.319    87786.768    88455.417
1021  HIVB+R6       43642.422    175 87634.844    87754.455    88429.018
1029  HIVB+I+R5     43655.483    174 87658.966    87776.989    88448.602
1042  HIVB+F+R5     43060.256    192 86504.512    86653.331    87375.835
1043  HIVB+F+R6     43046.611    194 86481.222    86633.763    87361.621
1051  HIVB+F+I+R5   43055.802    193 86497.605    86648.277    87373.466
1064  HIVW+R5       45539.454    173 91424.908    91541.356    92210.006
1065  HIVW+R6       45517.023    175 91384.046    91503.657    92178.220
1073  HIVW+I+R5     45528.454    174 91404.907    91522.930    92194.544
1086  HIVW+F+R5     44140.268    192 88664.537    88813.356    89535.860
1087  HIVW+F+R6     44122.573    194 88633.147    88785.687    89513.546
1095  HIVW+F+I+R5   44134.356    193 88654.711    88805.383    89530.572
1108  FLU+R5        43634.052    173 87614.104    87730.552    88399.202
1109  FLU+R6        43616.199    175 87582.398    87702.010    88376.573
1117  FLU+I+R5      43633.076    174 87614.152    87732.175    88403.788
1130  FLU+F+R5      42758.317    192 85900.635    86049.454    86771.958
1131  FLU+F+R6      42746.402    194 85880.804    86033.344    86761.203
1139  FLU+F+I+R5    42755.646    193 85897.292    86047.964    86773.153
1152  RTREV+R5      42996.845    173 86339.691    86456.140    87124.789
1153  RTREV+R6      42986.653    175 86323.306    86442.918    87117.481
1161  RTREV+I+R5    42996.579    174 86341.157    86459.181    87130.794
1174  RTREV+F+R5    42128.252    192 84640.504    84789.323    85511.827
1175  RTREV+F+R6    42118.362    194 84624.724    84777.264    85505.123
1183  RTREV+F+I+R5  42128.182    193 84642.364    84793.036    85518.225
1196  CPREV+R5      42616.687    173 85579.375    85695.824    86364.473
1197  CPREV+R6      42601.477    175 85552.955    85672.566    86347.129
1205  CPREV+I+R5    42615.402    174 85578.804    85696.828    86368.441
1218  CPREV+F+R5    42162.503    192 84709.007    84857.826    85580.329
1219  CPREV+F+R6    42150.763    194 84689.525    84842.065    85569.924
1227  CPREV+F+I+R5  42161.291    193 84708.581    84859.253    85584.442
Akaike Information Criterion:           LG+F+R6
Corrected Akaike Information Criterion: LG+F+R6
Bayesian Information Criterion:         LG+F+R5
Best-fit model: LG+F+R5 chosen according to BIC

All model information printed to training_data/prot_M11344_84_691.phy/output_files/iqtree/inference/pars_4.model.gz
CPU time for ModelFinder: 4741.946 seconds (1h:19m:1s)
Wall-clock time for ModelFinder: 2683.530 seconds (0h:44m:43s)

NOTE: 29 MB RAM (0 GB) is required!
Estimate model parameters (epsilon = 0.010)
1. Initial log-likelihood: -41921.677
2. Current log-likelihood: -41899.346
3. Current log-likelihood: -41898.635
4. Current log-likelihood: -41898.541
5. Current log-likelihood: -41898.493
6. Current log-likelihood: -41898.448
7. Current log-likelihood: -41898.405
8. Current log-likelihood: -41898.359
9. Current log-likelihood: -41898.315
10. Current log-likelihood: -41898.271
11. Current log-likelihood: -41898.228
12. Current log-likelihood: -41898.186
13. Current log-likelihood: -41898.149
14. Current log-likelihood: -41898.112
15. Current log-likelihood: -41898.073
16. Current log-likelihood: -41898.038
17. Current log-likelihood: -41898.004
18. Current log-likelihood: -41897.970
19. Current log-likelihood: -41897.936
20. Current log-likelihood: -41897.905
21. Current log-likelihood: -41897.873
22. Current log-likelihood: -41897.844
23. Current log-likelihood: -41897.826
24. Current log-likelihood: -41897.794
25. Current log-likelihood: -41897.763
26. Current log-likelihood: -41897.745
27. Current log-likelihood: -41897.714
28. Current log-likelihood: -41897.687
29. Current log-likelihood: -41897.672
30. Current log-likelihood: -41897.654
31. Current log-likelihood: -41897.627
32. Current log-likelihood: -41897.611
33. Current log-likelihood: -41897.594
34. Current log-likelihood: -41897.568
35. Current log-likelihood: -41897.554
36. Current log-likelihood: -41897.538
37. Current log-likelihood: -41897.521
38. Current log-likelihood: -41897.496
39. Current log-likelihood: -41897.483
40. Current log-likelihood: -41897.468
41. Current log-likelihood: -41897.443
42. Current log-likelihood: -41897.430
43. Current log-likelihood: -41897.416
44. Current log-likelihood: -41897.403
45. Current log-likelihood: -41897.389
46. Current log-likelihood: -41897.376
47. Current log-likelihood: -41897.363
48. Current log-likelihood: -41897.351
49. Current log-likelihood: -41897.337
50. Current log-likelihood: -41897.325
51. Current log-likelihood: -41897.312
52. Current log-likelihood: -41897.299
53. Current log-likelihood: -41897.287
54. Current log-likelihood: -41897.276
55. Current log-likelihood: -41897.264
56. Current log-likelihood: -41897.253
57. Current log-likelihood: -41897.242
58. Current log-likelihood: -41897.230
59. Current log-likelihood: -41897.218
60. Current log-likelihood: -41897.207
61. Current log-likelihood: -41897.197
62. Current log-likelihood: -41897.187
Optimal log-likelihood: -41897.173
Site proportion and rates:  (0.057,0.064) (0.175,0.259) (0.252,0.540) (0.310,1.105) (0.207,2.286)
Parameters optimization took 62 rounds (129.887 sec)
Wrote distance file to... 
BEST SCORE FOUND : -41897.173
Total tree length: 60.783

Total number of iterations: 0
CPU time used for tree search: 0.000 sec (0h:0m:0s)
Wall-clock time used for tree search: 0.000 sec (0h:0m:0s)
Total CPU time used: 4970.099 sec (1h:22m:50s)
Total wall-clock time used: 2813.493 sec (0h:46m:53s)

Analysis results written to: 
  IQ-TREE report:                training_data/prot_M11344_84_691.phy/output_files/iqtree/inference/pars_4.iqtree
  Maximum-likelihood tree:       training_data/prot_M11344_84_691.phy/output_files/iqtree/inference/pars_4.treefile
  Screen log file:               training_data/prot_M11344_84_691.phy/output_files/iqtree/inference/pars_4.log

Date and Time: Tue Sep 23 02:21:10 2025
