IQ-TREE version 3.0.1 for Linux x86 64-bit built Sep 12 2025
Developed by Bui Quang Minh, Thomas Wong, Nhan Ly-Trong, Huaiyan Ren
Contributed by Lam-Tung Nguyen, Dominik Schrempf, Chris Bielow,
Olga Chernomor, Michael Woodhams, Diep Thi Hoang, Heiko Schmidt

Host:    vanvan-Latitude-9520 (AVX512, FMA3, 31 GB RAM)
Command: /usr/local/bin/iqtree3 -s /home/vanvan/Downloads/data_treebase/DIU_TRAINING_DATA/data5/prot_M11344_84_691.phy -pre training_data/prot_M11344_84_691.phy/output_files/iqtree/inference/rand -seed 0 -t RANDOM -T 1 -redo -n 3 -ninit 20 -xgphy -xgphy_nni_count 3 -nt AUTO
Seed:    0 (Using SPRNG - Scalable Parallel Random Number Generator)
Time:    Thu Sep 25 05:13:06 2025
Kernel:  AVX+FMA - auto-detect threads (8 CPU cores detected)

Reading alignment file /home/vanvan/Downloads/data_treebase/DIU_TRAINING_DATA/data5/prot_M11344_84_691.phy ... Phylip format detected
Alignment most likely contains protein sequences
Constructing alignment: done in 0.00588379 secs using 29.67% CPU
Alignment has 84 sequences with 691 columns, 428 distinct patterns
355 parsimony-informative, 26 singleton sites, 310 constant sites
                                                         Gap/Ambiguity  Composition  p-value
Analyzing sequences: done in 0.000237575 secs using 99.34% CPU
   1  Acetohalobium_arabaticum_DSM_5501                         52.39%    failed      0.00%
   2  Acidiphilium_cryptum_JF-5                                 51.66%    passed     54.69%
   3  Acidiphilium_multivorum_AIU301                            51.09%    passed     72.78%
   4  Alkaliphilus_metalliredigens_QYMF                         51.95%    passed     23.81%
   5  Anaerolinea_thermophila_UNI-1                             51.09%    passed     72.76%
   6  Anaeromyxobacter_sp._Fw109-5                              51.09%    passed     38.63%
   7  Aurantimonas_manganoxydans_SI85-9A1                       50.65%    passed     16.29%
   8  Bacillus_cellulosilyticus_DSM_2522                        51.37%    passed     97.65%
   9  Bacillus_halodurans_C-125                                 48.34%    passed     53.15%
  10  Bacillus_pseudofirmus_OF4                                 51.95%    failed      4.61%
  11  Bacillus_selenitireducens_MLS10                           52.68%    passed     80.69%
  12  Bacillus_sp._m3-13                                        51.52%    passed     20.97%
  13  Blastopirellula_marina_DSM_3645                           52.68%    passed     69.18%
  14  Candidatus_Nitrospira_defluvii                            51.66%    passed     13.11%
  15  Chromohalobacter_salexigens_DSM_3043                      50.36%    passed     85.38%
  16  Citreicella_sp._SE45                                      50.22%    passed     67.51%
  17  Citromicrobium_bathyomarinum_JL354                        50.51%    passed     97.92%
  18  Deferribacter_desulfuricans_SSM1                          44.72%    passed     87.62%
  19  Denitrovibrio_acetiphilus_DSM_12809                       51.09%    passed     49.43%
  20  Dethiobacter_alkaliphilus_AHT_1                           52.24%    failed      0.00%
  21  Dinoroseobacter_shibae_DFL_12                             50.22%    passed     89.16%
  22  Erysipelotrichaceae_bacterium_5_2_54FAA                   51.66%    failed      0.79%
  23  Erythrobacter_litoralis_HTCC2594                          50.94%    passed     40.13%
  24  Erythrobacter_sp._SD-21                                   48.63%    passed     22.27%
  25  Exiguobacterium_sp._AT1b                                  50.80%    passed     84.27%
  26  Fulvimarina_pelagi_HTCC2506                               52.82%    passed     54.01%
  27  Halanaerobium_praevalens_DSM_2228                         50.22%    passed     41.39%
  28  Halanaerobium_sp._sapolanicus                             47.61%    passed     46.81%
  29  Haliangium_ochraceum_DSM_14365                            50.94%    passed     60.77%
  30  Ilyobacter_polytropus_DSM_2926                            48.77%    passed     87.89%
  31  Ktedonobacter_racemifer_DSM_44963                         50.22%    passed     71.03%
  32  Leptothrix_cholodnii_SP-6                                 51.66%    passed     50.19%
  33  Lyngbya_sp._PCC_8106                                      54.41%    passed     74.45%
  34  Marinobacter_algicola_DG893                               50.36%    passed     75.97%
  35  Maritimibacter_alkaliphilus_HTCC2654                      14.18%    failed      3.55%
  36  Mesorhizobium_sp._BNC1                                    51.66%    failed      4.29%
  37  Methylococcus_capsulatus_str._Bath                        51.09%    passed     20.22%
  38  Natranaerobius_thermophilus_JW_NM-WN-LF                   51.09%    passed     49.80%
  39  Nitrobacter_sp._Nb-311A                                   52.10%    failed      0.00%
  40  Nitrococcus_mobilis_Nb-231                                47.76%    passed     10.35%
  41  Nitrosococcus_halophilus_Nc4                              50.51%    passed     11.98%
  42  Nitrosomonas_sp._AL212                                    50.36%    failed      0.00%
  43  Nocardiopsis_dassonvillei_subsp._dassonvillei_DSM_43111   49.78%    passed      6.78%
  44  Nodularia_spumigena_CCY9414                               50.94%    failed      0.00%
  45  Novosphingobium_aromaticivorans_DSM_12444                 52.10%    failed      1.86%
  46  Oceanibulbus_indolifex_HEL-45                             49.64%    passed     85.46%
  47  Oceanicola_batsensis_HTCC2597                             50.07%    passed     78.98%
  48  Oceanicola_batsensis_HTCC2597-A                           50.07%    passed     26.19%
  49  Oceanicola_granulosus_HTCC2516                            50.65%    passed     80.90%
  50  Oceanicola_granulosus_HTCC2516-A                          50.36%    passed     55.45%
  51  Parvularcula_bermudensis_HTCC2503                         50.51%    passed     20.58%
  52  Pelagibaca_bermudensis_HTCC2601                           50.51%    passed     38.27%
  53  Persephonella_marina_EX-H1                                53.98%    failed      0.00%
  54  Phenylobacterium_zucineum_HLK1                            52.24%    passed     76.72%
  55  Planctomyces_brasiliensis_DSM_5305                        48.77%    passed     55.33%
  56  Planctomyces_maris_DSM_8797                               50.36%    passed     47.25%
  57  Planctomyces_maris_DSM_8797-A                             50.22%    passed     57.67%
  58  Planococcus_donghaensis_MPA1U2                            48.34%    passed     59.55%
  59  Polaromonas_naphthalenivorans_CJ2                         51.23%    passed     56.86%
  60  Rhodoferax_ferrireducens_T118                             51.09%    failed      0.06%
  61  Rhodoferax_ferrireducens_T118-A                           51.81%    failed      0.00%
  62  Roseiflexus_castenholzii_DSM_13941                        51.52%    failed      0.18%
  63  Roseiflexus_sp._RS-1                                      52.39%    failed      2.00%
  64  Roseobacter_sp._AzwK-3b                                   50.22%    passed     48.83%
  65  Roseobacter_sp._GAI101                                    50.22%    passed     49.57%
  66  Saccharomonospora_viridis_DSM_43017                       50.07%    passed     19.11%
  67  Sagittula_stellata_E-37                                   50.22%    passed     23.47%
  68  Salinibacter_ruber_DSM_13855                              50.22%    passed     82.81%
  69  Salinispora_arenicola_CNS-205                             49.35%    passed      8.90%
  70  Salinispora_tropica_CNB-440                               54.41%    failed      0.00%
  71  Sinorhizobium_medicae_WSM419                              48.34%    passed     57.16%
  72  Sinorhizobium_meliloti_1021                               53.11%    failed      0.00%
  73  Sinorhizobium_meliloti_AK83                               53.55%    failed      0.13%
  74  Sinorhizobium_meliloti_BL225C                             54.27%    passed     94.10%
  75  Spirosoma_linguale_DSM_74                                 48.34%    passed     53.49%
  76  Stappia_aggregata_IAM_12614                               49.78%    failed      0.54%
  77  Streptomyces_albus_J1074                                  49.78%    passed      6.40%
  78  Streptomyces_albus_J1074-A                                50.07%    passed     95.18%
  79  Streptomyces_albus_J1074-B                                50.65%    passed     45.45%
  80  Symbiobacterium_thermophilum_IAM_14863                    48.34%    passed     94.28%
  81  Syntrophus_aciditrophicus_SB                              51.52%    failed      0.39%
  82  Thiobacillus_denitrificans_ATCC_25259                     52.10%    failed      1.30%
  83  Thiomicrospira_crunogena_XCL-2                            50.07%    passed     69.41%
  84  Turicibacter_sanguinis_PC909                              51.37%    passed     93.89%
WARNING: 67 sequences contain more than 50% gaps/ambiguity
****  TOTAL                                                     50.35%  21 sequences failed composition chi2 test (p-value<5%; df=19)
Checking for duplicate sequences: done in 0.000393802 secs using 74.66% CPU


Create initial parsimony tree by phylogenetic likelihood library (PLL)... 0.112 seconds
Measuring multi-threading efficiency up to 8 CPU cores
Increase to 10 rounds for branch lengths
2 trees examined
Threads: 1 / Time: 8.629 sec / Speedup: 1.000 / Efficiency: 100% / LogL: -56483
Threads: 2 / Time: 9.458 sec / Speedup: 0.912 / Efficiency: 46% / LogL: -56483
Determining AUTO threadcount: done in 18.0964 secs using 78.3% CPU
BEST NUMBER OF THREADS: 1

Perform fast likelihood tree search using LG+I+G model...
Estimate model parameters (epsilon = 5.000)
Perform nearest neighbor interchange...
Estimate model parameters (epsilon = 1.000)
1. Initial log-likelihood: -42381.308
Optimal log-likelihood: -42380.755
Proportion of invariable sites: 0.016
Gamma shape alpha: 1.280
Parameters optimization took 1 rounds (3.270 sec)
Time for fast ML tree search: 23.530 seconds

NOTE: ModelFinder requires 58 MB RAM!
ModelFinder will test up to 1232 protein models (sample size: 691 epsilon: 0.100) ...
 No. Model         -LnL         df  AIC          AICc         BIC
  1  LG            44028.790    165 88387.579    88491.922    89136.372
  2  LG+I          43932.321    166 88196.641    88302.450    88949.972
  3  LG+G4         42391.022    166 85114.044    85219.853    85867.375
  4  LG+I+G4       42380.708    167 85095.416    85202.705    85853.285
  5  LG+R2         42725.220    167 85784.440    85891.729    86542.309
  6  LG+R3         42468.051    169 85274.102    85384.390    86041.047
  7  LG+R4         42364.173    171 85070.346    85183.687    85846.368
  8  LG+R5         42318.192    173 84982.383    85098.832    85767.481
  9  LG+R6         42315.924    175 84981.848    85101.459    85776.022
 14  LG+I+R2       42684.330    168 85704.661    85813.442    86467.068
 15  LG+I+R3       42454.768    170 85249.536    85361.344    86021.020
 16  LG+I+R4       42354.534    172 85053.068    85167.956    85833.628
 17  LG+I+R5       42317.559    174 84983.119    85101.142    85772.755
 18  LG+I+R6       42315.556    176 84983.112    85104.326    85781.825
 30  LG+F+R5       41905.939    192 84195.877    84344.697    85067.200
 31  LG+F+R6       41901.244    194 84190.488    84343.028    85070.887
 39  LG+F+I+R5     41905.591    193 84197.181    84347.853    85073.042
 52  WAG+R5        42636.978    173 85619.956    85736.405    86405.055
 53  WAG+R6        42628.207    175 85606.414    85726.025    86400.588
 61  WAG+I+R5      42634.924    174 85617.848    85735.871    86407.484
 74  WAG+F+R5      42071.434    192 84526.868    84675.687    85398.191
 75  WAG+F+R6      42063.685    194 84515.369    84667.910    85395.769
 83  WAG+F+I+R5    42069.689    193 84525.377    84676.049    85401.238
 96  JTT+R5        42723.339    173 85792.678    85909.126    86577.776
 97  JTT+R6        42709.129    175 85768.258    85887.869    86562.432
105  JTT+I+R5      42719.524    174 85787.049    85905.072    86576.685
118  JTT+F+R5      42322.356    192 85028.712    85177.531    85900.035
119  JTT+F+R6      42312.808    194 85013.617    85166.157    85894.016
127  JTT+F+I+R5    42318.725    193 85023.449    85174.121    85899.310
140  Q.PFAM+R5     42214.180    173 84774.360    84890.809    85559.458
141  Q.PFAM+R6     42205.873    175 84761.746    84881.357    85555.920
149  Q.PFAM+I+R5   42212.460    174 84772.920    84890.944    85562.557
162  Q.PFAM+F+R5   41927.156    192 84238.312    84387.131    85109.635
163  Q.PFAM+F+R6   41921.389    194 84230.778    84383.318    85111.177
171  Q.PFAM+F+I+R5 41926.553    193 84239.105    84389.777    85114.966
184  Q.BIRD+R5     43255.588    173 86857.175    86973.624    87642.274
185  Q.BIRD+R6     43234.409    175 86818.818    86938.429    87612.992
193  Q.BIRD+I+R5   43246.908    174 86841.817    86959.840    87631.453
206  Q.BIRD+F+R5   42995.723    192 86375.446    86524.265    87246.769
207  Q.BIRD+F+R6   42981.650    194 86351.301    86503.841    87231.700
215  Q.BIRD+F+I+R5 42993.306    193 86372.611    86523.283    87248.472
228  Q.MAMMAL+R5   43084.672    173 86515.343    86631.792    87300.442
229  Q.MAMMAL+R6   43064.778    175 86479.555    86599.167    87273.730
237  Q.MAMMAL+I+R5 43078.261    174 86504.523    86622.546    87294.159
250  Q.MAMMAL+F+R5 42738.274    192 85860.549    86009.368    86731.872
251  Q.MAMMAL+F+R6 42729.157    194 85846.314    85998.855    86726.713
259  Q.MAMMAL+F+I+R5 42735.051    193 85856.103    86006.775    86731.964
272  Q.INSECT+R5   42677.626    173 85701.251    85817.700    86486.350
273  Q.INSECT+R6   42662.451    175 85674.902    85794.514    86469.077
281  Q.INSECT+I+R5 42674.656    174 85697.313    85815.336    86486.949
294  Q.INSECT+F+R5 42136.101    192 84656.202    84805.021    85527.524
295  Q.INSECT+F+R6 42125.914    194 84639.828    84792.368    85520.227
303  Q.INSECT+F+I+R5 42133.430    193 84652.859    84803.531    85528.720
316  Q.PLANT+R5    42507.535    173 85361.070    85477.518    86146.168
317  Q.PLANT+R6    42495.283    175 85340.566    85460.178    86134.740
325  Q.PLANT+I+R5  42507.996    174 85363.991    85482.015    86153.628
338  Q.PLANT+F+R5  42261.502    192 84907.004    85055.823    85778.327
339  Q.PLANT+F+R6  42252.590    194 84893.181    85045.721    85773.580
347  Q.PLANT+F+I+R5 42261.576    193 84909.152    85059.825    85785.013
360  Q.YEAST+R5    42702.824    173 85751.648    85868.097    86536.747
361  Q.YEAST+R6    42683.985    175 85717.970    85837.581    86512.144
369  Q.YEAST+I+R5  42702.220    174 85752.439    85870.463    86542.076
382  Q.YEAST+F+R5  42051.090    192 84486.180    84634.999    85357.503
383  Q.YEAST+F+R6  42044.136    194 84476.272    84628.813    85356.671
391  Q.YEAST+F+I+R5 42050.353    193 84486.707    84637.379    85362.567
404  JTTDCMUT+R5   42731.556    173 85809.111    85925.560    86594.209
405  JTTDCMUT+R6   42716.066    175 85782.133    85901.744    86576.307
413  JTTDCMUT+I+R5 42729.798    174 85807.596    85925.619    86597.232
426  JTTDCMUT+F+R5 42319.735    192 85023.471    85172.290    85894.793
427  JTTDCMUT+F+R6 42308.668    194 85005.335    85157.876    85885.734
435  JTTDCMUT+F+I+R5 42317.020    193 85020.041    85170.713    85895.902
448  DCMUT+R5      43177.186    173 86700.373    86816.821    87485.471
449  DCMUT+R6      43154.434    175 86658.868    86778.479    87453.042
457  DCMUT+I+R5    43171.593    174 86691.186    86809.209    87480.822
470  DCMUT+F+R5    42492.158    192 85368.316    85517.135    86239.638
471  DCMUT+F+R6    42479.137    194 85346.275    85498.815    86226.674
479  DCMUT+F+I+R5  42488.964    193 85363.928    85514.600    86239.789
492  VT+R5         42628.952    173 85603.905    85720.353    86389.003
493  VT+R6         42620.705    175 85591.410    85711.022    86385.585
501  VT+I+R5       42627.228    174 85602.456    85720.479    86392.092
514  VT+F+R5       42121.575    192 84627.149    84775.968    85498.472
515  VT+F+R6       42113.316    194 84614.631    84767.172    85495.030
523  VT+F+I+R5     42120.160    193 84626.321    84776.993    85502.182
536  PMB+R5        42655.793    173 85657.585    85774.034    86442.683
537  PMB+R6        42650.129    175 85650.259    85769.870    86444.433
545  PMB+I+R5      42654.841    174 85657.681    85775.705    86447.318
558  PMB+F+R5      42271.681    192 84927.362    85076.181    85798.685
559  PMB+F+R6      42265.772    194 84919.545    85072.085    85799.944
567  PMB+F+I+R5    42271.071    193 84928.143    85078.815    85804.004
580  BLOSUM62+R5   42711.742    173 85769.484    85885.932    86554.582
581  BLOSUM62+R6   42707.108    175 85764.216    85883.828    86558.391
589  BLOSUM62+I+R5 42710.337    174 85768.674    85886.697    86558.311
602  BLOSUM62+F+R5 42269.812    192 84923.624    85072.444    85794.947
603  BLOSUM62+F+R6 42263.998    194 84915.997    85068.537    85796.396
611  BLOSUM62+F+I+R5 42268.720    193 84923.439    85074.111    85799.300
624  DAYHOFF+R5    43174.607    173 86695.213    86811.662    87480.311
625  DAYHOFF+R6    43152.038    175 86654.076    86773.687    87448.250
633  DAYHOFF+I+R5  43169.309    174 86686.618    86804.641    87476.254
646  DAYHOFF+F+R5  42490.642    192 85365.284    85514.103    86236.607
647  DAYHOFF+F+R6  42477.580    194 85343.160    85495.701    86223.560
655  DAYHOFF+F+I+R5 42487.723    193 85361.446    85512.118    86237.307
668  MTREV+R5      43910.907    173 88167.814    88284.263    88952.912
669  MTREV+R6      43891.491    175 88132.982    88252.593    88927.156
677  MTREV+I+R5    43913.779    174 88175.559    88293.582    88965.195
690  MTREV+F+R5    42661.312    192 85706.623    85855.442    86577.946
691  MTREV+F+R6    42642.806    194 85673.613    85826.153    86554.012
699  MTREV+F+I+R5  42663.580    193 85713.160    85863.832    86589.021
712  MTART+R5      43977.146    173 88300.292    88416.741    89085.390
713  MTART+R6      43925.166    175 88200.332    88319.944    88994.507
721  MTART+I+R5    43958.243    174 88264.486    88382.509    89054.122
734  MTART+F+R5    42983.258    192 86350.516    86499.335    87221.839
735  MTART+F+R6    42935.311    194 86258.621    86411.162    87139.020
743  MTART+F+I+R5  42979.361    193 86344.721    86495.393    87220.582
756  MTZOA+R5      42879.769    173 86105.539    86221.988    86890.637
757  MTZOA+R6      42848.195    175 86046.389    86166.001    86840.564
765  MTZOA+I+R5    42876.441    174 86100.883    86218.906    86890.519
778  MTZOA+F+R5    42494.352    192 85372.704    85521.524    86244.027
779  MTZOA+F+R6    42454.933    194 85297.866    85450.406    86178.265
787  MTZOA+F+I+R5  42489.961    193 85365.921    85516.594    86241.782
800  MTMET+R5      43887.458    173 88120.916    88237.365    88906.014
801  MTMET+R6      43860.085    175 88070.169    88189.781    88864.344
809  MTMET+I+R5    43883.589    174 88115.177    88233.200    88904.814
822  MTMET+F+R5    42642.595    192 85669.189    85818.009    86540.512
823  MTMET+F+R6    42627.710    194 85643.420    85795.960    86523.819
831  MTMET+F+I+R5  42669.607    193 85725.214    85875.886    86601.075
844  MTVER+R5      44324.354    173 88994.708    89111.156    89779.806
845  MTVER+R6      44301.474    175 88952.948    89072.560    89747.123
853  MTVER+I+R5    44326.784    174 89001.568    89119.591    89791.204
866  MTVER+F+R5    43072.336    192 86528.672    86677.492    87399.995
867  MTVER+F+R6    43058.077    194 86504.153    86656.694    87384.552
875  MTVER+F+I+R5  43100.328    193 86586.657    86737.329    87462.518
888  MTINV+R5      43974.545    173 88295.090    88411.538    89080.188
889  MTINV+R6      43959.793    175 88269.587    88389.198    89063.761
897  MTINV+I+R5    43986.253    174 88320.507    88438.530    89110.143
910  MTINV+F+R5    42283.002    192 84950.004    85098.824    85821.327
911  MTINV+F+R6    42271.426    194 84930.851    85083.391    85811.250
919  MTINV+F+I+R5  42301.920    193 84989.839    85140.511    85865.700
932  MTMAM+R5      44759.853    173 89865.706    89982.155    90650.805
933  MTMAM+R6      44722.184    175 89794.369    89913.980    90588.543
941  MTMAM+I+R5    44764.629    174 89877.258    89995.282    90666.895
954  MTMAM+F+R5    43503.960    192 87391.921    87540.740    88263.243
955  MTMAM+F+R6    43468.100    194 87324.200    87476.740    88204.599
963  MTMAM+F+I+R5  43520.145    193 87426.290    87576.962    88302.151
976  FLAVI+R5      44006.233    173 88358.467    88474.915    89143.565
977  FLAVI+R6      43992.128    175 88334.256    88453.868    89128.431
985  FLAVI+I+R5    44002.345    174 88352.691    88470.714    89142.327
998  FLAVI+F+R5    43797.422    192 87978.844    88127.664    88850.167
999  FLAVI+F+R6    43790.458    194 87968.916    88121.457    88849.316
1007  FLAVI+F+I+R5  43794.714    193 87975.428    88126.100    88851.289
1020  HIVB+R5       43671.356    173 87688.713    87805.162    88473.811
1021  HIVB+R6       43651.500    175 87652.999    87772.611    88447.174
1029  HIVB+I+R5     43664.593    174 87677.187    87795.210    88466.823
1042  HIVB+F+R5     43073.733    192 86531.465    86680.284    87402.788
1043  HIVB+F+R6     43059.570    194 86507.139    86659.680    87387.539
1051  HIVB+F+I+R5   43068.881    193 86523.763    86674.435    87399.624
1064  HIVW+R5       45546.745    173 91439.490    91555.938    92224.588
1065  HIVW+R6       45525.044    175 91400.088    91519.700    92194.262
1073  HIVW+I+R5     45535.500    174 91419.000    91537.024    92208.637
1086  HIVW+F+R5     44157.590    192 88699.181    88848.000    89570.503
1087  HIVW+F+R6     44139.367    194 88666.734    88819.274    89547.133
1095  HIVW+F+I+R5   44151.406    193 88688.811    88839.483    89564.672
1108  FLU+R5        43641.299    173 87628.599    87745.047    88413.697
1109  FLU+R6        43621.566    175 87593.132    87712.744    88387.307
1117  FLU+I+R5      43640.206    174 87628.413    87746.436    88418.049
1130  FLU+F+R5      42772.405    192 85928.811    86077.630    86800.133
1131  FLU+F+R6      42760.852    194 85909.704    86062.244    86790.103
1139  FLU+F+I+R5    42770.089    193 85926.177    86076.849    86802.038
1152  RTREV+R5      42998.599    173 86343.199    86459.647    87128.297
1153  RTREV+R6      42988.784    175 86327.568    86447.179    87121.742
1161  RTREV+I+R5    42998.022    174 86344.044    86462.067    87133.680
1174  RTREV+F+R5    42135.338    192 84654.676    84803.495    85525.999
1175  RTREV+F+R6    42126.473    194 84640.946    84793.487    85521.346
1183  RTREV+F+I+R5  42135.148    193 84656.296    84806.969    85532.157
1196  CPREV+R5      42624.297    173 85594.595    85711.044    86379.693
1197  CPREV+R6      42609.438    175 85568.877    85688.488    86363.051
1205  CPREV+I+R5    42622.742    174 85593.484    85711.508    86383.121
1218  CPREV+F+R5    42173.466    192 84730.932    84879.752    85602.255
1219  CPREV+F+R6    42162.260    194 84712.519    84865.060    85592.919
1227  CPREV+F+I+R5  42172.170    193 84730.340    84881.012    85606.201
Akaike Information Criterion:           LG+F+R6
Corrected Akaike Information Criterion: LG+F+R6
Bayesian Information Criterion:         LG+F+R5
Best-fit model: LG+F+R5 chosen according to BIC

All model information printed to training_data/prot_M11344_84_691.phy/output_files/iqtree/inference/rand.model.gz
CPU time for ModelFinder: 4253.683 seconds (1h:10m:53s)
Wall-clock time for ModelFinder: 7143.162 seconds (1h:59m:3s)

NOTE: 29 MB RAM (0 GB) is required!
Estimate model parameters (epsilon = 0.100)
1. Initial log-likelihood: -41929.975
2. Current log-likelihood: -41905.737
3. Current log-likelihood: -41905.042
Optimal log-likelihood: -41904.945
Site proportion and rates:  (0.062,0.074) (0.178,0.267) (0.245,0.546) (0.310,1.112) (0.205,2.286)
Parameters optimization took 3 rounds (18.355 sec)
Log-likelihood of random tree: -57120.608
IN UPDATE: new tree with score = -57120.608
IN UPDATE: new tree with score = -57120.608
Wrote distance file to... 
--------------------------------------------------------------------
|             INITIALIZING CANDIDATE TREE SET                      |
--------------------------------------------------------------------
Number of numNNITrees: 3
Number of processes: 1
Number of trees per process: 19
Number of trees in candidate set: 1
Total number of trees to be generated: 20
Generating 19 random trees... Initial candidate tree set size: 1
0.156 second
Each tree will doNNISearch 3 times.
Computing log-likelihood of 19 initial trees ... Estimate model parameters (epsilon = 0.100)
Estimate model parameters (epsilon = 0.100)
Estimate model parameters (epsilon = 0.100)
IN UPDATE: new tree with score = -41881.039
BETTER TREE FOUND at iteration 1: -41881.039
Saved xgphy tree to training_data/prot_M11344_84_691.phy/output_files/iqtree/inference/rand_tree0_xgphy.log
21 unique trees added to candidate set. 0 trees had branch lengths optimized.
Estimate model parameters (epsilon = 0.100)
IN UPDATE: new tree with score = -41870.706
BETTER TREE FOUND at iteration 2: -41870.706
Saved xgphy tree to training_data/prot_M11344_84_691.phy/output_files/iqtree/inference/rand_tree1_xgphy.log
22 unique trees added to candidate set. 1 trees had branch lengths optimized.
IN UPDATE: new tree with score = -41881.490
Saved xgphy tree to training_data/prot_M11344_84_691.phy/output_files/iqtree/inference/rand_tree2_xgphy.log
23 unique trees added to candidate set. 2 trees had branch lengths optimized.
Estimate model parameters (epsilon = 0.100)
Estimate model parameters (epsilon = 0.100)
IN UPDATE: new tree with score = -41864.996
BETTER TREE FOUND at iteration 4: -41864.996
Saved xgphy tree to training_data/prot_M11344_84_691.phy/output_files/iqtree/inference/rand_tree3_xgphy.log
24 unique trees added to candidate set. 3 trees had branch lengths optimized.
IN UPDATE: new tree with score = -41866.242
Saved xgphy tree to training_data/prot_M11344_84_691.phy/output_files/iqtree/inference/rand_tree4_xgphy.log
25 unique trees added to candidate set. 4 trees had branch lengths optimized.
Estimate model parameters (epsilon = 0.100)
IN UPDATE: new tree with score = -41863.684
BETTER TREE FOUND at iteration 6: -41863.684
Saved xgphy tree to training_data/prot_M11344_84_691.phy/output_files/iqtree/inference/rand_tree5_xgphy.log
26 unique trees added to candidate set. 5 trees had branch lengths optimized.
IN UPDATE: oldScore = -41870.706, newScore = -41870.736
Saved xgphy tree to training_data/prot_M11344_84_691.phy/output_files/iqtree/inference/rand_tree6_xgphy.log
26 unique trees added to candidate set. 6 trees had branch lengths optimized.
IN UPDATE: oldScore = -41866.242, newScore = -41866.337
Saved xgphy tree to training_data/prot_M11344_84_691.phy/output_files/iqtree/inference/rand_tree7_xgphy.log
26 unique trees added to candidate set. 7 trees had branch lengths optimized.
Estimate model parameters (epsilon = 0.100)
IN UPDATE: new tree with score = -41859.247
BETTER TREE FOUND at iteration 9: -41859.247
Saved xgphy tree to training_data/prot_M11344_84_691.phy/output_files/iqtree/inference/rand_tree8_xgphy.log
27 unique trees added to candidate set. 8 trees had branch lengths optimized.
IN UPDATE: new tree with score = -41859.828
Iteration 10 / LogL: -41859.828 / Time: 2h:17m:13s
Saved xgphy tree to training_data/prot_M11344_84_691.phy/output_files/iqtree/inference/rand_tree9_xgphy.log
28 unique trees added to candidate set. 9 trees had branch lengths optimized.
IN UPDATE: oldScore = -41859.247, newScore = -41859.297
Saved xgphy tree to training_data/prot_M11344_84_691.phy/output_files/iqtree/inference/rand_tree10_xgphy.log
28 unique trees added to candidate set. 10 trees had branch lengths optimized.
IN UPDATE: new tree with score = -41860.624
Saved xgphy tree to training_data/prot_M11344_84_691.phy/output_files/iqtree/inference/rand_tree11_xgphy.log
29 unique trees added to candidate set. 11 trees had branch lengths optimized.
IN UPDATE: oldScore = -41859.247, newScore = -41859.290
Saved xgphy tree to training_data/prot_M11344_84_691.phy/output_files/iqtree/inference/rand_tree12_xgphy.log
29 unique trees added to candidate set. 12 trees had branch lengths optimized.
IN UPDATE: new tree with score = -41863.571
Saved xgphy tree to training_data/prot_M11344_84_691.phy/output_files/iqtree/inference/rand_tree13_xgphy.log
30 unique trees added to candidate set. 13 trees had branch lengths optimized.
IN UPDATE: oldScore = -41859.247, newScore = -41859.254
Saved xgphy tree to training_data/prot_M11344_84_691.phy/output_files/iqtree/inference/rand_tree14_xgphy.log
30 unique trees added to candidate set. 14 trees had branch lengths optimized.
IN UPDATE: oldScore = -41859.247, newScore = -41859.253
Saved xgphy tree to training_data/prot_M11344_84_691.phy/output_files/iqtree/inference/rand_tree15_xgphy.log
30 unique trees added to candidate set. 15 trees had branch lengths optimized.
IN UPDATE: oldScore = -41859.247, newScore = -41859.439
Saved xgphy tree to training_data/prot_M11344_84_691.phy/output_files/iqtree/inference/rand_tree16_xgphy.log
30 unique trees added to candidate set. 16 trees had branch lengths optimized.
IN UPDATE: oldScore = -41859.247, newScore = -41859.702
Saved xgphy tree to training_data/prot_M11344_84_691.phy/output_files/iqtree/inference/rand_tree17_xgphy.log
30 unique trees added to candidate set. 17 trees had branch lengths optimized.
IN UPDATE: oldScore = -41859.247, newScore = -41859.254
Saved xgphy tree to training_data/prot_M11344_84_691.phy/output_files/iqtree/inference/rand_tree18_xgphy.log
30 unique trees added to candidate set. 18 trees had branch lengths optimized.
IN UPDATE: oldScore = -41859.247, newScore = -41859.255
Iteration 20 / LogL: -41859.255 / Time: 2h:22m:27s
Saved xgphy tree to training_data/prot_M11344_84_691.phy/output_files/iqtree/inference/rand_tree19_xgphy.log
30 unique trees added to candidate set. 19 trees had branch lengths optimized.
1385.397 seconds
Current best score: -41859.247
3.Score of best tree in CandidateSet: -41859.247
2.Score of best tree in CandidateSet: -41859.828
1.Score of best tree in CandidateSet: -41860.624

Do NNI search on 3 best initial trees
1
Estimate model parameters (epsilon = 0.100)
Saved xgphy best tree to training_data/prot_M11344_84_691.phy/output_files/iqtree/inference/rand_bestTreeInitTree0_xgphy.treefile
IN UPDATE: new tree with score = -41859.208
BETTER TREE FOUND at iteration 1: -41859.208
2
Saved xgphy best tree to training_data/prot_M11344_84_691.phy/output_files/iqtree/inference/rand_bestTreeInitTree1_xgphy.treefile
IN UPDATE: oldScore = -41859.208, newScore = -41859.227
3
Saved xgphy best tree to training_data/prot_M11344_84_691.phy/output_files/iqtree/inference/rand_bestTreeInitTree2_xgphy.treefile
IN UPDATE: new tree with score = -41860.563
1.Score of best tree in CandidateSet: -41859.208
Finish initializing candidate tree set (2)
Current best tree score: -41859.208 / CPU time: 1398.276
Number of iterations: 3
TREE SEARCH COMPLETED AFTER 3 ITERATIONS / Time: 2h:22m:40s

--------------------------------------------------------------------
|                    FINALIZING TREE SEARCH                        |
--------------------------------------------------------------------
Performs final model parameters optimization
Estimate model parameters (epsilon = 0.010)
1. Initial log-likelihood: -41859.208
2. Current log-likelihood: -41859.186
3. Current log-likelihood: -41859.151
4. Current log-likelihood: -41859.118
5. Current log-likelihood: -41859.088
6. Current log-likelihood: -41859.069
7. Current log-likelihood: -41859.035
8. Current log-likelihood: -41859.005
9. Current log-likelihood: -41858.974
10. Current log-likelihood: -41858.941
11. Current log-likelihood: -41858.913
12. Current log-likelihood: -41858.895
13. Current log-likelihood: -41858.865
14. Current log-likelihood: -41858.837
15. Current log-likelihood: -41858.810
16. Current log-likelihood: -41858.793
17. Current log-likelihood: -41858.766
18. Current log-likelihood: -41858.751
19. Current log-likelihood: -41858.736
20. Current log-likelihood: -41858.721
21. Current log-likelihood: -41858.694
22. Current log-likelihood: -41858.679
23. Current log-likelihood: -41858.665
24. Current log-likelihood: -41858.651
25. Current log-likelihood: -41858.635
26. Current log-likelihood: -41858.620
27. Current log-likelihood: -41858.605
28. Current log-likelihood: -41858.591
29. Current log-likelihood: -41858.577
30. Current log-likelihood: -41858.563
31. Current log-likelihood: -41858.549
32. Current log-likelihood: -41858.536
33. Current log-likelihood: -41858.522
34. Current log-likelihood: -41858.509
35. Current log-likelihood: -41858.495
36. Current log-likelihood: -41858.483
37. Current log-likelihood: -41858.469
38. Current log-likelihood: -41858.457
39. Current log-likelihood: -41858.444
40. Current log-likelihood: -41858.432
41. Current log-likelihood: -41858.419
42. Current log-likelihood: -41858.407
43. Current log-likelihood: -41858.394
44. Current log-likelihood: -41858.382
45. Current log-likelihood: -41858.372
46. Current log-likelihood: -41858.360
47. Current log-likelihood: -41858.348
48. Current log-likelihood: -41858.337
49. Current log-likelihood: -41858.326
50. Current log-likelihood: -41858.316
Optimal log-likelihood: -41858.301
Site proportion and rates:  (0.057,0.063) (0.175,0.258) (0.253,0.541) (0.306,1.105) (0.209,2.274)
Parameters optimization took 50 rounds (186.001 sec)
IN UPDATE: oldScore = -41859.208, newScore = -41858.301
BEST SCORE FOUND : -41858.301
Total tree length: 60.715

Total number of iterations: 3
CPU time used for tree search: 903.111 sec (0h:15m:3s)
Wall-clock time used for tree search: 1398.277 sec (0h:23m:18s)
Total CPU time used: 5320.271 sec (1h:28m:40s)
Total wall-clock time used: 8746.579 sec (2h:25m:46s)

Analysis results written to: 
  IQ-TREE report:                training_data/prot_M11344_84_691.phy/output_files/iqtree/inference/rand.iqtree
  Maximum-likelihood tree:       training_data/prot_M11344_84_691.phy/output_files/iqtree/inference/rand.treefile
  Screen log file:               training_data/prot_M11344_84_691.phy/output_files/iqtree/inference/rand.log

Date and Time: Thu Sep 25 07:38:52 2025
