IQ-TREE version 3.0.1 for Linux x86 64-bit built Sep 12 2025
Developed by Bui Quang Minh, Thomas Wong, Nhan Ly-Trong, Huaiyan Ren
Contributed by Lam-Tung Nguyen, Dominik Schrempf, Chris Bielow,
Olga Chernomor, Michael Woodhams, Diep Thi Hoang, Heiko Schmidt

Host:    vanvan-Latitude-9520 (AVX512, FMA3, 31 GB RAM)
Command: /usr/local/bin/iqtree3 -s /home/vanvan/Downloads/data_treebase/DIU_TRAINING_DATA/data5/prot_M12104_93_349.phy -m LG+G4+FO -pre training_data/prot_M12104_93_349.phy/output_files/iqtree/significance -z training_data/prot_M12104_93_349.phy/output_files/iqtree/filteredEvalTrees.trees -te training_data/prot_M12104_93_349.phy/output_files/iqtree/evaluation/BestEvalTree.tree -n 0 -zb 10000 -zw -au -nt 1 -seed 0
Seed:    0 (Using SPRNG - Scalable Parallel Random Number Generator)
Time:    Thu Sep 25 13:11:26 2025
Kernel:  AVX+FMA - 1 threads (8 CPU cores detected)

HINT: Use -nt option to specify number of threads because your CPU has 8 cores!
HINT: -nt AUTO will automatically determine the best number of threads to use.

Reading alignment file /home/vanvan/Downloads/data_treebase/DIU_TRAINING_DATA/data5/prot_M12104_93_349.phy ... Phylip format detected
Alignment most likely contains protein sequences
Constructing alignment: done in 0.00121129 secs using 2.064% CPU
Alignment has 93 sequences with 349 columns, 335 distinct patterns
299 parsimony-informative, 20 singleton sites, 29 constant sites
                                                               Gap/Ambiguity  Composition  p-value
Analyzing sequences: done in 0.00375861 secs using 3.166% CPU
   1  Achromobacter_piechaudii_ATCC_43553                              0.00%    passed     98.54%
   2  Achromobacter_xylosoxidans_C54                                   0.00%    passed     99.72%
   3  Acidovorax_ebreus_TPSY                                           0.00%    passed     98.55%
   4  Acidovorax_sp._JS42                                              0.00%    passed     98.77%
   5  Agrobacterium_radiobacter_K84                                    0.00%    passed     99.70%
   6  Agrobacterium_sp._H13-3                                          0.00%    passed     99.95%
   7  Agrobacterium_tumefaciens_str._C58                               0.00%    passed     99.91%
   8  Azoarcus_sp._BH72                                                0.00%    passed     75.03%
   9  Azorhizobium_caulinodans_ORS_571                                 0.00%    passed     99.56%
  10  Azospirillum_sp._B510                                            0.00%    passed     99.13%
  11  Bordetella_avium_197N                                            0.00%    passed     97.75%
  12  Bradyrhizobium_sp._BTAi1                                         0.00%    passed     97.77%
  13  Bradyrhizobium_sp._ORS278                                        0.00%    passed     98.24%
  14  Brucella_neotomae_5K33                                           0.00%    passed     97.58%
  15  Burkholderia_ambifaria_AMMD                                      0.00%    passed     99.99%
  16  Burkholderia_ambifaria_IOP40-10                                  0.00%    passed    100.00%
  17  Burkholderia_ambifaria_MC40-6                                    0.00%    passed    100.00%
  18  Burkholderia_ambifaria_MEX-5                                     0.00%    passed     99.99%
  19  Burkholderia_cenocepacia_AU_1054                                 0.00%    passed    100.00%
  20  Burkholderia_cenocepacia_J2315                                   0.00%    passed    100.00%
  21  Burkholderia_cenocepacia_PC184                                   0.00%    passed    100.00%
  22  Burkholderia_dolosa_AUO158                                       0.00%    passed    100.00%
  23  Burkholderia_gladioli_BSR3                                       0.00%    passed    100.00%
  24  Burkholderia_glumae_BGR1                                         0.00%    passed    100.00%
  25  Burkholderia_graminis_C4D1M                                      0.00%    passed     99.97%
  26  Burkholderia_mallei_ATCC_23344                                   0.00%    passed     99.99%
  27  Burkholderia_multivorans_ATCC_17616                              0.00%    passed     99.99%
  28  Burkholderia_oklahomensis_EO147                                  0.00%    passed     99.99%
  29  Burkholderia_phytofirmans_PsJN                                   0.00%    passed     98.04%
  30  Burkholderia_pseudomallei_DM98                                   0.00%    passed     99.99%
  31  Burkholderia_sp._383                                             0.00%    passed    100.00%
  32  Burkholderia_sp._CCGE1001                                        0.00%    passed     99.95%
  33  Burkholderia_sp._CCGE1002                                        0.00%    passed     99.64%
  34  Burkholderia_sp._CCGE1003                                        0.00%    passed    100.00%
  35  Burkholderia_sp._Ch1-1                                           0.00%    passed     97.78%
  36  Burkholderia_sp._H160                                            0.00%    passed     99.18%
  37  Burkholderia_sp._TJI49                                           0.00%    passed    100.00%
  38  Burkholderia_thailandensis_E264                                  0.00%    passed     99.97%
  39  Burkholderia_thailandensis_MSMB43                                0.00%    passed    100.00%
  40  Burkholderia_ubonensis_Bu                                        0.00%    passed    100.00%
  41  Burkholderia_vietnamiensis_G4                                    0.00%    passed    100.00%
  42  Cupriavidus_metallidurans_CH34-A                                 0.00%    passed     97.96%
  43  Cupriavidus_taiwanensis_LMG_19424                                0.00%    passed     86.46%
  44  Cupriavidus_taiwanensis_LMG_19424-A                              0.00%    passed     99.96%
  45  Deinococcus_deserti_VCD115                                       0.00%    passed     72.06%
  46  Deinococcus_geothermalis_DSM_11300                               0.00%    passed     31.30%
  47  Deinococcus_maricopensis_DSM_21211                               0.00%    passed     21.60%
  48  Herbaspirillum_seropedicae_SmR1                                  0.00%    passed     99.99%
  49  Herbaspirillum_seropedicae_SmR1-A                                0.00%    passed     99.76%
  50  Herbaspirillum_seropedicae_SmR1-B                                0.00%    passed     91.96%
  51  Janibacter_sp._HTCC2649                                          0.00%    passed     71.81%
  52  Limnobacter_sp._MED105                                           0.00%    passed     99.96%
  53  Magnetospirillum_magneticum_AMB-1                                0.00%    passed     99.96%
  54  Meiothermus_silvanus_DSM_9946                                    0.00%    passed     25.60%
  55  Mesorhizobium_ciceri_biovar_biserrulae_WSM1271                   0.00%    passed     93.20%
  56  Mesorhizobium_opportunistum_WSM2075                              0.00%    passed     94.09%
  57  Methylibium_petroleiphilum_PM1                                   0.00%    passed     96.96%
  58  Methylobacterium_nodulans_ORS_2060                               0.00%    passed     86.14%
  59  Methylobacterium_radiotolerans_JCM_2831                          0.00%    passed     99.14%
  60  Methylobacterium_sp._4-46                                        0.00%    passed     86.34%
  61  Nocardioidaceae_bacterium_Broad-1                                0.00%    passed     28.56%
  62  Oceanicola_batsensis_HTCC2597                                    0.00%    passed     48.98%
  63  Ochrobactrum_anthropi_ATCC_49188                                 0.00%    passed     98.71%
  64  Ochrobactrum_intermedium_LMG_3301                                0.00%    passed     98.80%
  65  Oxalobacteraceae_bacterium_IMCC9480                              0.00%    passed     98.91%
  66  Paracoccus_denitrificans_PD1222                                  0.00%    passed     66.27%
  67  Polynucleobacter_necessarius_subsp._asymbioticus_QLW-P1DMWA-1    0.00%    passed     93.46%
  68  Pseudomonas_stutzeri_A1501                                       0.00%    passed     96.09%
  69  Pseudomonas_stutzeri_DSM_4166                                    0.00%    passed     93.65%
  70  Ralstonia_eutropha_H16                                           0.00%    passed     99.96%
  71  Ralstonia_pickettii_12D                                          0.00%    passed     99.99%
  72  Ralstonia_pickettii_12J                                          0.00%    passed     99.98%
  73  Ralstonia_solanacearum_CFBP2957                                  0.00%    passed     99.99%
  74  Ralstonia_solanacearum_CMR15                                     0.00%    passed     99.99%
  75  Ralstonia_solanacearum_GMI1000                                   0.00%    passed    100.00%
  76  Ralstonia_solanacearum_MolK2                                     0.00%    passed     99.96%
  77  Ralstonia_solanacearum_PSI07                                     0.00%    passed     99.43%
  78  Ralstonia_solanacearum_UW551                                     0.00%    passed     99.97%
  79  Rhizobium_etli_CFN_42                                            0.00%    passed     99.87%
  80  Rhizobium_etli_CIAT_652                                          0.00%    passed     99.77%
  81  Rhizobium_leguminosarum_bv._trifolii_WSM1325                     0.00%    passed     99.69%
  82  Rhizobium_leguminosarum_bv._trifolii_WSM2304                     0.00%    passed     99.86%
  83  Rhizobium_leguminosarum_bv._viciae_3841                          0.00%    passed     99.88%
  84  Rhodobacter_sphaeroides_2.4.1                                    0.00%    passed     44.84%
  85  Rhodobacter_sphaeroides_ATCC_17029                               0.00%    passed     43.27%
  86  Rhodomicrobium_vannielii_ATCC_17100                              0.00%    passed     89.06%
  87  Salinispora_arenicola_CNS-205                                    0.00%    passed     11.05%
  88  Salinispora_tropica_CNB-440                                      0.00%    passed      9.62%
  89  Sinorhizobium_fredii_NGR234                                      0.00%    passed     92.85%
  90  Sinorhizobium_medicae_WSM419                                     0.00%    passed     85.01%
  91  Sinorhizobium_meliloti_1021                                      0.00%    passed     93.10%
  92  Thauera_sp._MZ1T                                                 0.00%    passed     82.01%
  93  Xenopus_Silurana_tropicalis                                      0.00%    passed     99.99%
****  TOTAL                                                            0.00%  0 sequences failed composition chi2 test (p-value<5%; df=19)
Checking for duplicate sequences: done in 0.000407569 secs using 49.56% CPU
Reading input tree file training_data/prot_M12104_93_349.phy/output_files/iqtree/evaluation/BestEvalTree.tree ...

NOTE: 20 MB RAM (0 GB) is required!
Estimate model parameters (epsilon = 0.010)
1. Initial log-likelihood: -16536.093
2. Current log-likelihood: -16468.163
3. Current log-likelihood: -16467.886
Optimal log-likelihood: -16467.875
Gamma shape alpha: 1.001
Parameters optimization took 3 rounds (100.587 sec)
Wrote distance file to... 
BEST SCORE FOUND : -16467.875
Total tree length: 12.160

Total number of iterations: 0
CPU time used for tree search: 0.000 sec (0h:0m:0s)
Wall-clock time used for tree search: 0.000 sec (0h:0m:0s)
Total CPU time used: 80.144 sec (0h:1m:20s)
Total wall-clock time used: 100.628 sec (0h:1m:40s)
Reading trees in training_data/prot_M12104_93_349.phy/output_files/iqtree/filteredEvalTrees.trees ...

39 trees detected
Note: 16.025 MB of RAM required!
Creating 10000 bootstrap replicates...
done
Tree 1 / LogL: -15950.308
Tree 2 / LogL: -15947.377
Tree 3 / LogL: -15947.693
Tree 4 / LogL: -15947.947
Tree 5 / LogL: -15944.886
Tree 6 / LogL: -15943.778
Tree 7 / LogL: -15943.789
Tree 8 / LogL: -15941.731
Tree 9 / LogL: -15949.685
Tree 10 / LogL: -15963.549
Tree 11 / LogL: -15944.928
Tree 12 / LogL: -15938.392
Tree 13 / LogL: -15949.791
Tree 14 / LogL: -15947.911
Tree 15 / LogL: -15958.036
Tree 16 / LogL: -15945.943
Tree 17 / LogL: -15962.893
Tree 18 / LogL: -15939.358
Tree 19 / LogL: -15966.416
Tree 20 / LogL: -15962.127
Tree 21 / LogL: -17340.069
Tree 22 / LogL: -17707.945
Tree 23 / LogL: -16850.898
Tree 24 / LogL: -17711.389
Tree 25 / LogL: -16976.971
Tree 26 / LogL: -16839.320
Tree 27 / LogL: -17354.561
Tree 28 / LogL: -16847.565
Tree 29 / LogL: -16483.649
Tree 30 / LogL: -16470.626
Tree 31 / LogL: -16463.687
Tree 32 / LogL: -16467.860
Tree 33 / LogL: -16467.860
Tree 34 / LogL: -16465.056
Tree 35 / LogL: -16469.455
Tree 36 / LogL: -16465.120
Tree 37 / LogL: -16460.486
Tree 38 / LogL: -16459.612
Tree 39 / LogL: -16460.860
Performing RELL-BP test...
Performing KH and SH test...
Computing pairwise logl difference variance ...
Performing WKH and WSH test...
Performing ELW test...
Performing approximately unbiased (AU) test...
29 MB required for AU test
Generating 10 x 10000 multiscale bootstrap replicates... 2.473 seconds
TreeID	AU	RSS	d	c
1	0.446	14.259	0.831	0.695
2	0.448	11.853	0.630	0.499
3	0.513	12.823	0.878	0.909
4	0.448	10.543	1.059	0.930
5	0.194	8.067	1.929	1.066
6	0.498	8.223	0.997	0.991
7	0.447	5.368	0.775	0.640
8	0.558	9.547	0.727	0.873
9	0.366	10.070	1.065	0.721
10	0.207	13.385	1.394	0.576
11	0.538	20.047	0.873	0.968
12	0.645	18.523	0.257	0.627
13	0.430	15.473	0.835	0.658
14	0.463	2.350	0.869	0.777
15	0.383	29.990	0.816	0.518 !!!
16	0.477	23.402	1.205	1.148 !!!
17	0.191	9.601	1.421	0.548
18	0.703	16.132	0.633	1.167
19	0.129	16.443	1.695	0.562
20	0.261	7.711	1.154	0.514
21	0.000	0.014	5.508	0.147
22	0.000	0.758	4.726	0.129
23	0.008	2.960	3.391	0.978
24	0.000	0.875	4.958	-0.110
25	0.000	0.005	12.631	-3.392
26	0.000	1.265	4.197	0.456
27	0.000	0.000	13.882	-3.845
28	0.006	1.623	3.458	0.920
29	0.000	0.486	4.705	0.383
30	0.000	0.021	14.130	-4.289
31	0.002	1.677	3.627	0.662
32	0.000	0.340	12.321	-3.759
33	0.000	0.346	12.281	-3.739
34	0.000	1.734	3.827	0.468
35	0.002	1.024	3.550	0.586
36	0.001	3.811	3.477	0.490
37	0.009	2.351	3.259	0.904
38	0.001	0.778	3.867	0.843
39	0.002	3.356	3.580	0.630
Time for AU test: 2.482 seconds
Time for evaluating all trees: 37.585 sec.

Analysis results written to: 
  IQ-TREE report:                training_data/prot_M12104_93_349.phy/output_files/iqtree/significance.iqtree
  Maximum-likelihood tree:       training_data/prot_M12104_93_349.phy/output_files/iqtree/significance.treefile
  Evaluated user trees:          training_data/prot_M12104_93_349.phy/output_files/iqtree/significance.trees
  Screen log file:               training_data/prot_M12104_93_349.phy/output_files/iqtree/significance.log

Date and Time: Thu Sep 25 13:13:45 2025
