IQ-TREE version 3.0.1 for Linux x86 64-bit built Sep 12 2025
Developed by Bui Quang Minh, Thomas Wong, Nhan Ly-Trong, Huaiyan Ren
Contributed by Lam-Tung Nguyen, Dominik Schrempf, Chris Bielow,
Olga Chernomor, Michael Woodhams, Diep Thi Hoang, Heiko Schmidt

Host:    suny-Precision-5530 (AVX2, FMA3, 15 GB RAM)
Command: /usr/local/bin/iqtree3 -s /home/suny/Downloads/VAN_TRAINING_DATA/data1/dna_M2902_220_1117.phy -pre results/dna_M2902_220_1117.phy/output_files/iqtree/inference/pars_16 -seed 16 -ninit 1 -T 1 -redo -n 0
Seed:    16 (Using SPRNG - Scalable Parallel Random Number Generator)
Time:    Thu Sep 18 20:18:44 2025
Kernel:  AVX+FMA - 1 threads (12 CPU cores detected)

HINT: Use -nt option to specify number of threads because your CPU has 12 cores!
HINT: -nt AUTO will automatically determine the best number of threads to use.

Reading alignment file /home/suny/Downloads/VAN_TRAINING_DATA/data1/dna_M2902_220_1117.phy ... Phylip format detected
Alignment most likely contains DNA/RNA sequences
Constructing alignment: done in 0.00313041 secs using 66.8% CPU
Alignment has 220 sequences with 1117 columns, 445 distinct patterns
254 parsimony-informative, 179 singleton sites, 684 constant sites
                                                   Gap/Ambiguity  Composition  p-value
Analyzing sequences: done in 0.000209279 secs using 98.43% CPU
   1  Coluber_constrictor_AL_Baldwin_FTB_393               0.18%    passed     99.82%
   2  Coluber_constrictor_AL_Baldwin_MCB_319               0.00%    passed     99.42%
   3  Coluber_constrictor_AL_Barbour_FTB_692               1.70%    passed     99.92%
   4  Coluber_constrictor_AL_Clarke__FTB_404               2.33%    passed     99.29%
   5  Coluber_constrictor_AL_Covington_FTB_494             1.88%    passed     99.55%
   6  Coluber_constrictor_AL_Greene_MCB_308                0.00%    passed     99.68%
   7  Coluber_constrictor_AL_Houston_FTB_682               0.00%    passed     98.12%
   8  Coluber_constrictor_AL_Mobile_FTB_401                0.18%    passed     99.92%
   9  Coluber_constrictor_AL_Mobile_FTB_402                5.28%    passed     99.81%
  10  Coluber_constrictor_AL_Monroe_FTB_394                0.00%    passed     98.44%
  11  Coluber_constrictor_AL_Talladega_FTB_701             0.18%    passed     99.85%
  12  Coluber_constrictor_AL_Tuscaloosa_407                1.79%    passed     99.94%
  13  Coluber_constrictor_AR_Bradley_Coco_1                0.00%    passed    100.00%
  14  Coluber_constrictor_AR_Perry_COCO_3                  0.90%    passed     99.32%
  15  Coluber_constrictor_AR_Pope_COCO_2                   1.43%    passed     99.73%
  16  Coluber_constrictor_AR_Saline_Coco4                  0.00%    passed     99.62%
  17  Coluber_constrictor_CA_Alameda_CAS_218667            0.00%    passed     99.75%
  18  Coluber_constrictor_CA_Butte_CAS_205243              3.40%    passed     98.67%
  19  Coluber_constrictor_CA_Butte_CAS_205359              0.81%    passed     99.98%
  20  Coluber_constrictor_CA_Butte_CAS_205573              6.45%    passed     98.72%
  21  Coluber_constrictor_CA_Butte_CAS_205600              0.72%    passed     99.75%
  22  Coluber_constrictor_CA_El_Dorado_CRF_1636            0.09%    passed     98.96%
  23  Coluber_constrictor_CA_Lake_CAS_209492               6.89%    passed     85.18%
  24  Coluber_constrictor_CA_Lake_CAS_209498               0.00%    passed     99.10%
  25  Coluber_constrictor_CA_Lake_CAS_212760               0.00%    passed     98.64%
  26  Coluber_constrictor_CA_Lake_CAS_219499               0.09%    passed     99.39%
  27  Coluber_constrictor_CA_Mariposa_CAS_205785           2.15%    passed     99.99%
  28  Coluber_constrictor_CA_Mendocino_CAS_208850          3.13%    passed     97.94%
  29  Coluber_constrictor_CA_Modoc_CAS_199788              0.00%    passed     98.54%
  30  Coluber_constrictor_CA_Placer_CAS_209964             0.81%    passed     99.94%
  31  Coluber_constrictor_CA_Placer_CAS_209965             1.88%    passed     99.74%
  32  Coluber_constrictor_CA_Placer_CAS_209966             0.00%    passed     99.90%
  33  Coluber_constrictor_CA_Plumas_CAS_206021             0.00%    passed     99.98%
  34  Coluber_constrictor_CA_Plumas_CAS_209639             0.00%    passed     99.83%
  35  Coluber_constrictor_CA_San_Diego_CAS_205787          0.98%    passed     99.71%
  36  Coluber_constrictor_CA_San_Diego_DGM_781             3.58%    passed     97.97%
  37  Coluber_constrictor_CA_San_Mateo_CAS_203135          0.00%    passed     99.75%
  38  Coluber_constrictor_CA_San_Mateo_CAS_205723          0.09%    passed     99.90%
  39  Coluber_constrictor_CA_San_Mateo_CAS_205762          0.00%    passed     99.82%
  40  Coluber_constrictor_CA_San_Mateo_CAS_208655          0.18%    passed     99.25%
  41  Coluber_constrictor_CA_San_Mateo_CAS_214275          5.28%    passed     98.09%
  42  Coluber_constrictor_CA_San_Mateo_H_7615              2.51%    passed     98.43%
  43  Coluber_constrictor_CA_Shasta_CAS_227112             0.00%    passed     99.24%
  44  Coluber_constrictor_CA_Shasta_CAS_227250             0.00%    passed     98.89%
  45  Coluber_constrictor_CA_Shasta_CAS_227251             3.40%    passed     99.06%
  46  Coluber_constrictor_CA_Shasta_CAS_227252             2.95%    passed     98.92%
  47  Coluber_constrictor_CA_Shasta_CAS_227254             0.00%    passed     97.88%
  48  Coluber_constrictor_CA_Sierra_CAS_205950             7.79%    passed     91.69%
  49  Coluber_constrictor_CA_Sutter_CAS_206369             0.00%    passed     99.93%
  50  Coluber_constrictor_CA_Tehama_CAS_227445             1.70%    passed     99.79%
  51  Coluber_constrictor_CO_Mesa_H_3115                   0.00%    passed     99.62%
  52  Coluber_constrictor_FL_Baker_231704                  0.63%    passed     81.90%
  53  Coluber_constrictor_FL_Calhoun_FTB_690               0.00%    passed     99.68%
  54  Coluber_constrictor_FL_Citrus_CAS_204803             5.01%    passed     92.86%
  55  Coluber_constrictor_FL_Citrus_CAS_208646            12.98%    passed     97.49%
  56  Coluber_constrictor_FL_Citrus_CAS_214310             1.16%    passed     81.33%
  57  Coluber_constrictor_FL_Citrus_CAS_218707             0.36%    passed     87.75%
  58  Coluber_constrictor_FL_Citrus_H_7654                 0.98%    passed     88.62%
  59  Coluber_constrictor_FL_Collier_CAS_172158            3.13%    passed     83.53%
  60  Coluber_constrictor_FL_Collier_H8756                 0.00%    passed     82.28%
  61  Coluber_constrictor_FL_Dade_172156                   0.00%    passed     85.17%
  62  Coluber_constrictor_FL_Dade_H_7462                   1.79%    passed     91.02%
  63  Coluber_constrictor_FL_Duval_H_9413                  0.00%    passed     81.61%
  64  Coluber_constrictor_FL_Gadsden_FTB_655               0.09%    passed     96.96%
  65  Coluber_constrictor_FL_Gulf_214384                   0.00%    passed     99.79%
  66  Coluber_constrictor_FL_Gulf_CAS_214385               0.00%    passed     99.32%
  67  Coluber_constrictor_FL_Gulf_CAS_218699               4.57%    passed     99.81%
  68  Coluber_constrictor_FL_Hernando_185415               0.00%    passed     83.41%
  69  Coluber_constrictor_FL_Hernando_CAS_185416           2.60%    passed     84.50%
  70  Coluber_constrictor_FL_Hillsborough_YPM_14788        0.27%    passed     84.87%
  71  Coluber_constrictor_FL_Jackson_FTB_681               0.00%    passed     97.81%
  72  Coluber_constrictor_FL_Jefferson_H_19709             0.00%    passed     99.65%
  73  Coluber_constrictor_FL_Lafayette_H_19707             0.00%    passed     90.68%
  74  Coluber_constrictor_FL_Levy_H_19704                  0.00%    passed     85.17%
  75  Coluber_constrictor_FL_Liberty_CAS_203082            2.15%    passed     99.05%
  76  Coluber_constrictor_FL_Liberty_FTB_663               0.09%    passed     99.77%
  77  Coluber_constrictor_FL_Monroe_178699                 5.28%    passed     84.50%
  78  Coluber_constrictor_FL_Pasco_B14_244a                1.16%    passed     78.63%
  79  Coluber_constrictor_FL_Pasco_H_9414                  0.72%    passed     90.59%
  80  Coluber_constrictor_FL_Pinellas_H_7613               0.00%    passed     87.73%
  81  Coluber_constrictor_FL_Pinellas_H_8649               0.00%    passed     90.28%
  82  Coluber_constrictor_FL_Pinellas_H_9130               7.07%    passed     95.34%
  83  Coluber_constrictor_FL_Pinellas_H_9364               1.79%    passed     82.90%
  84  Coluber_constrictor_FL_Pinellas_H_9514               4.57%    passed     75.73%
  85  Coluber_constrictor_FL_Pinellas_H_9515               0.00%    passed     85.17%
  86  Coluber_constrictor_FL_Polk_FTB_815                  0.63%    passed     84.80%
  87  Coluber_constrictor_FL_Santa_Rosa_H_18328            0.00%    passed     98.90%
  88  Coluber_constrictor_FL_Santa_Rosa_H_18355            0.00%    passed     99.32%
  89  Coluber_constrictor_FL_Santa_Rosa_H_19710            0.00%    passed     99.68%
  90  Coluber_constrictor_FL_Taylor_CAS_214328             1.07%    passed     81.90%
  91  Coluber_constrictor_FL_Wakulla_H_16039               1.70%    passed     99.04%
  92  Coluber_constrictor_FL_Wakulla_H_16040               0.00%    passed     98.90%
  93  Coluber_constrictor_FL_Walton_H_3142                 1.79%    passed     97.69%
  94  Coluber_constrictor_FL_Walton_H_3143                 7.88%    passed     92.46%
  95  Coluber_constrictor_GA_Colquitt_CAS_231703           0.09%    passed     99.97%
  96  Coluber_constrictor_ID_Bannock_CRF_1616              0.00%    passed     99.92%
  97  Coluber_constrictor_ID_Bannock_CRF_1629              1.52%    passed     99.45%
  98  Coluber_constrictor_IL_Kankakee_INHS_1269            0.90%    passed     99.74%
  99  Coluber_constrictor_IL_Kankakee_INHS_1357            0.90%    passed     99.68%
 100  Coluber_constrictor_IL_Mason_INHS_1266               0.00%    passed     99.58%
 101  Coluber_constrictor_IL_Massac_INHS_676               0.00%    passed     99.22%
 102  Coluber_constrictor_IL_Massac_INHS_677               0.00%    passed     98.01%
 103  Coluber_constrictor_IL_Putnam_FMNH_262081            0.00%    passed     99.08%
 104  Coluber_constrictor_KS_Bourbon_MHP_8510              0.00%    passed     99.08%
 105  Coluber_constrictor_KS_Chautaqua_MHP_8227            0.00%    passed     99.84%
 106  Coluber_constrictor_KS_Doniphan_8337                 0.00%    passed     99.71%
 107  Coluber_constrictor_KS_Rawlins_MHP_9043              0.00%    passed     99.39%
 108  Coluber_constrictor_KY_Leslie_YPM_13610              1.88%    passed     97.26%
 109  Coluber_constrictor_LA_Acadia_H_2023                 9.76%    passed     96.45%
 110  Coluber_constrictor_LA_Allen_H_18917                 0.09%    passed     99.79%
 111  Coluber_constrictor_LA_Ascension_H_61                0.00%    passed     99.27%
 112  Coluber_constrictor_LA_Caldwell_H_18370              0.00%    passed     99.22%
 113  Coluber_constrictor_LA_Cameron_B14p112a              0.00%    passed     99.84%
 114  Coluber_constrictor_LA_Cameron_H_480                 0.00%    passed     99.91%
 115  Coluber_constrictor_LA_Cameron_H_9260                0.00%    passed     99.80%
 116  Coluber_constrictor_LA_Catahoula_H_2967              1.25%    passed     99.39%
 117  Coluber_constrictor_LA_East_Baton_Rouge_H_15868      0.00%    passed     99.80%
 118  Coluber_constrictor_LA_East_Baton_Rouge_H_15871      0.00%    passed     99.67%
 119  Coluber_constrictor_LA_East_Baton_Rouge_H_18251      0.18%    passed     99.88%
 120  Coluber_constrictor_LA_East_Baton_Rouge_H_1951       3.85%    passed     99.59%
 121  Coluber_constrictor_LA_East_Baton_Rouge_H_3121       0.18%    passed     99.07%
 122  Coluber_constrictor_LA_East_Baton_Rouge_H_3364       0.00%    passed     98.58%
 123  Coluber_constrictor_LA_East_Baton_Rouge_H_413        0.00%    passed     98.15%
 124  Coluber_constrictor_LA_East_Baton_Rouge_H_76         0.00%    passed     99.50%
 125  Coluber_constrictor_LA_Iberville_H_17997             0.98%    passed     99.87%
 126  Coluber_constrictor_LA_Iberville_H_19182             0.81%    passed     99.98%
 127  Coluber_constrictor_LA_Iberville_H_19590             0.90%    passed     98.29%
 128  Coluber_constrictor_LA_Jefferson_Davis_H_18382       2.69%    passed     97.97%
 129  Coluber_constrictor_LA_Jefferson_H_109               0.98%    passed     99.07%
 130  Coluber_constrictor_LA_Jefferson_H_110               0.09%    passed     98.06%
 131  Coluber_constrictor_LA_Jefferson_H_111               0.72%    passed     99.88%
 132  Coluber_constrictor_LA_Jefferson_H_5668              0.00%    passed     99.80%
 133  Coluber_constrictor_LA_Jefferson_H_6693              2.51%    passed     98.95%
 134  Coluber_constrictor_LA_Jefferson_H_79                0.00%    passed     99.92%
 135  Coluber_constrictor_LA_Livingston_H_3112             0.00%    passed     99.39%
 136  Coluber_constrictor_LA_Livingston_H1898              8.59%    passed     98.50%
 137  Coluber_constrictor_LA_Natchitoches_H_1594           4.66%    passed     97.39%
 138  Coluber_constrictor_LA_Natchitoches_H_18252          0.00%    passed     99.62%
 139  Coluber_constrictor_LA_Natchitoches_H_18847          0.00%    passed     99.54%
 140  Coluber_constrictor_LA_Natchitoches_H_2479           0.00%    passed     99.91%
 141  Coluber_constrictor_LA_Natchitoches_H_3399           0.90%    passed     99.48%
 142  Coluber_constrictor_LA_Natchitoches_H_589            1.79%    passed     99.42%
 143  Coluber_constrictor_LA_Orleans_H_8955                2.42%    passed     99.98%
 144  Coluber_constrictor_LA_St_James_H_19584              0.00%    passed     98.85%
 145  Coluber_constrictor_LA_St_John_the_Baptist_H_3127    2.24%    passed     98.78%
 146  Coluber_constrictor_LA_St_Tammany_H_18386            1.52%    passed     97.72%
 147  Coluber_constrictor_LA_St_Tammany_H_18778            4.74%    passed     99.66%
 148  Coluber_constrictor_LA_St_Tammany_H_19661            0.00%    passed     99.89%
 149  Coluber_constrictor_LA_St_Tammany_H_2872             0.00%    passed     99.75%
 150  Coluber_constrictor_LA_St_Tammany_H_3118             0.00%    passed     99.40%
 151  Coluber_constrictor_LA_St_Tammany_H_5669             0.00%    passed     99.99%
 152  Coluber_constrictor_LA_St_Tammany_H_592              0.00%    passed     99.39%
 153  Coluber_constrictor_LA_Tangipahoa_H_3155             0.00%    passed     99.09%
 154  Coluber_constrictor_LA_Tangipahoa_H_8203             0.00%    passed     99.03%
 155  Coluber_constrictor_LA_West_Feliciana_6465           0.54%    passed     99.70%
 156  Coluber_constrictor_LA_West_Feliciana_H_19693        0.90%    passed     99.76%
 157  Coluber_constrictor_LA_Winn_H_18285                  0.00%    passed     99.71%
 158  Coluber_constrictor_MA_Barnstable_H_3119             0.00%    passed     99.71%
 159  Coluber_constrictor_MD_Worcester_FTB_772             0.00%    passed     99.66%
 160  Coluber_constrictor_MO_St_Louis_H_18435              0.00%    passed     99.20%
 161  Coluber_constrictor_MS_Forrest_H_3124                1.25%    passed     97.89%
 162  Coluber_constrictor_MS_Hancock_H_8718                0.81%    passed     99.74%
 163  Coluber_constrictor_MS_Perry_H_593                   1.34%    passed     98.10%
 164  Coluber_constrictor_MS_Perry_H_595                   1.25%    passed     98.58%
 165  Coluber_constrictor_MS_Perry_H_596                   1.25%    passed     99.22%
 166  Coluber_constrictor_MS_Perry_H_77                    0.00%    passed     99.67%
 167  Coluber_constrictor_MS_Scott_FTB_425                 0.00%    passed     99.62%
 168  Coluber_constrictor_MS_Warren_FTB_431                0.09%    passed     99.80%
 169  Coluber_constrictor_MS_Wilkinson_H_1976              1.25%    passed     99.66%
 170  Coluber_constrictor_MS_Wilkinson_H_3144              0.00%    passed     99.50%
 171  Coluber_constrictor_MT_Carbon_DBS_544                0.00%    passed     99.84%
 172  Coluber_constrictor_MT_Carbon_DBS_578                0.00%    passed     99.88%
 173  Coluber_constrictor_MT_Carbon_LJV_10762              0.90%    passed     99.93%
 174  Coluber_constrictor_MT_Carbon_LJV_10771              0.27%    passed     99.52%
 175  Coluber_constrictor_NC_Craven_588                    0.00%    passed     99.89%
 176  Coluber_constrictor_NC_Craven_FTB_587                0.00%    passed     99.94%
 177  Coluber_constrictor_NC_Craven_FTB_590                0.27%    passed     99.02%
 178  Coluber_constrictor_NC_Halifax_FTB_379               0.09%    passed     98.84%
 179  Coluber_constrictor_NC_Jones_FTB_592                 0.27%    passed     97.65%
 180  Coluber_constrictor_NC_Pender_FTB_478                0.00%    passed     98.55%
 181  Coluber_constrictor_NC_Sampson_FTB_375               0.00%    passed     99.82%
 182  Coluber_constrictor_NM_Socorro_H_3114                0.00%    passed     99.58%
 183  Coluber_constrictor_NV_Washoe_CAS_202977             1.79%    passed     98.41%
 184  Coluber_constrictor_NVWashoeUNR7105                  5.37%    passed     98.81%
 185  Coluber_constrictor_NY_Orange_FTB_482                0.00%    passed     99.46%
 186  Coluber_constrictor_NY_Richmond_FTB_441              0.27%    passed     98.90%
 187  Coluber_constrictor_NY_Ulster_FTB_495                0.00%    passed     99.46%
 188  Coluber_constrictor_OK_Adair_DBS_344                 0.00%    passed     99.08%
 189  Coluber_constrictor_OK_Cleveland_DBS_352             0.81%    passed     99.77%
 190  Coluber_constrictor_OK_Delaware_DBS_339              0.90%    passed     99.65%
 191  Coluber_constrictor_OK_LeFlore_367                   0.54%    passed     99.51%
 192  Coluber_constrictor_OK_Muskogee_DBS_25               6.18%    passed     94.18%
 193  Coluber_constrictor_OK_Muskogee_DBS_55               0.72%    passed     99.51%
 194  Coluber_constrictor_OK_Noble_H7614                   0.54%    passed     99.47%
 195  Coluber_constrictor_OK_Pottawatomie_DBS_332          1.79%    passed     99.83%
 196  Coluber_constrictor_OR_Crook_DGM_406                 1.07%    passed     99.08%
 197  Coluber_constrictor_OR_Malheur_DBS_399               0.09%    passed     99.96%
 198  Coluber_constrictor_OR_Umatilla_JRM_4464             0.98%    passed     99.35%
 199  Coluber_constrictor_PA_Mercer_FTB_498                1.79%    passed     99.66%
 200  Coluber_constrictor_SC_Allendale_B14_p250a           0.00%    passed     98.45%
 201  Coluber_constrictor_SC_Allendale_B14p248a            0.00%    passed     99.57%
 202  Coluber_constrictor_SC_Allendale_H_9417              0.00%    passed     99.94%
 203  Coluber_constrictor_SC_Beaufort_H_9410               0.00%    passed     99.97%
 204  Coluber_constrictor_SC_Union_600                     0.00%    passed     99.43%
 205  Coluber_constrictor_SC_Union_FTB_616                 0.81%    passed     97.68%
 206  Coluber_constrictor_SD_Custer_MHP_8636               0.27%    passed     99.47%
 207  Coluber_constrictor_TN_Obion_10003                   0.00%    passed     99.67%
 208  Coluber_constrictor_TN_Rutherford_H_9034             6.62%    passed     99.42%
 209  Coluber_constrictor_TX_Palo_Pinto_H_8540             8.33%    passed     99.46%
 210  Coluber_constrictor_TX_Travis_TJL_1281               3.94%    passed     99.15%
 211  Coluber_constrictor_UT_Box_Elder_DGM_282             0.00%    passed     99.39%
 212  Coluber_constrictor_UT_Box_Elder_DGM_974             0.00%    passed     99.82%
 213  Coluber_constrictor_VA_Accomack_FTB_764              0.00%    passed     99.43%
 214  Coluber_constrictor_VA_Rockingham_FTB_335            0.09%    passed     99.21%
 215  Coluber_constrictor_WV_Grant_FTB_723                 0.18%    passed     97.86%
 216  Coluber_constrictor_WV_Grant_FTB_747                 0.00%    passed     98.55%
 217  Coluber_constrictor_WV_Randolph_FTB_725              0.00%    passed     98.79%
 218  Masticophis_flagellum                                0.09%    passed     67.08%
 219  Salvadora_mexicana                                   0.00%    passed     12.22%
 220  Sonora_semiannulata                                  0.27%    passed     99.66%
****  TOTAL                                                1.14%  0 sequences failed composition chi2 test (p-value<5%; df=3)
Checking for duplicate sequences: done in 0.000736157 secs using 99.71% CPU


Create initial parsimony tree by phylogenetic likelihood library (PLL)... 0.024 seconds
Perform fast likelihood tree search using GTR+I+G model...
Estimate model parameters (epsilon = 5.000)
Perform nearest neighbor interchange...
Estimate model parameters (epsilon = 1.000)
1. Initial log-likelihood: -7232.462
Optimal log-likelihood: -7232.339
Rate parameters:  A-C: 1.03340  A-G: 4.85568  A-T: 1.40486  C-G: 0.40390  C-T: 5.23088  G-T: 1.00000
Base frequencies:  A: 0.320  C: 0.293  G: 0.109  T: 0.278
Proportion of invariable sites: 0.314
Gamma shape alpha: 0.552
Parameters optimization took 1 rounds (0.161 sec)
Time for fast ML tree search: 1.866 seconds

NOTE: ModelFinder requires 32 MB RAM!
ModelFinder will test up to 968 DNA models (sample size: 1117 epsilon: 0.100) ...
 No. Model         -LnL         df  AIC          AICc         BIC
  1  JC            8035.104     437 16944.207    17507.995    19137.249
  2  JC+I          7722.589     438 16321.179    16888.382    18519.239
  3  JC+G4         7658.712     438 16193.425    16760.628    18391.485
  4  JC+I+G4       7647.620     439 16173.240    16743.875    18376.319
  5  JC+R2         7651.965     439 16181.930    16752.565    18385.008
  6  JC+R3         7620.504     441 16123.009    16700.555    18336.124
  7  JC+R4         7617.570     443 16121.141    16705.664    18344.293
 14  JC+I+R2       7630.714     440 16141.427    16715.510    18349.524
 15  JC+I+R3       7615.050     442 16114.099    16695.126    18332.233
+I+R4 reinitialized from +I+R3 with factor 0.500
+I+R4 reinitialized from +I+R3 with factor 0.250
 16  JC+I+R4       7615.104     444 16118.208    16706.243    18346.378
 28  JC+R3         7620.504     441 16123.009    16700.555    18336.124
 37  JC+I+R3       7615.050     442 16114.099    16695.126    18332.233
 50  F81+R3        7620.416     441 16122.831    16700.378    18335.946
 59  F81+I+R3      7615.074     442 16114.149    16695.176    18332.283
 72  F81+F+R3      7455.566     444 15799.132    16387.168    18027.302
 81  F81+F+I+R3    7449.528     445 15789.055    16380.620    18022.244
 94  K2P+R3        7418.349     442 15720.697    16301.724    17938.831
103  K2P+I+R3      7411.365     443 15708.729    16293.252    17931.881
116  K2P+R3        7418.349     442 15720.697    16301.724    17938.831
125  K2P+I+R3      7411.365     443 15708.729    16293.252    17931.881
138  HKY+R3        7418.340     442 15720.681    16301.707    17938.814
147  HKY+I+R3      7411.355     443 15708.710    16293.233    17931.862
160  HKY+F+R3      7226.437     445 15342.875    15934.440    17576.064
169  HKY+F+I+R3    7215.799     446 15323.599    15918.709    17561.806
182  TNe+R3        7386.409     443 15658.818    16243.341    17881.970
191  TNe+I+R3      7371.845     444 15631.691    16219.727    17859.861
204  TNe+R3        7386.409     443 15658.818    16243.341    17881.970
213  TNe+I+R3      7371.845     444 15631.691    16219.727    17859.861
226  TN+R3         7386.393     443 15658.786    16243.309    17881.938
235  TN+I+R3       7371.843     444 15631.686    16219.722    17859.857
248  TN+F+R3       7226.032     446 15344.065    15939.175    17582.272
257  TN+F+I+R3     7214.988     447 15323.976    15922.648    17567.201
270  K3P+R3        7418.092     443 15722.184    16306.707    17945.336
279  K3P+I+R3      7411.116     444 15710.233    16298.269    17938.403
292  K3P+R3        7418.092     443 15722.184    16306.707    17945.336
301  K3P+I+R3      7411.116     444 15710.233    16298.269    17938.403
314  K3Pu+R3       7418.070     443 15722.141    16306.664    17945.293
323  K3Pu+I+R3     7411.103     444 15710.207    16298.243    17938.377
336  K3Pu+F+R3     7226.676     446 15345.351    15940.462    17583.559
345  K3Pu+F+I+R3   7215.753     447 15325.506    15924.179    17568.732
358  TPM2+R3       7352.478     443 15590.956    16175.479    17814.108
367  TPM2+I+R3     7347.826     444 15583.652    16171.687    17811.822
380  TPM2+R3       7352.478     443 15590.956    16175.479    17814.108
389  TPM2+I+R3     7347.826     444 15583.652    16171.687    17811.822
402  TPM2u+R3      7352.466     443 15590.931    16175.454    17814.083
411  TPM2u+I+R3    7347.768     444 15583.536    16171.572    17811.707
424  TPM2u+F+R3    7218.804     446 15329.607    15924.718    17567.814
433  TPM2u+F+I+R3  7207.466     447 15308.933    15907.606    17552.159
446  TPM3+R3       7415.608     443 15717.217    16301.740    17940.369
455  TPM3+I+R3     7408.264     444 15704.527    16292.563    17932.697
468  TPM3+R3       7415.608     443 15717.217    16301.740    17940.369
477  TPM3+I+R3     7408.264     444 15704.527    16292.563    17932.697
490  TPM3u+R3      7415.585     443 15717.171    16301.694    17940.323
499  TPM3u+I+R3    7408.255     444 15704.511    16292.547    17932.681
512  TPM3u+F+R3    7223.548     446 15339.096    15934.207    17577.303
521  TPM3u+F+I+R3  7212.276     447 15318.553    15917.225    17561.778
534  TIMe+R3       7386.380     444 15660.761    16248.796    17888.931
543  TIMe+I+R3     7371.761     445 15633.523    16225.087    17866.711
556  TIMe+R3       7386.380     444 15660.761    16248.796    17888.931
565  TIMe+I+R3     7371.761     445 15633.523    16225.087    17866.711
578  TIM+R3        7386.320     444 15660.641    16248.677    17888.811
587  TIM+I+R3      7371.739     445 15633.478    16225.043    17866.667
600  TIM+F+R3      7226.002     447 15346.003    15944.676    17589.229
609  TIM+F+I+R3    7214.981     448 15325.962    15928.213    17574.206
622  TIM2e+R3      7324.875     444 15537.750    16125.786    17765.920
631  TIM2e+I+R3    7313.283     445 15516.566    16108.131    17749.755
644  TIM2e+R3      7324.875     444 15537.750    16125.786    17765.920
653  TIM2e+I+R3    7313.283     445 15516.566    16108.131    17749.755
666  TIM2+R3       7324.836     444 15537.672    16125.708    17765.842
675  TIM2+I+R3     7313.263     445 15516.526    16108.091    17749.715
688  TIM2+F+R3     7218.243     447 15330.486    15929.159    17573.712
697  TIM2+F+I+R3   7206.246     448 15308.492    15910.743    17556.736
710  TIM3e+R3      7383.759     444 15655.518    16243.554    17883.688
719  TIM3e+I+R3    7368.722     445 15627.443    16219.008    17860.632
732  TIM3e+R3      7383.759     444 15655.518    16243.554    17883.688
741  TIM3e+I+R3    7368.722     445 15627.443    16219.008    17860.632
754  TIM3+R3       7383.721     444 15655.442    16243.478    17883.612
763  TIM3+I+R3     7368.706     445 15627.413    16218.977    17860.601
776  TIM3+F+R3     7223.038     447 15340.075    15938.748    17583.301
785  TIM3+F+I+R3   7211.367     448 15318.733    15920.985    17566.977
798  TVMe+R3       7348.895     445 15587.789    16179.354    17820.978
807  TVMe+I+R3     7344.125     446 15580.250    16175.361    17818.457
820  TVMe+R3       7348.895     445 15587.789    16179.354    17820.978
829  TVMe+I+R3     7344.125     446 15580.250    16175.361    17818.457
842  TVM+R3        7348.875     445 15587.750    16179.315    17820.939
851  TVM+I+R3      7344.019     446 15580.038    16175.148    17818.245
864  TVM+F+R3      7214.556     448 15325.111    15927.363    17573.355
873  TVM+F+I+R3    7202.861     449 15303.721    15909.568    17556.984
886  SYM+R3        7321.269     446 15534.539    16129.649    17772.746
895  SYM+I+R3      7309.540     447 15513.081    16111.753    17756.306
908  SYM+R3        7321.269     446 15534.539    16129.649    17772.746
917  SYM+I+R3      7309.540     447 15513.081    16111.753    17756.306
930  GTR+R3        7321.267     446 15534.535    16129.645    17772.742
939  GTR+I+R3      7309.539     447 15513.077    16111.750    17756.303
952  GTR+F+R3      7214.064     449 15326.127    15931.974    17579.390
961  GTR+F+I+R3    7201.702     450 15303.405    15912.864    17561.685
Akaike Information Criterion:           GTR+F+I+R3
Corrected Akaike Information Criterion: TPM2u+F+I+R3
Bayesian Information Criterion:         TPM2u+F+I+R3
Best-fit model: TPM2u+F+I+R3 chosen according to BIC

All model information printed to results/dna_M2902_220_1117.phy/output_files/iqtree/inference/pars_16.model.gz
CPU time for ModelFinder: 60.788 seconds (0h:1m:0s)
Wall-clock time for ModelFinder: 61.124 seconds (0h:1m:1s)

NOTE: 9 MB RAM (0 GB) is required!
Estimate model parameters (epsilon = 0.010)
1. Initial log-likelihood: -7207.570
2. Current log-likelihood: -7207.363
Optimal log-likelihood: -7207.351
Rate parameters:  A-C: 2.03910  A-G: 8.46245  A-T: 2.03910  C-G: 1.00000  C-T: 8.46245  G-T: 1.00000
Base frequencies:  A: 0.320  C: 0.293  G: 0.109  T: 0.278
Proportion of invariable sites: 0.464
Site proportion and rates:  (0.413,0.836) (0.115,4.474) (0.008,17.192)
Parameters optimization took 2 rounds (0.413 sec)
Wrote distance file to... 
BEST SCORE FOUND : -7207.351
Total tree length: 1.278

Total number of iterations: 0
CPU time used for tree search: 0.000 sec (0h:0m:0s)
Wall-clock time used for tree search: 0.000 sec (0h:0m:0s)
Total CPU time used: 61.217 sec (0h:1m:1s)
Total wall-clock time used: 61.555 sec (0h:1m:1s)

Analysis results written to: 
  IQ-TREE report:                results/dna_M2902_220_1117.phy/output_files/iqtree/inference/pars_16.iqtree
  Maximum-likelihood tree:       results/dna_M2902_220_1117.phy/output_files/iqtree/inference/pars_16.treefile
  Screen log file:               results/dna_M2902_220_1117.phy/output_files/iqtree/inference/pars_16.log

Date and Time: Thu Sep 18 20:19:46 2025
