IQ-TREE version 3.0.1 for Linux x86 64-bit built Sep 18 2025
Developed by Bui Quang Minh, Thomas Wong, Nhan Ly-Trong, Huaiyan Ren
Contributed by Lam-Tung Nguyen, Dominik Schrempf, Chris Bielow,
Olga Chernomor, Michael Woodhams, Diep Thi Hoang, Heiko Schmidt

Host:    DESKTOP-UQIA48J (AVX2, FMA3, 7 GB RAM)
Command: /home/ngocminh/miniconda3/envs/pypythia/bin/iqtree3 -s Data/dna_M12388_324_1405.phy -pre data_training/dna_M12388_324_1405.phy/output_files/iqtree/inference/pars_1 -seed 1 -ninit 1 -T 1 -redo -n 0
Seed:    1 (Using SPRNG - Scalable Parallel Random Number Generator)
Time:    Thu Sep 25 16:28:36 2025
Kernel:  AVX+FMA - 1 threads (8 CPU cores detected)

HINT: Use -nt option to specify number of threads because your CPU has 8 cores!
HINT: -nt AUTO will automatically determine the best number of threads to use.

Reading alignment file Data/dna_M12388_324_1405.phy ... Phylip format detected
Alignment most likely contains DNA/RNA sequences
Constructing alignment: done in 0.00829966 secs using 100.3% CPU
Alignment has 324 sequences with 1405 columns, 536 distinct patterns
362 parsimony-informative, 53 singleton sites, 989 constant sites
                             Gap/Ambiguity  Composition  p-value
Analyzing sequences: done in 0.000574525 secs using 100.1% CPU
   1  Cichla_intermedia_1020        61.14%    passed     23.78%
   2  Cichla_intermedia_1022        61.14%    passed     23.96%
   3  Cichla_intermedia_1512         2.63%    failed      1.61%
   4  Cichla_intermedia_255          4.70%    failed      0.87%
   5  Cichla_intermedia_433         61.14%    passed     24.06%
   6  Cichla_intermedia_472          3.84%    failed      1.32%
   7  Cichla_intermedia_479          3.42%    passed      8.40%
   8  Cichla_intermedia_579          3.77%    failed      1.28%
   9  Cichla_intermedia_CI52        62.49%    passed     30.04%
  10  Cichla_intermedia_I1_2        61.14%    passed     23.78%
  11  Cichla_intermedia_I3           1.42%    failed      1.66%
  12  Cichla_kelberi_2189            8.68%    passed      9.25%
  13  Cichla_kelberi_2213            8.68%    passed      9.57%
  14  Cichla_kelberi_2292           66.48%    failed      2.12%
  15  Cichla_kelberi_2574            6.05%    passed     13.47%
  16  Cichla_melaniae_B101           6.98%    failed      2.39%
  17  Cichla_melaniae_B102           5.98%    failed      3.74%
  18  Cichla_melaniae_B103          63.49%    passed     17.78%
  19  Cichla_melaniae_B106          64.20%    passed      8.41%
  20  Cichla_melaniae_B109          63.49%    passed     11.53%
  21  Cichla_melaniae_B110          63.35%    passed     10.11%
  22  Cichla_melaniae_B159           7.26%    passed      6.57%
  23  Cichla_melaniae_B180           3.49%    failed      4.50%
  24  Cichla_melaniae_B181           3.56%    failed      3.89%
  25  Cichla_melaniae_ROM7638       65.34%    failed      2.09%
  26  Cichla_melaniae_ROM7643       65.20%    failed      2.54%
  27  Cichla_melaniae_ROM7645       65.12%    failed      0.52%
  28  Cichla_mirianae_1754           5.34%    failed      3.60%
  29  Cichla_mirianae_1829           5.34%    failed      3.54%
  30  Cichla_mirianae_2355           7.47%    failed      4.11%
  31  Cichla_mirianae_2356           7.54%    failed      3.40%
  32  Cichla_mirianae_2357          65.27%    passed     11.01%
  33  Cichla_mirianae_TX3           65.12%    passed      5.90%
  34  Cichla_mirianae_TX5           65.27%    passed      9.09%
  35  Cichla_mirianae_TX7           65.27%    passed      7.09%
  36  Cichla_monoculus_1678          1.64%    failed      2.56%
  37  Cichla_monoculus_1679          1.64%    failed      3.20%
  38  Cichla_monoculus_1886          5.12%    failed      1.62%
  39  Cichla_monoculus_194AM        63.06%    passed     10.22%
  40  Cichla_monoculus_196AM         3.70%    failed      1.53%
  41  Cichla_monoculus_1LJ          63.13%    passed     19.24%
  42  Cichla_monoculus_2051          4.98%    failed      1.25%
  43  Cichla_monoculus_212AM        63.42%    passed     16.28%
  44  Cichla_monoculus_2159         64.34%    passed      5.06%
  45  Cichla_monoculus_2160         64.34%    failed      3.79%
  46  Cichla_monoculus_2418         65.84%    failed      4.43%
  47  Cichla_monoculus_2435          5.98%    passed     11.08%
  48  Cichla_monoculus_2450         65.34%    failed      0.53%
  49  Cichla_monoculus_2453          6.05%    failed      3.88%
  50  Cichla_monoculus_2469         65.41%    failed      1.92%
  51  Cichla_monoculus_2472         65.41%    failed      3.30%
  52  Cichla_monoculus_2474         65.41%    failed      3.40%
  53  Cichla_monoculus_2480         65.41%    failed      2.73%
  54  Cichla_monoculus_2533         65.48%    failed      4.66%
  55  Cichla_monoculus_2535         65.41%    failed      1.88%
  56  Cichla_monoculus_2541         65.41%    failed      2.73%
  57  Cichla_monoculus_2745          6.05%    passed      5.22%
  58  Cichla_monoculus_2747         65.41%    failed      3.62%
  59  Cichla_monoculus_2780         65.34%    failed      3.20%
  60  Cichla_monoculus_2781          5.98%    passed      5.64%
  61  Cichla_monoculus_2784         65.34%    failed      4.72%
  62  Cichla_monoculus_2799         65.34%    failed      2.71%
  63  Cichla_monoculus_2827         65.41%    failed      2.58%
  64  Cichla_monoculus_2828         65.34%    failed      2.68%
  65  Cichla_monoculus_2LJ          65.34%    failed      1.85%
  66  Cichla_monoculus_2LJ3         63.13%    passed     16.32%
  67  Cichla_monoculus_302_Cunia    63.20%    passed      6.60%
  68  Cichla_monoculus_303_Cunia    63.06%    passed     10.99%
  69  Cichla_monoculus_30TF         63.06%    passed      7.17%
  70  Cichla_monoculus_312IT        69.04%    failed      4.52%
  71  Cichla_monoculus_334SI         3.77%    failed      2.30%
  72  Cichla_monoculus_337PU        63.06%    passed     10.22%
  73  Cichla_monoculus_340PU        65.34%    failed      3.40%
  74  Cichla_monoculus_45TA         63.06%    passed      5.88%
  75  Cichla_monoculus_46CO         63.06%    passed     10.22%
  76  Cichla_monoculus_46TA         63.06%    failed      4.76%
  77  Cichla_monoculus_47TA         63.06%    failed      4.23%
  78  Cichla_monoculus_6BA          63.13%    passed     17.37%
  79  Cichla_monoculus_71BB         63.13%    passed     11.26%
  80  Cichla_monoculus_72BB         63.20%    passed      9.52%
  81  Cichla_monoculus_78TA         63.06%    passed      8.17%
  82  Cichla_monoculus_79BB         63.06%    passed      9.64%
  83  Cichla_monoculus_79TA         63.06%    failed      4.76%
  84  Cichla_monoculus_81TA         63.06%    passed      5.30%
  85  Cichla_monoculus_83TA         63.06%    passed      8.70%
  86  Cichla_monoculus_B37          64.34%    passed     12.96%
  87  Cichla_monoculus_B38          64.34%    passed     13.11%
  88  Cichla_monoculus_B557          4.48%    passed     11.50%
  89  Cichla_monoculus_B630          6.05%    passed      8.37%
  90  Cichla_monoculus_B632         65.41%    failed      1.55%
  91  Cichla_monoculus_B638         65.41%    failed      1.12%
  92  Cichla_monoculus_BCM57         2.92%    failed      2.04%
  93  Cichla_monoculus_BCM60         3.13%    failed      2.23%
  94  Cichla_monoculus_BCM63        62.78%    passed      8.62%
  95  Cichla_monoculus_BCM64         2.92%    failed      2.35%
  96  Cichla_monoculus_BM1           2.92%    failed      2.13%
  97  Cichla_monoculus_BdA401        6.05%    failed      4.19%
  98  Cichla_monoculus_C041          6.12%    passed      6.96%
  99  Cichla_monoculus_C1621         6.05%    failed      4.56%
 100  Cichla_monoculus_CALJ1        63.13%    passed     16.32%
 101  Cichla_monoculus_CMI1         64.27%    passed     11.74%
 102  Cichla_monoculus_CMI2         64.20%    passed      7.34%
 103  Cichla_monoculus_CMI5         64.20%    passed     12.01%
 104  Cichla_monoculus_CMI6         64.20%    passed     10.52%
 105  Cichla_monoculus_CMI7         64.20%    passed      8.01%
 106  Cichla_monoculus_CMI8         64.20%    passed      9.64%
 107  Cichla_monoculus_CMID          5.05%    failed      1.22%
 108  Cichla_monoculus_CMX1         64.20%    passed      6.74%
 109  Cichla_monoculus_CMX2         64.20%    passed      6.28%
 110  Cichla_monoculus_CMX5         64.34%    passed     15.55%
 111  Cichla_monoculus_CMX9         64.20%    passed      6.28%
 112  Cichla_monoculus_CS387        65.34%    failed      2.03%
 113  Cichla_monoculus_CTGA040      65.34%    failed      0.71%
 114  Cichla_monoculus_CTGA043      65.48%    failed      2.60%
 115  Cichla_monoculus_CTGA044      65.34%    failed      1.05%
 116  Cichla_monoculus_CTGA046      65.34%    failed      0.75%
 117  Cichla_monoculus_CTGA048      65.34%    failed      1.48%
 118  Cichla_monoculus_CTGA1157     65.34%    failed      1.48%
 119  Cichla_monoculus_CTGA1158     65.34%    failed      1.47%
 120  Cichla_monoculus_CTGA1159     65.34%    failed      2.01%
 121  Cichla_monoculus_CTGA1623     65.41%    failed      2.80%
 122  Cichla_monoculus_CTGA825      65.41%    failed      2.58%
 123  Cichla_monoculus_CTGA826      65.41%    failed      3.30%
 124  Cichla_monoculus_CTGA827      65.41%    failed      1.92%
 125  Cichla_monoculus_CTGA828      65.41%    failed      1.92%
 126  Cichla_monoculus_CTGA830      65.41%    failed      3.40%
 127  Cichla_monoculus_CTGA831      65.41%    failed      3.61%
 128  Cichla_monoculus_CTGA834      65.41%    failed      2.73%
 129  Cichla_monoculus_Cu432         6.05%    passed      9.57%
 130  Cichla_monoculus_Cu435        65.41%    failed      1.55%
 131  Cichla_monoculus_J10          62.49%    passed      9.30%
 132  Cichla_monoculus_J6           62.92%    passed      8.26%
 133  Cichla_monoculus_LabTL1        3.77%    failed      2.18%
 134  Cichla_monoculus_M11           1.49%    failed      3.80%
 135  Cichla_monoculus_Ne04          5.55%    passed      5.28%
 136  Cichla_monoculus_Ne06          1.49%    failed      3.08%
 137  Cichla_monoculus_Ne36         65.34%    failed      4.45%
 138  Cichla_monoculus_Ne61         65.34%    failed      4.63%
 139  Cichla_monoculus_Ne72         65.34%    failed      4.63%
 140  Cichla_monoculus_TL2_Labrea   63.13%    passed     14.13%
 141  Cichla_monoculus_Tap147        3.84%    failed      1.75%
 142  Cichla_monoculus_Tap34        65.41%    failed      2.20%
 143  Cichla_monoculus_o30153Iqu    63.49%    passed      8.83%
 144  Cichla_monoculus_o30315Puc    63.35%    passed      5.60%
 145  Cichla_nigromaculata_1385      1.92%    passed     12.36%
 146  Cichla_nigromaculata_1386     17.72%    passed     40.13%
 147  Cichla_ocellaris_1670          3.70%    passed      6.59%
 148  Cichla_ocellaris_1672          1.42%    passed      5.51%
 149  Cichla_ocellaris_1682          1.42%    failed      3.61%
 150  Cichla_ocellaris_1683          3.91%    failed      4.63%
 151  Cichla_ocellaris_2138          4.98%    passed      7.38%
 152  Cichla_ocellaris_2139          4.98%    passed      8.49%
 153  Cichla_ocellaris_696           2.35%    failed      3.69%
 154  Cichla_ocellaris_ROM6374      65.27%    failed      2.71%
 155  Cichla_orinocensis_1077        4.91%    passed     21.76%
 156  Cichla_orinocensis_1083       61.35%    passed     14.23%
 157  Cichla_orinocensis_1089        1.07%    passed     10.81%
 158  Cichla_orinocensis_1282       61.35%    passed     13.31%
 159  Cichla_orinocensis_1601        5.48%    passed     12.61%
 160  Cichla_orinocensis_1614        5.48%    passed      9.96%
 161  Cichla_orinocensis_2419        5.27%    passed      6.21%
 162  Cichla_orinocensis_2608       65.27%    failed      4.36%
 163  Cichla_orinocensis_2609        6.48%    passed      7.74%
 164  Cichla_orinocensis_2613       65.27%    failed      2.81%
 165  Cichla_orinocensis_2670        5.84%    passed     15.34%
 166  Cichla_orinocensis_2752       65.27%    failed      3.32%
 167  Cichla_orinocensis_2755       65.20%    failed      2.46%
 168  Cichla_orinocensis_2767        5.41%    passed      5.71%
 169  Cichla_orinocensis_2792       65.34%    passed      6.12%
 170  Cichla_orinocensis_2796       65.41%    passed      6.25%
 171  Cichla_orinocensis_2800       65.34%    failed      4.20%
 172  Cichla_orinocensis_2845       65.27%    failed      2.60%
 173  Cichla_orinocensis_2859       65.27%    failed      1.60%
 174  Cichla_orinocensis_2860       65.41%    failed      2.38%
 175  Cichla_orinocensis_2866       65.27%    failed      1.50%
 176  Cichla_orinocensis_2868       65.27%    failed      1.91%
 177  Cichla_orinocensis_2881       65.27%    failed      3.44%
 178  Cichla_orinocensis_2885       65.20%    failed      3.88%
 179  Cichla_orinocensis_366         2.85%    failed      4.74%
 180  Cichla_orinocensis_368         5.12%    passed     19.31%
 181  Cichla_orinocensis_371         1.07%    passed      9.43%
 182  Cichla_orinocensis_473         2.92%    passed      7.16%
 183  Cichla_orinocensis_488        61.35%    passed     12.09%
 184  Cichla_orinocensis_493        62.35%    passed     26.27%
 185  Cichla_orinocensis_494        61.35%    passed     12.32%
 186  Cichla_orinocensis_496        61.35%    passed     13.31%
 187  Cichla_orinocensis_508        62.70%    passed     20.86%
 188  Cichla_orinocensis_615         1.49%    passed      9.89%
 189  Cichla_orinocensis_622         1.57%    passed      9.63%
 190  Cichla_orinocensis_623         5.91%    passed     11.26%
 191  Cichla_orinocensis_929        61.00%    passed     16.00%
 192  Cichla_orinocensis_CM30       64.98%    failed      4.89%
 193  Cichla_orinocensis_CO50       61.35%    passed     11.20%
 194  Cichla_orinocensis_D332       63.35%    passed     20.93%
 195  Cichla_orinocensis_Ne104      65.48%    failed      2.98%
 196  Cichla_orinocensis_Ne117      65.27%    failed      3.38%
 197  Cichla_orinocensis_Ne126      65.48%    failed      3.99%
 198  Cichla_orinocensis_Ne127       5.62%    passed      5.86%
 199  Cichla_orinocensis_Ne129       5.62%    passed      5.81%
 200  Cichla_orinocensis_Ne130      65.48%    failed      3.99%
 201  Cichla_orinocensis_Ne134      65.48%    passed      5.14%
 202  Cichla_orinocensis_Ne144      65.20%    passed      5.87%
 203  Cichla_orinocensis_Ne145       5.41%    passed      6.71%
 204  Cichla_orinocensis_Ne146       5.41%    passed      5.79%
 205  Cichla_orinocensis_Ne15       61.35%    passed      7.17%
 206  Cichla_orinocensis_Ne28       61.35%    passed     14.04%
 207  Cichla_orinocensis_Ne88       70.96%    passed     16.92%
 208  Cichla_orinocensis_Ne92       65.48%    failed      4.00%
 209  Cichla_orinocensis_Ne93        5.91%    passed      5.85%
 210  Cichla_orinocensis_O3_2       64.98%    failed      4.17%
 211  Cichla_orinocensis_Uau39      65.34%    failed      2.52%
 212  Cichla_orinocensis_Une1        9.68%    passed     12.80%
 213  Cichla_orinocensis_Une10       9.89%    passed     11.03%
 214  Cichla_pinima_1866             5.27%    failed      2.78%
 215  Cichla_pinima_2432            10.89%    failed      2.91%
 216  Cichla_pinima_2437            65.12%    failed      4.27%
 217  Cichla_pinima_2439             5.77%    failed      3.30%
 218  Cichla_pinima_2491            65.12%    passed      5.56%
 219  Cichla_pinima_2492             5.84%    failed      4.08%
 220  Cichla_pinima_2509            65.12%    failed      3.23%
 221  Cichla_pinima_2532             5.84%    failed      3.01%
 222  Cichla_pinima_2581             8.90%    passed     12.01%
 223  Cichla_pinima_2582             5.77%    passed      6.81%
 224  Cichla_pinima_2583             5.77%    failed      2.95%
 225  Cichla_pinima_2584             5.91%    passed      5.62%
 226  Cichla_pinima_B009             1.28%    failed      3.28%
 227  Cichla_pinima_B010             1.28%    passed      7.24%
 228  Cichla_pinima_B017             1.28%    failed      3.31%
 229  Cichla_pinima_B028            65.12%    failed      1.51%
 230  Cichla_pinima_B167             4.70%    failed      1.98%
 231  Cichla_pinima_B168             1.35%    failed      3.81%
 232  Cichla_pinima_B175             4.63%    failed      2.08%
 233  Cichla_pinima_B549             5.27%    failed      4.24%
 234  Cichla_pinima_B550             5.27%    failed      4.18%
 235  Cichla_pinima_B640            65.12%    passed      6.51%
 236  Cichla_pinima_B659             5.77%    failed      2.35%
 237  Cichla_pinima_C1599            5.84%    passed      8.92%
 238  Cichla_pinima_C1600           11.46%    passed     23.09%
 239  Cichla_pinima_CEI1            63.99%    failed      4.72%
 240  Cichla_pinima_CEI4            63.99%    passed     13.49%
 241  Cichla_pinima_CEI9            63.91%    passed      9.66%
 242  Cichla_pinima_CTGA1604        65.12%    failed      3.83%
 243  Cichla_pinima_CTGA1605        65.12%    failed      3.81%
 244  Cichla_pinima_CTGA796         65.12%    passed      8.23%
 245  Cichla_pinima_CTGA806         65.12%    passed     12.01%
 246  Cichla_pinima_CTGA807         65.20%    passed      7.53%
 247  Cichla_pinima_CTGA810         65.12%    passed      9.66%
 248  Cichla_pinima_CTGA812         65.12%    passed      9.00%
 249  Cichla_pinima_Paru1            5.77%    failed      3.30%
 250  Cichla_pinima_Paru3            5.84%    failed      3.18%
 251  Cichla_piquiti_2190           65.12%    failed      2.41%
 252  Cichla_piquiti_2195           65.12%    failed      0.83%
 253  Cichla_piquiti_2200            7.33%    passed      5.29%
 254  Cichla_piquiti_2201            7.40%    passed      5.48%
 255  Cichla_piquiti_2202            7.40%    failed      4.79%
 256  Cichla_piquiti_2203            7.33%    passed      5.61%
 257  Cichla_piquiti_2223            7.33%    passed      5.91%
 258  Cichla_piquiti_CTGA2814       65.20%    failed      2.60%
 259  Cichla_piquiti_CTGA2815       65.12%    failed      1.60%
 260  Cichla_piquiti_CTGA2965       65.12%    failed      2.85%
 261  Cichla_piquiti_CTGA3318       65.34%    failed      2.51%
 262  Cichla_pleiozona_B666          6.05%    passed      9.49%
 263  Cichla_pleiozona_B667         65.41%    failed      0.79%
 264  Cichla_pleiozona_B668         65.41%    failed      0.11%
 265  Cichla_pleiozona_BM21          5.48%    passed      8.06%
 266  Cichla_pleiozona_BM22          6.33%    passed      7.92%
 267  Cichla_pleiozona_BM23          7.05%    failed      4.61%
 268  Cichla_pleiozona_BM24         62.85%    failed      2.15%
 269  Cichla_pleiozona_BM25         62.85%    failed      3.30%
 270  Cichla_pleiozona_BM26          5.27%    failed      3.66%
 271  Cichla_pleiozona_BM27         62.85%    failed      2.93%
 272  Cichla_pleiozona_BM28         62.85%    failed      2.31%
 273  Cichla_pleiozona_BM30         62.85%    failed      2.17%
 274  Cichla_pleiozona_io20011Ich   63.49%    passed     13.46%
 275  Cichla_pleiozona_io2448Secu   63.49%    passed      8.49%
 276  Cichla_pleiozona_io4045Manu   63.49%    passed      5.80%
 277  Cichla_pleiozona_io5250Yat    63.42%    failed      2.31%
 278  Cichla_pleiozona_io5252Yat    63.49%    passed      7.54%
 279  Cichla_pleiozona_io5255Yat    63.42%    failed      2.31%
 280  Cichla_pleiozona_io5413Para   63.42%    failed      3.03%
 281  Cichla_pleiozona_io5421Para   63.42%    failed      2.70%
 282  Cichla_pleiozona_io5423Para   63.42%    passed      8.48%
 283  Cichla_pleiozona_io5431Para   63.42%    passed      7.55%
 284  Cichla_pleiozona_io5438Para   63.42%    passed      9.20%
 285  Cichla_pleiozona_io5683SMar   63.42%    failed      2.31%
 286  Cichla_pleiozona_io5737Para   63.42%    passed     12.34%
 287  Cichla_pleiozona_io5960SMar   63.42%    passed      7.38%
 288  Cichla_pleiozona_io5967SMar   63.42%    failed      2.02%
 289  Cichla_pleiozona_io6166SMar   63.42%    failed      2.95%
 290  Cichla_pleiozona_io846SMar    63.42%    failed      2.02%
 291  Cichla_pleiozona_ioMad3       63.49%    passed      7.13%
 292  Cichla_pleiozona_ioMad4       63.49%    passed     11.14%
 293  Cichla_pleiozona_ioManu1      63.49%    passed      6.39%
 294  Cichla_pleiozona_ioManu2      63.49%    passed      5.80%
 295  Cichla_temensis_1073          61.21%    passed      9.44%
 296  Cichla_temensis_1674           1.35%    failed      4.17%
 297  Cichla_temensis_2431          65.41%    failed      3.78%
 298  Cichla_temensis_2620           1.85%    passed      6.16%
 299  Cichla_temensis_2722          65.20%    failed      4.17%
 300  Cichla_temensis_2735          65.20%    failed      2.37%
 301  Cichla_temensis_361            1.35%    passed      8.40%
 302  Cichla_temensis_474            3.91%    failed      2.86%
 303  Cichla_temensis_486            3.77%    failed      2.59%
 304  Cichla_temensis_648            5.77%    passed      6.01%
 305  Cichla_temensis_737           61.21%    failed      2.92%
 306  Cichla_temensis_960           61.21%    failed      3.57%
 307  Cichla_temensis_BM11           3.27%    failed      3.51%
 308  Cichla_temensis_BM12           3.27%    failed      2.97%
 309  Cichla_temensis_CT07_5        62.70%    passed     12.95%
 310  Cichla_temensis_CT78          63.49%    passed      9.48%
 311  Cichla_temensis_CT84          63.49%    passed      9.91%
 312  Cichla_temensis_Ne07           3.63%    failed      2.65%
 313  Cichla_temensis_Ne09          61.21%    passed      7.75%
 314  Cichla_temensis_Ne125         65.34%    failed      2.68%
 315  Cichla_temensis_Ne128          7.19%    passed      5.65%
 316  Cichla_temensis_Ne181         61.21%    passed      6.83%
 317  Cichla_temensis_Ne37          61.21%    passed      5.53%
 318  Cichla_temensis_T19           61.21%    passed      8.25%
 319  Cichla_temensis_T2_1          65.34%    failed      2.62%
 320  Cichla_temensis_UnePR30       65.34%    failed      4.72%
 321  Cichla_thyrorus_Trom1          5.27%    failed      1.99%
 322  Cichla_vazzoleri_B501          8.47%    passed      5.29%
 323  Cichla_vazzoleri_B504          7.47%    passed      7.56%
 324  Cichla_vazzoleri_B505          7.76%    passed      8.82%
WARNING: 203 sequences contain more than 50% gaps/ambiguity
****  TOTAL                         42.11%  167 sequences failed composition chi2 test (p-value<5%; df=3)
Checking for duplicate sequences: done in 0.00189388 secs using 100.2% CPU


Create initial parsimony tree by phylogenetic likelihood library (PLL)... 0.096 seconds
Perform fast likelihood tree search using GTR+I+G model...
Estimate model parameters (epsilon = 5.000)
Perform nearest neighbor interchange...
Estimate model parameters (epsilon = 1.000)
1. Initial log-likelihood: -9566.136
2. Current log-likelihood: -9564.761
3. Current log-likelihood: -9563.758
Optimal log-likelihood: -9562.699
Rate parameters:  A-C: 1.35860  A-G: 19.83414  A-T: 2.06340  C-G: 1.89945  C-T: 19.73238  G-T: 1.00000
Base frequencies:  A: 0.322  C: 0.253  G: 0.135  T: 0.291
Proportion of invariable sites: 0.433
Gamma shape alpha: 0.422
Parameters optimization took 3 rounds (1.495 sec)
Time for fast ML tree search: 6.287 seconds

NOTE: ModelFinder requires 56 MB RAM!
ModelFinder will test up to 968 DNA models (sample size: 1405 epsilon: 0.100) ...
 No. Model         -LnL         df  AIC          AICc         BIC
  1  JC            11355.073    645 24000.145    25098.090    27384.972
  2  JC+I          10601.644    646 22495.288    23598.091    25885.362
  3  JC+G4         10475.550    646 22243.101    23345.903    25633.175
  4  JC+I+G4       10417.615    647 22129.230    23236.908    25524.552
  5  JC+R2         10452.640    647 22199.281    23306.958    25594.603
  6  JC+R3         10389.955    649 22077.910    23195.394    25483.728
  7  JC+R4         10387.501    651 22077.002    23204.365    25493.315
 14  JC+I+R2       10405.112    648 22106.224    23218.796    25506.794
 15  JC+I+R3       10385.674    650 22071.348    23193.762    25482.414
 16  JC+I+R4       10385.753    652 22075.506    23207.836    25497.067
 28  JC+R3         10389.955    649 22077.910    23195.394    25483.728
 37  JC+I+R3       10385.674    650 22071.348    23193.762    25482.414
 50  F81+R3        10389.778    649 22077.555    23195.039    25483.372
 59  F81+I+R3      10385.656    650 22071.312    23193.726    25482.377
 72  F81+F+R3      10316.875    652 21937.750    23070.079    25359.310
 81  F81+F+I+R3    10311.963    653 21929.927    23067.242    25356.735
 94  K2P+R3        9655.245     650 20610.490    21732.904    24021.556
103  K2P+I+R3      9650.933     651 20603.865    21731.228    24020.178
116  K2P+R3        9655.245     650 20610.490    21732.904    24021.556
125  K2P+I+R3      9650.933     651 20603.865    21731.228    24020.178
138  HKY+R3        9655.246     650 20610.492    21732.906    24021.558
147  HKY+I+R3      9650.931     651 20603.861    21731.224    24020.174
160  HKY+F+R3      9538.224     653 20382.449    21519.764    23809.257
169  HKY+F+I+R3    9531.048     654 20370.095    21512.415    23802.151
182  TNe+R3        9651.013     651 20604.026    21731.388    24020.339
191  TNe+I+R3      9646.459     652 20596.918    21729.248    24018.479
204  TNe+R3        9651.013     651 20604.026    21731.388    24020.339
213  TNe+I+R3      9646.459     652 20596.918    21729.248    24018.479
226  TN+R3         9651.010     651 20604.020    21731.382    24020.333
235  TN+I+R3       9646.432     652 20596.864    21729.193    24018.424
248  TN+F+R3       9536.227     654 20380.454    21522.774    23812.510
257  TN+F+I+R3     9529.290     655 20368.580    21515.923    23805.884
270  K3P+R3        9647.717     651 20597.433    21724.796    24013.746
279  K3P+I+R3      9643.303     652 20590.606    21722.936    24012.167
292  K3P+R3        9647.717     651 20597.433    21724.796    24013.746
301  K3P+I+R3      9643.303     652 20590.606    21722.936    24012.167
314  K3Pu+R3       9647.712     651 20597.424    21724.786    24013.737
323  K3Pu+I+R3     9643.299     652 20590.598    21722.928    24012.159
336  K3Pu+F+R3     9532.916     654 20373.832    21516.152    23805.889
345  K3Pu+F+I+R3   9525.965     655 20361.929    21509.272    23799.233
358  TPM2+R3       9636.939     651 20575.878    21703.241    23992.191
367  TPM2+I+R3     9632.995     652 20569.990    21702.320    23991.551
380  TPM2+R3       9636.939     651 20575.878    21703.241    23992.191
389  TPM2+I+R3     9632.995     652 20569.990    21702.320    23991.551
402  TPM2u+R3      9636.937     651 20575.875    21703.237    23992.188
411  TPM2u+I+R3    9632.990     652 20569.981    21702.311    23991.542
424  TPM2u+F+R3    9537.404     654 20382.808    21525.128    23814.864
433  TPM2u+F+I+R3  9530.311     655 20370.622    21517.965    23807.926
446  TPM3+R3       9653.808     651 20609.615    21736.978    24025.928
455  TPM3+I+R3     9649.630     652 20603.260    21735.590    24024.821
468  TPM3+R3       9653.808     651 20609.615    21736.978    24025.928
477  TPM3+I+R3     9649.630     652 20603.260    21735.590    24024.821
490  TPM3u+R3      9653.806     651 20609.611    21736.974    24025.924
499  TPM3u+I+R3    9649.630     652 20603.259    21735.589    24024.820
512  TPM3u+F+R3    9537.941     654 20383.882    21526.202    23815.939
521  TPM3u+F+I+R3  9530.796     655 20371.592    21518.936    23808.897
534  TIMe+R3       9643.272     652 20590.544    21722.874    24012.105
543  TIMe+I+R3     9638.653     653 20583.307    21720.622    24010.115
556  TIMe+R3       9643.272     652 20590.544    21722.874    24012.105
565  TIMe+I+R3     9638.653     653 20583.307    21720.622    24010.115
578  TIM+R3        9643.270     652 20590.541    21722.871    24012.102
587  TIM+I+R3      9638.651     653 20583.301    21720.617    24010.110
600  TIM+F+R3      9530.986     655 20371.972    21519.315    23809.276
609  TIM+F+I+R3    9524.262     656 20360.524    21512.909    23803.076
622  TIM2e+R3      9633.183     652 20570.367    21702.697    23991.928
631  TIM2e+I+R3    9628.939     653 20563.878    21701.193    23990.686
644  TIM2e+R3      9633.183     652 20570.367    21702.697    23991.928
653  TIM2e+I+R3    9628.939     653 20563.878    21701.193    23990.686
666  TIM2+R3       9633.182     652 20570.363    21702.693    23991.924
675  TIM2+I+R3     9628.926     653 20563.851    21701.167    23990.660
688  TIM2+F+R3     9535.339     655 20380.679    21528.022    23817.983
697  TIM2+F+I+R3   9528.590     656 20369.180    21521.565    23811.732
710  TIM3e+R3      9649.443     652 20602.887    21735.217    24024.447
719  TIM3e+I+R3    9645.116     653 20596.233    21733.548    24023.041
732  TIM3e+R3      9649.443     652 20602.887    21735.217    24024.447
741  TIM3e+I+R3    9645.116     653 20596.233    21733.548    24023.041
754  TIM3+R3       9649.445     652 20602.889    21735.219    24024.450
763  TIM3+I+R3     9645.081     653 20596.162    21733.478    24022.971
776  TIM3+F+R3     9535.746     655 20381.491    21528.835    23818.796
785  TIM3+F+I+R3   9528.908     656 20369.815    21522.200    23812.367
798  TVMe+R3       9630.426     653 20566.853    21704.169    23993.662
807  TVMe+I+R3     9626.629     654 20561.258    21703.578    23993.314
820  TVMe+R3       9630.426     653 20566.853    21704.169    23993.662
829  TVMe+I+R3     9626.629     654 20561.258    21703.578    23993.314
842  TVM+R3        9630.428     653 20566.856    21704.172    23993.665
851  TVM+I+R3      9626.581     654 20561.162    21703.482    23993.218
864  TVM+F+R3      9531.996     656 20375.991    21528.376    23818.543
873  TVM+F+I+R3    9525.159     657 20364.317    21521.763    23812.117
886  SYM+R3        9626.441     654 20560.881    21703.201    23992.938
895  SYM+I+R3      9622.313     655 20554.627    21701.970    23991.931
908  SYM+R3        9626.441     654 20560.881    21703.201    23992.938
917  SYM+I+R3      9622.313     655 20554.627    21701.970    23991.931
930  GTR+R3        9626.432     654 20560.865    21703.185    23992.921
939  GTR+I+R3      9622.298     655 20554.596    21701.939    23991.900
952  GTR+F+R3      9530.121     657 20374.242    21531.688    23822.042
961  GTR+F+I+R3    9523.553     658 20363.107    21525.632    23816.154
Akaike Information Criterion:           TIM+F+I+R3
Corrected Akaike Information Criterion: K3Pu+F+I+R3
Bayesian Information Criterion:         K3Pu+F+I+R3
Best-fit model: K3Pu+F+I+R3 chosen according to BIC

All model information printed to data_training/dna_M12388_324_1405.phy/output_files/iqtree/inference/pars_1.model.gz
CPU time for ModelFinder: 175.025 seconds (0h:2m:55s)
Wall-clock time for ModelFinder: 175.941 seconds (0h:2m:55s)

NOTE: 17 MB RAM (0 GB) is required!
Estimate model parameters (epsilon = 0.010)
1. Initial log-likelihood: -9526.173
2. Current log-likelihood: -9525.912
3. Current log-likelihood: -9525.900
Optimal log-likelihood: -9525.896
Rate parameters:  A-C: 1.00000  A-G: 16.55378  A-T: 1.70024  C-G: 1.70024  C-T: 16.55378  G-T: 1.00000
Base frequencies:  A: 0.322  C: 0.253  G: 0.135  T: 0.291
Proportion of invariable sites: 0.558
Site proportion and rates:  (0.294,0.693) (0.117,3.864) (0.030,11.459)
Parameters optimization took 3 rounds (1.130 sec)
Wrote distance file to... 
BEST SCORE FOUND : -9525.896
Total tree length: 1.296

Total number of iterations: 0
CPU time used for tree search: 0.000 sec (0h:0m:0s)
Wall-clock time used for tree search: 0.000 sec (0h:0m:0s)
Total CPU time used: 176.187 sec (0h:2m:56s)
Total wall-clock time used: 177.102 sec (0h:2m:57s)

Analysis results written to: 
  IQ-TREE report:                data_training/dna_M12388_324_1405.phy/output_files/iqtree/inference/pars_1.iqtree
  Maximum-likelihood tree:       data_training/dna_M12388_324_1405.phy/output_files/iqtree/inference/pars_1.treefile
  Screen log file:               data_training/dna_M12388_324_1405.phy/output_files/iqtree/inference/pars_1.log

Date and Time: Thu Sep 25 16:31:33 2025
