IQ-TREE version 3.0.1 for Linux x86 64-bit built Sep 12 2025
Developed by Bui Quang Minh, Thomas Wong, Nhan Ly-Trong, Huaiyan Ren
Contributed by Lam-Tung Nguyen, Dominik Schrempf, Chris Bielow,
Olga Chernomor, Michael Woodhams, Diep Thi Hoang, Heiko Schmidt

Host:    vanvan-Latitude-9520 (AVX512, FMA3, 31 GB RAM)
Command: /usr/local/bin/iqtree3 -s /home/vanvan/Downloads/data_treebase/DIU_TRAINING_DATA/data1/prot_M1118_137_348.phy -m LG+G4+FO -pre training_data/prot_M1118_137_348.phy/output_files/iqtree/significance -z training_data/prot_M1118_137_348.phy/output_files/iqtree/filteredEvalTrees.trees -te training_data/prot_M1118_137_348.phy/output_files/iqtree/evaluation/BestEvalTree.tree -n 0 -zb 10000 -zw -au -nt 1 -seed 0
Seed:    0 (Using SPRNG - Scalable Parallel Random Number Generator)
Time:    Fri Sep 19 06:15:59 2025
Kernel:  AVX+FMA - 1 threads (8 CPU cores detected)

HINT: Use -nt option to specify number of threads because your CPU has 8 cores!
HINT: -nt AUTO will automatically determine the best number of threads to use.

Reading alignment file /home/vanvan/Downloads/data_treebase/DIU_TRAINING_DATA/data1/prot_M1118_137_348.phy ... Phylip format detected
Alignment most likely contains protein sequences
Constructing alignment: done in 0.000632674 secs using 66.54% CPU
Alignment has 137 sequences with 348 columns, 347 distinct patterns
234 parsimony-informative, 54 singleton sites, 60 constant sites
                                       Gap/Ambiguity  Composition  p-value
Analyzing sequences: done in 0.000104627 secs using 99.4% CPU
   1  Acorus_americanus_1                     66.67%    passed     89.27%
   2  Acorus_americanus_2                     75.57%    passed     48.49%
   3  Acorus_americanus_3                      5.17%    passed     99.98%
   4  Amborella_trichopoda_1                  35.92%    passed     99.99%
   5  Amborella_trichopoda_2                   9.20%    passed    100.00%
   6  Arabidopsis_thaliana_AtSK11              5.17%    passed     99.98%
   7  Arabidopsis_thaliana_AtSK12              5.17%    passed     99.86%
   8  Arabidopsis_thaliana_AtSK13              5.17%    passed    100.00%
   9  Arabidopsis_thaliana_AtSK21              5.46%    passed    100.00%
  10  Arabidopsis_thaliana_AtSK22              5.46%    passed     99.95%
  11  Arabidopsis_thaliana_AtSK23              5.46%    passed     99.98%
  12  Arabidopsis_thaliana_AtSK31              5.17%    passed     99.79%
  13  Arabidopsis_thaliana_AtSK32              6.03%    passed     99.92%
  14  Arabidopsis_thaliana_AtSK41              5.17%    passed    100.00%
  15  Arabidopsis_thaliana_AtSK42              5.17%    passed     99.94%
  16  Beta_vulgaris_1                         43.97%    passed     99.17%
  17  Beta_vulgaris_2                         73.28%    passed     91.77%
  18  Brassica_napus                           6.03%    passed     99.89%
  19  Caenorhabditis_briggsae                  6.90%    passed     67.49%
  20  Caenorhabditis_elegans                   6.03%    passed     81.47%
  21  Ceratopteris_richardii                  68.97%    passed     35.29%
  22  Chlamydomonas_reinhardtii               14.66%    passed     97.99%
  23  Cicer_arietinum                         12.07%    passed     99.99%
  24  Ciona_intestinalis                       5.46%    passed     65.29%
  25  Citrus_sinensis                         23.28%    passed     99.91%
  26  Colletotrichum_gloeosporioides           7.76%    passed     86.58%
  27  Cucumis_sativus_1                       61.78%    passed     82.06%
  28  Cucumis_sativus_2                       79.31%    passed     93.06%
  29  Danio_rerio_DrGSK3                       5.46%    passed     97.30%
  30  Danio_rerio_DrGSK3alpha                  5.46%    passed     95.57%
  31  Dictyostelium_discoideum                 5.75%    passed     30.37%
  32  Drosophila_melanogaster_DmCG2621         5.17%    passed     99.90%
  33  Drosophila_melanogaster_SGG              5.17%    passed     99.79%
  34  Eschscholzia_californica_1              49.14%    passed     98.66%
  35  Eschscholzia_californica_2              52.87%    passed     90.23%
  36  Eschscholzia_californica_3              58.05%    passed     82.46%
  37  Eschscholzia_californica_4              52.01%    passed     84.78%
  38  Glycine_max_1                            5.17%    passed     99.97%
  39  Glycine_max_2                           21.55%    passed     99.97%
  40  Gossypium_arboretum                     74.43%    failed      3.10%
  41  Gossypium_hirsutum                      73.28%    passed     94.76%
  42  Guillardia_theta                         5.46%    passed     47.60%
  43  Homo_sapiens_HsGSK3A                     5.46%    passed     96.04%
  44  Homo_sapiens_HsGSK3B                     5.46%    passed     93.38%
  45  Hordeum_vulgare_1                       47.13%    passed     94.72%
  46  Hordeum_vulgare_2                        5.17%    passed     99.99%
  47  Hordeum_vulgare_3                       64.66%    passed     52.57%
  48  Hordeum_vulgare_4                       44.83%    passed     99.92%
  49  Hydra_vulgaris                           5.17%    passed     93.58%
  50  Liriodendron_tulipifera                 45.69%    passed     99.95%
  51  Lotus_japonicus                         77.59%    passed     98.85%
  52  Lycopersicon_esculentum_1                5.17%    passed     99.85%
  53  Lycopersicon_esculentum_2                5.46%    passed    100.00%
  54  Lycopersicon_esculentum_3               62.07%    passed     59.60%
  55  Lycopersicon_esculentum_4               53.74%    passed     98.24%
  56  Medicago_sativa_MSK1                     5.17%    passed     99.90%
  57  Medicago_sativa_MSK2                     5.17%    passed    100.00%
  58  Medicago_sativa_MSK3                     5.17%    passed    100.00%
  59  Medicago_sativa_MsGSK1                   5.17%    passed     99.99%
  60  Medicago_sativa_MsGSK2                   5.17%    passed     99.58%
  61  Medicago_truncatula_1                   23.28%    passed     99.79%
  62  Medicago_truncatula_2                    5.17%    passed     99.94%
  63  Medicago_truncatula_3                    5.17%    passed    100.00%
  64  Medicago_truncatula_4                   14.94%    passed    100.00%
  65  Medicago_truncatula_5                   55.17%    passed     84.63%
  66  Medicago_truncatula_6                   36.49%    passed     98.01%
  67  Mesembryanthemum_crystallinum_1         37.36%    passed     90.92%
  68  Mesembryanthemum_crystallinum_2         37.93%    passed     95.37%
  69  Mus_musculus                             5.46%    passed     94.15%
  70  Neurospora_crassa                        4.02%    passed     97.33%
  71  Nicotiana_tabacum_NSK1                   5.17%    passed     99.93%
  72  Nicotiana_tabacum_NSK111                 5.17%    passed     97.41%
  73  Nicotiana_tabacum_NSK59                  5.17%    passed     99.72%
  74  Nicotiana_tabacum_NSK6                   5.17%    passed     99.37%
  75  Nicotiana_tabacum_NSK91                  5.17%    passed     99.91%
  76  Nuphar_advena_1                         58.05%    passed     74.84%
  77  Nuphar_advena_2                         38.22%    passed     82.84%
  78  Nuphar_advena_3                         51.44%    passed     89.59%
  79  Nuphar_advena_4                         52.87%    passed     79.90%
  80  Nuphar_advena_5                         52.87%    passed     81.04%
  81  Oryza_sativa_Os01g10840                  5.46%    passed     99.99%
  82  Oryza_sativa_Os01g14860                  5.17%    passed    100.00%
  83  Oryza_sativa_Os01g19150                  5.17%    passed     99.95%
  84  Oryza_sativa_Os02g14130                  5.75%    passed     99.98%
  85  Oryza_sativa_Os03g62500                  5.17%    passed     99.92%
  86  Oryza_sativa_Os05g04340                  5.17%    passed     99.99%
  87  Oryza_sativa_Os05g11730                  5.46%    passed     99.94%
  88  Oryza_sativa_Os06g35530                  5.46%    passed     99.99%
  89  Oryza_sativa_Os10g37740                  5.17%    passed    100.00%
  90  Paracentrotus_lividus                    5.46%    passed     99.22%
  91  Persea_americana_1                      56.32%    passed     83.35%
  92  Persea_americana_2                      45.11%    passed     99.62%
  93  Persea_americana_3                      38.51%    passed     94.97%
  94  Persea_americana_4                      74.71%    passed     53.33%
  95  Persea_americana_5                      47.99%    passed     94.36%
  96  Petunia_hybrida_PSK4                     5.46%    passed    100.00%
  97  Petunia_hybrida_PSK61                    5.17%    passed     98.38%
  98  Petunia_hybrida_PSK62                    5.17%    passed     98.39%
  99  Petunia_hybrida_PSK7                     5.17%    passed     98.06%
 100  Physcomitrella_patens_1                  5.17%    passed    100.00%
 101  Physcomitrella_patens_2                  5.17%    passed    100.00%
 102  Physcomitrella_patens_3                  5.17%    passed    100.00%
 103  Physcomitrella_patens_4                  5.17%    passed    100.00%
 104  Physcomitrella_patens_5                  5.46%    passed    100.00%
 105  Pinus_taeda_1                           55.17%    passed     86.21%
 106  Pinus_taeda_2                           81.61%    passed     92.80%
 107  Pinus_taeda_3                           59.48%    passed     45.34%
 108  Pinus_taeda_4                           75.00%    passed     90.78%
 109  Plasmodium_falciparum                    5.17%    failed      3.12%
 110  Plasmodium_yoelii                        5.17%    passed      6.08%
 111  Populus_tremula_x_Populus_tremuloides   52.87%    passed     98.89%
 112  Porphyra_yezoensis                      11.78%    passed     96.76%
 113  Rattus_norvegicus_RnGSK3A                5.46%    passed     86.17%
 114  Rattus_norvegicus_RnGSK3B                5.46%    passed     96.32%
 115  Ricinus_communis_RSKdzeta               23.85%    passed     99.95%
 116  Secale_cereale                          55.46%    passed     95.89%
 117  Solanum_tuberosum_1                     66.67%    passed     88.19%
 118  Solanum_tuberosum_2                      5.17%    passed     99.92%
 119  Solanum_tuberosum_3                     73.85%    passed     75.38%
 120  Sorghum_bicolor_1                        5.17%    passed     99.98%
 121  Sorghum_bicolor_2                       37.64%    passed     99.47%
 122  Sorghum_bicolor_3                       63.51%    passed     87.84%
 123  Sorghum_bicolor_4                       50.86%    passed     90.23%
 124  Sorghum_propinquum                      75.86%    passed     10.56%
 125  Trifolium_repens                         5.17%    passed     99.95%
 126  Triticum_aestivum_1                     38.79%    passed     98.88%
 127  Triticum_aestivum_2                     41.67%    passed     97.47%
 128  Triticum_aestivum_3                      5.46%    passed    100.00%
 129  Triticum_aestivum_4                     43.39%    passed     63.72%
 130  Triticum_aestivum_5                     39.37%    passed     99.60%
 131  Triticum_aestivum_TaGSK                  5.17%    passed    100.00%
 132  Welwitschia_mirabilis                   47.99%    passed     94.37%
 133  Xenopus_laevis                           5.46%    passed     93.15%
 134  Zamia_fischeri                          53.45%    passed     62.78%
 135  Zea_mays_1                              32.18%    passed     99.97%
 136  Zea_mays_2                              30.46%    passed     98.01%
 137  Zea_mays_3                              45.40%    passed     86.40%
WARNING: 34 sequences contain more than 50% gaps/ambiguity
****  TOTAL                                   26.31%  2 sequences failed composition chi2 test (p-value<5%; df=19)
Checking for duplicate sequences: done in 0.000283974 secs using 100% CPU
Reading input tree file training_data/prot_M1118_137_348.phy/output_files/iqtree/evaluation/BestEvalTree.tree ...

NOTE: 31 MB RAM (0 GB) is required!
Estimate model parameters (epsilon = 0.010)
1. Initial log-likelihood: -12855.979
2. Current log-likelihood: -12758.659
3. Current log-likelihood: -12756.334
4. Current log-likelihood: -12756.248
Optimal log-likelihood: -12756.236
Gamma shape alpha: 0.705
Parameters optimization took 4 rounds (46.003 sec)
Wrote distance file to... 
BEST SCORE FOUND : -12756.236
Total tree length: 14.114

Total number of iterations: 0
CPU time used for tree search: 0.000 sec (0h:0m:0s)
Wall-clock time used for tree search: 0.000 sec (0h:0m:0s)
Total CPU time used: 45.987 sec (0h:0m:45s)
Total wall-clock time used: 46.014 sec (0h:0m:46s)
Reading trees in training_data/prot_M1118_137_348.phy/output_files/iqtree/filteredEvalTrees.trees ...

40 trees detected
Note: 16.566 MB of RAM required!
Creating 10000 bootstrap replicates...
done
Tree 1 / LogL: -12710.150
Tree 2 / LogL: -12713.069
Tree 3 / LogL: -12935.300
Tree 4 / LogL: -12748.590
Tree 5 / LogL: -12726.178
Tree 6 / LogL: -12756.233
Tree 7 / LogL: -12715.484
Tree 8 / LogL: -12716.008
Tree 9 / LogL: -12702.666
Tree 10 / LogL: -12737.741
Tree 11 / LogL: -12713.964
Tree 12 / LogL: -12750.709
Tree 13 / LogL: -12744.098
Tree 14 / LogL: -12704.184
Tree 15 / LogL: -12832.334
Tree 16 / LogL: -12742.026
Tree 17 / LogL: -12792.327
Tree 18 / LogL: -12862.240
Tree 19 / LogL: -12745.706
Tree 20 / LogL: -12771.933
Tree 21 / LogL: -13839.372
Tree 22 / LogL: -13778.002
Tree 23 / LogL: -13789.685
Tree 24 / LogL: -13220.654
Tree 25 / LogL: -13659.340
Tree 26 / LogL: -13226.577
Tree 27 / LogL: -13222.838
Tree 28 / LogL: -13217.147
Tree 29 / LogL: -13232.278
Tree 30 / LogL: -13146.863
Tree 31 / LogL: -13135.883
Tree 32 / LogL: -13140.448
Tree 33 / LogL: -13137.836
Tree 34 / LogL: -13136.443
Tree 35 / LogL: -13141.009
Tree 36 / LogL: -13139.552
Tree 37 / LogL: -13136.423
Tree 38 / LogL: -13136.192
Tree 39 / LogL: -13136.023
Tree 40 / LogL: -13134.374
Performing RELL-BP test...
Performing KH and SH test...
Computing pairwise logl difference variance ...
Performing WKH and WSH test...
Performing ELW test...
Performing approximately unbiased (AU) test...
30 MB required for AU test
Generating 10 x 10000 multiscale bootstrap replicates... 0.782 seconds
TreeID	AU	RSS	d	c
1	0.523	16.465	0.419	0.476
2	0.377	21.397	0.814	0.502 !!!
3	0.000	0.394	13.853	-4.655
4	0.028	15.656	2.394	0.487
5	0.260	6.599	0.967	0.322
6	0.007	6.625	2.977	0.509
7	0.344	6.388	1.040	0.638
8	0.353	8.585	0.919	0.541
9	0.737	12.792	0.045	0.681
10	0.040	4.760	2.233	0.486
11	0.380	5.475	0.834	0.527
12	0.013	6.948	2.684	0.464
13	0.035	20.020	2.275	0.469
14	0.700	11.212	0.227	0.752
15	0.000	1.158	4.309	0.442
16	0.096	5.173	1.749	0.442
17	0.000	0.361	5.159	0.042
18	0.000	3.482	3.832	0.215
19	0.043	7.966	2.107	0.386
20	0.003	4.654	3.296	0.553
21	0.000	0.000	11.652	-3.150
22	0.000	3.007	4.045	0.252
23	0.000	7.892	3.959	0.158
24	0.000	2.704	4.762	0.050
25	0.000	3.665	3.731	0.422
26	0.052	0.040	3.391	1.769
27	0.000	0.576	3.905	0.496
28	0.000	0.174	12.166	-3.707
29	0.000	0.034	15.087	-4.970
30	0.000	0.000	14.600	-4.975
31	0.000	0.486	11.754	-3.500
32	0.000	0.000	11.646	-3.354
33	0.000	0.540	11.327	-3.279
34	0.000	0.000	13.574	-4.331
35	0.000	0.000	11.546	-3.353
36	0.000	0.000	13.399	-4.211
37	0.000	0.000	11.050	-3.059
38	0.000	0.000	11.387	-3.252
39	0.000	0.383	11.292	-3.200
40	0.000	0.169	12.592	-3.796
Time for AU test: 0.784 seconds
Time for evaluating all trees: 17.302 sec.

Analysis results written to: 
  IQ-TREE report:                training_data/prot_M1118_137_348.phy/output_files/iqtree/significance.iqtree
  Maximum-likelihood tree:       training_data/prot_M1118_137_348.phy/output_files/iqtree/significance.treefile
  Evaluated user trees:          training_data/prot_M1118_137_348.phy/output_files/iqtree/significance.trees
  Screen log file:               training_data/prot_M1118_137_348.phy/output_files/iqtree/significance.log

Date and Time: Fri Sep 19 06:17:03 2025
