
RAxML-NG v. 1.1.0-master released on 04.08.2022 by The Exelixis Lab.
Developed by: Alexey M. Kozlov and Alexandros Stamatakis.
Contributors: Diego Darriba, Tomas Flouri, Benoit Morel, Sarah Lutteropp, Ben Bettisworth.
Latest version: https://github.com/amkozlov/raxml-ng
Questions/problems/suggestions? Please visit: https://groups.google.com/forum/#!forum/raxml

System: Intel(R) Xeon(R) Gold 6132 CPU @ 2.60GHz, 28 cores, 125 GB RAM

RAxML-NG was called at 12-Oct-2025 21:06:46 as follows:

/datausers/ioit/thaontp/tranthanhvan235/raxml-ng/build/bin/raxml-ng --start --msa /datausers/ioit/thaontp/tranthanhvan235/data_treebase/remainMSAs/dna_M7964_640_25260.phy --tree pars{1} --prefix training_data/dna_M7964_640_25260.phy/output_files/parsimony/seed_1 --model GTR+G --seed 1

Analysis options:
  run mode: Starting tree generation
  start tree(s): parsimony (1)
  random seed: 1
  SIMD kernels: AVX2
  parallelization: coarse-grained (auto), PTHREADS (auto)

[00:00:00] Reading alignment from file: /datausers/ioit/thaontp/tranthanhvan235/data_treebase/remainMSAs/dna_M7964_640_25260.phy
[00:00:00] Loaded alignment with 640 taxa and 25260 sites

Alignment comprises 1 partitions and 21291 patterns

Partition 0: noname
Model: GTR+FO+G4m
Alignment sites / patterns: 25260 / 21291
Gaps: 41.41 %
Invariant sites: 25.71 %


NOTE: Binary MSA file created: training_data/dna_M7964_640_25260.phy/output_files/parsimony/seed_1.raxml.rba

[00:00:01] Generating 1 parsimony starting tree(s) with 640 taxa
Parsimony score: 259126

All starting trees saved to: /datausers/ioit/thaontp/minhminh/difficulty-prediction-training-data/training_data/dna_M7964_640_25260.phy/output_files/parsimony/seed_1.raxml.startTree


Execution log saved to: /datausers/ioit/thaontp/minhminh/difficulty-prediction-training-data/training_data/dna_M7964_640_25260.phy/output_files/parsimony/seed_1.raxml.log

Analysis started: 12-Oct-2025 21:06:46 / finished: 12-Oct-2025 21:06:53

Elapsed time: 6.868 seconds

Consumed energy: 0.497 Wh


RAxML-NG v. 1.1.0-master released on 04.08.2022 by The Exelixis Lab.
Developed by: Alexey M. Kozlov and Alexandros Stamatakis.
Contributors: Diego Darriba, Tomas Flouri, Benoit Morel, Sarah Lutteropp, Ben Bettisworth.
Latest version: https://github.com/amkozlov/raxml-ng
Questions/problems/suggestions? Please visit: https://groups.google.com/forum/#!forum/raxml

System: Intel(R) Xeon(R) Gold 6132 CPU @ 2.60GHz, 28 cores, 125 GB RAM

RAxML-NG was called at 08-Oct-2025 09:42:10 as follows:

/datausers/ioit/thaontp/tranthanhvan235/raxml-ng/build/bin/raxml-ng --start --msa /datausers/ioit/thaontp/tranthanhvan235/data_treebase/remainMSAs/dna_M7964_640_25260.phy --tree pars{1} --prefix training_data/dna_M7964_640_25260.phy/output_files/parsimony/seed_2 --model GTR+G --seed 2

Analysis options:
  run mode: Starting tree generation
  start tree(s): parsimony (1)
  random seed: 2
  SIMD kernels: AVX2
  parallelization: coarse-grained (auto), PTHREADS (auto)

[00:00:00] Reading alignment from file: /datausers/ioit/thaontp/tranthanhvan235/data_treebase/remainMSAs/dna_M7964_640_25260.phy
[00:00:00] Loaded alignment with 640 taxa and 25260 sites

Alignment comprises 1 partitions and 21291 patterns

Partition 0: noname
Model: GTR+FO+G4m
Alignment sites / patterns: 25260 / 21291
Gaps: 41.41 %
Invariant sites: 25.71 %


NOTE: Binary MSA file created: training_data/dna_M7964_640_25260.phy/output_files/parsimony/seed_2.raxml.rba

[00:00:00] Generating 1 parsimony starting tree(s) with 640 taxa
Parsimony score: 258667

All starting trees saved to: /datausers/ioit/thaontp/minhminh/difficulty-prediction-training-data/training_data/dna_M7964_640_25260.phy/output_files/parsimony/seed_2.raxml.startTree


Execution log saved to: /datausers/ioit/thaontp/minhminh/difficulty-prediction-training-data/training_data/dna_M7964_640_25260.phy/output_files/parsimony/seed_2.raxml.log

Analysis started: 08-Oct-2025 09:42:10 / finished: 08-Oct-2025 09:42:17

Elapsed time: 6.946 seconds

Consumed energy: 0.520 Wh


RAxML-NG v. 1.1.0-master released on 04.08.2022 by The Exelixis Lab.
Developed by: Alexey M. Kozlov and Alexandros Stamatakis.
Contributors: Diego Darriba, Tomas Flouri, Benoit Morel, Sarah Lutteropp, Ben Bettisworth.
Latest version: https://github.com/amkozlov/raxml-ng
Questions/problems/suggestions? Please visit: https://groups.google.com/forum/#!forum/raxml

System: Intel(R) Xeon(R) Gold 6132 CPU @ 2.60GHz, 28 cores, 125 GB RAM

RAxML-NG was called at 07-Oct-2025 18:24:57 as follows:

/datausers/ioit/thaontp/tranthanhvan235/raxml-ng/build/bin/raxml-ng --start --msa /datausers/ioit/thaontp/tranthanhvan235/data_treebase/remainMSAs/dna_M7964_640_25260.phy --tree pars{1} --prefix training_data/dna_M7964_640_25260.phy/output_files/parsimony/seed_3 --model GTR+G --seed 3

Analysis options:
  run mode: Starting tree generation
  start tree(s): parsimony (1)
  random seed: 3
  SIMD kernels: AVX2
  parallelization: coarse-grained (auto), PTHREADS (auto)

[00:00:00] Reading alignment from file: /datausers/ioit/thaontp/tranthanhvan235/data_treebase/remainMSAs/dna_M7964_640_25260.phy
[00:00:00] Loaded alignment with 640 taxa and 25260 sites

Alignment comprises 1 partitions and 21291 patterns

Partition 0: noname
Model: GTR+FO+G4m
Alignment sites / patterns: 25260 / 21291
Gaps: 41.41 %
Invariant sites: 25.71 %


NOTE: Binary MSA file created: training_data/dna_M7964_640_25260.phy/output_files/parsimony/seed_3.raxml.rba

[00:00:01] Generating 1 parsimony starting tree(s) with 640 taxa
Parsimony score: 259003

All starting trees saved to: /datausers/ioit/thaontp/minhminh/difficulty-prediction-training-data/training_data/dna_M7964_640_25260.phy/output_files/parsimony/seed_3.raxml.startTree


Execution log saved to: /datausers/ioit/thaontp/minhminh/difficulty-prediction-training-data/training_data/dna_M7964_640_25260.phy/output_files/parsimony/seed_3.raxml.log

Analysis started: 07-Oct-2025 18:24:57 / finished: 07-Oct-2025 18:25:03

Elapsed time: 5.437 seconds

Consumed energy: 0.420 Wh


RAxML-NG v. 1.1.0-master released on 04.08.2022 by The Exelixis Lab.
Developed by: Alexey M. Kozlov and Alexandros Stamatakis.
Contributors: Diego Darriba, Tomas Flouri, Benoit Morel, Sarah Lutteropp, Ben Bettisworth.
Latest version: https://github.com/amkozlov/raxml-ng
Questions/problems/suggestions? Please visit: https://groups.google.com/forum/#!forum/raxml

System: Intel(R) Xeon(R) Gold 6132 CPU @ 2.60GHz, 28 cores, 125 GB RAM

RAxML-NG was called at 06-Oct-2025 10:08:19 as follows:

/datausers/ioit/thaontp/tranthanhvan235/raxml-ng/build/bin/raxml-ng --start --msa /datausers/ioit/thaontp/tranthanhvan235/data_treebase/remainMSAs/dna_M7964_640_25260.phy --tree pars{1} --prefix training_data/dna_M7964_640_25260.phy/output_files/parsimony/seed_4 --model GTR+G --seed 4

Analysis options:
  run mode: Starting tree generation
  start tree(s): parsimony (1)
  random seed: 4
  SIMD kernels: AVX2
  parallelization: coarse-grained (auto), PTHREADS (auto)

[00:00:00] Reading alignment from file: /datausers/ioit/thaontp/tranthanhvan235/data_treebase/remainMSAs/dna_M7964_640_25260.phy
[00:00:00] Loaded alignment with 640 taxa and 25260 sites

Alignment comprises 1 partitions and 21291 patterns

Partition 0: noname
Model: GTR+FO+G4m
Alignment sites / patterns: 25260 / 21291
Gaps: 41.41 %
Invariant sites: 25.71 %


NOTE: Binary MSA file created: training_data/dna_M7964_640_25260.phy/output_files/parsimony/seed_4.raxml.rba

[00:00:00] Generating 1 parsimony starting tree(s) with 640 taxa
Parsimony score: 259304

All starting trees saved to: /datausers/ioit/thaontp/minhminh/difficulty-prediction-training-data/training_data/dna_M7964_640_25260.phy/output_files/parsimony/seed_4.raxml.startTree


Execution log saved to: /datausers/ioit/thaontp/minhminh/difficulty-prediction-training-data/training_data/dna_M7964_640_25260.phy/output_files/parsimony/seed_4.raxml.log

Analysis started: 06-Oct-2025 10:08:19 / finished: 06-Oct-2025 10:08:25

Elapsed time: 5.920 seconds

Consumed energy: 0.401 Wh


RAxML-NG v. 1.1.0-master released on 04.08.2022 by The Exelixis Lab.
Developed by: Alexey M. Kozlov and Alexandros Stamatakis.
Contributors: Diego Darriba, Tomas Flouri, Benoit Morel, Sarah Lutteropp, Ben Bettisworth.
Latest version: https://github.com/amkozlov/raxml-ng
Questions/problems/suggestions? Please visit: https://groups.google.com/forum/#!forum/raxml

System: Intel(R) Xeon(R) Gold 6132 CPU @ 2.60GHz, 28 cores, 125 GB RAM

RAxML-NG was called at 09-Oct-2025 22:31:26 as follows:

/datausers/ioit/thaontp/tranthanhvan235/raxml-ng/build/bin/raxml-ng --start --msa /datausers/ioit/thaontp/tranthanhvan235/data_treebase/remainMSAs/dna_M7964_640_25260.phy --tree pars{1} --prefix training_data/dna_M7964_640_25260.phy/output_files/parsimony/seed_5 --model GTR+G --seed 5

Analysis options:
  run mode: Starting tree generation
  start tree(s): parsimony (1)
  random seed: 5
  SIMD kernels: AVX2
  parallelization: coarse-grained (auto), PTHREADS (auto)

[00:00:00] Reading alignment from file: /datausers/ioit/thaontp/tranthanhvan235/data_treebase/remainMSAs/dna_M7964_640_25260.phy
[00:00:00] Loaded alignment with 640 taxa and 25260 sites

Alignment comprises 1 partitions and 21291 patterns

Partition 0: noname
Model: GTR+FO+G4m
Alignment sites / patterns: 25260 / 21291
Gaps: 41.41 %
Invariant sites: 25.71 %


NOTE: Binary MSA file created: training_data/dna_M7964_640_25260.phy/output_files/parsimony/seed_5.raxml.rba

[00:00:01] Generating 1 parsimony starting tree(s) with 640 taxa
Parsimony score: 259167

All starting trees saved to: /datausers/ioit/thaontp/minhminh/difficulty-prediction-training-data/training_data/dna_M7964_640_25260.phy/output_files/parsimony/seed_5.raxml.startTree


Execution log saved to: /datausers/ioit/thaontp/minhminh/difficulty-prediction-training-data/training_data/dna_M7964_640_25260.phy/output_files/parsimony/seed_5.raxml.log

Analysis started: 09-Oct-2025 22:31:26 / finished: 09-Oct-2025 22:31:33

Elapsed time: 7.019 seconds

Consumed energy: 0.516 Wh


RAxML-NG v. 1.1.0-master released on 04.08.2022 by The Exelixis Lab.
Developed by: Alexey M. Kozlov and Alexandros Stamatakis.
Contributors: Diego Darriba, Tomas Flouri, Benoit Morel, Sarah Lutteropp, Ben Bettisworth.
Latest version: https://github.com/amkozlov/raxml-ng
Questions/problems/suggestions? Please visit: https://groups.google.com/forum/#!forum/raxml

System: Intel(R) Xeon(R) Gold 6132 CPU @ 2.60GHz, 28 cores, 125 GB RAM

RAxML-NG was called at 06-Oct-2025 15:48:06 as follows:

/datausers/ioit/thaontp/tranthanhvan235/raxml-ng/build/bin/raxml-ng --start --msa /datausers/ioit/thaontp/tranthanhvan235/data_treebase/remainMSAs/dna_M7964_640_25260.phy --tree pars{1} --prefix training_data/dna_M7964_640_25260.phy/output_files/parsimony/seed_6 --model GTR+G --seed 6

Analysis options:
  run mode: Starting tree generation
  start tree(s): parsimony (1)
  random seed: 6
  SIMD kernels: AVX2
  parallelization: coarse-grained (auto), PTHREADS (auto)

[00:00:00] Reading alignment from file: /datausers/ioit/thaontp/tranthanhvan235/data_treebase/remainMSAs/dna_M7964_640_25260.phy
[00:00:00] Loaded alignment with 640 taxa and 25260 sites

Alignment comprises 1 partitions and 21291 patterns

Partition 0: noname
Model: GTR+FO+G4m
Alignment sites / patterns: 25260 / 21291
Gaps: 41.41 %
Invariant sites: 25.71 %


NOTE: Binary MSA file created: training_data/dna_M7964_640_25260.phy/output_files/parsimony/seed_6.raxml.rba

[00:00:00] Generating 1 parsimony starting tree(s) with 640 taxa
Parsimony score: 259044

All starting trees saved to: /datausers/ioit/thaontp/minhminh/difficulty-prediction-training-data/training_data/dna_M7964_640_25260.phy/output_files/parsimony/seed_6.raxml.startTree


Execution log saved to: /datausers/ioit/thaontp/minhminh/difficulty-prediction-training-data/training_data/dna_M7964_640_25260.phy/output_files/parsimony/seed_6.raxml.log

Analysis started: 06-Oct-2025 15:48:06 / finished: 06-Oct-2025 15:48:13

Elapsed time: 6.731 seconds

Consumed energy: 0.460 Wh


RAxML-NG v. 1.1.0-master released on 04.08.2022 by The Exelixis Lab.
Developed by: Alexey M. Kozlov and Alexandros Stamatakis.
Contributors: Diego Darriba, Tomas Flouri, Benoit Morel, Sarah Lutteropp, Ben Bettisworth.
Latest version: https://github.com/amkozlov/raxml-ng
Questions/problems/suggestions? Please visit: https://groups.google.com/forum/#!forum/raxml

System: Intel(R) Xeon(R) Gold 6132 CPU @ 2.60GHz, 28 cores, 125 GB RAM

RAxML-NG was called at 09-Oct-2025 12:09:15 as follows:

/datausers/ioit/thaontp/tranthanhvan235/raxml-ng/build/bin/raxml-ng --start --msa /datausers/ioit/thaontp/tranthanhvan235/data_treebase/remainMSAs/dna_M7964_640_25260.phy --tree pars{1} --prefix training_data/dna_M7964_640_25260.phy/output_files/parsimony/seed_7 --model GTR+G --seed 7

Analysis options:
  run mode: Starting tree generation
  start tree(s): parsimony (1)
  random seed: 7
  SIMD kernels: AVX2
  parallelization: coarse-grained (auto), PTHREADS (auto)

[00:00:00] Reading alignment from file: /datausers/ioit/thaontp/tranthanhvan235/data_treebase/remainMSAs/dna_M7964_640_25260.phy
[00:00:00] Loaded alignment with 640 taxa and 25260 sites

Alignment comprises 1 partitions and 21291 patterns

Partition 0: noname
Model: GTR+FO+G4m
Alignment sites / patterns: 25260 / 21291
Gaps: 41.41 %
Invariant sites: 25.71 %


NOTE: Binary MSA file created: training_data/dna_M7964_640_25260.phy/output_files/parsimony/seed_7.raxml.rba

[00:00:00] Generating 1 parsimony starting tree(s) with 640 taxa
Parsimony score: 258912

All starting trees saved to: /datausers/ioit/thaontp/minhminh/difficulty-prediction-training-data/training_data/dna_M7964_640_25260.phy/output_files/parsimony/seed_7.raxml.startTree


Execution log saved to: /datausers/ioit/thaontp/minhminh/difficulty-prediction-training-data/training_data/dna_M7964_640_25260.phy/output_files/parsimony/seed_7.raxml.log

Analysis started: 09-Oct-2025 12:09:15 / finished: 09-Oct-2025 12:09:21

Elapsed time: 5.696 seconds

Consumed energy: 0.440 Wh


RAxML-NG v. 1.1.0-master released on 04.08.2022 by The Exelixis Lab.
Developed by: Alexey M. Kozlov and Alexandros Stamatakis.
Contributors: Diego Darriba, Tomas Flouri, Benoit Morel, Sarah Lutteropp, Ben Bettisworth.
Latest version: https://github.com/amkozlov/raxml-ng
Questions/problems/suggestions? Please visit: https://groups.google.com/forum/#!forum/raxml

System: Intel(R) Xeon(R) Gold 6132 CPU @ 2.60GHz, 28 cores, 125 GB RAM

RAxML-NG was called at 06-Oct-2025 01:17:14 as follows:

/datausers/ioit/thaontp/tranthanhvan235/raxml-ng/build/bin/raxml-ng --start --msa /datausers/ioit/thaontp/tranthanhvan235/data_treebase/remainMSAs/dna_M7964_640_25260.phy --tree pars{1} --prefix training_data/dna_M7964_640_25260.phy/output_files/parsimony/seed_8 --model GTR+G --seed 8

Analysis options:
  run mode: Starting tree generation
  start tree(s): parsimony (1)
  random seed: 8
  SIMD kernels: AVX2
  parallelization: coarse-grained (auto), PTHREADS (auto)

[00:00:00] Reading alignment from file: /datausers/ioit/thaontp/tranthanhvan235/data_treebase/remainMSAs/dna_M7964_640_25260.phy
[00:00:00] Loaded alignment with 640 taxa and 25260 sites

Alignment comprises 1 partitions and 21291 patterns

Partition 0: noname
Model: GTR+FO+G4m
Alignment sites / patterns: 25260 / 21291
Gaps: 41.41 %
Invariant sites: 25.71 %


NOTE: Binary MSA file created: training_data/dna_M7964_640_25260.phy/output_files/parsimony/seed_8.raxml.rba

[00:00:00] Generating 1 parsimony starting tree(s) with 640 taxa
Parsimony score: 259089

All starting trees saved to: /datausers/ioit/thaontp/minhminh/difficulty-prediction-training-data/training_data/dna_M7964_640_25260.phy/output_files/parsimony/seed_8.raxml.startTree


Execution log saved to: /datausers/ioit/thaontp/minhminh/difficulty-prediction-training-data/training_data/dna_M7964_640_25260.phy/output_files/parsimony/seed_8.raxml.log

Analysis started: 06-Oct-2025 01:17:14 / finished: 06-Oct-2025 01:17:20

Elapsed time: 5.722 seconds

Consumed energy: 0.412 Wh


RAxML-NG v. 1.1.0-master released on 04.08.2022 by The Exelixis Lab.
Developed by: Alexey M. Kozlov and Alexandros Stamatakis.
Contributors: Diego Darriba, Tomas Flouri, Benoit Morel, Sarah Lutteropp, Ben Bettisworth.
Latest version: https://github.com/amkozlov/raxml-ng
Questions/problems/suggestions? Please visit: https://groups.google.com/forum/#!forum/raxml

System: Intel(R) Xeon(R) Gold 6132 CPU @ 2.60GHz, 28 cores, 125 GB RAM

RAxML-NG was called at 30-Sep-2025 12:54:21 as follows:

/datausers/ioit/thaontp/tranthanhvan235/raxml-ng/build/bin/raxml-ng --start --msa /datausers/ioit/thaontp/tranthanhvan235/data_treebase/remainMSAs/dna_M7964_640_25260.phy --tree pars{1} --prefix training_data/dna_M7964_640_25260.phy/output_files/parsimony/seed_9 --model GTR+G --seed 9

Analysis options:
  run mode: Starting tree generation
  start tree(s): parsimony (1)
  random seed: 9
  SIMD kernels: AVX2
  parallelization: coarse-grained (auto), PTHREADS (auto)

[00:00:00] Reading alignment from file: /datausers/ioit/thaontp/tranthanhvan235/data_treebase/remainMSAs/dna_M7964_640_25260.phy
[00:00:00] Loaded alignment with 640 taxa and 25260 sites

Alignment comprises 1 partitions and 21291 patterns

Partition 0: noname
Model: GTR+FO+G4m
Alignment sites / patterns: 25260 / 21291
Gaps: 41.41 %
Invariant sites: 25.71 %


NOTE: Binary MSA file created: training_data/dna_M7964_640_25260.phy/output_files/parsimony/seed_9.raxml.rba

[00:00:00] Generating 1 parsimony starting tree(s) with 640 taxa
Parsimony score: 258857

All starting trees saved to: /datausers/ioit/thaontp/minhminh/difficulty-prediction-training-data/training_data/dna_M7964_640_25260.phy/output_files/parsimony/seed_9.raxml.startTree


Execution log saved to: /datausers/ioit/thaontp/minhminh/difficulty-prediction-training-data/training_data/dna_M7964_640_25260.phy/output_files/parsimony/seed_9.raxml.log

Analysis started: 30-Sep-2025 12:54:21 / finished: 30-Sep-2025 12:54:26

Elapsed time: 5.703 seconds

Consumed energy: 0.431 Wh


RAxML-NG v. 1.1.0-master released on 04.08.2022 by The Exelixis Lab.
Developed by: Alexey M. Kozlov and Alexandros Stamatakis.
Contributors: Diego Darriba, Tomas Flouri, Benoit Morel, Sarah Lutteropp, Ben Bettisworth.
Latest version: https://github.com/amkozlov/raxml-ng
Questions/problems/suggestions? Please visit: https://groups.google.com/forum/#!forum/raxml

System: Intel(R) Xeon(R) Gold 6132 CPU @ 2.60GHz, 28 cores, 125 GB RAM

RAxML-NG was called at 06-Oct-2025 01:04:42 as follows:

/datausers/ioit/thaontp/tranthanhvan235/raxml-ng/build/bin/raxml-ng --start --msa /datausers/ioit/thaontp/tranthanhvan235/data_treebase/remainMSAs/dna_M7964_640_25260.phy --tree pars{1} --prefix training_data/dna_M7964_640_25260.phy/output_files/parsimony/seed_10 --model GTR+G --seed 10

Analysis options:
  run mode: Starting tree generation
  start tree(s): parsimony (1)
  random seed: 10
  SIMD kernels: AVX2
  parallelization: coarse-grained (auto), PTHREADS (auto)

[00:00:00] Reading alignment from file: /datausers/ioit/thaontp/tranthanhvan235/data_treebase/remainMSAs/dna_M7964_640_25260.phy
[00:00:00] Loaded alignment with 640 taxa and 25260 sites

Alignment comprises 1 partitions and 21291 patterns

Partition 0: noname
Model: GTR+FO+G4m
Alignment sites / patterns: 25260 / 21291
Gaps: 41.41 %
Invariant sites: 25.71 %


NOTE: Binary MSA file created: training_data/dna_M7964_640_25260.phy/output_files/parsimony/seed_10.raxml.rba

[00:00:00] Generating 1 parsimony starting tree(s) with 640 taxa
Parsimony score: 259044

All starting trees saved to: /datausers/ioit/thaontp/minhminh/difficulty-prediction-training-data/training_data/dna_M7964_640_25260.phy/output_files/parsimony/seed_10.raxml.startTree


Execution log saved to: /datausers/ioit/thaontp/minhminh/difficulty-prediction-training-data/training_data/dna_M7964_640_25260.phy/output_files/parsimony/seed_10.raxml.log

Analysis started: 06-Oct-2025 01:04:42 / finished: 06-Oct-2025 01:04:48

Elapsed time: 5.922 seconds

Consumed energy: 0.429 Wh


RAxML-NG v. 1.1.0-master released on 04.08.2022 by The Exelixis Lab.
Developed by: Alexey M. Kozlov and Alexandros Stamatakis.
Contributors: Diego Darriba, Tomas Flouri, Benoit Morel, Sarah Lutteropp, Ben Bettisworth.
Latest version: https://github.com/amkozlov/raxml-ng
Questions/problems/suggestions? Please visit: https://groups.google.com/forum/#!forum/raxml

System: Intel(R) Xeon(R) Gold 6132 CPU @ 2.60GHz, 28 cores, 125 GB RAM

RAxML-NG was called at 01-Oct-2025 20:34:45 as follows:

/datausers/ioit/thaontp/tranthanhvan235/raxml-ng/build/bin/raxml-ng --start --msa /datausers/ioit/thaontp/tranthanhvan235/data_treebase/remainMSAs/dna_M7964_640_25260.phy --tree pars{1} --prefix training_data/dna_M7964_640_25260.phy/output_files/parsimony/seed_11 --model GTR+G --seed 11

Analysis options:
  run mode: Starting tree generation
  start tree(s): parsimony (1)
  random seed: 11
  SIMD kernels: AVX2
  parallelization: coarse-grained (auto), PTHREADS (auto)

[00:00:00] Reading alignment from file: /datausers/ioit/thaontp/tranthanhvan235/data_treebase/remainMSAs/dna_M7964_640_25260.phy
[00:00:00] Loaded alignment with 640 taxa and 25260 sites

Alignment comprises 1 partitions and 21291 patterns

Partition 0: noname
Model: GTR+FO+G4m
Alignment sites / patterns: 25260 / 21291
Gaps: 41.41 %
Invariant sites: 25.71 %


NOTE: Binary MSA file created: training_data/dna_M7964_640_25260.phy/output_files/parsimony/seed_11.raxml.rba

[00:00:00] Generating 1 parsimony starting tree(s) with 640 taxa
Parsimony score: 259068

All starting trees saved to: /datausers/ioit/thaontp/minhminh/difficulty-prediction-training-data/training_data/dna_M7964_640_25260.phy/output_files/parsimony/seed_11.raxml.startTree


Execution log saved to: /datausers/ioit/thaontp/minhminh/difficulty-prediction-training-data/training_data/dna_M7964_640_25260.phy/output_files/parsimony/seed_11.raxml.log

Analysis started: 01-Oct-2025 20:34:45 / finished: 01-Oct-2025 20:34:51

Elapsed time: 5.448 seconds

Consumed energy: 0.405 Wh


RAxML-NG v. 1.1.0-master released on 04.08.2022 by The Exelixis Lab.
Developed by: Alexey M. Kozlov and Alexandros Stamatakis.
Contributors: Diego Darriba, Tomas Flouri, Benoit Morel, Sarah Lutteropp, Ben Bettisworth.
Latest version: https://github.com/amkozlov/raxml-ng
Questions/problems/suggestions? Please visit: https://groups.google.com/forum/#!forum/raxml

System: Intel(R) Xeon(R) Gold 6132 CPU @ 2.60GHz, 28 cores, 125 GB RAM

RAxML-NG was called at 14-Oct-2025 03:56:44 as follows:

/datausers/ioit/thaontp/tranthanhvan235/raxml-ng/build/bin/raxml-ng --start --msa /datausers/ioit/thaontp/tranthanhvan235/data_treebase/remainMSAs/dna_M7964_640_25260.phy --tree pars{1} --prefix training_data/dna_M7964_640_25260.phy/output_files/parsimony/seed_12 --model GTR+G --seed 12

Analysis options:
  run mode: Starting tree generation
  start tree(s): parsimony (1)
  random seed: 12
  SIMD kernels: AVX2
  parallelization: coarse-grained (auto), PTHREADS (auto)

[00:00:00] Reading alignment from file: /datausers/ioit/thaontp/tranthanhvan235/data_treebase/remainMSAs/dna_M7964_640_25260.phy
[00:00:00] Loaded alignment with 640 taxa and 25260 sites

Alignment comprises 1 partitions and 21291 patterns

Partition 0: noname
Model: GTR+FO+G4m
Alignment sites / patterns: 25260 / 21291
Gaps: 41.41 %
Invariant sites: 25.71 %


NOTE: Binary MSA file created: training_data/dna_M7964_640_25260.phy/output_files/parsimony/seed_12.raxml.rba

[00:00:00] Generating 1 parsimony starting tree(s) with 640 taxa
Parsimony score: 258782

All starting trees saved to: /datausers/ioit/thaontp/minhminh/difficulty-prediction-training-data/training_data/dna_M7964_640_25260.phy/output_files/parsimony/seed_12.raxml.startTree


Execution log saved to: /datausers/ioit/thaontp/minhminh/difficulty-prediction-training-data/training_data/dna_M7964_640_25260.phy/output_files/parsimony/seed_12.raxml.log

Analysis started: 14-Oct-2025 03:56:44 / finished: 14-Oct-2025 03:56:51

Elapsed time: 6.579 seconds

Consumed energy: 0.493 Wh


RAxML-NG v. 1.1.0-master released on 04.08.2022 by The Exelixis Lab.
Developed by: Alexey M. Kozlov and Alexandros Stamatakis.
Contributors: Diego Darriba, Tomas Flouri, Benoit Morel, Sarah Lutteropp, Ben Bettisworth.
Latest version: https://github.com/amkozlov/raxml-ng
Questions/problems/suggestions? Please visit: https://groups.google.com/forum/#!forum/raxml

System: Intel(R) Xeon(R) Gold 6132 CPU @ 2.60GHz, 28 cores, 125 GB RAM

RAxML-NG was called at 10-Oct-2025 07:40:51 as follows:

/datausers/ioit/thaontp/tranthanhvan235/raxml-ng/build/bin/raxml-ng --start --msa /datausers/ioit/thaontp/tranthanhvan235/data_treebase/remainMSAs/dna_M7964_640_25260.phy --tree pars{1} --prefix training_data/dna_M7964_640_25260.phy/output_files/parsimony/seed_13 --model GTR+G --seed 13

Analysis options:
  run mode: Starting tree generation
  start tree(s): parsimony (1)
  random seed: 13
  SIMD kernels: AVX2
  parallelization: coarse-grained (auto), PTHREADS (auto)

[00:00:00] Reading alignment from file: /datausers/ioit/thaontp/tranthanhvan235/data_treebase/remainMSAs/dna_M7964_640_25260.phy
[00:00:00] Loaded alignment with 640 taxa and 25260 sites

Alignment comprises 1 partitions and 21291 patterns

Partition 0: noname
Model: GTR+FO+G4m
Alignment sites / patterns: 25260 / 21291
Gaps: 41.41 %
Invariant sites: 25.71 %


NOTE: Binary MSA file created: training_data/dna_M7964_640_25260.phy/output_files/parsimony/seed_13.raxml.rba

[00:00:00] Generating 1 parsimony starting tree(s) with 640 taxa
Parsimony score: 259445

All starting trees saved to: /datausers/ioit/thaontp/minhminh/difficulty-prediction-training-data/training_data/dna_M7964_640_25260.phy/output_files/parsimony/seed_13.raxml.startTree


Execution log saved to: /datausers/ioit/thaontp/minhminh/difficulty-prediction-training-data/training_data/dna_M7964_640_25260.phy/output_files/parsimony/seed_13.raxml.log

Analysis started: 10-Oct-2025 07:40:51 / finished: 10-Oct-2025 07:40:58

Elapsed time: 7.097 seconds

Consumed energy: 0.530 Wh


RAxML-NG v. 1.1.0-master released on 04.08.2022 by The Exelixis Lab.
Developed by: Alexey M. Kozlov and Alexandros Stamatakis.
Contributors: Diego Darriba, Tomas Flouri, Benoit Morel, Sarah Lutteropp, Ben Bettisworth.
Latest version: https://github.com/amkozlov/raxml-ng
Questions/problems/suggestions? Please visit: https://groups.google.com/forum/#!forum/raxml

System: Intel(R) Xeon(R) Gold 6132 CPU @ 2.60GHz, 28 cores, 125 GB RAM

RAxML-NG was called at 14-Oct-2025 03:56:32 as follows:

/datausers/ioit/thaontp/tranthanhvan235/raxml-ng/build/bin/raxml-ng --start --msa /datausers/ioit/thaontp/tranthanhvan235/data_treebase/remainMSAs/dna_M7964_640_25260.phy --tree pars{1} --prefix training_data/dna_M7964_640_25260.phy/output_files/parsimony/seed_14 --model GTR+G --seed 14

Analysis options:
  run mode: Starting tree generation
  start tree(s): parsimony (1)
  random seed: 14
  SIMD kernels: AVX2
  parallelization: coarse-grained (auto), PTHREADS (auto)

[00:00:00] Reading alignment from file: /datausers/ioit/thaontp/tranthanhvan235/data_treebase/remainMSAs/dna_M7964_640_25260.phy
[00:00:00] Loaded alignment with 640 taxa and 25260 sites

Alignment comprises 1 partitions and 21291 patterns

Partition 0: noname
Model: GTR+FO+G4m
Alignment sites / patterns: 25260 / 21291
Gaps: 41.41 %
Invariant sites: 25.71 %


NOTE: Binary MSA file created: training_data/dna_M7964_640_25260.phy/output_files/parsimony/seed_14.raxml.rba

[00:00:00] Generating 1 parsimony starting tree(s) with 640 taxa
Parsimony score: 259116

All starting trees saved to: /datausers/ioit/thaontp/minhminh/difficulty-prediction-training-data/training_data/dna_M7964_640_25260.phy/output_files/parsimony/seed_14.raxml.startTree


Execution log saved to: /datausers/ioit/thaontp/minhminh/difficulty-prediction-training-data/training_data/dna_M7964_640_25260.phy/output_files/parsimony/seed_14.raxml.log

Analysis started: 14-Oct-2025 03:56:32 / finished: 14-Oct-2025 03:56:37

Elapsed time: 5.459 seconds

Consumed energy: 0.412 Wh


RAxML-NG v. 1.1.0-master released on 04.08.2022 by The Exelixis Lab.
Developed by: Alexey M. Kozlov and Alexandros Stamatakis.
Contributors: Diego Darriba, Tomas Flouri, Benoit Morel, Sarah Lutteropp, Ben Bettisworth.
Latest version: https://github.com/amkozlov/raxml-ng
Questions/problems/suggestions? Please visit: https://groups.google.com/forum/#!forum/raxml

System: Intel(R) Xeon(R) Gold 6132 CPU @ 2.60GHz, 28 cores, 125 GB RAM

RAxML-NG was called at 03-Oct-2025 11:39:26 as follows:

/datausers/ioit/thaontp/tranthanhvan235/raxml-ng/build/bin/raxml-ng --start --msa /datausers/ioit/thaontp/tranthanhvan235/data_treebase/remainMSAs/dna_M7964_640_25260.phy --tree pars{1} --prefix training_data/dna_M7964_640_25260.phy/output_files/parsimony/seed_15 --model GTR+G --seed 15

Analysis options:
  run mode: Starting tree generation
  start tree(s): parsimony (1)
  random seed: 15
  SIMD kernels: AVX2
  parallelization: coarse-grained (auto), PTHREADS (auto)

[00:00:00] Reading alignment from file: /datausers/ioit/thaontp/tranthanhvan235/data_treebase/remainMSAs/dna_M7964_640_25260.phy
[00:00:00] Loaded alignment with 640 taxa and 25260 sites

Alignment comprises 1 partitions and 21291 patterns

Partition 0: noname
Model: GTR+FO+G4m
Alignment sites / patterns: 25260 / 21291
Gaps: 41.41 %
Invariant sites: 25.71 %


NOTE: Binary MSA file created: training_data/dna_M7964_640_25260.phy/output_files/parsimony/seed_15.raxml.rba

[00:00:00] Generating 1 parsimony starting tree(s) with 640 taxa
Parsimony score: 259142

All starting trees saved to: /datausers/ioit/thaontp/minhminh/difficulty-prediction-training-data/training_data/dna_M7964_640_25260.phy/output_files/parsimony/seed_15.raxml.startTree


Execution log saved to: /datausers/ioit/thaontp/minhminh/difficulty-prediction-training-data/training_data/dna_M7964_640_25260.phy/output_files/parsimony/seed_15.raxml.log

Analysis started: 03-Oct-2025 11:39:26 / finished: 03-Oct-2025 11:39:33

Elapsed time: 7.014 seconds

Consumed energy: 0.521 Wh


RAxML-NG v. 1.1.0-master released on 04.08.2022 by The Exelixis Lab.
Developed by: Alexey M. Kozlov and Alexandros Stamatakis.
Contributors: Diego Darriba, Tomas Flouri, Benoit Morel, Sarah Lutteropp, Ben Bettisworth.
Latest version: https://github.com/amkozlov/raxml-ng
Questions/problems/suggestions? Please visit: https://groups.google.com/forum/#!forum/raxml

System: Intel(R) Xeon(R) Gold 6132 CPU @ 2.60GHz, 28 cores, 125 GB RAM

RAxML-NG was called at 02-Oct-2025 09:51:57 as follows:

/datausers/ioit/thaontp/tranthanhvan235/raxml-ng/build/bin/raxml-ng --start --msa /datausers/ioit/thaontp/tranthanhvan235/data_treebase/remainMSAs/dna_M7964_640_25260.phy --tree pars{1} --prefix training_data/dna_M7964_640_25260.phy/output_files/parsimony/seed_16 --model GTR+G --seed 16

Analysis options:
  run mode: Starting tree generation
  start tree(s): parsimony (1)
  random seed: 16
  SIMD kernels: AVX2
  parallelization: coarse-grained (auto), PTHREADS (auto)

[00:00:00] Reading alignment from file: /datausers/ioit/thaontp/tranthanhvan235/data_treebase/remainMSAs/dna_M7964_640_25260.phy
[00:00:00] Loaded alignment with 640 taxa and 25260 sites

Alignment comprises 1 partitions and 21291 patterns

Partition 0: noname
Model: GTR+FO+G4m
Alignment sites / patterns: 25260 / 21291
Gaps: 41.41 %
Invariant sites: 25.71 %


NOTE: Binary MSA file created: training_data/dna_M7964_640_25260.phy/output_files/parsimony/seed_16.raxml.rba

[00:00:00] Generating 1 parsimony starting tree(s) with 640 taxa
Parsimony score: 258800

All starting trees saved to: /datausers/ioit/thaontp/minhminh/difficulty-prediction-training-data/training_data/dna_M7964_640_25260.phy/output_files/parsimony/seed_16.raxml.startTree


Execution log saved to: /datausers/ioit/thaontp/minhminh/difficulty-prediction-training-data/training_data/dna_M7964_640_25260.phy/output_files/parsimony/seed_16.raxml.log

Analysis started: 02-Oct-2025 09:51:57 / finished: 02-Oct-2025 09:52:03

Elapsed time: 6.332 seconds

Consumed energy: 0.474 Wh


RAxML-NG v. 1.1.0-master released on 04.08.2022 by The Exelixis Lab.
Developed by: Alexey M. Kozlov and Alexandros Stamatakis.
Contributors: Diego Darriba, Tomas Flouri, Benoit Morel, Sarah Lutteropp, Ben Bettisworth.
Latest version: https://github.com/amkozlov/raxml-ng
Questions/problems/suggestions? Please visit: https://groups.google.com/forum/#!forum/raxml

System: Intel(R) Xeon(R) Gold 6132 CPU @ 2.60GHz, 28 cores, 125 GB RAM

RAxML-NG was called at 02-Oct-2025 09:51:43 as follows:

/datausers/ioit/thaontp/tranthanhvan235/raxml-ng/build/bin/raxml-ng --start --msa /datausers/ioit/thaontp/tranthanhvan235/data_treebase/remainMSAs/dna_M7964_640_25260.phy --tree pars{1} --prefix training_data/dna_M7964_640_25260.phy/output_files/parsimony/seed_17 --model GTR+G --seed 17

Analysis options:
  run mode: Starting tree generation
  start tree(s): parsimony (1)
  random seed: 17
  SIMD kernels: AVX2
  parallelization: coarse-grained (auto), PTHREADS (auto)

[00:00:00] Reading alignment from file: /datausers/ioit/thaontp/tranthanhvan235/data_treebase/remainMSAs/dna_M7964_640_25260.phy
[00:00:00] Loaded alignment with 640 taxa and 25260 sites

Alignment comprises 1 partitions and 21291 patterns

Partition 0: noname
Model: GTR+FO+G4m
Alignment sites / patterns: 25260 / 21291
Gaps: 41.41 %
Invariant sites: 25.71 %


NOTE: Binary MSA file created: training_data/dna_M7964_640_25260.phy/output_files/parsimony/seed_17.raxml.rba

[00:00:00] Generating 1 parsimony starting tree(s) with 640 taxa
Parsimony score: 259505

All starting trees saved to: /datausers/ioit/thaontp/minhminh/difficulty-prediction-training-data/training_data/dna_M7964_640_25260.phy/output_files/parsimony/seed_17.raxml.startTree


Execution log saved to: /datausers/ioit/thaontp/minhminh/difficulty-prediction-training-data/training_data/dna_M7964_640_25260.phy/output_files/parsimony/seed_17.raxml.log

Analysis started: 02-Oct-2025 09:51:43 / finished: 02-Oct-2025 09:51:49

Elapsed time: 5.724 seconds

Consumed energy: 0.434 Wh


RAxML-NG v. 1.1.0-master released on 04.08.2022 by The Exelixis Lab.
Developed by: Alexey M. Kozlov and Alexandros Stamatakis.
Contributors: Diego Darriba, Tomas Flouri, Benoit Morel, Sarah Lutteropp, Ben Bettisworth.
Latest version: https://github.com/amkozlov/raxml-ng
Questions/problems/suggestions? Please visit: https://groups.google.com/forum/#!forum/raxml

System: Intel(R) Xeon(R) Gold 6132 CPU @ 2.60GHz, 28 cores, 125 GB RAM

RAxML-NG was called at 10-Oct-2025 03:56:08 as follows:

/datausers/ioit/thaontp/tranthanhvan235/raxml-ng/build/bin/raxml-ng --start --msa /datausers/ioit/thaontp/tranthanhvan235/data_treebase/remainMSAs/dna_M7964_640_25260.phy --tree pars{1} --prefix training_data/dna_M7964_640_25260.phy/output_files/parsimony/seed_18 --model GTR+G --seed 18

Analysis options:
  run mode: Starting tree generation
  start tree(s): parsimony (1)
  random seed: 18
  SIMD kernels: AVX2
  parallelization: coarse-grained (auto), PTHREADS (auto)

[00:00:00] Reading alignment from file: /datausers/ioit/thaontp/tranthanhvan235/data_treebase/remainMSAs/dna_M7964_640_25260.phy
[00:00:00] Loaded alignment with 640 taxa and 25260 sites

Alignment comprises 1 partitions and 21291 patterns

Partition 0: noname
Model: GTR+FO+G4m
Alignment sites / patterns: 25260 / 21291
Gaps: 41.41 %
Invariant sites: 25.71 %


NOTE: Binary MSA file created: training_data/dna_M7964_640_25260.phy/output_files/parsimony/seed_18.raxml.rba

[00:00:00] Generating 1 parsimony starting tree(s) with 640 taxa
Parsimony score: 259025

All starting trees saved to: /datausers/ioit/thaontp/minhminh/difficulty-prediction-training-data/training_data/dna_M7964_640_25260.phy/output_files/parsimony/seed_18.raxml.startTree


Execution log saved to: /datausers/ioit/thaontp/minhminh/difficulty-prediction-training-data/training_data/dna_M7964_640_25260.phy/output_files/parsimony/seed_18.raxml.log

Analysis started: 10-Oct-2025 03:56:08 / finished: 10-Oct-2025 03:56:14

Elapsed time: 6.140 seconds

Consumed energy: 0.436 Wh


RAxML-NG v. 1.1.0-master released on 04.08.2022 by The Exelixis Lab.
Developed by: Alexey M. Kozlov and Alexandros Stamatakis.
Contributors: Diego Darriba, Tomas Flouri, Benoit Morel, Sarah Lutteropp, Ben Bettisworth.
Latest version: https://github.com/amkozlov/raxml-ng
Questions/problems/suggestions? Please visit: https://groups.google.com/forum/#!forum/raxml

System: Intel(R) Xeon(R) Gold 6132 CPU @ 2.60GHz, 28 cores, 125 GB RAM

RAxML-NG was called at 29-Sep-2025 23:54:13 as follows:

/datausers/ioit/thaontp/tranthanhvan235/raxml-ng/build/bin/raxml-ng --start --msa /datausers/ioit/thaontp/tranthanhvan235/data_treebase/remainMSAs/dna_M7964_640_25260.phy --tree pars{1} --prefix training_data/dna_M7964_640_25260.phy/output_files/parsimony/seed_19 --model GTR+G --seed 19

Analysis options:
  run mode: Starting tree generation
  start tree(s): parsimony (1)
  random seed: 19
  SIMD kernels: AVX2
  parallelization: coarse-grained (auto), PTHREADS (auto)

[00:00:00] Reading alignment from file: /datausers/ioit/thaontp/tranthanhvan235/data_treebase/remainMSAs/dna_M7964_640_25260.phy
[00:00:00] Loaded alignment with 640 taxa and 25260 sites

Alignment comprises 1 partitions and 21291 patterns

Partition 0: noname
Model: GTR+FO+G4m
Alignment sites / patterns: 25260 / 21291
Gaps: 41.41 %
Invariant sites: 25.71 %


NOTE: Binary MSA file created: training_data/dna_M7964_640_25260.phy/output_files/parsimony/seed_19.raxml.rba

[00:00:01] Generating 1 parsimony starting tree(s) with 640 taxa
Parsimony score: 259031

All starting trees saved to: /datausers/ioit/thaontp/minhminh/difficulty-prediction-training-data/training_data/dna_M7964_640_25260.phy/output_files/parsimony/seed_19.raxml.startTree


Execution log saved to: /datausers/ioit/thaontp/minhminh/difficulty-prediction-training-data/training_data/dna_M7964_640_25260.phy/output_files/parsimony/seed_19.raxml.log

Analysis started: 29-Sep-2025 23:54:13 / finished: 29-Sep-2025 23:54:29

Elapsed time: 16.502 seconds

Consumed energy: 1.106 Wh


RAxML-NG v. 1.1.0-master released on 04.08.2022 by The Exelixis Lab.
Developed by: Alexey M. Kozlov and Alexandros Stamatakis.
Contributors: Diego Darriba, Tomas Flouri, Benoit Morel, Sarah Lutteropp, Ben Bettisworth.
Latest version: https://github.com/amkozlov/raxml-ng
Questions/problems/suggestions? Please visit: https://groups.google.com/forum/#!forum/raxml

System: Intel(R) Xeon(R) Gold 6132 CPU @ 2.60GHz, 28 cores, 125 GB RAM

RAxML-NG was called at 10-Oct-2025 14:57:50 as follows:

/datausers/ioit/thaontp/tranthanhvan235/raxml-ng/build/bin/raxml-ng --start --msa /datausers/ioit/thaontp/tranthanhvan235/data_treebase/remainMSAs/dna_M7964_640_25260.phy --tree pars{1} --prefix training_data/dna_M7964_640_25260.phy/output_files/parsimony/seed_20 --model GTR+G --seed 20

Analysis options:
  run mode: Starting tree generation
  start tree(s): parsimony (1)
  random seed: 20
  SIMD kernels: AVX2
  parallelization: coarse-grained (auto), PTHREADS (auto)

[00:00:00] Reading alignment from file: /datausers/ioit/thaontp/tranthanhvan235/data_treebase/remainMSAs/dna_M7964_640_25260.phy
[00:00:00] Loaded alignment with 640 taxa and 25260 sites

Alignment comprises 1 partitions and 21291 patterns

Partition 0: noname
Model: GTR+FO+G4m
Alignment sites / patterns: 25260 / 21291
Gaps: 41.41 %
Invariant sites: 25.71 %


NOTE: Binary MSA file created: training_data/dna_M7964_640_25260.phy/output_files/parsimony/seed_20.raxml.rba

[00:00:00] Generating 1 parsimony starting tree(s) with 640 taxa
Parsimony score: 259054

All starting trees saved to: /datausers/ioit/thaontp/minhminh/difficulty-prediction-training-data/training_data/dna_M7964_640_25260.phy/output_files/parsimony/seed_20.raxml.startTree


Execution log saved to: /datausers/ioit/thaontp/minhminh/difficulty-prediction-training-data/training_data/dna_M7964_640_25260.phy/output_files/parsimony/seed_20.raxml.log

Analysis started: 10-Oct-2025 14:57:50 / finished: 10-Oct-2025 14:57:57

Elapsed time: 7.242 seconds

Consumed energy: 0.528 Wh


RAxML-NG v. 1.1.0-master released on 04.08.2022 by The Exelixis Lab.
Developed by: Alexey M. Kozlov and Alexandros Stamatakis.
Contributors: Diego Darriba, Tomas Flouri, Benoit Morel, Sarah Lutteropp, Ben Bettisworth.
Latest version: https://github.com/amkozlov/raxml-ng
Questions/problems/suggestions? Please visit: https://groups.google.com/forum/#!forum/raxml

System: Intel(R) Xeon(R) Gold 6132 CPU @ 2.60GHz, 28 cores, 125 GB RAM

RAxML-NG was called at 30-Sep-2025 15:57:53 as follows:

/datausers/ioit/thaontp/tranthanhvan235/raxml-ng/build/bin/raxml-ng --start --msa /datausers/ioit/thaontp/tranthanhvan235/data_treebase/remainMSAs/dna_M7964_640_25260.phy --tree pars{1} --prefix training_data/dna_M7964_640_25260.phy/output_files/parsimony/seed_21 --model GTR+G --seed 21

Analysis options:
  run mode: Starting tree generation
  start tree(s): parsimony (1)
  random seed: 21
  SIMD kernels: AVX2
  parallelization: coarse-grained (auto), PTHREADS (auto)

[00:00:00] Reading alignment from file: /datausers/ioit/thaontp/tranthanhvan235/data_treebase/remainMSAs/dna_M7964_640_25260.phy
[00:00:00] Loaded alignment with 640 taxa and 25260 sites

Alignment comprises 1 partitions and 21291 patterns

Partition 0: noname
Model: GTR+FO+G4m
Alignment sites / patterns: 25260 / 21291
Gaps: 41.41 %
Invariant sites: 25.71 %


NOTE: Binary MSA file created: training_data/dna_M7964_640_25260.phy/output_files/parsimony/seed_21.raxml.rba

[00:00:00] Generating 1 parsimony starting tree(s) with 640 taxa
Parsimony score: 259016

All starting trees saved to: /datausers/ioit/thaontp/minhminh/difficulty-prediction-training-data/training_data/dna_M7964_640_25260.phy/output_files/parsimony/seed_21.raxml.startTree


Execution log saved to: /datausers/ioit/thaontp/minhminh/difficulty-prediction-training-data/training_data/dna_M7964_640_25260.phy/output_files/parsimony/seed_21.raxml.log

Analysis started: 30-Sep-2025 15:57:53 / finished: 30-Sep-2025 15:58:01

Elapsed time: 8.397 seconds

Consumed energy: 0.622 Wh


RAxML-NG v. 1.1.0-master released on 04.08.2022 by The Exelixis Lab.
Developed by: Alexey M. Kozlov and Alexandros Stamatakis.
Contributors: Diego Darriba, Tomas Flouri, Benoit Morel, Sarah Lutteropp, Ben Bettisworth.
Latest version: https://github.com/amkozlov/raxml-ng
Questions/problems/suggestions? Please visit: https://groups.google.com/forum/#!forum/raxml

System: Intel(R) Xeon(R) Gold 6132 CPU @ 2.60GHz, 28 cores, 125 GB RAM

RAxML-NG was called at 14-Oct-2025 19:16:13 as follows:

/datausers/ioit/thaontp/tranthanhvan235/raxml-ng/build/bin/raxml-ng --start --msa /datausers/ioit/thaontp/tranthanhvan235/data_treebase/remainMSAs/dna_M7964_640_25260.phy --tree pars{1} --prefix training_data/dna_M7964_640_25260.phy/output_files/parsimony/seed_22 --model GTR+G --seed 22

Analysis options:
  run mode: Starting tree generation
  start tree(s): parsimony (1)
  random seed: 22
  SIMD kernels: AVX2
  parallelization: coarse-grained (auto), PTHREADS (auto)

[00:00:00] Reading alignment from file: /datausers/ioit/thaontp/tranthanhvan235/data_treebase/remainMSAs/dna_M7964_640_25260.phy
[00:00:00] Loaded alignment with 640 taxa and 25260 sites

Alignment comprises 1 partitions and 21291 patterns

Partition 0: noname
Model: GTR+FO+G4m
Alignment sites / patterns: 25260 / 21291
Gaps: 41.41 %
Invariant sites: 25.71 %


NOTE: Binary MSA file created: training_data/dna_M7964_640_25260.phy/output_files/parsimony/seed_22.raxml.rba

[00:00:00] Generating 1 parsimony starting tree(s) with 640 taxa
Parsimony score: 259139

All starting trees saved to: /datausers/ioit/thaontp/minhminh/difficulty-prediction-training-data/training_data/dna_M7964_640_25260.phy/output_files/parsimony/seed_22.raxml.startTree


Execution log saved to: /datausers/ioit/thaontp/minhminh/difficulty-prediction-training-data/training_data/dna_M7964_640_25260.phy/output_files/parsimony/seed_22.raxml.log

Analysis started: 14-Oct-2025 19:16:13 / finished: 14-Oct-2025 19:16:19

Elapsed time: 6.553 seconds

Consumed energy: 0.474 Wh


RAxML-NG v. 1.1.0-master released on 04.08.2022 by The Exelixis Lab.
Developed by: Alexey M. Kozlov and Alexandros Stamatakis.
Contributors: Diego Darriba, Tomas Flouri, Benoit Morel, Sarah Lutteropp, Ben Bettisworth.
Latest version: https://github.com/amkozlov/raxml-ng
Questions/problems/suggestions? Please visit: https://groups.google.com/forum/#!forum/raxml

System: Intel(R) Xeon(R) Gold 6132 CPU @ 2.60GHz, 28 cores, 125 GB RAM

RAxML-NG was called at 10-Oct-2025 16:35:13 as follows:

/datausers/ioit/thaontp/tranthanhvan235/raxml-ng/build/bin/raxml-ng --start --msa /datausers/ioit/thaontp/tranthanhvan235/data_treebase/remainMSAs/dna_M7964_640_25260.phy --tree pars{1} --prefix training_data/dna_M7964_640_25260.phy/output_files/parsimony/seed_23 --model GTR+G --seed 23

Analysis options:
  run mode: Starting tree generation
  start tree(s): parsimony (1)
  random seed: 23
  SIMD kernels: AVX2
  parallelization: coarse-grained (auto), PTHREADS (auto)

[00:00:00] Reading alignment from file: /datausers/ioit/thaontp/tranthanhvan235/data_treebase/remainMSAs/dna_M7964_640_25260.phy
[00:00:00] Loaded alignment with 640 taxa and 25260 sites

Alignment comprises 1 partitions and 21291 patterns

Partition 0: noname
Model: GTR+FO+G4m
Alignment sites / patterns: 25260 / 21291
Gaps: 41.41 %
Invariant sites: 25.71 %


NOTE: Binary MSA file created: training_data/dna_M7964_640_25260.phy/output_files/parsimony/seed_23.raxml.rba

[00:00:00] Generating 1 parsimony starting tree(s) with 640 taxa
Parsimony score: 259231

All starting trees saved to: /datausers/ioit/thaontp/minhminh/difficulty-prediction-training-data/training_data/dna_M7964_640_25260.phy/output_files/parsimony/seed_23.raxml.startTree


Execution log saved to: /datausers/ioit/thaontp/minhminh/difficulty-prediction-training-data/training_data/dna_M7964_640_25260.phy/output_files/parsimony/seed_23.raxml.log

Analysis started: 10-Oct-2025 16:35:13 / finished: 10-Oct-2025 16:35:22

Elapsed time: 9.107 seconds

Consumed energy: 0.639 Wh


RAxML-NG v. 1.1.0-master released on 04.08.2022 by The Exelixis Lab.
Developed by: Alexey M. Kozlov and Alexandros Stamatakis.
Contributors: Diego Darriba, Tomas Flouri, Benoit Morel, Sarah Lutteropp, Ben Bettisworth.
Latest version: https://github.com/amkozlov/raxml-ng
Questions/problems/suggestions? Please visit: https://groups.google.com/forum/#!forum/raxml

System: Intel(R) Xeon(R) Gold 6132 CPU @ 2.60GHz, 28 cores, 125 GB RAM

RAxML-NG was called at 02-Oct-2025 17:29:01 as follows:

/datausers/ioit/thaontp/tranthanhvan235/raxml-ng/build/bin/raxml-ng --start --msa /datausers/ioit/thaontp/tranthanhvan235/data_treebase/remainMSAs/dna_M7964_640_25260.phy --tree pars{1} --prefix training_data/dna_M7964_640_25260.phy/output_files/parsimony/seed_24 --model GTR+G --seed 24

Analysis options:
  run mode: Starting tree generation
  start tree(s): parsimony (1)
  random seed: 24
  SIMD kernels: AVX2
  parallelization: coarse-grained (auto), PTHREADS (auto)

[00:00:00] Reading alignment from file: /datausers/ioit/thaontp/tranthanhvan235/data_treebase/remainMSAs/dna_M7964_640_25260.phy
[00:00:00] Loaded alignment with 640 taxa and 25260 sites

Alignment comprises 1 partitions and 21291 patterns

Partition 0: noname
Model: GTR+FO+G4m
Alignment sites / patterns: 25260 / 21291
Gaps: 41.41 %
Invariant sites: 25.71 %


NOTE: Binary MSA file created: training_data/dna_M7964_640_25260.phy/output_files/parsimony/seed_24.raxml.rba

[00:00:00] Generating 1 parsimony starting tree(s) with 640 taxa
Parsimony score: 258739

All starting trees saved to: /datausers/ioit/thaontp/minhminh/difficulty-prediction-training-data/training_data/dna_M7964_640_25260.phy/output_files/parsimony/seed_24.raxml.startTree


Execution log saved to: /datausers/ioit/thaontp/minhminh/difficulty-prediction-training-data/training_data/dna_M7964_640_25260.phy/output_files/parsimony/seed_24.raxml.log

Analysis started: 02-Oct-2025 17:29:01 / finished: 02-Oct-2025 17:29:09

Elapsed time: 8.053 seconds

Consumed energy: 0.618 Wh


RAxML-NG v. 1.1.0-master released on 04.08.2022 by The Exelixis Lab.
Developed by: Alexey M. Kozlov and Alexandros Stamatakis.
Contributors: Diego Darriba, Tomas Flouri, Benoit Morel, Sarah Lutteropp, Ben Bettisworth.
Latest version: https://github.com/amkozlov/raxml-ng
Questions/problems/suggestions? Please visit: https://groups.google.com/forum/#!forum/raxml

System: Intel(R) Xeon(R) Gold 6132 CPU @ 2.60GHz, 28 cores, 125 GB RAM

RAxML-NG was called at 06-Oct-2025 01:17:02 as follows:

/datausers/ioit/thaontp/tranthanhvan235/raxml-ng/build/bin/raxml-ng --start --msa /datausers/ioit/thaontp/tranthanhvan235/data_treebase/remainMSAs/dna_M7964_640_25260.phy --tree pars{1} --prefix training_data/dna_M7964_640_25260.phy/output_files/parsimony/seed_25 --model GTR+G --seed 25

Analysis options:
  run mode: Starting tree generation
  start tree(s): parsimony (1)
  random seed: 25
  SIMD kernels: AVX2
  parallelization: coarse-grained (auto), PTHREADS (auto)

[00:00:00] Reading alignment from file: /datausers/ioit/thaontp/tranthanhvan235/data_treebase/remainMSAs/dna_M7964_640_25260.phy
[00:00:00] Loaded alignment with 640 taxa and 25260 sites

Alignment comprises 1 partitions and 21291 patterns

Partition 0: noname
Model: GTR+FO+G4m
Alignment sites / patterns: 25260 / 21291
Gaps: 41.41 %
Invariant sites: 25.71 %


NOTE: Binary MSA file created: training_data/dna_M7964_640_25260.phy/output_files/parsimony/seed_25.raxml.rba

[00:00:00] Generating 1 parsimony starting tree(s) with 640 taxa
Parsimony score: 259061

All starting trees saved to: /datausers/ioit/thaontp/minhminh/difficulty-prediction-training-data/training_data/dna_M7964_640_25260.phy/output_files/parsimony/seed_25.raxml.startTree


Execution log saved to: /datausers/ioit/thaontp/minhminh/difficulty-prediction-training-data/training_data/dna_M7964_640_25260.phy/output_files/parsimony/seed_25.raxml.log

Analysis started: 06-Oct-2025 01:17:02 / finished: 06-Oct-2025 01:17:09

Elapsed time: 6.577 seconds

Consumed energy: 0.471 Wh


RAxML-NG v. 1.1.0-master released on 04.08.2022 by The Exelixis Lab.
Developed by: Alexey M. Kozlov and Alexandros Stamatakis.
Contributors: Diego Darriba, Tomas Flouri, Benoit Morel, Sarah Lutteropp, Ben Bettisworth.
Latest version: https://github.com/amkozlov/raxml-ng
Questions/problems/suggestions? Please visit: https://groups.google.com/forum/#!forum/raxml

System: Intel(R) Xeon(R) Gold 6132 CPU @ 2.60GHz, 28 cores, 125 GB RAM

RAxML-NG was called at 08-Oct-2025 23:46:23 as follows:

/datausers/ioit/thaontp/tranthanhvan235/raxml-ng/build/bin/raxml-ng --start --msa /datausers/ioit/thaontp/tranthanhvan235/data_treebase/remainMSAs/dna_M7964_640_25260.phy --tree pars{1} --prefix training_data/dna_M7964_640_25260.phy/output_files/parsimony/seed_26 --model GTR+G --seed 26

Analysis options:
  run mode: Starting tree generation
  start tree(s): parsimony (1)
  random seed: 26
  SIMD kernels: AVX2
  parallelization: coarse-grained (auto), PTHREADS (auto)

[00:00:00] Reading alignment from file: /datausers/ioit/thaontp/tranthanhvan235/data_treebase/remainMSAs/dna_M7964_640_25260.phy
[00:00:00] Loaded alignment with 640 taxa and 25260 sites

Alignment comprises 1 partitions and 21291 patterns

Partition 0: noname
Model: GTR+FO+G4m
Alignment sites / patterns: 25260 / 21291
Gaps: 41.41 %
Invariant sites: 25.71 %


NOTE: Binary MSA file created: training_data/dna_M7964_640_25260.phy/output_files/parsimony/seed_26.raxml.rba

[00:00:00] Generating 1 parsimony starting tree(s) with 640 taxa
Parsimony score: 259258

All starting trees saved to: /datausers/ioit/thaontp/minhminh/difficulty-prediction-training-data/training_data/dna_M7964_640_25260.phy/output_files/parsimony/seed_26.raxml.startTree


Execution log saved to: /datausers/ioit/thaontp/minhminh/difficulty-prediction-training-data/training_data/dna_M7964_640_25260.phy/output_files/parsimony/seed_26.raxml.log

Analysis started: 08-Oct-2025 23:46:23 / finished: 08-Oct-2025 23:46:29

Elapsed time: 5.699 seconds

Consumed energy: 0.440 Wh


RAxML-NG v. 1.1.0-master released on 04.08.2022 by The Exelixis Lab.
Developed by: Alexey M. Kozlov and Alexandros Stamatakis.
Contributors: Diego Darriba, Tomas Flouri, Benoit Morel, Sarah Lutteropp, Ben Bettisworth.
Latest version: https://github.com/amkozlov/raxml-ng
Questions/problems/suggestions? Please visit: https://groups.google.com/forum/#!forum/raxml

System: Intel(R) Xeon(R) Gold 6132 CPU @ 2.60GHz, 28 cores, 125 GB RAM

RAxML-NG was called at 03-Oct-2025 02:10:14 as follows:

/datausers/ioit/thaontp/tranthanhvan235/raxml-ng/build/bin/raxml-ng --start --msa /datausers/ioit/thaontp/tranthanhvan235/data_treebase/remainMSAs/dna_M7964_640_25260.phy --tree pars{1} --prefix training_data/dna_M7964_640_25260.phy/output_files/parsimony/seed_27 --model GTR+G --seed 27

Analysis options:
  run mode: Starting tree generation
  start tree(s): parsimony (1)
  random seed: 27
  SIMD kernels: AVX2
  parallelization: coarse-grained (auto), PTHREADS (auto)

[00:00:00] Reading alignment from file: /datausers/ioit/thaontp/tranthanhvan235/data_treebase/remainMSAs/dna_M7964_640_25260.phy
[00:00:00] Loaded alignment with 640 taxa and 25260 sites

Alignment comprises 1 partitions and 21291 patterns

Partition 0: noname
Model: GTR+FO+G4m
Alignment sites / patterns: 25260 / 21291
Gaps: 41.41 %
Invariant sites: 25.71 %


NOTE: Binary MSA file created: training_data/dna_M7964_640_25260.phy/output_files/parsimony/seed_27.raxml.rba

[00:00:01] Generating 1 parsimony starting tree(s) with 640 taxa
Parsimony score: 259095

All starting trees saved to: /datausers/ioit/thaontp/minhminh/difficulty-prediction-training-data/training_data/dna_M7964_640_25260.phy/output_files/parsimony/seed_27.raxml.startTree


Execution log saved to: /datausers/ioit/thaontp/minhminh/difficulty-prediction-training-data/training_data/dna_M7964_640_25260.phy/output_files/parsimony/seed_27.raxml.log

Analysis started: 03-Oct-2025 02:10:14 / finished: 03-Oct-2025 02:10:21

Elapsed time: 6.886 seconds

Consumed energy: 0.519 Wh


RAxML-NG v. 1.1.0-master released on 04.08.2022 by The Exelixis Lab.
Developed by: Alexey M. Kozlov and Alexandros Stamatakis.
Contributors: Diego Darriba, Tomas Flouri, Benoit Morel, Sarah Lutteropp, Ben Bettisworth.
Latest version: https://github.com/amkozlov/raxml-ng
Questions/problems/suggestions? Please visit: https://groups.google.com/forum/#!forum/raxml

System: Intel(R) Xeon(R) Gold 6132 CPU @ 2.60GHz, 28 cores, 125 GB RAM

RAxML-NG was called at 14-Oct-2025 19:17:17 as follows:

/datausers/ioit/thaontp/tranthanhvan235/raxml-ng/build/bin/raxml-ng --start --msa /datausers/ioit/thaontp/tranthanhvan235/data_treebase/remainMSAs/dna_M7964_640_25260.phy --tree pars{1} --prefix training_data/dna_M7964_640_25260.phy/output_files/parsimony/seed_28 --model GTR+G --seed 28

Analysis options:
  run mode: Starting tree generation
  start tree(s): parsimony (1)
  random seed: 28
  SIMD kernels: AVX2
  parallelization: coarse-grained (auto), PTHREADS (auto)

[00:00:00] Reading alignment from file: /datausers/ioit/thaontp/tranthanhvan235/data_treebase/remainMSAs/dna_M7964_640_25260.phy
[00:00:00] Loaded alignment with 640 taxa and 25260 sites

Alignment comprises 1 partitions and 21291 patterns

Partition 0: noname
Model: GTR+FO+G4m
Alignment sites / patterns: 25260 / 21291
Gaps: 41.41 %
Invariant sites: 25.71 %


NOTE: Binary MSA file created: training_data/dna_M7964_640_25260.phy/output_files/parsimony/seed_28.raxml.rba

[00:00:00] Generating 1 parsimony starting tree(s) with 640 taxa
Parsimony score: 259096

All starting trees saved to: /datausers/ioit/thaontp/minhminh/difficulty-prediction-training-data/training_data/dna_M7964_640_25260.phy/output_files/parsimony/seed_28.raxml.startTree


Execution log saved to: /datausers/ioit/thaontp/minhminh/difficulty-prediction-training-data/training_data/dna_M7964_640_25260.phy/output_files/parsimony/seed_28.raxml.log

Analysis started: 14-Oct-2025 19:17:17 / finished: 14-Oct-2025 19:17:23

Elapsed time: 5.708 seconds

Consumed energy: 0.413 Wh


RAxML-NG v. 1.1.0-master released on 04.08.2022 by The Exelixis Lab.
Developed by: Alexey M. Kozlov and Alexandros Stamatakis.
Contributors: Diego Darriba, Tomas Flouri, Benoit Morel, Sarah Lutteropp, Ben Bettisworth.
Latest version: https://github.com/amkozlov/raxml-ng
Questions/problems/suggestions? Please visit: https://groups.google.com/forum/#!forum/raxml

System: Intel(R) Xeon(R) Gold 6132 CPU @ 2.60GHz, 28 cores, 125 GB RAM

RAxML-NG was called at 02-Oct-2025 17:29:16 as follows:

/datausers/ioit/thaontp/tranthanhvan235/raxml-ng/build/bin/raxml-ng --start --msa /datausers/ioit/thaontp/tranthanhvan235/data_treebase/remainMSAs/dna_M7964_640_25260.phy --tree pars{1} --prefix training_data/dna_M7964_640_25260.phy/output_files/parsimony/seed_29 --model GTR+G --seed 29

Analysis options:
  run mode: Starting tree generation
  start tree(s): parsimony (1)
  random seed: 29
  SIMD kernels: AVX2
  parallelization: coarse-grained (auto), PTHREADS (auto)

[00:00:00] Reading alignment from file: /datausers/ioit/thaontp/tranthanhvan235/data_treebase/remainMSAs/dna_M7964_640_25260.phy
[00:00:00] Loaded alignment with 640 taxa and 25260 sites

Alignment comprises 1 partitions and 21291 patterns

Partition 0: noname
Model: GTR+FO+G4m
Alignment sites / patterns: 25260 / 21291
Gaps: 41.41 %
Invariant sites: 25.71 %


NOTE: Binary MSA file created: training_data/dna_M7964_640_25260.phy/output_files/parsimony/seed_29.raxml.rba

[00:00:00] Generating 1 parsimony starting tree(s) with 640 taxa
Parsimony score: 259174

All starting trees saved to: /datausers/ioit/thaontp/minhminh/difficulty-prediction-training-data/training_data/dna_M7964_640_25260.phy/output_files/parsimony/seed_29.raxml.startTree


Execution log saved to: /datausers/ioit/thaontp/minhminh/difficulty-prediction-training-data/training_data/dna_M7964_640_25260.phy/output_files/parsimony/seed_29.raxml.log

Analysis started: 02-Oct-2025 17:29:16 / finished: 02-Oct-2025 17:29:22

Elapsed time: 5.507 seconds

Consumed energy: 0.421 Wh


RAxML-NG v. 1.1.0-master released on 04.08.2022 by The Exelixis Lab.
Developed by: Alexey M. Kozlov and Alexandros Stamatakis.
Contributors: Diego Darriba, Tomas Flouri, Benoit Morel, Sarah Lutteropp, Ben Bettisworth.
Latest version: https://github.com/amkozlov/raxml-ng
Questions/problems/suggestions? Please visit: https://groups.google.com/forum/#!forum/raxml

System: Intel(R) Xeon(R) Gold 6132 CPU @ 2.60GHz, 28 cores, 125 GB RAM

RAxML-NG was called at 01-Oct-2025 04:56:19 as follows:

/datausers/ioit/thaontp/tranthanhvan235/raxml-ng/build/bin/raxml-ng --start --msa /datausers/ioit/thaontp/tranthanhvan235/data_treebase/remainMSAs/dna_M7964_640_25260.phy --tree pars{1} --prefix training_data/dna_M7964_640_25260.phy/output_files/parsimony/seed_30 --model GTR+G --seed 30

Analysis options:
  run mode: Starting tree generation
  start tree(s): parsimony (1)
  random seed: 30
  SIMD kernels: AVX2
  parallelization: coarse-grained (auto), PTHREADS (auto)

[00:00:00] Reading alignment from file: /datausers/ioit/thaontp/tranthanhvan235/data_treebase/remainMSAs/dna_M7964_640_25260.phy
[00:00:00] Loaded alignment with 640 taxa and 25260 sites

Alignment comprises 1 partitions and 21291 patterns

Partition 0: noname
Model: GTR+FO+G4m
Alignment sites / patterns: 25260 / 21291
Gaps: 41.41 %
Invariant sites: 25.71 %


NOTE: Binary MSA file created: training_data/dna_M7964_640_25260.phy/output_files/parsimony/seed_30.raxml.rba

[00:00:00] Generating 1 parsimony starting tree(s) with 640 taxa
Parsimony score: 259006

All starting trees saved to: /datausers/ioit/thaontp/minhminh/difficulty-prediction-training-data/training_data/dna_M7964_640_25260.phy/output_files/parsimony/seed_30.raxml.startTree


Execution log saved to: /datausers/ioit/thaontp/minhminh/difficulty-prediction-training-data/training_data/dna_M7964_640_25260.phy/output_files/parsimony/seed_30.raxml.log

Analysis started: 01-Oct-2025 04:56:19 / finished: 01-Oct-2025 04:56:25

Elapsed time: 5.446 seconds

Consumed energy: 0.411 Wh


RAxML-NG v. 1.1.0-master released on 04.08.2022 by The Exelixis Lab.
Developed by: Alexey M. Kozlov and Alexandros Stamatakis.
Contributors: Diego Darriba, Tomas Flouri, Benoit Morel, Sarah Lutteropp, Ben Bettisworth.
Latest version: https://github.com/amkozlov/raxml-ng
Questions/problems/suggestions? Please visit: https://groups.google.com/forum/#!forum/raxml

System: Intel(R) Xeon(R) Gold 6132 CPU @ 2.60GHz, 28 cores, 125 GB RAM

RAxML-NG was called at 30-Sep-2025 21:58:45 as follows:

/datausers/ioit/thaontp/tranthanhvan235/raxml-ng/build/bin/raxml-ng --start --msa /datausers/ioit/thaontp/tranthanhvan235/data_treebase/remainMSAs/dna_M7964_640_25260.phy --tree pars{1} --prefix training_data/dna_M7964_640_25260.phy/output_files/parsimony/seed_31 --model GTR+G --seed 31

Analysis options:
  run mode: Starting tree generation
  start tree(s): parsimony (1)
  random seed: 31
  SIMD kernels: AVX2
  parallelization: coarse-grained (auto), PTHREADS (auto)

[00:00:00] Reading alignment from file: /datausers/ioit/thaontp/tranthanhvan235/data_treebase/remainMSAs/dna_M7964_640_25260.phy
[00:00:00] Loaded alignment with 640 taxa and 25260 sites

Alignment comprises 1 partitions and 21291 patterns

Partition 0: noname
Model: GTR+FO+G4m
Alignment sites / patterns: 25260 / 21291
Gaps: 41.41 %
Invariant sites: 25.71 %


NOTE: Binary MSA file created: training_data/dna_M7964_640_25260.phy/output_files/parsimony/seed_31.raxml.rba

[00:00:00] Generating 1 parsimony starting tree(s) with 640 taxa
Parsimony score: 259450

All starting trees saved to: /datausers/ioit/thaontp/minhminh/difficulty-prediction-training-data/training_data/dna_M7964_640_25260.phy/output_files/parsimony/seed_31.raxml.startTree


Execution log saved to: /datausers/ioit/thaontp/minhminh/difficulty-prediction-training-data/training_data/dna_M7964_640_25260.phy/output_files/parsimony/seed_31.raxml.log

Analysis started: 30-Sep-2025 21:58:45 / finished: 30-Sep-2025 21:58:51

Elapsed time: 6.122 seconds

Consumed energy: 0.469 Wh


RAxML-NG v. 1.1.0-master released on 04.08.2022 by The Exelixis Lab.
Developed by: Alexey M. Kozlov and Alexandros Stamatakis.
Contributors: Diego Darriba, Tomas Flouri, Benoit Morel, Sarah Lutteropp, Ben Bettisworth.
Latest version: https://github.com/amkozlov/raxml-ng
Questions/problems/suggestions? Please visit: https://groups.google.com/forum/#!forum/raxml

System: Intel(R) Xeon(R) Gold 6132 CPU @ 2.60GHz, 28 cores, 125 GB RAM

RAxML-NG was called at 14-Oct-2025 19:16:23 as follows:

/datausers/ioit/thaontp/tranthanhvan235/raxml-ng/build/bin/raxml-ng --start --msa /datausers/ioit/thaontp/tranthanhvan235/data_treebase/remainMSAs/dna_M7964_640_25260.phy --tree pars{1} --prefix training_data/dna_M7964_640_25260.phy/output_files/parsimony/seed_32 --model GTR+G --seed 32

Analysis options:
  run mode: Starting tree generation
  start tree(s): parsimony (1)
  random seed: 32
  SIMD kernels: AVX2
  parallelization: coarse-grained (auto), PTHREADS (auto)

[00:00:00] Reading alignment from file: /datausers/ioit/thaontp/tranthanhvan235/data_treebase/remainMSAs/dna_M7964_640_25260.phy
[00:00:00] Loaded alignment with 640 taxa and 25260 sites

Alignment comprises 1 partitions and 21291 patterns

Partition 0: noname
Model: GTR+FO+G4m
Alignment sites / patterns: 25260 / 21291
Gaps: 41.41 %
Invariant sites: 25.71 %


NOTE: Binary MSA file created: training_data/dna_M7964_640_25260.phy/output_files/parsimony/seed_32.raxml.rba

[00:00:00] Generating 1 parsimony starting tree(s) with 640 taxa
Parsimony score: 260011

All starting trees saved to: /datausers/ioit/thaontp/minhminh/difficulty-prediction-training-data/training_data/dna_M7964_640_25260.phy/output_files/parsimony/seed_32.raxml.startTree


Execution log saved to: /datausers/ioit/thaontp/minhminh/difficulty-prediction-training-data/training_data/dna_M7964_640_25260.phy/output_files/parsimony/seed_32.raxml.log

Analysis started: 14-Oct-2025 19:16:23 / finished: 14-Oct-2025 19:16:29

Elapsed time: 6.222 seconds

Consumed energy: 0.450 Wh


RAxML-NG v. 1.1.0-master released on 04.08.2022 by The Exelixis Lab.
Developed by: Alexey M. Kozlov and Alexandros Stamatakis.
Contributors: Diego Darriba, Tomas Flouri, Benoit Morel, Sarah Lutteropp, Ben Bettisworth.
Latest version: https://github.com/amkozlov/raxml-ng
Questions/problems/suggestions? Please visit: https://groups.google.com/forum/#!forum/raxml

System: Intel(R) Xeon(R) Gold 6132 CPU @ 2.60GHz, 28 cores, 125 GB RAM

RAxML-NG was called at 08-Oct-2025 09:42:25 as follows:

/datausers/ioit/thaontp/tranthanhvan235/raxml-ng/build/bin/raxml-ng --start --msa /datausers/ioit/thaontp/tranthanhvan235/data_treebase/remainMSAs/dna_M7964_640_25260.phy --tree pars{1} --prefix training_data/dna_M7964_640_25260.phy/output_files/parsimony/seed_33 --model GTR+G --seed 33

Analysis options:
  run mode: Starting tree generation
  start tree(s): parsimony (1)
  random seed: 33
  SIMD kernels: AVX2
  parallelization: coarse-grained (auto), PTHREADS (auto)

[00:00:00] Reading alignment from file: /datausers/ioit/thaontp/tranthanhvan235/data_treebase/remainMSAs/dna_M7964_640_25260.phy
[00:00:00] Loaded alignment with 640 taxa and 25260 sites

Alignment comprises 1 partitions and 21291 patterns

Partition 0: noname
Model: GTR+FO+G4m
Alignment sites / patterns: 25260 / 21291
Gaps: 41.41 %
Invariant sites: 25.71 %


NOTE: Binary MSA file created: training_data/dna_M7964_640_25260.phy/output_files/parsimony/seed_33.raxml.rba

[00:00:00] Generating 1 parsimony starting tree(s) with 640 taxa
Parsimony score: 259466

All starting trees saved to: /datausers/ioit/thaontp/minhminh/difficulty-prediction-training-data/training_data/dna_M7964_640_25260.phy/output_files/parsimony/seed_33.raxml.startTree


Execution log saved to: /datausers/ioit/thaontp/minhminh/difficulty-prediction-training-data/training_data/dna_M7964_640_25260.phy/output_files/parsimony/seed_33.raxml.log

Analysis started: 08-Oct-2025 09:42:25 / finished: 08-Oct-2025 09:42:31

Elapsed time: 5.340 seconds

Consumed energy: 0.405 Wh


RAxML-NG v. 1.1.0-master released on 04.08.2022 by The Exelixis Lab.
Developed by: Alexey M. Kozlov and Alexandros Stamatakis.
Contributors: Diego Darriba, Tomas Flouri, Benoit Morel, Sarah Lutteropp, Ben Bettisworth.
Latest version: https://github.com/amkozlov/raxml-ng
Questions/problems/suggestions? Please visit: https://groups.google.com/forum/#!forum/raxml

System: Intel(R) Xeon(R) Gold 6132 CPU @ 2.60GHz, 28 cores, 125 GB RAM

RAxML-NG was called at 10-Oct-2025 19:47:44 as follows:

/datausers/ioit/thaontp/tranthanhvan235/raxml-ng/build/bin/raxml-ng --start --msa /datausers/ioit/thaontp/tranthanhvan235/data_treebase/remainMSAs/dna_M7964_640_25260.phy --tree pars{1} --prefix training_data/dna_M7964_640_25260.phy/output_files/parsimony/seed_34 --model GTR+G --seed 34

Analysis options:
  run mode: Starting tree generation
  start tree(s): parsimony (1)
  random seed: 34
  SIMD kernels: AVX2
  parallelization: coarse-grained (auto), PTHREADS (auto)

[00:00:00] Reading alignment from file: /datausers/ioit/thaontp/tranthanhvan235/data_treebase/remainMSAs/dna_M7964_640_25260.phy
[00:00:00] Loaded alignment with 640 taxa and 25260 sites

Alignment comprises 1 partitions and 21291 patterns

Partition 0: noname
Model: GTR+FO+G4m
Alignment sites / patterns: 25260 / 21291
Gaps: 41.41 %
Invariant sites: 25.71 %


NOTE: Binary MSA file created: training_data/dna_M7964_640_25260.phy/output_files/parsimony/seed_34.raxml.rba

[00:00:00] Generating 1 parsimony starting tree(s) with 640 taxa
Parsimony score: 258695

All starting trees saved to: /datausers/ioit/thaontp/minhminh/difficulty-prediction-training-data/training_data/dna_M7964_640_25260.phy/output_files/parsimony/seed_34.raxml.startTree


Execution log saved to: /datausers/ioit/thaontp/minhminh/difficulty-prediction-training-data/training_data/dna_M7964_640_25260.phy/output_files/parsimony/seed_34.raxml.log

Analysis started: 10-Oct-2025 19:47:44 / finished: 10-Oct-2025 19:47:50

Elapsed time: 6.378 seconds

Consumed energy: 0.493 Wh


RAxML-NG v. 1.1.0-master released on 04.08.2022 by The Exelixis Lab.
Developed by: Alexey M. Kozlov and Alexandros Stamatakis.
Contributors: Diego Darriba, Tomas Flouri, Benoit Morel, Sarah Lutteropp, Ben Bettisworth.
Latest version: https://github.com/amkozlov/raxml-ng
Questions/problems/suggestions? Please visit: https://groups.google.com/forum/#!forum/raxml

System: Intel(R) Xeon(R) Gold 6132 CPU @ 2.60GHz, 28 cores, 125 GB RAM

RAxML-NG was called at 03-Oct-2025 09:34:41 as follows:

/datausers/ioit/thaontp/tranthanhvan235/raxml-ng/build/bin/raxml-ng --start --msa /datausers/ioit/thaontp/tranthanhvan235/data_treebase/remainMSAs/dna_M7964_640_25260.phy --tree pars{1} --prefix training_data/dna_M7964_640_25260.phy/output_files/parsimony/seed_35 --model GTR+G --seed 35

Analysis options:
  run mode: Starting tree generation
  start tree(s): parsimony (1)
  random seed: 35
  SIMD kernels: AVX2
  parallelization: coarse-grained (auto), PTHREADS (auto)

[00:00:00] Reading alignment from file: /datausers/ioit/thaontp/tranthanhvan235/data_treebase/remainMSAs/dna_M7964_640_25260.phy
[00:00:00] Loaded alignment with 640 taxa and 25260 sites

Alignment comprises 1 partitions and 21291 patterns

Partition 0: noname
Model: GTR+FO+G4m
Alignment sites / patterns: 25260 / 21291
Gaps: 41.41 %
Invariant sites: 25.71 %


NOTE: Binary MSA file created: training_data/dna_M7964_640_25260.phy/output_files/parsimony/seed_35.raxml.rba

[00:00:00] Generating 1 parsimony starting tree(s) with 640 taxa
Parsimony score: 259012

All starting trees saved to: /datausers/ioit/thaontp/minhminh/difficulty-prediction-training-data/training_data/dna_M7964_640_25260.phy/output_files/parsimony/seed_35.raxml.startTree


Execution log saved to: /datausers/ioit/thaontp/minhminh/difficulty-prediction-training-data/training_data/dna_M7964_640_25260.phy/output_files/parsimony/seed_35.raxml.log

Analysis started: 03-Oct-2025 09:34:41 / finished: 03-Oct-2025 09:34:47

Elapsed time: 6.048 seconds

Consumed energy: 0.454 Wh


RAxML-NG v. 1.1.0-master released on 04.08.2022 by The Exelixis Lab.
Developed by: Alexey M. Kozlov and Alexandros Stamatakis.
Contributors: Diego Darriba, Tomas Flouri, Benoit Morel, Sarah Lutteropp, Ben Bettisworth.
Latest version: https://github.com/amkozlov/raxml-ng
Questions/problems/suggestions? Please visit: https://groups.google.com/forum/#!forum/raxml

System: Intel(R) Xeon(R) Gold 6132 CPU @ 2.60GHz, 28 cores, 125 GB RAM

RAxML-NG was called at 09-Oct-2025 11:46:25 as follows:

/datausers/ioit/thaontp/tranthanhvan235/raxml-ng/build/bin/raxml-ng --start --msa /datausers/ioit/thaontp/tranthanhvan235/data_treebase/remainMSAs/dna_M7964_640_25260.phy --tree pars{1} --prefix training_data/dna_M7964_640_25260.phy/output_files/parsimony/seed_36 --model GTR+G --seed 36

Analysis options:
  run mode: Starting tree generation
  start tree(s): parsimony (1)
  random seed: 36
  SIMD kernels: AVX2
  parallelization: coarse-grained (auto), PTHREADS (auto)

[00:00:00] Reading alignment from file: /datausers/ioit/thaontp/tranthanhvan235/data_treebase/remainMSAs/dna_M7964_640_25260.phy
[00:00:00] Loaded alignment with 640 taxa and 25260 sites

Alignment comprises 1 partitions and 21291 patterns

Partition 0: noname
Model: GTR+FO+G4m
Alignment sites / patterns: 25260 / 21291
Gaps: 41.41 %
Invariant sites: 25.71 %


NOTE: Binary MSA file created: training_data/dna_M7964_640_25260.phy/output_files/parsimony/seed_36.raxml.rba

[00:00:00] Generating 1 parsimony starting tree(s) with 640 taxa
Parsimony score: 259149

All starting trees saved to: /datausers/ioit/thaontp/minhminh/difficulty-prediction-training-data/training_data/dna_M7964_640_25260.phy/output_files/parsimony/seed_36.raxml.startTree


Execution log saved to: /datausers/ioit/thaontp/minhminh/difficulty-prediction-training-data/training_data/dna_M7964_640_25260.phy/output_files/parsimony/seed_36.raxml.log

Analysis started: 09-Oct-2025 11:46:25 / finished: 09-Oct-2025 11:46:32

Elapsed time: 7.361 seconds

Consumed energy: 0.552 Wh


RAxML-NG v. 1.1.0-master released on 04.08.2022 by The Exelixis Lab.
Developed by: Alexey M. Kozlov and Alexandros Stamatakis.
Contributors: Diego Darriba, Tomas Flouri, Benoit Morel, Sarah Lutteropp, Ben Bettisworth.
Latest version: https://github.com/amkozlov/raxml-ng
Questions/problems/suggestions? Please visit: https://groups.google.com/forum/#!forum/raxml

System: Intel(R) Xeon(R) Gold 6132 CPU @ 2.60GHz, 28 cores, 125 GB RAM

RAxML-NG was called at 10-Oct-2025 23:53:48 as follows:

/datausers/ioit/thaontp/tranthanhvan235/raxml-ng/build/bin/raxml-ng --start --msa /datausers/ioit/thaontp/tranthanhvan235/data_treebase/remainMSAs/dna_M7964_640_25260.phy --tree pars{1} --prefix training_data/dna_M7964_640_25260.phy/output_files/parsimony/seed_37 --model GTR+G --seed 37

Analysis options:
  run mode: Starting tree generation
  start tree(s): parsimony (1)
  random seed: 37
  SIMD kernels: AVX2
  parallelization: coarse-grained (auto), PTHREADS (auto)

[00:00:00] Reading alignment from file: /datausers/ioit/thaontp/tranthanhvan235/data_treebase/remainMSAs/dna_M7964_640_25260.phy
[00:00:00] Loaded alignment with 640 taxa and 25260 sites

Alignment comprises 1 partitions and 21291 patterns

Partition 0: noname
Model: GTR+FO+G4m
Alignment sites / patterns: 25260 / 21291
Gaps: 41.41 %
Invariant sites: 25.71 %


NOTE: Binary MSA file created: training_data/dna_M7964_640_25260.phy/output_files/parsimony/seed_37.raxml.rba

[00:00:00] Generating 1 parsimony starting tree(s) with 640 taxa
Parsimony score: 258981

All starting trees saved to: /datausers/ioit/thaontp/minhminh/difficulty-prediction-training-data/training_data/dna_M7964_640_25260.phy/output_files/parsimony/seed_37.raxml.startTree


Execution log saved to: /datausers/ioit/thaontp/minhminh/difficulty-prediction-training-data/training_data/dna_M7964_640_25260.phy/output_files/parsimony/seed_37.raxml.log

Analysis started: 10-Oct-2025 23:53:48 / finished: 10-Oct-2025 23:53:53

Elapsed time: 5.557 seconds

Consumed energy: 0.424 Wh


RAxML-NG v. 1.1.0-master released on 04.08.2022 by The Exelixis Lab.
Developed by: Alexey M. Kozlov and Alexandros Stamatakis.
Contributors: Diego Darriba, Tomas Flouri, Benoit Morel, Sarah Lutteropp, Ben Bettisworth.
Latest version: https://github.com/amkozlov/raxml-ng
Questions/problems/suggestions? Please visit: https://groups.google.com/forum/#!forum/raxml

System: Intel(R) Xeon(R) Gold 6132 CPU @ 2.60GHz, 28 cores, 125 GB RAM

RAxML-NG was called at 07-Oct-2025 05:19:31 as follows:

/datausers/ioit/thaontp/tranthanhvan235/raxml-ng/build/bin/raxml-ng --start --msa /datausers/ioit/thaontp/tranthanhvan235/data_treebase/remainMSAs/dna_M7964_640_25260.phy --tree pars{1} --prefix training_data/dna_M7964_640_25260.phy/output_files/parsimony/seed_38 --model GTR+G --seed 38

Analysis options:
  run mode: Starting tree generation
  start tree(s): parsimony (1)
  random seed: 38
  SIMD kernels: AVX2
  parallelization: coarse-grained (auto), PTHREADS (auto)

[00:00:00] Reading alignment from file: /datausers/ioit/thaontp/tranthanhvan235/data_treebase/remainMSAs/dna_M7964_640_25260.phy
[00:00:00] Loaded alignment with 640 taxa and 25260 sites

Alignment comprises 1 partitions and 21291 patterns

Partition 0: noname
Model: GTR+FO+G4m
Alignment sites / patterns: 25260 / 21291
Gaps: 41.41 %
Invariant sites: 25.71 %


NOTE: Binary MSA file created: training_data/dna_M7964_640_25260.phy/output_files/parsimony/seed_38.raxml.rba

[00:00:00] Generating 1 parsimony starting tree(s) with 640 taxa
Parsimony score: 258715

All starting trees saved to: /datausers/ioit/thaontp/minhminh/difficulty-prediction-training-data/training_data/dna_M7964_640_25260.phy/output_files/parsimony/seed_38.raxml.startTree


Execution log saved to: /datausers/ioit/thaontp/minhminh/difficulty-prediction-training-data/training_data/dna_M7964_640_25260.phy/output_files/parsimony/seed_38.raxml.log

Analysis started: 07-Oct-2025 05:19:31 / finished: 07-Oct-2025 05:19:37

Elapsed time: 6.301 seconds

Consumed energy: 0.461 Wh


RAxML-NG v. 1.1.0-master released on 04.08.2022 by The Exelixis Lab.
Developed by: Alexey M. Kozlov and Alexandros Stamatakis.
Contributors: Diego Darriba, Tomas Flouri, Benoit Morel, Sarah Lutteropp, Ben Bettisworth.
Latest version: https://github.com/amkozlov/raxml-ng
Questions/problems/suggestions? Please visit: https://groups.google.com/forum/#!forum/raxml

System: Intel(R) Xeon(R) Gold 6132 CPU @ 2.60GHz, 28 cores, 125 GB RAM

RAxML-NG was called at 01-Oct-2025 07:42:54 as follows:

/datausers/ioit/thaontp/tranthanhvan235/raxml-ng/build/bin/raxml-ng --start --msa /datausers/ioit/thaontp/tranthanhvan235/data_treebase/remainMSAs/dna_M7964_640_25260.phy --tree pars{1} --prefix training_data/dna_M7964_640_25260.phy/output_files/parsimony/seed_39 --model GTR+G --seed 39

Analysis options:
  run mode: Starting tree generation
  start tree(s): parsimony (1)
  random seed: 39
  SIMD kernels: AVX2
  parallelization: coarse-grained (auto), PTHREADS (auto)

[00:00:00] Reading alignment from file: /datausers/ioit/thaontp/tranthanhvan235/data_treebase/remainMSAs/dna_M7964_640_25260.phy
[00:00:00] Loaded alignment with 640 taxa and 25260 sites

Alignment comprises 1 partitions and 21291 patterns

Partition 0: noname
Model: GTR+FO+G4m
Alignment sites / patterns: 25260 / 21291
Gaps: 41.41 %
Invariant sites: 25.71 %


NOTE: Binary MSA file created: training_data/dna_M7964_640_25260.phy/output_files/parsimony/seed_39.raxml.rba

[00:00:00] Generating 1 parsimony starting tree(s) with 640 taxa
Parsimony score: 259066

All starting trees saved to: /datausers/ioit/thaontp/minhminh/difficulty-prediction-training-data/training_data/dna_M7964_640_25260.phy/output_files/parsimony/seed_39.raxml.startTree


Execution log saved to: /datausers/ioit/thaontp/minhminh/difficulty-prediction-training-data/training_data/dna_M7964_640_25260.phy/output_files/parsimony/seed_39.raxml.log

Analysis started: 01-Oct-2025 07:42:54 / finished: 01-Oct-2025 07:43:00

Elapsed time: 5.560 seconds

Consumed energy: 0.427 Wh


RAxML-NG v. 1.1.0-master released on 04.08.2022 by The Exelixis Lab.
Developed by: Alexey M. Kozlov and Alexandros Stamatakis.
Contributors: Diego Darriba, Tomas Flouri, Benoit Morel, Sarah Lutteropp, Ben Bettisworth.
Latest version: https://github.com/amkozlov/raxml-ng
Questions/problems/suggestions? Please visit: https://groups.google.com/forum/#!forum/raxml

System: Intel(R) Xeon(R) Gold 6132 CPU @ 2.60GHz, 28 cores, 125 GB RAM

RAxML-NG was called at 10-Oct-2025 19:47:30 as follows:

/datausers/ioit/thaontp/tranthanhvan235/raxml-ng/build/bin/raxml-ng --start --msa /datausers/ioit/thaontp/tranthanhvan235/data_treebase/remainMSAs/dna_M7964_640_25260.phy --tree pars{1} --prefix training_data/dna_M7964_640_25260.phy/output_files/parsimony/seed_40 --model GTR+G --seed 40

Analysis options:
  run mode: Starting tree generation
  start tree(s): parsimony (1)
  random seed: 40
  SIMD kernels: AVX2
  parallelization: coarse-grained (auto), PTHREADS (auto)

[00:00:00] Reading alignment from file: /datausers/ioit/thaontp/tranthanhvan235/data_treebase/remainMSAs/dna_M7964_640_25260.phy
[00:00:00] Loaded alignment with 640 taxa and 25260 sites

Alignment comprises 1 partitions and 21291 patterns

Partition 0: noname
Model: GTR+FO+G4m
Alignment sites / patterns: 25260 / 21291
Gaps: 41.41 %
Invariant sites: 25.71 %


NOTE: Binary MSA file created: training_data/dna_M7964_640_25260.phy/output_files/parsimony/seed_40.raxml.rba

[00:00:00] Generating 1 parsimony starting tree(s) with 640 taxa
Parsimony score: 259025

All starting trees saved to: /datausers/ioit/thaontp/minhminh/difficulty-prediction-training-data/training_data/dna_M7964_640_25260.phy/output_files/parsimony/seed_40.raxml.startTree


Execution log saved to: /datausers/ioit/thaontp/minhminh/difficulty-prediction-training-data/training_data/dna_M7964_640_25260.phy/output_files/parsimony/seed_40.raxml.log

Analysis started: 10-Oct-2025 19:47:30 / finished: 10-Oct-2025 19:47:35

Elapsed time: 5.141 seconds

Consumed energy: 0.396 Wh

