IQ-TREE version 3.0.1 for Linux x86 64-bit built Sep 23 2025
Developed by Bui Quang Minh, Thomas Wong, Nhan Ly-Trong, Huaiyan Ren
Contributed by Lam-Tung Nguyen, Dominik Schrempf, Chris Bielow,
Olga Chernomor, Michael Woodhams, Diep Thi Hoang, Heiko Schmidt

Host:    cnode04.hpc.vast.vn (AVX512, FMA3, 125 GB RAM)
Command: /datausers/ioit/thaontp/tranthanhvan235/iqtree3/build/iqtree3 -s /datausers/ioit/thaontp/tranthanhvan235/data_treebase/VAN_TRAINING_DATA/dna_M5931_298_4948.phy -pre training_data/dna_M5931_298_4948.phy/output_files/iqtree/inference/pars_9 -seed 9 -ninit 1 -T 1 -redo -n 0 -nt AUTO
Seed:    9 (Using SPRNG - Scalable Parallel Random Number Generator)
Time:    Thu Sep 25 04:13:20 2025
Kernel:  AVX+FMA - auto-detect threads (56 CPU cores detected)

Reading alignment file /datausers/ioit/thaontp/tranthanhvan235/data_treebase/VAN_TRAINING_DATA/dna_M5931_298_4948.phy ... Phylip format detected
Alignment most likely contains DNA/RNA sequences
Constructing alignment: done in 0.0779358 secs using 1023% CPU
Alignment has 298 sequences with 4948 columns, 3401 distinct patterns
1938 parsimony-informative, 816 singleton sites, 2194 constant sites
                  Gap/Ambiguity  Composition  p-value
Analyzing sequences: done in 0.0519205 secs using 2274% CPU
   1  Acrachne           80.84%    failed      1.15%
   2  Acroceras          39.43%    passed     90.19%
   3  Aegilops           54.32%    passed     37.92%
   4  Aegopogon          68.96%    failed      0.01%
   5  Aeluropus          39.73%    passed     86.67%
   6  Agropyron          20.11%    passed     58.94%
   7  Agrostis           40.72%    passed     66.84%
   8  Aira               20.59%    passed     47.73%
   9  Alloteropsis       45.82%    passed     28.08%
  10  Alopecurus         18.41%    passed     37.60%
  11  Ammophila          40.18%    passed     81.88%
  12  Ampelodesmos       39.89%    passed     56.23%
  13  Amphibromus        72.96%    failed      0.00%
  14  Amphipogon         41.71%    passed     56.69%
  15  Andropogon         22.94%    passed     72.92%
  16  Anemanthele        72.62%    failed      0.00%
  17  Anisopogon         72.84%    failed      0.00%
  18  Anomochloa         42.46%    passed     48.48%
  19  Anthoxanthum       19.16%    passed     67.84%
  20  Apera              38.08%    passed     90.80%
  21  Arctagrostis       81.87%    failed      0.19%
  22  Arctophila         52.69%    failed      1.81%
  23  Aristida           41.71%    passed     75.18%
  24  Arrhenatherum      26.25%    passed     98.97%
  25  Arthraxon          21.48%    passed     50.68%
  26  Arthrostylidium    52.93%    passed     11.38%
  27  Arundinaria        21.75%    passed     97.90%
  28  Arundo             21.14%    passed     99.64%
  29  Astrebla           49.76%    failed      0.01%
  30  Aulonemia          80.30%    passed      5.04%
  31  Australopyrum      53.38%    passed     22.56%
  32  Avena              22.49%    passed     52.42%
  33  Axonopus           40.08%    passed     72.12%
  34  Bambusa            22.80%    passed     98.48%
  35  Beckmannia         38.50%    passed     86.72%
  36  Boissiera          67.46%    failed      0.05%
  37  Borinda            19.89%    passed     97.44%
  38  Bothriochloa       40.48%    passed     91.40%
  39  Bouteloua          43.09%    passed     65.32%
  40  Brachiaria         72.96%    failed      0.00%
  41  Brachyachne        68.96%    failed      0.04%
  42  Brachyelytrum      41.79%    passed     29.79%
  43  Brachypodium       21.40%    passed     80.50%
  44  Briza              25.46%    passed     98.09%
  45  Bromus             21.58%    passed     48.41%
  46  Buchloe            68.96%    failed      0.01%
  47  Buergersiochloa    76.33%    failed      0.00%
  48  Calamagrostis      40.24%    passed     86.45%
  49  Calammophila       67.46%    failed      0.16%
  50  Calamovilfa        22.88%    passed     64.35%
  51  Castellia          21.42%    passed     63.88%
  52  Catapodium         21.60%    passed     74.53%
  53  Cenchrus           19.48%    passed     84.79%
  54  Centotheca         20.68%    passed     75.64%
  55  Centropodia        41.71%    passed     84.66%
  56  Chaetobromus       72.90%    failed      0.00%
  57  Chasmanthium       23.14%    passed     96.88%
  58  Chikusichloa       69.81%    failed      0.69%
  59  Chimonobambusa     23.06%    passed     94.99%
  60  Chloris            20.80%    passed     67.89%
  61  Chusquea           23.57%    passed     98.47%
  62  Cladoraphis        72.92%    failed      0.00%
  63  Coelachyrum        68.96%    failed      0.10%
  64  Coix               20.88%    passed     68.33%
  65  Cortaderia         21.00%    passed     69.61%
  66  Corynephorus       81.29%    failed      3.18%
  67  Cottea             68.96%    failed      0.06%
  68  Crithopsis         38.48%    passed     81.87%
  69  Crypsis            21.46%    passed     62.82%
  70  Cryptochloa        39.01%    passed     65.04%
  71  Ctenopsis          82.88%    failed      0.43%
  72  Cutandia           82.98%    failed      0.18%
  73  Cymbopogon         20.92%    passed     75.85%
  74  Cynodon            21.93%    passed     62.71%
  75  Cynosurus          55.54%    passed     13.32%
  76  Cyperochloa        72.92%    failed      0.00%
  77  Dactylis           19.99%    passed     73.07%
  78  Dactyloctenium     40.91%    passed     76.55%
  79  Danthonia          23.18%    passed     74.02%
  80  Danthoniopsis      73.67%    failed      0.00%
  81  Dendrocalamus      33.55%    passed     18.26%
  82  Deschampsia        21.52%    passed     75.29%
  83  Diarrhena          72.88%    failed      0.00%
  84  Digitaria          23.85%    passed     88.80%
  85  Dinebra            28.78%    passed     17.86%
  86  Diplachne          68.96%    failed      0.03%
  87  Drepanostachyum    19.75%    passed     99.01%
  88  Dupontia           81.69%    failed      0.45%
  89  Ecdeiocolea        27.77%    passed     57.20%
  90  Echinochloa        23.65%    passed     98.52%
  91  Ehrharta           24.86%    passed     93.86%
  92  Elegia             18.98%    passed     85.51%
  93  Eleusine           19.30%    passed     86.86%
  94  Elymus             18.78%    passed     53.69%
  95  Elytrophorus       72.86%    failed      0.00%
  96  Enneapogon         22.88%    passed     77.84%
  97  Enteropogon        68.96%    failed      0.09%
  98  Eragrostiella      68.96%    failed      0.12%
  99  Eragrostis         22.92%    passed     89.61%
 100  Eremitis           72.88%    failed      0.00%
 101  Eremium            71.10%    failed      0.00%
 102  Eremopyrum         19.06%    passed     49.77%
 103  Eriachne           74.82%    failed      0.00%
 104  Eulalia            81.10%    failed      2.95%
 105  Eustachys          42.26%    passed     67.67%
 106  Fargesia           19.97%    passed     98.73%
 107  Festuca            23.95%    passed     71.91%
 108  Fingerhuthia       41.75%    passed     58.80%
 109  Flagellaria        44.48%    passed     68.67%
 110  Gaoligongshania    83.65%    passed      7.41%
 111  Gaudinia           50.40%    passed      8.14%
 112  Gigantochloa       80.30%    passed     25.62%
 113  Glyceria           34.98%    passed     72.74%
 114  Greslania          69.64%    failed      0.00%
 115  Guaduella          75.30%    failed      0.00%
 116  Gymnopogon         68.84%    failed      0.03%
 117  Gynerium           46.16%    passed     34.41%
 118  Hainardia          40.28%    passed     29.53%
 119  Hakonechloa        82.68%    passed     10.39%
 120  Harpochloa         46.79%    passed     20.43%
 121  Haynaldia          51.33%    passed     32.04%
 122  Helictotrichon     20.92%    passed     46.09%
 123  Helleria           85.11%    passed      9.13%
 124  Henrardia          51.07%    passed     15.39%
 125  Heterachne         68.59%    failed      0.03%
 126  Heteropogon        73.22%    failed      0.00%
 127  Hibanobambusa      51.78%    failed      0.75%
 128  Hierochloe         21.20%    passed     86.31%
 129  Himalayacalamus    19.28%    passed     95.88%
 130  Holcus             21.28%    passed     63.48%
 131  Homopholis         89.37%    failed      0.15%
 132  Hordelymus         73.18%    failed      0.00%
 133  Hordeum            19.24%    passed     44.51%
 134  Hygroryza          69.81%    failed      1.75%
 135  Hymenachne         41.49%    passed     66.24%
 136  Hyparrhenia        41.59%    passed     53.29%
 137  Ichnanthus         41.75%    passed     82.39%
 138  Imperata           21.30%    passed     69.17%
 139  Indocalamus        21.46%    passed     99.80%
 140  Isachne            74.05%    failed      0.00%
 141  Ixophorus          40.04%    passed     87.49%
 142  Joinvillea         22.62%    passed     91.68%
 143  Karroochloa        72.86%    failed      0.00%
 144  Kengia             40.30%    passed     55.34%
 145  Koeleria           24.80%    passed     92.59%
 146  Lagurus            80.25%    failed      1.98%
 147  Lamarckia          55.90%    passed     18.08%
 148  Lasiacis           57.84%    passed     17.84%
 149  Leersia            42.72%    passed     32.60%
 150  Leptochloa         68.96%    failed      0.05%
 151  Lepturus           21.14%    passed     70.99%
 152  Leymus             20.65%    passed     90.59%
 153  Lintonia           68.96%    failed      0.12%
 154  Lithachne          42.50%    passed     64.74%
 155  Lolium             24.15%    passed     72.27%
 156  Lophatherum        41.86%    passed     40.93%
 157  Loudetiopsis       68.96%    failed      0.01%
 158  Luziola            69.81%    failed      0.61%
 159  Lygeum             38.92%    passed     59.38%
 160  Melanocenchris     68.96%    failed      0.01%
 161  Melica             23.12%    passed     79.91%
 162  Melinis            42.04%    passed     89.64%
 163  Melocanna          20.37%    passed     96.63%
 164  Merxmuellera       72.94%    failed      0.00%
 165  Merxmuellera_Dan   28.25%    passed     94.58%
 166  Micraira           74.21%    failed      0.00%
 167  Microchloa         42.40%    passed     86.39%
 168  Microlaena         72.80%    failed      0.00%
 169  Micropyropsis      82.86%    failed      2.57%
 170  Micropyrum         82.94%    failed      0.10%
 171  Milium             81.33%    failed      0.08%
 172  Miscanthidium      81.85%    failed      3.75%
 173  Miscanthus         20.61%    passed     73.56%
 174  Molinia            22.43%    passed     99.42%
 175  Moliniopsis        72.84%    failed      0.00%
 176  Monachather        72.86%    failed      0.00%
 177  Monanthochloe      68.96%    failed      0.05%
 178  Monodia            68.96%    failed      0.04%
 179  Muhlenbergia       41.35%    passed     77.84%
 180  Narduroides        82.96%    failed      0.19%
 181  Nardus             42.76%    passed     53.51%
 182  Nassella           23.91%    passed     97.84%
 183  Neostapfia         68.96%    failed      0.02%
 184  Neurachne          71.14%    failed      0.00%
 185  Neurolepis         52.75%    failed      3.52%
 186  Neyraudia          38.74%    passed     93.19%
 187  Oligostachyum      51.72%    failed      0.49%
 188  Olmeca             21.38%    passed     95.78%
 189  Olyra              22.84%    passed     97.05%
 190  Oplismenus         74.25%    failed      0.00%
 191  Orcuttia           68.96%    failed      0.01%
 192  Oreobambos         80.92%    failed      1.62%
 193  Orthoclada         41.41%    passed     39.92%
 194  Oryza              21.89%    passed     78.50%
 195  Oryzopsis          80.92%    passed     23.89%
 196  Otatea             19.52%    passed     94.93%
 197  Oxychloris         68.96%    failed      0.10%
 198  Panicum            23.28%    passed     97.38%
 199  Pappophorum        68.96%    failed      0.06%
 200  Parafestuca        87.27%    passed     56.25%
 201  Parapholis         22.21%    passed     75.49%
 202  Pariana            26.66%    passed     94.28%
 203  Paspalum           79.77%    passed      6.12%
 204  Pennisetum         19.81%    passed     78.18%
 205  Peridictyon        51.48%    passed     15.32%
 206  Perotis            25.36%    passed     72.39%
 207  Phaenosperma       44.30%    passed     72.07%
 208  Phalaris           21.75%    passed     92.43%
 209  Pharus             22.37%    passed     94.15%
 210  Phleum             41.79%    passed     78.95%
 211  Phragmites         23.26%    passed     95.70%
 212  Phyllostachys      23.69%    passed     97.41%
 213  Piptatherum        72.84%    failed      0.00%
 214  Piptochaetium      67.28%    failed      0.22%
 215  Plectrachne        68.96%    failed      0.07%
 216  Pleuraphis         68.96%    failed      0.03%
 217  Plinthanthesis     72.88%    failed      0.00%
 218  Poa                25.63%    passed     96.86%
 219  Pogonatherum       37.67%    passed     99.81%
 220  Polypogon          39.01%    passed     73.32%
 221  Potamophila        69.81%    failed      1.58%
 222  Prosphytochloa     69.81%    failed      1.74%
 223  Psathyrostachys    19.00%    passed     43.28%
 224  Pseudoroegneria    51.35%    passed     26.11%
 225  Pseudosasa         21.30%    passed     99.06%
 226  Pseudostachyum     81.65%    failed      2.16%
 227  Psilurus           54.14%    passed      5.66%
 228  Puccinellia        55.30%    passed      5.45%
 229  Puelia             74.62%    failed      0.00%
 230  Racemobambos       80.78%    failed      3.58%
 231  Raddia             19.52%    passed     90.01%
 232  Restio             19.81%    passed     81.15%
 233  Rhipidocladum      80.86%    failed      0.41%
 234  Rhynchelytrum      39.17%    passed     85.73%
 235  Rhynchoryza        69.68%    failed      0.50%
 236  Rytidosperma       39.05%    passed     91.45%
 237  Saccharum          22.86%    passed     56.04%
 238  Sacciolepis        42.34%    passed     85.26%
 239  Sasa               21.40%    passed     97.70%
 240  Schedonnardus      68.96%    failed      0.01%
 241  Schedonorus        72.78%    failed      0.00%
 242  Schismus           72.90%    failed      0.00%
 243  Schizachyrium      80.88%    failed      1.69%
 244  Schizostachyum     21.32%    passed     97.93%
 245  Schmidtia          68.96%    failed      0.03%
 246  Sclerochloa        84.36%    failed      0.44%
 247  Secale             52.34%    passed     37.81%
 248  Sesleria           20.27%    passed     95.49%
 249  Setaria            20.80%    passed     84.06%
 250  Shibataea          20.74%    passed     99.68%
 251  Simplicia          72.92%    failed      0.00%
 252  Sinobambusa        20.21%    passed     97.79%
 253  Sorghastrum        49.88%    passed     35.26%
 254  Sorghum            22.21%    passed     90.87%
 255  Spartina           22.33%    passed     88.05%
 256  Spartochloa        82.30%    failed      1.58%
 257  Sphenopus          83.08%    failed      0.14%
 258  Spodiopogon        21.44%    passed     68.59%
 259  Sporobolus         22.72%    passed     69.60%
 260  Stenostachys       73.12%    failed      0.00%
 261  Stenotaphrum       41.71%    passed     94.32%
 262  Stipa              22.72%    passed     98.69%
 263  Stipagrostis       72.84%    failed      0.00%
 264  Streptochaeta      22.51%    passed     86.48%
 265  Streptogyna        72.23%    failed      0.00%
 266  Styppeiochloa      72.86%    failed      0.00%
 267  Taeniatherum       19.08%    passed     48.01%
 268  Tetrachne          68.96%    failed      0.04%
 269  Tetrapogon         68.96%    failed      0.06%
 270  Thamnocalamus      20.74%    passed     98.45%
 271  Themeda            83.49%    failed      0.25%
 272  Thinopyrum         53.19%    passed     50.56%
 273  Thyrsostachys      25.38%    passed     96.00%
 274  Thysanolaena       27.57%    passed     84.72%
 275  Trachypogon        39.57%    passed     92.62%
 276  Tragus             22.15%    passed     82.57%
 277  Trichloris         68.96%    failed      0.05%
 278  Trichoneura        68.96%    failed      0.05%
 279  Tridens            68.96%    failed      0.10%
 280  Triodia            68.96%    failed      0.07%
 281  Tripsacum          72.70%    failed      0.00%
 282  Triraphis          68.96%    failed      0.06%
 283  Trisetum           26.27%    passed     89.27%
 284  Tristachya         41.71%    passed     60.86%
 285  Triticosecale      67.36%    failed      0.12%
 286  Triticum           15.38%    passed     38.85%
 287  Tuctoria           68.96%    failed      0.01%
 288  Uniola             41.17%    passed     65.27%
 289  Urochloa           38.24%    passed     71.48%
 290  Vaseyochloa        50.06%    failed      0.01%
 291  Vulpia             24.51%    passed     91.12%
 292  Wangenheimia       83.12%    failed      0.13%
 293  Yushania           19.28%    passed     94.16%
 294  Zea                19.79%    passed     66.67%
 295  Zeugites           45.21%    passed     72.18%
 296  Zizania            42.38%    passed      8.46%
 297  Zizaniopsis        69.56%    failed      0.62%
 298  Zoysia             26.37%    passed     21.93%
WARNING: 133 sequences contain more than 50% gaps/ambiguity
****  TOTAL              47.67%  111 sequences failed composition chi2 test (p-value<5%; df=3)
Checking for duplicate sequences: done in 0.0482599 secs using 2388% CPU


Create initial parsimony tree by phylogenetic likelihood library (PLL)... 0.305 seconds
Measuring multi-threading efficiency up to 56 CPU cores
Increase to 10 rounds for branch lengths
8 trees examined
Threads: 1 / Time: 62.579 sec / Speedup: 1.000 / Efficiency: 100% / LogL: -133271
Threads: 2 / Time: 30.856 sec / Speedup: 2.028 / Efficiency: 101% / LogL: -133271
Threads: 3 / Time: 30.309 sec / Speedup: 2.065 / Efficiency: 69% / LogL: -133271
Threads: 4 / Time: 30.862 sec / Speedup: 2.028 / Efficiency: 51% / LogL: -133271
Threads: 5 / Time: 23.777 sec / Speedup: 2.632 / Efficiency: 53% / LogL: -133271
Threads: 6 / Time: 26.261 sec / Speedup: 2.383 / Efficiency: 40% / LogL: -133271
Determining AUTO threadcount: done in 204.658 secs using 262.5% CPU
BEST NUMBER OF THREADS: 5

Perform fast likelihood tree search using GTR+I+G model...
Estimate model parameters (epsilon = 5.000)
Perform nearest neighbor interchange...
Estimate model parameters (epsilon = 1.000)
1. Initial log-likelihood: -71309.668
Optimal log-likelihood: -71309.116
Rate parameters:  A-C: 1.08855  A-G: 2.20535  A-T: 0.70233  C-G: 0.94118  C-T: 2.36121  G-T: 1.00000
Base frequencies:  A: 0.299  C: 0.181  G: 0.195  T: 0.326
Proportion of invariable sites: 0.208
Gamma shape alpha: 0.483
Parameters optimization took 1 rounds (0.988 sec)
Time for fast ML tree search: 15.166 seconds

NOTE: ModelFinder requires 329 MB RAM!
ModelFinder will test up to 968 DNA models (sample size: 4948 epsilon: 0.100) ...
 No. Model         -LnL         df  AIC          AICc         BIC
  1  JC            79405.044    593 159996.089   160157.890   163854.585
  2  JC+I          75981.990    594 153151.979   153314.364   157016.982
  3  JC+G4         72930.145    594 147048.291   147210.675   150913.294
  4  JC+I+G4       72804.345    595 146798.690   146961.658   150670.199
  5  JC+R2         73811.017    595 148812.034   148975.003   152683.544
  6  JC+R3         72591.324    597 146376.648   146540.788   150261.171
  7  JC+R4         72277.747    599 145753.494   145918.812   149651.031
  8  JC+R5         72226.683    601 145655.366   145821.864   149565.916
  9  JC+R6         72208.720    603 145623.441   145791.126   149547.004
 10  JC+R7         72207.423    605 145624.846   145793.722   149561.423
 14  JC+I+R2       73104.821    596 147401.642   147565.196   151279.658
 15  JC+I+R3       72400.440    598 145996.879   146161.608   149887.909
 16  JC+I+R4       72239.188    600 145678.376   145844.284   149582.419
 17  JC+I+R5       72211.386    602 145626.773   145793.864   149543.830
 18  JC+I+R6       72208.578    604 145625.156   145793.436   149555.226
 31  JC+R6         72208.720    603 145623.441   145791.126   149547.004
 39  JC+I+R5       72211.386    602 145626.773   145793.864   149543.830
 53  F81+R6        72208.503    603 145623.005   145790.691   149546.569
 61  F81+I+R5      72211.261    602 145626.522   145793.613   149543.579
 75  F81+F+R6      71822.140    606 144856.279   145025.753   148799.363
 83  F81+F+I+R5    71832.990    605 144875.980   145044.856   148812.557
 97  K2P+R6        71199.781    604 143607.563   143775.843   147537.633
105  K2P+I+R5      71213.205    603 143632.411   143800.096   147555.974
119  K2P+R6        71199.781    604 143607.563   143775.843   147537.633
127  K2P+I+R5      71213.205    603 143632.411   143800.096   147555.974
141  HKY+R6        71198.675    604 143605.349   143773.629   147535.419
149  HKY+I+R5      71213.230    603 143632.461   143800.146   147556.024
163  HKY+F+R6      70734.206    607 142682.412   142852.484   146632.002
171  HKY+F+I+R5    70744.372    606 142700.743   142870.217   146643.827
185  TNe+R6        71192.715    605 143595.430   143764.306   147532.007
193  TNe+I+R5      71200.154    604 143608.309   143776.589   147538.379
207  TNe+R6        71192.715    605 143595.430   143764.306   147532.007
215  TNe+I+R5      71200.154    604 143608.309   143776.589   147538.379
229  TN+R6         71192.587    605 143595.175   143764.051   147531.752
237  TN+I+R5       71199.988    604 143607.976   143776.256   147538.046
251  TN+F+R6       70729.616    608 142675.231   142845.903   146631.328
259  TN+F+I+R5     70739.498    607 142692.996   142863.068   146642.587
273  K3P+R6        71178.995    605 143567.990   143736.866   147504.566
281  K3P+I+R5      71194.021    604 143596.042   143764.322   147526.112
295  K3P+R6        71178.995    605 143567.990   143736.866   147504.566
303  K3P+I+R5      71194.021    604 143596.042   143764.322   147526.112
317  K3Pu+R6       71179.141    605 143568.281   143737.157   147504.858
325  K3Pu+I+R5     71194.029    604 143596.057   143764.337   147526.128
339  K3Pu+F+R6     70690.916    608 142597.833   142768.504   146553.930
347  K3Pu+F+I+R5   70702.284    607 142618.568   142788.640   146568.158
361  TPM2+R6       71159.607    605 143529.214   143698.090   147465.791
369  TPM2+I+R5     71176.118    604 143560.237   143728.517   147490.307
383  TPM2+R6       71159.607    605 143529.214   143698.090   147465.791
391  TPM2+I+R5     71176.118    604 143560.237   143728.517   147490.307
405  TPM2u+R6      71159.823    605 143529.645   143698.521   147466.222
413  TPM2u+I+R5    71176.160    604 143560.321   143728.601   147490.391
427  TPM2u+F+R6    70730.344    608 142676.689   142847.361   146632.786
435  TPM2u+F+I+R5  70740.522    607 142695.045   142865.117   146644.635
449  TPM3+R6       71162.918    605 143535.837   143704.713   147472.414
457  TPM3+I+R5     71172.045    604 143552.090   143720.370   147482.160
471  TPM3+R6       71162.918    605 143535.837   143704.713   147472.414
479  TPM3+I+R5     71172.045    604 143552.090   143720.370   147482.160
493  TPM3u+R6      71162.922    605 143535.843   143704.719   147472.420
501  TPM3u+I+R5    71171.738    604 143551.476   143719.756   147481.546
515  TPM3u+F+R6    70703.540    608 142623.080   142793.752   146579.177
523  TPM3u+F+I+R5  70715.803    607 142645.607   142815.679   146595.197
537  TIMe+R6       71173.398    606 143558.795   143728.269   147501.879
545  TIMe+I+R5     71179.722    605 143569.444   143738.320   147506.021
559  TIMe+R6       71173.398    606 143558.795   143728.269   147501.879
567  TIMe+I+R5     71179.722    605 143569.444   143738.320   147506.021
581  TIM+R6        71173.291    606 143558.583   143728.056   147501.666
589  TIM+I+R5      71179.625    605 143569.251   143738.127   147505.828
603  TIM+F+R6      70686.160    609 142590.321   142761.593   146552.925
611  TIM+F+I+R5    70697.242    608 142610.484   142781.156   146566.581
625  TIM2e+R6      71154.345    606 143520.691   143690.164   147463.775
633  TIM2e+I+R5    71162.527    605 143535.054   143703.930   147471.631
647  TIM2e+R6      71154.345    606 143520.691   143690.164   147463.775
655  TIM2e+I+R5    71162.527    605 143535.054   143703.930   147471.631
669  TIM2+R6       71154.232    606 143520.464   143689.938   147463.548
677  TIM2+I+R5     71162.392    605 143534.784   143703.660   147471.361
691  TIM2+F+R6     70725.819    609 142669.637   142840.909   146632.241
699  TIM2+F+I+R5   70736.145    608 142688.290   142858.962   146644.387
713  TIM3e+R6      71157.187    606 143526.375   143695.848   147469.459
721  TIM3e+I+R5    71164.782    605 143539.564   143708.440   147476.141
735  TIM3e+R6      71157.187    606 143526.375   143695.848   147469.459
743  TIM3e+I+R5    71164.782    605 143539.564   143708.440   147476.141
757  TIM3+R6       71157.077    606 143526.154   143695.627   147469.237
765  TIM3+I+R5     71164.656    605 143539.312   143708.188   147475.888
779  TIM3+F+R6     70696.367    609 142610.735   142782.007   146573.339
787  TIM3+F+I+R5   70708.298    608 142632.596   142803.268   146588.693
801  TVMe+R6       71094.299    607 143402.599   143572.671   147352.189
809  TVMe+I+R5     71103.847    606 143419.695   143589.168   147362.778
823  TVMe+R6       71094.299    607 143402.599   143572.671   147352.189
831  TVMe+I+R5     71103.847    606 143419.695   143589.168   147362.778
845  TVM+R6        71094.197    607 143402.393   143572.465   147351.984
853  TVM+I+R5      71103.824    606 143419.648   143589.121   147362.731
867  TVM+F+R6      70667.979    610 142555.959   142727.834   146525.070
875  TVM+F+I+R5    70681.976    609 142581.952   142753.224   146544.556
889  SYM+R6        71089.436    608 143394.871   143565.543   147350.968
897  SYM+I+R5      71096.979    607 143407.957   143578.029   147357.548
911  SYM+R6        71089.436    608 143394.871   143565.543   147350.968
919  SYM+I+R5      71096.979    607 143407.957   143578.029   147357.548
933  GTR+R6        71089.340    608 143394.680   143565.352   147350.778
941  GTR+I+R5      71096.951    607 143407.901   143577.973   147357.491
955  GTR+F+R6      70661.685    611 142545.371   142717.849   146520.988
963  GTR+F+I+R5    70675.133    610 142570.266   142742.141   146539.377
Akaike Information Criterion:           GTR+F+R6
Corrected Akaike Information Criterion: GTR+F+R6
Bayesian Information Criterion:         GTR+F+R6
Best-fit model: GTR+F+R6 chosen according to BIC

All model information printed to training_data/dna_M5931_298_4948.phy/output_files/iqtree/inference/pars_9.model.gz
CPU time for ModelFinder: 10594.335 seconds (2h:56m:34s)
Wall-clock time for ModelFinder: 2756.320 seconds (0h:45m:56s)

NOTE: 197 MB RAM (0 GB) is required!
Estimate model parameters (epsilon = 0.010)
1. Initial log-likelihood: -70662.093
2. Current log-likelihood: -70661.565
3. Current log-likelihood: -70661.504
4. Current log-likelihood: -70661.475
5. Current log-likelihood: -70661.451
6. Current log-likelihood: -70661.440
7. Current log-likelihood: -70661.430
Optimal log-likelihood: -70661.414
Rate parameters:  A-C: 1.18801  A-G: 2.30589  A-T: 0.72364  C-G: 0.98525  C-T: 2.60707  G-T: 1.00000
Base frequencies:  A: 0.299  C: 0.181  G: 0.195  T: 0.326
Site proportion and rates:  (0.477,0.043) (0.313,0.453) (0.130,1.241) (0.034,2.965) (0.028,7.546) (0.017,20.747)
Parameters optimization took 7 rounds (33.863 sec)
Wrote distance file to... 
BEST SCORE FOUND : -70661.414
Total tree length: 9.088

Total number of iterations: 0
CPU time used for tree search: 0.000 sec (0h:0m:0s)
Wall-clock time used for tree search: 0.000 sec (0h:0m:0s)
Total CPU time used: 10724.109 sec (2h:58m:44s)
Total wall-clock time used: 2790.457 sec (0h:46m:30s)

Analysis results written to: 
  IQ-TREE report:                training_data/dna_M5931_298_4948.phy/output_files/iqtree/inference/pars_9.iqtree
  Maximum-likelihood tree:       training_data/dna_M5931_298_4948.phy/output_files/iqtree/inference/pars_9.treefile
  Screen log file:               training_data/dna_M5931_298_4948.phy/output_files/iqtree/inference/pars_9.log

Date and Time: Thu Sep 25 04:59:52 2025
ee/inference/pars_9.log

Date and Time: Thu Sep 25 04:59:52 2025
