IQ-TREE version 3.0.1 for Linux x86 64-bit built Sep 23 2025
Developed by Bui Quang Minh, Thomas Wong, Nhan Ly-Trong, Huaiyan Ren
Contributed by Lam-Tung Nguyen, Dominik Schrempf, Chris Bielow,
Olga Chernomor, Michael Woodhams, Diep Thi Hoang, Heiko Schmidt

Host:    cnode04.hpc.vast.vn (AVX512, FMA3, 125 GB RAM)
Command: /datausers/ioit/thaontp/tranthanhvan235/iqtree3/build/iqtree3 -s /datausers/ioit/thaontp/tranthanhvan235/data_treebase/VAN_TRAINING_DATA/dna_M5931_298_4948.phy -pre training_data/dna_M5931_298_4948.phy/output_files/iqtree/inference/rand -seed 0 -t RANDOM -T 1 -redo -n 3 -ninit 20 -xgphy -xgphy_nni_count 3 -nt AUTO
Seed:    0 (Using SPRNG - Scalable Parallel Random Number Generator)
Time:    Wed Sep 24 21:12:56 2025
Kernel:  AVX+FMA - auto-detect threads (56 CPU cores detected)

Reading alignment file /datausers/ioit/thaontp/tranthanhvan235/data_treebase/VAN_TRAINING_DATA/dna_M5931_298_4948.phy ... Phylip format detected
Alignment most likely contains DNA/RNA sequences
Constructing alignment: done in 0.0537398 secs using 1435% CPU
Alignment has 298 sequences with 4948 columns, 3401 distinct patterns
1938 parsimony-informative, 816 singleton sites, 2194 constant sites
                  Gap/Ambiguity  Composition  p-value
Analyzing sequences: done in 0.0586786 secs using 2256% CPU
   1  Acrachne           80.84%    failed      1.15%
   2  Acroceras          39.43%    passed     90.19%
   3  Aegilops           54.32%    passed     37.92%
   4  Aegopogon          68.96%    failed      0.01%
   5  Aeluropus          39.73%    passed     86.67%
   6  Agropyron          20.11%    passed     58.94%
   7  Agrostis           40.72%    passed     66.84%
   8  Aira               20.59%    passed     47.73%
   9  Alloteropsis       45.82%    passed     28.08%
  10  Alopecurus         18.41%    passed     37.60%
  11  Ammophila          40.18%    passed     81.88%
  12  Ampelodesmos       39.89%    passed     56.23%
  13  Amphibromus        72.96%    failed      0.00%
  14  Amphipogon         41.71%    passed     56.69%
  15  Andropogon         22.94%    passed     72.92%
  16  Anemanthele        72.62%    failed      0.00%
  17  Anisopogon         72.84%    failed      0.00%
  18  Anomochloa         42.46%    passed     48.48%
  19  Anthoxanthum       19.16%    passed     67.84%
  20  Apera              38.08%    passed     90.80%
  21  Arctagrostis       81.87%    failed      0.19%
  22  Arctophila         52.69%    failed      1.81%
  23  Aristida           41.71%    passed     75.18%
  24  Arrhenatherum      26.25%    passed     98.97%
  25  Arthraxon          21.48%    passed     50.68%
  26  Arthrostylidium    52.93%    passed     11.38%
  27  Arundinaria        21.75%    passed     97.90%
  28  Arundo             21.14%    passed     99.64%
  29  Astrebla           49.76%    failed      0.01%
  30  Aulonemia          80.30%    passed      5.04%
  31  Australopyrum      53.38%    passed     22.56%
  32  Avena              22.49%    passed     52.42%
  33  Axonopus           40.08%    passed     72.12%
  34  Bambusa            22.80%    passed     98.48%
  35  Beckmannia         38.50%    passed     86.72%
  36  Boissiera          67.46%    failed      0.05%
  37  Borinda            19.89%    passed     97.44%
  38  Bothriochloa       40.48%    passed     91.40%
  39  Bouteloua          43.09%    passed     65.32%
  40  Brachiaria         72.96%    failed      0.00%
  41  Brachyachne        68.96%    failed      0.04%
  42  Brachyelytrum      41.79%    passed     29.79%
  43  Brachypodium       21.40%    passed     80.50%
  44  Briza              25.46%    passed     98.09%
  45  Bromus             21.58%    passed     48.41%
  46  Buchloe            68.96%    failed      0.01%
  47  Buergersiochloa    76.33%    failed      0.00%
  48  Calamagrostis      40.24%    passed     86.45%
  49  Calammophila       67.46%    failed      0.16%
  50  Calamovilfa        22.88%    passed     64.35%
  51  Castellia          21.42%    passed     63.88%
  52  Catapodium         21.60%    passed     74.53%
  53  Cenchrus           19.48%    passed     84.79%
  54  Centotheca         20.68%    passed     75.64%
  55  Centropodia        41.71%    passed     84.66%
  56  Chaetobromus       72.90%    failed      0.00%
  57  Chasmanthium       23.14%    passed     96.88%
  58  Chikusichloa       69.81%    failed      0.69%
  59  Chimonobambusa     23.06%    passed     94.99%
  60  Chloris            20.80%    passed     67.89%
  61  Chusquea           23.57%    passed     98.47%
  62  Cladoraphis        72.92%    failed      0.00%
  63  Coelachyrum        68.96%    failed      0.10%
  64  Coix               20.88%    passed     68.33%
  65  Cortaderia         21.00%    passed     69.61%
  66  Corynephorus       81.29%    failed      3.18%
  67  Cottea             68.96%    failed      0.06%
  68  Crithopsis         38.48%    passed     81.87%
  69  Crypsis            21.46%    passed     62.82%
  70  Cryptochloa        39.01%    passed     65.04%
  71  Ctenopsis          82.88%    failed      0.43%
  72  Cutandia           82.98%    failed      0.18%
  73  Cymbopogon         20.92%    passed     75.85%
  74  Cynodon            21.93%    passed     62.71%
  75  Cynosurus          55.54%    passed     13.32%
  76  Cyperochloa        72.92%    failed      0.00%
  77  Dactylis           19.99%    passed     73.07%
  78  Dactyloctenium     40.91%    passed     76.55%
  79  Danthonia          23.18%    passed     74.02%
  80  Danthoniopsis      73.67%    failed      0.00%
  81  Dendrocalamus      33.55%    passed     18.26%
  82  Deschampsia        21.52%    passed     75.29%
  83  Diarrhena          72.88%    failed      0.00%
  84  Digitaria          23.85%    passed     88.80%
  85  Dinebra            28.78%    passed     17.86%
  86  Diplachne          68.96%    failed      0.03%
  87  Drepanostachyum    19.75%    passed     99.01%
  88  Dupontia           81.69%    failed      0.45%
  89  Ecdeiocolea        27.77%    passed     57.20%
  90  Echinochloa        23.65%    passed     98.52%
  91  Ehrharta           24.86%    passed     93.86%
  92  Elegia             18.98%    passed     85.51%
  93  Eleusine           19.30%    passed     86.86%
  94  Elymus             18.78%    passed     53.69%
  95  Elytrophorus       72.86%    failed      0.00%
  96  Enneapogon         22.88%    passed     77.84%
  97  Enteropogon        68.96%    failed      0.09%
  98  Eragrostiella      68.96%    failed      0.12%
  99  Eragrostis         22.92%    passed     89.61%
 100  Eremitis           72.88%    failed      0.00%
 101  Eremium            71.10%    failed      0.00%
 102  Eremopyrum         19.06%    passed     49.77%
 103  Eriachne           74.82%    failed      0.00%
 104  Eulalia            81.10%    failed      2.95%
 105  Eustachys          42.26%    passed     67.67%
 106  Fargesia           19.97%    passed     98.73%
 107  Festuca            23.95%    passed     71.91%
 108  Fingerhuthia       41.75%    passed     58.80%
 109  Flagellaria        44.48%    passed     68.67%
 110  Gaoligongshania    83.65%    passed      7.41%
 111  Gaudinia           50.40%    passed      8.14%
 112  Gigantochloa       80.30%    passed     25.62%
 113  Glyceria           34.98%    passed     72.74%
 114  Greslania          69.64%    failed      0.00%
 115  Guaduella          75.30%    failed      0.00%
 116  Gymnopogon         68.84%    failed      0.03%
 117  Gynerium           46.16%    passed     34.41%
 118  Hainardia          40.28%    passed     29.53%
 119  Hakonechloa        82.68%    passed     10.39%
 120  Harpochloa         46.79%    passed     20.43%
 121  Haynaldia          51.33%    passed     32.04%
 122  Helictotrichon     20.92%    passed     46.09%
 123  Helleria           85.11%    passed      9.13%
 124  Henrardia          51.07%    passed     15.39%
 125  Heterachne         68.59%    failed      0.03%
 126  Heteropogon        73.22%    failed      0.00%
 127  Hibanobambusa      51.78%    failed      0.75%
 128  Hierochloe         21.20%    passed     86.31%
 129  Himalayacalamus    19.28%    passed     95.88%
 130  Holcus             21.28%    passed     63.48%
 131  Homopholis         89.37%    failed      0.15%
 132  Hordelymus         73.18%    failed      0.00%
 133  Hordeum            19.24%    passed     44.51%
 134  Hygroryza          69.81%    failed      1.75%
 135  Hymenachne         41.49%    passed     66.24%
 136  Hyparrhenia        41.59%    passed     53.29%
 137  Ichnanthus         41.75%    passed     82.39%
 138  Imperata           21.30%    passed     69.17%
 139  Indocalamus        21.46%    passed     99.80%
 140  Isachne            74.05%    failed      0.00%
 141  Ixophorus          40.04%    passed     87.49%
 142  Joinvillea         22.62%    passed     91.68%
 143  Karroochloa        72.86%    failed      0.00%
 144  Kengia             40.30%    passed     55.34%
 145  Koeleria           24.80%    passed     92.59%
 146  Lagurus            80.25%    failed      1.98%
 147  Lamarckia          55.90%    passed     18.08%
 148  Lasiacis           57.84%    passed     17.84%
 149  Leersia            42.72%    passed     32.60%
 150  Leptochloa         68.96%    failed      0.05%
 151  Lepturus           21.14%    passed     70.99%
 152  Leymus             20.65%    passed     90.59%
 153  Lintonia           68.96%    failed      0.12%
 154  Lithachne          42.50%    passed     64.74%
 155  Lolium             24.15%    passed     72.27%
 156  Lophatherum        41.86%    passed     40.93%
 157  Loudetiopsis       68.96%    failed      0.01%
 158  Luziola            69.81%    failed      0.61%
 159  Lygeum             38.92%    passed     59.38%
 160  Melanocenchris     68.96%    failed      0.01%
 161  Melica             23.12%    passed     79.91%
 162  Melinis            42.04%    passed     89.64%
 163  Melocanna          20.37%    passed     96.63%
 164  Merxmuellera       72.94%    failed      0.00%
 165  Merxmuellera_Dan   28.25%    passed     94.58%
 166  Micraira           74.21%    failed      0.00%
 167  Microchloa         42.40%    passed     86.39%
 168  Microlaena         72.80%    failed      0.00%
 169  Micropyropsis      82.86%    failed      2.57%
 170  Micropyrum         82.94%    failed      0.10%
 171  Milium             81.33%    failed      0.08%
 172  Miscanthidium      81.85%    failed      3.75%
 173  Miscanthus         20.61%    passed     73.56%
 174  Molinia            22.43%    passed     99.42%
 175  Moliniopsis        72.84%    failed      0.00%
 176  Monachather        72.86%    failed      0.00%
 177  Monanthochloe      68.96%    failed      0.05%
 178  Monodia            68.96%    failed      0.04%
 179  Muhlenbergia       41.35%    passed     77.84%
 180  Narduroides        82.96%    failed      0.19%
 181  Nardus             42.76%    passed     53.51%
 182  Nassella           23.91%    passed     97.84%
 183  Neostapfia         68.96%    failed      0.02%
 184  Neurachne          71.14%    failed      0.00%
 185  Neurolepis         52.75%    failed      3.52%
 186  Neyraudia          38.74%    passed     93.19%
 187  Oligostachyum      51.72%    failed      0.49%
 188  Olmeca             21.38%    passed     95.78%
 189  Olyra              22.84%    passed     97.05%
 190  Oplismenus         74.25%    failed      0.00%
 191  Orcuttia           68.96%    failed      0.01%
 192  Oreobambos         80.92%    failed      1.62%
 193  Orthoclada         41.41%    passed     39.92%
 194  Oryza              21.89%    passed     78.50%
 195  Oryzopsis          80.92%    passed     23.89%
 196  Otatea             19.52%    passed     94.93%
 197  Oxychloris         68.96%    failed      0.10%
 198  Panicum            23.28%    passed     97.38%
 199  Pappophorum        68.96%    failed      0.06%
 200  Parafestuca        87.27%    passed     56.25%
 201  Parapholis         22.21%    passed     75.49%
 202  Pariana            26.66%    passed     94.28%
 203  Paspalum           79.77%    passed      6.12%
 204  Pennisetum         19.81%    passed     78.18%
 205  Peridictyon        51.48%    passed     15.32%
 206  Perotis            25.36%    passed     72.39%
 207  Phaenosperma       44.30%    passed     72.07%
 208  Phalaris           21.75%    passed     92.43%
 209  Pharus             22.37%    passed     94.15%
 210  Phleum             41.79%    passed     78.95%
 211  Phragmites         23.26%    passed     95.70%
 212  Phyllostachys      23.69%    passed     97.41%
 213  Piptatherum        72.84%    failed      0.00%
 214  Piptochaetium      67.28%    failed      0.22%
 215  Plectrachne        68.96%    failed      0.07%
 216  Pleuraphis         68.96%    failed      0.03%
 217  Plinthanthesis     72.88%    failed      0.00%
 218  Poa                25.63%    passed     96.86%
 219  Pogonatherum       37.67%    passed     99.81%
 220  Polypogon          39.01%    passed     73.32%
 221  Potamophila        69.81%    failed      1.58%
 222  Prosphytochloa     69.81%    failed      1.74%
 223  Psathyrostachys    19.00%    passed     43.28%
 224  Pseudoroegneria    51.35%    passed     26.11%
 225  Pseudosasa         21.30%    passed     99.06%
 226  Pseudostachyum     81.65%    failed      2.16%
 227  Psilurus           54.14%    passed      5.66%
 228  Puccinellia        55.30%    passed      5.45%
 229  Puelia             74.62%    failed      0.00%
 230  Racemobambos       80.78%    failed      3.58%
 231  Raddia             19.52%    passed     90.01%
 232  Restio             19.81%    passed     81.15%
 233  Rhipidocladum      80.86%    failed      0.41%
 234  Rhynchelytrum      39.17%    passed     85.73%
 235  Rhynchoryza        69.68%    failed      0.50%
 236  Rytidosperma       39.05%    passed     91.45%
 237  Saccharum          22.86%    passed     56.04%
 238  Sacciolepis        42.34%    passed     85.26%
 239  Sasa               21.40%    passed     97.70%
 240  Schedonnardus      68.96%    failed      0.01%
 241  Schedonorus        72.78%    failed      0.00%
 242  Schismus           72.90%    failed      0.00%
 243  Schizachyrium      80.88%    failed      1.69%
 244  Schizostachyum     21.32%    passed     97.93%
 245  Schmidtia          68.96%    failed      0.03%
 246  Sclerochloa        84.36%    failed      0.44%
 247  Secale             52.34%    passed     37.81%
 248  Sesleria           20.27%    passed     95.49%
 249  Setaria            20.80%    passed     84.06%
 250  Shibataea          20.74%    passed     99.68%
 251  Simplicia          72.92%    failed      0.00%
 252  Sinobambusa        20.21%    passed     97.79%
 253  Sorghastrum        49.88%    passed     35.26%
 254  Sorghum            22.21%    passed     90.87%
 255  Spartina           22.33%    passed     88.05%
 256  Spartochloa        82.30%    failed      1.58%
 257  Sphenopus          83.08%    failed      0.14%
 258  Spodiopogon        21.44%    passed     68.59%
 259  Sporobolus         22.72%    passed     69.60%
 260  Stenostachys       73.12%    failed      0.00%
 261  Stenotaphrum       41.71%    passed     94.32%
 262  Stipa              22.72%    passed     98.69%
 263  Stipagrostis       72.84%    failed      0.00%
 264  Streptochaeta      22.51%    passed     86.48%
 265  Streptogyna        72.23%    failed      0.00%
 266  Styppeiochloa      72.86%    failed      0.00%
 267  Taeniatherum       19.08%    passed     48.01%
 268  Tetrachne          68.96%    failed      0.04%
 269  Tetrapogon         68.96%    failed      0.06%
 270  Thamnocalamus      20.74%    passed     98.45%
 271  Themeda            83.49%    failed      0.25%
 272  Thinopyrum         53.19%    passed     50.56%
 273  Thyrsostachys      25.38%    passed     96.00%
 274  Thysanolaena       27.57%    passed     84.72%
 275  Trachypogon        39.57%    passed     92.62%
 276  Tragus             22.15%    passed     82.57%
 277  Trichloris         68.96%    failed      0.05%
 278  Trichoneura        68.96%    failed      0.05%
 279  Tridens            68.96%    failed      0.10%
 280  Triodia            68.96%    failed      0.07%
 281  Tripsacum          72.70%    failed      0.00%
 282  Triraphis          68.96%    failed      0.06%
 283  Trisetum           26.27%    passed     89.27%
 284  Tristachya         41.71%    passed     60.86%
 285  Triticosecale      67.36%    failed      0.12%
 286  Triticum           15.38%    passed     38.85%
 287  Tuctoria           68.96%    failed      0.01%
 288  Uniola             41.17%    passed     65.27%
 289  Urochloa           38.24%    passed     71.48%
 290  Vaseyochloa        50.06%    failed      0.01%
 291  Vulpia             24.51%    passed     91.12%
 292  Wangenheimia       83.12%    failed      0.13%
 293  Yushania           19.28%    passed     94.16%
 294  Zea                19.79%    passed     66.67%
 295  Zeugites           45.21%    passed     72.18%
 296  Zizania            42.38%    passed      8.46%
 297  Zizaniopsis        69.56%    failed      0.62%
 298  Zoysia             26.37%    passed     21.93%
WARNING: 133 sequences contain more than 50% gaps/ambiguity
****  TOTAL              47.67%  111 sequences failed composition chi2 test (p-value<5%; df=3)
Checking for duplicate sequences: done in 0.0737106 secs using 2311% CPU


Create initial parsimony tree by phylogenetic likelihood library (PLL)... 0.367 seconds
Measuring multi-threading efficiency up to 56 CPU cores
Increase to 10 rounds for branch lengths
9 trees examined
Threads: 1 / Time: 60.549 sec / Speedup: 1.000 / Efficiency: 100% / LogL: -132157
Threads: 2 / Time: 31.822 sec / Speedup: 1.903 / Efficiency: 95% / LogL: -132157
Threads: 3 / Time: 19.290 sec / Speedup: 3.139 / Efficiency: 105% / LogL: -132157
Threads: 4 / Time: 16.631 sec / Speedup: 3.641 / Efficiency: 91% / LogL: -132157
Threads: 5 / Time: 16.470 sec / Speedup: 3.676 / Efficiency: 74% / LogL: -132157
Threads: 6 / Time: 15.214 sec / Speedup: 3.980 / Efficiency: 66% / LogL: -132157
Threads: 7 / Time: 16.673 sec / Speedup: 3.631 / Efficiency: 52% / LogL: -132157
Threads: 8 / Time: 11.982 sec / Speedup: 5.053 / Efficiency: 63% / LogL: -132157
Threads: 9 / Time: 11.179 sec / Speedup: 5.416 / Efficiency: 60% / LogL: -132157
Threads: 10 / Time: 15.588 sec / Speedup: 3.884 / Efficiency: 39% / LogL: -132157
Determining AUTO threadcount: done in 215.416 secs using 393.7% CPU
BEST NUMBER OF THREADS: 9

Perform fast likelihood tree search using GTR+I+G model...
Estimate model parameters (epsilon = 5.000)
Perform nearest neighbor interchange...
Estimate model parameters (epsilon = 1.000)
1. Initial log-likelihood: -71302.070
Optimal log-likelihood: -71301.155
Rate parameters:  A-C: 1.08512  A-G: 2.19263  A-T: 0.70443  C-G: 0.94160  C-T: 2.34245  G-T: 1.00000
Base frequencies:  A: 0.299  C: 0.181  G: 0.195  T: 0.326
Proportion of invariable sites: 0.207
Gamma shape alpha: 0.484
Parameters optimization took 1 rounds (0.569 sec)
Time for fast ML tree search: 8.210 seconds

NOTE: ModelFinder requires 329 MB RAM!
ModelFinder will test up to 968 DNA models (sample size: 4948 epsilon: 0.100) ...
 No. Model         -LnL         df  AIC          AICc         BIC
  1  JC            79344.940    593 159875.879   160037.681   163734.376
  2  JC+I          75925.698    594 153039.396   153201.781   156904.399
  3  JC+G4         72903.592    594 146995.183   147157.568   150860.186
  4  JC+I+G4       72779.462    595 146748.923   146911.892   150620.433
  5  JC+R2         73776.655    595 148743.310   148906.279   152614.820
  6  JC+R3         72575.341    597 146344.683   146508.823   150229.206
  7  JC+R4         72274.155    599 145746.310   145911.627   149643.846
  8  JC+R5         72218.213    601 145638.427   145804.926   149548.977
  9  JC+R6         72201.980    603 145609.960   145777.645   149533.523
 10  JC+R7         72200.608    605 145611.216   145780.093   149547.793
 14  JC+I+R2       73080.862    596 147353.725   147517.279   151231.741
 15  JC+I+R3       72392.095    598 145980.189   146144.917   149871.219
 16  JC+I+R4       72228.582    600 145657.164   145823.071   149561.207
 17  JC+I+R5       72203.639    602 145611.278   145778.370   149528.335
 18  JC+I+R6       72201.259    604 145610.517   145778.797   149540.587
 31  JC+R6         72201.980    603 145609.960   145777.645   149533.523
 39  JC+I+R5       72203.639    602 145611.278   145778.370   149528.335
 53  F81+R6        72201.764    603 145609.528   145777.213   149533.092
 61  F81+I+R5      72203.543    602 145611.086   145778.177   149528.143
 75  F81+F+R6      71804.707    606 144821.415   144990.888   148764.499
 83  F81+F+I+R5    71815.951    605 144841.903   145010.779   148778.480
 97  K2P+R6        71210.981    604 143629.962   143798.242   147560.032
105  K2P+I+R5      71224.211    603 143654.422   143822.107   147577.986
119  K2P+R6        71210.981    604 143629.962   143798.242   147560.032
127  K2P+I+R5      71224.211    603 143654.422   143822.107   147577.986
141  HKY+R6        71209.973    604 143627.946   143796.226   147558.016
149  HKY+I+R5      71224.099    603 143654.198   143821.883   147577.761
163  HKY+F+R6      70736.868    607 142687.735   142857.807   146637.326
171  HKY+F+I+R5    70746.098    606 142704.197   142873.670   146647.281
185  TNe+R6        71203.778    605 143617.555   143786.432   147554.132
193  TNe+I+R5      71209.736    604 143627.471   143795.751   147557.542
207  TNe+R6        71203.778    605 143617.555   143786.432   147554.132
215  TNe+I+R5      71209.736    604 143627.471   143795.751   147557.542
229  TN+R6         71203.634    605 143617.268   143786.144   147553.845
237  TN+I+R5       71209.566    604 143627.133   143795.413   147557.203
251  TN+F+R6       70732.270    608 142680.539   142851.211   146636.637
259  TN+F+I+R5     70740.849    607 142695.698   142865.770   146645.289
273  K3P+R6        71190.121    605 143590.242   143759.118   147526.819
281  K3P+I+R5      71204.417    604 143616.834   143785.114   147546.904
295  K3P+R6        71190.121    605 143590.242   143759.118   147526.819
303  K3P+I+R5      71204.417    604 143616.834   143785.114   147546.904
317  K3Pu+R6       71189.815    605 143589.631   143758.507   147526.207
325  K3Pu+I+R5     71204.342    604 143616.684   143784.964   147546.754
339  K3Pu+F+R6     70693.088    608 142602.176   142772.847   146558.273
347  K3Pu+F+I+R5   70703.177    607 142620.354   142790.426   146569.945
361  TPM2+R6       71172.990    605 143555.980   143724.856   147492.557
369  TPM2+I+R5     71188.807    604 143585.613   143753.893   147515.683
383  TPM2+R6       71172.990    605 143555.980   143724.856   147492.557
391  TPM2+I+R5     71188.807    604 143585.613   143753.893   147515.683
405  TPM2u+R6      71173.196    605 143556.393   143725.269   147492.970
413  TPM2u+I+R5    71188.731    604 143585.462   143753.742   147515.532
427  TPM2u+F+R6    70731.498    608 142678.995   142849.667   146635.092
435  TPM2u+F+I+R5  70741.103    607 142696.206   142866.278   146645.797
449  TPM3+R6       71173.509    605 143557.019   143725.895   147493.596
457  TPM3+I+R5     71190.139    604 143588.278   143756.558   147518.348
471  TPM3+R6       71173.509    605 143557.019   143725.895   147493.596
479  TPM3+I+R5     71190.139    604 143588.278   143756.558   147518.348
493  TPM3u+R6      71173.418    605 143556.836   143725.713   147493.413
501  TPM3u+I+R5    71181.583    604 143571.165   143739.445   147501.236
515  TPM3u+F+R6    70706.128    608 142628.256   142798.928   146584.353
523  TPM3u+F+I+R5  70717.482    607 142648.964   142819.036   146598.555
537  TIMe+R6       71183.921    606 143579.843   143749.316   147522.926
545  TIMe+I+R5     71189.446    605 143588.892   143757.769   147525.469
559  TIMe+R6       71183.921    606 143579.843   143749.316   147522.926
567  TIMe+I+R5     71189.446    605 143588.892   143757.769   147525.469
581  TIM+R6        71183.763    606 143579.525   143748.999   147522.609
589  TIM+I+R5      71189.323    605 143588.646   143757.522   147525.223
603  TIM+F+R6      70688.476    609 142594.953   142766.225   146557.556
611  TIM+F+I+R5    70698.645    608 142613.291   142783.962   146569.388
625  TIM2e+R6      71167.231    606 143546.462   143715.935   147489.546
633  TIM2e+I+R5    71175.192    605 143560.385   143729.261   147496.962
647  TIM2e+R6      71167.231    606 143546.462   143715.935   147489.546
655  TIM2e+I+R5    71175.192    605 143560.385   143729.261   147496.962
669  TIM2+R6       71167.129    606 143546.257   143715.730   147489.341
677  TIM2+I+R5     71175.058    605 143560.116   143728.992   147496.693
691  TIM2+F+R6     70727.822    609 142673.644   142844.916   146636.247
699  TIM2+F+I+R5   70736.861    608 142689.722   142860.394   146645.819
713  TIM3e+R6      71167.280    606 143546.559   143716.032   147489.643
721  TIM3e+I+R5    71173.868    605 143557.737   143726.613   147494.314
735  TIM3e+R6      71167.280    606 143546.559   143716.032   147489.643
743  TIM3e+I+R5    71173.868    605 143557.737   143726.613   147494.314
757  TIM3+R6       71167.163    606 143546.325   143715.799   147489.409
765  TIM3+I+R5     71173.751    605 143557.502   143726.379   147494.079
779  TIM3+F+R6     70699.781    609 142617.562   142788.834   146580.165
787  TIM3+F+I+R5   70709.863    608 142635.727   142806.398   146591.824
801  TVMe+R6       71105.576    607 143425.152   143595.224   147374.743
809  TVMe+I+R5     71115.632    606 143443.263   143612.736   147386.347
823  TVMe+R6       71105.576    607 143425.152   143595.224   147374.743
831  TVMe+I+R5     71115.632    606 143443.263   143612.736   147386.347
845  TVM+R6        71105.484    607 143424.968   143595.040   147374.558
853  TVM+I+R5      71115.595    606 143443.191   143612.664   147386.274
867  TVM+F+R6      70670.152    610 142560.303   142732.178   146529.414
875  TVM+F+I+R5    70681.852    609 142581.703   142752.976   146544.307
889  SYM+R6        71100.616    608 143417.231   143587.903   147373.329
897  SYM+I+R5      71108.828    607 143431.655   143601.727   147381.246
911  SYM+R6        71100.616    608 143417.231   143587.903   147373.329
919  SYM+I+R5      71108.828    607 143431.655   143601.727   147381.246
933  GTR+R6        71100.516    608 143417.032   143587.704   147373.129
941  GTR+I+R5      71108.746    607 143431.493   143601.565   147381.083
955  GTR+F+R6      70664.120    611 142550.240   142722.718   146525.858
963  GTR+F+I+R5    70675.850    610 142571.701   142743.575   146540.811
Akaike Information Criterion:           GTR+F+R6
Corrected Akaike Information Criterion: GTR+F+R6
Bayesian Information Criterion:         GTR+F+R6
Best-fit model: GTR+F+R6 chosen according to BIC

All model information printed to training_data/dna_M5931_298_4948.phy/output_files/iqtree/inference/rand.model.gz
CPU time for ModelFinder: 28320.342 seconds (7h:52m:0s)
Wall-clock time for ModelFinder: 4421.572 seconds (1h:13m:41s)

NOTE: 197 MB RAM (0 GB) is required!
Estimate model parameters (epsilon = 0.100)
1. Initial log-likelihood: -70664.707
2. Current log-likelihood: -70664.080
Optimal log-likelihood: -70664.029
Rate parameters:  A-C: 1.16570  A-G: 2.25880  A-T: 0.71531  C-G: 0.97390  C-T: 2.54666  G-T: 1.00000
Base frequencies:  A: 0.299  C: 0.181  G: 0.195  T: 0.326
Site proportion and rates:  (0.468,0.041) (0.309,0.433) (0.139,1.179) (0.037,2.831) (0.029,7.484) (0.017,20.572)
Parameters optimization took 2 rounds (17.979 sec)
Log-likelihood of random tree: -128252.894
IN UPDATE: new tree with score = -128252.894
IN UPDATE: new tree with score = -128252.894
Wrote distance file to... 
--------------------------------------------------------------------
|             INITIALIZING CANDIDATE TREE SET                      |
--------------------------------------------------------------------
Number of numNNITrees: 3
Number of processes: 1
Number of trees per process: 19
Number of trees in candidate set: 1
Total number of trees to be generated: 20
Generating 19 random trees... Initial candidate tree set size: 1
0.744 second
Each tree will doNNISearch 3 times.
Computing log-likelihood of 19 initial trees ... Estimate model parameters (epsilon = 0.100)
Estimate model parameters (epsilon = 0.100)
Estimate model parameters (epsilon = 0.100)
IN UPDATE: new tree with score = -72667.739
BETTER TREE FOUND at iteration 1: -72667.739
IN UPDATE: oldScore = -72667.739, newScore = -72667.739
Saved xgphy tree to training_data/dna_M5931_298_4948.phy/output_files/iqtree/inference/rand_tree0_xgphy.log
21 unique trees added to candidate set. 0 trees had branch lengths optimized.
Estimate model parameters (epsilon = 0.100)
IN UPDATE: new tree with score = -72454.646
BETTER TREE FOUND at iteration 3: -72454.646
IN UPDATE: oldScore = -72454.646, newScore = -72454.646
Saved xgphy tree to training_data/dna_M5931_298_4948.phy/output_files/iqtree/inference/rand_tree1_xgphy.log
22 unique trees added to candidate set. 1 trees had branch lengths optimized.
Estimate model parameters (epsilon = 0.100)
IN UPDATE: new tree with score = -72312.081
BETTER TREE FOUND at iteration 5: -72312.081
IN UPDATE: oldScore = -72312.081, newScore = -72312.081
Saved xgphy tree to training_data/dna_M5931_298_4948.phy/output_files/iqtree/inference/rand_tree2_xgphy.log
23 unique trees added to candidate set. 2 trees had branch lengths optimized.
Estimate model parameters (epsilon = 0.100)
IN UPDATE: new tree with score = -72103.519
BETTER TREE FOUND at iteration 7: -72103.519
IN UPDATE: oldScore = -72103.519, newScore = -72103.519
Saved xgphy tree to training_data/dna_M5931_298_4948.phy/output_files/iqtree/inference/rand_tree3_xgphy.log
24 unique trees added to candidate set. 3 trees had branch lengths optimized.
Estimate model parameters (epsilon = 0.100)
Estimate model parameters (epsilon = 0.100)
Estimate model parameters (epsilon = 0.100)
IN UPDATE: new tree with score = -71893.107
BETTER TREE FOUND at iteration 9: -71893.107
IN UPDATE: oldScore = -71893.107, newScore = -71893.107
Iteration 10 / LogL: -71893.107 / Time: 2h:20m:57s
Saved xgphy tree to training_data/dna_M5931_298_4948.phy/output_files/iqtree/inference/rand_tree4_xgphy.log
25 unique trees added to candidate set. 4 trees had branch lengths optimized.
Estimate model parameters (epsilon = 0.100)
IN UPDATE: new tree with score = -71742.820
BETTER TREE FOUND at iteration 11: -71742.820
IN UPDATE: oldScore = -71742.820, newScore = -71742.820
Saved xgphy tree to training_data/dna_M5931_298_4948.phy/output_files/iqtree/inference/rand_tree5_xgphy.log
26 unique trees added to candidate set. 5 trees had branch lengths optimized.
Estimate model parameters (epsilon = 0.100)
IN UPDATE: new tree with score = -71685.800
BETTER TREE FOUND at iteration 13: -71685.800
IN UPDATE: oldScore = -71685.800, newScore = -71685.800
Saved xgphy tree to training_data/dna_M5931_298_4948.phy/output_files/iqtree/inference/rand_tree6_xgphy.log
27 unique trees added to candidate set. 6 trees had branch lengths optimized.
Estimate model parameters (epsilon = 0.100)
Estimate model parameters (epsilon = 0.100)
IN UPDATE: new tree with score = -71533.821
BETTER TREE FOUND at iteration 15: -71533.821
IN UPDATE: oldScore = -71533.821, newScore = -71533.821
Saved xgphy tree to training_data/dna_M5931_298_4948.phy/output_files/iqtree/inference/rand_tree7_xgphy.log
28 unique trees added to candidate set. 7 trees had branch lengths optimized.
Estimate model parameters (epsilon = 0.100)
IN UPDATE: new tree with score = -71520.165
BETTER TREE FOUND at iteration 17: -71520.165
IN UPDATE: oldScore = -71520.165, newScore = -71520.165
Saved xgphy tree to training_data/dna_M5931_298_4948.phy/output_files/iqtree/inference/rand_tree8_xgphy.log
29 unique trees added to candidate set. 8 trees had branch lengths optimized.
IN UPDATE: new tree with score = -71576.821
IN UPDATE: oldScore = -71576.821, newScore = -71576.821
Iteration 20 / LogL: -71576.821 / Time: 2h:37m:25s
Saved xgphy tree to training_data/dna_M5931_298_4948.phy/output_files/iqtree/inference/rand_tree9_xgphy.log
30 unique trees added to candidate set. 9 trees had branch lengths optimized.
IN UPDATE: new tree with score = -71529.924
IN UPDATE: oldScore = -71529.924, newScore = -71529.924
Saved xgphy tree to training_data/dna_M5931_298_4948.phy/output_files/iqtree/inference/rand_tree10_xgphy.log
31 unique trees added to candidate set. 10 trees had branch lengths optimized.
Estimate model parameters (epsilon = 0.100)
Estimate model parameters (epsilon = 0.100)
Estimate model parameters (epsilon = 0.100)
IN UPDATE: new tree with score = -71495.023
BETTER TREE FOUND at iteration 23: -71495.023
IN UPDATE: oldScore = -71495.023, newScore = -71495.023
Saved xgphy tree to training_data/dna_M5931_298_4948.phy/output_files/iqtree/inference/rand_tree11_xgphy.log
32 unique trees added to candidate set. 11 trees had branch lengths optimized.
Estimate model parameters (epsilon = 0.100)
Estimate model parameters (epsilon = 0.100)
IN UPDATE: new tree with score = -71489.389
BETTER TREE FOUND at iteration 25: -71489.389
IN UPDATE: oldScore = -71489.389, newScore = -71489.389
Saved xgphy tree to training_data/dna_M5931_298_4948.phy/output_files/iqtree/inference/rand_tree12_xgphy.log
33 unique trees added to candidate set. 12 trees had branch lengths optimized.
Estimate model parameters (epsilon = 0.100)
IN UPDATE: new tree with score = -71418.337
BETTER TREE FOUND at iteration 27: -71418.337
IN UPDATE: oldScore = -71418.337, newScore = -71418.337
Saved xgphy tree to training_data/dna_M5931_298_4948.phy/output_files/iqtree/inference/rand_tree13_xgphy.log
34 unique trees added to candidate set. 13 trees had branch lengths optimized.
Estimate model parameters (epsilon = 0.100)
Estimate model parameters (epsilon = 0.100)
Estimate model parameters (epsilon = 0.100)
IN UPDATE: new tree with score = -71379.883
BETTER TREE FOUND at iteration 29: -71379.883
IN UPDATE: oldScore = -71379.883, newScore = -71379.883
Iteration 30 / LogL: -71379.883 / Time: 2h:46m:29s (-1h:-26m:-24s left)
Saved xgphy tree to training_data/dna_M5931_298_4948.phy/output_files/iqtree/inference/rand_tree14_xgphy.log
35 unique trees added to candidate set. 14 trees had branch lengths optimized.
IN UPDATE: new tree with score = -71428.404
IN UPDATE: oldScore = -71428.404, newScore = -71428.404
Saved xgphy tree to training_data/dna_M5931_298_4948.phy/output_files/iqtree/inference/rand_tree15_xgphy.log
36 unique trees added to candidate set. 15 trees had branch lengths optimized.
Estimate model parameters (epsilon = 0.100)
IN UPDATE: new tree with score = -71358.334
BETTER TREE FOUND at iteration 33: -71358.334
IN UPDATE: oldScore = -71358.334, newScore = -71358.334
Saved xgphy tree to training_data/dna_M5931_298_4948.phy/output_files/iqtree/inference/rand_tree16_xgphy.log
37 unique trees added to candidate set. 16 trees had branch lengths optimized.
IN UPDATE: new tree with score = -71384.155
IN UPDATE: oldScore = -71384.155, newScore = -71384.155
Saved xgphy tree to training_data/dna_M5931_298_4948.phy/output_files/iqtree/inference/rand_tree17_xgphy.log
38 unique trees added to candidate set. 17 trees had branch lengths optimized.
IN UPDATE: new tree with score = -71384.836
IN UPDATE: oldScore = -71384.836, newScore = -71384.836
Saved xgphy tree to training_data/dna_M5931_298_4948.phy/output_files/iqtree/inference/rand_tree18_xgphy.log
39 unique trees added to candidate set. 18 trees had branch lengths optimized.
IN UPDATE: new tree with score = -71361.670
IN UPDATE: oldScore = -71361.670, newScore = -71361.670
Iteration 40 / LogL: -71361.670 / Time: 3h:1m:32s (-1h:-42m:-19s left)
Saved xgphy tree to training_data/dna_M5931_298_4948.phy/output_files/iqtree/inference/rand_tree19_xgphy.log
40 unique trees added to candidate set. 19 trees had branch lengths optimized.
6450.387 seconds
Current best score: -71358.334
3.Score of best tree in CandidateSet: -71358.334
2.Score of best tree in CandidateSet: -71361.670
1.Score of best tree in CandidateSet: -71379.883

Do NNI search on 3 best initial trees
1
Estimate model parameters (epsilon = 0.100)
Saved xgphy best tree to training_data/dna_M5931_298_4948.phy/output_files/iqtree/inference/rand_bestTreeInitTree0_xgphy.treefile
IN UPDATE: new tree with score = -71356.953
BETTER TREE FOUND at iteration 1: -71356.953
2
Saved xgphy best tree to training_data/dna_M5931_298_4948.phy/output_files/iqtree/inference/rand_bestTreeInitTree1_xgphy.treefile
IN UPDATE: new tree with score = -71361.626
3
Saved xgphy best tree to training_data/dna_M5931_298_4948.phy/output_files/iqtree/inference/rand_bestTreeInitTree2_xgphy.treefile
IN UPDATE: new tree with score = -71379.550
1.Score of best tree in CandidateSet: -71356.953
Finish initializing candidate tree set (3)
Current best tree score: -71356.953 / CPU time: 6475.310
Number of iterations: 3
TREE SEARCH COMPLETED AFTER 3 ITERATIONS / Time: 3h:1m:56s

--------------------------------------------------------------------
|                    FINALIZING TREE SEARCH                        |
--------------------------------------------------------------------
Performs final model parameters optimization
Estimate model parameters (epsilon = 0.010)
1. Initial log-likelihood: -71356.953
Optimal log-likelihood: -71356.947
Rate parameters:  A-C: 1.16376  A-G: 2.28400  A-T: 0.72001  C-G: 0.98103  C-T: 2.58195  G-T: 1.00000
Base frequencies:  A: 0.299  C: 0.181  G: 0.195  T: 0.326
Site proportion and rates:  (0.469,0.039) (0.309,0.417) (0.141,1.177) (0.036,2.934) (0.027,7.735) (0.018,20.342)
Parameters optimization took 1 rounds (10.405 sec)
IN UPDATE: oldScore = -71356.953, newScore = -71356.947
BEST SCORE FOUND : -71356.947
Total tree length: 9.892

Total number of iterations: 3
CPU time used for tree search: 43402.007 sec (12h:3m:22s)
Wall-clock time used for tree search: 6475.314 sec (1h:47m:55s)
Total CPU time used: 71924.828 sec (19h:58m:44s)
Total wall-clock time used: 10926.960 sec (3h:2m:6s)

Analysis results written to: 
  IQ-TREE report:                training_data/dna_M5931_298_4948.phy/output_files/iqtree/inference/rand.iqtree
  Maximum-likelihood tree:       training_data/dna_M5931_298_4948.phy/output_files/iqtree/inference/rand.treefile
  Screen log file:               training_data/dna_M5931_298_4948.phy/output_files/iqtree/inference/rand.log

Date and Time: Thu Sep 25 00:15:04 2025
tree/inference/rand.log

Date and Time: Thu Sep 25 00:15:04 2025
