
RAxML-NG v. 1.1.0-master released on 04.08.2022 by The Exelixis Lab.
Developed by: Alexey M. Kozlov and Alexandros Stamatakis.
Contributors: Diego Darriba, Tomas Flouri, Benoit Morel, Sarah Lutteropp, Ben Bettisworth.
Latest version: https://github.com/amkozlov/raxml-ng
Questions/problems/suggestions? Please visit: https://groups.google.com/forum/#!forum/raxml

System: Intel(R) Xeon(R) Gold 6132 CPU @ 2.60GHz, 28 cores, 125 GB RAM

RAxML-NG was called at 18-Oct-2025 06:48:08 as follows:

/datausers/ioit/thaontp/tranthanhvan235/raxml-ng/build/bin/raxml-ng --rfdist --tree training_data/prot_M3113_77_9918.phy/output_files/iqtree/inference/AllSearchTrees.trees --prefix training_data/prot_M3113_77_9918.phy/output_files/iqtree/inference/inference

Analysis options:
  run mode: RF distance computation
  start tree(s): user
  random seed: 1760744888
  SIMD kernels: AVX2
  parallelization: coarse-grained (auto), PTHREADS (auto)

Reading input trees from file: training_data/prot_M3113_77_9918.phy/output_files/iqtree/inference/AllSearchTrees.trees
Loaded 60 trees with 77 taxa.

CLUSTERS:
len clusters 39
[0, ]
[1, ]
[2, ]
[3, ]
[4, ]
[5, ]
[6, ]
[7, ]
[8, ]
[9, ]
[10, ]
[11, ]
[12, ]
[13, ]
[14, ]
[15, ]
[16, ]
[17, ]
[18, ]
[19, ]
[20, 21, ]
[22, 23, ]
[24, 25, ]
[26, 27, ]
[28, 29, ]
[30, 31, ]
[32, 33, ]
[34, 35, ]
[36, 37, ]
[38, 39, ]
[40, 41, ]
[42, 43, ]
[44, 45, ]
[46, 47, ]
[48, 49, ]
[50, 51, ]
[52, 53, 58, 59, ]
[54, 55, ]
[56, 57, ]
Average absolute RF distance in this tree set: 45.094915
Average relative RF distance in this tree set: 0.304695
Number of unique topologies in this tree set: 39

Pairwise RF distances saved to: /datausers/ioit/thaontp/minhminh/difficulty-prediction-training-data/training_data/prot_M3113_77_9918.phy/output_files/iqtree/inference/inference.raxml.rfDistances

Execution log saved to: /datausers/ioit/thaontp/minhminh/difficulty-prediction-training-data/training_data/prot_M3113_77_9918.phy/output_files/iqtree/inference/inference.raxml.log

Analysis started: 18-Oct-2025 06:48:08 / finished: 18-Oct-2025 06:48:08

Elapsed time: 0.054 seconds

