IQ-TREE version 3.0.1 for Linux x86 64-bit built Sep 12 2025
Developed by Bui Quang Minh, Thomas Wong, Nhan Ly-Trong, Huaiyan Ren
Contributed by Lam-Tung Nguyen, Dominik Schrempf, Chris Bielow,
Olga Chernomor, Michael Woodhams, Diep Thi Hoang, Heiko Schmidt

Host:    suny-Precision-5530 (AVX2, FMA3, 15 GB RAM)
Command: /usr/local/bin/iqtree3 -s /home/suny/Downloads/VAN_TRAINING_DATA/data1/dna_M2534_207_976.phy -pre results/dna_M2534_207_976.phy/output_files/iqtree/inference/pars_2 -seed 2 -ninit 1 -T 1 -redo -n 0
Seed:    2 (Using SPRNG - Scalable Parallel Random Number Generator)
Time:    Sat Sep 20 23:36:06 2025
Kernel:  AVX+FMA - 1 threads (12 CPU cores detected)

HINT: Use -nt option to specify number of threads because your CPU has 12 cores!
HINT: -nt AUTO will automatically determine the best number of threads to use.

Reading alignment file /home/suny/Downloads/VAN_TRAINING_DATA/data1/dna_M2534_207_976.phy ... Phylip format detected
Alignment most likely contains DNA/RNA sequences
Constructing alignment: done in 0.00361694 secs using 36.22% CPU
Alignment has 207 sequences with 976 columns, 672 distinct patterns
378 parsimony-informative, 136 singleton sites, 462 constant sites
                                      Gap/Ambiguity  Composition  p-value
Analyzing sequences: done in 0.000394874 secs using 68.88% CPU
   1  Agaricus_bisporus                       9.84%    passed     87.14%
   2  Agaricus_campestris                     9.73%    passed     91.62%
   3  Agrocybe_praecox                        9.73%    passed     75.14%
   4  Amanita_fulva                           7.79%    passed     93.63%
   5  Amanita_muscaria                        9.32%    passed     97.31%
   6  Amanita_virosa                          8.91%    passed     78.78%
   7  Amyloflagellula_inflata_PB305           9.84%    passed     97.44%
   8  Anellaria_semiovata                    15.88%    passed     99.63%
   9  Armillariella_ostoyae                  11.27%    passed     99.50%
  10  Arrhenia_auriscalpium                   9.63%    passed     85.57%
  11  Asterophora_parasitica                  9.32%    passed     98.76%
  12  Auriculariopsis_ampla_CBS22897          9.63%    passed     50.19%
  13  Auriculariopsis_ampla_Romania           9.73%    passed     37.00%
  14  Auriculariopsis_ampla_Spain             9.63%    passed     44.30%
  15  Baeospora_myosura                       9.22%    passed     99.10%
  16  Boletus_satanas                        11.58%    passed     37.02%
  17  Calathella_columbiana_PB327             9.02%    passed     80.44%
  18  Calathella_gayana                       9.43%    passed     98.56%
  19  Calathella_mangrovei                   11.58%    passed     96.00%
  20  Calocybe_persicolor                     9.22%    passed     88.38%
  21  Calyptella_capula                       9.94%    passed     86.63%
  22  Calyptella_capula_PB315                 9.63%    passed     75.86%
  23  Campanella_junghuhnii                  12.50%    passed     81.72%
  24  Campanella_subdendrophora              11.48%    passed     91.92%
  25  Caripia_montagnei                       9.63%    passed     89.02%
  26  Chaetocalathus_liliputanus_61867        9.63%    passed     96.37%
  27  Chaetocalathus_sp._TENN3572             9.63%    passed     92.29%
  28  Cheimonophyllum_candidissimum           9.22%    passed     16.39%
  29  Chondrostereum_purpureum                9.53%    passed     63.14%
  30  Clitocybe_dealbata                      9.84%    passed     98.20%
  31  Clitocybe_ramigena                     10.96%    passed     73.08%
  32  Clitocybula_oculus                      9.12%    passed     84.35%
  33  Clitopilopsis_hirneola                  9.53%    passed     99.94%
  34  Collybia_aurea                         12.30%    passed     61.61%
  35  Collybia_tuberosa                       9.12%    passed     96.21%
  36  Coniophora_olivacea                    10.45%    passed     52.48%
  37  Coprinus_disseminatus                   9.53%    passed     72.47%
  38  Coprinus_kimurae                       16.09%    passed     95.59%
  39  Coprinus_lagopus                       15.88%    passed     85.09%
  40  Cortinarius_alboviolaceus               9.12%    passed     96.73%
  41  Cortinarius_campbellae                  9.73%    passed     98.01%
  42  Cortinarius_distans                     9.22%    passed     88.46%
  43  Cortinarius_magellanicus                9.53%    passed     98.59%
  44  Crepidotus_aureus                       9.22%    passed     97.26%
  45  Crepidotus_malachius                    9.43%    passed     89.14%
  46  Crepidotus_mollis                       9.63%    passed     94.99%
  47  Crinipellis_campanella                 14.75%    passed     93.55%
  48  Crinipellis_stipitarius_PB302           9.63%    passed     99.36%
  49  Cyathus_striatus                        9.12%    passed     87.19%
  50  Cylindrobasidium_evolvens              10.14%    passed     83.13%
  51  Cyphella_digitalis                      9.84%    passed     48.35%
  52  Cyphellaceae_HBB3534sp                 10.04%    passed     99.03%
  53  Cyphellopsis_anomala_CBS151.79          9.63%    passed     99.59%
  54  Cyphellopsis_anomala_GEL4169            9.94%    passed     98.62%
  55  Cyphellopsis_anomala_PB318              9.63%    passed     98.81%
  56  Cyphellopsis_anomala_PB323              9.53%    passed     98.73%
  57  Cyphellopsis_anomala_PB333              9.63%    passed     99.70%
  58  Cyphelopsis_sp                         23.16%    passed     15.55%
  59  Cyptotrama_asprata                     15.57%    passed     40.38%
  60  Cystoderma_chocoanum                    9.73%    passed     67.58%
  61  Dendrothele_acerina                     9.94%    passed     81.14%
  62  Dendrothele_griseocana                  9.02%    passed     92.62%
  63  Dictyopanus_pusillus                    9.73%    passed     97.75%
  64  Entoloma_bloxamii                       7.38%    failed      1.51%
  65  Entoloma_eulividum                      9.12%    passed     97.73%
  66  Entoloma_haastii                       11.78%    passed     18.94%
  67  Entoloma_lividum                       10.66%    passed     88.47%
  68  Entoloma_undatum                        9.73%    passed     99.59%
  69  Favolaschia_calocera_AF261417           9.43%    passed     99.35%
  70  Favolaschia_calocera_PDD70689          10.96%    passed     97.98%
  71  Favolaschia_calocera_PDD71528          11.99%    passed     99.28%
  72  Favolaschia_cinnabarina_RVPR82          9.32%    passed     99.95%
  73  Favolaschia_minima                      9.73%    passed     99.09%
  74  Favolaschia_pezizaeformis               9.32%    passed     98.15%
  75  Filoboletus_flammeus                   10.55%    passed     93.28%
  76  Filoboletus_gracilis                    9.22%    passed     96.81%
  77  Fistulina_antarctica                    8.81%    failed      4.00%
  78  Fistulina_antarctica_REG550             8.81%    failed      4.00%
  79  Fistulina_endoxantha                    8.71%    failed      1.78%
  80  Fistulina_hepatica                      8.50%    passed      9.67%
  81  Fistulina_pallida                       8.61%    failed      2.90%
  82  Flagelloscypha_minutissima              9.63%    passed     96.13%
  83  Flagelloscypha_sp_Horak                 9.53%    passed     98.86%
  84  Galerina_marginata                      9.63%    passed     99.93%
  85  Galerina_paludosa                       9.53%    passed     87.43%
  86  Gerronema_sp.                           9.32%    passed     78.45%
  87  Gerronema_strombodes                    9.12%    passed     94.34%
  88  Gerronema_subclavatum                  10.45%    passed     89.72%
  89  Gloeostereum_incarnatum                 9.53%    passed     91.29%
  90  Gymnopilus_anomalus                     9.43%    passed     93.78%
  91  Gymnopus_dryophilus_RV83_180            9.63%    passed     48.34%
  92  Halocyphina_villosa_IFO                10.96%    passed     68.98%
  93  Hebeloma_olympianum                     9.43%    passed     93.79%
  94  Heimiomyces_tenuipes                    9.32%    passed     61.61%
  95  Hemimycena_delicatella                  9.32%    passed     44.18%
  96  Hemimycena_ignobilis                    9.84%    passed     92.47%
  97  Henningsomyces_candidus_GEL4482         9.43%    passed     96.12%
  98  Henningsomyces_candidus_PB338           9.84%    passed     43.26%
  99  Henningsomyces_candidus_T156            9.63%    passed     21.48%
 100  Henningsomyces_sp._58569                9.84%    passed     18.07%
 101  Henningsomyces_sp._FP105017             8.91%    passed     73.89%
 102  Henningsomyces_sp._GUA                  9.63%    passed     53.11%
 103  Hohenbuehelia_petalodes                11.78%    passed     73.50%
 104  Hydropus_fuliginarius                   8.61%    passed     45.27%
 105  Hydropus_scabripes                     11.99%    passed     96.34%
 106  Hygrocybe_citrinopallida                9.32%    passed     99.24%
 107  Hygrophorus_bakerensis                 11.68%    passed     54.37%
 108  Hymenogaster_decorus                    9.43%    passed     96.66%
 109  Hymenogloea_papyracea                   9.43%    passed     96.03%
 110  Hypholoma_sublateritium                10.96%    passed     95.13%
 111  Inocybe_dulcamara                       9.02%    passed     99.91%
 112  Inocybe_geophylla                       9.22%    passed     99.51%
 113  Jaapia_argillacea                      12.30%    passed     92.25%
 114  Laccaria_amethystina                    9.22%    passed     90.15%
 115  Lachnella_alboviolascens_DAOM223321     9.73%    passed     98.20%
 116  Lachnella_alboviolascens_PB332          9.63%    passed     98.79%
 117  Lachnella_villosa_PB321                10.14%    passed     96.06%
 118  Lachnella_villosa_PB322                 9.94%    passed     96.98%
 119  Lacrymaria_velutina                    15.98%    passed     94.60%
 120  Lentinula_edodes                        9.63%    passed     85.80%
 121  Lepiota_clypeolaria                    10.66%    passed     97.17%
 122  Lepiota_procera                         9.63%    passed     63.02%
 123  Lepista_nuda                           11.27%    passed     66.81%
 124  Leucoagaricus_naucinus                  9.53%    passed     68.96%
 125  Limnoperdon_incarnatum                 10.04%    passed     90.96%
 126  Lyophyllum_decastes                     9.32%    passed     34.64%
 127  Lyophyllum_sykosporum                   9.63%    passed     84.98%
 128  Macrolepiota_rachodes                   9.53%    passed     78.21%
 129  Marasmius_capillaris                   26.43%    passed     92.60%
 130  Marasmius_delectans                    10.86%    passed     81.28%
 131  Marasmius_fulvoferrugineus             10.66%    passed     88.35%
 132  Megacollybia_platyphylla                8.61%    passed     49.30%
 133  Melanoleuca_alboflavida                 9.73%    passed     94.99%
 134  Merismodes_fasciculata                 10.55%    passed     96.48%
 135  Merismodes_fasciculata_PB342            9.63%    passed     98.93%
 136  Mycena_adonis                           9.02%    passed     68.99%
 137  Mycena_galericulata                     9.22%    passed     98.27%
 138  Mycena_pura                            10.55%    passed     99.80%
 139  Mycena_rorida                           9.12%    passed     88.92%
 140  Mycenoporella_griseipora                9.12%    passed     97.83%
 141  Mycenoporella_lutea                     9.53%    passed     56.43%
 142  Neonothopanus_nambi                     9.53%    passed     94.71%
 143  Nia_vibrissa                           11.48%    passed     86.61%
 144  Nolanea_sericea                         9.63%    passed     99.77%
 145  Omphalina_pyxidata                      9.43%    passed     98.10%
 146  Oudemansiella_mucida                    9.84%    passed     98.36%
 147  Panaeolina_foenisecii                  17.32%    passed     98.98%
 148  Panellus_copelandii                    17.11%    passed     99.41%
 149  Panellus_serotinus                     11.99%    passed     86.23%
 150  Panellus_stipticus                      9.73%    passed     88.81%
 151  Paxillus_involutus                      9.22%    failed      4.98%
 152  Pellidiscus_pallidus_58178              9.53%    passed     97.12%
 153  Phaeosolenia_densa_61839                9.43%    passed     99.86%
 154  Phaeosolenia_densa_61963                9.43%    passed     99.94%
 155  Pholiota_henningsii                     9.43%    passed     94.42%
 156  Pholiota_lenta                          9.43%    passed     99.64%
 157  Pholiota_oedipus                        9.53%    passed     99.99%
 158  Phyllotopsis_nidulans                   8.81%    passed     86.63%
 159  Physalacria_sp._GEL5189                11.99%    passed     87.95%
 160  Pleurocybella_porrigens                 8.71%    passed     92.25%
 161  Pleuroflammula_flammea                  9.94%    passed     84.35%
 162  Pleurotus_ostreatus                    11.89%    passed     91.94%
 163  Pleurotus_purpureoolivaceus             9.02%    passed     99.20%
 164  Pluteus_admirabilis                     9.73%    passed     94.30%
 165  Pluteus_cervinus                        9.73%    passed     80.49%
 166  Porodisculus_pendulus_DAOM198417        8.81%    failed      0.09%
 167  Porodisculus_pendulus_HHB_13576_sp      8.81%    failed      0.13%
 168  Poromarasmius_contrarium               10.25%    passed     99.72%
 169  Poromycena_manipularis                  9.53%    passed     98.57%
 170  Poromycena_sp._RV.PR114                 9.22%    passed     95.00%
 171  Pouzarella_nodospora                    9.02%    passed     15.20%
 172  Psathyrella_candolleana                16.29%    passed     89.99%
 173  Psilocybe_cyanescens                    9.43%    passed     88.74%
 174  Psilocybe_pratensis                     9.43%    passed     96.20%
 175  Quadrispora_oblongispora                9.63%    passed     97.37%
 176  Rectipilus_fasciculatus                 9.73%    passed     47.39%
 177  Rectipilus_idahoensis_PB313             9.84%    passed     23.19%
 178  Rectipilus_natalensis_PB0312            9.12%    passed     92.80%
 179  Resupinatus_alboniger                   9.53%    passed     90.06%
 180  Resupinatus_applicatus_PB335            9.73%    passed     99.71%
 181  Resupinatus_trichotis                  10.04%    passed     99.00%
 182  Rhodocybe_mundula                       9.43%    passed     99.30%
 183  Rozites_caperata_G96_3                  9.12%    passed     84.25%
 184  Schizophyllum_commune                   9.53%    passed     61.57%
 185  Schizophyllum_fasciatum_CBS267.60       9.63%    passed     79.57%
 186  Schizophyllum_radiatum                  9.73%    passed     57.65%
 187  Schizophyllum_umbrinum                  9.63%    passed     44.30%
 188  Simocybe_centunculus                    9.94%    passed     99.27%
 189  Stigmatolemma_conspersum_61852          9.53%    passed     93.94%
 190  Stigmatolemma_poriiforme_CBS_327.91     9.73%    passed     98.76%
 191  Stigmatolemma_poriiforme_RLG1156sp      9.94%    passed     99.54%
 192  Strobilurus_trullisatus                11.99%    passed     95.52%
 193  Stromatoscypha_fimbriata_FP102067       9.22%    passed     99.96%
 194  Stromatoscypha_fimbriata_HC.10_11_98    9.22%    passed     99.71%
 195  Stropharia_aeruginosa                   9.53%    passed     74.05%
 196  Suillus_cavipes                         8.20%    passed     47.09%
 197  Tectella_patellaris                     8.81%    passed     95.83%
 198  Termitomyces_clypeatus                 16.29%    passed     92.27%
 199  Termitomyces_cylindricus               15.37%    passed     98.09%
 200  Tetrapyrgos_nigripes                    9.63%    passed     78.60%
 201  Thaxterogaster_fragilis_Hall.5733       9.63%    passed     96.13%
 202  Tricholomopsis_rutilans                12.09%    passed     68.36%
 203  Tubaria_hiemalis                        9.63%    passed     86.43%
 204  Tulastoma_brumale                       9.63%    passed     68.71%
 205  Weraroa_erythrocepahala_RV_95_656       9.43%    passed     90.25%
 206  Woldmaria_crocea_NH_10.23.95            8.40%    passed     99.04%
 207  Xeromphalina_kauffmanii                 9.22%    passed     83.48%
****  TOTAL                                  10.23%  8 sequences failed composition chi2 test (p-value<5%; df=3)
Checking for duplicate sequences: done in 0.000984292 secs using 86.15% CPU


Create initial parsimony tree by phylogenetic likelihood library (PLL)... 0.035 seconds
Perform fast likelihood tree search using GTR+I+G model...
Estimate model parameters (epsilon = 5.000)
Perform nearest neighbor interchange...
Estimate model parameters (epsilon = 1.000)
1. Initial log-likelihood: -23742.609
Optimal log-likelihood: -23742.035
Rate parameters:  A-C: 0.91200  A-G: 3.51844  A-T: 1.76705  C-G: 0.47280  C-T: 8.31358  G-T: 1.00000
Base frequencies:  A: 0.267  C: 0.193  G: 0.296  T: 0.243
Proportion of invariable sites: 0.383
Gamma shape alpha: 0.670
Parameters optimization took 1 rounds (0.475 sec)
Time for fast ML tree search: 3.977 seconds

NOTE: ModelFinder requires 45 MB RAM!
ModelFinder will test up to 968 DNA models (sample size: 976 epsilon: 0.100) ...
 No. Model         -LnL         df  AIC          AICc         BIC
  1  JC            29626.133    411 60074.265    60674.733    62081.368
  2  JC+I          27275.241    412 55374.481    55978.943    57386.468
  3  JC+G4         25374.313    412 51572.626    52177.087    53584.612
  4  JC+I+G4       25274.039    413 51374.078    51982.555    53390.948
  5  JC+R2         25818.042    413 52462.084    53070.561    54478.954
  6  JC+R3         25329.004    415 51488.009    52104.580    53514.646
  7  JC+R4         25217.320    417 51268.641    51893.394    53305.045
  8  JC+R5         25187.525    419 51213.050    51846.071    53259.221
  9  JC+R6         25181.496    421 51204.992    51846.371    53260.929
 14  JC+I+R2       25513.533    414 51855.065    52467.578    53876.819
 15  JC+I+R3       25274.772    416 51381.544    52002.195    53413.064
 16  JC+I+R4       25201.971    418 51239.942    51868.818    53281.230
 17  JC+I+R5       25186.753    420 51213.505    51850.695    53264.560
 18  JC+I+R6       25182.729    422 51209.457    51855.049    53270.279
 30  JC+R5         25187.525    419 51213.050    51846.071    53259.221
 31  JC+R6         25181.496    421 51204.992    51846.371    53260.929
 39  JC+I+R5       25186.753    420 51213.505    51850.695    53264.560
 52  F81+R5        25187.298    419 51212.596    51845.617    53258.767
 53  F81+R6        25181.300    421 51204.600    51845.979    53260.537
 61  F81+I+R5      25186.530    420 51213.060    51850.250    53264.115
 74  F81+F+R5      25307.291    422 51458.582    52104.173    53519.403
 75  F81+F+R6      25299.442    424 51446.884    52100.968    53517.473
 83  F81+F+I+R5    25306.087    423 51458.174    52108.000    53523.879
 96  K2P+R5        23819.891    420 48479.782    49116.971    50530.836
 97  K2P+R6        23810.361    422 48464.722    49110.313    50525.543
105  K2P+I+R5      23818.959    421 48479.917    49121.296    50535.855
118  K2P+R5        23819.891    420 48479.782    49116.971    50530.836
119  K2P+R6        23810.361    422 48464.722    49110.313    50525.543
127  K2P+I+R5      23818.959    421 48479.917    49121.296    50535.855
140  HKY+R5        23819.738    420 48479.475    49116.665    50530.530
141  HKY+R6        23810.157    422 48464.313    49109.905    50525.134
149  HKY+I+R5      23818.799    421 48479.597    49120.976    50535.535
162  HKY+F+R5      23852.462    423 48550.924    49200.750    50616.628
163  HKY+F+R6      23840.298    425 48530.595    49188.959    50606.067
171  HKY+F+I+R5    23847.707    424 48543.414    49197.498    50614.002
184  TNe+R5        23803.431    421 48448.862    49090.241    50504.800
185  TNe+R6        23789.287    423 48424.575    49074.401    50490.279
193  TNe+I+R5      23795.954    422 48435.907    49081.499    50496.729
206  TNe+R5        23803.431    421 48448.862    49090.241    50504.800
207  TNe+R6        23789.287    423 48424.575    49074.401    50490.279
215  TNe+I+R5      23795.954    422 48435.907    49081.499    50496.729
228  TN+R5         23803.337    421 48448.673    49090.052    50504.611
229  TN+R6         23789.156    423 48424.313    49074.139    50490.018
237  TN+I+R5       23795.908    422 48435.815    49081.407    50496.637
250  TN+F+R5       23749.344    424 48346.688    49000.772    50417.276
251  TN+F+R6       23740.926    426 48333.852    48996.518    50414.207
259  TN+F+I+R5     23747.796    425 48345.592    49003.956    50421.064
272  K3P+R5        23819.370    421 48480.741    49122.120    50536.678
273  K3P+R6        23809.187    423 48464.374    49114.201    50530.079
281  K3P+I+R5      23818.431    422 48480.861    49126.453    50541.683
294  K3P+R5        23819.370    421 48480.741    49122.120    50536.678
295  K3P+R6        23809.187    423 48464.374    49114.201    50530.079
303  K3P+I+R5      23818.431    422 48480.861    49126.453    50541.683
316  K3Pu+R5       23819.279    421 48480.558    49121.937    50536.496
317  K3Pu+R6       23809.142    423 48464.283    49114.109    50529.988
325  K3Pu+I+R5     23818.308    422 48480.616    49126.207    50541.437
338  K3Pu+F+R5     23850.859    424 48549.719    49203.802    50620.307
339  K3Pu+F+R6     23838.446    426 48528.892    49191.558    50609.247
347  K3Pu+F+I+R5   23845.669    425 48541.339    49199.702    50616.810
360  TPM2+R5       23788.959    421 48419.917    49061.296    50475.855
361  TPM2+R6       23777.210    423 48400.419    49050.245    50466.124
369  TPM2+I+R5     23789.347    422 48422.695    49068.286    50483.516
382  TPM2+R5       23788.959    421 48419.917    49061.296    50475.855
383  TPM2+R6       23777.210    423 48400.419    49050.245    50466.124
391  TPM2+I+R5     23789.347    422 48422.695    49068.286    50483.516
404  TPM2u+R5      23788.832    421 48419.664    49061.043    50475.602
405  TPM2u+R6      23777.182    423 48400.364    49050.190    50466.068
413  TPM2u+I+R5    23786.333    422 48416.667    49062.258    50477.488
426  TPM2u+F+R5    23814.314    424 48476.627    49130.711    50547.215
427  TPM2u+F+R6    23800.364    426 48452.727    49115.394    50533.082
435  TPM2u+F+I+R5  23807.875    425 48465.750    49124.114    50541.222
448  TPM3+R5       23731.090    421 48304.179    48945.558    50360.117
449  TPM3+R6       23720.896    423 48287.792    48937.618    50353.497
457  TPM3+I+R5     23730.895    422 48305.791    48951.382    50366.612
470  TPM3+R5       23731.090    421 48304.179    48945.559    50360.117
471  TPM3+R6       23720.896    423 48287.792    48937.618    50353.497
479  TPM3+I+R5     23730.895    422 48305.791    48951.382    50366.612
492  TPM3u+R5      23730.908    421 48303.817    48945.196    50359.754
493  TPM3u+R6      23720.879    423 48287.757    48937.583    50353.462
501  TPM3u+I+R5    23730.795    422 48305.590    48951.181    50366.411
514  TPM3u+F+R5    23794.922    424 48437.844    49091.927    50508.432
515  TPM3u+F+R6    23785.979    426 48423.958    49086.624    50504.313
523  TPM3u+F+I+R5  23794.120    425 48438.240    49096.603    50513.711
536  TIMe+R5       23802.852    422 48449.703    49095.295    50510.524
537  TIMe+R6       23788.496    424 48424.993    49079.076    50495.581
545  TIMe+I+R5     23795.329    423 48436.659    49086.485    50502.363
558  TIMe+R5       23802.852    422 48449.703    49095.295    50510.524
559  TIMe+R6       23788.496    424 48424.993    49079.076    50495.581
567  TIMe+I+R5     23795.329    423 48436.659    49086.485    50502.363
580  TIM+R5        23802.796    422 48449.592    49095.183    50510.413
581  TIM+R6        23788.446    424 48424.892    49078.976    50495.481
589  TIM+I+R5      23795.302    423 48436.605    49086.431    50502.309
602  TIM+F+R5      23747.682    425 48345.364    49003.728    50420.835
603  TIM+F+R6      23738.944    427 48331.888    48998.881    50417.127
611  TIM+F+I+R5    23746.306    426 48344.613    49007.280    50424.968
624  TIM2e+R5      23764.067    422 48372.134    49017.725    50432.955
625  TIM2e+R6      23753.158    424 48354.315    49008.399    50424.903
633  TIM2e+I+R5    23761.378    423 48368.756    49018.582    50434.461
646  TIM2e+R5      23764.067    422 48372.134    49017.725    50432.955
647  TIM2e+R6      23753.158    424 48354.315    49008.399    50424.903
655  TIM2e+I+R5    23761.378    423 48368.756    49018.582    50434.461
668  TIM2+R5       23764.039    422 48372.077    49017.668    50432.898
669  TIM2+R6       23753.106    424 48354.212    49008.295    50424.800
677  TIM2+I+R5     23761.324    423 48368.648    49018.474    50434.352
690  TIM2+F+R5     23703.724    425 48257.447    48915.811    50332.919
691  TIM2+F+R6     23695.255    427 48244.509    48911.502    50329.748
699  TIM2+F+I+R5   23702.881    426 48257.761    48920.428    50338.116
712  TIM3e+R5      23713.976    422 48271.951    48917.542    50332.772
713  TIM3e+R6      23702.498    424 48252.996    48907.080    50323.584
721  TIM3e+I+R5    23710.821    423 48267.641    48917.467    50333.346
734  TIM3e+R5      23713.976    422 48271.951    48917.542    50332.772
735  TIM3e+R6      23702.498    424 48252.996    48907.080    50323.584
743  TIM3e+I+R5    23710.821    423 48267.641    48917.467    50333.346
756  TIM3+R5       23713.953    422 48271.907    48917.498    50332.728
757  TIM3+R6       23702.488    424 48252.976    48907.059    50323.564
765  TIM3+I+R5     23710.808    423 48267.615    48917.441    50333.320
778  TIM3+F+R5     23701.836    425 48253.672    48912.036    50329.144
779  TIM3+F+R6     23691.956    427 48237.912    48904.904    50323.150
787  TIM3+F+I+R5   23699.879    426 48251.759    48914.425    50332.114
800  TVMe+R5       23699.439    423 48244.878    48894.705    50310.583
801  TVMe+R6       23690.227    425 48230.454    48888.818    50305.926
809  TVMe+I+R5     23701.149    424 48250.298    48904.381    50320.886
822  TVMe+R5       23699.439    423 48244.878    48894.705    50310.583
823  TVMe+R6       23690.227    425 48230.454    48888.818    50305.926
831  TVMe+I+R5     23701.149    424 48250.298    48904.381    50320.886
844  TVM+R5        23699.391    423 48244.782    48894.608    50310.487
845  TVM+R6        23690.214    425 48230.429    48888.792    50305.900
853  TVM+I+R5      23701.099    424 48250.198    48904.281    50320.786
866  TVM+F+R5      23757.845    426 48367.689    49030.356    50448.044
867  TVM+F+R6      23747.584    428 48351.168    49022.510    50441.290
875  TVM+F+I+R5    23758.128    427 48370.255    49037.248    50455.494
888  SYM+R5        23679.765    424 48207.530    48861.613    50278.118
889  SYM+R6        23668.224    426 48188.448    48851.115    50268.803
897  SYM+I+R5      23677.094    425 48204.188    48862.551    50279.659
910  SYM+R5        23679.765    424 48207.530    48861.613    50278.118
911  SYM+R6        23668.224    426 48188.448    48851.115    50268.803
919  SYM+I+R5      23677.094    425 48204.188    48862.551    50279.659
932  GTR+R5        23679.741    424 48207.482    48861.566    50278.070
933  GTR+R6        23668.193    426 48188.386    48851.053    50268.741
941  GTR+I+R5      23677.052    425 48204.104    48862.468    50279.576
954  GTR+F+R5      23656.351    427 48166.702    48833.694    50251.940
955  GTR+F+R6      23647.032    429 48152.064    48827.778    50247.069
963  GTR+F+I+R5    23655.128    428 48166.256    48837.598    50256.378
Akaike Information Criterion:           GTR+F+R6
Corrected Akaike Information Criterion: GTR+F+R6
Bayesian Information Criterion:         GTR+F+R6
Best-fit model: GTR+F+R6 chosen according to BIC

All model information printed to results/dna_M2534_207_976.phy/output_files/iqtree/inference/pars_2.model.gz
CPU time for ModelFinder: 354.738 seconds (0h:5m:54s)
Wall-clock time for ModelFinder: 355.676 seconds (0h:5m:55s)

NOTE: 27 MB RAM (0 GB) is required!
Estimate model parameters (epsilon = 0.010)
1. Initial log-likelihood: -23647.098
2. Current log-likelihood: -23647.003
3. Current log-likelihood: -23646.985
4. Current log-likelihood: -23646.971
5. Current log-likelihood: -23646.959
6. Current log-likelihood: -23646.948
Optimal log-likelihood: -23646.934
Rate parameters:  A-C: 0.92000  A-G: 3.63962  A-T: 1.77586  C-G: 0.48297  C-T: 8.40037  G-T: 1.00000
Base frequencies:  A: 0.267  C: 0.193  G: 0.296  T: 0.243
Site proportion and rates:  (0.557,0.035) (0.165,0.495) (0.102,1.277) (0.096,2.675) (0.065,5.340) (0.016,10.817)
Parameters optimization took 6 rounds (4.933 sec)
Wrote distance file to... 
BEST SCORE FOUND : -23646.934
Total tree length: 7.334

Total number of iterations: 0
CPU time used for tree search: 0.000 sec (0h:0m:0s)
Wall-clock time used for tree search: 0.000 sec (0h:0m:0s)
Total CPU time used: 359.685 sec (0h:5m:59s)
Total wall-clock time used: 360.634 sec (0h:6m:0s)

Analysis results written to: 
  IQ-TREE report:                results/dna_M2534_207_976.phy/output_files/iqtree/inference/pars_2.iqtree
  Maximum-likelihood tree:       results/dna_M2534_207_976.phy/output_files/iqtree/inference/pars_2.treefile
  Screen log file:               results/dna_M2534_207_976.phy/output_files/iqtree/inference/pars_2.log

Date and Time: Sat Sep 20 23:42:06 2025
