IQ-TREE version 3.0.1 for Linux x86 64-bit built Sep 12 2025
Developed by Bui Quang Minh, Thomas Wong, Nhan Ly-Trong, Huaiyan Ren
Contributed by Lam-Tung Nguyen, Dominik Schrempf, Chris Bielow,
Olga Chernomor, Michael Woodhams, Diep Thi Hoang, Heiko Schmidt

Host:    suny-Precision-5530 (AVX2, FMA3, 15 GB RAM)
Command: /usr/local/bin/iqtree3 -s /home/suny/Downloads/VAN_TRAINING_DATA/data1/dna_M2534_207_976.phy -pre results/dna_M2534_207_976.phy/output_files/iqtree/inference/pars_12 -seed 12 -ninit 1 -T 1 -redo -n 0
Seed:    12 (Using SPRNG - Scalable Parallel Random Number Generator)
Time:    Sat Sep 20 21:47:23 2025
Kernel:  AVX+FMA - 1 threads (12 CPU cores detected)

HINT: Use -nt option to specify number of threads because your CPU has 12 cores!
HINT: -nt AUTO will automatically determine the best number of threads to use.

Reading alignment file /home/suny/Downloads/VAN_TRAINING_DATA/data1/dna_M2534_207_976.phy ... Phylip format detected
Alignment most likely contains DNA/RNA sequences
Constructing alignment: done in 0.00347116 secs using 64.99% CPU
Alignment has 207 sequences with 976 columns, 672 distinct patterns
378 parsimony-informative, 136 singleton sites, 462 constant sites
                                      Gap/Ambiguity  Composition  p-value
Analyzing sequences: done in 0.000397891 secs using 89.97% CPU
   1  Agaricus_bisporus                       9.84%    passed     87.14%
   2  Agaricus_campestris                     9.73%    passed     91.62%
   3  Agrocybe_praecox                        9.73%    passed     75.14%
   4  Amanita_fulva                           7.79%    passed     93.63%
   5  Amanita_muscaria                        9.32%    passed     97.31%
   6  Amanita_virosa                          8.91%    passed     78.78%
   7  Amyloflagellula_inflata_PB305           9.84%    passed     97.44%
   8  Anellaria_semiovata                    15.88%    passed     99.63%
   9  Armillariella_ostoyae                  11.27%    passed     99.50%
  10  Arrhenia_auriscalpium                   9.63%    passed     85.57%
  11  Asterophora_parasitica                  9.32%    passed     98.76%
  12  Auriculariopsis_ampla_CBS22897          9.63%    passed     50.19%
  13  Auriculariopsis_ampla_Romania           9.73%    passed     37.00%
  14  Auriculariopsis_ampla_Spain             9.63%    passed     44.30%
  15  Baeospora_myosura                       9.22%    passed     99.10%
  16  Boletus_satanas                        11.58%    passed     37.02%
  17  Calathella_columbiana_PB327             9.02%    passed     80.44%
  18  Calathella_gayana                       9.43%    passed     98.56%
  19  Calathella_mangrovei                   11.58%    passed     96.00%
  20  Calocybe_persicolor                     9.22%    passed     88.38%
  21  Calyptella_capula                       9.94%    passed     86.63%
  22  Calyptella_capula_PB315                 9.63%    passed     75.86%
  23  Campanella_junghuhnii                  12.50%    passed     81.72%
  24  Campanella_subdendrophora              11.48%    passed     91.92%
  25  Caripia_montagnei                       9.63%    passed     89.02%
  26  Chaetocalathus_liliputanus_61867        9.63%    passed     96.37%
  27  Chaetocalathus_sp._TENN3572             9.63%    passed     92.29%
  28  Cheimonophyllum_candidissimum           9.22%    passed     16.39%
  29  Chondrostereum_purpureum                9.53%    passed     63.14%
  30  Clitocybe_dealbata                      9.84%    passed     98.20%
  31  Clitocybe_ramigena                     10.96%    passed     73.08%
  32  Clitocybula_oculus                      9.12%    passed     84.35%
  33  Clitopilopsis_hirneola                  9.53%    passed     99.94%
  34  Collybia_aurea                         12.30%    passed     61.61%
  35  Collybia_tuberosa                       9.12%    passed     96.21%
  36  Coniophora_olivacea                    10.45%    passed     52.48%
  37  Coprinus_disseminatus                   9.53%    passed     72.47%
  38  Coprinus_kimurae                       16.09%    passed     95.59%
  39  Coprinus_lagopus                       15.88%    passed     85.09%
  40  Cortinarius_alboviolaceus               9.12%    passed     96.73%
  41  Cortinarius_campbellae                  9.73%    passed     98.01%
  42  Cortinarius_distans                     9.22%    passed     88.46%
  43  Cortinarius_magellanicus                9.53%    passed     98.59%
  44  Crepidotus_aureus                       9.22%    passed     97.26%
  45  Crepidotus_malachius                    9.43%    passed     89.14%
  46  Crepidotus_mollis                       9.63%    passed     94.99%
  47  Crinipellis_campanella                 14.75%    passed     93.55%
  48  Crinipellis_stipitarius_PB302           9.63%    passed     99.36%
  49  Cyathus_striatus                        9.12%    passed     87.19%
  50  Cylindrobasidium_evolvens              10.14%    passed     83.13%
  51  Cyphella_digitalis                      9.84%    passed     48.35%
  52  Cyphellaceae_HBB3534sp                 10.04%    passed     99.03%
  53  Cyphellopsis_anomala_CBS151.79          9.63%    passed     99.59%
  54  Cyphellopsis_anomala_GEL4169            9.94%    passed     98.62%
  55  Cyphellopsis_anomala_PB318              9.63%    passed     98.81%
  56  Cyphellopsis_anomala_PB323              9.53%    passed     98.73%
  57  Cyphellopsis_anomala_PB333              9.63%    passed     99.70%
  58  Cyphelopsis_sp                         23.16%    passed     15.55%
  59  Cyptotrama_asprata                     15.57%    passed     40.38%
  60  Cystoderma_chocoanum                    9.73%    passed     67.58%
  61  Dendrothele_acerina                     9.94%    passed     81.14%
  62  Dendrothele_griseocana                  9.02%    passed     92.62%
  63  Dictyopanus_pusillus                    9.73%    passed     97.75%
  64  Entoloma_bloxamii                       7.38%    failed      1.51%
  65  Entoloma_eulividum                      9.12%    passed     97.73%
  66  Entoloma_haastii                       11.78%    passed     18.94%
  67  Entoloma_lividum                       10.66%    passed     88.47%
  68  Entoloma_undatum                        9.73%    passed     99.59%
  69  Favolaschia_calocera_AF261417           9.43%    passed     99.35%
  70  Favolaschia_calocera_PDD70689          10.96%    passed     97.98%
  71  Favolaschia_calocera_PDD71528          11.99%    passed     99.28%
  72  Favolaschia_cinnabarina_RVPR82          9.32%    passed     99.95%
  73  Favolaschia_minima                      9.73%    passed     99.09%
  74  Favolaschia_pezizaeformis               9.32%    passed     98.15%
  75  Filoboletus_flammeus                   10.55%    passed     93.28%
  76  Filoboletus_gracilis                    9.22%    passed     96.81%
  77  Fistulina_antarctica                    8.81%    failed      4.00%
  78  Fistulina_antarctica_REG550             8.81%    failed      4.00%
  79  Fistulina_endoxantha                    8.71%    failed      1.78%
  80  Fistulina_hepatica                      8.50%    passed      9.67%
  81  Fistulina_pallida                       8.61%    failed      2.90%
  82  Flagelloscypha_minutissima              9.63%    passed     96.13%
  83  Flagelloscypha_sp_Horak                 9.53%    passed     98.86%
  84  Galerina_marginata                      9.63%    passed     99.93%
  85  Galerina_paludosa                       9.53%    passed     87.43%
  86  Gerronema_sp.                           9.32%    passed     78.45%
  87  Gerronema_strombodes                    9.12%    passed     94.34%
  88  Gerronema_subclavatum                  10.45%    passed     89.72%
  89  Gloeostereum_incarnatum                 9.53%    passed     91.29%
  90  Gymnopilus_anomalus                     9.43%    passed     93.78%
  91  Gymnopus_dryophilus_RV83_180            9.63%    passed     48.34%
  92  Halocyphina_villosa_IFO                10.96%    passed     68.98%
  93  Hebeloma_olympianum                     9.43%    passed     93.79%
  94  Heimiomyces_tenuipes                    9.32%    passed     61.61%
  95  Hemimycena_delicatella                  9.32%    passed     44.18%
  96  Hemimycena_ignobilis                    9.84%    passed     92.47%
  97  Henningsomyces_candidus_GEL4482         9.43%    passed     96.12%
  98  Henningsomyces_candidus_PB338           9.84%    passed     43.26%
  99  Henningsomyces_candidus_T156            9.63%    passed     21.48%
 100  Henningsomyces_sp._58569                9.84%    passed     18.07%
 101  Henningsomyces_sp._FP105017             8.91%    passed     73.89%
 102  Henningsomyces_sp._GUA                  9.63%    passed     53.11%
 103  Hohenbuehelia_petalodes                11.78%    passed     73.50%
 104  Hydropus_fuliginarius                   8.61%    passed     45.27%
 105  Hydropus_scabripes                     11.99%    passed     96.34%
 106  Hygrocybe_citrinopallida                9.32%    passed     99.24%
 107  Hygrophorus_bakerensis                 11.68%    passed     54.37%
 108  Hymenogaster_decorus                    9.43%    passed     96.66%
 109  Hymenogloea_papyracea                   9.43%    passed     96.03%
 110  Hypholoma_sublateritium                10.96%    passed     95.13%
 111  Inocybe_dulcamara                       9.02%    passed     99.91%
 112  Inocybe_geophylla                       9.22%    passed     99.51%
 113  Jaapia_argillacea                      12.30%    passed     92.25%
 114  Laccaria_amethystina                    9.22%    passed     90.15%
 115  Lachnella_alboviolascens_DAOM223321     9.73%    passed     98.20%
 116  Lachnella_alboviolascens_PB332          9.63%    passed     98.79%
 117  Lachnella_villosa_PB321                10.14%    passed     96.06%
 118  Lachnella_villosa_PB322                 9.94%    passed     96.98%
 119  Lacrymaria_velutina                    15.98%    passed     94.60%
 120  Lentinula_edodes                        9.63%    passed     85.80%
 121  Lepiota_clypeolaria                    10.66%    passed     97.17%
 122  Lepiota_procera                         9.63%    passed     63.02%
 123  Lepista_nuda                           11.27%    passed     66.81%
 124  Leucoagaricus_naucinus                  9.53%    passed     68.96%
 125  Limnoperdon_incarnatum                 10.04%    passed     90.96%
 126  Lyophyllum_decastes                     9.32%    passed     34.64%
 127  Lyophyllum_sykosporum                   9.63%    passed     84.98%
 128  Macrolepiota_rachodes                   9.53%    passed     78.21%
 129  Marasmius_capillaris                   26.43%    passed     92.60%
 130  Marasmius_delectans                    10.86%    passed     81.28%
 131  Marasmius_fulvoferrugineus             10.66%    passed     88.35%
 132  Megacollybia_platyphylla                8.61%    passed     49.30%
 133  Melanoleuca_alboflavida                 9.73%    passed     94.99%
 134  Merismodes_fasciculata                 10.55%    passed     96.48%
 135  Merismodes_fasciculata_PB342            9.63%    passed     98.93%
 136  Mycena_adonis                           9.02%    passed     68.99%
 137  Mycena_galericulata                     9.22%    passed     98.27%
 138  Mycena_pura                            10.55%    passed     99.80%
 139  Mycena_rorida                           9.12%    passed     88.92%
 140  Mycenoporella_griseipora                9.12%    passed     97.83%
 141  Mycenoporella_lutea                     9.53%    passed     56.43%
 142  Neonothopanus_nambi                     9.53%    passed     94.71%
 143  Nia_vibrissa                           11.48%    passed     86.61%
 144  Nolanea_sericea                         9.63%    passed     99.77%
 145  Omphalina_pyxidata                      9.43%    passed     98.10%
 146  Oudemansiella_mucida                    9.84%    passed     98.36%
 147  Panaeolina_foenisecii                  17.32%    passed     98.98%
 148  Panellus_copelandii                    17.11%    passed     99.41%
 149  Panellus_serotinus                     11.99%    passed     86.23%
 150  Panellus_stipticus                      9.73%    passed     88.81%
 151  Paxillus_involutus                      9.22%    failed      4.98%
 152  Pellidiscus_pallidus_58178              9.53%    passed     97.12%
 153  Phaeosolenia_densa_61839                9.43%    passed     99.86%
 154  Phaeosolenia_densa_61963                9.43%    passed     99.94%
 155  Pholiota_henningsii                     9.43%    passed     94.42%
 156  Pholiota_lenta                          9.43%    passed     99.64%
 157  Pholiota_oedipus                        9.53%    passed     99.99%
 158  Phyllotopsis_nidulans                   8.81%    passed     86.63%
 159  Physalacria_sp._GEL5189                11.99%    passed     87.95%
 160  Pleurocybella_porrigens                 8.71%    passed     92.25%
 161  Pleuroflammula_flammea                  9.94%    passed     84.35%
 162  Pleurotus_ostreatus                    11.89%    passed     91.94%
 163  Pleurotus_purpureoolivaceus             9.02%    passed     99.20%
 164  Pluteus_admirabilis                     9.73%    passed     94.30%
 165  Pluteus_cervinus                        9.73%    passed     80.49%
 166  Porodisculus_pendulus_DAOM198417        8.81%    failed      0.09%
 167  Porodisculus_pendulus_HHB_13576_sp      8.81%    failed      0.13%
 168  Poromarasmius_contrarium               10.25%    passed     99.72%
 169  Poromycena_manipularis                  9.53%    passed     98.57%
 170  Poromycena_sp._RV.PR114                 9.22%    passed     95.00%
 171  Pouzarella_nodospora                    9.02%    passed     15.20%
 172  Psathyrella_candolleana                16.29%    passed     89.99%
 173  Psilocybe_cyanescens                    9.43%    passed     88.74%
 174  Psilocybe_pratensis                     9.43%    passed     96.20%
 175  Quadrispora_oblongispora                9.63%    passed     97.37%
 176  Rectipilus_fasciculatus                 9.73%    passed     47.39%
 177  Rectipilus_idahoensis_PB313             9.84%    passed     23.19%
 178  Rectipilus_natalensis_PB0312            9.12%    passed     92.80%
 179  Resupinatus_alboniger                   9.53%    passed     90.06%
 180  Resupinatus_applicatus_PB335            9.73%    passed     99.71%
 181  Resupinatus_trichotis                  10.04%    passed     99.00%
 182  Rhodocybe_mundula                       9.43%    passed     99.30%
 183  Rozites_caperata_G96_3                  9.12%    passed     84.25%
 184  Schizophyllum_commune                   9.53%    passed     61.57%
 185  Schizophyllum_fasciatum_CBS267.60       9.63%    passed     79.57%
 186  Schizophyllum_radiatum                  9.73%    passed     57.65%
 187  Schizophyllum_umbrinum                  9.63%    passed     44.30%
 188  Simocybe_centunculus                    9.94%    passed     99.27%
 189  Stigmatolemma_conspersum_61852          9.53%    passed     93.94%
 190  Stigmatolemma_poriiforme_CBS_327.91     9.73%    passed     98.76%
 191  Stigmatolemma_poriiforme_RLG1156sp      9.94%    passed     99.54%
 192  Strobilurus_trullisatus                11.99%    passed     95.52%
 193  Stromatoscypha_fimbriata_FP102067       9.22%    passed     99.96%
 194  Stromatoscypha_fimbriata_HC.10_11_98    9.22%    passed     99.71%
 195  Stropharia_aeruginosa                   9.53%    passed     74.05%
 196  Suillus_cavipes                         8.20%    passed     47.09%
 197  Tectella_patellaris                     8.81%    passed     95.83%
 198  Termitomyces_clypeatus                 16.29%    passed     92.27%
 199  Termitomyces_cylindricus               15.37%    passed     98.09%
 200  Tetrapyrgos_nigripes                    9.63%    passed     78.60%
 201  Thaxterogaster_fragilis_Hall.5733       9.63%    passed     96.13%
 202  Tricholomopsis_rutilans                12.09%    passed     68.36%
 203  Tubaria_hiemalis                        9.63%    passed     86.43%
 204  Tulastoma_brumale                       9.63%    passed     68.71%
 205  Weraroa_erythrocepahala_RV_95_656       9.43%    passed     90.25%
 206  Woldmaria_crocea_NH_10.23.95            8.40%    passed     99.04%
 207  Xeromphalina_kauffmanii                 9.22%    passed     83.48%
****  TOTAL                                  10.23%  8 sequences failed composition chi2 test (p-value<5%; df=3)
Checking for duplicate sequences: done in 0.0010647 secs using 98.62% CPU


Create initial parsimony tree by phylogenetic likelihood library (PLL)... 0.039 seconds
Perform fast likelihood tree search using GTR+I+G model...
Estimate model parameters (epsilon = 5.000)
Perform nearest neighbor interchange...
Estimate model parameters (epsilon = 1.000)
1. Initial log-likelihood: -23598.081
Optimal log-likelihood: -23597.508
Rate parameters:  A-C: 0.96305  A-G: 3.67923  A-T: 1.69830  C-G: 0.48013  C-T: 8.22065  G-T: 1.00000
Base frequencies:  A: 0.267  C: 0.193  G: 0.296  T: 0.243
Proportion of invariable sites: 0.377
Gamma shape alpha: 0.655
Parameters optimization took 1 rounds (0.475 sec)
Time for fast ML tree search: 3.967 seconds

NOTE: ModelFinder requires 45 MB RAM!
ModelFinder will test up to 968 DNA models (sample size: 976 epsilon: 0.100) ...
 No. Model         -LnL         df  AIC          AICc         BIC
  1  JC            29473.107    411 59768.214    60368.682    61775.317
  2  JC+I          27141.357    412 55106.713    55711.175    57118.700
  3  JC+G4         25245.764    412 51315.528    51919.990    53327.515
  4  JC+I+G4       25128.390    413 51082.781    51691.258    53099.651
  5  JC+R2         25669.967    413 52165.933    52774.410    54182.803
  6  JC+R3         25185.195    415 51200.389    51816.961    53227.026
  7  JC+R4         25079.591    417 50993.182    51617.934    53029.585
  8  JC+R5         25042.532    419 50923.064    51556.085    52969.235
  9  JC+R6         25037.340    421 50916.679    51558.058    52972.617
 14  JC+I+R2       25389.342    414 51606.684    52219.198    53628.438
 15  JC+I+R3       25126.606    416 51085.213    51705.864    53116.733
 16  JC+I+R4       25062.734    418 50961.467    51590.343    53002.754
 17  JC+I+R5       25039.580    420 50919.161    51556.350    52970.215
 18  JC+I+R6       25036.839    422 50917.678    51563.269    52978.499
 30  JC+R5         25042.532    419 50923.064    51556.085    52969.235
 31  JC+R6         25037.340    421 50916.679    51558.058    52972.617
 39  JC+I+R5       25039.580    420 50919.161    51556.350    52970.215
 40  JC+I+R6       25036.839    422 50917.678    51563.269    52978.499
 52  F81+R5        25042.342    419 50922.683    51555.705    52968.854
 53  F81+R6        25037.134    421 50916.268    51557.647    52972.206
 61  F81+I+R5      25039.478    420 50918.956    51556.145    52970.010
 62  F81+I+R6      25036.610    422 50917.220    51562.811    52978.041
 74  F81+F+R5      25165.194    422 51174.387    51819.979    53235.209
 75  F81+F+R6      25159.506    424 51167.012    51821.096    53237.601
 83  F81+F+I+R5    25162.301    423 51170.602    51820.428    53236.306
 84  F81+F+I+R6    25159.249    425 51168.498    51826.862    53243.969
 96  K2P+R5        23653.917    420 48147.834    48785.023    50198.888
 97  K2P+R6        23647.092    422 48138.184    48783.775    50199.005
105  K2P+I+R5      23650.492    421 48142.984    48784.363    50198.922
106  K2P+I+R6      23646.385    423 48138.769    48788.596    50204.474
118  K2P+R5        23653.917    420 48147.834    48785.023    50198.888
119  K2P+R6        23647.092    422 48138.184    48783.775    50199.005
127  K2P+I+R5      23650.492    421 48142.984    48784.363    50198.922
128  K2P+I+R6      23646.385    423 48138.769    48788.596    50204.474
140  HKY+R5        23653.801    420 48147.603    48784.792    50198.657
141  HKY+R6        23646.852    422 48137.704    48783.295    50198.525
149  HKY+I+R5      23650.288    421 48142.576    48783.955    50198.514
150  HKY+I+R6      23646.120    423 48138.241    48788.067    50203.946
162  HKY+F+R5      23690.312    423 48226.623    48876.449    50292.328
163  HKY+F+R6      23680.059    425 48210.118    48868.482    50285.590
171  HKY+F+I+R5    23685.061    424 48218.123    48872.206    50288.711
172  HKY+F+I+R6    23678.647    426 48209.293    48871.960    50289.648
184  TNe+R5        23632.565    421 48107.130    48748.509    50163.067
185  TNe+R6        23625.962    423 48097.924    48747.750    50163.629
193  TNe+I+R5      23630.007    422 48104.013    48749.605    50164.835
194  TNe+I+R6      23626.420    424 48100.840    48754.923    50171.428
206  TNe+R5        23632.565    421 48107.130    48748.509    50163.067
207  TNe+R6        23625.962    423 48097.924    48747.750    50163.629
215  TNe+I+R5      23630.007    422 48104.013    48749.605    50164.835
216  TNe+I+R6      23626.420    424 48100.840    48754.923    50171.428
228  TN+R5         23632.428    421 48106.855    48748.235    50162.793
229  TN+R6         23625.888    423 48097.777    48747.603    50163.481
237  TN+I+R5       23629.947    422 48103.894    48749.485    50164.715
238  TN+I+R6       23626.325    424 48100.650    48754.734    50171.238
250  TN+F+R5       23589.953    424 48027.907    48681.990    50098.495
251  TN+F+R6       23582.603    426 48017.206    48679.873    50097.561
259  TN+F+I+R5     23589.587    425 48029.174    48687.537    50104.645
260  TN+F+I+R6     23583.651    427 48021.301    48688.294    50106.540
272  K3P+R5        23653.734    421 48149.467    48790.846    50205.405
273  K3P+R6        23645.897    423 48137.794    48787.621    50203.499
281  K3P+I+R5      23650.111    422 48144.222    48789.813    50205.043
282  K3P+I+R6      23644.731    424 48137.462    48791.546    50208.051
294  K3P+R5        23653.734    421 48149.467    48790.846    50205.405
295  K3P+R6        23645.897    423 48137.794    48787.621    50203.499
303  K3P+I+R5      23650.111    422 48144.222    48789.813    50205.043
304  K3P+I+R6      23644.731    424 48137.462    48791.546    50208.050
316  K3Pu+R5       23653.661    421 48149.323    48790.702    50205.261
317  K3Pu+R6       23645.827    423 48137.654    48787.480    50203.359
325  K3Pu+I+R5     23649.957    422 48143.914    48789.505    50204.735
326  K3Pu+I+R6     23644.611    424 48137.222    48791.305    50207.810
338  K3Pu+F+R5     23689.738    424 48227.477    48881.560    50298.065
339  K3Pu+F+R6     23678.649    426 48209.299    48871.965    50289.654
347  K3Pu+F+I+R5   23684.077    425 48218.153    48876.517    50293.625
348  K3Pu+F+I+R6   23677.087    427 48208.174    48875.167    50293.413
360  TPM2+R5       23625.529    421 48093.058    48734.437    50148.996
361  TPM2+R6       23615.440    423 48076.881    48726.707    50142.585
369  TPM2+I+R5     23622.387    422 48088.774    48734.365    50149.595
370  TPM2+I+R6     23614.832    424 48077.663    48731.746    50148.251
382  TPM2+R5       23625.529    421 48093.058    48734.437    50148.996
383  TPM2+R6       23615.440    423 48076.881    48726.707    50142.585
391  TPM2+I+R5     23622.387    422 48088.774    48734.365    50149.595
392  TPM2+I+R6     23614.832    424 48077.663    48731.747    50148.251
404  TPM2u+R5      23625.452    421 48092.904    48734.283    50148.842
405  TPM2u+R6      23615.391    423 48076.781    48726.607    50142.486
413  TPM2u+I+R5    23622.246    422 48088.492    48734.084    50149.314
414  TPM2u+I+R6    23614.700    424 48077.400    48731.484    50147.989
426  TPM2u+F+R5    23655.758    424 48159.515    48813.599    50230.103
427  TPM2u+F+R6    23641.216    426 48134.431    48797.098    50214.786
435  TPM2u+F+I+R5  23647.536    425 48145.072    48803.435    50220.543
436  TPM2u+F+I+R6  23640.104    427 48134.208    48801.201    50219.447
448  TPM3+R5       23575.115    421 47992.229    48633.608    50048.167
449  TPM3+R6       23567.621    423 47981.242    48631.069    50046.947
457  TPM3+I+R5     23572.948    422 47989.895    48635.487    50050.716
458  TPM3+I+R6     23567.046    424 47982.091    48636.174    50052.679
470  TPM3+R5       23575.115    421 47992.229    48633.608    50048.167
471  TPM3+R6       23567.621    423 47981.242    48631.069    50046.947
479  TPM3+I+R5     23572.948    422 47989.895    48635.487    50050.716
480  TPM3+I+R6     23567.046    424 47982.091    48636.174    50052.679
492  TPM3u+R5      23574.970    421 47991.940    48633.319    50047.878
493  TPM3u+R6      23567.591    423 47981.183    48631.009    50046.887
501  TPM3u+I+R5    23572.801    422 47989.602    48635.194    50050.423
502  TPM3u+I+R6    23566.987    424 47981.974    48636.057    50052.562
514  TPM3u+F+R5    23643.704    424 48135.408    48789.491    50205.996
515  TPM3u+F+R6    23635.188    426 48122.376    48785.043    50202.731
523  TPM3u+F+I+R5  23640.558    425 48131.116    48789.479    50206.587
524  TPM3u+F+I+R6  23633.752    427 48121.504    48788.496    50206.742
536  TIMe+R5       23632.305    422 48108.611    48754.202    50169.432
537  TIMe+R6       23625.277    424 48098.554    48752.638    50169.142
545  TIMe+I+R5     23629.806    423 48105.612    48755.439    50171.317
546  TIMe+I+R6     23624.933    425 48099.867    48758.230    50175.338
558  TIMe+R5       23632.305    422 48108.611    48754.202    50169.432
559  TIMe+R6       23625.277    424 48098.554    48752.638    50169.142
567  TIMe+I+R5     23629.806    423 48105.612    48755.439    50171.317
568  TIMe+I+R6     23624.933    425 48099.867    48758.230    50175.338
580  TIM+R5        23632.251    422 48108.502    48754.093    50169.323
581  TIM+R6        23625.261    424 48098.521    48752.604    50169.109
589  TIM+I+R5      23629.761    423 48105.521    48755.347    50171.226
590  TIM+I+R6      23624.896    425 48099.792    48758.156    50175.264
602  TIM+F+R5      23589.213    425 48028.426    48686.789    50103.897
603  TIM+F+R6      23581.612    427 48017.224    48684.217    50102.463
611  TIM+F+I+R5    23588.957    426 48029.914    48692.581    50110.269
612  TIM+F+I+R6    23581.618    428 48019.236    48690.577    50109.358
624  TIM2e+R5      23599.006    422 48042.011    48687.602    50102.832
625  TIM2e+R6      23591.826    424 48031.652    48685.736    50102.240
633  TIM2e+I+R5    23597.855    423 48041.710    48691.536    50107.415
634  TIM2e+I+R6    23591.672    425 48033.344    48691.708    50108.816
646  TIM2e+R5      23599.006    422 48042.011    48687.602    50102.832
647  TIM2e+R6      23591.826    424 48031.652    48685.736    50102.240
655  TIM2e+I+R5    23597.855    423 48041.710    48691.536    50107.415
656  TIM2e+I+R6    23591.672    425 48033.344    48691.708    50108.816
668  TIM2+R5       23598.939    422 48041.879    48687.470    50102.700
669  TIM2+R6       23591.821    424 48031.643    48685.726    50102.231
677  TIM2+I+R5     23597.710    423 48041.420    48691.246    50107.124
678  TIM2+I+R6     23591.591    425 48033.181    48691.545    50108.653
690  TIM2+F+R5     23546.195    425 47942.390    48600.754    50017.862
691  TIM2+F+R6     23537.784    427 47929.568    48596.561    50014.807
699  TIM2+F+I+R5   23546.692    426 47945.384    48608.051    50025.739
700  TIM2+F+I+R6   23538.070    428 47932.140    48603.482    50022.262
712  TIM3e+R5      23556.770    422 47957.541    48603.132    50018.362
713  TIM3e+R6      23549.248    424 47946.496    48600.580    50017.084
721  TIM3e+I+R5    23554.650    423 47955.299    48605.125    50021.004
722  TIM3e+I+R6    23549.473    425 47948.946    48607.310    50024.418
734  TIM3e+R5      23556.770    422 47957.541    48603.132    50018.362
735  TIM3e+R6      23549.248    424 47946.496    48600.580    50017.084
743  TIM3e+I+R5    23554.650    423 47955.299    48605.125    50021.004
744  TIM3e+I+R6    23549.473    425 47948.946    48607.310    50024.418
756  TIM3+R5       23556.740    422 47957.479    48603.070    50018.300
757  TIM3+R6       23549.200    424 47946.400    48600.484    50016.989
765  TIM3+I+R5     23554.619    423 47955.239    48605.065    50020.943
766  TIM3+I+R6     23549.436    425 47948.872    48607.236    50024.344
778  TIM3+F+R5     23551.149    425 47952.297    48610.661    50027.769
779  TIM3+F+R6     23543.771    427 47941.543    48608.535    50026.781
787  TIM3+F+I+R5   23550.474    426 47952.949    48615.615    50033.304
788  TIM3+F+I+R6   23544.070    428 47944.140    48615.482    50034.262
800  TVMe+R5       23545.546    423 47937.092    48586.918    50002.796
801  TVMe+R6       23538.253    425 47926.506    48584.870    50001.978
809  TVMe+I+R5     23544.767    424 47937.535    48591.618    50008.123
810  TVMe+I+R6     23537.368    426 47926.735    48589.402    50007.091
822  TVMe+R5       23545.546    423 47937.092    48586.918    50002.796
823  TVMe+R6       23538.253    425 47926.506    48584.870    50001.978
831  TVMe+I+R5     23544.767    424 47937.535    48591.618    50008.123
832  TVMe+I+R6     23537.368    426 47926.735    48589.402    50007.091
844  TVM+R5        23545.493    423 47936.986    48586.812    50002.690
845  TVM+R6        23538.209    425 47926.418    48584.781    50001.889
853  TVM+I+R5      23544.614    424 47937.228    48591.312    50007.816
854  TVM+I+R6      23537.355    426 47926.710    48589.377    50007.065
866  TVM+F+R5      23608.683    426 48069.366    48732.033    50149.721
867  TVM+F+R6      23598.157    428 48052.315    48723.657    50142.437
875  TVM+F+I+R5    23606.116    427 48066.232    48733.225    50151.471
876  TVM+F+I+R6    23596.441    429 48050.882    48726.596    50145.887
888  SYM+R5        23523.098    424 47894.196    48548.279    49964.784
889  SYM+R6        23516.006    426 47884.011    48546.678    49964.366
897  SYM+I+R5      23522.019    425 47894.039    48552.403    49969.511
898  SYM+I+R6      23516.259    427 47886.518    48553.511    49971.757
910  SYM+R5        23523.098    424 47894.196    48548.279    49964.784
911  SYM+R6        23516.006    426 47884.011    48546.678    49964.366
919  SYM+I+R5      23522.019    425 47894.039    48552.403    49969.510
920  SYM+I+R6      23516.259    427 47886.518    48553.511    49971.757
932  GTR+R5        23523.049    424 47894.097    48548.181    49964.685
933  GTR+R6        23516.000    426 47884.000    48546.667    49964.355
941  GTR+I+R5      23521.988    425 47893.976    48552.339    49969.447
942  GTR+I+R6      23516.242    427 47886.484    48553.476    49971.722
954  GTR+F+R5      23506.807    427 47867.614    48534.606    49952.852
955  GTR+F+R6      23499.859    429 47857.718    48533.432    49952.723
963  GTR+F+I+R5    23507.021    428 47870.043    48541.385    49960.165
964  GTR+F+I+R6    23499.935    430 47859.870    48539.980    49959.758
Akaike Information Criterion:           GTR+F+R6
Corrected Akaike Information Criterion: GTR+F+R6
Bayesian Information Criterion:         GTR+F+R6
Best-fit model: GTR+F+R6 chosen according to BIC

All model information printed to results/dna_M2534_207_976.phy/output_files/iqtree/inference/pars_12.model.gz
CPU time for ModelFinder: 444.298 seconds (0h:7m:24s)
Wall-clock time for ModelFinder: 445.360 seconds (0h:7m:25s)

NOTE: 27 MB RAM (0 GB) is required!
Estimate model parameters (epsilon = 0.010)
1. Initial log-likelihood: -23499.895
2. Current log-likelihood: -23499.848
Optimal log-likelihood: -23499.841
Rate parameters:  A-C: 0.98063  A-G: 3.71015  A-T: 1.71078  C-G: 0.49323  C-T: 8.48599  G-T: 1.00000
Base frequencies:  A: 0.267  C: 0.193  G: 0.296  T: 0.243
Site proportion and rates:  (0.566,0.038) (0.179,0.549) (0.099,1.531) (0.075,2.821) (0.062,5.174) (0.019,10.370)
Parameters optimization took 2 rounds (1.968 sec)
Wrote distance file to... 
BEST SCORE FOUND : -23499.841
Total tree length: 7.301

Total number of iterations: 0
CPU time used for tree search: 0.000 sec (0h:0m:0s)
Wall-clock time used for tree search: 0.000 sec (0h:0m:0s)
Total CPU time used: 446.279 sec (0h:7m:26s)
Total wall-clock time used: 447.356 sec (0h:7m:27s)

Analysis results written to: 
  IQ-TREE report:                results/dna_M2534_207_976.phy/output_files/iqtree/inference/pars_12.iqtree
  Maximum-likelihood tree:       results/dna_M2534_207_976.phy/output_files/iqtree/inference/pars_12.treefile
  Screen log file:               results/dna_M2534_207_976.phy/output_files/iqtree/inference/pars_12.log

Date and Time: Sat Sep 20 21:54:51 2025
