IQ-TREE version 3.0.1 for Linux x86 64-bit built Sep 12 2025
Developed by Bui Quang Minh, Thomas Wong, Nhan Ly-Trong, Huaiyan Ren
Contributed by Lam-Tung Nguyen, Dominik Schrempf, Chris Bielow,
Olga Chernomor, Michael Woodhams, Diep Thi Hoang, Heiko Schmidt

Host:    suny-Precision-5530 (AVX2, FMA3, 15 GB RAM)
Command: /usr/local/bin/iqtree3 -s /home/suny/Downloads/VAN_TRAINING_DATA/data2/dna_M3198_216_2578.phy -pre results/dna_M3198_216_2578.phy/output_files/iqtree/inference/rand -seed 0 -t RANDOM -T 1 -redo -n 3 -ninit 20 -xgphy -xgphy_nni_count 3
Seed:    0 (Using SPRNG - Scalable Parallel Random Number Generator)
Time:    Sun Sep 21 05:34:53 2025
Kernel:  AVX+FMA - 1 threads (12 CPU cores detected)

HINT: Use -nt option to specify number of threads because your CPU has 12 cores!
HINT: -nt AUTO will automatically determine the best number of threads to use.

Reading alignment file /home/suny/Downloads/VAN_TRAINING_DATA/data2/dna_M3198_216_2578.phy ... Phylip format detected
Alignment most likely contains DNA/RNA sequences
Constructing alignment: done in 0.0145699 secs using 79.64% CPU
Alignment has 216 sequences with 2578 columns, 2102 distinct patterns
1725 parsimony-informative, 221 singleton sites, 632 constant sites
                                 Gap/Ambiguity  Composition  p-value
Analyzing sequences: done in 0.00219783 secs using 99.01% CPU
   1  Adelophryne_gutturosa              7.68%    passed     61.58%
   2  Agalychnis_callidryas             13.27%    failed      0.44%
   3  Barycholos_pulcher                47.25%    passed      6.51%
   4  Barycholos_ternetzi               63.23%    failed      0.73%
   5  Brachycephalus_ephippium          13.65%    passed     22.78%
   6  Bryophryne_cophites               12.99%    passed     49.97%
   7  Bufo_melanostictus                 6.87%    passed     52.52%
   8  Caudiverbera_caudiverbera         12.88%    failed      0.39%
   9  Centrolene_prosoblepon            13.03%    passed     40.47%
  10  Ceratophrys_cornuta               12.49%    passed     13.87%
  11  Craugastor_alfredi                13.54%    passed      7.88%
  12  Craugastor_andi                    7.64%    failed      0.14%
  13  Craugastor_angelicus               6.59%    passed      5.41%
  14  Craugastor_augusti                13.46%    passed      8.71%
  15  Craugastor_berkenbuschii           7.02%    passed     22.12%
  16  Craugastor_bocourti               13.19%    failed      1.41%
  17  Craugastor_crassidigitus          15.36%    failed      3.23%
  18  Craugastor_daryi                   7.29%    passed     49.03%
  19  Craugastor_fitzingeri             13.46%    passed     12.78%
  20  Craugastor_loki                    7.18%    passed     68.45%
  21  Craugastor_longirostris            6.90%    passed     20.14%
  22  Craugastor_megacephalus           11.71%    failed      2.82%
  23  Craugastor_melanostictus           7.18%    failed      2.51%
  24  Craugastor_montanus                7.60%    passed     92.38%
  25  Craugastor_podiciferus             9.04%    passed     91.82%
  26  Craugastor_punctariolus           13.34%    passed     59.98%
  27  Craugastor_pygmaeus               11.21%    passed     45.06%
  28  Craugastor_rhodopis               14.12%    passed     37.06%
  29  Craugastor_rugulosus               6.48%    passed     10.14%
  30  Craugastor_rupinius                6.59%    passed      7.63%
  31  Craugastor_sandersoni              9.19%    passed      9.74%
  32  Craugastor_sp._SBH268103           7.02%    passed     95.06%
  33  Craugastor_sp._UTA51036            8.49%    failed      0.00%
  34  Craugastor_spatulatus             12.53%    passed     31.22%
  35  Craugastor_stuarti                12.84%    passed     79.78%
  36  Craugastor_uno                     6.79%    passed     96.27%
  37  Cryptobatrachus_sp.               13.89%    passed     16.69%
  38  Dendrobates_sylvaticus            12.14%    passed     14.42%
  39  Diasporus_diastema                10.82%    passed     36.05%
  40  Eleutherodactlyus_audanti          7.64%    passed     23.96%
  41  Eleutherodactlyus_gossei           8.77%    passed     69.93%
  42  Eleutherodactylus_abbotti          6.63%    passed     73.37%
  43  Eleutherodactylus_albipes          6.52%    passed     15.28%
  44  Eleutherodactylus_alcoae           6.44%    passed     77.32%
  45  Eleutherodactylus_auriculatus      7.45%    passed     38.28%
  46  Eleutherodactylus_bothroboans      6.25%    failed      1.31%
  47  Eleutherodactylus_caribe           6.52%    passed     36.55%
  48  Eleutherodactylus_cf_varleyi       8.69%    passed     29.83%
  49  Eleutherodactylus_cooki            7.56%    passed     91.64%
  50  Eleutherodactylus_counouspeus     10.09%    failed      0.04%
  51  Eleutherodactylus_glaphycompus     6.09%    passed     20.93%
  52  Eleutherodactylus_griphus          6.44%    passed     79.45%
  53  Eleutherodactylus_inoptatus        6.98%    passed     57.95%
  54  Eleutherodactylus_jaumei           6.87%    passed     39.60%
  55  Eleutherodactylus_lamprotes        7.10%    passed     89.54%
  56  Eleutherodactylus_leberi           8.81%    passed     90.80%
  57  Eleutherodactylus_lentus           8.42%    passed      8.43%
  58  Eleutherodactylus_leoncei          7.06%    passed     81.33%
  59  Eleutherodactylus_luteolus         7.10%    passed     19.53%
  60  Eleutherodactylus_marnockii       24.63%    passed     20.61%
  61  Eleutherodactylus_martinicensis    7.64%    passed     15.01%
  62  Eleutherodactylus_planirostris     7.56%    passed     25.36%
  63  Eleutherodactylus_richmondi        6.52%    failed      2.51%
  64  Eleutherodactylus_riparius         7.10%    passed     51.37%
  65  Eleutherodactylus_schmidti         6.48%    passed     31.31%
  66  Eleutherodactylus_sommeri          6.71%    passed     21.07%
  67  Eleutherodactylus_thorectes        6.40%    passed     67.12%
  68  Eleutherodactylus_unicolor         6.71%    passed     66.16%
  69  Eleutherodactylus_wetmorei         6.44%    passed     32.39%
  70  Eleutherodactylus_wightmanae       6.71%    passed     49.31%
  71  Eleutherodactylus_zeus             8.61%    passed     12.36%
  72  Eleutherodactylus_zugi             7.76%    passed     79.44%
  73  Haddadus_binotatus                 7.72%    passed     96.60%
  74  Holoaden_bradei                   24.48%    failed      4.30%
  75  Holoaden_luederwaldti             26.22%    passed     16.24%
  76  Hyla_chinensis                     7.06%    passed     40.46%
  77  Ischnocnema_guentheri              8.22%    passed     81.70%
  78  Ischnocnema_hoehnei               10.05%    passed     95.26%
  79  Ischnocnema_holti                 25.25%    failed      2.54%
  80  Ischnocnema_juipoca               13.96%    passed     37.01%
  81  Ischnocnema_parva                  7.60%    passed     94.89%
  82  Isodactylus_brunneus               7.76%    passed     73.39%
  83  Isodactylus_dolops                 6.36%    passed     46.36%
  84  Isodactylus_elassodiscus           9.97%    passed     50.84%
  85  Isodactylus_peraccai               7.99%    passed     84.67%
  86  Leptodactylus_pentadactylus       13.77%    passed     69.34%
  87  Litoria_caerulea                  13.15%    passed     19.65%
  88  Lynchius_flavomaculatus            6.63%    passed     27.90%
  89  Lynchius_nebulanastes             17.88%    passed     68.42%
  90  Lynchius_parkeri                  17.22%    passed     50.84%
  91  Melanophryniscus_klappenbachi     13.42%    passed      7.81%
  92  Noblella_lochites                 17.15%    passed      9.99%
  93  Odontophrynus_achalensis          13.11%    passed     81.94%
  94  Oreobates_cruralis                 6.98%    passed     23.77%
  95  Oreobates_quixensis               23.39%    passed     40.46%
  96  Oreobates_saxatilis               30.33%    passed     33.55%
  97  Phrynopus_auriculatus             13.42%    passed     68.99%
  98  Phrynopus_bracki                   9.54%    passed     88.61%
  99  Phyzelaphryne_miriame              7.14%    passed     21.30%
 100  Pristimantis__pluvicanorus_       13.42%    passed     58.92%
 101  Pristimantis_acerus               15.83%    passed     72.98%
 102  Pristimantis_actites               9.46%    passed     17.06%
 103  Pristimantis_albertus             11.87%    passed     54.81%
 104  Pristimantis_altamazonicus        18.15%    passed     86.53%
 105  Pristimantis_aniptopalmatus        6.94%    passed     66.48%
 106  Pristimantis_appendiculatus       12.37%    passed     58.42%
 107  Pristimantis_ardalonychus          8.73%    passed     87.70%
 108  Pristimantis_bipunctatus           9.78%    passed     85.29%
 109  Pristimantis_bromeliaceus         10.98%    passed     95.00%
 110  Pristimantis_buckleyi             10.12%    passed     84.39%
 111  Pristimantis_calcarulatus         13.81%    passed      5.18%
 112  Pristimantis_caprifer              6.83%    passed     85.84%
 113  Pristimantis_caryophyllaceus      12.10%    passed     92.25%
 114  Pristimantis_celator              16.45%    passed     99.65%
 115  Pristimantis_ceuthospilus          7.33%    passed     89.78%
 116  Pristimantis_cf_mendax             6.90%    passed     63.76%
 117  Pristimantis_cf_rhabdolaemus       6.48%    passed     21.53%
 118  Pristimantis_chalceus              9.97%    passed     88.24%
 119  Pristimantis_chloronotus          13.15%    passed     28.20%
 120  Pristimantis_citriogaster         14.90%    passed     48.83%
 121  Pristimantis_colomai               8.18%    passed     57.37%
 122  Pristimantis_condor               11.68%    passed     69.81%
 123  Pristimantis_conspicillatus        7.14%    passed     58.03%
 124  Pristimantis_cremnobates           9.81%    passed     95.80%
 125  Pristimantis_crucifer             27.58%    passed     16.45%
 126  Pristimantis_cruciocularis         6.48%    passed     55.70%
 127  Pristimantis_cruentus             17.07%    passed     96.48%
 128  Pristimantis_cryophilius          16.91%    passed     95.58%
 129  Pristimantis_curtipes              6.63%    passed     50.87%
 130  Pristimantis_dendrobatoides       23.08%    passed     29.88%
 131  Pristimantis_devillei             10.40%    passed     98.51%
 132  Pristimantis_diadematus            8.15%    passed     84.76%
 133  Pristimantis_dissimulatus         13.73%    passed     15.81%
 134  Pristimantis_duellmani            12.80%    passed     80.49%
 135  Pristimantis_eriphus              12.06%    passed     48.04%
 136  Pristimantis_euphronides           6.98%    passed     93.57%
 137  Pristimantis_fenestratus          14.93%    passed     88.22%
 138  Pristimantis_festae                8.81%    passed     93.63%
 139  Pristimantis_galdi                 6.94%    passed     89.39%
 140  Pristimantis_gentryi               6.87%    passed     64.59%
 141  Pristimantis_glandulosus          17.65%    passed     49.35%
 142  Pristimantis_imitatrix            26.22%    passed     12.83%
 143  Pristimantis_inguinalis            6.44%    passed     79.99%
 144  Pristimantis_inusitatus           16.37%    passed     48.49%
 145  Pristimantis_labiosus              7.99%    failed      0.00%
 146  Pristimantis_lanthanites          13.15%    passed     23.50%
 147  Pristimantis_latidiscus           10.74%    passed     45.11%
 148  Pristimantis_leoni                 8.26%    passed     84.86%
 149  Pristimantis_lirellus              6.79%    passed     27.50%
 150  Pristimantis_luteolateralis       13.58%    passed     72.98%
 151  Pristimantis_lymani                6.59%    passed     51.14%
 152  Pristimantis_marmoratus            6.83%    passed     93.84%
 153  Pristimantis_minutulus             7.14%    passed     93.91%
 154  Pristimantis_nyctophylax           6.67%    passed     86.05%
 155  Pristimantis_ockendeni             7.18%    passed     48.37%
 156  Pristimantis_ocreatus             11.83%    passed     82.32%
 157  Pristimantis_orcesi               11.17%    passed     91.96%
 158  Pristimantis_orestes               6.59%    passed     73.98%
 159  Pristimantis_parvillus            10.86%    passed     36.12%
 160  Pristimantis_peruvianus           14.66%    passed     52.81%
 161  Pristimantis_petrobardus          27.11%    passed     86.63%
 162  Pristimantis_phoxocephalus        10.90%    passed     55.18%
 163  Pristimantis_prolatus              9.35%    passed     38.05%
 164  Pristimantis_pycnodermis          11.25%    passed     70.87%
 165  Pristimantis_pyrrhomerus          10.32%    passed     89.18%
 166  Pristimantis_quinquagesimus        9.62%    passed     70.75%
 167  Pristimantis_rhabdolaemus         10.55%    passed     69.63%
 168  Pristimantis_rhodoplichus          9.50%    passed     73.02%
 169  Pristimantis_ridens                9.81%    passed     47.10%
 170  Pristimantis_riveti               11.44%    passed     99.38%
 171  Pristimantis_rozei                16.14%    passed     57.70%
 172  Pristimantis_sagittulus            9.58%    passed     75.50%
 173  Pristimantis_saltissimus           6.87%    passed     95.97%
 174  Pristimantis_schultei              8.96%    passed     97.05%
 175  Pristimantis_shrevei               8.88%    passed     49.54%
 176  Pristimantis_simonbolivari         9.85%    passed     70.53%
 177  Pristimantis_simonsii              9.97%    passed     96.09%
 178  Pristimantis_skydmainos            7.18%    passed     21.79%
 179  Pristimantis_sp._AY326002         17.38%    passed     19.08%
 180  Pristimantis_sp._KU179221          6.59%    passed     96.69%
 181  Pristimantis_sp._KU218210          6.56%    passed     75.08%
 182  Pristimantis_sp._LSUMZ16898        6.75%    passed     75.71%
 183  Pristimantis_sp._SBH266045         6.56%    passed     20.74%
 184  Pristimantis_sp._SBH266049         9.78%    passed     35.13%
 185  Pristimantis_spinosus             10.16%    passed     95.27%
 186  Pristimantis_stictogaster          7.95%    passed     40.35%
 187  Pristimantis_subsigillatus         9.08%    passed     86.55%
 188  Pristimantis_supernatis           16.02%    passed     38.07%
 189  Pristimantis_terraebolivaris      13.54%    passed     26.36%
 190  Pristimantis_thymalopsoides        6.75%    passed     70.41%
 191  Pristimantis_thymelensis           7.80%    passed     19.13%
 192  Pristimantis_toftae                9.81%    passed     65.78%
 193  Pristimantis_truebae               6.87%    passed     71.60%
 194  Pristimantis_unistrigatus          7.29%    passed     94.89%
 195  Pristimantis_urichi                9.97%    passed     12.73%
 196  Pristimantis_verecundus            8.81%    passed     83.76%
 197  Pristimantis_versicolor            7.64%    passed     54.12%
 198  Pristimantis_vertebralis           8.81%    passed     22.59%
 199  Pristimantis_w-nigrum             12.45%    passed     11.50%
 200  Pristimantis_walkeri               9.62%    passed     46.62%
 201  Pristimantis_zeuctotylus           6.52%    passed     60.97%
 202  Pristimatnis_malkini               7.64%    passed     39.07%
 203  Pristimtantis_jester              29.83%    passed      7.13%
 204  Pseudis_paradoxa                  13.27%    passed     78.71%
 205  Pseudophryne_bibroni              13.11%    failed      0.03%
 206  Psychrophrynella_sp._KU173495     15.24%    passed     18.74%
 207  Psychrophrynella_wettsteini       12.88%    passed     97.31%
 208  Rana_catesbeiana                   7.02%    passed     19.05%
 209  Rhinoderma_darwinii               13.19%    failed      3.97%
 210  Strabomantis_anomalus              6.52%    passed     99.03%
 211  Strabomantis_biporcatus           12.49%    passed     59.57%
 212  Strabomantis_bufoniformis         13.11%    passed     82.14%
 213  Strabomantis_necerus               6.83%    passed     83.53%
 214  Strabomantis_sulcatus              7.06%    passed     89.72%
 215  Telmatobius_verrucosus            12.96%    passed     58.05%
 216  Unknown_anuran_sp.                 7.14%    failed      4.85%
WARNING: 1 sequences contain more than 50% gaps/ambiguity
****  TOTAL                             11.09%  18 sequences failed composition chi2 test (p-value<5%; df=3)
Checking for duplicate sequences: done in 0.00270201 secs using 99.93% CPU


Create initial parsimony tree by phylogenetic likelihood library (PLL)... 0.136 seconds
Perform fast likelihood tree search using GTR+I+G model...
Estimate model parameters (epsilon = 5.000)
Perform nearest neighbor interchange...
Estimate model parameters (epsilon = 1.000)
1. Initial log-likelihood: -146987.197
Optimal log-likelihood: -146986.392
Rate parameters:  A-C: 4.56040  A-G: 9.87398  A-T: 5.21996  C-G: 0.53136  C-T: 26.05223  G-T: 1.00000
Base frequencies:  A: 0.340  C: 0.236  G: 0.183  T: 0.240
Proportion of invariable sites: 0.214
Gamma shape alpha: 0.732
Parameters optimization took 1 rounds (1.869 sec)
Time for fast ML tree search: 16.254 seconds

NOTE: ModelFinder requires 147 MB RAM!
ModelFinder will test up to 968 DNA models (sample size: 2578 epsilon: 0.100) ...
 No. Model         -LnL         df  AIC          AICc         BIC
  1  JC            182719.902   429 366297.804   366469.564   368809.500
  2  JC+I          173507.401   430 347874.802   348047.442   350392.352
  3  JC+G4         159723.449   430 320306.899   320479.540   322824.450
  4  JC+I+G4       159215.582   431 319293.165   319466.689   321816.570
  5  JC+R2         163707.391   431 328276.782   328450.306   330800.187
  6  JC+R3         160499.094   433 321864.187   322039.488   324399.302
  7  JC+R4         159300.297   435 319470.595   319647.682   322017.420
  8  JC+R5         158920.388   437 318714.776   318893.660   321273.310
  9  JC+R6         158808.962   439 318495.924   318676.616   321066.168
 10  JC+R7         158780.087   441 318442.174   318624.686   321024.127
 11  JC+R8         158760.443   443 318406.885   318591.227   321000.548
 12  JC+R9         158759.497   445 318408.994   318595.176   321014.366
 14  JC+I+R2       161771.971   432 324407.943   324582.354   326937.203
 15  JC+I+R3       159686.028   434 320240.055   320416.248   322781.025
 16  JC+I+R4       159048.206   436 318968.413   319146.397   321521.092
 17  JC+I+R5       158836.624   438 318549.248   318729.035   321113.637
 18  JC+I+R6       158775.474   440 318430.947   318612.548   321007.046
 19  JC+I+R7       158752.596   442 318389.192   318572.617   320977.000
 20  JC+I+R8       158751.995   444 318391.990   318577.250   320991.507
 41  JC+I+R7       158752.596   442 318389.192   318572.617   320977.000
 63  F81+I+R7      158752.341   442 318388.681   318572.106   320976.489
 85  F81+F+I+R7    157675.543   445 316241.087   316427.269   318846.459
107  K2P+I+R7      151374.377   443 303634.754   303819.095   306228.416
129  K2P+I+R7      151374.377   443 303634.754   303819.095   306228.416
151  HKY+I+R7      151374.104   443 303634.208   303818.549   306227.871
173  HKY+F+I+R7    148895.329   446 298682.659   298869.765   301293.886
195  TNe+I+R7      150113.179   444 301114.358   301299.618   303713.875
217  TNe+I+R7      150113.179   444 301114.358   301299.618   303713.875
239  TN+I+R7       150113.076   444 301114.152   301299.412   303713.669
261  TN+F+I+R7     148034.501   447 296963.002   297151.036   299580.084
283  K3P+I+R7      151352.249   444 303592.498   303777.758   306192.015
305  K3P+I+R7      151352.249   444 303592.498   303777.758   306192.015
327  K3Pu+I+R7     151352.007   444 303592.014   303777.274   306191.532
349  K3Pu+F+I+R7   148884.683   447 298663.366   298851.399   301280.448
371  TPM2+I+R7     148441.301   444 297770.602   297955.862   300370.119
393  TPM2+I+R7     148441.301   444 297770.602   297955.862   300370.119
415  TPM2u+I+R7    148441.153   444 297770.305   297955.566   300369.823
437  TPM2u+F+I+R7  147586.041   447 296066.082   296254.115   298683.163
459  TPM3+I+R7     151346.293   444 303580.586   303765.847   306180.104
481  TPM3+I+R7     151346.293   444 303580.586   303765.847   306180.104
503  TPM3u+I+R7    151346.034   444 303580.069   303765.329   306179.586
525  TPM3u+F+I+R7  148872.745   447 298639.490   298827.524   301256.572
547  TIMe+I+R7     150092.284   445 301074.568   301260.750   303679.940
569  TIMe+I+R7     150092.284   445 301074.568   301260.750   303679.940
591  TIM+I+R7      150092.196   445 301074.392   301260.574   303679.764
613  TIM+F+I+R7    148022.966   448 296941.932   297130.896   299564.869
635  TIM2e+I+R7    147225.979   445 295341.959   295528.141   297947.331
657  TIM2e+I+R7    147225.979   445 295341.959   295528.141   297947.331
679  TIM2+I+R7     147225.894   445 295341.788   295527.970   297947.160
701  TIM2+F+I+R7   146572.729   448 294041.459   294230.422   296664.395
723  TIM3e+I+R7    150082.817   445 301055.634   301241.816   303661.006
745  TIM3e+I+R7    150082.817   445 301055.634   301241.816   303661.006
767  TIM3+I+R7     150082.716   445 301055.433   301241.615   303660.805
789  TIM3+F+I+R7   148008.968   448 296913.937   297102.901   299536.873
811  TVMe+I+R7     148400.128   446 297692.256   297879.362   300303.483
833  TVMe+I+R7     148400.128   446 297692.256   297879.362   300303.483
855  TVM+I+R7      148400.057   446 297692.115   297879.221   300303.342
877  TVM+F+I+R7    147552.731   449 296003.462   296193.358   298632.253
899  SYM+I+R7      147182.890   447 295259.780   295447.814   297876.862
921  SYM+I+R7      147182.890   447 295259.780   295447.814   297876.862
943  GTR+I+R7      147182.812   447 295259.625   295447.658   297876.706
965  GTR+F+I+R7    146537.555   450 293975.110   294165.942   296609.756
Akaike Information Criterion:           GTR+F+I+R7
Corrected Akaike Information Criterion: GTR+F+I+R7
Bayesian Information Criterion:         GTR+F+I+R7
Best-fit model: GTR+F+I+R7 chosen according to BIC

All model information printed to results/dna_M3198_216_2578.phy/output_files/iqtree/inference/rand.model.gz
CPU time for ModelFinder: 2639.394 seconds (0h:43m:59s)
Wall-clock time for ModelFinder: 2644.439 seconds (0h:44m:4s)

NOTE: 103 MB RAM (0 GB) is required!
Estimate model parameters (epsilon = 0.100)
1. Initial log-likelihood: -146537.555
Optimal log-likelihood: -146537.481
Rate parameters:  A-C: 4.41782  A-G: 9.82148  A-T: 5.18744  C-G: 0.52568  C-T: 26.09668  G-T: 1.00000
Base frequencies:  A: 0.340  C: 0.236  G: 0.183  T: 0.240
Proportion of invariable sites: 0.182
Site proportion and rates:  (0.192,0.066) (0.111,0.238) (0.133,0.523) (0.130,1.060) (0.127,1.911) (0.078,3.295) (0.047,5.364)
Parameters optimization took 1 rounds (4.310 sec)
Log-likelihood of random tree: -200648.187
IN UPDATE: new tree with score = -200648.187
IN UPDATE: new tree with score = -200648.187
Wrote distance file to... 
--------------------------------------------------------------------
|             INITIALIZING CANDIDATE TREE SET                      |
--------------------------------------------------------------------
Number of numNNITrees: 3
Number of processes: 1
Number of trees per process: 19
Number of trees in candidate set: 1
Total number of trees to be generated: 20
Generating 19 random trees... Initial candidate tree set size: 1
0.254 second
Each tree will doNNISearch 3 times.
Computing log-likelihood of 19 initial trees ... Estimate model parameters (epsilon = 0.100)
Estimate model parameters (epsilon = 0.100)
Estimate model parameters (epsilon = 0.100)
IN UPDATE: new tree with score = -146678.967
BETTER TREE FOUND at iteration 1: -146678.967
Saved xgphy tree to results/dna_M3198_216_2578.phy/output_files/iqtree/inference/rand_tree0_xgphy.log
21 unique trees added to candidate set. 0 trees had branch lengths optimized.
Estimate model parameters (epsilon = 0.100)
IN UPDATE: new tree with score = -146643.218
BETTER TREE FOUND at iteration 2: -146643.218
Saved xgphy tree to results/dna_M3198_216_2578.phy/output_files/iqtree/inference/rand_tree1_xgphy.log
22 unique trees added to candidate set. 1 trees had branch lengths optimized.
IN UPDATE: new tree with score = -146677.081
Saved xgphy tree to results/dna_M3198_216_2578.phy/output_files/iqtree/inference/rand_tree2_xgphy.log
23 unique trees added to candidate set. 2 trees had branch lengths optimized.
IN UPDATE: new tree with score = -146667.258
Saved xgphy tree to results/dna_M3198_216_2578.phy/output_files/iqtree/inference/rand_tree3_xgphy.log
24 unique trees added to candidate set. 3 trees had branch lengths optimized.
Estimate model parameters (epsilon = 0.100)
IN UPDATE: new tree with score = -146591.432
BETTER TREE FOUND at iteration 5: -146591.432
Saved xgphy tree to results/dna_M3198_216_2578.phy/output_files/iqtree/inference/rand_tree4_xgphy.log
25 unique trees added to candidate set. 4 trees had branch lengths optimized.
Estimate model parameters (epsilon = 0.100)
Estimate model parameters (epsilon = 0.100)
IN UPDATE: new tree with score = -146530.737
BETTER TREE FOUND at iteration 6: -146530.737
Saved xgphy tree to results/dna_M3198_216_2578.phy/output_files/iqtree/inference/rand_tree5_xgphy.log
26 unique trees added to candidate set. 5 trees had branch lengths optimized.
Estimate model parameters (epsilon = 0.100)
IN UPDATE: new tree with score = -146530.150
BETTER TREE FOUND at iteration 7: -146530.150
Saved xgphy tree to results/dna_M3198_216_2578.phy/output_files/iqtree/inference/rand_tree6_xgphy.log
27 unique trees added to candidate set. 6 trees had branch lengths optimized.
IN UPDATE: new tree with score = -146534.195
Saved xgphy tree to results/dna_M3198_216_2578.phy/output_files/iqtree/inference/rand_tree7_xgphy.log
28 unique trees added to candidate set. 7 trees had branch lengths optimized.
Estimate model parameters (epsilon = 0.100)
IN UPDATE: new tree with score = -146527.051
BETTER TREE FOUND at iteration 9: -146527.051
Saved xgphy tree to results/dna_M3198_216_2578.phy/output_files/iqtree/inference/rand_tree8_xgphy.log
29 unique trees added to candidate set. 8 trees had branch lengths optimized.
IN UPDATE: new tree with score = -146535.651
Iteration 10 / LogL: -146535.651 / Time: 1h:0m:48s
Saved xgphy tree to results/dna_M3198_216_2578.phy/output_files/iqtree/inference/rand_tree9_xgphy.log
30 unique trees added to candidate set. 9 trees had branch lengths optimized.
Estimate model parameters (epsilon = 0.100)
IN UPDATE: new tree with score = -146522.710
BETTER TREE FOUND at iteration 11: -146522.710
Saved xgphy tree to results/dna_M3198_216_2578.phy/output_files/iqtree/inference/rand_tree10_xgphy.log
31 unique trees added to candidate set. 10 trees had branch lengths optimized.
IN UPDATE: new tree with score = -146526.505
Saved xgphy tree to results/dna_M3198_216_2578.phy/output_files/iqtree/inference/rand_tree11_xgphy.log
32 unique trees added to candidate set. 11 trees had branch lengths optimized.
Estimate model parameters (epsilon = 0.100)
IN UPDATE: new tree with score = -146519.834
BETTER TREE FOUND at iteration 13: -146519.834
Saved xgphy tree to results/dna_M3198_216_2578.phy/output_files/iqtree/inference/rand_tree12_xgphy.log
33 unique trees added to candidate set. 12 trees had branch lengths optimized.
IN UPDATE: new tree with score = -146525.579
Saved xgphy tree to results/dna_M3198_216_2578.phy/output_files/iqtree/inference/rand_tree13_xgphy.log
34 unique trees added to candidate set. 13 trees had branch lengths optimized.
IN UPDATE: new tree with score = -146529.496
Saved xgphy tree to results/dna_M3198_216_2578.phy/output_files/iqtree/inference/rand_tree14_xgphy.log
35 unique trees added to candidate set. 14 trees had branch lengths optimized.
Estimate model parameters (epsilon = 0.100)
IN UPDATE: new tree with score = -146518.364
BETTER TREE FOUND at iteration 16: -146518.364
Saved xgphy tree to results/dna_M3198_216_2578.phy/output_files/iqtree/inference/rand_tree15_xgphy.log
36 unique trees added to candidate set. 15 trees had branch lengths optimized.
Estimate model parameters (epsilon = 0.100)
IN UPDATE: new tree with score = -146515.550
BETTER TREE FOUND at iteration 17: -146515.550
Saved xgphy tree to results/dna_M3198_216_2578.phy/output_files/iqtree/inference/rand_tree16_xgphy.log
37 unique trees added to candidate set. 16 trees had branch lengths optimized.
IN UPDATE: new tree with score = -146515.748
Saved xgphy tree to results/dna_M3198_216_2578.phy/output_files/iqtree/inference/rand_tree17_xgphy.log
38 unique trees added to candidate set. 17 trees had branch lengths optimized.
IN UPDATE: new tree with score = -146520.751
Saved xgphy tree to results/dna_M3198_216_2578.phy/output_files/iqtree/inference/rand_tree18_xgphy.log
39 unique trees added to candidate set. 18 trees had branch lengths optimized.
IN UPDATE: new tree with score = -146526.264
Iteration 20 / LogL: -146526.264 / Time: 1h:4m:39s
Saved xgphy tree to results/dna_M3198_216_2578.phy/output_files/iqtree/inference/rand_tree19_xgphy.log
40 unique trees added to candidate set. 19 trees had branch lengths optimized.
1229.818 seconds
Current best score: -146515.550
3.Score of best tree in CandidateSet: -146515.550
2.Score of best tree in CandidateSet: -146515.748
1.Score of best tree in CandidateSet: -146518.364

Do NNI search on 3 best initial trees
1
Estimate model parameters (epsilon = 0.100)
Saved xgphy best tree to results/dna_M3198_216_2578.phy/output_files/iqtree/inference/rand_bestTreeInitTree0_xgphy.treefile
IN UPDATE: new tree with score = -146514.728
BETTER TREE FOUND at iteration 1: -146514.728
2
Estimate model parameters (epsilon = 0.100)
Saved xgphy best tree to results/dna_M3198_216_2578.phy/output_files/iqtree/inference/rand_bestTreeInitTree1_xgphy.treefile
IN UPDATE: new tree with score = -146513.459
BETTER TREE FOUND at iteration 2: -146513.459
3
Saved xgphy best tree to results/dna_M3198_216_2578.phy/output_files/iqtree/inference/rand_bestTreeInitTree2_xgphy.treefile
IN UPDATE: new tree with score = -146518.186
1.Score of best tree in CandidateSet: -146513.459
Finish initializing candidate tree set (3)
Current best tree score: -146513.459 / CPU time: 1245.442
Number of iterations: 3
TREE SEARCH COMPLETED AFTER 3 ITERATIONS / Time: 1h:4m:54s

--------------------------------------------------------------------
|                    FINALIZING TREE SEARCH                        |
--------------------------------------------------------------------
Performs final model parameters optimization
Estimate model parameters (epsilon = 0.010)
1. Initial log-likelihood: -146513.459
2. Current log-likelihood: -146513.402
3. Current log-likelihood: -146513.329
4. Current log-likelihood: -146513.253
5. Current log-likelihood: -146513.178
6. Current log-likelihood: -146513.103
7. Current log-likelihood: -146513.038
8. Current log-likelihood: -146512.988
9. Current log-likelihood: -146512.939
10. Current log-likelihood: -146512.892
11. Current log-likelihood: -146512.842
12. Current log-likelihood: -146512.774
13. Current log-likelihood: -146512.730
14. Current log-likelihood: -146512.692
15. Current log-likelihood: -146512.641
16. Current log-likelihood: -146512.598
17. Current log-likelihood: -146512.559
18. Current log-likelihood: -146512.526
19. Current log-likelihood: -146512.497
20. Current log-likelihood: -146512.464
21. Current log-likelihood: -146512.443
22. Current log-likelihood: -146512.421
23. Current log-likelihood: -146512.400
24. Current log-likelihood: -146512.379
25. Current log-likelihood: -146512.341
26. Current log-likelihood: -146512.323
27. Current log-likelihood: -146512.290
28. Current log-likelihood: -146512.270
29. Current log-likelihood: -146512.249
30. Current log-likelihood: -146512.230
31. Current log-likelihood: -146512.209
32. Current log-likelihood: -146512.189
33. Current log-likelihood: -146512.160
34. Current log-likelihood: -146512.141
35. Current log-likelihood: -146512.122
36. Current log-likelihood: -146512.105
37. Current log-likelihood: -146512.087
38. Current log-likelihood: -146512.069
Optimal log-likelihood: -146512.053
Rate parameters:  A-C: 4.39595  A-G: 9.80111  A-T: 5.18149  C-G: 0.52204  C-T: 26.11336  G-T: 1.00000
Base frequencies:  A: 0.340  C: 0.236  G: 0.183  T: 0.240
Proportion of invariable sites: 0.177
Site proportion and rates:  (0.188,0.060) (0.117,0.228) (0.135,0.519) (0.129,1.055) (0.127,1.893) (0.079,3.258) (0.048,5.336)
Parameters optimization took 38 rounds (122.540 sec)
IN UPDATE: oldScore = -146513.459, newScore = -146512.053
BEST SCORE FOUND : -146512.053
Total tree length: 24.838

Total number of iterations: 3
CPU time used for tree search: 1241.611 sec (0h:20m:41s)
Wall-clock time used for tree search: 1245.443 sec (0h:20m:45s)
Total CPU time used: 4008.456 sec (1h:6m:48s)
Total wall-clock time used: 4017.481 sec (1h:6m:57s)

Analysis results written to: 
  IQ-TREE report:                results/dna_M3198_216_2578.phy/output_files/iqtree/inference/rand.iqtree
  Maximum-likelihood tree:       results/dna_M3198_216_2578.phy/output_files/iqtree/inference/rand.treefile
  Screen log file:               results/dna_M3198_216_2578.phy/output_files/iqtree/inference/rand.log

Date and Time: Sun Sep 21 06:41:51 2025
