IQ-TREE version 3.0.1 for Linux x86 64-bit built Sep 18 2025
Developed by Bui Quang Minh, Thomas Wong, Nhan Ly-Trong, Huaiyan Ren
Contributed by Lam-Tung Nguyen, Dominik Schrempf, Chris Bielow,
Olga Chernomor, Michael Woodhams, Diep Thi Hoang, Heiko Schmidt

Host:    DESKTOP-UQIA48J (AVX2, FMA3, 7 GB RAM)
Command: /home/ngocminh/miniconda3/envs/pypythia/bin/iqtree3 -s Data/dna_M7165_357_4475.phy -pre data_training/dna_M7165_357_4475.phy/output_files/iqtree/inference/pars_10 -seed 10 -ninit 1 -T 1 -redo -n 0
Seed:    10 (Using SPRNG - Scalable Parallel Random Number Generator)
Time:    Mon Sep 22 01:14:48 2025
Kernel:  AVX+FMA - 1 threads (8 CPU cores detected)

HINT: Use -nt option to specify number of threads because your CPU has 8 cores!
HINT: -nt AUTO will automatically determine the best number of threads to use.

Reading alignment file Data/dna_M7165_357_4475.phy ... Phylip format detected
Alignment most likely contains DNA/RNA sequences
Constructing alignment: done in 0.0300187 secs using 110.3% CPU
Alignment has 357 sequences with 4475 columns, 3045 distinct patterns
1889 parsimony-informative, 769 singleton sites, 1817 constant sites
                                      Gap/Ambiguity  Composition  p-value
Analyzing sequences: done in 0.0100495 secs using 111% CPU
   1  Acalypha_californica_KW16b              5.90%    passed     86.01%
   2  Acmanthera_latifolia                    5.32%    passed     89.13%
   3  Acridocarpus_adenophorus_602            4.18%    passed     93.77%
   4  Acridocarpus_alternifolius_171          4.76%    passed     90.29%
   5  Acridocarpus_chevalieri_170             4.27%    passed     86.73%
   6  Acridocarpus_excelsus_66                4.16%    passed     86.39%
   7  Acridocarpus_macrocalyx_166             4.16%    passed     91.21%
   8  Acridocarpus_natalitius_50              4.11%    passed     89.95%
   9  Acridocarpus_orientalis_68              4.20%    passed     96.44%
  10  Acridocarpus_scheffleri_1183           37.01%    passed     12.44%
  11  Acridocarpus_smeathmannii_168           4.45%    passed     96.54%
  12  Acridocarpus_sp._1184                  41.50%    failed      0.28%
  13  Acridocarpus_spectabilis_181            5.34%    passed     82.11%
  14  Acridocarpus_staudtii_164               4.27%    passed     91.54%
  15  Acridocarpus_zanzibaricus_177           4.18%    passed     92.75%
  16  Adelphia_hiraea                         4.94%    passed     94.08%
  17  Aenigmatanthera_doniana_1522           34.79%    failed      2.93%
  18  Aenigmatanthera_lasiandra_1151         10.77%    passed     97.80%
  19  Aenigmatanthera_lasiandra_1152         35.75%    failed      0.47%
  20  Aenigmatanthera_lasiandra_1153         10.88%    passed     87.56%
  21  Aenigmatanthera_lasiandra_847           4.74%    passed     90.78%
  22  Alicia_anisopetala                      9.09%    passed     78.43%
  23  Amorimia_amazonica_842                  4.87%    passed     79.70%
  24  Amorimia_camporum_843                   4.89%    passed     81.66%
  25  Amorimia_exotropica_1534               40.22%    failed      4.03%
  26  Amorimia_kariniana_1536                10.97%    passed     89.17%
  27  Amorimia_rigida_295                     4.40%    passed     81.64%
  28  Amorimia_velutina_1535                 40.31%    failed      1.98%
  29  Androstachys_johnsonii_241              4.07%    passed     71.40%
  30  Aspicarpa_brevipes                      4.42%    passed     94.09%
  31  Aspicarpa_harleyi_746                   4.74%    passed     85.53%
  32  Aspicarpa_hirtella                      4.42%    passed     94.00%
  33  Aspicarpa_hyssopifolia_2098            41.54%    failed      0.55%
  34  Aspicarpa_pulchella_86                  4.65%    passed     91.20%
  35  Aspicarpa_sericea_1678                 11.15%    passed     94.21%
  36  Aspicarpa_sericea_614                  39.37%    passed     22.97%
  37  Aspidopterys_sp._087                   57.25%    passed     83.17%
  38  Aspidopterys_sp._1283                  10.46%    passed     99.91%
  39  Aspidopterys_sp._1284                  40.18%    failed      1.43%
  40  Aspidopterys_tomentosa_549              4.76%    passed     92.85%
  41  Atuna_racemosa_261                      6.19%    passed     96.81%
  42  Banisteriopsis_acerosa_1943            56.42%    passed     60.14%
  43  Banisteriopsis_adenopoda_1198          37.50%    passed      8.75%
  44  Banisteriopsis_angustifolia_1848       41.27%    failed      0.32%
  45  Banisteriopsis_argyrophylla_1201       12.45%    passed     86.17%
  46  Banisteriopsis_caapi_669                4.67%    passed     97.48%
  47  Banisteriopsis_calcicola_1850          40.63%    failed      0.47%
  48  Banisteriopsis_confusa_1945            42.37%    failed      0.26%
  49  Banisteriopsis_gardneriana_1977        57.50%    passed     72.39%
  50  Banisteriopsis_harleyi_1946            41.43%    failed      0.14%
  51  Banisteriopsis_laevifolia_622           4.69%    passed     94.02%
  52  Banisteriopsis_latifolia_1948          41.59%    failed      0.18%
  53  Banisteriopsis_martiniana_749           4.78%    passed     98.94%
  54  Banisteriopsis_muricata_674             4.72%    passed     97.52%
  55  Banisteriopsis_nummifera_1863          11.02%    passed     97.14%
  56  Banisteriopsis_paraguariensis_1866     41.14%    failed      0.06%
  57  Banisteriopsis_prancei_1925            82.53%    failed      2.35%
  58  Banisteriopsis_pulchra_1870            41.01%    failed      0.13%
  59  Banisteriopsis_schwannioides_1871      11.24%    passed     99.12%
  60  Banisteriopsis_sellowiana_1986         66.55%    passed     41.48%
  61  Barnebya_dispar_686                     4.42%    passed     94.86%
  62  Bergia_pedicellaris_769                 4.69%    passed     92.65%
  63  Bergia_texana_514                       4.72%    passed     90.30%
  64  Bhesa_robusta_Splice                   29.83%    passed     27.80%
  65  Blepharandra_fimbriata_712             30.26%    failed      3.84%
  66  Blepharandra_heteropetala               6.82%    passed     99.42%
  67  Blepharandra_hypoleuca_710              4.49%    passed     98.09%
  68  Brachylophon_curtisii_281               5.05%    passed     88.80%
  69  Bronwenia_cinerascens_1944             10.97%    passed     95.99%
  70  Bronwenia_cornifolia_KW982             15.53%    passed     93.69%
  71  Bronwenia_ferruginea_1853              10.41%    passed     96.90%
  72  Bronwenia_mathiasiae_1148              14.17%    passed     90.69%
  73  Bunchosia_angustifolia_1983            41.90%    failed      0.04%
  74  Bunchosia_apiculata_1760               40.38%    failed      0.08%
  75  Bunchosia_armeniaca                     4.36%    passed     99.71%
  76  Bunchosia_armeniaca_1764               42.21%    failed      0.13%
  77  Bunchosia_decussiflora_1770            42.28%    failed      0.09%
  78  Bunchosia_deflexa_1771                 40.87%    failed      0.06%
  79  Bunchosia_glandulifera_651              4.51%    passed     97.12%
  80  Bunchosia_glandulosa_1551              40.27%    failed      0.08%
  81  Bunchosia_glandulosa_1775              81.41%    failed      1.75%
  82  Bunchosia_macrophylla_600               4.49%    passed     97.98%
  83  Bunchosia_mcvaughii_685                 4.87%    passed     99.20%
  84  Bunchosia_mollis_1782                  40.34%    failed      0.10%
  85  Bunchosia_nitida_1783                  64.76%    passed     23.98%
  86  Bunchosia_odorata_1784                 40.20%    failed      0.13%
  87  Bunchosia_pilocarpa_1786               40.20%    failed      0.12%
  88  Bunchosia_polystachia_1788             40.20%    failed      0.22%
  89  Bunchosia_swartziana_1980              57.79%    passed     60.78%
  90  Bunchosia_ternata_680                   4.69%    passed     98.03%
  91  Bunchosia_veluticarpa_679               5.34%    passed     98.93%
  92  Burdachia_sphaerocarpa                  6.93%    passed     84.73%
  93  Byrsonima_basiloba_634                  4.49%    passed     90.04%
  94  Byrsonima_coccolobifolia_633            4.42%    passed     90.02%
  95  Byrsonima_crassifolia                   4.36%    passed     89.75%
  96  Byrsonima_crispa_748                    4.74%    passed     87.14%
  97  Byrsonima_duckeana_652                 34.95%    failed      3.48%
  98  Byrsonima_lucida_583                    4.63%    passed     92.06%
  99  Byrsonima_macrophylla_632              34.93%    failed      4.11%
 100  Byrsonima_morii_770                    29.09%    failed      0.99%
 101  Byrsonima_triopterifolia_641            4.49%    passed     88.62%
 102  Calcicola_parvifolia_623                4.47%    passed     91.38%
 103  Callaeum_antifebrile_1697              10.30%    passed     98.61%
 104  Callaeum_clavipetalum_1715             11.64%    passed     98.52%
 105  Callaeum_malpighioides_1702            10.82%    passed     98.76%
 106  Callaeum_nicaraguense_1679             10.73%    passed     99.90%
 107  Callaeum_psilophyllum_1703             10.77%    passed     99.01%
 108  Callaeum_psilophyllum_731              51.31%    passed     95.12%
 109  Callaeum_septentrionale                 4.36%    passed     92.13%
 110  Camarea_axillaris_455                   4.42%    passed     91.77%
 111  Carolus_anderssonii_1538               40.85%    failed      0.88%
 112  Carolus_chasei                          5.01%    passed     83.82%
 113  Carolus_chlorocarpus_1540              40.16%    failed      0.76%
 114  Carolus_sinemariensis_1543             65.36%    passed     43.43%
 115  Carolus_sinemariensis_775               4.51%    passed     88.03%
 116  Caucanthus_auriculatus                  4.49%    passed     93.03%
 117  Caucanthus_auriculatus_1175            10.97%    passed     91.28%
 118  Centroplacus_glaucinus_657kw           16.65%    passed     96.41%
 119  Christianella_multiglandulosa_1527     10.15%    passed     94.56%
 120  Christianella_surinamensis_778          4.54%    passed     84.64%
 121  Coleostachys_genipifolia                4.56%    passed     70.10%
 122  Cordobia_argentea                       9.41%    passed     71.34%
 123  Cordobia_argentea_1179                 81.36%    failed      0.73%
 124  Cottsia_californica_134                 4.56%    passed     91.63%
 125  Cottsia_linearis                        4.87%    passed     71.46%
 126  Denhamia_celastroides_250               5.79%    passed     42.45%
 127  Diacidia_ferruginea                     4.72%    passed     88.26%
 128  Diacidia_galphimioides_1928            10.84%    passed     96.86%
 129  Diaspis_albida_1093                    10.86%    passed     94.28%
 130  Diaspis_albida_551                      9.85%    passed     97.83%
 131  Dicella_bracteosa_1716                 10.50%    passed     97.96%
 132  Dicella_julianii_1707                  10.79%    passed     99.74%
 133  Dicella_macroptera_1164                71.40%    failed      4.35%
 134  Dicella_macroptera_1165                11.04%    passed     96.97%
 135  Dicella_macroptera_1166                56.11%    passed     77.78%
 136  Dicella_nucifera_94                     4.36%    passed     97.19%
 137  Dichapetalum_macrocarpum_223            5.39%    passed     52.66%
 138  Digoniopterys_microphylla_943           4.36%    passed     94.43%
 139  Dinemagonum_gayanum_700                 4.51%    passed     83.07%
 140  Dinemandra_ericoides_119                4.36%    passed     89.25%
 141  Diplopterys_cabrerana_274               5.18%    passed     91.92%
 142  Diplopterys_hypericifolia               4.49%    passed     95.34%
 143  Diplopterys_lutea_730                   4.47%    passed     88.49%
 144  Diplopterys_nutans_1902                10.88%    passed     90.45%
 145  Diplopterys_pubipetala_1905            11.02%    passed     85.13%
 146  Diplopterys_valvata_1239               10.19%    passed     97.15%
 147  Diplopterys_virgultosa_1908            40.72%    failed      0.19%
 148  Echinopterys_eglandulosa_227            4.92%    passed     87.66%
 149  Ectopopterys_soejartoi_125              4.36%    passed     67.97%
 150  Elatine_minima_524                     64.72%    passed     60.40%
 151  Elatine_sp._Qiu_99051                  34.97%    passed     15.50%
 152  Elatine_triandra_521                   15.33%    passed     78.91%
 153  Endospermum_moluccanum_237              5.45%    passed     91.82%
 154  Excentradenia_propinqua_1168           86.53%    failed      0.01%
 155  Flabellaria_paniculata_126              4.49%    passed     87.43%
 156  Flabellariopsis_acuminata_716           9.12%    passed     92.59%
 157  Gallardoa_fischeri_134                  5.79%    passed     98.46%
 158  Galphimia_brasiliensis_1639            15.64%    passed     39.15%
 159  Galphimia_glandulosa_1582              65.34%    passed     90.45%
 160  Galphimia_glauca_1981                  81.50%    failed      0.47%
 161  Galphimia_gracilis                      4.11%    passed     82.62%
 162  Galphimia_mexiae_1584                  65.36%    passed     89.26%
 163  Galphimia_mirandae_1597                40.92%    failed      2.13%
 164  Galphimia_multicaulis_1603             35.20%    failed      2.69%
 165  Galphimia_platyphylla_1577             64.56%    passed     96.90%
 166  Galphimia_speciosa_1598                16.11%    passed     32.09%
 167  Gaudichaudia_albida                     4.29%    passed     85.81%
 168  Gaudichaudia_cynanchoides_597          39.58%    passed     15.91%
 169  Gaudichaudia_hexandra_2082             41.23%    failed      0.58%
 170  Gaudichaudia_krusei_2076               41.61%    failed      0.83%
 171  Gaudichaudia_mcvaughii_130              4.72%    passed     86.26%
 172  Gaudichaudia_sp._705                    4.42%    passed     92.04%
 173  Glandonia_macrocarpa_47                 4.09%    passed     81.27%
 174  Goupia_glabra_262                       5.59%    passed     30.51%
 175  Heladena_multiflora                     4.63%    passed     94.04%
 176  Henleophytum_echinatum_460             29.12%    passed     18.39%
 177  Heteropterys_aureosericea_475           4.22%    passed     96.76%
 178  Heteropterys_bahiensis_468              4.36%    passed     96.76%
 179  Heteropterys_bicolor_457                4.36%    passed     96.68%
 180  Heteropterys_brachiata_584              4.89%    passed     97.83%
 181  Heteropterys_byrsonimifolia_419         5.16%    passed     84.57%
 182  Heteropterys_capixaba_438               4.78%    passed     88.01%
 183  Heteropterys_catingarum_415             4.58%    passed     88.80%
 184  Heteropterys_chrysophylla_433           5.63%    passed     97.48%
 185  Heteropterys_ciliata_52                 4.56%    passed     92.96%
 186  Heteropterys_conformis_462              4.85%    passed     96.74%
 187  Heteropterys_cordifolia_506             7.08%    passed     96.71%
 188  Heteropterys_dumetorum_465             15.17%    passed     99.12%
 189  Heteropterys_glabra_742                 5.85%    passed     99.34%
 190  Heteropterys_imperata_439               4.47%    passed     97.88%
 191  Heteropterys_leona_162                  4.58%    passed     84.65%
 192  Heteropterys_leschenaultiana_425        9.18%    passed     95.38%
 193  Heteropterys_lindleyana_414             4.54%    passed     92.31%
 194  Heteropterys_macrostachya_668          34.93%    failed      1.84%
 195  Heteropterys_megaptera_467              4.38%    passed     97.44%
 196  Heteropterys_nitida_423                 4.38%    passed     92.23%
 197  Heteropterys_nordestina_435             4.47%    passed     96.72%
 198  Heteropterys_ovata_839                 54.15%    passed     61.49%
 199  Heteropterys_pauciflora_422             4.58%    passed     93.70%
 200  Heteropterys_pteropetala_629            4.74%    passed     89.28%
 201  Heteropterys_racemosa_838              29.54%    passed     58.06%
 202  Heteropterys_rhopalifolia_430           4.36%    passed     91.94%
 203  Heteropterys_rufula_511                39.31%    passed      9.14%
 204  Heteropterys_sanctorum_412              4.51%    passed     96.78%
 205  Heteropterys_sericea_418                4.94%    passed     90.45%
 206  Heteropterys_sincorensis_473            4.78%    passed     95.77%
 207  Heteropterys_sp._464                   39.22%    passed      6.45%
 208  Heteropterys_steyermarkii_426           4.25%    passed     92.07%
 209  Heteropterys_ternstroemiifolia_413      4.98%    passed     94.02%
 210  Heteropterys_trichanthera_428           4.38%    passed     95.32%
 211  Hiptage_benghalensis_1511              40.25%    failed      0.59%
 212  Hiptage_benghalensis_268                4.42%    passed     95.23%
 213  Hiptage_candicans_799                   4.92%    passed     97.55%
 214  Hiptage_detergens_760                   4.85%    passed     96.45%
 215  Hiptage_sp._1126                       80.54%    failed      0.50%
 216  Hiptage_sp._1127                        9.94%    passed     99.13%
 217  Hiraea_fagifolia                       10.17%    passed     99.84%
 218  Hiraea_smilacina_277                   40.85%    passed     11.18%
 219  Hiraea_sp._756                          4.76%    passed     98.20%
 220  Hiraea_wiedeana_689                     4.69%    passed     95.28%
 221  Hymenanthera_alpina_352                 5.59%    passed     34.69%
 222  Janusia_anisandra_133                   4.42%    passed     92.89%
 223  Janusia_christianeae_1994              41.56%    failed      0.21%
 224  Janusia_guaranitica_1514               40.49%    failed      0.63%
 225  Janusia_guaranitica_1516               10.19%    passed     98.28%
 226  Janusia_hexandra_1720                  11.44%    passed     85.52%
 227  Janusia_janusioides_1749               18.39%    passed     82.59%
 228  Janusia_linearifolia_103                4.69%    passed     95.52%
 229  Janusia_mediterranea_136                4.42%    passed     85.40%
 230  Janusia_mediterranea_1728              41.81%    failed      0.91%
 231  Jubelina_riparia_1709                  10.48%    passed     93.70%
 232  Jubelina_rosea_137                      4.69%    passed     80.21%
 233  Jubelina_uleana_1683                   10.73%    passed     98.10%
 234  Jubelina_wilburii_293                   4.58%    passed     93.07%
 235  Lasiocarpus_sp._228                     5.43%    passed     90.29%
 236  Lasiocarpus_sp._724                     4.85%    passed     91.85%
 237  Lophanthera_hammelii_1673              10.46%    passed     58.18%
 238  Lophanthera_lactescens                  4.16%    passed     98.33%
 239  Lophanthera_longifolia_1592             9.99%    passed     95.99%
 240  Lophanthera_pendula_1553               10.03%    passed     94.70%
 241  Lophopterys_floribunda                  6.84%    passed     77.62%
 242  Lophopterys_inpana_1987                41.18%    failed      0.38%
 243  Madagasikaria_andersonii_374            4.78%    passed     90.22%
 244  Malpighia_albiflora_757                 4.51%    passed     96.63%
 245  Malpighia_cnide_1568                   64.98%    passed     74.19%
 246  Malpighia_coccigera_593                 4.72%    passed     92.11%
 247  Malpighia_emarginata                    4.36%    passed     96.41%
 248  Malpighia_fucata_1557                  40.38%    failed      1.84%
 249  Malpighia_glabra_580                    4.69%    passed     95.28%
 250  Malpighia_incana_588                    4.56%    passed     94.82%
 251  Malpighia_leticiana_800                 5.65%    passed     98.74%
 252  Malpighia_mexicana_1559                40.36%    failed      2.30%
 253  Malpighia_romeroana_1561               40.38%    failed      0.93%
 254  Malpighia_setosa_1569                  40.20%    failed      1.91%
 255  Malpighia_souzae_1572                  40.16%    failed      2.11%
 256  Malpighia_stevensii_27                  4.25%    passed     97.06%
 257  Malpighia_urens_1643                   40.40%    failed      1.99%
 258  Malpighiodes_bracteosa                  7.46%    passed     58.73%
 259  Mascagnia_affinis_1909                 40.45%    failed      1.26%
 260  Mascagnia_arenicola                     4.36%    passed     86.34%
 261  Mascagnia_arenicola_662                 9.23%    passed     95.91%
 262  Mascagnia_australis_744                 5.59%    passed     93.39%
 263  Mascagnia_brevifolia_834                4.65%    passed     95.99%
 264  Mascagnia_cordifolia_621                7.78%    passed     88.29%
 265  Mascagnia_dissimilis_1911              10.46%    passed     96.18%
 266  Mascagnia_divaricata_743                5.59%    passed     83.16%
 267  Mascagnia_lilacina_1913                11.28%    passed     96.36%
 268  Mascagnia_polybotrya_824                4.69%    passed     98.32%
 269  Mascagnia_polybotrya_832                4.69%    passed     97.73%
 270  Mascagnia_tenuifolia_1936              40.92%    failed      1.08%
 271  Mascagnia_tomentosa_1922               10.77%    passed     99.19%
 272  Mascagnia_tomentosa_2064               40.85%    failed      0.70%
 273  Mascagnia_vacciniifolia_754             5.32%    passed     94.12%
 274  Mcvaughia_bahiana_732                   4.36%    passed     86.98%
 275  Mezia_araujoi                           4.60%    passed     93.93%
 276  Mezia_includens_296                     4.51%    passed     93.84%
 277  Microsteira_ambovombensis_1186         10.44%    passed     99.46%
 278  Microsteira_ambovombensis_379          10.93%    passed     97.57%
 279  Microsteira_diotostigma_1661           40.16%    failed      2.72%
 280  Microsteira_sp._1662                   59.46%    passed     73.24%
 281  Mionandra_camareoides                   4.58%    passed     91.99%
 282  Niedenzuella_acutifolia_812             5.03%    passed     89.41%
 283  Niedenzuella_acutifolia_813             5.07%    passed     90.08%
 284  Niedenzuella_sericea_692                4.60%    passed     85.46%
 285  Niedenzuella_sericea_811                4.74%    passed     92.21%
 286  Niedenzuella_stannea_841                4.83%    passed     97.20%
 287  Niedenzuella_stannea_99                 4.29%    passed     87.00%
 288  Ochna_sp._247                           5.68%    passed     50.84%
 289  Peixotoa_cordistipula_1695             11.93%    passed     97.36%
 290  Peixotoa_glabra_102                     5.09%    passed     94.33%
 291  Peixotoa_paludosa_1668                 61.47%    passed     90.46%
 292  Peixotoa_parviflora_1669               43.33%    failed      0.01%
 293  Peixotoa_reticulata_1670               40.38%    failed      0.23%
 294  Peridiscus_lucidus_577                  6.26%    passed     25.42%
 295  Philgamia_glabrifolia_1318              4.74%    passed     93.08%
 296  Philgamia_hibbertioides_1319           10.48%    passed     87.58%
 297  Phyllanthus_calycinus_260               5.99%    passed     49.03%
 298  Psychopterys_dipholiphylla              4.36%    passed     90.35%
 299  Pterandra_arborea_188                  35.24%    passed      7.66%
 300  Ptilochaeta_bahiensis_105               6.30%    passed     89.04%
 301  Ptilochaeta_nudipes_48                  4.51%    passed     74.03%
 302  Putranjiva_roxburghii_KW57              5.39%    passed     76.18%
 303  Rhynchophora_humbertii_372              4.74%    passed     96.20%
 304  Rhynchophora_phillipsonii_377           4.38%    passed     96.87%
 305  Ryssopterys_intermedia_694              7.17%    passed     94.56%
 306  Ryssopterys_sp._397                    10.53%    passed     92.90%
 307  Ryssopterys_tiliaefolia_758            39.37%    passed     12.91%
 308  Spachea_correae                         4.16%    passed     67.94%
 309  Spachea_elegans_1675                   10.01%    passed     87.74%
 310  Sphedamnocarpus_angolensis_1518        10.28%    passed     89.16%
 311  Sphedamnocarpus_galphimiifolius_1517   10.21%    passed     91.17%
 312  Sphedamnocarpus_poissonii_1338         10.12%    passed     86.19%
 313  Sphedamnocarpus_pruriens               21.79%    failed      3.04%
 314  Sphedamnocarpus_sp._1335               40.74%    failed      0.56%
 315  Sphedamnocarpus_sp._369                 4.58%    passed     95.42%
 316  Sphedamnocarpus_sp._380                 4.58%    passed     96.02%
 317  Stigmaphyllon_aberrans_1734            10.73%    passed     94.55%
 318  Stigmaphyllon_bogotense_1735           11.89%    passed     78.08%
 319  Stigmaphyllon_bogotense_1885           84.22%    failed      0.00%
 320  Stigmaphyllon_calcaratum_615           14.10%    passed     75.59%
 321  Stigmaphyllon_ciliatum_647              4.51%    passed     76.28%
 322  Stigmaphyllon_finlayanum_663            4.45%    passed     89.62%
 323  Stigmaphyllon_lindenianum_673          20.29%    failed      1.74%
 324  Stigmaphyllon_paralias_110              4.36%    passed     92.86%
 325  Stigmaphyllon_puberum_111               4.22%    passed     91.96%
 326  Stigmaphyllon_sagraeanum_112            4.36%    passed     81.90%
 327  Stigmaphyllon_sagraeanum_729            4.49%    passed     80.69%
 328  Tetrapterys_ambigua_1220               34.73%    failed      4.30%
 329  Tetrapterys_arcana_2095                41.32%    failed      0.82%
 330  Tetrapterys_discolor_665               35.04%    passed     10.42%
 331  Tetrapterys_goudotiana_675             15.11%    passed     95.88%
 332  Tetrapterys_megalantha_751              4.65%    passed     78.51%
 333  Tetrapterys_microphylla_162             4.36%    passed     88.85%
 334  Tetrapterys_phlomoides_635              4.31%    passed     81.22%
 335  Tetrapterys_salicifolia_619            38.93%    passed     13.47%
 336  Tetrapterys_schiedeana_755             15.26%    passed     98.48%
 337  Tetrapterys_tinifolia_670               5.45%    passed     70.77%
 338  Thryallis_latifolia_1739               11.15%    passed     98.13%
 339  Thryallis_longifolia                    4.51%    passed     92.27%
 340  Triaspis_glaucophylla_558              10.46%    passed     99.67%
 341  Triaspis_hypericoides                   4.65%    passed     99.97%
 342  Triaspis_hypericoides_1088              9.99%    passed     99.80%
 343  Triaspis_hypericoides_1089             10.44%    passed     99.69%
 344  Triaspis_macropteron_1174              21.03%    passed     70.00%
 345  Triaspis_nelsonii_1091                 10.59%    passed     99.56%
 346  Triaspis_niedenzuiana_1176             10.64%    passed     97.99%
 347  Tricomaria_usillo                       4.22%    passed     93.42%
 348  Triopterys_jamaicensis                  5.07%    passed     75.05%
 349  Triopterys_paniculata_802               4.92%    passed     89.69%
 350  Tristellateia_africana_179              4.47%    passed     94.22%
 351  Tristellateia_madagascariensis          4.47%    passed     97.66%
 352  Tristellateia_sp._1180                 12.38%    passed     99.16%
 353  Tristellateia_sp._1182                 42.86%    failed      0.02%
 354  Tristellateia_sp._1500                 40.67%    failed      0.03%
 355  Tristellateia_sp._373                   4.38%    passed     92.93%
 356  Tristellateia_sp._378                   4.38%    passed     98.06%
 357  Verrucularia_glaucophylla_394           4.38%    passed     74.80%
WARNING: 25 sequences contain more than 50% gaps/ambiguity
****  TOTAL                                  17.65%  68 sequences failed composition chi2 test (p-value<5%; df=3)
Checking for duplicate sequences: done in 0.0126158 secs using 75.87% CPU


Create initial parsimony tree by phylogenetic likelihood library (PLL)... 0.331 seconds
Perform fast likelihood tree search using GTR+I+G model...
Estimate model parameters (epsilon = 5.000)
Perform nearest neighbor interchange...
Estimate model parameters (epsilon = 1.000)
1. Initial log-likelihood: -76100.854
Optimal log-likelihood: -76099.851
Rate parameters:  A-C: 1.61986  A-G: 3.28980  A-T: 0.48796  C-G: 1.18105  C-T: 3.58625  G-T: 1.00000
Base frequencies:  A: 0.291  C: 0.175  G: 0.205  T: 0.329
Proportion of invariable sites: 0.215
Gamma shape alpha: 0.696
Parameters optimization took 1 rounds (1.648 sec)
Time for fast ML tree search: 22.443 seconds

NOTE: ModelFinder requires 353 MB RAM!
ModelFinder will test up to 968 DNA models (sample size: 4475 epsilon: 0.100) ...
 No. Model         -LnL         df  AIC          AICc         BIC
  1  JC            84011.405    711 169444.809   169713.867   173999.661
  2  JC+I          80832.747    712 163089.494   163359.381   167650.753
  3  JC+G4         78603.955    712 158631.911   158901.797   163193.169
  4  JC+I+G4       78513.084    713 158452.168   158722.884   163019.832
  5  JC+R2         79044.864    713 159515.729   159786.445   164083.393
  6  JC+R3         78308.673    715 158047.347   158319.728   162627.824
  7  JC+R4         78076.306    717 157586.611   157860.663   162179.901
  8  JC+R5         78003.098    719 157444.196   157719.925   162050.298
  9  JC+R6         78002.811    721 157447.622   157725.033   162066.536
 14  JC+I+R2       78597.896    714 158623.791   158895.339   163197.862
 15  JC+I+R3       78135.702    716 157703.403   157976.619   162290.287
 16  JC+I+R4       78037.062    718 157510.124   157785.014   162109.820
 17  JC+I+R5       77977.115    720 157394.231   157670.800   162006.739
 18  JC+I+R6       77964.445    722 157372.890   157651.145   161998.211
 19  JC+I+R7       77963.688    724 157375.377   157655.324   162013.510
 39  JC+I+R5       77977.115    720 157394.231   157670.800   162006.739
 40  JC+I+R6       77964.445    722 157372.890   157651.145   161998.211
 61  F81+I+R5      77976.857    720 157393.715   157670.284   162006.223
 62  F81+I+R6      77963.763    722 157371.527   157649.782   161996.848
 83  F81+F+I+R5    78053.792    723 157553.585   157832.685   162185.312
 84  F81+F+I+R6    78037.734    725 157525.467   157806.262   162170.007
105  K2P+I+R5      76000.457    721 153442.913   153720.324   158061.828
106  K2P+I+R6      75986.686    723 153419.372   153698.472   158051.099
127  K2P+I+R5      76000.457    721 153442.913   153720.324   158061.828
128  K2P+I+R6      75986.686    723 153419.372   153698.472   158051.099
149  HKY+I+R5      76000.300    721 153442.600   153720.011   158061.515
150  HKY+I+R6      75986.686    723 153419.372   153698.472   158051.100
171  HKY+F+I+R5    75893.247    724 153234.494   153514.441   157872.628
172  HKY+F+I+R6    75875.128    726 153202.256   153483.901   157853.202
193  TNe+I+R5      75998.136    722 153440.272   153718.527   158065.593
194  TNe+I+R6      75984.843    724 153417.687   153697.633   158055.820
215  TNe+I+R5      75998.136    722 153440.272   153718.527   158065.593
216  TNe+I+R6      75984.843    724 153417.687   153697.633   158055.820
237  TN+I+R5       75998.014    722 153440.027   153718.282   158065.348
238  TN+I+R6       75984.795    724 153417.590   153697.536   158055.723
259  TN+F+I+R5     75889.454    725 153228.908   153509.703   157873.448
260  TN+F+I+R6     75871.110    727 153196.220   153478.715   157853.572
281  K3P+I+R5      75887.397    722 153218.793   153497.048   157844.114
282  K3P+I+R6      75874.094    724 153196.188   153476.135   157834.322
303  K3P+I+R5      75887.397    722 153218.793   153497.048   157844.114
304  K3P+I+R6      75874.094    724 153196.188   153476.135   157834.322
325  K3Pu+I+R5     75887.313    722 153218.627   153496.882   157843.948
326  K3Pu+I+R6     75874.093    724 153196.187   153476.133   157834.320
347  K3Pu+F+I+R5   75720.244    725 152890.488   153171.283   157535.028
348  K3Pu+F+I+R6   75700.984    727 152855.968   153138.464   157513.321
369  TPM2+I+R5     75997.318    722 153438.635   153716.890   158063.956
370  TPM2+I+R6     75984.085    724 153416.170   153696.117   158054.303
391  TPM2+I+R5     75997.318    722 153438.635   153716.890   158063.956
392  TPM2+I+R6     75984.085    724 153416.170   153696.117   158054.303
413  TPM2u+I+R5    75997.196    722 153438.393   153716.647   158063.713
414  TPM2u+I+R6    75984.080    724 153416.160   153696.107   158054.294
435  TPM2u+F+I+R5  75871.357    725 153192.714   153473.509   157837.254
436  TPM2u+F+I+R6  75852.761    727 153159.523   153442.019   157816.875
457  TPM3+I+R5     75988.459    722 153420.917   153699.172   158046.238
458  TPM3+I+R6     75974.430    724 153396.859   153676.806   158034.993
479  TPM3+I+R5     75988.459    722 153420.917   153699.172   158046.238
480  TPM3+I+R6     75974.430    724 153396.859   153676.806   158034.993
501  TPM3u+I+R5    75988.346    722 153420.691   153698.946   158046.012
502  TPM3u+I+R6    75974.407    724 153396.815   153676.761   158034.948
523  TPM3u+F+I+R5  75677.930    725 152805.861   153086.656   157450.400
524  TPM3u+F+I+R6  75659.865    727 152773.730   153056.225   157431.082
545  TIMe+I+R5     75885.337    723 153216.675   153495.775   157848.402
546  TIMe+I+R6     75872.296    725 153194.593   153475.388   157839.133
567  TIMe+I+R5     75885.337    723 153216.675   153495.775   157848.402
568  TIMe+I+R6     75872.296    725 153194.593   153475.388   157839.133
589  TIM+I+R5      75885.227    723 153216.454   153495.554   157848.181
590  TIM+I+R6      75872.285    725 153194.571   153475.365   157839.110
611  TIM+F+I+R5    75716.608    726 152885.216   153166.860   157536.162
612  TIM+F+I+R6    75696.933    728 152849.865   153133.214   157513.624
633  TIM2e+I+R5    75995.154    723 153436.308   153715.408   158068.035
634  TIM2e+I+R6    75982.405    725 153414.810   153695.605   158059.350
655  TIM2e+I+R5    75995.154    723 153436.308   153715.408   158068.035
656  TIM2e+I+R6    75982.405    725 153414.810   153695.605   158059.350
677  TIM2+I+R5     75995.092    723 153436.184   153715.284   158067.911
678  TIM2+I+R6     75982.396    725 153414.791   153695.586   158059.331
699  TIM2+F+I+R5   75867.857    726 153187.714   153469.359   157838.660
700  TIM2+F+I+R6   75849.156    728 153154.312   153437.661   157818.071
721  TIM3e+I+R5    75986.424    723 153418.848   153697.948   158050.575
722  TIM3e+I+R6    75973.053    725 153396.105   153676.900   158040.645
743  TIM3e+I+R5    75986.424    723 153418.848   153697.948   158050.575
744  TIM3e+I+R6    75973.053    725 153396.105   153676.900   158040.645
765  TIM3+I+R5     75986.375    723 153418.749   153697.849   158050.476
766  TIM3+I+R6     75973.031    725 153396.062   153676.857   158040.602
787  TIM3+F+I+R5   75673.478    726 152798.956   153080.601   157449.902
788  TIM3+F+I+R6   75654.509    728 152765.017   153048.366   157428.775
809  TVMe+I+R5     75874.598    724 153197.195   153477.142   157835.329
810  TVMe+I+R6     75861.435    726 153174.871   153456.515   157825.817
831  TVMe+I+R5     75874.598    724 153197.195   153477.142   157835.329
832  TVMe+I+R6     75861.435    726 153174.871   153456.515   157825.817
853  TVM+I+R5      75874.494    724 153196.987   153476.934   157835.121
854  TVM+I+R6      75861.428    726 153174.856   153456.501   157825.802
875  TVM+F+I+R5    75537.212    727 152528.424   152810.920   157185.777
876  TVM+F+I+R6    75518.549    729 152495.099   152779.302   157165.263
897  SYM+I+R5      75872.870    725 153195.741   153476.535   157840.280
898  SYM+I+R6      75860.395    727 153174.791   153457.286   157832.143
919  SYM+I+R5      75872.870    725 153195.741   153476.535   157840.280
920  SYM+I+R6      75860.395    727 153174.791   153457.286   157832.143
941  GTR+I+R5      75872.838    725 153195.676   153476.471   157840.215
942  GTR+I+R6      75860.374    727 153174.747   153457.243   157832.100
963  GTR+F+I+R5    75533.014    728 152522.028   152805.377   157185.787
964  GTR+F+I+R6    75513.399    730 152486.798   152771.857   157163.369
Akaike Information Criterion:           GTR+F+I+R6
Corrected Akaike Information Criterion: GTR+F+I+R6
Bayesian Information Criterion:         GTR+F+I+R6
Best-fit model: GTR+F+I+R6 chosen according to BIC

All model information printed to data_training/dna_M7165_357_4475.phy/output_files/iqtree/inference/pars_10.model.gz
CPU time for ModelFinder: 3893.103 seconds (1h:4m:53s)
Wall-clock time for ModelFinder: 3528.643 seconds (0h:58m:48s)

NOTE: 211 MB RAM (0 GB) is required!
Estimate model parameters (epsilon = 0.010)
1. Initial log-likelihood: -75513.399
2. Current log-likelihood: -75513.378
Optimal log-likelihood: -75513.366
Rate parameters:  A-C: 1.58012  A-G: 3.25614  A-T: 0.46872  C-G: 1.18323  C-T: 3.62571  G-T: 1.00000
Base frequencies:  A: 0.291  C: 0.175  G: 0.205  T: 0.329
Proportion of invariable sites: 0.251
Site proportion and rates:  (0.355,0.309) (0.239,1.134) (0.117,2.639) (0.029,5.657) (0.007,11.960) (0.002,35.148)
Parameters optimization took 2 rounds (13.042 sec)
Wrote distance file to... 
BEST SCORE FOUND : -75513.366
Total tree length: 3.556

Total number of iterations: 0
CPU time used for tree search: 0.000 sec (0h:0m:0s)
Wall-clock time used for tree search: 0.000 sec (0h:0m:0s)
Total CPU time used: 3907.533 sec (1h:5m:7s)
Total wall-clock time used: 3541.842 sec (0h:59m:1s)

Analysis results written to: 
  IQ-TREE report:                data_training/dna_M7165_357_4475.phy/output_files/iqtree/inference/pars_10.iqtree
  Maximum-likelihood tree:       data_training/dna_M7165_357_4475.phy/output_files/iqtree/inference/pars_10.treefile
  Screen log file:               data_training/dna_M7165_357_4475.phy/output_files/iqtree/inference/pars_10.log

Date and Time: Mon Sep 22 02:20:24 2025
