IQ-TREE version 3.0.1 for Linux x86 64-bit built Sep 23 2025
Developed by Bui Quang Minh, Thomas Wong, Nhan Ly-Trong, Huaiyan Ren
Contributed by Lam-Tung Nguyen, Dominik Schrempf, Chris Bielow,
Olga Chernomor, Michael Woodhams, Diep Thi Hoang, Heiko Schmidt

Host:    cnode04.hpc.vast.vn (AVX512, FMA3, 125 GB RAM)
Command: /datausers/ioit/thaontp/tranthanhvan235/iqtree3/build/iqtree3 -s /datausers/ioit/thaontp/tranthanhvan235/data_treebase/VAN_TRAINING_DATA/dna_M5078_265_9768.phy -m GTR+G4+FO -pre training_data/dna_M5078_265_9768.phy/output_files/iqtree/significance -z training_data/dna_M5078_265_9768.phy/output_files/iqtree/filteredEvalTrees.trees -te training_data/dna_M5078_265_9768.phy/output_files/iqtree/evaluation/BestEvalTree.tree -n 0 -zb 10000 -zw -au -nt 1 -seed 0
Seed:    0 (Using SPRNG - Scalable Parallel Random Number Generator)
Time:    Fri Sep 26 13:46:27 2025
Kernel:  AVX+FMA - 1 threads (56 CPU cores detected)

HINT: Use -nt option to specify number of threads because your CPU has 56 cores!
HINT: -nt AUTO will automatically determine the best number of threads to use.

Reading alignment file /datausers/ioit/thaontp/tranthanhvan235/data_treebase/VAN_TRAINING_DATA/dna_M5078_265_9768.phy ... Phylip format detected
Alignment most likely contains DNA/RNA sequences
Constructing alignment: done in 0.114015 secs using 38.71% CPU
Alignment has 265 sequences with 9768 columns, 7206 distinct patterns
4468 parsimony-informative, 1682 singleton sites, 3618 constant sites
                            Gap/Ambiguity  Composition  p-value
Analyzing sequences: done in 0.0488441 secs using 48.61% CPU
   1  Abelia_spp.                  10.76%    passed     40.03%
   2  Acorus_gramineus              7.51%    passed     55.06%
   3  Actinidia_spp.                6.81%    passed     85.43%
   4  Aesculus_spp.                 6.94%    passed     77.40%
   5  Aextoxicon_punctatum          8.05%    passed     48.18%
   6  Akebia_quinata               10.16%    passed     97.29%
   7  Alangium_spp.                10.30%    passed     39.46%
   8  Alisma_plantago-aquatica     16.20%    passed     40.76%
   9  Alnus_spp.                    9.24%    passed     99.95%
  10  Altingia_spp.                 6.43%    passed     53.21%
  11  Amborella_trichopoda          6.26%    passed     17.53%
  12  Anagallis_spp.               12.64%    passed     81.17%
  13  Androsace_spp.                9.84%    passed     13.77%
  14  Androstachys_johnsonii       13.43%    passed     94.00%
  15  Anemopsis_californica        23.39%    passed     98.27%
  16  Annona_muricata              18.28%    passed     59.56%
  17  Apium_graveolens              7.63%    passed     87.87%
  18  Aristolochia_macrophylla     10.79%    passed     12.63%
  19  Asarum_spp.                  21.16%    passed     67.08%
  20  Asimina_triloba               9.47%    failed      0.56%
  21  Asparagus_spp.               18.60%    passed     36.01%
  22  Asteropeia_micraster         12.87%    passed      6.31%
  23  Aucuba_japonica               7.46%    passed     67.52%
  24  Austrobaileya_scandens       14.74%    failed      0.18%
  25  Averrhoa_carambola            8.11%    passed     90.94%
  26  Bauera_spp.                  29.83%    failed      0.02%
  27  Begonia_spp.                 10.11%    passed     88.34%
  28  Berberidopsis_corallina      12.85%    failed      0.83%
  29  Bombax_spp.                   7.18%    passed     63.81%
  30  Boopis_spp.                   7.05%    passed     82.94%
  31  Borago_officinalis           22.74%    failed      0.00%
  32  Brasenia_schreberi           15.70%    passed     85.64%
  33  Brexia_madagascariensis       8.03%    passed     95.74%
  34  Bulbine_spp.                  6.74%    passed     90.65%
  35  Burmannia_spp.               30.28%    failed      0.00%
  36  Buxus_sempervirens            7.85%    passed     84.59%
  37  Byblis_spp.                  18.51%    passed     72.44%
  38  Cabomba_caroliniana          11.87%    passed     89.05%
  39  Calycanthus_spp.              7.55%    passed     12.71%
  40  Camelia_sinensis              7.21%    passed     94.57%
  41  Campanula_spp.                7.37%    passed     93.21%
  42  Camptotheca_acuminata        22.60%    failed      0.12%
  43  Cananga_odorata               8.61%    passed     34.29%
  44  Canella_winterana             6.56%    passed     97.51%
  45  Carica_papaya                15.54%    passed      5.16%
  46  Carludovica_palmata          29.43%    failed      3.59%
  47  Casearia_spp.                40.08%    failed      0.46%
  48  Caulophyllum_thalictroides    9.56%    passed     85.74%
  49  Ceanothus_spp.                9.98%    passed     98.28%
  50  Celosia_spp.                 21.07%    passed     24.60%
  51  Celtis_philippensis          35.76%    failed      0.00%
  52  Celtis_yunnanensis           11.52%    passed     95.95%
  53  Ceratophyllum_demersum        7.76%    passed     84.26%
  54  Cercidiphyllum_japonicum     11.15%    passed     41.88%
  55  Chimonanthus_praecox          7.30%    passed     56.08%
  56  Chloranthus_spp.              6.52%    passed     74.36%
  57  Chrysolepis_sempervirens     15.95%    failed      0.73%
  58  Cinnamodendron_spp.          13.33%    passed     52.25%
  59  Cinnamomum_spp.              15.95%    failed      2.47%
  60  Cissampelos_pareira          20.06%    passed     96.57%
  61  Citrus_spp.                  16.94%    failed      0.00%
  62  Clethra_spp.                  7.69%    passed     81.47%
  63  Cobaea_scandens              10.37%    passed     19.78%
  64  Cocculus_spp.                13.22%    passed     23.02%
  65  Colchicum_spp.               29.31%    passed     15.23%
  66  Coriaria_spp.                33.58%    failed      0.14%
  67  Cornus_mas                    7.66%    passed     94.77%
  68  Cornus_sericea                9.66%    passed     50.93%
  69  Corokia_cotoneaster          16.92%    failed      0.32%
  70  Corylopsis_spp.               6.85%    passed     96.06%
  71  Corynocarpus_laevigatus      10.89%    passed     38.00%
  72  Crassula_marnierana          11.18%    passed     32.79%
  73  Crinodendron_spp.            34.40%    passed     50.16%
  74  Croomia_spp.                 25.06%    passed     50.77%
  75  Crossosoma_spp.               9.59%    passed     96.61%
  76  Cryptocarya_spp.             22.61%    passed     33.09%
  77  Cupaniopsis_anacardioides     9.15%    passed     86.87%
  78  Cypripedium_spp.             29.11%    failed      0.00%
  79  Cyrilla_racemiflora           7.80%    passed     99.99%
  80  Daphniphyllum_spp.           10.73%    passed     44.36%
  81  Datisca_spp.                 33.40%    failed      0.00%
  82  Davidsonia_pruriensis        39.90%    passed     89.11%
  83  Degeneria_vitensis           11.01%    failed      0.00%
  84  Delarbrea_michieana          10.55%    passed     59.06%
  85  Dicentra_spp.                 9.03%    failed      2.21%
  86  Didymeles_perrieri           13.72%    passed     12.22%
  87  Dillenia_spp.                14.90%    passed      7.78%
  88  Dioscorea_spp.               29.72%    passed     10.44%
  89  Dipsacus_spp.                14.32%    passed     33.38%
  90  Disanthus_cercidifolius       7.02%    passed     94.49%
  91  Donatia_spp.                  7.74%    passed     90.93%
  92  Doryphora_spp.               23.61%    passed     22.21%
  93  Drosera_spp.                 10.72%    passed     99.81%
  94  Drymis_spp.                  12.34%    passed     71.05%
  95  Dudleya_viscida              12.90%    passed     84.41%
  96  Durio_zibethinus              6.90%    passed     56.67%
  97  Elaeagnus_spp.                9.89%    passed      9.63%
  98  Eucnide_spp.                  8.95%    passed     22.39%
  99  Eupomatia_bennettii          15.27%    passed      6.05%
 100  Euptelea_polyandra           13.66%    failed      3.38%
 101  Eurya_spp.                    7.39%    passed     95.99%
 102  Exbucklandia_populnea         9.89%    passed     67.58%
 103  Fagus_spp.                   29.92%    failed      0.10%
 104  Fendlera_rupicola             8.95%    passed     75.62%
 105  Ficus_spp.                   32.24%    failed      0.00%
 106  Galax_spp.                   11.63%    passed     73.75%
 107  Galbulimima_belgraveana       6.58%    passed     33.05%
 108  Garrya_elliptica              7.04%    passed     89.82%
 109  Gilia_spp.                   13.07%    failed      2.00%
 110  Ginkgo_biloba                 6.89%    passed     74.80%
 111  Glaucidium_palmatum           9.72%    passed     83.51%
 112  Gnetum_gnemon                13.59%    passed     53.71%
 113  Grevillea_spp.               19.72%    passed     77.91%
 114  Greyia_radlkoferi            12.58%    passed     60.06%
 115  Griselinia_spp.               7.40%    passed     87.76%
 116  Gunnera_spp.                 13.32%    passed     38.65%
 117  Gyrocarpus_spp.              17.20%    failed      0.23%
 118  Halesia_spp.                  7.76%    passed     99.26%
 119  Haloragis_spp.               11.83%    passed     85.10%
 120  Hamamelis_spp.                8.03%    passed     99.44%
 121  Hedera_helix                 10.84%    passed     82.32%
 122  Hedycarya_arborea             8.09%    passed     17.28%
 123  Hedyosmum_arborescens        12.67%    passed     12.01%
 124  Helianthus_annuus            10.83%    passed     55.63%
 125  Hernandia_spp.                7.26%    failed      0.97%
 126  Heuchera_spp.                10.60%    passed     95.42%
 127  Hortonia_floribunda          35.48%    passed     72.83%
 128  Houttuynia_cordata            9.57%    passed     97.67%
 129  Humiria_balsaminifera        30.88%    failed      1.87%
 130  Humulus_lupulus              28.82%    failed      0.00%
 131  Hydrangea_spp.                6.69%    passed     94.19%
 132  Hydrastis_canadensis          9.24%    passed     72.09%
 133  Hydrolea_ovata                7.49%    passed     98.31%
 134  Hydrostachys_spp.            16.19%    failed      0.00%
 135  Idiospermum_australiense     14.33%    passed     69.91%
 136  Illicium_spp.                21.04%    passed     49.54%
 137  Impatiens_spp.                8.48%    passed     10.78%
 138  Ipomea_spp.                  36.35%    failed      3.89%
 139  Juglans_spp.                 16.38%    passed      5.44%
 140  Juncus_effusus               30.63%    failed      0.00%
 141  Kadsura_japonica             12.55%    passed      8.44%
 142  Lacistema_aggregatum         34.59%    failed      1.63%
 143  Lactoris_fernandeziana        8.98%    passed     54.16%
 144  Lardizabala_biternata        14.12%    passed     60.49%
 145  Laurus_nobilis               18.80%    passed     89.92%
 146  Leea_guineensis              12.76%    passed     35.99%
 147  Lilium_spp.                  28.91%    failed      0.00%
 148  Liquidambar_styraciflua       6.43%    passed     53.51%
 149  Liriodendron_spp.             6.71%    failed      1.83%
 150  Lobelia_spp.                 42.98%    passed     78.37%
 151  Magnolia_spp.                 6.30%    passed      5.05%
 152  Mahonia_spp.                 12.38%    passed     60.76%
 153  Manlikara_zapota              6.53%    passed     60.82%
 154  Melanophylla_spp.             7.39%    passed     84.20%
 155  Meliosma_veitchiorum         13.51%    passed     15.92%
 156  Menyanthes_trifoliata         9.14%    passed     87.84%
 157  Mollugo_verticillata         15.40%    passed      5.43%
 158  Montinia_caryophyllacea       7.57%    passed     98.82%
 159  Morella_cerifera             14.91%    passed     18.05%
 160  Morus_spp.                    8.66%    passed     30.87%
 161  Musa_spp.                    34.48%    failed      0.00%
 162  Myoporum_spp.                 8.26%    passed     98.08%
 163  Nandina_domestica             9.76%    passed     62.35%
 164  Nelumbo_spp.                 10.61%    passed     82.86%
 165  Nepenthes_spp.                7.17%    passed     91.37%
 166  Nerium_oleander              23.99%    failed      4.48%
 167  Nicotiana_spp.                6.82%    passed     98.60%
 168  Nolana_spp.                  31.63%    failed      0.13%
 169  Nuphar_spp.                   6.35%    passed     56.84%
 170  Nymphaea_spp.                 8.58%    passed     96.07%
 171  Nyssa_spp.                   12.34%    passed     12.77%
 172  Ochroma_pyramidale            7.23%    passed     77.55%
 173  Olea_europaea                24.40%    failed      0.01%
 174  Orontium_aquaticum           17.86%    failed      0.83%
 175  Osyris_spp.                  12.71%    passed     87.51%
 176  Oxalis_spp.                  18.29%    passed     59.65%
 177  Pachysandra_spp.             13.61%    passed      6.90%
 178  Paeonia_brownii               8.36%    passed     95.27%
 179  Paeonia_californica           8.07%    passed     95.48%
 180  Panax_spp.                    9.96%    passed     99.80%
 181  Parnassia_spp.                8.12%    passed     29.90%
 182  Paulownia_tomentosa          27.74%    failed      0.23%
 183  Penthorum_sedoides           10.58%    passed     83.61%
 184  Peperomia_spp.               11.93%    passed     80.31%
 185  Pereskia_aculeata             7.31%    passed     93.28%
 186  Petalonyx_spp.                6.40%    passed     41.75%
 187  Petunia_spp.                  6.23%    passed     96.02%
 188  Peumus_boldus                 6.36%    passed     30.08%
 189  Phelline_spp.                27.91%    failed      0.00%
 190  Philadelphus_spp.            10.66%    passed     97.73%
 191  Phlox_spp.                   33.77%    failed      0.00%
 192  Photinia_spp.                 7.00%    passed     94.67%
 193  Phytolacca_americana         17.17%    passed     33.51%
 194  Piper_spp.                   11.05%    passed     75.40%
 195  Plantago_spp.                36.77%    failed      1.36%
 196  Platanus_occidentalis         6.48%    passed     86.52%
 197  Pleea_tenuifolia              8.36%    passed     96.99%
 198  Plumbago_spp.                10.64%    passed     23.14%
 199  Podophyllum_peltatum         33.76%    passed     21.57%
 200  Polygala_spp.                 6.80%    passed     87.90%
 201  Polygonum_spp.               11.01%    passed     42.18%
 202  Pontederia_cordata           31.45%    passed     12.60%
 203  Populus_spp.                  6.23%    passed     89.74%
 204  Portulaca_spp.               13.51%    passed     70.37%
 205  Potamogeton_spp.              9.45%    passed     12.92%
 206  Prunus_persica               30.02%    failed      0.01%
 207  Pterostemon_rotundifolius    10.65%    passed     86.40%
 208  Quercus_spp.                  6.46%    passed     85.51%
 209  Ranunculus_spp.               7.57%    passed     36.47%
 210  Reinwardtia_indica           14.97%    passed     83.32%
 211  Restio_spp.                  29.30%    failed      2.14%
 212  Rhabdodendron_spp.           30.70%    passed      8.13%
 213  Rhodoleia_spp.                6.74%    passed     87.76%
 214  Ribes_aureum                 11.34%    passed     78.91%
 215  Roridula_gorgonias            8.50%    passed     90.72%
 216  Roussea_simplex               8.35%    passed     76.98%
 217  Santalum_album               12.45%    passed     56.35%
 218  Sarcandra_spp.               15.54%    passed      5.08%
 219  Sarracenia_spp.               7.41%    passed     19.93%
 220  Sassafras_spp.               30.19%    passed     28.55%
 221  Saururus_spp.                 6.98%    passed     70.28%
 222  Scabiosa_spp.                13.72%    passed     33.76%
 223  Schisandra_spp.               8.25%    passed     67.19%
 224  Schoepfia_schreberi          14.71%    passed     63.87%
 225  Scrophularia_spp.            27.68%    failed      0.64%
 226  Sedum_spp.                    7.78%    passed     98.03%
 227  Siphonodon_spp.              40.91%    failed      2.83%
 228  Sloanea_spp.                  8.14%    passed     39.87%
 229  Sollya_heterophylla          10.44%    passed     67.35%
 230  Spathiphyllum_spp.           11.82%    passed     21.00%
 231  Spiraea_spp.                  6.95%    passed     98.04%
 232  Stackhousia_spp.              8.56%    passed     79.43%
 233  Staphylea_spp.               11.60%    passed     36.68%
 234  Stellaria_spp.               17.56%    passed     49.04%
 235  Sterculia_spp.                7.16%    passed     24.86%
 236  Styrax_spp.                   7.84%    passed     41.92%
 237  Sullivantia_oregana           6.72%    passed     97.54%
 238  Swietenia_macrophylla        13.11%    failed      0.04%
 239  Tacca_spp.                   10.34%    passed     36.93%
 240  Takhtajania_perrieri         16.20%    passed     82.96%
 241  Tamarix_spp.                 10.83%    passed     94.95%
 242  Tasmannia_spp.                6.48%    passed     87.92%
 243  Ternstroemia_spp.             7.39%    passed     98.75%
 244  Tetracarpaea_tasmanica       10.44%    passed     74.88%
 245  Tetracera_asiatica           17.76%    passed     47.01%
 246  Tetrameles_nudiflora         31.88%    failed      0.04%
 247  Tetramerista_spp.             7.65%    passed     74.64%
 248  Thottea_tomentosa            16.03%    passed     96.15%
 249  Tofieldia_calyculata          8.72%    passed     98.20%
 250  Tragopogon_spp.              14.34%    passed     55.89%
 251  Trichilia_emetica            35.73%    passed     48.32%
 252  Triglochin_maritimum         12.65%    passed     26.41%
 253  Trillium_spp.                29.00%    failed      0.12%
 254  Triphyophyllum_peltatum      21.76%    failed      0.01%
 255  Tropaeolum_spp.               9.38%    passed     16.92%
 256  Typha_spp.                   28.68%    failed      0.04%
 257  Vahlia_capensis               7.72%    passed     95.38%
 258  Valeriana_spp.                7.06%    passed     47.89%
 259  Verbascum_thapsus            20.33%    passed     69.00%
 260  Verbena_spp.                 26.58%    passed     13.30%
 261  Veronica_spp.                 7.32%    passed     82.08%
 262  Vitis_spp.                    7.62%    passed     46.14%
 263  Xanthorhiza_simplicissima     9.37%    passed     97.16%
 264  Zelkova_spp.                 10.25%    passed     99.38%
 265  Zingiber_spp.                27.31%    failed      0.00%
****  TOTAL                        14.48%  52 sequences failed composition chi2 test (p-value<5%; df=3)
Checking for duplicate sequences: done in 0.032848 secs using 63.09% CPU
Reading input tree file training_data/dna_M5078_265_9768.phy/output_files/iqtree/evaluation/BestEvalTree.tree ...

NOTE: 247 MB RAM (0 GB) is required!
Estimate model parameters (epsilon = 0.010)
1. Initial log-likelihood: -335737.443
2. Current log-likelihood: -317651.177
3. Current log-likelihood: -317554.231
4. Current log-likelihood: -317552.879
5. Current log-likelihood: -317552.721
6. Current log-likelihood: -317552.699
Optimal log-likelihood: -317552.693
Rate parameters:  A-C: 1.29946  A-G: 2.52555  A-T: 0.66291  C-G: 0.96023  C-T: 4.58586  G-T: 1.00000
Base frequencies:  A: 0.296  C: 0.185  G: 0.219  T: 0.301
Gamma shape alpha: 0.413
Parameters optimization took 6 rounds (129.560 sec)
Wrote distance file to... 
BEST SCORE FOUND : -317552.693
Total tree length: 15.364

Total number of iterations: 0
CPU time used for tree search: 0.000 sec (0h:0m:0s)
Wall-clock time used for tree search: 0.000 sec (0h:0m:0s)
Total CPU time used: 79.590 sec (0h:1m:19s)
Total wall-clock time used: 129.885 sec (0h:2m:9s)
Reading trees in training_data/dna_M5078_265_9768.phy/output_files/iqtree/filteredEvalTrees.trees ...

38 trees detected
Note: 280.098 MB of RAM required!
Creating 10000 bootstrap replicates...
done
Tree 1 / LogL: -317141.902
Tree 2 / LogL: -317436.209
Tree 3 / LogL: -317197.757
Tree 4 / LogL: -317307.564
Tree 5 / LogL: -317117.314
Tree 6 / LogL: -317144.098
Tree 7 / LogL: -317224.386
Tree 8 / LogL: -317467.572
Tree 9 / LogL: -317087.356
Tree 10 / LogL: -317440.527
Tree 11 / LogL: -317129.167
Tree 12 / LogL: -317117.025
Tree 13 / LogL: -317443.309
Tree 14 / LogL: -317347.202
Tree 15 / LogL: -317117.473
Tree 16 / LogL: -317178.457
Tree 17 / LogL: -317152.389
Tree 18 / LogL: -317314.691
Tree 19 / LogL: -317359.316
Tree 20 / LogL: -317989.756
Tree 21 / LogL: -317841.500
Tree 22 / LogL: -317895.768
Tree 23 / LogL: -317857.193
Tree 24 / LogL: -317820.493
Tree 25 / LogL: -317910.337
Tree 26 / LogL: -317783.197
Tree 27 / LogL: -317621.487
Tree 28 / LogL: -317608.971
Tree 29 / LogL: -317629.756
Tree 30 / LogL: -317613.991
Tree 31 / LogL: -317613.977
Tree 32 / LogL: -317583.519
Tree 33 / LogL: -317578.038
Tree 34 / LogL: -317551.440
Tree 35 / LogL: -317568.283
Tree 36 / LogL: -317552.692
Tree 37 / LogL: -317565.037
Tree 38 / LogL: -317566.952
Performing RELL-BP test...
Performing KH and SH test...
Computing pairwise logl difference variance ...
Performing WKH and WSH test...
Performing ELW test...
Performing approximately unbiased (AU) test...
28 MB required for AU test
Generating 10 x 10000 multiscale bootstrap replicates... 53.635 seconds
TreeID	AU	RSS	d	c
1	0.108	2.095	1.517	0.277
2	0.000	0.650	5.610	-0.623
3	0.000	1.212	3.943	0.218
4	0.000	2.383	3.724	0.136
5	0.415	3.802	0.548	0.334
6	0.034	5.259	2.240	0.416
7	0.000	2.201	3.709	0.207
8	0.000	0.549	5.227	-0.260
9	0.878	3.836	-0.731	0.433
10	0.000	0.680	4.740	0.138
11	0.179	17.344	1.274	0.354
12	0.262	10.552	1.086	0.449
13	0.000	0.024	6.753	-0.987
14	0.000	0.112	9.969	-2.408
15	0.179	7.903	1.377	0.457
16	0.015	10.946	2.495	0.313
17	0.034	2.068	2.194	0.367
18	0.000	0.453	4.662	0.034
19	0.002	0.701	3.817	0.878
20	0.003	2.229	3.551	0.759
21	0.000	0.712	4.457	0.336
22	0.003	1.866	3.599	0.848
23	0.000	1.172	4.800	-0.147
24	0.000	0.616	4.246	0.629
25	0.000	1.750	4.373	0.296
26	0.000	4.677	4.085	0.330
27	0.000	0.243	13.425	-4.475
28	0.000	0.079	13.840	-4.522
29	0.000	0.022	9.245	-1.739
30	0.000	0.000	16.868	-5.972
31	0.000	0.135	9.998	-2.457
32	0.000	0.000	11.600	-3.448
33	0.000	0.000	12.515	-3.821
34	0.000	0.411	10.487	-2.762
35	0.000	0.000	15.060	-5.215
36	0.000	0.519	11.084	-3.136
37	0.000	0.278	9.515	-2.028
38	0.000	1.576	13.241	-4.403
Time for AU test: 53.652 seconds
Time for evaluating all trees: 431.147 sec.

Analysis results written to: 
  IQ-TREE report:                training_data/dna_M5078_265_9768.phy/output_files/iqtree/significance.iqtree
  Maximum-likelihood tree:       training_data/dna_M5078_265_9768.phy/output_files/iqtree/significance.treefile
  Evaluated user trees:          training_data/dna_M5078_265_9768.phy/output_files/iqtree/significance.trees
  Screen log file:               training_data/dna_M5078_265_9768.phy/output_files/iqtree/significance.log

Date and Time: Fri Sep 26 13:55:49 2025
