IQ-TREE version 3.0.1 for Linux x86 64-bit built Sep 23 2025
Developed by Bui Quang Minh, Thomas Wong, Nhan Ly-Trong, Huaiyan Ren
Contributed by Lam-Tung Nguyen, Dominik Schrempf, Chris Bielow,
Olga Chernomor, Michael Woodhams, Diep Thi Hoang, Heiko Schmidt

Host:    cnode04.hpc.vast.vn (AVX512, FMA3, 125 GB RAM)
Command: /datausers/ioit/thaontp/tranthanhvan235/iqtree3/build/iqtree3 -s /datausers/ioit/thaontp/tranthanhvan235/data_treebase/VAN_TRAINING_DATA/dna_M5381_413_3632.phy -pre training_data/dna_M5381_413_3632.phy/output_files/iqtree/inference/pars_7 -seed 7 -ninit 1 -T 1 -redo -n 0 -nt AUTO
Seed:    7 (Using SPRNG - Scalable Parallel Random Number Generator)
Time:    Thu Sep 25 15:57:25 2025
Kernel:  AVX+FMA - auto-detect threads (56 CPU cores detected)

Reading alignment file /datausers/ioit/thaontp/tranthanhvan235/data_treebase/VAN_TRAINING_DATA/dna_M5381_413_3632.phy ... Phylip format detected
Alignment most likely contains DNA/RNA sequences
Constructing alignment: done in 0.0786092 secs using 787.5% CPU
Alignment has 413 sequences with 3632 columns, 3476 distinct patterns
2736 parsimony-informative, 490 singleton sites, 406 constant sites
                                   Gap/Ambiguity  Composition  p-value
Analyzing sequences: done in 0.0639164 secs using 2240% CPU
   1  Abietinaria_filicula                 2.20%    passed     36.49%
   2  Abraliopsis_sp                       1.38%    failed      0.00%
   3  Acanthascus_dawsoni                  0.33%    passed     16.91%
   4  Acanthoeca_spectabilis               1.13%    passed     15.36%
   5  Acanthoscurria_sp                   36.65%    failed      1.53%
   6  Acipenser_brevirostrum               0.74%    failed      0.01%
   7  Acrobeles_maximus                    2.62%    passed     73.53%
   8  Adelopora_crassilabrum               3.00%    failed      2.26%
   9  Adineta_vaga                        11.76%    failed      0.00%
  10  Aegina_citrea                        0.22%    failed      4.37%
  11  Aegla                               28.36%    failed      3.39%
  12  Aeolosoma_sp                         0.25%    passed     32.64%
  13  Aequorea_aequorea                    3.30%    failed      4.66%
  14  Aequorea_floridana                  38.88%    passed     79.88%
  15  Aequorea_victoria                    0.30%    passed      6.22%
  16  Aglantha_digitale                    1.02%    failed      0.52%
  17  Aglaophenia_tubiformis               0.77%    passed     16.80%
  18  Aglaura_hemistoma                    2.67%    failed      0.64%
  19  Aglauropsis_aeora                    1.46%    passed     28.27%
  20  Alcyonidium                          0.47%    failed      0.09%
  21  Allopauropus_sp                      1.24%    failed      0.78%
  22  Amoebidium_parasiticum               0.39%    failed      0.11%
  23  Amphiporus_sp                        0.52%    passed     43.26%
  24  Amphisbetia_minima                   5.18%    passed     30.21%
  25  Amphogona_apicata                   38.08%    passed     37.16%
  26  Anaperus_biaculeatus                 5.45%    failed      0.12%
  27  Anoplodactylus                      16.99%    failed      0.05%
  28  Antalis_entails                      0.25%    failed      1.17%
  29  Antedonidae                          1.29%    failed      0.58%
  30  Anthohebella_parasitica              4.35%    passed     22.37%
  31  Antipathes_galapagensis              0.25%    passed     34.75%
  32  Apionsoma_misakianum                 0.44%    failed      0.50%
  33  Apis_mellifera                      23.84%    passed      8.59%
  34  Apolemia_sp                          2.31%    failed      2.40%
  35  Arbacia_punctulata                   0.33%    failed      0.00%
  36  Argopecten_irradians                 0.28%    passed     73.11%
  37  Arhinchite_pugettensis               0.33%    passed     88.18%
  38  Asplanchna_sieboldi                 12.09%    passed     87.47%
  39  Asterias_forbesi                     2.37%    failed      0.00%
  40  Astrohydra_japonica                 37.80%    passed     81.42%
  41  Atolla_vanhoeffeni                   0.19%    passed      8.81%
  42  Auerbachia_pulchra                   8.31%    passed     54.31%
  43  Aurelia_sp                           4.35%    passed     51.53%
  44  Barentsia_gracilis                   0.30%    passed     64.24%
  45  Batrachochytrium_dendrobatidis       3.88%    failed      0.01%
  46  Beroe_ovata                          3.36%    passed     61.56%
  47  Bilharziella_polonica                2.31%    passed     84.38%
  48  Bimeria_vestita                      0.77%    failed      3.87%
  49  Biomphalaria_glabrata               39.62%    passed     50.19%
  50  Blackfordia_virginica                0.25%    passed      5.95%
  51  Blastocladiella_emersonii            1.62%    failed      0.36%
  52  Bombyx_mori                         40.42%    passed     70.83%
  53  Botrynema_brucei                     1.49%    passed      5.05%
  54  Bougainvillia_carolinensis           1.51%    failed      3.25%
  55  Bougainvillia_fulva                  2.81%    failed      4.78%
  56  Brachionus_urceolaris               11.45%    passed     99.57%
  57  Branchiostoma_floridae               0.74%    failed      0.01%
  58  Brevibucca_saprophaga                1.24%    passed     92.21%
  59  Brinckmannia_hexactinellidophila     0.80%    failed      2.57%
  60  Buddenbrockia_plumatellae_Euro       8.78%    failed      0.04%
  61  Buddenbrockia_plumatellae_NA        64.76%    passed     13.77%
  62  Bugula_turrita                      62.56%    passed     10.81%
  63  Caligus_elongatus                    3.88%    passed     75.52%
  64  Callibaetis_ferrugineus              0.55%    failed      0.00%
  65  Cambaroides_japonicus               31.06%    failed      4.73%
  66  Campodeidae_sp                      33.43%    failed      0.00%
  67  Campodeidae_sp_JM2004                1.07%    failed      0.00%
  68  Candelabrum_cocksii                  0.22%    passed     19.40%
  69  Capitella_capitata                  63.52%    passed     79.84%
  70  Capsaspora_owczarzaki                0.41%    failed      0.89%
  71  Carybdea_rastonii                    0.19%    passed     14.93%
  72  Catajapyx                           12.75%    failed      0.00%
  73  Catostylus_sp                       10.79%    passed     75.50%
  74  Cephalodiscus_gracilis               3.11%    failed      0.00%
  75  Ceratomyxa_shasta                    8.07%    passed     51.60%
  76  Ceratomyxa_sp                        5.01%    failed      0.00%
  77  Ceratomyxa_sp_1                     64.84%    passed     16.91%
  78  Ceratomyxa_sp_2                      6.72%    passed     73.14%
  79  Cerebratulus_lacteus                 0.30%    passed     15.62%
  80  Chaetoderma_sp                      12.94%    failed      0.03%
  81  Chaetopleura_apiculata               0.88%    passed     71.25%
  82  Chalcidoidea                        50.55%    passed     92.30%
  83  Cherokia_georgiana                   0.47%    failed      0.08%
  84  Childia_groenlandica                 2.42%    failed      1.14%
  85  Chileogovea_sp                      30.12%    failed      0.35%
  86  Chironex_fleckeri                    0.22%    passed     12.32%
  87  Chiropsalmus_sp                      0.25%    passed      8.42%
  88  Chloromyxum_cristatum                4.41%    passed     37.55%
  89  Chloromyxum_leydigi                  6.03%    passed     88.78%
  90  Choanoeca_perplexa                   1.29%    passed     64.55%
  91  Chondracanthus_lophii                3.22%    passed     82.35%
  92  Chordodes_morgani                    0.58%    passed     99.49%
  93  Chrysaora_melanaster                 0.22%    passed     26.14%
  94  Chrysaora_sp                         0.28%    passed     24.30%
  95  Ciona_intestinalis                   0.61%    passed      6.76%
  96  Ciona_savignyi                      76.95%    passed     62.12%
  97  Cladocoryne_floccosa                 2.06%    passed     11.65%
  98  Clausophyes_ovata                    2.04%    failed      1.99%
  99  Clava_multicornis                    1.38%    failed      2.30%
 100  Clavactinia_gallensis                3.99%    failed      4.97%
 101  Clytia_noliformis                    2.86%    passed     77.98%
 102  Cocculina                           29.79%    passed     15.53%
 103  Codonosiga_gracilis                  0.72%    failed      2.98%
 104  Conopora_anthohelia                  4.49%    failed      2.78%
 105  Corallochytrium_limacisporum         0.69%    passed     18.67%
 106  Cordagalma_cordiforme                1.27%    failed      2.31%
 107  Cordylophora_caspia                  0.77%    passed      5.54%
 108  Corydendrium_sp                      3.00%    passed      5.42%
 109  Corymorpha_bigelowi                  3.85%    passed      7.56%
 110  Corymorpha_sp                        2.34%    failed      3.07%
 111  Corynosoma_magdaleni                14.87%    passed     83.75%
 112  Crassostrea                          0.36%    passed     39.85%
 113  Craterolophus_convolvulus            0.61%    passed     25.53%
 114  Craterostigmus_tasmanianus          27.92%    failed      0.00%
 115  Crisia_sp                           62.53%    passed     37.01%
 116  Crossota_rufobrunnea                 0.99%    failed      1.43%
 117  Crypthelia_cryptotrema               2.45%    failed      1.74%
 118  Cryptococcus                         0.74%    passed     14.08%
 119  Cryptoplax_japonica                  0.28%    passed     45.28%
 120  Cucumaria                            0.55%    failed      0.00%
 121  Cyanea                              62.47%    failed      1.68%
 122  Cyprididae_sp                        0.52%    passed     28.64%
 123  Danio_rerio                          0.36%    failed      0.00%
 124  Daphnia_magna                        1.05%    failed      0.00%
 125  Darwin_carybdeid_sp._AGC-2001        0.22%    passed      8.02%
 126  Dentalium_octangulatum               0.28%    failed      0.75%
 127  Diaphanoeca_grandis                  0.63%    failed      2.85%
 128  Diclidophora_denticulata             0.66%    passed     57.17%
 129  Dicoryne_conybearei                  2.06%    failed      4.30%
 130  Dictyocotyle_coeliaca                0.99%    passed     33.40%
 131  Dilepis_undula                       1.18%    passed     14.60%
 132  Diphasia_fallax                      0.55%    passed     23.27%
 133  Dipurena_ophiogaster                 3.22%    passed     14.61%
 134  Discinisca_tenuis                   29.13%    passed     20.84%
 135  Dugesia_ryukyuensis                 37.42%    failed      0.23%
 136  Echinococcus                        52.31%    passed     41.62%
 137  Echinorhynchus_truttae              13.49%    passed     13.10%
 138  Ectopleura_dumortieri                0.30%    failed      2.99%
 139  Eisenia                              0.33%    passed     17.69%
 140  Encentrum_astridae                  27.73%    passed     99.87%
 141  Endeis_australis                    17.81%    failed      0.03%
 142  Enteromyxum_leei                     7.79%    failed      4.67%
 143  Eohemithiris_grayii                 28.72%    passed      9.84%
 144  Epiphanes_senta                     11.23%    passed     99.74%
 145  Episiphon_yamakawai                 37.78%    failed      0.16%
 146  Eptatretus                           0.55%    failed      0.00%
 147  Erenna_sp                            9.50%    failed      3.10%
 148  Erpobdella_octoculata               26.10%    passed     23.06%
 149  Eudendrium_californicum              3.61%    failed      1.76%
 150  Eudendrium_capillare                39.34%    passed     59.31%
 151  Eudendrium_racemosum                 2.64%    passed      7.45%
 152  Eutima_sapinhoa                      2.37%    passed     17.27%
 153  Fabienna_sphaerica                   0.28%    failed      2.87%
 154  Fasciola_hepatica                   47.22%    passed     80.12%
 155  Flagellophora_apelti                14.23%    passed     31.74%
 156  Floridosentis_mugilis               14.45%    failed      4.27%
 157  Folsomia_candida                     0.39%    passed     25.93%
 158  Forskalia_edwardsi                  10.35%    failed      1.59%
 159  Fuchsina_occulta                    29.98%    passed     18.27%
 160  Gallus_gallus                       39.15%    failed      0.01%
 161  Garveia                              1.76%    failed      3.82%
 162  Garveia_grisea                       0.77%    failed      3.92%
 163  Geocentrophora_wagini                0.17%    passed     18.22%
 164  Geryonia_proboscidalis               3.47%    passed      9.19%
 165  Glomus_intraradices                  1.05%    failed      0.00%
 166  Glottidia_pyramidata                 0.30%    passed     41.30%
 167  Glycymeris                           0.36%    passed     95.87%
 168  Gnathostomula_paradoxa              29.52%    passed     26.67%
 169  Gordius                              0.55%    passed     98.45%
 170  Gordius_sp                           2.26%    passed     98.25%
 171  Graneledone_pacifica                 1.43%    failed      0.00%
 172  Haemadipsa_interrupta               28.06%    passed     15.26%
 173  Halecium_muricatum                  16.19%    passed     88.73%
 174  Haliclona_sp                        41.93%    passed     10.01%
 175  Haliclystus_octoradiatus             1.13%    passed     21.71%
 176  Haliclystus_sanjuanensis             0.22%    passed     14.40%
 177  Halicryptus_spinulosus               0.25%    passed     72.84%
 178  Haliscera_conica                     1.73%    failed      2.67%
 179  Halistemma_rubrum                    0.91%    failed      2.02%
 180  Halopteris_minuta                    2.70%    passed     41.16%
 181  Haminoea                             0.25%    passed     19.10%
 182  Harrimania_planktophilus             0.19%    failed      0.00%
 183  Helicoradomenia_sp                  10.41%    passed     56.82%
 184  Helicoverpa_assulta                 62.53%    passed     26.24%
 185  Helobdella                          38.96%    failed      0.03%
 186  Henneguya_salminicola                7.90%    failed      2.06%
 187  Henneguya_sp                         4.68%    passed     41.27%
 188  Henneguya_zschokkei                 11.89%    failed      0.89%
 189  Heteroteuthis_hawaiiensis           62.72%    failed      0.00%
 190  Hippopodius_hippopus                 2.18%    failed      2.16%
 191  Hirudo_medicinalis                  26.46%    passed     31.20%
 192  Homarus_americanus                   2.70%    passed     12.43%
 193  Homo_sapiens                         0.36%    failed      0.00%
 194  Hutchinsoniella_macracantha         28.66%    failed      0.00%
 195  Hydra                                0.22%    passed      6.24%
 196  Hydractinia_sp                       0.61%    failed      2.65%
 197  Hydractinia_symbiolongicarpus        1.87%    failed      4.77%
 198  Hydrallmania_falcata                38.79%    passed     97.26%
 199  Hydrichthella_epigorgia              2.34%    failed      3.81%
 200  Ichthyophonus_hoferi                 3.63%    failed      0.13%
 201  Ischnochiton_comptus                 0.33%    passed     32.00%
 202  Ixodes                              46.20%    passed     79.05%
 203  Koellikerina_fasciculata             0.77%    failed      4.26%
 204  Kudoa_crumena                        9.42%    passed      5.84%
 205  Kudoa_dianae                         8.43%    passed     86.30%
 206  Kudoa_thyrsites                      6.47%    passed     90.33%
 207  Lafoea_dumosa                       42.24%    passed     77.31%
 208  Laqueus_californianus                0.85%    passed     34.23%
 209  Latimeria_chalumnae                  0.80%    failed      0.01%
 210  Lepidopora_microstylus               5.04%    failed      4.62%
 211  Leptotheca_vikrami                  23.51%    failed      0.00%
 212  Leuckartiara_octona                  3.28%    failed      3.49%
 213  Leucosolenia_sp                      0.28%    passed     47.78%
 214  Limnocnida_tanganyicae               0.22%    passed     15.95%
 215  Limulus_polyphemus                   0.47%    failed      0.47%
 216  Lineus_bilineatus                   12.58%    passed     29.58%
 217  Lingula                             29.49%    passed     49.74%
 218  Lithobius                            6.42%    failed      0.01%
 219  Lizzia_blondina                      0.80%    failed      3.66%
 220  Locusta_migratoria                  49.81%    passed     77.79%
 221  Loligo_pealei                       20.73%    failed      0.00%
 222  Lottia                               2.92%    failed      0.00%
 223  Loxosomella_murmanica               13.52%    passed     94.03%
 224  Lumbriculus                          0.30%    passed     77.53%
 225  Lumbricus                            0.33%    passed     17.82%
 226  Macracanthorhynchus_ingens          13.46%    failed      3.45%
 227  Maeotias_marginata                   1.93%    passed     12.98%
 228  Meara_stichopi                       1.16%    failed      0.51%
 229  Melicertissa_sp                      0.30%    passed     33.23%
 230  Melicertum_octocostatum              1.87%    failed      3.87%
 231  Metasiro_americanus                 28.83%    failed      0.09%
 232  Milnesium_sp                         4.43%    passed     57.15%
 233  Mnemiopsis_leidyi                    3.39%    passed     63.47%
 234  Moerisia_sp                          0.25%    passed     11.81%
 235  Molgula_manhattensis                62.58%    passed     32.14%
 236  Moniliformis_moniliformis           13.66%    failed      1.76%
 237  Monobothroides_chalmersius           2.29%    passed      6.72%
 238  Monosiga_brevicollis                 3.99%    passed      9.91%
 239  Monosiga_ovata                       0.83%    failed      3.99%
 240  Monostaechas_quadridens              2.31%    passed     26.57%
 241  Montastraea_franksi                  2.62%    passed     51.98%
 242  Mycale_fibrexilis                    2.70%    passed     83.63%
 243  Myxidium_bergense                    6.83%    passed     62.39%
 244  Myxidium_chelonarum                  5.89%    passed     22.28%
 245  Myxidium_coryphaenoideum             5.95%    passed     18.77%
 246  Myxidium_cuneiforme                  6.14%    passed     62.07%
 247  Myxidium_gadi                       11.62%    passed     44.90%
 248  Myxidium_incurvatum                  7.30%    passed     56.05%
 249  Myxidium_lieberkuehni               44.93%    passed     84.67%
 250  Myxobolus                            5.53%    passed      9.87%
 251  Myxobolus_cerebralis                56.33%    passed     53.81%
 252  Myxobolus_cerebralis_NE              9.09%    passed     80.76%
 253  Myxobolus_lentisuturalis            36.01%    passed     47.11%
 254  Myxobolus_longisporus               12.75%    passed     14.48%
 255  Myzostoma_polycyclus                 1.82%    passed     97.70%
 256  Nanomia_bijuga                       1.07%    failed      1.62%
 257  Nausithoe_rubra                      0.28%    passed      9.94%
 258  Nectopyramis_sp                      0.22%    failed      4.08%
 259  Nematostella_vectensis              41.41%    passed     49.05%
 260  Nemertesia_antennina                 3.22%    passed     80.08%
 261  Nemertinoides_elongatus              1.82%    passed     12.52%
 262  Nemertoderma_bathycola               2.06%    passed     94.59%
 263  Nemertoderma_westbladi              13.85%    passed     79.76%
 264  Neoechinorhynchus_saginata          13.13%    failed      1.26%
 265  Neoturris_breviconis                 2.04%    failed      2.29%
 266  Nereis_vexillosa                     5.73%    failed      1.31%
 267  Novocrania                          29.27%    passed     30.23%
 268  Novocrania_anomala                  12.91%    passed     49.59%
 269  Octophialucium_indicum               0.25%    passed     10.59%
 270  Oerstedia_dorsalis                   0.30%    passed     25.65%
 271  Oligacanthorhynchus_tortuosa         3.30%    failed      1.44%
 272  Oligofilomorpha_interstitiophilum    4.19%    passed     92.62%
 273  Olindias_phosphorica                 1.40%    passed      6.36%
 274  Olindias_sambaquiensis               2.29%    passed      8.11%
 275  Ophicardelus_ornatus                12.53%    passed      7.16%
 276  Ophioderma_cenereum                  5.01%    failed      0.17%
 277  Oropsylla_montana                   27.26%    passed      7.01%
 278  Orthoporus_sp                        0.30%    failed      0.47%
 279  Oscheius_insectivora                 1.13%    passed     67.19%
 280  Otostigmus_politus                   0.83%    failed      0.00%
 281  Owenia_fusiformis                    1.82%    failed      4.29%
 282  Pachybothrium_hutsoni                2.34%    passed     23.99%
 283  Pachycordyle_pusilla                 0.80%    failed      2.93%
 284  Palliatus_indecorus                  8.18%    passed     77.23%
 285  Pandea_sp                            1.84%    failed      2.17%
 286  Pantachogon_haeckeli                 0.30%    failed      0.59%
 287  Pantachogon_sp_orange               38.22%    passed     44.00%
 288  Pantachogon_sp_white                 2.84%    failed      0.89%
 289  Paradoxosomatidae_sp                 0.63%    failed      3.86%
 290  Parartemia_minuta                    0.55%    failed      0.75%
 291  Paratomella_rubra                    2.34%    passed     52.00%
 292  Paromalostomum_fusculum              0.19%    passed     94.91%
 293  Penaeus_semisulcatus                48.49%    failed      0.92%
 294  Pennaria_disticha                    2.09%    failed      4.44%
 295  Peripatoides_novaezealandiae         9.64%    failed      0.00%
 296  Peripatus_sp                         2.15%    failed      0.00%
 297  Petromyzon_marinus                   0.77%    failed      0.00%
 298  Phacellophora_camtschatica           0.22%    passed     29.36%
 299  Phascolion_strombus                  0.50%    failed      0.00%
 300  Phascolopsis_gouldii                 0.30%    failed      0.02%
 301  Philodina_roseola                    1.18%    failed      0.01%
 302  Phoronis_hippocrepia                28.63%    passed     34.67%
 303  Phoronis_ijimai                      0.33%    passed     38.18%
 304  Physalia_physalis                    1.38%    failed      2.22%
 305  Physophora_hydrostatica              0.77%    failed      1.60%
 306  Pinctada_martensi                    0.39%    passed     52.31%
 307  Placopecten_magellanicus             0.33%    passed     69.68%
 308  Plakinidae                          41.35%    passed     92.69%
 309  Pleurobrachia_bachei                 3.47%    passed     74.32%
 310  Plumatella                           0.28%    passed     73.99%
 311  Plumularia_hyalina                   4.68%    passed     95.24%
 312  Plumularia_setacea                   0.50%    passed     86.74%
 313  Podocoryna_exigua                    0.22%    failed      3.68%
 314  Polyacanthorhynchus_caballeroi      12.25%    passed      5.69%
 315  Polystomoides_malayi                 0.66%    passed     41.76%
 316  Porpita_sp                           0.25%    failed      2.98%
 317  Praya_dubia                          5.53%    failed      1.17%
 318  Priapulus_caudatus                   0.74%    passed     60.91%
 319  Proboscidactyla_flavicirrata         2.81%    failed      3.34%
 320  Proboscidactyla_ornata               2.42%    failed      3.15%
 321  Prosuberites_laughlini               2.64%    passed     96.88%
 322  Proterospongia                      10.55%    passed     54.45%
 323  Protodriloides_symbioticus           1.02%    passed     14.06%
 324  Pseudocorynosoma_anatarium          14.34%    passed     94.02%
 325  Pseudocrypthelia_pachypoma           1.82%    failed      1.86%
 326  Pseudopallene_ambigua               17.92%    failed      0.02%
 327  Ptychodera_flava                     0.30%    failed      0.00%
 328  Pycnophyes_kielensis                 0.30%    passed     68.54%
 329  Pycnophyes_sp_Tjarno                 0.25%    passed     49.30%
 330  Ralpharia_gorgoniae                  4.43%    passed      6.63%
 331  Rathkea_octopunctata                 3.83%    passed      6.37%
 332  Rhacostoma_atlantica                 1.21%    passed      7.42%
 333  Rhipicephalus_microplus             46.83%    passed     90.95%
 334  Rhizogeton_nudus                     0.77%    passed      5.70%
 335  Rhizopus                             1.35%    failed      0.03%
 336  Rhopalonema_velatum                  2.31%    failed      0.85%
 337  Riftia_pachyptila                    0.99%    passed     11.84%
 338  Rosacea_flaccida                     3.61%    failed      1.86%
 339  Saccoglossus_kowalevskii             0.80%    failed      0.00%
 340  Sacculinidae_sp                      1.16%    passed     16.14%
 341  Sagitta_elegans                      1.51%    failed      0.00%
 342  Salpingoeca_infusionum               0.63%    passed     38.91%
 343  Salpingoeca_pyxidium                 0.30%    passed     13.22%
 344  Sanguinicolid_sp                     7.87%    passed     69.70%
 345  Sarsia_nipponica                     1.90%    passed      5.99%
 346  Scalibregma_inflatum                 0.33%    passed     64.38%
 347  Schistosoma_haematobium              0.39%    passed     82.79%
 348  Schistosoma_japonicum                7.19%    passed     52.28%
 349  Schistosoma_mansoni                  0.41%    passed     71.05%
 350  Schmidtea_mediterranea              36.73%    failed      0.39%
 351  Scrippsia_pacifica                   0.25%    failed      3.78%
 352  Scutigera_coleoptrata                9.31%    failed      0.00%
 353  Scutigerella_sp                      2.42%    failed      0.00%
 354  Seison_nebaliae                     12.25%    failed      0.01%
 355  Sertularia_cupressina               39.40%    passed     94.51%
 356  Sertularia_perpusilla               38.90%    passed     96.43%
 357  Siboglinum_fjordicum                 0.33%    passed     24.06%
 358  Sigiweddellia_sp                    38.00%    passed     54.12%
 359  Siro_valleorum                      28.33%    failed      0.09%
 360  Sminthurus_viridis                   0.28%    passed     25.35%
 361  Solanderia_ericopsis                 5.86%    failed      3.54%
 362  Solanderia_secunda                   3.77%    failed      1.32%
 363  Solmissus_marshalli                  0.22%    passed      7.15%
 364  Solmundella_bitentaculata            2.06%    failed      4.28%
 365  Sphaeroforma_arctica                63.11%    failed      0.02%
 366  Sphaeromyxa_balbianii               19.85%    passed      8.16%
 367  Sphaeromyxa_hellandi                 6.22%    passed     38.09%
 368  Sphaeromyxa_longa                   25.55%    passed     17.99%
 369  Sphaeromyxa_sp                      24.59%    passed     25.19%
 370  Sphaerospora_dicentrarchi           24.78%    passed     38.10%
 371  Sphaerospora_ranae                  55.37%    passed     50.85%
 372  Sphaerospora_sp                     65.14%    passed     38.78%
 373  Spizellomyces_punctatus              8.98%    failed      0.07%
 374  Squatina_californica                 0.39%    failed      0.04%
 375  Stephalia_dilata                     4.46%    failed      1.66%
 376  Stephanoeca_diplocostata            12.31%    passed     17.48%
 377  Stephanomia_amphytridis             62.53%    failed      0.87%
 378  Sterreria_psammicola                 1.16%    passed     15.29%
 379  Stomotoca_pterophylla                0.77%    failed      1.92%
 380  Suberites_domuncula                  6.11%    passed     77.75%
 381  Sulculeolaria_quadrivalvis           1.27%    failed      2.72%
 382  Suomina_sp                           3.06%    passed     88.82%
 383  Symbion_sp                           0.33%    passed     85.40%
 384  Symphylella_sp                       2.23%    failed      0.00%
 385  Terebratulida                       28.66%    passed     21.81%
 386  Tetracapsuloides_bryosalmonae        8.65%    passed     98.10%
 387  Tetracapsuloides_bryosalmonae_A     10.66%    passed     98.48%
 388  Tetracapsuloides_bryosalmonae_B     10.44%    passed     97.82%
 389  Tetraplatia_volitans                 0.19%    failed      4.06%
 390  Thuiaria_thuja                       2.59%    passed     44.90%
 391  Tiaropsidium_kelseyi                 1.84%    passed      6.72%
 392  Triacanthella_sp                     0.39%    passed     67.48%
 393  Tribolium_castaneum                 53.55%    failed      1.56%
 394  Trichinella_spiralis                 0.88%    passed     65.78%
 395  Trichoplax_sp                        0.44%    failed      1.31%
 396  Triops                               1.07%    failed      0.38%
 397  Tripedalia_cystophora                6.36%    passed     23.94%
 398  Tubulanus_annulatus                  0.17%    failed      0.48%
 399  Tubulipora_flabellaris               2.53%    failed      3.11%
 400  Turritopsis_dohrnii                  0.77%    passed      7.14%
 401  Turritopsis_nutricula                0.63%    passed     10.40%
 402  Urechis_caupo                        0.30%    passed     83.01%
 403  Ustilago                            37.91%    passed     12.45%
 404  Velella_sp                           1.82%    failed      2.84%
 405  Xenopus                              0.52%    failed      0.00%
 406  Xiphinema                            0.96%    passed     21.56%
 407  Zanclea_prolifera                    4.05%    passed      6.78%
 408  Zschokkella_nova                     5.15%    passed     87.93%
 409  Zschokkella_parasiluri              13.60%    passed     63.48%
 410  Zschokkella_sp_2                    65.20%    passed      8.82%
 411  Zschokkella_sp_3                    11.07%    passed     60.11%
 412  Zschokkella_sp_4                    45.51%    passed     26.90%
 413  Zyzzyzus                             4.02%    passed      6.05%
WARNING: 19 sequences contain more than 50% gaps/ambiguity
****  TOTAL                               10.42%  168 sequences failed composition chi2 test (p-value<5%; df=3)
Checking for duplicate sequences: done in 0.0472423 secs using 2485% CPU


Create initial parsimony tree by phylogenetic likelihood library (PLL)... 0.658 seconds
Measuring multi-threading efficiency up to 56 CPU cores
Increase to 10 rounds for branch lengths
6 trees examined
Threads: 1 / Time: 65.757 sec / Speedup: 1.000 / Efficiency: 100% / LogL: -427178
Threads: 2 / Time: 41.870 sec / Speedup: 1.571 / Efficiency: 79% / LogL: -427178
Threads: 3 / Time: 35.557 sec / Speedup: 1.849 / Efficiency: 62% / LogL: -427178
Threads: 4 / Time: 51.329 sec / Speedup: 1.281 / Efficiency: 32% / LogL: -427178
Determining AUTO threadcount: done in 194.522 secs using 198.9% CPU
BEST NUMBER OF THREADS: 3

Perform fast likelihood tree search using GTR+I+G model...
Estimate model parameters (epsilon = 5.000)
Perform nearest neighbor interchange...
Estimate model parameters (epsilon = 1.000)
1. Initial log-likelihood: -224780.253
2. Current log-likelihood: -224779.228
Optimal log-likelihood: -224779.085
Rate parameters:  A-C: 1.08299  A-G: 2.76399  A-T: 1.15096  C-G: 0.91777  C-T: 5.15732  G-T: 1.00000
Base frequencies:  A: 0.277  C: 0.208  G: 0.279  T: 0.235
Proportion of invariable sites: 0.092
Gamma shape alpha: 0.680
Parameters optimization took 2 rounds (3.742 sec)
Time for fast ML tree search: 45.044 seconds

NOTE: ModelFinder requires 466 MB RAM!
ModelFinder will test up to 968 DNA models (sample size: 3632 epsilon: 0.100) ...
 No. Model         -LnL         df  AIC          AICc         BIC
  1  JC            262627.154   823 526900.309   527383.323   532000.883
  2  JC+I          257574.061   824 516796.121   517280.482   521902.893
  3  JC+G4         233259.040   824 468166.079   468650.440   473272.851
  4  JC+I+G4       233024.120   825 467698.241   468183.950   472811.210
  5  JC+R2         238431.651   825 478513.301   478999.011   483626.271
  6  JC+R3         233976.805   827 469607.610   470096.024   474732.975
  7  JC+R4         232619.531   829 466897.062   467388.190   472034.822
  8  JC+R5         232105.083   831 465872.166   466366.017   471022.321
  9  JC+R6         231892.698   833 465451.396   465947.980   470613.945
 10  JC+R7         231818.372   835 465306.744   465806.071   470481.689
 11  JC+R8         231768.752   837 465211.505   465713.585   470398.844
 12  JC+R9         231750.862   839 465179.724   465684.567   470379.459
 13  JC+R10        231748.485   841 465178.970   465686.584   470391.100
 14  JC+I+R2       237397.387   826 476446.774   476933.834   481565.941
 15  JC+I+R3       233612.569   828 468881.138   469370.908   474012.700
 16  JC+I+R4       232437.641   830 466535.282   467027.770   471679.239
 17  JC+I+R5       232039.774   832 465743.548   466238.765   470899.900
 18  JC+I+R6       231852.128   834 465372.257   465870.212   470541.004
 19  JC+I+R7       231797.173   836 465266.347   465767.049   470447.489
 20  JC+I+R8       231755.789   838 465187.577   465691.037   470381.114
 21  JC+I+R9       231742.507   840 465165.013   465671.240   470370.946
 22  JC+I+R10      231741.192   842 465166.385   465675.389   470384.713
 34  JC+R9         231750.862   839 465179.724   465684.567   470379.459
 43  JC+I+R9       231742.507   840 465165.013   465671.240   470370.946
 56  F81+R9        231749.900   839 465177.799   465682.641   470377.534
 65  F81+I+R9      231742.181   840 465164.362   465670.589   470370.295
 78  F81+F+R9      232106.329   842 465896.658   466405.662   471114.985
 87  F81+F+I+R9    232096.972   843 465879.944   466390.340   471104.469
100  K2P+R9        223691.195   840 449062.391   449568.618   454268.323
109  K2P+I+R9      223684.296   841 449050.591   449558.205   454262.721
122  K2P+R9        223691.195   840 449062.391   449568.618   454268.323
131  K2P+I+R9      223684.296   841 449050.591   449558.205   454262.721
144  HKY+R9        223691.135   840 449062.270   449568.497   454268.203
153  HKY+I+R9      223684.245   841 449050.490   449558.104   454262.620
166  HKY+F+R9      224146.665   843 449979.330   450489.726   455203.855
175  HKY+F+I+R9    224139.637   844 449967.274   450479.065   455197.997
188  TNe+R9        223593.484   841 448868.969   449376.583   454081.099
197  TNe+I+R9      223582.554   842 448849.109   449358.113   454067.436
210  TNe+R9        223593.484   841 448868.969   449376.583   454081.099
219  TNe+I+R9      223582.554   842 448849.109   449358.113   454067.436
232  TN+R9         223593.472   841 448868.944   449376.559   454081.074
241  TN+I+R9       223582.525   842 448849.050   449358.054   454067.378
254  TN+F+R9       223522.621   844 448733.241   449245.032   453963.964
263  TN+F+I+R9     223510.983   845 448711.966   449225.153   453948.886
276  K3P+R9        223691.090   841 449064.179   449571.794   454276.309
285  K3P+I+R9      223684.116   842 449052.232   449561.236   454270.559
298  K3P+R9        223691.090   841 449064.179   449571.794   454276.309
307  K3P+I+R9      223684.116   842 449052.232   449561.236   454270.559
320  K3Pu+R9       223691.079   841 449064.157   449571.772   454276.287
329  K3Pu+I+R9     223684.042   842 449052.083   449561.087   454270.411
342  K3Pu+F+R9     224145.694   844 449979.387   450491.178   455210.110
351  K3Pu+F+I+R9   224139.914   845 449969.828   450483.015   455206.748
364  TPM2+R9       223647.351   841 448976.701   449484.315   454188.831
373  TPM2+I+R9     223639.967   842 448963.934   449472.938   454182.261
386  TPM2+R9       223647.351   841 448976.701   449484.315   454188.831
395  TPM2+I+R9     223639.967   842 448963.934   449472.938   454182.261
408  TPM2u+R9      223647.350   841 448976.699   449484.313   454188.829
417  TPM2u+I+R9    223639.889   842 448963.778   449472.782   454182.106
430  TPM2u+F+R9    224103.030   844 449894.059   450405.850   455124.782
439  TPM2u+F+I+R9  224097.132   845 449884.264   450397.451   455121.184
452  TPM3+R9       223642.026   841 448966.052   449473.666   454178.182
461  TPM3+I+R9     223634.636   842 448953.271   449462.275   454171.599
474  TPM3+R9       223642.026   841 448966.052   449473.666   454178.182
483  TPM3+I+R9     223634.636   842 448953.271   449462.275   454171.599
496  TPM3u+R9      223642.021   841 448966.042   449473.657   454178.172
505  TPM3u+I+R9    223634.557   842 448953.113   449462.117   454171.441
518  TPM3u+F+R9    224136.911   844 449961.822   450473.612   455192.544
527  TPM3u+F+I+R9  224131.212   845 449952.425   450465.612   455189.345
540  TIMe+R9       223592.938   842 448869.876   449378.880   454088.204
549  TIMe+I+R9     223582.773   843 448851.545   449361.941   454076.070
562  TIMe+R9       223592.938   842 448869.876   449378.880   454088.204
571  TIMe+I+R9     223582.773   843 448851.545   449361.941   454076.070
584  TIM+R9        223592.925   842 448869.850   449378.854   454088.178
593  TIM+I+R9      223582.442   843 448850.884   449361.280   454075.409
606  TIM+F+R9      223522.415   845 448734.830   449248.018   453971.750
615  TIM+F+I+R9    223510.831   846 448713.663   449228.250   453956.781
628  TIM2e+R9      223549.853   842 448783.707   449292.711   454002.034
637  TIM2e+I+R9    223538.350   843 448762.699   449273.095   453987.225
650  TIM2e+R9      223549.853   842 448783.707   449292.711   454002.034
659  TIM2e+I+R9    223538.350   843 448762.699   449273.095   453987.225
672  TIM2+R9       223549.789   842 448783.578   449292.582   454001.905
681  TIM2+I+R9     223538.299   843 448762.598   449272.994   453987.123
694  TIM2+F+R9     223478.318   845 448646.635   449159.823   453883.556
703  TIM2+F+I+R9   223467.138   846 448626.275   449140.862   453869.393
716  TIM3e+R9      223544.030   842 448772.059   449281.063   453990.387
725  TIM3e+I+R9    223531.824   843 448749.647   449260.043   453974.173
738  TIM3e+R9      223544.030   842 448772.059   449281.063   453990.387
747  TIM3e+I+R9    223531.824   843 448749.647   449260.043   453974.173
760  TIM3+R9       223543.949   842 448771.898   449280.902   453990.226
769  TIM3+I+R9     223531.799   843 448749.598   449259.994   453974.123
782  TIM3+F+R9     223515.421   845 448720.841   449234.029   453957.762
791  TIM3+F+I+R9   223503.318   846 448698.636   449213.223   453941.754
804  TVMe+R9       223598.592   843 448883.184   449393.580   454107.709
813  TVMe+I+R9     223589.174   844 448866.347   449378.138   454097.070
826  TVMe+R9       223598.592   843 448883.184   449393.580   454107.709
835  TVMe+I+R9     223589.174   844 448866.347   449378.138   454097.070
848  TVM+R9        223598.525   843 448883.051   449393.447   454107.576
857  TVM+I+R9      223589.117   844 448866.234   449378.024   454096.957
870  TVM+F+R9      224093.914   846 449879.828   450394.415   455122.946
879  TVM+F+I+R9    224087.896   847 449869.792   450385.780   455119.107
892  SYM+R9        223499.747   844 448687.494   449199.284   453918.216
901  SYM+I+R9      223487.249   845 448664.499   449177.686   453901.419
914  SYM+R9        223499.747   844 448687.494   449199.284   453918.216
923  SYM+I+R9      223487.249   845 448664.499   449177.686   453901.419
936  GTR+R9        223499.731   844 448687.461   449199.252   453918.184
945  GTR+I+R9      223487.244   845 448664.488   449177.675   453901.408
958  GTR+F+R9      223470.881   847 448635.763   449151.751   453885.078
967  GTR+F+I+R9    223459.355   848 448614.709   449132.102   453870.222
Akaike Information Criterion:           GTR+F+I+R9
Corrected Akaike Information Criterion: GTR+F+I+R9
Bayesian Information Criterion:         TIM2+F+I+R9
Best-fit model: TIM2+F+I+R9 chosen according to BIC

All model information printed to training_data/dna_M5381_413_3632.phy/output_files/iqtree/inference/pars_7.model.gz
CPU time for ModelFinder: 23974.505 seconds (6h:39m:34s)
Wall-clock time for ModelFinder: 10425.368 seconds (2h:53m:45s)

NOTE: 419 MB RAM (0 GB) is required!
Estimate model parameters (epsilon = 0.010)
1. Initial log-likelihood: -223467.035
2. Current log-likelihood: -223466.680
3. Current log-likelihood: -223466.608
4. Current log-likelihood: -223466.545
5. Current log-likelihood: -223466.499
6. Current log-likelihood: -223466.447
7. Current log-likelihood: -223466.403
8. Current log-likelihood: -223466.391
9. Current log-likelihood: -223466.377
10. Current log-likelihood: -223466.346
Optimal log-likelihood: -223466.330
Rate parameters:  A-C: 1.19104  A-G: 2.97045  A-T: 1.19104  C-G: 1.00000  C-T: 5.50934  G-T: 1.00000
Base frequencies:  A: 0.277  C: 0.208  G: 0.279  T: 0.235
Proportion of invariable sites: 0.060
Site proportion and rates:  (0.350,0.101) (0.177,0.353) (0.129,0.763) (0.096,1.279) (0.072,2.018) (0.059,3.061) (0.035,4.883) (0.017,7.458) (0.004,13.769)
Parameters optimization took 10 rounds (77.653 sec)
Wrote distance file to... 
BEST SCORE FOUND : -223466.330
Total tree length: 21.600

Total number of iterations: 0
CPU time used for tree search: 0.000 sec (0h:0m:0s)
Wall-clock time used for tree search: 0.000 sec (0h:0m:0s)
Total CPU time used: 24150.991 sec (6h:42m:30s)
Total wall-clock time used: 10503.413 sec (2h:55m:3s)

Analysis results written to: 
  IQ-TREE report:                training_data/dna_M5381_413_3632.phy/output_files/iqtree/inference/pars_7.iqtree
  Maximum-likelihood tree:       training_data/dna_M5381_413_3632.phy/output_files/iqtree/inference/pars_7.treefile
  Screen log file:               training_data/dna_M5381_413_3632.phy/output_files/iqtree/inference/pars_7.log

Date and Time: Thu Sep 25 18:52:30 2025
ee/inference/pars_7.log

Date and Time: Thu Sep 25 18:52:30 2025
