IQ-TREE version 3.0.1 for Linux x86 64-bit built Sep 23 2025
Developed by Bui Quang Minh, Thomas Wong, Nhan Ly-Trong, Huaiyan Ren
Contributed by Lam-Tung Nguyen, Dominik Schrempf, Chris Bielow,
Olga Chernomor, Michael Woodhams, Diep Thi Hoang, Heiko Schmidt

Host:    cnode01.hpc.vast.vn (AVX512, FMA3, 125 GB RAM)
Command: /datausers/ioit/thaontp/tranthanhvan235/iqtree3/build/iqtree3 -s /datausers/ioit/thaontp/tranthanhvan235/data_treebase/remainMSAs/prot_M8630_50_21154.phy -pre training_data/prot_M8630_50_21154.phy/output_files/iqtree/inference/pars_3 -seed 3 -ninit 1 -T 1 -redo -n 0 -nt AUTO
Seed:    3 (Using SPRNG - Scalable Parallel Random Number Generator)
Time:    Mon Oct  6 11:47:49 2025
Kernel:  AVX+FMA - auto-detect threads (56 CPU cores detected)

Reading alignment file /datausers/ioit/thaontp/tranthanhvan235/data_treebase/remainMSAs/prot_M8630_50_21154.phy ... Phylip format detected
Alignment most likely contains protein sequences
Constructing alignment: done in 0.0965912 secs using 398.3% CPU
Alignment has 50 sequences with 21154 columns, 15022 distinct patterns
12715 parsimony-informative, 3271 singleton sites, 5168 constant sites
                              Gap/Ambiguity  Composition  p-value
Analyzing sequences: done in 0.0514149 secs using 2629% CPU
   1  Arsenophonus_nasoniae           0.87%    passed      9.57%
   2  Baumannia_cicadellinicola       0.08%    failed      0.00%
   3  Blochmannia_floridanus          0.31%    failed      0.00%
   4  Blochmannia_pennsylvanicus      0.10%    failed      0.00%
   5  Buchnera_aphidicola_str._APS    0.25%    failed      0.00%
   6  Buchnera_aphidicola_str._Bp     0.17%    failed      0.00%
   7  Buchnera_aphidicola_str._Cc     1.24%    failed      0.00%
   8  Buchnera_aphidicola_str._Sg     0.31%    failed      0.00%
   9  Citrobacter_koseri              0.23%    failed      0.00%
  10  Citrobacter_rodentium           0.00%    failed      0.00%
  11  Cronobacter_sakazakii           1.04%    failed      0.00%
  12  Cronobacter_turicensis          0.00%    failed      0.00%
  13  Dickeya_dadantii_Ech586         0.00%    failed      0.00%
  14  Dickeya_dadantii_Ech703         0.01%    failed      0.00%
  15  Dickeya_zeae                    0.12%    failed      0.00%
  16  Edwardsiella_ictaluri           0.28%    failed      0.00%
  17  Edwardsiella_tarda              0.54%    failed      0.00%
  18  Enterobacter_cloacae            0.38%    failed      0.00%
  19  Enterobacter_sp._638            0.00%    failed      0.00%
  20  Erwinia_amylovora_ATCC_49946    0.00%    failed      0.00%
  21  Erwinia_amylovora_CFBP1430      0.00%    failed      0.00%
  22  Erwinia_billingiae              0.00%    failed      0.00%
  23  Erwinia_pyrifoliae              0.00%    failed      0.00%
  24  Erwinia_tasmaniensis            0.00%    failed      0.00%
  25  Escherichia_coli                0.00%    failed      0.00%
  26  Haemophilus_influenzae          0.33%    failed      0.00%
  27  Hamiltonella_defensa            0.03%    failed      0.00%
  28  Ishikawaella_capsulata          0.28%    failed      0.00%
  29  Klebsiella_pneumoniae           0.00%    failed      0.00%
  30  Klebsiella_variicola            0.00%    failed      0.00%
  31  Pantoea_ananatis                0.00%    failed      0.00%
  32  Pasteurella_multocida           0.17%    failed      0.00%
  33  Pectobacterium_atrosepticum     0.01%    failed      0.00%
  34  Pectobacterium_carotovorum      0.01%    failed      0.00%
  35  Pectobacterium_wasabiae         0.01%    failed      0.00%
  36  Photorhabdus_asymbiotica        0.01%    failed      0.00%
  37  Photorhabdus_luminescens        0.00%    failed      0.00%
  38  Proteus_mirabilis               0.01%    failed      0.00%
  39  Pseudomonas_aeruginosa          0.22%    failed      0.00%
  40  Regiella_insecticola            0.44%    failed      0.18%
  41  Riesia_pediculicola             1.63%    failed      0.00%
  42  Salmonella_enterica             0.02%    failed      0.00%
  43  Serratia_proteamaculans         0.00%    failed      0.00%
  44  Sodalis_glossinidius            0.00%    failed      0.00%
  45  Vibrio_cholerae                 0.11%    failed      0.00%
  46  Wigglesworthia_glossinidia      0.29%    failed      0.00%
  47  Xanthomonas_axonopodis          0.60%    failed      0.00%
  48  Xenorhabdus_bovienii            0.00%    failed      0.00%
  49  Xenorhabdus_nematophila         1.10%    failed      0.00%
  50  Yersinia_pestis                 0.00%    failed      0.00%
****  TOTAL                           0.22%  49 sequences failed composition chi2 test (p-value<5%; df=19)
Checking for duplicate sequences: done in 0.0568001 secs using 2389% CPU


Create initial parsimony tree by phylogenetic likelihood library (PLL)... 0.745 seconds
Measuring multi-threading efficiency up to 56 CPU cores
9 trees examined
Threads: 1 / Time: 59.095 sec / Speedup: 1.000 / Efficiency: 100% / LogL: -695017
Threads: 2 / Time: 31.130 sec / Speedup: 1.898 / Efficiency: 95% / LogL: -695017
Threads: 3 / Time: 21.984 sec / Speedup: 2.688 / Efficiency: 90% / LogL: -695017
Threads: 4 / Time: 15.575 sec / Speedup: 3.794 / Efficiency: 95% / LogL: -695017
Threads: 5 / Time: 12.804 sec / Speedup: 4.615 / Efficiency: 92% / LogL: -695017
Threads: 6 / Time: 11.481 sec / Speedup: 5.147 / Efficiency: 86% / LogL: -695017
Threads: 7 / Time: 12.926 sec / Speedup: 4.572 / Efficiency: 65% / LogL: -695017
Determining AUTO threadcount: done in 165.024 secs using 273.3% CPU
BEST NUMBER OF THREADS: 6

Perform fast likelihood tree search using LG+I+G model...
Estimate model parameters (epsilon = 5.000)
Perform nearest neighbor interchange...
Estimate model parameters (epsilon = 1.000)
1. Initial log-likelihood: -584581.054
2. Current log-likelihood: -584579.087
3. Current log-likelihood: -584577.793
Optimal log-likelihood: -584576.896
Proportion of invariable sites: 0.142
Gamma shape alpha: 0.710
Parameters optimization took 3 rounds (10.741 sec)
Time for fast ML tree search: 43.432 seconds

NOTE: ModelFinder requires 1162 MB RAM!
ModelFinder will test up to 1232 protein models (sample size: 21154 epsilon: 0.100) ...
 No. Model         -LnL         df  AIC          AICc         BIC
  1  LG            631743.691   97  1263681.382  1263682.285  1264453.462
  2  LG+I          611469.735   98  1223135.470  1223136.392  1223915.509
  3  LG+G4         585009.772   98  1170215.545  1170216.466  1170995.584
  4  LG+I+G4       584575.900   99  1169349.801  1169350.741  1170137.800
  5  LG+R2         592605.326   99  1185408.652  1185409.592  1186196.651
  6  LG+R3         585516.689   101 1171235.378  1171236.357  1172039.296
  7  LG+R4         583601.849   103 1167409.697  1167410.715  1168229.534
  8  LG+R5         583176.475   105 1166562.949  1166564.007  1167398.705
  9  LG+R6         583107.602   107 1166429.203  1166430.302  1167280.879
 10  LG+R7         583104.189   109 1166426.378  1166427.517  1167293.972
 14  LG+I+R2       588077.418   100 1176354.837  1176355.796  1177150.795
 15  LG+I+R3       584133.860   102 1168471.720  1168472.718  1169283.598
 16  LG+I+R4       583339.754   104 1166887.509  1166888.546  1167715.306
 17  LG+I+R5       583130.740   106 1166473.479  1166474.557  1167317.195
 18  LG+I+R6       583094.643   108 1166405.286  1166406.405  1167264.921
 19  LG+I+R7       583092.774   110 1166405.548  1166406.709  1167281.103
 40  LG+F+I+R6     584084.291   127 1168422.582  1168424.129  1169433.450
 62  WAG+I+R6      587576.189   108 1175368.378  1175369.497  1176228.013
 84  WAG+F+I+R6    586692.036   127 1173638.071  1173639.618  1174648.939
106  JTT+I+R6      587898.568   108 1176013.137  1176014.256  1176872.772
128  JTT+F+I+R6    587558.689   127 1175371.378  1175372.924  1176382.245
150  Q.PFAM+I+R6   584610.063   108 1169436.127  1169437.245  1170295.762
172  Q.PFAM+F+I+R6 584725.557   127 1169705.114  1169706.660  1170715.981
194  Q.BIRD+I+R6   597135.604   108 1194487.209  1194488.327  1195346.844
216  Q.BIRD+F+I+R6 596643.871   127 1193541.742  1193543.288  1194552.609
238  Q.MAMMAL+I+R6 594741.039   108 1189698.078  1189699.197  1190557.713
260  Q.MAMMAL+F+I+R6 593385.919   127 1187025.838  1187027.385  1188036.705
282  Q.INSECT+I+R6 581379.108   108 1162974.216  1162975.335  1163833.851
304  Q.INSECT+F+I+R6 585981.699   127 1172217.398  1172218.944  1173228.265
326  Q.PLANT+I+R6  584417.492   108 1169050.984  1169052.102  1169910.619
348  Q.PLANT+F+I+R6 585865.709   127 1171985.418  1171986.964  1172996.285
370  Q.YEAST+I+R6  580645.229   108 1161506.459  1161507.578  1162366.094
392  Q.YEAST+F+I+R6 585439.701   127 1171133.402  1171134.948  1172144.269
414  JTTDCMUT+I+R6 587832.085   108 1175880.170  1175881.288  1176739.805
436  JTTDCMUT+F+I+R6 587408.294   127 1175070.588  1175072.134  1176081.455
458  DCMUT+I+R6    593259.719   108 1186735.438  1186736.556  1187595.073
480  DCMUT+F+I+R6  591197.318   127 1182648.635  1182650.182  1183659.503
502  VT+I+R6       588866.423   108 1177948.846  1177949.964  1178808.481
524  VT+F+I+R6     589671.899   127 1179597.799  1179599.345  1180608.666
546  PMB+I+R6      595299.009   108 1190814.018  1190815.137  1191673.653
568  PMB+F+I+R6    594540.786   127 1189335.572  1189337.118  1190346.439
590  BLOSUM62+I+R6 593810.287   108 1187836.573  1187837.692  1188696.208
612  BLOSUM62+F+I+R6 594685.845   127 1189625.690  1189627.236  1190636.557
634  DAYHOFF+I+R6  593205.569   108 1186627.137  1186628.256  1187486.772
656  DAYHOFF+F+I+R6 591152.787   127 1182559.575  1182561.121  1183570.442
678  MTREV+I+R6    608169.882   108 1216555.763  1216556.882  1217415.398
700  MTREV+F+I+R6  587958.657   127 1176171.313  1176172.860  1177182.181
722  MTART+I+R6    611145.826   108 1222507.652  1222508.770  1223367.287
744  MTART+F+I+R6  592628.658   127 1185511.316  1185512.862  1186522.183
766  MTZOA+I+R6    602284.949   108 1204785.898  1204787.016  1205645.533
788  MTZOA+F+I+R6  587967.571   127 1176189.143  1176190.689  1177200.010
810  MTMET+I+R6    604712.274   108 1209640.548  1209641.667  1210500.183
832  MTMET+F+I+R6  590131.529   127 1180517.059  1180518.605  1181527.926
854  MTVER+I+R6    610641.804   108 1221499.608  1221500.726  1222359.243
876  MTVER+F+I+R6  595351.619   127 1190957.239  1190958.785  1191968.106
898  MTINV+I+R6    607198.699   108 1214613.398  1214614.517  1215473.033
920  MTINV+F+I+R6  587930.423   127 1176114.847  1176116.393  1177125.714
942  MTMAM+I+R6    616251.193   108 1232718.387  1232719.505  1233578.022
964  MTMAM+F+I+R6  597815.823   127 1195885.647  1195887.193  1196896.514
986  FLAVI+I+R6    608420.565   108 1217057.131  1217058.249  1217916.766
1008  FLAVI+F+I+R6  605555.055   127 1211364.111  1211365.657  1212374.978
1030  HIVB+I+R6     597520.150   108 1195256.299  1195257.418  1196115.934
1052  HIVB+F+I+R6   597076.276   127 1194406.553  1194408.099  1195417.420
1074  HIVW+I+R6     613715.353   108 1227646.706  1227647.825  1228506.341
1096  HIVW+F+I+R6   613091.276   127 1226436.553  1226438.099  1227447.420
1118  FLU+I+R6      592730.695   108 1185677.390  1185678.509  1186537.025
1140  FLU+F+I+R6    595162.997   127 1190579.994  1190581.540  1191590.861
1162  RTREV+I+R6    589617.556   108 1179451.112  1179452.230  1180310.747
1184  RTREV+F+I+R6  587469.511   127 1175193.023  1175194.569  1176203.890
1206  CPREV+I+R6    585528.074   108 1171272.148  1171273.266  1172131.783
1228  CPREV+F+I+R6  586210.404   127 1172674.809  1172676.355  1173685.676
Akaike Information Criterion:           Q.YEAST+I+R6
Corrected Akaike Information Criterion: Q.YEAST+I+R6
Bayesian Information Criterion:         Q.YEAST+I+R6
Best-fit model: Q.YEAST+I+R6 chosen according to BIC

All model information printed to training_data/prot_M8630_50_21154.phy/output_files/iqtree/inference/pars_3.model.gz
CPU time for ModelFinder: 82217.509 seconds (22h:50m:17s)
Wall-clock time for ModelFinder: 17042.688 seconds (4h:44m:2s)

NOTE: 697 MB RAM (0 GB) is required!
Estimate model parameters (epsilon = 0.010)
1. Initial log-likelihood: -581132.413
2. Current log-likelihood: -580642.720
3. Current log-likelihood: -580640.297
4. Current log-likelihood: -580639.981
5. Current log-likelihood: -580639.761
6. Current log-likelihood: -580639.662
7. Current log-likelihood: -580639.638
8. Current log-likelihood: -580639.618
9. Current log-likelihood: -580639.601
Optimal log-likelihood: -580639.597
Proportion of invariable sites: 0.153
Site proportion and rates:  (0.238,0.124) (0.237,0.459) (0.194,1.103) (0.113,2.313) (0.050,4.812) (0.015,9.963)
Parameters optimization took 9 rounds (288.836 sec)
Wrote distance file to... 
BEST SCORE FOUND : -580639.597
Total tree length: 9.336

Total number of iterations: 0
CPU time used for tree search: 0.000 sec (0h:0m:0s)
Wall-clock time used for tree search: 0.000 sec (0h:0m:0s)
Total CPU time used: 83284.426 sec (23h:8m:4s)
Total wall-clock time used: 17332.232 sec (4h:48m:52s)

Analysis results written to: 
  IQ-TREE report:                training_data/prot_M8630_50_21154.phy/output_files/iqtree/inference/pars_3.iqtree
  Maximum-likelihood tree:       training_data/prot_M8630_50_21154.phy/output_files/iqtree/inference/pars_3.treefile
  Screen log file:               training_data/prot_M8630_50_21154.phy/output_files/iqtree/inference/pars_3.log

Date and Time: Mon Oct  6 16:36:43 2025
ee/inference/pars_3.log

Date and Time: Mon Oct  6 16:36:43 2025
