IQ-TREE version 3.0.1 for Linux x86 64-bit built Sep 23 2025
Developed by Bui Quang Minh, Thomas Wong, Nhan Ly-Trong, Huaiyan Ren
Contributed by Lam-Tung Nguyen, Dominik Schrempf, Chris Bielow,
Olga Chernomor, Michael Woodhams, Diep Thi Hoang, Heiko Schmidt

Host:    cnode01.hpc.vast.vn (AVX512, FMA3, 125 GB RAM)
Command: /datausers/ioit/thaontp/tranthanhvan235/iqtree3/build/iqtree3 -s /datausers/ioit/thaontp/tranthanhvan235/data_treebase/remainMSAs/prot_M8630_50_21154.phy -pre training_data/prot_M8630_50_21154.phy/output_files/iqtree/inference/pars_2 -seed 2 -ninit 1 -T 1 -redo -n 0 -nt AUTO
Seed:    2 (Using SPRNG - Scalable Parallel Random Number Generator)
Time:    Mon Oct  6 16:57:31 2025
Kernel:  AVX+FMA - auto-detect threads (56 CPU cores detected)

Reading alignment file /datausers/ioit/thaontp/tranthanhvan235/data_treebase/remainMSAs/prot_M8630_50_21154.phy ... Phylip format detected
Alignment most likely contains protein sequences
Constructing alignment: done in 0.0936698 secs using 607.2% CPU
Alignment has 50 sequences with 21154 columns, 15022 distinct patterns
12715 parsimony-informative, 3271 singleton sites, 5168 constant sites
                              Gap/Ambiguity  Composition  p-value
Analyzing sequences: done in 0.0816261 secs using 1794% CPU
   1  Arsenophonus_nasoniae           0.87%    passed      9.57%
   2  Baumannia_cicadellinicola       0.08%    failed      0.00%
   3  Blochmannia_floridanus          0.31%    failed      0.00%
   4  Blochmannia_pennsylvanicus      0.10%    failed      0.00%
   5  Buchnera_aphidicola_str._APS    0.25%    failed      0.00%
   6  Buchnera_aphidicola_str._Bp     0.17%    failed      0.00%
   7  Buchnera_aphidicola_str._Cc     1.24%    failed      0.00%
   8  Buchnera_aphidicola_str._Sg     0.31%    failed      0.00%
   9  Citrobacter_koseri              0.23%    failed      0.00%
  10  Citrobacter_rodentium           0.00%    failed      0.00%
  11  Cronobacter_sakazakii           1.04%    failed      0.00%
  12  Cronobacter_turicensis          0.00%    failed      0.00%
  13  Dickeya_dadantii_Ech586         0.00%    failed      0.00%
  14  Dickeya_dadantii_Ech703         0.01%    failed      0.00%
  15  Dickeya_zeae                    0.12%    failed      0.00%
  16  Edwardsiella_ictaluri           0.28%    failed      0.00%
  17  Edwardsiella_tarda              0.54%    failed      0.00%
  18  Enterobacter_cloacae            0.38%    failed      0.00%
  19  Enterobacter_sp._638            0.00%    failed      0.00%
  20  Erwinia_amylovora_ATCC_49946    0.00%    failed      0.00%
  21  Erwinia_amylovora_CFBP1430      0.00%    failed      0.00%
  22  Erwinia_billingiae              0.00%    failed      0.00%
  23  Erwinia_pyrifoliae              0.00%    failed      0.00%
  24  Erwinia_tasmaniensis            0.00%    failed      0.00%
  25  Escherichia_coli                0.00%    failed      0.00%
  26  Haemophilus_influenzae          0.33%    failed      0.00%
  27  Hamiltonella_defensa            0.03%    failed      0.00%
  28  Ishikawaella_capsulata          0.28%    failed      0.00%
  29  Klebsiella_pneumoniae           0.00%    failed      0.00%
  30  Klebsiella_variicola            0.00%    failed      0.00%
  31  Pantoea_ananatis                0.00%    failed      0.00%
  32  Pasteurella_multocida           0.17%    failed      0.00%
  33  Pectobacterium_atrosepticum     0.01%    failed      0.00%
  34  Pectobacterium_carotovorum      0.01%    failed      0.00%
  35  Pectobacterium_wasabiae         0.01%    failed      0.00%
  36  Photorhabdus_asymbiotica        0.01%    failed      0.00%
  37  Photorhabdus_luminescens        0.00%    failed      0.00%
  38  Proteus_mirabilis               0.01%    failed      0.00%
  39  Pseudomonas_aeruginosa          0.22%    failed      0.00%
  40  Regiella_insecticola            0.44%    failed      0.18%
  41  Riesia_pediculicola             1.63%    failed      0.00%
  42  Salmonella_enterica             0.02%    failed      0.00%
  43  Serratia_proteamaculans         0.00%    failed      0.00%
  44  Sodalis_glossinidius            0.00%    failed      0.00%
  45  Vibrio_cholerae                 0.11%    failed      0.00%
  46  Wigglesworthia_glossinidia      0.29%    failed      0.00%
  47  Xanthomonas_axonopodis          0.60%    failed      0.00%
  48  Xenorhabdus_bovienii            0.00%    failed      0.00%
  49  Xenorhabdus_nematophila         1.10%    failed      0.00%
  50  Yersinia_pestis                 0.00%    failed      0.00%
****  TOTAL                           0.22%  49 sequences failed composition chi2 test (p-value<5%; df=19)
Checking for duplicate sequences: done in 0.0847672 secs using 1985% CPU


Create initial parsimony tree by phylogenetic likelihood library (PLL)... 0.944 seconds
Measuring multi-threading efficiency up to 56 CPU cores
8 trees examined
Threads: 1 / Time: 60.777 sec / Speedup: 1.000 / Efficiency: 100% / LogL: -707440
Threads: 2 / Time: 33.116 sec / Speedup: 1.835 / Efficiency: 92% / LogL: -707440
Threads: 3 / Time: 31.380 sec / Speedup: 1.937 / Efficiency: 65% / LogL: -707440
Threads: 4 / Time: 27.606 sec / Speedup: 2.202 / Efficiency: 55% / LogL: -707440
Threads: 5 / Time: 34.236 sec / Speedup: 1.775 / Efficiency: 36% / LogL: -707440
Determining AUTO threadcount: done in 187.133 secs using 196.8% CPU
BEST NUMBER OF THREADS: 4

Perform fast likelihood tree search using LG+I+G model...
Estimate model parameters (epsilon = 5.000)
Perform nearest neighbor interchange...
Estimate model parameters (epsilon = 1.000)
1. Initial log-likelihood: -584201.463
2. Current log-likelihood: -584199.433
3. Current log-likelihood: -584198.179
Optimal log-likelihood: -584197.447
Proportion of invariable sites: 0.143
Gamma shape alpha: 0.711
Parameters optimization took 3 rounds (20.948 sec)
Time for fast ML tree search: 123.498 seconds

NOTE: ModelFinder requires 1162 MB RAM!
ModelFinder will test up to 1232 protein models (sample size: 21154 epsilon: 0.100) ...
 No. Model         -LnL         df  AIC          AICc         BIC
  1  LG            631357.445   97  1262908.890  1262909.793  1263680.970
  2  LG+I          611084.265   98  1222364.530  1222365.452  1223144.570
  3  LG+G4         584628.675   98  1169453.351  1169454.273  1170233.390
  4  LG+I+G4       584196.589   99  1168591.179  1168592.119  1169379.178
  5  LG+R2         592270.298   99  1184738.596  1184739.537  1185526.595
  6  LG+R3         585121.185   101 1170444.370  1170445.348  1171248.288
  7  LG+R4         583233.336   103 1166672.673  1166673.690  1167492.510
  8  LG+R5         582809.137   105 1165828.274  1165829.331  1166664.030
  9  LG+R6         582730.345   107 1165674.691  1165675.789  1166526.366
 10  LG+R7         582727.592   109 1165673.185  1165674.324  1166540.779
 14  LG+I+R2       587719.571   100 1175639.143  1175640.102  1176435.101
 15  LG+I+R3       583763.601   102 1167731.203  1167732.201  1168543.080
 16  LG+I+R4       582975.000   104 1166158.000  1166159.038  1166985.797
 17  LG+I+R5       582754.962   106 1165721.924  1165723.002  1166565.640
 18  LG+I+R6       582724.901   108 1165665.801  1165666.920  1166525.436
 19  LG+I+R7       582722.218   110 1165664.436  1165665.597  1166539.991
 31  LG+F+R6       583709.862   126 1167671.724  1167673.246  1168674.632
 40  LG+F+I+R6     583704.668   127 1167663.337  1167664.883  1168674.204
 53  WAG+R6        587334.142   107 1174882.283  1174883.382  1175733.959
 62  WAG+I+R6      587326.392   108 1174868.783  1174869.902  1175728.418
 75  WAG+F+R6      586330.286   126 1172912.571  1172914.093  1173915.479
 84  WAG+F+I+R6    586327.041   127 1172908.082  1172909.629  1173918.950
 97  JTT+R6        587472.080   107 1175158.161  1175159.259  1176009.836
106  JTT+I+R6      587459.501   108 1175135.002  1175136.121  1175994.637
119  JTT+F+R6      587074.935   126 1174401.870  1174403.392  1175404.778
128  JTT+F+I+R6    587066.866   127 1174387.733  1174389.279  1175398.600
141  Q.PFAM+R6     584274.701   107 1168763.402  1168764.500  1169615.078
150  Q.PFAM+I+R6   584276.045   108 1168768.090  1168769.209  1169627.725
163  Q.PFAM+F+R6   584340.472   126 1168932.944  1168934.466  1169935.852
172  Q.PFAM+F+I+R6 584343.998   127 1168941.997  1168943.543  1169952.864
185  Q.BIRD+R6     596551.931   107 1193317.862  1193318.960  1194169.537
194  Q.BIRD+I+R6   596535.495   108 1193286.990  1193288.108  1194146.625
207  Q.BIRD+F+R6   596004.926   126 1192261.851  1192263.373  1193264.759
216  Q.BIRD+F+I+R6 595998.959   127 1192251.918  1192253.465  1193262.786
229  Q.MAMMAL+R6   594229.836   107 1188673.672  1188674.770  1189525.347
238  Q.MAMMAL+I+R6 594224.571   108 1188665.142  1188666.261  1189524.777
251  Q.MAMMAL+F+R6 592786.292   126 1185824.585  1185826.107  1186827.492
260  Q.MAMMAL+F+I+R6 592789.003   127 1185832.006  1185833.553  1186842.874
273  Q.INSECT+R6   580885.673   107 1161985.346  1161986.444  1162837.022
282  Q.INSECT+I+R6 580883.495   108 1161982.990  1161984.109  1162842.626
295  Q.INSECT+F+R6 585561.041   126 1171374.082  1171375.605  1172376.990
304  Q.INSECT+F+I+R6 585557.479   127 1171368.958  1171370.505  1172379.826
317  Q.PLANT+R6    583952.235   107 1168118.471  1168119.569  1168970.146
326  Q.PLANT+I+R6  583946.272   108 1168108.544  1168109.662  1168968.179
339  Q.PLANT+F+R6  585380.187   126 1171012.374  1171013.896  1172015.282
348  Q.PLANT+F+I+R6 585375.101   127 1171004.202  1171005.748  1172015.069
361  Q.YEAST+R6    580128.996   107 1160471.991  1160473.089  1161323.667
370  Q.YEAST+I+R6  580127.836   108 1160471.672  1160472.790  1161331.307
383  Q.YEAST+F+R6  585033.925   126 1170319.850  1170321.372  1171322.758
392  Q.YEAST+F+I+R6 585032.292   127 1170318.585  1170320.131  1171329.452
405  JTTDCMUT+R6   587413.309   107 1175040.618  1175041.716  1175892.293
414  JTTDCMUT+I+R6 587402.305   108 1175020.609  1175021.728  1175880.245
427  JTTDCMUT+F+R6 586925.516   126 1174103.031  1174104.553  1175105.939
436  JTTDCMUT+F+I+R6 586918.730   127 1174091.460  1174093.006  1175102.327
449  DCMUT+R6      592993.134   107 1186200.267  1186201.366  1187051.943
458  DCMUT+I+R6    592977.352   108 1186170.705  1186171.824  1187030.340
471  DCMUT+F+R6    590791.445   126 1181834.890  1181836.412  1182837.797
480  DCMUT+F+I+R6  590782.508   127 1181819.016  1181820.562  1182829.883
493  VT+R6         588523.339   107 1177260.678  1177261.776  1178112.354
502  VT+I+R6       588520.683   108 1177257.365  1177258.484  1178117.000
515  VT+F+R6       589304.204   126 1178860.407  1178861.929  1179863.315
524  VT+F+I+R6     589302.434   127 1178858.869  1178860.415  1179869.736
537  PMB+R6        595072.276   107 1190358.553  1190359.651  1191210.228
546  PMB+I+R6      595071.292   108 1190358.584  1190359.702  1191218.219
559  PMB+F+R6      594245.304   126 1188742.607  1188744.129  1189745.515
568  PMB+F+I+R6    594243.646   127 1188741.291  1188742.837  1189752.158
581  BLOSUM62+R6   593511.810   107 1187237.620  1187238.718  1188089.296
590  BLOSUM62+I+R6 593510.411   108 1187236.822  1187237.940  1188096.457
603  BLOSUM62+F+R6 594370.119   126 1188992.237  1188993.759  1189995.145
612  BLOSUM62+F+I+R6 594368.106   127 1188990.212  1188991.758  1190001.079
625  DAYHOFF+R6    592937.624   107 1186089.248  1186090.347  1186940.924
634  DAYHOFF+I+R6  592922.980   108 1186061.960  1186063.078  1186921.595
647  DAYHOFF+F+R6  590746.229   126 1181744.457  1181745.979  1182747.365
656  DAYHOFF+F+I+R6 590737.832   127 1181729.665  1181731.211  1182740.532
669  MTREV+R6      608015.395   107 1216244.790  1216245.888  1217096.465
678  MTREV+I+R6    608008.802   108 1216233.605  1216234.723  1217093.240
691  MTREV+F+R6    587640.023   126 1175532.047  1175533.569  1176534.955
700  MTREV+F+I+R6  587633.777   127 1175521.554  1175523.100  1176532.421
713  MTART+R6      611103.680   107 1222421.360  1222422.458  1223273.036
722  MTART+I+R6    611086.128   108 1222388.256  1222389.375  1223247.891
735  MTART+F+R6    592450.082   126 1185152.164  1185153.686  1186155.072
744  MTART+F+I+R6  592441.295   127 1185136.590  1185138.137  1186147.458
757  MTZOA+R6      602242.538   107 1204699.075  1204700.173  1205550.751
766  MTZOA+I+R6    602216.969   108 1204649.939  1204651.058  1205509.574
779  MTZOA+F+R6    587672.570   126 1175597.141  1175598.663  1176600.048
788  MTZOA+F+I+R6  587644.911   127 1175543.822  1175545.368  1176554.689
801  MTMET+R6      604211.413   107 1208636.827  1208637.925  1209488.502
810  MTMET+I+R6    604191.163   108 1208598.325  1208599.444  1209457.961
823  MTMET+F+R6    589674.827   126 1179601.653  1179603.175  1180604.561
832  MTMET+F+I+R6  589653.224   127 1179560.448  1179561.995  1180571.316
845  MTVER+R6      610232.942   107 1220679.883  1220680.981  1221531.559
854  MTVER+I+R6    610194.297   108 1220604.594  1220605.713  1221464.230
867  MTVER+F+R6    594784.356   126 1189820.712  1189822.234  1190823.619
876  MTVER+F+I+R6  594745.808   127 1189745.616  1189747.162  1190756.483
889  MTINV+R6      606716.302   107 1213646.603  1213647.701  1214498.279
898  MTINV+I+R6    606703.510   108 1213623.021  1213624.140  1214482.656
911  MTINV+F+R6    587582.297   126 1175416.595  1175418.117  1176419.503
920  MTINV+F+I+R6  587565.605   127 1175385.210  1175386.756  1176396.077
933  MTMAM+R6      616084.589   107 1232383.177  1232384.276  1233234.853
942  MTMAM+I+R6    615987.826   108 1232191.652  1232192.771  1233051.287
955  MTMAM+F+R6    597426.329   126 1195104.657  1195106.179  1196107.565
964  MTMAM+F+I+R6  597372.384   127 1194998.767  1195000.314  1196009.635
977  FLAVI+R6      607911.701   107 1216037.401  1216038.499  1216889.077
986  FLAVI+I+R6    607837.761   108 1215891.523  1215892.642  1216751.158
999  FLAVI+F+R6    604997.085   126 1210246.170  1210247.692  1211249.077
1008  FLAVI+F+I+R6  604904.171   127 1210062.343  1210063.889  1211073.210
1021  HIVB+R6       597009.024   107 1194232.048  1194233.146  1195083.723
1030  HIVB+I+R6     596943.040   108 1194102.081  1194103.200  1194961.716
1043  HIVB+F+R6     596616.006   126 1193484.013  1193485.535  1194486.920
1052  HIVB+F+I+R6   596546.969   127 1193347.938  1193349.485  1194358.806
1065  HIVW+R6       612938.436   107 1226090.872  1226091.971  1226942.548
1074  HIVW+I+R6     612850.889   108 1225917.779  1225918.898  1226777.414
1087  HIVW+F+R6     612582.332   126 1225416.664  1225418.186  1226419.571
1096  HIVW+F+I+R6   612495.413   127 1225244.826  1225246.373  1226255.694
1109  FLU+R6        592114.048   107 1184442.095  1184443.194  1185293.771
1118  FLU+I+R6      592087.696   108 1184391.391  1184392.510  1185251.026
1131  FLU+F+R6      594645.437   126 1189542.874  1189544.396  1190545.782
1140  FLU+F+I+R6    594615.181   127 1189484.361  1189485.907  1190495.228
1153  RTREV+R6      589266.364   107 1178746.727  1178747.825  1179598.403
1162  RTREV+I+R6    589255.469   108 1178726.939  1178728.057  1179586.574
1175  RTREV+F+R6    587150.034   126 1174552.068  1174553.590  1175554.976
1184  RTREV+F+I+R6  587143.068   127 1174540.136  1174541.682  1175551.003
1197  CPREV+R6      585169.303   107 1170552.606  1170553.704  1171404.281
1206  CPREV+I+R6    585159.800   108 1170535.600  1170536.719  1171395.235
1219  CPREV+F+R6    585862.874   126 1171977.747  1171979.269  1172980.655
1228  CPREV+F+I+R6  585852.313   127 1171958.627  1171960.173  1172969.494
Akaike Information Criterion:           Q.YEAST+I+R6
Corrected Akaike Information Criterion: Q.YEAST+I+R6
Bayesian Information Criterion:         Q.YEAST+R6
Best-fit model: Q.YEAST+R6 chosen according to BIC

All model information printed to training_data/prot_M8630_50_21154.phy/output_files/iqtree/inference/pars_2.model.gz
CPU time for ModelFinder: 127272.634 seconds (35h:21m:12s)
Wall-clock time for ModelFinder: 44412.729 seconds (12h:20m:12s)

NOTE: 697 MB RAM (0 GB) is required!
Estimate model parameters (epsilon = 0.010)
1. Initial log-likelihood: -580614.793
2. Current log-likelihood: -580128.331
3. Current log-likelihood: -580126.817
4. Current log-likelihood: -580126.686
5. Current log-likelihood: -580126.594
6. Current log-likelihood: -580126.512
7. Current log-likelihood: -580126.441
8. Current log-likelihood: -580126.380
9. Current log-likelihood: -580126.315
10. Current log-likelihood: -580126.288
11. Current log-likelihood: -580126.248
12. Current log-likelihood: -580126.212
13. Current log-likelihood: -580126.174
14. Current log-likelihood: -580126.141
15. Current log-likelihood: -580126.114
16. Current log-likelihood: -580126.103
17. Current log-likelihood: -580126.093
Optimal log-likelihood: -580126.075
Site proportion and rates:  (0.293,0.033) (0.272,0.321) (0.225,0.916) (0.132,2.032) (0.061,4.344) (0.017,9.623)
Parameters optimization took 17 rounds (396.052 sec)
Wrote distance file to... 
BEST SCORE FOUND : -580126.075
Total tree length: 9.307

Total number of iterations: 0
CPU time used for tree search: 0.000 sec (0h:0m:0s)
Wall-clock time used for tree search: 0.000 sec (0h:0m:0s)
Total CPU time used: 128497.799 sec (35h:41m:37s)
Total wall-clock time used: 44809.449 sec (12h:26m:49s)

Analysis results written to: 
  IQ-TREE report:                training_data/prot_M8630_50_21154.phy/output_files/iqtree/inference/pars_2.iqtree
  Maximum-likelihood tree:       training_data/prot_M8630_50_21154.phy/output_files/iqtree/inference/pars_2.treefile
  Screen log file:               training_data/prot_M8630_50_21154.phy/output_files/iqtree/inference/pars_2.log

Date and Time: Tue Oct  7 05:24:22 2025
ee/inference/pars_2.log

Date and Time: Tue Oct  7 05:24:22 2025
