IQ-TREE version 3.0.1 for Linux x86 64-bit built Sep 23 2025
Developed by Bui Quang Minh, Thomas Wong, Nhan Ly-Trong, Huaiyan Ren
Contributed by Lam-Tung Nguyen, Dominik Schrempf, Chris Bielow,
Olga Chernomor, Michael Woodhams, Diep Thi Hoang, Heiko Schmidt

Host:    head01.hpc.vast.vn (AVX512, FMA3, 125 GB RAM)
Command: /datausers/ioit/thaontp/tranthanhvan235/iqtree3/build/iqtree3 -s /datausers/ioit/thaontp/tranthanhvan235/data_treebase/DIU_TRAINING_DATA/data2/prot_M3807_82_591.phy -pre training_data/prot_M3807_82_591.phy/output_files/iqtree/inference/pars_19 -seed 19 -ninit 1 -T 1 -redo -n 0 -nt AUTO
Seed:    19 (Using SPRNG - Scalable Parallel Random Number Generator)
Time:    Thu Sep 25 20:36:12 2025
Kernel:  AVX+FMA - auto-detect threads (56 CPU cores detected)

Reading alignment file /datausers/ioit/thaontp/tranthanhvan235/data_treebase/DIU_TRAINING_DATA/data2/prot_M3807_82_591.phy ... Phylip format detected
Alignment most likely contains protein sequences
Constructing alignment: done in 0.0195786 secs using 2561% CPU
Alignment has 82 sequences with 591 columns, 570 distinct patterns
448 parsimony-informative, 68 singleton sites, 75 constant sites
                                 Gap/Ambiguity  Composition  p-value
Analyzing sequences: done in 0.042209 secs using 2940% CPU
   1  Aeromonas_punctata_78             37.23%    passed     97.94%
   2  Alteromonas_sp_4                  24.53%    passed     73.81%
   3  Alteromonas_sp_67                 32.32%    passed     59.44%
   4  Anopheles_gambiae_33              44.33%    passed      9.54%
   5  Aphanocladium_album_61            44.16%    passed     86.07%
   6  Arabidopsis_thaliana_18           47.04%    passed     78.43%
   7  Arabidopsis_thaliana_19           46.87%    passed      8.84%
   8  Arthrobacter_sp_3                 26.57%    passed     59.25%
   9  Aspergillus_nidulans_26           45.52%    passed     29.86%
  10  Aspergillus_nidulans_54           44.50%    passed      7.48%
  11  Autographa_VIRUS_76               37.39%    passed     91.47%
  12  Bacillus_cereus_15                32.99%    passed     51.38%
  13  Bacillus_circulans_12             35.87%    passed     19.46%
  14  Bacillus_halodurans_13            36.21%    passed      5.18%
  15  Bacillus_thuringiensis_14         32.99%    passed     56.18%
  16  Betula_pendula_20                 70.56%    failed      0.27%
  17  Betula_pendula_21                 71.24%    failed      0.16%
  18  Bombyx_VIRUS_77                   37.39%    passed     86.02%
  19  Bos_taurus_36                     45.85%    failed      0.04%
  20  Bos_taurus_40                     45.01%    passed     92.04%
  21  Brugia_malayi_31                  44.84%    passed      7.22%
  22  Bufo_japonica_35                  45.18%    passed     97.63%
  23  Burkholderia_cepacea_82           37.23%    passed     67.55%
  24  Caenorhabditis_elegans_30         44.50%    passed     67.98%
  25  Candida_albicans_50               46.19%    passed      7.43%
  26  Cellulomonas_uda_44               42.81%    failed      0.90%
  27  Clostridium_paraputrificum_2      36.89%    passed     94.82%
  28  Clostridium_thermocellum_1        42.30%    passed     15.25%
  29  Coccidioides_posadasii_57         44.16%    passed     49.84%
  30  Colwellia_sp_66                   48.73%    passed     67.78%
  31  Doohwaniella_chitinasigens_42     35.19%    passed     96.67%
  32  Drosophila_melanogaster_34        43.82%    passed     10.73%
  33  Entamobaea_dispar_24              45.35%    passed     43.79%
  34  Entamobaea_histolytica_25         45.35%    passed     41.26%
  35  Entamoeba_invadens_23             45.18%    passed     60.83%
  36  Enterobacter_sp_83                37.23%    passed     70.05%
  37  Glossina_morsitans_32             46.53%    passed     86.64%
  38  Grifola_umbellata_52              45.01%    passed     69.39%
  39  Halobacterium_sp_9                42.30%    passed     20.91%
  40  Helicoverpa_VIRUS_73              37.39%    passed     93.34%
  41  Homo_sapiens_37                   45.85%    failed      0.04%
  42  Homo_sapiens_39                   45.01%    passed     78.80%
  43  Hypocrea_rufa_59                  44.33%    passed     11.27%
  44  Hypocrea_virens_55                43.99%    passed     82.55%
  45  Janthinobacterium_lividum_41      33.84%    passed     86.08%
  46  Kluyveromyces_lactis_28           54.82%    failed      0.04%
  47  Kurthia_zopfii_11                 35.87%    passed     16.50%
  48  Listonella_anguillarum_70         32.15%    passed     92.63%
  49  Metarhizium_flavoviride_62        44.16%    passed     48.57%
  50  Microbulbifer_degradans_45        43.32%    passed     58.29%
  51  Momordica_charantia_16            47.38%    passed     12.39%
  52  Mus_musculus_38                   45.01%    passed     94.55%
  53  Neurospora_crassa_27              45.18%    passed     52.71%
  54  Neurospora_crassa_56              43.99%    passed     18.42%
  55  Neurospora_crassa_58              44.16%    passed     34.16%
  56  Nicotiana_tabacum_17              46.36%    failed      1.74%
  57  Nostoc_punctiforme_22             38.58%    failed      2.39%
  58  Oceanobacillus_itheyensis_10      37.73%    failed      0.08%
  59  Orygia_VIRUS_75                   37.39%    passed     93.37%
  60  Pantoea_agglomerans_80            37.39%    passed     28.20%
  61  Pichia_etchellsii_29              49.41%    failed      0.00%
  62  Pseudoalteromonas_sp_65           32.32%    passed     77.70%
  63  Rhizopus_microsporus_53           43.32%    failed      0.03%
  64  Sagittula_stellata_68             50.25%    passed      5.52%
  65  Salmonella_enterica_64            38.75%    passed     79.16%
  66  Schewanella_baltica_79            53.64%    passed     25.02%
  67  Serratia_marcescens_81            37.56%    passed     52.41%
  68  Sodalis_glossinidius_63           37.06%    passed     83.37%
  69  Spodoptera_VIRUS_74               37.39%    passed     48.63%
  70  Stenotrophomonas_maltophilia_43   37.06%    passed     39.90%
  71  Streptomyces_coelicolor_46        42.81%    passed      8.47%
  72  Streptomyces_coelicolor_49        42.64%    passed     15.73%
  73  Streptomyces_coelicolor_6         26.40%    passed     31.24%
  74  Streptomyces_olivaceoviridis_7    26.40%    passed     20.16%
  75  Streptomyces_thermoviolaceus_47   43.32%    failed      0.30%
  76  Thermococcus_kodakaraensis_8      42.81%    passed     31.57%
  77  Trichoderma_harzianum_60          44.16%    passed     35.99%
  78  Ustilago_mayidis_51               44.67%    passed     95.83%
  79  Vibrio_cholerae_69                32.15%    passed     77.59%
  80  Vibrio_parahaemolyticus_5         25.21%    passed     45.45%
  81  Vibrio_parahaemolyticus_71        32.15%    passed     98.46%
  82  Vibrio_vulnificus_72              32.15%    passed     93.69%
WARNING: 5 sequences contain more than 50% gaps/ambiguity
****  TOTAL                             41.38%  12 sequences failed composition chi2 test (p-value<5%; df=19)
Checking for duplicate sequences: done in 0.0609032 secs using 2635% CPU


Create initial parsimony tree by phylogenetic likelihood library (PLL)... 0.034 seconds
Measuring multi-threading efficiency up to 56 CPU cores
Increase to 10 rounds for branch lengths
25 trees examined
Threads: 1 / Time: 57.258 sec / Speedup: 1.000 / Efficiency: 100% / LogL: -56983
Threads: 2 / Time: 37.686 sec / Speedup: 1.519 / Efficiency: 76% / LogL: -56983
Threads: 3 / Time: 29.454 sec / Speedup: 1.944 / Efficiency: 65% / LogL: -56983
Threads: 4 / Time: 21.083 sec / Speedup: 2.716 / Efficiency: 68% / LogL: -56983
Threads: 5 / Time: 19.964 sec / Speedup: 2.868 / Efficiency: 57% / LogL: -56983
Threads: 6 / Time: 20.290 sec / Speedup: 2.822 / Efficiency: 47% / LogL: -56983
Determining AUTO threadcount: done in 185.744 secs using 280.9% CPU
BEST NUMBER OF THREADS: 5

Perform fast likelihood tree search using LG+I+G model...
Estimate model parameters (epsilon = 5.000)
Perform nearest neighbor interchange...
Estimate model parameters (epsilon = 1.000)
1. Initial log-likelihood: -38818.850
Optimal log-likelihood: -38818.799
Proportion of invariable sites: 0.005
Gamma shape alpha: 1.723
Parameters optimization took 1 rounds (0.285 sec)
Time for fast ML tree search: 3.274 seconds

NOTE: ModelFinder requires 75 MB RAM!
ModelFinder will test up to 1232 protein models (sample size: 591 epsilon: 0.100) ...
 No. Model         -LnL         df  AIC          AICc         BIC
  1  LG            39763.441    161 79848.882    79970.477    80554.355
  2  LG+I          39719.352    162 79762.704    79886.097    80472.558
  3  LG+G4         38823.941    162 77971.883    78095.275    78681.737
  4  LG+I+G4       38818.801    163 77963.601    78088.810    78677.837
  5  LG+R2         39005.763    163 78337.527    78462.735    79051.763
  6  LG+R3         38821.838    165 77973.676    78102.570    78696.676
  7  LG+R4         38779.255    167 77892.510    78025.163    78624.273
  8  LG+R5         38769.147    169 77876.294    78012.779    78616.821
  9  LG+R6         38768.033    171 77878.066    78018.457    78627.356
 14  LG+I+R2       38990.298    164 78308.595    78435.638    79027.213
 15  LG+I+R3       38816.930    166 77965.861    78096.625    78693.242
 16  LG+I+R4       38778.464    168 77892.928    78027.487    78629.073
 17  LG+I+R5       38768.907    170 77877.814    78016.243    78622.723
 18  LG+I+R6       38767.898    172 77879.795    78022.168    78633.468
 29  LG+F+R4       38665.705    186 77703.410    77875.598    78518.428
 30  LG+F+R5       38656.538    188 77689.076    77865.852    78512.857
 39  LG+F+I+R5     38656.342    189 77690.684    77869.786    78518.847
 51  WAG+R4        38645.453    167 77624.906    77757.559    78356.669
 52  WAG+R5        38638.174    169 77614.347    77750.832    78354.874
 61  WAG+I+R5      38637.667    170 77615.333    77753.762    78360.242
 73  WAG+F+R4      38619.043    186 77610.086    77782.274    78425.104
 74  WAG+F+R5      38612.213    188 77600.426    77777.202    78424.208
 83  WAG+F+I+R5    38611.777    189 77601.553    77780.655    78429.716
 95  JTT+R4        39137.209    167 78608.418    78741.071    79340.182
 96  JTT+R5        39126.659    169 78591.318    78727.803    79331.845
105  JTT+I+R5      39125.628    170 78591.257    78729.685    79336.166
117  JTT+F+R4      39048.129    186 78468.257    78640.445    79283.275
118  JTT+F+R5      39039.981    188 78455.962    78632.738    79279.743
127  JTT+F+I+R5    39038.970    189 78455.940    78635.042    79284.103
139  Q.PFAM+R4     38710.319    167 77754.637    77887.290    78486.401
140  Q.PFAM+R5     38702.954    169 77743.907    77880.392    78484.434
149  Q.PFAM+I+R5   38703.107    170 77746.214    77884.643    78491.123
161  Q.PFAM+F+R4   38620.705    186 77613.409    77785.597    78428.427
162  Q.PFAM+F+R5   38613.770    188 77603.541    77780.317    78427.322
171  Q.PFAM+F+I+R5 38614.030    189 77606.060    77785.162    78434.223
183  Q.BIRD+R4     40350.948    167 81035.896    81168.548    81767.659
184  Q.BIRD+R5     40339.363    169 81016.726    81153.211    81757.253
193  Q.BIRD+I+R5   40338.071    170 81016.143    81154.571    81761.051
205  Q.BIRD+F+R4   40084.670    186 80541.340    80713.528    81356.358
206  Q.BIRD+F+R5   40074.395    188 80524.790    80701.566    81348.572
215  Q.BIRD+F+I+R5 40073.046    189 80524.092    80703.194    81352.255
227  Q.MAMMAL+R4   39999.467    167 80332.934    80465.586    81064.697
228  Q.MAMMAL+R5   39985.327    169 80308.654    80445.139    81049.181
237  Q.MAMMAL+I+R5 39984.884    170 80309.768    80448.197    81054.677
249  Q.MAMMAL+F+R4 39719.449    186 79810.899    79983.087    80625.917
250  Q.MAMMAL+F+R5 39709.257    188 79794.513    79971.289    80618.295
259  Q.MAMMAL+F+I+R5 39708.454    189 79794.907    79974.009    80623.070
271  Q.INSECT+R4   39087.896    167 78509.792    78642.444    79241.555
272  Q.INSECT+R5   39076.231    169 78490.462    78626.946    79230.989
281  Q.INSECT+I+R5 39075.690    170 78491.380    78629.809    79236.289
293  Q.INSECT+F+R4 38964.994    186 78301.988    78474.176    79117.006
294  Q.INSECT+F+R5 38954.301    188 78284.603    78461.379    79108.384
303  Q.INSECT+F+I+R5 38954.296    189 78286.592    78465.694    79114.755
315  Q.PLANT+R4    39535.255    167 79404.510    79537.163    80136.273
316  Q.PLANT+R5    39522.338    169 79382.676    79519.161    80123.203
325  Q.PLANT+I+R5  39522.111    170 79384.222    79522.650    80129.130
337  Q.PLANT+F+R4  39321.451    186 79014.902    79187.090    79829.919
338  Q.PLANT+F+R5  39310.979    188 78997.958    79174.734    79821.739
347  Q.PLANT+F+I+R5 39310.859    189 78999.718    79178.820    79827.881
359  Q.YEAST+R4    38967.725    167 78269.450    78402.103    79001.213
360  Q.YEAST+R5    38957.889    169 78253.778    78390.263    78994.305
369  Q.YEAST+I+R5  38957.666    170 78255.332    78393.761    79000.241
381  Q.YEAST+F+R4  38801.800    186 77975.600    78147.788    78790.618
382  Q.YEAST+F+R5  38792.012    188 77960.023    78136.800    78783.805
391  Q.YEAST+F+I+R5 38792.233    189 77962.466    78141.568    78790.629
403  JTTDCMUT+R4   39116.217    167 78566.433    78699.086    79298.197
404  JTTDCMUT+R5   39105.545    169 78549.089    78685.574    79289.616
413  JTTDCMUT+I+R5 39104.681    170 78549.362    78687.791    79294.271
425  JTTDCMUT+F+R4 39034.011    186 78440.022    78612.210    79255.040
426  JTTDCMUT+F+R5 39025.750    188 78427.501    78604.277    79251.282
435  JTTDCMUT+F+I+R5 39024.953    189 78427.907    78607.009    79256.070
447  DCMUT+R4      39168.387    167 78670.774    78803.426    79402.537
448  DCMUT+R5      39154.322    169 78646.645    78783.129    79387.172
457  DCMUT+I+R5    39153.061    170 78646.122    78784.551    79391.031
469  DCMUT+F+R4    39130.903    186 78633.807    78805.995    79448.825
470  DCMUT+F+R5    39119.374    188 78614.749    78791.525    79438.530
479  DCMUT+F+I+R5  39118.315    189 78614.631    78793.733    79442.794
491  VT+R4         38747.191    167 77828.382    77961.034    78560.145
492  VT+R5         38742.051    169 77822.102    77958.587    78562.629
501  VT+I+R5       38741.507    170 77823.014    77961.443    78567.923
513  VT+F+R4       38686.116    186 77744.233    77916.421    78559.251
514  VT+F+R5       38681.568    188 77739.136    77915.912    78562.918
523  VT+F+I+R5     38681.100    189 77740.200    77919.302    78568.363
535  PMB+R4        38933.390    167 78200.779    78333.432    78932.542
536  PMB+R5        38927.781    169 78193.561    78330.046    78934.088
545  PMB+I+R5      38928.127    170 78196.254    78334.683    78941.163
557  PMB+F+R4      38822.196    186 78016.392    78188.580    78831.410
558  PMB+F+R5      38817.832    188 78011.663    78188.440    78835.445
567  PMB+F+I+R5    38817.904    189 78013.808    78192.910    78841.971
579  BLOSUM62+R4   38897.228    167 78128.455    78261.108    78860.219
580  BLOSUM62+R5   38891.093    169 78120.186    78256.671    78860.713
589  BLOSUM62+I+R5 38891.721    170 78123.442    78261.870    78868.350
601  BLOSUM62+F+R4 38772.785    186 77917.570    78089.758    78732.588
602  BLOSUM62+F+R5 38767.844    188 77911.687    78088.463    78735.468
611  BLOSUM62+F+I+R5 38768.265    189 77914.531    78093.633    78742.694
623  DAYHOFF+R4    39171.053    167 78676.106    78808.759    79407.870
624  DAYHOFF+R5    39156.208    169 78650.415    78786.900    79390.942
633  DAYHOFF+I+R5  39155.076    170 78650.152    78788.581    79395.061
645  DAYHOFF+F+R4  39133.364    186 78638.727    78810.915    79453.745
646  DAYHOFF+F+R5  39120.993    188 78617.985    78794.761    79441.767
655  DAYHOFF+F+I+R5 39120.107    189 78618.213    78797.316    79446.377
667  MTREV+R4      41167.679    167 82669.357    82802.010    83401.120
668  MTREV+R5      41148.520    169 82635.041    82771.525    83375.568
677  MTREV+I+R5    41150.075    170 82640.151    82778.579    83385.059
689  MTREV+F+R4    39771.856    186 79915.713    80087.901    80730.731
690  MTREV+F+R5    39760.291    188 79896.582    80073.358    80720.363
699  MTREV+F+I+R5  39760.120    189 79898.241    80077.343    80726.404
711  MTART+R4      41837.525    167 84009.051    84141.703    84740.814
712  MTART+R5      41816.018    169 83970.037    84106.521    84710.563
721  MTART+I+R5    41816.201    170 83972.402    84110.830    84717.310
733  MTART+F+R4    40363.442    186 81098.884    81271.072    81913.902
734  MTART+F+R5    40344.467    188 81064.933    81241.710    81888.715
743  MTART+F+I+R5  40344.186    189 81066.372    81245.475    81894.536
755  MTZOA+R4      40855.465    167 82044.929    82177.582    82776.693
756  MTZOA+R5      40841.091    169 82020.182    82156.667    82760.709
765  MTZOA+I+R5    40841.366    170 82022.731    82161.160    82767.640
777  MTZOA+F+R4    39765.452    186 79902.903    80075.092    80717.921
778  MTZOA+F+R5    39748.428    188 79872.857    80049.633    80696.638
787  MTZOA+F+I+R5  39747.937    189 79873.873    80052.976    80702.037
799  MTMET+R4      41311.542    167 82957.084    83089.737    83688.847
800  MTMET+R5      41291.042    169 82920.085    83056.569    83660.611
809  MTMET+I+R5    41291.234    170 82922.468    83060.896    83667.376
821  MTMET+F+R4    39916.572    186 80205.145    80377.333    81020.163
822  MTMET+F+R5    39901.446    188 80178.891    80355.667    81002.673
831  MTMET+F+I+R5  39900.905    189 80179.810    80358.912    81007.973
843  MTVER+R4      41686.421    167 83706.842    83839.495    84438.605
844  MTVER+R5      41657.990    169 83653.980    83790.464    84394.507
853  MTVER+I+R5    41657.716    170 83655.433    83793.861    84400.341
865  MTVER+F+R4    40522.902    186 81417.803    81589.991    82232.821
866  MTVER+F+R5    40502.420    188 81380.840    81557.616    82204.621
875  MTVER+F+I+R5  40500.502    189 81379.003    81558.105    82207.166
887  MTINV+R4      41418.631    167 83171.261    83303.914    83903.025
888  MTINV+R5      41403.785    169 83145.571    83282.055    83886.098
897  MTINV+I+R5    41403.946    170 83147.893    83286.321    83892.801
909  MTINV+F+R4    39546.586    186 79465.171    79637.360    80280.189
910  MTINV+F+R5    39534.320    188 79444.639    79621.416    80268.421
919  MTINV+F+I+R5  39534.102    189 79446.204    79625.306    80274.367
931  MTMAM+R4      42379.077    167 85092.153    85224.806    85823.917
932  MTMAM+R5      42344.632    169 85027.264    85163.748    85767.791
941  MTMAM+I+R5    42345.275    170 85030.549    85168.978    85775.458
953  MTMAM+F+R4    40902.445    186 82176.891    82349.079    82991.909
954  MTMAM+F+R5    40884.663    188 82145.325    82322.101    82969.107
963  MTMAM+F+I+R5  40884.057    189 82146.115    82325.217    82974.278
975  FLAVI+R4      41287.447    167 82908.893    83041.546    83640.656
976  FLAVI+R5      41266.724    169 82871.448    83007.932    83611.974
985  FLAVI+I+R5    41266.743    170 82873.487    83011.915    83618.395
997  FLAVI+F+R4    40924.411    186 82220.823    82393.011    83035.841
998  FLAVI+F+R5    40904.622    188 82185.244    82362.021    83009.026
1007  FLAVI+F+I+R5  40903.964    189 82185.928    82365.031    83014.092
1019  HIVB+R4       40258.856    167 80851.713    80984.365    81583.476
1020  HIVB+R5       40243.375    169 80824.751    80961.235    81565.278
1029  HIVB+I+R5     40243.375    170 80826.750    80965.178    81571.658
1041  HIVB+F+R4     40006.007    186 80384.013    80556.201    81199.031
1042  HIVB+F+R5     39993.262    188 80362.525    80539.301    81186.306
1051  HIVB+F+I+R5   39993.151    189 80364.301    80543.403    81192.464
1063  HIVW+R4       41915.037    167 84164.073    84296.726    84895.837
1064  HIVW+R5       41890.657    169 84119.314    84255.799    84859.841
1073  HIVW+I+R5     41889.955    170 84119.911    84258.339    84864.819
1085  HIVW+F+R4     41237.608    186 82847.216    83019.404    83662.233
1086  HIVW+F+R5     41224.098    188 82824.196    83000.972    83647.977
1095  HIVW+F+I+R5   41222.724    189 82823.447    83002.550    83651.611
1107  FLU+R4        39854.264    167 80042.528    80175.181    80774.291
1108  FLU+R5        39836.031    169 80010.062    80146.547    80750.589
1117  FLU+I+R5      39834.961    170 80009.922    80148.351    80754.831
1129  FLU+F+R4      39608.495    186 79588.989    79761.177    80404.007
1130  FLU+F+R5      39591.746    188 79559.493    79736.269    80383.274
1139  FLU+F+I+R5    39590.438    189 79558.876    79737.978    80387.039
1151  RTREV+R4      39039.528    167 78413.056    78545.708    79144.819
1152  RTREV+R5      39031.410    169 78400.820    78537.305    79141.347
1161  RTREV+I+R5    39031.528    170 78403.055    78541.484    79147.964
1173  RTREV+F+R4    38789.898    186 77951.796    78123.985    78766.814
1174  RTREV+F+R5    38783.732    188 77943.465    78120.241    78767.246
1183  RTREV+F+I+R5  38783.776    189 77945.551    78124.653    78773.714
1195  CPREV+R4      39122.849    167 78579.698    78712.351    79311.462
1196  CPREV+R5      39113.457    169 78564.914    78701.398    79305.440
1205  CPREV+I+R5    39113.282    170 78566.565    78704.993    79311.473
1217  CPREV+F+R4    38974.655    186 78321.309    78493.497    79136.327
1218  CPREV+F+R5    38965.412    188 78306.824    78483.600    79130.606
1227  CPREV+F+I+R5  38964.972    189 78307.944    78487.046    79136.107
Akaike Information Criterion:           WAG+F+R5
Corrected Akaike Information Criterion: WAG+R5
Bayesian Information Criterion:         WAG+R5
Best-fit model: WAG+R5 chosen according to BIC

All model information printed to training_data/prot_M3807_82_591.phy/output_files/iqtree/inference/pars_19.model.gz
CPU time for ModelFinder: 4572.534 seconds (1h:16m:12s)
Wall-clock time for ModelFinder: 1011.503 seconds (0h:16m:51s)

NOTE: 37 MB RAM (0 GB) is required!
Estimate model parameters (epsilon = 0.010)
1. Initial log-likelihood: -38644.019
2. Current log-likelihood: -38637.473
3. Current log-likelihood: -38637.296
4. Current log-likelihood: -38637.256
5. Current log-likelihood: -38637.235
6. Current log-likelihood: -38637.222
Optimal log-likelihood: -38637.213
Site proportion and rates:  (0.067,0.102) (0.111,0.363) (0.370,0.776) (0.312,1.264) (0.140,1.935)
Parameters optimization took 6 rounds (5.921 sec)
Wrote distance file to... 
BEST SCORE FOUND : -38637.213
Total tree length: 38.870

Total number of iterations: 0
CPU time used for tree search: 0.000 sec (0h:0m:0s)
Wall-clock time used for tree search: 0.000 sec (0h:0m:0s)
Total CPU time used: 4602.146 sec (1h:16m:42s)
Total wall-clock time used: 1017.452 sec (0h:16m:57s)

Analysis results written to: 
  IQ-TREE report:                training_data/prot_M3807_82_591.phy/output_files/iqtree/inference/pars_19.iqtree
  Maximum-likelihood tree:       training_data/prot_M3807_82_591.phy/output_files/iqtree/inference/pars_19.treefile
  Screen log file:               training_data/prot_M3807_82_591.phy/output_files/iqtree/inference/pars_19.log

Date and Time: Thu Sep 25 20:53:10 2025
