IQ-TREE version 3.0.1 for Linux x86 64-bit built Sep 23 2025
Developed by Bui Quang Minh, Thomas Wong, Nhan Ly-Trong, Huaiyan Ren
Contributed by Lam-Tung Nguyen, Dominik Schrempf, Chris Bielow,
Olga Chernomor, Michael Woodhams, Diep Thi Hoang, Heiko Schmidt

Host:    head01.hpc.vast.vn (AVX512, FMA3, 125 GB RAM)
Command: /datausers/ioit/thaontp/tranthanhvan235/iqtree3/build/iqtree3 -s /datausers/ioit/thaontp/tranthanhvan235/data_treebase/DIU_TRAINING_DATA/data2/prot_M3807_82_591.phy -pre training_data/prot_M3807_82_591.phy/output_files/iqtree/inference/pars_0 -seed 0 -ninit 1 -T 1 -redo -n 0 -nt AUTO
Seed:    0 (Using SPRNG - Scalable Parallel Random Number Generator)
Time:    Thu Sep 25 20:12:27 2025
Kernel:  AVX+FMA - auto-detect threads (56 CPU cores detected)

Reading alignment file /datausers/ioit/thaontp/tranthanhvan235/data_treebase/DIU_TRAINING_DATA/data2/prot_M3807_82_591.phy ... Phylip format detected
Alignment most likely contains protein sequences
Constructing alignment: done in 0.00690722 secs using 3428% CPU
Alignment has 82 sequences with 591 columns, 570 distinct patterns
448 parsimony-informative, 68 singleton sites, 75 constant sites
                                 Gap/Ambiguity  Composition  p-value
Analyzing sequences: done in 0.160397 secs using 1005% CPU
   1  Aeromonas_punctata_78             37.23%    passed     97.94%
   2  Alteromonas_sp_4                  24.53%    passed     73.81%
   3  Alteromonas_sp_67                 32.32%    passed     59.44%
   4  Anopheles_gambiae_33              44.33%    passed      9.54%
   5  Aphanocladium_album_61            44.16%    passed     86.07%
   6  Arabidopsis_thaliana_18           47.04%    passed     78.43%
   7  Arabidopsis_thaliana_19           46.87%    passed      8.84%
   8  Arthrobacter_sp_3                 26.57%    passed     59.25%
   9  Aspergillus_nidulans_26           45.52%    passed     29.86%
  10  Aspergillus_nidulans_54           44.50%    passed      7.48%
  11  Autographa_VIRUS_76               37.39%    passed     91.47%
  12  Bacillus_cereus_15                32.99%    passed     51.38%
  13  Bacillus_circulans_12             35.87%    passed     19.46%
  14  Bacillus_halodurans_13            36.21%    passed      5.18%
  15  Bacillus_thuringiensis_14         32.99%    passed     56.18%
  16  Betula_pendula_20                 70.56%    failed      0.27%
  17  Betula_pendula_21                 71.24%    failed      0.16%
  18  Bombyx_VIRUS_77                   37.39%    passed     86.02%
  19  Bos_taurus_36                     45.85%    failed      0.04%
  20  Bos_taurus_40                     45.01%    passed     92.04%
  21  Brugia_malayi_31                  44.84%    passed      7.22%
  22  Bufo_japonica_35                  45.18%    passed     97.63%
  23  Burkholderia_cepacea_82           37.23%    passed     67.55%
  24  Caenorhabditis_elegans_30         44.50%    passed     67.98%
  25  Candida_albicans_50               46.19%    passed      7.43%
  26  Cellulomonas_uda_44               42.81%    failed      0.90%
  27  Clostridium_paraputrificum_2      36.89%    passed     94.82%
  28  Clostridium_thermocellum_1        42.30%    passed     15.25%
  29  Coccidioides_posadasii_57         44.16%    passed     49.84%
  30  Colwellia_sp_66                   48.73%    passed     67.78%
  31  Doohwaniella_chitinasigens_42     35.19%    passed     96.67%
  32  Drosophila_melanogaster_34        43.82%    passed     10.73%
  33  Entamobaea_dispar_24              45.35%    passed     43.79%
  34  Entamobaea_histolytica_25         45.35%    passed     41.26%
  35  Entamoeba_invadens_23             45.18%    passed     60.83%
  36  Enterobacter_sp_83                37.23%    passed     70.05%
  37  Glossina_morsitans_32             46.53%    passed     86.64%
  38  Grifola_umbellata_52              45.01%    passed     69.39%
  39  Halobacterium_sp_9                42.30%    passed     20.91%
  40  Helicoverpa_VIRUS_73              37.39%    passed     93.34%
  41  Homo_sapiens_37                   45.85%    failed      0.04%
  42  Homo_sapiens_39                   45.01%    passed     78.80%
  43  Hypocrea_rufa_59                  44.33%    passed     11.27%
  44  Hypocrea_virens_55                43.99%    passed     82.55%
  45  Janthinobacterium_lividum_41      33.84%    passed     86.08%
  46  Kluyveromyces_lactis_28           54.82%    failed      0.04%
  47  Kurthia_zopfii_11                 35.87%    passed     16.50%
  48  Listonella_anguillarum_70         32.15%    passed     92.63%
  49  Metarhizium_flavoviride_62        44.16%    passed     48.57%
  50  Microbulbifer_degradans_45        43.32%    passed     58.29%
  51  Momordica_charantia_16            47.38%    passed     12.39%
  52  Mus_musculus_38                   45.01%    passed     94.55%
  53  Neurospora_crassa_27              45.18%    passed     52.71%
  54  Neurospora_crassa_56              43.99%    passed     18.42%
  55  Neurospora_crassa_58              44.16%    passed     34.16%
  56  Nicotiana_tabacum_17              46.36%    failed      1.74%
  57  Nostoc_punctiforme_22             38.58%    failed      2.39%
  58  Oceanobacillus_itheyensis_10      37.73%    failed      0.08%
  59  Orygia_VIRUS_75                   37.39%    passed     93.37%
  60  Pantoea_agglomerans_80            37.39%    passed     28.20%
  61  Pichia_etchellsii_29              49.41%    failed      0.00%
  62  Pseudoalteromonas_sp_65           32.32%    passed     77.70%
  63  Rhizopus_microsporus_53           43.32%    failed      0.03%
  64  Sagittula_stellata_68             50.25%    passed      5.52%
  65  Salmonella_enterica_64            38.75%    passed     79.16%
  66  Schewanella_baltica_79            53.64%    passed     25.02%
  67  Serratia_marcescens_81            37.56%    passed     52.41%
  68  Sodalis_glossinidius_63           37.06%    passed     83.37%
  69  Spodoptera_VIRUS_74               37.39%    passed     48.63%
  70  Stenotrophomonas_maltophilia_43   37.06%    passed     39.90%
  71  Streptomyces_coelicolor_46        42.81%    passed      8.47%
  72  Streptomyces_coelicolor_49        42.64%    passed     15.73%
  73  Streptomyces_coelicolor_6         26.40%    passed     31.24%
  74  Streptomyces_olivaceoviridis_7    26.40%    passed     20.16%
  75  Streptomyces_thermoviolaceus_47   43.32%    failed      0.30%
  76  Thermococcus_kodakaraensis_8      42.81%    passed     31.57%
  77  Trichoderma_harzianum_60          44.16%    passed     35.99%
  78  Ustilago_mayidis_51               44.67%    passed     95.83%
  79  Vibrio_cholerae_69                32.15%    passed     77.59%
  80  Vibrio_parahaemolyticus_5         25.21%    passed     45.45%
  81  Vibrio_parahaemolyticus_71        32.15%    passed     98.46%
  82  Vibrio_vulnificus_72              32.15%    passed     93.69%
WARNING: 5 sequences contain more than 50% gaps/ambiguity
****  TOTAL                             41.38%  12 sequences failed composition chi2 test (p-value<5%; df=19)
Checking for duplicate sequences: done in 0.0448595 secs using 2581% CPU


Create initial parsimony tree by phylogenetic likelihood library (PLL)... 0.033 seconds
Measuring multi-threading efficiency up to 56 CPU cores
Increase to 10 rounds for branch lengths
32 trees examined
Threads: 1 / Time: 56.186 sec / Speedup: 1.000 / Efficiency: 100% / LogL: -56955
Threads: 2 / Time: 33.727 sec / Speedup: 1.666 / Efficiency: 83% / LogL: -56955
Threads: 3 / Time: 28.990 sec / Speedup: 1.938 / Efficiency: 65% / LogL: -56955
Threads: 4 / Time: 28.826 sec / Speedup: 1.949 / Efficiency: 49% / LogL: -56955
Determining AUTO threadcount: done in 147.739 secs using 210.8% CPU
BEST NUMBER OF THREADS: 3

Perform fast likelihood tree search using LG+I+G model...
Estimate model parameters (epsilon = 5.000)
Perform nearest neighbor interchange...
Estimate model parameters (epsilon = 1.000)
1. Initial log-likelihood: -38840.372
Optimal log-likelihood: -38840.309
Proportion of invariable sites: 0.006
Gamma shape alpha: 1.735
Parameters optimization took 1 rounds (0.371 sec)
Time for fast ML tree search: 3.732 seconds

NOTE: ModelFinder requires 75 MB RAM!
ModelFinder will test up to 1232 protein models (sample size: 591 epsilon: 0.100) ...
 No. Model         -LnL         df  AIC          AICc         BIC
  1  LG            39783.073    161 79888.145    80009.740    80593.618
  2  LG+I          39738.723    162 79801.445    79924.838    80511.299
  3  LG+G4         38845.702    162 78015.404    78138.796    78725.258
  4  LG+I+G4       38840.309    163 78006.619    78131.827    78720.855
  5  LG+R2         39014.428    163 78354.856    78480.064    79069.092
  6  LG+R3         38848.817    165 78027.635    78156.529    78750.634
  7  LG+R4         38795.753    167 77925.507    78058.159    78657.270
  8  LG+R5         38785.792    169 77909.585    78046.069    78650.112
  9  LG+R6         38785.492    171 77912.983    78053.375    78662.274
 14  LG+I+R2       38998.937    164 78325.874    78452.917    79044.492
 15  LG+I+R3       38843.605    166 78019.209    78149.973    78746.590
 16  LG+I+R4       38795.169    168 77926.338    78060.898    78662.483
 17  LG+I+R5       38785.678    170 77911.357    78049.785    78656.265
 18  LG+I+R6       38785.384    172 77914.768    78057.142    78668.441
 29  LG+F+R4       38679.335    186 77730.671    77902.859    78545.689
 30  LG+F+R5       38669.552    188 77715.105    77891.881    78538.886
 39  LG+F+I+R5     38669.523    189 77717.046    77896.148    78545.209
 51  WAG+R4        38663.372    167 77660.744    77793.397    78392.508
 52  WAG+R5        38654.744    169 77647.487    77783.972    78388.014
 61  WAG+I+R5      38654.342    170 77648.684    77787.112    78393.593
 73  WAG+F+R4      38636.947    186 77645.894    77818.082    78460.911
 74  WAG+F+R5      38627.497    188 77630.994    77807.770    78454.776
 83  WAG+F+I+R5    38627.248    189 77632.497    77811.599    78460.660
 95  JTT+R4        39155.271    167 78644.541    78777.194    79376.305
 96  JTT+R5        39144.614    169 78627.227    78763.712    79367.754
105  JTT+I+R5      39143.638    170 78627.277    78765.705    79372.185
117  JTT+F+R4      39063.230    186 78498.459    78670.647    79313.477
118  JTT+F+R5      39054.194    188 78484.388    78661.165    79308.170
127  JTT+F+I+R5    39053.433    189 78484.867    78663.969    79313.030
139  Q.PFAM+R4     38725.315    167 77784.629    77917.282    78516.393
140  Q.PFAM+R5     38717.322    169 77772.643    77909.128    78513.170
149  Q.PFAM+I+R5   38717.587    170 77775.174    77913.603    78520.083
161  Q.PFAM+F+R4   38635.504    186 77643.008    77815.196    78458.026
162  Q.PFAM+F+R5   38628.050    188 77632.099    77808.875    78455.880
171  Q.PFAM+F+I+R5 38628.360    189 77634.720    77813.822    78462.883
183  Q.BIRD+R4     40371.311    167 81076.622    81209.274    81808.385
184  Q.BIRD+R5     40356.062    169 81050.124    81186.609    81790.651
193  Q.BIRD+I+R5   40354.207    170 81048.414    81186.843    81793.323
205  Q.BIRD+F+R4   40096.251    186 80564.502    80736.690    81379.520
206  Q.BIRD+F+R5   40084.928    188 80545.856    80722.632    81369.637
215  Q.BIRD+F+I+R5 40082.912    189 80543.824    80722.926    81371.987
227  Q.MAMMAL+R4   40019.455    167 80372.911    80505.563    81104.674
228  Q.MAMMAL+R5   40001.017    169 80340.033    80476.518    81080.560
237  Q.MAMMAL+I+R5 39998.995    170 80337.990    80476.419    81082.899
249  Q.MAMMAL+F+R4 39732.034    186 79836.068    80008.256    80651.085
250  Q.MAMMAL+F+R5 39720.429    188 79816.858    79993.634    80640.639
259  Q.MAMMAL+F+I+R5 39718.978    189 79815.957    79995.059    80644.120
271  Q.INSECT+R4   39109.060    167 78552.120    78684.772    79283.883
272  Q.INSECT+R5   39097.291    169 78532.583    78669.067    79273.109
281  Q.INSECT+I+R5 39095.917    170 78531.833    78670.262    79276.742
293  Q.INSECT+F+R4 38979.951    186 78331.902    78504.090    79146.920
294  Q.INSECT+F+R5 38968.169    188 78312.337    78489.113    79136.118
303  Q.INSECT+F+I+R5 38967.140    189 78312.280    78491.383    79140.444
315  Q.PLANT+R4    39555.908    167 79445.816    79578.468    80177.579
316  Q.PLANT+R5    39542.044    169 79422.089    79558.574    80162.616
325  Q.PLANT+I+R5  39541.073    170 79422.146    79560.575    80167.055
337  Q.PLANT+F+R4  39339.138    186 79050.275    79222.463    79865.293
338  Q.PLANT+F+R5  39329.083    188 79034.167    79210.943    79857.948
347  Q.PLANT+F+I+R5 39328.349    189 79034.697    79213.799    79862.860
359  Q.YEAST+R4    38987.968    167 78309.935    78442.588    79041.699
360  Q.YEAST+R5    38979.190    169 78296.381    78432.865    79036.908
369  Q.YEAST+I+R5  38978.541    170 78297.081    78435.510    79041.990
381  Q.YEAST+F+R4  38817.720    186 78007.441    78179.629    78822.458
382  Q.YEAST+F+R5  38806.903    188 77989.806    78166.583    78813.588
391  Q.YEAST+F+I+R5 38806.414    189 77990.829    78169.931    78818.992
403  JTTDCMUT+R4   39135.145    167 78604.290    78736.943    79336.054
404  JTTDCMUT+R5   39124.199    169 78586.397    78722.882    79326.924
413  JTTDCMUT+I+R5 39123.299    170 78586.597    78725.026    79331.506
425  JTTDCMUT+F+R4 39050.084    186 78472.169    78644.357    79287.187
426  JTTDCMUT+F+R5 39040.659    188 78457.317    78634.093    79281.099
435  JTTDCMUT+F+I+R5 39039.942    189 78457.885    78636.987    79286.048
447  DCMUT+R4      39192.895    167 78719.791    78852.443    79451.554
448  DCMUT+R5      39177.845    169 78693.689    78830.174    79434.216
457  DCMUT+I+R5    39176.298    170 78692.595    78831.024    79437.504
469  DCMUT+F+R4    39152.115    186 78676.230    78848.418    79491.247
470  DCMUT+F+R5    39138.575    188 78653.150    78829.926    79476.931
479  DCMUT+F+I+R5  39137.217    189 78652.435    78831.537    79480.598
491  VT+R4         38763.227    167 77860.454    77993.107    78592.218
492  VT+R5         38757.044    169 77852.088    77988.572    78592.615
501  VT+I+R5       38756.651    170 77853.303    77991.731    78598.211
513  VT+F+R4       38701.182    186 77774.365    77946.553    78589.383
514  VT+F+R5       38693.832    188 77763.664    77940.440    78587.445
523  VT+F+I+R5     38693.652    189 77765.304    77944.407    78593.468
535  PMB+R4        38946.556    167 78227.112    78359.764    78958.875
536  PMB+R5        38940.835    169 78219.669    78356.154    78960.196
545  PMB+I+R5      38941.051    170 78222.102    78360.531    78967.011
557  PMB+F+R4      38835.383    186 78042.765    78214.953    78857.783
558  PMB+F+R5      38829.572    188 78035.145    78211.921    78858.926
567  PMB+F+I+R5    38829.806    189 78037.613    78216.715    78865.776
579  BLOSUM62+R4   38908.254    167 78150.508    78283.160    78882.271
580  BLOSUM62+R5   38903.503    169 78145.006    78281.490    78885.533
589  BLOSUM62+I+R5 38904.075    170 78148.151    78286.579    78893.059
601  BLOSUM62+F+R4 38783.239    186 77938.479    78110.667    78753.497
602  BLOSUM62+F+R5 38776.900    188 77929.801    78106.577    78753.582
611  BLOSUM62+F+I+R5 38777.403    189 77932.805    78111.907    78760.968
623  DAYHOFF+R4    39196.066    167 78726.131    78858.784    79457.895
624  DAYHOFF+R5    39179.822    169 78697.644    78834.128    79438.171
633  DAYHOFF+I+R5  39178.616    170 78697.232    78835.660    79442.140
645  DAYHOFF+F+R4  39155.104    186 78682.209    78854.397    79497.226
646  DAYHOFF+F+R5  39140.262    188 78656.524    78833.300    79480.305
655  DAYHOFF+F+I+R5 39139.307    189 78656.614    78835.716    79484.777
667  MTREV+R4      41216.465    167 82766.930    82899.583    83498.694
668  MTREV+R5      41195.356    169 82728.712    82865.196    83469.239
677  MTREV+I+R5    41196.384    170 82732.769    82871.197    83477.678
689  MTREV+F+R4    39795.530    186 79963.059    80135.248    80778.077
690  MTREV+F+R5    39785.911    188 79947.822    80124.599    80771.604
699  MTREV+F+I+R5  39785.652    189 79949.305    80128.407    80777.468
711  MTART+R4      41884.541    167 84103.082    84235.735    84834.846
712  MTART+R5      41862.576    169 84063.153    84199.637    84803.680
721  MTART+I+R5    41862.693    170 84065.387    84203.816    84810.296
733  MTART+F+R4    40382.468    186 81136.936    81309.124    81951.954
734  MTART+F+R5    40364.247    188 81104.495    81281.271    81928.276
743  MTART+F+I+R5  40364.168    189 81106.337    81285.439    81934.500
755  MTZOA+R4      40901.791    167 82137.582    82270.235    82869.345
756  MTZOA+R5      40875.501    169 82089.002    82225.486    82829.529
765  MTZOA+I+R5    40875.738    170 82091.476    82229.904    82836.385
777  MTZOA+F+R4    39783.505    186 79939.011    80111.199    80754.029
778  MTZOA+F+R5    39769.608    188 79915.215    80091.992    80738.997
787  MTZOA+F+I+R5  39769.506    189 79917.011    80096.114    80745.175
799  MTMET+R4      41345.788    167 83025.576    83158.228    83757.339
800  MTMET+R5      41323.014    169 82984.029    83120.513    83724.556
809  MTMET+I+R5    41323.131    170 82986.262    83124.691    83731.171
821  MTMET+F+R4    39928.674    186 80229.347    80401.535    81044.365
822  MTMET+F+R5    39916.165    188 80208.329    80385.105    81032.111
831  MTMET+F+I+R5  39915.620    189 80209.240    80388.342    81037.403
843  MTVER+R4      41727.183    167 83788.366    83921.018    84520.129
844  MTVER+R5      41697.892    169 83733.784    83870.269    84474.311
853  MTVER+I+R5    41697.801    170 83735.603    83874.031    84480.512
865  MTVER+F+R4    40534.966    186 81441.933    81614.121    82256.951
866  MTVER+F+R5    40513.613    188 81403.226    81580.002    82227.007
875  MTVER+F+I+R5  40511.786    189 81401.572    81580.674    82229.735
887  MTINV+R4      41447.304    167 83228.609    83361.261    83960.372
888  MTINV+R5      41431.742    169 83201.484    83337.969    83942.011
897  MTINV+I+R5    41431.957    170 83203.914    83342.342    83948.822
909  MTINV+F+R4    39558.243    186 79488.486    79660.674    80303.504
910  MTINV+F+R5    39548.142    188 79472.284    79649.060    80296.066
919  MTINV+F+I+R5  39547.853    189 79473.707    79652.809    80301.870
931  MTMAM+R4      42429.559    167 85193.119    85325.771    85924.882
932  MTMAM+R5      42395.096    169 85128.191    85264.676    85868.718
941  MTMAM+I+R5    42395.195    170 85130.390    85268.818    85875.299
953  MTMAM+F+R4    40932.509    186 82237.018    82409.206    83052.036
954  MTMAM+F+R5    40911.467    188 82198.935    82375.711    83022.716
963  MTMAM+F+I+R5  40910.884    189 82199.767    82378.869    83027.930
975  FLAVI+R4      41316.169    167 82966.338    83098.991    83698.101
976  FLAVI+R5      41292.283    169 82922.566    83059.050    83663.093
985  FLAVI+I+R5    41292.290    170 82924.580    83063.008    83669.488
997  FLAVI+F+R4    40944.930    186 82261.859    82434.047    83076.877
998  FLAVI+F+R5    40925.898    188 82227.797    82404.573    83051.578
1007  FLAVI+F+I+R5  40925.288    189 82228.576    82407.678    83056.739
1019  HIVB+R4       40276.257    167 80886.515    81019.167    81618.278
1020  HIVB+R5       40265.108    169 80868.216    81004.701    81608.743
1029  HIVB+I+R5     40265.106    170 80870.212    81008.641    81615.121
1041  HIVB+F+R4     40022.658    186 80417.315    80589.504    81232.333
1042  HIVB+F+R5     40013.125    188 80402.251    80579.027    81226.032
1051  HIVB+F+I+R5   40013.081    189 80404.163    80583.265    81232.326
1063  HIVW+R4       41936.143    167 84206.286    84338.939    84938.049
1064  HIVW+R5       41914.129    169 84166.258    84302.743    84906.785
1073  HIVW+I+R5     41913.493    170 84166.987    84305.415    84911.895
1085  HIVW+F+R4     41253.247    186 82878.495    83050.683    83693.512
1086  HIVW+F+R5     41239.241    188 82854.482    83031.258    83678.263
1095  HIVW+F+I+R5   41238.225    189 82854.449    83033.552    83682.613
1107  FLU+R4        39873.149    167 80080.299    80212.951    80812.062
1108  FLU+R5        39855.848    169 80049.696    80186.180    80790.223
1117  FLU+I+R5      39854.933    170 80049.865    80188.294    80794.774
1129  FLU+F+R4      39620.178    186 79612.356    79784.544    80427.374
1130  FLU+F+R5      39602.764    188 79581.528    79758.304    80405.309
1139  FLU+F+I+R5    39601.769    189 79581.537    79760.639    80409.700
1151  RTREV+R4      39050.813    167 78435.627    78568.279    79167.390
1152  RTREV+R5      39042.642    169 78423.284    78559.769    79163.811
1161  RTREV+I+R5    39042.713    170 78425.426    78563.855    79170.335
1173  RTREV+F+R4    38803.003    186 77978.005    78150.194    78793.023
1174  RTREV+F+R5    38795.924    188 77967.848    78144.624    78791.629
1183  RTREV+F+I+R5  38796.051    189 77970.101    78149.203    78798.264
1195  CPREV+R4      39141.741    167 78617.482    78750.134    79349.245
1196  CPREV+R5      39133.607    169 78605.214    78741.698    79345.741
1205  CPREV+I+R5    39133.273    170 78606.546    78744.975    79351.455
1217  CPREV+F+R4    38993.205    186 78358.411    78530.599    79173.429
1218  CPREV+F+R5    38984.080    188 78344.160    78520.936    79167.941
1227  CPREV+F+I+R5  38983.545    189 78345.091    78524.193    79173.254
Akaike Information Criterion:           WAG+F+R5
Corrected Akaike Information Criterion: WAG+R5
Bayesian Information Criterion:         WAG+R5
Best-fit model: WAG+R5 chosen according to BIC

All model information printed to training_data/prot_M3807_82_591.phy/output_files/iqtree/inference/pars_0.model.gz
CPU time for ModelFinder: 3362.344 seconds (0h:56m:2s)
Wall-clock time for ModelFinder: 1169.134 seconds (0h:19m:29s)

NOTE: 37 MB RAM (0 GB) is required!
Estimate model parameters (epsilon = 0.010)
1. Initial log-likelihood: -38660.741
2. Current log-likelihood: -38654.099
3. Current log-likelihood: -38653.900
4. Current log-likelihood: -38653.875
Optimal log-likelihood: -38653.864
Site proportion and rates:  (0.066,0.099) (0.108,0.364) (0.318,0.744) (0.357,1.205) (0.151,1.907)
Parameters optimization took 4 rounds (5.707 sec)
Wrote distance file to... 
BEST SCORE FOUND : -38653.864
Total tree length: 39.042

Total number of iterations: 0
CPU time used for tree search: 0.000 sec (0h:0m:0s)
Wall-clock time used for tree search: 0.000 sec (0h:0m:0s)
Total CPU time used: 3379.498 sec (0h:56m:19s)
Total wall-clock time used: 1174.885 sec (0h:19m:34s)

Analysis results written to: 
  IQ-TREE report:                training_data/prot_M3807_82_591.phy/output_files/iqtree/inference/pars_0.iqtree
  Maximum-likelihood tree:       training_data/prot_M3807_82_591.phy/output_files/iqtree/inference/pars_0.treefile
  Screen log file:               training_data/prot_M3807_82_591.phy/output_files/iqtree/inference/pars_0.log

Date and Time: Thu Sep 25 20:32:02 2025
