IQ-TREE version 3.0.1 for Linux x86 64-bit built Sep 23 2025
Developed by Bui Quang Minh, Thomas Wong, Nhan Ly-Trong, Huaiyan Ren
Contributed by Lam-Tung Nguyen, Dominik Schrempf, Chris Bielow,
Olga Chernomor, Michael Woodhams, Diep Thi Hoang, Heiko Schmidt

Host:    cnode04.hpc.vast.vn (AVX512, FMA3, 125 GB RAM)
Command: /datausers/ioit/thaontp/tranthanhvan235/iqtree3/build/iqtree3 -s /datausers/ioit/thaontp/tranthanhvan235/data_treebase/remainMSAs/prot_M4249_153_455.phy -pre training_data/prot_M4249_153_455.phy/output_files/iqtree/inference/pars_4 -seed 4 -ninit 1 -T 1 -redo -n 0 -nt AUTO
Seed:    4 (Using SPRNG - Scalable Parallel Random Number Generator)
Time:    Wed Oct 15 11:29:51 2025
Kernel:  AVX+FMA - auto-detect threads (56 CPU cores detected)

Reading alignment file /datausers/ioit/thaontp/tranthanhvan235/data_treebase/remainMSAs/prot_M4249_153_455.phy ... Phylip format detected
Alignment most likely contains protein sequences
Constructing alignment: done in 0.00412384 secs using 1866% CPU
Alignment has 153 sequences with 455 columns, 437 distinct patterns
359 parsimony-informative, 33 singleton sites, 63 constant sites
                                                    Gap/Ambiguity  Composition  p-value
Analyzing sequences: done in 0.0530152 secs using 2079% CPU
   1  Acremonium_sp_ABD33804                               29.23%    passed     92.56%
   2  Aigialus_parvus_ABD57309                             38.24%    passed     46.71%
   3  Alternaria_alternata_BAD97694                        50.33%    passed     99.05%
   4  Alternaria_solani_BAD83684                           37.58%    passed     15.85%
   5  Alternaria_solani_BAE80697                           38.24%    passed     48.94%
   6  Anabaena_circinalis_AAO62582                         49.01%    passed     15.90%
   7  Aspergillus_clavatus_XP_001268490                    41.98%    passed     94.13%
   8  Aspergillus_clavatus_XP_001270321                    41.32%    passed     27.33%
   9  Aspergillus_clavatus_XP_001270445                    46.59%    passed     70.95%
  10  Aspergillus_clavatus_XP_001270543                    45.49%    passed     36.93%
  11  Aspergillus_clavatus_XP_001273186                    38.90%    passed     92.76%
  12  Aspergillus_clavatus_XP_001273842                    48.57%    passed     88.67%
  13  Aspergillus_clavatus_XP_001275051                    52.09%    passed     98.90%
  14  Aspergillus_fumigatus_EDP49172                       42.64%    passed     94.30%
  15  Aspergillus_fumigatus_EDP52288                       52.09%    passed     90.36%
  16  Aspergillus_fumigatus_EDP53793                       38.68%    passed     68.89%
  17  Aspergillus_nidulans_XP_664688                       46.37%    passed     48.61%
  18  Aspergillus_nidulans_XP_681681                       43.96%    passed     68.56%
  19  Aspergillus_niger_XP_001390395                       40.66%    passed     87.22%
  20  Aspergillus_niger_XP_001392496                       46.59%    passed     71.97%
  21  Aspergillus_niger_XP_001394029                       46.81%    passed     81.21%
  22  Aspergillus_niger_XP_001394543                       52.09%    passed     81.34%
  23  Aspergillus_niger_XP_001396752                       38.24%    passed     35.21%
  24  Aspergillus_niger_XP_001402359                       44.40%    passed     52.65%
  25  Aspergillus_oryzae_XP_001818816                      46.37%    passed     40.87%
  26  Aspergillus_oryzae_XP_001823613                      41.76%    passed     58.99%
  27  Aspergillus_oryzae_XP_001825712                      46.81%    passed     22.69%
  28  Aspergillus_parasiticus_AAC23536                     47.47%    passed     13.88%
  29  Aspergillus_parasiticus_Q12053                       47.91%    passed     84.76%
  30  Aspergillus_terreus_AAD34559                         47.69%    passed     75.81%
  31  Aspergillus_terreus_AAD39830                         44.40%    passed     78.48%
  32  Aspergillus_terreus_BAA20102                         46.59%    passed     59.80%
  33  Aspergillus_terreus_XP_001209753                     49.45%    passed     94.80%
  34  Aspergillus_terreus_XP_001209968                     40.88%    passed     87.82%
  35  Aspergillus_terreus_XP_001210411                     45.27%    passed     99.93%
  36  Aspergillus_terreus_XP_001213896                     47.91%    passed     75.00%
  37  Aspergillus_terreus_XP_001215234                     41.32%    passed     78.67%
  38  Beauveria_bassiana_ABD51495                          48.57%    passed     99.92%
  39  Botryotinia_fuckeliana_AAR90237                      49.67%    passed     70.91%
  40  Botryotinia_fuckeliana_AAR90239                      43.96%    passed     14.25%
  41  Botryotinia_fuckeliana_AAR90244                      46.81%    passed     24.40%
  42  Botryotinia_fuckeliana_AAR90246                      47.69%    passed     94.92%
  43  Byssochlamys_nivea_AAK48943                          47.03%    passed     77.48%
  44  Chaetomium_globosum_XP_001219267                     48.79%    passed     30.86%
  45  Chaetomium_globosum_XP_001224361                     35.38%    passed     56.51%
  46  Cochliobolus_heterostrophus_AAB08104                 41.98%    passed     89.15%
  47  Cochliobolus_heterostrophus_AAR90257                 49.01%    passed     92.03%
  48  Cochliobolus_heterostrophus_AAR90260                 32.31%    passed     95.94%
  49  Cochliobolus_heterostrophus_AAR90264                 35.60%    passed     48.20%
  50  Cochliobolus_heterostrophus_AAR90267                 50.11%    passed     99.22%
  51  Cochliobolus_heterostrophus_AAR90269                 51.43%    passed     97.03%
  52  Cochliobolus_heterostrophus_AAR90271                 47.25%    passed     77.00%
  53  Cordyceps_bassiana_CAL69597                          39.78%    passed     99.52%
  54  Emericella_nidulans_1905375A                         47.03%    passed     97.70%
  55  Emericella_nidulans_AAA81586                         53.63%    passed     90.67%
  56  Gibberella_moniliformis_AAD43562                     37.58%    passed     39.04%
  57  Gibberella_moniliformis_AAR92208                     48.35%    passed     48.08%
  58  Gibberella_moniliformis_AAR92209                     41.10%    passed     81.41%
  59  Gibberella_moniliformis_AAR92212                     39.34%    passed     71.85%
  60  Gibberella_moniliformis_AAR92214                     44.62%    passed     23.48%
  61  Gibberella_moniliformis_AAR92217                     47.25%    passed     91.36%
  62  Gibberella_zeae_AAU10633                             46.37%    passed     75.36%
  63  Gibberella_zeae_ABB90282                             50.11%    passed     96.05%
  64  Gibberella_zeae_XP_390724                            38.68%    passed     98.08%
  65  Gibberella_zeae_fg12100                              47.47%    passed     89.32%
  66  Gibberella_zeae_fg12125                              46.59%    passed     96.10%
  67  Magnaporthe_grisea_CAG28798                          45.05%    passed     76.35%
  68  Magnaporthe_grisea_CAH59193                          38.90%    passed     28.93%
  69  Melittangium_lichenicola_CAD89777                    48.35%    failed      0.38%
  70  Metarhizium_anisopliae_ABD47709                      40.88%    passed     17.64%
  71  Microcystis_aeruginosa_YP_001657794                  48.79%    passed     39.17%
  72  Monascus_pilosus_ABA02239                            44.40%    passed     97.31%
  73  Monascus_purpureus_BAD44749                          48.35%    passed     67.09%
  74  Mycosphaerella_zeae_maydis_AAR85531                  41.54%    passed     92.31%
  75  Nectria_haematococca_AAS48892                        47.47%    passed     55.57%
  76  Neosartorya_fischeri_XP_001258701                    43.96%    passed     95.65%
  77  Neosartorya_fischeri_XP_001261656                    48.35%    passed     62.61%
  78  Neosartorya_fischeri_XP_001262991                    52.09%    passed     92.12%
  79  Neosartorya_fischeri_XP_001265535                    47.91%    passed     68.12%
  80  Neosartorya_fischeri_XP_001265690                    38.90%    passed     70.21%
  81  Neurospora_crassa_EAA28899                           52.97%    passed     75.46%
  82  Neurospora_crassa_XP_955938                          48.79%    passed     78.25%
  83  Neurospora_crassa_XP_958169                          41.76%    passed     96.05%
  84  Neurospora_crassa_XP_959122                          38.46%    passed     42.51%
  85  Nodularia_spumigena_AAO64407                         49.01%    passed     22.56%
  86  Nodularia_spumigena_ZP_01628022                      49.45%    passed     31.65%
  87  Nodulisporium_sp_AAD38786                            48.35%    passed     11.95%
  88  Nostoc_sp_NP_485689                                  48.57%    passed     17.18%
  89  Ochrolechia_pallescens_ABQ11380                      47.91%    passed     70.50%
  90  Penicillium_citrinum_BAC20564                        44.84%    passed     47.35%
  91  Penicillium_citrinum_BAC20566                        46.81%    passed     98.47%
  92  Penicillium_expansum_CAO91861                        45.93%    passed     33.02%
  93  Penicillium_griseofulvum_CAA39295                    47.03%    passed     55.28%
  94  Penicillium_nordicum_AAP33839                        47.47%    passed     82.46%
  95  Pertusaria_amara_ABQ11385                            48.35%    passed     64.05%
  96  Pertusaria_corallina_ABQ11381                        45.93%    passed      7.63%
  97  Pertusaria_corallina_ABQ11386                        46.81%    passed     14.01%
  98  Pertusaria_corallophora_ABQ11387                     49.23%    passed     34.53%
  99  Pertusaria_flavida_ABQ11388                          46.81%    passed     77.46%
 100  Pertusaria_lactea_ABQ11391                           47.69%    passed     92.85%
 101  Pertusaria_pustulata_ABQ11382                        46.37%    passed     96.98%
 102  Pertusaria_scaberula_ABQ11395                        47.03%    passed      6.47%
 103  Pertusaria_subfallens_ABQ11383                       46.37%    passed     60.79%
 104  Pertusaria_subventosa_ABQ11384                       46.59%    passed     51.63%
 105  Pertusaria_subventosa_ABQ11397                       48.35%    passed     64.26%
 106  Pertusaria_tetrathalamia_ABQ11398                    49.01%    passed     37.80%
 107  Pertusaria_tetrathalamia_ABQ11399                    47.91%    passed     99.17%
 108  Phaeosphaeria_nodorum_XP_001801515                   45.05%    passed     25.87%
 109  Phaeosphaeria_nodorum_XP_001806097                   47.69%    passed     98.15%
 110  Podospora_anserina_XP_001905191                      45.93%    passed     61.16%
 111  Podospora_anserina_XP_001905278                      48.79%    passed     79.35%
 112  Podospora_anserina_XP_001908964                      44.40%    passed     86.83%
 113  Pyrenophora_tritici_repentis_EDU42159                44.40%    passed     99.01%
 114  Pyrenophora_tritici_repentis_EDU46125                52.09%    passed     96.98%
 115  Pyrenophora_tritici_repentis_EDU46521                45.49%    passed     86.66%
 116  Pyrenophora_tritici_repentis_EDU46982                37.58%    passed     26.06%
 117  Saccharopolyspora_erythraea_YP_001107472             47.03%    failed      0.45%
 118  Sclerotinia_sclerotiorum_XP_001587412                39.78%    passed     88.65%
 119  Sclerotinia_sclerotiorum_XP_001595995                47.69%    passed     49.81%
 120  Sclerotinia_sclerotiorum_XP_001597598                35.60%    passed     67.58%
 121  Solorina_crocea_ABQ42548                             31.65%    passed     73.96%
 122  Stigmatella_aurantiaca_AAF19814                      48.35%    passed     24.51%
 123  Streptomyces_antibioticus_AAZ77673                   45.93%    failed      0.95%
 124  Uncultured_expressed_fungal_PKSI_RNAtype1_FJ232770   49.23%    passed     82.58%
 125  Uncultured_expressed_fungal_PKSI_RNAtype2_FJ232771   42.64%    passed     45.82%
 126  Uncultured_expressed_fungal_PKSI_RNAtype3_FJ232772   52.09%    passed     83.83%
 127  Uncultured_expressed_fungal_PKSI_RNAtype4_FJ232773   47.91%    passed     77.47%
 128  Uncultured_expressed_fungal_PKSI_RNAtype5_FJ232774   48.35%    passed     82.96%
 129  Uncultured_expressed_fungal_PKSI_RNAtype6_FJ232775   55.82%    failed      0.12%
 130  Uncultured_expressed_fungal_PKSI_RNAtype7_FJ232776   40.44%    passed     99.88%
 131  Uncultured_fungal_PKSI_DNAtype1_FJ232777             48.13%    failed      3.69%
 132  Uncultured_fungal_PKSI_DNAtype10_FJ232786            48.79%    failed      4.26%
 133  Uncultured_fungal_PKSI_DNAtype11_FJ232787            43.52%    passed     99.92%
 134  Uncultured_fungal_PKSI_DNAtype12_FJ232788            43.08%    passed     29.39%
 135  Uncultured_fungal_PKSI_DNAtype13_FJ232789            36.70%    passed     90.17%
 136  Uncultured_fungal_PKSI_DNAtype14_FJ232790            46.81%    passed     93.83%
 137  Uncultured_fungal_PKSI_DNAtype15_FJ232791            48.13%    passed     57.00%
 138  Uncultured_fungal_PKSI_DNAtype2_FJ232778             48.35%    passed     28.05%
 139  Uncultured_fungal_PKSI_DNAtype3_FJ232779             51.43%    passed     70.55%
 140  Uncultured_fungal_PKSI_DNAtype4_FJ232780             47.91%    passed     31.05%
 141  Uncultured_fungal_PKSI_DNAtype5_FJ232781             46.15%    passed     77.28%
 142  Uncultured_fungal_PKSI_DNAtype6_FJ232782             46.37%    passed     34.04%
 143  Uncultured_fungal_PKSI_DNAtype7_FJ232783             47.25%    passed     84.22%
 144  Uncultured_fungal_PKSI_DNAtype8_FJ232784             45.49%    passed     63.71%
 145  Uncultured_fungal_PKSI_DNAtype9_FJ232785             40.00%    passed     38.78%
 146  Xanthoparmelia_semiviridis_ABS58604                  48.57%    passed     45.20%
 147  Xylaria_sp_AAM93545                                  48.35%    passed     26.96%
 148  Xylaria_sp_AAY27746                                  74.51%    passed     71.69%
 149  Xylaria_sp_AAY32931                                  44.84%    passed     99.78%
 150  Xylaria_sp_AAY40862                                  21.54%    passed      8.62%
 151  Xylaria_sp_AAY41231                                  34.29%    passed     73.02%
 152  Xylaria_sp_AAY46446                                  46.37%    passed     63.34%
 153  Xylaria_sp_AAY68230                                  50.33%    passed     79.28%
WARNING: 16 sequences contain more than 50% gaps/ambiguity
****  TOTAL                                                45.47%  6 sequences failed composition chi2 test (p-value<5%; df=19)
Checking for duplicate sequences: done in 0.0485475 secs using 2151% CPU


Create initial parsimony tree by phylogenetic likelihood library (PLL)... 0.120 seconds
Measuring multi-threading efficiency up to 56 CPU cores
Increase to 10 rounds for branch lengths
13 trees examined
Threads: 1 / Time: 56.581 sec / Speedup: 1.000 / Efficiency: 100% / LogL: -75181
Threads: 2 / Time: 29.705 sec / Speedup: 1.905 / Efficiency: 95% / LogL: -75181
Threads: 3 / Time: 21.579 sec / Speedup: 2.622 / Efficiency: 87% / LogL: -75181
Threads: 4 / Time: 17.332 sec / Speedup: 3.265 / Efficiency: 82% / LogL: -75181
Threads: 5 / Time: 15.716 sec / Speedup: 3.600 / Efficiency: 72% / LogL: -75181
Threads: 6 / Time: 19.533 sec / Speedup: 2.897 / Efficiency: 48% / LogL: -75181
Determining AUTO threadcount: done in 160.453 secs using 271% CPU
BEST NUMBER OF THREADS: 5

Perform fast likelihood tree search using LG+I+G model...
Estimate model parameters (epsilon = 5.000)
Perform nearest neighbor interchange...
Estimate model parameters (epsilon = 1.000)
1. Initial log-likelihood: -57620.387
Optimal log-likelihood: -57620.275
Proportion of invariable sites: 0.020
Gamma shape alpha: 0.900
Parameters optimization took 1 rounds (0.587 sec)
Time for fast ML tree search: 8.293 seconds

NOTE: ModelFinder requires 108 MB RAM!
ModelFinder will test up to 1232 protein models (sample size: 455 epsilon: 0.100) ...
 No. Model         -LnL         df  AIC          AICc         BIC
  1  LG            61549.520    303 123705.040   124925.066   124953.490
  2  LG+I          61069.288    304 122746.576   123982.843   123999.147
  3  LG+G4         57652.795    304 115913.590   117149.856   117166.160
  4  LG+I+G4       57620.275    305 115850.550   117103.301   117107.240
  5  LG+R2         58408.056    305 117426.113   118678.864   118682.803
  6  LG+R3         57797.550    307 116209.100   117495.576   117474.031
  7  LG+R4         57560.035    309 115738.071   117059.312   117011.243
  8  LG+R5         57496.925    311 115615.851   116972.942   116897.263
  9  LG+R6         57475.775    313 115577.550   116971.621   116867.203
 10  LG+R7         57469.521    315 115569.043   117001.273   116866.937
 11  LG+R8         57469.523    317 115573.046   117044.666   116879.180
 14  LG+I+R2       58218.007    306 117048.015   118317.501   118308.826
 15  LG+I+R3       57717.853    308 116051.707   117355.433   117320.758
 16  LG+I+R4       57534.352    310 115688.703   117027.731   116965.995
 17  LG+I+R5       57471.590    312 115567.180   116942.617   116852.713
 18  LG+I+R6       57450.455    314 115528.909   116941.909   116822.683
 19  LG+I+R7       57444.209    316 115520.418   116972.186   116822.432
 20  LG+I+R8       57444.206    318 115524.412   117016.206   116834.667
 40  LG+F+I+R6     57392.949    333 115451.899   117290.279   116823.958
 41  LG+F+I+R7     57385.874    335 115441.747   117333.512   116822.047
 62  WAG+I+R6      57601.989    314 115831.978   117244.978   117125.751
 63  WAG+I+R7      57592.133    316 115816.267   117268.035   117118.281
 84  WAG+F+I+R6    57586.711    333 115839.422   117677.802   117211.481
 85  WAG+F+I+R7    57572.742    335 115815.484   117707.249   117195.784
106  JTT+I+R6      57850.766    314 116329.532   117742.532   117623.306
107  JTT+I+R7      57842.275    316 116316.550   117768.318   117618.564
128  JTT+F+I+R6    58005.689    333 116677.378   118515.758   118049.437
129  JTT+F+I+R7    57997.295    335 116664.591   118556.356   118044.891
150  Q.PFAM+I+R6   57361.821    314 115351.642   116764.642   116645.415
151  Q.PFAM+I+R7   57357.641    316 115347.282   116799.051   116649.296
172  Q.PFAM+F+I+R6 57373.033    333 115412.067   117250.447   116784.126
173  Q.PFAM+F+I+R7 57366.584    335 115403.168   117294.933   116783.467
194  Q.BIRD+I+R6   58681.905    314 117991.810   119404.810   119285.583
195  Q.BIRD+I+R7   58672.232    316 117976.464   119428.232   119278.478
216  Q.BIRD+F+I+R6 58851.745    333 118369.489   120207.869   119741.548
217  Q.BIRD+F+I+R7 58839.678    335 118349.356   120241.120   119729.655
238  Q.MAMMAL+I+R6 58339.149    314 117306.297   118719.297   118600.071
239  Q.MAMMAL+I+R7 58329.422    316 117290.844   118742.613   118592.858
260  Q.MAMMAL+F+I+R6 58513.809    333 117693.618   119531.998   119065.677
261  Q.MAMMAL+F+I+R7 58503.826    335 117677.652   119569.416   119057.951
282  Q.INSECT+I+R6 57701.363    314 116030.726   117443.726   117324.500
283  Q.INSECT+I+R7 57698.249    316 116028.497   117480.266   117330.511
304  Q.INSECT+F+I+R6 57793.426    333 116252.852   118091.232   117624.911
305  Q.INSECT+F+I+R7 57784.914    335 116239.828   118131.593   117620.128
326  Q.PLANT+I+R6  57945.939    314 116519.878   117932.878   117813.652
327  Q.PLANT+I+R7  57939.374    316 116510.748   117962.516   117812.762
348  Q.PLANT+F+I+R6 57997.688    333 116661.376   118499.757   118033.435
349  Q.PLANT+F+I+R7 57987.928    335 116645.857   118537.622   118026.156
370  Q.YEAST+I+R6  57656.343    314 115940.687   117353.687   117234.460
371  Q.YEAST+I+R7  57653.047    316 115938.094   117389.863   117240.108
392  Q.YEAST+F+I+R6 57587.356    333 115840.713   117679.093   117212.772
393  Q.YEAST+F+I+R7 57581.264    335 115832.528   117724.293   117212.828
414  JTTDCMUT+I+R6 57852.548    314 116333.096   117746.096   117626.869
415  JTTDCMUT+I+R7 57843.892    316 116319.783   117771.552   117621.797
436  JTTDCMUT+F+I+R6 57998.147    333 116662.293   118500.673   118034.352
437  JTTDCMUT+F+I+R7 57989.427    335 116648.855   118540.620   118029.155
458  DCMUT+I+R6    58236.427    314 117100.854   118513.854   118394.628
459  DCMUT+I+R7    58217.651    316 117067.301   118519.070   118369.315
480  DCMUT+F+I+R6  58289.651    333 117245.301   119083.682   118617.360
481  DCMUT+F+I+R7  58276.648    335 117223.296   119115.060   118603.595
502  VT+I+R6       57649.866    314 115927.731   117340.731   117221.505
503  VT+I+R7       57642.209    316 115916.419   117368.187   117218.433
524  VT+F+I+R6     57696.411    333 116058.823   117897.203   117430.882
525  VT+F+I+R7     57684.810    335 116039.620   117931.385   117419.920
546  PMB+I+R6      57969.159    314 116566.317   117979.317   117860.090
547  PMB+I+R7      57967.039    316 116566.078   118017.846   117868.092
568  PMB+F+I+R6    57882.868    333 116431.735   118270.115   117803.794
569  PMB+F+I+R7    57879.122    335 116428.244   118320.009   117808.544
590  BLOSUM62+I+R6 57998.441    314 116624.883   118037.883   117918.656
591  BLOSUM62+I+R7 57995.667    316 116623.335   118075.103   117925.349
612  BLOSUM62+F+I+R6 57812.487    333 116290.974   118129.354   117663.033
613  BLOSUM62+F+I+R7 57808.401    335 116286.801   118178.566   117667.101
634  DAYHOFF+I+R6  58225.341    314 117078.683   118491.683   118372.456
635  DAYHOFF+I+R7  58216.697    316 117065.394   118517.162   118367.408
656  DAYHOFF+F+I+R6 58288.288    333 117242.576   119080.957   118614.635
657  DAYHOFF+F+I+R7 58275.883    335 117221.767   119113.532   118602.066
678  MTREV+I+R6    60557.666    314 121743.333   123156.333   123037.106
679  MTREV+I+R7    60540.686    316 121713.373   123165.141   123015.387
700  MTREV+F+I+R6  58332.204    333 117330.409   119168.789   118702.468
701  MTREV+F+I+R7  58317.247    335 117304.493   119196.258   118684.793
722  MTART+I+R6    61259.130    314 123146.260   124559.260   124440.034
723  MTART+I+R7    61230.677    316 123093.354   124545.122   124395.368
744  MTART+F+I+R6  58693.567    333 118053.134   119891.514   119425.193
745  MTART+F+I+R7  58675.596    335 118021.192   119912.957   119401.492
766  MTZOA+I+R6    59754.806    314 120137.611   121550.611   121431.385
767  MTZOA+I+R7    59739.217    316 120110.434   121562.202   121412.448
788  MTZOA+F+I+R6  58168.212    333 117002.424   118840.804   118374.483
789  MTZOA+F+I+R7  58152.491    335 116974.981   118866.746   118355.281
810  MTMET+I+R6    60694.801    314 122017.602   123430.602   123311.375
811  MTMET+I+R7    60689.243    316 122010.486   123462.254   123312.500
832  MTMET+F+I+R6  58344.967    333 117355.933   119194.313   118727.992
833  MTMET+F+I+R7  58332.214    335 117334.428   119226.192   118714.727
854  MTVER+I+R6    60882.513    314 122393.027   123806.027   123686.800
855  MTVER+I+R7    60872.598    316 122377.195   123828.963   123679.209
876  MTVER+F+I+R6  58928.712    333 118523.424   120361.804   119895.483
877  MTVER+F+I+R7  58920.085    335 118510.169   120401.934   119890.469
898  MTINV+I+R6    61093.992    314 122815.983   124228.983   124109.757
899  MTINV+I+R7    61088.846    316 122809.693   124261.461   124111.707
920  MTINV+F+I+R6  57995.963    333 116657.926   118496.307   118029.986
921  MTINV+F+I+R7  57989.316    335 116648.632   118540.397   118028.932
942  MTMAM+I+R6    61734.837    314 124097.673   125510.673   125391.447
943  MTMAM+I+R7    61700.891    316 124033.781   125485.549   125335.795
964  MTMAM+F+I+R6  59296.422    333 119258.845   121097.225   120630.904
965  MTMAM+F+I+R7  59271.430    335 119212.861   121104.625   120593.160
986  FLAVI+I+R6    60011.111    314 120650.222   122063.222   121943.996
987  FLAVI+I+R7    59995.942    316 120623.884   122075.652   121925.898
1008  FLAVI+F+I+R6  59796.539    333 120259.077   122097.457   121631.136
1009  FLAVI+F+I+R7  59782.216    335 120234.433   122126.197   121614.732
1030  HIVB+I+R6     59015.012    314 118658.024   120071.024   119951.798
1031  HIVB+I+R7     58992.387    316 118616.775   120068.543   119918.789
1052  HIVB+F+I+R6   58844.527    333 118355.053   120193.433   119727.112
1053  HIVB+F+I+R7   58824.088    335 118318.176   120209.941   119698.476
1074  HIVW+I+R6     61360.254    314 123348.507   124761.507   124642.281
1075  HIVW+I+R7     61324.659    316 123281.318   124733.086   124583.332
1096  HIVW+F+I+R6   60468.965    333 121603.930   123442.311   122975.989
1097  HIVW+F+I+R7   60438.919    335 121547.839   123439.603   122928.138
1118  FLU+I+R6      58809.684    314 118247.369   119660.369   119541.142
1119  FLU+I+R7      58788.980    316 118209.960   119661.728   119511.974
1140  FLU+F+I+R6    58552.964    333 117771.927   119610.307   119143.986
1141  FLU+F+I+R7    58531.556    335 117733.113   119624.877   119113.412
1162  RTREV+I+R6    57927.921    314 116483.843   117896.843   117777.616
1163  RTREV+I+R7    57913.115    316 116458.230   117909.999   117760.244
1184  RTREV+F+I+R6  57553.841    333 115773.681   117612.061   117145.740
1185  RTREV+F+I+R7  57539.110    335 115748.219   117639.984   117128.519
1206  CPREV+I+R6    57964.517    314 116557.034   117970.034   117850.807
1207  CPREV+I+R7    57939.395    316 116510.790   117962.558   117812.804
1228  CPREV+F+I+R6  57807.221    333 116280.441   118118.821   117652.500
1229  CPREV+F+I+R7  57782.864    335 116235.728   118127.492   117616.027
Akaike Information Criterion:           Q.PFAM+I+R7
Corrected Akaike Information Criterion: Q.PFAM+I+R6
Bayesian Information Criterion:         Q.PFAM+I+R6
Best-fit model: Q.PFAM+I+R6 chosen according to BIC

All model information printed to training_data/prot_M4249_153_455.phy/output_files/iqtree/inference/pars_4.model.gz
CPU time for ModelFinder: 10885.518 seconds (3h:1m:25s)
Wall-clock time for ModelFinder: 2420.316 seconds (0h:40m:20s)

NOTE: 65 MB RAM (0 GB) is required!
Estimate model parameters (epsilon = 0.010)
1. Initial log-likelihood: -57393.311
2. Current log-likelihood: -57368.930
3. Current log-likelihood: -57365.259
4. Current log-likelihood: -57364.741
5. Current log-likelihood: -57364.265
6. Current log-likelihood: -57363.544
7. Current log-likelihood: -57362.710
8. Current log-likelihood: -57362.135
9. Current log-likelihood: -57361.899
10. Current log-likelihood: -57361.829
11. Current log-likelihood: -57361.811
Optimal log-likelihood: -57361.805
Proportion of invariable sites: 0.020
Site proportion and rates:  (0.082,0.055) (0.123,0.227) (0.138,0.443) (0.114,0.750) (0.267,1.253) (0.257,1.897)
Parameters optimization took 11 rounds (41.439 sec)
Wrote distance file to... 
BEST SCORE FOUND : -57361.805
Total tree length: 128.964

Total number of iterations: 0
CPU time used for tree search: 0.000 sec (0h:0m:0s)
Wall-clock time used for tree search: 0.000 sec (0h:0m:0s)
Total CPU time used: 11068.351 sec (3h:4m:28s)
Total wall-clock time used: 2461.857 sec (0h:41m:1s)

Analysis results written to: 
  IQ-TREE report:                training_data/prot_M4249_153_455.phy/output_files/iqtree/inference/pars_4.iqtree
  Maximum-likelihood tree:       training_data/prot_M4249_153_455.phy/output_files/iqtree/inference/pars_4.treefile
  Screen log file:               training_data/prot_M4249_153_455.phy/output_files/iqtree/inference/pars_4.log

Date and Time: Wed Oct 15 12:10:53 2025
ee/inference/pars_4.log

Date and Time: Wed Oct 15 12:10:53 2025
