IQ-TREE version 3.0.1 for Linux x86 64-bit built Sep 23 2025
Developed by Bui Quang Minh, Thomas Wong, Nhan Ly-Trong, Huaiyan Ren
Contributed by Lam-Tung Nguyen, Dominik Schrempf, Chris Bielow,
Olga Chernomor, Michael Woodhams, Diep Thi Hoang, Heiko Schmidt

Host:    cnode01.hpc.vast.vn (AVX512, FMA3, 125 GB RAM)
Command: /datausers/ioit/thaontp/tranthanhvan235/iqtree3/build/iqtree3 -s /datausers/ioit/thaontp/tranthanhvan235/data_treebase/remainMSAs/prot_M4860_62_11544.phy -pre training_data/prot_M4860_62_11544.phy/output_files/iqtree/inference/pars_6 -seed 6 -ninit 1 -T 1 -redo -n 0 -nt AUTO
Seed:    6 (Using SPRNG - Scalable Parallel Random Number Generator)
Time:    Mon Oct  6 04:18:39 2025
Kernel:  AVX+FMA - auto-detect threads (56 CPU cores detected)

Reading alignment file /datausers/ioit/thaontp/tranthanhvan235/data_treebase/remainMSAs/prot_M4860_62_11544.phy ... Phylip format detected
Alignment most likely contains protein sequences
Constructing alignment: done in 0.0598038 secs using 1336% CPU
Alignment has 62 sequences with 11544 columns, 10806 distinct patterns
7120 parsimony-informative, 2050 singleton sites, 2374 constant sites
                               Gap/Ambiguity  Composition  p-value
Analyzing sequences: done in 0.0371409 secs using 2606% CPU
   1  Acropora_millepora               8.56%    passed     69.07%
   2  Alcyonidium_diaphanum           10.06%    passed     76.60%
   3  Anopheles_gambiae                0.66%    passed     12.20%
   4  Apis_mellifera                   0.70%    passed     99.87%
   5  Aplysia_californica              1.37%    passed     99.98%
   6  Arenicola_marina                34.49%    passed     80.80%
   7  Argopecten_irradians             6.54%    passed     98.59%
   8  Ascaris_suum                     1.50%    passed     90.29%
   9  Barentsia_elongata              53.85%    passed     86.49%
  10  Bugula_neritina                  1.15%    passed     99.04%
  11  Caenorhabditis_elegans           3.21%    failed      0.00%
  12  Capitella_sp.                    4.64%    passed     99.60%
  13  Carinoma_mutabilis               5.65%    passed     74.26%
  14  Cerebratulus_lacteus             8.49%    passed     99.89%
  15  Chaetoderma_nitidulum           22.31%    passed     81.89%
  16  Chaetopleura_apiculata          42.37%    passed     89.63%
  17  Chaetopterus_sp.                14.60%    passed     99.38%
  18  Ciona_intestinalis               0.74%    passed     80.77%
  19  Crassostrea_gigas                7.16%    passed     99.29%
  20  Cristatella_mucedo               3.85%    passed     53.05%
  21  Daphnia_pulex                    4.00%    passed     95.87%
  22  Dreissena_rostriformis          19.45%    passed     78.50%
  23  Echinococcus_granulosus         10.63%    passed      6.30%
  24  Euperipatoides_kanangrensis     22.62%    passed     92.28%
  25  Euprymna_scolopes               24.49%    passed     76.98%
  26  Eurythoe_complanata             59.71%    passed     46.72%
  27  Flustra_foliacea                11.00%    passed     99.64%
  28  Gnathostomula_peregrina         27.88%    passed     91.69%
  29  Haliotis_discus                 64.14%    failed      0.97%
  30  Helobdella_robusta               2.88%    passed     84.96%
  31  Homarus_americanus               6.78%    passed     99.87%
  32  Homo_sapiens                     0.06%    passed     99.97%
  33  Hydra_magnipapillata             1.72%    failed      0.49%
  34  Hypsibius_dujardini             13.39%    passed     57.86%
  35  Idiosepius_paradoxus            42.85%    passed     45.45%
  36  Ixodes_scapularis                1.13%    passed     41.34%
  37  Lineus_viridis                  25.08%    passed     71.40%
  38  Lottia_gigantea                  5.15%    passed     91.73%
  39  Lumbricus_rubellus               1.09%    passed     99.79%
  40  Macrostomum_lignano             27.34%    failed      0.00%
  41  Nematostella_vectensis           1.42%    passed     99.17%
  42  Novocrania_anomala              51.65%    passed     70.99%
  43  Paraplanocera_sp.                9.80%    passed     80.63%
  44  Pedicellina_cernua              10.68%    passed     93.89%
  45  Philodina_roseola                5.08%    passed     31.44%
  46  Phoronis_ijimai                 56.08%    passed     25.16%
  47  Phoronis_muelleri               30.54%    passed     94.10%
  48  Platynereis_dumerilii           59.12%    passed     52.44%
  49  Pomphorhynchus_laevis           35.78%    failed      0.02%
  50  Priapulus_caudatus              48.02%    passed     95.77%
  51  Ptychodera_flava                 1.13%    passed     97.86%
  52  Ridgeia_piscesae                74.01%    passed     52.21%
  53  Schistosoma_mansoni              5.88%    passed      7.61%
  54  Sipunculus_nudus                55.80%    passed     89.82%
  55  Strongylocentrotus_purpuratus    5.62%    passed     99.67%
  56  Takifugu_rubripes                1.83%    passed     99.99%
  57  Terebratalia_transversa         23.18%    passed     77.23%
  58  Themiste_lageniformis           21.68%    passed     97.83%
  59  Tubifex_tubifex                  0.28%    passed     99.87%
  60  Tubulipora_sp.                  37.70%    passed     81.91%
  61  Urechis_caupo                    6.58%    passed     99.94%
  62  Xiphinema_index                  8.91%    passed     52.00%
WARNING: 8 sequences contain more than 50% gaps/ambiguity
****  TOTAL                           18.61%  5 sequences failed composition chi2 test (p-value<5%; df=19)
Checking for duplicate sequences: done in 0.0507746 secs using 2587% CPU


Create initial parsimony tree by phylogenetic likelihood library (PLL)... 0.700 seconds
Measuring multi-threading efficiency up to 56 CPU cores
Increase to 10 rounds for branch lengths
2 trees examined
Threads: 1 / Time: 63.834 sec / Speedup: 1.000 / Efficiency: 100% / LogL: -460770
Threads: 2 / Time: 36.758 sec / Speedup: 1.737 / Efficiency: 87% / LogL: -460770
Threads: 3 / Time: 24.472 sec / Speedup: 2.608 / Efficiency: 87% / LogL: -460770
Threads: 4 / Time: 19.541 sec / Speedup: 3.267 / Efficiency: 82% / LogL: -460770
Threads: 5 / Time: 16.060 sec / Speedup: 3.975 / Efficiency: 79% / LogL: -460770
Threads: 6 / Time: 13.806 sec / Speedup: 4.624 / Efficiency: 77% / LogL: -460770
Threads: 7 / Time: 12.133 sec / Speedup: 5.261 / Efficiency: 75% / LogL: -460770
Threads: 8 / Time: 10.351 sec / Speedup: 6.167 / Efficiency: 77% / LogL: -460770
Threads: 9 / Time: 9.492 sec / Speedup: 6.725 / Efficiency: 75% / LogL: -460770
Threads: 10 / Time: 9.314 sec / Speedup: 6.853 / Efficiency: 69% / LogL: -460770
Threads: 11 / Time: 8.369 sec / Speedup: 7.627 / Efficiency: 69% / LogL: -460770
Threads: 12 / Time: 7.611 sec / Speedup: 8.387 / Efficiency: 70% / LogL: -460770
Threads: 13 / Time: 7.262 sec / Speedup: 8.790 / Efficiency: 68% / LogL: -460770
Threads: 14 / Time: 7.261 sec / Speedup: 8.792 / Efficiency: 63% / LogL: -460770
Threads: 15 / Time: 7.087 sec / Speedup: 9.008 / Efficiency: 60% / LogL: -460770
Threads: 16 / Time: 6.994 sec / Speedup: 9.127 / Efficiency: 57% / LogL: -460770
Threads: 17 / Time: 6.672 sec / Speedup: 9.568 / Efficiency: 56% / LogL: -460770
Threads: 18 / Time: 6.420 sec / Speedup: 9.943 / Efficiency: 55% / LogL: -460770
Threads: 19 / Time: 6.689 sec / Speedup: 9.543 / Efficiency: 50% / LogL: -460770
Threads: 20 / Time: 7.081 sec / Speedup: 9.015 / Efficiency: 45% / LogL: -460770
Determining AUTO threadcount: done in 287.269 secs using 654% CPU
BEST NUMBER OF THREADS: 17

Perform fast likelihood tree search using LG+I+G model...
Estimate model parameters (epsilon = 5.000)
Perform nearest neighbor interchange...
Estimate model parameters (epsilon = 1.000)
1. Initial log-likelihood: -421967.970
2. Current log-likelihood: -421966.426
Optimal log-likelihood: -421965.693
Proportion of invariable sites: 0.126
Gamma shape alpha: 0.810
Parameters optimization took 2 rounds (1.969 sec)
Time for fast ML tree search: 11.048 seconds

NOTE: ModelFinder requires 1037 MB RAM!
ModelFinder will test up to 1232 protein models (sample size: 11544 epsilon: 0.100) ...
 No. Model         -LnL         df  AIC          AICc         BIC
  1  LG            456964.118   121 914170.237   914172.822   915060.061
  2  LG+I          444918.800   122 890081.600   890084.228   890978.779
  3  LG+G4         422282.537   122 844809.075   844811.703   845706.253
  4  LG+I+G4       421965.227   123 844176.455   844179.126   845080.987
  5  LG+R2         427441.425   123 855128.849   855131.520   856033.381
  6  LG+R3         422598.049   125 845446.098   845448.857   846365.338
  7  LG+R4         421459.487   127 843172.973   843175.821   844106.921
  8  LG+R5         421131.400   129 842520.801   842523.739   843469.457
  9  LG+R6         421059.152   131 842380.305   842383.335   843343.668
 10  LG+R7         421049.056   133 842364.112   842367.235   843342.183
 11  LG+R8         421048.726   135 842367.452   842370.671   843360.232
 14  LG+I+R2       425412.312   124 851072.625   851075.340   851984.511
 15  LG+I+R3       422064.957   126 844381.914   844384.717   845308.508
 16  LG+I+R4       421341.492   128 842938.985   842941.878   843880.286
 17  LG+I+R5       421110.771   130 842481.542   842484.527   843437.552
 18  LG+I+R6       421049.920   132 842363.839   842366.916   843334.557
 19  LG+I+R7       421048.703   134 842365.405   842368.576   843350.831
 31  LG+F+R6       421324.086   150 842948.171   842952.147   844051.259
 32  LG+F+R7       421313.272   152 842930.544   842934.627   844048.340
 40  LG+F+I+R6     421315.284   151 842932.568   842936.597   844043.010
 53  WAG+R6        425388.121   131 851038.242   851041.272   852001.605
 54  WAG+R7        425382.844   133 851031.687   851034.811   852009.759
 62  WAG+I+R6      425385.110   132 851034.220   851037.297   852004.938
 75  WAG+F+R6      425466.951   150 851233.901   851237.878   852336.990
 76  WAG+F+R7      425459.593   152 851223.186   851227.269   852340.982
 84  WAG+F+I+R6    425463.880   151 851229.761   851233.790   852340.203
 97  JTT+R6        426696.127   131 853654.254   853657.285   854617.618
 98  JTT+R7        426687.339   133 853640.677   853643.801   854618.749
106  JTT+I+R6      426691.109   132 853646.218   853649.295   854616.936
119  JTT+F+R6      426941.156   150 854182.312   854186.288   855285.401
120  JTT+F+R7      426933.814   152 854171.628   854175.711   855289.424
128  JTT+F+I+R6    426936.148   151 854174.296   854178.325   855284.738
141  Q.PFAM+R6     422098.361   131 844458.723   844461.753   845422.086
142  Q.PFAM+R7     422089.249   133 844444.498   844447.622   845422.570
150  Q.PFAM+I+R6   422088.616   132 844441.232   844444.309   845411.950
163  Q.PFAM+F+R6   421924.922   150 844149.844   844153.820   845252.932
164  Q.PFAM+F+R7   421914.124   152 844132.249   844136.332   845250.045
172  Q.PFAM+F+I+R6 421915.315   151 844132.629   844136.659   845243.071
185  Q.BIRD+R6     438046.837   131 876355.674   876358.705   877319.038
186  Q.BIRD+R7     438003.473   133 876272.946   876276.070   877251.018
194  Q.BIRD+I+R6   438021.676   132 876307.353   876310.430   877278.070
207  Q.BIRD+F+R6   439036.745   150 878373.490   878377.466   879476.578
208  Q.BIRD+F+R7   438999.634   152 878303.267   878307.350   879421.063
216  Q.BIRD+F+I+R6 439017.058   151 878336.116   878340.145   879446.558
229  Q.MAMMAL+R6   433198.705   131 866659.411   866662.441   867622.774
230  Q.MAMMAL+R7   433172.354   133 866610.709   866613.832   867588.780
238  Q.MAMMAL+I+R6 433183.603   132 866631.206   866634.283   867601.924
251  Q.MAMMAL+F+R6 434002.738   150 868305.475   868309.451   869408.563
252  Q.MAMMAL+F+R7 433978.693   152 868261.386   868265.469   869379.182
260  Q.MAMMAL+F+I+R6 433987.644   151 868277.289   868281.318   869387.731
273  Q.INSECT+R6   419795.331   131 839852.662   839855.692   840816.026
274  Q.INSECT+R7   419781.003   133 839828.006   839831.130   840806.078
282  Q.INSECT+I+R6 419784.984   132 839833.967   839837.044   840804.685
295  Q.INSECT+F+R6 420470.410   150 841240.819   841244.795   842343.907
296  Q.INSECT+F+R7 420458.277   152 841220.555   841224.638   842338.351
304  Q.INSECT+F+I+R6 420461.246   151 841224.491   841228.520   842334.933
317  Q.PLANT+R6    426536.119   131 853334.239   853337.269   854297.602
318  Q.PLANT+R7    426509.657   133 853285.314   853288.438   854263.385
326  Q.PLANT+I+R6  426518.649   132 853301.298   853304.375   854272.016
339  Q.PLANT+F+R6  427460.966   150 855221.933   855225.909   856325.021
340  Q.PLANT+F+R7  427441.208   152 855186.416   855190.500   856304.212
348  Q.PLANT+F+I+R6 427448.118   151 855198.235   855202.265   856308.677
361  Q.YEAST+R6    420732.247   131 841726.494   841729.525   842689.858
362  Q.YEAST+R7    420717.910   133 841701.819   841704.943   842679.891
370  Q.YEAST+I+R6  420722.997   132 841709.995   841713.072   842680.712
383  Q.YEAST+F+R6  420483.131   150 841266.262   841270.238   842369.350
384  Q.YEAST+F+R7  420469.697   152 841243.393   841247.476   842361.189
392  Q.YEAST+F+I+R6 420473.541   151 841249.082   841253.111   842359.524
405  JTTDCMUT+R6   426493.977   131 853249.953   853252.984   854213.317
406  JTTDCMUT+R7   426486.289   133 853238.577   853241.701   854216.649
414  JTTDCMUT+I+R6 426489.091   132 853242.183   853245.260   854212.900
427  JTTDCMUT+F+R6 426712.408   150 853724.816   853728.792   854827.904
428  JTTDCMUT+F+R7 426706.500   152 853716.999   853721.082   854834.795
436  JTTDCMUT+F+I+R6 426707.822   151 853717.643   853721.673   854828.085
449  DCMUT+R6      427977.397   131 856216.795   856219.825   857180.158
450  DCMUT+R7      427959.530   133 856185.061   856188.185   857163.132
458  DCMUT+I+R6    427972.197   132 856208.394   856211.471   857179.111
471  DCMUT+F+R6    426774.074   150 853848.147   853852.123   854951.235
472  DCMUT+F+R7    426756.416   152 853816.832   853820.915   854934.628
480  DCMUT+F+I+R6  426765.987   151 853833.973   853838.003   854944.415
493  VT+R6         427281.956   131 854825.912   854828.942   855789.275
494  VT+R7         427275.643   133 854817.286   854820.410   855795.357
502  VT+I+R6       427277.395   132 854818.789   854821.866   855789.507
515  VT+F+R6       427307.840   150 854915.680   854919.656   856018.768
516  VT+F+R7       427303.099   152 854910.198   854914.281   856027.994
524  VT+F+I+R6     427304.124   151 854910.247   854914.277   856020.689
537  PMB+R6        430230.645   131 860723.289   860726.320   861686.653
538  PMB+R7        430222.202   133 860710.403   860713.527   861688.475
546  PMB+I+R6      430224.759   132 860713.518   860716.595   861684.235
559  PMB+F+R6      430598.494   150 861496.988   861500.965   862600.077
560  PMB+F+R7      430590.315   152 861484.631   861488.714   862602.427
568  PMB+F+I+R6    430594.145   151 861490.291   861494.320   862600.733
581  BLOSUM62+R6   429527.823   131 859317.647   859320.677   860281.011
582  BLOSUM62+R7   429519.359   133 859304.719   859307.843   860282.790
590  BLOSUM62+I+R6 429521.347   132 859306.694   859309.771   860277.412
603  BLOSUM62+F+R6 430222.549   150 860745.097   860749.073   861848.185
604  BLOSUM62+F+R7 430214.882   152 860733.765   860737.848   861851.561
612  BLOSUM62+F+I+R6 430217.878   151 860737.756   860741.786   861848.198
625  DAYHOFF+R6    427936.703   131 856135.406   856138.437   857098.770
626  DAYHOFF+R7    427918.527   133 856103.053   856106.177   857081.125
634  DAYHOFF+I+R6  427931.613   132 856127.225   856130.302   857097.943
647  DAYHOFF+F+R6  426739.636   150 853779.271   853783.247   854882.359
648  DAYHOFF+F+R7  426721.881   152 853747.762   853751.845   854865.558
656  DAYHOFF+F+I+R6 426731.652   151 853765.305   853769.334   854875.747
669  MTREV+R6      453211.896   131 906685.791   906688.822   907649.155
670  MTREV+R7      453154.835   133 906575.670   906578.794   907553.741
678  MTREV+I+R6    453177.702   132 906619.404   906622.481   907590.121
691  MTREV+F+R6    434416.100   150 869132.199   869136.175   870235.287
692  MTREV+F+R7    434381.893   152 869067.787   869071.870   870185.583
700  MTREV+F+I+R6  434399.337   151 869100.674   869104.703   870211.116
713  MTART+R6      450190.360   131 900642.721   900645.751   901606.084
714  MTART+R7      450017.733   133 900301.466   900304.590   901279.538
722  MTART+I+R6    450097.547   132 900459.094   900462.171   901429.812
735  MTART+F+R6    432502.998   150 865305.996   865309.973   866409.085
736  MTART+F+R7    432422.700   152 865149.399   865153.482   866267.195
744  MTART+F+I+R6  432466.970   151 865235.941   865239.970   866346.383
757  MTZOA+R6      440041.815   131 880345.631   880348.661   881308.994
758  MTZOA+R7      439945.031   133 880156.063   880159.187   881134.134
766  MTZOA+I+R6    439997.671   132 880259.341   880262.418   881230.059
779  MTZOA+F+R6    427990.490   150 856280.980   856284.956   857384.069
780  MTZOA+F+R7    427955.802   152 856215.603   856219.686   857333.399
788  MTZOA+F+I+R6  427969.664   151 856241.329   856245.358   857351.771
801  MTMET+R6      451218.779   131 902699.558   902702.589   903662.922
802  MTMET+R7      451158.001   133 902582.002   902585.126   903560.074
810  MTMET+I+R6    451189.802   132 902643.604   902646.681   903614.321
823  MTMET+F+R6    433678.373   150 867656.745   867660.721   868759.833
824  MTMET+F+R7    433634.754   152 867573.508   867577.591   868691.304
832  MTMET+F+I+R6  433654.703   151 867611.405   867615.435   868721.847
845  MTVER+R6      461289.423   131 922840.846   922843.877   923804.210
846  MTVER+R7      461212.186   133 922690.372   922693.496   923668.443
854  MTVER+I+R6    461258.617   132 922781.234   922784.311   923751.952
867  MTVER+F+R6    443795.496   150 887890.991   887894.967   888994.079
868  MTVER+F+R7    443727.573   152 887759.147   887763.230   888876.943
876  MTVER+F+I+R6  443763.404   151 887828.809   887832.838   888939.251
889  MTINV+R6      450107.177   131 900476.354   900479.384   901439.717
890  MTINV+R7      450057.263   133 900380.526   900383.650   901358.598
898  MTINV+I+R6    450079.273   132 900422.546   900425.623   901393.264
911  MTINV+F+R6    428762.677   150 857825.355   857829.331   858928.443
912  MTINV+F+R7    428736.796   152 857777.592   857781.675   858895.388
920  MTINV+F+I+R6  428748.909   151 857799.818   857803.847   858910.260
933  MTMAM+R6      466226.147   131 932714.293   932717.324   933677.657
934  MTMAM+R7      466077.041   133 932420.081   932423.205   933398.153
942  MTMAM+I+R6    466142.192   132 932548.384   932551.461   933519.102
955  MTMAM+F+R6    447222.455   150 894744.910   894748.886   895847.998
956  MTMAM+F+R7    447130.841   152 894565.682   894569.766   895683.478
964  MTMAM+F+I+R6  447164.064   151 894630.129   894634.158   895740.571
977  FLAVI+R6      448282.776   131 896827.552   896830.583   897790.916
978  FLAVI+R7      448213.568   133 896693.136   896696.260   897671.208
986  FLAVI+I+R6    448252.739   132 896769.478   896772.555   897740.196
999  FLAVI+F+R6    450225.118   150 900750.235   900754.211   901853.323
1000  FLAVI+F+R7    450164.509   152 900633.018   900637.101   901750.814
1008  FLAVI+F+I+R6  450205.012   151 900712.025   900716.054   901822.467
1021  HIVB+R6       440185.754   131 880633.507   880636.538   881596.871
1022  HIVB+R7       440146.038   133 880558.076   880561.200   881536.147
1030  HIVB+I+R6     440166.678   132 880597.357   880600.434   881568.074
1043  HIVB+F+R6     440912.109   150 882124.217   882128.194   883227.306
1044  HIVB+F+R7     440872.661   152 882049.323   882053.406   883167.119
1052  HIVB+F+I+R6   440897.657   151 882097.314   882101.344   883207.757
1065  HIVW+R6       461979.872   131 924221.743   924224.774   925185.107
1066  HIVW+R7       461918.224   133 924102.449   924105.573   925080.520
1074  HIVW+I+R6     461954.931   132 924173.862   924176.939   925144.580
1087  HIVW+F+R6     459403.654   150 919107.309   919111.285   920210.397
1088  HIVW+F+R7     459343.466   152 918990.932   918995.015   920108.728
1096  HIVW+F+I+R6   459387.816   151 919077.633   919081.662   920188.075
1109  FLU+R6        435784.821   131 871831.642   871834.673   872795.006
1110  FLU+R7        435734.891   133 871735.782   871738.906   872713.853
1118  FLU+I+R6      435770.971   132 871805.942   871809.019   872776.659
1131  FLU+F+R6      437575.162   150 875450.325   875454.301   876553.413
1132  FLU+F+R7      437505.062   152 875314.123   875318.206   876431.919
1140  FLU+F+I+R6    437562.480   151 875426.960   875430.989   876537.402
1153  RTREV+R6      424465.416   131 849192.833   849195.863   850156.196
1154  RTREV+R7      424458.876   133 849183.753   849186.877   850161.824
1162  RTREV+I+R6    424456.495   132 849176.990   849180.067   850147.708
1175  RTREV+F+R6    422411.532   150 845123.065   845127.041   846226.153
1176  RTREV+F+R7    422402.415   152 845108.830   845112.913   846226.626
1184  RTREV+F+I+R6  422402.041   151 845106.082   845110.112   846216.524
1197  CPREV+R6      428789.940   131 857841.881   857844.911   858805.245
1198  CPREV+R7      428780.310   133 857826.621   857829.744   858804.692
1206  CPREV+I+R6    428784.078   132 857832.156   857835.233   858802.874
1219  CPREV+F+R6    430220.951   150 860741.902   860745.878   861844.990
1220  CPREV+F+R7    430203.717   152 860711.435   860715.518   861829.231
1228  CPREV+F+I+R6  430216.085   151 860734.170   860738.199   861844.612
Akaike Information Criterion:           Q.INSECT+R7
Corrected Akaike Information Criterion: Q.INSECT+R7
Bayesian Information Criterion:         Q.INSECT+I+R6
Best-fit model: Q.INSECT+I+R6 chosen according to BIC

All model information printed to training_data/prot_M4860_62_11544.phy/output_files/iqtree/inference/pars_6.model.gz
CPU time for ModelFinder: 130006.424 seconds (36h:6m:46s)
Wall-clock time for ModelFinder: 7893.477 seconds (2h:11m:33s)

NOTE: 622 MB RAM (0 GB) is required!
Estimate model parameters (epsilon = 0.010)
1. Initial log-likelihood: -419801.976
2. Current log-likelihood: -419787.261
3. Current log-likelihood: -419786.602
4. Current log-likelihood: -419786.261
5. Current log-likelihood: -419786.023
6. Current log-likelihood: -419785.832
7. Current log-likelihood: -419785.673
8. Current log-likelihood: -419785.552
9. Current log-likelihood: -419785.465
10. Current log-likelihood: -419785.386
11. Current log-likelihood: -419785.339
12. Current log-likelihood: -419785.304
13. Current log-likelihood: -419785.275
14. Current log-likelihood: -419785.250
15. Current log-likelihood: -419785.237
16. Current log-likelihood: -419785.218
17. Current log-likelihood: -419785.207
18. Current log-likelihood: -419785.194
19. Current log-likelihood: -419785.183
Optimal log-likelihood: -419785.167
Proportion of invariable sites: 0.068
Site proportion and rates:  (0.297,0.092) (0.221,0.441) (0.194,1.096) (0.141,2.143) (0.063,3.887) (0.016,7.459)
Parameters optimization took 19 rounds (76.378 sec)
Wrote distance file to... 
BEST SCORE FOUND : -419785.167
Total tree length: 11.472

Total number of iterations: 0
CPU time used for tree search: 0.000 sec (0h:0m:0s)
Wall-clock time used for tree search: 0.000 sec (0h:0m:0s)
Total CPU time used: 131292.250 sec (36h:28m:12s)
Total wall-clock time used: 7969.982 sec (2h:12m:49s)

Analysis results written to: 
  IQ-TREE report:                training_data/prot_M4860_62_11544.phy/output_files/iqtree/inference/pars_6.iqtree
  Maximum-likelihood tree:       training_data/prot_M4860_62_11544.phy/output_files/iqtree/inference/pars_6.treefile
  Screen log file:               training_data/prot_M4860_62_11544.phy/output_files/iqtree/inference/pars_6.log

Date and Time: Mon Oct  6 06:31:29 2025
ee/inference/pars_6.log

Date and Time: Mon Oct  6 06:31:29 2025
