IQ-TREE version 3.0.1 for Linux x86 64-bit built Sep 23 2025
Developed by Bui Quang Minh, Thomas Wong, Nhan Ly-Trong, Huaiyan Ren
Contributed by Lam-Tung Nguyen, Dominik Schrempf, Chris Bielow,
Olga Chernomor, Michael Woodhams, Diep Thi Hoang, Heiko Schmidt

Host:    cnode01.hpc.vast.vn (AVX512, FMA3, 125 GB RAM)
Command: /datausers/ioit/thaontp/tranthanhvan235/iqtree3/build/iqtree3 -s /datausers/ioit/thaontp/tranthanhvan235/data_treebase/remainMSAs/prot_M11740_138_4427.phy -pre training_data/prot_M11740_138_4427.phy/output_files/iqtree/inference/pars_7 -seed 7 -ninit 1 -T 1 -redo -n 0 -nt AUTO
Seed:    7 (Using SPRNG - Scalable Parallel Random Number Generator)
Time:    Fri Oct  3 05:48:23 2025
Kernel:  AVX+FMA - auto-detect threads (56 CPU cores detected)

Reading alignment file /datausers/ioit/thaontp/tranthanhvan235/data_treebase/remainMSAs/prot_M11740_138_4427.phy ... Phylip format detected
Alignment most likely contains protein sequences
Constructing alignment: done in 0.0647388 secs using 1202% CPU
Alignment has 138 sequences with 4427 columns, 4380 distinct patterns
3699 parsimony-informative, 466 singleton sites, 262 constant sites
                               Gap/Ambiguity  Composition  p-value
Analyzing sequences: done in 0.0689273 secs using 2076% CPU
   1  Acyrthosiphon_pisum              0.47%    passed     73.53%
   2  Aedes_aegypti                    0.14%    passed     97.52%
   3  Allomyces_macrogynus             0.09%    failed      1.05%
   4  Anopheles_gambiae                0.14%    passed     99.21%
   5  Apis_mellifera                   0.14%    passed     22.33%
   6  Arabidopsis_lyrata               0.11%    passed     98.41%
   7  Arabidopsis_thaliana             0.14%    passed     98.46%
   8  Ashbya_gossypii                  0.07%    passed     92.36%
   9  Aspergillus_clavatus             0.07%    passed     94.52%
  10  Aspergillus_flavus               1.56%    passed     72.08%
  11  Aspergillus_fumigatus            1.54%    passed     99.22%
  12  Aspergillus_nidulans             2.12%    passed     51.58%
  13  Aspergillus_niger                3.34%    passed     83.91%
  14  Aspergillus_oryzae               0.00%    passed     88.67%
  15  Babesia_bovis                    1.85%    passed     31.71%
  16  Bombyx_mori                      8.79%    passed     73.26%
  17  Bos_taurus                       0.14%    passed     98.40%
  18  Botryotinia_fuckeliana          10.82%    passed     90.64%
  19  Brachypodium_distachyon          0.09%    passed     98.60%
  20  Branchiostoma_floridae           6.78%    passed     87.85%
  21  Brugia_malayi                    6.93%    passed     91.12%
  22  Caenorhabditis_briggsae          0.52%    passed     98.58%
  23  Caenorhabditis_elegans           0.14%    passed     97.06%
  24  Candida_albicans                 0.59%    passed     77.75%
  25  Candida_dubliniensis             0.14%    passed     60.04%
  26  Candida_glabrata                 0.07%    passed     95.20%
  27  Candida_tropicalis               1.58%    passed     77.38%
  28  Canis_familiaris                 2.82%    passed     98.57%
  29  Capsaspora_owczarzaki            3.39%    passed     62.46%
  30  Chlamydomonas_reinhardtii        5.56%    failed      0.06%
  31  Ciona_intestinalis               4.22%    passed     71.79%
  32  Clavispora_lusitaniae            0.45%    passed     99.38%
  33  Coccidioides_immitis             0.23%    passed     91.30%
  34  Coccidioides_posadasii           0.23%    passed     90.57%
  35  Coprinopsis_cinerea              0.16%    passed     57.02%
  36  Cryptococcus_neoformans          0.00%    passed     77.06%
  37  Cryptosporidium_hominis          3.98%    failed      0.00%
  38  Cryptosporidium_parvum           0.52%    failed      0.00%
  39  Culex_quinquefasciatus           6.12%    passed     90.77%
  40  Cyanidioschyzon_merolae          0.20%    failed      0.00%
  41  Danio_rerio                      4.74%    passed     97.57%
  42  Daphnia_pulex                    0.45%    passed     99.52%
  43  Debaryomyces_hansenii            0.07%    passed     75.76%
  44  Dictyostelium_discoideum         0.14%    passed     33.98%
  45  Drosophila_melanogaster          0.14%    passed     97.47%
  46  Drosophila_pseudoobscura         0.14%    passed     96.70%
  47  Encephalitozoon_cuniculi         2.55%    failed      0.00%
  48  Entamoeba_dispar                 0.25%    failed      0.00%
  49  Entamoeba_histolytica            0.25%    failed      0.00%
  50  Fugu_rubripes                    5.81%    passed     99.95%
  51  Fusarium_graminearum             0.00%    passed     83.55%
  52  Gallus_gallus                    2.39%    passed     98.76%
  53  Giardia_lamblia                  0.29%    failed      0.00%
  54  Homo_sapiens                     2.89%    passed     99.54%
  55  Hydra_magnipapillata            10.93%    passed     17.48%
  56  Kluyveromyces_lactis             0.07%    passed     58.68%
  57  Kluyveromyces_waltii             0.81%    passed     99.31%
  58  Laccaria_bicolor                 0.36%    passed     78.41%
  59  Lachancea_thermotolerans         0.07%    passed     92.89%
  60  Leishmania_braziliensis          1.17%    failed      1.26%
  61  Leishmania_infantum              0.56%    failed      0.64%
  62  Leishmania_major                 0.61%    failed      0.50%
  63  Lodderomyces_elongisporus        5.87%    passed     92.76%
  64  Lotus_japonicus                 29.75%    passed     90.57%
  65  Magnaporthe_oryzae               5.94%    passed     96.59%
  66  Malassezia_globosa               2.37%    passed     12.08%
  67  Medicago_truncatula             14.93%    passed     85.18%
  68  Meleagris_gallopavo              7.52%    passed     99.67%
  69  Meyerozyma_guilliermondii        2.62%    passed     55.30%
  70  Monodelphis_domestica            0.16%    passed    100.00%
  71  Monosiga_brevicollis             5.35%    passed      5.36%
  72  Mus_musculus                     0.14%    passed     99.18%
  73  Naegleria_gruberi                0.86%    passed     15.27%
  74  Nasonia_vitripennis              2.69%    passed     91.30%
  75  Nematostella_vectensis           2.82%    passed     89.59%
  76  Neosartorya_fischeri             0.34%    passed     77.71%
  77  Neurospora_crassa                1.67%    passed     76.58%
  78  Ornithorhynchus_anatinus        14.25%    failed      4.96%
  79  Oryza_sativa                     2.08%    passed     98.64%
  80  Oryzias_latipes                  1.76%    passed     97.60%
  81  Ostreococcus_lucimarinus         0.18%    failed      0.13%
  82  Ostreococcus_tauri               9.15%    passed      8.38%
  83  Paramecium_tetraurelia           0.23%    failed      0.00%
  84  Pediculus_humanus                1.56%    passed     91.59%
  85  Penicillium_chrysogenum          0.00%    passed     96.55%
  86  Phaeodactylum_tricornutum        0.32%    passed     28.63%
  87  Phaeosphaeria_nodorum            0.72%    passed     68.46%
  88  Phanerochaete_chrysosporium      0.81%    passed     33.08%
  89  Physcomitrella_patens            0.18%    passed     23.96%
  90  Phytophthora_infestans           0.00%    passed     37.73%
  91  Pichia_pastoris                  0.34%    passed     79.07%
  92  Plasmodium_berghei               8.00%    failed      0.00%
  93  Plasmodium_chabaudi             16.17%    failed      0.00%
  94  Plasmodium_falciparum            0.41%    failed      0.00%
  95  Plasmodium_knowlesi              0.41%    failed      0.00%
  96  Plasmodium_vivax                 0.41%    failed      0.00%
  97  Plasmodium_yoelii                6.87%    failed      0.00%
  98  Podospora_anserina               0.00%    passed     95.84%
  99  Populus_trichocarpa              0.52%    passed     98.19%
 100  Ricinus_communis                 0.09%    passed     98.82%
 101  Saccharomyces_bayanus            8.74%    passed     94.11%
 102  Saccharomyces_cerevisiae         0.07%    passed     79.10%
 103  Saccharomyces_mikatae           11.41%    passed     97.78%
 104  Saccharomyces_paradoxus          0.47%    passed     69.34%
 105  Salpingoeca_rosetta              2.12%    failed      0.22%
 106  Scheffersomyces_stipitis         0.29%    passed     95.06%
 107  Schistosoma_mansoni              4.25%    passed     98.82%
 108  Schizophyllum_commune            0.00%    passed     70.51%
 109  Schizosaccharomyces_pombe        0.07%    passed     98.94%
 110  Sclerotinia_sclerotiorum         2.85%    passed     91.08%
 111  Selaginella_moellendorffii       0.14%    passed     92.66%
 112  Sorghum_bicolor                  0.09%    passed     98.80%
 113  Sphaeroforma_arctica             6.21%    passed      8.98%
 114  Spizellomyces_punctatus          0.63%    passed     71.45%
 115  Strongylocentrotus_purpuratus    7.50%    passed     99.72%
 116  Sus_scrofa                       3.39%    passed     96.58%
 117  Tetrahymena_thermophila          0.23%    failed      0.00%
 118  Tetraodon_nigroviridis          11.66%    passed     99.84%
 119  Thalassiosira_pseudonana         2.37%    passed     18.77%
 120  Thecamonas_trahens               0.34%    failed      0.00%
 121  Theileria_annulata               2.19%    failed      0.00%
 122  Theileria_parva                  1.67%    failed      0.00%
 123  Toxoplasma_gondii                0.36%    failed      0.06%
 124  Tribolium_castaneum              0.14%    passed     86.33%
 125  Trichomonas_vaginalis            1.47%    passed     88.79%
 126  Trichoplax_adhaerens             0.50%    passed     89.14%
 127  Trypanosoma_brucei               0.45%    failed      0.10%
 128  Trypanosoma_cruzi                0.45%    failed      0.66%
 129  Tuber_melanosporum               3.89%    passed     93.62%
 130  Uncinocarpus_reesii              0.86%    passed     95.46%
 131  Ustilago_maydis                  0.41%    passed     33.99%
 132  Vanderwaltozyma_polyspora        0.07%    passed     64.82%
 133  Vitis_vinifera                   7.45%    passed     98.72%
 134  Volvox_carteri                   0.27%    failed      1.36%
 135  Xenopus_tropicalis               2.64%    passed     99.93%
 136  Yarrowia_lipolytica              0.09%    passed     94.55%
 137  Zea_mays                        16.85%    passed     44.81%
 138  Zygosaccharomyces_rouxii         0.07%    passed     97.10%
****  TOTAL                            2.62%  30 sequences failed composition chi2 test (p-value<5%; df=19)
Checking for duplicate sequences: done in 0.059362 secs using 2073% CPU


Create initial parsimony tree by phylogenetic likelihood library (PLL)... 0.892 seconds
Measuring multi-threading efficiency up to 56 CPU cores
11 trees examined
Threads: 1 / Time: 60.925 sec / Speedup: 1.000 / Efficiency: 100% / LogL: -617946
Threads: 2 / Time: 35.202 sec / Speedup: 1.731 / Efficiency: 87% / LogL: -617946
Threads: 3 / Time: 27.693 sec / Speedup: 2.200 / Efficiency: 73% / LogL: -617946
Threads: 4 / Time: 28.775 sec / Speedup: 2.117 / Efficiency: 53% / LogL: -617946
Threads: 5 / Time: 34.744 sec / Speedup: 1.754 / Efficiency: 35% / LogL: -617946
Determining AUTO threadcount: done in 187.357 secs using 225.1% CPU
BEST NUMBER OF THREADS: 3

Perform fast likelihood tree search using LG+I+G model...
Estimate model parameters (epsilon = 5.000)
Perform nearest neighbor interchange...
Estimate model parameters (epsilon = 1.000)
1. Initial log-likelihood: -373878.716
Optimal log-likelihood: -373878.618
Proportion of invariable sites: 0.044
Gamma shape alpha: 0.915
Parameters optimization took 1 rounds (6.649 sec)
Time for fast ML tree search: 77.547 seconds

NOTE: ModelFinder requires 938 MB RAM!
ModelFinder will test up to 1232 protein models (sample size: 4427 epsilon: 0.100) ...
 No. Model         -LnL         df  AIC          AICc         BIC
  1  LG            400734.657   273 802015.314   802051.337   803761.280
  2  LG+I          397609.581   274 795767.163   795803.459   797519.524
  3  LG+G4         374036.283   274 748620.567   748656.862   750372.927
  4  LG+I+G4       373878.637   275 748307.273   748343.843   750066.030
  5  LG+R2         379436.199   275 759422.398   759458.968   761181.155
  6  LG+R3         375037.956   277 750629.913   750667.033   752401.460
  7  LG+R4         373685.087   279 747928.174   747965.849   749712.512
  8  LG+R5         373180.697   281 746923.394   746961.629   748720.523
  9  LG+R6         372973.384   283 746512.768   746551.567   748322.688
 10  LG+R7         372931.788   285 746433.576   746472.944   748256.288
 11  LG+R8         372891.622   287 746357.244   746397.184   748192.746
 12  LG+R9         372887.683   289 746353.366   746393.883   748201.659
 14  LG+I+R2       378514.797   276 757581.594   757618.438   759346.746
 15  LG+I+R3       374695.540   278 749947.081   749984.478   751725.023
 16  LG+I+R4       373526.098   280 747612.195   747650.150   749402.929
 17  LG+I+R5       373108.786   282 746781.573   746820.089   748585.097
 18  LG+I+R6       372952.985   284 746473.970   746513.053   748290.286
 19  LG+I+R7       372908.626   286 746389.252   746428.905   748218.359
 20  LG+I+R8       372890.397   288 746356.794   746397.022   748198.691
 21  LG+I+R9       372886.686   290 746353.373   746394.180   748208.061
 33  LG+F+R8       373121.616   306 746855.231   746900.834   748812.247
 34  LG+F+R9       373117.694   308 746851.387   746897.610   748821.195
 42  LG+F+I+R8     373120.636   307 746855.272   746901.184   748818.684
 55  WAG+R8        375129.311   287 750832.622   750872.562   752668.124
 56  WAG+R9        375120.543   289 750819.087   750859.604   752667.380
 64  WAG+I+R8      375122.101   288 750820.202   750860.430   752662.099
 77  WAG+F+R8      375196.743   306 751005.486   751051.089   752962.502
 78  WAG+F+R9      375189.211   308 750994.421   751040.644   752964.228
 86  WAG+F+I+R8    375191.121   307 750996.242   751042.154   752959.654
 99  JTT+R8        378580.302   287 757734.604   757774.544   759570.106
100  JTT+R9        378572.106   289 757722.212   757762.730   759570.505
108  JTT+I+R8      378577.379   288 757730.758   757770.986   759572.655
121  JTT+F+R8      378810.065   306 758232.130   758277.733   760189.146
122  JTT+F+R9      378802.914   308 758221.828   758268.050   760191.635
130  JTT+F+I+R8    378808.991   307 758231.982   758277.894   760195.394
143  Q.PFAM+R8     373132.994   287 746839.989   746879.929   748675.491
144  Q.PFAM+R9     373124.927   289 746827.855   746868.372   748676.148
152  Q.PFAM+I+R8   373132.445   288 746840.890   746881.118   748682.787
165  Q.PFAM+F+R8   373425.890   306 747463.780   747509.383   749420.796
166  Q.PFAM+F+R9   373415.880   308 747447.759   747493.981   749417.566
174  Q.PFAM+F+I+R8 373425.671   307 747465.342   747511.254   749428.754
187  Q.BIRD+R8     390082.762   287 780739.525   780779.465   782575.027
188  Q.BIRD+R9     390055.051   289 780688.103   780728.620   782536.396
196  Q.BIRD+I+R8   390078.756   288 780733.511   780773.740   782575.409
209  Q.BIRD+F+R8   391078.959   306 782769.918   782815.521   784726.934
210  Q.BIRD+F+R9   391054.330   308 782724.660   782770.882   784694.467
218  Q.BIRD+F+I+R8 391075.893   307 782765.786   782811.698   784729.197
231  Q.MAMMAL+R8   385065.283   287 770704.567   770744.507   772540.069
232  Q.MAMMAL+R9   385041.002   289 770660.003   770700.521   772508.296
240  Q.MAMMAL+I+R8 385063.763   288 770703.526   770743.755   772545.424
253  Q.MAMMAL+F+R8 385926.715   306 772465.431   772511.034   774422.447
254  Q.MAMMAL+F+R9 385906.604   308 772429.207   772475.430   774399.014
262  Q.MAMMAL+F+I+R8 385925.906   307 772465.813   772511.725   774429.224
275  Q.INSECT+R8   373332.468   287 747238.936   747278.876   749074.438
276  Q.INSECT+R9   373311.067   289 747200.133   747240.651   749048.426
284  Q.INSECT+I+R8 373331.106   288 747238.212   747278.440   749080.110
297  Q.INSECT+F+R8 374671.568   306 749955.136   750000.739   751912.152
298  Q.INSECT+F+R9 374654.945   308 749925.891   749972.113   751895.698
306  Q.INSECT+F+I+R8 374670.265   307 749954.531   750000.443   751917.942
319  Q.PLANT+R8    380653.747   287 761881.493   761921.433   763716.995
320  Q.PLANT+R9    380634.355   289 761846.711   761887.228   763695.004
328  Q.PLANT+I+R8  380652.258   288 761880.517   761920.745   763722.414
341  Q.PLANT+F+R8  381466.116   306 763544.233   763589.836   765501.249
342  Q.PLANT+F+R9  381448.847   308 763513.693   763559.916   765483.500
350  Q.PLANT+F+I+R8 381464.235   307 763542.469   763588.381   765505.881
363  Q.YEAST+R8    373436.102   287 747446.204   747486.144   749281.706
364  Q.YEAST+R9    373421.056   289 747420.111   747460.629   749268.404
372  Q.YEAST+I+R8  373434.788   288 747445.575   747485.804   749287.473
385  Q.YEAST+F+R8  373764.486   306 748140.972   748186.575   750097.988
386  Q.YEAST+F+R9  373752.332   308 748120.665   748166.887   750090.472
394  Q.YEAST+F+I+R8 373763.521   307 748141.042   748186.954   750104.454
407  JTTDCMUT+R8   378420.781   287 757415.562   757455.502   759251.064
408  JTTDCMUT+R9   378412.282   289 757402.565   757443.082   759250.858
416  JTTDCMUT+I+R8 378418.696   288 757413.393   757453.621   759255.290
429  JTTDCMUT+F+R8 378648.324   306 757908.647   757954.250   759865.664
430  JTTDCMUT+F+R9 378640.131   308 757896.261   757942.484   759866.068
438  JTTDCMUT+F+I+R8 378646.681   307 757907.362   757953.274   759870.774
451  DCMUT+R8      380894.431   287 762362.862   762402.802   764198.364
452  DCMUT+R9      380885.665   289 762349.330   762389.848   764197.623
460  DCMUT+I+R8    380886.642   288 762349.284   762389.513   764191.182
473  DCMUT+F+R8    380470.338   306 761552.676   761598.279   763509.692
474  DCMUT+F+R9    380463.272   308 761542.545   761588.767   763512.352
482  DCMUT+F+I+R8  380464.303   307 761542.606   761588.518   763506.017
495  VT+R8         375947.958   287 752469.916   752509.857   754305.419
496  VT+R9         375940.199   289 752458.399   752498.916   754306.692
504  VT+I+R8       375945.497   288 752466.995   752507.223   754308.892
517  VT+F+R8       376242.176   306 753096.353   753141.956   755053.369
518  VT+F+R9       376236.228   308 753088.457   753134.679   755058.264
526  VT+F+I+R8     376240.143   307 753094.285   753140.197   755057.697
539  PMB+R8        377692.206   287 755958.412   755998.352   757793.914
540  PMB+R9        377688.572   289 755955.144   755995.662   757803.437
548  PMB+I+R8      377690.259   288 755956.519   755996.747   757798.416
561  PMB+F+R8      378328.526   306 757269.053   757314.656   759226.069
562  PMB+F+R9      378324.918   308 757265.836   757312.059   759235.643
570  PMB+F+I+R8    378326.277   307 757266.554   757312.466   759229.966
583  BLOSUM62+R8   377089.716   287 754753.433   754793.373   756588.935
584  BLOSUM62+R9   377088.052   289 754754.104   754794.622   756602.397
592  BLOSUM62+I+R8 377085.996   288 754747.992   754788.220   756589.889
605  BLOSUM62+F+R8 377770.887   306 756153.775   756199.378   758110.791
606  BLOSUM62+F+R9 377769.066   308 756154.131   756200.354   758123.938
614  BLOSUM62+F+I+R8 377767.102   307 756148.204   756194.116   758111.615
627  DAYHOFF+R8    380877.782   287 762329.564   762369.504   764165.066
628  DAYHOFF+R9    380869.146   289 762316.293   762356.810   764164.586
636  DAYHOFF+I+R8  380869.852   288 762315.705   762355.933   764157.602
649  DAYHOFF+F+R8  380457.572   306 761527.145   761572.748   763484.161
650  DAYHOFF+F+R9  380450.745   308 761517.490   761563.713   763487.297
658  DAYHOFF+F+I+R8 380451.636   307 761517.272   761563.185   763480.684
671  MTREV+R8      396278.837   287 793131.674   793171.614   794967.176
672  MTREV+R9      396248.833   289 793075.667   793116.184   794923.960
680  MTREV+I+R8    396270.857   288 793117.713   793157.941   794959.611
693  MTREV+F+R8    384396.268   306 769404.535   769450.138   771361.551
694  MTREV+F+R9    384384.500   308 769384.999   769431.222   771354.806
702  MTREV+F+I+R8  384394.815   307 769403.631   769449.543   771367.043
715  MTART+R8      397924.956   287 796423.913   796463.853   798259.415
716  MTART+R9      397888.378   289 796354.755   796395.273   798203.048
724  MTART+I+R8    397919.050   288 796414.100   796454.328   798255.997
737  MTART+F+R8    387039.987   306 774691.973   774737.576   776648.989
738  MTART+F+R9    387007.693   308 774631.386   774677.608   776601.193
746  MTART+F+I+R8  387031.388   307 774676.777   774722.689   776640.188
759  MTZOA+R8      388101.051   287 776776.102   776816.043   778611.604
760  MTZOA+R9      388077.358   289 776732.717   776773.234   778581.010
768  MTZOA+I+R8    388094.302   288 776764.604   776804.832   778606.502
781  MTZOA+F+R8    381159.148   306 762930.296   762975.899   764887.312
782  MTZOA+F+R9    381129.967   308 762875.935   762922.157   764845.742
790  MTZOA+F+I+R8  381149.693   307 762913.387   762959.299   764876.798
803  MTMET+R8      395057.783   287 790689.566   790729.506   792525.068
804  MTMET+R9      395040.428   289 790658.857   790699.374   792507.150
812  MTMET+I+R8    395050.985   288 790677.969   790718.198   792519.867
825  MTMET+F+R8    384698.896   306 770009.791   770055.394   771966.807
826  MTMET+F+R9    384680.274   308 769976.548   770022.771   771946.355
834  MTMET+F+I+R8  384695.833   307 770005.667   770051.579   771969.079
847  MTVER+R8      402465.133   287 805504.266   805544.206   807339.768
848  MTVER+R9      402433.445   289 805444.891   805485.408   807293.184
856  MTVER+I+R8    402459.306   288 805494.611   805534.839   807336.509
869  MTVER+F+R8    393634.588   306 787881.177   787926.780   789838.193
870  MTVER+F+R9    393614.334   308 787844.668   787890.890   789814.475
878  MTVER+F+I+R8  393626.081   307 787866.162   787912.075   789829.574
891  MTINV+R8      394254.789   287 789083.578   789123.518   790919.080
892  MTINV+R9      394235.771   289 789049.542   789090.059   790897.835
900  MTINV+I+R8    394247.547   288 789071.093   789111.321   790912.991
913  MTINV+F+R8    380398.962   306 761409.925   761455.527   763366.941
914  MTINV+F+R9    380375.632   308 761367.264   761413.487   763337.071
922  MTINV+F+I+R8  380387.386   307 761388.771   761434.684   763352.183
935  MTMAM+R8      409607.438   287 819788.876   819828.816   821624.378
936  MTMAM+R9      409553.359   289 819684.718   819725.235   821533.010
944  MTMAM+I+R8    409591.818   288 819759.637   819799.865   821601.534
957  MTMAM+F+R8    398994.981   306 798601.963   798647.566   800558.979
958  MTMAM+F+R9    398944.501   308 798505.002   798551.224   800474.809
966  MTMAM+F+I+R8  398976.467   307 798566.934   798612.846   800530.346
979  FLAVI+R8      403130.839   287 806835.677   806875.617   808671.179
980  FLAVI+R9      403106.682   289 806791.365   806831.882   808639.658
988  FLAVI+I+R8    403120.301   288 806816.602   806856.830   808658.500
1001  FLAVI+F+R8    403296.816   306 807205.631   807251.234   809162.647
1002  FLAVI+F+R9    403276.644   308 807169.288   807215.510   809139.095
1010  FLAVI+F+I+R8  403288.040   307 807190.080   807235.992   809153.491
1023  HIVB+R8       393474.931   287 787523.861   787563.801   789359.363
1024  HIVB+R9       393455.867   289 787489.735   787530.252   789338.028
1032  HIVB+I+R8     393466.846   288 787509.693   787549.921   789351.590
1045  HIVB+F+R8     393360.598   306 787333.195   787378.798   789290.211
1046  HIVB+F+R9     393340.016   308 787296.031   787342.254   789265.838
1054  HIVB+F+I+R8   393352.961   307 787319.921   787365.834   789283.333
1067  HIVW+R8       413146.065   287 826866.131   826906.071   828701.633
1068  HIVW+R9       413124.816   289 826827.632   826868.150   828675.925
1076  HIVW+I+R8     413132.580   288 826841.160   826881.388   828683.057
1089  HIVW+F+R8     409148.046   306 818908.091   818953.694   820865.107
1090  HIVW+F+R9     409126.418   308 818868.836   818915.059   820838.643
1098  HIVW+F+I+R8   409132.035   307 818878.070   818923.982   820841.481
1111  FLU+R8        388965.591   287 778505.181   778545.121   780340.683
1112  FLU+R9        388957.277   289 778492.553   778533.070   780340.846
1120  FLU+I+R8      388964.224   288 778504.449   778544.677   780346.346
1133  FLU+F+R8      388623.572   306 777859.144   777904.747   779816.160
1134  FLU+F+R9      388603.726   308 777823.452   777869.674   779793.259
1142  FLU+F+I+R8    388620.511   307 777855.022   777900.934   779818.434
1155  RTREV+R8      375935.838   287 752445.675   752485.615   754281.177
1156  RTREV+R9      375928.759   289 752435.518   752476.035   754283.811
1164  RTREV+I+R8    375932.507   288 752441.014   752481.242   754282.912
1177  RTREV+F+R8    374388.995   306 749389.990   749435.593   751347.006
1178  RTREV+F+R9    374382.415   308 749380.830   749427.052   751350.637
1186  RTREV+F+I+R8  374386.441   307 749386.882   749432.794   751350.294
1199  CPREV+R8      378510.351   287 757594.703   757634.643   759430.205
1200  CPREV+R9      378498.970   289 757575.940   757616.457   759424.233
1208  CPREV+I+R8    378502.602   288 757581.205   757621.433   759423.102
1221  CPREV+F+R8    378488.140   306 757588.281   757633.884   759545.297
1222  CPREV+F+R9    378475.398   308 757566.795   757613.017   759536.602
1230  CPREV+F+I+R8  378478.801   307 757571.601   757617.513   759535.013
Akaike Information Criterion:           LG+R9
Corrected Akaike Information Criterion: LG+R9
Bayesian Information Criterion:         LG+R8
Best-fit model: LG+R8 chosen according to BIC

All model information printed to training_data/prot_M11740_138_4427.phy/output_files/iqtree/inference/pars_7.model.gz
CPU time for ModelFinder: 217591.594 seconds (60h:26m:31s)
Wall-clock time for ModelFinder: 92333.338 seconds (25h:38m:53s)

NOTE: 750 MB RAM (0 GB) is required!
Estimate model parameters (epsilon = 0.010)
1. Initial log-likelihood: -372932.777
2. Current log-likelihood: -372895.851
3. Current log-likelihood: -372893.613
4. Current log-likelihood: -372892.611
5. Current log-likelihood: -372892.159
6. Current log-likelihood: -372891.960
7. Current log-likelihood: -372891.860
8. Current log-likelihood: -372891.780
9. Current log-likelihood: -372891.745
10. Current log-likelihood: -372891.728
Optimal log-likelihood: -372891.712
Site proportion and rates:  (0.122,0.045) (0.197,0.190) (0.194,0.449) (0.191,0.862) (0.148,1.528) (0.099,2.545) (0.038,4.212) (0.010,6.605)
Parameters optimization took 10 rounds (581.325 sec)
Wrote distance file to... 
BEST SCORE FOUND : -372891.712
Total tree length: 23.142

Total number of iterations: 0
CPU time used for tree search: 0.000 sec (0h:0m:0s)
Wall-clock time used for tree search: 0.000 sec (0h:0m:0s)
Total CPU time used: 219002.392 sec (60h:50m:2s)
Total wall-clock time used: 92915.534 sec (25h:48m:35s)

Analysis results written to: 
  IQ-TREE report:                training_data/prot_M11740_138_4427.phy/output_files/iqtree/inference/pars_7.iqtree
  Maximum-likelihood tree:       training_data/prot_M11740_138_4427.phy/output_files/iqtree/inference/pars_7.treefile
  Screen log file:               training_data/prot_M11740_138_4427.phy/output_files/iqtree/inference/pars_7.log

Date and Time: Sat Oct  4 07:37:00 2025
ee/inference/pars_7.log

Date and Time: Sat Oct  4 07:37:00 2025
