IQ-TREE version 3.0.1 for Linux x86 64-bit built Sep 12 2025
Developed by Bui Quang Minh, Thomas Wong, Nhan Ly-Trong, Huaiyan Ren
Contributed by Lam-Tung Nguyen, Dominik Schrempf, Chris Bielow,
Olga Chernomor, Michael Woodhams, Diep Thi Hoang, Heiko Schmidt

Host:    vanvan-Latitude-9520 (AVX512, FMA3, 31 GB RAM)
Command: /usr/local/bin/iqtree3 -s /home/vanvan/Downloads/data_treebase/DIU_TRAINING_DATA/data4/prot_M11336_95_268.phy -pre training_data/prot_M11336_95_268.phy/output_files/iqtree/inference/pars_14 -seed 14 -ninit 1 -T 1 -redo -n 0 -nt AUTO
Seed:    14 (Using SPRNG - Scalable Parallel Random Number Generator)
Time:    Sun Sep 21 18:36:20 2025
Kernel:  AVX+FMA - auto-detect threads (8 CPU cores detected)

Reading alignment file /home/vanvan/Downloads/data_treebase/DIU_TRAINING_DATA/data4/prot_M11336_95_268.phy ... Phylip format detected
Alignment most likely contains protein sequences
Constructing alignment: done in 0.00411766 secs using 10.56% CPU
Alignment has 95 sequences with 268 columns, 247 distinct patterns
224 parsimony-informative, 11 singleton sites, 33 constant sites
                                                Gap/Ambiguity  Composition  p-value
Analyzing sequences: done in 8.9778e-05 secs using 99.13% CPU
   1  Acaryochloris_marina_MBIC11017                    0.00%    passed     99.95%
   2  Afipia_sp._1NLS2                                  0.00%    passed     97.98%
   3  Ahrensia_sp._R2A130                               0.00%    passed     99.28%
   4  Anaerolinea_thermophila_UNI-1                     0.00%    passed     61.16%
   5  Aquifex_aeolicus_VF5                              0.00%    passed     51.99%
   6  Arthrobacter_sp._FB24                             0.00%    passed     43.26%
   7  Bacteriovorax_marinus_SJ                          0.00%    passed     62.43%
   8  Bradyrhizobium_japonicum_USDA_110                 0.00%    passed     98.46%
   9  Bradyrhizobium_sp._BTAi1                          0.00%    passed     99.20%
  10  Bradyrhizobium_sp._ORS278                         0.00%    passed     98.07%
  11  Candidatus_Nitrospira_defluvii                    0.00%    passed     99.37%
  12  Candidatus_Solibacter_usitatus_Ellin6076          0.00%    passed     98.08%
  13  Chlorobaculum_parvum_NCIB_8327                    0.00%    passed     99.98%
  14  Chlorobium_chlorochromatii_CaD3                   0.00%    passed     98.79%
  15  Chlorobium_ferrooxidans_DSM_13031                 0.00%    passed     99.65%
  16  Chlorobium_limicola_DSM_245                       0.00%    passed     99.80%
  17  Chlorobium_luteolum_DSM_273                       0.00%    passed     97.29%
  18  Chlorobium_phaeobacteroides_BS1                   0.00%    passed     99.55%
  19  Chlorobium_phaeobacteroides_DSM_266               0.00%    passed     99.57%
  20  Chlorobium_tepidum_TLS                            0.00%    passed     99.69%
  21  Chloroherpeton_thalassium_ATCC_35110              0.00%    passed     96.82%
  22  Dehalococcoides_sp._BAV1                          0.00%    passed     99.59%
  23  Dehalococcoides_sp._CBDB1                         0.00%    passed     99.19%
  24  Desulfurispirillum_indicum_S5                     0.00%    passed     92.71%
  25  Dietzia_cinnamea_P4                               0.00%    passed     57.93%
  26  Dinoroseobacter_shibae_DFL_12                     0.00%    passed     99.97%
  27  Fulvimarina_pelagi_HTCC2506                       0.00%    passed     87.45%
  28  Geodermatophilus_obscurus_DSM_43160               0.00%    passed     28.56%
  29  Halorhodospira_halophila_SL1                      0.00%    passed     98.10%
  30  Hydrogenivirga_sp._128-5-R1-1                     0.00%    passed     86.15%
  31  Hydrogenobacter_thermophilus_TK-6                 0.00%    passed     69.89%
  32  Magnetococcus_sp._MC-1                            0.00%    passed     99.96%
  33  Magnetospirillum_magnetotacticum_MS-1             0.00%    failed      4.83%
  34  Maritimibacter_alkaliphilus_HTCC2654              0.00%    passed     99.46%
  35  Methanococcoides_burtonii_DSM_6242                0.00%    passed     80.12%
  36  Methanohalophilus_mahii_DSM_5219                  0.00%    passed     93.13%
  37  Methanosaeta_thermophila_PT                       0.00%    passed     99.58%
  38  Methylobacterium_populi_BJ001                     0.00%    failed      1.49%
  39  Micromonospora_sp._L5                             0.00%    passed     28.93%
  40  Moritella_sp._PE36                                0.00%    passed     97.56%
  41  Mycobacterium_parascrofulaceum_ATCC_BAA-614       0.00%    passed     73.75%
  42  Mycobacterium_sp._JLS                             0.00%    passed     42.36%
  43  NC10_bacterium_Dutch_sediment                     0.00%    passed     61.25%
  44  Nitrobacter_hamburgensis_X14                      0.00%    passed     97.97%
  45  Nitrobacter_sp._Nb-311A                           0.00%    passed     93.89%
  46  Nitrobacter_winogradskyi_Nb-255                   0.00%    passed     97.02%
  47  Nitrosococcus_oceani_ATCC_19707                   0.00%    passed     16.02%
  48  Nitrosococcus_watsoni_C-113                       0.00%    passed     21.08%
  49  Oceanibulbus_indolifex_HEL-45                     0.00%    passed     98.26%
  50  Oceanibulbus_indolifex_HEL-45A                    0.00%    passed     82.88%
  51  Octadecabacter_antarcticus_307                    0.00%    passed     95.71%
  52  Paracoccus_denitrificans                          0.00%    passed     99.84%
  53  Pelodictyon_phaeoclathratiforme_BU-1              0.00%    passed     99.41%
  54  Prosthecochloris_aestuarii_DSM_271                0.00%    passed     99.53%
  55  Prosthecochloris_vibrioformis_DSM_265             0.00%    passed     99.34%
  56  Rhodobacter_sphaeroides_2.4.1                     0.00%    passed     99.80%
  57  Rhodobacter_sphaeroides_ATCC_17025                0.00%    passed     99.96%
  58  Rhodobacterales_bacterium_HTCC2150                0.00%    passed     99.85%
  59  Rhodopseudomonas_palustris_BisA53                 0.00%    passed     97.92%
  60  Rhodopseudomonas_palustris_BisB5                  0.00%    passed     97.67%
  61  Rhodopseudomonas_palustris_CGA009                 0.00%    passed     99.07%
  62  Rhodopseudomonas_palustris_DX-1                   0.00%    passed     99.54%
  63  Rhodopseudomonas_palustris_TIE-1                  0.00%    passed     99.31%
  64  Rickettsia_africae_ESF-5                          0.00%    passed     16.11%
  65  Rickettsia_akari_str._Hartford                    0.00%    passed     31.91%
  66  Rickettsia_bellii_OSU_85-389                      0.00%    passed     24.97%
  67  Rickettsia_bellii_RML369-C                        0.00%    passed     25.88%
  68  Rickettsia_conorii_str._Malish_7                  0.00%    passed     21.71%
  69  Rickettsia_endosymbiont_of_Ixodes_scapularis      0.00%    passed     27.90%
  70  Rickettsia_felis_URRWXCal2                        0.00%    passed     30.31%
  71  Rickettsia_massiliae_MTU5                         0.00%    passed     32.17%
  72  Rickettsia_peacockii_str._Rustic                  0.00%    passed     21.15%
  73  Rickettsia_prowazekii_Rp22                        0.00%    passed     17.25%
  74  Rickettsia_rickettsii_str._Sheila_Smith           0.00%    passed     26.69%
  75  Rickettsia_sibirica_246                           0.00%    passed     19.88%
  76  Rickettsia_typhi_str._Wilmington                  0.00%    passed     38.72%
  77  Roseobacter_denitrificans_OCh_114                 0.00%    passed     99.91%
  78  Roseobacter_litoralis_Och_149                     0.00%    passed     99.93%
  79  Rubrobacter_xylanophilus_DSM_9941                 0.00%    passed      5.38%
  80  Salinispora_arenicola_CNS-205                     0.00%    passed     56.26%
  81  Salinispora_tropica_CNB-440                       0.00%    passed     44.02%
  82  Sinorhizobium_fredii_NGR234                       0.00%    passed     99.81%
  83  Sinorhizobium_medicae_WSM419                      0.00%    passed     99.96%
  84  Sinorhizobium_meliloti_1021                       0.00%    passed     99.95%
  85  Streptomyces_cf._griseus_XylebKG-1                0.00%    passed      8.37%
  86  Streptomyces_griseus_subsp._griseus_NBRC_13350    0.00%    passed     11.79%
  87  Streptosporangium_roseum_DSM_43021                0.00%    passed     98.38%
  88  Streptosporangium_roseum_DSM_43021A               0.00%    passed     29.94%
  89  Sulfitobacter_sp._NAS-14.1                        0.00%    passed     41.37%
  90  Sulfitobacter_sp._NAS-14.1A                       0.00%    passed     70.59%
  91  Sulfurihydrogenibium_azorense_Az-Fu1              0.00%    passed     75.72%
  92  Sulfurihydrogenibium_sp._YO3AOP1                  0.00%    passed     70.91%
  93  Thalassiobium_sp._R2A62                           0.00%    passed     99.62%
  94  Thermomicrobium_roseum_DSM_5159                   0.00%    passed     89.51%
  95  Thermovibrio_ammonificans_HB-1                    0.00%    passed     99.22%
****  TOTAL                                             0.00%  2 sequences failed composition chi2 test (p-value<5%; df=19)
Checking for duplicate sequences: done in 0.000368983 secs using 63.42% CPU


Create initial parsimony tree by phylogenetic likelihood library (PLL)... 0.098 seconds
Measuring multi-threading efficiency up to 8 CPU cores
Increase to 10 rounds for branch lengths
4 trees examined
Threads: 1 / Time: 8.474 sec / Speedup: 1.000 / Efficiency: 100% / LogL: -29025
Threads: 2 / Time: 7.157 sec / Speedup: 1.184 / Efficiency: 59% / LogL: -29025
Threads: 3 / Time: 8.687 sec / Speedup: 0.976 / Efficiency: 33% / LogL: -29025
Determining AUTO threadcount: done in 24.328 secs using 140.8% CPU
BEST NUMBER OF THREADS: 2

Perform fast likelihood tree search using LG+I+G model...
Estimate model parameters (epsilon = 5.000)
Perform nearest neighbor interchange...
Estimate model parameters (epsilon = 1.000)
1. Initial log-likelihood: -14639.131
Optimal log-likelihood: -14638.680
Proportion of invariable sites: 0.081
Gamma shape alpha: 0.908
Parameters optimization took 1 rounds (1.086 sec)
Time for fast ML tree search: 6.205 seconds

NOTE: ModelFinder requires 39 MB RAM!
ModelFinder will test up to 1232 protein models (sample size: 268 epsilon: 0.100) ...
 No. Model         -LnL         df  AIC          AICc         BIC
  1  LG            15506.305    187 31386.611    32265.511    32058.125
  2  LG+I          15269.697    188 30915.393    31814.937    31590.499
  3  LG+G4         14649.959    188 29675.919    30575.463    30351.024
  4  LG+I+G4       14638.629    189 29655.258    30576.028    30333.955
  5  LG+R2         14863.434    189 30104.869    31025.638    30783.565
  6  LG+R3         14670.121    191 29722.243    30687.295    30408.121
  7  LG+R4         14621.813    193 29629.626    30641.572    30322.687
  8  LG+R5         14609.614    195 29609.229    30670.896    30309.471
  9  LG+R6         14606.598    197 29607.195    30721.653    30314.620
 14  LG+I+R2       14785.083    190 29950.165    30892.763    30632.453
 15  LG+I+R3       14658.482    192 29700.964    30689.124    30390.434
 16  LG+I+R4       14617.227    194 29622.454    30658.893    30319.106
 17  LG+I+R5       14606.037    196 29604.073    30691.735    30307.907
 18  LG+I+R6       14603.777    198 29603.554    30745.641    30314.569
 30  LG+F+R5       14400.473    214 29228.946    30965.172    29997.417
 31  LG+F+R6       14397.846    216 29227.693    31065.811    30003.346
 39  LG+F+I+R5     14399.393    215 29228.785    31014.939    30000.847
 40  LG+F+I+R6     14397.495    217 29228.991    31121.231    30008.235
 52  WAG+R5        14844.047    195 30078.094    31139.761    30778.337
 53  WAG+R6        14839.360    197 30072.720    31187.177    30780.144
 61  WAG+I+R5      14836.652    196 30065.305    31152.967    30769.138
 62  WAG+I+R6      14836.004    198 30068.008    31210.095    30779.024
 74  WAG+F+R5      14527.141    214 29482.282    31218.509    30250.754
 75  WAG+F+R6      14525.892    216 29483.785    31321.902    30259.438
 83  WAG+F+I+R5    14524.845    215 29479.690    31265.844    30251.752
 84  WAG+F+I+R6    14524.534    217 29483.067    31375.307    30262.311
 96  JTT+R5        14861.166    195 30112.332    31173.998    30812.574
 97  JTT+R6        14858.544    197 30111.088    31225.545    30818.513
105  JTT+I+R5      14856.056    196 30104.113    31191.775    30807.946
106  JTT+I+R6      14855.010    198 30106.019    31248.106    30817.035
118  JTT+F+R5      14577.133    214 29582.265    31318.491    30350.736
119  JTT+F+R6      14575.564    216 29583.129    31421.246    30358.782
127  JTT+F+I+R5    14575.394    215 29580.788    31366.942    30352.850
128  JTT+F+I+R6    14573.455    217 29580.911    31473.151    30360.155
140  Q.PFAM+R5     14608.016    195 29606.031    30667.698    30306.274
141  Q.PFAM+R6     14606.808    197 29607.615    30722.072    30315.040
149  Q.PFAM+I+R5   14605.022    196 29602.043    30689.705    30305.877
150  Q.PFAM+I+R6   14604.332    198 29604.665    30746.752    30315.680
162  Q.PFAM+F+R5   14436.991    214 29301.981    31038.208    30070.452
163  Q.PFAM+F+R6   14434.232    216 29300.464    31138.581    30076.117
171  Q.PFAM+F+I+R5 14436.348    215 29302.696    31088.850    30074.758
172  Q.PFAM+F+I+R6 14434.031    217 29302.062    31194.302    30081.306
184  Q.BIRD+R5     15068.266    195 30526.532    31588.198    31226.774
185  Q.BIRD+R6     15066.760    197 30527.520    31641.977    31234.945
193  Q.BIRD+I+R5   15064.001    196 30520.002    31607.664    31223.836
194  Q.BIRD+I+R6   15062.617    198 30521.234    31663.321    31232.250
206  Q.BIRD+F+R5   14826.391    214 30080.783    31817.009    30849.254
207  Q.BIRD+F+R6   14821.136    216 30074.273    31912.390    30849.926
215  Q.BIRD+F+I+R5 14827.437    215 30084.873    31871.027    30856.936
216  Q.BIRD+F+I+R6 14822.054    217 30078.109    31970.349    30857.353
228  Q.MAMMAL+R5   15003.509    195 30397.019    31458.685    31097.261
229  Q.MAMMAL+R6   15001.773    197 30397.546    31512.003    31104.970
237  Q.MAMMAL+I+R5 14998.563    196 30389.126    31476.788    31092.960
238  Q.MAMMAL+I+R6 14997.648    198 30391.296    31533.383    31102.312
250  Q.MAMMAL+F+R5 14747.338    214 29922.676    31658.903    30691.148
251  Q.MAMMAL+F+R6 14739.891    216 29911.783    31749.900    30687.436
259  Q.MAMMAL+F+I+R5 14747.559    215 29925.117    31711.271    30697.179
260  Q.MAMMAL+F+I+R6 14740.124    217 29914.248    31806.488    30693.492
272  Q.INSECT+R5   14724.292    195 29838.585    30900.251    30538.827
273  Q.INSECT+R6   14722.416    197 29838.832    30953.289    30546.256
281  Q.INSECT+I+R5 14720.229    196 29832.459    30920.121    30536.292
282  Q.INSECT+I+R6 14718.965    198 29833.931    30976.018    30544.946
294  Q.INSECT+F+R5 14471.548    214 29371.097    31107.323    30139.568
295  Q.INSECT+F+R6 14468.958    216 29369.917    31208.035    30145.570
303  Q.INSECT+F+I+R5 14469.027    215 29368.054    31154.208    30140.116
304  Q.INSECT+F+I+R6 14466.710    217 29367.421    31259.661    30146.665
316  Q.PLANT+R5    14714.298    195 29818.596    30880.263    30518.839
317  Q.PLANT+R6    14711.606    197 29817.212    30931.669    30524.637
325  Q.PLANT+I+R5  14710.704    196 29813.408    30901.070    30517.242
326  Q.PLANT+I+R6  14708.517    198 29813.034    30955.121    30524.050
338  Q.PLANT+F+R5  14553.526    214 29535.051    31271.278    30303.523
339  Q.PLANT+F+R6  14548.115    216 29528.230    31366.347    30303.883
347  Q.PLANT+F+I+R5 14551.269    215 29532.537    31318.691    30304.600
348  Q.PLANT+F+I+R6 14546.464    217 29526.928    31419.168    30306.172
360  Q.YEAST+R5    14731.550    195 29853.100    30914.767    30553.343
361  Q.YEAST+R6    14729.109    197 29852.218    30966.675    30559.643
369  Q.YEAST+I+R5  14728.022    196 29848.043    30935.705    30551.877
370  Q.YEAST+I+R6  14726.033    198 29848.067    30990.154    30559.082
382  Q.YEAST+F+R5  14422.999    214 29273.998    31010.225    30042.469
383  Q.YEAST+F+R6  14419.443    216 29270.885    31109.003    30046.539
391  Q.YEAST+F+I+R5 14420.984    215 29271.968    31058.122    30044.030
392  Q.YEAST+F+I+R6 14417.847    217 29269.694    31161.934    30048.938
404  JTTDCMUT+R5   14864.619    195 30119.237    31180.904    30819.480
405  JTTDCMUT+R6   14862.113    197 30118.227    31232.684    30825.651
413  JTTDCMUT+I+R5 14860.055    196 30112.111    31199.773    30815.944
414  JTTDCMUT+I+R6 14858.722    198 30113.444    31255.531    30824.459
426  JTTDCMUT+F+R5 14575.134    214 29578.267    31314.494    30346.738
427  JTTDCMUT+F+R6 14572.769    216 29577.537    31415.655    30353.190
435  JTTDCMUT+F+I+R5 14573.240    215 29576.481    31362.635    30348.543
436  JTTDCMUT+F+I+R6 14571.038    217 29576.077    31468.317    30355.321
448  DCMUT+R5      15065.440    195 30520.880    31582.547    31221.122
449  DCMUT+R6      15057.959    197 30509.918    31624.375    31217.342
457  DCMUT+I+R5    15060.045    196 30512.090    31599.752    31215.923
458  DCMUT+I+R6    15056.153    198 30508.306    31650.393    31219.321
470  DCMUT+F+R5    14641.702    214 29711.404    31447.631    30479.875
471  DCMUT+F+R6    14639.335    216 29710.670    31548.788    30486.323
479  DCMUT+F+I+R5  14639.737    215 29709.473    31495.627    30481.536
480  DCMUT+F+I+R6  14637.473    217 29708.947    31601.187    30488.191
492  VT+R5         14888.047    195 30166.094    31227.760    30866.336
493  VT+R6         14884.638    197 30163.276    31277.733    30870.700
501  VT+I+R5       14882.570    196 30157.140    31244.802    30860.973
502  VT+I+R6       14881.245    198 30158.490    31300.577    30869.505
514  VT+F+R5       14576.228    214 29580.456    31316.682    30348.927
515  VT+F+R6       14575.459    216 29582.918    31421.036    30358.571
523  VT+F+I+R5     14573.249    215 29576.497    31362.651    30348.559
524  VT+F+I+R6     14572.936    217 29579.873    31472.113    30359.117
536  PMB+R5        14896.370    195 30182.740    31244.406    30882.982
537  PMB+R6        14891.856    197 30177.712    31292.169    30885.136
545  PMB+I+R5      14890.825    196 30173.650    31261.312    30877.484
546  PMB+I+R6      14890.500    198 30177.000    31319.087    30888.015
558  PMB+F+R5      14668.172    214 29764.345    31500.571    30532.816
559  PMB+F+R6      14665.363    216 29762.726    31600.844    30538.380
567  PMB+F+I+R5    14665.237    215 29760.473    31546.627    30532.536
568  PMB+F+I+R6    14665.293    217 29764.586    31656.826    30543.831
580  BLOSUM62+R5   14871.720    195 30133.440    31195.106    30833.682
581  BLOSUM62+R6   14867.524    197 30129.048    31243.505    30836.472
589  BLOSUM62+I+R5 14866.362    196 30124.724    31212.386    30828.558
590  BLOSUM62+I+R6 14866.134    198 30128.268    31270.355    30839.284
602  BLOSUM62+F+R5 14641.154    214 29710.308    31446.534    30478.779
603  BLOSUM62+F+R6 14639.087    216 29710.174    31548.292    30485.828
611  BLOSUM62+F+I+R5 14638.800    215 29707.601    31493.754    30479.663
612  BLOSUM62+F+I+R6 14638.650    217 29711.300    31603.540    30490.544
624  DAYHOFF+R5    15064.171    195 30518.343    31580.010    31218.585
625  DAYHOFF+R6    15056.200    197 30506.400    31620.857    31213.824
633  DAYHOFF+I+R5  15058.609    196 30509.218    31596.880    31213.051
634  DAYHOFF+I+R6  15055.060    198 30506.121    31648.208    31217.136
646  DAYHOFF+F+R5  14640.338    214 29708.675    31444.902    30477.147
647  DAYHOFF+F+R6  14638.769    216 29709.537    31547.655    30485.190
655  DAYHOFF+F+I+R5 14638.524    215 29707.049    31493.203    30479.111
656  DAYHOFF+F+I+R6 14636.340    217 29706.681    31598.921    30485.925
668  MTREV+R5      15076.317    195 30542.634    31604.301    31242.876
669  MTREV+R6      15069.846    197 30533.693    31648.150    31241.117
677  MTREV+I+R5    15077.013    196 30546.026    31633.688    31249.859
678  MTREV+I+R6    15071.096    198 30538.192    31680.279    31249.207
690  MTREV+F+R5    14720.014    214 29868.028    31604.255    30636.499
691  MTREV+F+R6    14712.437    216 29856.874    31694.992    30632.527
699  MTREV+F+I+R5  14720.986    215 29871.972    31658.126    30644.034
700  MTREV+F+I+R6  14714.061    217 29862.123    31754.363    30641.367
712  MTART+R5      14875.607    195 30141.213    31202.880    30841.456
713  MTART+R6      14865.225    197 30124.449    31238.906    30831.874
721  MTART+I+R5    14876.305    196 30144.611    31232.273    30848.444
722  MTART+I+R6    14866.569    198 30129.138    31271.225    30840.153
734  MTART+F+R5    14642.850    214 29713.700    31449.926    30482.171
735  MTART+F+R6    14635.667    216 29703.334    31541.451    30478.987
743  MTART+F+I+R5  14644.143    215 29718.287    31504.441    30490.349
744  MTART+F+I+R6  14637.909    217 29709.817    31602.057    30489.062
756  MTZOA+R5      14530.677    195 29451.354    30513.021    30151.597
757  MTZOA+R6      14518.820    197 29431.640    30546.097    30139.064
765  MTZOA+I+R5    14530.245    196 29452.489    30540.151    30156.323
766  MTZOA+I+R6    14519.344    198 29434.689    30576.776    30145.704
778  MTZOA+F+R5    14448.209    214 29324.418    31060.645    30092.890
779  MTZOA+F+R6    14439.655    216 29311.310    31149.428    30086.963
787  MTZOA+F+I+R5  14448.556    215 29327.112    31113.266    30099.174
788  MTZOA+F+I+R6  14440.339    217 29314.679    31206.919    30093.923
800  MTMET+R5      14899.311    195 30188.621    31250.288    30888.864
801  MTMET+R6      14894.367    197 30182.734    31297.192    30890.159
809  MTMET+I+R5    14898.860    196 30189.720    31277.382    30893.553
810  MTMET+I+R6    14894.139    198 30184.278    31326.365    30895.294
822  MTMET+F+R5    14589.862    214 29607.724    31343.951    30376.196
823  MTMET+F+R6    14579.265    216 29590.531    31428.648    30366.184
831  MTMET+F+I+R5  14589.867    215 29609.734    31395.887    30381.796
832  MTMET+F+I+R6  14579.394    217 29592.788    31485.028    30372.032
844  MTVER+R5      15121.369    195 30632.738    31694.405    31332.981
845  MTVER+R6      15108.044    197 30610.088    31724.545    31317.512
853  MTVER+I+R5    15120.770    196 30633.540    31721.202    31337.374
854  MTVER+I+R6    15107.740    198 30611.479    31753.566    31322.495
866  MTVER+F+R5    14811.666    214 30051.333    31787.559    30819.804
867  MTVER+F+R6    14796.588    216 30025.176    31863.294    30800.829
875  MTVER+F+I+R5  14811.171    215 30052.343    31838.497    30824.405
876  MTVER+F+I+R6  14796.147    217 30026.294    31918.534    30805.538
888  MTINV+R5      14899.023    195 30188.047    31249.713    30888.289
889  MTINV+R6      14896.983    197 30187.965    31302.423    30895.390
897  MTINV+I+R5    14898.280    196 30188.560    31276.221    30892.393
898  MTINV+I+R6    14896.290    198 30188.581    31330.668    30899.596
910  MTINV+F+R5    14471.886    214 29371.772    31107.998    30140.243
911  MTINV+F+R6    14463.100    216 29358.200    31196.317    30133.853
919  MTINV+F+I+R5  14471.311    215 29372.622    31158.776    30144.684
920  MTINV+F+I+R6  14462.585    217 29359.170    31251.410    30138.414
932  MTMAM+R5      15314.291    195 31018.581    32080.248    31718.824
933  MTMAM+R6      15299.434    197 30992.867    32107.324    31700.292
941  MTMAM+I+R5    15315.035    196 31022.070    32109.731    31725.903
942  MTMAM+I+R6    15299.839    198 30995.678    32137.765    31706.693
954  MTMAM+F+R5    15034.385    214 30496.769    32232.996    31265.240
955  MTMAM+F+R6    15016.815    216 30465.630    32303.748    31241.283
963  MTMAM+F+I+R5  15035.201    215 30500.401    32286.555    31272.463
964  MTMAM+F+I+R6  15018.047    217 30470.094    32362.334    31249.338
976  FLAVI+R5      15313.595    195 31017.190    32078.857    31717.432
977  FLAVI+R6      15307.067    197 31008.134    32122.591    31715.559
985  FLAVI+I+R5    15309.322    196 31010.644    32098.306    31714.477
986  FLAVI+I+R6    15304.048    198 31004.096    32146.183    31715.111
998  FLAVI+F+R5    15260.265    214 30948.530    32684.756    31717.001
999  FLAVI+F+R6    15246.402    216 30924.805    32762.922    31700.458
1007  FLAVI+F+I+R5  15256.609    215 30943.217    32729.371    31715.279
1008  FLAVI+F+I+R6  15244.236    217 30922.472    32814.712    31701.716
1020  HIVB+R5       15282.695    195 30955.389    32017.056    31655.631
1021  HIVB+R6       15278.673    197 30951.345    32065.802    31658.770
1029  HIVB+I+R5     15276.885    196 30945.770    32033.432    31649.603
1030  HIVB+I+R6     15276.692    198 30949.384    32091.471    31660.400
1042  HIVB+F+R5     14964.761    214 30357.523    32093.749    31125.994
1043  HIVB+F+R6     14960.309    216 30352.619    32190.737    31128.272
1051  HIVB+F+I+R5   14960.653    215 30351.306    32137.460    31123.368
1052  HIVB+F+I+R6   14956.047    217 30346.094    32238.334    31125.339
1064  HIVW+R5       16084.953    195 32559.907    33621.574    33260.149
1065  HIVW+R6       16078.200    197 32550.401    33664.858    33257.825
1073  HIVW+I+R5     16078.921    196 32549.842    33637.504    33253.675
1074  HIVW+I+R6     16075.884    198 32547.769    33689.856    33258.784
1086  HIVW+F+R5     15447.563    214 31323.126    33059.352    32091.597
1087  HIVW+F+R6     15442.600    216 31317.201    33155.318    32092.854
1095  HIVW+F+I+R5   15443.469    215 31316.938    33103.091    32089.000
1096  HIVW+F+I+R6   15439.477    217 31312.955    33205.195    32092.199
1108  FLU+R5        15184.352    195 30758.704    31820.370    31458.946
1109  FLU+R6        15179.053    197 30752.106    31866.564    31459.531
1117  FLU+I+R5      15182.896    196 30757.792    31845.454    31461.625
1118  FLU+I+R6      15177.181    198 30750.361    31892.448    31461.377
1130  FLU+F+R5      14794.978    214 30017.957    31754.183    30786.428
1131  FLU+F+R6      14784.885    216 30001.769    31839.887    30777.423
1139  FLU+F+I+R5    14796.930    215 30023.860    31810.014    30795.922
1140  FLU+F+I+R6    14786.283    217 30006.565    31898.805    30785.810
1152  RTREV+R5      14947.975    195 30285.950    31347.617    30986.193
1153  RTREV+R6      14946.292    197 30286.584    31401.041    30994.008
1161  RTREV+I+R5    14944.553    196 30281.105    31368.767    30984.939
1162  RTREV+I+R6    14943.974    198 30283.948    31426.035    30994.964
1174  RTREV+F+R5    14540.370    214 29508.740    31244.966    30277.211
1175  RTREV+F+R6    14539.251    216 29510.501    31348.619    30286.155
1183  RTREV+F+I+R5  14539.494    215 29508.987    31295.141    30281.049
1184  RTREV+F+I+R6  14537.639    217 29509.277    31401.517    30288.521
1196  CPREV+R5      14840.332    195 30070.664    31132.330    30770.906
1197  CPREV+R6      14837.787    197 30069.574    31184.031    30776.998
1205  CPREV+I+R5    14835.349    196 30062.698    31150.360    30766.531
1206  CPREV+I+R6    14834.257    198 30064.513    31206.600    30775.529
1218  CPREV+F+R5    14534.101    214 29496.202    31232.429    30264.673
1219  CPREV+F+R6    14533.607    216 29499.213    31337.331    30274.866
1227  CPREV+F+I+R5  14531.494    215 29492.988    31279.142    30265.050
1228  CPREV+F+I+R6  14531.272    217 29496.544    31388.784    30275.788
Akaike Information Criterion:           LG+F+R6
Corrected Akaike Information Criterion: MTZOA+R5
Bayesian Information Criterion:         LG+F+R5
Best-fit model: LG+F+R5 chosen according to BIC

All model information printed to training_data/prot_M11336_95_268.phy/output_files/iqtree/inference/pars_14.model.gz
CPU time for ModelFinder: 3509.252 seconds (0h:58m:29s)
Wall-clock time for ModelFinder: 2079.011 seconds (0h:34m:39s)

NOTE: 19 MB RAM (0 GB) is required!
Estimate model parameters (epsilon = 0.010)
1. Initial log-likelihood: -14406.221
2. Current log-likelihood: -14400.333
3. Current log-likelihood: -14399.814
4. Current log-likelihood: -14399.770
Optimal log-likelihood: -14399.766
Site proportion and rates:  (0.252,0.084) (0.382,0.560) (0.257,1.284) (0.088,3.184) (0.021,7.434)
Parameters optimization took 4 rounds (4.598 sec)
Wrote distance file to... 
BEST SCORE FOUND : -14399.766
Total tree length: 16.974

Total number of iterations: 0
CPU time used for tree search: 0.000 sec (0h:0m:0s)
Wall-clock time used for tree search: 0.000 sec (0h:0m:0s)
Total CPU time used: 3518.517 sec (0h:58m:38s)
Total wall-clock time used: 2083.650 sec (0h:34m:43s)

Analysis results written to: 
  IQ-TREE report:                training_data/prot_M11336_95_268.phy/output_files/iqtree/inference/pars_14.iqtree
  Maximum-likelihood tree:       training_data/prot_M11336_95_268.phy/output_files/iqtree/inference/pars_14.treefile
  Screen log file:               training_data/prot_M11336_95_268.phy/output_files/iqtree/inference/pars_14.log

Date and Time: Sun Sep 21 19:11:03 2025
