
RAxML-NG v. 1.1.0-master released on 04.08.2022 by The Exelixis Lab.
Developed by: Alexey M. Kozlov and Alexandros Stamatakis.
Contributors: Diego Darriba, Tomas Flouri, Benoit Morel, Sarah Lutteropp, Ben Bettisworth.
Latest version: https://github.com/amkozlov/raxml-ng
Questions/problems/suggestions? Please visit: https://groups.google.com/forum/#!forum/raxml

System: Intel(R) Xeon(R) Gold 6132 CPU @ 2.60GHz, 28 cores, 125 GB RAM

RAxML-NG was called at 16-Oct-2025 05:15:06 as follows:

/datausers/ioit/thaontp/tranthanhvan235/raxml-ng/build/bin/raxml-ng --start --msa /datausers/ioit/thaontp/tranthanhvan235/data_treebase/remainMSAs/prot_M4539_59_12428.phy --tree pars{1} --prefix training_data/prot_M4539_59_12428.phy/output_files/parsimony/seed_20 --model LG+G --seed 20

Analysis options:
  run mode: Starting tree generation
  start tree(s): parsimony (1)
  random seed: 20
  SIMD kernels: AVX2
  parallelization: coarse-grained (auto), PTHREADS (auto)

[00:00:00] Reading alignment from file: /datausers/ioit/thaontp/tranthanhvan235/data_treebase/remainMSAs/prot_M4539_59_12428.phy
[00:00:00] Loaded alignment with 59 taxa and 12428 sites

Alignment comprises 1 partitions and 11792 patterns

Partition 0: noname
Model: LG+G4m
Alignment sites / patterns: 12428 / 11792
Gaps: 19.66 %
Invariant sites: 19.90 %


NOTE: Binary MSA file created: training_data/prot_M4539_59_12428.phy/output_files/parsimony/seed_20.raxml.rba

[00:00:00] Generating 1 parsimony starting tree(s) with 59 taxa
Parsimony score: 89415

All starting trees saved to: /datausers/ioit/thaontp/minhminh/difficulty-prediction-training-data/training_data/prot_M4539_59_12428.phy/output_files/parsimony/seed_20.raxml.startTree


Execution log saved to: /datausers/ioit/thaontp/minhminh/difficulty-prediction-training-data/training_data/prot_M4539_59_12428.phy/output_files/parsimony/seed_20.raxml.log

Analysis started: 16-Oct-2025 05:15:06 / finished: 16-Oct-2025 05:15:06

Elapsed time: 0.318 seconds

