IQ-TREE version 3.0.1 for Linux x86 64-bit built Sep 12 2025
Developed by Bui Quang Minh, Thomas Wong, Nhan Ly-Trong, Huaiyan Ren
Contributed by Lam-Tung Nguyen, Dominik Schrempf, Chris Bielow,
Olga Chernomor, Michael Woodhams, Diep Thi Hoang, Heiko Schmidt

Host:    suny-Precision-5530 (AVX2, FMA3, 15 GB RAM)
Command: /usr/local/bin/iqtree3 -s /home/suny/Downloads/VAN_TRAINING_DATA/data2/dna_M3777_363_1707.phy -pre results/dna_M3777_363_1707.phy/output_files/iqtree/inference/pars_2 -seed 2 -ninit 1 -T 1 -redo -n 0
Seed:    2 (Using SPRNG - Scalable Parallel Random Number Generator)
Time:    Sun Sep 21 13:42:27 2025
Kernel:  AVX+FMA - 1 threads (12 CPU cores detected)

HINT: Use -nt option to specify number of threads because your CPU has 12 cores!
HINT: -nt AUTO will automatically determine the best number of threads to use.

Reading alignment file /home/suny/Downloads/VAN_TRAINING_DATA/data2/dna_M3777_363_1707.phy ... Phylip format detected
Alignment most likely contains DNA/RNA sequences
Constructing alignment: done in 0.0104782 secs using 51.56% CPU
Alignment has 363 sequences with 1707 columns, 1071 distinct patterns
638 parsimony-informative, 161 singleton sites, 908 constant sites
                                            Gap/Ambiguity  Composition  p-value
Analyzing sequences: done in 0.00141783 secs using 99.66% CPU
   1  Crotaphytus_grismeri_JAM1                     0.82%    passed     82.22%
   2  Crotaphytus_grismeri_JAM2                     0.88%    passed     83.91%
   3  Crotaphytus_insularis_LLG421                  0.82%    passed     96.11%
   4  Crotaphytus_insularis_ROM34013                0.18%    passed     94.78%
   5  Crotaphytus_insularis_ROM34870                0.18%    passed     95.60%
   6  Crotophytus_antiquus_JAM638                   1.52%    passed     83.71%
   7  Crotophytus_antiquus_JAM654                   0.29%    passed     87.88%
   8  Crotophytus_antiquus_JLE12615                 2.64%    passed     91.50%
   9  Crotophytus_bicinctores_103.SanBern           7.73%    passed     60.79%
  10  Crotophytus_bicinctores_11.SanBern            0.23%    passed     77.15%
  11  Crotophytus_bicinctores_124.Imperial          3.75%    passed     67.93%
  12  Crotophytus_bicinctores_125.Imperial         17.16%    passed     74.60%
  13  Crotophytus_bicinctores_135.SanBern          73.11%    failed      3.02%
  14  Crotophytus_bicinctores_139.Inyo              0.23%    passed     76.61%
  15  Crotophytus_bicinctores_140.Inyo              1.05%    passed     66.48%
  16  Crotophytus_bicinctores_165.Churchill         2.69%    passed     91.10%
  17  Crotophytus_bicinctores_4.9WOatman.LVT2244    0.35%    passed     65.27%
  18  Crotophytus_bicinctores_48A.SanBern           1.58%    passed     73.05%
  19  Crotophytus_bicinctores_AZMaricopa.LVT2239    0.23%    passed     95.95%
  20  Crotophytus_bicinctores_AguaCal.4624          0.12%    passed     87.27%
  21  Crotophytus_bicinctores_AguaCal.4625          0.23%    passed     88.91%
  22  Crotophytus_bicinctores_AguaCal.4626          4.28%    passed     99.22%
  23  Crotophytus_bicinctores_Aguila.4670           0.18%    passed     95.45%
  24  Crotophytus_bicinctores_Aguila.4671           0.18%    passed     96.52%
  25  Crotophytus_bicinctores_Aguila.4672           0.18%    passed     96.52%
  26  Crotophytus_bicinctores_Belmont.4714          0.23%    passed     99.43%
  27  Crotophytus_bicinctores_BigMarias.4684        1.46%    passed     52.69%
  28  Crotophytus_bicinctores_BigMarias.4685        0.94%    passed     55.22%
  29  Crotophytus_bicinctores_BigMarias.4686        1.46%    passed     69.61%
  30  Crotophytus_bicinctores_BigMarias.4687        0.35%    passed     54.11%
  31  Crotophytus_bicinctores_DomeRock.4680         0.23%    passed     99.15%
  32  Crotophytus_bicinctores_DomeRock.4681         0.23%    passed     98.51%
  33  Crotophytus_bicinctores_DomeRock.4682         0.23%    passed     95.01%
  34  Crotophytus_bicinctores_EBlack.4696           1.23%    passed     73.29%
  35  Crotophytus_bicinctores_EBlack.4697           0.35%    passed     52.53%
  36  Crotophytus_bicinctores_GilaBend.LVT2275      2.40%    passed     95.85%
  37  Crotophytus_bicinctores_H5523.Kofa            0.12%    passed     89.22%
  38  Crotophytus_bicinctores_H5525.Kofa            1.35%    passed     86.34%
  39  Crotophytus_bicinctores_H5527.Kofa            0.35%    passed     92.55%
  40  Crotophytus_bicinctores_H5529.Kofa            0.12%    passed     96.35%
  41  Crotophytus_bicinctores_Inyo.MVZ137454        2.75%    passed     82.35%
  42  Crotophytus_bicinctores_Inyo.MVZ137645        0.18%    passed     88.36%
  43  Crotophytus_bicinctores_Inyo.MVZ137679        1.46%    passed     78.24%
  44  Crotophytus_bicinctores_LVT2226.Oregon        6.68%    passed     91.16%
  45  Crotophytus_bicinctores_Laguna.4716           0.23%    passed     94.97%
  46  Crotophytus_bicinctores_M1.GilaBend           1.17%    passed     93.03%
  47  Crotophytus_bicinctores_M2.GilaBend           9.96%    passed     96.63%
  48  Crotophytus_bicinctores_M3.GilaBend           4.16%    passed     88.61%
  49  Crotophytus_bicinctores_M4.GilaBend           6.74%    passed     75.83%
  50  Crotophytus_bicinctores_M5.GilaBend           7.38%    passed     50.46%
  51  Crotophytus_bicinctores_Mohave.181            4.16%    passed     59.28%
  52  Crotophytus_bicinctores_Mohave.183            2.93%    passed     67.78%
  53  Crotophytus_bicinctores_NVChurchill.LVT676    3.75%    passed     95.44%
  54  Crotophytus_bicinctores_NVClark.LVT.2218      2.17%    passed     79.02%
  55  Crotophytus_bicinctores_NVClark.LVT2249       0.35%    passed     66.31%
  56  Crotophytus_bicinctores_NVClark.LVT2257       1.46%    passed     80.72%
  57  Crotophytus_bicinctores_NVEsmerelda.LVT651    2.46%    passed     93.58%
  58  Crotophytus_bicinctores_Oatman.4698           1.46%    passed     58.60%
  59  Crotophytus_bicinctores_Oatman.4699           0.35%    passed     62.76%
  60  Crotophytus_bicinctores_Oatman.4700           0.29%    passed     60.52%
  61  Crotophytus_bicinctores_Oatman.4703           1.41%    passed     68.05%
  62  Crotophytus_bicinctores_Oatman.4705           0.35%    passed     61.33%
  63  Crotophytus_bicinctores_PaintedRock.4619      0.23%    passed     88.85%
  64  Crotophytus_bicinctores_PaintedRock.4620      0.23%    passed     92.19%
  65  Crotophytus_bicinctores_PaintedRock.4621      0.23%    passed     90.45%
  66  Crotophytus_bicinctores_Plamosa.4675          0.23%    passed     94.79%
  67  Crotophytus_bicinctores_Plamosa.4676          0.23%    passed     90.45%
  68  Crotophytus_bicinctores_Plamosa.4677          0.23%    passed     88.28%
  69  Crotophytus_bicinctores_Plamosa.4678          0.23%    passed     94.79%
  70  Crotophytus_bicinctores_ROM14584.Ludlow       0.23%    passed     63.36%
  71  Crotophytus_bicinctores_SacMtns.4688          0.35%    passed     62.26%
  72  Crotophytus_bicinctores_SacMtns.4689          0.35%    passed     49.34%
  73  Crotophytus_bicinctores_SacMtns.4692          1.17%    passed     70.90%
  74  Crotophytus_bicinctores_SacMtns.4694          1.17%    passed     69.92%
  75  Crotophytus_bicinctores_SanBern.LVT716        0.35%    passed     65.00%
  76  Crotophytus_bicinctores_SanBern.LVT717        1.52%    passed     74.58%
  77  Crotophytus_bicinctores_SanBern.LVT718        1.70%    passed     68.06%
  78  Crotophytus_bicinctores_TWR2146.Kofa          3.40%    passed     78.32%
  79  Crotophytus_bicinctores_UTJuab.LVT5183       16.34%    passed     72.80%
  80  Crotophytus_bicinctores_UTJuab.LVT5184       73.17%    failed      2.30%
  81  Crotophytus_bicinctores_UTJuab.LVT5185        2.81%    passed     81.33%
  82  Crotophytus_bicinctores_UTKane.LVT2252        0.35%    passed     64.50%
  83  Crotophytus_bicinctores_Vulture.4665          1.58%    passed     97.10%
  84  Crotophytus_bicinctores_Vulture.4666          1.11%    passed     98.05%
  85  Crotophytus_bicinctores_Vulture.4667          1.11%    passed     97.37%
  86  Crotophytus_bicinctores_WhiteHills.4709       0.35%    passed     67.06%
  87  Crotophytus_bicinctores_WhiteHills.4710       0.35%    passed     52.53%
  88  Crotophytus_bicinctores_WhiteHills.4712       0.35%    passed     54.66%
  89  Crotophytus_bicinctores_WhiteTanks.4655       0.29%    passed     99.60%
  90  Crotophytus_bicinctores_WhiteTanks.4656       1.05%    passed     98.77%
  91  Crotophytus_bicinctores_WhiteTanks.4657       2.05%    passed     99.53%
  92  Crotophytus_bicinctores_WhiteTanks.4658       2.28%    passed     99.68%
  93  Crotophytus_bicinctores_dgm1402.NVPershing    2.28%    passed     91.18%
  94  Crotophytus_bicinctores_dgm1409.NVWashoe      2.34%    passed     94.71%
  95  Crotophytus_bicinctores_dgm321.UTMillard     23.32%    passed     76.56%
  96  Crotophytus_bicinctores_dgm323.NVWhitePine   21.56%    passed     80.43%
  97  Crotophytus_collaris_122.NMOrgan              3.81%    passed     99.41%
  98  Crotophytus_collaris_189.Bloody               3.16%    passed     99.93%
  99  Crotophytus_collaris_193.BuffRng              5.86%    passed     99.86%
 100  Crotophytus_collaris_195.BuffRng              2.87%    passed     99.97%
 101  Crotophytus_collaris_227.Portal               2.40%    passed     99.34%
 102  Crotophytus_collaris_228.Portal               0.12%    passed     96.07%
 103  Crotophytus_collaris_252.Bloody               6.74%    passed     96.22%
 104  Crotophytus_collaris_254.Bloody               2.28%    passed     99.33%
 105  Crotophytus_collaris_255.Bloody               1.23%    passed     99.22%
 106  Crotophytus_collaris_268.NMOrgan              1.46%    passed     99.78%
 107  Crotophytus_collaris_301.UTMoab              19.16%    passed     97.45%
 108  Crotophytus_collaris_302.UTMoab               7.62%    passed     94.86%
 109  Crotophytus_collaris_305.UTMoab               5.62%    passed     99.69%
 110  Crotophytus_collaris_307.UTMoab               4.34%    passed     99.64%
 111  Crotophytus_collaris_311.UTMoab               5.51%    passed     92.35%
 112  Crotophytus_collaris_312.UTMoab              18.86%    passed     97.38%
 113  Crotophytus_collaris_316.BuffRng              2.81%    passed     99.89%
 114  Crotophytus_collaris_317.Seligman             1.64%    passed     99.56%
 115  Crotophytus_collaris_320.Seligman             4.10%    passed     99.85%
 116  Crotophytus_collaris_322.Seligman             7.21%    passed     96.37%
 117  Crotophytus_collaris_353.NMFranklin           5.80%    passed     99.29%
 118  Crotophytus_collaris_354.NMFranklin           6.85%    passed     85.67%
 119  Crotophytus_collaris_355.NMOrgan              9.20%    passed     96.65%
 120  Crotophytus_collaris_ADL208.Coconino          0.94%    passed     99.73%
 121  Crotophytus_collaris_ADL219.Navajo            0.12%    passed     99.83%
 122  Crotophytus_collaris_ADL221.Navajo            2.28%    passed     97.91%
 123  Crotophytus_collaris_ADL222.Navajo            2.17%    passed     99.80%
 124  Crotophytus_collaris_ADL279.COMontrose        1.00%    passed     99.65%
 125  Crotophytus_collaris_AZBagdad.LVT2280         1.35%    passed     99.60%
 126  Crotophytus_collaris_AZMaricopa.LVT2241       1.23%    passed     99.65%
 127  Crotophytus_collaris_AZMaricopa.LVT2242       0.23%    passed     99.92%
 128  Crotophytus_collaris_AZMaricopa.LVT2243       1.29%    passed     99.74%
 129  Crotophytus_collaris_AZMohave.LVT2250         2.93%    passed     98.12%
 130  Crotophytus_collaris_AZNavajo.LVT2302         1.35%    passed     99.71%
 131  Crotophytus_collaris_AZWick.LVT2277           1.23%    passed     98.90%
 132  Crotophytus_collaris_AZWick.LVT2278           1.23%    passed     99.00%
 133  Crotophytus_collaris_AZWick.LVT2279           1.35%    passed     99.31%
 134  Crotophytus_collaris_Cerbat.4708              0.23%    passed     99.38%
 135  Crotophytus_collaris_Durango.GAA83            0.12%    passed     97.69%
 136  Crotophytus_collaris_F1.Sedona                3.40%    passed     99.41%
 137  Crotophytus_collaris_FlatTopMesa.224          6.56%    passed     95.93%
 138  Crotophytus_collaris_H18418.Portal            1.35%    passed     93.80%
 139  Crotophytus_collaris_H18419.Portal            1.23%    passed     94.21%
 140  Crotophytus_collaris_H3227.TXGillRanch        0.12%    passed     99.99%
 141  Crotophytus_collaris_H5538.Catalina           0.12%    passed     99.05%
 142  Crotophytus_collaris_H5539.Catalina           0.12%    passed     99.94%
 143  Crotophytus_collaris_H6957.AscenChih          0.12%    passed     99.44%
 144  Crotophytus_collaris_H6961.Durango            2.28%    passed     91.56%
 145  Crotophytus_collaris_Hutch1.UTGrand           0.76%    passed     99.92%
 146  Crotophytus_collaris_Hutch10.Tucson           0.12%    passed     99.41%
 147  Crotophytus_collaris_Hutch11.NMSierra         0.12%    passed     99.41%
 148  Crotophytus_collaris_Hutch12.NMLuna           0.12%    passed     99.11%
 149  Crotophytus_collaris_Hutch13.NMHidalgo        0.12%    passed     98.52%
 150  Crotophytus_collaris_Hutch14.NMOtero          0.12%    passed     99.89%
 151  Crotophytus_collaris_Hutch15.NMEddy          73.05%    passed      6.85%
 152  Crotophytus_collaris_Hutch16.TXValVerde       3.22%    passed     99.92%
 153  Crotophytus_collaris_Hutch17.TXSutton         0.18%    passed     98.26%
 154  Crotophytus_collaris_Hutch18.TXCoke           0.12%    passed     99.17%
 155  Crotophytus_collaris_Hutch19.MOVernon         0.12%    passed     99.94%
 156  Crotophytus_collaris_Hutch20.MOOzark          0.12%    passed     99.99%
 157  Crotophytus_collaris_Hutch3.UTSanJuan         1.00%    passed     99.70%
 158  Crotophytus_collaris_Hutch5.AZApache          0.12%    passed     99.67%
 159  Crotophytus_collaris_Hutch6.AZApache          0.88%    passed     99.73%
 160  Crotophytus_collaris_Hutch7.AZApache          1.29%    passed     99.94%
 161  Crotophytus_collaris_Hutch8.AZGila            1.17%    passed     99.38%
 162  Crotophytus_collaris_Hutch9.AZGraham          0.12%    passed     98.94%
 163  Crotophytus_collaris_JAS299.AZCochise         4.16%    passed     97.85%
 164  Crotophytus_collaris_JAS300.AZCochise         3.16%    passed     93.92%
 165  Crotophytus_collaris_JAS301.AZCochise        12.89%    passed     97.73%
 166  Crotophytus_collaris_JLE12241.Coah.Virg       2.81%    passed     97.97%
 167  Crotophytus_collaris_JLE12242.Coah.quim       2.46%    passed     99.04%
 168  Crotophytus_collaris_JLE12243.Coah.quim       4.34%    passed     94.23%
 169  Crotophytus_collaris_JLE12244.Coah.Oro        1.70%    passed     98.95%
 170  Crotophytus_collaris_JLE12300.Chih            5.98%    passed     83.50%
 171  Crotophytus_collaris_JLE12311                 4.45%    passed     99.89%
 172  Crotophytus_collaris_JLE12312                 4.45%    passed     99.83%
 173  Crotophytus_collaris_JLE12313.Chih            1.70%    passed     99.19%
 174  Crotophytus_collaris_JLE12314.Chih            2.75%    passed     94.54%
 175  Crotophytus_collaris_JLE12500.Coah.quim       2.52%    passed     99.68%
 176  Crotophytus_collaris_JLE12501.Coah.quim       1.35%    passed     99.34%
 177  Crotophytus_collaris_JLE12502.Coah.quim       2.52%    passed     99.09%
 178  Crotophytus_collaris_JLE12503.Coah.Oro        2.52%    passed     98.00%
 179  Crotophytus_collaris_JLE12504.Coah.Esmer      1.76%    passed     98.34%
 180  Crotophytus_collaris_JLE12513.Chih            1.52%    passed     98.01%
 181  Crotophytus_collaris_JLE4058.Durango          4.34%    passed     95.99%
 182  Crotophytus_collaris_JLE4059.Durango          4.45%    passed     99.77%
 183  Crotophytus_collaris_JLE4060.Durango          4.45%    passed     93.51%
 184  Crotophytus_collaris_JQR163.NMSocorro         1.70%    passed     97.53%
 185  Crotophytus_collaris_KSGeary.LVT2233          1.58%    passed     99.26%
 186  Crotophytus_collaris_KSGeary.LVT2235          1.11%    passed     97.65%
 187  Crotophytus_collaris_LEB022.Navajo            0.12%    passed     99.89%
 188  Crotophytus_collaris_LEB152.Navajo            2.28%    passed     99.95%
 189  Crotophytus_collaris_LEB153.Navajo            2.05%    passed     99.81%
 190  Crotophytus_collaris_M1.Sedona                3.57%    passed     96.60%
 191  Crotophytus_collaris_M2.Sedona                0.82%    passed     99.65%
 192  Crotophytus_collaris_MapimiDur.GAA83.11       0.12%    passed     96.98%
 193  Crotophytus_collaris_MapimiDur.GAA83.9        1.11%    passed     96.18%
 194  Crotophytus_collaris_MatehNL.GAA83.60         0.12%    passed     98.15%
 195  Crotophytus_collaris_MatehNL.GAA83.89         1.00%    passed     98.65%
 196  Crotophytus_collaris_Mineral.4706             0.29%    passed     98.84%
 197  Crotophytus_collaris_MohovCoah.GAA83.101      8.44%    passed     69.26%
 198  Crotophytus_collaris_NLeon.GAA83.105          0.12%    passed     96.58%
 199  Crotophytus_collaris_NMDonaAna.LVT2220        1.17%    passed     98.78%
 200  Crotophytus_collaris_NMDonaAna.LVT2221        1.35%    passed     98.30%
 201  Crotophytus_collaris_NMDonaAna.LVT2323        1.17%    passed     99.44%
 202  Crotophytus_collaris_NMGrant.LVT2325          1.35%    passed     93.69%
 203  Crotophytus_collaris_NMHidalgo.LVT2258        1.23%    passed     96.91%
 204  Crotophytus_collaris_NMLincoln.LVT2286        1.23%    passed     98.71%
 205  Crotophytus_collaris_NMLuna.LVT2259           1.35%    passed     98.89%
 206  Crotophytus_collaris_NMLuna.LVT2285           1.64%    passed     99.15%
 207  Crotophytus_collaris_NMSanJuan.LVT2306        1.82%    passed     98.78%
 208  Crotophytus_collaris_OK.JAS195                1.70%    passed     99.77%
 209  Crotophytus_collaris_OK.JAS196                0.94%    passed     99.97%
 210  Crotophytus_collaris_OK.JAS197                1.58%    passed     99.90%
 211  Crotophytus_collaris_OKOklahoma.LVT2298       1.52%    passed     98.41%
 212  Crotophytus_collaris_OKOklahoma.LVT2299       1.64%    passed     99.23%
 213  Crotophytus_collaris_OKOklahoma.LVT2300       1.93%    passed     99.12%
 214  Crotophytus_collaris_OKOklahoma.LVT2301       0.23%    passed     99.83%
 215  Crotophytus_collaris_Santan.BKS1125           0.12%    passed     99.75%
 216  Crotophytus_collaris_TJL319.NM                0.12%    passed     97.87%
 217  Crotophytus_collaris_TWR1802.COGarfield       0.12%    passed     99.89%
 218  Crotophytus_collaris_TWR1803.COGarfield       3.93%    passed     95.80%
 219  Crotophytus_collaris_TWR2014.Mohave           2.64%    passed     95.28%
 220  Crotophytus_collaris_TWR2031.Coconino         1.99%    passed     99.89%
 221  Crotophytus_collaris_TWR2032.Coconino         3.87%    passed     97.12%
 222  Crotophytus_collaris_TWR2034.Coconino         0.82%    passed     99.86%
 223  Crotophytus_collaris_TWR2035.Coconino        20.39%    passed     82.38%
 224  Crotophytus_collaris_TWR2040.Coconino         5.86%    passed     89.98%
 225  Crotophytus_collaris_TWR2041.Coconino         3.57%    passed     98.82%
 226  Crotophytus_collaris_TWR2042.Coconino         0.12%    passed     99.82%
 227  Crotophytus_collaris_TWR2058.Coconino         0.18%    passed     99.60%
 228  Crotophytus_collaris_TWR210.NMHidalgo         0.12%    passed     99.24%
 229  Crotophytus_collaris_TWR227.NMLuna            0.76%    passed     97.79%
 230  Crotophytus_collaris_TWR661.Navajo            2.58%    passed     99.86%
 231  Crotophytus_collaris_TXHudspeth.LVT2331       1.35%    passed     98.03%
 232  Crotophytus_collaris_TXHudspeth.LVT2332       1.29%    passed     99.43%
 233  Crotophytus_collaris_TXHudspeth.LVT2333       1.23%    passed     98.26%
 234  Crotophytus_collaris_TXHudspeth.LVT2334       1.29%    passed     99.22%
 235  Crotophytus_collaris_UTGGrand.LVT2251         1.29%    passed     99.45%
 236  Crotophytus_collaris_UTSanJuan.LVT2254        1.29%    passed     99.95%
 237  Crotophytus_collaris_UTSanJuan.LVT2255        1.52%    passed     99.66%
 238  Crotophytus_collaris_Wick.4661                0.23%    passed     99.48%
 239  Crotophytus_collaris_Wick.4663                0.23%    passed     99.48%
 240  Crotophytus_collaris_dgm621.CO.Otero          4.39%    passed     98.71%
 241  Crotophytus_dickersonae_3.7NKino.4597         2.11%    passed     99.50%
 242  Crotophytus_dickersonae_3.7NKino.4602         1.93%    passed     99.40%
 243  Crotophytus_dickersonae_35NKino.4591          0.18%    passed     99.95%
 244  Crotophytus_dickersonae_35NKino.4592          1.93%    passed     97.13%
 245  Crotophytus_dickersonae_H5500.Kino            0.18%    passed     99.69%
 246  Crotophytus_dickersonae_H5570.24.5NKino       0.23%    passed     99.53%
 247  Crotophytus_dickersonae_Kino.H5487            3.81%    passed     99.21%
 248  Crotophytus_dickersonae_ROM15051.Kino         2.58%    passed     98.31%
 249  Crotophytus_nebrius_11835.Guisamopa           0.12%    passed     92.71%
 250  Crotophytus_nebrius_11836.Guisamopa           1.87%    passed     94.37%
 251  Crotophytus_nebrius_2.9SHerm.4609             4.51%    passed     88.54%
 252  Crotophytus_nebrius_225.Buckeye              73.05%    passed      6.45%
 253  Crotophytus_nebrius_256.BuckHills             1.93%    passed     97.38%
 254  Crotophytus_nebrius_4608.2.9SHerm             4.34%    passed     88.99%
 255  Crotophytus_nebrius_6.5ECaborca.4611          2.05%    passed     94.10%
 256  Crotophytus_nebrius_6.5ECaborca.4612          2.05%    passed     94.10%
 257  Crotophytus_nebrius_7.8NCaborca.4613          2.05%    passed     97.84%
 258  Crotophytus_nebrius_Buck.cnF1                 9.72%    passed     84.87%
 259  Crotophytus_nebrius_Estrella.4649             0.23%    passed     99.16%
 260  Crotophytus_nebrius_Estrella.4651             0.23%    passed     99.23%
 261  Crotophytus_nebrius_Estrella.4652             0.23%    passed     98.48%
 262  Crotophytus_nebrius_Estrella.LVT2312          1.46%    passed     98.14%
 263  Crotophytus_nebrius_Estrella.LVT2313          1.82%    passed     98.77%
 264  Crotophytus_nebrius_H5509.60SHerm             1.17%    passed     99.48%
 265  Crotophytus_nebrius_H5512.75miNWCaborc        0.29%    passed     98.93%
 266  Crotophytus_nebrius_H5518.Gila                7.44%    passed     88.55%
 267  Crotophytus_nebrius_H5519.Gila                0.18%    passed     91.05%
 268  Crotophytus_nebrius_H5520.Gila                3.16%    passed     87.65%
 269  Crotophytus_nebrius_H5577.SanCarlos           0.18%    passed     99.90%
 270  Crotophytus_nebrius_LittleAjo.4633            0.23%    passed     98.40%
 271  Crotophytus_nebrius_Mohawk.4614               0.23%    passed     95.27%
 272  Crotophytus_nebrius_Silverbells.4646          0.35%    passed     99.90%
 273  Crotophytus_nebrius_Silverbells.4647          0.23%    passed     99.94%
 274  Crotophytus_nebrius_TWR1250.VHidalgo         30.11%    passed     48.06%
 275  Crotophytus_nebrius_TWR1393.SanCarlos        31.11%    passed     29.85%
 276  Crotophytus_nebrius_Tucsons.4638              0.23%    passed     99.94%
 277  Crotophytus_nebrius_Tucsons.4642              0.23%    passed     99.49%
 278  Crotophytus_nebrius_Tucsons.4644              0.35%    passed     99.96%
 279  Crotophytus_nebrius_cnM1.BuckHills            0.12%    passed     98.71%
 280  Crotophytus_nebriusrius.SGilaMtns.dgm471     13.83%    passed     95.66%
 281  Crotophytus_reticulatus_H5574.EaglePass       0.23%    passed     99.51%
 282  Crotophytus_reticulatus_H5575.EaglePass       0.23%    passed     99.85%
 283  Crotophytus_reticulatus_J1.Falcon             1.64%    passed     99.57%
 284  Crotophytus_reticulatus_JAM3983.Falcon        2.11%    passed     97.71%
 285  Crotophytus_reticulatus_JAM3984.Falcon        0.23%    passed     92.24%
 286  Crotophytus_reticulatus_JAM3985.Falcon        0.23%    passed     94.75%
 287  Crotophytus_reticulatus_JAM3986.Laredo1       3.63%    passed     99.66%
 288  Crotophytus_reticulatus_JAM3987.Laredo2       8.32%    passed     99.08%
 289  Crotophytus_reticulatus_j3.Falcon             1.76%    passed     99.62%
 290  Crotophytus_reticulatus_k3.Falcon             3.98%    passed     99.32%
 291  Crotophytus_vestigium_BCS.236264.SanIsidro    0.18%    passed     72.81%
 292  Crotophytus_vestigium_CWL004                  3.93%    passed     81.81%
 293  Crotophytus_vestigium_H5536.Vallecito         0.18%    passed     81.71%
 294  Crotophytus_vestigium_JRO330.ElArco           0.18%    passed     80.45%
 295  Crotophytus_vestigium_Magda.SDSNHF350         0.18%    passed     91.90%
 296  Crotophytus_vestigium_MtSprgs.5534            0.47%    passed     84.00%
 297  Crotophytus_vestigium_ROM13557.Agueda         0.18%    passed     91.47%
 298  Crotophytus_vestigium_ROM13558.Agueda         0.18%    passed     94.25%
 299  Crotophytus_vestigium_ROM13573.Agueda         0.29%    passed     85.13%
 300  Crotophytus_vestigium_ROM13574.Agueda         0.18%    passed     92.61%
 301  Crotophytus_vestigium_RWM546.Mulege           0.29%    passed     69.39%
 302  Crotophytus_vestigium_TWR1913.DosCabeza       5.51%    passed     91.67%
 303  Crotophytus_vestigium_dgm802.McCainVall       0.18%    passed     86.37%
 304  Gambelia_copei_BahiaLA.161174                 2.69%    passed     78.38%
 305  Gambelia_copei_Cedros.JRO363                  0.18%    passed     96.83%
 306  Gambelia_copei_GNegro.161173                  2.52%    passed     80.74%
 307  Gambelia_copei_RWM1031.Abreojos               0.18%    passed     92.71%
 308  Gambelia_copei_RWM1056.Abreojos               0.18%    passed     90.63%
 309  Gambelia_copei_RWM1066.Abreojos               0.18%    passed     87.77%
 310  Gambelia_copei_RWM1067.Abreojos               0.12%    passed     98.18%
 311  Gambelia_copei_StaRos.SDSNHF393               0.18%    passed     89.46%
 312  Gambelia_sila_H5586                           1.35%    passed     91.49%
 313  Gambelia_sila_H5592                           1.35%    passed     89.11%
 314  Gambelia_wislizenii_104.Kern                 46.46%    passed     53.57%
 315  Gambelia_wislizenii_166.Washoe                1.93%    passed     76.75%
 316  Gambelia_wislizenii_167.Washoe                2.52%    passed     85.37%
 317  Gambelia_wislizenii_188.SanBern              44.00%    passed     85.27%
 318  Gambelia_wislizenii_19.SanBern                9.55%    passed     77.80%
 319  Gambelia_wislizenii_225.Yuma                  4.51%    passed     98.43%
 320  Gambelia_wislizenii_299.Moab                  6.27%    passed     94.46%
 321  Gambelia_wislizenii_300.Moab                 10.72%    passed     77.52%
 322  Gambelia_wislizenii_77.SanBern                5.10%    passed     81.86%
 323  Gambelia_wislizenii_83.1.DurangoMapimi        0.23%    passed     98.00%
 324  Gambelia_wislizenii_83.102.Coah.Mohovano      0.23%    passed     96.63%
 325  Gambelia_wislizenii_83.18.DurangoMapimi       3.69%    passed     91.05%
 326  Gambelia_wislizenii_83.8.DurangoMapimi        0.18%    passed     98.16%
 327  Gambelia_wislizenii_H5501.4.1EKino            0.23%    passed     84.74%
 328  Gambelia_wislizenii_H5502.Hermosillo          0.18%    passed     83.43%
 329  Gambelia_wislizenii_H5503.PuntaTepoca         1.29%    passed     86.46%
 330  Gambelia_wislizenii_H5504.PLibertad           0.18%    passed     83.53%
 331  Gambelia_wislizenii_H5505.32.8NKino           0.18%    passed     87.80%
 332  Gambelia_wislizenii_H5507.Borrego             1.82%    passed     88.16%
 333  Gambelia_wislizenii_H5573.17.4NKino           1.70%    passed     86.06%
 334  Gambelia_wislizenii_Imperial.TWR540           0.18%    passed     85.50%
 335  Gambelia_wislizenii_Inyo.151                  4.16%    passed     86.48%
 336  Gambelia_wislizenii_Inyo.30                  19.27%    passed     71.86%
 337  Gambelia_wislizenii_JQR128.SanBern            0.18%    passed     93.11%
 338  Gambelia_wislizenii_Kelso.ROM13750            0.18%    passed     93.11%
 339  Gambelia_wislizenii_LSUHC3215.Tib             0.18%    passed     89.10%
 340  Gambelia_wislizenii_MCB225                    0.18%    passed     90.26%
 341  Gambelia_wislizenii_MineralNV.150063          1.29%    passed     77.53%
 342  Gambelia_wislizenii_MineralNV.150064          0.18%    passed     85.47%
 343  Gambelia_wislizenii_MineralNV.150065          0.18%    passed     88.00%
 344  Gambelia_wislizenii_Nye.154                   3.16%    passed     88.03%
 345  Gambelia_wislizenii_Nye.156                   0.18%    passed     89.19%
 346  Gambelia_wislizenii_Pisgah.137               17.57%    passed     94.79%
 347  Gambelia_wislizenii_ROM13775.Ocotillo         0.12%    passed     97.31%
 348  Gambelia_wislizenii_ROM13852.Ocotillo         0.12%    passed     98.82%
 349  Gambelia_wislizenii_ROM13986.LongPalm         1.23%    passed     91.31%
 350  Gambelia_wislizenii_ROM13987.LongPalm         0.18%    passed     91.01%
 351  Gambelia_wislizenii_ROM14022.Ocotillo         0.18%    passed     95.43%
 352  Gambelia_wislizenii_ROM14165.Sonora           0.12%    passed     97.91%
 353  Gambelia_wislizenii_ROM14589.50Palm           1.05%    passed     85.44%
 354  Gambelia_wislizenii_ROM14608.50Palm           0.18%    passed     88.78%
 355  Gambelia_wislizenii_ROM14646.Newberry         0.18%    passed     95.60%
 356  Gambelia_wislizenii_ROM16107.Ocotillo         0.12%    passed     98.17%
 357  Gambelia_wislizenii_SDSNH38904.Corn           0.82%    passed     94.45%
 358  Gambelia_wislizenii_TWR1965.SanBern           0.18%    passed     92.25%
 359  Gambelia_wislizenii_TWR2048.Coconino          0.18%    passed     97.78%
 360  Gambelia_wislizenii_TWR2054.Coconino          0.18%    passed     98.04%
 361  Gambelia_wislizenii_TWR541.Imperial           1.17%    passed     87.22%
 362  Gambelia_wislizenii_Wickenburg.4664           0.29%    passed     95.95%
 363  Iguana_iguana                                15.29%    failed      0.06%
WARNING: 4 sequences contain more than 50% gaps/ambiguity
****  TOTAL                                         3.44%  3 sequences failed composition chi2 test (p-value<5%; df=3)
Checking for duplicate sequences: done in 0.0023957 secs using 94.63% CPU


Create initial parsimony tree by phylogenetic likelihood library (PLL)... 0.103 seconds
Perform fast likelihood tree search using GTR+I+G model...
Estimate model parameters (epsilon = 5.000)
Perform nearest neighbor interchange...
Estimate model parameters (epsilon = 1.000)
1. Initial log-likelihood: -19322.996
2. Current log-likelihood: -19321.714
3. Current log-likelihood: -19320.575
4. Current log-likelihood: -19319.568
Optimal log-likelihood: -19318.381
Rate parameters:  A-C: 1.26497  A-G: 21.92464  A-T: 1.02298  C-G: 0.92934  C-T: 12.85744  G-T: 1.00000
Base frequencies:  A: 0.346  C: 0.292  G: 0.115  T: 0.247
Proportion of invariable sites: 0.345
Gamma shape alpha: 0.598
Parameters optimization took 4 rounds (4.695 sec)
Time for fast ML tree search: 15.653 seconds

NOTE: ModelFinder requires 126 MB RAM!
ModelFinder will test up to 968 DNA models (sample size: 1707 epsilon: 0.100) ...
 No. Model         -LnL         df  AIC          AICc         BIC
  1  JC            22971.038    723 47388.075    48453.084    51322.998
  2  JC+I          21762.219    724 44972.438    46041.480    48912.802
  3  JC+G4         21423.536    724 44295.072    45364.115    48235.437
  4  JC+I+G4       21384.717    725 44219.434    45292.522    48165.241
  5  JC+R2         21486.233    725 44422.467    45495.555    48368.274
  6  JC+R3         21363.030    727 44180.060    45261.278    48136.753
  7  JC+R4         21337.537    729 44133.075    45222.471    48100.652
  8  JC+R5         21337.176    731 44136.353    45233.977    48114.815
 14  JC+I+R2       21394.312    726 44240.625    45317.772    48191.874
 15  JC+I+R3       21343.958    728 44143.917    45229.217    48106.051
 16  JC+I+R4       21337.483    730 44134.966    45228.470    48107.986
 29  JC+R4         21337.537    729 44133.075    45222.471    48100.652
 37  JC+I+R3       21343.958    728 44143.917    45229.217    48106.051
 38  JC+I+R4       21337.483    730 44134.966    45228.470    48107.986
 51  F81+R4        21337.133    729 44132.267    45221.663    48099.844
 59  F81+I+R3      21343.985    728 44143.971    45229.272    48106.106
 60  F81+I+R4      21337.409    730 44134.817    45228.321    48107.837
 73  F81+F+R4      21209.319    732 43882.638    44984.396    47866.543
 81  F81+F+I+R3    21214.995    731 43891.990    44989.615    47870.453
 82  F81+F+I+R4    21208.910    733 43883.819    44989.723    47873.166
 95  K2P+R4        19739.961    730 40939.923    42033.427    44912.943
103  K2P+I+R3      19748.975    729 40955.950    42045.347    44923.528
104  K2P+I+R4      19740.267    731 40942.535    42040.159    44920.997
117  K2P+R4        19739.961    730 40939.923    42033.427    44912.943
125  K2P+I+R3      19748.975    729 40955.950    42045.347    44923.528
126  K2P+I+R4      19740.267    731 40942.535    42040.159    44920.997
139  HKY+R4        19739.853    730 40939.706    42033.210    44912.725
147  HKY+I+R3      19748.913    729 40955.825    42045.221    44923.402
148  HKY+I+R4      19740.164    731 40942.328    42039.952    44920.790
161  HKY+F+R4      19301.158    733 40068.316    41174.219    44057.663
169  HKY+F+I+R3    19304.598    732 40073.196    41174.954    44057.101
170  HKY+F+I+R4    19297.268    734 40062.535    41172.597    44057.325
183  TNe+R4        19716.662    731 40895.324    41992.949    44873.787
191  TNe+I+R3      19723.976    730 40907.952    42001.456    44880.971
192  TNe+I+R4      19715.895    732 40895.790    41997.548    44879.695
205  TNe+R4        19716.662    731 40895.324    41992.949    44873.787
213  TNe+I+R3      19723.976    730 40907.952    42001.456    44880.971
214  TNe+I+R4      19715.895    732 40895.790    41997.548    44879.695
227  TN+R4         19716.555    731 40895.109    41992.734    44873.572
235  TN+I+R3       19723.948    730 40907.897    42001.401    44880.916
236  TN+I+R4       19715.891    732 40895.783    41997.541    44879.688
249  TN+F+R4       19290.268    734 40048.536    41158.597    44043.325
257  TN+F+I+R3     19295.595    733 40057.190    41163.093    44046.537
258  TN+F+I+R4     19288.052    735 40046.103    41160.336    44046.335
271  K3P+R4        19730.565    731 40923.130    42020.754    44901.592
279  K3P+I+R3      19739.804    730 40939.608    42033.112    44912.628
280  K3P+I+R4      19730.775    732 40925.550    42027.307    44909.454
293  K3P+R4        19730.565    731 40923.130    42020.754    44901.592
301  K3P+I+R3      19739.804    730 40939.608    42033.112    44912.628
302  K3P+I+R4      19730.775    732 40925.550    42027.307    44909.454
315  K3Pu+R4       19730.534    731 40923.067    42020.692    44901.529
323  K3Pu+I+R3     19739.805    730 40939.610    42033.114    44912.630
324  K3Pu+I+R4     19730.746    732 40925.491    42027.249    44909.396
337  K3Pu+F+R4     19298.879    734 40065.758    41175.820    44060.548
345  K3Pu+F+I+R3   19303.111    733 40072.223    41178.126    44061.570
346  K3Pu+F+I+R4   19296.001    735 40062.001    41176.234    44062.233
359  TPM2+R4       19675.632    731 40813.264    41910.889    44791.726
367  TPM2+I+R3     19685.917    730 40831.834    41925.338    44804.854
368  TPM2+I+R4     19676.070    732 40816.140    41917.898    44800.045
381  TPM2+R4       19675.632    731 40813.264    41910.889    44791.726
389  TPM2+I+R3     19685.917    730 40831.834    41925.338    44804.854
390  TPM2+I+R4     19676.070    732 40816.140    41917.898    44800.045
403  TPM2u+R4      19675.572    731 40813.143    41910.768    44791.605
411  TPM2u+I+R3    19685.897    730 40831.794    41925.298    44804.814
412  TPM2u+I+R4    19675.960    732 40815.921    41917.678    44799.825
425  TPM2u+F+R4    19299.464    734 40066.928    41176.989    44061.717
433  TPM2u+F+I+R3  19302.982    733 40071.963    41177.867    44061.310
434  TPM2u+F+I+R4  19295.606    735 40061.212    41175.444    44061.444
447  TPM3+R4       19736.453    731 40934.905    42032.530    44913.367
455  TPM3+I+R3     19745.234    730 40950.467    42043.971    44923.487
456  TPM3+I+R4     19736.273    732 40936.547    42038.304    44920.451
469  TPM3+R4       19736.453    731 40934.905    42032.530    44913.367
477  TPM3+I+R3     19745.234    730 40950.467    42043.971    44923.487
478  TPM3+I+R4     19736.273    732 40936.546    42038.304    44920.451
491  TPM3u+R4      19736.402    731 40934.804    42032.429    44913.266
499  TPM3u+I+R3    19745.217    730 40950.433    42043.937    44923.453
500  TPM3u+I+R4    19736.243    732 40936.487    42038.245    44920.391
513  TPM3u+F+R4    19299.935    734 40067.870    41177.932    44062.660
521  TPM3u+F+I+R3  19303.591    733 40073.183    41179.086    44062.530
522  TPM3u+F+I+R4  19296.447    735 40062.895    41177.128    44063.127
535  TIMe+R4       19707.637    732 40879.273    41981.031    44863.178
543  TIMe+I+R3     19715.098    731 40892.195    41989.820    44870.658
544  TIMe+I+R4     19706.936    733 40879.872    41985.776    44869.220
557  TIMe+R4       19707.637    732 40879.273    41981.031    44863.178
565  TIMe+I+R3     19715.098    731 40892.195    41989.820    44870.658
566  TIMe+I+R4     19706.936    733 40879.872    41985.776    44869.220
579  TIM+R4        19707.494    732 40878.987    41980.745    44862.892
587  TIM+I+R3      19715.058    731 40892.116    41989.741    44870.578
588  TIM+I+R4      19706.922    733 40879.843    41985.746    44869.190
601  TIM+F+R4      19288.476    735 40046.953    41161.185    44047.185
609  TIM+F+I+R3    19294.023    734 40056.046    41166.108    44050.836
610  TIM+F+I+R4    19286.542    736 40045.085    41163.501    44050.759
623  TIM2e+R4      19657.882    732 40779.765    41881.522    44763.669
631  TIM2e+I+R3    19666.459    731 40794.917    41892.542    44773.379
632  TIM2e+I+R4    19657.781    733 40781.563    41887.466    44770.910
645  TIM2e+R4      19657.882    732 40779.765    41881.522    44763.669
653  TIM2e+I+R3    19666.459    731 40794.917    41892.542    44773.379
654  TIM2e+I+R4    19657.781    733 40781.563    41887.466    44770.910
667  TIM2+R4       19657.761    732 40779.521    41881.279    44763.426
675  TIM2+I+R3     19666.436    731 40794.871    41892.496    44773.334
676  TIM2+I+R4     19657.763    733 40781.525    41887.428    44770.872
689  TIM2+F+R4     19287.924    735 40045.848    41160.081    44046.080
697  TIM2+F+I+R3   19293.753    734 40055.506    41165.568    44050.296
698  TIM2+F+I+R4   19286.337    736 40044.673    41163.090    44050.348
711  TIM3e+R4      19712.220    732 40888.439    41990.197    44872.344
719  TIM3e+I+R3    19719.499    731 40900.997    41998.622    44879.459
720  TIM3e+I+R4    19711.516    733 40889.032    41994.936    44878.380
733  TIM3e+R4      19712.220    732 40888.439    41990.197    44872.344
741  TIM3e+I+R3    19719.499    731 40900.997    41998.622    44879.459
742  TIM3e+I+R4    19711.516    733 40889.032    41994.936    44878.380
755  TIM3+R4       19712.130    732 40888.261    41990.019    44872.166
763  TIM3+I+R3     19719.480    731 40900.959    41998.584    44879.421
764  TIM3+I+R4     19711.515    733 40889.029    41994.933    44878.376
777  TIM3+F+R4     19288.597    735 40047.193    41161.426    44047.426
785  TIM3+F+I+R3   19294.136    734 40056.273    41166.334    44051.062
786  TIM3+F+I+R4   19286.927    736 40045.854    41164.270    44051.528
799  TVMe+R4       19668.182    733 40802.363    41908.267    44791.711
807  TVMe+I+R3     19678.927    732 40821.854    41923.612    44805.759
808  TVMe+I+R4     19669.178    734 40806.356    41916.418    44801.146
821  TVMe+R4       19668.182    733 40802.363    41908.267    44791.711
829  TVMe+I+R3     19678.927    732 40821.854    41923.612    44805.759
830  TVMe+I+R4     19669.178    734 40806.356    41916.418    44801.146
843  TVM+R4        19668.124    733 40802.248    41908.151    44791.595
851  TVM+I+R3      19678.863    732 40821.727    41923.485    44805.632
852  TVM+I+R4      19669.153    734 40806.307    41916.369    44801.097
865  TVM+F+R4      19295.841    736 40063.682    41182.099    44069.357
873  TVM+F+I+R3    19300.746    735 40071.491    41185.724    44071.723
874  TVM+F+I+R4    19293.824    737 40061.648    41184.261    44072.765
887  SYM+R4        19651.090    734 40770.179    41880.241    44764.969
895  SYM+I+R3      19659.542    733 40785.084    41890.987    44774.431
896  SYM+I+R4      19650.841    735 40771.682    41885.914    44771.914
909  SYM+R4        19651.090    734 40770.179    41880.241    44764.969
917  SYM+I+R3      19659.542    733 40785.084    41890.987    44774.431
918  SYM+I+R4      19650.841    735 40771.682    41885.914    44771.914
931  GTR+R4        19651.070    734 40770.140    41880.202    44764.930
939  GTR+I+R3      19659.529    733 40785.057    41890.961    44774.404
940  GTR+I+R4      19650.817    735 40771.633    41885.866    44771.865
953  GTR+F+R4      19286.030    737 40046.059    41168.672    44057.177
961  GTR+F+I+R3    19291.897    736 40055.793    41174.210    44061.468
962  GTR+F+I+R4    19284.669    738 40045.339    41172.161    44061.898
Akaike Information Criterion:           TIM2+F+I+R4
Corrected Akaike Information Criterion: TN+F+R4
Bayesian Information Criterion:         TN+F+R4
Best-fit model: TN+F+R4 chosen according to BIC

All model information printed to results/dna_M3777_363_1707.phy/output_files/iqtree/inference/pars_2.model.gz
CPU time for ModelFinder: 783.293 seconds (0h:13m:3s)
Wall-clock time for ModelFinder: 787.395 seconds (0h:13m:7s)

NOTE: 50 MB RAM (0 GB) is required!
Estimate model parameters (epsilon = 0.010)
1. Initial log-likelihood: -19290.764
2. Current log-likelihood: -19289.318
3. Current log-likelihood: -19289.137
4. Current log-likelihood: -19289.102
5. Current log-likelihood: -19289.076
6. Current log-likelihood: -19289.054
7. Current log-likelihood: -19289.035
8. Current log-likelihood: -19289.018
9. Current log-likelihood: -19289.003
10. Current log-likelihood: -19288.990
11. Current log-likelihood: -19288.979
12. Current log-likelihood: -19288.969
Optimal log-likelihood: -19288.955
Rate parameters:  A-C: 1.00000  A-G: 17.29300  A-T: 1.00000  C-G: 1.00000  C-T: 12.79026  G-T: 1.00000
Base frequencies:  A: 0.346  C: 0.292  G: 0.115  T: 0.247
Site proportion and rates:  (0.598,0.051) (0.237,1.232) (0.145,3.496) (0.019,8.744)
Parameters optimization took 12 rounds (13.134 sec)
Wrote distance file to... 
BEST SCORE FOUND : -19288.955
Total tree length: 2.950

Total number of iterations: 0
CPU time used for tree search: 0.000 sec (0h:0m:0s)
Wall-clock time used for tree search: 0.000 sec (0h:0m:0s)
Total CPU time used: 796.437 sec (0h:13m:16s)
Total wall-clock time used: 800.589 sec (0h:13m:20s)

Analysis results written to: 
  IQ-TREE report:                results/dna_M3777_363_1707.phy/output_files/iqtree/inference/pars_2.iqtree
  Maximum-likelihood tree:       results/dna_M3777_363_1707.phy/output_files/iqtree/inference/pars_2.treefile
  Screen log file:               results/dna_M3777_363_1707.phy/output_files/iqtree/inference/pars_2.log

Date and Time: Sun Sep 21 13:55:47 2025
