IQ-TREE version 3.0.1 for Linux x86 64-bit built Sep 12 2025
Developed by Bui Quang Minh, Thomas Wong, Nhan Ly-Trong, Huaiyan Ren
Contributed by Lam-Tung Nguyen, Dominik Schrempf, Chris Bielow,
Olga Chernomor, Michael Woodhams, Diep Thi Hoang, Heiko Schmidt

Host:    suny-Precision-5530 (AVX2, FMA3, 15 GB RAM)
Command: /usr/local/bin/iqtree3 -s /home/suny/Downloads/VAN_TRAINING_DATA/data3/dna_M4927_268_1275.phy -pre results/dna_M4927_268_1275.phy/output_files/iqtree/inference/pars_14 -seed 14 -ninit 1 -T 1 -redo -n 0
Seed:    14 (Using SPRNG - Scalable Parallel Random Number Generator)
Time:    Wed Sep 24 00:55:53 2025
Kernel:  AVX+FMA - 1 threads (12 CPU cores detected)

HINT: Use -nt option to specify number of threads because your CPU has 12 cores!
HINT: -nt AUTO will automatically determine the best number of threads to use.

Reading alignment file /home/suny/Downloads/VAN_TRAINING_DATA/data3/dna_M4927_268_1275.phy ... Phylip format detected
Alignment most likely contains DNA/RNA sequences
Constructing alignment: done in 0.00441889 secs using 53.34% CPU
Alignment has 268 sequences with 1275 columns, 614 distinct patterns
315 parsimony-informative, 161 singleton sites, 799 constant sites
                                                 Gap/Ambiguity  Composition  p-value
Analyzing sequences: done in 0.000439741 secs using 99.15% CPU
   1  Anisomeridium_consobrinum                         36.47%    passed     99.88%
   2  Antennariella_placitae                            31.92%    passed     96.80%
   3  Aulographina_pinorum_CBS_174.90                   35.69%    passed     98.59%
   4  Aulographina_pinorum_CBS_302.71                   32.24%    passed     90.94%
   5  Batcheloromyces_proteae                           30.20%    passed     94.15%
   6  Baudoinia_compniacensis                           42.51%    passed     98.73%
   7  Brunneosphaerella_protearum_CPC_13905             31.29%    passed     68.15%
   8  Brunneosphaerella_protearum_CPC_13914             28.39%    passed     75.80%
   9  Brunneosphaerella_protearum_CPC_15231             26.04%    passed     74.26%
  10  Brunneosphaerella_protearum_CPC_16338             33.65%    passed     74.39%
  11  Capnobotryella_renispora_CBS215.90                30.35%    passed     68.42%
  12  Capnobotryella_renispora_EU019248                 41.49%    passed     74.10%
  13  Capnodium_coffeae                                 27.69%    passed     93.32%
  14  Catenulostroma_abietis                            41.65%    passed     98.48%
  15  Catenulostroma_elginense                          41.49%    passed     98.96%
  16  Catenulostroma_microsporum_EU019255               30.51%    passed     86.34%
  17  Catenulostroma_protearum_CPC_15368                27.06%    passed     98.68%
  18  Catenulostroma_protearum_CPC_15369                27.06%    passed     98.68%
  19  Catenulostroma_protearum_CPC_15370                26.35%    passed     96.18%
  20  Cercospora_apii                                   41.41%    passed     98.17%
  21  Cercosporella_virgaureae                          41.41%    passed     99.91%
  22  Cladosporium_bruhnei                              28.08%    passed     43.62%
  23  Cladosporium_cladosporioides                      34.04%    passed     46.71%
  24  Cladosporium_sp._CPC_15513                        32.94%    passed     41.96%
  25  Cladosporium_sp._CPC_15516                        32.63%    passed     45.20%
  26  Cladosporium_sp._FJ790289                         29.88%    passed     37.44%
  27  Comminutispora_agavaciensis                       27.22%    passed     96.04%
  28  Condioxyphium_gardeniorum                         27.76%    passed     92.38%
  29  Cystocoleus_ebeneus_EU048571                      36.63%    passed     63.80%
  30  Cystocoleus_ebeneus_EU048573                      36.71%    passed     62.38%
  31  Davidiella_allicina                               32.94%    passed     54.16%
  32  Davidiella_macrospora                             35.45%    passed     49.31%
  33  Devriesia_hilliana                                26.59%    passed     98.02%
  34  Devriesia_lagerstroemiae                           9.02%    passed     16.74%
  35  Devriesia_staurophora                             35.29%    passed     99.97%
  36  Devriesia_strelitziae                             41.49%    passed     98.14%
  37  Devriesia_strelitziicola                          32.94%    passed     73.65%
  38  Dissoconium_aciculare_CBS_204.89                  30.82%    passed     92.88%
  39  Dissoconium_aciculare_EU019266                    41.96%    passed     97.91%
  40  Dissoconium_australiensis                         41.96%    passed     97.00%
  41  Dissoconium_commune_CBS_110747                    30.75%    passed     93.38%
  42  Dissoconium_commune_EU019267                      41.88%    passed     99.58%
  43  Dissonium_dekkeri_CBS_111282                      30.75%    passed     96.91%
  44  Dissonium_dekkeri_DQ204768                        41.88%    passed     97.64%
  45  Dothidea_insculpta                                26.82%    passed      8.39%
  46  Dothistroma_pini                                  41.57%    passed     84.99%
  47  Dothistroma_septosporum_CBS_383.74                36.24%    passed     84.51%
  48  Dothistroma_septosporum_CBS_543.74                36.86%    passed     83.29%
  49  Dothistroma_septosporum_GQ852597                  41.57%    passed     88.99%
  50  Fumagospora_capnodioides                          32.08%    passed     90.11%
  51  Graphiopsis_chlorocephala                         26.51%    passed     91.73%
  52  Hortaea_acidophila                                37.88%    passed     48.25%
  53  Hortaea_thailandica                               30.12%    passed     84.39%
  54  Hortaea_werneckii_1027_Conrad                     34.75%    passed     98.10%
  55  Hortaea_werneckii_1098_Conrad                     34.35%    passed     97.81%
  56  Hortaea_werneckii_EU019270                        34.04%    passed     90.99%
  57  Lecanosticta_acicola                              41.57%    passed     96.14%
  58  Leptoxyphium_fumago                               30.90%    passed     91.40%
  59  Leptoxyphium_madagascariensis                     51.29%    passed     94.35%
  60  Melanodothis_caricis                              31.69%    passed     58.00%
  61  Meristema_sp._1166                                35.22%    passed     97.41%
  62  Meristema_sp._1167                                35.06%    passed     87.36%
  63  Meristema_sp._1168                                34.75%    passed     52.08%
  64  Meristema_sp._1169                                33.57%    passed     96.15%
  65  Meristema_sp._1170                                34.90%    passed     97.38%
  66  Meristema_sp._1172                                34.90%    passed     73.71%
  67  Meristema_sp._1173                                34.67%    passed     81.35%
  68  Microxyphium_aciculiforme                         30.04%    passed     86.15%
  69  Microxyphium_citri                                24.00%    passed     52.38%
  70  Microxyphium_theae                                27.29%    passed     85.78%
  71  Mycosphaerella_acaciigena                         41.65%    passed     77.67%
  72  Mycosphaerella_africana                           41.41%    passed     82.76%
  73  Mycosphaerella_aleuritidis                        41.96%    passed     78.53%
  74  Mycosphaerella_aurantia                           41.41%    passed     84.54%
  75  Mycosphaerella_coacervata                         41.41%    passed     72.85%
  76  Mycosphaerella_colombiensis                       41.65%    passed     83.71%
  77  Mycosphaerella_cryptica                           30.51%    passed     80.07%
  78  Mycosphaerella_endophytica_DQ246255               41.57%    passed     99.41%
  79  Mycosphaerella_eurypotami                         45.10%    passed     34.03%
  80  Mycosphaerella_flageoletiana                      41.41%    passed     94.46%
  81  Mycosphaerella_graminicola_1615                   30.90%    passed     87.47%
  82  Mycosphaerella_graminicola_CBS_115943             29.96%    passed     84.31%
  83  Mycosphaerella_harthensis                         41.41%    passed     89.75%
  84  Mycosphaerella_heimii                             41.65%    passed     67.93%
  85  Mycosphaerella_intermedia                         41.88%    passed     95.30%
  86  Mycosphaerella_irregulariramosa                   41.65%    passed     82.70%
  87  Mycosphaerella_keniensis                          41.65%    passed     95.90%
  88  Mycosphaerella_latebrosa                          30.27%    passed     84.55%
  89  Mycosphaerella_linorum                            41.41%    passed     78.39%
  90  Mycosphaerella_madeirae                           41.88%    passed     70.34%
  91  Mycosphaerella_marksii                            42.51%    passed     99.03%
  92  Mycosphaerella_microsora                          41.57%    passed     88.99%
  93  Mycosphaerella_milleri                            41.65%    passed     93.34%
  94  Mycosphaerella_parkii                             41.73%    passed     91.73%
  95  Mycosphaerella_pseudoendophytica                  41.65%    passed     99.37%
  96  Mycosphaerella_pyri                               41.57%    passed     90.57%
  97  Mycosphaerella_ribis                              41.41%    passed     89.52%
  98  Mycosphaerella_rosigena                           36.08%    passed     95.98%
  99  Passalora_ageratinae                              32.78%    passed     81.38%
 100  Passalora_bellynckii                              41.57%    passed     92.26%
 101  Passalora_brachycarpa                             41.57%    passed     90.31%
 102  Passalora_dalbergiae                              30.98%    passed     20.63%
 103  Passalora_daleae                                  41.57%    passed     88.99%
 104  Passalora_eucalypti                               41.65%    passed     41.17%
 105  Passalora_fulva                                   41.57%    passed     87.20%
 106  Passalora_graminis                                41.41%    passed     98.44%
 107  Passalora_sp._GQ852622                            41.18%    passed     97.79%
 108  Passalora_sp._GQ852623                            41.57%    passed     92.26%
 109  Passalora_vaginae                                 41.80%    passed     94.88%
 110  Penidiella_columbiana                             41.80%    passed     99.10%
 111  Penidiella_eucalypti                              41.57%    passed     94.87%
 112  Penidiella_nectandrae                             41.96%    passed     98.64%
 113  Penidiella_pseudotasmaniensis                     41.49%    passed     91.77%
 114  Penidiella_strumelloidea                          41.80%    passed     95.69%
 115  Penidiella_tenuiramis                             41.65%    passed     93.72%
 116  Penidiella_venezuelensis                          28.24%    passed     89.86%
 117  Periconiella_arcuata                              41.96%    passed     98.12%
 118  Periconiella_velutina                             41.96%    passed     94.12%
 119  Phacellium_paspali                                41.57%    passed     99.13%
 120  Phaeocryptopus_gaeumannii                         41.65%    passed     74.61%
 121  Phaeophleospora_atkinsonii_CBS_124565             33.73%    passed     92.70%
 122  Phaeophleospora_atkinsonii_CBS_124566             33.41%    passed     91.39%
 123  Phaeophleospora_concentrica                       30.35%    passed     83.96%
 124  Phaeophleospora_eugeniae                          41.57%    passed     99.79%
 125  Phaeophleospora_eugeniicola                       41.57%    passed     99.97%
 126  Phaeotheca_fissurella                             26.90%    passed     50.11%
 127  Phaeotheca_triangularis                           32.86%    passed     96.18%
 128  Phaeothecoidea_eucalypti                          41.73%    passed     97.70%
 129  Phaeothecoidea_intermedia                         41.65%    passed     99.54%
 130  Phaeothecoidea_minutispora                        41.65%    passed     96.01%
 131  Piedraia_hortae                                   40.78%    passed      9.30%
 132  Piedraia_hortae_var._hortae_CBS_374.71            32.00%    passed     11.42%
 133  Piedraia_hortae_var._hortae_CBS_375.71            32.00%    passed     13.91%
 134  Piedraia_quintanilhae                             31.06%    passed      7.27%
 135  Polychaeton_citri                                 33.10%    passed     97.74%
 136  Polythrincium_trifolii_EU167610                   41.57%    passed     11.68%
 137  Polythrincium_trifolii_EU167612                   33.57%    passed     10.71%
 138  Pseudocercospora_basiramifera                     41.65%    passed     66.81%
 139  Pseudocercospora_basitruncata                     41.65%    passed     67.59%
 140  Pseudocercospora_bixae                            41.65%    passed     67.83%
 141  Pseudocercospora_crousii                          41.65%    passed     73.32%
 142  Pseudocercospora_eucalyptorum                     41.65%    passed     73.68%
 143  Pseudocercospora_fijiensis                        41.65%    passed     92.40%
 144  Pseudocercospora_griseola_f._griseola_CPC_10461   30.51%    passed     97.99%
 145  Pseudocercospora_griseola_f._griseola_GQ852633    41.65%    passed     93.68%
 146  Pseudocercospora_paraguayensis                    41.65%    passed     70.55%
 147  Pseudocercospora_platani                          41.65%    passed     77.11%
 148  Pseudocercospora_punctata                         41.65%    passed     73.57%
 149  Pseudocercospora_schizolobii                      41.65%    passed     72.52%
 150  Pseudocercospora_sphaerulinae                     41.57%    passed     47.30%
 151  Pseudocercospora_tereticornis                     41.65%    passed     66.81%
 152  Pseudocercospora_vitis                            41.65%    passed     74.76%
 153  Pseudocercosporella_sp.                           29.02%    passed     82.63%
 154  Rachicladosporium_cboliae                         32.31%    passed     89.05%
 155  Rachicladosporium_luculiae                        27.45%    passed     76.76%
 156  Racodium_rupestre_EU048575                        42.35%    passed     58.57%
 157  Racodium_rupestre_EU048576                        42.59%    passed     51.69%
 158  Racodium_rupestre_EU048577                        29.88%    passed     23.30%
 159  Ramichloridium_apiculatum_CBS_400.76              30.82%    passed     84.43%
 160  Ramichloridium_apiculatum_EU041848                41.96%    passed     94.67%
 161  Ramichloridium_australiense                       41.96%    passed     77.42%
 162  Ramichloridium_biverticillatum                    41.96%    passed     89.90%
 163  Ramichloridium_brasilianum                        40.78%    passed     97.49%
 164  Ramichloridium_cerophilum                         41.96%    passed     80.48%
 165  Ramichloridium_musae                              41.96%    passed     78.83%
 166  Ramichloridium_pini                               32.94%    passed     90.33%
 167  Ramichloridium_strelitziae                        42.12%    passed     85.44%
 168  Ramularia_aplospora                               41.41%    passed     95.79%
 169  Ramularia_brunnea                                 41.57%    passed     98.77%
 170  Ramularia_endophylla                              41.57%    passed     75.18%
 171  Ramularia_miae                                    41.57%    passed     96.70%
 172  Ramularia_nagornyi                                41.57%    passed     97.10%
 173  Ramularia_pratensis_var._pratensis                41.57%    passed     94.39%
 174  Ramulispora_sorghi                                41.41%    passed     90.53%
 175  Rasutoria_pseudotsugae                            41.96%    passed     86.50%
 176  Readeriella_angustia                              41.65%    passed     92.14%
 177  Readeriella_callista                              41.65%    passed     94.83%
 178  Readeriella_dendritica                            41.65%    passed     89.23%
 179  Readeriella_dimorphospora                         41.65%    passed     89.54%
 180  Readeriella_eucalypti                             41.65%    passed     88.53%
 181  Readeriella_eucalyptigena                         41.57%    passed     90.81%
 182  Readeriella_menaiensis                            41.80%    passed     98.35%
 183  Readeriella_minutispora                           41.65%    passed     94.90%
 184  Readeriella_mirabilis                             41.57%    passed     95.54%
 185  Readeriella_novaezelandiae                        41.65%    passed     94.28%
 186  Readeriella_patrickii                             41.65%    passed     90.63%
 187  Readeriella_pseudocallista                        41.65%    passed     92.07%
 188  Readeriella_tasmanica                             41.65%    passed     82.69%
 189  Readeriellaa_readeriellophora                     41.65%    passed     88.00%
 190  Schizothyrium_pomi                                41.80%    passed     91.54%
 191  Scorias_spongiosa                                 24.39%    passed     75.04%
 192  Septoria_aceris                                   41.41%    passed     89.75%
 193  Septoria_apiicola                                 41.41%    passed     97.08%
 194  Septoria_berberidis                               41.41%    passed     85.25%
 195  Septoria_convolvuli                               41.41%    passed     97.20%
 196  Septoria_leucanthemi                              41.41%    passed     97.05%
 197  Septoria_populicola                               41.41%    passed     94.82%
 198  Septoria_rubi                                     41.41%    passed     95.95%
 199  Septoria_senecionis                               41.41%    passed     96.69%
 200  Sonderhenia_eucalypticola                         41.65%    passed     97.82%
 201  Sonderhenia_eucalyptorum                          41.65%    passed     96.52%
 202  Sphaerulina_polyspora                             30.35%    passed     52.57%
 203  Sporidesmium_pachyanthicola                       35.45%    passed     46.23%
 204  Staninwardia_suttonii                             41.65%    passed     62.99%
 205  Stenella_araguata                                 28.31%    passed     90.16%
 206  Teratosphaeria_alboconidia                        41.65%    passed     97.82%
 207  Teratosphaeria_angophorae                         29.88%    passed     96.49%
 208  Teratosphaeria_blakelyi                           41.65%    passed     89.72%
 209  Teratosphaeria_brunneotingens                     41.65%    passed     99.34%
 210  Teratosphaeria_complicata                         41.65%    passed     98.88%
 211  Teratosphaeria_considenianae                      41.65%    passed     98.48%
 212  Teratosphaeria_corymbiae                          41.65%    passed     81.88%
 213  Teratosphaeria_cryptica                           41.65%    passed     99.43%
 214  Teratosphaeria_destructans                        41.65%    passed     80.91%
 215  Teratosphaeria_dimorpha                           41.65%    passed     96.11%
 216  Teratosphaeria_eucalypti                          41.65%    passed     76.36%
 217  Teratosphaeria_fibrillosa_CBS_121707              34.75%    passed     39.91%
 218  Teratosphaeria_fibrillosa_EU019282                41.65%    passed     44.52%
 219  Teratosphaeria_flexuosa                           41.65%    passed     99.48%
 220  Teratosphaeria_gauchensis                         41.65%    passed     96.42%
 221  Teratosphaeria_hortaea_FJ790299                   33.02%    passed     94.36%
 222  Teratosphaeria_hortaea_FJ790300                   36.39%    passed     96.08%
 223  Teratosphaeria_jonkershoekensis                   34.35%    passed     93.95%
 224  Teratosphaeria_juvenalis                          41.65%    passed     91.70%
 225  Teratosphaeria_knoxdavesii                        41.33%    passed     99.69%
 226  Teratosphaeria_macowanii                          41.65%    passed     97.94%
 227  Teratosphaeria_maculiformis                       41.65%    passed     39.60%
 228  Teratosphaeria_majorizuluensis                    41.65%    passed     98.88%
 229  Teratosphaeria_maxii                              41.65%    passed     96.11%
 230  Teratosphaeria_mexicana                           41.73%    passed     97.70%
 231  Teratosphaeria_miniata                            41.65%    passed     99.78%
 232  Teratosphaeria_molleriana                         41.65%    passed     98.59%
 233  Teratosphaeria_nubilosa                           41.65%    passed     89.44%
 234  Teratosphaeria_ohnowa                             41.65%    passed     97.78%
 235  Teratosphaeria_ovata                              41.65%    passed     98.48%
 236  Teratosphaeria_parva                              41.65%    passed     99.42%
 237  Teratosphaeria_proteae-arboreae                   41.65%    passed     59.40%
 238  Teratosphaeria_pseudosuberosa                     41.73%    passed     97.74%
 239  Teratosphaeria_secundaria                         41.65%    passed     98.58%
 240  Teratosphaeria_sp._EU019307                       41.65%    passed     97.68%
 241  Teratosphaeria_sp._FJ493202                       41.65%    passed     99.19%
 242  Teratosphaeria_sp._GQ852712                       41.02%    passed     94.49%
 243  Teratosphaeria_sp._GQ852713                       41.65%    passed     99.34%
 244  Teratosphaeria_stellenboschiana_EU019295          41.65%    passed     94.49%
 245  Teratosphaeria_stellenboschiana_GQ852716          30.51%    passed     83.01%
 246  Teratosphaeria_suberosa_CPC_11032                 30.59%    passed     87.65%
 247  Teratosphaeria_suberosa_DQ246235                  41.65%    passed     98.85%
 248  Teratosphaeria_suttonii                           41.57%    failed      1.15%
 249  Teratosphaeria_toledana                           41.65%    passed     84.85%
 250  Teratosphaeria_veloci                             41.65%    passed     90.36%
 251  Teratosphaeria_verrucosa                          41.65%    passed     88.45%
 252  Teratosphaeria_viscidus                           41.65%    passed     88.13%
 253  Teratosphaeria_zuluensis                          41.65%    passed     96.42%
 254  Toxicocladosporium_chlamydosporum                 29.65%    passed     77.99%
 255  Toxicocladosporium_irritans                       28.39%    passed     92.95%
 256  Toxicocladosporium_rubrigenum                     31.14%    passed     88.93%
 257  Tripospermum_myrti                                38.12%    passed     97.72%
 258  Verrucisporota_daviesiae                          41.96%    passed     89.77%
 259  Verrucisporota_proteacearum                       42.12%    passed     99.19%
 260  Verrucocladosporium_dirinae                       28.63%    passed     90.80%
 261  Xenomeris_juniperi                                41.65%    passed     82.36%
 262  Zasmidium_aerohyalinosporum                       41.88%    passed     80.72%
 263  Zasmidium_anthuriicola                            41.96%    passed     95.25%
 264  Zasmidium_cellare                                 33.33%    passed     75.97%
 265  Zasmidium_nabiacense                              41.88%    passed     67.39%
 266  Zasmidium_nocoxi                                  41.96%    passed     74.70%
 267  Zygophiala_cryptogama                             30.35%    passed     99.28%
 268  Zygophiala_sp.                                    30.43%    passed     99.87%
WARNING: 1 sequences contain more than 50% gaps/ambiguity
****  TOTAL                                             37.89%  1 sequences failed composition chi2 test (p-value<5%; df=3)
Checking for duplicate sequences: done in 0.00113623 secs using 99.72% CPU


Create initial parsimony tree by phylogenetic likelihood library (PLL)... 0.041 seconds
Perform fast likelihood tree search using GTR+I+G model...
Estimate model parameters (epsilon = 5.000)
Perform nearest neighbor interchange...
Estimate model parameters (epsilon = 1.000)
1. Initial log-likelihood: -15320.331
Optimal log-likelihood: -15319.871
Rate parameters:  A-C: 0.72004  A-G: 1.66198  A-T: 0.56290  C-G: 0.64172  C-T: 5.29804  G-T: 1.00000
Base frequencies:  A: 0.254  C: 0.224  G: 0.309  T: 0.214
Proportion of invariable sites: 0.342
Gamma shape alpha: 0.486
Parameters optimization took 1 rounds (0.424 sec)
Time for fast ML tree search: 3.519 seconds

NOTE: ModelFinder requires 53 MB RAM!
ModelFinder will test up to 968 DNA models (sample size: 1275 epsilon: 0.100) ...
 No. Model         -LnL         df  AIC          AICc         BIC
  1  JC            18435.234    533 37936.468    38704.679    40681.792
  2  JC+I          16986.131    534 35040.262    35812.397    37790.736
  3  JC+G4         16104.349    534 33276.697    34048.832    36027.172
  4  JC+I+G4       15997.464    535 33064.928    33841.004    35820.553
  5  JC+R2         16238.403    535 33546.807    34322.883    36302.432
  6  JC+R3         15976.985    537 33027.970    33811.975    35793.896
  7  JC+R4         15934.365    539 32946.729    33738.729    35722.957
  8  JC+R5         15913.679    541 32909.357    33709.417    35695.887
  9  JC+R6         15912.920    543 32911.840    33720.026    35708.671
 14  JC+I+R2       16114.164    536 33300.329    34080.361    36061.105
 15  JC+I+R3       15938.188    538 32952.376    33740.370    35723.453
 16  JC+I+R4       15915.201    540 32910.402    33706.424    35691.781
 17  JC+I+R5       15910.906    542 32905.812    33709.926    35697.492
 30  JC+R5         15913.679    541 32909.357    33709.417    35695.887
 38  JC+I+R4       15915.201    540 32910.402    33706.424    35691.781
 39  JC+I+R5       15910.906    542 32905.812    33709.926    35697.492
 52  F81+R5        15913.463    541 32908.926    33708.986    35695.456
 60  F81+I+R4      15914.911    540 32909.821    33705.843    35691.200
 61  F81+I+R5      15910.470    542 32904.941    33709.055    35696.621
 74  F81+F+R5      16008.708    544 33105.416    33917.690    35907.397
 82  F81+F+I+R4    16011.478    543 33108.957    33917.143    35905.787
 83  F81+F+I+R5    16006.225    545 33102.451    33918.829    35909.583
 96  K2P+R5        15310.235    542 31704.470    32508.584    34496.150
104  K2P+I+R4      15312.197    541 31706.394    32506.454    34492.923
105  K2P+I+R5      15307.393    543 31700.785    32508.971    34497.616
118  K2P+R5        15310.235    542 31704.470    32508.584    34496.150
126  K2P+I+R4      15312.197    541 31706.394    32506.454    34492.923
127  K2P+I+R5      15307.393    543 31700.785    32508.971    34497.616
140  HKY+R5        15310.184    542 31704.368    32508.482    34496.048
148  HKY+I+R4      15312.188    541 31706.376    32506.436    34492.906
149  HKY+I+R5      15307.354    543 31700.707    32508.893    34497.538
162  HKY+F+R5      15346.557    545 31783.114    32599.493    34590.247
170  HKY+F+I+R4    15349.702    544 31787.404    32599.678    34589.385
171  HKY+F+I+R5    15344.060    546 31780.121    32600.621    34592.404
184  TNe+R5        15268.718    543 31623.436    32431.622    34420.267
192  TNe+I+R4      15269.946    542 31623.892    32428.007    34415.573
193  TNe+I+R5      15265.259    544 31618.517    32430.791    34420.499
206  TNe+R5        15268.718    543 31623.436    32431.622    34420.267
214  TNe+I+R4      15269.946    542 31623.892    32428.007    34415.573
215  TNe+I+R5      15265.259    544 31618.517    32430.791    34420.499
228  TN+R5         15268.676    543 31623.353    32431.539    34420.183
236  TN+I+R4       15269.921    542 31623.842    32427.957    34415.522
237  TN+I+R5       15265.178    544 31618.355    32430.629    34420.337
250  TN+F+R5       15243.887    546 31579.774    32400.274    34392.057
258  TN+F+I+R4     15244.892    545 31579.783    32396.162    34386.915
259  TN+F+I+R5     15241.906    547 31577.811    32402.450    34395.245
272  K3P+R5        15302.198    543 31690.395    32498.581    34487.226
280  K3P+I+R4      15304.476    542 31692.952    32497.066    34484.632
281  K3P+I+R5      15299.353    544 31686.705    32498.979    34488.687
294  K3P+R5        15302.198    543 31690.395    32498.581    34487.226
302  K3P+I+R4      15304.476    542 31692.951    32497.066    34484.632
303  K3P+I+R5      15299.353    544 31686.705    32498.979    34488.687
316  K3Pu+R5       15302.164    543 31690.328    32498.514    34487.159
324  K3Pu+I+R4     15304.471    542 31692.943    32497.058    34484.623
325  K3Pu+I+R5     15299.316    544 31686.632    32498.906    34488.613
338  K3Pu+F+R5     15336.995    546 31765.990    32586.490    34578.273
346  K3Pu+F+I+R4   15340.523    545 31771.046    32587.425    34578.178
347  K3Pu+F+I+R5   15334.729    547 31763.457    32588.096    34580.891
360  TPM2+R5       15296.816    543 31679.632    32487.818    34476.463
368  TPM2+I+R4     15297.992    542 31679.985    32484.099    34471.665
369  TPM2+I+R5     15293.314    544 31674.629    32486.903    34476.610
382  TPM2+R5       15296.816    543 31679.632    32487.818    34476.463
390  TPM2+I+R4     15297.992    542 31679.985    32484.099    34471.665
391  TPM2+I+R5     15293.314    544 31674.629    32486.903    34476.610
404  TPM2u+R5      15296.779    543 31679.559    32487.745    34476.390
412  TPM2u+I+R4    15297.994    542 31679.988    32484.103    34471.668
413  TPM2u+I+R5    15293.300    544 31674.599    32486.873    34476.581
426  TPM2u+F+R5    15342.323    546 31776.647    32597.147    34588.930
434  TPM2u+F+I+R4  15345.037    545 31780.075    32596.453    34587.207
435  TPM2u+F+I+R5  15339.796    547 31773.591    32598.229    34591.025
448  TPM3+R5       15308.875    543 31703.751    32511.937    34500.582
456  TPM3+I+R4     15311.218    542 31706.435    32510.550    34498.115
457  TPM3+I+R5     15305.850    544 31699.700    32511.974    34501.682
470  TPM3+R5       15308.875    543 31703.751    32511.937    34500.582
478  TPM3+I+R4     15311.218    542 31706.435    32510.550    34498.115
479  TPM3+I+R5     15305.850    544 31699.700    32511.974    34501.682
492  TPM3u+R5      15308.841    543 31703.682    32511.868    34500.513
500  TPM3u+I+R4    15311.218    542 31706.436    32510.551    34498.116
501  TPM3u+I+R5    15305.850    544 31699.699    32511.973    34501.681
514  TPM3u+F+R5    15343.704    546 31779.409    32599.909    34591.692
522  TPM3u+F+I+R4  15347.451    545 31784.902    32601.281    34592.034
523  TPM3u+F+I+R5  15341.280    547 31776.561    32601.199    34593.995
536  TIMe+R5       15260.781    544 31609.562    32421.836    34411.544
544  TIMe+I+R4     15262.204    543 31610.407    32418.593    34407.238
545  TIMe+I+R5     15257.287    545 31604.575    32420.954    34411.707
558  TIMe+R5       15260.781    544 31609.562    32421.836    34411.544
566  TIMe+I+R4     15262.204    543 31610.407    32418.593    34407.238
567  TIMe+I+R5     15257.287    545 31604.575    32420.954    34411.707
580  TIM+R5        15260.764    544 31609.528    32421.802    34411.509
588  TIM+I+R4      15262.172    543 31610.344    32418.530    34407.175
589  TIM+I+R5      15257.218    545 31604.437    32420.816    34411.569
602  TIM+F+R5      15234.632    547 31563.264    32387.903    34380.698
610  TIM+F+I+R4    15235.875    546 31563.751    32384.251    34376.034
611  TIM+F+I+R5    15232.512    548 31561.023    32389.817    34383.608
624  TIM2e+R5      15255.466    544 31598.932    32411.206    34400.913
632  TIM2e+I+R4    15256.533    543 31599.067    32407.253    34395.898
633  TIM2e+I+R5    15252.259    545 31594.519    32410.897    34401.651
646  TIM2e+R5      15255.466    544 31598.932    32411.206    34400.913
654  TIM2e+I+R4    15256.533    543 31599.067    32407.253    34395.898
655  TIM2e+I+R5    15252.259    545 31594.519    32410.897    34401.651
668  TIM2+R5       15255.458    544 31598.916    32411.190    34400.897
676  TIM2+I+R4     15256.516    543 31599.032    32407.218    34395.863
677  TIM2+I+R5     15252.165    545 31594.331    32410.709    34401.463
690  TIM2+F+R5     15239.314    547 31572.629    32397.267    34390.062
698  TIM2+F+I+R4   15240.316    546 31572.633    32393.133    34384.916
699  TIM2+F+I+R5   15237.009    548 31570.018    32398.811    34392.602
712  TIM3e+R5      15267.919    544 31623.837    32436.111    34425.819
720  TIM3e+I+R4    15269.340    543 31624.681    32432.867    34421.512
721  TIM3e+I+R5    15264.641    545 31619.282    32435.661    34426.414
734  TIM3e+R5      15267.919    544 31623.837    32436.111    34425.819
742  TIM3e+I+R4    15269.340    543 31624.681    32432.867    34421.512
743  TIM3e+I+R5    15264.641    545 31619.282    32435.661    34426.414
756  TIM3+R5       15267.899    544 31623.797    32436.071    34425.779
764  TIM3+I+R4     15269.316    543 31624.632    32432.818    34421.463
765  TIM3+I+R5     15264.581    545 31619.163    32435.541    34426.295
778  TIM3+F+R5     15241.900    547 31577.800    32402.438    34395.234
786  TIM3+F+I+R4   15243.351    546 31578.703    32399.203    34390.986
787  TIM3+F+I+R5   15239.747    548 31575.493    32404.287    34398.078
800  TVMe+R5       15288.116    545 31666.233    32482.611    34473.365
808  TVMe+I+R4     15288.996    544 31665.991    32478.265    34467.973
809  TVMe+I+R5     15284.249    546 31660.498    32480.998    34472.781
822  TVMe+R5       15288.116    545 31666.233    32482.611    34473.365
830  TVMe+I+R4     15288.996    544 31665.991    32478.265    34467.973
831  TVMe+I+R5     15284.249    546 31660.498    32480.998    34472.781
844  TVM+R5        15288.006    545 31666.011    32482.390    34473.143
852  TVM+I+R4      15288.980    544 31665.960    32478.234    34467.942
853  TVM+I+R5      15284.225    546 31660.451    32480.951    34472.734
866  TVM+F+R5      15330.995    548 31757.990    32586.783    34580.574
874  TVM+F+I+R4    15334.350    547 31762.700    32587.339    34580.134
875  TVM+F+I+R5    15328.795    549 31755.591    32588.556    34583.326
888  SYM+R5        15246.461    546 31584.922    32405.422    34397.205
896  SYM+I+R4      15247.788    545 31585.576    32401.954    34392.708
897  SYM+I+R5      15243.533    547 31581.065    32405.703    34398.499
910  SYM+R5        15246.461    546 31584.922    32405.422    34397.205
918  SYM+I+R4      15247.788    545 31585.576    32401.954    34392.708
919  SYM+I+R5      15243.533    547 31581.065    32405.703    34398.499
932  GTR+R5        15246.443    546 31584.887    32405.387    34397.170
940  GTR+I+R4      15247.790    545 31585.580    32401.959    34392.712
941  GTR+I+R5      15243.458    547 31580.916    32405.554    34398.350
954  GTR+F+R5      15228.554    549 31555.108    32388.074    34382.844
962  GTR+F+I+R4    15230.142    548 31556.283    32385.077    34378.868
963  GTR+F+I+R5    15226.920    550 31553.840    32390.994    34386.725
Akaike Information Criterion:           GTR+F+I+R5
Corrected Akaike Information Criterion: TIM+F+I+R4
Bayesian Information Criterion:         TIM+F+I+R4
Best-fit model: TIM+F+I+R4 chosen according to BIC

All model information printed to results/dna_M4927_268_1275.phy/output_files/iqtree/inference/pars_14.model.gz
CPU time for ModelFinder: 289.265 seconds (0h:4m:49s)
Wall-clock time for ModelFinder: 289.981 seconds (0h:4m:49s)

NOTE: 21 MB RAM (0 GB) is required!
Estimate model parameters (epsilon = 0.010)
1. Initial log-likelihood: -15236.147
2. Current log-likelihood: -15235.864
Optimal log-likelihood: -15235.848
Rate parameters:  A-C: 1.00000  A-G: 1.99710  A-T: 0.70151  C-G: 0.70151  C-T: 6.10354  G-T: 1.00000
Base frequencies:  A: 0.254  C: 0.224  G: 0.309  T: 0.214
Proportion of invariable sites: 0.336
Site proportion and rates:  (0.393,0.230) (0.161,1.581) (0.093,4.771) (0.018,11.964)
Parameters optimization took 2 rounds (1.031 sec)
Wrote distance file to... 
BEST SCORE FOUND : -15235.848
Total tree length: 4.132

Total number of iterations: 0
CPU time used for tree search: 0.000 sec (0h:0m:0s)
Wall-clock time used for tree search: 0.000 sec (0h:0m:0s)
Total CPU time used: 290.319 sec (0h:4m:50s)
Total wall-clock time used: 291.038 sec (0h:4m:51s)

Analysis results written to: 
  IQ-TREE report:                results/dna_M4927_268_1275.phy/output_files/iqtree/inference/pars_14.iqtree
  Maximum-likelihood tree:       results/dna_M4927_268_1275.phy/output_files/iqtree/inference/pars_14.treefile
  Screen log file:               results/dna_M4927_268_1275.phy/output_files/iqtree/inference/pars_14.log

Date and Time: Wed Sep 24 01:00:44 2025
