IQ-TREE version 3.0.1 for Linux x86 64-bit built Sep 23 2025
Developed by Bui Quang Minh, Thomas Wong, Nhan Ly-Trong, Huaiyan Ren
Contributed by Lam-Tung Nguyen, Dominik Schrempf, Chris Bielow,
Olga Chernomor, Michael Woodhams, Diep Thi Hoang, Heiko Schmidt

Host:    cnode04.hpc.vast.vn (AVX512, FMA3, 125 GB RAM)
Command: /datausers/ioit/thaontp/tranthanhvan235/iqtree3/build/iqtree3 -s /datausers/ioit/thaontp/tranthanhvan235/data_treebase/DIU_TRAINING_DATA/data4/prot_M11012_55_11500.phy -pre training_data/prot_M11012_55_11500.phy/output_files/iqtree/inference/pars_10 -seed 10 -ninit 1 -T 1 -redo -n 0 -nt AUTO
Seed:    10 (Using SPRNG - Scalable Parallel Random Number Generator)
Time:    Mon Oct  6 19:48:49 2025
Kernel:  AVX+FMA - auto-detect threads (56 CPU cores detected)

Reading alignment file /datausers/ioit/thaontp/tranthanhvan235/data_treebase/DIU_TRAINING_DATA/data4/prot_M11012_55_11500.phy ... Phylip format detected
Alignment most likely contains protein sequences
Constructing alignment: done in 0.124663 secs using 596.7% CPU
Alignment has 55 sequences with 11500 columns, 10745 distinct patterns
8184 parsimony-informative, 1199 singleton sites, 2117 constant sites
                                 Gap/Ambiguity  Composition  p-value
Analyzing sequences: done in 0.104457 secs using 1479% CPU
   1  Acanthamoeba_castellanii           3.17%    failed      0.00%
   2  Acidiphilium_cryptum               9.90%    failed      0.00%
   3  Arabidopsis_thaliana               8.23%    passed     17.70%
   4  Batrachochytrium_dendrobatidis    10.29%    failed      0.00%
   5  Blastocystis_sp.                  36.84%    failed      0.00%
   6  Brucella_abortus                   4.42%    failed      0.00%
   7  Capsaspora_owczarzaki              9.46%    passed     26.20%
   8  Chorella_sp                       25.72%    failed      0.03%
   9  Cyanidioschyzon_merolae            2.37%    failed      0.00%
  10  Dictyostelium_discoideum           0.35%    failed      0.00%
  11  Dictyostelium_purpureum           23.63%    failed      0.00%
  12  Drosophila_melanogaster            8.59%    failed      0.17%
  13  Ectocarpus_siliculosus            18.60%    failed      0.06%
  14  Ehrlichia_chaffeensis              6.56%    failed      0.00%
  15  Emiliania_huxleyi                 13.79%    failed      0.64%
  16  Euglena_gracilis                  63.48%    failed      0.00%
  17  Galdieria_sulphuraria             23.44%    failed      0.00%
  18  Granulibacter_bethesdensis         7.96%    failed      0.00%
  19  Hartmannella_vermiformis          41.00%    failed      0.00%
  20  Homo_sapiens                       8.57%    failed      0.00%
  21  Jakoba_libera                     41.99%    failed      0.00%
  22  Leishmania_major                  37.16%    failed      0.00%
  23  Magnetococcus_sp                  22.38%    failed      0.00%
  24  Magnetospirillum_magneticum        1.32%    failed      0.00%
  25  Malawimonas_sp.                   44.60%    failed      0.00%
  26  Micromonas_sp                     10.17%    failed      0.32%
  27  Naegleria_gruberi                 10.51%    failed      0.00%
  28  Nematostella_vectensis            22.10%    failed      0.51%
  29  Neorickettsia_sennetsu            27.96%    failed      0.00%
  30  Ostreococcus_tauri                16.58%    failed      0.13%
  31  Paramecium_sp.                    27.35%    failed      0.00%
  32  Pavlova_lutheri                   50.91%    failed      0.00%
  33  Perkinsus_marinus                 53.18%    failed      0.00%
  34  Phaeodactylum_tricornutum         16.99%    passed     39.72%
  35  Physarum_polycephalum             32.60%    passed     13.83%
  36  Physcomitrella_patens              5.65%    passed     89.04%
  37  Phytophthora_sp.                   1.94%    passed     14.31%
  38  Pythium_ultimum                    2.86%    passed      7.76%
  39  Reclinomonas_americana            36.78%    failed      0.00%
  40  Rhizaria_sp.                      45.08%    failed      0.00%
  41  Rhizopus_oryzae                    3.67%    passed     88.83%
  42  Rhodospirillum_centenum            3.30%    failed      0.00%
  43  Rhodospirillum_rubrum             11.34%    failed      0.00%
  44  Rickettsia_akari                   2.06%    failed      0.00%
  45  Roseobacter_denitrificans          7.34%    failed      0.00%
  46  Sphingomonas_wittichii             3.42%    failed      0.00%
  47  Spizellomyces_punctatus            8.41%    passed     18.62%
  48  Sterkiella_histriomuscorum        68.97%    failed      0.00%
  49  Tetrahymena_thermophila           25.61%    failed      0.00%
  50  Thalassiosira_pseudonana           0.21%    passed     39.26%
  51  Thecamonas_trahens                 4.82%    failed      0.02%
  52  Toxoplasma_gondii                 44.73%    failed      0.00%
  53  Trypanosoma_brucei                37.10%    failed      0.00%
  54  Ustilago_maydis                   11.30%    passed     25.59%
  55  Wolbachia_endosymbiont_of_Culex    8.72%    failed      0.00%
WARNING: 4 sequences contain more than 50% gaps/ambiguity
****  TOTAL                             19.55%  44 sequences failed composition chi2 test (p-value<5%; df=19)
Checking for duplicate sequences: done in 0.073704 secs using 1539% CPU


Create initial parsimony tree by phylogenetic likelihood library (PLL)... 0.915 seconds
Measuring multi-threading efficiency up to 56 CPU cores
9 trees examined
Threads: 1 / Time: 57.237 sec / Speedup: 1.000 / Efficiency: 100% / LogL: -561274
Threads: 2 / Time: 39.344 sec / Speedup: 1.455 / Efficiency: 73% / LogL: -561274
Threads: 3 / Time: 36.172 sec / Speedup: 1.582 / Efficiency: 53% / LogL: -561274
Threads: 4 / Time: 39.792 sec / Speedup: 1.438 / Efficiency: 36% / LogL: -561274
Determining AUTO threadcount: done in 172.825 secs using 153.3% CPU
BEST NUMBER OF THREADS: 3

Perform fast likelihood tree search using LG+I+G model...
Estimate model parameters (epsilon = 5.000)
Perform nearest neighbor interchange...
Estimate model parameters (epsilon = 1.000)
1. Initial log-likelihood: -490831.786
Optimal log-likelihood: -490831.242
Proportion of invariable sites: 0.137
Gamma shape alpha: 0.939
Parameters optimization took 1 rounds (9.811 sec)
Time for fast ML tree search: 117.749 seconds

NOTE: ModelFinder requires 914 MB RAM!
ModelFinder will test up to 1232 protein models (sample size: 11500 epsilon: 0.100) ...
 No. Model         -LnL         df  AIC          AICc         BIC
  1  LG            529954.854   107 1060123.708  1060125.737  1060910.169
  2  LG+I          515551.357   108 1031318.713  1031320.780  1032112.524
  3  LG+G4         491399.722   108 983015.444   983017.511   983809.256
  4  LG+I+G4       490831.125   109 981880.249   981882.355   982681.411
  5  LG+R2         497978.210   109 996174.421   996176.526   996975.582
  6  LG+R3         492003.227   111 984228.454   984230.637   985044.315
  7  LG+R4         490746.866   113 981719.733   981721.995   982550.294
  8  LG+R5         490407.351   115 981044.702   981047.046   981889.964
  9  LG+R6         490303.549   117 980841.099   980843.525   981701.061
 10  LG+R7         490294.263   119 980826.527   980829.037   981701.189
 14  LG+I+R2       494995.612   110 990211.224   990213.368   991019.735
 15  LG+I+R3       491326.338   112 982876.676   982878.899   983699.888
 16  LG+I+R4       490531.307   114 981290.615   981292.918   982128.526
 17  LG+I+R5       490357.557   116 980947.114   980949.498   981799.725
 18  LG+I+R6       490300.743   118 980837.486   980839.954   981704.798
 19  LG+I+R7       490296.344   120 980832.688   980835.240   981714.700
 31  LG+F+R6       490286.692   136 980845.383   980848.663   981844.997
 32  LG+F+R7       490279.510   138 980835.020   980838.397   981849.334
 40  LG+F+I+R6     490284.292   137 980842.585   980845.913   981849.549
 53  WAG+R6        494803.438   117 989840.876   989843.302   990700.838
 54  WAG+R7        494790.839   119 989819.677   989822.187   990694.339
 62  WAG+I+R6      494797.853   118 989831.706   989834.174   990699.018
 75  WAG+F+R6      494015.697   136 988303.394   988306.673   989303.008
 76  WAG+F+R7      494005.590   138 988287.181   988290.558   989301.495
 84  WAG+F+I+R6    494011.829   137 988297.659   988300.986   989304.623
 97  JTT+R6        499818.028   117 999870.055   999872.481   1000730.017
 98  JTT+R7        499802.141   119 999842.283   999844.792   1000716.945
106  JTT+I+R6      499811.397   118 999858.793   999861.261   1000726.105
119  JTT+F+R6      499929.379   136 1000130.758  1000134.037  1001130.372
120  JTT+F+R7      499916.825   138 1000109.650  1000113.027  1001123.964
128  JTT+F+I+R6    499924.831   137 1000123.661  1000126.989  1001130.625
141  Q.PFAM+R6     490821.599   117 981877.197   981879.623   982737.159
142  Q.PFAM+R7     490815.325   119 981868.650   981871.160   982743.312
150  Q.PFAM+I+R6   490820.322   118 981876.644   981879.112   982743.956
163  Q.PFAM+F+R6   491206.222   136 982684.445   982687.724   983684.059
164  Q.PFAM+F+R7   491201.214   138 982678.429   982681.806   983692.743
172  Q.PFAM+F+I+R6 491204.782   137 982683.565   982686.893   983690.529
185  Q.BIRD+R6     513062.075   117 1026358.150  1026360.576  1027218.112
186  Q.BIRD+R7     513037.520   119 1026313.039  1026315.549  1027187.702
194  Q.BIRD+I+R6   513048.634   118 1026333.268  1026335.736  1027200.580
207  Q.BIRD+F+R6   514457.726   136 1029187.452  1029190.731  1030187.066
208  Q.BIRD+F+R7   514433.405   138 1029142.811  1029146.187  1030157.125
216  Q.BIRD+F+I+R6 514443.370   137 1029160.740  1029164.068  1030167.704
229  Q.MAMMAL+R6   508058.681   117 1016351.363  1016353.789  1017211.325
230  Q.MAMMAL+R7   508045.377   119 1016328.754  1016331.263  1017203.416
238  Q.MAMMAL+I+R6 508049.748   118 1016335.496  1016337.964  1017202.808
251  Q.MAMMAL+F+R6 509025.603   136 1018323.207  1018326.486  1019322.821
252  Q.MAMMAL+F+R7 509010.309   138 1018296.617  1018299.994  1019310.932
260  Q.MAMMAL+F+I+R6 509017.166   137 1018308.333  1018311.661  1019315.297
273  Q.INSECT+R6   492287.502   117 984809.004   984811.430   985668.966
274  Q.INSECT+R7   492278.777   119 984795.553   984798.063   985670.216
282  Q.INSECT+I+R6 492282.227   118 984800.455   984802.923   985667.767
295  Q.INSECT+F+R6 494057.668   136 988387.335   988390.615   989386.949
296  Q.INSECT+F+R7 494049.759   138 988375.517   988378.894   989389.831
304  Q.INSECT+F+I+R6 494053.388   137 988380.776   988384.104   989387.740
317  Q.PLANT+R6    499329.269   117 998892.538   998894.964   999752.500
318  Q.PLANT+R7    499314.932   119 998867.865   998870.374   999742.527
326  Q.PLANT+I+R6  499320.172   118 998876.344   998878.811   999743.656
339  Q.PLANT+F+R6  500570.911   136 1001413.822  1001417.101  1002413.436
340  Q.PLANT+F+R7  500556.003   138 1001388.006  1001391.383  1002402.320
348  Q.PLANT+F+I+R6 500564.871   137 1001403.742  1001407.070  1002410.706
361  Q.YEAST+R6    491419.790   117 983073.580   983076.006   983933.542
362  Q.YEAST+R7    491406.378   119 983050.756   983053.266   983925.419
370  Q.YEAST+I+R6  491415.468   118 983066.936   983069.404   983934.248
383  Q.YEAST+F+R6  492015.698   136 984303.396   984306.675   985303.010
384  Q.YEAST+F+R7  492005.077   138 984286.154   984289.531   985300.468
392  Q.YEAST+F+I+R6 492011.763   137 984297.525   984300.853   985304.489
405  JTTDCMUT+R6   499648.741   117 999531.481   999533.907   1000391.443
406  JTTDCMUT+R7   499632.690   119 999503.379   999505.889   1000378.042
414  JTTDCMUT+I+R6 499641.966   118 999519.931   999522.399   1000387.243
427  JTTDCMUT+F+R6 499672.749   136 999617.498   999620.777   1000617.112
428  JTTDCMUT+F+R7 499660.271   138 999596.543   999599.919   1000610.857
436  JTTDCMUT+F+I+R6 499667.441   137 999608.881   999612.209   1000615.845
449  DCMUT+R6      501698.089   117 1003630.178  1003632.604  1004490.140
450  DCMUT+R7      501668.394   119 1003574.788  1003577.298  1004449.450
458  DCMUT+I+R6    501672.487   118 1003580.973  1003583.441  1004448.285
471  DCMUT+F+R6    500338.619   136 1000949.238  1000952.517  1001948.852
472  DCMUT+F+R7    500314.145   138 1000904.290  1000907.666  1001918.604
480  DCMUT+F+I+R6  500319.417   137 1000912.833  1000916.161  1001919.797
493  VT+R6         496432.169   117 993098.337   993100.763   993958.299
494  VT+R7         496422.996   119 993083.992   993086.501   993958.654
502  VT+I+R6       496428.532   118 993093.065   993095.532   993960.377
515  VT+F+R6       496295.136   136 992862.271   992865.550   993861.885
516  VT+F+R7       496288.584   138 992853.167   992856.544   993867.481
524  VT+F+I+R6     496293.004   137 992860.008   992863.336   993866.972
537  PMB+R6        497869.373   117 995972.746   995975.172   996832.708
538  PMB+R7        497862.738   119 995963.477   995965.987   996838.139
546  PMB+I+R6      497866.303   118 995968.607   995971.074   996835.919
559  PMB+F+R6      498103.231   136 996478.462   996481.741   997478.076
560  PMB+F+R7      498097.338   138 996470.677   996474.054   997484.991
568  PMB+F+I+R6    498101.182   137 996476.363   996479.691   997483.327
581  BLOSUM62+R6   496864.372   117 993962.744   993965.170   994822.706
582  BLOSUM62+R7   496858.166   119 993954.332   993956.841   994828.994
590  BLOSUM62+I+R6 496863.515   118 993963.031   993965.498   994830.343
603  BLOSUM62+F+R6 497419.561   136 995111.122   995114.401   996110.735
604  BLOSUM62+F+R7 497413.731   138 995103.461   995106.838   996117.775
612  BLOSUM62+F+I+R6 497418.948   137 995111.896   995115.224   996118.860
625  DAYHOFF+R6    501673.542   117 1003581.084  1003583.510  1004441.046
626  DAYHOFF+R7    501644.238   119 1003526.475  1003528.985  1004401.138
634  DAYHOFF+I+R6  501648.002   118 1003532.004  1003534.472  1004399.316
647  DAYHOFF+F+R6  500324.318   136 1000920.636  1000923.916  1001920.250
648  DAYHOFF+F+R7  500299.635   138 1000875.269  1000878.646  1001889.583
656  DAYHOFF+F+I+R6 500304.915   137 1000883.830  1000887.158  1001890.794
669  MTREV+R6      518039.278   117 1036312.556  1036314.982  1037172.518
670  MTREV+R7      517983.484   119 1036204.969  1036207.478  1037079.631
678  MTREV+I+R6    518026.834   118 1036289.668  1036292.136  1037156.980
691  MTREV+F+R6    504008.201   136 1008288.401  1008291.681  1009288.015
692  MTREV+F+R7    503983.530   138 1008243.059  1008246.436  1009257.374
700  MTREV+F+I+R6  503999.207   137 1008272.413  1008275.741  1009279.377
713  MTART+R6      514972.157   117 1030178.313  1030180.739  1031038.275
714  MTART+R7      514792.704   119 1029823.408  1029825.918  1030698.071
722  MTART+I+R6    514858.907   118 1029953.814  1029956.282  1030821.126
735  MTART+F+R6    503575.987   136 1007423.975  1007427.254  1008423.589
736  MTART+F+R7    503434.687   138 1007145.375  1007148.751  1008159.689
744  MTART+F+I+R6  503506.107   137 1007286.214  1007289.542  1008293.178
757  MTZOA+R6      505158.417   117 1010550.833  1010553.259  1011410.795
758  MTZOA+R7      505055.631   119 1010349.261  1010351.771  1011223.924
766  MTZOA+I+R6    505118.933   118 1010473.866  1010476.333  1011341.178
779  MTZOA+F+R6    498801.665   136 997875.330   997878.610   998874.944
780  MTZOA+F+R7    498720.245   138 997716.490   997719.867   998730.804
788  MTZOA+F+I+R6  498776.996   137 997827.992   997831.320   998834.956
801  MTMET+R6      516467.621   117 1033169.243  1033171.668  1034029.204
802  MTMET+R7      516422.096   119 1033082.192  1033084.702  1033956.854
810  MTMET+I+R6    516445.277   118 1033126.553  1033129.021  1033993.865
823  MTMET+F+R6    505462.315   136 1011196.629  1011199.909  1012196.243
824  MTMET+F+R7    505419.677   138 1011115.355  1011118.731  1012129.669
832  MTMET+F+I+R6  505449.299   137 1011172.598  1011175.926  1012179.562
845  MTVER+R6      525368.735   117 1050971.469  1050973.895  1051831.431
846  MTVER+R7      525309.706   119 1050857.411  1050859.921  1051732.074
854  MTVER+I+R6    525340.125   118 1050916.250  1050918.717  1051783.562
867  MTVER+F+R6    515299.567   136 1030871.135  1030874.414  1031870.748
868  MTVER+F+R7    515238.278   138 1030752.556  1030755.933  1031766.870
876  MTVER+F+I+R6  515280.741   137 1030835.483  1030838.810  1031842.447
889  MTINV+R6      515533.833   117 1031301.666  1031304.092  1032161.628
890  MTINV+R7      515503.346   119 1031244.692  1031247.201  1032119.354
898  MTINV+I+R6    515518.852   118 1031273.704  1031276.171  1032141.016
911  MTINV+F+R6    499871.719   136 1000015.438  1000018.717  1001015.051
912  MTINV+F+R7    499837.644   138 999951.287   999954.664   1000965.602
920  MTINV+F+I+R6  499862.869   137 999999.738   1000003.066  1001006.702
933  MTMAM+R6      530934.188   117 1062102.376  1062104.802  1062962.338
934  MTMAM+R7      530736.703   119 1061711.407  1061713.916  1062586.069
942  MTMAM+I+R6    530856.380   118 1061948.760  1061951.228  1062816.073
955  MTMAM+F+R6    518896.356   136 1038064.711  1038067.991  1039064.325
956  MTMAM+F+R7    518758.114   138 1037792.228  1037795.605  1038806.542
964  MTMAM+F+I+R6  518833.165   137 1037940.330  1037943.658  1038947.294
977  FLAVI+R6      525901.878   117 1052037.757  1052040.183  1052897.719
978  FLAVI+R7      525848.746   119 1051935.492  1051938.002  1052810.155
986  FLAVI+I+R6    525861.983   118 1051959.966  1051962.434  1052827.278
999  FLAVI+F+R6    526128.076   136 1052528.152  1052531.432  1053527.766
1000  FLAVI+F+R7    526074.434   138 1052424.869  1052428.246  1053439.183
1008  FLAVI+F+I+R6  526092.282   137 1052458.565  1052461.893  1053465.529
1021  HIVB+R6       516047.109   117 1032328.218  1032330.644  1033188.180
1022  HIVB+R7       516019.710   119 1032277.419  1032279.929  1033152.081
1030  HIVB+I+R6     516024.299   118 1032284.597  1032287.065  1033151.909
1043  HIVB+F+R6     514689.174   136 1029650.348  1029653.628  1030649.962
1044  HIVB+F+R7     514662.237   138 1029600.473  1029603.850  1030614.787
1052  HIVB+F+I+R6   514667.987   137 1029609.975  1029613.303  1030616.939
1065  HIVW+R6       540610.861   117 1081455.723  1081458.149  1082315.685
1066  HIVW+R7       540556.683   119 1081351.366  1081353.876  1082226.028
1074  HIVW+I+R6     540572.457   118 1081380.915  1081383.382  1082248.227
1087  HIVW+F+R6     534039.645   136 1068351.289  1068354.569  1069350.903
1088  HIVW+F+R7     533982.400   138 1068240.799  1068244.176  1069255.113
1096  HIVW+F+I+R6   534006.622   137 1068287.244  1068290.572  1069294.208
1109  FLU+R6        510535.508   117 1021305.017  1021307.443  1022164.979
1110  FLU+R7        510507.326   119 1021252.652  1021255.161  1022127.314
1118  FLU+I+R6      510517.042   118 1021270.083  1021272.551  1022137.395
1131  FLU+F+R6      508852.823   136 1017977.647  1017980.926  1018977.261
1132  FLU+F+R7      508812.321   138 1017900.642  1017904.019  1018914.956
1140  FLU+F+I+R6    508834.067   137 1017942.134  1017945.462  1018949.098
1153  RTREV+R6      495812.443   117 991858.887   991861.313   992718.849
1154  RTREV+R7      495799.403   119 991836.805   991839.315   992711.468
1162  RTREV+I+R6    495811.655   118 991859.310   991861.777   992726.622
1175  RTREV+F+R6    492589.394   136 985450.789   985454.068   986450.403
1176  RTREV+F+R7    492579.866   138 985435.731   985439.108   986450.045
1184  RTREV+F+I+R6  492588.231   137 985450.462   985453.790   986457.426
1197  CPREV+R6      497935.512   117 996105.024   996107.450   996964.986
1198  CPREV+R7      497915.448   119 996068.896   996071.406   996943.558
1206  CPREV+I+R6    497921.320   118 996078.640   996081.108   996945.952
1219  CPREV+F+R6    496914.546   136 994101.091   994104.371   995100.705
1220  CPREV+F+R7    496889.018   138 994054.035   994057.412   995068.349
1228  CPREV+F+I+R6  496898.819   137 994071.639   994074.967   995078.603
Akaike Information Criterion:           LG+R7
Corrected Akaike Information Criterion: LG+R7
Bayesian Information Criterion:         LG+R6
Best-fit model: LG+R6 chosen according to BIC

All model information printed to training_data/prot_M11012_55_11500.phy/output_files/iqtree/inference/pars_10.model.gz
CPU time for ModelFinder: 117720.524 seconds (32h:42m:0s)
Wall-clock time for ModelFinder: 57507.244 seconds (15h:58m:27s)

NOTE: 549 MB RAM (0 GB) is required!
Estimate model parameters (epsilon = 0.010)
1. Initial log-likelihood: -490351.350
2. Current log-likelihood: -490304.403
3. Current log-likelihood: -490303.807
4. Current log-likelihood: -490303.648
5. Current log-likelihood: -490303.604
6. Current log-likelihood: -490303.577
7. Current log-likelihood: -490303.555
8. Current log-likelihood: -490303.545
Optimal log-likelihood: -490303.528
Site proportion and rates:  (0.225,0.029) (0.195,0.240) (0.225,0.709) (0.194,1.447) (0.126,2.678) (0.035,4.816)
Parameters optimization took 8 rounds (235.583 sec)
Wrote distance file to... 
BEST SCORE FOUND : -490303.528
Total tree length: 15.333

Total number of iterations: 0
CPU time used for tree search: 0.000 sec (0h:0m:0s)
Wall-clock time used for tree search: 0.000 sec (0h:0m:0s)
Total CPU time used: 118235.464 sec (32h:50m:35s)
Total wall-clock time used: 57743.623 sec (16h:2m:23s)

Analysis results written to: 
  IQ-TREE report:                training_data/prot_M11012_55_11500.phy/output_files/iqtree/inference/pars_10.iqtree
  Maximum-likelihood tree:       training_data/prot_M11012_55_11500.phy/output_files/iqtree/inference/pars_10.treefile
  Screen log file:               training_data/prot_M11012_55_11500.phy/output_files/iqtree/inference/pars_10.log

Date and Time: Tue Oct  7 11:51:14 2025
e/inference/pars_10.log

Date and Time: Tue Oct  7 11:51:14 2025
