IQ-TREE version 3.0.1 for Linux x86 64-bit built Sep 23 2025
Developed by Bui Quang Minh, Thomas Wong, Nhan Ly-Trong, Huaiyan Ren
Contributed by Lam-Tung Nguyen, Dominik Schrempf, Chris Bielow,
Olga Chernomor, Michael Woodhams, Diep Thi Hoang, Heiko Schmidt

Host:    cnode04.hpc.vast.vn (AVX512, FMA3, 125 GB RAM)
Command: /datausers/ioit/thaontp/tranthanhvan235/iqtree3/build/iqtree3 -s /datausers/ioit/thaontp/tranthanhvan235/data_treebase/DIU_TRAINING_DATA/data4/prot_M11012_55_11500.phy -pre training_data/prot_M11012_55_11500.phy/output_files/iqtree/inference/pars_17 -seed 17 -ninit 1 -T 1 -redo -n 0 -nt AUTO
Seed:    17 (Using SPRNG - Scalable Parallel Random Number Generator)
Time:    Thu Oct  2 21:38:58 2025
Kernel:  AVX+FMA - auto-detect threads (56 CPU cores detected)

Reading alignment file /datausers/ioit/thaontp/tranthanhvan235/data_treebase/DIU_TRAINING_DATA/data4/prot_M11012_55_11500.phy ... Phylip format detected
Alignment most likely contains protein sequences
Constructing alignment: done in 0.0679772 secs using 1004% CPU
Alignment has 55 sequences with 11500 columns, 10745 distinct patterns
8184 parsimony-informative, 1199 singleton sites, 2117 constant sites
                                 Gap/Ambiguity  Composition  p-value
Analyzing sequences: done in 0.0498971 secs using 2501% CPU
   1  Acanthamoeba_castellanii           3.17%    failed      0.00%
   2  Acidiphilium_cryptum               9.90%    failed      0.00%
   3  Arabidopsis_thaliana               8.23%    passed     17.70%
   4  Batrachochytrium_dendrobatidis    10.29%    failed      0.00%
   5  Blastocystis_sp.                  36.84%    failed      0.00%
   6  Brucella_abortus                   4.42%    failed      0.00%
   7  Capsaspora_owczarzaki              9.46%    passed     26.20%
   8  Chorella_sp                       25.72%    failed      0.03%
   9  Cyanidioschyzon_merolae            2.37%    failed      0.00%
  10  Dictyostelium_discoideum           0.35%    failed      0.00%
  11  Dictyostelium_purpureum           23.63%    failed      0.00%
  12  Drosophila_melanogaster            8.59%    failed      0.17%
  13  Ectocarpus_siliculosus            18.60%    failed      0.06%
  14  Ehrlichia_chaffeensis              6.56%    failed      0.00%
  15  Emiliania_huxleyi                 13.79%    failed      0.64%
  16  Euglena_gracilis                  63.48%    failed      0.00%
  17  Galdieria_sulphuraria             23.44%    failed      0.00%
  18  Granulibacter_bethesdensis         7.96%    failed      0.00%
  19  Hartmannella_vermiformis          41.00%    failed      0.00%
  20  Homo_sapiens                       8.57%    failed      0.00%
  21  Jakoba_libera                     41.99%    failed      0.00%
  22  Leishmania_major                  37.16%    failed      0.00%
  23  Magnetococcus_sp                  22.38%    failed      0.00%
  24  Magnetospirillum_magneticum        1.32%    failed      0.00%
  25  Malawimonas_sp.                   44.60%    failed      0.00%
  26  Micromonas_sp                     10.17%    failed      0.32%
  27  Naegleria_gruberi                 10.51%    failed      0.00%
  28  Nematostella_vectensis            22.10%    failed      0.51%
  29  Neorickettsia_sennetsu            27.96%    failed      0.00%
  30  Ostreococcus_tauri                16.58%    failed      0.13%
  31  Paramecium_sp.                    27.35%    failed      0.00%
  32  Pavlova_lutheri                   50.91%    failed      0.00%
  33  Perkinsus_marinus                 53.18%    failed      0.00%
  34  Phaeodactylum_tricornutum         16.99%    passed     39.72%
  35  Physarum_polycephalum             32.60%    passed     13.83%
  36  Physcomitrella_patens              5.65%    passed     89.04%
  37  Phytophthora_sp.                   1.94%    passed     14.31%
  38  Pythium_ultimum                    2.86%    passed      7.76%
  39  Reclinomonas_americana            36.78%    failed      0.00%
  40  Rhizaria_sp.                      45.08%    failed      0.00%
  41  Rhizopus_oryzae                    3.67%    passed     88.83%
  42  Rhodospirillum_centenum            3.30%    failed      0.00%
  43  Rhodospirillum_rubrum             11.34%    failed      0.00%
  44  Rickettsia_akari                   2.06%    failed      0.00%
  45  Roseobacter_denitrificans          7.34%    failed      0.00%
  46  Sphingomonas_wittichii             3.42%    failed      0.00%
  47  Spizellomyces_punctatus            8.41%    passed     18.62%
  48  Sterkiella_histriomuscorum        68.97%    failed      0.00%
  49  Tetrahymena_thermophila           25.61%    failed      0.00%
  50  Thalassiosira_pseudonana           0.21%    passed     39.26%
  51  Thecamonas_trahens                 4.82%    failed      0.02%
  52  Toxoplasma_gondii                 44.73%    failed      0.00%
  53  Trypanosoma_brucei                37.10%    failed      0.00%
  54  Ustilago_maydis                   11.30%    passed     25.59%
  55  Wolbachia_endosymbiont_of_Culex    8.72%    failed      0.00%
WARNING: 4 sequences contain more than 50% gaps/ambiguity
****  TOTAL                             19.55%  44 sequences failed composition chi2 test (p-value<5%; df=19)
Checking for duplicate sequences: done in 0.0678563 secs using 2380% CPU


Create initial parsimony tree by phylogenetic likelihood library (PLL)... 0.712 seconds
Measuring multi-threading efficiency up to 56 CPU cores
Increase to 10 rounds for branch lengths
2 trees examined
Threads: 1 / Time: 82.917 sec / Speedup: 1.000 / Efficiency: 100% / LogL: -560517
Threads: 2 / Time: 46.149 sec / Speedup: 1.797 / Efficiency: 90% / LogL: -560517
Threads: 3 / Time: 35.104 sec / Speedup: 2.362 / Efficiency: 79% / LogL: -560517
Threads: 4 / Time: 30.066 sec / Speedup: 2.758 / Efficiency: 69% / LogL: -560517
Threads: 5 / Time: 28.260 sec / Speedup: 2.934 / Efficiency: 59% / LogL: -560517
Threads: 6 / Time: 33.486 sec / Speedup: 2.476 / Efficiency: 41% / LogL: -560517
Determining AUTO threadcount: done in 256.431 secs using 251.2% CPU
BEST NUMBER OF THREADS: 5

Perform fast likelihood tree search using LG+I+G model...
Estimate model parameters (epsilon = 5.000)
Perform nearest neighbor interchange...
Estimate model parameters (epsilon = 1.000)
1. Initial log-likelihood: -490968.410
Optimal log-likelihood: -490967.810
Proportion of invariable sites: 0.137
Gamma shape alpha: 0.939
Parameters optimization took 1 rounds (5.410 sec)
Time for fast ML tree search: 65.971 seconds

NOTE: ModelFinder requires 914 MB RAM!
ModelFinder will test up to 1232 protein models (sample size: 11500 epsilon: 0.100) ...
 No. Model         -LnL         df  AIC          AICc         BIC
  1  LG            530158.110   107 1060530.220  1060532.249  1061316.681
  2  LG+I          515739.813   108 1031695.626  1031697.693  1032489.437
  3  LG+G4         491534.877   108 983285.755   983287.822   984079.566
  4  LG+I+G4       490967.700   109 982153.400   982155.505   982954.561
  5  LG+R2         498153.971   109 996525.942   996528.047   997327.103
  6  LG+R3         492129.467   111 984480.933   984483.117   985296.795
  7  LG+R4         490887.693   113 982001.385   982003.648   982831.947
  8  LG+R5         490553.132   115 981336.264   981338.608   982181.526
  9  LG+R6         490449.972   117 981133.944   981136.370   981993.906
 10  LG+R7         490440.123   119 981118.246   981120.755   981992.908
 11  LG+R8         490439.163   121 981120.325   981122.920   982009.688
 14  LG+I+R2       495137.407   110 990494.813   990496.957   991303.324
 15  LG+I+R3       491464.453   112 983152.906   983155.129   983976.118
 16  LG+I+R4       490670.882   114 981569.764   981572.067   982407.676
 17  LG+I+R5       490505.973   116 981243.946   981246.331   982096.558
 18  LG+I+R6       490446.158   118 981128.316   981130.784   981995.628
 19  LG+I+R7       490441.635   120 981123.270   981125.822   982005.282
 31  LG+F+R6       490426.999   136 981125.999   981129.278   982125.613
 32  LG+F+R7       490418.990   138 981113.979   981117.356   982128.294
 40  LG+F+I+R6     490423.840   137 981121.680   981125.008   982128.644
 53  WAG+R6        494968.517   117 990171.034   990173.460   991030.996
 54  WAG+R7        494955.401   119 990148.801   990151.311   991023.464
 62  WAG+I+R6      494961.946   118 990159.891   990162.359   991027.203
 75  WAG+F+R6      494167.938   136 988607.876   988611.155   989607.490
 76  WAG+F+R7      494157.272   138 988590.544   988593.920   989604.858
 84  WAG+F+I+R6    494163.370   137 988600.739   988604.067   989607.703
 97  JTT+R6        499980.024   117 1000194.048  1000196.474  1001054.010
 98  JTT+R7        499964.581   119 1000167.162  1000169.671  1001041.824
106  JTT+I+R6      499972.060   118 1000180.119  1000182.587  1001047.431
119  JTT+F+R6      500077.100   136 1000426.200  1000429.480  1001425.814
120  JTT+F+R7      500063.839   138 1000403.677  1000407.054  1001417.991
128  JTT+F+I+R6    500071.905   137 1000417.809  1000421.137  1001424.773
141  Q.PFAM+R6     490969.402   117 982172.804   982175.230   983032.766
142  Q.PFAM+R7     490962.622   119 982163.243   982165.753   983037.906
150  Q.PFAM+I+R6   490967.689   118 982171.378   982173.845   983038.690
163  Q.PFAM+F+R6   491343.890   136 982959.779   982963.059   983959.393
164  Q.PFAM+F+R7   491337.559   138 982951.118   982954.495   983965.432
172  Q.PFAM+F+I+R6 491342.277   137 982958.554   982961.882   983965.518
185  Q.BIRD+R6     513214.089   117 1026662.179  1026664.605  1027522.141
186  Q.BIRD+R7     513190.318   119 1026618.636  1026621.146  1027493.298
194  Q.BIRD+I+R6   513202.438   118 1026640.876  1026643.344  1027508.188
207  Q.BIRD+F+R6   514586.710   136 1029445.419  1029448.699  1030445.033
208  Q.BIRD+F+R7   514559.334   138 1029394.669  1029398.045  1030408.983
216  Q.BIRD+F+I+R6 514574.218   137 1029422.435  1029425.763  1030429.399
229  Q.MAMMAL+R6   508213.378   117 1016660.756  1016663.182  1017520.718
230  Q.MAMMAL+R7   508200.131   119 1016638.262  1016640.771  1017512.924
238  Q.MAMMAL+I+R6 508205.031   118 1016646.062  1016648.530  1017513.374
251  Q.MAMMAL+F+R6 509157.781   136 1018587.562  1018590.841  1019587.176
252  Q.MAMMAL+F+R7 509139.562   138 1018555.125  1018558.502  1019569.439
260  Q.MAMMAL+F+I+R6 509150.370   137 1018574.741  1018578.069  1019581.705
273  Q.INSECT+R6   492450.057   117 985134.113   985136.539   985994.075
274  Q.INSECT+R7   492441.070   119 985120.140   985122.649   985994.802
282  Q.INSECT+I+R6 492444.505   118 985125.010   985127.477   985992.322
295  Q.INSECT+F+R6 494205.209   136 988682.418   988685.697   989682.032
296  Q.INSECT+F+R7 494196.954   138 988669.909   988673.285   989684.223
304  Q.INSECT+F+I+R6 494200.612   137 988675.224   988678.552   989682.188
317  Q.PLANT+R6    499478.683   117 999191.366   999193.792   1000051.328
318  Q.PLANT+R7    499460.866   119 999159.732   999162.242   1000034.395
326  Q.PLANT+I+R6  499469.035   118 999174.070   999176.538   1000041.382
339  Q.PLANT+F+R6  500709.937   136 1001691.874  1001695.154  1002691.488
340  Q.PLANT+F+R7  500691.027   138 1001658.053  1001661.430  1002672.367
348  Q.PLANT+F+I+R6 500703.434   137 1001680.869  1001684.197  1002687.833
361  Q.YEAST+R6    491585.113   117 983404.225   983406.651   984264.187
362  Q.YEAST+R7    491572.810   119 983383.621   983386.130   984258.283
370  Q.YEAST+I+R6  491580.611   118 983397.221   983399.689   984264.533
383  Q.YEAST+F+R6  492159.247   136 984590.493   984593.773   985590.107
384  Q.YEAST+F+R7  492149.239   138 984574.479   984577.856   985588.793
392  Q.YEAST+F+I+R6 492155.173   137 984584.346   984587.674   985591.310
405  JTTDCMUT+R6   499810.153   117 999854.307   999856.733   1000714.269
406  JTTDCMUT+R7   499794.550   119 999827.101   999829.610   1000701.763
414  JTTDCMUT+I+R6 499801.967   118 999839.933   999842.401   1000707.245
427  JTTDCMUT+F+R6 499820.050   136 999912.099   999915.379   1000911.713
428  JTTDCMUT+F+R7 499807.042   138 999890.085   999893.462   1000904.399
436  JTTDCMUT+F+I+R6 499813.910   137 999901.821   999905.149   1000908.785
449  DCMUT+R6      501874.269   117 1003982.537  1003984.963  1004842.499
450  DCMUT+R7      501842.737   119 1003923.474  1003925.983  1004798.136
458  DCMUT+I+R6    501847.613   118 1003931.227  1003933.694  1004798.539
471  DCMUT+F+R6    500497.504   136 1001267.009  1001270.288  1002266.622
472  DCMUT+F+R7    500470.700   138 1001217.399  1001220.776  1002231.714
480  DCMUT+F+I+R6  500477.135   137 1001228.270  1001231.598  1002235.235
493  VT+R6         496595.602   117 993425.204   993427.629   994285.165
494  VT+R7         496586.840   119 993411.679   993414.189   994286.341
502  VT+I+R6       496591.282   118 993418.563   993421.031   994285.875
515  VT+F+R6       496446.231   136 993164.462   993167.741   994164.076
516  VT+F+R7       496439.895   138 993155.790   993159.167   994170.104
524  VT+F+I+R6     496443.537   137 993161.074   993164.402   994168.038
537  PMB+R6        498033.067   117 996300.134   996302.559   997160.095
538  PMB+R7        498025.791   119 996289.582   996292.092   997164.244
546  PMB+I+R6      498029.412   118 996294.823   996297.291   997162.135
559  PMB+F+R6      498260.029   136 996792.059   996795.338   997791.673
560  PMB+F+R7      498253.429   138 996782.859   996786.236   997797.173
568  PMB+F+I+R6    498257.343   137 996788.687   996792.015   997795.651
581  BLOSUM62+R6   497023.184   117 994280.367   994282.793   995140.329
582  BLOSUM62+R7   497016.720   119 994271.441   994273.950   995146.103
590  BLOSUM62+I+R6 497021.803   118 994279.607   994282.075   995146.919
603  BLOSUM62+F+R6 497572.723   136 995417.445   995420.725   996417.059
604  BLOSUM62+F+R7 497566.608   138 995409.217   995412.594   996423.531
612  BLOSUM62+F+I+R6 497571.608   137 995417.216   995420.543   996424.180
625  DAYHOFF+R6    501850.590   117 1003935.179  1003937.605  1004795.141
626  DAYHOFF+R7    501819.190   119 1003876.381  1003878.891  1004751.043
634  DAYHOFF+I+R6  501823.574   118 1003883.147  1003885.615  1004750.459
647  DAYHOFF+F+R6  500483.595   136 1001239.189  1001242.469  1002238.803
648  DAYHOFF+F+R7  500456.443   138 1001188.886  1001192.263  1002203.200
656  DAYHOFF+F+I+R6 500463.114   137 1001200.229  1001203.556  1002207.193
669  MTREV+R6      518183.898   117 1036601.796  1036604.222  1037461.758
670  MTREV+R7      518127.637   119 1036493.274  1036495.784  1037367.936
678  MTREV+I+R6    518165.317   118 1036566.633  1036569.101  1037433.945
691  MTREV+F+R6    504141.997   136 1008555.993  1008559.273  1009555.607
692  MTREV+F+R7    504115.314   138 1008506.629  1008510.005  1009520.943
700  MTREV+F+I+R6  504133.399   137 1008540.799  1008544.127  1009547.763
713  MTART+R6      515127.820   117 1030489.640  1030492.066  1031349.602
714  MTART+R7      514946.431   119 1030130.862  1030133.372  1031005.524
722  MTART+I+R6    515012.111   118 1030260.223  1030262.691  1031127.535
735  MTART+F+R6    503714.339   136 1007700.677  1007703.957  1008700.291
736  MTART+F+R7    503582.759   138 1007441.517  1007444.894  1008455.831
744  MTART+F+I+R6  503650.601   137 1007575.202  1007578.530  1008582.166
757  MTZOA+R6      505294.011   117 1010822.021  1010824.447  1011681.983
758  MTZOA+R7      505193.831   119 1010625.662  1010628.172  1011500.324
766  MTZOA+I+R6    505255.229   118 1010746.459  1010748.926  1011613.771
779  MTZOA+F+R6    498944.110   136 998160.219   998163.499   999159.833
780  MTZOA+F+R7    498868.233   138 998012.467   998015.844   999026.781
788  MTZOA+F+I+R6  498925.195   137 998124.390   998127.718   999131.354
801  MTMET+R6      516640.552   117 1033515.104  1033517.530  1034375.066
802  MTMET+R7      516594.451   119 1033426.903  1033429.412  1034301.565
810  MTMET+I+R6    516621.570   118 1033479.140  1033481.607  1034346.452
823  MTMET+F+R6    505601.575   136 1011475.150  1011478.430  1012474.764
824  MTMET+F+R7    505559.881   138 1011395.762  1011399.139  1012410.077
832  MTMET+F+I+R6  505590.016   137 1011454.032  1011457.360  1012460.996
845  MTVER+R6      525532.406   117 1051298.812  1051301.238  1052158.774
846  MTVER+R7      525472.171   119 1051182.342  1051184.851  1052057.004
854  MTVER+I+R6    525505.985   118 1051247.971  1051250.438  1052115.283
867  MTVER+F+R6    515438.115   136 1031148.230  1031151.510  1032147.844
868  MTVER+F+R7    515378.056   138 1031032.112  1031035.489  1032046.426
876  MTVER+F+I+R6  515422.225   137 1031118.450  1031121.778  1032125.414
889  MTINV+R6      515715.072   117 1031664.143  1031666.569  1032524.105
890  MTINV+R7      515684.770   119 1031607.541  1031610.050  1032482.203
898  MTINV+I+R6    515703.093   118 1031642.185  1031644.653  1032509.497
911  MTINV+F+R6    500016.702   136 1000305.403  1000308.682  1001305.017
912  MTINV+F+R7    499983.670   138 1000243.340  1000246.717  1001257.654
920  MTINV+F+I+R6  500008.744   137 1000291.489  1000294.817  1001298.453
933  MTMAM+R6      531069.745   117 1062373.489  1062375.915  1063233.451
934  MTMAM+R7      530872.232   119 1061982.464  1061984.974  1062857.127
942  MTMAM+I+R6    530984.480   118 1062204.960  1062207.427  1063072.272
955  MTMAM+F+R6    519021.700   136 1038315.400  1038318.680  1039315.014
956  MTMAM+F+R7    518885.311   138 1038046.623  1038050.000  1039060.937
964  MTMAM+F+I+R6  518957.007   137 1038188.015  1038191.343  1039194.979
977  FLAVI+R6      526044.686   117 1052323.372  1052325.798  1053183.334
978  FLAVI+R7      525990.983   119 1052219.967  1052222.476  1053094.629
986  FLAVI+I+R6    526005.170   118 1052246.339  1052248.807  1053113.651
999  FLAVI+F+R6    526264.082   136 1052800.165  1052803.444  1053799.779
1000  FLAVI+F+R7    526209.265   138 1052694.530  1052697.907  1053708.844
1008  FLAVI+F+I+R6  526228.806   137 1052731.612  1052734.939  1053738.576
1021  HIVB+R6       516189.209   117 1032612.419  1032614.844  1033472.381
1022  HIVB+R7       516163.162   119 1032564.324  1032566.834  1033438.986
1030  HIVB+I+R6     516166.378   118 1032568.757  1032571.225  1033436.069
1043  HIVB+F+R6     514822.844   136 1029917.688  1029920.968  1030917.302
1044  HIVB+F+R7     514797.939   138 1029871.878  1029875.255  1030886.192
1052  HIVB+F+I+R6   514802.851   137 1029879.702  1029883.030  1030886.666
1065  HIVW+R6       540795.776   117 1081825.552  1081827.978  1082685.514
1066  HIVW+R7       540744.555   119 1081727.110  1081729.620  1082601.773
1074  HIVW+I+R6     540760.865   118 1081757.730  1081760.198  1082625.042
1087  HIVW+F+R6     534207.460   136 1068686.919  1068690.199  1069686.533
1088  HIVW+F+R7     534152.230   138 1068580.461  1068583.837  1069594.775
1096  HIVW+F+I+R6   534179.049   137 1068632.099  1068635.427  1069639.063
1109  FLU+R6        510710.030   117 1021654.060  1021656.486  1022514.022
1110  FLU+R7        510679.126   119 1021596.252  1021598.762  1022470.914
1118  FLU+I+R6      510691.319   118 1021618.638  1021621.106  1022485.950
1131  FLU+F+R6      508994.990   136 1018261.980  1018265.259  1019261.594
1132  FLU+F+R7      508949.075   138 1018174.149  1018177.526  1019188.463
1140  FLU+F+I+R6    508974.003   137 1018222.005  1018225.333  1019228.969
1153  RTREV+R6      495959.324   117 992152.648   992155.074   993012.610
1154  RTREV+R7      495945.485   119 992128.970   992131.479   993003.632
1162  RTREV+I+R6    495956.708   118 992149.417   992151.884   993016.729
1175  RTREV+F+R6    492724.691   136 985721.382   985724.661   986720.996
1176  RTREV+F+R7    492715.804   138 985707.607   985710.984   986721.921
1184  RTREV+F+I+R6  492722.938   137 985719.875   985723.203   986726.839
1197  CPREV+R6      498092.755   117 996419.510   996421.936   997279.472
1198  CPREV+R7      498073.158   119 996384.315   996386.825   997258.977
1206  CPREV+I+R6    498077.893   118 996391.787   996394.254   997259.099
1219  CPREV+F+R6    497064.977   136 994401.954   994405.233   995401.568
1220  CPREV+F+R7    497039.888   138 994355.776   994359.153   995370.090
1228  CPREV+F+I+R6  497049.629   137 994373.257   994376.585   995380.221
Akaike Information Criterion:           LG+F+R7
Corrected Akaike Information Criterion: LG+F+R7
Bayesian Information Criterion:         LG+R7
Best-fit model: LG+R7 chosen according to BIC

All model information printed to training_data/prot_M11012_55_11500.phy/output_files/iqtree/inference/pars_17.model.gz
CPU time for ModelFinder: 129028.992 seconds (35h:50m:28s)
Wall-clock time for ModelFinder: 31767.609 seconds (8h:49m:27s)

NOTE: 640 MB RAM (0 GB) is required!
Estimate model parameters (epsilon = 0.010)
1. Initial log-likelihood: -490492.442
2. Current log-likelihood: -490444.148
3. Current log-likelihood: -490442.940
4. Current log-likelihood: -490442.333
5. Current log-likelihood: -490441.910
6. Current log-likelihood: -490441.612
7. Current log-likelihood: -490441.349
8. Current log-likelihood: -490441.114
9. Current log-likelihood: -490440.929
10. Current log-likelihood: -490440.797
11. Current log-likelihood: -490440.657
12. Current log-likelihood: -490440.555
13. Current log-likelihood: -490440.492
14. Current log-likelihood: -490440.460
15. Current log-likelihood: -490440.420
Optimal log-likelihood: -490440.405
Site proportion and rates:  (0.208,0.025) (0.182,0.202) (0.191,0.594) (0.173,1.127) (0.136,1.912) (0.089,3.153) (0.020,5.373)
Parameters optimization took 15 rounds (396.899 sec)
Wrote distance file to... 
BEST SCORE FOUND : -490440.405
Total tree length: 15.352

Total number of iterations: 0
CPU time used for tree search: 0.000 sec (0h:0m:0s)
Wall-clock time used for tree search: 0.000 sec (0h:0m:0s)
Total CPU time used: 130673.104 sec (36h:17m:53s)
Total wall-clock time used: 32165.023 sec (8h:56m:5s)

Analysis results written to: 
  IQ-TREE report:                training_data/prot_M11012_55_11500.phy/output_files/iqtree/inference/pars_17.iqtree
  Maximum-likelihood tree:       training_data/prot_M11012_55_11500.phy/output_files/iqtree/inference/pars_17.treefile
  Screen log file:               training_data/prot_M11012_55_11500.phy/output_files/iqtree/inference/pars_17.log

Date and Time: Fri Oct  3 06:35:04 2025
e/inference/pars_17.log

Date and Time: Fri Oct  3 06:35:04 2025
