
RAxML-NG v. 1.1.0-master released on 04.08.2022 by The Exelixis Lab.
Developed by: Alexey M. Kozlov and Alexandros Stamatakis.
Contributors: Diego Darriba, Tomas Flouri, Benoit Morel, Sarah Lutteropp, Ben Bettisworth.
Latest version: https://github.com/amkozlov/raxml-ng
Questions/problems/suggestions? Please visit: https://groups.google.com/forum/#!forum/raxml

System: Intel(R) Xeon(R) Gold 6132 CPU @ 2.60GHz, 28 cores, 125 GB RAM

RAxML-NG was called at 06-Oct-2025 20:52:56 as follows:

/datausers/ioit/thaontp/tranthanhvan235/raxml-ng/build/bin/raxml-ng --start --msa /datausers/ioit/thaontp/tranthanhvan235/data_treebase/remainMSAs/dna_M8385_212_19972.phy --tree pars{1} --prefix training_data/dna_M8385_212_19972.phy/output_files/parsimony/seed_1 --model GTR+G --seed 1

Analysis options:
  run mode: Starting tree generation
  start tree(s): parsimony (1)
  random seed: 1
  SIMD kernels: AVX2
  parallelization: coarse-grained (auto), PTHREADS (auto)

[00:00:00] Reading alignment from file: /datausers/ioit/thaontp/tranthanhvan235/data_treebase/remainMSAs/dna_M8385_212_19972.phy
[00:00:00] Loaded alignment with 212 taxa and 19972 sites

Alignment comprises 1 partitions and 11673 patterns

Partition 0: noname
Model: GTR+FO+G4m
Alignment sites / patterns: 19972 / 11673
Gaps: 63.56 %
Invariant sites: 46.66 %


NOTE: Binary MSA file created: training_data/dna_M8385_212_19972.phy/output_files/parsimony/seed_1.raxml.rba

[00:00:00] Generating 1 parsimony starting tree(s) with 212 taxa
Parsimony score: 73210

All starting trees saved to: /datausers/ioit/thaontp/minhminh/difficulty-prediction-training-data/training_data/dna_M8385_212_19972.phy/output_files/parsimony/seed_1.raxml.startTree


Execution log saved to: /datausers/ioit/thaontp/minhminh/difficulty-prediction-training-data/training_data/dna_M8385_212_19972.phy/output_files/parsimony/seed_1.raxml.log

Analysis started: 06-Oct-2025 20:52:56 / finished: 06-Oct-2025 20:52:57

Elapsed time: 0.731 seconds


RAxML-NG v. 1.1.0-master released on 04.08.2022 by The Exelixis Lab.
Developed by: Alexey M. Kozlov and Alexandros Stamatakis.
Contributors: Diego Darriba, Tomas Flouri, Benoit Morel, Sarah Lutteropp, Ben Bettisworth.
Latest version: https://github.com/amkozlov/raxml-ng
Questions/problems/suggestions? Please visit: https://groups.google.com/forum/#!forum/raxml

System: Intel(R) Xeon(R) Gold 6132 CPU @ 2.60GHz, 28 cores, 125 GB RAM

RAxML-NG was called at 14-Oct-2025 19:17:50 as follows:

/datausers/ioit/thaontp/tranthanhvan235/raxml-ng/build/bin/raxml-ng --start --msa /datausers/ioit/thaontp/tranthanhvan235/data_treebase/remainMSAs/dna_M8385_212_19972.phy --tree pars{1} --prefix training_data/dna_M8385_212_19972.phy/output_files/parsimony/seed_2 --model GTR+G --seed 2

Analysis options:
  run mode: Starting tree generation
  start tree(s): parsimony (1)
  random seed: 2
  SIMD kernels: AVX2
  parallelization: coarse-grained (auto), PTHREADS (auto)

[00:00:00] Reading alignment from file: /datausers/ioit/thaontp/tranthanhvan235/data_treebase/remainMSAs/dna_M8385_212_19972.phy
[00:00:00] Loaded alignment with 212 taxa and 19972 sites

Alignment comprises 1 partitions and 11673 patterns

Partition 0: noname
Model: GTR+FO+G4m
Alignment sites / patterns: 19972 / 11673
Gaps: 63.56 %
Invariant sites: 46.66 %


NOTE: Binary MSA file created: training_data/dna_M8385_212_19972.phy/output_files/parsimony/seed_2.raxml.rba

[00:00:00] Generating 1 parsimony starting tree(s) with 212 taxa
Parsimony score: 72784

All starting trees saved to: /datausers/ioit/thaontp/minhminh/difficulty-prediction-training-data/training_data/dna_M8385_212_19972.phy/output_files/parsimony/seed_2.raxml.startTree


Execution log saved to: /datausers/ioit/thaontp/minhminh/difficulty-prediction-training-data/training_data/dna_M8385_212_19972.phy/output_files/parsimony/seed_2.raxml.log

Analysis started: 14-Oct-2025 19:17:50 / finished: 14-Oct-2025 19:17:51

Elapsed time: 0.836 seconds


RAxML-NG v. 1.1.0-master released on 04.08.2022 by The Exelixis Lab.
Developed by: Alexey M. Kozlov and Alexandros Stamatakis.
Contributors: Diego Darriba, Tomas Flouri, Benoit Morel, Sarah Lutteropp, Ben Bettisworth.
Latest version: https://github.com/amkozlov/raxml-ng
Questions/problems/suggestions? Please visit: https://groups.google.com/forum/#!forum/raxml

System: Intel(R) Xeon(R) Gold 6132 CPU @ 2.60GHz, 28 cores, 125 GB RAM

RAxML-NG was called at 14-Oct-2025 01:22:51 as follows:

/datausers/ioit/thaontp/tranthanhvan235/raxml-ng/build/bin/raxml-ng --start --msa /datausers/ioit/thaontp/tranthanhvan235/data_treebase/remainMSAs/dna_M8385_212_19972.phy --tree pars{1} --prefix training_data/dna_M8385_212_19972.phy/output_files/parsimony/seed_3 --model GTR+G --seed 3

Analysis options:
  run mode: Starting tree generation
  start tree(s): parsimony (1)
  random seed: 3
  SIMD kernels: AVX2
  parallelization: coarse-grained (auto), PTHREADS (auto)

[00:00:00] Reading alignment from file: /datausers/ioit/thaontp/tranthanhvan235/data_treebase/remainMSAs/dna_M8385_212_19972.phy
[00:00:00] Loaded alignment with 212 taxa and 19972 sites

Alignment comprises 1 partitions and 11673 patterns

Partition 0: noname
Model: GTR+FO+G4m
Alignment sites / patterns: 19972 / 11673
Gaps: 63.56 %
Invariant sites: 46.66 %


NOTE: Binary MSA file created: training_data/dna_M8385_212_19972.phy/output_files/parsimony/seed_3.raxml.rba

[00:00:00] Generating 1 parsimony starting tree(s) with 212 taxa
Parsimony score: 72820

All starting trees saved to: /datausers/ioit/thaontp/minhminh/difficulty-prediction-training-data/training_data/dna_M8385_212_19972.phy/output_files/parsimony/seed_3.raxml.startTree


Execution log saved to: /datausers/ioit/thaontp/minhminh/difficulty-prediction-training-data/training_data/dna_M8385_212_19972.phy/output_files/parsimony/seed_3.raxml.log

Analysis started: 14-Oct-2025 01:22:51 / finished: 14-Oct-2025 01:22:52

Elapsed time: 0.815 seconds


RAxML-NG v. 1.1.0-master released on 04.08.2022 by The Exelixis Lab.
Developed by: Alexey M. Kozlov and Alexandros Stamatakis.
Contributors: Diego Darriba, Tomas Flouri, Benoit Morel, Sarah Lutteropp, Ben Bettisworth.
Latest version: https://github.com/amkozlov/raxml-ng
Questions/problems/suggestions? Please visit: https://groups.google.com/forum/#!forum/raxml

System: Intel(R) Xeon(R) Gold 6132 CPU @ 2.60GHz, 28 cores, 125 GB RAM

RAxML-NG was called at 30-Sep-2025 14:42:40 as follows:

/datausers/ioit/thaontp/tranthanhvan235/raxml-ng/build/bin/raxml-ng --start --msa /datausers/ioit/thaontp/tranthanhvan235/data_treebase/remainMSAs/dna_M8385_212_19972.phy --tree pars{1} --prefix training_data/dna_M8385_212_19972.phy/output_files/parsimony/seed_4 --model GTR+G --seed 4

Analysis options:
  run mode: Starting tree generation
  start tree(s): parsimony (1)
  random seed: 4
  SIMD kernels: AVX2
  parallelization: coarse-grained (auto), PTHREADS (auto)

[00:00:00] Reading alignment from file: /datausers/ioit/thaontp/tranthanhvan235/data_treebase/remainMSAs/dna_M8385_212_19972.phy
[00:00:00] Loaded alignment with 212 taxa and 19972 sites

Alignment comprises 1 partitions and 11673 patterns

Partition 0: noname
Model: GTR+FO+G4m
Alignment sites / patterns: 19972 / 11673
Gaps: 63.56 %
Invariant sites: 46.66 %


NOTE: Binary MSA file created: training_data/dna_M8385_212_19972.phy/output_files/parsimony/seed_4.raxml.rba

[00:00:00] Generating 1 parsimony starting tree(s) with 212 taxa
Parsimony score: 72827

All starting trees saved to: /datausers/ioit/thaontp/minhminh/difficulty-prediction-training-data/training_data/dna_M8385_212_19972.phy/output_files/parsimony/seed_4.raxml.startTree


Execution log saved to: /datausers/ioit/thaontp/minhminh/difficulty-prediction-training-data/training_data/dna_M8385_212_19972.phy/output_files/parsimony/seed_4.raxml.log

Analysis started: 30-Sep-2025 14:42:40 / finished: 30-Sep-2025 14:42:41

Elapsed time: 0.928 seconds


RAxML-NG v. 1.1.0-master released on 04.08.2022 by The Exelixis Lab.
Developed by: Alexey M. Kozlov and Alexandros Stamatakis.
Contributors: Diego Darriba, Tomas Flouri, Benoit Morel, Sarah Lutteropp, Ben Bettisworth.
Latest version: https://github.com/amkozlov/raxml-ng
Questions/problems/suggestions? Please visit: https://groups.google.com/forum/#!forum/raxml

System: Intel(R) Xeon(R) Gold 6132 CPU @ 2.60GHz, 28 cores, 125 GB RAM

RAxML-NG was called at 11-Oct-2025 09:43:52 as follows:

/datausers/ioit/thaontp/tranthanhvan235/raxml-ng/build/bin/raxml-ng --start --msa /datausers/ioit/thaontp/tranthanhvan235/data_treebase/remainMSAs/dna_M8385_212_19972.phy --tree pars{1} --prefix training_data/dna_M8385_212_19972.phy/output_files/parsimony/seed_5 --model GTR+G --seed 5

Analysis options:
  run mode: Starting tree generation
  start tree(s): parsimony (1)
  random seed: 5
  SIMD kernels: AVX2
  parallelization: coarse-grained (auto), PTHREADS (auto)

[00:00:00] Reading alignment from file: /datausers/ioit/thaontp/tranthanhvan235/data_treebase/remainMSAs/dna_M8385_212_19972.phy
[00:00:00] Loaded alignment with 212 taxa and 19972 sites

Alignment comprises 1 partitions and 11673 patterns

Partition 0: noname
Model: GTR+FO+G4m
Alignment sites / patterns: 19972 / 11673
Gaps: 63.56 %
Invariant sites: 46.66 %


NOTE: Binary MSA file created: training_data/dna_M8385_212_19972.phy/output_files/parsimony/seed_5.raxml.rba

[00:00:00] Generating 1 parsimony starting tree(s) with 212 taxa
Parsimony score: 72798

All starting trees saved to: /datausers/ioit/thaontp/minhminh/difficulty-prediction-training-data/training_data/dna_M8385_212_19972.phy/output_files/parsimony/seed_5.raxml.startTree


Execution log saved to: /datausers/ioit/thaontp/minhminh/difficulty-prediction-training-data/training_data/dna_M8385_212_19972.phy/output_files/parsimony/seed_5.raxml.log

Analysis started: 11-Oct-2025 09:43:52 / finished: 11-Oct-2025 09:43:53

Elapsed time: 0.793 seconds


RAxML-NG v. 1.1.0-master released on 04.08.2022 by The Exelixis Lab.
Developed by: Alexey M. Kozlov and Alexandros Stamatakis.
Contributors: Diego Darriba, Tomas Flouri, Benoit Morel, Sarah Lutteropp, Ben Bettisworth.
Latest version: https://github.com/amkozlov/raxml-ng
Questions/problems/suggestions? Please visit: https://groups.google.com/forum/#!forum/raxml

System: Intel(R) Xeon(R) Gold 6132 CPU @ 2.60GHz, 28 cores, 125 GB RAM

RAxML-NG was called at 30-Sep-2025 21:10:10 as follows:

/datausers/ioit/thaontp/tranthanhvan235/raxml-ng/build/bin/raxml-ng --start --msa /datausers/ioit/thaontp/tranthanhvan235/data_treebase/remainMSAs/dna_M8385_212_19972.phy --tree pars{1} --prefix training_data/dna_M8385_212_19972.phy/output_files/parsimony/seed_6 --model GTR+G --seed 6

Analysis options:
  run mode: Starting tree generation
  start tree(s): parsimony (1)
  random seed: 6
  SIMD kernels: AVX2
  parallelization: coarse-grained (auto), PTHREADS (auto)

[00:00:00] Reading alignment from file: /datausers/ioit/thaontp/tranthanhvan235/data_treebase/remainMSAs/dna_M8385_212_19972.phy
[00:00:00] Loaded alignment with 212 taxa and 19972 sites

Alignment comprises 1 partitions and 11673 patterns

Partition 0: noname
Model: GTR+FO+G4m
Alignment sites / patterns: 19972 / 11673
Gaps: 63.56 %
Invariant sites: 46.66 %


NOTE: Binary MSA file created: training_data/dna_M8385_212_19972.phy/output_files/parsimony/seed_6.raxml.rba

[00:00:00] Generating 1 parsimony starting tree(s) with 212 taxa
Parsimony score: 72855

All starting trees saved to: /datausers/ioit/thaontp/minhminh/difficulty-prediction-training-data/training_data/dna_M8385_212_19972.phy/output_files/parsimony/seed_6.raxml.startTree


Execution log saved to: /datausers/ioit/thaontp/minhminh/difficulty-prediction-training-data/training_data/dna_M8385_212_19972.phy/output_files/parsimony/seed_6.raxml.log

Analysis started: 30-Sep-2025 21:10:10 / finished: 30-Sep-2025 21:10:11

Elapsed time: 0.835 seconds


RAxML-NG v. 1.1.0-master released on 04.08.2022 by The Exelixis Lab.
Developed by: Alexey M. Kozlov and Alexandros Stamatakis.
Contributors: Diego Darriba, Tomas Flouri, Benoit Morel, Sarah Lutteropp, Ben Bettisworth.
Latest version: https://github.com/amkozlov/raxml-ng
Questions/problems/suggestions? Please visit: https://groups.google.com/forum/#!forum/raxml

System: Intel(R) Xeon(R) Gold 6132 CPU @ 2.60GHz, 28 cores, 125 GB RAM

RAxML-NG was called at 11-Oct-2025 08:02:11 as follows:

/datausers/ioit/thaontp/tranthanhvan235/raxml-ng/build/bin/raxml-ng --start --msa /datausers/ioit/thaontp/tranthanhvan235/data_treebase/remainMSAs/dna_M8385_212_19972.phy --tree pars{1} --prefix training_data/dna_M8385_212_19972.phy/output_files/parsimony/seed_7 --model GTR+G --seed 7

Analysis options:
  run mode: Starting tree generation
  start tree(s): parsimony (1)
  random seed: 7
  SIMD kernels: AVX2
  parallelization: coarse-grained (auto), PTHREADS (auto)

[00:00:00] Reading alignment from file: /datausers/ioit/thaontp/tranthanhvan235/data_treebase/remainMSAs/dna_M8385_212_19972.phy
[00:00:00] Loaded alignment with 212 taxa and 19972 sites

Alignment comprises 1 partitions and 11673 patterns

Partition 0: noname
Model: GTR+FO+G4m
Alignment sites / patterns: 19972 / 11673
Gaps: 63.56 %
Invariant sites: 46.66 %


NOTE: Binary MSA file created: training_data/dna_M8385_212_19972.phy/output_files/parsimony/seed_7.raxml.rba

[00:00:00] Generating 1 parsimony starting tree(s) with 212 taxa
Parsimony score: 72754

All starting trees saved to: /datausers/ioit/thaontp/minhminh/difficulty-prediction-training-data/training_data/dna_M8385_212_19972.phy/output_files/parsimony/seed_7.raxml.startTree


Execution log saved to: /datausers/ioit/thaontp/minhminh/difficulty-prediction-training-data/training_data/dna_M8385_212_19972.phy/output_files/parsimony/seed_7.raxml.log

Analysis started: 11-Oct-2025 08:02:11 / finished: 11-Oct-2025 08:02:12

Elapsed time: 0.551 seconds


RAxML-NG v. 1.1.0-master released on 04.08.2022 by The Exelixis Lab.
Developed by: Alexey M. Kozlov and Alexandros Stamatakis.
Contributors: Diego Darriba, Tomas Flouri, Benoit Morel, Sarah Lutteropp, Ben Bettisworth.
Latest version: https://github.com/amkozlov/raxml-ng
Questions/problems/suggestions? Please visit: https://groups.google.com/forum/#!forum/raxml

System: Intel(R) Xeon(R) Gold 6132 CPU @ 2.60GHz, 28 cores, 125 GB RAM

RAxML-NG was called at 30-Sep-2025 08:01:10 as follows:

/datausers/ioit/thaontp/tranthanhvan235/raxml-ng/build/bin/raxml-ng --start --msa /datausers/ioit/thaontp/tranthanhvan235/data_treebase/remainMSAs/dna_M8385_212_19972.phy --tree pars{1} --prefix training_data/dna_M8385_212_19972.phy/output_files/parsimony/seed_8 --model GTR+G --seed 8

Analysis options:
  run mode: Starting tree generation
  start tree(s): parsimony (1)
  random seed: 8
  SIMD kernels: AVX2
  parallelization: coarse-grained (auto), PTHREADS (auto)

[00:00:00] Reading alignment from file: /datausers/ioit/thaontp/tranthanhvan235/data_treebase/remainMSAs/dna_M8385_212_19972.phy
[00:00:00] Loaded alignment with 212 taxa and 19972 sites

Alignment comprises 1 partitions and 11673 patterns

Partition 0: noname
Model: GTR+FO+G4m
Alignment sites / patterns: 19972 / 11673
Gaps: 63.56 %
Invariant sites: 46.66 %


NOTE: Binary MSA file created: training_data/dna_M8385_212_19972.phy/output_files/parsimony/seed_8.raxml.rba

[00:00:00] Generating 1 parsimony starting tree(s) with 212 taxa
Parsimony score: 72754

All starting trees saved to: /datausers/ioit/thaontp/minhminh/difficulty-prediction-training-data/training_data/dna_M8385_212_19972.phy/output_files/parsimony/seed_8.raxml.startTree


Execution log saved to: /datausers/ioit/thaontp/minhminh/difficulty-prediction-training-data/training_data/dna_M8385_212_19972.phy/output_files/parsimony/seed_8.raxml.log

Analysis started: 30-Sep-2025 08:01:10 / finished: 30-Sep-2025 08:01:11

Elapsed time: 0.932 seconds


RAxML-NG v. 1.1.0-master released on 04.08.2022 by The Exelixis Lab.
Developed by: Alexey M. Kozlov and Alexandros Stamatakis.
Contributors: Diego Darriba, Tomas Flouri, Benoit Morel, Sarah Lutteropp, Ben Bettisworth.
Latest version: https://github.com/amkozlov/raxml-ng
Questions/problems/suggestions? Please visit: https://groups.google.com/forum/#!forum/raxml

System: Intel(R) Xeon(R) Gold 6132 CPU @ 2.60GHz, 28 cores, 125 GB RAM

RAxML-NG was called at 06-Oct-2025 10:08:11 as follows:

/datausers/ioit/thaontp/tranthanhvan235/raxml-ng/build/bin/raxml-ng --start --msa /datausers/ioit/thaontp/tranthanhvan235/data_treebase/remainMSAs/dna_M8385_212_19972.phy --tree pars{1} --prefix training_data/dna_M8385_212_19972.phy/output_files/parsimony/seed_9 --model GTR+G --seed 9

Analysis options:
  run mode: Starting tree generation
  start tree(s): parsimony (1)
  random seed: 9
  SIMD kernels: AVX2
  parallelization: coarse-grained (auto), PTHREADS (auto)

[00:00:00] Reading alignment from file: /datausers/ioit/thaontp/tranthanhvan235/data_treebase/remainMSAs/dna_M8385_212_19972.phy
[00:00:00] Loaded alignment with 212 taxa and 19972 sites

Alignment comprises 1 partitions and 11673 patterns

Partition 0: noname
Model: GTR+FO+G4m
Alignment sites / patterns: 19972 / 11673
Gaps: 63.56 %
Invariant sites: 46.66 %


NOTE: Binary MSA file created: training_data/dna_M8385_212_19972.phy/output_files/parsimony/seed_9.raxml.rba

[00:00:00] Generating 1 parsimony starting tree(s) with 212 taxa
Parsimony score: 72760

All starting trees saved to: /datausers/ioit/thaontp/minhminh/difficulty-prediction-training-data/training_data/dna_M8385_212_19972.phy/output_files/parsimony/seed_9.raxml.startTree


Execution log saved to: /datausers/ioit/thaontp/minhminh/difficulty-prediction-training-data/training_data/dna_M8385_212_19972.phy/output_files/parsimony/seed_9.raxml.log

Analysis started: 06-Oct-2025 10:08:11 / finished: 06-Oct-2025 10:08:11

Elapsed time: 0.564 seconds


RAxML-NG v. 1.1.0-master released on 04.08.2022 by The Exelixis Lab.
Developed by: Alexey M. Kozlov and Alexandros Stamatakis.
Contributors: Diego Darriba, Tomas Flouri, Benoit Morel, Sarah Lutteropp, Ben Bettisworth.
Latest version: https://github.com/amkozlov/raxml-ng
Questions/problems/suggestions? Please visit: https://groups.google.com/forum/#!forum/raxml

System: Intel(R) Xeon(R) Gold 6132 CPU @ 2.60GHz, 28 cores, 125 GB RAM

RAxML-NG was called at 30-Sep-2025 06:36:29 as follows:

/datausers/ioit/thaontp/tranthanhvan235/raxml-ng/build/bin/raxml-ng --start --msa /datausers/ioit/thaontp/tranthanhvan235/data_treebase/remainMSAs/dna_M8385_212_19972.phy --tree pars{1} --prefix training_data/dna_M8385_212_19972.phy/output_files/parsimony/seed_10 --model GTR+G --seed 10

Analysis options:
  run mode: Starting tree generation
  start tree(s): parsimony (1)
  random seed: 10
  SIMD kernels: AVX2
  parallelization: coarse-grained (auto), PTHREADS (auto)

[00:00:00] Reading alignment from file: /datausers/ioit/thaontp/tranthanhvan235/data_treebase/remainMSAs/dna_M8385_212_19972.phy
[00:00:00] Loaded alignment with 212 taxa and 19972 sites

Alignment comprises 1 partitions and 11673 patterns

Partition 0: noname
Model: GTR+FO+G4m
Alignment sites / patterns: 19972 / 11673
Gaps: 63.56 %
Invariant sites: 46.66 %


NOTE: Binary MSA file created: training_data/dna_M8385_212_19972.phy/output_files/parsimony/seed_10.raxml.rba

[00:00:00] Generating 1 parsimony starting tree(s) with 212 taxa
Parsimony score: 72775

All starting trees saved to: /datausers/ioit/thaontp/minhminh/difficulty-prediction-training-data/training_data/dna_M8385_212_19972.phy/output_files/parsimony/seed_10.raxml.startTree


Execution log saved to: /datausers/ioit/thaontp/minhminh/difficulty-prediction-training-data/training_data/dna_M8385_212_19972.phy/output_files/parsimony/seed_10.raxml.log

Analysis started: 30-Sep-2025 06:36:29 / finished: 30-Sep-2025 06:36:30

Elapsed time: 0.414 seconds


RAxML-NG v. 1.1.0-master released on 04.08.2022 by The Exelixis Lab.
Developed by: Alexey M. Kozlov and Alexandros Stamatakis.
Contributors: Diego Darriba, Tomas Flouri, Benoit Morel, Sarah Lutteropp, Ben Bettisworth.
Latest version: https://github.com/amkozlov/raxml-ng
Questions/problems/suggestions? Please visit: https://groups.google.com/forum/#!forum/raxml

System: Intel(R) Xeon(R) Gold 6132 CPU @ 2.60GHz, 28 cores, 125 GB RAM

RAxML-NG was called at 03-Oct-2025 11:39:18 as follows:

/datausers/ioit/thaontp/tranthanhvan235/raxml-ng/build/bin/raxml-ng --start --msa /datausers/ioit/thaontp/tranthanhvan235/data_treebase/remainMSAs/dna_M8385_212_19972.phy --tree pars{1} --prefix training_data/dna_M8385_212_19972.phy/output_files/parsimony/seed_11 --model GTR+G --seed 11

Analysis options:
  run mode: Starting tree generation
  start tree(s): parsimony (1)
  random seed: 11
  SIMD kernels: AVX2
  parallelization: coarse-grained (auto), PTHREADS (auto)

[00:00:00] Reading alignment from file: /datausers/ioit/thaontp/tranthanhvan235/data_treebase/remainMSAs/dna_M8385_212_19972.phy
[00:00:00] Loaded alignment with 212 taxa and 19972 sites

Alignment comprises 1 partitions and 11673 patterns

Partition 0: noname
Model: GTR+FO+G4m
Alignment sites / patterns: 19972 / 11673
Gaps: 63.56 %
Invariant sites: 46.66 %


NOTE: Binary MSA file created: training_data/dna_M8385_212_19972.phy/output_files/parsimony/seed_11.raxml.rba

[00:00:00] Generating 1 parsimony starting tree(s) with 212 taxa
Parsimony score: 72831

All starting trees saved to: /datausers/ioit/thaontp/minhminh/difficulty-prediction-training-data/training_data/dna_M8385_212_19972.phy/output_files/parsimony/seed_11.raxml.startTree


Execution log saved to: /datausers/ioit/thaontp/minhminh/difficulty-prediction-training-data/training_data/dna_M8385_212_19972.phy/output_files/parsimony/seed_11.raxml.log

Analysis started: 03-Oct-2025 11:39:18 / finished: 03-Oct-2025 11:39:19

Elapsed time: 0.686 seconds


RAxML-NG v. 1.1.0-master released on 04.08.2022 by The Exelixis Lab.
Developed by: Alexey M. Kozlov and Alexandros Stamatakis.
Contributors: Diego Darriba, Tomas Flouri, Benoit Morel, Sarah Lutteropp, Ben Bettisworth.
Latest version: https://github.com/amkozlov/raxml-ng
Questions/problems/suggestions? Please visit: https://groups.google.com/forum/#!forum/raxml

System: Intel(R) Xeon(R) Gold 6132 CPU @ 2.60GHz, 28 cores, 125 GB RAM

RAxML-NG was called at 08-Oct-2025 01:12:55 as follows:

/datausers/ioit/thaontp/tranthanhvan235/raxml-ng/build/bin/raxml-ng --start --msa /datausers/ioit/thaontp/tranthanhvan235/data_treebase/remainMSAs/dna_M8385_212_19972.phy --tree pars{1} --prefix training_data/dna_M8385_212_19972.phy/output_files/parsimony/seed_12 --model GTR+G --seed 12

Analysis options:
  run mode: Starting tree generation
  start tree(s): parsimony (1)
  random seed: 12
  SIMD kernels: AVX2
  parallelization: coarse-grained (auto), PTHREADS (auto)

[00:00:00] Reading alignment from file: /datausers/ioit/thaontp/tranthanhvan235/data_treebase/remainMSAs/dna_M8385_212_19972.phy
[00:00:00] Loaded alignment with 212 taxa and 19972 sites

Alignment comprises 1 partitions and 11673 patterns

Partition 0: noname
Model: GTR+FO+G4m
Alignment sites / patterns: 19972 / 11673
Gaps: 63.56 %
Invariant sites: 46.66 %


NOTE: Binary MSA file created: training_data/dna_M8385_212_19972.phy/output_files/parsimony/seed_12.raxml.rba

[00:00:00] Generating 1 parsimony starting tree(s) with 212 taxa
Parsimony score: 73046

All starting trees saved to: /datausers/ioit/thaontp/minhminh/difficulty-prediction-training-data/training_data/dna_M8385_212_19972.phy/output_files/parsimony/seed_12.raxml.startTree


Execution log saved to: /datausers/ioit/thaontp/minhminh/difficulty-prediction-training-data/training_data/dna_M8385_212_19972.phy/output_files/parsimony/seed_12.raxml.log

Analysis started: 08-Oct-2025 01:12:55 / finished: 08-Oct-2025 01:12:56

Elapsed time: 0.914 seconds


RAxML-NG v. 1.1.0-master released on 04.08.2022 by The Exelixis Lab.
Developed by: Alexey M. Kozlov and Alexandros Stamatakis.
Contributors: Diego Darriba, Tomas Flouri, Benoit Morel, Sarah Lutteropp, Ben Bettisworth.
Latest version: https://github.com/amkozlov/raxml-ng
Questions/problems/suggestions? Please visit: https://groups.google.com/forum/#!forum/raxml

System: Intel(R) Xeon(R) Gold 6132 CPU @ 2.60GHz, 28 cores, 125 GB RAM

RAxML-NG was called at 11-Oct-2025 23:05:25 as follows:

/datausers/ioit/thaontp/tranthanhvan235/raxml-ng/build/bin/raxml-ng --start --msa /datausers/ioit/thaontp/tranthanhvan235/data_treebase/remainMSAs/dna_M8385_212_19972.phy --tree pars{1} --prefix training_data/dna_M8385_212_19972.phy/output_files/parsimony/seed_13 --model GTR+G --seed 13

Analysis options:
  run mode: Starting tree generation
  start tree(s): parsimony (1)
  random seed: 13
  SIMD kernels: AVX2
  parallelization: coarse-grained (auto), PTHREADS (auto)

[00:00:00] Reading alignment from file: /datausers/ioit/thaontp/tranthanhvan235/data_treebase/remainMSAs/dna_M8385_212_19972.phy
[00:00:00] Loaded alignment with 212 taxa and 19972 sites

Alignment comprises 1 partitions and 11673 patterns

Partition 0: noname
Model: GTR+FO+G4m
Alignment sites / patterns: 19972 / 11673
Gaps: 63.56 %
Invariant sites: 46.66 %


NOTE: Binary MSA file created: training_data/dna_M8385_212_19972.phy/output_files/parsimony/seed_13.raxml.rba

[00:00:00] Generating 1 parsimony starting tree(s) with 212 taxa
Parsimony score: 73052

All starting trees saved to: /datausers/ioit/thaontp/minhminh/difficulty-prediction-training-data/training_data/dna_M8385_212_19972.phy/output_files/parsimony/seed_13.raxml.startTree


Execution log saved to: /datausers/ioit/thaontp/minhminh/difficulty-prediction-training-data/training_data/dna_M8385_212_19972.phy/output_files/parsimony/seed_13.raxml.log

Analysis started: 11-Oct-2025 23:05:25 / finished: 11-Oct-2025 23:05:26

Elapsed time: 1.033 seconds


RAxML-NG v. 1.1.0-master released on 04.08.2022 by The Exelixis Lab.
Developed by: Alexey M. Kozlov and Alexandros Stamatakis.
Contributors: Diego Darriba, Tomas Flouri, Benoit Morel, Sarah Lutteropp, Ben Bettisworth.
Latest version: https://github.com/amkozlov/raxml-ng
Questions/problems/suggestions? Please visit: https://groups.google.com/forum/#!forum/raxml

System: Intel(R) Xeon(R) Gold 6132 CPU @ 2.60GHz, 28 cores, 125 GB RAM

RAxML-NG was called at 07-Oct-2025 18:24:50 as follows:

/datausers/ioit/thaontp/tranthanhvan235/raxml-ng/build/bin/raxml-ng --start --msa /datausers/ioit/thaontp/tranthanhvan235/data_treebase/remainMSAs/dna_M8385_212_19972.phy --tree pars{1} --prefix training_data/dna_M8385_212_19972.phy/output_files/parsimony/seed_14 --model GTR+G --seed 14

Analysis options:
  run mode: Starting tree generation
  start tree(s): parsimony (1)
  random seed: 14
  SIMD kernels: AVX2
  parallelization: coarse-grained (auto), PTHREADS (auto)

[00:00:00] Reading alignment from file: /datausers/ioit/thaontp/tranthanhvan235/data_treebase/remainMSAs/dna_M8385_212_19972.phy
[00:00:00] Loaded alignment with 212 taxa and 19972 sites

Alignment comprises 1 partitions and 11673 patterns

Partition 0: noname
Model: GTR+FO+G4m
Alignment sites / patterns: 19972 / 11673
Gaps: 63.56 %
Invariant sites: 46.66 %


NOTE: Binary MSA file created: training_data/dna_M8385_212_19972.phy/output_files/parsimony/seed_14.raxml.rba

[00:00:00] Generating 1 parsimony starting tree(s) with 212 taxa
Parsimony score: 72903

All starting trees saved to: /datausers/ioit/thaontp/minhminh/difficulty-prediction-training-data/training_data/dna_M8385_212_19972.phy/output_files/parsimony/seed_14.raxml.startTree


Execution log saved to: /datausers/ioit/thaontp/minhminh/difficulty-prediction-training-data/training_data/dna_M8385_212_19972.phy/output_files/parsimony/seed_14.raxml.log

Analysis started: 07-Oct-2025 18:24:50 / finished: 07-Oct-2025 18:24:51

Elapsed time: 0.673 seconds


RAxML-NG v. 1.1.0-master released on 04.08.2022 by The Exelixis Lab.
Developed by: Alexey M. Kozlov and Alexandros Stamatakis.
Contributors: Diego Darriba, Tomas Flouri, Benoit Morel, Sarah Lutteropp, Ben Bettisworth.
Latest version: https://github.com/amkozlov/raxml-ng
Questions/problems/suggestions? Please visit: https://groups.google.com/forum/#!forum/raxml

System: Intel(R) Xeon(R) Gold 6132 CPU @ 2.60GHz, 28 cores, 125 GB RAM

RAxML-NG was called at 01-Oct-2025 22:04:51 as follows:

/datausers/ioit/thaontp/tranthanhvan235/raxml-ng/build/bin/raxml-ng --start --msa /datausers/ioit/thaontp/tranthanhvan235/data_treebase/remainMSAs/dna_M8385_212_19972.phy --tree pars{1} --prefix training_data/dna_M8385_212_19972.phy/output_files/parsimony/seed_15 --model GTR+G --seed 15

Analysis options:
  run mode: Starting tree generation
  start tree(s): parsimony (1)
  random seed: 15
  SIMD kernels: AVX2
  parallelization: coarse-grained (auto), PTHREADS (auto)

[00:00:00] Reading alignment from file: /datausers/ioit/thaontp/tranthanhvan235/data_treebase/remainMSAs/dna_M8385_212_19972.phy
[00:00:00] Loaded alignment with 212 taxa and 19972 sites

Alignment comprises 1 partitions and 11673 patterns

Partition 0: noname
Model: GTR+FO+G4m
Alignment sites / patterns: 19972 / 11673
Gaps: 63.56 %
Invariant sites: 46.66 %


NOTE: Binary MSA file created: training_data/dna_M8385_212_19972.phy/output_files/parsimony/seed_15.raxml.rba

[00:00:00] Generating 1 parsimony starting tree(s) with 212 taxa
Parsimony score: 73001

All starting trees saved to: /datausers/ioit/thaontp/minhminh/difficulty-prediction-training-data/training_data/dna_M8385_212_19972.phy/output_files/parsimony/seed_15.raxml.startTree


Execution log saved to: /datausers/ioit/thaontp/minhminh/difficulty-prediction-training-data/training_data/dna_M8385_212_19972.phy/output_files/parsimony/seed_15.raxml.log

Analysis started: 01-Oct-2025 22:04:51 / finished: 01-Oct-2025 22:04:52

Elapsed time: 0.779 seconds


RAxML-NG v. 1.1.0-master released on 04.08.2022 by The Exelixis Lab.
Developed by: Alexey M. Kozlov and Alexandros Stamatakis.
Contributors: Diego Darriba, Tomas Flouri, Benoit Morel, Sarah Lutteropp, Ben Bettisworth.
Latest version: https://github.com/amkozlov/raxml-ng
Questions/problems/suggestions? Please visit: https://groups.google.com/forum/#!forum/raxml

System: Intel(R) Xeon(R) Gold 6132 CPU @ 2.60GHz, 28 cores, 125 GB RAM

RAxML-NG was called at 01-Oct-2025 04:13:55 as follows:

/datausers/ioit/thaontp/tranthanhvan235/raxml-ng/build/bin/raxml-ng --start --msa /datausers/ioit/thaontp/tranthanhvan235/data_treebase/remainMSAs/dna_M8385_212_19972.phy --tree pars{1} --prefix training_data/dna_M8385_212_19972.phy/output_files/parsimony/seed_16 --model GTR+G --seed 16

Analysis options:
  run mode: Starting tree generation
  start tree(s): parsimony (1)
  random seed: 16
  SIMD kernels: AVX2
  parallelization: coarse-grained (auto), PTHREADS (auto)

[00:00:00] Reading alignment from file: /datausers/ioit/thaontp/tranthanhvan235/data_treebase/remainMSAs/dna_M8385_212_19972.phy
[00:00:00] Loaded alignment with 212 taxa and 19972 sites

Alignment comprises 1 partitions and 11673 patterns

Partition 0: noname
Model: GTR+FO+G4m
Alignment sites / patterns: 19972 / 11673
Gaps: 63.56 %
Invariant sites: 46.66 %


NOTE: Binary MSA file created: training_data/dna_M8385_212_19972.phy/output_files/parsimony/seed_16.raxml.rba

[00:00:00] Generating 1 parsimony starting tree(s) with 212 taxa
Parsimony score: 73018

All starting trees saved to: /datausers/ioit/thaontp/minhminh/difficulty-prediction-training-data/training_data/dna_M8385_212_19972.phy/output_files/parsimony/seed_16.raxml.startTree


Execution log saved to: /datausers/ioit/thaontp/minhminh/difficulty-prediction-training-data/training_data/dna_M8385_212_19972.phy/output_files/parsimony/seed_16.raxml.log

Analysis started: 01-Oct-2025 04:13:55 / finished: 01-Oct-2025 04:13:56

Elapsed time: 0.826 seconds


RAxML-NG v. 1.1.0-master released on 04.08.2022 by The Exelixis Lab.
Developed by: Alexey M. Kozlov and Alexandros Stamatakis.
Contributors: Diego Darriba, Tomas Flouri, Benoit Morel, Sarah Lutteropp, Ben Bettisworth.
Latest version: https://github.com/amkozlov/raxml-ng
Questions/problems/suggestions? Please visit: https://groups.google.com/forum/#!forum/raxml

System: Intel(R) Xeon(R) Gold 6132 CPU @ 2.60GHz, 28 cores, 125 GB RAM

RAxML-NG was called at 01-Oct-2025 04:13:46 as follows:

/datausers/ioit/thaontp/tranthanhvan235/raxml-ng/build/bin/raxml-ng --start --msa /datausers/ioit/thaontp/tranthanhvan235/data_treebase/remainMSAs/dna_M8385_212_19972.phy --tree pars{1} --prefix training_data/dna_M8385_212_19972.phy/output_files/parsimony/seed_17 --model GTR+G --seed 17

Analysis options:
  run mode: Starting tree generation
  start tree(s): parsimony (1)
  random seed: 17
  SIMD kernels: AVX2
  parallelization: coarse-grained (auto), PTHREADS (auto)

[00:00:00] Reading alignment from file: /datausers/ioit/thaontp/tranthanhvan235/data_treebase/remainMSAs/dna_M8385_212_19972.phy
[00:00:00] Loaded alignment with 212 taxa and 19972 sites

Alignment comprises 1 partitions and 11673 patterns

Partition 0: noname
Model: GTR+FO+G4m
Alignment sites / patterns: 19972 / 11673
Gaps: 63.56 %
Invariant sites: 46.66 %


NOTE: Binary MSA file created: training_data/dna_M8385_212_19972.phy/output_files/parsimony/seed_17.raxml.rba

[00:00:00] Generating 1 parsimony starting tree(s) with 212 taxa
Parsimony score: 72894

All starting trees saved to: /datausers/ioit/thaontp/minhminh/difficulty-prediction-training-data/training_data/dna_M8385_212_19972.phy/output_files/parsimony/seed_17.raxml.startTree


Execution log saved to: /datausers/ioit/thaontp/minhminh/difficulty-prediction-training-data/training_data/dna_M8385_212_19972.phy/output_files/parsimony/seed_17.raxml.log

Analysis started: 01-Oct-2025 04:13:46 / finished: 01-Oct-2025 04:13:47

Elapsed time: 0.852 seconds


RAxML-NG v. 1.1.0-master released on 04.08.2022 by The Exelixis Lab.
Developed by: Alexey M. Kozlov and Alexandros Stamatakis.
Contributors: Diego Darriba, Tomas Flouri, Benoit Morel, Sarah Lutteropp, Ben Bettisworth.
Latest version: https://github.com/amkozlov/raxml-ng
Questions/problems/suggestions? Please visit: https://groups.google.com/forum/#!forum/raxml

System: Intel(R) Xeon(R) Gold 6132 CPU @ 2.60GHz, 28 cores, 125 GB RAM

RAxML-NG was called at 11-Oct-2025 15:05:04 as follows:

/datausers/ioit/thaontp/tranthanhvan235/raxml-ng/build/bin/raxml-ng --start --msa /datausers/ioit/thaontp/tranthanhvan235/data_treebase/remainMSAs/dna_M8385_212_19972.phy --tree pars{1} --prefix training_data/dna_M8385_212_19972.phy/output_files/parsimony/seed_18 --model GTR+G --seed 18

Analysis options:
  run mode: Starting tree generation
  start tree(s): parsimony (1)
  random seed: 18
  SIMD kernels: AVX2
  parallelization: coarse-grained (auto), PTHREADS (auto)

[00:00:00] Reading alignment from file: /datausers/ioit/thaontp/tranthanhvan235/data_treebase/remainMSAs/dna_M8385_212_19972.phy
[00:00:00] Loaded alignment with 212 taxa and 19972 sites

Alignment comprises 1 partitions and 11673 patterns

Partition 0: noname
Model: GTR+FO+G4m
Alignment sites / patterns: 19972 / 11673
Gaps: 63.56 %
Invariant sites: 46.66 %


NOTE: Binary MSA file created: training_data/dna_M8385_212_19972.phy/output_files/parsimony/seed_18.raxml.rba

[00:00:00] Generating 1 parsimony starting tree(s) with 212 taxa
Parsimony score: 72921

All starting trees saved to: /datausers/ioit/thaontp/minhminh/difficulty-prediction-training-data/training_data/dna_M8385_212_19972.phy/output_files/parsimony/seed_18.raxml.startTree


Execution log saved to: /datausers/ioit/thaontp/minhminh/difficulty-prediction-training-data/training_data/dna_M8385_212_19972.phy/output_files/parsimony/seed_18.raxml.log

Analysis started: 11-Oct-2025 15:05:04 / finished: 11-Oct-2025 15:05:05

Elapsed time: 0.805 seconds


RAxML-NG v. 1.1.0-master released on 04.08.2022 by The Exelixis Lab.
Developed by: Alexey M. Kozlov and Alexandros Stamatakis.
Contributors: Diego Darriba, Tomas Flouri, Benoit Morel, Sarah Lutteropp, Ben Bettisworth.
Latest version: https://github.com/amkozlov/raxml-ng
Questions/problems/suggestions? Please visit: https://groups.google.com/forum/#!forum/raxml

System: Intel(R) Xeon(R) Gold 6132 CPU @ 2.60GHz, 28 cores, 125 GB RAM

RAxML-NG was called at 05-Oct-2025 14:41:07 as follows:

/datausers/ioit/thaontp/tranthanhvan235/raxml-ng/build/bin/raxml-ng --start --msa /datausers/ioit/thaontp/tranthanhvan235/data_treebase/remainMSAs/dna_M8385_212_19972.phy --tree pars{1} --prefix training_data/dna_M8385_212_19972.phy/output_files/parsimony/seed_19 --model GTR+G --seed 19

Analysis options:
  run mode: Starting tree generation
  start tree(s): parsimony (1)
  random seed: 19
  SIMD kernels: AVX2
  parallelization: coarse-grained (auto), PTHREADS (auto)

[00:00:00] Reading alignment from file: /datausers/ioit/thaontp/tranthanhvan235/data_treebase/remainMSAs/dna_M8385_212_19972.phy
[00:00:00] Loaded alignment with 212 taxa and 19972 sites

Alignment comprises 1 partitions and 11673 patterns

Partition 0: noname
Model: GTR+FO+G4m
Alignment sites / patterns: 19972 / 11673
Gaps: 63.56 %
Invariant sites: 46.66 %


NOTE: Binary MSA file created: training_data/dna_M8385_212_19972.phy/output_files/parsimony/seed_19.raxml.rba

[00:00:00] Generating 1 parsimony starting tree(s) with 212 taxa
Parsimony score: 72755

All starting trees saved to: /datausers/ioit/thaontp/minhminh/difficulty-prediction-training-data/training_data/dna_M8385_212_19972.phy/output_files/parsimony/seed_19.raxml.startTree


Execution log saved to: /datausers/ioit/thaontp/minhminh/difficulty-prediction-training-data/training_data/dna_M8385_212_19972.phy/output_files/parsimony/seed_19.raxml.log

Analysis started: 05-Oct-2025 14:41:07 / finished: 05-Oct-2025 14:41:08

Elapsed time: 0.989 seconds


RAxML-NG v. 1.1.0-master released on 04.08.2022 by The Exelixis Lab.
Developed by: Alexey M. Kozlov and Alexandros Stamatakis.
Contributors: Diego Darriba, Tomas Flouri, Benoit Morel, Sarah Lutteropp, Ben Bettisworth.
Latest version: https://github.com/amkozlov/raxml-ng
Questions/problems/suggestions? Please visit: https://groups.google.com/forum/#!forum/raxml

System: Intel(R) Xeon(R) Gold 6132 CPU @ 2.60GHz, 28 cores, 125 GB RAM

RAxML-NG was called at 12-Oct-2025 08:59:21 as follows:

/datausers/ioit/thaontp/tranthanhvan235/raxml-ng/build/bin/raxml-ng --start --msa /datausers/ioit/thaontp/tranthanhvan235/data_treebase/remainMSAs/dna_M8385_212_19972.phy --tree pars{1} --prefix training_data/dna_M8385_212_19972.phy/output_files/parsimony/seed_20 --model GTR+G --seed 20

Analysis options:
  run mode: Starting tree generation
  start tree(s): parsimony (1)
  random seed: 20
  SIMD kernels: AVX2
  parallelization: coarse-grained (auto), PTHREADS (auto)

[00:00:00] Reading alignment from file: /datausers/ioit/thaontp/tranthanhvan235/data_treebase/remainMSAs/dna_M8385_212_19972.phy
[00:00:00] Loaded alignment with 212 taxa and 19972 sites

Alignment comprises 1 partitions and 11673 patterns

Partition 0: noname
Model: GTR+FO+G4m
Alignment sites / patterns: 19972 / 11673
Gaps: 63.56 %
Invariant sites: 46.66 %


NOTE: Binary MSA file created: training_data/dna_M8385_212_19972.phy/output_files/parsimony/seed_20.raxml.rba

[00:00:00] Generating 1 parsimony starting tree(s) with 212 taxa
Parsimony score: 72850

All starting trees saved to: /datausers/ioit/thaontp/minhminh/difficulty-prediction-training-data/training_data/dna_M8385_212_19972.phy/output_files/parsimony/seed_20.raxml.startTree


Execution log saved to: /datausers/ioit/thaontp/minhminh/difficulty-prediction-training-data/training_data/dna_M8385_212_19972.phy/output_files/parsimony/seed_20.raxml.log

Analysis started: 12-Oct-2025 08:59:21 / finished: 12-Oct-2025 08:59:22

Elapsed time: 1.159 seconds


RAxML-NG v. 1.1.0-master released on 04.08.2022 by The Exelixis Lab.
Developed by: Alexey M. Kozlov and Alexandros Stamatakis.
Contributors: Diego Darriba, Tomas Flouri, Benoit Morel, Sarah Lutteropp, Ben Bettisworth.
Latest version: https://github.com/amkozlov/raxml-ng
Questions/problems/suggestions? Please visit: https://groups.google.com/forum/#!forum/raxml

System: Intel(R) Xeon(R) Gold 6132 CPU @ 2.60GHz, 28 cores, 125 GB RAM

RAxML-NG was called at 06-Oct-2025 11:08:41 as follows:

/datausers/ioit/thaontp/tranthanhvan235/raxml-ng/build/bin/raxml-ng --start --msa /datausers/ioit/thaontp/tranthanhvan235/data_treebase/remainMSAs/dna_M8385_212_19972.phy --tree pars{1} --prefix training_data/dna_M8385_212_19972.phy/output_files/parsimony/seed_21 --model GTR+G --seed 21

Analysis options:
  run mode: Starting tree generation
  start tree(s): parsimony (1)
  random seed: 21
  SIMD kernels: AVX2
  parallelization: coarse-grained (auto), PTHREADS (auto)

[00:00:00] Reading alignment from file: /datausers/ioit/thaontp/tranthanhvan235/data_treebase/remainMSAs/dna_M8385_212_19972.phy
[00:00:00] Loaded alignment with 212 taxa and 19972 sites

Alignment comprises 1 partitions and 11673 patterns

Partition 0: noname
Model: GTR+FO+G4m
Alignment sites / patterns: 19972 / 11673
Gaps: 63.56 %
Invariant sites: 46.66 %


NOTE: Binary MSA file created: training_data/dna_M8385_212_19972.phy/output_files/parsimony/seed_21.raxml.rba

[00:00:00] Generating 1 parsimony starting tree(s) with 212 taxa
Parsimony score: 72854

All starting trees saved to: /datausers/ioit/thaontp/minhminh/difficulty-prediction-training-data/training_data/dna_M8385_212_19972.phy/output_files/parsimony/seed_21.raxml.startTree


Execution log saved to: /datausers/ioit/thaontp/minhminh/difficulty-prediction-training-data/training_data/dna_M8385_212_19972.phy/output_files/parsimony/seed_21.raxml.log

Analysis started: 06-Oct-2025 11:08:41 / finished: 06-Oct-2025 11:08:42

Elapsed time: 0.542 seconds


RAxML-NG v. 1.1.0-master released on 04.08.2022 by The Exelixis Lab.
Developed by: Alexey M. Kozlov and Alexandros Stamatakis.
Contributors: Diego Darriba, Tomas Flouri, Benoit Morel, Sarah Lutteropp, Ben Bettisworth.
Latest version: https://github.com/amkozlov/raxml-ng
Questions/problems/suggestions? Please visit: https://groups.google.com/forum/#!forum/raxml

System: Intel(R) Xeon(R) Gold 6132 CPU @ 2.60GHz, 28 cores, 125 GB RAM

RAxML-NG was called at 08-Oct-2025 07:57:38 as follows:

/datausers/ioit/thaontp/tranthanhvan235/raxml-ng/build/bin/raxml-ng --start --msa /datausers/ioit/thaontp/tranthanhvan235/data_treebase/remainMSAs/dna_M8385_212_19972.phy --tree pars{1} --prefix training_data/dna_M8385_212_19972.phy/output_files/parsimony/seed_22 --model GTR+G --seed 22

Analysis options:
  run mode: Starting tree generation
  start tree(s): parsimony (1)
  random seed: 22
  SIMD kernels: AVX2
  parallelization: coarse-grained (auto), PTHREADS (auto)

[00:00:00] Reading alignment from file: /datausers/ioit/thaontp/tranthanhvan235/data_treebase/remainMSAs/dna_M8385_212_19972.phy
[00:00:00] Loaded alignment with 212 taxa and 19972 sites

Alignment comprises 1 partitions and 11673 patterns

Partition 0: noname
Model: GTR+FO+G4m
Alignment sites / patterns: 19972 / 11673
Gaps: 63.56 %
Invariant sites: 46.66 %


NOTE: Binary MSA file created: training_data/dna_M8385_212_19972.phy/output_files/parsimony/seed_22.raxml.rba

[00:00:00] Generating 1 parsimony starting tree(s) with 212 taxa
Parsimony score: 72923

All starting trees saved to: /datausers/ioit/thaontp/minhminh/difficulty-prediction-training-data/training_data/dna_M8385_212_19972.phy/output_files/parsimony/seed_22.raxml.startTree


Execution log saved to: /datausers/ioit/thaontp/minhminh/difficulty-prediction-training-data/training_data/dna_M8385_212_19972.phy/output_files/parsimony/seed_22.raxml.log

Analysis started: 08-Oct-2025 07:57:38 / finished: 08-Oct-2025 07:57:39

Elapsed time: 0.780 seconds


RAxML-NG v. 1.1.0-master released on 04.08.2022 by The Exelixis Lab.
Developed by: Alexey M. Kozlov and Alexandros Stamatakis.
Contributors: Diego Darriba, Tomas Flouri, Benoit Morel, Sarah Lutteropp, Ben Bettisworth.
Latest version: https://github.com/amkozlov/raxml-ng
Questions/problems/suggestions? Please visit: https://groups.google.com/forum/#!forum/raxml

System: Intel(R) Xeon(R) Gold 6132 CPU @ 2.60GHz, 28 cores, 125 GB RAM

RAxML-NG was called at 12-Oct-2025 14:14:50 as follows:

/datausers/ioit/thaontp/tranthanhvan235/raxml-ng/build/bin/raxml-ng --start --msa /datausers/ioit/thaontp/tranthanhvan235/data_treebase/remainMSAs/dna_M8385_212_19972.phy --tree pars{1} --prefix training_data/dna_M8385_212_19972.phy/output_files/parsimony/seed_23 --model GTR+G --seed 23

Analysis options:
  run mode: Starting tree generation
  start tree(s): parsimony (1)
  random seed: 23
  SIMD kernels: AVX2
  parallelization: coarse-grained (auto), PTHREADS (auto)

[00:00:00] Reading alignment from file: /datausers/ioit/thaontp/tranthanhvan235/data_treebase/remainMSAs/dna_M8385_212_19972.phy
[00:00:00] Loaded alignment with 212 taxa and 19972 sites

Alignment comprises 1 partitions and 11673 patterns

Partition 0: noname
Model: GTR+FO+G4m
Alignment sites / patterns: 19972 / 11673
Gaps: 63.56 %
Invariant sites: 46.66 %


NOTE: Binary MSA file created: training_data/dna_M8385_212_19972.phy/output_files/parsimony/seed_23.raxml.rba

[00:00:00] Generating 1 parsimony starting tree(s) with 212 taxa
Parsimony score: 72845

All starting trees saved to: /datausers/ioit/thaontp/minhminh/difficulty-prediction-training-data/training_data/dna_M8385_212_19972.phy/output_files/parsimony/seed_23.raxml.startTree


Execution log saved to: /datausers/ioit/thaontp/minhminh/difficulty-prediction-training-data/training_data/dna_M8385_212_19972.phy/output_files/parsimony/seed_23.raxml.log

Analysis started: 12-Oct-2025 14:14:50 / finished: 12-Oct-2025 14:14:51

Elapsed time: 0.811 seconds


RAxML-NG v. 1.1.0-master released on 04.08.2022 by The Exelixis Lab.
Developed by: Alexey M. Kozlov and Alexandros Stamatakis.
Contributors: Diego Darriba, Tomas Flouri, Benoit Morel, Sarah Lutteropp, Ben Bettisworth.
Latest version: https://github.com/amkozlov/raxml-ng
Questions/problems/suggestions? Please visit: https://groups.google.com/forum/#!forum/raxml

System: Intel(R) Xeon(R) Gold 6132 CPU @ 2.60GHz, 28 cores, 125 GB RAM

RAxML-NG was called at 01-Oct-2025 07:43:06 as follows:

/datausers/ioit/thaontp/tranthanhvan235/raxml-ng/build/bin/raxml-ng --start --msa /datausers/ioit/thaontp/tranthanhvan235/data_treebase/remainMSAs/dna_M8385_212_19972.phy --tree pars{1} --prefix training_data/dna_M8385_212_19972.phy/output_files/parsimony/seed_24 --model GTR+G --seed 24

Analysis options:
  run mode: Starting tree generation
  start tree(s): parsimony (1)
  random seed: 24
  SIMD kernels: AVX2
  parallelization: coarse-grained (auto), PTHREADS (auto)

[00:00:00] Reading alignment from file: /datausers/ioit/thaontp/tranthanhvan235/data_treebase/remainMSAs/dna_M8385_212_19972.phy
[00:00:00] Loaded alignment with 212 taxa and 19972 sites

Alignment comprises 1 partitions and 11673 patterns

Partition 0: noname
Model: GTR+FO+G4m
Alignment sites / patterns: 19972 / 11673
Gaps: 63.56 %
Invariant sites: 46.66 %


NOTE: Binary MSA file created: training_data/dna_M8385_212_19972.phy/output_files/parsimony/seed_24.raxml.rba

[00:00:00] Generating 1 parsimony starting tree(s) with 212 taxa
Parsimony score: 73241

All starting trees saved to: /datausers/ioit/thaontp/minhminh/difficulty-prediction-training-data/training_data/dna_M8385_212_19972.phy/output_files/parsimony/seed_24.raxml.startTree


Execution log saved to: /datausers/ioit/thaontp/minhminh/difficulty-prediction-training-data/training_data/dna_M8385_212_19972.phy/output_files/parsimony/seed_24.raxml.log

Analysis started: 01-Oct-2025 07:43:06 / finished: 01-Oct-2025 07:43:07

Elapsed time: 0.741 seconds


RAxML-NG v. 1.1.0-master released on 04.08.2022 by The Exelixis Lab.
Developed by: Alexey M. Kozlov and Alexandros Stamatakis.
Contributors: Diego Darriba, Tomas Flouri, Benoit Morel, Sarah Lutteropp, Ben Bettisworth.
Latest version: https://github.com/amkozlov/raxml-ng
Questions/problems/suggestions? Please visit: https://groups.google.com/forum/#!forum/raxml

System: Intel(R) Xeon(R) Gold 6132 CPU @ 2.60GHz, 28 cores, 125 GB RAM

RAxML-NG was called at 30-Sep-2025 08:00:56 as follows:

/datausers/ioit/thaontp/tranthanhvan235/raxml-ng/build/bin/raxml-ng --start --msa /datausers/ioit/thaontp/tranthanhvan235/data_treebase/remainMSAs/dna_M8385_212_19972.phy --tree pars{1} --prefix training_data/dna_M8385_212_19972.phy/output_files/parsimony/seed_25 --model GTR+G --seed 25

Analysis options:
  run mode: Starting tree generation
  start tree(s): parsimony (1)
  random seed: 25
  SIMD kernels: AVX2
  parallelization: coarse-grained (auto), PTHREADS (auto)

[00:00:00] Reading alignment from file: /datausers/ioit/thaontp/tranthanhvan235/data_treebase/remainMSAs/dna_M8385_212_19972.phy
[00:00:00] Loaded alignment with 212 taxa and 19972 sites

Alignment comprises 1 partitions and 11673 patterns

Partition 0: noname
Model: GTR+FO+G4m
Alignment sites / patterns: 19972 / 11673
Gaps: 63.56 %
Invariant sites: 46.66 %


NOTE: Binary MSA file created: training_data/dna_M8385_212_19972.phy/output_files/parsimony/seed_25.raxml.rba

[00:00:00] Generating 1 parsimony starting tree(s) with 212 taxa
Parsimony score: 72759

All starting trees saved to: /datausers/ioit/thaontp/minhminh/difficulty-prediction-training-data/training_data/dna_M8385_212_19972.phy/output_files/parsimony/seed_25.raxml.startTree


Execution log saved to: /datausers/ioit/thaontp/minhminh/difficulty-prediction-training-data/training_data/dna_M8385_212_19972.phy/output_files/parsimony/seed_25.raxml.log

Analysis started: 30-Sep-2025 08:00:56 / finished: 30-Sep-2025 08:00:57

Elapsed time: 0.724 seconds


RAxML-NG v. 1.1.0-master released on 04.08.2022 by The Exelixis Lab.
Developed by: Alexey M. Kozlov and Alexandros Stamatakis.
Contributors: Diego Darriba, Tomas Flouri, Benoit Morel, Sarah Lutteropp, Ben Bettisworth.
Latest version: https://github.com/amkozlov/raxml-ng
Questions/problems/suggestions? Please visit: https://groups.google.com/forum/#!forum/raxml

System: Intel(R) Xeon(R) Gold 6132 CPU @ 2.60GHz, 28 cores, 125 GB RAM

RAxML-NG was called at 10-Oct-2025 23:54:11 as follows:

/datausers/ioit/thaontp/tranthanhvan235/raxml-ng/build/bin/raxml-ng --start --msa /datausers/ioit/thaontp/tranthanhvan235/data_treebase/remainMSAs/dna_M8385_212_19972.phy --tree pars{1} --prefix training_data/dna_M8385_212_19972.phy/output_files/parsimony/seed_26 --model GTR+G --seed 26

Analysis options:
  run mode: Starting tree generation
  start tree(s): parsimony (1)
  random seed: 26
  SIMD kernels: AVX2
  parallelization: coarse-grained (auto), PTHREADS (auto)

[00:00:00] Reading alignment from file: /datausers/ioit/thaontp/tranthanhvan235/data_treebase/remainMSAs/dna_M8385_212_19972.phy
[00:00:00] Loaded alignment with 212 taxa and 19972 sites

Alignment comprises 1 partitions and 11673 patterns

Partition 0: noname
Model: GTR+FO+G4m
Alignment sites / patterns: 19972 / 11673
Gaps: 63.56 %
Invariant sites: 46.66 %


NOTE: Binary MSA file created: training_data/dna_M8385_212_19972.phy/output_files/parsimony/seed_26.raxml.rba

[00:00:00] Generating 1 parsimony starting tree(s) with 212 taxa
Parsimony score: 72954

All starting trees saved to: /datausers/ioit/thaontp/minhminh/difficulty-prediction-training-data/training_data/dna_M8385_212_19972.phy/output_files/parsimony/seed_26.raxml.startTree


Execution log saved to: /datausers/ioit/thaontp/minhminh/difficulty-prediction-training-data/training_data/dna_M8385_212_19972.phy/output_files/parsimony/seed_26.raxml.log

Analysis started: 10-Oct-2025 23:54:11 / finished: 10-Oct-2025 23:54:12

Elapsed time: 0.909 seconds


RAxML-NG v. 1.1.0-master released on 04.08.2022 by The Exelixis Lab.
Developed by: Alexey M. Kozlov and Alexandros Stamatakis.
Contributors: Diego Darriba, Tomas Flouri, Benoit Morel, Sarah Lutteropp, Ben Bettisworth.
Latest version: https://github.com/amkozlov/raxml-ng
Questions/problems/suggestions? Please visit: https://groups.google.com/forum/#!forum/raxml

System: Intel(R) Xeon(R) Gold 6132 CPU @ 2.60GHz, 28 cores, 125 GB RAM

RAxML-NG was called at 01-Oct-2025 15:37:21 as follows:

/datausers/ioit/thaontp/tranthanhvan235/raxml-ng/build/bin/raxml-ng --start --msa /datausers/ioit/thaontp/tranthanhvan235/data_treebase/remainMSAs/dna_M8385_212_19972.phy --tree pars{1} --prefix training_data/dna_M8385_212_19972.phy/output_files/parsimony/seed_27 --model GTR+G --seed 27

Analysis options:
  run mode: Starting tree generation
  start tree(s): parsimony (1)
  random seed: 27
  SIMD kernels: AVX2
  parallelization: coarse-grained (auto), PTHREADS (auto)

[00:00:00] Reading alignment from file: /datausers/ioit/thaontp/tranthanhvan235/data_treebase/remainMSAs/dna_M8385_212_19972.phy
[00:00:00] Loaded alignment with 212 taxa and 19972 sites

Alignment comprises 1 partitions and 11673 patterns

Partition 0: noname
Model: GTR+FO+G4m
Alignment sites / patterns: 19972 / 11673
Gaps: 63.56 %
Invariant sites: 46.66 %


NOTE: Binary MSA file created: training_data/dna_M8385_212_19972.phy/output_files/parsimony/seed_27.raxml.rba

[00:00:00] Generating 1 parsimony starting tree(s) with 212 taxa
Parsimony score: 72833

All starting trees saved to: /datausers/ioit/thaontp/minhminh/difficulty-prediction-training-data/training_data/dna_M8385_212_19972.phy/output_files/parsimony/seed_27.raxml.startTree


Execution log saved to: /datausers/ioit/thaontp/minhminh/difficulty-prediction-training-data/training_data/dna_M8385_212_19972.phy/output_files/parsimony/seed_27.raxml.log

Analysis started: 01-Oct-2025 15:37:21 / finished: 01-Oct-2025 15:37:22

Elapsed time: 0.789 seconds


RAxML-NG v. 1.1.0-master released on 04.08.2022 by The Exelixis Lab.
Developed by: Alexey M. Kozlov and Alexandros Stamatakis.
Contributors: Diego Darriba, Tomas Flouri, Benoit Morel, Sarah Lutteropp, Ben Bettisworth.
Latest version: https://github.com/amkozlov/raxml-ng
Questions/problems/suggestions? Please visit: https://groups.google.com/forum/#!forum/raxml

System: Intel(R) Xeon(R) Gold 6132 CPU @ 2.60GHz, 28 cores, 125 GB RAM

RAxML-NG was called at 08-Oct-2025 09:41:52 as follows:

/datausers/ioit/thaontp/tranthanhvan235/raxml-ng/build/bin/raxml-ng --start --msa /datausers/ioit/thaontp/tranthanhvan235/data_treebase/remainMSAs/dna_M8385_212_19972.phy --tree pars{1} --prefix training_data/dna_M8385_212_19972.phy/output_files/parsimony/seed_28 --model GTR+G --seed 28

Analysis options:
  run mode: Starting tree generation
  start tree(s): parsimony (1)
  random seed: 28
  SIMD kernels: AVX2
  parallelization: coarse-grained (auto), PTHREADS (auto)

[00:00:00] Reading alignment from file: /datausers/ioit/thaontp/tranthanhvan235/data_treebase/remainMSAs/dna_M8385_212_19972.phy
[00:00:00] Loaded alignment with 212 taxa and 19972 sites

Alignment comprises 1 partitions and 11673 patterns

Partition 0: noname
Model: GTR+FO+G4m
Alignment sites / patterns: 19972 / 11673
Gaps: 63.56 %
Invariant sites: 46.66 %


NOTE: Binary MSA file created: training_data/dna_M8385_212_19972.phy/output_files/parsimony/seed_28.raxml.rba

[00:00:00] Generating 1 parsimony starting tree(s) with 212 taxa
Parsimony score: 72818

All starting trees saved to: /datausers/ioit/thaontp/minhminh/difficulty-prediction-training-data/training_data/dna_M8385_212_19972.phy/output_files/parsimony/seed_28.raxml.startTree


Execution log saved to: /datausers/ioit/thaontp/minhminh/difficulty-prediction-training-data/training_data/dna_M8385_212_19972.phy/output_files/parsimony/seed_28.raxml.log

Analysis started: 08-Oct-2025 09:41:52 / finished: 08-Oct-2025 09:41:53

Elapsed time: 0.726 seconds


RAxML-NG v. 1.1.0-master released on 04.08.2022 by The Exelixis Lab.
Developed by: Alexey M. Kozlov and Alexandros Stamatakis.
Contributors: Diego Darriba, Tomas Flouri, Benoit Morel, Sarah Lutteropp, Ben Bettisworth.
Latest version: https://github.com/amkozlov/raxml-ng
Questions/problems/suggestions? Please visit: https://groups.google.com/forum/#!forum/raxml

System: Intel(R) Xeon(R) Gold 6132 CPU @ 2.60GHz, 28 cores, 125 GB RAM

RAxML-NG was called at 01-Oct-2025 07:43:21 as follows:

/datausers/ioit/thaontp/tranthanhvan235/raxml-ng/build/bin/raxml-ng --start --msa /datausers/ioit/thaontp/tranthanhvan235/data_treebase/remainMSAs/dna_M8385_212_19972.phy --tree pars{1} --prefix training_data/dna_M8385_212_19972.phy/output_files/parsimony/seed_29 --model GTR+G --seed 29

Analysis options:
  run mode: Starting tree generation
  start tree(s): parsimony (1)
  random seed: 29
  SIMD kernels: AVX2
  parallelization: coarse-grained (auto), PTHREADS (auto)

[00:00:00] Reading alignment from file: /datausers/ioit/thaontp/tranthanhvan235/data_treebase/remainMSAs/dna_M8385_212_19972.phy
[00:00:00] Loaded alignment with 212 taxa and 19972 sites

Alignment comprises 1 partitions and 11673 patterns

Partition 0: noname
Model: GTR+FO+G4m
Alignment sites / patterns: 19972 / 11673
Gaps: 63.56 %
Invariant sites: 46.66 %


NOTE: Binary MSA file created: training_data/dna_M8385_212_19972.phy/output_files/parsimony/seed_29.raxml.rba

[00:00:00] Generating 1 parsimony starting tree(s) with 212 taxa
Parsimony score: 73034

All starting trees saved to: /datausers/ioit/thaontp/minhminh/difficulty-prediction-training-data/training_data/dna_M8385_212_19972.phy/output_files/parsimony/seed_29.raxml.startTree


Execution log saved to: /datausers/ioit/thaontp/minhminh/difficulty-prediction-training-data/training_data/dna_M8385_212_19972.phy/output_files/parsimony/seed_29.raxml.log

Analysis started: 01-Oct-2025 07:43:21 / finished: 01-Oct-2025 07:43:22

Elapsed time: 1.017 seconds


RAxML-NG v. 1.1.0-master released on 04.08.2022 by The Exelixis Lab.
Developed by: Alexey M. Kozlov and Alexandros Stamatakis.
Contributors: Diego Darriba, Tomas Flouri, Benoit Morel, Sarah Lutteropp, Ben Bettisworth.
Latest version: https://github.com/amkozlov/raxml-ng
Questions/problems/suggestions? Please visit: https://groups.google.com/forum/#!forum/raxml

System: Intel(R) Xeon(R) Gold 6132 CPU @ 2.60GHz, 28 cores, 125 GB RAM

RAxML-NG was called at 02-Oct-2025 09:53:23 as follows:

/datausers/ioit/thaontp/tranthanhvan235/raxml-ng/build/bin/raxml-ng --start --msa /datausers/ioit/thaontp/tranthanhvan235/data_treebase/remainMSAs/dna_M8385_212_19972.phy --tree pars{1} --prefix training_data/dna_M8385_212_19972.phy/output_files/parsimony/seed_30 --model GTR+G --seed 30

Analysis options:
  run mode: Starting tree generation
  start tree(s): parsimony (1)
  random seed: 30
  SIMD kernels: AVX2
  parallelization: coarse-grained (auto), PTHREADS (auto)

[00:00:00] Reading alignment from file: /datausers/ioit/thaontp/tranthanhvan235/data_treebase/remainMSAs/dna_M8385_212_19972.phy
[00:00:00] Loaded alignment with 212 taxa and 19972 sites

Alignment comprises 1 partitions and 11673 patterns

Partition 0: noname
Model: GTR+FO+G4m
Alignment sites / patterns: 19972 / 11673
Gaps: 63.56 %
Invariant sites: 46.66 %


NOTE: Binary MSA file created: training_data/dna_M8385_212_19972.phy/output_files/parsimony/seed_30.raxml.rba

[00:00:00] Generating 1 parsimony starting tree(s) with 212 taxa
Parsimony score: 72812

All starting trees saved to: /datausers/ioit/thaontp/minhminh/difficulty-prediction-training-data/training_data/dna_M8385_212_19972.phy/output_files/parsimony/seed_30.raxml.startTree


Execution log saved to: /datausers/ioit/thaontp/minhminh/difficulty-prediction-training-data/training_data/dna_M8385_212_19972.phy/output_files/parsimony/seed_30.raxml.log

Analysis started: 02-Oct-2025 09:53:23 / finished: 02-Oct-2025 09:53:24

Elapsed time: 0.888 seconds


RAxML-NG v. 1.1.0-master released on 04.08.2022 by The Exelixis Lab.
Developed by: Alexey M. Kozlov and Alexandros Stamatakis.
Contributors: Diego Darriba, Tomas Flouri, Benoit Morel, Sarah Lutteropp, Ben Bettisworth.
Latest version: https://github.com/amkozlov/raxml-ng
Questions/problems/suggestions? Please visit: https://groups.google.com/forum/#!forum/raxml

System: Intel(R) Xeon(R) Gold 6132 CPU @ 2.60GHz, 28 cores, 125 GB RAM

RAxML-NG was called at 06-Oct-2025 16:59:23 as follows:

/datausers/ioit/thaontp/tranthanhvan235/raxml-ng/build/bin/raxml-ng --start --msa /datausers/ioit/thaontp/tranthanhvan235/data_treebase/remainMSAs/dna_M8385_212_19972.phy --tree pars{1} --prefix training_data/dna_M8385_212_19972.phy/output_files/parsimony/seed_31 --model GTR+G --seed 31

Analysis options:
  run mode: Starting tree generation
  start tree(s): parsimony (1)
  random seed: 31
  SIMD kernels: AVX2
  parallelization: coarse-grained (auto), PTHREADS (auto)

[00:00:00] Reading alignment from file: /datausers/ioit/thaontp/tranthanhvan235/data_treebase/remainMSAs/dna_M8385_212_19972.phy
[00:00:00] Loaded alignment with 212 taxa and 19972 sites

Alignment comprises 1 partitions and 11673 patterns

Partition 0: noname
Model: GTR+FO+G4m
Alignment sites / patterns: 19972 / 11673
Gaps: 63.56 %
Invariant sites: 46.66 %


NOTE: Binary MSA file created: training_data/dna_M8385_212_19972.phy/output_files/parsimony/seed_31.raxml.rba

[00:00:00] Generating 1 parsimony starting tree(s) with 212 taxa
Parsimony score: 73115

All starting trees saved to: /datausers/ioit/thaontp/minhminh/difficulty-prediction-training-data/training_data/dna_M8385_212_19972.phy/output_files/parsimony/seed_31.raxml.startTree


Execution log saved to: /datausers/ioit/thaontp/minhminh/difficulty-prediction-training-data/training_data/dna_M8385_212_19972.phy/output_files/parsimony/seed_31.raxml.log

Analysis started: 06-Oct-2025 16:59:23 / finished: 06-Oct-2025 16:59:24

Elapsed time: 0.842 seconds


RAxML-NG v. 1.1.0-master released on 04.08.2022 by The Exelixis Lab.
Developed by: Alexey M. Kozlov and Alexandros Stamatakis.
Contributors: Diego Darriba, Tomas Flouri, Benoit Morel, Sarah Lutteropp, Ben Bettisworth.
Latest version: https://github.com/amkozlov/raxml-ng
Questions/problems/suggestions? Please visit: https://groups.google.com/forum/#!forum/raxml

System: Intel(R) Xeon(R) Gold 6132 CPU @ 2.60GHz, 28 cores, 125 GB RAM

RAxML-NG was called at 08-Oct-2025 07:57:46 as follows:

/datausers/ioit/thaontp/tranthanhvan235/raxml-ng/build/bin/raxml-ng --start --msa /datausers/ioit/thaontp/tranthanhvan235/data_treebase/remainMSAs/dna_M8385_212_19972.phy --tree pars{1} --prefix training_data/dna_M8385_212_19972.phy/output_files/parsimony/seed_32 --model GTR+G --seed 32

Analysis options:
  run mode: Starting tree generation
  start tree(s): parsimony (1)
  random seed: 32
  SIMD kernels: AVX2
  parallelization: coarse-grained (auto), PTHREADS (auto)

[00:00:00] Reading alignment from file: /datausers/ioit/thaontp/tranthanhvan235/data_treebase/remainMSAs/dna_M8385_212_19972.phy
[00:00:00] Loaded alignment with 212 taxa and 19972 sites

Alignment comprises 1 partitions and 11673 patterns

Partition 0: noname
Model: GTR+FO+G4m
Alignment sites / patterns: 19972 / 11673
Gaps: 63.56 %
Invariant sites: 46.66 %


NOTE: Binary MSA file created: training_data/dna_M8385_212_19972.phy/output_files/parsimony/seed_32.raxml.rba

[00:00:00] Generating 1 parsimony starting tree(s) with 212 taxa
Parsimony score: 72849

All starting trees saved to: /datausers/ioit/thaontp/minhminh/difficulty-prediction-training-data/training_data/dna_M8385_212_19972.phy/output_files/parsimony/seed_32.raxml.startTree


Execution log saved to: /datausers/ioit/thaontp/minhminh/difficulty-prediction-training-data/training_data/dna_M8385_212_19972.phy/output_files/parsimony/seed_32.raxml.log

Analysis started: 08-Oct-2025 07:57:46 / finished: 08-Oct-2025 07:57:47

Elapsed time: 1.007 seconds


RAxML-NG v. 1.1.0-master released on 04.08.2022 by The Exelixis Lab.
Developed by: Alexey M. Kozlov and Alexandros Stamatakis.
Contributors: Diego Darriba, Tomas Flouri, Benoit Morel, Sarah Lutteropp, Ben Bettisworth.
Latest version: https://github.com/amkozlov/raxml-ng
Questions/problems/suggestions? Please visit: https://groups.google.com/forum/#!forum/raxml

System: Intel(R) Xeon(R) Gold 6132 CPU @ 2.60GHz, 28 cores, 125 GB RAM

RAxML-NG was called at 14-Oct-2025 19:23:43 as follows:

/datausers/ioit/thaontp/tranthanhvan235/raxml-ng/build/bin/raxml-ng --start --msa /datausers/ioit/thaontp/tranthanhvan235/data_treebase/remainMSAs/dna_M8385_212_19972.phy --tree pars{1} --prefix training_data/dna_M8385_212_19972.phy/output_files/parsimony/seed_33 --model GTR+G --seed 33

Analysis options:
  run mode: Starting tree generation
  start tree(s): parsimony (1)
  random seed: 33
  SIMD kernels: AVX2
  parallelization: coarse-grained (auto), PTHREADS (auto)

[00:00:00] Reading alignment from file: /datausers/ioit/thaontp/tranthanhvan235/data_treebase/remainMSAs/dna_M8385_212_19972.phy
[00:00:00] Loaded alignment with 212 taxa and 19972 sites

Alignment comprises 1 partitions and 11673 patterns

Partition 0: noname
Model: GTR+FO+G4m
Alignment sites / patterns: 19972 / 11673
Gaps: 63.56 %
Invariant sites: 46.66 %


NOTE: Binary MSA file created: training_data/dna_M8385_212_19972.phy/output_files/parsimony/seed_33.raxml.rba

[00:00:00] Generating 1 parsimony starting tree(s) with 212 taxa
Parsimony score: 72890

All starting trees saved to: /datausers/ioit/thaontp/minhminh/difficulty-prediction-training-data/training_data/dna_M8385_212_19972.phy/output_files/parsimony/seed_33.raxml.startTree


Execution log saved to: /datausers/ioit/thaontp/minhminh/difficulty-prediction-training-data/training_data/dna_M8385_212_19972.phy/output_files/parsimony/seed_33.raxml.log

Analysis started: 14-Oct-2025 19:23:43 / finished: 14-Oct-2025 19:23:44

Elapsed time: 0.665 seconds


RAxML-NG v. 1.1.0-master released on 04.08.2022 by The Exelixis Lab.
Developed by: Alexey M. Kozlov and Alexandros Stamatakis.
Contributors: Diego Darriba, Tomas Flouri, Benoit Morel, Sarah Lutteropp, Ben Bettisworth.
Latest version: https://github.com/amkozlov/raxml-ng
Questions/problems/suggestions? Please visit: https://groups.google.com/forum/#!forum/raxml

System: Intel(R) Xeon(R) Gold 6132 CPU @ 2.60GHz, 28 cores, 125 GB RAM

RAxML-NG was called at 08-Oct-2025 22:32:51 as follows:

/datausers/ioit/thaontp/tranthanhvan235/raxml-ng/build/bin/raxml-ng --start --msa /datausers/ioit/thaontp/tranthanhvan235/data_treebase/remainMSAs/dna_M8385_212_19972.phy --tree pars{1} --prefix training_data/dna_M8385_212_19972.phy/output_files/parsimony/seed_34 --model GTR+G --seed 34

Analysis options:
  run mode: Starting tree generation
  start tree(s): parsimony (1)
  random seed: 34
  SIMD kernels: AVX2
  parallelization: coarse-grained (auto), PTHREADS (auto)

[00:00:00] Reading alignment from file: /datausers/ioit/thaontp/tranthanhvan235/data_treebase/remainMSAs/dna_M8385_212_19972.phy
[00:00:00] Loaded alignment with 212 taxa and 19972 sites

Alignment comprises 1 partitions and 11673 patterns

Partition 0: noname
Model: GTR+FO+G4m
Alignment sites / patterns: 19972 / 11673
Gaps: 63.56 %
Invariant sites: 46.66 %


NOTE: Binary MSA file created: training_data/dna_M8385_212_19972.phy/output_files/parsimony/seed_34.raxml.rba

[00:00:00] Generating 1 parsimony starting tree(s) with 212 taxa
Parsimony score: 72721

All starting trees saved to: /datausers/ioit/thaontp/minhminh/difficulty-prediction-training-data/training_data/dna_M8385_212_19972.phy/output_files/parsimony/seed_34.raxml.startTree


Execution log saved to: /datausers/ioit/thaontp/minhminh/difficulty-prediction-training-data/training_data/dna_M8385_212_19972.phy/output_files/parsimony/seed_34.raxml.log

Analysis started: 08-Oct-2025 22:32:51 / finished: 08-Oct-2025 22:32:52

Elapsed time: 1.007 seconds


RAxML-NG v. 1.1.0-master released on 04.08.2022 by The Exelixis Lab.
Developed by: Alexey M. Kozlov and Alexandros Stamatakis.
Contributors: Diego Darriba, Tomas Flouri, Benoit Morel, Sarah Lutteropp, Ben Bettisworth.
Latest version: https://github.com/amkozlov/raxml-ng
Questions/problems/suggestions? Please visit: https://groups.google.com/forum/#!forum/raxml

System: Intel(R) Xeon(R) Gold 6132 CPU @ 2.60GHz, 28 cores, 125 GB RAM

RAxML-NG was called at 01-Oct-2025 18:34:46 as follows:

/datausers/ioit/thaontp/tranthanhvan235/raxml-ng/build/bin/raxml-ng --start --msa /datausers/ioit/thaontp/tranthanhvan235/data_treebase/remainMSAs/dna_M8385_212_19972.phy --tree pars{1} --prefix training_data/dna_M8385_212_19972.phy/output_files/parsimony/seed_35 --model GTR+G --seed 35

Analysis options:
  run mode: Starting tree generation
  start tree(s): parsimony (1)
  random seed: 35
  SIMD kernels: AVX2
  parallelization: coarse-grained (auto), PTHREADS (auto)

[00:00:00] Reading alignment from file: /datausers/ioit/thaontp/tranthanhvan235/data_treebase/remainMSAs/dna_M8385_212_19972.phy
[00:00:00] Loaded alignment with 212 taxa and 19972 sites

Alignment comprises 1 partitions and 11673 patterns

Partition 0: noname
Model: GTR+FO+G4m
Alignment sites / patterns: 19972 / 11673
Gaps: 63.56 %
Invariant sites: 46.66 %


NOTE: Binary MSA file created: training_data/dna_M8385_212_19972.phy/output_files/parsimony/seed_35.raxml.rba

[00:00:00] Generating 1 parsimony starting tree(s) with 212 taxa
Parsimony score: 72786

All starting trees saved to: /datausers/ioit/thaontp/minhminh/difficulty-prediction-training-data/training_data/dna_M8385_212_19972.phy/output_files/parsimony/seed_35.raxml.startTree


Execution log saved to: /datausers/ioit/thaontp/minhminh/difficulty-prediction-training-data/training_data/dna_M8385_212_19972.phy/output_files/parsimony/seed_35.raxml.log

Analysis started: 01-Oct-2025 18:34:46 / finished: 01-Oct-2025 18:34:46

Elapsed time: 0.739 seconds


RAxML-NG v. 1.1.0-master released on 04.08.2022 by The Exelixis Lab.
Developed by: Alexey M. Kozlov and Alexandros Stamatakis.
Contributors: Diego Darriba, Tomas Flouri, Benoit Morel, Sarah Lutteropp, Ben Bettisworth.
Latest version: https://github.com/amkozlov/raxml-ng
Questions/problems/suggestions? Please visit: https://groups.google.com/forum/#!forum/raxml

System: Intel(R) Xeon(R) Gold 6132 CPU @ 2.60GHz, 28 cores, 125 GB RAM

RAxML-NG was called at 11-Oct-2025 05:01:00 as follows:

/datausers/ioit/thaontp/tranthanhvan235/raxml-ng/build/bin/raxml-ng --start --msa /datausers/ioit/thaontp/tranthanhvan235/data_treebase/remainMSAs/dna_M8385_212_19972.phy --tree pars{1} --prefix training_data/dna_M8385_212_19972.phy/output_files/parsimony/seed_36 --model GTR+G --seed 36

Analysis options:
  run mode: Starting tree generation
  start tree(s): parsimony (1)
  random seed: 36
  SIMD kernels: AVX2
  parallelization: coarse-grained (auto), PTHREADS (auto)

[00:00:00] Reading alignment from file: /datausers/ioit/thaontp/tranthanhvan235/data_treebase/remainMSAs/dna_M8385_212_19972.phy
[00:00:00] Loaded alignment with 212 taxa and 19972 sites

Alignment comprises 1 partitions and 11673 patterns

Partition 0: noname
Model: GTR+FO+G4m
Alignment sites / patterns: 19972 / 11673
Gaps: 63.56 %
Invariant sites: 46.66 %


NOTE: Binary MSA file created: training_data/dna_M8385_212_19972.phy/output_files/parsimony/seed_36.raxml.rba

[00:00:00] Generating 1 parsimony starting tree(s) with 212 taxa
Parsimony score: 72802

All starting trees saved to: /datausers/ioit/thaontp/minhminh/difficulty-prediction-training-data/training_data/dna_M8385_212_19972.phy/output_files/parsimony/seed_36.raxml.startTree


Execution log saved to: /datausers/ioit/thaontp/minhminh/difficulty-prediction-training-data/training_data/dna_M8385_212_19972.phy/output_files/parsimony/seed_36.raxml.log

Analysis started: 11-Oct-2025 05:01:00 / finished: 11-Oct-2025 05:01:00

Elapsed time: 0.828 seconds


RAxML-NG v. 1.1.0-master released on 04.08.2022 by The Exelixis Lab.
Developed by: Alexey M. Kozlov and Alexandros Stamatakis.
Contributors: Diego Darriba, Tomas Flouri, Benoit Morel, Sarah Lutteropp, Ben Bettisworth.
Latest version: https://github.com/amkozlov/raxml-ng
Questions/problems/suggestions? Please visit: https://groups.google.com/forum/#!forum/raxml

System: Intel(R) Xeon(R) Gold 6132 CPU @ 2.60GHz, 28 cores, 125 GB RAM

RAxML-NG was called at 08-Oct-2025 23:46:08 as follows:

/datausers/ioit/thaontp/tranthanhvan235/raxml-ng/build/bin/raxml-ng --start --msa /datausers/ioit/thaontp/tranthanhvan235/data_treebase/remainMSAs/dna_M8385_212_19972.phy --tree pars{1} --prefix training_data/dna_M8385_212_19972.phy/output_files/parsimony/seed_37 --model GTR+G --seed 37

Analysis options:
  run mode: Starting tree generation
  start tree(s): parsimony (1)
  random seed: 37
  SIMD kernels: AVX2
  parallelization: coarse-grained (auto), PTHREADS (auto)

[00:00:00] Reading alignment from file: /datausers/ioit/thaontp/tranthanhvan235/data_treebase/remainMSAs/dna_M8385_212_19972.phy
[00:00:00] Loaded alignment with 212 taxa and 19972 sites

Alignment comprises 1 partitions and 11673 patterns

Partition 0: noname
Model: GTR+FO+G4m
Alignment sites / patterns: 19972 / 11673
Gaps: 63.56 %
Invariant sites: 46.66 %


NOTE: Binary MSA file created: training_data/dna_M8385_212_19972.phy/output_files/parsimony/seed_37.raxml.rba

[00:00:00] Generating 1 parsimony starting tree(s) with 212 taxa
Parsimony score: 72807

All starting trees saved to: /datausers/ioit/thaontp/minhminh/difficulty-prediction-training-data/training_data/dna_M8385_212_19972.phy/output_files/parsimony/seed_37.raxml.startTree


Execution log saved to: /datausers/ioit/thaontp/minhminh/difficulty-prediction-training-data/training_data/dna_M8385_212_19972.phy/output_files/parsimony/seed_37.raxml.log

Analysis started: 08-Oct-2025 23:46:08 / finished: 08-Oct-2025 23:46:09

Elapsed time: 0.982 seconds


RAxML-NG v. 1.1.0-master released on 04.08.2022 by The Exelixis Lab.
Developed by: Alexey M. Kozlov and Alexandros Stamatakis.
Contributors: Diego Darriba, Tomas Flouri, Benoit Morel, Sarah Lutteropp, Ben Bettisworth.
Latest version: https://github.com/amkozlov/raxml-ng
Questions/problems/suggestions? Please visit: https://groups.google.com/forum/#!forum/raxml

System: Intel(R) Xeon(R) Gold 6132 CPU @ 2.60GHz, 28 cores, 125 GB RAM

RAxML-NG was called at 12-Oct-2025 22:36:25 as follows:

/datausers/ioit/thaontp/tranthanhvan235/raxml-ng/build/bin/raxml-ng --start --msa /datausers/ioit/thaontp/tranthanhvan235/data_treebase/remainMSAs/dna_M8385_212_19972.phy --tree pars{1} --prefix training_data/dna_M8385_212_19972.phy/output_files/parsimony/seed_38 --model GTR+G --seed 38

Analysis options:
  run mode: Starting tree generation
  start tree(s): parsimony (1)
  random seed: 38
  SIMD kernels: AVX2
  parallelization: coarse-grained (auto), PTHREADS (auto)

[00:00:00] Reading alignment from file: /datausers/ioit/thaontp/tranthanhvan235/data_treebase/remainMSAs/dna_M8385_212_19972.phy
[00:00:00] Loaded alignment with 212 taxa and 19972 sites

Alignment comprises 1 partitions and 11673 patterns

Partition 0: noname
Model: GTR+FO+G4m
Alignment sites / patterns: 19972 / 11673
Gaps: 63.56 %
Invariant sites: 46.66 %


NOTE: Binary MSA file created: training_data/dna_M8385_212_19972.phy/output_files/parsimony/seed_38.raxml.rba

[00:00:00] Generating 1 parsimony starting tree(s) with 212 taxa
Parsimony score: 72881

All starting trees saved to: /datausers/ioit/thaontp/minhminh/difficulty-prediction-training-data/training_data/dna_M8385_212_19972.phy/output_files/parsimony/seed_38.raxml.startTree


Execution log saved to: /datausers/ioit/thaontp/minhminh/difficulty-prediction-training-data/training_data/dna_M8385_212_19972.phy/output_files/parsimony/seed_38.raxml.log

Analysis started: 12-Oct-2025 22:36:25 / finished: 12-Oct-2025 22:36:26

Elapsed time: 0.818 seconds


RAxML-NG v. 1.1.0-master released on 04.08.2022 by The Exelixis Lab.
Developed by: Alexey M. Kozlov and Alexandros Stamatakis.
Contributors: Diego Darriba, Tomas Flouri, Benoit Morel, Sarah Lutteropp, Ben Bettisworth.
Latest version: https://github.com/amkozlov/raxml-ng
Questions/problems/suggestions? Please visit: https://groups.google.com/forum/#!forum/raxml

System: Intel(R) Xeon(R) Gold 6132 CPU @ 2.60GHz, 28 cores, 125 GB RAM

RAxML-NG was called at 02-Oct-2025 14:39:49 as follows:

/datausers/ioit/thaontp/tranthanhvan235/raxml-ng/build/bin/raxml-ng --start --msa /datausers/ioit/thaontp/tranthanhvan235/data_treebase/remainMSAs/dna_M8385_212_19972.phy --tree pars{1} --prefix training_data/dna_M8385_212_19972.phy/output_files/parsimony/seed_39 --model GTR+G --seed 39

Analysis options:
  run mode: Starting tree generation
  start tree(s): parsimony (1)
  random seed: 39
  SIMD kernels: AVX2
  parallelization: coarse-grained (auto), PTHREADS (auto)

[00:00:00] Reading alignment from file: /datausers/ioit/thaontp/tranthanhvan235/data_treebase/remainMSAs/dna_M8385_212_19972.phy
[00:00:00] Loaded alignment with 212 taxa and 19972 sites

Alignment comprises 1 partitions and 11673 patterns

Partition 0: noname
Model: GTR+FO+G4m
Alignment sites / patterns: 19972 / 11673
Gaps: 63.56 %
Invariant sites: 46.66 %


NOTE: Binary MSA file created: training_data/dna_M8385_212_19972.phy/output_files/parsimony/seed_39.raxml.rba

[00:00:00] Generating 1 parsimony starting tree(s) with 212 taxa
Parsimony score: 72812

All starting trees saved to: /datausers/ioit/thaontp/minhminh/difficulty-prediction-training-data/training_data/dna_M8385_212_19972.phy/output_files/parsimony/seed_39.raxml.startTree


Execution log saved to: /datausers/ioit/thaontp/minhminh/difficulty-prediction-training-data/training_data/dna_M8385_212_19972.phy/output_files/parsimony/seed_39.raxml.log

Analysis started: 02-Oct-2025 14:39:49 / finished: 02-Oct-2025 14:39:50

Elapsed time: 0.645 seconds


RAxML-NG v. 1.1.0-master released on 04.08.2022 by The Exelixis Lab.
Developed by: Alexey M. Kozlov and Alexandros Stamatakis.
Contributors: Diego Darriba, Tomas Flouri, Benoit Morel, Sarah Lutteropp, Ben Bettisworth.
Latest version: https://github.com/amkozlov/raxml-ng
Questions/problems/suggestions? Please visit: https://groups.google.com/forum/#!forum/raxml

System: Intel(R) Xeon(R) Gold 6132 CPU @ 2.60GHz, 28 cores, 125 GB RAM

RAxML-NG was called at 08-Oct-2025 19:33:23 as follows:

/datausers/ioit/thaontp/tranthanhvan235/raxml-ng/build/bin/raxml-ng --start --msa /datausers/ioit/thaontp/tranthanhvan235/data_treebase/remainMSAs/dna_M8385_212_19972.phy --tree pars{1} --prefix training_data/dna_M8385_212_19972.phy/output_files/parsimony/seed_40 --model GTR+G --seed 40

Analysis options:
  run mode: Starting tree generation
  start tree(s): parsimony (1)
  random seed: 40
  SIMD kernels: AVX2
  parallelization: coarse-grained (auto), PTHREADS (auto)

[00:00:00] Reading alignment from file: /datausers/ioit/thaontp/tranthanhvan235/data_treebase/remainMSAs/dna_M8385_212_19972.phy
[00:00:00] Loaded alignment with 212 taxa and 19972 sites

Alignment comprises 1 partitions and 11673 patterns

Partition 0: noname
Model: GTR+FO+G4m
Alignment sites / patterns: 19972 / 11673
Gaps: 63.56 %
Invariant sites: 46.66 %


NOTE: Binary MSA file created: training_data/dna_M8385_212_19972.phy/output_files/parsimony/seed_40.raxml.rba

[00:00:00] Generating 1 parsimony starting tree(s) with 212 taxa
Parsimony score: 72959

All starting trees saved to: /datausers/ioit/thaontp/minhminh/difficulty-prediction-training-data/training_data/dna_M8385_212_19972.phy/output_files/parsimony/seed_40.raxml.startTree


Execution log saved to: /datausers/ioit/thaontp/minhminh/difficulty-prediction-training-data/training_data/dna_M8385_212_19972.phy/output_files/parsimony/seed_40.raxml.log

Analysis started: 08-Oct-2025 19:33:23 / finished: 08-Oct-2025 19:33:23

Elapsed time: 0.700 seconds

