IQ-TREE version 3.0.1 for Linux x86 64-bit built Sep 23 2025
Developed by Bui Quang Minh, Thomas Wong, Nhan Ly-Trong, Huaiyan Ren
Contributed by Lam-Tung Nguyen, Dominik Schrempf, Chris Bielow,
Olga Chernomor, Michael Woodhams, Diep Thi Hoang, Heiko Schmidt

Host:    cnode04.hpc.vast.vn (AVX512, FMA3, 125 GB RAM)
Command: /datausers/ioit/thaontp/tranthanhvan235/iqtree3/build/iqtree3 -s /datausers/ioit/thaontp/tranthanhvan235/data_treebase/DIU_TRAINING_DATA/data4/prot_M10372_169_22426.phy -pre training_data/prot_M10372_169_22426.phy/output_files/iqtree/inference/pars_18 -seed 18 -ninit 1 -T 1 -redo -n 0 -nt AUTO
Seed:    18 (Using SPRNG - Scalable Parallel Random Number Generator)
Time:    Sat Sep 27 04:50:17 2025
Kernel:  AVX+FMA - auto-detect threads (56 CPU cores detected)

Reading alignment file /datausers/ioit/thaontp/tranthanhvan235/data_treebase/DIU_TRAINING_DATA/data4/prot_M10372_169_22426.phy ... Phylip format detected
Alignment most likely contains protein sequences
Constructing alignment: done in 0.263352 secs using 326.7% CPU
Alignment has 169 sequences with 22426 columns, 18663 distinct patterns
16203 parsimony-informative, 1718 singleton sites, 4505 constant sites
                                                               Gap/Ambiguity  Composition  p-value
Analyzing sequences: done in 0.070183 secs using 1525% CPU
   1  Alicyclobacillus_acidocaldarius_subsp._acidocaldarius_DSM_446   14.89%    failed      0.00%
   2  Anoxybacillus_flavithermus_WK1                                  14.94%    failed      0.00%
   3  Bacillus_amyloliquefaciens_DSM_7                                15.98%    failed      0.00%
   4  Bacillus_amyloliquefaciens_FZB42                                15.96%    failed      0.00%
   5  Bacillus_anthracis_str._A0248                                   15.91%    failed      0.00%
   6  Bacillus_anthracis_str._Ames                                    16.02%    failed      0.00%
   7  Bacillus_anthracis_str._Ames_Ancestor                           16.06%    failed      0.00%
   8  Bacillus_anthracis_str._Sterne                                  16.00%    failed      0.00%
   9  Bacillus_atrophaeus_1942                                        15.97%    failed      0.00%
  10  Bacillus_cellulosilyticus_DSM_2522                              15.89%    failed      0.00%
  11  Bacillus_cereus_03BB102                                         15.91%    failed      0.00%
  12  Bacillus_cereus_AH187                                           15.91%    failed      0.00%
  13  Bacillus_cereus_AH820                                           15.93%    failed      0.00%
  14  Bacillus_cereus_ATCC_10987                                      15.92%    failed      0.00%
  15  Bacillus_cereus_ATCC_14579                                      15.87%    failed      0.00%
  16  Bacillus_cereus_B4264                                           15.91%    failed      0.00%
  17  Bacillus_cereus_E33L                                            15.82%    failed      0.00%
  18  Bacillus_cereus_G9842                                           15.91%    failed      0.00%
  19  Bacillus_cereus_Q1                                              16.49%    failed      0.00%
  20  Bacillus_cereus_biovar_anthracis_str._CI                        16.03%    failed      0.00%
  21  Bacillus_clausii_KSM-K16                                        17.39%    failed      0.00%
  22  Bacillus_cytotoxicus_NVH_391-98                                 16.01%    failed      0.00%
  23  Bacillus_halodurans_C-125                                       16.35%    failed      0.00%
  24  Bacillus_licheniformis_ATCC_14580                               15.95%    failed      0.00%
  25  Bacillus_megaterium_DSM_319                                     15.91%    failed      0.00%
  26  Bacillus_megaterium_QM_B1551                                    15.96%    failed      0.00%
  27  Bacillus_pseudofirmus_OF4                                       16.21%    failed      0.00%
  28  Bacillus_pumilus_SAFR-032                                       15.79%    failed      0.01%
  29  Bacillus_selenitireducens_MLS10                                 15.57%    failed      0.00%
  30  Bacillus_subtilis_BSn5                                          15.99%    failed      0.00%
  31  Bacillus_subtilis_subsp._spizizenii_str._W23                    15.98%    failed      0.00%
  32  Bacillus_subtilis_subsp._subtilis_str._168                      15.96%    failed      0.00%
  33  Bacillus_thuringiensis_BMB171                                   16.79%    failed      0.00%
  34  Bacillus_thuringiensis_serovar_konkukian_str._97-27             15.99%    failed      0.00%
  35  Bacillus_thuringiensis_str._Al_Hakam                            14.93%    failed      0.00%
  36  Bacillus_tusciae_DSM_2912                                       14.59%    failed      0.00%
  37  Bacillus_weihenstephanensis_KBAB4                               15.91%    failed      0.00%
  38  Brevibacillus_brevis_NBRC_100599                                15.33%    failed      0.00%
  39  Enterococcus_faecalis_V583                                      14.96%    failed      0.00%
  40  Exiguobacterium_sibiricum_255-15                                16.51%    failed      0.00%
  41  Exiguobacterium_sp._AT1b                                        16.34%    failed      0.00%
  42  Geobacillus_kaustophilus_HTA426                                 15.40%    failed      0.00%
  43  Geobacillus_sp._C56-T3                                          15.66%    failed      0.00%
  44  Geobacillus_sp._WCH70                                           15.75%    failed      0.00%
  45  Geobacillus_sp._Y4.1MC1                                         15.74%    failed      0.00%
  46  Geobacillus_sp._Y412MC52                                        15.66%    failed      0.00%
  47  Geobacillus_sp._Y412MC61                                        15.68%    failed      0.00%
  48  Geobacillus_thermodenitrificans_NG80-2                          15.49%    failed      0.00%
  49  Lactobacillus_acidophilus_30SC                                  15.75%    failed      0.00%
  50  Lactobacillus_acidophilus_NCFM                                  15.79%    failed      0.00%
  51  Lactobacillus_amylovorus_GRL_1112                               15.77%    failed      0.00%
  52  Lactobacillus_brevis_ATCC_367                                   15.08%    failed      0.00%
  53  Lactobacillus_casei_ATCC_334                                    15.69%    failed      0.00%
  54  Lactobacillus_casei_BL23                                        15.36%    failed      0.00%
  55  Lactobacillus_casei_str._Zhang                                  15.52%    failed      0.00%
  56  Lactobacillus_crispatus_ST1                                     15.79%    failed      0.00%
  57  Lactobacillus_delbrueckii_subsp._bulgaricus_ATCC_11842          15.70%    failed      0.00%
  58  Lactobacillus_delbrueckii_subsp._bulgaricus_ATCC_BAA-365        15.91%    failed      0.00%
  59  Lactobacillus_delbrueckii_subsp._bulgaricus_ND02                15.85%    failed      0.00%
  60  Lactobacillus_fermentum_IFO_3956                                14.68%    failed      0.00%
  61  Lactobacillus_gasseri_ATCC_33323                                15.15%    failed      0.00%
  62  Lactobacillus_helveticus_DPC_4571                               15.81%    failed      0.00%
  63  Lactobacillus_johnsonii_FI9785                                  15.70%    failed      0.00%
  64  Lactobacillus_johnsonii_NCC_533                                 15.71%    failed      0.00%
  65  Lactobacillus_plantarum_JDM1                                    15.09%    failed      0.00%
  66  Lactobacillus_plantarum_WCFS1                                   15.09%    failed      0.00%
  67  Lactobacillus_plantarum_subsp._plantarum_ST-III                 15.18%    failed      0.00%
  68  Lactobacillus_reuteri_DSM_20016                                 14.51%    failed      0.00%
  69  Lactobacillus_reuteri_JCM_1112                                  14.54%    failed      0.00%
  70  Lactobacillus_rhamnosus_GG                                      15.38%    failed      0.00%
  71  Lactobacillus_rhamnosus_Lc_705                                  16.08%    failed      0.00%
  72  Lactobacillus_sakei_subsp._sakei_23K                            16.66%    failed      0.00%
  73  Lactobacillus_salivarius_UCC118                                 15.47%    failed      0.00%
  74  Lactococcus_lactis_subsp._cremoris_MG1363                       16.01%    failed      0.00%
  75  Lactococcus_lactis_subsp._cremoris_SK11                         16.08%    failed      0.00%
  76  Lactococcus_lactis_subsp._lactis_Il1403                         16.19%    failed      0.00%
  77  Lactococcus_lactis_subsp._lactis_KF147                          16.03%    failed      0.00%
  78  Leuconostoc_citreum_KM20                                        15.06%    failed      0.00%
  79  Leuconostoc_gasicomitatum_LMG_18811                             15.38%    failed      0.00%
  80  Leuconostoc_kimchii_IMSNU_11154                                 15.32%    failed      0.00%
  81  Leuconostoc_mesenteroides_subsp._mesenteroides_ATCC_8293        15.65%    failed      0.00%
  82  Listeria_innocua_Clip11262                                      15.87%    failed      0.00%
  83  Listeria_monocytogenes_08-5578                                  15.95%    failed      0.00%
  84  Listeria_monocytogenes_EGD-e                                    15.86%    failed      0.00%
  85  Listeria_monocytogenes_HCC23                                    15.86%    failed      0.03%
  86  Listeria_monocytogenes_serotype_4b_str._CLIP_80459              15.86%    failed      0.00%
  87  Listeria_monocytogenes_serotype_4b_str._F2365                   15.86%    failed      0.00%
  88  Listeria_seeligeri_serovar_1_2b_str._SLCC3954                   15.87%    failed      0.01%
  89  Listeria_welshimeri_serovar_6b_str._SLCC5334                    15.87%    failed      0.00%
  90  Lysinibacillus_sphaericus_C3-41                                 15.84%    failed      0.71%
  91  Macrococcus_caseolyticus_JCSC5402                               16.65%    failed      0.00%
  92  Oceanobacillus_iheyensis_HTE831                                 15.91%    failed      0.00%
  93  Oenococcus_oeni_PSU-1                                           15.52%    failed      0.00%
  94  Paenibacillus_polymyxa_E681                                     14.11%    failed      0.00%
  95  Paenibacillus_polymyxa_SC2                                      14.41%    failed      0.00%
  96  Paenibacillus_sp._JDR-2                                         15.27%    failed      0.00%
  97  Paenibacillus_sp._Y412MC10                                      14.51%    failed      0.00%
  98  Pediococcus_pentosaceus_ATCC_25745                              15.64%    failed      0.00%
  99  Staphylococcus_aureus_RF122                                     16.04%    failed      0.00%
 100  Staphylococcus_aureus_subsp._aureus_COL                         16.12%    failed      0.00%
 101  Staphylococcus_aureus_subsp._aureus_ED98                        16.14%    failed      0.00%
 102  Staphylococcus_aureus_subsp._aureus_JH1                         16.13%    failed      0.00%
 103  Staphylococcus_aureus_subsp._aureus_JH9                         16.13%    failed      0.00%
 104  Staphylococcus_aureus_subsp._aureus_MRSA252                     16.09%    failed      0.00%
 105  Staphylococcus_aureus_subsp._aureus_MSSA476                     16.09%    failed      0.00%
 106  Staphylococcus_aureus_subsp._aureus_MW2                         16.08%    failed      0.00%
 107  Staphylococcus_aureus_subsp._aureus_Mu3                         16.09%    failed      0.00%
 108  Staphylococcus_aureus_subsp._aureus_Mu50                        16.05%    failed      0.00%
 109  Staphylococcus_aureus_subsp._aureus_NCTC_8325                   16.39%    failed      0.00%
 110  Staphylococcus_aureus_subsp._aureus_USA300_FPR3757              16.28%    failed      0.00%
 111  Staphylococcus_aureus_subsp._aureus_USA300_TCH1516              16.03%    failed      0.00%
 112  Staphylococcus_aureus_subsp._aureus_str._Newman                 16.11%    failed      0.00%
 113  Staphylococcus_carnosus_subsp._carnosus_TM300                   15.75%    failed      0.00%
 114  Staphylococcus_epidermidis_ATCC_12228                           15.81%    failed      0.00%
 115  Staphylococcus_epidermidis_RP62A                                16.02%    failed      0.00%
 116  Staphylococcus_haemolyticus_JCSC1435                            15.91%    failed      0.00%
 117  Staphylococcus_lugdunensis_HKU09-01                             16.10%    failed      0.00%
 118  Staphylococcus_pseudintermedius_HKU10-03                        16.03%    failed      0.00%
 119  Staphylococcus_saprophyticus_subsp._saprophyticus_ATCC_15305    16.07%    failed      0.00%
 120  Streptococcus_agalactiae_2603V_R                                16.49%    failed      0.00%
 121  Streptococcus_agalactiae_A909                                   16.81%    failed      0.00%
 122  Streptococcus_agalactiae_NEM316                                 16.17%    failed      0.00%
 123  Streptococcus_dysgalactiae_subsp._equisimilis_GGS_124           16.05%    failed      0.07%
 124  Streptococcus_equi_subsp._equi_4047                             16.19%    failed      0.00%
 125  Streptococcus_equi_subsp._zooepidemicus                         16.16%    failed      0.00%
 126  Streptococcus_equi_subsp._zooepidemicus_MGCS10565               16.16%    failed      0.00%
 127  Streptococcus_gallolyticus_UCN34                                16.25%    failed      0.08%
 128  Streptococcus_gallolyticus_subsp._gallolyticus_ATCC_BAA-2069    16.33%    failed      0.07%
 129  Streptococcus_gordonii_str._Challis_substr._CH1                 16.05%    failed      2.97%
 130  Streptococcus_mitis_B6                                          16.17%    failed      2.36%
 131  Streptococcus_mutans_NN2025                                     16.37%    failed      0.00%
 132  Streptococcus_mutans_UA159                                      16.37%    failed      0.00%
 133  Streptococcus_pneumoniae_670-6B                                 16.28%    failed      4.86%
 134  Streptococcus_pneumoniae_70585                                  16.24%    passed      5.26%
 135  Streptococcus_pneumoniae_AP200                                  16.00%    failed      3.89%
 136  Streptococcus_pneumoniae_ATCC_700669                            16.16%    failed      3.54%
 137  Streptococcus_pneumoniae_CGSP14                                 15.67%    passed      7.04%
 138  Streptococcus_pneumoniae_D39                                    16.35%    failed      3.95%
 139  Streptococcus_pneumoniae_G54                                    16.74%    passed      5.30%
 140  Streptococcus_pneumoniae_Hungary19A-6                           16.08%    failed      4.31%
 141  Streptococcus_pneumoniae_JJA                                    16.24%    failed      3.72%
 142  Streptococcus_pneumoniae_P1031                                  16.22%    failed      3.71%
 143  Streptococcus_pneumoniae_R6                                     15.96%    passed      5.68%
 144  Streptococcus_pneumoniae_TCH8431_19A                            15.98%    passed      5.11%
 145  Streptococcus_pneumoniae_TIGR4                                  16.46%    passed      5.77%
 146  Streptococcus_pneumoniae_Taiwan19F-14                           16.26%    failed      3.66%
 147  Streptococcus_pyogenes_M1_GAS                                   16.44%    failed      0.02%
 148  Streptococcus_pyogenes_MGAS10270                                15.87%    failed      0.04%
 149  Streptococcus_pyogenes_MGAS10394                                15.99%    failed      0.07%
 150  Streptococcus_pyogenes_MGAS10750                                16.29%    failed      0.12%
 151  Streptococcus_pyogenes_MGAS2096                                 17.49%    failed      0.15%
 152  Streptococcus_pyogenes_MGAS315                                  16.93%    failed      0.02%
 153  Streptococcus_pyogenes_MGAS5005                                 16.90%    failed      0.05%
 154  Streptococcus_pyogenes_MGAS6180                                 16.02%    failed      0.08%
 155  Streptococcus_pyogenes_MGAS8232                                 16.36%    failed      0.02%
 156  Streptococcus_pyogenes_MGAS9429                                 15.80%    failed      0.09%
 157  Streptococcus_pyogenes_NZ131                                    16.58%    failed      0.06%
 158  Streptococcus_pyogenes_SSI-1                                    16.83%    failed      0.04%
 159  Streptococcus_pyogenes_str._Manfredo                            16.41%    failed      0.03%
 160  Streptococcus_sanguinis_SK36                                    15.99%    failed      0.10%
 161  Streptococcus_suis_05ZYH33                                      15.99%    failed      3.16%
 162  Streptococcus_suis_98HAH33                                      17.98%    passed      6.15%
 163  Streptococcus_suis_BM407                                        16.39%    failed      0.39%
 164  Streptococcus_suis_P1_7                                         16.44%    failed      0.31%
 165  Streptococcus_suis_SC84                                         16.44%    failed      0.30%
 166  Streptococcus_thermophilus_CNRZ1066                             15.79%    passed      6.56%
 167  Streptococcus_thermophilus_LMD-9                                16.48%    failed      4.45%
 168  Streptococcus_thermophilus_LMG_18311                            15.87%    passed      6.00%
 169  Streptococcus_uberis_0140J                                      16.41%    failed      0.00%
****  TOTAL                                                           15.93%  160 sequences failed composition chi2 test (p-value<5%; df=19)
Checking for duplicate sequences: done in 0.098689 secs using 1520% CPU


Create initial parsimony tree by phylogenetic likelihood library (PLL)... 9.055 seconds
Measuring multi-threading efficiency up to 56 CPU cores
2 trees examined
Threads: 1 / Time: 108.589 sec / Speedup: 1.000 / Efficiency: 100% / LogL: -3927762
Threads: 2 / Time: 70.051 sec / Speedup: 1.550 / Efficiency: 78% / LogL: -3927762
Threads: 3 / Time: 61.142 sec / Speedup: 1.776 / Efficiency: 59% / LogL: -3927762
Threads: 4 / Time: 65.393 sec / Speedup: 1.661 / Efficiency: 42% / LogL: -3927762
Determining AUTO threadcount: done in 307.677 secs using 119.2% CPU
BEST NUMBER OF THREADS: 3

Perform fast likelihood tree search using LG+I+G model...
Estimate model parameters (epsilon = 5.000)
Perform nearest neighbor interchange...
Estimate model parameters (epsilon = 1.000)
1. Initial log-likelihood: -1351702.749
Optimal log-likelihood: -1351702.589
Proportion of invariable sites: 0.129
Gamma shape alpha: 0.860
Parameters optimization took 1 rounds (56.937 sec)
Time for fast ML tree search: 638.096 seconds

NOTE: ModelFinder requires 4878 MB RAM!
ModelFinder will test up to 1232 protein models (sample size: 22426 epsilon: 0.100) ...
 No. Model         -LnL         df  AIC          AICc         BIC
  1  LG            1479781.485  335 2960232.970  2960243.161  2962918.992
  2  LG+I          1439357.822  336 2879387.645  2879397.897  2882081.685
  3  LG+G4         1353824.995  336 2708321.990  2708332.243  2711016.030
  4  LG+I+G4       1351702.579  337 2704079.157  2704089.471  2706781.215
  5  LG+R2         1379855.343  337 2760384.686  2760394.999  2763086.744
  6  LG+R3         1360830.314  339 2722338.628  2722349.065  2725056.721
  7  LG+R4         1353582.490  341 2707846.981  2707857.542  2710581.111
  8  LG+R5         1350718.575  343 2702123.149  2702133.836  2704873.315
  9  LG+R6         1349902.937  345 2700495.874  2700506.687  2703262.076
 10  LG+R7         1349614.905  347 2699923.810  2699934.749  2702706.048
 11  LG+R8         1349541.652  349 2699781.304  2699792.370  2702579.578
 12  LG+R9         1349512.745  351 2699727.491  2699738.685  2702541.800
 13  LG+R10        1349509.322  353 2699724.644  2699735.967  2702554.990
 14  LG+I+R2       1368413.880  338 2737503.761  2737514.136  2740213.837
 15  LG+I+R3       1355278.171  340 2711236.341  2711246.841  2713962.453
 16  LG+I+R4       1351365.528  342 2703415.055  2703425.679  2706157.203
 17  LG+I+R5       1350089.053  344 2700866.105  2700876.855  2703624.289
 18  LG+I+R6       1349687.425  346 2700066.850  2700077.726  2702841.070
 19  LG+I+R7       1349543.365  348 2699782.731  2699793.734  2702572.987
 20  LG+I+R8       1349507.388  350 2699714.777  2699725.907  2702521.069
 21  LG+I+R9       1349503.621  352 2699711.242  2699722.501  2702533.570
 42  LG+F+I+R8     1348605.246  369 2697948.493  2697960.873  2700907.126
 64  WAG+I+R8      1355728.266  350 2712156.532  2712167.662  2714962.824
 86  WAG+F+I+R8    1353909.397  369 2708556.794  2708569.174  2711515.427
108  JTT+I+R8      1365717.539  350 2732135.078  2732146.208  2734941.369
130  JTT+F+I+R8    1362384.481  369 2725506.962  2725519.342  2728465.595
152  Q.PFAM+I+R8   1350208.174  350 2701116.349  2701127.479  2703922.640
174  Q.PFAM+F+I+R8 1348987.502  369 2698713.004  2698725.385  2701671.637
196  Q.BIRD+I+R8   1395974.095  350 2792648.189  2792659.319  2795454.481
218  Q.BIRD+F+I+R8 1392229.745  369 2785197.490  2785209.870  2788156.123
240  Q.MAMMAL+I+R8 1385437.452  350 2771574.904  2771586.035  2774381.196
262  Q.MAMMAL+F+I+R8 1381263.746  369 2763265.493  2763277.873  2766224.126
284  Q.INSECT+I+R8 1355308.138  350 2711316.276  2711327.406  2714122.568
306  Q.INSECT+F+I+R8 1355108.125  369 2710954.250  2710966.630  2713912.883
328  Q.PLANT+I+R8  1367771.071  350 2736242.142  2736253.272  2739048.434
350  Q.PLANT+F+I+R8 1366247.220  369 2733232.440  2733244.820  2736191.073
372  Q.YEAST+I+R8  1352812.690  350 2706325.380  2706336.510  2709131.672
394  Q.YEAST+F+I+R8 1350795.048  369 2702328.096  2702340.476  2705286.729
416  JTTDCMUT+I+R8 1365231.193  350 2731162.386  2731173.516  2733968.677
438  JTTDCMUT+F+I+R8 1361993.083  369 2724724.166  2724736.546  2727682.799
460  DCMUT+I+R8    1372933.204  350 2746566.407  2746577.537  2749372.699
482  DCMUT+F+I+R8  1367395.689  369 2735529.378  2735541.759  2738488.011
504  VT+I+R8       1360198.248  350 2721096.497  2721107.627  2723902.788
526  VT+F+I+R8     1358112.541  369 2716963.081  2716975.462  2719921.715
548  PMB+I+R8      1373299.055  350 2747298.109  2747309.240  2750104.401
570  PMB+F+I+R8    1367473.456  369 2735684.912  2735697.292  2738643.545
592  BLOSUM62+I+R8 1370501.344  350 2741702.688  2741713.819  2744508.980
614  BLOSUM62+F+I+R8 1366509.872  369 2733757.745  2733770.125  2736716.378
636  DAYHOFF+I+R8  1372872.167  350 2746444.335  2746455.465  2749250.626
658  DAYHOFF+F+I+R8 1367377.890  369 2735493.780  2735506.160  2738452.413
680  MTREV+I+R8    1431014.574  350 2862729.148  2862740.278  2865535.439
702  MTREV+F+I+R8  1381916.489  369 2764570.978  2764583.358  2767529.611
724  MTART+I+R8    1451600.287  350 2903900.574  2903911.704  2906706.866
746  MTART+F+I+R8  1397885.589  369 2796509.177  2796521.557  2799467.810
768  MTZOA+I+R8    1416097.667  350 2832895.334  2832906.464  2835701.626
790  MTZOA+F+I+R8  1378953.855  369 2758645.710  2758658.090  2761604.343
812  MTMET+I+R8    1437849.607  350 2876399.214  2876410.344  2879205.505
834  MTMET+F+I+R8  1384265.675  369 2769269.349  2769281.730  2772227.983
856  MTVER+I+R8    1444393.464  350 2889486.929  2889498.059  2892293.221
878  MTVER+F+I+R8  1403612.665  369 2807963.329  2807975.709  2810921.962
900  MTINV+I+R8    1445545.981  350 2891791.963  2891803.093  2894598.255
922  MTINV+F+I+R8  1374163.503  369 2749065.006  2749077.386  2752023.639
944  MTMAM+I+R8    1464654.133  350 2930008.266  2930019.397  2932814.558
966  MTMAM+F+I+R8  1418369.448  369 2837476.895  2837489.276  2840435.528
988  FLAVI+I+R8    1433353.090  350 2867406.180  2867417.310  2870212.471
1010  FLAVI+F+I+R8  1425295.200  369 2851328.400  2851340.780  2854287.033
1032  HIVB+I+R8     1399605.956  350 2799911.912  2799923.042  2802718.203
1054  HIVB+F+I+R8   1394033.512  369 2788805.023  2788817.404  2791763.656
1076  HIVW+I+R8     1456816.662  350 2914333.324  2914344.454  2917139.615
1098  HIVW+F+I+R8   1432738.225  369 2866214.451  2866226.831  2869173.084
1120  FLU+I+R8      1390452.539  350 2781605.078  2781616.208  2784411.370
1142  FLU+F+I+R8    1381934.796  369 2764607.592  2764619.973  2767566.225
1164  RTREV+I+R8    1361481.423  350 2723662.847  2723673.977  2726469.138
1186  RTREV+F+I+R8  1353929.286  369 2708596.573  2708608.953  2711555.206
1208  CPREV+I+R8    1367911.186  350 2736522.371  2736533.502  2739328.663
1230  CPREV+F+I+R8  1366689.800  369 2734117.601  2734129.981  2737076.234
Akaike Information Criterion:           LG+F+I+R8
Corrected Akaike Information Criterion: LG+F+I+R8
Bayesian Information Criterion:         LG+F+I+R8
Best-fit model: LG+F+I+R8 chosen according to BIC

All model information printed to training_data/prot_M10372_169_22426.phy/output_files/iqtree/inference/pars_18.model.gz
CPU time for ModelFinder: 746242.474 seconds (207h:17m:22s)
Wall-clock time for ModelFinder: 395270.643 seconds (109h:47m:50s)

NOTE: 3902 MB RAM (3 GB) is required!
Estimate model parameters (epsilon = 0.010)
1. Initial log-likelihood: -1348676.235
2. Current log-likelihood: -1348586.210
3. Current log-likelihood: -1348585.688
4. Current log-likelihood: -1348585.602
5. Current log-likelihood: -1348585.512
6. Current log-likelihood: -1348585.447
7. Current log-likelihood: -1348585.387
8. Current log-likelihood: -1348585.331
9. Current log-likelihood: -1348585.279
10. Current log-likelihood: -1348585.232
11. Current log-likelihood: -1348585.187
12. Current log-likelihood: -1348585.147
13. Current log-likelihood: -1348585.108
14. Current log-likelihood: -1348585.082
15. Current log-likelihood: -1348585.058
16. Current log-likelihood: -1348585.047
17. Current log-likelihood: -1348585.024
18. Current log-likelihood: -1348585.013
19. Current log-likelihood: -1348585.002
20. Current log-likelihood: -1348584.991
21. Current log-likelihood: -1348584.981
22. Current log-likelihood: -1348584.969
23. Current log-likelihood: -1348584.958
24. Current log-likelihood: -1348584.948
Optimal log-likelihood: -1348584.930
Proportion of invariable sites: 0.103
Site proportion and rates:  (0.128,0.052) (0.136,0.204) (0.164,0.447) (0.148,0.833) (0.124,1.379) (0.101,2.168) (0.071,3.352) (0.025,5.638)
Parameters optimization took 24 rounds (2448.623 sec)
Wrote distance file to... 
BEST SCORE FOUND : -1348584.930
Total tree length: 26.718

Total number of iterations: 0
CPU time used for tree search: 0.000 sec (0h:0m:0s)
Wall-clock time used for tree search: 0.000 sec (0h:0m:0s)
Total CPU time used: 752786.844 sec (209h:6m:26s)
Total wall-clock time used: 397723.141 sec (110h:28m:43s)

Analysis results written to: 
  IQ-TREE report:                training_data/prot_M10372_169_22426.phy/output_files/iqtree/inference/pars_18.iqtree
  Maximum-likelihood tree:       training_data/prot_M10372_169_22426.phy/output_files/iqtree/inference/pars_18.treefile
  Screen log file:               training_data/prot_M10372_169_22426.phy/output_files/iqtree/inference/pars_18.log

Date and Time: Wed Oct  1 19:19:07 2025
e/inference/pars_18.log

Date and Time: Wed Oct  1 19:19:07 2025
