IQ-TREE version 3.0.1 for Linux x86 64-bit built Sep 23 2025
Developed by Bui Quang Minh, Thomas Wong, Nhan Ly-Trong, Huaiyan Ren
Contributed by Lam-Tung Nguyen, Dominik Schrempf, Chris Bielow,
Olga Chernomor, Michael Woodhams, Diep Thi Hoang, Heiko Schmidt

Host:    cnode04.hpc.vast.vn (AVX512, FMA3, 125 GB RAM)
Command: /datausers/ioit/thaontp/tranthanhvan235/iqtree3/build/iqtree3 -s /datausers/ioit/thaontp/tranthanhvan235/data_treebase/DIU_TRAINING_DATA/data4/prot_M10372_169_22426.phy -pre training_data/prot_M10372_169_22426.phy/output_files/iqtree/inference/pars_7 -seed 7 -ninit 1 -T 1 -redo -n 0 -nt AUTO
Seed:    7 (Using SPRNG - Scalable Parallel Random Number Generator)
Time:    Fri Sep 26 12:39:00 2025
Kernel:  AVX+FMA - auto-detect threads (56 CPU cores detected)

Reading alignment file /datausers/ioit/thaontp/tranthanhvan235/data_treebase/DIU_TRAINING_DATA/data4/prot_M10372_169_22426.phy ... Phylip format detected
Alignment most likely contains protein sequences
Constructing alignment: done in 0.253183 secs using 291.6% CPU
Alignment has 169 sequences with 22426 columns, 18663 distinct patterns
16203 parsimony-informative, 1718 singleton sites, 4505 constant sites
                                                               Gap/Ambiguity  Composition  p-value
Analyzing sequences: done in 0.153744 secs using 813.9% CPU
   1  Alicyclobacillus_acidocaldarius_subsp._acidocaldarius_DSM_446   14.89%    failed      0.00%
   2  Anoxybacillus_flavithermus_WK1                                  14.94%    failed      0.00%
   3  Bacillus_amyloliquefaciens_DSM_7                                15.98%    failed      0.00%
   4  Bacillus_amyloliquefaciens_FZB42                                15.96%    failed      0.00%
   5  Bacillus_anthracis_str._A0248                                   15.91%    failed      0.00%
   6  Bacillus_anthracis_str._Ames                                    16.02%    failed      0.00%
   7  Bacillus_anthracis_str._Ames_Ancestor                           16.06%    failed      0.00%
   8  Bacillus_anthracis_str._Sterne                                  16.00%    failed      0.00%
   9  Bacillus_atrophaeus_1942                                        15.97%    failed      0.00%
  10  Bacillus_cellulosilyticus_DSM_2522                              15.89%    failed      0.00%
  11  Bacillus_cereus_03BB102                                         15.91%    failed      0.00%
  12  Bacillus_cereus_AH187                                           15.91%    failed      0.00%
  13  Bacillus_cereus_AH820                                           15.93%    failed      0.00%
  14  Bacillus_cereus_ATCC_10987                                      15.92%    failed      0.00%
  15  Bacillus_cereus_ATCC_14579                                      15.87%    failed      0.00%
  16  Bacillus_cereus_B4264                                           15.91%    failed      0.00%
  17  Bacillus_cereus_E33L                                            15.82%    failed      0.00%
  18  Bacillus_cereus_G9842                                           15.91%    failed      0.00%
  19  Bacillus_cereus_Q1                                              16.49%    failed      0.00%
  20  Bacillus_cereus_biovar_anthracis_str._CI                        16.03%    failed      0.00%
  21  Bacillus_clausii_KSM-K16                                        17.39%    failed      0.00%
  22  Bacillus_cytotoxicus_NVH_391-98                                 16.01%    failed      0.00%
  23  Bacillus_halodurans_C-125                                       16.35%    failed      0.00%
  24  Bacillus_licheniformis_ATCC_14580                               15.95%    failed      0.00%
  25  Bacillus_megaterium_DSM_319                                     15.91%    failed      0.00%
  26  Bacillus_megaterium_QM_B1551                                    15.96%    failed      0.00%
  27  Bacillus_pseudofirmus_OF4                                       16.21%    failed      0.00%
  28  Bacillus_pumilus_SAFR-032                                       15.79%    failed      0.01%
  29  Bacillus_selenitireducens_MLS10                                 15.57%    failed      0.00%
  30  Bacillus_subtilis_BSn5                                          15.99%    failed      0.00%
  31  Bacillus_subtilis_subsp._spizizenii_str._W23                    15.98%    failed      0.00%
  32  Bacillus_subtilis_subsp._subtilis_str._168                      15.96%    failed      0.00%
  33  Bacillus_thuringiensis_BMB171                                   16.79%    failed      0.00%
  34  Bacillus_thuringiensis_serovar_konkukian_str._97-27             15.99%    failed      0.00%
  35  Bacillus_thuringiensis_str._Al_Hakam                            14.93%    failed      0.00%
  36  Bacillus_tusciae_DSM_2912                                       14.59%    failed      0.00%
  37  Bacillus_weihenstephanensis_KBAB4                               15.91%    failed      0.00%
  38  Brevibacillus_brevis_NBRC_100599                                15.33%    failed      0.00%
  39  Enterococcus_faecalis_V583                                      14.96%    failed      0.00%
  40  Exiguobacterium_sibiricum_255-15                                16.51%    failed      0.00%
  41  Exiguobacterium_sp._AT1b                                        16.34%    failed      0.00%
  42  Geobacillus_kaustophilus_HTA426                                 15.40%    failed      0.00%
  43  Geobacillus_sp._C56-T3                                          15.66%    failed      0.00%
  44  Geobacillus_sp._WCH70                                           15.75%    failed      0.00%
  45  Geobacillus_sp._Y4.1MC1                                         15.74%    failed      0.00%
  46  Geobacillus_sp._Y412MC52                                        15.66%    failed      0.00%
  47  Geobacillus_sp._Y412MC61                                        15.68%    failed      0.00%
  48  Geobacillus_thermodenitrificans_NG80-2                          15.49%    failed      0.00%
  49  Lactobacillus_acidophilus_30SC                                  15.75%    failed      0.00%
  50  Lactobacillus_acidophilus_NCFM                                  15.79%    failed      0.00%
  51  Lactobacillus_amylovorus_GRL_1112                               15.77%    failed      0.00%
  52  Lactobacillus_brevis_ATCC_367                                   15.08%    failed      0.00%
  53  Lactobacillus_casei_ATCC_334                                    15.69%    failed      0.00%
  54  Lactobacillus_casei_BL23                                        15.36%    failed      0.00%
  55  Lactobacillus_casei_str._Zhang                                  15.52%    failed      0.00%
  56  Lactobacillus_crispatus_ST1                                     15.79%    failed      0.00%
  57  Lactobacillus_delbrueckii_subsp._bulgaricus_ATCC_11842          15.70%    failed      0.00%
  58  Lactobacillus_delbrueckii_subsp._bulgaricus_ATCC_BAA-365        15.91%    failed      0.00%
  59  Lactobacillus_delbrueckii_subsp._bulgaricus_ND02                15.85%    failed      0.00%
  60  Lactobacillus_fermentum_IFO_3956                                14.68%    failed      0.00%
  61  Lactobacillus_gasseri_ATCC_33323                                15.15%    failed      0.00%
  62  Lactobacillus_helveticus_DPC_4571                               15.81%    failed      0.00%
  63  Lactobacillus_johnsonii_FI9785                                  15.70%    failed      0.00%
  64  Lactobacillus_johnsonii_NCC_533                                 15.71%    failed      0.00%
  65  Lactobacillus_plantarum_JDM1                                    15.09%    failed      0.00%
  66  Lactobacillus_plantarum_WCFS1                                   15.09%    failed      0.00%
  67  Lactobacillus_plantarum_subsp._plantarum_ST-III                 15.18%    failed      0.00%
  68  Lactobacillus_reuteri_DSM_20016                                 14.51%    failed      0.00%
  69  Lactobacillus_reuteri_JCM_1112                                  14.54%    failed      0.00%
  70  Lactobacillus_rhamnosus_GG                                      15.38%    failed      0.00%
  71  Lactobacillus_rhamnosus_Lc_705                                  16.08%    failed      0.00%
  72  Lactobacillus_sakei_subsp._sakei_23K                            16.66%    failed      0.00%
  73  Lactobacillus_salivarius_UCC118                                 15.47%    failed      0.00%
  74  Lactococcus_lactis_subsp._cremoris_MG1363                       16.01%    failed      0.00%
  75  Lactococcus_lactis_subsp._cremoris_SK11                         16.08%    failed      0.00%
  76  Lactococcus_lactis_subsp._lactis_Il1403                         16.19%    failed      0.00%
  77  Lactococcus_lactis_subsp._lactis_KF147                          16.03%    failed      0.00%
  78  Leuconostoc_citreum_KM20                                        15.06%    failed      0.00%
  79  Leuconostoc_gasicomitatum_LMG_18811                             15.38%    failed      0.00%
  80  Leuconostoc_kimchii_IMSNU_11154                                 15.32%    failed      0.00%
  81  Leuconostoc_mesenteroides_subsp._mesenteroides_ATCC_8293        15.65%    failed      0.00%
  82  Listeria_innocua_Clip11262                                      15.87%    failed      0.00%
  83  Listeria_monocytogenes_08-5578                                  15.95%    failed      0.00%
  84  Listeria_monocytogenes_EGD-e                                    15.86%    failed      0.00%
  85  Listeria_monocytogenes_HCC23                                    15.86%    failed      0.03%
  86  Listeria_monocytogenes_serotype_4b_str._CLIP_80459              15.86%    failed      0.00%
  87  Listeria_monocytogenes_serotype_4b_str._F2365                   15.86%    failed      0.00%
  88  Listeria_seeligeri_serovar_1_2b_str._SLCC3954                   15.87%    failed      0.01%
  89  Listeria_welshimeri_serovar_6b_str._SLCC5334                    15.87%    failed      0.00%
  90  Lysinibacillus_sphaericus_C3-41                                 15.84%    failed      0.71%
  91  Macrococcus_caseolyticus_JCSC5402                               16.65%    failed      0.00%
  92  Oceanobacillus_iheyensis_HTE831                                 15.91%    failed      0.00%
  93  Oenococcus_oeni_PSU-1                                           15.52%    failed      0.00%
  94  Paenibacillus_polymyxa_E681                                     14.11%    failed      0.00%
  95  Paenibacillus_polymyxa_SC2                                      14.41%    failed      0.00%
  96  Paenibacillus_sp._JDR-2                                         15.27%    failed      0.00%
  97  Paenibacillus_sp._Y412MC10                                      14.51%    failed      0.00%
  98  Pediococcus_pentosaceus_ATCC_25745                              15.64%    failed      0.00%
  99  Staphylococcus_aureus_RF122                                     16.04%    failed      0.00%
 100  Staphylococcus_aureus_subsp._aureus_COL                         16.12%    failed      0.00%
 101  Staphylococcus_aureus_subsp._aureus_ED98                        16.14%    failed      0.00%
 102  Staphylococcus_aureus_subsp._aureus_JH1                         16.13%    failed      0.00%
 103  Staphylococcus_aureus_subsp._aureus_JH9                         16.13%    failed      0.00%
 104  Staphylococcus_aureus_subsp._aureus_MRSA252                     16.09%    failed      0.00%
 105  Staphylococcus_aureus_subsp._aureus_MSSA476                     16.09%    failed      0.00%
 106  Staphylococcus_aureus_subsp._aureus_MW2                         16.08%    failed      0.00%
 107  Staphylococcus_aureus_subsp._aureus_Mu3                         16.09%    failed      0.00%
 108  Staphylococcus_aureus_subsp._aureus_Mu50                        16.05%    failed      0.00%
 109  Staphylococcus_aureus_subsp._aureus_NCTC_8325                   16.39%    failed      0.00%
 110  Staphylococcus_aureus_subsp._aureus_USA300_FPR3757              16.28%    failed      0.00%
 111  Staphylococcus_aureus_subsp._aureus_USA300_TCH1516              16.03%    failed      0.00%
 112  Staphylococcus_aureus_subsp._aureus_str._Newman                 16.11%    failed      0.00%
 113  Staphylococcus_carnosus_subsp._carnosus_TM300                   15.75%    failed      0.00%
 114  Staphylococcus_epidermidis_ATCC_12228                           15.81%    failed      0.00%
 115  Staphylococcus_epidermidis_RP62A                                16.02%    failed      0.00%
 116  Staphylococcus_haemolyticus_JCSC1435                            15.91%    failed      0.00%
 117  Staphylococcus_lugdunensis_HKU09-01                             16.10%    failed      0.00%
 118  Staphylococcus_pseudintermedius_HKU10-03                        16.03%    failed      0.00%
 119  Staphylococcus_saprophyticus_subsp._saprophyticus_ATCC_15305    16.07%    failed      0.00%
 120  Streptococcus_agalactiae_2603V_R                                16.49%    failed      0.00%
 121  Streptococcus_agalactiae_A909                                   16.81%    failed      0.00%
 122  Streptococcus_agalactiae_NEM316                                 16.17%    failed      0.00%
 123  Streptococcus_dysgalactiae_subsp._equisimilis_GGS_124           16.05%    failed      0.07%
 124  Streptococcus_equi_subsp._equi_4047                             16.19%    failed      0.00%
 125  Streptococcus_equi_subsp._zooepidemicus                         16.16%    failed      0.00%
 126  Streptococcus_equi_subsp._zooepidemicus_MGCS10565               16.16%    failed      0.00%
 127  Streptococcus_gallolyticus_UCN34                                16.25%    failed      0.08%
 128  Streptococcus_gallolyticus_subsp._gallolyticus_ATCC_BAA-2069    16.33%    failed      0.07%
 129  Streptococcus_gordonii_str._Challis_substr._CH1                 16.05%    failed      2.97%
 130  Streptococcus_mitis_B6                                          16.17%    failed      2.36%
 131  Streptococcus_mutans_NN2025                                     16.37%    failed      0.00%
 132  Streptococcus_mutans_UA159                                      16.37%    failed      0.00%
 133  Streptococcus_pneumoniae_670-6B                                 16.28%    failed      4.86%
 134  Streptococcus_pneumoniae_70585                                  16.24%    passed      5.26%
 135  Streptococcus_pneumoniae_AP200                                  16.00%    failed      3.89%
 136  Streptococcus_pneumoniae_ATCC_700669                            16.16%    failed      3.54%
 137  Streptococcus_pneumoniae_CGSP14                                 15.67%    passed      7.04%
 138  Streptococcus_pneumoniae_D39                                    16.35%    failed      3.95%
 139  Streptococcus_pneumoniae_G54                                    16.74%    passed      5.30%
 140  Streptococcus_pneumoniae_Hungary19A-6                           16.08%    failed      4.31%
 141  Streptococcus_pneumoniae_JJA                                    16.24%    failed      3.72%
 142  Streptococcus_pneumoniae_P1031                                  16.22%    failed      3.71%
 143  Streptococcus_pneumoniae_R6                                     15.96%    passed      5.68%
 144  Streptococcus_pneumoniae_TCH8431_19A                            15.98%    passed      5.11%
 145  Streptococcus_pneumoniae_TIGR4                                  16.46%    passed      5.77%
 146  Streptococcus_pneumoniae_Taiwan19F-14                           16.26%    failed      3.66%
 147  Streptococcus_pyogenes_M1_GAS                                   16.44%    failed      0.02%
 148  Streptococcus_pyogenes_MGAS10270                                15.87%    failed      0.04%
 149  Streptococcus_pyogenes_MGAS10394                                15.99%    failed      0.07%
 150  Streptococcus_pyogenes_MGAS10750                                16.29%    failed      0.12%
 151  Streptococcus_pyogenes_MGAS2096                                 17.49%    failed      0.15%
 152  Streptococcus_pyogenes_MGAS315                                  16.93%    failed      0.02%
 153  Streptococcus_pyogenes_MGAS5005                                 16.90%    failed      0.05%
 154  Streptococcus_pyogenes_MGAS6180                                 16.02%    failed      0.08%
 155  Streptococcus_pyogenes_MGAS8232                                 16.36%    failed      0.02%
 156  Streptococcus_pyogenes_MGAS9429                                 15.80%    failed      0.09%
 157  Streptococcus_pyogenes_NZ131                                    16.58%    failed      0.06%
 158  Streptococcus_pyogenes_SSI-1                                    16.83%    failed      0.04%
 159  Streptococcus_pyogenes_str._Manfredo                            16.41%    failed      0.03%
 160  Streptococcus_sanguinis_SK36                                    15.99%    failed      0.10%
 161  Streptococcus_suis_05ZYH33                                      15.99%    failed      3.16%
 162  Streptococcus_suis_98HAH33                                      17.98%    passed      6.15%
 163  Streptococcus_suis_BM407                                        16.39%    failed      0.39%
 164  Streptococcus_suis_P1_7                                         16.44%    failed      0.31%
 165  Streptococcus_suis_SC84                                         16.44%    failed      0.30%
 166  Streptococcus_thermophilus_CNRZ1066                             15.79%    passed      6.56%
 167  Streptococcus_thermophilus_LMD-9                                16.48%    failed      4.45%
 168  Streptococcus_thermophilus_LMG_18311                            15.87%    passed      6.00%
 169  Streptococcus_uberis_0140J                                      16.41%    failed      0.00%
****  TOTAL                                                           15.93%  160 sequences failed composition chi2 test (p-value<5%; df=19)
Checking for duplicate sequences: done in 0.214499 secs using 825.3% CPU


Create initial parsimony tree by phylogenetic likelihood library (PLL)... 7.983 seconds
Measuring multi-threading efficiency up to 56 CPU cores
2 trees examined
Threads: 1 / Time: 85.714 sec / Speedup: 1.000 / Efficiency: 100% / LogL: -3795591
Threads: 2 / Time: 63.828 sec / Speedup: 1.343 / Efficiency: 67% / LogL: -3795591
Threads: 3 / Time: 56.112 sec / Speedup: 1.528 / Efficiency: 51% / LogL: -3795591
Threads: 4 / Time: 53.214 sec / Speedup: 1.611 / Efficiency: 40% / LogL: -3795591
Determining AUTO threadcount: done in 260.497 secs using 125.5% CPU
BEST NUMBER OF THREADS: 3

Perform fast likelihood tree search using LG+I+G model...
Estimate model parameters (epsilon = 5.000)
Perform nearest neighbor interchange...
Estimate model parameters (epsilon = 1.000)
1. Initial log-likelihood: -1351756.668
Optimal log-likelihood: -1351756.538
Proportion of invariable sites: 0.129
Gamma shape alpha: 0.860
Parameters optimization took 1 rounds (52.668 sec)
Time for fast ML tree search: 553.640 seconds

NOTE: ModelFinder requires 4878 MB RAM!
ModelFinder will test up to 1232 protein models (sample size: 22426 epsilon: 0.100) ...
 No. Model         -LnL         df  AIC          AICc         BIC
  1  LG            1479835.821  335 2960341.641  2960351.832  2963027.663
  2  LG+I          1439411.341  336 2879494.682  2879504.934  2882188.722
  3  LG+G4         1353877.982  336 2708427.964  2708438.217  2711122.004
  4  LG+I+G4       1351756.537  337 2704187.073  2704197.387  2706889.131
  5  LG+R2         1379907.161  337 2760488.321  2760498.635  2763190.379
  6  LG+R3         1360882.396  339 2722442.792  2722453.229  2725160.886
  7  LG+R4         1353637.220  341 2707956.440  2707967.002  2710690.570
  8  LG+R5         1350770.070  343 2702226.141  2702236.827  2704976.306
  9  LG+R6         1349953.740  345 2700597.481  2700608.293  2703363.682
 10  LG+R7         1349664.847  347 2700023.694  2700034.633  2702805.932
 11  LG+R8         1349593.891  349 2699885.782  2699896.849  2702684.056
 12  LG+R9         1349564.110  351 2699830.220  2699841.415  2702644.530
 13  LG+R10        1349560.511  353 2699827.022  2699838.346  2702657.368
 14  LG+I+R2       1368466.394  338 2737608.788  2737619.164  2740318.864
 15  LG+I+R3       1355328.871  340 2711337.743  2711348.242  2714063.855
 16  LG+I+R4       1351419.389  342 2703522.779  2703533.403  2706264.927
 17  LG+I+R5       1350140.985  344 2700969.969  2700980.719  2703728.153
 18  LG+I+R6       1349739.688  346 2700171.376  2700182.251  2702945.595
 19  LG+I+R7       1349595.482  348 2699886.963  2699897.966  2702677.219
 20  LG+I+R8       1349559.439  350 2699818.879  2699830.009  2702625.170
 21  LG+I+R9       1349555.753  352 2699815.505  2699826.764  2702637.833
 42  LG+F+I+R8     1348655.351  369 2698048.702  2698061.083  2701007.336
 64  WAG+I+R8      1355784.066  350 2712268.132  2712279.262  2715074.424
 86  WAG+F+I+R8    1353961.606  369 2708661.211  2708673.592  2711619.845
108  JTT+I+R8      1365770.742  350 2732241.485  2732252.615  2735047.776
130  JTT+F+I+R8    1362434.315  369 2725606.630  2725619.010  2728565.263
152  Q.PFAM+I+R8   1350259.159  350 2701218.318  2701229.448  2704024.610
174  Q.PFAM+F+I+R8 1349036.356  369 2698810.712  2698823.093  2701769.346
196  Q.BIRD+I+R8   1396027.737  350 2792755.474  2792766.605  2795561.766
218  Q.BIRD+F+I+R8 1392277.363  369 2785292.727  2785305.107  2788251.360
240  Q.MAMMAL+I+R8 1385491.034  350 2771682.068  2771693.198  2774488.359
262  Q.MAMMAL+F+I+R8 1381311.396  369 2763360.793  2763373.173  2766319.426
284  Q.INSECT+I+R8 1355362.250  350 2711424.501  2711435.631  2714230.792
306  Q.INSECT+F+I+R8 1355156.580  369 2711051.161  2711063.541  2714009.794
328  Q.PLANT+I+R8  1367828.471  350 2736356.941  2736368.072  2739163.233
350  Q.PLANT+F+I+R8 1366297.686  369 2733333.372  2733345.753  2736292.006
372  Q.YEAST+I+R8  1352869.116  350 2706438.233  2706449.363  2709244.525
394  Q.YEAST+F+I+R8 1350842.682  369 2702423.365  2702435.745  2705381.998
416  JTTDCMUT+I+R8 1365284.432  350 2731268.864  2731279.995  2734075.156
438  JTTDCMUT+F+I+R8 1362042.995  369 2724823.990  2724836.371  2727782.624
460  DCMUT+I+R8    1372983.274  350 2746666.548  2746677.678  2749472.839
482  DCMUT+F+I+R8  1367443.736  369 2735625.472  2735637.852  2738584.105
504  VT+I+R8       1360251.220  350 2721202.440  2721213.570  2724008.732
526  VT+F+I+R8     1358162.167  369 2717062.334  2717074.715  2720020.968
548  PMB+I+R8      1373355.888  350 2747411.776  2747422.906  2750218.068
570  PMB+F+I+R8    1367525.775  369 2735789.551  2735801.931  2738748.184
592  BLOSUM62+I+R8 1370553.347  350 2741806.694  2741817.824  2744612.985
614  BLOSUM62+F+I+R8 1366560.142  369 2733858.283  2733870.664  2736816.916
636  DAYHOFF+I+R8  1372922.473  350 2746544.946  2746556.076  2749351.238
658  DAYHOFF+F+I+R8 1367426.018  369 2735590.036  2735602.416  2738548.669
680  MTREV+I+R8    1431082.642  350 2862865.284  2862876.414  2865671.576
702  MTREV+F+I+R8  1381974.376  369 2764686.752  2764699.132  2767645.385
724  MTART+I+R8    1451678.440  350 2904056.879  2904068.009  2906863.171
746  MTART+F+I+R8  1397946.316  369 2796630.633  2796643.013  2799589.266
768  MTZOA+I+R8    1416167.662  350 2833035.323  2833046.453  2835841.615
790  MTZOA+F+I+R8  1379009.973  369 2758757.945  2758770.325  2761716.578
812  MTMET+I+R8    1437919.206  350 2876538.412  2876549.543  2879344.704
834  MTMET+F+I+R8  1384313.264  369 2769364.529  2769376.909  2772323.162
856  MTVER+I+R8    1444456.624  350 2889613.249  2889624.379  2892419.541
878  MTVER+F+I+R8  1403664.000  369 2808066.001  2808078.381  2811024.634
900  MTINV+I+R8    1445624.927  350 2891949.855  2891960.985  2894756.147
922  MTINV+F+I+R8  1374212.077  369 2749162.154  2749174.534  2752120.787
944  MTMAM+I+R8    1464719.278  350 2930138.555  2930149.685  2932944.847
966  MTMAM+F+I+R8  1418421.761  369 2837581.521  2837593.902  2840540.155
988  FLAVI+I+R8    1433412.717  350 2867525.434  2867536.564  2870331.726
1010  FLAVI+F+I+R8  1425347.500  369 2851433.000  2851445.381  2854391.634
1032  HIVB+I+R8     1399664.070  350 2800028.140  2800039.270  2802834.432
1054  HIVB+F+I+R8   1394084.647  369 2788907.293  2788919.673  2791865.926
1076  HIVW+I+R8     1456875.151  350 2914450.302  2914461.432  2917256.594
1098  HIVW+F+I+R8   1432782.108  369 2866302.217  2866314.597  2869260.850
1120  FLU+I+R8      1390518.890  350 2781737.780  2781748.910  2784544.071
1142  FLU+F+I+R8    1381985.272  369 2764708.544  2764720.925  2767667.178
1164  RTREV+I+R8    1361531.858  350 2723763.716  2723774.846  2726570.008
1186  RTREV+F+I+R8  1353977.167  369 2708692.334  2708704.715  2711650.968
1208  CPREV+I+R8    1367970.530  350 2736641.061  2736652.191  2739447.352
1230  CPREV+F+I+R8  1366744.192  369 2734226.384  2734238.764  2737185.017
Akaike Information Criterion:           LG+F+I+R8
Corrected Akaike Information Criterion: LG+F+I+R8
Bayesian Information Criterion:         LG+F+I+R8
Best-fit model: LG+F+I+R8 chosen according to BIC

All model information printed to training_data/prot_M10372_169_22426.phy/output_files/iqtree/inference/pars_7.model.gz
CPU time for ModelFinder: 752991.446 seconds (209h:9m:51s)
Wall-clock time for ModelFinder: 421537.769 seconds (117h:5m:37s)

NOTE: 3902 MB RAM (3 GB) is required!
Estimate model parameters (epsilon = 0.010)
1. Initial log-likelihood: -1348727.057
2. Current log-likelihood: -1348636.939
3. Current log-likelihood: -1348636.357
4. Current log-likelihood: -1348636.262
5. Current log-likelihood: -1348636.162
6. Current log-likelihood: -1348636.089
7. Current log-likelihood: -1348636.021
8. Current log-likelihood: -1348635.958
9. Current log-likelihood: -1348635.900
10. Current log-likelihood: -1348635.846
11. Current log-likelihood: -1348635.797
12. Current log-likelihood: -1348635.751
13. Current log-likelihood: -1348635.708
14. Current log-likelihood: -1348635.668
15. Current log-likelihood: -1348635.630
16. Current log-likelihood: -1348635.605
17. Current log-likelihood: -1348635.582
18. Current log-likelihood: -1348635.571
19. Current log-likelihood: -1348635.560
20. Current log-likelihood: -1348635.548
21. Current log-likelihood: -1348635.538
22. Current log-likelihood: -1348635.525
23. Current log-likelihood: -1348635.504
Optimal log-likelihood: -1348635.485
Proportion of invariable sites: 0.103
Site proportion and rates:  (0.128,0.052) (0.136,0.205) (0.164,0.447) (0.147,0.832) (0.123,1.373) (0.102,2.159) (0.071,3.342) (0.025,5.626)
Parameters optimization took 23 rounds (2641.924 sec)
Wrote distance file to... 
BEST SCORE FOUND : -1348635.485
Total tree length: 26.721

Total number of iterations: 0
CPU time used for tree search: 0.000 sec (0h:0m:0s)
Wall-clock time used for tree search: 0.000 sec (0h:0m:0s)
Total CPU time used: 759730.748 sec (211h:2m:10s)
Total wall-clock time used: 424183.661 sec (117h:49m:43s)

Analysis results written to: 
  IQ-TREE report:                training_data/prot_M10372_169_22426.phy/output_files/iqtree/inference/pars_7.iqtree
  Maximum-likelihood tree:       training_data/prot_M10372_169_22426.phy/output_files/iqtree/inference/pars_7.treefile
  Screen log file:               training_data/prot_M10372_169_22426.phy/output_files/iqtree/inference/pars_7.log

Date and Time: Wed Oct  1 10:28:53 2025
ee/inference/pars_7.log

Date and Time: Wed Oct  1 10:28:53 2025
