IQ-TREE version 3.0.1 for Linux x86 64-bit built Sep 12 2025
Developed by Bui Quang Minh, Thomas Wong, Nhan Ly-Trong, Huaiyan Ren
Contributed by Lam-Tung Nguyen, Dominik Schrempf, Chris Bielow,
Olga Chernomor, Michael Woodhams, Diep Thi Hoang, Heiko Schmidt

Host:    suny-Precision-5530 (AVX2, FMA3, 15 GB RAM)
Command: /usr/local/bin/iqtree3 -s /home/suny/Downloads/VAN_TRAINING_DATA/data2/dna_M4399_205_8913.phy -pre results/dna_M4399_205_8913.phy/output_files/iqtree/inference/pars_10 -seed 10 -ninit 1 -T 1 -redo -n 0
Seed:    10 (Using SPRNG - Scalable Parallel Random Number Generator)
Time:    Sun Sep 21 03:29:20 2025
Kernel:  AVX+FMA - 1 threads (12 CPU cores detected)

HINT: Use -nt option to specify number of threads because your CPU has 12 cores!
HINT: -nt AUTO will automatically determine the best number of threads to use.

Reading alignment file /home/suny/Downloads/VAN_TRAINING_DATA/data2/dna_M4399_205_8913.phy ... Phylip format detected
Alignment most likely contains DNA/RNA sequences
Constructing alignment: done in 0.0292881 secs using 72.55% CPU
Alignment has 205 sequences with 8913 columns, 3129 distinct patterns
1799 parsimony-informative, 1355 singleton sites, 5759 constant sites
                                  Gap/Ambiguity  Composition  p-value
Analyzing sequences: done in 0.00327521 secs using 99.63% CPU
   1  Acanthophoenix_rubra               67.75%    failed      0.00%
   2  Acoelorraphe_wrightii              85.35%    passed     76.90%
   3  Acrocomia_aculeata                 37.53%    failed      0.00%
   4  Actinokentia_divaricata            78.18%    passed     64.79%
   5  Actinorhytis_calapparia            73.75%    passed     38.94%
   6  Adonidia_merrillii                 78.71%    passed     65.23%
   7  Aiphanes_aculeata                  37.70%    failed      0.00%
   8  Allagoptera_arenaria               26.73%    passed      6.20%
   9  Alloschmidia_glabrata              78.88%    passed     70.58%
  10  Alsmithia_longipes                 80.34%    passed     84.91%
  11  Ammandra_decasperma                66.73%    failed      0.01%
  12  Anigozanthos                       15.20%    passed     44.32%
  13  Aphandra_natalia                   17.63%    failed      3.10%
  14  Archontophoenix_purpurea           38.98%    failed      0.00%
  15  Areca_triandra                     14.18%    passed     67.46%
  16  Arenga_hookeriana                  49.31%    failed      0.01%
  17  Asterogyne_martiana                67.53%    failed      0.00%
  18  Astrocaryum_alatum                 18.16%    passed      5.12%
  19  Attalea_allenii                    18.28%    passed      8.84%
  20  Bactris_gasipaes                   33.45%    failed      0.00%
  21  Balaka_seemannii                   37.39%    failed      0.01%
  22  Barcella_odora                     44.59%    failed      0.00%
  23  Basselinia_velutina                78.88%    passed     73.18%
  24  Beccariophoenix_madagascariensis   13.88%    passed     39.48%
  25  Bentinckia_nicobarica              13.52%    passed     71.75%
  26  Bismarckia_nobilis                 85.35%    passed     79.79%
  27  Borassodendron_machadonis          85.35%    passed     75.04%
  28  Borassus_flabellifer               25.13%    passed     18.59%
  29  Brahea_berlandieri                 85.35%    passed     82.19%
  30  Brassiophoenix_schumannii          78.71%    passed     62.94%
  31  Brongniartikentia_lanuginosa       73.49%    passed     18.21%
  32  Burretiokentia_hapala              19.59%    failed      2.41%
  33  Butia_eriospatha                   37.48%    failed      0.00%
  34  Calamus_aruensis                   25.70%    passed     21.90%
  35  Calectasia_intermedia              31.34%    passed     69.77%
  36  Calospatha_scortechinii            85.35%    passed     73.17%
  37  Calyptrocalyx_albertisiana         41.55%    failed      0.12%
  38  Calyptrogyne_ghiesbreghtiana       78.53%    passed     89.54%
  39  Calyptronoma_occidentalis          18.24%    passed     10.38%
  40  Campecarpus_fulcitus               78.88%    passed     69.38%
  41  Carpentaria_acuminata              78.71%    passed     74.38%
  42  Carpoxylon_macrospermum            74.22%    passed     70.08%
  43  Caryota_mitis                      13.31%    passed     42.87%
  44  Catopsis_montana                   57.49%    failed      0.00%
  45  Ceratolobus_pseudoconcolor         85.35%    passed     83.54%
  46  Ceroxylon_quindiuense              78.62%    passed     77.46%
  47  Chamaedorea_microspadix            13.84%    passed     38.69%
  48  Chamaerops_humilis                 36.54%    failed      0.00%
  49  Chambeyronia_macrocarpa            18.23%    passed      6.10%
  50  Chelyocarpus_ulei                  48.95%    failed      0.01%
  51  Chuniophoenix_nana                 85.35%    passed     60.55%
  52  Clinosperma_bractealis             78.27%    passed     79.59%
  53  Clinostigma_savoryanum             38.46%    failed      0.00%
  54  Coccothrinax_argentata             85.35%    passed     76.51%
  55  Cocos_nucifera                     18.51%    passed     11.50%
  56  Colpothrinax_wrightii              85.35%    passed     76.18%
  57  Copernicia_prunifera               81.77%    failed      1.36%
  58  Corypha_umbraculifera              48.88%    failed      0.00%
  59  Costus_barbatus                    21.91%    passed     70.89%
  60  Cryosophila_warscewiczii           85.35%    passed     75.91%
  61  Cyphokentia_macrostachya           78.28%    passed     69.73%
  62  Cyphophoenix_nucele                42.48%    failed      0.55%
  63  Cyphosperma_balansae               74.27%    passed     56.61%
  64  Cyrtostachys_renda                 15.70%    passed     63.31%
  65  Daemonorops_acamptostachys         85.35%    passed     76.81%
  66  Dasypogon_bromelifolius            25.93%    passed     28.73%
  67  Deckenia_nobilis                   73.75%    passed     32.46%
  68  Desmoncus_orthacanthos             37.57%    failed      0.00%
  69  Dictyocaryum_lamarckianum          48.82%    failed      0.01%
  70  Dictyosperma_album                 37.09%    failed      0.00%
  71  Dransfieldia_micrantha             78.16%    passed     71.17%
  72  Drymophloeus_beguinii              18.87%    failed      4.38%
  73  Dypsis_lutescens                   13.63%    passed     62.73%
  74  Elaeis_guineensis                  18.23%    passed      6.89%
  75  Eleiodoxa_conferta                 85.35%    passed     76.51%
  76  Eremospatha_wendlandiana           79.19%    passed     57.07%
  77  Eugeissona_tristis                 85.35%    passed     77.97%
  78  Euterpe_oleracea                   80.75%    failed      3.70%
  79  Fargesia_sp_557_ny                 85.35%    passed     54.08%
  80  Gastrococos_crispa                 37.62%    failed      0.00%
  81  Gaussia_maya                       74.13%    passed      7.67%
  82  Geonoma_congesta                   18.52%    failed      4.28%
  83  Guihaia_argyrata                   85.35%    passed     81.58%
  84  Hanguana_malayana                  25.96%    passed     15.87%
  85  Hedyscepe_canterburyana            78.88%    passed     62.44%
  86  Hemithrinax_compacta               85.35%    passed     79.79%
  87  Heterospathe_elata                 75.83%    passed     22.38%
  88  Howea_belmoreana                   20.40%    passed     13.98%
  89  Hydriastele_microspadix            14.26%    passed     47.04%
  90  Hyophorbe_lagenicaulis              8.01%    passed     79.81%
  91  Hyospathe_macrorhachis             85.35%    passed     76.42%
  92  Hyphaene_thebaica                  49.33%    failed      0.01%
  93  Iguanura_wallichiana               73.57%    passed     43.96%
  94  Iriartea_deltoidea                 25.36%    passed     10.70%
  95  Iriartella_stenocarpa              85.40%    passed     71.67%
  96  Itaya_amicorum                     85.35%    passed     79.26%
  97  Johannesteijsmannia_altifrons      85.35%    passed     74.53%
  98  Juania_australis                   85.35%    passed     77.97%
  99  Jubaea_chilensis                   78.23%    passed     64.41%
 100  Jubaeopsis_caffra                  78.88%    passed     72.67%
 101  Kentiopsis_oliviformis             30.82%    failed      0.00%
 102  Kerriodoxa_elegans                 78.11%    passed     81.86%
 103  Kingia_australis                   85.35%    passed     87.59%
 104  Korthalsia_cheb                    85.35%    passed     71.76%
 105  Laccospadix_australasica           78.27%    passed     75.01%
 106  Laccosperma_acutiflorum            85.35%    passed     68.67%
 107  Latania_verschaffeltii             85.35%    passed     85.40%
 108  Lavoixia_macrocarpa                78.36%    passed     75.43%
 109  Lemurophoenix_halleuxii            73.71%    passed     38.31%
 110  Leopoldinia_pulchra                14.97%    passed     64.40%
 111  Lepidocaryum_tenue                 85.35%    passed     76.51%
 112  Lepidorrhachis_mooreana            79.32%    passed     65.70%
 113  Leucothrinax_morrisii              85.35%    passed     76.28%
 114  Licuala_kunstleri                  48.68%    failed      0.01%
 115  Linospadix_monostachya             33.34%    failed      0.00%
 116  Livistona_chinensis                25.36%    passed     12.74%
 117  Lodoicea_maldivica                 73.54%    passed     63.17%
 118  Loxococcus_rupicola                78.88%    passed     72.76%
 119  Lytocaryum_weddellianum            37.48%    failed      0.00%
 120  Manicaria_saccifera                13.23%    passed     58.77%
 121  Marojejya_insignis                 73.94%    passed     30.37%
 122  Masoala_madagascariensis           73.61%    passed     26.22%
 123  Mauritia_flexuosa                  14.39%    passed     35.98%
 124  Mauritiella_aculeata               85.35%    passed     76.42%
 125  Maxburretia_rupicola               85.35%    passed     78.21%
 126  Medemia_argun                      85.35%    passed     78.89%
 127  Metroxylon_salomonense             38.20%    failed      0.00%
 128  Moratia_cerifera                   78.18%    passed     72.98%
 129  Musa_rosea                         26.70%    passed     23.02%
 130  Myrialepis_paradoxa                85.35%    passed     78.21%
 131  Nannorrhops_ritchiana              85.35%    passed     64.59%
 132  Nenga_pumila                       73.54%    passed     14.61%
 133  Neonicholsonia_watsonii            78.51%    passed     79.28%
 134  Neoveitchia_storckii               79.18%    passed     96.99%
 135  Nephrosperma_vanhoutteanum         75.73%    passed     59.16%
 136  Normanbya_normanbyi                74.11%    passed     68.91%
 137  Nypa_fruticans                     10.03%    passed     12.70%
 138  Oenocarpus_bataua                  44.59%    failed      0.00%
 139  Oncocalamus_tuleyi                 85.35%    passed     72.03%
 140  Oncosperma_tigillarium             13.51%    passed     61.15%
 141  Orania_lauterbachiana               7.28%    passed     96.59%
 142  Oraniopsis_appendiculata           78.63%    passed     74.83%
 143  Parajubaea_torallyi                78.64%    passed     57.28%
 144  Pelagodoxa_henryana                73.54%    passed     27.31%
 145  Phoenicophorium_borsigianum        73.66%    passed     23.45%
 146  Phoenix_reclinata                  15.08%    passed     45.69%
 147  Pholidocarpus_macrocarpus          85.35%    passed     72.51%
 148  Pholidostachys_pulchra             78.32%    passed     84.64%
 149  Physokentia_rosea                  74.46%    passed     57.65%
 150  Phytelephas_aequatorialis          14.33%    failed      0.14%
 151  Pigafetta_elata                    80.62%    passed      6.30%
 152  Pinanga_simplicifrons              81.40%    passed     92.09%
 153  Pinanga_simplicifrons_b            85.36%    passed     82.83%
 154  Plectocomia_mulleri                74.58%    failed      0.00%
 155  Podococcus_barteri                 13.78%    passed     56.19%
 156  Pogonotium_ursinum                 85.37%    passed     80.50%
 157  Polyandrococos_caudescens          78.28%    passed     75.61%
 158  Ponapea_ledermanniana              79.08%    passed     72.82%
 159  Prestoea_pubens                    20.89%    passed     66.08%
 160  Pritchardia_arecina                85.35%    passed     69.47%
 161  Pritchardiopsis_jeanneneyi         48.68%    failed      0.01%
 162  Pseudophoenix_vinifera             15.15%    passed     77.46%
 163  Ptychococcus_paradoxus             78.71%    passed     67.54%
 164  Ptychosperma_macarthurii           14.47%    passed     39.17%
 165  Raphia_farinifera                  85.35%    passed     76.01%
 166  Ravenea_louvelii                   20.48%    passed     55.28%
 167  Reinhardtia_simplex                14.22%    passed     43.16%
 168  Retispatha_dumetosa                85.35%    passed     78.89%
 169  Rhapidophyllum_hystrix             85.35%    passed     78.71%
 170  Rhapis_excelsa                     49.11%    failed      0.00%
 171  Rhopaloblaste_augusta              74.49%    passed     36.82%
 172  Rhopalostylis_baueri               74.06%    passed     68.87%
 173  Roscheria_melanochaetes            74.81%    passed     34.96%
 174  Roystonea_oleracea                 14.20%    passed     27.19%
 175  Sabal_bermudana                    37.87%    failed      0.00%
 176  Salacca_ramosiana                  48.70%    failed      0.01%
 177  Satakentia_liukiuensis             74.51%    passed     38.05%
 178  Satranala_decussilvae              85.35%    passed     72.75%
 179  Schippia_concolor                  85.35%    passed     83.40%
 180  Sclerosperma_mannii                73.94%    passed     28.54%
 181  Serenoa_repens                     74.62%    failed      0.00%
 182  Socratea_exorrhiza                 37.07%    failed      0.00%
 183  Solfia_samoensis                   78.71%    passed     73.52%
 184  Sommieria_leucophylla              73.57%    passed     15.97%
 185  Syagrus_smithii                    37.48%    failed      0.00%
 186  Synechanthus_warscewiczianus       85.35%    passed     79.50%
 187  Tectiphiala_ferox                  73.96%    passed     57.57%
 188  Thrinax_radiata                    25.23%    passed     19.57%
 189  Trachycarpus_fortunei              48.48%    failed      0.01%
 190  Tradescantia_pallida               28.18%    passed     12.08%
 191  Trithrinax_campestris              48.74%    failed      0.01%
 192  Typha_angustifolia                 21.22%    passed     11.70%
 193  Veillonia_alba                     78.85%    passed     67.87%
 194  Veitchia_arecina                   42.76%    failed      0.47%
 195  Verschaffeltia_splendida           74.81%    passed     25.71%
 196  Voanioala_gerardii                 37.62%    failed      0.00%
 197  Vriesia_psittacina                 85.35%    passed     83.30%
 198  Wallichia_disticha                 74.52%    failed      0.00%
 199  Washingtonia_robusta               24.94%    passed     13.79%
 200  Welfia_regia                       73.68%    passed     38.22%
 201  Wendlandiella_gracilis             19.95%    failed      0.74%
 202  Wettinia_hirsuta                    7.30%    passed     77.79%
 203  Wodyetia_bifurcata                 78.71%    passed     80.53%
 204  Zea_mays                           14.45%    failed      0.03%
 205  Zombia_antillarum                  85.35%    passed     75.91%
WARNING: 117 sequences contain more than 50% gaps/ambiguity
****  TOTAL                              57.24%  51 sequences failed composition chi2 test (p-value<5%; df=3)
Checking for duplicate sequences: done in 0.00351849 secs using 99.5% CPU


Create initial parsimony tree by phylogenetic likelihood library (PLL)... 0.187 seconds
Perform fast likelihood tree search using GTR+I+G model...
Estimate model parameters (epsilon = 5.000)
Perform nearest neighbor interchange...
Estimate model parameters (epsilon = 1.000)
1. Initial log-likelihood: -59837.597
2. Current log-likelihood: -59833.882
3. Current log-likelihood: -59830.923
4. Current log-likelihood: -59828.506
5. Current log-likelihood: -59826.572
6. Current log-likelihood: -59824.980
7. Current log-likelihood: -59823.701
8. Current log-likelihood: -59822.680
Optimal log-likelihood: -59821.753
Rate parameters:  A-C: 1.31763  A-G: 4.14522  A-T: 0.69751  C-G: 1.41736  C-T: 4.84891  G-T: 1.00000
Base frequencies:  A: 0.276  C: 0.198  G: 0.234  T: 0.292
Proportion of invariable sites: 0.418
Gamma shape alpha: 0.568
Parameters optimization took 8 rounds (9.311 sec)
Time for fast ML tree search: 24.735 seconds

NOTE: ModelFinder requires 208 MB RAM!
ModelFinder will test up to 968 DNA models (sample size: 8913 epsilon: 0.100) ...
 No. Model         -LnL         df  AIC          AICc         BIC
  1  JC            66631.921    407 134077.842   134116.891   136965.615
  2  JC+I          63029.247    408 126874.495   126913.740   129769.363
  3  JC+G4         62057.260    408 124930.521   124969.766   127825.389
  4  JC+I+G4       61792.524    409 124403.048   124442.491   127305.012
  5  JC+R2         62095.043    409 125008.087   125047.529   127910.050
  6  JC+R3         61449.446    411 123720.893   123760.731   126637.047
  7  JC+R4         61369.779    413 123565.558   123605.793   126495.903
  8  JC+R5         61365.781    415 123561.562   123602.198   126506.098
 14  JC+I+R2       61606.139    410 124032.278   124071.918   126941.337
 15  JC+I+R3       61390.489    412 123604.978   123645.015   126528.228
 16  JC+I+R4       61361.953    414 123551.906   123592.341   126489.346
 17  JC+I+R5       61361.020    416 123554.039   123594.875   126505.670
 29  JC+R4         61369.779    413 123565.558   123605.793   126495.903
 38  JC+I+R4       61361.953    414 123551.906   123592.341   126489.346
 51  F81+R4        61369.593    413 123565.185   123605.421   126495.530
 60  F81+I+R4      61361.874    414 123551.749   123592.184   126489.189
 73  F81+F+R4      61367.434    416 123566.867   123607.703   126518.498
 82  F81+F+I+R4    61360.922    417 123555.845   123596.882   126514.571
 95  K2P+R4        59492.854    414 119813.708   119854.143   122751.148
104  K2P+I+R4      59483.933    415 119797.865   119838.501   122742.401
117  K2P+R4        59492.854    414 119813.708   119854.143   122751.148
126  K2P+I+R4      59483.933    415 119797.865   119838.501   122742.401
139  HKY+R4        59492.770    414 119813.541   119853.976   122750.981
148  HKY+I+R4      59483.930    415 119797.860   119838.495   122742.395
161  HKY+F+R4      59459.903    417 119753.806   119794.843   122712.532
170  HKY+F+I+R4    59453.101    418 119742.202   119783.441   122708.023
183  TNe+R4        59489.451    415 119808.901   119849.537   122753.437
192  TNe+I+R4      59479.720    416 119791.441   119832.277   122743.071
205  TNe+R4        59489.451    415 119808.901   119849.537   122753.437
214  TNe+I+R4      59479.720    416 119791.441   119832.277   122743.071
227  TN+R4         59489.406    415 119808.813   119849.448   122753.348
236  TN+I+R4       59479.662    416 119791.324   119832.160   122742.955
249  TN+F+R4       59451.371    418 119738.742   119779.981   122704.563
258  TN+F+I+R4     59443.354    419 119724.707   119766.148   122697.624
271  K3P+R4        59488.544    415 119807.088   119847.724   122751.624
280  K3P+I+R4      59479.732    416 119791.463   119832.300   122743.094
293  K3P+R4        59488.544    415 119807.088   119847.724   122751.624
302  K3P+I+R4      59479.732    416 119791.463   119832.300   122743.094
315  K3Pu+R4       59488.493    415 119806.985   119847.621   122751.521
324  K3Pu+I+R4     59479.732    416 119791.465   119832.301   122743.096
337  K3Pu+F+R4     59452.967    418 119741.933   119783.172   122707.755
346  K3Pu+F+I+R4   59446.558    419 119731.116   119772.557   122704.032
359  TPM2+R4       59492.248    415 119814.496   119855.132   122759.032
368  TPM2+I+R4     59483.622    416 119799.244   119840.080   122750.875
381  TPM2+R4       59492.248    415 119814.496   119855.132   122759.032
390  TPM2+I+R4     59483.622    416 119799.244   119840.080   122750.875
403  TPM2u+R4      59492.198    415 119814.395   119855.031   122758.930
412  TPM2u+I+R4    59483.624    416 119799.249   119840.085   122750.879
425  TPM2u+F+R4    59450.523    418 119737.046   119778.285   122702.867
434  TPM2u+F+I+R4  59444.353    419 119726.706   119768.147   122699.622
447  TPM3+R4       59486.215    415 119802.430   119843.065   122746.965
456  TPM3+I+R4     59477.827    416 119787.655   119828.491   122739.285
469  TPM3+R4       59486.215    415 119802.430   119843.065   122746.965
478  TPM3+I+R4     59477.827    416 119787.655   119828.491   122739.285
491  TPM3u+R4      59486.158    415 119802.316   119842.952   122746.852
500  TPM3u+I+R4    59477.827    416 119787.653   119828.490   122739.284
513  TPM3u+F+R4    59396.579    418 119629.158   119670.397   122594.979
522  TPM3u+F+I+R4  59389.834    419 119617.667   119659.108   122590.584
535  TIMe+R4       59485.135    416 119802.269   119843.106   122753.900
544  TIMe+I+R4     59475.491    417 119784.981   119826.019   122743.707
557  TIMe+R4       59485.135    416 119802.269   119843.106   122753.900
566  TIMe+I+R4     59475.491    417 119784.981   119826.019   122743.707
579  TIM+R4        59485.120    416 119802.239   119843.076   122753.870
588  TIM+I+R4      59475.453    417 119784.905   119825.943   122743.631
601  TIM+F+R4      59444.650    419 119727.299   119768.740   122700.216
610  TIM+F+I+R4    59436.658    420 119713.317   119754.960   122693.328
623  TIM2e+R4      59488.852    416 119809.704   119850.540   122761.335
632  TIM2e+I+R4    59479.353    417 119792.706   119833.743   122751.432
645  TIM2e+R4      59488.852    416 119809.704   119850.540   122761.335
654  TIM2e+I+R4    59479.353    417 119792.706   119833.743   122751.432
667  TIM2+R4       59488.811    416 119809.622   119850.458   122761.253
676  TIM2+I+R4     59479.302    417 119792.604   119833.642   122751.330
689  TIM2+F+R4     59441.879    419 119721.758   119763.200   122694.675
698  TIM2+F+I+R4   59434.327    420 119708.655   119750.299   122688.666
711  TIM3e+R4      59482.981    416 119797.962   119838.798   122749.592
720  TIM3e+I+R4    59473.921    417 119781.843   119822.880   122740.569
733  TIM3e+R4      59482.981    416 119797.962   119838.798   122749.592
742  TIM3e+I+R4    59473.921    417 119781.843   119822.880   122740.569
755  TIM3+R4       59482.965    416 119797.929   119838.765   122749.560
764  TIM3+I+R4     59473.864    417 119781.728   119822.765   122740.454
777  TIM3+F+R4     59387.086    419 119612.173   119653.614   122585.089
786  TIM3+F+I+R4   59379.001    420 119598.002   119639.646   122578.014
799  TVMe+R4       59481.715    417 119797.430   119838.468   122756.156
808  TVMe+I+R4     59473.690    418 119783.380   119824.619   122749.201
821  TVMe+R4       59481.715    417 119797.430   119838.468   122756.156
830  TVMe+I+R4     59473.690    418 119783.380   119824.619   122749.201
843  TVM+R4        59481.705    417 119797.411   119838.448   122756.137
852  TVM+I+R4      59473.668    418 119783.337   119824.576   122749.158
865  TVM+F+R4      59383.655    420 119607.310   119648.953   122587.321
874  TVM+F+I+R4    59377.190    421 119596.379   119638.226   122583.486
887  SYM+R4        59478.630    418 119793.261   119834.500   122759.082
896  SYM+I+R4      59469.585    419 119777.170   119818.611   122750.086
909  SYM+R4        59478.630    418 119793.261   119834.500   122759.082
918  SYM+I+R4      59469.585    419 119777.170   119818.611   122750.086
931  GTR+R4        59478.617    418 119793.234   119834.473   122759.055
940  GTR+I+R4      59469.567    419 119777.134   119818.575   122750.050
953  GTR+F+R4      59373.864    421 119589.728   119631.575   122576.835
962  GTR+F+I+R4    59366.168    422 119576.337   119618.388   122570.539
Akaike Information Criterion:           GTR+F+I+R4
Corrected Akaike Information Criterion: GTR+F+I+R4
Bayesian Information Criterion:         GTR+F+I+R4
Best-fit model: GTR+F+I+R4 chosen according to BIC

All model information printed to results/dna_M4399_205_8913.phy/output_files/iqtree/inference/pars_10.model.gz
CPU time for ModelFinder: 1292.074 seconds (0h:21m:32s)
Wall-clock time for ModelFinder: 1298.033 seconds (0h:21m:38s)

NOTE: 83 MB RAM (0 GB) is required!
Estimate model parameters (epsilon = 0.010)
1. Initial log-likelihood: -59366.168
2. Current log-likelihood: -59366.152
3. Current log-likelihood: -59366.141
Optimal log-likelihood: -59366.131
Rate parameters:  A-C: 1.36286  A-G: 4.29335  A-T: 0.72772  C-G: 1.46623  C-T: 5.18490  G-T: 1.00000
Base frequencies:  A: 0.276  C: 0.198  G: 0.234  T: 0.292
Proportion of invariable sites: 0.450
Site proportion and rates:  (0.338,0.461) (0.162,2.186) (0.038,6.774) (0.012,19.027)
Parameters optimization took 3 rounds (5.436 sec)
Wrote distance file to... 
BEST SCORE FOUND : -59366.131
Total tree length: 2.331

Total number of iterations: 0
CPU time used for tree search: 0.000 sec (0h:0m:0s)
Wall-clock time used for tree search: 0.000 sec (0h:0m:0s)
Total CPU time used: 1297.554 sec (0h:21m:37s)
Total wall-clock time used: 1303.565 sec (0h:21m:43s)

Analysis results written to: 
  IQ-TREE report:                results/dna_M4399_205_8913.phy/output_files/iqtree/inference/pars_10.iqtree
  Maximum-likelihood tree:       results/dna_M4399_205_8913.phy/output_files/iqtree/inference/pars_10.treefile
  Screen log file:               results/dna_M4399_205_8913.phy/output_files/iqtree/inference/pars_10.log

Date and Time: Sun Sep 21 03:51:04 2025
