IQ-TREE version 3.0.1 for Linux x86 64-bit built Sep 12 2025
Developed by Bui Quang Minh, Thomas Wong, Nhan Ly-Trong, Huaiyan Ren
Contributed by Lam-Tung Nguyen, Dominik Schrempf, Chris Bielow,
Olga Chernomor, Michael Woodhams, Diep Thi Hoang, Heiko Schmidt

Host:    suny-Precision-5530 (AVX2, FMA3, 15 GB RAM)
Command: /usr/local/bin/iqtree3 -s /home/suny/Downloads/VAN_TRAINING_DATA/data2/dna_M4399_205_8913.phy -pre results/dna_M4399_205_8913.phy/output_files/iqtree/inference/pars_9 -seed 9 -ninit 1 -T 1 -redo -n 0
Seed:    9 (Using SPRNG - Scalable Parallel Random Number Generator)
Time:    Sun Sep 21 03:22:12 2025
Kernel:  AVX+FMA - 1 threads (12 CPU cores detected)

HINT: Use -nt option to specify number of threads because your CPU has 12 cores!
HINT: -nt AUTO will automatically determine the best number of threads to use.

Reading alignment file /home/suny/Downloads/VAN_TRAINING_DATA/data2/dna_M4399_205_8913.phy ... Phylip format detected
Alignment most likely contains DNA/RNA sequences
Constructing alignment: done in 0.0220517 secs using 77.2% CPU
Alignment has 205 sequences with 8913 columns, 3129 distinct patterns
1799 parsimony-informative, 1355 singleton sites, 5759 constant sites
                                  Gap/Ambiguity  Composition  p-value
Analyzing sequences: done in 0.00284414 secs using 99.89% CPU
   1  Acanthophoenix_rubra               67.75%    failed      0.00%
   2  Acoelorraphe_wrightii              85.35%    passed     76.90%
   3  Acrocomia_aculeata                 37.53%    failed      0.00%
   4  Actinokentia_divaricata            78.18%    passed     64.79%
   5  Actinorhytis_calapparia            73.75%    passed     38.94%
   6  Adonidia_merrillii                 78.71%    passed     65.23%
   7  Aiphanes_aculeata                  37.70%    failed      0.00%
   8  Allagoptera_arenaria               26.73%    passed      6.20%
   9  Alloschmidia_glabrata              78.88%    passed     70.58%
  10  Alsmithia_longipes                 80.34%    passed     84.91%
  11  Ammandra_decasperma                66.73%    failed      0.01%
  12  Anigozanthos                       15.20%    passed     44.32%
  13  Aphandra_natalia                   17.63%    failed      3.10%
  14  Archontophoenix_purpurea           38.98%    failed      0.00%
  15  Areca_triandra                     14.18%    passed     67.46%
  16  Arenga_hookeriana                  49.31%    failed      0.01%
  17  Asterogyne_martiana                67.53%    failed      0.00%
  18  Astrocaryum_alatum                 18.16%    passed      5.12%
  19  Attalea_allenii                    18.28%    passed      8.84%
  20  Bactris_gasipaes                   33.45%    failed      0.00%
  21  Balaka_seemannii                   37.39%    failed      0.01%
  22  Barcella_odora                     44.59%    failed      0.00%
  23  Basselinia_velutina                78.88%    passed     73.18%
  24  Beccariophoenix_madagascariensis   13.88%    passed     39.48%
  25  Bentinckia_nicobarica              13.52%    passed     71.75%
  26  Bismarckia_nobilis                 85.35%    passed     79.79%
  27  Borassodendron_machadonis          85.35%    passed     75.04%
  28  Borassus_flabellifer               25.13%    passed     18.59%
  29  Brahea_berlandieri                 85.35%    passed     82.19%
  30  Brassiophoenix_schumannii          78.71%    passed     62.94%
  31  Brongniartikentia_lanuginosa       73.49%    passed     18.21%
  32  Burretiokentia_hapala              19.59%    failed      2.41%
  33  Butia_eriospatha                   37.48%    failed      0.00%
  34  Calamus_aruensis                   25.70%    passed     21.90%
  35  Calectasia_intermedia              31.34%    passed     69.77%
  36  Calospatha_scortechinii            85.35%    passed     73.17%
  37  Calyptrocalyx_albertisiana         41.55%    failed      0.12%
  38  Calyptrogyne_ghiesbreghtiana       78.53%    passed     89.54%
  39  Calyptronoma_occidentalis          18.24%    passed     10.38%
  40  Campecarpus_fulcitus               78.88%    passed     69.38%
  41  Carpentaria_acuminata              78.71%    passed     74.38%
  42  Carpoxylon_macrospermum            74.22%    passed     70.08%
  43  Caryota_mitis                      13.31%    passed     42.87%
  44  Catopsis_montana                   57.49%    failed      0.00%
  45  Ceratolobus_pseudoconcolor         85.35%    passed     83.54%
  46  Ceroxylon_quindiuense              78.62%    passed     77.46%
  47  Chamaedorea_microspadix            13.84%    passed     38.69%
  48  Chamaerops_humilis                 36.54%    failed      0.00%
  49  Chambeyronia_macrocarpa            18.23%    passed      6.10%
  50  Chelyocarpus_ulei                  48.95%    failed      0.01%
  51  Chuniophoenix_nana                 85.35%    passed     60.55%
  52  Clinosperma_bractealis             78.27%    passed     79.59%
  53  Clinostigma_savoryanum             38.46%    failed      0.00%
  54  Coccothrinax_argentata             85.35%    passed     76.51%
  55  Cocos_nucifera                     18.51%    passed     11.50%
  56  Colpothrinax_wrightii              85.35%    passed     76.18%
  57  Copernicia_prunifera               81.77%    failed      1.36%
  58  Corypha_umbraculifera              48.88%    failed      0.00%
  59  Costus_barbatus                    21.91%    passed     70.89%
  60  Cryosophila_warscewiczii           85.35%    passed     75.91%
  61  Cyphokentia_macrostachya           78.28%    passed     69.73%
  62  Cyphophoenix_nucele                42.48%    failed      0.55%
  63  Cyphosperma_balansae               74.27%    passed     56.61%
  64  Cyrtostachys_renda                 15.70%    passed     63.31%
  65  Daemonorops_acamptostachys         85.35%    passed     76.81%
  66  Dasypogon_bromelifolius            25.93%    passed     28.73%
  67  Deckenia_nobilis                   73.75%    passed     32.46%
  68  Desmoncus_orthacanthos             37.57%    failed      0.00%
  69  Dictyocaryum_lamarckianum          48.82%    failed      0.01%
  70  Dictyosperma_album                 37.09%    failed      0.00%
  71  Dransfieldia_micrantha             78.16%    passed     71.17%
  72  Drymophloeus_beguinii              18.87%    failed      4.38%
  73  Dypsis_lutescens                   13.63%    passed     62.73%
  74  Elaeis_guineensis                  18.23%    passed      6.89%
  75  Eleiodoxa_conferta                 85.35%    passed     76.51%
  76  Eremospatha_wendlandiana           79.19%    passed     57.07%
  77  Eugeissona_tristis                 85.35%    passed     77.97%
  78  Euterpe_oleracea                   80.75%    failed      3.70%
  79  Fargesia_sp_557_ny                 85.35%    passed     54.08%
  80  Gastrococos_crispa                 37.62%    failed      0.00%
  81  Gaussia_maya                       74.13%    passed      7.67%
  82  Geonoma_congesta                   18.52%    failed      4.28%
  83  Guihaia_argyrata                   85.35%    passed     81.58%
  84  Hanguana_malayana                  25.96%    passed     15.87%
  85  Hedyscepe_canterburyana            78.88%    passed     62.44%
  86  Hemithrinax_compacta               85.35%    passed     79.79%
  87  Heterospathe_elata                 75.83%    passed     22.38%
  88  Howea_belmoreana                   20.40%    passed     13.98%
  89  Hydriastele_microspadix            14.26%    passed     47.04%
  90  Hyophorbe_lagenicaulis              8.01%    passed     79.81%
  91  Hyospathe_macrorhachis             85.35%    passed     76.42%
  92  Hyphaene_thebaica                  49.33%    failed      0.01%
  93  Iguanura_wallichiana               73.57%    passed     43.96%
  94  Iriartea_deltoidea                 25.36%    passed     10.70%
  95  Iriartella_stenocarpa              85.40%    passed     71.67%
  96  Itaya_amicorum                     85.35%    passed     79.26%
  97  Johannesteijsmannia_altifrons      85.35%    passed     74.53%
  98  Juania_australis                   85.35%    passed     77.97%
  99  Jubaea_chilensis                   78.23%    passed     64.41%
 100  Jubaeopsis_caffra                  78.88%    passed     72.67%
 101  Kentiopsis_oliviformis             30.82%    failed      0.00%
 102  Kerriodoxa_elegans                 78.11%    passed     81.86%
 103  Kingia_australis                   85.35%    passed     87.59%
 104  Korthalsia_cheb                    85.35%    passed     71.76%
 105  Laccospadix_australasica           78.27%    passed     75.01%
 106  Laccosperma_acutiflorum            85.35%    passed     68.67%
 107  Latania_verschaffeltii             85.35%    passed     85.40%
 108  Lavoixia_macrocarpa                78.36%    passed     75.43%
 109  Lemurophoenix_halleuxii            73.71%    passed     38.31%
 110  Leopoldinia_pulchra                14.97%    passed     64.40%
 111  Lepidocaryum_tenue                 85.35%    passed     76.51%
 112  Lepidorrhachis_mooreana            79.32%    passed     65.70%
 113  Leucothrinax_morrisii              85.35%    passed     76.28%
 114  Licuala_kunstleri                  48.68%    failed      0.01%
 115  Linospadix_monostachya             33.34%    failed      0.00%
 116  Livistona_chinensis                25.36%    passed     12.74%
 117  Lodoicea_maldivica                 73.54%    passed     63.17%
 118  Loxococcus_rupicola                78.88%    passed     72.76%
 119  Lytocaryum_weddellianum            37.48%    failed      0.00%
 120  Manicaria_saccifera                13.23%    passed     58.77%
 121  Marojejya_insignis                 73.94%    passed     30.37%
 122  Masoala_madagascariensis           73.61%    passed     26.22%
 123  Mauritia_flexuosa                  14.39%    passed     35.98%
 124  Mauritiella_aculeata               85.35%    passed     76.42%
 125  Maxburretia_rupicola               85.35%    passed     78.21%
 126  Medemia_argun                      85.35%    passed     78.89%
 127  Metroxylon_salomonense             38.20%    failed      0.00%
 128  Moratia_cerifera                   78.18%    passed     72.98%
 129  Musa_rosea                         26.70%    passed     23.02%
 130  Myrialepis_paradoxa                85.35%    passed     78.21%
 131  Nannorrhops_ritchiana              85.35%    passed     64.59%
 132  Nenga_pumila                       73.54%    passed     14.61%
 133  Neonicholsonia_watsonii            78.51%    passed     79.28%
 134  Neoveitchia_storckii               79.18%    passed     96.99%
 135  Nephrosperma_vanhoutteanum         75.73%    passed     59.16%
 136  Normanbya_normanbyi                74.11%    passed     68.91%
 137  Nypa_fruticans                     10.03%    passed     12.70%
 138  Oenocarpus_bataua                  44.59%    failed      0.00%
 139  Oncocalamus_tuleyi                 85.35%    passed     72.03%
 140  Oncosperma_tigillarium             13.51%    passed     61.15%
 141  Orania_lauterbachiana               7.28%    passed     96.59%
 142  Oraniopsis_appendiculata           78.63%    passed     74.83%
 143  Parajubaea_torallyi                78.64%    passed     57.28%
 144  Pelagodoxa_henryana                73.54%    passed     27.31%
 145  Phoenicophorium_borsigianum        73.66%    passed     23.45%
 146  Phoenix_reclinata                  15.08%    passed     45.69%
 147  Pholidocarpus_macrocarpus          85.35%    passed     72.51%
 148  Pholidostachys_pulchra             78.32%    passed     84.64%
 149  Physokentia_rosea                  74.46%    passed     57.65%
 150  Phytelephas_aequatorialis          14.33%    failed      0.14%
 151  Pigafetta_elata                    80.62%    passed      6.30%
 152  Pinanga_simplicifrons              81.40%    passed     92.09%
 153  Pinanga_simplicifrons_b            85.36%    passed     82.83%
 154  Plectocomia_mulleri                74.58%    failed      0.00%
 155  Podococcus_barteri                 13.78%    passed     56.19%
 156  Pogonotium_ursinum                 85.37%    passed     80.50%
 157  Polyandrococos_caudescens          78.28%    passed     75.61%
 158  Ponapea_ledermanniana              79.08%    passed     72.82%
 159  Prestoea_pubens                    20.89%    passed     66.08%
 160  Pritchardia_arecina                85.35%    passed     69.47%
 161  Pritchardiopsis_jeanneneyi         48.68%    failed      0.01%
 162  Pseudophoenix_vinifera             15.15%    passed     77.46%
 163  Ptychococcus_paradoxus             78.71%    passed     67.54%
 164  Ptychosperma_macarthurii           14.47%    passed     39.17%
 165  Raphia_farinifera                  85.35%    passed     76.01%
 166  Ravenea_louvelii                   20.48%    passed     55.28%
 167  Reinhardtia_simplex                14.22%    passed     43.16%
 168  Retispatha_dumetosa                85.35%    passed     78.89%
 169  Rhapidophyllum_hystrix             85.35%    passed     78.71%
 170  Rhapis_excelsa                     49.11%    failed      0.00%
 171  Rhopaloblaste_augusta              74.49%    passed     36.82%
 172  Rhopalostylis_baueri               74.06%    passed     68.87%
 173  Roscheria_melanochaetes            74.81%    passed     34.96%
 174  Roystonea_oleracea                 14.20%    passed     27.19%
 175  Sabal_bermudana                    37.87%    failed      0.00%
 176  Salacca_ramosiana                  48.70%    failed      0.01%
 177  Satakentia_liukiuensis             74.51%    passed     38.05%
 178  Satranala_decussilvae              85.35%    passed     72.75%
 179  Schippia_concolor                  85.35%    passed     83.40%
 180  Sclerosperma_mannii                73.94%    passed     28.54%
 181  Serenoa_repens                     74.62%    failed      0.00%
 182  Socratea_exorrhiza                 37.07%    failed      0.00%
 183  Solfia_samoensis                   78.71%    passed     73.52%
 184  Sommieria_leucophylla              73.57%    passed     15.97%
 185  Syagrus_smithii                    37.48%    failed      0.00%
 186  Synechanthus_warscewiczianus       85.35%    passed     79.50%
 187  Tectiphiala_ferox                  73.96%    passed     57.57%
 188  Thrinax_radiata                    25.23%    passed     19.57%
 189  Trachycarpus_fortunei              48.48%    failed      0.01%
 190  Tradescantia_pallida               28.18%    passed     12.08%
 191  Trithrinax_campestris              48.74%    failed      0.01%
 192  Typha_angustifolia                 21.22%    passed     11.70%
 193  Veillonia_alba                     78.85%    passed     67.87%
 194  Veitchia_arecina                   42.76%    failed      0.47%
 195  Verschaffeltia_splendida           74.81%    passed     25.71%
 196  Voanioala_gerardii                 37.62%    failed      0.00%
 197  Vriesia_psittacina                 85.35%    passed     83.30%
 198  Wallichia_disticha                 74.52%    failed      0.00%
 199  Washingtonia_robusta               24.94%    passed     13.79%
 200  Welfia_regia                       73.68%    passed     38.22%
 201  Wendlandiella_gracilis             19.95%    failed      0.74%
 202  Wettinia_hirsuta                    7.30%    passed     77.79%
 203  Wodyetia_bifurcata                 78.71%    passed     80.53%
 204  Zea_mays                           14.45%    failed      0.03%
 205  Zombia_antillarum                  85.35%    passed     75.91%
WARNING: 117 sequences contain more than 50% gaps/ambiguity
****  TOTAL                              57.24%  51 sequences failed composition chi2 test (p-value<5%; df=3)
Checking for duplicate sequences: done in 0.00327738 secs using 99.96% CPU


Create initial parsimony tree by phylogenetic likelihood library (PLL)... 0.119 seconds
Perform fast likelihood tree search using GTR+I+G model...
Estimate model parameters (epsilon = 5.000)
Perform nearest neighbor interchange...
Estimate model parameters (epsilon = 1.000)
1. Initial log-likelihood: -59836.795
2. Current log-likelihood: -59833.353
3. Current log-likelihood: -59830.442
4. Current log-likelihood: -59828.056
5. Current log-likelihood: -59826.136
6. Current log-likelihood: -59824.565
7. Current log-likelihood: -59823.299
8. Current log-likelihood: -59822.298
Optimal log-likelihood: -59821.399
Rate parameters:  A-C: 1.34648  A-G: 4.21200  A-T: 0.70770  C-G: 1.45541  C-T: 4.92610  G-T: 1.00000
Base frequencies:  A: 0.276  C: 0.198  G: 0.234  T: 0.292
Proportion of invariable sites: 0.417
Gamma shape alpha: 0.567
Parameters optimization took 8 rounds (6.138 sec)
Time for fast ML tree search: 17.172 seconds

NOTE: ModelFinder requires 208 MB RAM!
ModelFinder will test up to 968 DNA models (sample size: 8913 epsilon: 0.100) ...
 No. Model         -LnL         df  AIC          AICc         BIC
  1  JC            66649.142    407 134112.283   134151.332   137000.056
  2  JC+I          63038.273    408 126892.546   126931.791   129787.414
  3  JC+G4         62066.005    408 124948.010   124987.255   127842.878
  4  JC+I+G4       61800.404    409 124418.808   124458.250   127320.772
  5  JC+R2         62100.883    409 125019.766   125059.209   127921.730
  6  JC+R3         61463.147    411 123748.293   123788.131   126664.447
  7  JC+R4         61373.893    413 123573.786   123614.022   126504.131
  8  JC+R5         61371.308    415 123572.616   123613.252   126517.152
 14  JC+I+R2       61613.073    410 124046.146   124085.786   126955.205
 15  JC+I+R3       61396.893    412 123617.786   123657.823   126541.036
 16  JC+I+R4       61368.761    414 123565.521   123605.957   126502.961
 17  JC+I+R5       61368.461    416 123568.922   123609.759   126520.553
 29  JC+R4         61373.893    413 123573.787   123614.022   126504.131
 38  JC+I+R4       61368.761    414 123565.521   123605.957   126502.961
 51  F81+R4        61373.720    413 123573.440   123613.676   126503.785
 60  F81+I+R4      61368.641    414 123565.281   123605.717   126502.722
 73  F81+F+R4      61369.830    416 123571.661   123612.497   126523.292
 82  F81+F+I+R4    61365.536    417 123565.073   123606.110   126523.799
 95  K2P+R4        59495.357    414 119818.714   119859.149   122756.154
104  K2P+I+R4      59489.148    415 119808.296   119848.931   122752.831
117  K2P+R4        59495.357    414 119818.714   119859.149   122756.154
126  K2P+I+R4      59489.148    415 119808.296   119848.931   122752.831
139  HKY+R4        59495.312    414 119818.623   119859.059   122756.063
148  HKY+I+R4      59489.135    415 119808.269   119848.905   122752.805
161  HKY+F+R4      59460.376    417 119754.752   119795.789   122713.478
170  HKY+F+I+R4    59455.677    418 119747.354   119788.593   122713.176
183  TNe+R4        59491.997    415 119813.994   119854.629   122758.529
192  TNe+I+R4      59484.975    416 119801.950   119842.786   122753.581
205  TNe+R4        59491.997    415 119813.994   119854.629   122758.529
214  TNe+I+R4      59484.975    416 119801.950   119842.786   122753.581
227  TN+R4         59491.987    415 119813.975   119854.610   122758.510
236  TN+I+R4       59484.942    416 119801.884   119842.720   122753.515
249  TN+F+R4       59451.957    418 119739.914   119781.153   122705.736
258  TN+F+I+R4     59445.921    419 119729.841   119771.282   122702.758
271  K3P+R4        59491.331    415 119812.663   119853.298   122757.198
280  K3P+I+R4      59485.201    416 119802.401   119843.237   122754.032
293  K3P+R4        59491.331    415 119812.663   119853.298   122757.198
302  K3P+I+R4      59485.201    416 119802.401   119843.237   122754.032
315  K3Pu+R4       59491.305    415 119812.609   119853.245   122757.145
324  K3Pu+I+R4     59485.193    416 119802.385   119843.221   122754.016
337  K3Pu+F+R4     59453.808    418 119743.617   119784.856   122709.438
346  K3Pu+F+I+R4   59449.386    419 119736.772   119778.213   122709.689
359  TPM2+R4       59494.668    415 119819.335   119859.971   122763.871
368  TPM2+I+R4     59488.721    416 119809.442   119850.278   122761.073
381  TPM2+R4       59494.668    415 119819.335   119859.971   122763.871
390  TPM2+I+R4     59488.721    416 119809.442   119850.278   122761.073
403  TPM2u+R4      59494.642    415 119819.283   119859.919   122763.819
412  TPM2u+I+R4    59488.714    416 119809.428   119850.264   122761.058
425  TPM2u+F+R4    59450.852    418 119737.704   119778.943   122703.525
434  TPM2u+F+I+R4  59446.690    419 119731.380   119772.821   122704.296
447  TPM3+R4       59487.330    415 119804.661   119845.297   122749.196
456  TPM3+I+R4     59481.570    416 119795.140   119835.976   122746.770
469  TPM3+R4       59487.330    415 119804.661   119845.297   122749.196
478  TPM3+I+R4     59481.570    416 119795.140   119835.976   122746.770
491  TPM3u+R4      59487.302    415 119804.604   119845.240   122749.140
500  TPM3u+I+R4    59481.560    416 119795.120   119835.956   122746.750
513  TPM3u+F+R4    59392.652    418 119621.305   119662.544   122587.126
522  TPM3u+F+I+R4  59387.956    419 119613.912   119655.353   122586.829
535  TIMe+R4       59487.984    416 119807.969   119848.805   122759.600
544  TIMe+I+R4     59481.025    417 119796.051   119837.088   122754.777
557  TIMe+R4       59487.984    416 119807.969   119848.805   122759.600
566  TIMe+I+R4     59481.025    417 119796.051   119837.088   122754.777
579  TIM+R4        59487.981    416 119807.962   119848.798   122759.593
588  TIM+I+R4      59481.005    417 119796.009   119837.047   122754.735
601  TIM+F+R4      59445.516    419 119729.032   119770.473   122701.949
610  TIM+F+I+R4    59439.529    420 119719.059   119760.703   122699.071
623  TIM2e+R4      59491.295    416 119814.591   119855.427   122766.221
632  TIM2e+I+R4    59484.497    417 119802.995   119844.032   122761.720
645  TIM2e+R4      59491.295    416 119814.591   119855.427   122766.221
654  TIM2e+I+R4    59484.497    417 119802.995   119844.032   122761.720
667  TIM2+R4       59491.290    416 119814.580   119855.416   122766.211
676  TIM2+I+R4     59484.462    417 119802.923   119843.960   122761.649
689  TIM2+F+R4     59442.296    419 119722.591   119764.032   122695.508
698  TIM2+F+I+R4   59436.693    420 119713.387   119755.031   122693.399
711  TIM3e+R4      59484.150    416 119800.299   119841.135   122751.930
720  TIM3e+I+R4    59477.736    417 119789.473   119830.510   122748.199
733  TIM3e+R4      59484.150    416 119800.299   119841.135   122751.930
742  TIM3e+I+R4    59477.736    417 119789.473   119830.510   122748.199
755  TIM3+R4       59484.151    416 119800.301   119841.137   122751.932
764  TIM3+I+R4     59477.692    417 119789.385   119830.422   122748.110
777  TIM3+F+R4     59383.270    419 119604.539   119645.980   122577.456
786  TIM3+F+I+R4   59377.070    420 119594.140   119635.784   122574.152
799  TVMe+R4       59482.934    417 119799.867   119840.904   122758.593
808  TVMe+I+R4     59477.541    418 119791.083   119832.322   122756.904
821  TVMe+R4       59482.934    417 119799.867   119840.904   122758.593
830  TVMe+I+R4     59477.541    418 119791.083   119832.322   122756.904
843  TVM+R4        59482.926    417 119799.852   119840.889   122758.578
852  TVM+I+R4      59477.530    418 119791.059   119832.298   122756.880
865  TVM+F+R4      59379.643    420 119599.287   119640.931   122579.298
874  TVM+F+I+R4    59375.301    421 119592.602   119634.449   122579.709
887  SYM+R4        59479.952    418 119795.904   119837.143   122761.725
896  SYM+I+R4      59473.566    419 119785.132   119826.573   122758.049
909  SYM+R4        59479.952    418 119795.904   119837.143   122761.725
918  SYM+I+R4      59473.566    419 119785.132   119826.573   122758.049
931  GTR+R4        59479.942    418 119795.885   119837.124   122761.706
940  GTR+I+R4      59473.555    419 119785.111   119826.552   122758.027
953  GTR+F+R4      59370.060    421 119582.119   119623.966   122569.226
962  GTR+F+I+R4    59364.227    422 119572.454   119614.504   122566.656
Akaike Information Criterion:           GTR+F+I+R4
Corrected Akaike Information Criterion: GTR+F+I+R4
Bayesian Information Criterion:         GTR+F+I+R4
Best-fit model: GTR+F+I+R4 chosen according to BIC

All model information printed to results/dna_M4399_205_8913.phy/output_files/iqtree/inference/pars_9.model.gz
CPU time for ModelFinder: 1068.135 seconds (0h:17m:48s)
Wall-clock time for ModelFinder: 1073.747 seconds (0h:17m:53s)

NOTE: 83 MB RAM (0 GB) is required!
Estimate model parameters (epsilon = 0.010)
1. Initial log-likelihood: -59364.227
2. Current log-likelihood: -59364.213
3. Current log-likelihood: -59364.199
4. Current log-likelihood: -59364.186
Optimal log-likelihood: -59364.174
Rate parameters:  A-C: 1.38329  A-G: 4.33941  A-T: 0.72908  C-G: 1.49827  C-T: 5.23016  G-T: 1.00000
Base frequencies:  A: 0.276  C: 0.198  G: 0.234  T: 0.292
Proportion of invariable sites: 0.440
Site proportion and rates:  (0.333,0.421) (0.170,1.998) (0.045,6.154) (0.013,18.687)
Parameters optimization took 4 rounds (7.721 sec)
Wrote distance file to... 
BEST SCORE FOUND : -59364.174
Total tree length: 2.294

Total number of iterations: 0
CPU time used for tree search: 0.000 sec (0h:0m:0s)
Wall-clock time used for tree search: 0.000 sec (0h:0m:0s)
Total CPU time used: 1075.919 sec (0h:17m:55s)
Total wall-clock time used: 1081.575 sec (0h:18m:1s)

Analysis results written to: 
  IQ-TREE report:                results/dna_M4399_205_8913.phy/output_files/iqtree/inference/pars_9.iqtree
  Maximum-likelihood tree:       results/dna_M4399_205_8913.phy/output_files/iqtree/inference/pars_9.treefile
  Screen log file:               results/dna_M4399_205_8913.phy/output_files/iqtree/inference/pars_9.log

Date and Time: Sun Sep 21 03:40:14 2025
