IQ-TREE version 3.0.1 for Linux x86 64-bit built Sep 12 2025
Developed by Bui Quang Minh, Thomas Wong, Nhan Ly-Trong, Huaiyan Ren
Contributed by Lam-Tung Nguyen, Dominik Schrempf, Chris Bielow,
Olga Chernomor, Michael Woodhams, Diep Thi Hoang, Heiko Schmidt

Host:    suny-Precision-5530 (AVX2, FMA3, 15 GB RAM)
Command: /usr/local/bin/iqtree3 -s /home/suny/Downloads/VAN_TRAINING_DATA/data2/dna_M4399_205_8913.phy -pre results/dna_M4399_205_8913.phy/output_files/iqtree/inference/rand -seed 0 -t RANDOM -T 1 -redo -n 3 -ninit 20 -xgphy -xgphy_nni_count 3
Seed:    0 (Using SPRNG - Scalable Parallel Random Number Generator)
Time:    Sun Sep 21 05:31:42 2025
Kernel:  AVX+FMA - 1 threads (12 CPU cores detected)

HINT: Use -nt option to specify number of threads because your CPU has 12 cores!
HINT: -nt AUTO will automatically determine the best number of threads to use.

Reading alignment file /home/suny/Downloads/VAN_TRAINING_DATA/data2/dna_M4399_205_8913.phy ... Phylip format detected
Alignment most likely contains DNA/RNA sequences
Constructing alignment: done in 0.0290355 secs using 77.08% CPU
Alignment has 205 sequences with 8913 columns, 3129 distinct patterns
1799 parsimony-informative, 1355 singleton sites, 5759 constant sites
                                  Gap/Ambiguity  Composition  p-value
Analyzing sequences: done in 0.00338788 secs using 99.86% CPU
   1  Acanthophoenix_rubra               67.75%    failed      0.00%
   2  Acoelorraphe_wrightii              85.35%    passed     76.90%
   3  Acrocomia_aculeata                 37.53%    failed      0.00%
   4  Actinokentia_divaricata            78.18%    passed     64.79%
   5  Actinorhytis_calapparia            73.75%    passed     38.94%
   6  Adonidia_merrillii                 78.71%    passed     65.23%
   7  Aiphanes_aculeata                  37.70%    failed      0.00%
   8  Allagoptera_arenaria               26.73%    passed      6.20%
   9  Alloschmidia_glabrata              78.88%    passed     70.58%
  10  Alsmithia_longipes                 80.34%    passed     84.91%
  11  Ammandra_decasperma                66.73%    failed      0.01%
  12  Anigozanthos                       15.20%    passed     44.32%
  13  Aphandra_natalia                   17.63%    failed      3.10%
  14  Archontophoenix_purpurea           38.98%    failed      0.00%
  15  Areca_triandra                     14.18%    passed     67.46%
  16  Arenga_hookeriana                  49.31%    failed      0.01%
  17  Asterogyne_martiana                67.53%    failed      0.00%
  18  Astrocaryum_alatum                 18.16%    passed      5.12%
  19  Attalea_allenii                    18.28%    passed      8.84%
  20  Bactris_gasipaes                   33.45%    failed      0.00%
  21  Balaka_seemannii                   37.39%    failed      0.01%
  22  Barcella_odora                     44.59%    failed      0.00%
  23  Basselinia_velutina                78.88%    passed     73.18%
  24  Beccariophoenix_madagascariensis   13.88%    passed     39.48%
  25  Bentinckia_nicobarica              13.52%    passed     71.75%
  26  Bismarckia_nobilis                 85.35%    passed     79.79%
  27  Borassodendron_machadonis          85.35%    passed     75.04%
  28  Borassus_flabellifer               25.13%    passed     18.59%
  29  Brahea_berlandieri                 85.35%    passed     82.19%
  30  Brassiophoenix_schumannii          78.71%    passed     62.94%
  31  Brongniartikentia_lanuginosa       73.49%    passed     18.21%
  32  Burretiokentia_hapala              19.59%    failed      2.41%
  33  Butia_eriospatha                   37.48%    failed      0.00%
  34  Calamus_aruensis                   25.70%    passed     21.90%
  35  Calectasia_intermedia              31.34%    passed     69.77%
  36  Calospatha_scortechinii            85.35%    passed     73.17%
  37  Calyptrocalyx_albertisiana         41.55%    failed      0.12%
  38  Calyptrogyne_ghiesbreghtiana       78.53%    passed     89.54%
  39  Calyptronoma_occidentalis          18.24%    passed     10.38%
  40  Campecarpus_fulcitus               78.88%    passed     69.38%
  41  Carpentaria_acuminata              78.71%    passed     74.38%
  42  Carpoxylon_macrospermum            74.22%    passed     70.08%
  43  Caryota_mitis                      13.31%    passed     42.87%
  44  Catopsis_montana                   57.49%    failed      0.00%
  45  Ceratolobus_pseudoconcolor         85.35%    passed     83.54%
  46  Ceroxylon_quindiuense              78.62%    passed     77.46%
  47  Chamaedorea_microspadix            13.84%    passed     38.69%
  48  Chamaerops_humilis                 36.54%    failed      0.00%
  49  Chambeyronia_macrocarpa            18.23%    passed      6.10%
  50  Chelyocarpus_ulei                  48.95%    failed      0.01%
  51  Chuniophoenix_nana                 85.35%    passed     60.55%
  52  Clinosperma_bractealis             78.27%    passed     79.59%
  53  Clinostigma_savoryanum             38.46%    failed      0.00%
  54  Coccothrinax_argentata             85.35%    passed     76.51%
  55  Cocos_nucifera                     18.51%    passed     11.50%
  56  Colpothrinax_wrightii              85.35%    passed     76.18%
  57  Copernicia_prunifera               81.77%    failed      1.36%
  58  Corypha_umbraculifera              48.88%    failed      0.00%
  59  Costus_barbatus                    21.91%    passed     70.89%
  60  Cryosophila_warscewiczii           85.35%    passed     75.91%
  61  Cyphokentia_macrostachya           78.28%    passed     69.73%
  62  Cyphophoenix_nucele                42.48%    failed      0.55%
  63  Cyphosperma_balansae               74.27%    passed     56.61%
  64  Cyrtostachys_renda                 15.70%    passed     63.31%
  65  Daemonorops_acamptostachys         85.35%    passed     76.81%
  66  Dasypogon_bromelifolius            25.93%    passed     28.73%
  67  Deckenia_nobilis                   73.75%    passed     32.46%
  68  Desmoncus_orthacanthos             37.57%    failed      0.00%
  69  Dictyocaryum_lamarckianum          48.82%    failed      0.01%
  70  Dictyosperma_album                 37.09%    failed      0.00%
  71  Dransfieldia_micrantha             78.16%    passed     71.17%
  72  Drymophloeus_beguinii              18.87%    failed      4.38%
  73  Dypsis_lutescens                   13.63%    passed     62.73%
  74  Elaeis_guineensis                  18.23%    passed      6.89%
  75  Eleiodoxa_conferta                 85.35%    passed     76.51%
  76  Eremospatha_wendlandiana           79.19%    passed     57.07%
  77  Eugeissona_tristis                 85.35%    passed     77.97%
  78  Euterpe_oleracea                   80.75%    failed      3.70%
  79  Fargesia_sp_557_ny                 85.35%    passed     54.08%
  80  Gastrococos_crispa                 37.62%    failed      0.00%
  81  Gaussia_maya                       74.13%    passed      7.67%
  82  Geonoma_congesta                   18.52%    failed      4.28%
  83  Guihaia_argyrata                   85.35%    passed     81.58%
  84  Hanguana_malayana                  25.96%    passed     15.87%
  85  Hedyscepe_canterburyana            78.88%    passed     62.44%
  86  Hemithrinax_compacta               85.35%    passed     79.79%
  87  Heterospathe_elata                 75.83%    passed     22.38%
  88  Howea_belmoreana                   20.40%    passed     13.98%
  89  Hydriastele_microspadix            14.26%    passed     47.04%
  90  Hyophorbe_lagenicaulis              8.01%    passed     79.81%
  91  Hyospathe_macrorhachis             85.35%    passed     76.42%
  92  Hyphaene_thebaica                  49.33%    failed      0.01%
  93  Iguanura_wallichiana               73.57%    passed     43.96%
  94  Iriartea_deltoidea                 25.36%    passed     10.70%
  95  Iriartella_stenocarpa              85.40%    passed     71.67%
  96  Itaya_amicorum                     85.35%    passed     79.26%
  97  Johannesteijsmannia_altifrons      85.35%    passed     74.53%
  98  Juania_australis                   85.35%    passed     77.97%
  99  Jubaea_chilensis                   78.23%    passed     64.41%
 100  Jubaeopsis_caffra                  78.88%    passed     72.67%
 101  Kentiopsis_oliviformis             30.82%    failed      0.00%
 102  Kerriodoxa_elegans                 78.11%    passed     81.86%
 103  Kingia_australis                   85.35%    passed     87.59%
 104  Korthalsia_cheb                    85.35%    passed     71.76%
 105  Laccospadix_australasica           78.27%    passed     75.01%
 106  Laccosperma_acutiflorum            85.35%    passed     68.67%
 107  Latania_verschaffeltii             85.35%    passed     85.40%
 108  Lavoixia_macrocarpa                78.36%    passed     75.43%
 109  Lemurophoenix_halleuxii            73.71%    passed     38.31%
 110  Leopoldinia_pulchra                14.97%    passed     64.40%
 111  Lepidocaryum_tenue                 85.35%    passed     76.51%
 112  Lepidorrhachis_mooreana            79.32%    passed     65.70%
 113  Leucothrinax_morrisii              85.35%    passed     76.28%
 114  Licuala_kunstleri                  48.68%    failed      0.01%
 115  Linospadix_monostachya             33.34%    failed      0.00%
 116  Livistona_chinensis                25.36%    passed     12.74%
 117  Lodoicea_maldivica                 73.54%    passed     63.17%
 118  Loxococcus_rupicola                78.88%    passed     72.76%
 119  Lytocaryum_weddellianum            37.48%    failed      0.00%
 120  Manicaria_saccifera                13.23%    passed     58.77%
 121  Marojejya_insignis                 73.94%    passed     30.37%
 122  Masoala_madagascariensis           73.61%    passed     26.22%
 123  Mauritia_flexuosa                  14.39%    passed     35.98%
 124  Mauritiella_aculeata               85.35%    passed     76.42%
 125  Maxburretia_rupicola               85.35%    passed     78.21%
 126  Medemia_argun                      85.35%    passed     78.89%
 127  Metroxylon_salomonense             38.20%    failed      0.00%
 128  Moratia_cerifera                   78.18%    passed     72.98%
 129  Musa_rosea                         26.70%    passed     23.02%
 130  Myrialepis_paradoxa                85.35%    passed     78.21%
 131  Nannorrhops_ritchiana              85.35%    passed     64.59%
 132  Nenga_pumila                       73.54%    passed     14.61%
 133  Neonicholsonia_watsonii            78.51%    passed     79.28%
 134  Neoveitchia_storckii               79.18%    passed     96.99%
 135  Nephrosperma_vanhoutteanum         75.73%    passed     59.16%
 136  Normanbya_normanbyi                74.11%    passed     68.91%
 137  Nypa_fruticans                     10.03%    passed     12.70%
 138  Oenocarpus_bataua                  44.59%    failed      0.00%
 139  Oncocalamus_tuleyi                 85.35%    passed     72.03%
 140  Oncosperma_tigillarium             13.51%    passed     61.15%
 141  Orania_lauterbachiana               7.28%    passed     96.59%
 142  Oraniopsis_appendiculata           78.63%    passed     74.83%
 143  Parajubaea_torallyi                78.64%    passed     57.28%
 144  Pelagodoxa_henryana                73.54%    passed     27.31%
 145  Phoenicophorium_borsigianum        73.66%    passed     23.45%
 146  Phoenix_reclinata                  15.08%    passed     45.69%
 147  Pholidocarpus_macrocarpus          85.35%    passed     72.51%
 148  Pholidostachys_pulchra             78.32%    passed     84.64%
 149  Physokentia_rosea                  74.46%    passed     57.65%
 150  Phytelephas_aequatorialis          14.33%    failed      0.14%
 151  Pigafetta_elata                    80.62%    passed      6.30%
 152  Pinanga_simplicifrons              81.40%    passed     92.09%
 153  Pinanga_simplicifrons_b            85.36%    passed     82.83%
 154  Plectocomia_mulleri                74.58%    failed      0.00%
 155  Podococcus_barteri                 13.78%    passed     56.19%
 156  Pogonotium_ursinum                 85.37%    passed     80.50%
 157  Polyandrococos_caudescens          78.28%    passed     75.61%
 158  Ponapea_ledermanniana              79.08%    passed     72.82%
 159  Prestoea_pubens                    20.89%    passed     66.08%
 160  Pritchardia_arecina                85.35%    passed     69.47%
 161  Pritchardiopsis_jeanneneyi         48.68%    failed      0.01%
 162  Pseudophoenix_vinifera             15.15%    passed     77.46%
 163  Ptychococcus_paradoxus             78.71%    passed     67.54%
 164  Ptychosperma_macarthurii           14.47%    passed     39.17%
 165  Raphia_farinifera                  85.35%    passed     76.01%
 166  Ravenea_louvelii                   20.48%    passed     55.28%
 167  Reinhardtia_simplex                14.22%    passed     43.16%
 168  Retispatha_dumetosa                85.35%    passed     78.89%
 169  Rhapidophyllum_hystrix             85.35%    passed     78.71%
 170  Rhapis_excelsa                     49.11%    failed      0.00%
 171  Rhopaloblaste_augusta              74.49%    passed     36.82%
 172  Rhopalostylis_baueri               74.06%    passed     68.87%
 173  Roscheria_melanochaetes            74.81%    passed     34.96%
 174  Roystonea_oleracea                 14.20%    passed     27.19%
 175  Sabal_bermudana                    37.87%    failed      0.00%
 176  Salacca_ramosiana                  48.70%    failed      0.01%
 177  Satakentia_liukiuensis             74.51%    passed     38.05%
 178  Satranala_decussilvae              85.35%    passed     72.75%
 179  Schippia_concolor                  85.35%    passed     83.40%
 180  Sclerosperma_mannii                73.94%    passed     28.54%
 181  Serenoa_repens                     74.62%    failed      0.00%
 182  Socratea_exorrhiza                 37.07%    failed      0.00%
 183  Solfia_samoensis                   78.71%    passed     73.52%
 184  Sommieria_leucophylla              73.57%    passed     15.97%
 185  Syagrus_smithii                    37.48%    failed      0.00%
 186  Synechanthus_warscewiczianus       85.35%    passed     79.50%
 187  Tectiphiala_ferox                  73.96%    passed     57.57%
 188  Thrinax_radiata                    25.23%    passed     19.57%
 189  Trachycarpus_fortunei              48.48%    failed      0.01%
 190  Tradescantia_pallida               28.18%    passed     12.08%
 191  Trithrinax_campestris              48.74%    failed      0.01%
 192  Typha_angustifolia                 21.22%    passed     11.70%
 193  Veillonia_alba                     78.85%    passed     67.87%
 194  Veitchia_arecina                   42.76%    failed      0.47%
 195  Verschaffeltia_splendida           74.81%    passed     25.71%
 196  Voanioala_gerardii                 37.62%    failed      0.00%
 197  Vriesia_psittacina                 85.35%    passed     83.30%
 198  Wallichia_disticha                 74.52%    failed      0.00%
 199  Washingtonia_robusta               24.94%    passed     13.79%
 200  Welfia_regia                       73.68%    passed     38.22%
 201  Wendlandiella_gracilis             19.95%    failed      0.74%
 202  Wettinia_hirsuta                    7.30%    passed     77.79%
 203  Wodyetia_bifurcata                 78.71%    passed     80.53%
 204  Zea_mays                           14.45%    failed      0.03%
 205  Zombia_antillarum                  85.35%    passed     75.91%
WARNING: 117 sequences contain more than 50% gaps/ambiguity
****  TOTAL                              57.24%  51 sequences failed composition chi2 test (p-value<5%; df=3)
Checking for duplicate sequences: done in 0.00366748 secs using 99.88% CPU


Create initial parsimony tree by phylogenetic likelihood library (PLL)... 0.128 seconds
Perform fast likelihood tree search using GTR+I+G model...
Estimate model parameters (epsilon = 5.000)
Perform nearest neighbor interchange...
Estimate model parameters (epsilon = 1.000)
1. Initial log-likelihood: -59822.262
2. Current log-likelihood: -59818.867
3. Current log-likelihood: -59816.025
4. Current log-likelihood: -59813.703
5. Current log-likelihood: -59811.848
6. Current log-likelihood: -59810.329
7. Current log-likelihood: -59809.110
Optimal log-likelihood: -59808.006
Rate parameters:  A-C: 1.32715  A-G: 4.15965  A-T: 0.69770  C-G: 1.43784  C-T: 4.86360  G-T: 1.00000
Base frequencies:  A: 0.276  C: 0.198  G: 0.234  T: 0.292
Proportion of invariable sites: 0.413
Gamma shape alpha: 0.560
Parameters optimization took 7 rounds (8.278 sec)
Time for fast ML tree search: 23.790 seconds

NOTE: ModelFinder requires 208 MB RAM!
ModelFinder will test up to 968 DNA models (sample size: 8913 epsilon: 0.100) ...
 No. Model         -LnL         df  AIC          AICc         BIC
  1  JC            66610.172    407 134034.344   134073.393   136922.117
  2  JC+I          63011.967    408 126839.935   126879.181   129734.804
  3  JC+G4         62041.350    408 124898.700   124937.946   127793.569
  4  JC+I+G4       61777.164    409 124372.329   124411.772   127274.293
  5  JC+R2         62073.314    409 124964.627   125004.070   127866.591
  6  JC+R3         61440.188    411 123702.376   123742.214   126618.531
  7  JC+R4         61355.414    413 123536.829   123577.065   126467.174
  8  JC+R5         61352.906    415 123535.813   123576.448   126480.348
 14  JC+I+R2       61591.801    410 124003.602   124043.242   126912.661
 15  JC+I+R3       61381.194    412 123586.388   123626.425   126509.638
 16  JC+I+R4       61351.222    414 123530.443   123570.879   126467.884
 17  JC+I+R5       61350.705    416 123533.410   123574.246   126485.041
 29  JC+R4         61355.414    413 123536.829   123577.065   126467.174
 38  JC+I+R4       61351.222    414 123530.443   123570.879   126467.884
 51  F81+R4        61355.192    413 123536.384   123576.620   126466.729
 60  F81+I+R4      61351.119    414 123530.238   123570.674   126467.679
 73  F81+F+R4      61348.816    416 123529.632   123570.468   126481.263
 82  F81+F+I+R4    61345.908    417 123525.816   123566.853   126484.542
 95  K2P+R4        59486.231    414 119800.462   119840.897   122737.902
104  K2P+I+R4      59481.071    415 119792.142   119832.777   122736.677
117  K2P+R4        59486.231    414 119800.462   119840.897   122737.902
126  K2P+I+R4      59481.071    415 119792.142   119832.777   122736.677
139  HKY+R4        59486.162    414 119800.324   119840.760   122737.765
148  HKY+I+R4      59481.061    415 119792.121   119832.757   122736.656
161  HKY+F+R4      59450.710    417 119735.421   119776.458   122694.147
170  HKY+F+I+R4    59447.679    418 119731.358   119772.597   122697.179
183  TNe+R4        59482.869    415 119795.739   119836.374   122740.274
192  TNe+I+R4      59477.048    416 119786.095   119826.932   122737.726
205  TNe+R4        59482.869    415 119795.739   119836.374   122740.274
214  TNe+I+R4      59477.048    416 119786.095   119826.932   122737.726
227  TN+R4         59482.867    415 119795.734   119836.369   122740.269
236  TN+I+R4       59476.978    416 119785.956   119826.792   122737.587
249  TN+F+R4       59442.305    418 119720.610   119761.849   122686.431
258  TN+F+I+R4     59438.085    419 119714.170   119755.611   122687.087
271  K3P+R4        59481.857    415 119793.715   119834.350   122738.250
280  K3P+I+R4      59476.771    416 119785.542   119826.378   122737.172
293  K3P+R4        59481.857    415 119793.715   119834.350   122738.250
302  K3P+I+R4      59476.771    416 119785.542   119826.378   122737.172
315  K3Pu+R4       59481.844    415 119793.688   119834.324   122738.224
324  K3Pu+I+R4     59476.766    416 119785.532   119826.368   122737.163
337  K3Pu+F+R4     59443.770    418 119723.539   119764.778   122689.360
346  K3Pu+F+I+R4   59441.105    419 119720.210   119761.651   122693.127
359  TPM2+R4       59485.568    415 119801.136   119841.771   122745.671
368  TPM2+I+R4     59480.706    416 119793.413   119834.249   122745.044
381  TPM2+R4       59485.568    415 119801.136   119841.771   122745.671
390  TPM2+I+R4     59480.706    416 119793.413   119834.249   122745.044
403  TPM2u+R4      59485.560    415 119801.121   119841.756   122745.656
412  TPM2u+I+R4    59480.701    416 119793.401   119834.238   122745.032
425  TPM2u+F+R4    59441.067    418 119718.133   119759.372   122683.955
434  TPM2u+F+I+R4  59438.577    419 119715.154   119756.595   122688.071
447  TPM3+R4       59478.959    415 119787.918   119828.553   122732.453
456  TPM3+I+R4     59474.299    416 119780.598   119821.434   122732.228
469  TPM3+R4       59478.959    415 119787.918   119828.553   122732.453
478  TPM3+I+R4     59474.299    416 119780.598   119821.434   122732.228
491  TPM3u+R4      59478.941    415 119787.883   119828.518   122732.418
500  TPM3u+I+R4    59474.291    416 119780.583   119821.419   122732.213
513  TPM3u+F+R4    59385.432    418 119606.863   119648.102   122572.685
522  TPM3u+F+I+R4  59382.346    419 119602.693   119644.134   122575.609
535  TIMe+R4       59478.542    416 119789.084   119829.920   122740.714
544  TIMe+I+R4     59472.732    417 119779.464   119820.501   122738.190
557  TIMe+R4       59478.542    416 119789.084   119829.920   122740.714
566  TIMe+I+R4     59472.732    417 119779.464   119820.501   122738.190
579  TIM+R4        59478.544    416 119789.088   119829.924   122740.719
588  TIM+I+R4      59472.709    417 119779.418   119820.456   122738.144
601  TIM+F+R4      59435.545    419 119709.091   119750.532   122682.007
610  TIM+F+I+R4    59431.370    420 119702.740   119744.384   122682.752
623  TIM2e+R4      59482.196    416 119796.392   119837.228   122748.023
632  TIM2e+I+R4    59476.620    417 119787.240   119828.277   122745.966
645  TIM2e+R4      59482.196    416 119796.392   119837.228   122748.023
654  TIM2e+I+R4    59476.620    417 119787.240   119828.277   122745.966
667  TIM2+R4       59482.195    416 119796.391   119837.227   122748.021
676  TIM2+I+R4     59476.588    417 119787.177   119828.214   122745.903
689  TIM2+F+R4     59432.574    419 119703.148   119744.589   122676.064
698  TIM2+F+I+R4   59428.735    420 119697.471   119739.115   122677.483
711  TIM3e+R4      59475.827    416 119783.654   119824.491   122735.285
720  TIM3e+I+R4    59470.598    417 119775.197   119816.234   122733.923
733  TIM3e+R4      59475.827    416 119783.654   119824.491   122735.285
742  TIM3e+I+R4    59470.598    417 119775.197   119816.234   122733.923
755  TIM3+R4       59475.827    416 119783.655   119824.491   122735.286
764  TIM3+I+R4     59470.528    417 119775.056   119816.093   122733.782
777  TIM3+F+R4     59376.065    419 119590.130   119631.572   122563.047
786  TIM3+F+I+R4   59371.585    420 119583.170   119624.814   122563.181
799  TVMe+R4       59474.327    417 119782.654   119823.691   122741.380
808  TVMe+I+R4     59470.002    418 119776.005   119817.244   122741.826
821  TVMe+R4       59474.327    417 119782.654   119823.691   122741.380
830  TVMe+I+R4     59470.002    418 119776.005   119817.244   122741.826
843  TVM+R4        59474.319    417 119782.638   119823.676   122741.364
852  TVM+I+R4      59469.986    418 119775.971   119817.210   122741.792
865  TVM+F+R4      59372.102    420 119584.204   119625.848   122564.215
874  TVM+F+I+R4    59369.446    421 119580.891   119622.738   122567.998
887  SYM+R4        59471.339    418 119778.678   119819.917   122744.499
896  SYM+I+R4      59466.137    419 119770.273   119811.714   122743.190
909  SYM+R4        59471.339    418 119778.678   119819.917   122744.499
918  SYM+I+R4      59466.137    419 119770.273   119811.714   122743.190
931  GTR+R4        59471.336    418 119778.671   119819.910   122744.492
940  GTR+I+R4      59466.124    419 119770.248   119811.689   122743.164
953  GTR+F+R4      59362.529    421 119567.058   119608.905   122554.165
962  GTR+F+I+R4    59358.459    422 119560.918   119602.969   122555.120
Akaike Information Criterion:           GTR+F+I+R4
Corrected Akaike Information Criterion: GTR+F+I+R4
Bayesian Information Criterion:         GTR+F+R4
Best-fit model: GTR+F+R4 chosen according to BIC

All model information printed to results/dna_M4399_205_8913.phy/output_files/iqtree/inference/rand.model.gz
CPU time for ModelFinder: 1401.253 seconds (0h:23m:21s)
Wall-clock time for ModelFinder: 1407.721 seconds (0h:23m:27s)

NOTE: 83 MB RAM (0 GB) is required!
Estimate model parameters (epsilon = 0.100)
1. Initial log-likelihood: -59362.701
2. Current log-likelihood: -59362.524
Optimal log-likelihood: -59362.433
Rate parameters:  A-C: 1.36656  A-G: 4.33327  A-T: 0.72569  C-G: 1.48000  C-T: 5.13707  G-T: 1.00000
Base frequencies:  A: 0.276  C: 0.198  G: 0.234  T: 0.292
Site proportion and rates:  (0.683,0.090) (0.243,1.476) (0.059,5.353) (0.015,17.786)
Parameters optimization took 2 rounds (4.628 sec)
Log-likelihood of random tree: -73478.656
IN UPDATE: new tree with score = -73478.656
IN UPDATE: new tree with score = -73478.656
Wrote distance file to... 
--------------------------------------------------------------------
|             INITIALIZING CANDIDATE TREE SET                      |
--------------------------------------------------------------------
Number of numNNITrees: 3
Number of processes: 1
Number of trees per process: 19
Number of trees in candidate set: 1
Total number of trees to be generated: 20
Generating 19 random trees... Initial candidate tree set size: 1
0.342 second
Each tree will doNNISearch 3 times.
Computing log-likelihood of 19 initial trees ... Estimate model parameters (epsilon = 0.100)
Estimate model parameters (epsilon = 0.100)
Estimate model parameters (epsilon = 0.100)
IN UPDATE: new tree with score = -62597.019
BETTER TREE FOUND at iteration 1: -62597.019
Saved xgphy tree to results/dna_M4399_205_8913.phy/output_files/iqtree/inference/rand_tree0_xgphy.log
21 unique trees added to candidate set. 0 trees had branch lengths optimized.
Estimate model parameters (epsilon = 0.100)
IN UPDATE: new tree with score = -62287.717
BETTER TREE FOUND at iteration 2: -62287.717
Saved xgphy tree to results/dna_M4399_205_8913.phy/output_files/iqtree/inference/rand_tree1_xgphy.log
22 unique trees added to candidate set. 1 trees had branch lengths optimized.
Estimate model parameters (epsilon = 0.100)
IN UPDATE: new tree with score = -61944.121
BETTER TREE FOUND at iteration 3: -61944.121
Saved xgphy tree to results/dna_M4399_205_8913.phy/output_files/iqtree/inference/rand_tree2_xgphy.log
23 unique trees added to candidate set. 2 trees had branch lengths optimized.
Estimate model parameters (epsilon = 0.100)
Estimate model parameters (epsilon = 0.100)
IN UPDATE: new tree with score = -60292.667
BETTER TREE FOUND at iteration 4: -60292.667
Saved xgphy tree to results/dna_M4399_205_8913.phy/output_files/iqtree/inference/rand_tree3_xgphy.log
24 unique trees added to candidate set. 3 trees had branch lengths optimized.
Estimate model parameters (epsilon = 0.100)
IN UPDATE: new tree with score = -60268.123
BETTER TREE FOUND at iteration 5: -60268.123
Saved xgphy tree to results/dna_M4399_205_8913.phy/output_files/iqtree/inference/rand_tree4_xgphy.log
25 unique trees added to candidate set. 4 trees had branch lengths optimized.
Estimate model parameters (epsilon = 0.100)
IN UPDATE: new tree with score = -60213.460
BETTER TREE FOUND at iteration 6: -60213.460
Saved xgphy tree to results/dna_M4399_205_8913.phy/output_files/iqtree/inference/rand_tree5_xgphy.log
26 unique trees added to candidate set. 5 trees had branch lengths optimized.
IN UPDATE: new tree with score = -60235.888
Saved xgphy tree to results/dna_M4399_205_8913.phy/output_files/iqtree/inference/rand_tree6_xgphy.log
27 unique trees added to candidate set. 6 trees had branch lengths optimized.
Estimate model parameters (epsilon = 0.100)
IN UPDATE: new tree with score = -60205.721
BETTER TREE FOUND at iteration 8: -60205.721
Saved xgphy tree to results/dna_M4399_205_8913.phy/output_files/iqtree/inference/rand_tree7_xgphy.log
28 unique trees added to candidate set. 7 trees had branch lengths optimized.
Estimate model parameters (epsilon = 0.100)
Estimate model parameters (epsilon = 0.100)
IN UPDATE: new tree with score = -60178.787
BETTER TREE FOUND at iteration 9: -60178.787
Saved xgphy tree to results/dna_M4399_205_8913.phy/output_files/iqtree/inference/rand_tree8_xgphy.log
29 unique trees added to candidate set. 8 trees had branch lengths optimized.
IN UPDATE: new tree with score = -60214.191
Iteration 10 / LogL: -60214.191 / Time: 0h:36m:43s
Saved xgphy tree to results/dna_M4399_205_8913.phy/output_files/iqtree/inference/rand_tree9_xgphy.log
30 unique trees added to candidate set. 9 trees had branch lengths optimized.
Estimate model parameters (epsilon = 0.100)
Estimate model parameters (epsilon = 0.100)
Estimate model parameters (epsilon = 0.100)
IN UPDATE: new tree with score = -60162.833
BETTER TREE FOUND at iteration 11: -60162.833
Saved xgphy tree to results/dna_M4399_205_8913.phy/output_files/iqtree/inference/rand_tree10_xgphy.log
31 unique trees added to candidate set. 10 trees had branch lengths optimized.
Estimate model parameters (epsilon = 0.100)
IN UPDATE: new tree with score = -60130.258
BETTER TREE FOUND at iteration 12: -60130.258
Saved xgphy tree to results/dna_M4399_205_8913.phy/output_files/iqtree/inference/rand_tree11_xgphy.log
32 unique trees added to candidate set. 11 trees had branch lengths optimized.
IN UPDATE: new tree with score = -60159.389
Saved xgphy tree to results/dna_M4399_205_8913.phy/output_files/iqtree/inference/rand_tree12_xgphy.log
33 unique trees added to candidate set. 12 trees had branch lengths optimized.
IN UPDATE: new tree with score = -60165.732
Saved xgphy tree to results/dna_M4399_205_8913.phy/output_files/iqtree/inference/rand_tree13_xgphy.log
34 unique trees added to candidate set. 13 trees had branch lengths optimized.
IN UPDATE: new tree with score = -60130.650
Saved xgphy tree to results/dna_M4399_205_8913.phy/output_files/iqtree/inference/rand_tree14_xgphy.log
35 unique trees added to candidate set. 14 trees had branch lengths optimized.
Estimate model parameters (epsilon = 0.100)
Estimate model parameters (epsilon = 0.100)
IN UPDATE: new tree with score = -60118.854
BETTER TREE FOUND at iteration 16: -60118.854
Saved xgphy tree to results/dna_M4399_205_8913.phy/output_files/iqtree/inference/rand_tree15_xgphy.log
36 unique trees added to candidate set. 15 trees had branch lengths optimized.
Estimate model parameters (epsilon = 0.100)
Estimate model parameters (epsilon = 0.100)
IN UPDATE: new tree with score = -60095.666
BETTER TREE FOUND at iteration 17: -60095.666
Saved xgphy tree to results/dna_M4399_205_8913.phy/output_files/iqtree/inference/rand_tree16_xgphy.log
37 unique trees added to candidate set. 16 trees had branch lengths optimized.
IN UPDATE: new tree with score = -60098.591
Saved xgphy tree to results/dna_M4399_205_8913.phy/output_files/iqtree/inference/rand_tree17_xgphy.log
38 unique trees added to candidate set. 17 trees had branch lengths optimized.
IN UPDATE: new tree with score = -60122.896
Saved xgphy tree to results/dna_M4399_205_8913.phy/output_files/iqtree/inference/rand_tree18_xgphy.log
39 unique trees added to candidate set. 18 trees had branch lengths optimized.
IN UPDATE: new tree with score = -60113.549
Iteration 20 / LogL: -60113.549 / Time: 0h:40m:47s
Saved xgphy tree to results/dna_M4399_205_8913.phy/output_files/iqtree/inference/rand_tree19_xgphy.log
40 unique trees added to candidate set. 19 trees had branch lengths optimized.
1034.177 seconds
Current best score: -60095.666
3.Score of best tree in CandidateSet: -60095.666
2.Score of best tree in CandidateSet: -60098.591
1.Score of best tree in CandidateSet: -60113.549

Do NNI search on 3 best initial trees
1
Estimate model parameters (epsilon = 0.100)
Saved xgphy best tree to results/dna_M4399_205_8913.phy/output_files/iqtree/inference/rand_bestTreeInitTree0_xgphy.treefile
IN UPDATE: new tree with score = -60095.566
BETTER TREE FOUND at iteration 1: -60095.566
2
Saved xgphy best tree to results/dna_M4399_205_8913.phy/output_files/iqtree/inference/rand_bestTreeInitTree1_xgphy.treefile
IN UPDATE: new tree with score = -60098.327
3
Saved xgphy best tree to results/dna_M4399_205_8913.phy/output_files/iqtree/inference/rand_bestTreeInitTree2_xgphy.treefile
IN UPDATE: new tree with score = -60113.542
1.Score of best tree in CandidateSet: -60095.566
Finish initializing candidate tree set (3)
Current best tree score: -60095.566 / CPU time: 1041.378
Number of iterations: 3
TREE SEARCH COMPLETED AFTER 3 ITERATIONS / Time: 0h:40m:54s

--------------------------------------------------------------------
|                    FINALIZING TREE SEARCH                        |
--------------------------------------------------------------------
Performs final model parameters optimization
Estimate model parameters (epsilon = 0.010)
1. Initial log-likelihood: -60095.566
2. Current log-likelihood: -60095.538
3. Current log-likelihood: -60095.514
4. Current log-likelihood: -60095.502
Optimal log-likelihood: -60095.487
Rate parameters:  A-C: 1.39793  A-G: 4.43461  A-T: 0.72396  C-G: 1.52509  C-T: 5.23880  G-T: 1.00000
Base frequencies:  A: 0.276  C: 0.198  G: 0.234  T: 0.292
Site proportion and rates:  (0.655,0.063) (0.260,1.287) (0.070,5.037) (0.015,18.588)
Parameters optimization took 4 rounds (6.394 sec)
IN UPDATE: oldScore = -60095.566, newScore = -60095.487
BEST SCORE FOUND : -60095.487
Total tree length: 2.788

Total number of iterations: 3
CPU time used for tree search: 1037.700 sec (0h:17m:17s)
Wall-clock time used for tree search: 1041.379 sec (0h:17m:21s)
Total CPU time used: 2450.614 sec (0h:40m:50s)
Total wall-clock time used: 2460.824 sec (0h:41m:0s)

Analysis results written to: 
  IQ-TREE report:                results/dna_M4399_205_8913.phy/output_files/iqtree/inference/rand.iqtree
  Maximum-likelihood tree:       results/dna_M4399_205_8913.phy/output_files/iqtree/inference/rand.treefile
  Screen log file:               results/dna_M4399_205_8913.phy/output_files/iqtree/inference/rand.log

Date and Time: Sun Sep 21 06:12:43 2025
