
RAxML-NG v. 1.1.0-master released on 04.08.2022 by The Exelixis Lab.
Developed by: Alexey M. Kozlov and Alexandros Stamatakis.
Contributors: Diego Darriba, Tomas Flouri, Benoit Morel, Sarah Lutteropp, Ben Bettisworth.
Latest version: https://github.com/amkozlov/raxml-ng
Questions/problems/suggestions? Please visit: https://groups.google.com/forum/#!forum/raxml

System: 11th Gen Intel(R) Core(TM) i7-1185G7 @ 3.00GHz, 4 cores, 31 GB RAM

RAxML-NG was called at 19-Sep-2025 05:13:58 as follows:

/usr/local/bin/raxml-ng --start --msa /home/vanvan/Downloads/data_treebase/DIU_TRAINING_DATA/data1/prot_M510_57_430.phy --tree pars{1} --prefix training_data/prot_M510_57_430.phy/output_files/parsimony/seed_6 --model LG+G --seed 6

Analysis options:
  run mode: Starting tree generation
  start tree(s): parsimony (1)
  random seed: 6
  SIMD kernels: AVX2
  parallelization: coarse-grained (auto), PTHREADS (auto)

[00:00:00] Reading alignment from file: /home/vanvan/Downloads/data_treebase/DIU_TRAINING_DATA/data1/prot_M510_57_430.phy
[00:00:00] Loaded alignment with 57 taxa and 430 sites

Alignment comprises 1 partitions and 389 patterns

Partition 0: noname
Model: LG+G4m
Alignment sites / patterns: 430 / 389
Gaps: 9.38 %
Invariant sites: 34.88 %


NOTE: Binary MSA file created: training_data/prot_M510_57_430.phy/output_files/parsimony/seed_6.raxml.rba

[00:00:00] Generating 1 parsimony starting tree(s) with 57 taxa
Parsimony score: 1261

All starting trees saved to: /home/vanvan/difficulty-prediction-training-data/training_data/prot_M510_57_430.phy/output_files/parsimony/seed_6.raxml.startTree


Execution log saved to: /home/vanvan/difficulty-prediction-training-data/training_data/prot_M510_57_430.phy/output_files/parsimony/seed_6.raxml.log

Analysis started: 19-Sep-2025 05:13:58 / finished: 19-Sep-2025 05:13:58

Elapsed time: 0.010 seconds

