IQ-TREE version 3.0.1 for Linux x86 64-bit built Sep 18 2025
Developed by Bui Quang Minh, Thomas Wong, Nhan Ly-Trong, Huaiyan Ren
Contributed by Lam-Tung Nguyen, Dominik Schrempf, Chris Bielow,
Olga Chernomor, Michael Woodhams, Diep Thi Hoang, Heiko Schmidt

Host:    DESKTOP-UQIA48J (AVX2, FMA3, 7 GB RAM)
Command: /home/ngocminh/miniconda3/envs/pypythia/bin/iqtree3 -s Data/dna_M9143_228_1223.phy -pre data_training/dna_M9143_228_1223.phy/output_files/iqtree/inference/pars_17 -seed 17 -ninit 1 -T 1 -redo -n 0
Seed:    17 (Using SPRNG - Scalable Parallel Random Number Generator)
Time:    Thu Sep 25 01:12:40 2025
Kernel:  AVX+FMA - 1 threads (8 CPU cores detected)

HINT: Use -nt option to specify number of threads because your CPU has 8 cores!
HINT: -nt AUTO will automatically determine the best number of threads to use.

Reading alignment file Data/dna_M9143_228_1223.phy ... Phylip format detected
Alignment most likely contains DNA/RNA sequences
Constructing alignment: done in 0.0040908 secs using 11.29% CPU
Alignment has 228 sequences with 1223 columns, 653 distinct patterns
277 parsimony-informative, 242 singleton sites, 704 constant sites
                                             Gap/Ambiguity  Composition  p-value
Analyzing sequences: done in 0.0002773 secs using 93.76% CPU
   1  Abietinella_abietina_AY908386                 11.28%    passed     99.90%
   2  Acrocladium_auriculatum_AY908747              11.28%    passed     99.81%
   3  Acroporium_pungens_AY908539                   11.04%    passed     97.82%
   4  Actinothuidium_hookeri_AY908399               11.28%    passed     99.91%
   5  Aerobryidium_aureonitens_AY908730             11.28%    passed     99.73%
   6  Aerobryum_speciosum_AY908498                  10.96%    passed    100.00%
   7  Aerolindigia_capillacea_AY908511              11.53%    passed     99.97%
   8  Alsia_californica_AY908639                    11.28%    passed     99.45%
   9  Amblystegium_serpens_AY908685                 11.28%    passed     99.75%
  10  Andoa_berthelotiana_AY908438                  10.79%    passed     99.86%
  11  Anomodon_viticulosus_FM161241                 11.04%    passed     99.94%
  12  Aptychella_proligera_AY908474                 11.94%    passed     99.74%
  13  Aptychopsis_pyrrophylla_AY908476              11.28%    passed     92.55%
  14  Baldwiniella_kealeensis_AY908734              11.37%    passed     99.96%
  15  Barbellopsis_trichophora_AY908723             11.28%    passed     99.24%
  16  Benitotania_elimbata_AY452321                 10.55%    passed     97.44%
  17  Bissetia_lingulata_AY908448                   11.28%    passed     99.76%
  18  Boulaya_mitteni_AY908395                      11.28%    passed    100.00%
  19  Brachelyma_subulatum_AY908492                 11.28%    passed     99.31%
  20  Braithwaitea_sulcata_AY524524                 11.28%    passed    100.00%
  21  Brotherella_recurvans_AY908470                11.53%    passed     95.59%
  22  Bryoandersonia_illecebra_AY908471             11.77%    passed     93.98%
  23  Bryocrumia_andersonii_AY908437                11.77%    passed     99.87%
  24  Bryonorrisia_acutifolia_AY908450              11.28%    passed     97.66%
  25  Bryostreimannia_turgida_AY908392              11.12%    passed     99.98%
  26  Callicladium_haldanianum_AY908760             11.28%    passed    100.00%
  27  Calliergon_cordifolium_AY908710               11.28%    passed     99.12%
  28  Calliergonella_cuspidata_AY908403             11.45%    passed     99.85%
  29  Calyptothecium_praelongum_AY908699            11.28%    passed     99.97%
  30  Camptochaete_arbuscula_AY908658               10.96%    passed     98.02%
  31  Campyliadelphus_stellatus_AY908417            10.87%    passed     99.92%
  32  Campylophyllum_halleri_AY908433               11.28%    passed     99.51%
  33  Caribaeohypnum_polypterum_AY908628            11.28%    passed     99.92%
  34  Catagoniopsis_berteroana_AY908756             11.37%    passed     99.60%
  35  Catagonium_nitens_AY908473                    11.28%    passed     99.99%
  36  Chaetomitriopsis_glaucocarpa_AY908681         11.86%    passed     99.97%
  37  Chaetomitrium_borneense_AY452333              10.79%    passed     94.10%
  38  Chionostomum_rostratum_AY908477               10.63%    passed     95.41%
  39  Circulifolium_microdendron_AY908472           11.86%    passed     97.18%
  40  Cirriphyllum_cirrosum_AY908524                11.20%    passed     80.85%
  41  Clastobryophilum_bogoricum_AY908822           11.28%    passed     99.99%
  42  Clastobryopsis_planula_AY908550                8.99%    passed     71.30%
  43  Clastobryum_tenuirameum_AY908481              11.28%    passed     99.12%
  44  Colobodontium_vulpinum_AY908534               12.35%    passed     97.84%
  45  Conardia_compacta_AY908634                    10.79%    passed     91.46%
  46  Cratoneuron_filicinum_AY908425                11.28%    passed     99.05%
  47  Cratoneuropsis_relaxa_AY908427                11.28%    passed     99.41%
  48  Crosbya_straminea_AY908490                    11.28%    passed     99.92%
  49  Cryptoleptodon_longisetus_AY908651            11.12%    passed     78.77%
  50  Cryptopapillaria_penicillata_AY908717         11.28%    passed     99.65%
  51  Ctenidium_molluscum_AY908440                  11.28%    passed     99.92%
  52  Curvicladium_kurzii_AY908670                  12.35%    passed     99.90%
  53  Cyathophorum_bulbosum_AY452339                11.28%    passed     99.51%
  54  Cyptodon_muelleri_AY908686                    11.28%    passed     60.16%
  55  Cyptodontopsis_obtusifolia_AY908687           11.28%    passed     99.90%
  56  Cyrto-hypnum_schistocalyx_AY908396            11.28%    passed     99.51%
  57  Dendroalsia_abietina_AY908459                 11.20%    passed     96.44%
  58  Dendrocryphaea_cuspidata_AY908694             11.77%    passed    100.00%
  59  Dendropogonella_rufescens_AY908708            11.28%    passed     99.79%
  60  Dichelyma_falcatum_AY908493                   11.28%    passed     99.22%
  61  Dimerodontium_balansae_AY908409               11.28%    passed     98.61%
  62  Dimorphocladon_borneense_AY452348             11.28%    passed     99.94%
  63  Dixonia_thamnioides_AY908469                  10.63%    passed     97.67%
  64  Dolichomitra_cymbifolia_AY908495              11.77%    passed     99.43%
  65  Dolichomitriopsis_diversiformis_AY908663      15.29%    passed     98.89%
  66  Donnellia_commutata_AY908536                  10.96%    passed     99.20%
  67  Dozya_japonica_AY908649                       10.79%    passed     87.61%
  68  Ectropothecium_leptochaeton_AY908405          11.20%    passed     99.60%
  69  Elmeriobryum_philippinense_AY908388           11.28%    passed     99.85%
  70  Eriodon_conostomus_AY908684                   11.28%    passed     99.90%
  71  Erythrodontium_longisetum_AY908527            17.33%    passed     94.96%
  72  Eulacophyllum_cultelliforme_AY908752          11.28%    passed     99.96%
  73  Eurhynchiella_acanthophylla_AY908503          11.37%    passed     98.93%
  74  Eurohypnum_leptothallum_AY908443              10.87%    passed     99.96%
  75  Fabronia_pusilla_AY908754                     11.45%    passed     99.99%
  76  Fauriella_tenuis_AY908545                     11.77%    passed     99.03%
  77  Foreauella_orthothecia_AY908461               11.28%    passed     97.13%
  78  Forsstroemia_trichomitria_FM161260            12.51%    passed     99.97%
  79  Gradsteinia_andicola_AY908420                 10.96%    passed     98.68%
  80  Habrodon_perpusillus_AY908683                 11.12%    passed     99.25%
  81  Hamatocaulis_vernicosus_AY908434              11.45%    passed     99.36%
  82  Handeliobryum_sikkimense_AY908672             11.28%    passed     99.85%
  83  Haplohymenium_triste_AY908458                 11.28%    passed     99.94%
  84  Helodium_blandowii_AY908393                   11.77%    passed     99.92%
  85  Henicodium_geniculatum_AY908691               11.37%    passed     99.85%
  86  Herpetineuron_toccoae_AY908638                11.28%    passed     99.65%
  87  Heterophyllium_affine_AY908466                11.28%    passed     99.96%
  88  Homalia_trichomanoides_AY908673               11.94%    passed     99.50%
  89  Homaliodendron_flabellatum_AY908671           11.37%    passed     98.94%
  90  Hookeria_acutifolia_AY452362                  11.28%    passed     99.91%
  91  Horikawaea_redfearnii_AY908704                10.96%    passed     98.28%
  92  Horridohypnum_mexicanum_AY908630              10.87%    passed     99.11%
  93  Hydropogon_fontinaloides_AY908535             13.57%    passed     99.92%
  94  Hygrohypnum_smithii_AY908985                  10.96%    passed     87.05%
  95  Hylocomiastrum_pyrenaicum_AY908644            13.74%    passed     99.53%
  96  Hylocomiopsis_cylindracarpa_AY908394          10.96%    passed     99.81%
  97  Hylocomium_splendens_AY908447                 11.28%    passed     99.99%
  98  Hymenodon_pilifer_AY908778                    11.45%    passed     99.99%
  99  Hypnobartlettia_fontana_AY908428              11.69%    passed     94.32%
 100  Hypnum_cupressiforme_AY908444                 11.28%    passed     99.68%
 101  Ischyrodon_lepturus_AY908755                  11.20%    passed     99.92%
 102  Isocladiella_surcularis_AY908467              11.28%    passed     99.65%
 103  Isodrepanium_lentulum_AY908530                12.35%    passed     92.90%
 104  Isothecium_myosuroides_AY908661               10.71%    passed     97.64%
 105  Jaegerina_scariosa_AY908462                   10.87%    passed     99.78%
 106  Juratzkaeella_sinensis_AY908751               11.86%    passed     99.89%
 107  Lembophyllum_divulsum_FM161296                11.28%    passed     99.90%
 108  Leptodictyum_riparium_AY908713                10.87%    passed     99.45%
 109  Leptopterigynandrum_austro-alpinum_AY908744   11.28%    passed     99.65%
 110  Lepyrodontopsis_trichophylla_AY908531         11.37%    passed     99.92%
 111  Lescuraea_radicosa_AY908737                   11.28%    passed     99.91%
 112  Leskeadelphus_bolivianus_AY908411             11.28%    passed     99.83%
 113  Leucodon_sciuroides_AY908716                  11.28%    passed     99.99%
 114  Leucomium_strumosum_AY908488                  11.28%    passed     99.99%
 115  Levierella_fabroniacea_AY908528               10.47%    passed     99.40%
 116  Limbella_tricosta_AY908441                    11.12%    passed     99.77%
 117  Lindbergia_brachyptera_AY908412               12.18%    passed     99.95%
 118  Lindigia_aciculata_AY908512                   11.28%    passed     99.94%
 119  Loeskeobryum_brevirostre_AY908635             10.55%    passed     99.97%
 120  Macrothamnium_macrocarpum_AY908390            11.28%    passed     99.85%
 121  Mahua_enervis_AY908761                        11.28%    passed     99.91%
 122  Mesochaete_undulata_AY631222                  11.28%    passed     98.69%
 123  Mesonodon_flavescens_AY908529                 11.53%    passed     97.78%
 124  Metaneckera_menziesii_AY908648                11.94%    passed     99.97%
 125  Meteoriella_soluta_AY908637                   11.20%    passed     99.99%
 126  Meteorium_illecebrum_AY908733                 11.28%    passed     99.61%
 127  Mittenothamnium_reptans_AY908627              11.28%    passed     99.90%
 128  Muellerobryum_whiteleggei_AY908688            11.28%    passed     97.77%
 129  Myurium_hochstetteri_AY908439                 11.28%    passed     99.19%
 130  Myuroclada_maximowiczii_AY908526              11.53%    passed     99.89%
 131  Neckera_pennata_AY908652                      11.28%    passed    100.00%
 132  Neodicladiella_pendula_AY908727               11.28%    passed     99.12%
 133  Neodolichomitra_yunnanensis_AY908506          11.28%    passed     99.94%
 134  Neolindbergia_cladomnioides_AY908442          10.96%    passed     99.99%
 135  Noguchiodendron_sphaerocarpum_AY908464        10.87%    passed     98.87%
 136  Oedicladium_doii_AY908738                     11.94%    passed    100.00%
 137  Okamuraea_hakoniensis_AY908496                11.28%    passed     99.78%
 138  Orthorrhynchium_elegans_AY908766              26.66%    passed     86.06%
 139  Orthostichella_pentasticha_AY908655           11.77%    passed     89.25%
 140  Orthostichidium_involutifolium_AY908700       11.28%    passed     99.13%
 141  Orthostichopsis_tetragona_AY908689            11.37%    passed     98.96%
 142  Orthotheciella_varia_AY908430                 11.28%    passed     99.93%
 143  Oxyrrhynchium_rugosipes_AY908514              11.45%    passed     99.88%
 144  Palamocladium_leskeoides_AY908499             11.28%    passed     99.95%
 145  Palisadula_chrysophylla_AY908739              11.04%    passed     99.95%
 146  Papillidiopsis_complanata_AY908482            11.28%    passed     99.79%
 147  Paranapiacabaea_paulista_AY908480             13.41%    passed     74.56%
 148  Penzigiella_cordata_AY908653                  11.69%    passed     81.56%
 149  Phyllodon_truncatulus_AY908682                11.37%    passed     99.36%
 150  Phyllogonium_fulgens_AY908709                 10.63%    passed     99.99%
 151  Pilotrichopsis_dentata_AY908715               11.28%    passed     99.65%
 152  Pinnatella_piniformis_AY908654                11.61%    passed     99.85%
 153  Pireella_angustifolia_AY908692                11.28%    passed     99.12%
 154  Plagiothecium_cavifolium_AY908763             11.20%    passed     99.97%
 155  Platygyriella_aurea_AY908622                  11.28%    passed     98.02%
 156  Platyhypnidium_riparioides_AY908504           11.28%    passed     99.91%
 157  Pleuroziopsis_ruthenica_AY908647              11.28%    passed     99.99%
 158  Pleurozium_schreberi_AY908642                 11.04%    passed     99.96%
 159  Porothamnium_arbusculans_AY908679             11.04%    passed     99.96%
 160  Porotrichodendron_nitidum_AY908678            11.28%    passed     98.71%
 161  Porotrichopsis_flacca_AY908676                11.28%    passed     99.55%
 162  Porotrichum_longirostre_AY908677              11.28%    passed     99.58%
 163  Potamium_lonchophyllum_AY908540               11.53%    passed     99.77%
 164  Pseudocalliergon_angustifolium_AY908423       10.87%    passed     99.48%
 165  Pseudocryphaea_domingensis_AY908633           11.53%    passed     99.13%
 166  Pseudoleskea_andina_AY908696                  11.28%    passed     99.68%
 167  Pseudoleskeella_tectorum_AY908416             11.28%    passed     99.49%
 168  Pseudoleskeopsis_imbricata_AY908410           12.10%    passed     99.93%
 169  Pseudotaxiphyllum_elegans_AY908753            11.28%    passed     99.81%
 170  Pseudotrachypus_martinicensis_AY908729        11.28%    passed     99.52%
 171  Pseudotrismegistia_perundulata_AY908980       11.28%    passed     99.83%
 172  Pterigynandrum_filiforme_AY908757             12.92%    passed     85.49%
 173  Pterobryella_praenitens_AY908769              11.28%    passed     99.65%
 174  Pterobryopsis_stolonacea_AY908701             11.45%    passed     95.49%
 175  Pterogonidium_pulchellum_AY908487             11.28%    passed     99.13%
 176  Pterogoniopsis_cylindrica_AY908537            12.51%    passed     92.18%
 177  Pterogonium_gracile_AY908667                  10.79%    passed     96.21%
 178  Ptychodium_plicatum_AY908735                  10.87%    passed     99.74%
 179  Puiggariopsis_aurifolia_AY908626              11.28%    passed    100.00%
 180  Pulchrinodus_inflatus_AY908360                11.28%    passed     98.33%
 181  Pylaisia_polyantha_AY908408                   11.53%    passed     70.64%
 182  Racopilum_cuspidigerum_AY524532               11.53%    passed     99.98%
 183  Radulina_borbonica_AY908485                   11.04%    passed     88.87%
 184  Rauiella_lagoensis_AY908400                   12.35%    passed     91.21%
 185  Regmatodon_declinatus_AY908413                11.28%    passed     99.99%
 186  Renauldia_mexicana_AY908666                   11.45%    passed     99.85%
 187  Rhacopilopsis_trinitensis_AY908543            10.87%    passed     98.99%
 188  Rhaphidostichum_schwaneckeanum_AY908484       10.47%    passed     97.12%
 189  Rhizogonium_pennatum_AY631233                 12.10%    passed     88.62%
 190  Rhynchostegium_serrulatum_AY908502            11.45%    passed     88.36%
 191  Rhytidiadelphus_triquetrus_AY908636           11.04%    passed     99.97%
 192  Rigodiadelphus_robustus_AY908736              11.86%    passed     99.54%
 193  Rigodium_toxarion_AY908657                    11.28%    passed    100.00%
 194  Rozea_pterogonioides_AY908544                 10.87%    passed     99.59%
 195  Rutenbergia_madagassa_AY908632                11.45%    passed     98.55%
 196  Sauloma_tenella_AY452384                      11.28%    passed     99.94%
 197  Schimperobryum_splendidissimum_AY452385       14.80%    passed     99.26%
 198  Schofieldiella_micans_isolate_AY908624        10.96%    passed     96.85%
 199  Schroeterella_zygodonta_AY908478              11.61%    passed     99.85%
 200  Schwetschkea_grateloupii_AY908509             12.10%    passed     84.03%
 201  Scleropodium_obtusifolium_AY908525            11.28%    passed    100.00%
 202  Scorpidium_scorpioides_AY908435               11.28%    passed     99.99%
 203  Sematophyllum_demissum_AY908479               11.28%    passed     99.96%
 204  Sphaerotheciella_sphaerocarpa_AY908698        11.61%    passed     89.60%
 205  Spiridentopsis_longissima_AY908690            11.28%    passed     99.79%
 206  Steerecleus_serrulatus_AY908500               11.28%    passed     99.99%
 207  Stenocarpidiopsis_salicicola_AY908508         11.94%    passed     99.91%
 208  Stereophyllum_radiculosum_AY908750            11.20%    passed    100.00%
 209  Struckia_argentata_AY908762                   11.28%    passed     97.74%
 210  Symphyodon_imbricatifolius_AY452387           11.37%    passed     99.76%
 211  Symphysodontella_cylindracea_AY908707         11.69%    passed     97.64%
 212  Taiwanobryum_speciosum_AY908669               11.28%    passed    100.00%
 213  Taxiphyllopsis_iwatsukii_AY908432             11.28%    passed     98.35%
 214  Thamniopsis_incurva_AY452391                  22.81%    passed     72.37%
 215  Thuidiopsis_furfurosa_AY908397                11.28%    passed     99.52%
 216  Toloxis_imponderosa_AY908732                  11.28%    passed     99.97%
 217  Tomentypnum_falcifolium_AY908431              11.28%    passed     99.84%
 218  Trachybryum_megaptilum_AY908522               11.28%    passed     99.99%
 219  Trachyloma_planifolium_AY908445               10.87%    passed     90.24%
 220  Trachyphyllum_gastrodes_AY908532              11.28%    passed     99.49%
 221  Trachypodopsis_serrulata_AY908720             11.28%    passed     99.93%
 222  Trachypus_bicolor_AY908446                    11.37%    passed     99.89%
 223  Vesicularia_vesicularis_AY908406              11.28%    passed     99.62%
 224  Vittia_pachyloma_AY908463                     11.69%    passed     99.89%
 225  Warburgiella_leucocytus_AY908538              10.79%    passed     95.92%
 226  Weymouthia_mollis_AY908659                    10.87%    passed     99.67%
 227  Wijkia_extenuata_AY908542                     11.28%    passed     97.23%
 228  Yunnanobryon_sp.                              11.28%    passed     99.63%
****  TOTAL                                         11.52%  0 sequences failed composition chi2 test (p-value<5%; df=3)
Checking for duplicate sequences: done in 0.000883882 secs using 97.86% CPU


Create initial parsimony tree by phylogenetic likelihood library (PLL)... 0.035 seconds
Perform fast likelihood tree search using GTR+I+G model...
Estimate model parameters (epsilon = 5.000)
Perform nearest neighbor interchange...
Estimate model parameters (epsilon = 1.000)
1. Initial log-likelihood: -8982.592
Optimal log-likelihood: -8982.451
Rate parameters:  A-C: 1.90868  A-G: 6.03909  A-T: 0.36852  C-G: 0.59257  C-T: 11.11153  G-T: 1.00000
Base frequencies:  A: 0.283  C: 0.194  G: 0.210  T: 0.314
Proportion of invariable sites: 0.263
Gamma shape alpha: 0.845
Parameters optimization took 1 rounds (0.334 sec)
Time for fast ML tree search: 2.826 seconds

NOTE: ModelFinder requires 48 MB RAM!
ModelFinder will test up to 968 DNA models (sample size: 1223 epsilon: 0.100) ...
 No. Model         -LnL         df  AIC          AICc         BIC
  1  JC            9930.713     453 20767.426    21302.308    23081.831
  2  JC+I          9712.192     454 20332.385    20870.328    22651.899
  3  JC+G4         9620.791     454 20149.582    20687.525    22469.096
  4  JC+I+G4       9613.323     455 20136.646    20677.663    22461.269
  5  JC+R2         9596.113     455 20102.227    20643.244    22426.850
  6  JC+R3         9559.344     457 20032.688    20579.893    22367.530
  7  JC+R4         9558.901     459 20035.803    20589.250    22380.862
 14  JC+I+R2       9564.410     456 20040.820    20584.925    22370.553
 15  JC+I+R3       9553.279     458 20022.558    20572.877    22362.508
 16  JC+I+R4       9552.811     460 20025.623    20582.211    22375.791
 28  JC+R3         9559.344     457 20032.688    20579.893    22367.530
 36  JC+I+R2       9564.410     456 20040.820    20584.925    22370.553
 37  JC+I+R3       9553.279     458 20022.558    20572.877    22362.508
 50  F81+R3        9559.292     457 20032.584    20579.789    22367.425
 58  F81+I+R2      9564.427     456 20040.854    20584.959    22370.587
 59  F81+I+R3      9553.251     458 20022.502    20572.822    22362.453
 72  F81+F+R3      9568.056     460 20056.112    20612.700    22406.280
 80  F81+F+I+R2    9574.403     459 20066.805    20620.252    22411.865
 81  F81+F+I+R3    9563.796     461 20049.591    20609.334    22404.869
 94  K2P+R3        8997.767     458 18911.534    19461.853    21251.484
102  K2P+I+R2      9003.248     457 18920.496    19467.701    21255.337
103  K2P+I+R3      8991.316     459 18900.632    19454.079    21245.692
116  K2P+R3        8997.767     458 18911.534    19461.853    21251.484
124  K2P+I+R2      9003.248     457 18920.496    19467.701    21255.337
125  K2P+I+R3      8991.316     459 18900.632    19454.079    21245.692
138  HKY+R3        8997.768     458 18911.536    19461.855    21251.486
146  HKY+I+R2      9003.248     457 18920.496    19467.701    21255.337
147  HKY+I+R3      8991.316     459 18900.632    19454.079    21245.692
160  HKY+F+R3      8976.174     461 18874.348    19434.091    21229.626
168  HKY+F+I+R2    8984.731     460 18889.461    19446.049    21239.630
169  HKY+F+I+R3    8973.773     462 18871.547    19434.457    21231.934
182  TNe+R3        8988.179     459 18894.358    19447.805    21239.418
190  TNe+I+R2      8989.936     458 18895.872    19446.191    21235.822
191  TNe+I+R3      8979.283     460 18878.566    19435.154    21228.734
204  TNe+R3        8988.179     459 18894.358    19447.805    21239.418
212  TNe+I+R2      8989.936     458 18895.872    19446.191    21235.822
213  TNe+I+R3      8979.283     460 18878.566    19435.154    21228.734
226  TN+R3         8988.120     459 18894.240    19447.687    21239.300
234  TN+I+R2       8989.909     458 18895.818    19446.137    21235.768
235  TN+I+R3       8979.279     460 18878.559    19435.147    21228.727
248  TN+F+R3       8966.910     462 18857.819    19420.730    21218.206
256  TN+F+I+R2     8972.904     461 18867.808    19427.550    21223.086
257  TN+F+I+R3     8962.679     463 18851.357    19417.449    21216.853
270  K3P+R3        8974.242     459 18866.484    19419.931    21211.543
278  K3P+I+R2      8979.749     458 18875.498    19425.818    21215.449
279  K3P+I+R3      8967.931     460 18855.862    19412.450    21206.031
292  K3P+R3        8974.242     459 18866.484    19419.931    21211.543
300  K3P+I+R2      8979.749     458 18875.498    19425.818    21215.449
301  K3P+I+R3      8967.931     460 18855.862    19412.450    21206.031
314  K3Pu+R3       8974.240     459 18866.481    19419.928    21211.540
322  K3Pu+I+R2     8979.746     458 18875.492    19425.812    21215.443
323  K3Pu+I+R3     8967.897     460 18855.794    19412.382    21205.963
336  K3Pu+F+R3     8946.761     462 18817.522    19380.432    21177.909
344  K3Pu+F+I+R2   8955.226     461 18832.451    19392.194    21187.729
345  K3Pu+F+I+R3   8944.756     463 18815.512    19381.604    21181.008
358  TPM2+R3       8995.946     459 18909.892    19463.339    21254.951
366  TPM2+I+R2     9001.578     458 18919.155    19469.475    21259.106
367  TPM2+I+R3     8989.348     460 18898.696    19455.284    21248.865
380  TPM2+R3       8995.946     459 18909.892    19463.339    21254.951
388  TPM2+I+R2     9001.578     458 18919.155    19469.475    21259.106
389  TPM2+I+R3     8989.348     460 18898.696    19455.284    21248.865
402  TPM2u+R3      8995.937     459 18909.875    19463.322    21254.934
410  TPM2u+I+R2    9001.574     458 18919.148    19469.468    21259.099
411  TPM2u+I+R3    8989.330     460 18898.660    19455.248    21248.828
424  TPM2u+F+R3    8976.187     462 18876.375    19439.285    21236.761
432  TPM2u+F+I+R2  8984.759     461 18891.518    19451.261    21246.796
433  TPM2u+F+I+R3  8973.764     463 18873.528    19439.620    21239.024
446  TPM3+R3       8993.630     459 18905.261    19458.708    21250.320
454  TPM3+I+R2     8999.784     458 18915.569    19465.888    21255.519
455  TPM3+I+R3     8987.924     460 18895.848    19452.436    21246.017
468  TPM3+R3       8993.630     459 18905.261    19458.708    21250.320
476  TPM3+I+R2     8999.784     458 18915.569    19465.888    21255.519
477  TPM3+I+R3     8987.924     460 18895.848    19452.436    21246.017
490  TPM3u+R3      8993.628     459 18905.256    19458.703    21250.316
498  TPM3u+I+R2    8999.782     458 18915.564    19465.883    21255.514
499  TPM3u+I+R3    8987.916     460 18895.832    19452.420    21246.001
512  TPM3u+F+R3    8961.397     462 18846.793    19409.704    21207.180
520  TPM3u+F+I+R2  8971.752     461 18865.504    19425.246    21220.781
521  TPM3u+F+I+R3  8959.581     463 18845.161    19411.253    21210.657
534  TIMe+R3       8964.824     460 18849.648    19406.236    21199.817
542  TIMe+I+R2     8966.593     459 18851.186    19404.633    21196.245
543  TIMe+I+R3     8956.074     461 18834.149    19393.891    21189.426
556  TIMe+R3       8964.824     460 18849.648    19406.236    21199.817
564  TIMe+I+R2     8966.593     459 18851.186    19404.633    21196.245
565  TIMe+I+R3     8956.074     461 18834.149    19393.891    21189.426
578  TIM+R3        8964.748     460 18849.495    19406.083    21199.664
586  TIM+I+R2      8966.568     459 18851.137    19404.584    21196.196
587  TIM+I+R3      8956.069     461 18834.138    19393.880    21189.415
600  TIM+F+R3      8937.648     463 18801.295    19367.388    21166.791
608  TIM+F+I+R2    8943.870     462 18811.740    19374.651    21172.127
609  TIM+F+I+R3    8933.959     464 18795.917    19365.205    21166.522
622  TIM2e+R3      8986.389     460 18892.777    19449.365    21242.946
630  TIM2e+I+R2    8988.161     459 18894.322    19447.769    21239.381
631  TIM2e+I+R3    8977.547     461 18877.094    19436.837    21232.372
644  TIM2e+R3      8986.389     460 18892.777    19449.365    21242.946
652  TIM2e+I+R2    8988.161     459 18894.322    19447.769    21239.381
653  TIM2e+I+R3    8977.547     461 18877.094    19436.837    21232.372
666  TIM2+R3       8986.332     460 18892.664    19449.252    21242.832
674  TIM2+I+R2     8988.137     459 18894.274    19447.721    21239.333
675  TIM2+I+R3     8977.529     461 18877.059    19436.801    21232.336
688  TIM2+F+R3     8966.920     463 18859.840    19425.932    21225.335
696  TIM2+F+I+R2   8972.913     462 18869.827    19432.738    21230.214
697  TIM2+F+I+R3   8962.680     464 18853.360    19422.647    21223.964
710  TIM3e+R3      8984.644     460 18889.287    19445.875    21239.456
718  TIM3e+I+R2    8986.826     459 18891.652    19445.099    21236.711
719  TIM3e+I+R3    8976.419     461 18874.838    19434.581    21230.116
732  TIM3e+R3      8984.644     460 18889.287    19445.875    21239.456
740  TIM3e+I+R2    8986.826     459 18891.652    19445.099    21236.711
741  TIM3e+I+R3    8976.419     461 18874.838    19434.581    21230.116
754  TIM3+R3       8984.627     460 18889.253    19445.841    21239.422
762  TIM3+I+R2     8986.817     459 18891.635    19445.082    21236.694
763  TIM3+I+R3     8976.412     461 18874.824    19434.566    21230.101
776  TIM3+F+R3     8952.530     463 18831.059    19397.152    21196.555
784  TIM3+F+I+R2   8960.047     462 18844.094    19407.005    21204.481
785  TIM3+F+I+R3   8949.450     464 18826.901    19396.188    21197.506
798  TVMe+R3       8969.797     461 18861.595    19421.337    21216.872
806  TVMe+I+R2     8976.069     460 18872.139    19428.727    21222.307
807  TVMe+I+R3     8963.898     462 18851.796    19414.706    21212.182
820  TVMe+R3       8969.797     461 18861.595    19421.337    21216.872
828  TVMe+I+R2     8976.069     460 18872.139    19428.727    21222.307
829  TVMe+I+R3     8963.898     462 18851.796    19414.706    21212.182
842  TVM+R3        8969.789     461 18861.578    19421.320    21216.855
850  TVM+I+R2      8976.030     460 18872.060    19428.648    21222.228
851  TVM+I+R3      8963.837     462 18851.675    19414.585    21212.062
864  TVM+F+R3      8938.492     464 18804.983    19374.271    21175.588
872  TVM+F+I+R2    8948.545     463 18823.090    19389.182    21188.586
873  TVM+F+I+R3    8936.606     465 18803.213    19375.709    21178.927
886  SYM+R3        8960.942     462 18845.885    19408.795    21206.272
894  SYM+I+R2      8962.962     461 18847.923    19407.666    21203.201
895  SYM+I+R3      8952.537     463 18831.074    19397.166    21196.570
908  SYM+R3        8960.942     462 18845.885    19408.795    21206.272
916  SYM+I+R2      8962.962     461 18847.923    19407.666    21203.201
917  SYM+I+R3      8952.537     463 18831.074    19397.166    21196.570
930  GTR+R3        8960.931     462 18845.862    19408.772    21206.248
938  GTR+I+R2      8962.949     461 18847.899    19407.641    21203.176
939  GTR+I+R3      8952.526     463 18831.053    19397.145    21196.549
952  GTR+F+R3      8929.665     465 18789.330    19361.827    21165.044
960  GTR+F+I+R2    8936.849     464 18801.699    19370.987    21172.304
961  GTR+F+I+R3    8926.596     466 18785.192    19360.912    21166.015
Akaike Information Criterion:           GTR+F+I+R3
Corrected Akaike Information Criterion: GTR+F+I+R3
Bayesian Information Criterion:         GTR+F+R3
Best-fit model: GTR+F+R3 chosen according to BIC

All model information printed to data_training/dna_M9143_228_1223.phy/output_files/iqtree/inference/pars_17.model.gz
CPU time for ModelFinder: 158.672 seconds (0h:2m:38s)
Wall-clock time for ModelFinder: 154.505 seconds (0h:2m:34s)

NOTE: 14 MB RAM (0 GB) is required!
Estimate model parameters (epsilon = 0.010)
1. Initial log-likelihood: -8929.777
2. Current log-likelihood: -8929.669
Optimal log-likelihood: -8929.668
Rate parameters:  A-C: 1.81610  A-G: 6.51192  A-T: 0.34431  C-G: 0.61505  C-T: 9.99870  G-T: 1.00000
Base frequencies:  A: 0.283  C: 0.194  G: 0.210  T: 0.314
Site proportion and rates:  (0.689,0.268) (0.271,1.819) (0.040,8.053)
Parameters optimization took 2 rounds (0.825 sec)
Wrote distance file to... 
BEST SCORE FOUND : -8929.668
Total tree length: 1.227

Total number of iterations: 0
CPU time used for tree search: 0.000 sec (0h:0m:0s)
Wall-clock time used for tree search: 0.000 sec (0h:0m:0s)
Total CPU time used: 159.558 sec (0h:2m:39s)
Total wall-clock time used: 155.362 sec (0h:2m:35s)

Analysis results written to: 
  IQ-TREE report:                data_training/dna_M9143_228_1223.phy/output_files/iqtree/inference/pars_17.iqtree
  Maximum-likelihood tree:       data_training/dna_M9143_228_1223.phy/output_files/iqtree/inference/pars_17.treefile
  Screen log file:               data_training/dna_M9143_228_1223.phy/output_files/iqtree/inference/pars_17.log

Date and Time: Thu Sep 25 01:15:20 2025
