IQ-TREE version 3.0.1 for Linux x86 64-bit built Sep 18 2025
Developed by Bui Quang Minh, Thomas Wong, Nhan Ly-Trong, Huaiyan Ren
Contributed by Lam-Tung Nguyen, Dominik Schrempf, Chris Bielow,
Olga Chernomor, Michael Woodhams, Diep Thi Hoang, Heiko Schmidt

Host:    DESKTOP-UQIA48J (AVX2, FMA3, 7 GB RAM)
Command: /home/ngocminh/miniconda3/envs/pypythia/bin/iqtree3 -s Data/dna_M11762_208_2468.phy -pre data_training/dna_M11762_208_2468.phy/output_files/iqtree/inference/pars_17 -seed 17 -ninit 1 -T 1 -redo -n 0
Seed:    17 (Using SPRNG - Scalable Parallel Random Number Generator)
Time:    Thu Sep 25 11:11:33 2025
Kernel:  AVX+FMA - 1 threads (8 CPU cores detected)

HINT: Use -nt option to specify number of threads because your CPU has 8 cores!
HINT: -nt AUTO will automatically determine the best number of threads to use.

Reading alignment file Data/dna_M11762_208_2468.phy ... Phylip format detected
Alignment most likely contains DNA/RNA sequences
Constructing alignment: done in 0.0091305 secs using 60.45% CPU
Alignment has 208 sequences with 2468 columns, 906 distinct patterns
834 parsimony-informative, 206 singleton sites, 1428 constant sites
                                                Gap/Ambiguity  Composition  p-value
Analyzing sequences: done in 0.00070956 secs using 103.9% CPU
   1  Batrachuperus_karlschmidti_BYmrg_LC018            0.12%    passed     95.67%
   2  Batrachuperus_karlschmidti_BYmrg_LC019            0.12%    passed     96.12%
   3  Batrachuperus_karlschmidti_BYmrg_LC049            0.12%    passed     91.53%
   4  Batrachuperus_karlschmidti_BYmrg_LC052            0.12%    passed     94.97%
   5  Batrachuperus_karlschmidti_BYmrg_LC053            0.12%    passed     96.12%
   6  Batrachuperus_karlschmidti_BYmrgxj_LC030          0.12%    passed     95.67%
   7  Batrachuperus_karlschmidti_H39_KDjgb_XM960        0.12%    passed     98.07%
   8  Batrachuperus_karlschmidti_KDjgb_XM1017           0.12%    passed     98.31%
   9  Batrachuperus_karlschmidti_KDjgb_XM1018           0.12%    passed     95.02%
  10  Batrachuperus_karlschmidti_KDjgb_XM937            0.12%    passed     95.39%
  11  Batrachuperus_karlschmidti_KDjgb_XM938            0.12%    passed     95.39%
  12  Batrachuperus_karlschmidti_KDjgb_XM975            0.12%    passed     97.55%
  13  Batrachuperus_karlschmidti_KDjgbtsv_XM942         0.12%    passed     96.73%
  14  Batrachuperus_karlschmidti_KDjgbtsv_XM963         0.12%    passed     97.91%
  15  Batrachuperus_karlschmidti_KDjgbtsv_XM964         0.12%    passed     96.15%
  16  Batrachuperus_karlschmidti_KDxdq_XM936            0.12%    passed     95.02%
  17  Batrachuperus_karlschmidti_KDzdmwwzsqzv_XM1368    0.12%    passed     93.69%
  18  Batrachuperus_karlschmidti_KDzdmwwzsqzv_XM1369    0.12%    passed     97.55%
  19  Batrachuperus_karlschmidti_LHslmk22k_LuB201       0.00%    passed     92.72%
  20  Batrachuperus_karlschmidti_LHslmk22k_LuB202       0.00%    passed     93.92%
  21  Batrachuperus_karlschmidti_LHslmk22k_LuB203       0.00%    passed     94.78%
  22  Batrachuperus_karlschmidti_LHslmk22k_LuB204       0.00%    passed     93.92%
  23  Batrachuperus_karlschmidti_LHslmk811c_LuB190      0.00%    passed     93.42%
  24  Batrachuperus_karlschmidti_LHslmk811c_LuB194      0.00%    passed     94.24%
  25  Batrachuperus_karlschmidti_LHslmk811c_LuB195      0.00%    passed     93.29%
  26  Batrachuperus_karlschmidti_LHslmk811c_LuB196      0.00%    passed     94.13%
  27  Batrachuperus_karlschmidti_LHslmk811c_LuB197      0.00%    passed     94.13%
  28  Batrachuperus_karlschmidti_LHslmk811c_LuB199      0.00%    passed     95.26%
  29  Batrachuperus_karlschmidti_LTjz_XM1276            0.00%    passed     83.08%
  30  Batrachuperus_karlschmidti_LTjz_XM1367            0.00%    passed     81.72%
  31  Batrachuperus_karlschmidti_MLezYNjz_LuB100        0.00%    passed     85.96%
  32  Batrachuperus_karlschmidti_MLezYNjz_LuB103        0.00%    passed     86.46%
  33  Batrachuperus_karlschmidti_MLezYNjz_LuB95         0.00%    passed     88.55%
  34  Batrachuperus_karlschmidti_MLkwds_LuB73           0.00%    passed     90.99%
  35  Batrachuperus_karlschmidti_MLkwds_LuB78           0.00%    passed     89.37%
  36  Batrachuperus_karlschmidti_MLkwds_LuB79           0.00%    passed     89.67%
  37  Batrachuperus_karlschmidti_RTsdksg_LuB13          0.00%    passed     88.89%
  38  Batrachuperus_karlschmidti_RTsdksgo_LuB10         0.00%    passed     90.09%
  39  Batrachuperus_karlschmidti_SDwd_LuB208            0.00%    passed     93.35%
  40  Batrachuperus_karlschmidti_SDwd_LuB209            0.00%    passed     92.55%
  41  Batrachuperus_karlschmidti_SDwd_LuB210            0.00%    passed     87.33%
  42  Batrachuperus_karlschmidti_SDwd_LuB211            0.00%    passed     91.83%
  43  Batrachuperus_karlschmidti_SDwd_LuB213            0.00%    passed     90.09%
  44  Batrachuperus_karlschmidti_XLbmbdvagg_LuB152      0.12%    passed     91.77%
  45  Batrachuperus_karlschmidti_XLbmbdvagg_LuB154      0.12%    passed     90.20%
  46  Batrachuperus_karlschmidti_XLbmbmvbmg_LuB149      0.12%    passed     94.79%
  47  Batrachuperus_karlschmidti_XLdgdgvdgg_LuB158      0.12%    passed     91.93%
  48  Batrachuperus_karlschmidti_XLdgdgvdgg_LuB159      0.12%    passed     88.32%
  49  Batrachuperus_karlschmidti_XLdgdgvdgg_LuB160      0.12%    passed     90.48%
  50  Batrachuperus_karlschmidti_XLdgdgvdgg_LuB161      0.00%    passed     90.99%
  51  Batrachuperus_karlschmidti_YJexg_LC102            0.00%    passed     89.26%
  52  Batrachuperus_karlschmidti_YJexg_LC103            0.00%    passed     87.30%
  53  Batrachuperus_karlschmidti_YJexg_LC105            0.00%    passed     88.43%
  54  Batrachuperus_karlschmidti_YJexg_LC106            0.00%    passed     87.33%
  55  Batrachuperus_londongensis_EMld_XM120             0.12%    passed     88.16%
  56  Batrachuperus_londongensis_EMld_XM122             0.53%    passed     83.34%
  57  Batrachuperus_londongensis_EMtdr_XM130            0.12%    passed     93.65%
  58  Batrachuperus_londongensis_EMtdr_XM131            0.12%    passed     93.30%
  59  Batrachuperus_londongensis_EMtdr_XM142            0.12%    passed     93.30%
  60  Batrachuperus_londongensis_HAYjrjlsgcg_XM568      0.53%    passed     94.06%
  61  Batrachuperus_londongensis_HAYjrjlsgcg_XM569      0.53%    passed     91.28%
  62  Batrachuperus_londongensis_HAYjrjlsgcg_XM580      0.12%    passed     96.97%
  63  Batrachuperus_londongensis_HYgmlhg_XM1372         0.12%    passed     92.76%
  64  Batrachuperus_londongensis_HYljwwm_XM003          0.12%    passed     96.61%
  65  Batrachuperus_londongensis_HYljwwm_XM004          0.12%    passed     95.82%
  66  Batrachuperus_londongensis_HYljwwm_XM005          0.12%    passed     97.33%
  67  Batrachuperus_londongensis_HYljwwm_XM072          0.12%    passed     95.69%
  68  Batrachuperus_londongensis_HYljwwmlxf_XM116       0.12%    passed     94.85%
  69  Batrachuperus_londongensis_LSgz_XM2133            0.24%    passed     94.91%
  70  Batrachuperus_londongensis_LSgz_XM2134            0.12%    passed     96.40%
  71  Batrachuperus_londongensis_LSgz_XM2135            0.12%    passed     92.97%
  72  Batrachuperus_londongensis_LSgz_XM2150            0.12%    passed     94.30%
  73  Batrachuperus_pinchonii_BXdbg_XM871               0.00%    passed     81.94%
  74  Batrachuperus_pinchonii_BXdbg_XM892               0.00%    passed     82.96%
  75  Batrachuperus_pinchonii_BXhpv_XM891               0.00%    passed     85.64%
  76  Batrachuperus_pinchonii_BXhpv_ZYC1404             0.00%    passed     87.46%
  77  Batrachuperus_pinchonii_BXhpv_ZYC1412             0.00%    passed     83.96%
  78  Batrachuperus_pinchonii_BXhpv_ZYC1413             0.00%    passed     81.47%
  79  Batrachuperus_pinchonii_BXhpvhpg_XM877            0.12%    passed     92.09%
  80  Batrachuperus_pinchonii_BXhpvhpg_XM883            0.00%    passed     80.64%
  81  Batrachuperus_pinchonii_BXhpvhpg_XM895            0.12%    passed     92.09%
  82  Batrachuperus_pinchonii_BXjjm_XM873               0.00%    passed     86.40%
  83  Batrachuperus_pinchonii_BXjjm_XM876               0.00%    passed     85.35%
  84  Batrachuperus_pinchonii_BXjjm_XM880               0.00%    passed     83.04%
  85  Batrachuperus_pinchonii_BXjjm_XM882               0.00%    passed     88.90%
  86  Batrachuperus_pinchonii_BXjjm_XM884               0.00%    passed     84.26%
  87  Batrachuperus_pinchonii_BXjjm_XM890               0.00%    passed     84.14%
  88  Batrachuperus_pinchonii_DYxlsmyzs_XM503           0.00%    passed     83.04%
  89  Batrachuperus_pinchonii_DYxlsmyzs_XM505           0.00%    passed     83.04%
  90  Batrachuperus_pinchonii_EMgslxg_XM129             0.00%    passed     90.36%
  91  Batrachuperus_pinchonii_EMgslxg_XM141             0.41%    passed     93.56%
  92  Batrachuperus_pinchonii_EMgslxg_ZYC1300           0.41%    passed     94.28%
  93  Batrachuperus_pinchonii_HYljwwmbsr_XM002          0.00%    passed     88.18%
  94  Batrachuperus_pinchonii_LSmsjpymsj_XM1032         0.00%    passed     96.47%
  95  Batrachuperus_pinchonii_LSmsjpymsj_XM1034         0.41%    passed     93.72%
  96  Batrachuperus_pinchonii_LSmsjpymsj_XM1035         0.41%    passed     94.88%
  97  Batrachuperus_pinchonii_LSmsjpymsj_XM1036         0.00%    passed     95.53%
  98  Batrachuperus_pinchonii_LSmsjpymsj_XM906          0.41%    passed     92.34%
  99  Batrachuperus_pinchonii_MEK_XM1674                0.00%    passed     80.48%
 100  Batrachuperus_pinchonii_MEK_XM1676                0.00%    passed     80.12%
 101  Batrachuperus_pinchonii_MEK_XM1677                0.00%    passed     83.50%
 102  Batrachuperus_pinchonii_MEK_XM1679                0.00%    passed     68.68%
 103  Batrachuperus_pinchonii_MNlss_XM934               0.41%    passed     93.91%
 104  Batrachuperus_pinchonii_MNyllmldg_XM905           0.41%    passed     95.67%
 105  Batrachuperus_pinchonii_MNyllmldg_XM945           0.00%    passed     90.81%
 106  Batrachuperus_pinchonii_MNyllmldg_XM970           0.00%    passed     94.85%
 107  Batrachuperus_pinchonii_YXljlblc_XM1021           0.00%    passed     90.81%
 108  Batrachuperus_pinchonii_YXljlblc_XM1022           0.00%    passed     88.53%
 109  Batrachuperus_pinchonii_YXljlblc_XM1023           0.53%    passed     94.44%
 110  Batrachuperus_pinchonii_YXljlblc_XM1024           0.12%    passed     90.72%
 111  Batrachuperus_pinchonii_YXljlblc_XM933            0.00%    passed     88.09%
 112  Batrachuperus_pinchonii_YXljlblc_XM948            0.00%    passed     90.81%
 113  Batrachuperus_tibetanus                           0.00%    passed     98.72%
 114  Batrachuperus_yenyuanensis_DECxgljm_LuB44         0.12%    passed     50.65%
 115  Batrachuperus_yenyuanensis_DECxgljm_LuB45         0.12%    passed     47.48%
 116  Batrachuperus_yenyuanensis_DECxgljm_LuB46         0.12%    passed     50.69%
 117  Batrachuperus_yenyuanensis_DECxgljm_LuB47         0.12%    passed     48.20%
 118  Batrachuperus_yenyuanensis_DECxgljm_LuB48         0.12%    passed     44.79%
 119  Batrachuperus_yenyuanensis_DECxgljm_LuB52         0.12%    passed     50.57%
 120  Batrachuperus_yenyuanensis_DECxgljm_LuB53         0.12%    passed     51.31%
 121  Batrachuperus_yenyuanensis_DECxgljm_LuB54         0.12%    passed     41.71%
 122  Batrachuperus_yenyuanensis_DECxgljm_LuB55         0.12%    passed     50.65%
 123  Batrachuperus_yenyuanensis_DECxgljm_LuB57         0.12%    passed     48.83%
 124  Batrachuperus_yenyuanensis_DECxgljm_LuB61         0.12%    passed     44.32%
 125  Batrachuperus_yenyuanensis_DECxgljm_LuB62         0.12%    passed     45.05%
 126  Batrachuperus_yenyuanensis_DECxgljm_LuB63         0.12%    passed     44.79%
 127  Batrachuperus_yenyuanensis_DECxgljm_LuB66         0.12%    passed     47.11%
 128  Batrachuperus_yenyuanensis_DECxgljm_LuB67         0.12%    passed     38.95%
 129  Batrachuperus_yenyuanensis_DECxgljm_LuB69         0.12%    passed     51.40%
 130  Batrachuperus_yenyuanensis_MNtwlbv_XM941          0.00%    passed     49.50%
 131  Batrachuperus_yenyuanensis_MNtwxgv_XM1019         0.00%    passed     59.80%
 132  Batrachuperus_yenyuanensis_MNtwxgv_XM903          0.00%    passed     56.51%
 133  Batrachuperus_yenyuanensis_MNtwxgv_XM961          0.00%    passed     60.14%
 134  Batrachuperus_yenyuanensis_PGljmhlp_LuB16         0.00%    passed     39.02%
 135  Batrachuperus_yenyuanensis_YBymgsblm_LuB36        0.00%    passed     69.09%
 136  Batrachuperus_yenyuanensis_YBymgsblm_LuB37        0.00%    passed     74.57%
 137  Batrachuperus_yenyuanensis_YBymgsblm_LuB38        0.00%    passed     69.46%
 138  Batrachuperus_yenyuanensis_YBymgsblm_LuB39        0.00%    passed     71.60%
 139  Batrachuperus_yenyuanensis_YBymgsblm_LuB41        0.00%    passed     74.57%
 140  Batrachuperus_yenyuanensis_YBymgsblm_LuB43        0.00%    passed     71.60%
 141  Batrachuperus_yenyuanensis_YYblm_LuB20            0.00%    passed     64.52%
 142  Batrachuperus_yenyuanensis_YYblm_LuB21            0.00%    passed     60.01%
 143  Batrachuperus_yenyuanensis_YYblm_LuB22            0.00%    passed     71.60%
 144  Batrachuperus_yenyuanensis_YYblm_LuB23            0.00%    passed     58.41%
 145  Batrachuperus_yenyuanensis_YYblm_LuB24            0.00%    passed     71.36%
 146  Batrachuperus_yenyuanensis_YYblm_LuB25            0.00%    passed     62.72%
 147  Batrachuperus_yenyuanensis_YYblm_LuB26            0.00%    passed     62.04%
 148  Batrachuperus_yenyuanensis_YYblm_LuB27            0.00%    passed     61.10%
 149  Batrachuperus_yenyuanensis_YYblm_LuB28            0.00%    passed     66.89%
 150  Batrachuperus_yenyuanensis_YYblm_LuB29            0.00%    passed     55.68%
 151  Batrachuperus_yenyuanensis_YYblm_LuB30            0.00%    passed     67.16%
 152  Batrachuperus_yenyuanensis_YYblm_LuB31            0.00%    passed     71.36%
 153  Daocheng_species_DCsd_XM1166                      0.00%    passed     97.63%
 154  Daocheng_species_DRbrzwv_LuB162                   0.00%    passed     98.05%
 155  Daocheng_species_LTjz_XM1275                      0.00%    passed     98.44%
 156  Daocheng_species_LTjz_XM1277                      0.00%    passed     95.83%
 157  Daocheng_species_MLezYNjz_LuB101                  0.00%    passed     93.19%
 158  Daocheng_species_MLezYNjz_LuB102                  0.00%    passed     92.79%
 159  Daocheng_species_MLezYNjz_LuB98                   0.00%    passed     93.28%
 160  Daocheng_species_MLkwds_LuB75                     0.00%    passed     94.25%
 161  Daocheng_species_MLkwds_LuB76                     0.00%    passed     89.76%
 162  Daocheng_species_MLkwds_LuB77                     0.00%    passed     94.12%
 163  Daocheng_species_MLkwds_LuB82                     0.00%    passed     92.94%
 164  Daocheng_species_MLkwds_LuB84                     0.00%    passed     94.19%
 165  Daocheng_species_MLkwds_LuB85                     0.00%    passed     92.94%
 166  Daocheng_species_MLkwds_LuB87                     0.00%    passed     85.81%
 167  Daocheng_species_MLkwds_LuB88                     0.00%    passed     86.61%
 168  Daocheng_species_MLkwds_LuB89                     0.00%    passed     85.81%
 169  Daocheng_species_MLkwds_LuB91                     0.00%    passed     91.45%
 170  Daocheng_species_NLsfm_LuB34                      0.00%    passed     93.76%
 171  Daocheng_species_NLsfm_LuB35                      0.00%    passed     95.49%
 172  Daocheng_species_XCrworkc_LuB181                  0.00%    passed     96.91%
 173  Daocheng_species_XCrworkc_LuB185                  0.00%    passed     94.41%
 174  Daocheng_species_XCrworkc_LuB186                  0.00%    passed     95.86%
 175  Daocheng_species_XCsg_XM1310                      0.00%    passed     96.59%
 176  Daocheng_species_XCsg_XM1312                      0.00%    passed     95.29%
 177  Daocheng_species_XGLLhbsm_LuB125                  0.00%    passed     90.94%
 178  Daocheng_species_XGLLhbsm_LuB126                  0.00%    passed     94.31%
 179  Daocheng_species_XGLLhbsm_LuB127                  0.00%    passed     96.47%
 180  Daocheng_species_XGLLhbsm_LuB128                  0.00%    passed     95.72%
 181  Daocheng_species_XGLLhbsm_LuB129                  0.00%    passed     97.10%
 182  Daocheng_species_XGLLhbsm_LuB131                  0.00%    passed     94.81%
 183  Daocheng_species_XGLLhbsm_LuB132                  0.00%    passed     97.07%
 184  Daocheng_species_XGLLhbsm_LuB133                  0.00%    passed     96.00%
 185  Daocheng_species_XGLLhbsm_LuB134                  0.00%    passed     95.79%
 186  Daocheng_species_XGLLhbsm_LuB135                  0.00%    passed     95.50%
 187  Daocheng_species_XGLLhbsm_LuB136                  0.00%    passed     97.14%
 188  Daocheng_species_XGLLhbsm_LuB139                  0.00%    passed     95.95%
 189  Daocheng_species_XGLLhbsm_LuB140                  0.00%    passed     95.79%
 190  Daocheng_species_XGLLqtsblm_LuB104                0.00%    passed     95.95%
 191  Daocheng_species_XGLLqtsblm_LuB106                0.00%    passed     94.37%
 192  Daocheng_species_XGLLqtsblm_LuB107                0.00%    passed     97.14%
 193  Daocheng_species_XGLLqtsblm_LuB108                0.00%    passed     96.95%
 194  Daocheng_species_XGLLqtsblm_LuB109                0.00%    passed     94.45%
 195  Daocheng_species_XGLLqtsblm_LuB110                0.00%    passed     95.92%
 196  Daocheng_species_XGLLqtsblm_LuB111                0.00%    passed     95.79%
 197  Daocheng_species_XGLLxgzsl_XM3192                 0.00%    passed     95.66%
 198  Daocheng_species_XGLLxgzsl_XM3194                 0.00%    passed     96.78%
 199  Daocheng_species_XGLLxgzsl_XM3196                 0.00%    passed     95.66%
 200  Daocheng_species_XGLLxgzsl_XM3197                 0.00%    passed     96.78%
 201  Daocheng_species_XGLLxgzsl_XM3373                 0.00%    passed     96.19%
 202  Daocheng_species_XGLLxgzsl_XM3429                 0.00%    passed     94.80%
 203  Hynobius_quelpaertensis                           0.12%    failed      0.21%
 204  Liua_shihi                                        0.36%    passed     73.01%
 205  Pachyhynobius_shangchengensis                     0.12%    passed     52.38%
 206  Paradactylodon_mustersi                           0.12%    failed      0.19%
 207  Pseudohynobius_shuichengensis                     0.12%    passed      9.14%
 208  Ranodon_sibiricus                                 0.24%    passed     98.30%
****  TOTAL                                             0.06%  2 sequences failed composition chi2 test (p-value<5%; df=3)
Checking for duplicate sequences: done in 0.00144945 secs using 110.8% CPU


Create initial parsimony tree by phylogenetic likelihood library (PLL)... 0.088 seconds
Perform fast likelihood tree search using GTR+I+G model...
Estimate model parameters (epsilon = 5.000)
Perform nearest neighbor interchange...
Estimate model parameters (epsilon = 1.000)
1. Initial log-likelihood: -19989.824
2. Current log-likelihood: -19987.369
3. Current log-likelihood: -19985.480
4. Current log-likelihood: -19983.602
5. Current log-likelihood: -19981.833
6. Current log-likelihood: -19980.177
7. Current log-likelihood: -19978.713
8. Current log-likelihood: -19977.397
9. Current log-likelihood: -19976.226
10. Current log-likelihood: -19975.197
Optimal log-likelihood: -19974.135
Rate parameters:  A-C: 4.85024  A-G: 31.63771  A-T: 2.67180  C-G: 1.32021  C-T: 32.11969  G-T: 1.00000
Base frequencies:  A: 0.299  C: 0.198  G: 0.149  T: 0.354
Proportion of invariable sites: 0.448
Gamma shape alpha: 0.762
Parameters optimization took 10 rounds (4.029 sec)
Time for fast ML tree search: 9.265 seconds

NOTE: ModelFinder requires 61 MB RAM!
ModelFinder will test up to 968 DNA models (sample size: 2468 epsilon: 0.100) ...
 No. Model         -LnL         df  AIC          AICc         BIC
  1  JC            23743.200    413 48312.401    48478.888    50712.411
  2  JC+I          22164.398    414 45156.795    45324.170    47562.617
  3  JC+G4         22005.002    414 44838.004    45005.378    47243.825
  4  JC+I+G4       21954.985    415 44739.970    44908.235    47151.603
  5  JC+R2         22039.794    415 44909.589    45077.854    47321.221
  6  JC+R3         21943.727    417 44721.454    44891.509    47144.710
  7  JC+R4         21941.353    419 44720.705    44892.561    47155.583
 14  JC+I+R2       21957.740    416 44747.480    44916.638    47164.924
 15  JC+I+R3       21936.683    418 44709.367    44880.320    47138.433
 16  JC+I+R4       21936.446    420 44712.892    44885.653    47153.581
 28  JC+R3         21943.727    417 44721.454    44891.509    47144.710
 37  JC+I+R3       21936.683    418 44709.367    44880.320    47138.433
 50  F81+R3        21943.431    417 44720.861    44890.916    47144.116
 59  F81+I+R3      21936.620    418 44709.240    44880.194    47138.306
 72  F81+F+R3      21744.998    420 44329.997    44502.757    46770.685
 81  F81+F+I+R3    21738.019    421 44318.038    44491.706    46764.538
 94  K2P+R3        20423.989    418 41683.977    41854.931    44113.044
103  K2P+I+R3      20415.338    419 41668.675    41840.531    44103.553
116  K2P+R3        20423.989    418 41683.977    41854.931    44113.044
125  K2P+I+R3      20415.338    419 41668.675    41840.531    44103.553
138  HKY+R3        20423.884    418 41683.767    41854.721    44112.834
147  HKY+I+R3      20415.213    419 41668.426    41840.282    44103.304
160  HKY+F+R3      20011.381    421 40864.761    41038.429    43311.261
169  HKY+F+I+R3    20000.477    422 40844.954    41019.532    43297.265
182  TNe+R3        20373.502    419 41585.003    41756.859    44019.881
191  TNe+I+R3      20359.141    420 41558.282    41731.042    43998.971
204  TNe+R3        20373.502    419 41585.003    41756.859    44019.881
213  TNe+I+R3      20359.141    420 41558.282    41731.042    43998.971
226  TN+R3         20373.478    419 41584.956    41756.812    44019.834
235  TN+I+R3       20359.078    420 41558.156    41730.916    43998.845
248  TN+F+R3       20010.629    422 40865.258    41039.836    43317.569
257  TN+F+I+R3     19998.374    423 40842.747    41018.239    43300.869
270  K3P+R3        20418.642    419 41675.284    41847.139    44110.161
279  K3P+I+R3      20409.898    420 41659.796    41832.557    44100.485
292  K3P+R3        20418.642    419 41675.284    41847.139    44110.161
301  K3P+I+R3      20409.898    420 41659.796    41832.557    44100.485
314  K3Pu+R3       20418.617    419 41675.234    41847.089    44110.111
323  K3Pu+I+R3     20409.843    420 41659.685    41832.446    44100.374
336  K3Pu+F+R3     20010.112    422 40864.223    41038.801    43316.534
345  K3Pu+F+I+R3   19999.508    423 40845.015    41020.506    43303.137
358  TPM2+R3       20284.293    419 41406.586    41578.441    43841.463
367  TPM2+I+R3     20270.528    420 41381.057    41553.817    43821.745
380  TPM2+R3       20284.293    419 41406.586    41578.441    43841.463
389  TPM2+I+R3     20270.528    420 41381.056    41553.817    43821.745
402  TPM2u+R3      20284.278    419 41406.556    41578.412    43841.434
411  TPM2u+I+R3    20270.533    420 41381.067    41553.827    43821.755
424  TPM2u+F+R3    19975.357    422 40794.715    40969.293    43247.025
433  TPM2u+F+I+R3  19961.364    423 40768.727    40944.218    43226.849
446  TPM3+R3       20423.899    419 41685.799    41857.654    44120.676
455  TPM3+I+R3     20415.271    420 41670.542    41843.302    44111.231
468  TPM3+R3       20423.899    419 41685.799    41857.654    44120.676
477  TPM3+I+R3     20415.271    420 41670.542    41843.302    44111.231
490  TPM3u+R3      20423.877    419 41685.755    41857.610    44120.632
499  TPM3u+I+R3    20415.223    420 41670.446    41843.206    44111.135
512  TPM3u+F+R3    20000.754    422 40845.508    41020.086    43297.819
521  TPM3u+F+I+R3  19988.842    423 40823.683    40999.174    43281.805
534  TIMe+R3       20367.674    420 41575.348    41748.108    44016.036
543  TIMe+I+R3     20353.523    421 41549.046    41722.714    43995.546
556  TIMe+R3       20367.674    420 41575.348    41748.108    44016.036
565  TIMe+I+R3     20353.523    421 41549.046    41722.714    43995.546
578  TIM+R3        20367.654    420 41575.308    41748.068    44015.997
587  TIM+I+R3      20353.492    421 41548.984    41722.652    43995.484
600  TIM+F+R3      20009.257    423 40864.515    41040.006    43322.637
609  TIM+F+I+R3    19997.177    424 40842.354    41018.761    43306.287
622  TIM2e+R3      20240.487    420 41320.975    41493.735    43761.664
631  TIM2e+I+R3    20219.585    421 41281.171    41454.838    43727.670
644  TIM2e+R3      20240.487    420 41320.975    41493.735    43761.664
653  TIM2e+I+R3    20219.585    421 41281.171    41454.838    43727.670
666  TIM2+R3       20240.408    420 41320.815    41493.575    43761.504
675  TIM2+I+R3     20219.472    421 41280.944    41454.611    43727.443
688  TIM2+F+R3     19973.625    423 40793.251    40968.742    43251.373
697  TIM2+F+I+R3   19958.056    424 40764.112    40940.520    43228.046
710  TIM3e+R3      20373.042    420 41586.083    41758.843    44026.772
719  TIM3e+I+R3    20358.601    421 41559.201    41732.869    44005.701
732  TIM3e+R3      20373.041    420 41586.083    41758.843    44026.772
741  TIM3e+I+R3    20358.601    421 41559.201    41732.869    44005.701
754  TIM3+R3       20373.024    420 41586.047    41758.807    44026.736
763  TIM3+I+R3     20358.570    421 41559.140    41732.808    44005.640
776  TIM3+F+R3     19999.610    423 40845.220    41020.711    43303.342
785  TIM3+F+I+R3   19986.413    424 40820.825    40997.232    43284.759
798  TVMe+R3       20282.817    421 41407.635    41581.302    43854.135
807  TVMe+I+R3     20269.501    422 41383.002    41557.580    43835.313
820  TVMe+R3       20282.817    421 41407.635    41581.302    43854.135
829  TVMe+I+R3     20269.501    422 41383.002    41557.580    43835.313
842  TVM+R3        20282.796    421 41407.591    41581.259    43854.091
851  TVM+I+R3      20269.485    422 41382.969    41557.547    43835.280
864  TVM+F+R3      19964.226    424 40776.451    40952.858    43240.384
873  TVM+F+I+R3    19949.449    425 40748.898    40926.224    43218.643
886  SYM+R3        20238.961    422 41321.922    41496.500    43774.233
895  SYM+I+R3      20218.447    423 41282.894    41458.385    43741.016
908  SYM+R3        20238.961    422 41321.922    41496.500    43774.233
917  SYM+I+R3      20218.447    423 41282.894    41458.385    43741.016
930  GTR+R3        20238.956    422 41321.911    41496.489    43774.222
939  GTR+I+R3      20218.397    423 41282.794    41458.286    43740.917
952  GTR+F+R3      19963.040    425 40776.080    40953.406    43245.825
961  GTR+F+I+R3    19946.032    426 40744.064    40922.312    43219.619
Akaike Information Criterion:           GTR+F+I+R3
Corrected Akaike Information Criterion: GTR+F+I+R3
Bayesian Information Criterion:         TVM+F+I+R3
Best-fit model: TVM+F+I+R3 chosen according to BIC

All model information printed to data_training/dna_M11762_208_2468.phy/output_files/iqtree/inference/pars_17.model.gz
CPU time for ModelFinder: 240.561 seconds (0h:4m:0s)
Wall-clock time for ModelFinder: 223.676 seconds (0h:3m:43s)

NOTE: 18 MB RAM (0 GB) is required!
Estimate model parameters (epsilon = 0.010)
1. Initial log-likelihood: -19949.756
2. Current log-likelihood: -19949.459
3. Current log-likelihood: -19949.437
Optimal log-likelihood: -19949.428
Rate parameters:  A-C: 5.23174  A-G: 33.95526  A-T: 3.03461  C-G: 1.28525  C-T: 33.95526  G-T: 1.00000
Base frequencies:  A: 0.299  C: 0.198  G: 0.149  T: 0.354
Proportion of invariable sites: 0.526
Site proportion and rates:  (0.235,0.714) (0.199,2.579) (0.039,8.103)
Parameters optimization took 3 rounds (1.150 sec)
Wrote distance file to... 
BEST SCORE FOUND : -19949.428
Total tree length: 2.301

Total number of iterations: 0
CPU time used for tree search: 0.000 sec (0h:0m:0s)
Wall-clock time used for tree search: 0.000 sec (0h:0m:0s)
Total CPU time used: 241.830 sec (0h:4m:1s)
Total wall-clock time used: 224.854 sec (0h:3m:44s)

Analysis results written to: 
  IQ-TREE report:                data_training/dna_M11762_208_2468.phy/output_files/iqtree/inference/pars_17.iqtree
  Maximum-likelihood tree:       data_training/dna_M11762_208_2468.phy/output_files/iqtree/inference/pars_17.treefile
  Screen log file:               data_training/dna_M11762_208_2468.phy/output_files/iqtree/inference/pars_17.log

Date and Time: Thu Sep 25 11:15:36 2025
