IQ-TREE version 3.0.1 for Linux x86 64-bit built Sep 12 2025
Developed by Bui Quang Minh, Thomas Wong, Nhan Ly-Trong, Huaiyan Ren
Contributed by Lam-Tung Nguyen, Dominik Schrempf, Chris Bielow,
Olga Chernomor, Michael Woodhams, Diep Thi Hoang, Heiko Schmidt

Host:    vanvan-Latitude-9520 (AVX512, FMA3, 31 GB RAM)
Command: /usr/local/bin/iqtree3 -s /home/vanvan/Downloads/data_treebase/DIU_TRAINING_DATA/data5/prot_M11596_62_439.phy -pre training_data/prot_M11596_62_439.phy/output_files/iqtree/inference/pars_13 -seed 13 -ninit 1 -T 1 -redo -n 0 -nt AUTO
Seed:    13 (Using SPRNG - Scalable Parallel Random Number Generator)
Time:    Mon Sep 22 02:44:22 2025
Kernel:  AVX+FMA - auto-detect threads (8 CPU cores detected)

Reading alignment file /home/vanvan/Downloads/data_treebase/DIU_TRAINING_DATA/data5/prot_M11596_62_439.phy ... Phylip format detected
Alignment most likely contains protein sequences
Constructing alignment: done in 0.00385269 secs using 22.74% CPU
Alignment has 62 sequences with 439 columns, 431 distinct patterns
388 parsimony-informative, 25 singleton sites, 26 constant sites
                                      Gap/Ambiguity  Composition  p-value
Analyzing sequences: done in 0.000164008 secs using 99.39% CPU
   1  Achromobacter_xylosoxidans             13.21%    failed      0.06%
   2  Alternaria_alternata                   14.35%    passed     94.01%
   3  Arthroderma_benhamiae_XP_003014124     13.67%    passed     91.39%
   4  Arthroderma_gypseum_XP_003176907       13.67%    passed     96.69%
   5  Arthroderma_otae_XP_002850891          13.67%    passed     76.40%
   6  Aspergillus_ficuum_364                 29.84%    passed     84.35%
   7  Aspergillus_ficuum_372                 28.70%    passed     74.63%
   8  Aspergillus_foetidus_341               28.70%    passed     69.37%
   9  Aspergillus_fumigatus_NPS6             14.58%    passed     82.39%
  10  Aspergillus_fumigatus_SidE             15.26%    passed     68.43%
  11  Aspergillus_nidulans_ACVS              14.58%    failed      2.71%
  12  Aspergillus_nidulans_ACVS2             14.35%    passed     20.50%
  13  Aspergillus_nidulans_ACVS3             13.90%    failed      0.28%
  14  Aspergillus_nidulans_SidC              16.40%    passed     58.65%
  15  Aspergillus_nidulans_SidC2             14.12%    passed     55.73%
  16  Aspergillus_niger                      11.39%    passed     97.13%
  17  Aspergillus_niger_326                  28.70%    passed     76.03%
  18  Aspergillus_niger_334                  28.93%    passed     70.38%
  19  Aspergillus_phoenicis_4851             28.70%    passed     88.99%
  20  Bacillus_amyloliquefaciens             12.53%    failed      2.84%
  21  Botrytis_cinerea                       13.90%    passed     23.65%
  22  Burkholderia_cenocepacia               15.95%    passed     14.19%
  23  Burkholderia_pseudomallei               9.57%    failed      3.68%
  24  Chaetomium_carpinum                    78.82%    passed     16.76%
  25  Chaetomium_globosum_1870               78.82%    passed     16.81%
  26  Chaetomium_globosum_HP                 13.67%    passed     27.47%
  27  Chondromyces_crocatus                  11.85%    failed      0.52%
  28  Clostridium_cellulolyticum             14.58%    failed      1.62%
  29  Cochliobolus_heterostrophus_NP1        15.03%    failed      3.57%
  30  Cochliobolus_heterostrophus_NP10       14.12%    passed     71.23%
  31  Cochliobolus_heterostrophus_NP13       15.49%    failed      2.98%
  32  Cochliobolus_heterostrophus_NP2        14.58%    passed     25.21%
  33  Cochliobolus_heterostrophus_NP3        16.17%    passed     93.33%
  34  Cochliobolus_heterostrophus_NP4        14.81%    passed     52.79%
  35  Cochliobolus_heterostrophus_NP5        14.12%    failed      1.10%
  36  Cochliobolus_heterostrophus_NP6        15.49%    passed     16.97%
  37  Cochliobolus_heterostrophus_NP7        12.76%    passed     93.20%
  38  Cochliobolus_heterostrophus_NP8        13.67%    passed     18.19%
  39  Cochliobolus_heterostrophus_NP9        14.35%    passed     97.86%
  40  Cordyceps_bassiana                      5.69%    passed     75.44%
  41  Frankia_sp._Adomain                    10.25%    failed      0.58%
  42  Fusarium_graminearum_FGSG11026         15.95%    passed     74.77%
  43  Gibberella_fujikuroi                   14.58%    passed     38.49%
  44  Magnaporthe_grisea                     15.03%    passed     30.14%
  45  Marinobacter_algicola                  13.21%    passed     76.49%
  46  Metarhizium_acridum                    13.67%    passed     89.75%
  47  Metarhizium_anisopliae                 13.67%    passed     94.52%
  48  Mycobacterium_tuberculosis             16.40%    passed     26.09%
  49  Myxococcus_xanthus                     13.67%    passed     38.57%
  50  Neurospora_crassa_B                    15.49%    failed      4.29%
  51  Penicillium_chrysogenum_ACVS1          14.12%    failed      3.96%
  52  Penicillium_chrysogenum_ACVS11         14.81%    passed     57.00%
  53  Penicillium_chrysogenum_ACVS12         14.58%    passed     20.74%
  54  Pseudomonas_putida                     11.39%    failed      1.30%
  55  Streptomyces_albus                     17.31%    failed      0.00%
  56  Streptomyces_clavuligerus              13.21%    passed      9.30%
  57  Trichoderma_reesei                     14.81%    passed     95.35%
  58  Trichophyton_equinum_EGE01982          13.67%    passed     92.09%
  59  Trichophyton_rubrum_XP_003238870       13.67%    passed     95.75%
  60  Trichophyton_tonsurans_EGD97139        13.67%    passed     92.85%
  61  Trichophyton_verrucosum_XP_003020763   13.67%    passed     91.44%
  62  marine_gamma_proteobacterium_A         12.98%    passed     39.78%
WARNING: 2 sequences contain more than 50% gaps/ambiguity
****  TOTAL                                  17.46%  15 sequences failed composition chi2 test (p-value<5%; df=19)
Checking for duplicate sequences: done in 0.00127179 secs using 22.72% CPU


Create initial parsimony tree by phylogenetic likelihood library (PLL)... 0.067 seconds
Measuring multi-threading efficiency up to 8 CPU cores
Increase to 10 rounds for branch lengths
4 trees examined
Threads: 1 / Time: 8.561 sec / Speedup: 1.000 / Efficiency: 100% / LogL: -43084
Threads: 2 / Time: 6.213 sec / Speedup: 1.378 / Efficiency: 69% / LogL: -43084
Threads: 3 / Time: 6.287 sec / Speedup: 1.362 / Efficiency: 45% / LogL: -43084
Determining AUTO threadcount: done in 21.0692 secs using 146.9% CPU
BEST NUMBER OF THREADS: 2

Perform fast likelihood tree search using LG+I+G model...
Estimate model parameters (epsilon = 5.000)
Perform nearest neighbor interchange...
Estimate model parameters (epsilon = 1.000)
1. Initial log-likelihood: -34133.179
Optimal log-likelihood: -34132.998
Proportion of invariable sites: 0.025
Gamma shape alpha: 1.180
Parameters optimization took 1 rounds (0.670 sec)
Time for fast ML tree search: 9.844 seconds

NOTE: ModelFinder requires 43 MB RAM!
ModelFinder will test up to 1232 protein models (sample size: 439 epsilon: 0.100) ...
 No. Model         -LnL         df  AIC          AICc         BIC
  1  LG            35643.442    121 71528.883    71622.019    72023.107
  2  LG+I          35438.610    122 71121.220    71216.195    71619.529
  3  LG+G4         34159.001    122 68562.002    68656.977    69060.311
  4  LG+I+G4       34132.950    123 68511.900    68608.738    69014.293
  5  LG+R2         34472.771    123 69191.542    69288.380    69693.935
  6  LG+R3         34219.019    125 68688.038    68788.677    69198.601
  7  LG+R4         34137.028    127 68528.055    68632.596    69046.787
  8  LG+R5         34103.334    129 68464.667    68573.211    68991.567
  9  LG+R6         34102.218    131 68466.436    68579.088    69001.506
 14  LG+I+R2       34390.111    124 69028.222    69126.948    69534.700
 15  LG+I+R3       34179.983    126 68611.967    68714.544    69126.614
 16  LG+I+R4       34121.107    128 68498.214    68604.743    69021.030
 17  LG+I+R5       34101.019    130 68462.038    68572.622    68993.023
 18  LG+I+R6       34100.321    132 68464.641    68579.386    69003.795
 30  LG+F+R5       32605.254    148 65506.508    65658.591    66111.014
 31  LG+F+R6       32603.843    150 65507.687    65664.978    66120.362
 39  LG+F+I+R5     32602.388    149 65502.776    65657.447    66111.366
 52  WAG+R5        34201.749    129 68661.498    68770.041    69188.398
 53  WAG+R6        34196.908    131 68655.815    68768.467    69190.885
 61  WAG+I+R5      34198.305    130 68656.611    68767.195    69187.596
 74  WAG+F+R5      32797.775    148 65891.549    66043.632    66496.055
 75  WAG+F+R6      32793.052    150 65886.104    66043.395    66498.779
 83  WAG+F+I+R5    32793.914    149 65885.829    66040.500    66494.419
 96  JTT+R5        34315.364    129 68888.728    68997.272    69415.628
 97  JTT+R6        34309.229    131 68880.458    68993.110    69415.528
105  JTT+I+R5      34315.069    130 68890.138    69000.722    69421.123
118  JTT+F+R5      33005.744    148 66307.488    66459.570    66911.994
119  JTT+F+R6      32999.630    150 66299.260    66456.552    66911.935
127  JTT+F+I+R5    33003.758    149 66305.517    66460.188    66914.107
140  Q.PFAM+R5     34180.661    129 68619.322    68727.866    69146.223
141  Q.PFAM+R6     34173.615    131 68609.230    68721.881    69144.299
149  Q.PFAM+I+R5   34178.487    130 68616.974    68727.558    69147.959
162  Q.PFAM+F+R5   32616.176    148 65528.352    65680.435    66132.858
163  Q.PFAM+F+R6   32612.340    150 65524.680    65681.972    66137.355
171  Q.PFAM+F+I+R5 32612.790    149 65523.581    65678.252    66132.171
184  Q.BIRD+R5     34999.101    129 70256.203    70364.747    70783.103
185  Q.BIRD+R6     34994.745    131 70251.489    70364.141    70786.559
193  Q.BIRD+I+R5   34996.191    130 70252.382    70362.966    70783.367
206  Q.BIRD+F+R5   33751.469    148 67798.939    67951.022    68403.445
207  Q.BIRD+F+R6   33744.916    150 67789.833    67947.124    68402.508
215  Q.BIRD+F+I+R5 33747.524    149 67793.047    67947.719    68401.638
228  Q.MAMMAL+R5   34794.971    129 69847.942    69956.486    70374.843
229  Q.MAMMAL+R6   34790.410    131 69842.819    69955.471    70377.888
237  Q.MAMMAL+I+R5 34792.707    130 69845.413    69955.998    70376.398
250  Q.MAMMAL+F+R5 33435.813    148 67167.627    67319.709    67772.133
251  Q.MAMMAL+F+R6 33430.338    150 67160.676    67317.968    67773.351
259  Q.MAMMAL+F+I+R5 33432.288    149 67162.577    67317.248    67771.167
272  Q.INSECT+R5   34438.006    129 69134.011    69242.555    69660.911
273  Q.INSECT+R6   34431.143    131 69124.286    69236.937    69659.355
281  Q.INSECT+I+R5 34436.419    130 69132.837    69243.422    69663.822
294  Q.INSECT+F+R5 32679.517    148 65655.034    65807.117    66259.540
295  Q.INSECT+F+R6 32675.172    150 65650.344    65807.636    66263.019
303  Q.INSECT+F+I+R5 32676.692    149 65651.384    65806.055    66259.974
316  Q.PLANT+R5    34930.919    129 70119.837    70228.381    70646.738
317  Q.PLANT+R6    34922.747    131 70107.494    70220.145    70642.563
325  Q.PLANT+I+R5  34927.867    130 70115.733    70226.318    70646.718
338  Q.PLANT+F+R5  33102.335    148 66500.670    66652.753    67105.176
339  Q.PLANT+F+R6  33097.897    150 66495.794    66653.086    67108.469
347  Q.PLANT+F+I+R5 33099.971    149 66497.942    66652.613    67106.532
360  Q.YEAST+R5    34927.242    129 70112.485    70221.028    70639.385
361  Q.YEAST+R6    34919.247    131 70100.495    70213.146    70635.564
369  Q.YEAST+I+R5  34925.173    130 70110.346    70220.930    70641.331
382  Q.YEAST+F+R5  32670.581    148 65637.162    65789.245    66241.668
383  Q.YEAST+F+R6  32666.233    150 65632.465    65789.757    66245.140
391  Q.YEAST+F+I+R5 32667.547    149 65633.093    65787.764    66241.683
404  JTTDCMUT+R5   34302.940    129 68863.881    68972.424    69390.781
405  JTTDCMUT+R6   34296.869    131 68855.738    68968.389    69390.807
413  JTTDCMUT+I+R5 34302.400    130 68864.800    68975.385    69395.785
426  JTTDCMUT+F+R5 32999.700    148 66295.399    66447.482    66899.905
427  JTTDCMUT+F+R6 32993.555    150 66287.111    66444.402    66899.785
435  JTTDCMUT+F+I+R5 32997.246    149 66292.493    66447.164    66901.083
448  DCMUT+R5      34746.234    129 69750.469    69859.012    70277.369
449  DCMUT+R6      34735.243    131 69732.485    69845.137    70267.555
457  DCMUT+I+R5    34739.641    130 69739.282    69849.866    70270.267
470  DCMUT+F+R5    33628.299    148 67552.598    67704.681    68157.104
471  DCMUT+F+R6    33613.782    150 67527.565    67684.856    68140.240
479  DCMUT+F+I+R5  33620.033    149 67538.065    67692.737    68146.656
492  VT+R5         34199.305    129 68656.609    68765.153    69183.510
493  VT+R6         34198.184    131 68658.368    68771.019    69193.437
501  VT+I+R5       34198.621    130 68657.242    68767.826    69188.227
514  VT+F+R5       32711.154    148 65718.307    65870.390    66322.813
515  VT+F+R6       32709.554    150 65719.108    65876.399    66331.783
523  VT+F+I+R5     32710.011    149 65718.022    65872.694    66326.613
536  PMB+R5        34027.014    129 68312.027    68420.571    68838.928
537  PMB+R6        34025.548    131 68313.097    68425.748    68848.166
545  PMB+I+R5      34027.157    130 68314.315    68424.899    68845.300
558  PMB+F+R5      32891.882    148 66079.763    66231.846    66684.269
559  PMB+F+R6      32889.396    150 66078.792    66236.083    66691.466
567  PMB+F+I+R5    32891.859    149 66081.719    66236.390    66690.309
580  BLOSUM62+R5   33982.676    129 68223.352    68331.896    68750.252
581  BLOSUM62+R6   33981.519    131 68225.037    68337.688    68760.106
589  BLOSUM62+I+R5 33982.124    130 68224.248    68334.832    68755.232
602  BLOSUM62+F+R5 32853.190    148 66002.380    66154.463    66606.886
603  BLOSUM62+F+R6 32851.338    150 66002.677    66159.969    66615.352
611  BLOSUM62+F+I+R5 32852.516    149 66003.033    66157.704    66611.623
624  DAYHOFF+R5    34745.828    129 69749.656    69858.200    70276.557
625  DAYHOFF+R6    34735.705    131 69733.410    69846.062    70268.479
633  DAYHOFF+I+R5  34739.296    130 69738.592    69849.177    70269.577
646  DAYHOFF+F+R5  33629.227    148 67554.454    67706.537    68158.960
647  DAYHOFF+F+R6  33616.286    150 67532.571    67689.863    68145.246
655  DAYHOFF+F+I+R5 33621.185    149 67540.369    67695.041    68148.960
668  MTREV+R5      36540.911    129 73339.822    73448.366    73866.722
669  MTREV+R6      36530.705    131 73323.410    73436.061    73858.479
677  MTREV+I+R5    36541.318    130 73342.637    73453.221    73873.622
690  MTREV+F+R5    33221.617    148 66739.235    66891.318    67343.741
691  MTREV+F+R6    33212.283    150 66724.566    66881.857    67337.241
699  MTREV+F+I+R5  33220.023    149 66738.046    66892.717    67346.636
712  MTART+R5      37103.046    129 74464.092    74572.635    74990.992
713  MTART+R6      37092.344    131 74446.688    74559.340    74981.757
721  MTART+I+R5    37102.008    130 74464.016    74574.600    74995.001
734  MTART+F+R5    33615.058    148 67526.115    67678.198    68130.621
735  MTART+F+R6    33607.578    150 67515.155    67672.447    68127.830
743  MTART+F+I+R5  33607.703    149 67513.406    67668.077    68121.996
756  MTZOA+R5      35978.883    129 72215.767    72324.311    72742.667
757  MTZOA+R6      35967.953    131 72197.907    72310.558    72732.976
765  MTZOA+I+R5    35969.374    130 72198.748    72309.333    72729.733
778  MTZOA+F+R5    33181.313    148 66658.626    66810.709    67263.132
779  MTZOA+F+R6    33175.517    150 66651.034    66808.326    67263.709
787  MTZOA+F+I+R5  33173.978    149 66645.957    66800.628    67254.547
800  MTMET+R5      36850.864    129 73959.727    74068.271    74486.628
801  MTMET+R6      36836.273    131 73934.545    74047.197    74469.615
809  MTMET+I+R5    36840.292    130 73940.585    74051.169    74471.570
822  MTMET+F+R5    33370.477    148 67036.953    67189.036    67641.459
823  MTMET+F+R6    33363.516    150 67027.031    67184.323    67639.706
831  MTMET+F+I+R5  33363.838    149 67025.677    67180.348    67634.267
844  MTVER+R5      36962.849    129 74183.699    74292.242    74710.599
845  MTVER+R6      36958.818    131 74179.635    74292.287    74714.705
853  MTVER+I+R5    36957.308    130 74174.616    74285.201    74705.601
866  MTVER+F+R5    33910.218    148 68116.435    68268.518    68720.941
867  MTVER+F+R6    33904.506    150 68109.011    68266.303    68721.686
875  MTVER+F+I+R5  33902.655    149 68103.310    68257.981    68711.901
888  MTINV+R5      37103.652    129 74465.303    74573.847    74992.203
889  MTINV+R6      37093.805    131 74449.610    74562.261    74984.679
897  MTINV+I+R5    37099.180    130 74458.360    74568.944    74989.345
910  MTINV+F+R5    33082.152    148 66460.305    66612.387    67064.810
911  MTINV+F+R6    33076.490    150 66452.980    66610.271    67065.655
919  MTINV+F+I+R5  33075.789    149 66449.579    66604.250    67058.169
932  MTMAM+R5      37378.706    129 75015.411    75123.955    75542.312
933  MTMAM+R6      37370.512    131 75003.025    75115.676    75538.094
941  MTMAM+I+R5    37373.999    130 75007.999    75118.583    75538.983
954  MTMAM+F+R5    34250.793    148 68797.586    68949.669    69402.092
955  MTMAM+F+R6    34243.929    150 68787.858    68945.150    69400.533
963  MTMAM+F+I+R5  34241.537    149 68781.074    68935.745    69389.664
976  FLAVI+R5      36165.055    129 72588.111    72696.654    73115.011
977  FLAVI+R6      36137.368    131 72536.737    72649.388    73071.806
985  FLAVI+I+R5    36151.654    130 72563.309    72673.893    73094.294
998  FLAVI+F+R5    34609.708    148 69515.416    69667.499    70119.922
999  FLAVI+F+R6    34595.202    150 69490.404    69647.695    70103.079
1007  FLAVI+F+I+R5  34597.031    149 69492.063    69646.734    70100.653
1020  HIVB+R5       35122.143    129 70502.285    70610.829    71029.186
1021  HIVB+R6       35113.315    131 70488.629    70601.281    71023.699
1029  HIVB+I+R5     35123.345    130 70506.690    70617.274    71037.674
1042  HIVB+F+R5     33947.012    148 68190.025    68342.108    68794.531
1043  HIVB+F+R6     33937.552    150 68175.104    68332.396    68787.779
1051  HIVB+F+I+R5   33946.548    149 68191.095    68345.767    68799.686
1064  HIVW+R5       37216.948    129 74691.897    74800.440    75218.797
1065  HIVW+R6       37211.805    131 74685.610    74798.261    75220.679
1073  HIVW+I+R5     37211.348    130 74682.696    74793.281    75213.681
1086  HIVW+F+R5     35240.796    148 70777.591    70929.674    71382.097
1087  HIVW+F+R6     35234.330    150 70768.660    70925.952    71381.335
1095  HIVW+F+I+R5   35231.072    149 70760.144    70914.816    71368.735
1108  FLU+R5        36262.242    129 72782.484    72891.028    73309.384
1109  FLU+R6        36259.600    131 72781.200    72893.851    73316.269
1117  FLU+I+R5      36263.442    130 72786.885    72897.469    73317.870
1130  FLU+F+R5      34547.302    148 69390.603    69542.686    69995.109
1131  FLU+F+R6      34539.912    150 69379.825    69537.117    69992.500
1139  FLU+F+I+R5    34536.476    149 69370.953    69525.624    69979.543
1152  RTREV+R5      34180.858    129 68619.717    68728.260    69146.617
1153  RTREV+R6      34178.142    131 68618.285    68730.936    69153.354
1161  RTREV+I+R5    34177.997    130 68615.993    68726.578    69146.978
1174  RTREV+F+R5    32720.618    148 65737.236    65889.319    66341.742
1175  RTREV+F+R6    32719.131    150 65738.262    65895.554    66350.937
1183  RTREV+F+I+R5  32716.847    149 65731.695    65886.366    66340.285
1196  CPREV+R5      34633.934    129 69525.867    69634.411    70052.768
1197  CPREV+R6      34631.451    131 69524.902    69637.554    70059.972
1205  CPREV+I+R5    34631.461    130 69522.921    69633.506    70053.906
1218  CPREV+F+R5    32838.446    148 65972.893    66124.976    66577.399
1219  CPREV+F+R6    32836.827    150 65973.655    66130.946    66586.330
1227  CPREV+F+I+R5  32834.639    149 65967.278    66121.950    66575.869
Akaike Information Criterion:           LG+F+I+R5
Corrected Akaike Information Criterion: LG+F+I+R5
Bayesian Information Criterion:         LG+F+R5
Best-fit model: LG+F+R5 chosen according to BIC

All model information printed to training_data/prot_M11596_62_439.phy/output_files/iqtree/inference/pars_13.model.gz
CPU time for ModelFinder: 4007.030 seconds (1h:6m:47s)
Wall-clock time for ModelFinder: 2897.903 seconds (0h:48m:17s)

NOTE: 21 MB RAM (0 GB) is required!
Estimate model parameters (epsilon = 0.010)
1. Initial log-likelihood: -32611.073
2. Current log-likelihood: -32604.231
3. Current log-likelihood: -32604.020
4. Current log-likelihood: -32603.986
5. Current log-likelihood: -32603.955
6. Current log-likelihood: -32603.939
7. Current log-likelihood: -32603.912
8. Current log-likelihood: -32603.900
9. Current log-likelihood: -32603.886
10. Current log-likelihood: -32603.875
11. Current log-likelihood: -32603.864
12. Current log-likelihood: -32603.853
Optimal log-likelihood: -32603.838
Site proportion and rates:  (0.082,0.048) (0.156,0.228) (0.285,0.520) (0.314,1.117) (0.164,2.820)
Parameters optimization took 12 rounds (24.050 sec)
Wrote distance file to... 
BEST SCORE FOUND : -32603.838
Total tree length: 49.881

Total number of iterations: 0
CPU time used for tree search: 0.000 sec (0h:0m:0s)
Wall-clock time used for tree search: 0.000 sec (0h:0m:0s)
Total CPU time used: 4042.133 sec (1h:7m:22s)
Total wall-clock time used: 2922.016 sec (0h:48m:42s)

Analysis results written to: 
  IQ-TREE report:                training_data/prot_M11596_62_439.phy/output_files/iqtree/inference/pars_13.iqtree
  Maximum-likelihood tree:       training_data/prot_M11596_62_439.phy/output_files/iqtree/inference/pars_13.treefile
  Screen log file:               training_data/prot_M11596_62_439.phy/output_files/iqtree/inference/pars_13.log

Date and Time: Mon Sep 22 03:33:04 2025
