IQ-TREE version 3.0.1 for Linux x86 64-bit built Sep 12 2025
Developed by Bui Quang Minh, Thomas Wong, Nhan Ly-Trong, Huaiyan Ren
Contributed by Lam-Tung Nguyen, Dominik Schrempf, Chris Bielow,
Olga Chernomor, Michael Woodhams, Diep Thi Hoang, Heiko Schmidt

Host:    vanvan-Latitude-9520 (AVX512, FMA3, 31 GB RAM)
Command: /usr/local/bin/iqtree3 -s /home/vanvan/Downloads/data_treebase/DIU_TRAINING_DATA/data5/prot_M11596_62_439.phy -pre training_data/prot_M11596_62_439.phy/output_files/iqtree/inference/pars_14 -seed 14 -ninit 1 -T 1 -redo -n 0 -nt AUTO
Seed:    14 (Using SPRNG - Scalable Parallel Random Number Generator)
Time:    Mon Sep 22 03:20:29 2025
Kernel:  AVX+FMA - auto-detect threads (8 CPU cores detected)

Reading alignment file /home/vanvan/Downloads/data_treebase/DIU_TRAINING_DATA/data5/prot_M11596_62_439.phy ... Phylip format detected
Alignment most likely contains protein sequences
Constructing alignment: done in 0.000928625 secs using 7.323% CPU
Alignment has 62 sequences with 439 columns, 431 distinct patterns
388 parsimony-informative, 25 singleton sites, 26 constant sites
                                      Gap/Ambiguity  Composition  p-value
Analyzing sequences: done in 0.000131955 secs using 95.49% CPU
   1  Achromobacter_xylosoxidans             13.21%    failed      0.06%
   2  Alternaria_alternata                   14.35%    passed     94.01%
   3  Arthroderma_benhamiae_XP_003014124     13.67%    passed     91.39%
   4  Arthroderma_gypseum_XP_003176907       13.67%    passed     96.69%
   5  Arthroderma_otae_XP_002850891          13.67%    passed     76.40%
   6  Aspergillus_ficuum_364                 29.84%    passed     84.35%
   7  Aspergillus_ficuum_372                 28.70%    passed     74.63%
   8  Aspergillus_foetidus_341               28.70%    passed     69.37%
   9  Aspergillus_fumigatus_NPS6             14.58%    passed     82.39%
  10  Aspergillus_fumigatus_SidE             15.26%    passed     68.43%
  11  Aspergillus_nidulans_ACVS              14.58%    failed      2.71%
  12  Aspergillus_nidulans_ACVS2             14.35%    passed     20.50%
  13  Aspergillus_nidulans_ACVS3             13.90%    failed      0.28%
  14  Aspergillus_nidulans_SidC              16.40%    passed     58.65%
  15  Aspergillus_nidulans_SidC2             14.12%    passed     55.73%
  16  Aspergillus_niger                      11.39%    passed     97.13%
  17  Aspergillus_niger_326                  28.70%    passed     76.03%
  18  Aspergillus_niger_334                  28.93%    passed     70.38%
  19  Aspergillus_phoenicis_4851             28.70%    passed     88.99%
  20  Bacillus_amyloliquefaciens             12.53%    failed      2.84%
  21  Botrytis_cinerea                       13.90%    passed     23.65%
  22  Burkholderia_cenocepacia               15.95%    passed     14.19%
  23  Burkholderia_pseudomallei               9.57%    failed      3.68%
  24  Chaetomium_carpinum                    78.82%    passed     16.76%
  25  Chaetomium_globosum_1870               78.82%    passed     16.81%
  26  Chaetomium_globosum_HP                 13.67%    passed     27.47%
  27  Chondromyces_crocatus                  11.85%    failed      0.52%
  28  Clostridium_cellulolyticum             14.58%    failed      1.62%
  29  Cochliobolus_heterostrophus_NP1        15.03%    failed      3.57%
  30  Cochliobolus_heterostrophus_NP10       14.12%    passed     71.23%
  31  Cochliobolus_heterostrophus_NP13       15.49%    failed      2.98%
  32  Cochliobolus_heterostrophus_NP2        14.58%    passed     25.21%
  33  Cochliobolus_heterostrophus_NP3        16.17%    passed     93.33%
  34  Cochliobolus_heterostrophus_NP4        14.81%    passed     52.79%
  35  Cochliobolus_heterostrophus_NP5        14.12%    failed      1.10%
  36  Cochliobolus_heterostrophus_NP6        15.49%    passed     16.97%
  37  Cochliobolus_heterostrophus_NP7        12.76%    passed     93.20%
  38  Cochliobolus_heterostrophus_NP8        13.67%    passed     18.19%
  39  Cochliobolus_heterostrophus_NP9        14.35%    passed     97.86%
  40  Cordyceps_bassiana                      5.69%    passed     75.44%
  41  Frankia_sp._Adomain                    10.25%    failed      0.58%
  42  Fusarium_graminearum_FGSG11026         15.95%    passed     74.77%
  43  Gibberella_fujikuroi                   14.58%    passed     38.49%
  44  Magnaporthe_grisea                     15.03%    passed     30.14%
  45  Marinobacter_algicola                  13.21%    passed     76.49%
  46  Metarhizium_acridum                    13.67%    passed     89.75%
  47  Metarhizium_anisopliae                 13.67%    passed     94.52%
  48  Mycobacterium_tuberculosis             16.40%    passed     26.09%
  49  Myxococcus_xanthus                     13.67%    passed     38.57%
  50  Neurospora_crassa_B                    15.49%    failed      4.29%
  51  Penicillium_chrysogenum_ACVS1          14.12%    failed      3.96%
  52  Penicillium_chrysogenum_ACVS11         14.81%    passed     57.00%
  53  Penicillium_chrysogenum_ACVS12         14.58%    passed     20.74%
  54  Pseudomonas_putida                     11.39%    failed      1.30%
  55  Streptomyces_albus                     17.31%    failed      0.00%
  56  Streptomyces_clavuligerus              13.21%    passed      9.30%
  57  Trichoderma_reesei                     14.81%    passed     95.35%
  58  Trichophyton_equinum_EGE01982          13.67%    passed     92.09%
  59  Trichophyton_rubrum_XP_003238870       13.67%    passed     95.75%
  60  Trichophyton_tonsurans_EGD97139        13.67%    passed     92.85%
  61  Trichophyton_verrucosum_XP_003020763   13.67%    passed     91.44%
  62  marine_gamma_proteobacterium_A         12.98%    passed     39.78%
WARNING: 2 sequences contain more than 50% gaps/ambiguity
****  TOTAL                                  17.46%  15 sequences failed composition chi2 test (p-value<5%; df=19)
Checking for duplicate sequences: done in 0.000225357 secs using 99.4% CPU


Create initial parsimony tree by phylogenetic likelihood library (PLL)... 0.059 seconds
Measuring multi-threading efficiency up to 8 CPU cores
Increase to 10 rounds for branch lengths
4 trees examined
Threads: 1 / Time: 9.061 sec / Speedup: 1.000 / Efficiency: 100% / LogL: -44011
Threads: 2 / Time: 6.564 sec / Speedup: 1.380 / Efficiency: 69% / LogL: -44011
Threads: 3 / Time: 7.433 sec / Speedup: 1.219 / Efficiency: 41% / LogL: -44011
Determining AUTO threadcount: done in 23.0607 secs using 144% CPU
BEST NUMBER OF THREADS: 2

Perform fast likelihood tree search using LG+I+G model...
Estimate model parameters (epsilon = 5.000)
Perform nearest neighbor interchange...
Estimate model parameters (epsilon = 1.000)
1. Initial log-likelihood: -34129.246
Optimal log-likelihood: -34128.829
Proportion of invariable sites: 0.024
Gamma shape alpha: 1.170
Parameters optimization took 1 rounds (0.870 sec)
Time for fast ML tree search: 5.794 seconds

NOTE: ModelFinder requires 43 MB RAM!
ModelFinder will test up to 1232 protein models (sample size: 439 epsilon: 0.100) ...
 No. Model         -LnL         df  AIC          AICc         BIC
  1  LG            35631.824    121 71505.649    71598.785    71999.873
  2  LG+I          35427.294    122 71098.588    71193.563    71596.897
  3  LG+G4         34152.740    122 68549.481    68644.455    69047.790
  4  LG+I+G4       34128.767    123 68503.534    68600.372    69005.928
  5  LG+R2         34471.066    123 69188.131    69284.969    69690.525
  6  LG+R3         34210.239    125 68670.477    68771.116    69181.040
  7  LG+R4         34130.647    127 68515.294    68619.834    69034.025
  8  LG+R5         34099.118    129 68456.236    68564.780    68983.137
  9  LG+R6         34096.979    131 68455.957    68568.609    68991.026
 14  LG+I+R2       34387.997    124 69023.995    69122.721    69530.473
 15  LG+I+R3       34172.610    126 68597.221    68699.798    69111.868
 16  LG+I+R4       34115.742    128 68487.483    68594.013    69010.299
 17  LG+I+R5       34095.815    130 68451.630    68562.215    68982.615
 18  LG+I+R6       34093.990    132 68451.980    68566.725    68991.134
 30  LG+F+R5       32605.829    148 65507.658    65659.741    66112.164
 31  LG+F+R6       32603.885    150 65507.769    65665.061    66120.444
 39  LG+F+I+R5     32601.896    149 65501.792    65656.463    66110.382
 40  LG+F+I+R6     32600.281    151 65502.562    65662.506    66119.321
 52  WAG+R5        34198.874    129 68655.747    68764.291    69182.647
 53  WAG+R6        34193.127    131 68648.254    68760.905    69183.323
 61  WAG+I+R5      34194.115    130 68648.229    68758.814    69179.214
 62  WAG+I+R6      34192.231    132 68648.462    68763.207    69187.616
 74  WAG+F+R5      32799.800    148 65895.601    66047.684    66500.107
 75  WAG+F+R6      32793.418    150 65886.836    66044.127    66499.511
 83  WAG+F+I+R5    32795.205    149 65888.410    66043.081    66497.001
 84  WAG+F+I+R6    32791.791    151 65885.583    66045.527    66502.342
 96  JTT+R5        34311.147    129 68880.294    68988.838    69407.194
 97  JTT+R6        34303.977    131 68869.953    68982.605    69405.023
105  JTT+I+R5      34309.465    130 68878.930    68989.514    69409.915
106  JTT+I+R6      34303.402    132 68870.805    68985.550    69409.959
118  JTT+F+R5      33007.019    148 66310.038    66462.121    66914.544
119  JTT+F+R6      32999.458    150 66298.915    66456.207    66911.590
127  JTT+F+I+R5    33003.591    149 66305.182    66459.853    66913.772
128  JTT+F+I+R6    32997.078    151 66296.156    66456.100    66912.916
140  Q.PFAM+R5     34174.185    129 68606.370    68714.914    69133.271
141  Q.PFAM+R6     34166.350    131 68594.701    68707.352    69129.770
149  Q.PFAM+I+R5   34170.987    130 68601.973    68712.558    69132.958
150  Q.PFAM+I+R6   34163.803    132 68591.605    68706.350    69130.759
162  Q.PFAM+F+R5   32617.053    148 65530.106    65682.189    66134.612
163  Q.PFAM+F+R6   32612.468    150 65524.937    65682.228    66137.612
171  Q.PFAM+F+I+R5 32612.745    149 65523.489    65678.160    66132.080
172  Q.PFAM+F+I+R6 32608.289    151 65518.577    65678.522    66135.337
184  Q.BIRD+R5     34990.787    129 70239.574    70348.118    70766.475
185  Q.BIRD+R6     34985.481    131 70232.963    70345.614    70768.032
193  Q.BIRD+I+R5   34986.546    130 70233.092    70343.676    70764.077
194  Q.BIRD+I+R6   34981.389    132 70226.778    70341.524    70765.932
206  Q.BIRD+F+R5   33747.302    148 67790.605    67942.687    68395.110
207  Q.BIRD+F+R6   33740.718    150 67781.437    67938.728    68394.111
215  Q.BIRD+F+I+R5 33742.300    149 67782.599    67937.271    68391.190
216  Q.BIRD+F+I+R6 33736.441    151 67774.883    67934.827    68391.642
228  Q.MAMMAL+R5   34787.538    129 69833.076    69941.620    70359.976
229  Q.MAMMAL+R6   34781.806    131 69825.612    69938.263    70360.681
237  Q.MAMMAL+I+R5 34783.364    130 69826.728    69937.312    70357.713
238  Q.MAMMAL+I+R6 34778.683    132 69821.365    69936.110    70360.519
250  Q.MAMMAL+F+R5 33432.934    148 67161.869    67313.952    67766.375
251  Q.MAMMAL+F+R6 33427.440    150 67154.880    67312.172    67767.555
259  Q.MAMMAL+F+I+R5 33427.821    149 67153.643    67308.314    67762.233
260  Q.MAMMAL+F+I+R6 33423.380    151 67148.760    67308.705    67765.520
272  Q.INSECT+R5   34432.537    129 69123.075    69231.619    69649.975
273  Q.INSECT+R6   34425.323    131 69112.645    69225.297    69647.715
281  Q.INSECT+I+R5 34429.606    130 69119.213    69229.797    69650.197
282  Q.INSECT+I+R6 34422.824    132 69109.649    69224.394    69648.803
294  Q.INSECT+F+R5 32680.114    148 65656.229    65808.311    66260.735
295  Q.INSECT+F+R6 32675.057    150 65650.113    65807.405    66262.788
303  Q.INSECT+F+I+R5 32676.086    149 65650.172    65804.844    66258.763
304  Q.INSECT+F+I+R6 32671.320    151 65644.640    65804.584    66261.399
316  Q.PLANT+R5    34920.694    129 70099.388    70207.932    70626.288
317  Q.PLANT+R6    34912.101    131 70086.202    70198.853    70621.271
325  Q.PLANT+I+R5  34916.625    130 70093.250    70203.834    70624.235
326  Q.PLANT+I+R6  34908.229    132 70080.458    70195.203    70619.612
338  Q.PLANT+F+R5  33102.104    148 66500.208    66652.291    67104.714
339  Q.PLANT+F+R6  33096.874    150 66493.747    66651.039    67106.422
347  Q.PLANT+F+I+R5 33098.485    149 66494.970    66649.641    67103.560
348  Q.PLANT+F+I+R6 33093.243    151 66488.487    66648.431    67105.246
360  Q.YEAST+R5    34920.735    129 70099.471    70208.015    70626.371
361  Q.YEAST+R6    34912.204    131 70086.409    70199.060    70621.478
369  Q.YEAST+I+R5  34917.589    130 70095.177    70205.762    70626.162
370  Q.YEAST+I+R6  34909.804    132 70083.608    70198.353    70622.761
382  Q.YEAST+F+R5  32671.770    148 65639.539    65791.622    66244.045
383  Q.YEAST+F+R6  32666.271    150 65632.542    65789.834    66245.217
391  Q.YEAST+F+I+R5 32667.773    149 65633.546    65788.217    66242.136
392  Q.YEAST+F+I+R6 32662.571    151 65627.143    65787.087    66243.902
404  JTTDCMUT+R5   34299.930    129 68857.860    68966.404    69384.760
405  JTTDCMUT+R6   34292.248    131 68846.497    68959.148    69381.566
413  JTTDCMUT+I+R5 34297.865    130 68855.729    68966.314    69386.714
414  JTTDCMUT+I+R6 34291.089    132 68846.177    68960.922    69385.331
426  JTTDCMUT+F+R5 33001.636    148 66299.272    66451.355    66903.778
427  JTTDCMUT+F+R6 32993.706    150 66287.411    66444.703    66900.086
435  JTTDCMUT+F+I+R5 32997.925    149 66293.851    66448.522    66902.441
436  JTTDCMUT+F+I+R6 32991.466    151 66284.933    66444.877    66901.692
448  DCMUT+R5      34742.120    129 69742.240    69850.784    70269.140
449  DCMUT+R6      34729.311    131 69720.622    69833.274    70255.692
457  DCMUT+I+R5    34733.988    130 69727.976    69838.561    70258.961
458  DCMUT+I+R6    34725.918    132 69715.835    69830.580    70254.989
470  DCMUT+F+R5    33630.028    148 67556.056    67708.138    68160.561
471  DCMUT+F+R6    33615.921    150 67531.842    67689.133    68144.517
479  DCMUT+F+I+R5  33620.106    149 67538.213    67692.884    68146.803
480  DCMUT+F+I+R6  33611.671    151 67525.341    67685.285    68142.100
492  VT+R5         34216.327    129 68690.654    68799.198    69217.554
493  VT+R6         34195.591    131 68653.181    68765.833    69188.251
501  VT+I+R5       34195.584    130 68651.168    68761.753    69182.153
502  VT+I+R6       34194.946    132 68653.893    68768.638    69193.047
514  VT+F+R5       32716.032    148 65728.065    65880.148    66332.571
515  VT+F+R6       32707.869    150 65715.738    65873.030    66328.413
523  VT+F+I+R5     32711.993    149 65721.986    65876.657    66330.576
524  VT+F+I+R6     32710.628    151 65723.257    65883.201    66340.016
536  PMB+R5        34029.323    129 68316.646    68425.190    68843.546
537  PMB+R6        34019.702    131 68301.404    68414.055    68836.473
545  PMB+I+R5      34025.791    130 68311.582    68422.167    68842.567
546  PMB+I+R6      34024.030    132 68312.061    68426.806    68851.215
558  PMB+F+R5      32898.403    148 66092.805    66244.888    66697.311
559  PMB+F+R6      32887.731    150 66075.461    66232.753    66688.136
567  PMB+F+I+R5    32895.450    149 66088.899    66243.571    66697.490
568  PMB+F+I+R6    32892.132    151 66086.263    66246.207    66703.023
580  BLOSUM62+R5   33985.678    129 68229.355    68337.899    68756.256
581  BLOSUM62+R6   33976.802    131 68215.603    68328.255    68750.673
589  BLOSUM62+I+R5 33981.756    130 68223.513    68334.097    68754.498
590  BLOSUM62+I+R6 33981.099    132 68226.199    68340.944    68765.353
602  BLOSUM62+F+R5 32859.262    148 66014.524    66166.607    66619.030
603  BLOSUM62+F+R6 32849.939    150 65999.879    66157.170    66612.554
611  BLOSUM62+F+I+R5 32855.894    149 66009.788    66164.460    66618.379
612  BLOSUM62+F+I+R6 32854.803    151 66011.606    66171.550    66628.365
624  DAYHOFF+R5    34743.034    129 69744.068    69852.612    70270.969
625  DAYHOFF+R6    34728.820    131 69719.640    69832.292    70254.709
633  DAYHOFF+I+R5  34733.876    130 69727.752    69838.336    70258.737
634  DAYHOFF+I+R6  34725.351    132 69714.703    69829.448    70253.857
646  DAYHOFF+F+R5  33631.856    148 67559.713    67711.795    68164.218
647  DAYHOFF+F+R6  33616.547    150 67533.094    67690.385    68145.769
655  DAYHOFF+F+I+R5 33621.124    149 67540.247    67694.919    68148.838
656  DAYHOFF+F+I+R6 33612.391    151 67526.781    67686.725    68143.540
668  MTREV+R5      36532.237    129 73322.474    73431.017    73849.374
669  MTREV+R6      36520.178    131 73302.357    73415.008    73837.426
677  MTREV+I+R5    36530.251    130 73320.502    73431.087    73851.487
678  MTREV+I+R6    36517.964    132 73299.927    73414.672    73839.081
690  MTREV+F+R5    33220.444    148 66736.888    66888.971    67341.394
691  MTREV+F+R6    33209.999    150 66719.997    66877.289    67332.672
699  MTREV+F+I+R5  33217.246    149 66732.493    66887.164    67341.083
700  MTREV+F+I+R6  33208.130    151 66718.260    66878.204    67335.019
712  MTART+R5      37093.488    129 74444.976    74553.520    74971.876
713  MTART+R6      37082.856    131 74427.712    74540.364    74962.782
721  MTART+I+R5    37093.506    130 74447.012    74557.596    74977.996
722  MTART+I+R6    37073.246    132 74410.492    74525.237    74949.646
734  MTART+F+R5    33608.210    148 67512.420    67664.503    68116.926
735  MTART+F+R6    33600.460    150 67500.920    67658.212    68113.595
743  MTART+F+I+R5  33599.691    149 67497.381    67652.053    68105.972
744  MTART+F+I+R6  33590.850    151 67483.701    67643.645    68100.460
756  MTZOA+R5      35966.966    129 72191.932    72300.476    72718.832
757  MTZOA+R6      35955.225    131 72172.449    72285.101    72707.519
765  MTZOA+I+R5    35956.900    130 72173.800    72284.384    72704.785
766  MTZOA+I+R6    35947.628    132 72159.257    72274.002    72698.411
778  MTZOA+F+R5    33174.903    148 66645.806    66797.888    67250.312
779  MTZOA+F+R6    33169.724    150 66639.447    66796.739    67252.122
787  MTZOA+F+I+R5  33167.173    149 66632.345    66787.016    67240.936
788  MTZOA+F+I+R6  33161.454    151 66624.908    66784.852    67241.667
800  MTMET+R5      36835.971    129 73929.941    74038.485    74456.842
801  MTMET+R6      36820.060    131 73902.121    74014.772    74437.190
809  MTMET+I+R5    36823.231    130 73906.463    74017.047    74437.448
810  MTMET+I+R6    36815.449    132 73894.898    74009.643    74434.052
822  MTMET+F+R5    33366.381    148 67028.762    67180.845    67633.268
823  MTMET+F+R6    33358.650    150 67017.300    67174.592    67629.975
831  MTMET+F+I+R5  33358.645    149 67015.290    67169.961    67623.880
832  MTMET+F+I+R6  33352.059    151 67006.118    67166.063    67622.878
844  MTVER+R5      36942.621    129 74143.243    74251.786    74670.143
845  MTVER+R6      36937.926    131 74137.853    74250.504    74672.922
853  MTVER+I+R5    36937.315    130 74134.629    74245.214    74665.614
854  MTVER+I+R6    36932.752    132 74129.505    74244.250    74668.659
866  MTVER+F+R5    33905.331    148 68106.662    68258.745    68711.168
867  MTVER+F+R6    33898.673    150 68097.347    68254.639    68710.022
875  MTVER+F+I+R5  33896.612    149 68091.224    68245.895    68699.814
876  MTVER+F+I+R6  33889.411    151 68080.823    68240.767    68697.582
888  MTINV+R5      37093.388    129 74444.776    74553.320    74971.677
889  MTINV+R6      37082.006    131 74426.012    74538.663    74961.081
897  MTINV+I+R5    37088.062    130 74436.125    74546.709    74967.110
898  MTINV+I+R6    37078.150    132 74420.301    74535.046    74959.455
910  MTINV+F+R5    33079.586    148 66455.171    66607.254    67059.677
911  MTINV+F+R6    33073.937    150 66447.873    66605.165    67060.548
919  MTINV+F+I+R5  33072.200    149 66442.400    66597.071    67050.991
920  MTINV+F+I+R6  33066.078    151 66434.156    66594.100    67050.915
932  MTMAM+R5      37362.477    129 74982.954    75091.498    75509.855
933  MTMAM+R6      37354.399    131 74970.797    75083.449    75505.866
941  MTMAM+I+R5    37355.417    130 74970.835    75081.419    75501.820
942  MTMAM+I+R6    37347.672    132 74959.343    75074.088    75498.497
954  MTMAM+F+R5    34249.369    148 68794.738    68946.820    69399.243
955  MTMAM+F+R6    34239.253    150 68778.506    68935.798    69391.181
963  MTMAM+F+I+R5  34237.074    149 68772.148    68926.819    69380.739
964  MTMAM+F+I+R6  34230.575    151 68763.151    68923.095    69379.910
976  FLAVI+R5      36158.832    129 72575.665    72684.208    73102.565
977  FLAVI+R6      36132.969    131 72527.937    72640.589    73063.007
985  FLAVI+I+R5    36146.898    130 72553.796    72664.380    73084.780
986  FLAVI+I+R6    36129.754    132 72523.508    72638.253    73062.662
998  FLAVI+F+R5    34609.383    148 69514.766    69666.849    70119.272
999  FLAVI+F+R6    34594.925    150 69489.850    69647.142    70102.525
1007  FLAVI+F+I+R5  34597.075    149 69492.150    69646.821    70100.741
1008  FLAVI+F+I+R6  34587.414    151 69476.827    69636.772    70093.587
1020  HIVB+R5       35119.257    129 70496.514    70605.057    71023.414
1021  HIVB+R6       35108.246    131 70478.492    70591.144    71013.562
1029  HIVB+I+R5     35118.869    130 70497.739    70608.323    71028.724
1030  HIVB+I+R6     35107.261    132 70478.522    70593.267    71017.676
1042  HIVB+F+R5     33951.298    148 68198.596    68350.678    68803.101
1043  HIVB+F+R6     33938.576    150 68177.152    68334.444    68789.827
1051  HIVB+F+I+R5   33949.426    149 68196.852    68351.523    68805.442
1052  HIVB+F+I+R6   33936.512    151 68175.023    68334.967    68791.783
1064  HIVW+R5       37218.805    129 74695.609    74804.153    75222.510
1065  HIVW+R6       37208.921    131 74679.843    74792.494    75214.912
1073  HIVW+I+R5     37211.762    130 74683.525    74794.109    75214.510
1074  HIVW+I+R6     37202.336    132 74668.672    74783.417    75207.826
1086  HIVW+F+R5     35245.088    148 70786.175    70938.258    71390.681
1087  HIVW+F+R6     35235.955    150 70771.911    70929.202    71384.585
1095  HIVW+F+I+R5   35233.404    149 70764.808    70919.479    71373.398
1096  HIVW+F+I+R6   35227.867    151 70757.733    70917.678    71374.493
1108  FLU+R5        36259.088    129 72776.175    72884.719    73303.076
1109  FLU+R6        36253.600    131 72769.199    72881.851    73304.269
1117  FLU+I+R5      36261.659    130 72783.318    72893.902    73314.303
1118  FLU+I+R6      36251.013    132 72766.025    72880.770    73305.179
1130  FLU+F+R5      34548.945    148 69393.891    69545.974    69998.397
1131  FLU+F+R6      34538.995    150 69377.991    69535.282    69990.666
1139  FLU+F+I+R5    34539.302    149 69376.604    69531.276    69985.195
1140  FLU+F+I+R6    34530.229    151 69362.457    69522.401    69979.217
1152  RTREV+R5      34174.518    129 68607.035    68715.579    69133.936
1153  RTREV+R6      34170.820    131 68603.641    68716.292    69138.710
1161  RTREV+I+R5    34170.113    130 68600.227    68710.811    69131.212
1162  RTREV+I+R6    34168.920    132 68601.840    68716.585    69140.994
1174  RTREV+F+R5    32721.871    148 65739.743    65891.826    66344.249
1175  RTREV+F+R6    32719.317    150 65738.634    65895.926    66351.309
1183  RTREV+F+I+R5  32716.784    149 65731.568    65886.239    66340.158
1184  RTREV+F+I+R6  32715.795    151 65733.590    65893.535    66350.350
1196  CPREV+R5      34629.408    129 69516.817    69625.360    70043.717
1197  CPREV+R6      34622.991    131 69507.982    69620.634    70043.052
1205  CPREV+I+R5    34625.783    130 69511.566    69622.150    70042.551
1206  CPREV+I+R6    34624.079    132 69512.159    69626.904    70051.313
1218  CPREV+F+R5    32840.053    148 65976.105    66128.188    66580.611
1219  CPREV+F+R6    32833.100    150 65966.200    66123.491    66578.874
1227  CPREV+F+I+R5  32835.237    149 65968.474    66123.145    66577.064
1228  CPREV+F+I+R6  32834.700    151 65971.401    66131.345    66588.160
Akaike Information Criterion:           LG+F+I+R5
Corrected Akaike Information Criterion: LG+F+I+R5
Bayesian Information Criterion:         LG+F+I+R5
Best-fit model: LG+F+I+R5 chosen according to BIC

All model information printed to training_data/prot_M11596_62_439.phy/output_files/iqtree/inference/pars_14.model.gz
CPU time for ModelFinder: 5151.957 seconds (1h:25m:51s)
Wall-clock time for ModelFinder: 3491.661 seconds (0h:58m:11s)

NOTE: 21 MB RAM (0 GB) is required!
Estimate model parameters (epsilon = 0.010)
1. Initial log-likelihood: -32608.128
2. Current log-likelihood: -32601.103
3. Current log-likelihood: -32600.889
4. Current log-likelihood: -32600.873
Optimal log-likelihood: -32600.866
Proportion of invariable sites: 0.020
Site proportion and rates:  (0.085,0.083) (0.149,0.259) (0.281,0.540) (0.301,1.135) (0.164,2.811)
Parameters optimization took 4 rounds (7.004 sec)
Wrote distance file to... 
BEST SCORE FOUND : -32600.866
Total tree length: 49.790

Total number of iterations: 0
CPU time used for tree search: 0.000 sec (0h:0m:0s)
Wall-clock time used for tree search: 0.000 sec (0h:0m:0s)
Total CPU time used: 5164.385 sec (1h:26m:4s)
Total wall-clock time used: 3498.727 sec (0h:58m:18s)

Analysis results written to: 
  IQ-TREE report:                training_data/prot_M11596_62_439.phy/output_files/iqtree/inference/pars_14.iqtree
  Maximum-likelihood tree:       training_data/prot_M11596_62_439.phy/output_files/iqtree/inference/pars_14.treefile
  Screen log file:               training_data/prot_M11596_62_439.phy/output_files/iqtree/inference/pars_14.log

Date and Time: Mon Sep 22 04:18:47 2025
