IQ-TREE version 3.0.1 for Linux x86 64-bit built Sep 23 2025
Developed by Bui Quang Minh, Thomas Wong, Nhan Ly-Trong, Huaiyan Ren
Contributed by Lam-Tung Nguyen, Dominik Schrempf, Chris Bielow,
Olga Chernomor, Michael Woodhams, Diep Thi Hoang, Heiko Schmidt

Host:    cnode04.hpc.vast.vn (AVX512, FMA3, 125 GB RAM)
Command: /datausers/ioit/thaontp/tranthanhvan235/iqtree3/build/iqtree3 -s /datausers/ioit/thaontp/tranthanhvan235/data_treebase/remainMSAs/prot_M4318_78_2295.phy -pre training_data/prot_M4318_78_2295.phy/output_files/iqtree/inference/pars_6 -seed 6 -ninit 1 -T 1 -redo -n 0 -nt AUTO
Seed:    6 (Using SPRNG - Scalable Parallel Random Number Generator)
Time:    Fri Oct 17 03:43:36 2025
Kernel:  AVX+FMA - auto-detect threads (56 CPU cores detected)

Reading alignment file /datausers/ioit/thaontp/tranthanhvan235/data_treebase/remainMSAs/prot_M4318_78_2295.phy ... Phylip format detected
Alignment most likely contains protein sequences
Constructing alignment: done in 0.044509 secs using 1722% CPU
Alignment has 78 sequences with 2295 columns, 2193 distinct patterns
1945 parsimony-informative, 154 singleton sites, 196 constant sites
                              Gap/Ambiguity  Composition  p-value
Analyzing sequences: done in 0.0644957 secs using 2242% CPU
   1  Acropora_tenuis                 0.09%    failed      0.00%
   2  Agamermis_sp.                   1.22%    failed      0.00%
   3  Anisakis_simplex                1.09%    failed      0.00%
   4  Artemia_franciscana             1.44%    passed     98.77%
   5  Asterias_amurensis              0.13%    failed      0.00%
   6  Balanoglossus_carnosus          0.00%    failed      0.00%
   7  Brachionus_plicatilis           0.83%    failed      0.00%
   8  Branchiostoma_florida           0.00%    failed      0.00%
   9  Bugula_neritina                 0.26%    failed      0.00%
  10  Caenorhabditis_elegans          0.96%    failed      0.00%
  11  Clymenella_torquata             0.00%    failed      0.24%
  12  Conus_textile                   0.00%    passed     23.59%
  13  Diphyllobothrium_latum          3.97%    failed      0.00%
  14  Drosophila_melanogaster         0.09%    passed     36.44%
  15  Echinococcus_granolosus         3.83%    failed      0.00%
  16  Eclysippe_vanelli               4.40%    passed     87.48%
  17  Endomyzostoma_sp.              19.65%    failed      0.00%
  18  Epiperipatus_biolleyi           0.13%    failed      0.41%
  19  Fasciola_hepatica               3.66%    failed      0.00%
  20  Florometra_serratissima         0.00%    failed      0.01%
  21  Flustrellidra_hispida           1.92%    failed      1.05%
  22  Galathealinum_brachiosum       31.46%    failed      0.00%
  23  Geodia_neptuni                  0.17%    failed      0.00%
  24  Gyrodactylus_salaris            4.01%    failed      0.00%
  25  Haliotis_rubra                  0.00%    failed      2.33%
  26  Helobdella_robusta             31.50%    passed      9.88%
  27  Heptathela_hangzhouensis        0.57%    failed      0.21%
  28  Hymenolepis_diminuta            4.01%    failed      0.00%
  29  Ixodes_hexagonus                0.39%    failed      0.00%
  30  Katharina_tunicata              0.09%    passed     94.39%
  31  Lampetra_fluviatilis            0.04%    failed      0.00%
  32  Laqueus_rubellus                0.48%    failed      0.00%
  33  Leptorhynchoides_thecatus       2.09%    failed      0.00%
  34  Limulus_polyphemus              0.09%    passed     42.34%
  35  Lithobius_forficatus            0.09%    passed     81.40%
  36  Locusta_migratoria              0.17%    failed      0.03%
  37  Loxocorone_allax                0.00%    passed     93.05%
  38  Loxosomella_aloxiata            0.57%    passed     94.08%
  39  Lumbricus_terrestris            0.04%    failed      0.25%
  40  Metridium_senile                0.04%    failed      0.00%
  41  Microcotyle_sebastis            3.44%    failed      0.00%
  42  Microstomum_lineare            51.63%    failed      0.00%
  43  Myzostoma_cirriferum           10.89%    failed      0.00%
  44  Myzostoma_seymourcollegiorum   17.95%    failed      0.00%
  45  Narceus_annularus               0.17%    passed     78.80%
  46  Nautilus_macromphalus           0.00%    failed      0.00%
  47  Nephtys_sp.                     0.48%    failed      0.00%
  48  Octopus_vulgaris                0.04%    failed      0.09%
  49  Onchocerca_volvulus             1.26%    failed      0.00%
  50  Orbinia_latreillii              0.04%    failed      0.00%
  51  Oscarella_carmela               4.36%    failed      0.00%
  52  Paracentrotus_lividus           0.00%    failed      0.00%
  53  Paragonimus_westermani          4.27%    failed      0.00%
  54  Paraspadella_gotoi              4.71%    passed     41.92%
  55  Penaeus_monodon                 0.13%    passed     46.46%
  56  Perionyx_excavata               0.00%    failed      0.00%
  57  Phascolosoma_gouldii           46.54%    failed      0.82%
  58  Phoronis_psammophila            1.83%    passed     80.33%
  59  Pista_cristata                  0.04%    failed      0.00%
  60  Platynereis_dumerilli           0.35%    failed      0.00%
  61  Priapulus_caudatus              0.09%    passed     42.05%
  62  Riftia_pachyptila              12.20%    passed      6.30%
  63  Saccoglossus_kowalevskii        0.00%    failed      0.00%
  64  Schistosoma_mansoni             3.83%    failed      0.00%
  65  Scoloplos_armiger               9.28%    failed      0.02%
  66  Spadella_cephaloptera           4.79%    passed     63.50%
  67  Squilla_mantis                  0.17%    passed     35.24%
  68  Taenia_asiatica                 3.97%    failed      0.00%
  69  Terebellides_stroemi            0.00%    failed      0.02%
  70  Terebratalia_transversa         0.57%    failed      0.00%
  71  Terebratulina_retusa            0.00%    failed      0.02%
  72  Tribolium_castaneum             0.09%    passed     26.12%
  73  Trichinella_spiralis            0.96%    failed      0.00%
  74  Trichobilharzia_regenti         3.75%    failed      0.00%
  75  Triops_cancriformis             0.13%    passed      7.59%
  76  Urechis_caupo                   0.04%    failed      0.00%
  77  Xenoturbella_bocki              0.44%    failed      0.00%
  78  Xiphinema_americanum            1.83%    failed      0.00%
WARNING: 1 sequences contain more than 50% gaps/ambiguity
****  TOTAL                           3.97%  58 sequences failed composition chi2 test (p-value<5%; df=19)
Checking for duplicate sequences: done in 0.0358445 secs using 2333% CPU


Create initial parsimony tree by phylogenetic likelihood library (PLL)... 0.287 seconds
Measuring multi-threading efficiency up to 56 CPU cores
Increase to 10 rounds for branch lengths
5 trees examined
Threads: 1 / Time: 57.607 sec / Speedup: 1.000 / Efficiency: 100% / LogL: -224609
Threads: 2 / Time: 35.678 sec / Speedup: 1.615 / Efficiency: 81% / LogL: -224609
Threads: 3 / Time: 27.735 sec / Speedup: 2.077 / Efficiency: 69% / LogL: -224609
Threads: 4 / Time: 22.368 sec / Speedup: 2.575 / Efficiency: 64% / LogL: -224609
Threads: 5 / Time: 19.613 sec / Speedup: 2.937 / Efficiency: 59% / LogL: -224609
Threads: 6 / Time: 23.010 sec / Speedup: 2.504 / Efficiency: 42% / LogL: -224609
Determining AUTO threadcount: done in 186.054 secs using 261% CPU
BEST NUMBER OF THREADS: 5

Perform fast likelihood tree search using LG+I+G model...
Estimate model parameters (epsilon = 5.000)
Perform nearest neighbor interchange...
Estimate model parameters (epsilon = 1.000)
1. Initial log-likelihood: -182404.859
Optimal log-likelihood: -182404.743
Proportion of invariable sites: 0.071
Gamma shape alpha: 0.916
Parameters optimization took 1 rounds (1.471 sec)
Time for fast ML tree search: 15.513 seconds

NOTE: ModelFinder requires 267 MB RAM!
ModelFinder will test up to 1232 protein models (sample size: 2295 epsilon: 0.100) ...
 No. Model         -LnL         df  AIC          AICc         BIC
  1  LG            196547.995   153 393401.989   393423.999   394279.978
  2  LG+I          193519.329   154 387346.658   387368.966   388230.385
  3  LG+G4         182580.730   154 365469.460   365491.768   366353.187
  4  LG+I+G4       182404.755   155 365119.510   365142.119   366008.976
  5  LG+R2         185474.046   155 371258.092   371280.700   372147.557
  6  LG+R3         183016.623   157 366347.246   366370.462   367248.189
  7  LG+R4         182427.050   159 365172.100   365195.932   366084.520
  8  LG+R5         182191.432   161 364704.864   364729.320   365628.761
  9  LG+R6         182106.748   163 364539.496   364564.584   365474.869
 10  LG+R7         182056.917   165 364443.834   364469.565   365390.685
 11  LG+R8         182051.391   167 364436.782   364463.163   365395.110
 14  LG+I+R2       184701.231   156 369714.461   369737.373   370609.666
 15  LG+I+R3       182807.457   158 365930.914   365954.436   366837.595
 16  LG+I+R4       182307.590   160 364935.180   364959.323   365853.339
 17  LG+I+R5       182137.544   162 364599.087   364623.858   365528.722
 18  LG+I+R6       182081.827   164 364491.655   364517.063   365432.767
 19  LG+I+R7       182051.574   166 364435.147   364461.202   365387.736
 20  LG+I+R8       182047.148   168 364430.296   364457.006   365394.362
 32  LG+F+R7       177086.870   184 354541.739   354574.005   355597.621
 33  LG+F+R8       177068.388   186 354508.776   354541.776   355576.134
 41  LG+F+I+R7     177084.653   185 354539.307   354571.939   355600.927
 42  LG+F+I+R8     177066.353   187 354506.706   354540.077   355579.803
 54  WAG+R7        184614.057   165 369558.114   369583.844   370504.965
 55  WAG+R8        184608.262   167 369550.524   369576.904   370508.851
 63  WAG+I+R7      184609.940   166 369551.879   369577.934   370504.468
 64  WAG+I+R8      184606.384   168 369548.769   369575.478   370512.835
 76  WAG+F+R7      178368.870   184 357105.741   357138.006   358161.622
 77  WAG+F+R8      178357.913   186 357087.827   357120.827   358155.185
 85  WAG+F+I+R7    178366.382   185 357102.764   357135.395   358164.384
 86  WAG+F+I+R8    178355.759   187 357085.517   357118.888   358158.615
 98  JTT+R7        184554.439   165 369438.879   369464.609   370385.730
 99  JTT+R8        184546.400   167 369426.799   369453.180   370385.127
107  JTT+I+R7      184547.643   166 369427.286   369453.340   370379.875
108  JTT+I+R8      184540.356   168 369416.713   369443.422   370380.779
120  JTT+F+R7      178921.408   184 358210.817   358243.082   359266.699
121  JTT+F+R8      178903.198   186 358178.396   358211.396   359245.755
129  JTT+F+I+R7    178914.465   185 358198.929   358231.561   359260.549
130  JTT+F+I+R8    178900.434   187 358174.869   358208.239   359247.966
142  Q.PFAM+R7     182099.856   165 364529.711   364555.442   365476.562
143  Q.PFAM+R8     182093.593   167 364521.187   364547.568   365479.514
151  Q.PFAM+I+R7   182096.066   166 364524.132   364550.187   365476.721
152  Q.PFAM+I+R8   182090.214   168 364516.427   364543.136   365480.493
164  Q.PFAM+F+R7   177219.407   184 354806.814   354839.079   355862.696
165  Q.PFAM+F+R8   177195.411   186 354762.822   354795.822   355830.181
173  Q.PFAM+F+I+R7 177216.029   185 354802.058   354834.690   355863.678
174  Q.PFAM+F+I+R8 177193.333   187 354760.666   354794.036   355833.763
186  Q.BIRD+R7     187026.142   165 374382.285   374408.015   375329.135
187  Q.BIRD+R8     187003.984   167 374341.967   374368.348   375300.295
195  Q.BIRD+I+R7   187017.600   166 374367.200   374393.254   375319.789
196  Q.BIRD+I+R8   186999.424   168 374334.848   374361.558   375298.914
208  Q.BIRD+F+R7   181614.218   184 363596.435   363628.701   364652.317
209  Q.BIRD+F+R8   181584.323   186 363540.646   363573.646   364608.005
217  Q.BIRD+F+I+R7 181600.410   185 363570.821   363603.452   364632.441
218  Q.BIRD+F+I+R8 181580.745   187 363535.491   363568.861   364608.588
230  Q.MAMMAL+R7   186059.671   165 372449.342   372475.072   373396.192
231  Q.MAMMAL+R8   186045.943   167 372425.885   372452.266   373384.213
239  Q.MAMMAL+I+R7 186055.325   166 372442.650   372468.705   373395.239
240  Q.MAMMAL+I+R8 186042.912   168 372421.823   372448.533   373385.889
252  Q.MAMMAL+F+R7 180449.945   184 361267.890   361300.155   362323.771
253  Q.MAMMAL+F+R8 180421.577   186 361215.155   361248.155   362282.514
261  Q.MAMMAL+F+I+R7 180437.902   185 361245.803   361278.435   362307.424
262  Q.MAMMAL+F+I+R8 180418.909   187 361211.817   361245.188   362284.915
274  Q.INSECT+R7   181372.081   165 363074.163   363099.893   364021.013
275  Q.INSECT+R8   181363.810   167 363061.620   363088.001   364019.948
283  Q.INSECT+I+R7 181368.168   166 363068.335   363094.390   364020.924
284  Q.INSECT+I+R8 181360.407   168 363056.813   363083.523   364020.879
296  Q.INSECT+F+R7 177359.080   184 355086.160   355118.425   356142.042
297  Q.INSECT+F+R8 177337.881   186 355047.762   355080.762   356115.121
305  Q.INSECT+F+I+R7 177354.321   185 355078.642   355111.273   356140.262
306  Q.INSECT+F+I+R8 177335.331   187 355044.663   355078.033   356117.760
318  Q.PLANT+R7    182267.905   165 364865.810   364891.541   365812.661
319  Q.PLANT+R8    182250.024   167 364834.047   364860.428   365792.375
327  Q.PLANT+I+R7  182263.595   166 364859.190   364885.245   365811.779
328  Q.PLANT+I+R8  182246.803   168 364829.605   364856.314   365793.671
340  Q.PLANT+F+R7  178374.053   184 357116.106   357148.371   358171.988
341  Q.PLANT+F+R8  178340.220   186 357052.440   357085.440   358119.799
349  Q.PLANT+F+I+R7 178355.220   185 357080.441   357113.072   358142.061
350  Q.PLANT+F+I+R8 178337.686   187 357049.371   357082.742   358122.469
362  Q.YEAST+R7    181357.065   165 363044.131   363069.861   363990.981
363  Q.YEAST+R8    181345.818   167 363025.637   363052.018   363983.964
371  Q.YEAST+I+R7  181352.393   166 363036.786   363062.841   363989.375
372  Q.YEAST+I+R8  181341.407   168 363018.814   363045.523   363982.880
384  Q.YEAST+F+R7  176982.427   184 354332.853   354365.119   355388.735
385  Q.YEAST+F+R8  176966.197   186 354304.395   354337.395   355371.753
393  Q.YEAST+F+I+R7 176978.015   185 354326.031   354358.662   355387.651
394  Q.YEAST+F+I+R8 176963.041   187 354300.081   354333.452   355373.179
406  JTTDCMUT+R7   184638.974   165 369607.949   369633.679   370554.799
407  JTTDCMUT+R8   184630.396   167 369594.792   369621.172   370553.119
415  JTTDCMUT+I+R7 184632.157   166 369596.314   369622.369   370548.903
416  JTTDCMUT+I+R8 184624.421   168 369584.842   369611.552   370548.908
428  JTTDCMUT+F+R7 178947.182   184 358262.364   358294.630   359318.246
429  JTTDCMUT+F+R8 178928.634   186 358229.269   358262.269   359296.628
437  JTTDCMUT+F+I+R7 178940.110   185 358250.220   358282.852   359311.841
438  JTTDCMUT+F+I+R8 178925.794   187 358225.589   358258.959   359298.686
450  DCMUT+R7      187665.819   165 375661.639   375687.369   376608.489
451  DCMUT+R8      187661.307   167 375656.614   375682.995   376614.942
459  DCMUT+I+R7    187661.339   166 375654.678   375680.733   376607.267
460  DCMUT+I+R8    187658.770   168 375653.540   375680.249   376617.606
472  DCMUT+F+R7    179276.020   184 358920.039   358952.305   359975.921
473  DCMUT+F+R8    179263.180   186 358898.360   358931.360   359965.718
481  DCMUT+F+I+R7  179273.232   185 358916.465   358949.096   359978.085
482  DCMUT+F+I+R8  179261.286   187 358896.572   358929.942   359969.669
494  VT+R7         184458.735   165 369247.470   369273.201   370194.321
495  VT+R8         184454.493   167 369242.986   369269.367   370201.313
503  VT+I+R7       184453.607   166 369239.213   369265.268   370191.802
504  VT+I+R8       184451.008   168 369238.016   369264.725   370202.082
516  VT+F+R7       178660.720   184 357689.440   357721.706   358745.322
517  VT+F+R8       178651.441   186 357674.882   357707.882   358742.241
525  VT+F+I+R7     178657.052   185 357684.103   357716.735   358745.723
526  VT+F+I+R8     178648.762   187 357671.525   357704.895   358744.622
538  PMB+R7        184050.974   165 368431.948   368457.678   369378.799
539  PMB+R8        184047.216   167 368428.431   368454.812   369386.759
547  PMB+I+R7      184047.649   166 368427.297   368453.352   369379.886
548  PMB+I+R8      184044.777   168 368425.554   368452.263   369389.620
560  PMB+F+R7      179522.771   184 359413.542   359445.807   360469.423
561  PMB+F+R8      179513.442   186 359398.883   359431.883   360466.242
569  PMB+F+I+R7    179520.307   185 359410.613   359443.245   360472.234
570  PMB+F+I+R8    179511.361   187 359396.722   359430.093   360469.819
582  BLOSUM62+R7   184168.043   165 368666.085   368691.816   369612.936
583  BLOSUM62+R8   184160.393   167 368654.786   368681.167   369613.114
591  BLOSUM62+I+R7 184161.734   166 368655.468   368681.523   369608.057
592  BLOSUM62+I+R8 184157.939   168 368651.878   368678.587   369615.944
604  BLOSUM62+F+R7 179110.500   184 358589.000   358621.265   359644.882
605  BLOSUM62+F+R8 179102.839   186 358577.678   358610.678   359645.037
613  BLOSUM62+F+I+R7 179107.863   185 358585.725   358618.357   359647.345
614  BLOSUM62+F+I+R8 179100.453   187 358574.907   358608.277   359648.004
626  DAYHOFF+R7    187653.183   165 375636.365   375662.096   376583.216
627  DAYHOFF+R8    187648.454   167 375630.908   375657.289   376589.236
635  DAYHOFF+I+R7  187648.496   166 375628.992   375655.047   376581.581
636  DAYHOFF+I+R8  187645.683   168 375627.365   375654.075   376591.431
648  DAYHOFF+F+R7  179261.159   184 358890.319   358922.584   359946.200
649  DAYHOFF+F+R8  179248.350   186 358868.699   358901.699   359936.058
657  DAYHOFF+F+I+R7 179258.583   185 358887.165   358919.797   359948.786
658  DAYHOFF+F+I+R8 179246.528   187 358867.056   358900.427   359940.153
670  MTREV+R7      182208.521   165 364747.043   364772.773   365693.893
671  MTREV+R8      182183.028   167 364700.055   364726.436   365658.383
679  MTREV+I+R7    182193.999   166 364719.998   364746.052   365672.587
680  MTREV+I+R8    182180.831   168 364697.662   364724.371   365661.728
692  MTREV+F+R7    178345.699   184 357059.397   357091.663   358115.279
693  MTREV+F+R8    178326.333   186 357024.666   357057.666   358092.024
701  MTREV+F+I+R7  178342.818   185 357055.637   357088.268   358117.257
702  MTREV+F+I+R8  178324.566   187 357023.132   357056.503   358096.229
714  MTART+R7      176419.573   165 353169.145   353194.876   354115.996
715  MTART+R8      176394.651   167 353123.302   353149.683   354081.629
723  MTART+I+R7    176416.246   166 353164.491   353190.546   354117.080
724  MTART+I+R8    176392.092   168 353120.184   353146.893   354084.250
736  MTART+F+R7    176081.572   184 352531.144   352563.409   353587.025
737  MTART+F+R8    176052.868   186 352477.736   352510.736   353545.095
745  MTART+F+I+R7  176072.816   185 352515.633   352548.264   353577.253
746  MTART+F+I+R8  176051.008   187 352476.016   352509.387   353549.114
758  MTZOA+R7      175877.328   165 352084.655   352110.386   353031.506
759  MTZOA+R8      175849.084   167 352032.168   352058.549   352990.495
767  MTZOA+I+R7    175865.787   166 352063.574   352089.628   353016.163
768  MTZOA+I+R8    175847.041   168 352030.081   352056.791   352994.147
780  MTZOA+F+R7    175491.224   184 351350.449   351382.714   352406.331
781  MTZOA+F+R8    175463.813   186 351299.627   351332.627   352366.986
789  MTZOA+F+I+R7  175480.994   185 351331.987   351364.619   352393.607
790  MTZOA+F+I+R8  175461.929   187 351297.859   351331.229   352370.956
802  MTMET+R7      178005.869   165 356341.737   356367.467   357288.588
803  MTMET+R8      177966.533   167 356267.066   356293.447   357225.394
811  MTMET+I+R7    177982.923   166 356297.847   356323.901   357250.436
812  MTMET+I+R8    177963.432   168 356262.864   356289.574   357226.930
824  MTMET+F+R7    177273.364   184 354914.728   354946.993   355970.610
825  MTMET+F+R8    177240.633   186 354853.266   354886.266   355920.625
833  MTMET+F+I+R7  177256.742   185 354883.485   354916.116   355945.105
834  MTMET+F+I+R8  177238.306   187 354850.611   354883.982   355923.709
846  MTVER+R7      183454.183   165 367238.365   367264.095   368185.216
847  MTVER+R8      183421.885   167 367177.770   367204.150   368136.097
855  MTVER+I+R7    183438.199   166 367208.397   367234.452   368160.986
856  MTVER+I+R8    183418.076   168 367172.153   367198.862   368136.219
868  MTVER+F+R7    180108.177   184 360584.353   360616.619   361640.235
869  MTVER+F+R8    180072.500   186 360517.001   360550.001   361584.359
877  MTVER+F+I+R7  180089.725   185 360549.450   360582.081   361611.070
878  MTVER+F+I+R8  180069.063   187 360512.127   360545.498   361585.224
890  MTINV+R7      176929.176   165 354188.352   354214.083   355135.203
891  MTINV+R8      176905.040   167 354144.081   354170.462   355102.409
899  MTINV+I+R7    176919.640   166 354171.280   354197.335   355123.869
900  MTINV+I+R8    176902.547   168 354141.095   354167.804   355105.161
912  MTINV+F+R7    176282.656   184 352933.311   352965.577   353989.193
913  MTINV+F+R8    176254.560   186 352881.119   352914.119   353948.478
921  MTINV+F+I+R7  176268.626   185 352907.251   352939.883   353968.872
922  MTINV+F+I+R8  176252.414   187 352878.827   352912.198   353951.924
934  MTMAM+R7      184072.355   165 368474.709   368500.440   369421.560
935  MTMAM+R8      184025.638   167 368385.277   368411.658   369343.604
943  MTMAM+I+R7    184042.604   166 368417.208   368443.263   369369.797
944  MTMAM+I+R8    184020.398   168 368376.797   368403.506   369340.863
956  MTMAM+F+R7    180860.390   184 362088.780   362121.045   363144.661
957  MTMAM+F+R8    180815.869   186 362003.739   362036.739   363071.098
965  MTMAM+F+I+R7  180832.680   185 362035.360   362067.992   363096.981
966  MTMAM+F+I+R8  180812.597   187 361999.193   362032.564   363072.290
978  FLAVI+R7      188953.983   165 378237.966   378263.696   379184.817
979  FLAVI+R8      188923.708   167 378181.417   378207.797   379139.744
987  FLAVI+I+R7    188935.173   166 378202.345   378228.400   379154.934
988  FLAVI+I+R8    188921.976   168 378179.953   378206.662   379144.019
1000  FLAVI+F+R7    185614.338   184 371596.677   371628.942   372652.559
1001  FLAVI+F+R8    185582.089   186 371536.179   371569.179   372603.537
1009  FLAVI+F+I+R7  185592.795   185 371555.590   371588.222   372617.210
1010  FLAVI+F+I+R8  185577.627   187 371529.253   371562.624   372602.351
1022  HIVB+R7       189652.103   165 379634.206   379659.936   380581.056
1023  HIVB+R8       189642.520   167 379619.041   379645.421   380577.368
1031  HIVB+I+R7     189646.016   166 379624.031   379650.086   380576.620
1032  HIVB+I+R8     189637.242   168 379610.484   379637.194   380574.550
1044  HIVB+F+R7     182616.961   184 365601.921   365634.186   366657.803
1045  HIVB+F+R8     182589.632   186 365551.264   365584.264   366618.623
1053  HIVB+F+I+R7   182603.772   185 365577.545   365610.176   366639.165
1054  HIVB+F+I+R8   182586.552   187 365547.103   365580.474   366620.201
1066  HIVW+R7       197380.441   165 395090.883   395116.613   396037.733
1067  HIVW+R8       197353.756   167 395041.513   395067.894   395999.840
1075  HIVW+I+R7     197361.345   166 395054.691   395080.745   396007.280
1076  HIVW+I+R8     197354.040   168 395044.081   395070.790   396008.147
1088  HIVW+F+R7     188058.482   184 376484.963   376517.229   377540.845
1089  HIVW+F+R8     188038.730   186 376449.460   376482.460   377516.819
1097  HIVW+F+I+R7   188046.420   185 376462.840   376495.472   377524.461
1098  HIVW+F+I+R8   188030.737   187 376435.475   376468.845   377508.572
1110  FLU+R7        187071.500   165 374473.001   374498.731   375419.851
1111  FLU+R8        187043.416   167 374420.831   374447.212   375379.159
1119  FLU+I+R7      187062.323   166 374456.645   374482.700   375409.235
1120  FLU+I+R8      187041.410   168 374418.820   374445.530   375382.886
1132  FLU+F+R7      181645.523   184 363659.046   363691.312   364714.928
1133  FLU+F+R8      181620.955   186 363613.909   363646.909   364681.268
1141  FLU+F+I+R7    181637.979   185 363645.958   363678.589   364707.578
1142  FLU+F+I+R8    181619.355   187 363612.709   363646.080   364685.807
1154  RTREV+R7      186383.471   165 373096.942   373122.672   374043.792
1155  RTREV+R8      186372.658   167 373079.315   373105.696   374037.643
1163  RTREV+I+R7    186373.333   166 373078.666   373104.720   374031.255
1164  RTREV+I+R8    186372.412   168 373080.823   373107.532   374044.889
1176  RTREV+F+R7    178192.610   184 356753.220   356785.485   357809.102
1177  RTREV+F+R8    178174.982   186 356721.964   356754.964   357789.323
1185  RTREV+F+I+R7  178189.751   185 356749.502   356782.134   357811.122
1186  RTREV+F+I+R8  178171.994   187 356717.988   356751.359   357791.086
1198  CPREV+R7      183873.497   165 368076.994   368102.724   369023.844
1199  CPREV+R8      183862.573   167 368059.146   368085.527   369017.474
1207  CPREV+I+R7    183869.573   166 368071.145   368097.200   369023.734
1208  CPREV+I+R8    183858.951   168 368053.903   368080.612   369017.969
1220  CPREV+F+R7    178378.816   184 357125.631   357157.897   358181.513
1221  CPREV+F+R8    178367.276   186 357106.551   357139.551   358173.910
1229  CPREV+F+I+R7  178376.742   185 357123.485   357156.116   358185.105
1230  CPREV+F+I+R8  178365.277   187 357104.555   357137.925   358177.652
Akaike Information Criterion:           MTZOA+F+I+R8
Corrected Akaike Information Criterion: MTZOA+F+I+R8
Bayesian Information Criterion:         MTZOA+F+R8
Best-fit model: MTZOA+F+R8 chosen according to BIC

All model information printed to training_data/prot_M4318_78_2295.phy/output_files/iqtree/inference/pars_6.model.gz
CPU time for ModelFinder: 78555.602 seconds (21h:49m:15s)
Wall-clock time for ModelFinder: 17886.838 seconds (4h:58m:6s)

NOTE: 213 MB RAM (0 GB) is required!
Estimate model parameters (epsilon = 0.010)
1. Initial log-likelihood: -175584.369
2. Current log-likelihood: -175471.912
3. Current log-likelihood: -175467.547
4. Current log-likelihood: -175466.189
5. Current log-likelihood: -175465.539
6. Current log-likelihood: -175465.235
7. Current log-likelihood: -175465.085
8. Current log-likelihood: -175465.015
9. Current log-likelihood: -175464.976
10. Current log-likelihood: -175464.940
11. Current log-likelihood: -175464.904
12. Current log-likelihood: -175464.863
13. Current log-likelihood: -175464.833
14. Current log-likelihood: -175464.813
15. Current log-likelihood: -175464.794
16. Current log-likelihood: -175464.784
17. Current log-likelihood: -175464.764
18. Current log-likelihood: -175464.744
19. Current log-likelihood: -175464.719
20. Current log-likelihood: -175464.700
21. Current log-likelihood: -175464.682
22. Current log-likelihood: -175464.668
23. Current log-likelihood: -175464.653
24. Current log-likelihood: -175464.636
25. Current log-likelihood: -175464.623
26. Current log-likelihood: -175464.606
27. Current log-likelihood: -175464.588
28. Current log-likelihood: -175464.575
29. Current log-likelihood: -175464.563
Optimal log-likelihood: -175464.550
Site proportion and rates:  (0.104,0.017) (0.138,0.104) (0.143,0.281) (0.196,0.577) (0.193,1.095) (0.156,1.997) (0.054,3.719) (0.016,6.737)
Parameters optimization took 29 rounds (254.913 sec)
Wrote distance file to... 
BEST SCORE FOUND : -175464.550
Total tree length: 40.387

Total number of iterations: 0
CPU time used for tree search: 0.000 sec (0h:0m:0s)
Wall-clock time used for tree search: 0.000 sec (0h:0m:0s)
Total CPU time used: 79718.655 sec (22h:8m:38s)
Total wall-clock time used: 18141.962 sec (5h:2m:21s)

Analysis results written to: 
  IQ-TREE report:                training_data/prot_M4318_78_2295.phy/output_files/iqtree/inference/pars_6.iqtree
  Maximum-likelihood tree:       training_data/prot_M4318_78_2295.phy/output_files/iqtree/inference/pars_6.treefile
  Screen log file:               training_data/prot_M4318_78_2295.phy/output_files/iqtree/inference/pars_6.log

Date and Time: Fri Oct 17 08:45:58 2025
ee/inference/pars_6.log

Date and Time: Fri Oct 17 08:45:58 2025
