IQ-TREE version 3.0.1 for Linux x86 64-bit built Sep 23 2025
Developed by Bui Quang Minh, Thomas Wong, Nhan Ly-Trong, Huaiyan Ren
Contributed by Lam-Tung Nguyen, Dominik Schrempf, Chris Bielow,
Olga Chernomor, Michael Woodhams, Diep Thi Hoang, Heiko Schmidt

Host:    cnode04.hpc.vast.vn (AVX512, FMA3, 125 GB RAM)
Command: /datausers/ioit/thaontp/tranthanhvan235/iqtree3/build/iqtree3 -s /datausers/ioit/thaontp/tranthanhvan235/data_treebase/remainMSAs/prot_M4318_78_2295.phy -pre training_data/prot_M4318_78_2295.phy/output_files/iqtree/inference/pars_16 -seed 16 -ninit 1 -T 1 -redo -n 0 -nt AUTO
Seed:    16 (Using SPRNG - Scalable Parallel Random Number Generator)
Time:    Fri Oct 17 07:03:53 2025
Kernel:  AVX+FMA - auto-detect threads (56 CPU cores detected)

Reading alignment file /datausers/ioit/thaontp/tranthanhvan235/data_treebase/remainMSAs/prot_M4318_78_2295.phy ... Phylip format detected
Alignment most likely contains protein sequences
Constructing alignment: done in 0.0294272 secs using 2510% CPU
Alignment has 78 sequences with 2295 columns, 2193 distinct patterns
1945 parsimony-informative, 154 singleton sites, 196 constant sites
                              Gap/Ambiguity  Composition  p-value
Analyzing sequences: done in 0.0459836 secs using 2730% CPU
   1  Acropora_tenuis                 0.09%    failed      0.00%
   2  Agamermis_sp.                   1.22%    failed      0.00%
   3  Anisakis_simplex                1.09%    failed      0.00%
   4  Artemia_franciscana             1.44%    passed     98.77%
   5  Asterias_amurensis              0.13%    failed      0.00%
   6  Balanoglossus_carnosus          0.00%    failed      0.00%
   7  Brachionus_plicatilis           0.83%    failed      0.00%
   8  Branchiostoma_florida           0.00%    failed      0.00%
   9  Bugula_neritina                 0.26%    failed      0.00%
  10  Caenorhabditis_elegans          0.96%    failed      0.00%
  11  Clymenella_torquata             0.00%    failed      0.24%
  12  Conus_textile                   0.00%    passed     23.59%
  13  Diphyllobothrium_latum          3.97%    failed      0.00%
  14  Drosophila_melanogaster         0.09%    passed     36.44%
  15  Echinococcus_granolosus         3.83%    failed      0.00%
  16  Eclysippe_vanelli               4.40%    passed     87.48%
  17  Endomyzostoma_sp.              19.65%    failed      0.00%
  18  Epiperipatus_biolleyi           0.13%    failed      0.41%
  19  Fasciola_hepatica               3.66%    failed      0.00%
  20  Florometra_serratissima         0.00%    failed      0.01%
  21  Flustrellidra_hispida           1.92%    failed      1.05%
  22  Galathealinum_brachiosum       31.46%    failed      0.00%
  23  Geodia_neptuni                  0.17%    failed      0.00%
  24  Gyrodactylus_salaris            4.01%    failed      0.00%
  25  Haliotis_rubra                  0.00%    failed      2.33%
  26  Helobdella_robusta             31.50%    passed      9.88%
  27  Heptathela_hangzhouensis        0.57%    failed      0.21%
  28  Hymenolepis_diminuta            4.01%    failed      0.00%
  29  Ixodes_hexagonus                0.39%    failed      0.00%
  30  Katharina_tunicata              0.09%    passed     94.39%
  31  Lampetra_fluviatilis            0.04%    failed      0.00%
  32  Laqueus_rubellus                0.48%    failed      0.00%
  33  Leptorhynchoides_thecatus       2.09%    failed      0.00%
  34  Limulus_polyphemus              0.09%    passed     42.34%
  35  Lithobius_forficatus            0.09%    passed     81.40%
  36  Locusta_migratoria              0.17%    failed      0.03%
  37  Loxocorone_allax                0.00%    passed     93.05%
  38  Loxosomella_aloxiata            0.57%    passed     94.08%
  39  Lumbricus_terrestris            0.04%    failed      0.25%
  40  Metridium_senile                0.04%    failed      0.00%
  41  Microcotyle_sebastis            3.44%    failed      0.00%
  42  Microstomum_lineare            51.63%    failed      0.00%
  43  Myzostoma_cirriferum           10.89%    failed      0.00%
  44  Myzostoma_seymourcollegiorum   17.95%    failed      0.00%
  45  Narceus_annularus               0.17%    passed     78.80%
  46  Nautilus_macromphalus           0.00%    failed      0.00%
  47  Nephtys_sp.                     0.48%    failed      0.00%
  48  Octopus_vulgaris                0.04%    failed      0.09%
  49  Onchocerca_volvulus             1.26%    failed      0.00%
  50  Orbinia_latreillii              0.04%    failed      0.00%
  51  Oscarella_carmela               4.36%    failed      0.00%
  52  Paracentrotus_lividus           0.00%    failed      0.00%
  53  Paragonimus_westermani          4.27%    failed      0.00%
  54  Paraspadella_gotoi              4.71%    passed     41.92%
  55  Penaeus_monodon                 0.13%    passed     46.46%
  56  Perionyx_excavata               0.00%    failed      0.00%
  57  Phascolosoma_gouldii           46.54%    failed      0.82%
  58  Phoronis_psammophila            1.83%    passed     80.33%
  59  Pista_cristata                  0.04%    failed      0.00%
  60  Platynereis_dumerilli           0.35%    failed      0.00%
  61  Priapulus_caudatus              0.09%    passed     42.05%
  62  Riftia_pachyptila              12.20%    passed      6.30%
  63  Saccoglossus_kowalevskii        0.00%    failed      0.00%
  64  Schistosoma_mansoni             3.83%    failed      0.00%
  65  Scoloplos_armiger               9.28%    failed      0.02%
  66  Spadella_cephaloptera           4.79%    passed     63.50%
  67  Squilla_mantis                  0.17%    passed     35.24%
  68  Taenia_asiatica                 3.97%    failed      0.00%
  69  Terebellides_stroemi            0.00%    failed      0.02%
  70  Terebratalia_transversa         0.57%    failed      0.00%
  71  Terebratulina_retusa            0.00%    failed      0.02%
  72  Tribolium_castaneum             0.09%    passed     26.12%
  73  Trichinella_spiralis            0.96%    failed      0.00%
  74  Trichobilharzia_regenti         3.75%    failed      0.00%
  75  Triops_cancriformis             0.13%    passed      7.59%
  76  Urechis_caupo                   0.04%    failed      0.00%
  77  Xenoturbella_bocki              0.44%    failed      0.00%
  78  Xiphinema_americanum            1.83%    failed      0.00%
WARNING: 1 sequences contain more than 50% gaps/ambiguity
****  TOTAL                           3.97%  58 sequences failed composition chi2 test (p-value<5%; df=19)
Checking for duplicate sequences: done in 0.0591944 secs using 2487% CPU


Create initial parsimony tree by phylogenetic likelihood library (PLL)... 0.235 seconds
Measuring multi-threading efficiency up to 56 CPU cores
Increase to 10 rounds for branch lengths
5 trees examined
Threads: 1 / Time: 61.829 sec / Speedup: 1.000 / Efficiency: 100% / LogL: -226407
Threads: 2 / Time: 33.021 sec / Speedup: 1.872 / Efficiency: 94% / LogL: -226407
Threads: 3 / Time: 24.050 sec / Speedup: 2.571 / Efficiency: 86% / LogL: -226407
Threads: 4 / Time: 19.489 sec / Speedup: 3.172 / Efficiency: 79% / LogL: -226407
Threads: 5 / Time: 26.996 sec / Speedup: 2.290 / Efficiency: 46% / LogL: -226407
Determining AUTO threadcount: done in 165.4 secs using 225.5% CPU
BEST NUMBER OF THREADS: 4

Perform fast likelihood tree search using LG+I+G model...
Estimate model parameters (epsilon = 5.000)
Perform nearest neighbor interchange...
Estimate model parameters (epsilon = 1.000)
1. Initial log-likelihood: -182422.559
Optimal log-likelihood: -182422.538
Proportion of invariable sites: 0.071
Gamma shape alpha: 0.916
Parameters optimization took 1 rounds (1.575 sec)
Time for fast ML tree search: 13.045 seconds

NOTE: ModelFinder requires 267 MB RAM!
ModelFinder will test up to 1232 protein models (sample size: 2295 epsilon: 0.100) ...
 No. Model         -LnL         df  AIC          AICc         BIC
  1  LG            196569.322   153 393444.644   393466.654   394322.632
  2  LG+I          193539.782   154 387387.564   387409.872   388271.291
  3  LG+G4         182599.532   154 365507.064   365529.373   366390.792
  4  LG+I+G4       182422.552   155 365155.105   365177.714   366044.571
  5  LG+R2         185494.782   155 371299.565   371322.173   372189.030
  6  LG+R3         183033.238   157 366380.476   366403.691   367281.418
  7  LG+R4         182444.964   159 365207.928   365231.759   366120.347
  8  LG+R5         182211.274   161 364744.548   364769.003   365668.444
  9  LG+R6         182123.861   163 364573.722   364598.811   365509.096
 10  LG+R7         182074.467   165 364478.934   364504.665   365425.785
 11  LG+R8         182068.938   167 364471.875   364498.256   365430.203
 14  LG+I+R2       184718.098   156 369748.197   369771.108   370643.401
 15  LG+I+R3       182827.274   158 365970.548   365994.070   366877.229
 16  LG+I+R4       182325.862   160 364971.724   364995.866   365889.882
 17  LG+I+R5       182155.626   162 364635.252   364660.023   365564.887
 18  LG+I+R6       182100.497   164 364528.994   364554.402   365470.106
 19  LG+I+R7       182069.031   166 364470.062   364496.116   365422.651
 20  LG+I+R8       182064.874   168 364465.747   364492.456   365429.813
 32  LG+F+R7       177098.716   184 354565.433   354597.698   355621.315
 33  LG+F+R8       177079.697   186 354531.394   354564.394   355598.753
 41  LG+F+I+R7     177095.316   185 354560.631   354593.263   355622.252
 42  LG+F+I+R8     177077.683   187 354529.366   354562.737   355602.464
 54  WAG+R7        184636.595   165 369603.190   369628.920   370550.040
 55  WAG+R8        184630.989   167 369595.978   369622.359   370554.305
 63  WAG+I+R7      184632.499   166 369596.998   369623.053   370549.587
 64  WAG+I+R8      184629.085   168 369594.170   369620.879   370558.236
 76  WAG+F+R7      178382.381   184 357132.763   357165.028   358188.644
 77  WAG+F+R8      178371.859   186 357115.717   357148.717   358183.076
 85  WAG+F+I+R7    178379.911   185 357129.822   357162.454   358191.443
 86  WAG+F+I+R8    178369.697   187 357113.394   357146.765   358186.492
 98  JTT+R7        184566.338   165 369462.677   369488.407   370409.527
 99  JTT+R8        184559.406   167 369452.811   369479.192   370411.139
107  JTT+I+R7      184560.101   166 369452.202   369478.256   370404.791
108  JTT+I+R8      184553.801   168 369443.602   369470.311   370407.668
120  JTT+F+R7      178931.368   184 358230.737   358263.002   359286.618
121  JTT+F+R8      178914.209   186 358200.418   358233.418   359267.776
129  JTT+F+I+R7    178924.376   185 358218.752   358251.383   359280.372
130  JTT+F+I+R8    178911.495   187 358196.989   358230.360   359270.086
142  Q.PFAM+R7     182117.338   165 364564.677   364590.407   365511.527
143  Q.PFAM+R8     182110.934   167 364555.868   364582.249   365514.195
151  Q.PFAM+I+R7   182113.454   166 364558.909   364584.963   365511.498
152  Q.PFAM+I+R8   182107.548   168 364551.096   364577.805   365515.162
164  Q.PFAM+F+R7   177229.211   184 354826.421   354858.687   355882.303
165  Q.PFAM+F+R8   177206.198   186 354784.397   354817.397   355851.756
173  Q.PFAM+F+I+R7 177225.643   185 354821.286   354853.917   355882.906
174  Q.PFAM+F+I+R8 177204.118   187 354782.236   354815.607   355855.334
186  Q.BIRD+R7     187028.526   165 374387.052   374412.783   375333.903
187  Q.BIRD+R8     187006.777   167 374347.555   374373.936   375305.882
195  Q.BIRD+I+R7   187020.350   166 374372.701   374398.755   375325.290
196  Q.BIRD+I+R8   187002.252   168 374340.505   374367.214   375304.571
208  Q.BIRD+F+R7   181623.076   184 363614.153   363646.418   364670.034
209  Q.BIRD+F+R8   181593.561   186 363559.122   363592.122   364626.481
217  Q.BIRD+F+I+R7 181609.556   185 363589.113   363621.744   364650.733
218  Q.BIRD+F+I+R8 181589.889   187 363553.778   363587.149   364626.876
230  Q.MAMMAL+R7   186067.320   165 372464.641   372490.371   373411.491
231  Q.MAMMAL+R8   186053.954   167 372441.908   372468.288   373400.235
239  Q.MAMMAL+I+R7 186063.012   166 372458.024   372484.078   373410.613
240  Q.MAMMAL+I+R8 186050.920   168 372437.840   372464.550   373401.906
252  Q.MAMMAL+F+R7 180460.209   184 361288.417   361320.683   362344.299
253  Q.MAMMAL+F+R8 180432.254   186 361236.507   361269.507   362303.866
261  Q.MAMMAL+F+I+R7 180448.413   185 361266.827   361299.459   362328.447
262  Q.MAMMAL+F+I+R8 180429.521   187 361233.042   361266.412   362306.139
274  Q.INSECT+R7   181382.720   165 363095.440   363121.171   364042.291
275  Q.INSECT+R8   181374.142   167 363082.285   363108.666   364040.612
283  Q.INSECT+I+R7 181378.762   166 363089.523   363115.578   364042.112
284  Q.INSECT+I+R8 181370.831   168 363077.663   363104.372   364041.729
296  Q.INSECT+F+R7 177368.074   184 355104.149   355136.414   356160.031
297  Q.INSECT+F+R8 177347.563   186 355067.126   355100.126   356134.485
305  Q.INSECT+F+I+R7 177362.361   185 355094.722   355127.354   356156.343
306  Q.INSECT+F+I+R8 177345.101   187 355064.203   355097.573   356137.300
318  Q.PLANT+R7    182278.228   165 364886.455   364912.186   365833.306
319  Q.PLANT+R8    182260.597   167 364855.194   364881.574   365813.521
327  Q.PLANT+I+R7  182273.969   166 364879.938   364905.993   365832.527
328  Q.PLANT+I+R8  182257.344   168 364850.687   364877.397   365814.753
340  Q.PLANT+F+R7  178396.832   184 357161.664   357193.929   358217.545
341  Q.PLANT+F+R8  178351.002   186 357074.004   357107.004   358141.363
349  Q.PLANT+F+I+R7 178365.756   185 357101.512   357134.144   358163.133
350  Q.PLANT+F+I+R8 178348.402   187 357070.804   357104.175   358143.902
362  Q.YEAST+R7    181368.414   165 363066.828   363092.559   364013.679
363  Q.YEAST+R8    181357.682   167 363049.363   363075.744   364007.691
371  Q.YEAST+I+R7  181363.758   166 363059.515   363085.570   364012.104
372  Q.YEAST+I+R8  181353.268   168 363042.536   363069.246   364006.602
384  Q.YEAST+F+R7  176989.607   184 354347.215   354379.480   355403.097
385  Q.YEAST+F+R8  176975.199   186 354322.398   354355.398   355389.756
393  Q.YEAST+F+I+R7 176984.981   185 354339.963   354372.594   355401.583
394  Q.YEAST+F+I+R8 176972.077   187 354318.154   354351.524   355391.251
406  JTTDCMUT+R7   184651.477   165 369632.955   369658.685   370579.805
407  JTTDCMUT+R8   184644.016   167 369622.032   369648.413   370580.360
415  JTTDCMUT+I+R7 184645.259   166 369622.519   369648.573   370575.108
416  JTTDCMUT+I+R8 184638.464   168 369612.928   369639.638   370576.994
428  JTTDCMUT+F+R7 178957.149   184 358282.299   358314.564   359338.181
429  JTTDCMUT+F+R8 178939.800   186 358251.601   358284.601   359318.959
437  JTTDCMUT+F+I+R7 178950.123   185 358270.245   358302.877   359331.865
438  JTTDCMUT+F+I+R8 178937.047   187 358248.094   358281.465   359321.191
450  DCMUT+R7      187680.065   165 375690.130   375715.861   376636.981
451  DCMUT+R8      187675.247   167 375684.493   375710.874   376642.821
459  DCMUT+I+R7    187676.193   166 375684.386   375710.440   376636.975
460  DCMUT+I+R8    187673.095   168 375682.189   375708.899   376646.255
472  DCMUT+F+R7    179283.572   184 358935.145   358967.410   359991.027
473  DCMUT+F+R8    179270.574   186 358913.148   358946.148   359980.507
481  DCMUT+F+I+R7  179280.625   185 358931.250   358963.882   359992.871
482  DCMUT+F+I+R8  179268.653   187 358911.306   358944.676   359984.403
494  VT+R7         184475.727   165 369281.454   369307.184   370228.304
495  VT+R8         184471.563   167 369277.125   369303.506   370235.453
503  VT+I+R7       184470.779   166 369273.558   369299.612   370226.147
504  VT+I+R8       184468.302   168 369272.604   369299.313   370236.670
516  VT+F+R7       178671.978   184 357711.957   357744.222   358767.839
517  VT+F+R8       178662.455   186 357696.909   357729.909   358764.268
525  VT+F+I+R7     178668.048   185 357706.097   357738.728   358767.717
526  VT+F+I+R8     178659.855   187 357693.711   357727.081   358766.808
538  PMB+R7        184072.536   165 368475.073   368500.803   369421.923
539  PMB+R8        184068.501   167 368471.002   368497.383   369429.330
547  PMB+I+R7      184069.143   166 368470.286   368496.341   369422.875
548  PMB+I+R8      184066.116   168 368468.231   368494.941   369432.297
560  PMB+F+R7      179533.971   184 359435.941   359468.207   360491.823
561  PMB+F+R8      179524.276   186 359420.552   359453.552   360487.911
569  PMB+F+I+R7    179531.489   185 359432.979   359465.611   360494.599
570  PMB+F+I+R8    179522.163   187 359418.327   359451.697   360491.424
582  BLOSUM62+R7   184184.993   165 368699.986   368725.716   369646.837
583  BLOSUM62+R8   184177.461   167 368688.922   368715.303   369647.250
591  BLOSUM62+I+R7 184178.700   166 368689.400   368715.455   369641.989
592  BLOSUM62+I+R8 184175.157   168 368686.315   368713.024   369650.381
604  BLOSUM62+F+R7 179120.860   184 358609.719   358641.985   359665.601
605  BLOSUM62+F+R8 179113.239   186 358598.477   358631.477   359665.836
613  BLOSUM62+F+I+R7 179118.293   185 358606.585   358639.217   359668.205
614  BLOSUM62+F+I+R8 179110.870   187 358595.741   358629.111   359668.838
626  DAYHOFF+R7    187667.418   165 375664.836   375690.566   376611.687
627  DAYHOFF+R8    187662.436   167 375658.872   375685.252   376617.199
635  DAYHOFF+I+R7  187663.344   166 375658.688   375684.743   376611.277
636  DAYHOFF+I+R8  187660.134   168 375656.268   375682.977   376620.334
648  DAYHOFF+F+R7  179268.758   184 358905.516   358937.781   359961.398
649  DAYHOFF+F+R8  179255.834   186 358883.669   358916.669   359951.028
657  DAYHOFF+F+I+R7 179266.000   185 358901.999   358934.631   359963.620
658  DAYHOFF+F+I+R8 179253.983   187 358881.967   358915.337   359955.064
670  MTREV+R7      182209.503   165 364749.006   364774.737   365695.857
671  MTREV+R8      182184.762   167 364703.523   364729.904   365661.851
679  MTREV+I+R7    182195.794   166 364723.587   364749.642   365676.176
680  MTREV+I+R8    182182.638   168 364701.276   364727.985   365665.342
692  MTREV+F+R7    178354.707   184 357077.415   357109.680   358133.296
693  MTREV+F+R8    178336.250   186 357044.500   357077.500   358111.859
701  MTREV+F+I+R7  178353.085   185 357076.171   357108.802   358137.791
702  MTREV+F+I+R8  178334.519   187 357043.038   357076.409   358116.135
714  MTART+R7      176416.302   165 353162.604   353188.334   354109.455
715  MTART+R8      176392.602   167 353119.204   353145.584   354077.531
723  MTART+I+R7    176414.175   166 353160.350   353186.405   354112.939
724  MTART+I+R8    176389.996   168 353115.991   353142.701   354080.057
736  MTART+F+R7    176079.645   184 352527.290   352559.555   353583.172
737  MTART+F+R8    176052.261   186 352476.521   352509.521   353543.880
745  MTART+F+I+R7  176072.216   185 352514.432   352547.064   353576.052
746  MTART+F+I+R8  176050.375   187 352474.750   352508.120   353547.847
758  MTZOA+R7      175876.606   165 352083.212   352108.942   353030.062
759  MTZOA+R8      175849.576   167 352033.152   352059.533   352991.480
767  MTZOA+I+R7    175866.073   166 352064.145   352090.200   353016.734
768  MTZOA+I+R8    175847.524   168 352031.047   352057.757   352995.113
780  MTZOA+F+R7    175491.300   184 351350.600   351382.865   352406.482
781  MTZOA+F+R8    175465.043   186 351302.086   351335.086   352369.445
789  MTZOA+F+I+R7  175482.151   185 351334.303   351366.934   352395.923
790  MTZOA+F+I+R8  175463.140   187 351300.281   351333.651   352373.378
802  MTMET+R7      178006.354   165 356342.708   356368.439   357289.559
803  MTMET+R8      177966.444   167 356266.888   356293.268   357225.215
811  MTMET+I+R7    177982.273   166 356296.545   356322.600   357249.134
812  MTMET+I+R8    177963.463   168 356262.925   356289.634   357226.991
824  MTMET+F+R7    177278.619   184 354925.238   354957.504   355981.120
825  MTMET+F+R8    177245.711   186 354863.423   354896.423   355930.781
833  MTMET+F+I+R7  177261.674   185 354893.347   354925.979   355954.967
834  MTMET+F+I+R8  177243.405   187 354860.810   354894.181   355933.907
846  MTVER+R7      183452.556   165 367235.111   367260.842   368181.962
847  MTVER+R8      183420.589   167 367175.177   367201.558   368133.505
855  MTVER+I+R7    183436.227   166 367204.455   367230.509   368157.044
856  MTVER+I+R8    183416.784   168 367169.567   367196.276   368133.633
868  MTVER+F+R7    180115.288   184 360598.576   360630.842   361654.458
869  MTVER+F+R8    180080.651   186 360533.302   360566.302   361600.661
877  MTVER+F+I+R7  180097.518   185 360565.037   360597.669   361626.657
878  MTVER+F+I+R8  180077.197   187 360528.394   360561.764   361601.491
890  MTINV+R7      176927.445   165 354184.889   354210.619   355131.740
891  MTINV+R8      176903.862   167 354141.724   354168.105   355100.051
899  MTINV+I+R7    176917.851   166 354167.702   354193.756   355120.291
900  MTINV+I+R8    176901.416   168 354138.833   354165.542   355102.899
912  MTINV+F+R7    176287.144   184 352942.287   352974.553   353998.169
913  MTINV+F+R8    176259.561   186 352891.122   352924.122   353958.480
921  MTINV+F+I+R7  176273.459   185 352916.918   352949.550   353978.539
922  MTINV+F+I+R8  176257.469   187 352888.938   352922.309   353962.035
934  MTMAM+R7      184074.721   165 368479.442   368505.172   369426.292
935  MTMAM+R8      184028.824   167 368391.648   368418.028   369349.975
943  MTMAM+I+R7    184045.646   166 368423.293   368449.347   369375.882
944  MTMAM+I+R8    184023.845   168 368383.690   368410.399   369347.756
956  MTMAM+F+R7    180867.925   184 362103.850   362136.116   363159.732
957  MTMAM+F+R8    180823.366   186 362018.732   362051.732   363086.091
965  MTMAM+F+I+R7  180839.881   185 362049.762   362082.394   363111.383
966  MTMAM+F+I+R8  180820.212   187 362014.424   362047.795   363087.521
978  FLAVI+R7      188949.080   165 378228.161   378253.891   379175.011
979  FLAVI+R8      188920.271   167 378174.543   378200.924   379132.870
987  FLAVI+I+R7    188931.040   166 378194.081   378220.135   379146.670
988  FLAVI+I+R8    188918.564   168 378173.129   378199.838   379137.195
1000  FLAVI+F+R7    185620.399   184 371608.798   371641.063   372664.680
1001  FLAVI+F+R8    185590.451   186 371552.903   371585.903   372620.262
1009  FLAVI+F+I+R7  185599.972   185 371569.943   371602.575   372631.564
1010  FLAVI+F+I+R8  185585.705   187 371545.410   371578.781   372618.508
1022  HIVB+R7       189658.081   165 379646.163   379671.893   380593.013
1023  HIVB+R8       189649.565   167 379633.131   379659.512   380591.458
1031  HIVB+I+R7     189652.249   166 379636.499   379662.553   380589.088
1032  HIVB+I+R8     189644.223   168 379624.447   379651.156   380588.513
1044  HIVB+F+R7     182623.698   184 365615.396   365647.662   366671.278
1045  HIVB+F+R8     182598.477   186 365568.954   365601.954   366636.313
1053  HIVB+F+I+R7   182612.761   185 365595.521   365628.153   366657.141
1054  HIVB+F+I+R8   182595.394   187 365564.788   365598.158   366637.885
1066  HIVW+R7       197379.139   165 395088.279   395114.009   396035.129
1067  HIVW+R8       197351.935   167 395037.870   395064.251   395996.198
1075  HIVW+I+R7     197360.008   166 395052.016   395078.071   396004.605
1076  HIVW+I+R8     197352.282   168 395040.565   395067.274   396004.631
1088  HIVW+F+R7     188071.109   184 376510.217   376542.483   377566.099
1089  HIVW+F+R8     188050.900   186 376473.800   376506.800   377541.158
1097  HIVW+F+I+R7   188058.149   185 376486.299   376518.930   377547.919
1098  HIVW+F+I+R8   188042.974   187 376459.947   376493.318   377533.044
1110  FLU+R7        187080.801   165 374491.603   374517.333   375438.453
1111  FLU+R8        187057.608   167 374449.217   374475.598   375407.544
1119  FLU+I+R7      187075.617   166 374483.235   374509.289   375435.824
1120  FLU+I+R8      187055.637   168 374447.274   374473.983   375411.340
1132  FLU+F+R7      181675.730   184 363719.460   363751.725   364775.342
1133  FLU+F+R8      181638.775   186 363649.550   363682.550   364716.908
1141  FLU+F+I+R7    181656.239   185 363682.478   363715.110   364744.099
1142  FLU+F+I+R8    181637.131   187 363648.262   363681.633   364721.360
1154  RTREV+R7      186400.862   165 373131.723   373157.454   374078.574
1155  RTREV+R8      186390.360   167 373114.719   373141.100   374073.047
1163  RTREV+I+R7    186390.929   166 373113.857   373139.912   374066.446
1164  RTREV+I+R8    186390.161   168 373116.323   373143.032   374080.389
1176  RTREV+F+R7    178203.359   184 356774.718   356806.983   357830.600
1177  RTREV+F+R8    178185.783   186 356743.566   356776.566   357810.925
1185  RTREV+F+I+R7  178199.569   185 356769.137   356801.769   357830.757
1186  RTREV+F+I+R8  178182.786   187 356739.572   356772.943   357812.670
1198  CPREV+R7      183889.076   165 368108.153   368133.883   369055.003
1199  CPREV+R8      183877.656   167 368089.313   368115.694   369047.640
1207  CPREV+I+R7    183885.223   166 368102.445   368128.500   369055.034
1208  CPREV+I+R8    183874.138   168 368084.277   368110.986   369048.343
1220  CPREV+F+R7    178389.799   184 357147.598   357179.864   358203.480
1221  CPREV+F+R8    178377.998   186 357127.997   357160.997   358195.356
1229  CPREV+F+I+R7  178387.577   185 357145.154   357177.786   358206.774
1230  CPREV+F+I+R8  178375.905   187 357125.810   357159.181   358198.907
Akaike Information Criterion:           MTZOA+F+I+R8
Corrected Akaike Information Criterion: MTZOA+F+I+R8
Bayesian Information Criterion:         MTZOA+F+R8
Best-fit model: MTZOA+F+R8 chosen according to BIC

All model information printed to training_data/prot_M4318_78_2295.phy/output_files/iqtree/inference/pars_16.model.gz
CPU time for ModelFinder: 67858.279 seconds (18h:50m:58s)
Wall-clock time for ModelFinder: 18678.681 seconds (5h:11m:18s)

NOTE: 213 MB RAM (0 GB) is required!
Estimate model parameters (epsilon = 0.010)
1. Initial log-likelihood: -175587.684
2. Current log-likelihood: -175474.244
3. Current log-likelihood: -175469.673
4. Current log-likelihood: -175468.096
5. Current log-likelihood: -175467.286
6. Current log-likelihood: -175466.878
7. Current log-likelihood: -175466.674
8. Current log-likelihood: -175466.568
9. Current log-likelihood: -175466.505
10. Current log-likelihood: -175466.448
11. Current log-likelihood: -175466.409
12. Current log-likelihood: -175466.374
13. Current log-likelihood: -175466.352
14. Current log-likelihood: -175466.302
15. Current log-likelihood: -175466.271
16. Current log-likelihood: -175466.249
17. Current log-likelihood: -175466.227
18. Current log-likelihood: -175466.206
19. Current log-likelihood: -175466.185
20. Current log-likelihood: -175466.151
21. Current log-likelihood: -175466.130
22. Current log-likelihood: -175466.109
23. Current log-likelihood: -175466.089
24. Current log-likelihood: -175466.063
25. Current log-likelihood: -175466.033
26. Current log-likelihood: -175466.010
27. Current log-likelihood: -175465.987
28. Current log-likelihood: -175465.954
29. Current log-likelihood: -175465.935
30. Current log-likelihood: -175465.916
31. Current log-likelihood: -175465.906
32. Current log-likelihood: -175465.887
33. Current log-likelihood: -175465.869
Optimal log-likelihood: -175465.852
Site proportion and rates:  (0.104,0.017) (0.139,0.104) (0.142,0.282) (0.195,0.577) (0.196,1.098) (0.156,2.012) (0.053,3.782) (0.015,6.760)
Parameters optimization took 33 rounds (322.147 sec)
Wrote distance file to... 
BEST SCORE FOUND : -175465.852
Total tree length: 40.429

Total number of iterations: 0
CPU time used for tree search: 0.000 sec (0h:0m:0s)
Wall-clock time used for tree search: 0.000 sec (0h:0m:0s)
Total CPU time used: 69033.930 sec (19h:10m:33s)
Total wall-clock time used: 19001.067 sec (5h:16m:41s)

Analysis results written to: 
  IQ-TREE report:                training_data/prot_M4318_78_2295.phy/output_files/iqtree/inference/pars_16.iqtree
  Maximum-likelihood tree:       training_data/prot_M4318_78_2295.phy/output_files/iqtree/inference/pars_16.treefile
  Screen log file:               training_data/prot_M4318_78_2295.phy/output_files/iqtree/inference/pars_16.log

Date and Time: Fri Oct 17 12:20:35 2025
e/inference/pars_16.log

Date and Time: Fri Oct 17 12:20:35 2025
