IQ-TREE version 3.0.1 for Linux x86 64-bit built Sep 23 2025
Developed by Bui Quang Minh, Thomas Wong, Nhan Ly-Trong, Huaiyan Ren
Contributed by Lam-Tung Nguyen, Dominik Schrempf, Chris Bielow,
Olga Chernomor, Michael Woodhams, Diep Thi Hoang, Heiko Schmidt

Host:    cnode04.hpc.vast.vn (AVX512, FMA3, 125 GB RAM)
Command: /datausers/ioit/thaontp/tranthanhvan235/iqtree3/build/iqtree3 -s /datausers/ioit/thaontp/tranthanhvan235/data_treebase/remainMSAs/prot_M4318_78_2295.phy -pre training_data/prot_M4318_78_2295.phy/output_files/iqtree/inference/pars_13 -seed 13 -ninit 1 -T 1 -redo -n 0 -nt AUTO
Seed:    13 (Using SPRNG - Scalable Parallel Random Number Generator)
Time:    Thu Oct 16 21:52:29 2025
Kernel:  AVX+FMA - auto-detect threads (56 CPU cores detected)

Reading alignment file /datausers/ioit/thaontp/tranthanhvan235/data_treebase/remainMSAs/prot_M4318_78_2295.phy ... Phylip format detected
Alignment most likely contains protein sequences
Constructing alignment: done in 0.0331325 secs using 1500% CPU
Alignment has 78 sequences with 2295 columns, 2193 distinct patterns
1945 parsimony-informative, 154 singleton sites, 196 constant sites
                              Gap/Ambiguity  Composition  p-value
Analyzing sequences: done in 0.0820002 secs using 1812% CPU
   1  Acropora_tenuis                 0.09%    failed      0.00%
   2  Agamermis_sp.                   1.22%    failed      0.00%
   3  Anisakis_simplex                1.09%    failed      0.00%
   4  Artemia_franciscana             1.44%    passed     98.77%
   5  Asterias_amurensis              0.13%    failed      0.00%
   6  Balanoglossus_carnosus          0.00%    failed      0.00%
   7  Brachionus_plicatilis           0.83%    failed      0.00%
   8  Branchiostoma_florida           0.00%    failed      0.00%
   9  Bugula_neritina                 0.26%    failed      0.00%
  10  Caenorhabditis_elegans          0.96%    failed      0.00%
  11  Clymenella_torquata             0.00%    failed      0.24%
  12  Conus_textile                   0.00%    passed     23.59%
  13  Diphyllobothrium_latum          3.97%    failed      0.00%
  14  Drosophila_melanogaster         0.09%    passed     36.44%
  15  Echinococcus_granolosus         3.83%    failed      0.00%
  16  Eclysippe_vanelli               4.40%    passed     87.48%
  17  Endomyzostoma_sp.              19.65%    failed      0.00%
  18  Epiperipatus_biolleyi           0.13%    failed      0.41%
  19  Fasciola_hepatica               3.66%    failed      0.00%
  20  Florometra_serratissima         0.00%    failed      0.01%
  21  Flustrellidra_hispida           1.92%    failed      1.05%
  22  Galathealinum_brachiosum       31.46%    failed      0.00%
  23  Geodia_neptuni                  0.17%    failed      0.00%
  24  Gyrodactylus_salaris            4.01%    failed      0.00%
  25  Haliotis_rubra                  0.00%    failed      2.33%
  26  Helobdella_robusta             31.50%    passed      9.88%
  27  Heptathela_hangzhouensis        0.57%    failed      0.21%
  28  Hymenolepis_diminuta            4.01%    failed      0.00%
  29  Ixodes_hexagonus                0.39%    failed      0.00%
  30  Katharina_tunicata              0.09%    passed     94.39%
  31  Lampetra_fluviatilis            0.04%    failed      0.00%
  32  Laqueus_rubellus                0.48%    failed      0.00%
  33  Leptorhynchoides_thecatus       2.09%    failed      0.00%
  34  Limulus_polyphemus              0.09%    passed     42.34%
  35  Lithobius_forficatus            0.09%    passed     81.40%
  36  Locusta_migratoria              0.17%    failed      0.03%
  37  Loxocorone_allax                0.00%    passed     93.05%
  38  Loxosomella_aloxiata            0.57%    passed     94.08%
  39  Lumbricus_terrestris            0.04%    failed      0.25%
  40  Metridium_senile                0.04%    failed      0.00%
  41  Microcotyle_sebastis            3.44%    failed      0.00%
  42  Microstomum_lineare            51.63%    failed      0.00%
  43  Myzostoma_cirriferum           10.89%    failed      0.00%
  44  Myzostoma_seymourcollegiorum   17.95%    failed      0.00%
  45  Narceus_annularus               0.17%    passed     78.80%
  46  Nautilus_macromphalus           0.00%    failed      0.00%
  47  Nephtys_sp.                     0.48%    failed      0.00%
  48  Octopus_vulgaris                0.04%    failed      0.09%
  49  Onchocerca_volvulus             1.26%    failed      0.00%
  50  Orbinia_latreillii              0.04%    failed      0.00%
  51  Oscarella_carmela               4.36%    failed      0.00%
  52  Paracentrotus_lividus           0.00%    failed      0.00%
  53  Paragonimus_westermani          4.27%    failed      0.00%
  54  Paraspadella_gotoi              4.71%    passed     41.92%
  55  Penaeus_monodon                 0.13%    passed     46.46%
  56  Perionyx_excavata               0.00%    failed      0.00%
  57  Phascolosoma_gouldii           46.54%    failed      0.82%
  58  Phoronis_psammophila            1.83%    passed     80.33%
  59  Pista_cristata                  0.04%    failed      0.00%
  60  Platynereis_dumerilli           0.35%    failed      0.00%
  61  Priapulus_caudatus              0.09%    passed     42.05%
  62  Riftia_pachyptila              12.20%    passed      6.30%
  63  Saccoglossus_kowalevskii        0.00%    failed      0.00%
  64  Schistosoma_mansoni             3.83%    failed      0.00%
  65  Scoloplos_armiger               9.28%    failed      0.02%
  66  Spadella_cephaloptera           4.79%    passed     63.50%
  67  Squilla_mantis                  0.17%    passed     35.24%
  68  Taenia_asiatica                 3.97%    failed      0.00%
  69  Terebellides_stroemi            0.00%    failed      0.02%
  70  Terebratalia_transversa         0.57%    failed      0.00%
  71  Terebratulina_retusa            0.00%    failed      0.02%
  72  Tribolium_castaneum             0.09%    passed     26.12%
  73  Trichinella_spiralis            0.96%    failed      0.00%
  74  Trichobilharzia_regenti         3.75%    failed      0.00%
  75  Triops_cancriformis             0.13%    passed      7.59%
  76  Urechis_caupo                   0.04%    failed      0.00%
  77  Xenoturbella_bocki              0.44%    failed      0.00%
  78  Xiphinema_americanum            1.83%    failed      0.00%
WARNING: 1 sequences contain more than 50% gaps/ambiguity
****  TOTAL                           3.97%  58 sequences failed composition chi2 test (p-value<5%; df=19)
Checking for duplicate sequences: done in 0.0811694 secs using 2102% CPU


Create initial parsimony tree by phylogenetic likelihood library (PLL)... 0.306 seconds
Measuring multi-threading efficiency up to 56 CPU cores
Increase to 10 rounds for branch lengths
5 trees examined
Threads: 1 / Time: 60.262 sec / Speedup: 1.000 / Efficiency: 100% / LogL: -226564
Threads: 2 / Time: 38.985 sec / Speedup: 1.546 / Efficiency: 77% / LogL: -226564
Threads: 3 / Time: 28.382 sec / Speedup: 2.123 / Efficiency: 71% / LogL: -226564
Threads: 4 / Time: 23.978 sec / Speedup: 2.513 / Efficiency: 63% / LogL: -226564
Threads: 5 / Time: 23.297 sec / Speedup: 2.587 / Efficiency: 52% / LogL: -226564
Threads: 6 / Time: 24.892 sec / Speedup: 2.421 / Efficiency: 40% / LogL: -226564
Determining AUTO threadcount: done in 199.916 secs using 255.3% CPU
BEST NUMBER OF THREADS: 4

Perform fast likelihood tree search using LG+I+G model...
Estimate model parameters (epsilon = 5.000)
Perform nearest neighbor interchange...
Estimate model parameters (epsilon = 1.000)
1. Initial log-likelihood: -182411.996
Optimal log-likelihood: -182411.938
Proportion of invariable sites: 0.072
Gamma shape alpha: 0.915
Parameters optimization took 1 rounds (1.730 sec)
Time for fast ML tree search: 14.332 seconds

NOTE: ModelFinder requires 267 MB RAM!
ModelFinder will test up to 1232 protein models (sample size: 2295 epsilon: 0.100) ...
 No. Model         -LnL         df  AIC          AICc         BIC
  1  LG            196557.965   153 393421.930   393443.941   394299.919
  2  LG+I          193528.819   154 387365.637   387387.946   388249.365
  3  LG+G4         182590.785   154 365489.570   365511.878   366373.297
  4  LG+I+G4       182411.946   155 365133.892   365156.501   366023.358
  5  LG+R2         185481.403   155 371272.807   371295.415   372162.272
  6  LG+R3         183026.252   157 366366.503   366389.719   367267.446
  7  LG+R4         182433.196   159 365184.393   365208.224   366096.813
  8  LG+R5         182199.831   161 364721.662   364746.118   365645.559
  9  LG+R6         182113.323   163 364552.646   364577.734   365488.019
 10  LG+R7         182062.096   165 364454.191   364479.922   365401.042
 11  LG+R8         182055.539   167 364445.078   364471.458   365403.405
 14  LG+I+R2       184707.426   156 369726.852   369749.764   370622.057
 15  LG+I+R3       182817.051   158 365950.102   365973.624   366856.783
 16  LG+I+R4       182313.392   160 364946.784   364970.926   365864.942
 17  LG+I+R5       182145.118   162 364614.236   364639.007   365543.871
 18  LG+I+R6       182087.239   164 364502.478   364527.886   365443.590
 19  LG+I+R7       182056.638   166 364445.275   364471.330   365397.864
 20  LG+I+R8       182050.900   168 364437.800   364464.509   365401.866
 32  LG+F+R7       177085.495   184 354538.990   354571.256   355594.872
 33  LG+F+R8       177065.358   186 354502.717   354535.717   355570.076
 41  LG+F+I+R7     177081.494   185 354532.987   354565.619   355594.608
 42  LG+F+I+R8     177063.368   187 354500.736   354534.107   355573.834
 54  WAG+R7        184619.773   165 369569.545   369595.276   370516.396
 55  WAG+R8        184613.844   167 369561.687   369588.068   370520.015
 63  WAG+I+R7      184615.724   166 369563.448   369589.503   370516.037
 64  WAG+I+R8      184611.853   168 369559.707   369586.416   370523.773
 76  WAG+F+R7      178369.409   184 357106.818   357139.083   358162.700
 77  WAG+F+R8      178358.737   186 357089.473   357122.473   358156.832
 85  WAG+F+I+R7    178366.875   185 357103.751   357136.382   358165.371
 86  WAG+F+I+R8    178356.538   187 357087.076   357120.447   358160.174
 98  JTT+R7        184557.983   165 369445.966   369471.696   370392.817
 99  JTT+R8        184549.545   167 369433.090   369459.471   370391.418
107  JTT+I+R7      184551.295   166 369434.590   369460.645   370387.179
108  JTT+I+R8      184543.575   168 369423.150   369449.859   370387.216
120  JTT+F+R7      178919.950   184 358207.900   358240.165   359263.782
121  JTT+F+R8      178902.213   186 358176.427   358209.427   359243.786
129  JTT+F+I+R7    178912.846   185 358195.692   358228.324   359257.312
130  JTT+F+I+R8    178899.464   187 358172.928   358206.299   359246.025
142  Q.PFAM+R7     182105.942   165 364541.883   364567.614   365488.734
143  Q.PFAM+R8     182099.049   167 364532.099   364558.480   365490.426
151  Q.PFAM+I+R7   182102.070   166 364536.141   364562.195   365488.730
152  Q.PFAM+I+R8   182095.666   168 364527.333   364554.042   365491.399
164  Q.PFAM+F+R7   177220.401   184 354808.801   354841.066   355864.683
165  Q.PFAM+F+R8   177194.815   186 354761.631   354794.631   355828.990
173  Q.PFAM+F+I+R7 177212.106   185 354794.212   354826.844   355855.833
174  Q.PFAM+F+I+R8 177192.685   187 354759.370   354792.741   355832.467
186  Q.BIRD+R7     187030.893   165 374391.785   374417.516   375338.636
187  Q.BIRD+R8     187008.426   167 374350.851   374377.232   375309.179
195  Q.BIRD+I+R7   187021.548   166 374375.096   374401.150   375327.685
196  Q.BIRD+I+R8   187003.785   168 374343.570   374370.279   375307.636
208  Q.BIRD+F+R7   181619.046   184 363606.092   363638.358   364661.974
209  Q.BIRD+F+R8   181589.937   186 363551.874   363584.874   364619.233
217  Q.BIRD+F+I+R7 181606.171   185 363582.341   363614.973   364643.961
218  Q.BIRD+F+I+R8 181586.497   187 363546.994   363580.365   364620.092
230  Q.MAMMAL+R7   186065.941   165 372461.881   372487.612   373408.732
231  Q.MAMMAL+R8   186051.669   167 372437.338   372463.719   373395.666
239  Q.MAMMAL+I+R7 186061.438   166 372454.875   372480.930   373407.464
240  Q.MAMMAL+I+R8 186048.664   168 372433.328   372460.037   373397.394
252  Q.MAMMAL+F+R7 180453.309   184 361274.618   361306.883   362330.499
253  Q.MAMMAL+F+R8 180426.625   186 361225.250   361258.250   362292.608
261  Q.MAMMAL+F+I+R7 180442.229   185 361254.458   361287.090   362316.078
262  Q.MAMMAL+F+I+R8 180423.989   187 361221.979   361255.349   362295.076
274  Q.INSECT+R7   181379.100   165 363088.200   363113.931   364035.051
275  Q.INSECT+R8   181371.018   167 363076.037   363102.418   364034.364
283  Q.INSECT+I+R7 181375.095   166 363082.190   363108.244   364034.779
284  Q.INSECT+I+R8 181367.713   168 363071.426   363098.136   364035.492
296  Q.INSECT+F+R7 177356.726   184 355081.451   355113.716   356137.333
297  Q.INSECT+F+R8 177335.195   186 355042.390   355075.390   356109.749
305  Q.INSECT+F+I+R7 177350.761   185 355071.522   355104.154   356133.142
306  Q.INSECT+F+I+R8 177332.763   187 355039.527   355072.897   356112.624
318  Q.PLANT+R7    182273.736   165 364877.473   364903.203   365824.323
319  Q.PLANT+R8    182254.693   167 364843.385   364869.766   365801.713
327  Q.PLANT+I+R7  182269.420   166 364870.841   364896.895   365823.430
328  Q.PLANT+I+R8  182251.420   168 364838.840   364865.549   365802.906
340  Q.PLANT+F+R7  178373.065   184 357114.130   357146.395   358170.011
341  Q.PLANT+F+R8  178339.190   186 357050.380   357083.380   358117.739
349  Q.PLANT+F+I+R7 178353.524   185 357077.048   357109.680   358138.669
350  Q.PLANT+F+I+R8 178336.638   187 357047.276   357080.646   358120.373
362  Q.YEAST+R7    181360.800   165 363051.601   363077.331   363998.451
363  Q.YEAST+R8    181349.783   167 363033.566   363059.946   363991.893
371  Q.YEAST+I+R7  181356.077   166 363044.154   363070.209   363996.743
372  Q.YEAST+I+R8  181345.318   168 363026.636   363053.346   363990.702
384  Q.YEAST+F+R7  176980.123   184 354328.245   354360.510   355384.127
385  Q.YEAST+F+R8  176962.427   186 354296.855   354329.855   355364.213
393  Q.YEAST+F+I+R7 176975.066   185 354320.131   354352.763   355381.751
394  Q.YEAST+F+I+R8 176961.003   187 354296.006   354329.377   355369.103
406  JTTDCMUT+R7   184642.395   165 369614.789   369640.520   370561.640
407  JTTDCMUT+R8   184633.629   167 369601.259   369627.640   370559.586
415  JTTDCMUT+I+R7 184635.673   166 369603.346   369629.400   370555.935
416  JTTDCMUT+I+R8 184627.549   168 369591.098   369617.807   370555.164
428  JTTDCMUT+F+R7 178945.534   184 358259.069   358291.334   359314.950
429  JTTDCMUT+F+R8 178927.390   186 358226.781   358259.781   359294.140
437  JTTDCMUT+F+I+R7 178938.290   185 358246.580   358279.212   359308.201
438  JTTDCMUT+F+I+R8 178924.641   187 358223.282   358256.652   359296.379
450  DCMUT+R7      187668.337   165 375666.675   375692.405   376613.525
451  DCMUT+R8      187664.197   167 375662.394   375688.775   376620.722
459  DCMUT+I+R7    187664.196   166 375660.393   375686.447   376612.982
460  DCMUT+I+R8    187661.486   168 375658.972   375685.681   376623.038
472  DCMUT+F+R7    179274.196   184 358916.392   358948.658   359972.274
473  DCMUT+F+R8    179260.980   186 358893.959   358926.959   359961.318
481  DCMUT+F+I+R7  179271.392   185 358912.784   358945.416   359974.405
482  DCMUT+F+I+R8  179259.000   187 358892.000   358925.370   359965.097
494  VT+R7         184463.881   165 369257.762   369283.492   370204.612
495  VT+R8         184459.484   167 369252.967   369279.348   370211.295
503  VT+I+R7       184458.698   166 369249.396   369275.450   370201.985
504  VT+I+R8       184456.141   168 369248.281   369274.990   370212.347
516  VT+F+R7       178662.451   184 357692.901   357725.166   358748.783
517  VT+F+R8       178653.189   186 357678.378   357711.378   358745.737
525  VT+F+I+R7     178658.499   185 357686.999   357719.630   358748.619
526  VT+F+I+R8     178650.630   187 357675.259   357708.630   358748.357
538  PMB+R7        184054.735   165 368439.470   368465.200   369386.320
539  PMB+R8        184050.651   167 368435.301   368461.682   369393.629
547  PMB+I+R7      184051.303   166 368434.606   368460.660   369387.195
548  PMB+I+R8      184048.325   168 368432.650   368459.359   369396.716
560  PMB+F+R7      179523.548   184 359415.097   359447.362   360470.978
561  PMB+F+R8      179514.141   186 359400.282   359433.282   360467.641
569  PMB+F+I+R7    179520.740   185 359411.479   359444.111   360473.100
570  PMB+F+I+R8    179512.177   187 359398.355   359431.725   360471.452
582  BLOSUM62+R7   184172.913   165 368675.826   368701.557   369622.677
583  BLOSUM62+R8   184164.943   167 368663.886   368690.267   369622.214
591  BLOSUM62+I+R7 184166.358   166 368664.715   368690.770   369617.304
592  BLOSUM62+I+R8 184162.702   168 368661.404   368688.113   369625.470
604  BLOSUM62+F+R7 179111.161   184 358590.321   358622.587   359646.203
605  BLOSUM62+F+R8 179102.895   186 358577.790   358610.790   359645.149
613  BLOSUM62+F+I+R7 179108.471   185 358586.942   358619.574   359648.562
614  BLOSUM62+F+I+R8 179100.530   187 358575.060   358608.431   359648.157
626  DAYHOFF+R7    187655.786   165 375641.573   375667.303   376588.423
627  DAYHOFF+R8    187651.286   167 375636.572   375662.953   376594.900
635  DAYHOFF+I+R7  187651.420   166 375634.839   375660.894   376587.428
636  DAYHOFF+I+R8  187648.686   168 375633.372   375660.081   376597.438
648  DAYHOFF+F+R7  179259.399   184 358886.798   358919.064   359942.680
649  DAYHOFF+F+R8  179246.090   186 358864.181   358897.181   359931.540
657  DAYHOFF+F+I+R7 179256.821   185 358883.642   358916.273   359945.262
658  DAYHOFF+F+I+R8 179244.244   187 358862.488   358895.859   359935.585
670  MTREV+R7      182194.601   165 364719.202   364744.933   365666.053
671  MTREV+R8      182169.206   167 364672.412   364698.793   365630.739
679  MTREV+I+R7    182180.153   166 364692.306   364718.361   365644.895
680  MTREV+I+R8    182167.005   168 364670.010   364696.720   365634.076
692  MTREV+F+R7    178340.108   184 357048.215   357080.481   358104.097
693  MTREV+F+R8    178320.765   186 357013.531   357046.531   358080.890
701  MTREV+F+I+R7  178337.218   185 357044.436   357077.067   358106.056
702  MTREV+F+I+R8  178319.030   187 357012.060   357045.431   358085.158
714  MTART+R7      176412.660   165 353155.320   353181.050   354102.170
715  MTART+R8      176386.766   167 353107.532   353133.913   354065.859
723  MTART+I+R7    176407.943   166 353147.886   353173.941   354100.475
724  MTART+I+R8    176384.201   168 353104.403   353131.112   354068.469
736  MTART+F+R7    176078.215   184 352524.430   352556.696   353580.312
737  MTART+F+R8    176048.304   186 352468.608   352501.608   353535.967
745  MTART+F+I+R7  176067.886   185 352505.772   352538.403   353567.392
746  MTART+F+I+R8  176046.381   187 352466.761   352500.132   353539.858
758  MTZOA+R7      175870.840   165 352071.681   352097.411   353018.531
759  MTZOA+R8      175841.913   167 352017.827   352044.208   352976.155
767  MTZOA+I+R7    175858.564   166 352049.129   352075.183   353001.718
768  MTZOA+I+R8    175839.887   168 352015.773   352042.483   352979.839
780  MTZOA+F+R7    175487.149   184 351342.299   351374.564   352398.181
781  MTZOA+F+R8    175459.048   186 351290.095   351323.095   352357.454
789  MTZOA+F+I+R7  175476.065   185 351322.129   351354.761   352383.749
790  MTZOA+F+I+R8  175457.206   187 351288.413   351321.783   352361.510
802  MTMET+R7      178002.872   165 356335.744   356361.475   357282.595
803  MTMET+R8      177961.565   167 356257.130   356283.511   357215.457
811  MTMET+I+R7    177977.917   166 356287.834   356313.889   357240.423
812  MTMET+I+R8    177958.484   168 356252.969   356279.678   357217.035
824  MTMET+F+R7    177271.506   184 354911.011   354943.277   355966.893
825  MTMET+F+R8    177237.283   186 354846.566   354879.566   355913.925
833  MTMET+F+I+R7  177253.257   185 354876.515   354909.146   355938.135
834  MTMET+F+I+R8  177234.921   187 354843.843   354877.213   355916.940
846  MTVER+R7      183446.095   165 367222.190   367247.920   368169.040
847  MTVER+R8      183412.939   167 367159.879   367186.259   368118.206
855  MTVER+I+R7    183429.496   166 367190.992   367217.047   368143.581
856  MTVER+I+R8    183408.981   168 367153.961   367180.671   368118.027
868  MTVER+F+R7    180101.109   184 360570.218   360602.484   361626.100
869  MTVER+F+R8    180066.484   186 360504.968   360537.968   361572.327
877  MTVER+F+I+R7  180083.413   185 360536.826   360569.458   361598.446
878  MTVER+F+I+R8  180063.014   187 360500.029   360533.399   361573.126
890  MTINV+R7      176926.251   165 354182.502   354208.233   355129.353
891  MTINV+R8      176902.692   167 354139.384   354165.765   355097.712
899  MTINV+I+R7    176917.018   166 354166.036   354192.091   355118.625
900  MTINV+I+R8    176900.193   168 354136.386   354163.095   355100.452
912  MTINV+F+R7    176280.629   184 352929.257   352961.522   353985.139
913  MTINV+F+R8    176252.243   186 352876.485   352909.485   353943.844
921  MTINV+F+I+R7  176266.134   185 352902.267   352934.899   353963.887
922  MTINV+F+I+R8  176250.095   187 352874.191   352907.561   353947.288
934  MTMAM+R7      184057.211   165 368444.421   368470.152   369391.272
935  MTMAM+R8      184009.760   167 368353.519   368379.900   369311.847
943  MTMAM+I+R7    184026.978   166 368385.956   368412.011   369338.545
944  MTMAM+I+R8    184004.811   168 368345.623   368372.332   369309.689
956  MTMAM+F+R7    180850.256   184 362068.512   362100.778   363124.394
957  MTMAM+F+R8    180805.986   186 361983.973   362016.973   363051.331
965  MTMAM+F+I+R7  180822.696   185 362015.392   362048.024   363077.012
966  MTMAM+F+I+R8  180802.907   187 361979.815   362013.185   363052.912
978  FLAVI+R7      188954.997   165 378239.993   378265.724   379186.844
979  FLAVI+R8      188925.358   167 378184.715   378211.096   379143.043
987  FLAVI+I+R7    188936.592   166 378205.185   378231.239   379157.774
988  FLAVI+I+R8    188923.629   168 378183.258   378209.967   379147.324
1000  FLAVI+F+R7    185613.481   184 371594.962   371627.228   372650.844
1001  FLAVI+F+R8    185581.555   186 371535.111   371568.111   372602.469
1009  FLAVI+F+I+R7  185592.375   185 371554.750   371587.381   372616.370
1010  FLAVI+F+I+R8  185576.929   187 371527.858   371561.229   372600.955
1022  HIVB+R7       189645.843   165 379621.687   379647.417   380568.537
1023  HIVB+R8       189636.451   167 379606.902   379633.283   380565.229
1031  HIVB+I+R7     189639.819   166 379611.639   379637.694   380564.228
1032  HIVB+I+R8     189630.378   168 379596.755   379623.465   380560.821
1044  HIVB+F+R7     182616.472   184 365600.945   365633.210   366656.827
1045  HIVB+F+R8     182588.698   186 365549.396   365582.396   366616.755
1053  HIVB+F+I+R7   182602.727   185 365575.454   365608.085   366637.074
1054  HIVB+F+I+R8   182585.614   187 365545.228   365578.599   366618.325
1066  HIVW+R7       197387.895   165 395105.790   395131.520   396052.640
1067  HIVW+R8       197360.739   167 395055.477   395081.858   396013.805
1075  HIVW+I+R7     197368.245   166 395068.489   395094.544   396021.078
1076  HIVW+I+R8     197360.903   168 395057.806   395084.516   396021.872
1088  HIVW+F+R7     188063.548   184 376495.096   376527.361   377550.978
1089  HIVW+F+R8     188045.015   186 376462.031   376495.031   377529.390
1097  HIVW+F+I+R7   188051.074   185 376472.148   376504.780   377533.768
1098  HIVW+F+I+R8   188036.483   187 376446.966   376480.337   377520.064
1110  FLU+R7        187086.884   165 374503.768   374529.498   375450.619
1111  FLU+R8        187056.434   167 374446.867   374473.248   375405.195
1119  FLU+I+R7      187075.585   166 374483.170   374509.225   375435.759
1120  FLU+I+R8      187054.499   168 374444.998   374471.707   375409.064
1132  FLU+F+R7      181654.126   184 363676.253   363708.518   364732.134
1133  FLU+F+R8      181626.589   186 363625.177   363658.177   364692.536
1141  FLU+F+I+R7    181642.931   185 363655.863   363688.494   364717.483
1142  FLU+F+I+R8    181625.056   187 363624.113   363657.483   364697.210
1154  RTREV+R7      186382.996   165 373095.992   373121.723   374042.843
1155  RTREV+R8      186371.993   167 373077.986   373104.367   374036.314
1163  RTREV+I+R7    186372.723   166 373077.447   373103.501   374030.036
1164  RTREV+I+R8    186371.716   168 373079.433   373106.142   374043.499
1176  RTREV+F+R7    178189.601   184 356747.202   356779.468   357803.084
1177  RTREV+F+R8    178169.868   186 356711.736   356744.736   357779.095
1185  RTREV+F+I+R7  178184.103   185 356738.206   356770.838   357799.826
1186  RTREV+F+I+R8  178166.852   187 356707.705   356741.075   357780.802
1198  CPREV+R7      183861.767   165 368053.534   368079.264   369000.384
1199  CPREV+R8      183851.021   167 368036.041   368062.422   368994.369
1207  CPREV+I+R7    183857.878   166 368047.757   368073.811   369000.346
1208  CPREV+I+R8    183847.452   168 368030.905   368057.614   368994.971
1220  CPREV+F+R7    178371.078   184 357110.156   357142.422   358166.038
1221  CPREV+F+R8    178359.007   186 357090.014   357123.014   358157.373
1229  CPREV+F+I+R7  178368.944   185 357107.887   357140.519   358169.507
1230  CPREV+F+I+R8  178356.966   187 357087.933   357121.303   358161.030
Akaike Information Criterion:           MTZOA+F+I+R8
Corrected Akaike Information Criterion: MTZOA+F+I+R8
Bayesian Information Criterion:         MTZOA+F+R8
Best-fit model: MTZOA+F+R8 chosen according to BIC

All model information printed to training_data/prot_M4318_78_2295.phy/output_files/iqtree/inference/pars_13.model.gz
CPU time for ModelFinder: 72557.009 seconds (20h:9m:17s)
Wall-clock time for ModelFinder: 20501.984 seconds (5h:41m:41s)

NOTE: 213 MB RAM (0 GB) is required!
Estimate model parameters (epsilon = 0.010)
1. Initial log-likelihood: -175579.613
2. Current log-likelihood: -175467.315
3. Current log-likelihood: -175462.960
4. Current log-likelihood: -175461.533
5. Current log-likelihood: -175460.808
6. Current log-likelihood: -175460.450
7. Current log-likelihood: -175460.280
8. Current log-likelihood: -175460.186
9. Current log-likelihood: -175460.139
10. Current log-likelihood: -175460.109
11. Current log-likelihood: -175460.068
12. Current log-likelihood: -175460.049
13. Current log-likelihood: -175460.015
14. Current log-likelihood: -175459.995
15. Current log-likelihood: -175459.976
16. Current log-likelihood: -175459.965
17. Current log-likelihood: -175459.946
18. Current log-likelihood: -175459.928
Optimal log-likelihood: -175459.911
Site proportion and rates:  (0.104,0.017) (0.138,0.104) (0.142,0.280) (0.195,0.574) (0.195,1.093) (0.155,1.995) (0.055,3.682) (0.016,6.698)
Parameters optimization took 18 rounds (168.441 sec)
Wrote distance file to... 
BEST SCORE FOUND : -175459.911
Total tree length: 40.360

Total number of iterations: 0
CPU time used for tree search: 0.000 sec (0h:0m:0s)
Wall-clock time used for tree search: 0.000 sec (0h:0m:0s)
Total CPU time used: 73203.244 sec (20h:20m:3s)
Total wall-clock time used: 20670.730 sec (5h:44m:30s)

Analysis results written to: 
  IQ-TREE report:                training_data/prot_M4318_78_2295.phy/output_files/iqtree/inference/pars_13.iqtree
  Maximum-likelihood tree:       training_data/prot_M4318_78_2295.phy/output_files/iqtree/inference/pars_13.treefile
  Screen log file:               training_data/prot_M4318_78_2295.phy/output_files/iqtree/inference/pars_13.log

Date and Time: Fri Oct 17 03:37:00 2025
e/inference/pars_13.log

Date and Time: Fri Oct 17 03:37:00 2025
