IQ-TREE version 3.0.1 for Linux x86 64-bit built Sep 23 2025
Developed by Bui Quang Minh, Thomas Wong, Nhan Ly-Trong, Huaiyan Ren
Contributed by Lam-Tung Nguyen, Dominik Schrempf, Chris Bielow,
Olga Chernomor, Michael Woodhams, Diep Thi Hoang, Heiko Schmidt

Host:    cnode04.hpc.vast.vn (AVX512, FMA3, 125 GB RAM)
Command: /datausers/ioit/thaontp/tranthanhvan235/iqtree3/build/iqtree3 -s /datausers/ioit/thaontp/tranthanhvan235/data_treebase/remainMSAs/prot_M4318_78_2295.phy -pre training_data/prot_M4318_78_2295.phy/output_files/iqtree/inference/pars_0 -seed 0 -ninit 1 -T 1 -redo -n 0 -nt AUTO
Seed:    0 (Using SPRNG - Scalable Parallel Random Number Generator)
Time:    Fri Oct 17 01:31:28 2025
Kernel:  AVX+FMA - auto-detect threads (56 CPU cores detected)

Reading alignment file /datausers/ioit/thaontp/tranthanhvan235/data_treebase/remainMSAs/prot_M4318_78_2295.phy ... Phylip format detected
Alignment most likely contains protein sequences
Constructing alignment: done in 0.0290086 secs using 1310% CPU
Alignment has 78 sequences with 2295 columns, 2193 distinct patterns
1945 parsimony-informative, 154 singleton sites, 196 constant sites
                              Gap/Ambiguity  Composition  p-value
Analyzing sequences: done in 0.0269952 secs using 2634% CPU
   1  Acropora_tenuis                 0.09%    failed      0.00%
   2  Agamermis_sp.                   1.22%    failed      0.00%
   3  Anisakis_simplex                1.09%    failed      0.00%
   4  Artemia_franciscana             1.44%    passed     98.77%
   5  Asterias_amurensis              0.13%    failed      0.00%
   6  Balanoglossus_carnosus          0.00%    failed      0.00%
   7  Brachionus_plicatilis           0.83%    failed      0.00%
   8  Branchiostoma_florida           0.00%    failed      0.00%
   9  Bugula_neritina                 0.26%    failed      0.00%
  10  Caenorhabditis_elegans          0.96%    failed      0.00%
  11  Clymenella_torquata             0.00%    failed      0.24%
  12  Conus_textile                   0.00%    passed     23.59%
  13  Diphyllobothrium_latum          3.97%    failed      0.00%
  14  Drosophila_melanogaster         0.09%    passed     36.44%
  15  Echinococcus_granolosus         3.83%    failed      0.00%
  16  Eclysippe_vanelli               4.40%    passed     87.48%
  17  Endomyzostoma_sp.              19.65%    failed      0.00%
  18  Epiperipatus_biolleyi           0.13%    failed      0.41%
  19  Fasciola_hepatica               3.66%    failed      0.00%
  20  Florometra_serratissima         0.00%    failed      0.01%
  21  Flustrellidra_hispida           1.92%    failed      1.05%
  22  Galathealinum_brachiosum       31.46%    failed      0.00%
  23  Geodia_neptuni                  0.17%    failed      0.00%
  24  Gyrodactylus_salaris            4.01%    failed      0.00%
  25  Haliotis_rubra                  0.00%    failed      2.33%
  26  Helobdella_robusta             31.50%    passed      9.88%
  27  Heptathela_hangzhouensis        0.57%    failed      0.21%
  28  Hymenolepis_diminuta            4.01%    failed      0.00%
  29  Ixodes_hexagonus                0.39%    failed      0.00%
  30  Katharina_tunicata              0.09%    passed     94.39%
  31  Lampetra_fluviatilis            0.04%    failed      0.00%
  32  Laqueus_rubellus                0.48%    failed      0.00%
  33  Leptorhynchoides_thecatus       2.09%    failed      0.00%
  34  Limulus_polyphemus              0.09%    passed     42.34%
  35  Lithobius_forficatus            0.09%    passed     81.40%
  36  Locusta_migratoria              0.17%    failed      0.03%
  37  Loxocorone_allax                0.00%    passed     93.05%
  38  Loxosomella_aloxiata            0.57%    passed     94.08%
  39  Lumbricus_terrestris            0.04%    failed      0.25%
  40  Metridium_senile                0.04%    failed      0.00%
  41  Microcotyle_sebastis            3.44%    failed      0.00%
  42  Microstomum_lineare            51.63%    failed      0.00%
  43  Myzostoma_cirriferum           10.89%    failed      0.00%
  44  Myzostoma_seymourcollegiorum   17.95%    failed      0.00%
  45  Narceus_annularus               0.17%    passed     78.80%
  46  Nautilus_macromphalus           0.00%    failed      0.00%
  47  Nephtys_sp.                     0.48%    failed      0.00%
  48  Octopus_vulgaris                0.04%    failed      0.09%
  49  Onchocerca_volvulus             1.26%    failed      0.00%
  50  Orbinia_latreillii              0.04%    failed      0.00%
  51  Oscarella_carmela               4.36%    failed      0.00%
  52  Paracentrotus_lividus           0.00%    failed      0.00%
  53  Paragonimus_westermani          4.27%    failed      0.00%
  54  Paraspadella_gotoi              4.71%    passed     41.92%
  55  Penaeus_monodon                 0.13%    passed     46.46%
  56  Perionyx_excavata               0.00%    failed      0.00%
  57  Phascolosoma_gouldii           46.54%    failed      0.82%
  58  Phoronis_psammophila            1.83%    passed     80.33%
  59  Pista_cristata                  0.04%    failed      0.00%
  60  Platynereis_dumerilli           0.35%    failed      0.00%
  61  Priapulus_caudatus              0.09%    passed     42.05%
  62  Riftia_pachyptila              12.20%    passed      6.30%
  63  Saccoglossus_kowalevskii        0.00%    failed      0.00%
  64  Schistosoma_mansoni             3.83%    failed      0.00%
  65  Scoloplos_armiger               9.28%    failed      0.02%
  66  Spadella_cephaloptera           4.79%    passed     63.50%
  67  Squilla_mantis                  0.17%    passed     35.24%
  68  Taenia_asiatica                 3.97%    failed      0.00%
  69  Terebellides_stroemi            0.00%    failed      0.02%
  70  Terebratalia_transversa         0.57%    failed      0.00%
  71  Terebratulina_retusa            0.00%    failed      0.02%
  72  Tribolium_castaneum             0.09%    passed     26.12%
  73  Trichinella_spiralis            0.96%    failed      0.00%
  74  Trichobilharzia_regenti         3.75%    failed      0.00%
  75  Triops_cancriformis             0.13%    passed      7.59%
  76  Urechis_caupo                   0.04%    failed      0.00%
  77  Xenoturbella_bocki              0.44%    failed      0.00%
  78  Xiphinema_americanum            1.83%    failed      0.00%
WARNING: 1 sequences contain more than 50% gaps/ambiguity
****  TOTAL                           3.97%  58 sequences failed composition chi2 test (p-value<5%; df=19)
Checking for duplicate sequences: done in 0.0552549 secs using 2370% CPU


Create initial parsimony tree by phylogenetic likelihood library (PLL)... 0.248 seconds
Measuring multi-threading efficiency up to 56 CPU cores
Increase to 10 rounds for branch lengths
4 trees examined
Threads: 1 / Time: 65.027 sec / Speedup: 1.000 / Efficiency: 100% / LogL: -225449
Threads: 2 / Time: 40.213 sec / Speedup: 1.617 / Efficiency: 81% / LogL: -225449
Threads: 3 / Time: 31.429 sec / Speedup: 2.069 / Efficiency: 69% / LogL: -225449
Threads: 4 / Time: 26.053 sec / Speedup: 2.496 / Efficiency: 62% / LogL: -225449
Threads: 5 / Time: 26.257 sec / Speedup: 2.477 / Efficiency: 50% / LogL: -225449
Determining AUTO threadcount: done in 189.006 secs using 217.1% CPU
BEST NUMBER OF THREADS: 4

Perform fast likelihood tree search using LG+I+G model...
Estimate model parameters (epsilon = 5.000)
Perform nearest neighbor interchange...
Estimate model parameters (epsilon = 1.000)
1. Initial log-likelihood: -182409.288
Optimal log-likelihood: -182409.250
Proportion of invariable sites: 0.071
Gamma shape alpha: 0.915
Parameters optimization took 1 rounds (2.737 sec)
Time for fast ML tree search: 19.021 seconds

NOTE: ModelFinder requires 267 MB RAM!
ModelFinder will test up to 1232 protein models (sample size: 2295 epsilon: 0.100) ...
 No. Model         -LnL         df  AIC          AICc         BIC
  1  LG            196545.517   153 393397.034   393419.045   394275.023
  2  LG+I          193517.672   154 387343.344   387365.653   388227.072
  3  LG+G4         182582.942   154 365473.884   365496.192   366357.611
  4  LG+I+G4       182409.258   155 365128.516   365151.124   366017.981
  5  LG+R2         185491.515   155 371293.030   371315.639   372182.496
  6  LG+R3         183017.049   157 366348.097   366371.313   367249.040
  7  LG+R4         182432.938   159 365183.875   365207.707   366096.295
  8  LG+R5         182192.043   161 364706.085   364730.541   365629.982
  9  LG+R6         182105.300   163 364536.599   364561.688   365471.973
 10  LG+R7         182059.919   165 364449.838   364475.568   365396.688
 11  LG+R8         182054.105   167 364442.209   364468.590   365400.537
 14  LG+I+R2       184716.975   156 369745.951   369768.862   370641.155
 15  LG+I+R3       182810.945   158 365937.890   365961.412   366844.571
 16  LG+I+R4       182312.550   160 364945.100   364969.242   365863.258
 17  LG+I+R5       182135.815   162 364595.631   364620.402   365525.266
 18  LG+I+R6       182085.668   164 364499.336   364524.745   365440.448
 19  LG+I+R7       182054.610   166 364441.221   364467.275   365393.810
 20  LG+I+R8       182049.900   168 364435.801   364462.510   365399.867
 32  LG+F+R7       177091.126   184 354550.252   354582.517   355606.134
 33  LG+F+R8       177072.838   186 354517.676   354550.676   355585.034
 41  LG+F+I+R7     177088.409   185 354546.817   354579.449   355608.438
 42  LG+F+I+R8     177070.841   187 354515.682   354549.053   355588.780
 54  WAG+R7        184619.665   165 369569.331   369595.061   370516.181
 55  WAG+R8        184614.749   167 369563.498   369589.879   370521.826
 63  WAG+I+R7      184615.689   166 369563.379   369589.433   370515.968
 64  WAG+I+R8      184612.934   168 369561.868   369588.577   370525.934
 76  WAG+F+R7      178374.006   184 357116.013   357148.278   358171.895
 77  WAG+F+R8      178362.483   186 357096.967   357129.967   358164.325
 85  WAG+F+I+R7    178371.601   185 357113.201   357145.833   358174.822
 86  WAG+F+I+R8    178360.376   187 357094.752   357128.123   358167.849
 98  JTT+R7        184558.230   165 369446.459   369472.189   370393.310
 99  JTT+R8        184550.057   167 369434.115   369460.496   370392.442
107  JTT+I+R7      184551.560   166 369435.121   369461.175   370387.710
108  JTT+I+R8      184544.047   168 369424.093   369450.803   370388.159
120  JTT+F+R7      178928.763   184 358225.527   358257.792   359281.409
121  JTT+F+R8      178908.937   186 358189.874   358222.874   359257.233
129  JTT+F+I+R7    178922.119   185 358214.238   358246.870   359275.859
130  JTT+F+I+R8    178906.201   187 358186.403   358219.774   359259.500
142  Q.PFAM+R7     182102.441   165 364534.882   364560.612   365481.732
143  Q.PFAM+R8     182095.208   167 364524.415   364550.796   365482.743
151  Q.PFAM+I+R7   182098.719   166 364529.437   364555.492   365482.026
152  Q.PFAM+I+R8   182091.915   168 364519.830   364546.539   365483.896
164  Q.PFAM+F+R7   177222.754   184 354813.509   354845.774   355869.390
165  Q.PFAM+F+R8   177198.459   186 354768.917   354801.917   355836.276
173  Q.PFAM+F+I+R7 177220.533   185 354811.067   354843.698   355872.687
174  Q.PFAM+F+I+R8 177196.400   187 354766.800   354800.171   355839.897
186  Q.BIRD+R7     187033.706   165 374397.413   374423.143   375344.263
187  Q.BIRD+R8     187011.744   167 374357.488   374383.869   375315.816
195  Q.BIRD+I+R7   187026.053   166 374384.106   374410.161   375336.695
196  Q.BIRD+I+R8   187007.273   168 374350.546   374377.255   375314.612
208  Q.BIRD+F+R7   181627.671   184 363623.342   363655.607   364679.224
209  Q.BIRD+F+R8   181595.308   186 363562.616   363595.616   364629.974
217  Q.BIRD+F+I+R7 181611.774   185 363593.549   363626.180   364655.169
218  Q.BIRD+F+I+R8 181591.856   187 363557.711   363591.082   364630.809
230  Q.MAMMAL+R7   186065.499   165 372460.997   372486.728   373407.848
231  Q.MAMMAL+R8   186052.158   167 372438.316   372464.697   373396.644
239  Q.MAMMAL+I+R7 186061.453   166 372454.906   372480.961   373407.495
240  Q.MAMMAL+I+R8 186049.195   168 372434.390   372461.099   373398.456
252  Q.MAMMAL+F+R7 180458.674   184 361285.347   361317.613   362341.229
253  Q.MAMMAL+F+R8 180428.926   186 361229.852   361262.852   362297.210
261  Q.MAMMAL+F+I+R7 180445.794   185 361261.587   361294.219   362323.207
262  Q.MAMMAL+F+I+R8 180426.294   187 361226.589   361259.960   362299.686
274  Q.INSECT+R7   181378.241   165 363086.482   363112.213   364033.333
275  Q.INSECT+R8   181369.478   167 363072.955   363099.336   364031.283
283  Q.INSECT+I+R7 181374.466   166 363080.933   363106.987   364033.522
284  Q.INSECT+I+R8 181366.124   168 363068.248   363094.957   364032.314
296  Q.INSECT+F+R7 177359.731   184 355087.463   355119.728   356143.345
297  Q.INSECT+F+R8 177338.467   186 355048.934   355081.934   356116.293
305  Q.INSECT+F+I+R7 177356.214   185 355082.428   355115.060   356144.048
306  Q.INSECT+F+I+R8 177335.921   187 355045.841   355079.212   356118.938
318  Q.PLANT+R7    182269.604   165 364869.207   364894.937   365816.058
319  Q.PLANT+R8    182251.350   167 364836.699   364863.080   365795.027
327  Q.PLANT+I+R7  182265.418   166 364862.836   364888.891   365815.425
328  Q.PLANT+I+R8  182248.138   168 364832.276   364858.986   365796.342
340  Q.PLANT+F+R7  178375.024   184 357118.049   357150.314   358173.930
341  Q.PLANT+F+R8  178342.468   186 357056.937   357089.937   358124.295
349  Q.PLANT+F+I+R7 178357.427   185 357084.854   357117.486   358146.475
350  Q.PLANT+F+I+R8 178339.752   187 357053.504   357086.874   358126.601
362  Q.YEAST+R7    181363.070   165 363056.140   363081.870   364002.990
363  Q.YEAST+R8    181351.653   167 363037.306   363063.687   363995.634
371  Q.YEAST+I+R7  181358.416   166 363048.832   363074.886   364001.421
372  Q.YEAST+I+R8  181347.412   168 363030.824   363057.533   363994.890
384  Q.YEAST+F+R7  176986.149   184 354340.298   354372.564   355396.180
385  Q.YEAST+F+R8  176967.324   186 354306.648   354339.648   355374.007
393  Q.YEAST+F+I+R7 176982.376   185 354334.751   354367.383   355396.372
394  Q.YEAST+F+I+R8 176964.547   187 354303.093   354336.464   355376.191
406  JTTDCMUT+R7   184642.717   165 369615.435   369641.165   370562.285
407  JTTDCMUT+R8   184634.122   167 369602.244   369628.624   370560.571
415  JTTDCMUT+I+R7 184636.008   166 369604.017   369630.071   370556.606
416  JTTDCMUT+I+R8 184628.112   168 369592.224   369618.934   370556.290
428  JTTDCMUT+F+R7 178954.866   184 358277.731   358309.996   359333.613
429  JTTDCMUT+F+R8 178934.621   186 358241.242   358274.242   359308.601
437  JTTDCMUT+F+I+R7 178948.094   185 358266.187   358298.819   359327.807
438  JTTDCMUT+F+I+R8 178931.924   187 358237.849   358271.219   359310.946
450  DCMUT+R7      187664.081   165 375658.162   375683.892   376605.012
451  DCMUT+R8      187659.622   167 375653.243   375679.624   376611.571
459  DCMUT+I+R7    187659.256   166 375650.512   375676.567   376603.101
460  DCMUT+I+R8    187656.211   168 375648.423   375675.132   376612.489
472  DCMUT+F+R7    179279.422   184 358926.844   358959.109   359982.725
473  DCMUT+F+R8    179266.867   186 358905.733   358938.733   359973.092
481  DCMUT+F+I+R7  179277.027   185 358924.054   358956.685   359985.674
482  DCMUT+F+I+R8  179264.921   187 358903.842   358937.213   359976.939
494  VT+R7         184468.190   165 369266.379   369292.110   370213.230
495  VT+R8         184464.862   167 369263.723   369290.104   370222.051
503  VT+I+R7       184463.192   166 369258.384   369284.438   370210.973
504  VT+I+R8       184461.127   168 369258.254   369284.963   370222.320
516  VT+F+R7       178664.191   184 357696.381   357728.647   358752.263
517  VT+F+R8       178655.418   186 357682.835   357715.835   358750.194
525  VT+F+I+R7     178660.953   185 357691.906   357724.538   358753.527
526  VT+F+I+R8     178652.837   187 357679.675   357713.045   358752.772
538  PMB+R7        184064.168   165 368458.336   368484.066   369405.187
539  PMB+R8        184061.154   167 368456.308   368482.689   369414.635
547  PMB+I+R7      184060.873   166 368453.746   368479.800   369406.335
548  PMB+I+R8      184058.760   168 368453.519   368480.228   369417.585
560  PMB+F+R7      179529.897   184 359427.795   359460.060   360483.677
561  PMB+F+R8      179521.010   186 359414.020   359447.020   360481.379
569  PMB+F+I+R7    179527.414   185 359424.827   359457.459   360486.448
570  PMB+F+I+R8    179518.943   187 359411.886   359445.256   360484.983
582  BLOSUM62+R7   184176.789   165 368683.579   368709.309   369630.429
583  BLOSUM62+R8   184170.556   167 368675.113   368701.493   369633.440
591  BLOSUM62+I+R7 184170.728   166 368673.456   368699.510   369626.045
592  BLOSUM62+I+R8 184167.932   168 368671.864   368698.574   369635.930
604  BLOSUM62+F+R7 179116.026   184 358600.051   358632.317   359655.933
605  BLOSUM62+F+R8 179108.140   186 358588.280   358621.280   359655.639
613  BLOSUM62+F+I+R7 179113.485   185 358596.969   358629.601   359658.590
614  BLOSUM62+F+I+R8 179105.801   187 358585.602   358618.972   359658.699
626  DAYHOFF+R7    187651.269   165 375632.538   375658.269   376579.389
627  DAYHOFF+R8    187646.659   167 375627.319   375653.699   376585.646
635  DAYHOFF+I+R7  187646.259   166 375624.519   375650.573   376577.108
636  DAYHOFF+I+R8  187643.117   168 375622.233   375648.942   376586.299
648  DAYHOFF+F+R7  179264.494   184 358896.989   358929.254   359952.871
649  DAYHOFF+F+R8  179251.968   186 358875.936   358908.936   359943.295
657  DAYHOFF+F+I+R7 179262.266   185 358894.533   358927.164   359956.153
658  DAYHOFF+F+I+R8 179250.120   187 358874.241   358907.611   359947.338
670  MTREV+R7      182195.290   165 364720.579   364746.310   365667.430
671  MTREV+R8      182170.326   167 364674.652   364701.033   365632.980
679  MTREV+I+R7    182182.372   166 364696.743   364722.798   365649.332
680  MTREV+I+R8    182168.070   168 364672.140   364698.850   365636.206
692  MTREV+F+R7    178349.334   184 357066.667   357098.933   358122.549
693  MTREV+F+R8    178330.604   186 357033.209   357066.209   358100.567
701  MTREV+F+I+R7  178348.620   185 357067.241   357099.873   358128.861
702  MTREV+F+I+R8  178328.828   187 357031.655   357065.026   358104.752
714  MTART+R7      176422.809   165 353175.619   353201.349   354122.469
715  MTART+R8      176397.706   167 353129.412   353155.793   354087.740
723  MTART+I+R7    176419.264   166 353170.528   353196.582   354123.117
724  MTART+I+R8    176395.105   168 353126.210   353152.919   354090.276
736  MTART+F+R7    176085.281   184 352538.562   352570.827   353594.444
737  MTART+F+R8    176056.846   186 352485.691   352518.691   353553.050
745  MTART+F+I+R7  176077.060   185 352524.120   352556.752   353585.740
746  MTART+F+I+R8  176054.917   187 352483.835   352517.205   353556.932
758  MTZOA+R7      175874.887   165 352079.773   352105.504   353026.624
759  MTZOA+R8      175846.446   167 352026.892   352053.273   352985.220
767  MTZOA+I+R7    175863.472   166 352058.945   352084.999   353011.534
768  MTZOA+I+R8    175844.449   168 352024.897   352051.607   352988.963
780  MTZOA+F+R7    175494.666   184 351357.333   351389.598   352413.214
781  MTZOA+F+R8    175466.997   186 351305.995   351338.995   352373.353
789  MTZOA+F+I+R7  175484.745   185 351339.489   351372.121   352401.109
790  MTZOA+F+I+R8  175465.146   187 351304.292   351337.663   352377.390
802  MTMET+R7      178008.897   165 356347.794   356373.524   357294.644
803  MTMET+R8      177970.802   167 356275.604   356301.985   357233.931
811  MTMET+I+R7    177988.155   166 356308.309   356334.364   357260.898
812  MTMET+I+R8    177967.820   168 356271.640   356298.349   357235.706
824  MTMET+F+R7    177272.428   184 354912.857   354945.122   355968.738
825  MTMET+F+R8    177240.653   186 354853.307   354886.307   355920.666
833  MTMET+F+I+R7  177257.708   185 354885.416   354918.048   355947.037
834  MTMET+F+I+R8  177238.343   187 354850.685   354884.056   355923.783
846  MTVER+R7      183444.979   165 367219.957   367245.688   368166.808
847  MTVER+R8      183412.982   167 367159.965   367186.345   368118.292
855  MTVER+I+R7    183428.785   166 367189.571   367215.625   368142.160
856  MTVER+I+R8    183409.219   168 367154.437   367181.146   368118.503
868  MTVER+F+R7    180115.631   184 360599.261   360631.527   361655.143
869  MTVER+F+R8    180076.985   186 360525.969   360558.969   361593.328
877  MTVER+F+I+R7  180094.728   185 360559.457   360592.088   361621.077
878  MTVER+F+I+R8  180073.612   187 360521.225   360554.595   361594.322
890  MTINV+R7      176943.773   165 354217.546   354243.276   355164.396
891  MTINV+R8      176917.066   167 354168.133   354194.513   355126.460
899  MTINV+I+R7    176932.961   166 354197.923   354223.977   355150.512
900  MTINV+I+R8    176914.599   168 354165.198   354191.907   355129.264
912  MTINV+F+R7    176285.393   184 352938.787   352971.052   353994.669
913  MTINV+F+R8    176253.918   186 352879.837   352912.837   353947.196
921  MTINV+F+I+R7  176268.703   185 352907.406   352940.038   353969.027
922  MTINV+F+I+R8  176251.822   187 352877.643   352911.014   353950.740
934  MTMAM+R7      184060.193   165 368450.387   368476.117   369397.238
935  MTMAM+R8      184012.056   167 368358.111   368384.492   369316.439
943  MTMAM+I+R7    184029.354   166 368390.707   368416.762   369343.296
944  MTMAM+I+R8    184006.726   168 368349.451   368376.161   369313.517
956  MTMAM+F+R7    180859.484   184 362086.968   362119.234   363142.850
957  MTMAM+F+R8    180813.006   186 361998.013   362031.013   363065.371
965  MTMAM+F+I+R7  180830.232   185 362030.464   362063.095   363092.084
966  MTMAM+F+I+R8  180809.576   187 361993.151   362026.522   363066.248
978  FLAVI+R7      188959.168   165 378248.335   378274.066   379195.186
979  FLAVI+R8      188926.059   167 378186.118   378212.499   379144.446
987  FLAVI+I+R7    188938.144   166 378208.289   378234.343   379160.878
988  FLAVI+I+R8    188924.395   168 378184.790   378211.499   379148.856
1000  FLAVI+F+R7    185629.626   184 371627.252   371659.517   372683.134
1001  FLAVI+F+R8    185595.558   186 371563.116   371596.116   372630.475
1009  FLAVI+F+I+R7  185606.273   185 371582.546   371615.177   372644.166
1010  FLAVI+F+I+R8  185591.132   187 371556.264   371589.635   372629.361
1022  HIVB+R7       189640.637   165 379611.275   379637.005   380558.125
1023  HIVB+R8       189631.775   167 379597.550   379623.930   380555.877
1031  HIVB+I+R7     189634.708   166 379601.416   379627.470   380554.005
1032  HIVB+I+R8     189626.820   168 379589.640   379616.349   380553.706
1044  HIVB+F+R7     182627.989   184 365623.979   365656.244   366679.861
1045  HIVB+F+R8     182599.416   186 365570.831   365603.831   366638.190
1053  HIVB+F+I+R7   182613.569   185 365597.138   365629.769   366658.758
1054  HIVB+F+I+R8   182596.345   187 365566.689   365600.060   366639.787
1066  HIVW+R7       197393.490   165 395116.981   395142.711   396063.831
1067  HIVW+R8       197365.506   167 395065.012   395091.392   396023.339
1075  HIVW+I+R7     197373.016   166 395078.032   395104.087   396030.621
1076  HIVW+I+R8     197365.770   168 395067.539   395094.248   396031.605
1088  HIVW+F+R7     188081.463   184 376530.926   376563.191   377586.808
1089  HIVW+F+R8     188061.671   186 376495.342   376528.342   377562.701
1097  HIVW+F+I+R7   188071.380   185 376512.759   376545.391   377574.380
1098  HIVW+F+I+R8   188054.186   187 376482.371   376515.742   377555.469
1110  FLU+R7        187081.754   165 374493.507   374519.237   375440.358
1111  FLU+R8        187057.352   167 374448.703   374475.084   375407.031
1119  FLU+I+R7      187076.963   166 374485.925   374511.980   375438.514
1120  FLU+I+R8      187055.339   168 374446.677   374473.387   375410.743
1132  FLU+F+R7      181661.008   184 363690.016   363722.281   364745.898
1133  FLU+F+R8      181638.460   186 363648.919   363681.919   364716.278
1141  FLU+F+I+R7    181656.247   185 363682.494   363715.126   364744.114
1142  FLU+F+I+R8    181636.891   187 363647.782   363681.152   364720.879
1154  RTREV+R7      186384.031   165 373098.061   373123.792   374044.912
1155  RTREV+R8      186373.744   167 373081.488   373107.868   374039.815
1163  RTREV+I+R7    186374.256   166 373080.513   373106.567   374033.102
1164  RTREV+I+R8    186373.463   168 373082.925   373109.635   374046.991
1176  RTREV+F+R7    178202.746   184 356773.491   356805.757   357829.373
1177  RTREV+F+R8    178184.879   186 356741.758   356774.758   357809.117
1185  RTREV+F+I+R7  178202.059   185 356774.117   356806.749   357835.738
1186  RTREV+F+I+R8  178181.893   187 356737.786   356771.157   357810.883
1198  CPREV+R7      183874.339   165 368078.678   368104.409   369025.529
1199  CPREV+R8      183864.135   167 368062.270   368088.650   369020.597
1207  CPREV+I+R7    183870.675   166 368073.350   368099.405   369025.939
1208  CPREV+I+R8    183860.643   168 368057.287   368083.996   369021.353
1220  CPREV+F+R7    178385.613   184 357139.225   357171.491   358195.107
1221  CPREV+F+R8    178374.789   186 357121.578   357154.578   358188.937
1229  CPREV+F+I+R7  178383.560   185 357137.119   357169.751   358198.739
1230  CPREV+F+I+R8  178372.768   187 357119.535   357152.906   358192.632
Akaike Information Criterion:           MTZOA+F+I+R8
Corrected Akaike Information Criterion: MTZOA+F+I+R8
Bayesian Information Criterion:         MTZOA+F+R8
Best-fit model: MTZOA+F+R8 chosen according to BIC

All model information printed to training_data/prot_M4318_78_2295.phy/output_files/iqtree/inference/pars_0.model.gz
CPU time for ModelFinder: 67443.960 seconds (18h:44m:3s)
Wall-clock time for ModelFinder: 18468.623 seconds (5h:7m:48s)

NOTE: 213 MB RAM (0 GB) is required!
Estimate model parameters (epsilon = 0.010)
1. Initial log-likelihood: -175586.983
2. Current log-likelihood: -175475.030
3. Current log-likelihood: -175470.640
4. Current log-likelihood: -175469.336
5. Current log-likelihood: -175468.746
6. Current log-likelihood: -175468.478
7. Current log-likelihood: -175468.348
8. Current log-likelihood: -175468.282
9. Current log-likelihood: -175468.228
10. Current log-likelihood: -175468.177
11. Current log-likelihood: -175468.133
12. Current log-likelihood: -175468.096
13. Current log-likelihood: -175468.064
14. Current log-likelihood: -175468.043
15. Current log-likelihood: -175468.022
16. Current log-likelihood: -175468.001
17. Current log-likelihood: -175467.981
18. Current log-likelihood: -175467.960
19. Current log-likelihood: -175467.940
20. Current log-likelihood: -175467.920
21. Current log-likelihood: -175467.910
22. Current log-likelihood: -175467.890
23. Current log-likelihood: -175467.871
24. Current log-likelihood: -175467.853
Optimal log-likelihood: -175467.837
Site proportion and rates:  (0.104,0.017) (0.139,0.104) (0.145,0.285) (0.196,0.584) (0.192,1.105) (0.154,2.004) (0.053,3.753) (0.016,6.737)
Parameters optimization took 24 rounds (260.101 sec)
Wrote distance file to... 
BEST SCORE FOUND : -175467.837
Total tree length: 40.293

Total number of iterations: 0
CPU time used for tree search: 0.000 sec (0h:0m:0s)
Wall-clock time used for tree search: 0.000 sec (0h:0m:0s)
Total CPU time used: 68372.447 sec (18h:59m:32s)
Total wall-clock time used: 18729.053 sec (5h:12m:9s)

Analysis results written to: 
  IQ-TREE report:                training_data/prot_M4318_78_2295.phy/output_files/iqtree/inference/pars_0.iqtree
  Maximum-likelihood tree:       training_data/prot_M4318_78_2295.phy/output_files/iqtree/inference/pars_0.treefile
  Screen log file:               training_data/prot_M4318_78_2295.phy/output_files/iqtree/inference/pars_0.log

Date and Time: Fri Oct 17 06:43:38 2025
ee/inference/pars_0.log

Date and Time: Fri Oct 17 06:43:38 2025
