IQ-TREE version 3.0.1 for Linux x86 64-bit built Sep 23 2025
Developed by Bui Quang Minh, Thomas Wong, Nhan Ly-Trong, Huaiyan Ren
Contributed by Lam-Tung Nguyen, Dominik Schrempf, Chris Bielow,
Olga Chernomor, Michael Woodhams, Diep Thi Hoang, Heiko Schmidt

Host:    cnode04.hpc.vast.vn (AVX512, FMA3, 125 GB RAM)
Command: /datausers/ioit/thaontp/tranthanhvan235/iqtree3/build/iqtree3 -s /datausers/ioit/thaontp/tranthanhvan235/data_treebase/VAN_TRAINING_DATA/dna_M4794_204_12113.phy -pre training_data/dna_M4794_204_12113.phy/output_files/iqtree/inference/pars_8 -seed 8 -ninit 1 -T 1 -redo -n 0 -nt AUTO
Seed:    8 (Using SPRNG - Scalable Parallel Random Number Generator)
Time:    Wed Sep 24 18:34:51 2025
Kernel:  AVX+FMA - auto-detect threads (56 CPU cores detected)

Reading alignment file /datausers/ioit/thaontp/tranthanhvan235/data_treebase/VAN_TRAINING_DATA/dna_M4794_204_12113.phy ... Phylip format detected
Alignment most likely contains DNA/RNA sequences
Constructing alignment: done in 0.0971341 secs using 819.8% CPU
Alignment has 204 sequences with 12113 columns, 5593 distinct patterns
4827 parsimony-informative, 1826 singleton sites, 5460 constant sites
                                                  Gap/Ambiguity  Composition  p-value
Analyzing sequences: done in 0.0411011 secs using 2598% CPU
   1  Batcheloromyces_leucadendri                        38.76%    failed      0.00%
   2  Batcheloromyces_proteae                            38.31%    failed      0.00%
   3  Capnobotryella_renispora_CBS_214.90                54.68%    passed     49.49%
   4  Capnobotryella_renispora_CBS_215.90                54.67%    passed     51.39%
   5  Capnodium_coffeae                                  54.55%    passed     93.19%
   6  Catenulostroma_chromoblastomycosum                 54.22%    passed     60.34%
   7  Catenulostroma_elginense                           54.71%    passed     90.14%
   8  Catenulostroma_germanicum                          54.42%    passed     97.65%
   9  Catenulostroma_microsporum                         54.78%    passed     99.34%
  10  Cercospora_apii                                    48.69%    passed     55.07%
  11  Cercospora_beticola                                54.78%    passed     77.62%
  12  Cercospora_capsici                                 48.39%    passed     46.72%
  13  Cercospora_janseana                                51.77%    passed     97.45%
  14  Cercospora_sojina                                  54.35%    passed     69.17%
  15  Cercospora_zebrinae_CBS_112893                     54.65%    passed     77.68%
  16  Cercospora_zebrinae_CBS_118789                     54.29%    passed     72.53%
  17  Cercospora_zebrinae_CBS_118790                     54.74%    passed     81.41%
  18  Cercosporella_virgaureae                           54.78%    passed     99.57%
  19  Cladosporium_bruhnei_CBS_115683                    54.07%    passed      8.51%
  20  Cladosporium_bruhnei_CBS_188.54                    54.44%    passed     11.54%
  21  Cladosporium_cladosporioides_CBS_109.21            54.43%    passed      6.07%
  22  Cladosporium_cladosporioides_CBS_401.80            54.43%    passed     10.06%
  23  Cladosporium_uredinicola                           54.44%    passed      8.85%
  24  Davidiella_tassiana                                54.60%    passed     12.04%
  25  Devriesia_staurophora                              52.22%    passed     87.16%
  26  Dissoconium_aciculare_CBS_201.89                   54.45%    passed     87.28%
  27  Dissoconium_aciculare_CBS_204.89                   54.40%    passed     88.61%
  28  Dissoconium_aciculare_CBS_342.82                   54.41%    passed     89.04%
  29  Dissoconium_commune_CBS_110747                     54.45%    passed     97.79%
  30  Dissoconium_commune_CBS_114238                     54.51%    passed     98.56%
  31  Dissoconium_commune_CBS_114239                     54.26%    passed     96.72%
  32  Dissoconium_dekkeri_CBS_110748                     54.57%    passed     99.83%
  33  Dissoconium_dekkeri_CBS_111169                     54.40%    passed     99.64%
  34  Dissoconium_dekkeri_CBS_111272                     54.40%    passed     99.68%
  35  Dissoconium_dekkeri_CBS_111282                     54.59%    passed     99.80%
  36  Dissoconium_dekkeri_CBS_567.89                     54.47%    passed     99.63%
  37  Dothistroma_pini                                   54.53%    passed     52.51%
  38  Dothistroma_septosporum                            54.78%    passed     56.14%
  39  Graphiopsis_chlorocephala                          54.02%    passed     92.01%
  40  Lecanosticta_acicola                               54.45%    passed     97.14%
  41  Leptoxyphium_fumago                                59.09%    passed     66.81%
  42  Magnaporthe_grisea                                 54.09%    passed     99.77%
  43  Miuraea_persicae                                   49.87%    passed     83.63%
  44  Mycosphaerella_acaciigena_CBS_112515               54.78%    passed     83.04%
  45  Mycosphaerella_acaciigena_CBS_112516               54.89%    passed     88.07%
  46  Mycosphaerella_africana                            54.80%    passed     54.21%
  47  Mycosphaerella_ellipsoidea                         54.80%    passed     56.78%
  48  Mycosphaerella_endophytica                         52.82%    passed     92.08%
  49  Mycosphaerella_graminicola_CBS_100335              54.65%    passed     93.80%
  50  Mycosphaerella_graminicola_CBS_110744              54.54%    passed     95.42%
  51  Mycosphaerella_graminicola_CBS_115943              54.56%    passed     95.77%
  52  Mycosphaerella_handelii                            54.81%    passed     97.41%
  53  Mycosphaerella_heimii                              54.85%    passed     85.14%
  54  Mycosphaerella_heimioides                          54.94%    passed     83.14%
  55  Mycosphaerella_holualoana                          54.75%    passed     84.35%
  56  Mycosphaerella_irregulariramosa                    54.87%    passed     90.84%
  57  Mycosphaerella_keniensis                           54.77%    passed     67.18%
  58  Mycosphaerella_latebrosa_CBS_652.85                26.43%    failed      3.38%
  59  Mycosphaerella_latebrosa_CBS_687.94                22.95%    failed      0.71%
  60  Mycosphaerella_lupini                              54.69%    passed     75.29%
  61  Mycosphaerella_marasasii                           54.57%    passed     90.41%
  62  Mycosphaerella_marksii_CBS_110942                  51.58%    passed     80.80%
  63  Mycosphaerella_marksii_CPC_11222                   51.97%    passed     62.34%
  64  Mycosphaerella_parkii                              54.78%    passed     98.65%
  65  Mycosphaerella_pyri_CBS_222.31                     48.79%    passed     96.54%
  66  Mycosphaerella_sp._CBS_111166                      54.45%    passed     75.30%
  67  Mycosphaerella_sp._CBS_111167                      54.78%    passed     74.11%
  68  Mycosphaerella_stromatosa                          53.93%    passed     86.41%
  69  Mycosphaerella_tasmaniensis                        54.69%    passed     83.80%
  70  Neofusicoccum_australe                             54.12%    passed     81.85%
  71  Passalora_bellynckii                               51.23%    passed     56.96%
  72  Passalora_brachycarpa                              54.81%    passed     65.12%
  73  Passalora_dioscoreae                               54.75%    passed     96.67%
  74  Passalora_dodonaeae                                48.56%    passed     71.30%
  75  Passalora_eucalypti                                54.78%    passed     36.23%
  76  Passalora_fulva                                    54.69%    passed     57.28%
  77  Passalora_graminis                                 54.73%    passed     96.41%
  78  Passalora_perplexa                                 54.74%    passed     59.81%
  79  Passalora_sequoiae                                 54.79%    passed     67.08%
  80  Passalora_sp._CPC_12319                            54.44%    passed     68.26%
  81  Passalora_sp._CPC_3951                             54.69%    passed     56.22%
  82  Passalora_vaginae                                  54.35%    passed     86.81%
  83  Passalora_zambiae_CBS_112970                       54.35%    passed     95.94%
  84  Passalora_zambiae_CBS_112971                       54.67%    passed     90.93%
  85  Passalora-like_genus                               49.67%    passed     33.16%
  86  Penidiella_columbiana                              54.36%    passed     99.47%
  87  Phacellium_paspali                                 52.16%    passed     94.46%
  88  Phaeophleospora_eugeniicola_CPC_2557               46.96%    passed     91.19%
  89  Phaeophleospora_eugeniicola_CPC_2558               31.64%    passed     55.74%
  90  Phloeospora_maculans                               54.86%    passed     98.23%
  91  Pseudocercospora_angolensis_CBS_112933             51.65%    passed     81.37%
  92  Pseudocercospora_angolensis_CBS_149.53             51.51%    passed     83.38%
  93  Pseudocercospora_atromarginalis                    54.73%    passed     41.25%
  94  Pseudocercospora_bixae                             54.72%    passed     39.85%
  95  Pseudocercospora_chengtuensis                      54.72%    passed     43.80%
  96  Pseudocercospora_cordiana                          54.50%    passed     32.32%
  97  Pseudocercospora_cruenta_CBS_462.75                54.61%    passed     40.86%
  98  Pseudocercospora_cruenta_CPC_10846                 54.71%    passed     46.29%
  99  Pseudocercospora_eucommiae                         54.65%    passed     56.21%
 100  Pseudocercospora_fijiensis                         54.83%    passed     47.14%
 101  Pseudocercospora_fuligena                          54.34%    passed     35.50%
 102  Pseudocercospora_griseola_f._griseola_CBS_194.47   54.26%    passed     76.22%
 103  Pseudocercospora_griseola_f._griseola_CBS_880.72   54.27%    passed     77.32%
 104  Pseudocercospora_humuli                            54.81%    passed     49.91%
 105  Pseudocercospora_kaki                              54.78%    passed     43.26%
 106  Pseudocercospora_luzardii                          54.65%    passed     44.91%
 107  Pseudocercospora_macrospora                        54.59%    passed     38.48%
 108  Pseudocercospora_ocimicola                         54.77%    passed     94.52%
 109  Pseudocercospora_opuntiae                          54.45%    passed     46.89%
 110  Pseudocercospora_pallida                           54.75%    passed     50.73%
 111  Pseudocercospora_paraguayensis                     54.81%    passed     48.89%
 112  Pseudocercospora_platani                           48.60%    passed     92.81%
 113  Pseudocercospora_protearum_var._leucadendri        54.64%    passed     47.97%
 114  Pseudocercospora_pseudoeucalyptorum                54.79%    passed     40.32%
 115  Pseudocercospora_punctata_CBS_113315               42.81%    passed     40.05%
 116  Pseudocercospora_punctata_CPC_10532                42.40%    passed     31.96%
 117  Pseudocercospora_sp.                               54.31%    passed     99.69%
 118  Pseudocercospora_sphaerulinae                      54.69%    passed     30.08%
 119  Pseudocercospora_vitis                             54.75%    passed     53.19%
 120  Pseudocercospora-like_genus                        54.77%    passed     75.98%
 121  Pseudocercosporella_capsellae                      54.74%    passed     99.82%
 122  Pseudocercosporella_fraxini                        54.83%    passed     94.45%
 123  Pseudocercosporella_sp._CBS_112737                 54.73%    passed     67.20%
 124  Pseudocercosporella_sp._CPC_10050                  54.78%    passed     78.77%
 125  Pseudocercosporella_sp._CPC_11414                  54.77%    passed     90.86%
 126  Pseudocercosporella_sp._CPC_4008                   54.73%    passed     67.57%
 127  Pseudotaeniolina_globosa                           54.45%    passed     96.99%
 128  Ramichloridium_apiculatum                          54.64%    passed     93.85%
 129  Ramichloridium_cerophilum                          54.29%    passed     93.31%
 130  Ramichloridium_musae                               54.55%    passed     90.94%
 131  Ramichloridium-like_genus                          54.73%    passed     91.30%
 132  Ramularia_acroptili                                54.83%    passed     72.57%
 133  Ramularia_alangiicola                              54.78%    passed     56.31%
 134  Ramularia_brunnea                                  54.92%    passed     50.90%
 135  Ramularia_coleosporii                              51.12%    passed     44.09%
 136  Ramularia_endophylla                               54.70%    passed     26.09%
 137  Ramularia_grevilleana                              50.19%    passed     75.32%
 138  Ramularia_nagornyi                                 54.85%    passed     76.24%
 139  Ramularia_pratensis_var._pratensis                 54.83%    passed     49.33%
 140  Ramularia_rufomaculans                             54.69%    passed     84.20%
 141  Ramularia_sp._CBS_324.87                           54.68%    passed     18.73%
 142  Ramularia_sp._CPC_11297                            54.78%    passed     67.65%
 143  Ramularia_uredinicola                              54.64%    passed     40.13%
 144  Ramulispora_sorghi_CBS_110578                      54.59%    passed     95.46%
 145  Readeriella_dimorphospora                          54.78%    passed     96.04%
 146  Readeriella_mirabilis                              54.72%    passed     91.67%
 147  Schizothyrium_pomi_CBS_228.57                      54.64%    passed     86.13%
 148  Schizothyrium_pomi_CBS_406.61                      54.34%    passed     89.80%
 149  Schizothyrium_pomi_CBS_486.50                      54.35%    passed     88.60%
 150  Scorias_spongiosa                                  54.53%    passed     96.63%
 151  Septoria_apiicola                                  48.44%    passed     89.94%
 152  Septoria_convolvuli                                54.78%    passed     59.85%
 153  Septoria_cucubali                                  54.81%    passed     61.95%
 154  Septoria_dysentericae                              54.28%    passed     53.49%
 155  Septoria_lactucae                                  54.83%    passed     93.72%
 156  Septoria_leucanthemi                               54.69%    passed     56.90%
 157  Septoria_obesa                                     41.93%    passed     86.28%
 158  Septoria_protearum                                 54.75%    passed     62.90%
 159  Septoria_quercicola                                32.90%    failed      0.00%
 160  Septoria_rosae                                     50.59%    passed     73.30%
 161  Septoria_senecionis                                54.78%    passed     59.54%
 162  Septoria-like_genus                                54.87%    passed     99.50%
 163  Sonderhenia_eucalypticola                          42.83%    failed      0.40%
 164  Staninwardia_suttonii                              54.73%    passed     49.03%
 165  Stenella_anthuriicola                              54.32%    passed     98.29%
 166  Stenella_araguata                                  54.52%    passed     94.79%
 167  Stigmina_synanamorf                                51.24%    passed     99.21%
 168  Stomiopeltis_betulae                               54.26%    passed     29.53%
 169  Teratosphaeria_aff._nubilosa_CBS_114419            48.70%    passed     26.13%
 170  Teratosphaeria_aff._nubilosa_CBS_116283            48.73%    passed     28.40%
 171  Teratosphaeria_alcornii                            54.52%    passed     88.74%
 172  Teratosphaeria_bellula                             54.87%    passed     88.78%
 173  Teratosphaeria_cryptica                            54.83%    passed     84.88%
 174  Teratosphaeria_destructans_CBS_111369              54.76%    passed     14.57%
 175  Teratosphaeria_destructans_CBS_111370              54.46%    passed     16.41%
 176  Teratosphaeria_fibrillosa                          54.88%    passed     46.51%
 177  Teratosphaeria_juvenalis_CBS_110906                41.27%    failed      0.00%
 178  Teratosphaeria_juvenalis_CBS_111149                41.25%    failed      0.00%
 179  Teratosphaeria_macowanii_CBS_110756                44.04%    failed      1.51%
 180  Teratosphaeria_macowanii_CBS_111029                43.94%    failed      1.42%
 181  Teratosphaeria_mexicana_CBS_110502                 32.87%    failed      0.01%
 182  Teratosphaeria_mexicana_CPC_12349                  31.74%    failed      0.00%
 183  Teratosphaeria_molleriana_CBS_111164               54.79%    passed     89.80%
 184  Teratosphaeria_molleriana_CBS_116370               54.67%    passed     87.50%
 185  Teratosphaeria_molleriana_CPC_4577                 54.37%    passed     99.24%
 186  Teratosphaeria_nubilosa_CBS_115669                 48.71%    passed     27.95%
 187  Teratosphaeria_nubilosa_CBS_116005                 48.91%    passed     25.38%
 188  Teratosphaeria_ohnowa_CBS_112896                   44.54%    failed      0.33%
 189  Teratosphaeria_ohnowa_CBS_112973                   44.25%    failed      0.54%
 190  Teratosphaeria_pseudosuberosa                      49.00%    passed     12.20%
 191  Teratosphaeria_secundaria                          54.80%    passed     99.72%
 192  Teratosphaeria_sp.                                 46.99%    passed     31.20%
 193  Teratosphaeria_stellenboschiana                    54.87%    passed     82.13%
 194  Teratosphaeria_suberosa                            46.92%    failed      1.26%
 195  Teratosphaeria_suttonii_CPC_11279                  53.18%    failed      2.82%
 196  Teratosphaeria_suttonii_CPC_12352                  53.13%    passed      6.54%
 197  Teratosphaeria_toledana_CBS_113313                 54.77%    passed     41.79%
 198  Teratosphaeria_toledana_CBS_115513                 54.88%    passed     38.90%
 199  Teratosphaeria_verrucosa                           54.73%    passed     49.18%
 200  Thedgonia-like_genus                               50.85%    passed     76.69%
 201  Toxicocladosporium_irritans                        54.55%    passed     82.43%
 202  Verrucisporota_daviesiae                           54.83%    passed     99.77%
 203  Verrucisporota_proteacearum                        54.97%    passed     94.90%
 204  Zasmidium_citri                                    54.81%    passed     96.19%
WARNING: 170 sequences contain more than 50% gaps/ambiguity
****  TOTAL                                              52.47%  16 sequences failed composition chi2 test (p-value<5%; df=3)
Checking for duplicate sequences: done in 0.0295761 secs using 2509% CPU


Create initial parsimony tree by phylogenetic likelihood library (PLL)... 0.492 seconds
Measuring multi-threading efficiency up to 56 CPU cores
Increase to 10 rounds for branch lengths
9 trees examined
Threads: 1 / Time: 57.827 sec / Speedup: 1.000 / Efficiency: 100% / LogL: -234750
Threads: 2 / Time: 40.483 sec / Speedup: 1.428 / Efficiency: 71% / LogL: -234750
Threads: 3 / Time: 29.064 sec / Speedup: 1.990 / Efficiency: 66% / LogL: -234750
Threads: 4 / Time: 24.662 sec / Speedup: 2.345 / Efficiency: 59% / LogL: -234750
Threads: 5 / Time: 15.405 sec / Speedup: 3.754 / Efficiency: 75% / LogL: -234750
Threads: 6 / Time: 20.242 sec / Speedup: 2.857 / Efficiency: 48% / LogL: -234750
Determining AUTO threadcount: done in 187.693 secs using 263.8% CPU
BEST NUMBER OF THREADS: 5

Perform fast likelihood tree search using GTR+I+G model...
Estimate model parameters (epsilon = 5.000)
Perform nearest neighbor interchange...
Estimate model parameters (epsilon = 1.000)
1. Initial log-likelihood: -147651.143
Optimal log-likelihood: -147650.503
Rate parameters:  A-C: 1.05646  A-G: 1.42631  A-T: 0.94669  C-G: 1.57117  C-T: 2.62612  G-T: 1.00000
Base frequencies:  A: 0.250  C: 0.231  G: 0.283  T: 0.237
Proportion of invariable sites: 0.329
Gamma shape alpha: 0.388
Parameters optimization took 1 rounds (0.873 sec)
Time for fast ML tree search: 12.668 seconds

NOTE: ModelFinder requires 370 MB RAM!
ModelFinder will test up to 968 DNA models (sample size: 12113 epsilon: 0.100) ...
 No. Model         -LnL         df  AIC          AICc         BIC
  1  JC            193802.959   405 388415.917   388444.008   391413.741
  2  JC+I          167517.654   406 335847.308   335875.540   338852.534
  3  JC+G4         149696.082   406 300204.163   300232.395   303209.389
  4  JC+I+G4       148561.840   407 297937.681   297966.054   300950.309
  5  JC+R2         152709.190   407 306232.381   306260.754   309245.009
  6  JC+R3         149152.222   409 299122.445   299151.103   302149.877
  7  JC+R4         148549.556   411 297921.113   297950.056   300963.349
  8  JC+R5         148205.563   413 297237.126   297266.356   300294.166
  9  JC+R6         147607.398   415 296044.797   296074.315   299116.641
 10  JC+R7         147530.701   417 295895.402   295925.211   298982.050
 11  JC+R8         147491.356   419 295820.713   295850.813   298922.165
 12  JC+R9         147489.492   421 295820.983   295851.376   298937.240
 14  JC+I+R2       149634.108   408 300084.216   300112.731   303104.246
 15  JC+I+R3       148323.986   410 297467.972   297496.772   300502.806
 16  JC+I+R4       147915.756   412 296655.512   296684.598   299705.150
 17  JC+I+R5       147744.166   414 296316.333   296345.707   299380.775
 18  JC+I+R6       147641.850   416 296115.700   296145.364   299194.947
 19  JC+I+R7       147564.409   418 295964.818   295994.772   299058.868
 20  JC+I+R8       147506.060   420 295852.120   295882.366   298960.975
 21  JC+I+R9       147496.660   422 295837.320   295867.859   298960.978
 33  JC+R8         147491.356   419 295820.713   295850.813   298922.165
 55  F81+R8        147490.181   419 295818.361   295848.461   298919.814
 77  F81+F+R8      147454.176   422 295752.352   295782.892   298876.011
 99  K2P+R8        146997.430   420 294834.861   294865.107   297943.715
121  K2P+R8        146997.430   420 294834.861   294865.107   297943.715
143  HKY+R8        146997.299   420 294834.598   294864.844   297943.452
165  HKY+F+R8      146909.800   423 294665.599   294696.286   297796.660
187  TNe+R8        146861.954   421 294565.907   294596.300   297682.164
209  TNe+R8        146861.954   421 294565.907   294596.300   297682.164
231  TN+R8         146861.821   421 294565.642   294596.035   297681.898
253  TN+F+R8       146667.323   424 294182.647   294213.482   297321.109
275  K3P+R8        146950.241   421 294742.482   294772.875   297858.739
297  K3P+R8        146950.241   421 294742.482   294772.875   297858.739
319  K3Pu+R8       146950.112   421 294742.224   294772.617   297858.480
341  K3Pu+F+R8     146870.580   424 294589.160   294619.995   297727.623
363  TPM2+R8       146917.264   421 294676.529   294706.922   297792.785
385  TPM2+R8       146917.264   421 294676.529   294706.922   297792.785
407  TPM2u+R8      146917.142   421 294676.284   294706.677   297792.541
429  TPM2u+F+R8    146868.146   424 294584.292   294615.127   297722.754
451  TPM3+R8       146944.273   421 294730.546   294760.939   297846.803
473  TPM3+R8       146944.273   421 294730.546   294760.939   297846.803
495  TPM3u+R8      146944.165   421 294730.330   294760.723   297846.587
517  TPM3u+F+R8    146863.183   424 294574.366   294605.201   297712.829
539  TIMe+R8       146814.375   422 294472.749   294503.289   297596.408
561  TIMe+R8       146814.375   422 294472.749   294503.289   297596.408
583  TIM+R8        146814.260   422 294472.519   294503.059   297596.178
605  TIM+F+R8      146628.355   425 294106.710   294137.694   297252.575
627  TIM2e+R8      146780.588   422 294405.175   294435.715   297528.834
649  TIM2e+R8      146780.588   422 294405.175   294435.715   297528.834
671  TIM2+R8       146780.499   422 294404.998   294435.538   297528.657
693  TIM2+F+R8     146624.299   425 294098.599   294129.582   297244.464
715  TIM3e+R8      146809.425   422 294462.851   294493.391   297586.509
737  TIM3e+R8      146809.425   422 294462.851   294493.391   297586.509
759  TIM3+R8       146809.348   422 294462.696   294493.236   297586.355
781  TIM3+F+R8     146621.659   425 294093.318   294124.301   297239.183
803  TVMe+R8       146834.507   423 294515.013   294545.701   297646.074
825  TVMe+R8       146834.507   423 294515.013   294545.701   297646.074
847  TVM+R8        146834.431   423 294514.863   294545.550   297645.923
869  TVM+F+R8      146798.480   426 294448.959   294480.091   297602.226
891  SYM+R8        146700.260   424 294248.521   294279.356   297386.983
913  SYM+R8        146700.260   424 294248.521   294279.356   297386.983
935  GTR+R8        146700.195   424 294248.391   294279.226   297386.853
957  GTR+F+R8      146555.294   427 293964.588   293995.869   297125.257
Akaike Information Criterion:           GTR+F+R8
Corrected Akaike Information Criterion: GTR+F+R8
Bayesian Information Criterion:         GTR+F+R8
Best-fit model: GTR+F+R8 chosen according to BIC

All model information printed to training_data/dna_M4794_204_12113.phy/output_files/iqtree/inference/pars_8.model.gz
CPU time for ModelFinder: 9898.384 seconds (2h:44m:58s)
Wall-clock time for ModelFinder: 2205.788 seconds (0h:36m:45s)

NOTE: 296 MB RAM (0 GB) is required!
Estimate model parameters (epsilon = 0.010)
1. Initial log-likelihood: -146555.294
2. Current log-likelihood: -146555.223
3. Current log-likelihood: -146555.147
4. Current log-likelihood: -146555.073
5. Current log-likelihood: -146555.003
6. Current log-likelihood: -146554.942
7. Current log-likelihood: -146554.884
8. Current log-likelihood: -146554.829
9. Current log-likelihood: -146554.777
10. Current log-likelihood: -146554.726
11. Current log-likelihood: -146554.673
12. Current log-likelihood: -146554.627
13. Current log-likelihood: -146554.577
14. Current log-likelihood: -146554.534
15. Current log-likelihood: -146554.493
16. Current log-likelihood: -146554.452
17. Current log-likelihood: -146554.414
18. Current log-likelihood: -146554.376
19. Current log-likelihood: -146554.338
20. Current log-likelihood: -146554.316
21. Current log-likelihood: -146554.280
22. Current log-likelihood: -146554.246
23. Current log-likelihood: -146554.225
24. Current log-likelihood: -146554.201
25. Current log-likelihood: -146554.182
26. Current log-likelihood: -146554.148
27. Current log-likelihood: -146554.117
28. Current log-likelihood: -146554.098
29. Current log-likelihood: -146554.080
30. Current log-likelihood: -146554.061
31. Current log-likelihood: -146554.040
32. Current log-likelihood: -146554.022
33. Current log-likelihood: -146554.005
34. Current log-likelihood: -146553.987
35. Current log-likelihood: -146553.970
36. Current log-likelihood: -146553.953
37. Current log-likelihood: -146553.933
38. Current log-likelihood: -146553.917
39. Current log-likelihood: -146553.900
40. Current log-likelihood: -146553.884
41. Current log-likelihood: -146553.869
42. Current log-likelihood: -146553.853
43. Current log-likelihood: -146553.837
44. Current log-likelihood: -146553.823
45. Current log-likelihood: -146553.807
46. Current log-likelihood: -146553.793
47. Current log-likelihood: -146553.779
48. Current log-likelihood: -146553.764
49. Current log-likelihood: -146553.751
50. Current log-likelihood: -146553.737
51. Current log-likelihood: -146553.724
52. Current log-likelihood: -146553.711
53. Current log-likelihood: -146553.698
54. Current log-likelihood: -146553.685
55. Current log-likelihood: -146553.672
56. Current log-likelihood: -146553.659
57. Current log-likelihood: -146553.646
58. Current log-likelihood: -146553.634
Optimal log-likelihood: -146553.620
Rate parameters:  A-C: 1.03234  A-G: 1.42619  A-T: 0.98654  C-G: 1.52766  C-T: 2.70200  G-T: 1.00000
Base frequencies:  A: 0.250  C: 0.231  G: 0.283  T: 0.237
Site proportion and rates:  (0.402,0.002) (0.070,0.026) (0.033,0.089) (0.022,0.188) (0.018,0.425) (0.049,0.808) (0.141,1.306) (0.264,2.872)
Parameters optimization took 58 rounds (171.309 sec)
Wrote distance file to... 
BEST SCORE FOUND : -146553.620
Total tree length: 77.674

Total number of iterations: 0
CPU time used for tree search: 0.000 sec (0h:0m:0s)
Wall-clock time used for tree search: 0.000 sec (0h:0m:0s)
Total CPU time used: 10695.132 sec (2h:58m:15s)
Total wall-clock time used: 2377.211 sec (0h:39m:37s)

Analysis results written to: 
  IQ-TREE report:                training_data/dna_M4794_204_12113.phy/output_files/iqtree/inference/pars_8.iqtree
  Maximum-likelihood tree:       training_data/dna_M4794_204_12113.phy/output_files/iqtree/inference/pars_8.treefile
  Screen log file:               training_data/dna_M4794_204_12113.phy/output_files/iqtree/inference/pars_8.log

Date and Time: Wed Sep 24 19:14:29 2025
ee/inference/pars_8.log

Date and Time: Wed Sep 24 19:14:29 2025
