IQ-TREE version 3.0.1 for Linux x86 64-bit built Sep 23 2025
Developed by Bui Quang Minh, Thomas Wong, Nhan Ly-Trong, Huaiyan Ren
Contributed by Lam-Tung Nguyen, Dominik Schrempf, Chris Bielow,
Olga Chernomor, Michael Woodhams, Diep Thi Hoang, Heiko Schmidt

Host:    cnode04.hpc.vast.vn (AVX512, FMA3, 125 GB RAM)
Command: /datausers/ioit/thaontp/tranthanhvan235/iqtree3/build/iqtree3 -s /datausers/ioit/thaontp/tranthanhvan235/data_treebase/VAN_TRAINING_DATA/dna_M4794_204_12113.phy -pre training_data/dna_M4794_204_12113.phy/output_files/iqtree/inference/pars_3 -seed 3 -ninit 1 -T 1 -redo -n 0 -nt AUTO
Seed:    3 (Using SPRNG - Scalable Parallel Random Number Generator)
Time:    Thu Sep 25 14:39:12 2025
Kernel:  AVX+FMA - auto-detect threads (56 CPU cores detected)

Reading alignment file /datausers/ioit/thaontp/tranthanhvan235/data_treebase/VAN_TRAINING_DATA/dna_M4794_204_12113.phy ... Phylip format detected
Alignment most likely contains DNA/RNA sequences
Constructing alignment: done in 0.100153 secs using 444.7% CPU
Alignment has 204 sequences with 12113 columns, 5593 distinct patterns
4827 parsimony-informative, 1826 singleton sites, 5460 constant sites
                                                  Gap/Ambiguity  Composition  p-value
Analyzing sequences: done in 0.0749034 secs using 1837% CPU
   1  Batcheloromyces_leucadendri                        38.76%    failed      0.00%
   2  Batcheloromyces_proteae                            38.31%    failed      0.00%
   3  Capnobotryella_renispora_CBS_214.90                54.68%    passed     49.49%
   4  Capnobotryella_renispora_CBS_215.90                54.67%    passed     51.39%
   5  Capnodium_coffeae                                  54.55%    passed     93.19%
   6  Catenulostroma_chromoblastomycosum                 54.22%    passed     60.34%
   7  Catenulostroma_elginense                           54.71%    passed     90.14%
   8  Catenulostroma_germanicum                          54.42%    passed     97.65%
   9  Catenulostroma_microsporum                         54.78%    passed     99.34%
  10  Cercospora_apii                                    48.69%    passed     55.07%
  11  Cercospora_beticola                                54.78%    passed     77.62%
  12  Cercospora_capsici                                 48.39%    passed     46.72%
  13  Cercospora_janseana                                51.77%    passed     97.45%
  14  Cercospora_sojina                                  54.35%    passed     69.17%
  15  Cercospora_zebrinae_CBS_112893                     54.65%    passed     77.68%
  16  Cercospora_zebrinae_CBS_118789                     54.29%    passed     72.53%
  17  Cercospora_zebrinae_CBS_118790                     54.74%    passed     81.41%
  18  Cercosporella_virgaureae                           54.78%    passed     99.57%
  19  Cladosporium_bruhnei_CBS_115683                    54.07%    passed      8.51%
  20  Cladosporium_bruhnei_CBS_188.54                    54.44%    passed     11.54%
  21  Cladosporium_cladosporioides_CBS_109.21            54.43%    passed      6.07%
  22  Cladosporium_cladosporioides_CBS_401.80            54.43%    passed     10.06%
  23  Cladosporium_uredinicola                           54.44%    passed      8.85%
  24  Davidiella_tassiana                                54.60%    passed     12.04%
  25  Devriesia_staurophora                              52.22%    passed     87.16%
  26  Dissoconium_aciculare_CBS_201.89                   54.45%    passed     87.28%
  27  Dissoconium_aciculare_CBS_204.89                   54.40%    passed     88.61%
  28  Dissoconium_aciculare_CBS_342.82                   54.41%    passed     89.04%
  29  Dissoconium_commune_CBS_110747                     54.45%    passed     97.79%
  30  Dissoconium_commune_CBS_114238                     54.51%    passed     98.56%
  31  Dissoconium_commune_CBS_114239                     54.26%    passed     96.72%
  32  Dissoconium_dekkeri_CBS_110748                     54.57%    passed     99.83%
  33  Dissoconium_dekkeri_CBS_111169                     54.40%    passed     99.64%
  34  Dissoconium_dekkeri_CBS_111272                     54.40%    passed     99.68%
  35  Dissoconium_dekkeri_CBS_111282                     54.59%    passed     99.80%
  36  Dissoconium_dekkeri_CBS_567.89                     54.47%    passed     99.63%
  37  Dothistroma_pini                                   54.53%    passed     52.51%
  38  Dothistroma_septosporum                            54.78%    passed     56.14%
  39  Graphiopsis_chlorocephala                          54.02%    passed     92.01%
  40  Lecanosticta_acicola                               54.45%    passed     97.14%
  41  Leptoxyphium_fumago                                59.09%    passed     66.81%
  42  Magnaporthe_grisea                                 54.09%    passed     99.77%
  43  Miuraea_persicae                                   49.87%    passed     83.63%
  44  Mycosphaerella_acaciigena_CBS_112515               54.78%    passed     83.04%
  45  Mycosphaerella_acaciigena_CBS_112516               54.89%    passed     88.07%
  46  Mycosphaerella_africana                            54.80%    passed     54.21%
  47  Mycosphaerella_ellipsoidea                         54.80%    passed     56.78%
  48  Mycosphaerella_endophytica                         52.82%    passed     92.08%
  49  Mycosphaerella_graminicola_CBS_100335              54.65%    passed     93.80%
  50  Mycosphaerella_graminicola_CBS_110744              54.54%    passed     95.42%
  51  Mycosphaerella_graminicola_CBS_115943              54.56%    passed     95.77%
  52  Mycosphaerella_handelii                            54.81%    passed     97.41%
  53  Mycosphaerella_heimii                              54.85%    passed     85.14%
  54  Mycosphaerella_heimioides                          54.94%    passed     83.14%
  55  Mycosphaerella_holualoana                          54.75%    passed     84.35%
  56  Mycosphaerella_irregulariramosa                    54.87%    passed     90.84%
  57  Mycosphaerella_keniensis                           54.77%    passed     67.18%
  58  Mycosphaerella_latebrosa_CBS_652.85                26.43%    failed      3.38%
  59  Mycosphaerella_latebrosa_CBS_687.94                22.95%    failed      0.71%
  60  Mycosphaerella_lupini                              54.69%    passed     75.29%
  61  Mycosphaerella_marasasii                           54.57%    passed     90.41%
  62  Mycosphaerella_marksii_CBS_110942                  51.58%    passed     80.80%
  63  Mycosphaerella_marksii_CPC_11222                   51.97%    passed     62.34%
  64  Mycosphaerella_parkii                              54.78%    passed     98.65%
  65  Mycosphaerella_pyri_CBS_222.31                     48.79%    passed     96.54%
  66  Mycosphaerella_sp._CBS_111166                      54.45%    passed     75.30%
  67  Mycosphaerella_sp._CBS_111167                      54.78%    passed     74.11%
  68  Mycosphaerella_stromatosa                          53.93%    passed     86.41%
  69  Mycosphaerella_tasmaniensis                        54.69%    passed     83.80%
  70  Neofusicoccum_australe                             54.12%    passed     81.85%
  71  Passalora_bellynckii                               51.23%    passed     56.96%
  72  Passalora_brachycarpa                              54.81%    passed     65.12%
  73  Passalora_dioscoreae                               54.75%    passed     96.67%
  74  Passalora_dodonaeae                                48.56%    passed     71.30%
  75  Passalora_eucalypti                                54.78%    passed     36.23%
  76  Passalora_fulva                                    54.69%    passed     57.28%
  77  Passalora_graminis                                 54.73%    passed     96.41%
  78  Passalora_perplexa                                 54.74%    passed     59.81%
  79  Passalora_sequoiae                                 54.79%    passed     67.08%
  80  Passalora_sp._CPC_12319                            54.44%    passed     68.26%
  81  Passalora_sp._CPC_3951                             54.69%    passed     56.22%
  82  Passalora_vaginae                                  54.35%    passed     86.81%
  83  Passalora_zambiae_CBS_112970                       54.35%    passed     95.94%
  84  Passalora_zambiae_CBS_112971                       54.67%    passed     90.93%
  85  Passalora-like_genus                               49.67%    passed     33.16%
  86  Penidiella_columbiana                              54.36%    passed     99.47%
  87  Phacellium_paspali                                 52.16%    passed     94.46%
  88  Phaeophleospora_eugeniicola_CPC_2557               46.96%    passed     91.19%
  89  Phaeophleospora_eugeniicola_CPC_2558               31.64%    passed     55.74%
  90  Phloeospora_maculans                               54.86%    passed     98.23%
  91  Pseudocercospora_angolensis_CBS_112933             51.65%    passed     81.37%
  92  Pseudocercospora_angolensis_CBS_149.53             51.51%    passed     83.38%
  93  Pseudocercospora_atromarginalis                    54.73%    passed     41.25%
  94  Pseudocercospora_bixae                             54.72%    passed     39.85%
  95  Pseudocercospora_chengtuensis                      54.72%    passed     43.80%
  96  Pseudocercospora_cordiana                          54.50%    passed     32.32%
  97  Pseudocercospora_cruenta_CBS_462.75                54.61%    passed     40.86%
  98  Pseudocercospora_cruenta_CPC_10846                 54.71%    passed     46.29%
  99  Pseudocercospora_eucommiae                         54.65%    passed     56.21%
 100  Pseudocercospora_fijiensis                         54.83%    passed     47.14%
 101  Pseudocercospora_fuligena                          54.34%    passed     35.50%
 102  Pseudocercospora_griseola_f._griseola_CBS_194.47   54.26%    passed     76.22%
 103  Pseudocercospora_griseola_f._griseola_CBS_880.72   54.27%    passed     77.32%
 104  Pseudocercospora_humuli                            54.81%    passed     49.91%
 105  Pseudocercospora_kaki                              54.78%    passed     43.26%
 106  Pseudocercospora_luzardii                          54.65%    passed     44.91%
 107  Pseudocercospora_macrospora                        54.59%    passed     38.48%
 108  Pseudocercospora_ocimicola                         54.77%    passed     94.52%
 109  Pseudocercospora_opuntiae                          54.45%    passed     46.89%
 110  Pseudocercospora_pallida                           54.75%    passed     50.73%
 111  Pseudocercospora_paraguayensis                     54.81%    passed     48.89%
 112  Pseudocercospora_platani                           48.60%    passed     92.81%
 113  Pseudocercospora_protearum_var._leucadendri        54.64%    passed     47.97%
 114  Pseudocercospora_pseudoeucalyptorum                54.79%    passed     40.32%
 115  Pseudocercospora_punctata_CBS_113315               42.81%    passed     40.05%
 116  Pseudocercospora_punctata_CPC_10532                42.40%    passed     31.96%
 117  Pseudocercospora_sp.                               54.31%    passed     99.69%
 118  Pseudocercospora_sphaerulinae                      54.69%    passed     30.08%
 119  Pseudocercospora_vitis                             54.75%    passed     53.19%
 120  Pseudocercospora-like_genus                        54.77%    passed     75.98%
 121  Pseudocercosporella_capsellae                      54.74%    passed     99.82%
 122  Pseudocercosporella_fraxini                        54.83%    passed     94.45%
 123  Pseudocercosporella_sp._CBS_112737                 54.73%    passed     67.20%
 124  Pseudocercosporella_sp._CPC_10050                  54.78%    passed     78.77%
 125  Pseudocercosporella_sp._CPC_11414                  54.77%    passed     90.86%
 126  Pseudocercosporella_sp._CPC_4008                   54.73%    passed     67.57%
 127  Pseudotaeniolina_globosa                           54.45%    passed     96.99%
 128  Ramichloridium_apiculatum                          54.64%    passed     93.85%
 129  Ramichloridium_cerophilum                          54.29%    passed     93.31%
 130  Ramichloridium_musae                               54.55%    passed     90.94%
 131  Ramichloridium-like_genus                          54.73%    passed     91.30%
 132  Ramularia_acroptili                                54.83%    passed     72.57%
 133  Ramularia_alangiicola                              54.78%    passed     56.31%
 134  Ramularia_brunnea                                  54.92%    passed     50.90%
 135  Ramularia_coleosporii                              51.12%    passed     44.09%
 136  Ramularia_endophylla                               54.70%    passed     26.09%
 137  Ramularia_grevilleana                              50.19%    passed     75.32%
 138  Ramularia_nagornyi                                 54.85%    passed     76.24%
 139  Ramularia_pratensis_var._pratensis                 54.83%    passed     49.33%
 140  Ramularia_rufomaculans                             54.69%    passed     84.20%
 141  Ramularia_sp._CBS_324.87                           54.68%    passed     18.73%
 142  Ramularia_sp._CPC_11297                            54.78%    passed     67.65%
 143  Ramularia_uredinicola                              54.64%    passed     40.13%
 144  Ramulispora_sorghi_CBS_110578                      54.59%    passed     95.46%
 145  Readeriella_dimorphospora                          54.78%    passed     96.04%
 146  Readeriella_mirabilis                              54.72%    passed     91.67%
 147  Schizothyrium_pomi_CBS_228.57                      54.64%    passed     86.13%
 148  Schizothyrium_pomi_CBS_406.61                      54.34%    passed     89.80%
 149  Schizothyrium_pomi_CBS_486.50                      54.35%    passed     88.60%
 150  Scorias_spongiosa                                  54.53%    passed     96.63%
 151  Septoria_apiicola                                  48.44%    passed     89.94%
 152  Septoria_convolvuli                                54.78%    passed     59.85%
 153  Septoria_cucubali                                  54.81%    passed     61.95%
 154  Septoria_dysentericae                              54.28%    passed     53.49%
 155  Septoria_lactucae                                  54.83%    passed     93.72%
 156  Septoria_leucanthemi                               54.69%    passed     56.90%
 157  Septoria_obesa                                     41.93%    passed     86.28%
 158  Septoria_protearum                                 54.75%    passed     62.90%
 159  Septoria_quercicola                                32.90%    failed      0.00%
 160  Septoria_rosae                                     50.59%    passed     73.30%
 161  Septoria_senecionis                                54.78%    passed     59.54%
 162  Septoria-like_genus                                54.87%    passed     99.50%
 163  Sonderhenia_eucalypticola                          42.83%    failed      0.40%
 164  Staninwardia_suttonii                              54.73%    passed     49.03%
 165  Stenella_anthuriicola                              54.32%    passed     98.29%
 166  Stenella_araguata                                  54.52%    passed     94.79%
 167  Stigmina_synanamorf                                51.24%    passed     99.21%
 168  Stomiopeltis_betulae                               54.26%    passed     29.53%
 169  Teratosphaeria_aff._nubilosa_CBS_114419            48.70%    passed     26.13%
 170  Teratosphaeria_aff._nubilosa_CBS_116283            48.73%    passed     28.40%
 171  Teratosphaeria_alcornii                            54.52%    passed     88.74%
 172  Teratosphaeria_bellula                             54.87%    passed     88.78%
 173  Teratosphaeria_cryptica                            54.83%    passed     84.88%
 174  Teratosphaeria_destructans_CBS_111369              54.76%    passed     14.57%
 175  Teratosphaeria_destructans_CBS_111370              54.46%    passed     16.41%
 176  Teratosphaeria_fibrillosa                          54.88%    passed     46.51%
 177  Teratosphaeria_juvenalis_CBS_110906                41.27%    failed      0.00%
 178  Teratosphaeria_juvenalis_CBS_111149                41.25%    failed      0.00%
 179  Teratosphaeria_macowanii_CBS_110756                44.04%    failed      1.51%
 180  Teratosphaeria_macowanii_CBS_111029                43.94%    failed      1.42%
 181  Teratosphaeria_mexicana_CBS_110502                 32.87%    failed      0.01%
 182  Teratosphaeria_mexicana_CPC_12349                  31.74%    failed      0.00%
 183  Teratosphaeria_molleriana_CBS_111164               54.79%    passed     89.80%
 184  Teratosphaeria_molleriana_CBS_116370               54.67%    passed     87.50%
 185  Teratosphaeria_molleriana_CPC_4577                 54.37%    passed     99.24%
 186  Teratosphaeria_nubilosa_CBS_115669                 48.71%    passed     27.95%
 187  Teratosphaeria_nubilosa_CBS_116005                 48.91%    passed     25.38%
 188  Teratosphaeria_ohnowa_CBS_112896                   44.54%    failed      0.33%
 189  Teratosphaeria_ohnowa_CBS_112973                   44.25%    failed      0.54%
 190  Teratosphaeria_pseudosuberosa                      49.00%    passed     12.20%
 191  Teratosphaeria_secundaria                          54.80%    passed     99.72%
 192  Teratosphaeria_sp.                                 46.99%    passed     31.20%
 193  Teratosphaeria_stellenboschiana                    54.87%    passed     82.13%
 194  Teratosphaeria_suberosa                            46.92%    failed      1.26%
 195  Teratosphaeria_suttonii_CPC_11279                  53.18%    failed      2.82%
 196  Teratosphaeria_suttonii_CPC_12352                  53.13%    passed      6.54%
 197  Teratosphaeria_toledana_CBS_113313                 54.77%    passed     41.79%
 198  Teratosphaeria_toledana_CBS_115513                 54.88%    passed     38.90%
 199  Teratosphaeria_verrucosa                           54.73%    passed     49.18%
 200  Thedgonia-like_genus                               50.85%    passed     76.69%
 201  Toxicocladosporium_irritans                        54.55%    passed     82.43%
 202  Verrucisporota_daviesiae                           54.83%    passed     99.77%
 203  Verrucisporota_proteacearum                        54.97%    passed     94.90%
 204  Zasmidium_citri                                    54.81%    passed     96.19%
WARNING: 170 sequences contain more than 50% gaps/ambiguity
****  TOTAL                                              52.47%  16 sequences failed composition chi2 test (p-value<5%; df=3)
Checking for duplicate sequences: done in 0.0534048 secs using 1768% CPU


Create initial parsimony tree by phylogenetic likelihood library (PLL)... 0.521 seconds
Measuring multi-threading efficiency up to 56 CPU cores
Increase to 10 rounds for branch lengths
6 trees examined
Threads: 1 / Time: 59.651 sec / Speedup: 1.000 / Efficiency: 100% / LogL: -233415
Threads: 2 / Time: 30.800 sec / Speedup: 1.937 / Efficiency: 97% / LogL: -233415
Threads: 3 / Time: 31.073 sec / Speedup: 1.920 / Efficiency: 64% / LogL: -233415
Threads: 4 / Time: 35.809 sec / Speedup: 1.666 / Efficiency: 42% / LogL: -233415
Determining AUTO threadcount: done in 157.341 secs using 180.9% CPU
BEST NUMBER OF THREADS: 2

Perform fast likelihood tree search using GTR+I+G model...
Estimate model parameters (epsilon = 5.000)
Perform nearest neighbor interchange...
Estimate model parameters (epsilon = 1.000)
1. Initial log-likelihood: -147823.405
Optimal log-likelihood: -147823.011
Rate parameters:  A-C: 1.06886  A-G: 1.46922  A-T: 0.97484  C-G: 1.58342  C-T: 2.68697  G-T: 1.00000
Base frequencies:  A: 0.250  C: 0.231  G: 0.283  T: 0.237
Proportion of invariable sites: 0.333
Gamma shape alpha: 0.396
Parameters optimization took 1 rounds (1.549 sec)
Time for fast ML tree search: 26.858 seconds

NOTE: ModelFinder requires 370 MB RAM!
ModelFinder will test up to 968 DNA models (sample size: 12113 epsilon: 0.100) ...
 No. Model         -LnL         df  AIC          AICc         BIC
  1  JC            193877.777   405 388565.555   388593.646   391563.379
  2  JC+I          167587.742   406 335987.484   336015.716   338992.710
  3  JC+G4         149898.473   406 300608.945   300637.177   303614.171
  4  JC+I+G4       148758.383   407 298330.766   298359.140   301343.394
  5  JC+R2         152896.700   407 306607.400   306635.774   309620.028
  6  JC+R3         149374.438   409 299566.876   299595.533   302594.308
  7  JC+R4         148776.109   411 298374.218   298403.161   301416.454
  8  JC+R5         148454.825   413 297735.650   297764.880   300792.690
  9  JC+R6         147866.996   415 296563.993   296593.511   299635.837
 10  JC+R7         147782.078   417 296398.156   296427.964   299484.804
 11  JC+R8         147755.664   419 296349.328   296379.428   299450.781
 12  JC+R9         147754.960   421 296351.921   296382.314   299468.177
 14  JC+I+R2       149874.934   408 300565.868   300594.383   303585.898
 15  JC+I+R3       148518.958   410 297857.916   297886.716   300892.750
 16  JC+I+R4       148169.623   412 297163.245   297192.332   300212.883
 17  JC+I+R5       147999.594   414 296827.187   296856.561   299891.630
 18  JC+I+R6       147894.902   416 296621.805   296651.468   299701.051
 19  JC+I+R7       147807.507   418 296451.014   296480.968   299545.064
 20  JC+I+R8       147765.163   420 296370.326   296400.573   299479.181
 21  JC+I+R9       147763.017   422 296370.034   296400.574   299493.693
 33  JC+R8         147755.664   419 296349.328   296379.428   299450.780
 55  F81+R8        147755.439   419 296348.878   296378.978   299450.330
 77  F81+F+R8      147725.866   422 296295.732   296326.272   299419.391
 99  K2P+R8        147233.008   420 295306.015   295336.262   298414.870
121  K2P+R8        147233.008   420 295306.015   295336.262   298414.870
143  HKY+R8        147232.890   420 295305.780   295336.027   298414.635
165  HKY+F+R8      147151.392   423 295148.784   295179.471   298279.845
187  TNe+R8        147096.187   421 295034.375   295064.768   298150.631
209  TNe+R8        147096.187   421 295034.375   295064.768   298150.631
231  TN+R8         147096.059   421 295034.118   295064.511   298150.374
253  TN+F+R8       146903.843   424 294655.687   294686.522   297794.149
275  K3P+R8        147186.743   421 295215.485   295245.878   298331.742
297  K3P+R8        147186.742   421 295215.485   295245.878   298331.742
319  K3Pu+R8       147186.643   421 295215.287   295245.680   298331.543
341  K3Pu+F+R8     147112.514   424 295073.028   295103.863   298211.491
363  TPM2+R8       147154.714   421 295151.427   295181.820   298267.684
385  TPM2+R8       147154.714   421 295151.427   295181.820   298267.684
407  TPM2u+R8      147154.596   421 295151.193   295181.585   298267.449
429  TPM2u+F+R8    147111.288   424 295070.576   295101.411   298209.038
451  TPM3+R8       147179.953   421 295201.906   295232.299   298318.163
473  TPM3+R8       147179.953   421 295201.906   295232.299   298318.163
495  TPM3u+R8      147179.851   421 295201.702   295232.095   298317.959
517  TPM3u+F+R8    147104.454   424 295056.909   295087.744   298195.371
539  TIMe+R8       147050.125   422 294944.250   294974.790   298067.909
561  TIMe+R8       147050.125   422 294944.250   294974.790   298067.909
583  TIM+R8        147050.005   422 294944.009   294974.549   298067.668
605  TIM+F+R8      146865.700   425 294581.400   294612.383   297727.264
627  TIM2e+R8      147015.491   422 294874.982   294905.522   297998.641
649  TIM2e+R8      147015.491   422 294874.982   294905.522   297998.641
671  TIM2+R8       147015.412   422 294874.824   294905.364   297998.483
693  TIM2+F+R8     146861.188   425 294572.377   294603.360   297718.241
715  TIM3e+R8      147043.364   422 294930.729   294961.269   298054.387
737  TIM3e+R8      147043.364   422 294930.729   294961.269   298054.387
759  TIM3+R8       147043.282   422 294930.565   294961.105   298054.223
781  TIM3+F+R8     146857.048   425 294564.097   294595.080   297709.961
803  TVMe+R8       147072.642   423 294991.284   295021.971   298122.344
825  TVMe+R8       147072.642   423 294991.284   295021.971   298122.344
847  TVM+R8        147072.568   423 294991.136   295021.824   298122.197
869  TVM+F+R8      147041.329   426 294934.657   294965.789   298087.924
891  SYM+R8        146936.492   424 294720.985   294751.820   297859.447
913  SYM+R8        146936.492   424 294720.985   294751.820   297859.447
935  GTR+R8        146936.435   424 294720.869   294751.705   297859.332
957  GTR+F+R8      146791.574   427 294437.149   294468.429   297597.818
Akaike Information Criterion:           GTR+F+R8
Corrected Akaike Information Criterion: GTR+F+R8
Bayesian Information Criterion:         GTR+F+R8
Best-fit model: GTR+F+R8 chosen according to BIC

All model information printed to training_data/dna_M4794_204_12113.phy/output_files/iqtree/inference/pars_3.model.gz
CPU time for ModelFinder: 9111.309 seconds (2h:31m:51s)
Wall-clock time for ModelFinder: 5372.729 seconds (1h:29m:32s)

NOTE: 296 MB RAM (0 GB) is required!
Estimate model parameters (epsilon = 0.010)
1. Initial log-likelihood: -146791.574
2. Current log-likelihood: -146791.510
3. Current log-likelihood: -146791.440
4. Current log-likelihood: -146791.377
5. Current log-likelihood: -146791.314
6. Current log-likelihood: -146791.262
7. Current log-likelihood: -146791.210
8. Current log-likelihood: -146791.160
9. Current log-likelihood: -146791.118
10. Current log-likelihood: -146791.075
11. Current log-likelihood: -146791.034
12. Current log-likelihood: -146790.999
13. Current log-likelihood: -146790.975
14. Current log-likelihood: -146790.938
15. Current log-likelihood: -146790.905
16. Current log-likelihood: -146790.884
17. Current log-likelihood: -146790.861
18. Current log-likelihood: -146790.831
19. Current log-likelihood: -146790.811
20. Current log-likelihood: -146790.791
21. Current log-likelihood: -146790.772
22. Current log-likelihood: -146790.755
23. Current log-likelihood: -146790.736
24. Current log-likelihood: -146790.719
25. Current log-likelihood: -146790.702
26. Current log-likelihood: -146790.685
27. Current log-likelihood: -146790.669
28. Current log-likelihood: -146790.654
29. Current log-likelihood: -146790.638
30. Current log-likelihood: -146790.623
31. Current log-likelihood: -146790.608
32. Current log-likelihood: -146790.594
33. Current log-likelihood: -146790.580
34. Current log-likelihood: -146790.567
35. Current log-likelihood: -146790.553
36. Current log-likelihood: -146790.540
37. Current log-likelihood: -146790.527
38. Current log-likelihood: -146790.515
39. Current log-likelihood: -146790.503
40. Current log-likelihood: -146790.492
41. Current log-likelihood: -146790.480
42. Current log-likelihood: -146790.469
43. Current log-likelihood: -146790.457
Optimal log-likelihood: -146790.443
Rate parameters:  A-C: 1.03460  A-G: 1.44389  A-T: 0.98606  C-G: 1.52683  C-T: 2.74233  G-T: 1.00000
Base frequencies:  A: 0.250  C: 0.231  G: 0.283  T: 0.237
Site proportion and rates:  (0.404,0.002) (0.069,0.028) (0.031,0.091) (0.024,0.194) (0.017,0.425) (0.055,0.852) (0.141,1.315) (0.259,2.898)
Parameters optimization took 43 rounds (233.995 sec)
Wrote distance file to... 
BEST SCORE FOUND : -146790.443
Total tree length: 75.301

Total number of iterations: 0
CPU time used for tree search: 0.000 sec (0h:0m:0s)
Wall-clock time used for tree search: 0.000 sec (0h:0m:0s)
Total CPU time used: 9519.368 sec (2h:38m:39s)
Total wall-clock time used: 5607.103 sec (1h:33m:27s)

Analysis results written to: 
  IQ-TREE report:                training_data/dna_M4794_204_12113.phy/output_files/iqtree/inference/pars_3.iqtree
  Maximum-likelihood tree:       training_data/dna_M4794_204_12113.phy/output_files/iqtree/inference/pars_3.treefile
  Screen log file:               training_data/dna_M4794_204_12113.phy/output_files/iqtree/inference/pars_3.log

Date and Time: Thu Sep 25 16:12:40 2025
ee/inference/pars_3.log

Date and Time: Thu Sep 25 16:12:40 2025
