IQ-TREE version 3.0.1 for Linux x86 64-bit built Sep 12 2025
Developed by Bui Quang Minh, Thomas Wong, Nhan Ly-Trong, Huaiyan Ren
Contributed by Lam-Tung Nguyen, Dominik Schrempf, Chris Bielow,
Olga Chernomor, Michael Woodhams, Diep Thi Hoang, Heiko Schmidt

Host:    suny-Precision-5530 (AVX2, FMA3, 15 GB RAM)
Command: /usr/local/bin/iqtree3 -s /home/suny/Downloads/VAN_TRAINING_DATA/data1/dna_M2931_229_4722.phy -pre results/dna_M2931_229_4722.phy/output_files/iqtree/inference/pars_1 -seed 1 -ninit 1 -T 1 -redo -n 0
Seed:    1 (Using SPRNG - Scalable Parallel Random Number Generator)
Time:    Sun Sep 21 00:12:31 2025
Kernel:  AVX+FMA - 1 threads (12 CPU cores detected)

HINT: Use -nt option to specify number of threads because your CPU has 12 cores!
HINT: -nt AUTO will automatically determine the best number of threads to use.

Reading alignment file /home/suny/Downloads/VAN_TRAINING_DATA/data1/dna_M2931_229_4722.phy ... Phylip format detected
Alignment most likely contains DNA/RNA sequences
Constructing alignment: done in 0.0171854 secs using 80.45% CPU
Alignment has 229 sequences with 4722 columns, 2573 distinct patterns
1615 parsimony-informative, 388 singleton sites, 2719 constant sites
                            Gap/Ambiguity  Composition  p-value
Analyzing sequences: done in 0.00249175 secs using 97.88% CPU
   1  Apis_dorsata                 41.63%    failed      0.24%
   2  Apis_mellifera               38.54%    passed     15.86%
   3  Bombus_affinis               21.07%    passed     97.81%
   4  Bombus_alagesianus           21.30%    passed     99.12%
   5  Bombus_alboanalis            20.25%    passed     93.65%
   6  Bombus_alpinus               20.29%    passed     96.98%
   7  Bombus_apollineus            22.00%    passed     99.49%
   8  Bombus_appositus             20.35%    passed     99.11%
   9  Bombus_ardens                21.79%    passed     99.97%
  10  Bombus_argillaceus           19.97%    passed     93.55%
  11  Bombus_armeniacus            20.14%    passed     93.76%
  12  Bombus_ashtoni               22.32%    passed     99.80%
  13  Bombus_asiaticus             24.25%    passed     99.51%
  14  Bombus_atratus               23.06%    passed     90.47%
  15  Bombus_atripes               21.86%    passed     98.50%
  16  Bombus_auricomus             25.52%    passed     73.58%
  17  Bombus_avanus                21.18%    passed     86.16%
  18  Bombus_avinoviellus          21.86%    passed     91.70%
  19  Bombus_baeri                 21.66%    passed     94.44%
  20  Bombus_balteatus             20.44%    passed     97.52%
  21  Bombus_barbutellus           20.67%    passed     99.28%
  22  Bombus_beaticola             52.20%    failed      0.47%
  23  Bombus_bellicosus            22.77%    passed     92.63%
  24  Bombus_bicoloratus           23.80%    passed     98.91%
  25  Bombus_bifarius              23.38%    passed     98.82%
  26  Bombus_bimaculatus           21.96%    passed     97.59%
  27  Bombus_biroi                 21.50%    passed     99.81%
  28  Bombus_bohemicus             22.32%    passed     99.77%
  29  Bombus_borealis              22.89%    passed     91.67%
  30  Bombus_brachycephalus        20.10%    passed     98.71%
  31  Bombus_brasiliensis          26.79%    passed     93.56%
  32  Bombus_breviceps             20.22%    passed     94.35%
  33  Bombus_brodmannicus          20.14%    passed     98.21%
  34  Bombus_californicus          21.64%    passed     98.81%
  35  Bombus_caliginosus           21.83%    passed     95.63%
  36  Bombus_campestris            22.43%    passed     82.93%
  37  Bombus_centralis             20.39%    passed     97.53%
  38  Bombus_chinensis             20.88%    passed     99.78%
  39  Bombus_cingulatus            23.82%    passed     92.02%
  40  Bombus_citrinus              23.59%    passed     93.41%
  41  Bombus_coccineus             20.39%    passed     99.49%
  42  Bombus_confusus              23.74%    passed     99.93%
  43  Bombus_consobrinus           21.45%    passed     99.05%
  44  Bombus_convexus              22.51%    passed     85.81%
  45  Bombus_cornutus              29.50%    passed     87.90%
  46  Bombus_crotchii              22.13%    passed     99.32%
  47  Bombus_cryptarum             21.05%    passed     96.02%
  48  Bombus_dahlbomii             21.66%    passed     99.57%
  49  Bombus_defector              51.91%    failed      0.76%
  50  Bombus_deuteronymus          23.87%    passed     80.66%
  51  Bombus_difficillimus         20.08%    passed     95.35%
  52  Bombus_digressus             25.56%    passed     99.64%
  53  Bombus_diligens              22.22%    passed     98.57%
  54  Bombus_distinguendus         20.54%    passed     99.26%
  55  Bombus_diversus              22.15%    passed     97.52%
  56  Bombus_ecuadorius            20.63%    passed     89.86%
  57  Bombus_ephippiatus           21.81%    passed     99.92%
  58  Bombus_erzurumensis          20.10%    passed     95.57%
  59  Bombus_excellens             22.66%    passed     89.22%
  60  Bombus_exil                  23.25%    passed     96.56%
  61  Bombus_eximius               20.16%    passed     96.05%
  62  Bombus_fernaldae             22.30%    passed     99.41%
  63  Bombus_fervidus              22.32%    passed     91.58%
  64  Bombus_festivus              19.82%    passed     97.02%
  65  Bombus_filchnerae            20.20%    passed     77.87%
  66  Bombus_flavescens            21.77%    passed     97.97%
  67  Bombus_flavidus              20.84%    passed     99.70%
  68  Bombus_flavifrons            21.83%    passed     92.65%
  69  Bombus_formosellus           51.99%    failed      0.10%
  70  Bombus_fragrans              20.22%    passed     81.73%
  71  Bombus_franklini             21.52%    passed     91.41%
  72  Bombus_fraternus             22.22%    passed     91.76%
  73  Bombus_frigidus              20.37%    passed     93.46%
  74  Bombus_friseanus             20.16%    passed     96.81%
  75  Bombus_funebris              20.84%    passed     94.06%
  76  Bombus_funerarius            17.77%    passed     22.15%
  77  Bombus_gerstaeckeri          20.14%    passed     94.25%
  78  Bombus_grahami               24.74%    passed     96.32%
  79  Bombus_griseocollis          22.13%    passed     95.52%
  80  Bombus_haematurus            66.62%    passed     28.92%
  81  Bombus_haemorrhoidalis       17.03%    passed     82.40%
  82  Bombus_handlirschi           23.30%    passed     92.84%
  83  Bombus_handlirschianus       20.94%    passed     98.45%
  84  Bombus_hedini                20.35%    passed     71.16%
  85  Bombus_honshuensis           52.16%    failed      0.86%
  86  Bombus_hortorum              21.39%    passed     97.75%
  87  Bombus_hortulanus            20.63%    passed     87.64%
  88  Bombus_humilis               22.43%    passed     86.62%
  89  Bombus_huntii                23.44%    passed     99.00%
  90  Bombus_hyperboreus           20.42%    passed     96.25%
  91  Bombus_hypnorum_China        20.84%    passed     99.11%
  92  Bombus_hypnorum_Europe       22.72%    passed     87.84%
  93  Bombus_hypocrita             22.47%    passed     87.89%
  94  Bombus_ignitus               22.34%    passed     90.23%
  95  Bombus_imitator              21.03%    passed     97.33%
  96  Bombus_impatiens             24.02%    passed     99.27%
  97  Bombus_impetuosus            21.98%    passed     78.34%
  98  Bombus_incertus              21.26%    passed     97.56%
  99  Bombus_infirmus              20.35%    passed     66.10%
 100  Bombus_infrequens            19.55%    passed     95.57%
 101  Bombus_insularis             23.59%    passed     96.46%
 102  Bombus_jonellus              20.16%    passed     88.89%
 103  Bombus_kashmirensis          20.14%    passed     91.11%
 104  Bombus_keriensis             20.01%    passed     96.61%
 105  Bombus_koreanus              21.50%    passed     98.76%
 106  Bombus_kulingensis           21.66%    passed     99.51%
 107  Bombus_ladakhensis           20.20%    passed     96.52%
 108  Bombus_laesus                22.55%    passed     98.37%
 109  Bombus_lapidarius            21.45%    passed     99.74%
 110  Bombus_lapponicus            21.98%    passed     95.03%
 111  Bombus_lemniscatus           20.94%    passed     93.64%
 112  Bombus_lepidus               20.03%    passed     94.37%
 113  Bombus_longipes              20.22%    passed     99.05%
 114  Bombus_lucorum_China         21.03%    passed     89.28%
 115  Bombus_lucorum_Europe        22.49%    passed     77.71%
 116  Bombus_macgregori            20.48%    passed     95.33%
 117  Bombus_maxillosus            20.58%    passed     99.06%
 118  Bombus_medius                23.04%    passed     97.33%
 119  Bombus_melaleucus            20.63%    passed     84.91%
 120  Bombus_melanopygus           23.32%    passed     99.62%
 121  Bombus_melanurus             23.78%    passed     97.19%
 122  Bombus_mendax                21.26%    passed     99.59%
 123  Bombus_mesomelas             20.52%    passed     89.56%
 124  Bombus_mexicanus             23.30%    passed     93.27%
 125  Bombus_miniatus              21.39%    passed     99.56%
 126  Bombus_mixtus                21.73%    passed     92.90%
 127  Bombus_mlokosievitzii        21.26%    passed     96.42%
 128  Bombus_moderatus             21.07%    passed     93.73%
 129  Bombus_modestus_China        20.12%    passed     91.92%
 130  Bombus_modestus_Kazakhstan   19.89%    passed     93.52%
 131  Bombus_monticola             21.88%    passed     93.23%
 132  Bombus_morio                 21.50%    passed     86.70%
 133  Bombus_morrisoni             20.58%    passed     98.56%
 134  Bombus_mucidus               22.00%    passed     81.27%
 135  Bombus_muscorum              20.29%    passed     72.13%
 136  Bombus_neoboreus             20.35%    passed     97.21%
 137  Bombus_nevadensis            26.87%    passed     61.60%
 138  Bombus_niveatus              22.94%    passed     95.76%
 139  Bombus_nobilis               20.14%    passed     96.18%
 140  Bombus_norvegicus            20.92%    passed     99.50%
 141  Bombus_oberti                20.65%    passed     93.02%
 142  Bombus_occidentalis          20.99%    passed     91.98%
 143  Bombus_opifex                20.20%    passed     97.37%
 144  Bombus_parthenius            20.82%    passed     96.16%
 145  Bombus_pascuorum             21.88%    passed     67.85%
 146  Bombus_patagiatus            22.47%    passed     87.99%
 147  Bombus_pensylvanicus_1       20.25%    passed     99.11%
 148  Bombus_pensylvanicus_2       20.08%    passed     96.59%
 149  Bombus_perplexus             22.11%    passed     94.36%
 150  Bombus_persicus              21.58%    passed     87.47%
 151  Bombus_personatus            20.16%    passed     99.19%
 152  Bombus_picipes               19.38%    passed     94.29%
 153  Bombus_polaris               24.02%    passed     99.15%
 154  Bombus_pomorum               20.20%    passed     85.22%
 155  Bombus_portchinsky           21.20%    passed     88.84%
 156  Bombus_potanini              21.56%    passed     81.43%
 157  Bombus_pratorum              22.87%    passed     99.93%
 158  Bombus_pressus               66.65%    passed     21.07%
 159  Bombus_pseudobaicalensis     20.35%    passed     68.85%
 160  Bombus_pullatus              21.58%    passed     97.77%
 161  Bombus_pyrenaeus             20.18%    passed     95.73%
 162  Bombus_quadricolor           20.84%    passed     99.31%
 163  Bombus_religiosus            24.29%    passed     74.34%
 164  Bombus_remotus               21.52%    passed     86.08%
 165  Bombus_robustus              21.88%    passed     87.72%
 166  Bombus_rubicundus            20.22%    passed     99.66%
 167  Bombus_ruderarius            22.47%    passed     70.83%
 168  Bombus_ruderatus             21.41%    passed     96.43%
 169  Bombus_rufocinctus           22.02%    passed     82.35%
 170  Bombus_rufofasciatus         20.90%    passed     99.46%
 171  Bombus_rupestris             22.36%    passed     98.99%
 172  Bombus_sandersoni            20.65%    passed     94.00%
 173  Bombus_schrencki             22.81%    passed     57.33%
 174  Bombus_securus               19.91%    passed     97.46%
 175  Bombus_semenoviellus         21.33%    passed     97.22%
 176  Bombus_shaposhnikovi         20.94%    passed     98.39%
 177  Bombus_sibiricus             23.00%    passed     90.70%
 178  Bombus_sichelii              28.84%    passed     87.89%
 179  Bombus_simillimus            20.03%    passed     92.43%
 180  Bombus_sitkensis             20.27%    passed     92.93%
 181  Bombus_skorikovi             20.84%    passed     99.07%
 182  Bombus_sonani                51.97%    failed      0.13%
 183  Bombus_sonorus_Arizona       20.48%    passed     99.73%
 184  Bombus_sonorus_Mexico        21.18%    passed     95.21%
 185  Bombus_soroeensis            22.09%    passed     98.71%
 186  Bombus_sporadicus            22.49%    passed     97.91%
 187  Bombus_steindachneri         21.54%    passed     97.58%
 188  Bombus_subterraneus          21.54%    passed     85.84%
 189  Bombus_suckleyi              20.82%    passed     99.39%
 190  Bombus_sulfureus             23.06%    passed     94.69%
 191  Bombus_supremus              20.18%    passed     98.01%
 192  Bombus_sushkini              21.56%    passed     97.36%
 193  Bombus_sylvarum              21.94%    passed     86.83%
 194  Bombus_sylvestris            21.83%    passed     98.35%
 195  Bombus_sylvicola             22.49%    passed     96.56%
 196  Bombus_ternarius             23.27%    passed     99.11%
 197  Bombus_terrestris            22.66%    passed     94.39%
 198  Bombus_terricola             22.45%    passed     86.45%
 199  Bombus_tibetanus             20.84%    passed     99.81%
 200  Bombus_tichenkoi             52.01%    failed      0.03%
 201  Bombus_transversalis         21.77%    passed     97.40%
 202  Bombus_tricornis             21.64%    passed     88.48%
 203  Bombus_trifasciatus          21.71%    passed     98.98%
 204  Bombus_trinominatus          21.30%    passed     94.48%
 205  Bombus_tucumanus             20.67%    passed     87.10%
 206  Bombus_ussurensis            23.57%    passed     97.52%
 207  Bombus_vagans                20.90%    passed     96.69%
 208  Bombus_vandykei              21.86%    passed     97.22%
 209  Bombus_variabilis            21.90%    passed     99.73%
 210  Bombus_velox                 22.66%    passed     83.39%
 211  Bombus_vestalis              20.82%    passed     98.64%
 212  Bombus_veteranus             21.03%    passed     88.94%
 213  Bombus_vogti                 22.00%    passed     70.07%
 214  Bombus_volucelloides         41.23%    passed     12.68%
 215  Bombus_vorticosus            24.35%    passed     99.62%
 216  Bombus_vosnesenskii          23.30%    passed     99.84%
 217  Bombus_waltoni               21.50%    passed     98.64%
 218  Bombus_weisi                 23.59%    passed     97.73%
 219  Bombus_wilmattae             21.75%    passed     98.08%
 220  Bombus_wurflenii             21.71%    passed     97.48%
 221  Bombus_zonatus               21.60%    passed     84.02%
 222  Euglossa_imperialis          51.25%    passed     42.20%
 223  Eulaema_boliviensis          35.92%    passed     51.34%
 224  Geniotrigona_thoracica       31.09%    passed     51.06%
 225  Heterotrigona_itama          30.56%    passed     17.63%
 226  Hypotrigona_gribodoi         39.22%    failed      2.75%
 227  Liotrigona_mahafalya         49.00%    passed     12.41%
 228  Plebeia_frontalis            38.06%    passed     24.32%
 229  Trigona_amazonensis          36.59%    passed     22.23%
WARNING: 9 sequences contain more than 50% gaps/ambiguity
****  TOTAL                        23.70%  8 sequences failed composition chi2 test (p-value<5%; df=3)
Checking for duplicate sequences: done in 0.00290749 secs using 98.68% CPU


Create initial parsimony tree by phylogenetic likelihood library (PLL)... 0.119 seconds
Perform fast likelihood tree search using GTR+I+G model...
Estimate model parameters (epsilon = 5.000)
Perform nearest neighbor interchange...
Estimate model parameters (epsilon = 1.000)
1. Initial log-likelihood: -54152.267
Optimal log-likelihood: -54152.094
Rate parameters:  A-C: 0.80232  A-G: 10.39623  A-T: 3.38138  C-G: 1.32290  C-T: 7.06493  G-T: 1.00000
Base frequencies:  A: 0.312  C: 0.177  G: 0.192  T: 0.319
Proportion of invariable sites: 0.292
Gamma shape alpha: 0.374
Parameters optimization took 1 rounds (1.008 sec)
Time for fast ML tree search: 14.270 seconds

NOTE: ModelFinder requires 191 MB RAM!
ModelFinder will test up to 968 DNA models (sample size: 4722 epsilon: 0.100) ...
 No. Model         -LnL         df  AIC          AICc         BIC
  1  JC            63023.743    455 126957.487   127054.758   129896.781
  2  JC+I          59656.017    456 120224.035   120321.757   123169.789
  3  JC+G4         57352.499    456 115616.999   115714.721   118562.753
  4  JC+I+G4       57177.426    457 115268.852   115367.025   118221.066
  5  JC+R2         58205.352    457 117324.704   117422.877   120276.918
  6  JC+R3         56713.189    459 114344.377   114443.457   117309.512
  7  JC+R4         56540.801    461 114003.601   114103.593   116981.656
  8  JC+R5         56498.367    463 113922.734   114023.642   116913.709
  9  JC+R6         56497.437    465 113924.875   114026.703   116928.769
 14  JC+I+R2       56910.081    458 114736.163   114834.789   117694.837
 15  JC+I+R3       56578.137    460 114076.274   114175.809   117047.868
 16  JC+I+R4       56506.176    462 113936.351   114036.800   116920.866
 17  JC+I+R5       56495.195    464 113918.390   114019.757   116915.824
 18  JC+I+R6       56494.642    466 113921.284   114023.574   116931.639
 30  JC+R5         56498.367    463 113922.734   114023.642   116913.709
 38  JC+I+R4       56506.176    462 113936.351   114036.800   116920.866
 39  JC+I+R5       56495.195    464 113918.390   114019.757   116915.824
 52  F81+R5        56498.196    463 113922.391   114023.298   116913.365
 60  F81+I+R4      56506.065    462 113936.129   114036.578   116920.644
 61  F81+I+R5      56495.062    464 113918.124   114019.491   116915.558
 74  F81+F+R5      55858.208    466 112648.415   112750.705   115658.770
 82  F81+F+I+R4    55865.607    465 112661.213   112763.041   115665.108
 83  F81+F+I+R5    55850.089    467 112634.179   112736.932   115650.993
 96  K2P+R5        54849.485    464 110626.970   110728.337   113624.404
104  K2P+I+R4      54859.292    463 110644.583   110745.491   113635.558
105  K2P+I+R5      54846.456    465 110622.912   110724.740   113626.807
118  K2P+R5        54849.485    464 110626.970   110728.337   113624.404
126  K2P+I+R4      54859.292    463 110644.583   110745.491   113635.558
127  K2P+I+R5      54846.456    465 110622.912   110724.740   113626.807
140  HKY+R5        54849.361    464 110626.722   110728.089   113624.157
148  HKY+I+R4      54859.263    463 110644.526   110745.434   113635.501
149  HKY+I+R5      54846.359    465 110622.719   110724.547   113626.613
162  HKY+F+R5      53817.443    467 108568.887   108671.640   111585.701
170  HKY+F+I+R4    53833.470    466 108598.941   108701.231   111609.295
171  HKY+F+I+R5    53800.274    468 108536.548   108639.766   111559.822
184  TNe+R5        54818.204    465 110566.409   110668.237   113570.303
192  TNe+I+R4      54829.737    464 110587.475   110688.842   113584.909
193  TNe+I+R5      54816.416    466 110564.832   110667.122   113575.186
206  TNe+R5        54818.204    465 110566.409   110668.237   113570.303
214  TNe+I+R4      54829.737    464 110587.475   110688.842   113584.909
215  TNe+I+R5      54816.416    466 110564.832   110667.122   113575.186
228  TN+R5         54818.110    465 110566.219   110668.047   113570.113
236  TN+I+R4       54829.676    464 110587.353   110688.720   113584.787
237  TN+I+R5       54816.266    466 110564.531   110666.821   113574.886
250  TN+F+R5       53798.255    468 108532.510   108635.728   111555.784
258  TN+F+I+R4     53813.651    467 108561.302   108664.056   111578.117
259  TN+F+I+R5     53783.034    469 108504.068   108607.751   111533.803
272  K3P+R5        54385.669    465 109701.337   109803.165   112705.231
280  K3P+I+R4      54394.902    464 109717.803   109819.170   112715.237
281  K3P+I+R5      54382.727    466 109697.455   109799.745   112707.809
294  K3P+R5        54385.669    465 109701.337   109803.165   112705.231
302  K3P+I+R4      54394.902    464 109717.803   109819.170   112715.237
303  K3P+I+R5      54382.727    466 109697.455   109799.745   112707.809
316  K3Pu+R5       54385.556    465 109701.111   109802.939   112705.005
324  K3Pu+I+R4     54394.899    464 109717.798   109819.165   112715.232
325  K3Pu+I+R5     54382.585    466 109697.169   109799.459   112707.523
338  K3Pu+F+R5     53554.372    468 108044.744   108147.961   111068.018
346  K3Pu+F+I+R4   53564.448    467 108062.896   108165.649   111079.710
347  K3Pu+F+I+R5   53540.141    469 108018.281   108121.964   111048.016
360  TPM2+R5       54558.661    465 110047.322   110149.150   113051.217
368  TPM2+I+R4     54569.770    464 110067.541   110168.908   113064.975
369  TPM2+I+R5     54558.118    466 110048.236   110150.526   113058.590
382  TPM2+R5       54558.661    465 110047.322   110149.150   113051.217
390  TPM2+I+R4     54569.770    464 110067.541   110168.908   113064.975
391  TPM2+I+R5     54558.118    466 110048.236   110150.526   113058.590
404  TPM2u+R5      54558.560    465 110047.121   110148.949   113051.015
412  TPM2u+I+R4    54569.770    464 110067.541   110168.908   113064.975
413  TPM2u+I+R5    54557.943    466 110047.886   110150.176   113058.240
426  TPM2u+F+R5    53719.304    468 108374.608   108477.826   111397.883
434  TPM2u+F+I+R4  53729.283    467 108392.566   108495.319   111409.380
435  TPM2u+F+I+R5  53705.062    469 108348.124   108451.807   111377.858
448  TPM3+R5       54455.231    465 109840.462   109942.290   112844.356
456  TPM3+I+R4     54467.917    464 109863.833   109965.201   112861.268
457  TPM3+I+R5     54447.112    466 109826.225   109928.515   112836.579
470  TPM3+R5       54455.231    465 109840.462   109942.290   112844.356
478  TPM3+I+R4     54467.917    464 109863.833   109965.201   112861.268
479  TPM3+I+R5     54447.112    466 109826.225   109928.515   112836.579
492  TPM3u+R5      54455.086    465 109840.172   109942.000   112844.066
500  TPM3u+I+R4    54467.844    464 109863.689   109965.056   112861.123
501  TPM3u+I+R5    54447.011    466 109826.021   109928.311   112836.375
514  TPM3u+F+R5    53692.908    468 108321.816   108425.033   111345.090
522  TPM3u+F+I+R4  53702.301    467 108338.602   108441.355   111355.416
523  TPM3u+F+I+R5  53677.384    469 108292.767   108396.450   111322.501
536  TIMe+R5       54355.545    466 109643.089   109745.379   112653.444
544  TIMe+I+R4     54365.696    465 109661.392   109763.220   112665.287
545  TIMe+I+R5     54353.153    467 109640.307   109743.060   112657.121
558  TIMe+R5       54355.545    466 109643.089   109745.379   112653.444
566  TIMe+I+R4     54365.696    465 109661.392   109763.220   112665.287
567  TIMe+I+R5     54353.153    467 109640.307   109743.060   112657.121
580  TIM+R5        54355.431    466 109642.863   109745.153   112653.217
588  TIM+I+R4      54365.675    465 109661.350   109763.178   112665.244
589  TIM+I+R5      54353.000    467 109640.000   109742.753   112656.814
602  TIM+F+R5      53533.995    469 108005.989   108109.672   111035.724
610  TIM+F+I+R4    53544.506    468 108025.013   108128.230   111048.287
611  TIM+F+I+R5    53520.840    470 107981.680   108085.829   111017.874
624  TIM2e+R5      54524.283    466 109980.567   110082.857   112990.921
632  TIM2e+I+R4    54535.161    465 110000.323   110102.151   113004.217
633  TIM2e+I+R5    54523.802    467 109981.604   110084.358   112998.419
646  TIM2e+R5      54524.283    466 109980.567   110082.857   112990.921
654  TIM2e+I+R4    54535.161    465 110000.323   110102.151   113004.217
655  TIM2e+I+R5    54523.802    467 109981.604   110084.358   112998.419
668  TIM2+R5       54524.177    466 109980.353   110082.643   112990.707
676  TIM2+I+R4     54535.153    465 110000.305   110102.133   113004.199
677  TIM2+I+R5     54523.659    467 109981.318   110084.071   112998.133
690  TIM2+F+R5     53703.108    469 108344.215   108447.898   111373.949
698  TIM2+F+I+R4   53711.870    468 108359.740   108462.958   111383.015
699  TIM2+F+I+R5   53689.605    470 108319.210   108423.360   111355.405
712  TIM3e+R5      54425.566    466 109783.132   109885.422   112793.486
720  TIM3e+I+R4    54437.166    465 109804.332   109906.160   112808.226
721  TIM3e+I+R5    54421.372    467 109776.744   109879.498   112793.559
734  TIM3e+R5      54425.566    466 109783.132   109885.422   112793.486
742  TIM3e+I+R4    54437.166    465 109804.332   109906.160   112808.226
743  TIM3e+I+R5    54421.372    467 109776.744   109879.498   112793.559
756  TIM3+R5       54425.400    466 109782.799   109885.089   112793.153
764  TIM3+I+R4     54437.143    465 109804.287   109906.115   112808.181
765  TIM3+I+R5     54421.307    467 109776.613   109879.366   112793.427
778  TIM3+F+R5     53666.222    469 108270.445   108374.128   111300.179
786  TIM3+F+I+R4   53679.192    468 108294.383   108397.601   111317.658
787  TIM3+F+I+R5   53653.175    470 108246.350   108350.499   111282.544
800  TVMe+R5       54023.277    467 108980.554   109083.307   111997.368
808  TVMe+I+R4     54038.158    466 109008.316   109110.606   112018.671
809  TVMe+I+R5     54021.111    468 108978.222   109081.439   112001.496
822  TVMe+R5       54023.277    467 108980.554   109083.307   111997.368
830  TVMe+I+R4     54038.158    466 109008.316   109110.606   112018.671
831  TVMe+I+R5     54021.111    468 108978.222   109081.439   112001.496
844  TVM+R5        54023.183    467 108980.367   109083.120   111997.181
852  TVM+I+R4      54038.143    466 109008.287   109110.577   112018.641
853  TVM+I+R5      54021.072    468 108978.145   109081.362   112001.419
866  TVM+F+R5      53487.185    470 107914.369   108018.519   110950.564
874  TVM+F+I+R4    53497.388    469 107932.777   108036.460   110962.511
875  TVM+F+I+R5    53479.508    471 107901.016   108005.633   110943.670
888  SYM+R5        53988.804    468 108913.609   109016.826   111936.883
896  SYM+I+R4      54000.412    467 108934.824   109037.577   111951.639
897  SYM+I+R5      53989.485    469 108916.970   109020.653   111946.704
910  SYM+R5        53988.804    468 108913.609   109016.826   111936.883
918  SYM+I+R4      54000.412    467 108934.824   109037.577   111951.639
919  SYM+I+R5      53989.485    469 108916.970   109020.653   111946.704
932  GTR+R5        53988.660    468 108913.320   109016.538   111936.594
940  GTR+I+R4      54000.387    467 108934.774   109037.527   111951.588
941  GTR+I+R5      53989.395    469 108916.790   109020.473   111946.525
954  GTR+F+R5      53463.998    471 107869.995   107974.613   110912.650
962  GTR+F+I+R4    53475.581    470 107891.162   107995.311   110927.356
963  GTR+F+I+R5    53456.893    472 107857.787   107962.873   110906.901
Akaike Information Criterion:           GTR+F+I+R5
Corrected Akaike Information Criterion: GTR+F+I+R5
Bayesian Information Criterion:         GTR+F+I+R5
Best-fit model: GTR+F+I+R5 chosen according to BIC

All model information printed to results/dna_M2931_229_4722.phy/output_files/iqtree/inference/pars_1.model.gz
CPU time for ModelFinder: 3457.495 seconds (0h:57m:37s)
Wall-clock time for ModelFinder: 3467.365 seconds (0h:57m:47s)

NOTE: 95 MB RAM (0 GB) is required!
Estimate model parameters (epsilon = 0.010)
1. Initial log-likelihood: -53456.893
2. Current log-likelihood: -53456.866
3. Current log-likelihood: -53456.848
4. Current log-likelihood: -53456.836
Optimal log-likelihood: -53456.826
Rate parameters:  A-C: 0.86812  A-G: 10.16939  A-T: 3.28180  C-G: 1.49505  C-T: 7.81683  G-T: 1.00000
Base frequencies:  A: 0.312  C: 0.177  G: 0.192  T: 0.319
Proportion of invariable sites: 0.391
Site proportion and rates:  (0.291,0.369) (0.247,1.287) (0.038,3.331) (0.019,9.514) (0.013,19.796)
Parameters optimization took 4 rounds (6.992 sec)
Wrote distance file to... 
BEST SCORE FOUND : -53456.826
Total tree length: 3.506

Total number of iterations: 0
CPU time used for tree search: 0.000 sec (0h:0m:0s)
Wall-clock time used for tree search: 0.000 sec (0h:0m:0s)
Total CPU time used: 3464.487 sec (0h:57m:44s)
Total wall-clock time used: 3474.416 sec (0h:57m:54s)

Analysis results written to: 
  IQ-TREE report:                results/dna_M2931_229_4722.phy/output_files/iqtree/inference/pars_1.iqtree
  Maximum-likelihood tree:       results/dna_M2931_229_4722.phy/output_files/iqtree/inference/pars_1.treefile
  Screen log file:               results/dna_M2931_229_4722.phy/output_files/iqtree/inference/pars_1.log

Date and Time: Sun Sep 21 01:10:25 2025
