IQ-TREE version 3.0.1 for Linux x86 64-bit built Sep 12 2025
Developed by Bui Quang Minh, Thomas Wong, Nhan Ly-Trong, Huaiyan Ren
Contributed by Lam-Tung Nguyen, Dominik Schrempf, Chris Bielow,
Olga Chernomor, Michael Woodhams, Diep Thi Hoang, Heiko Schmidt

Host:    suny-Precision-5530 (AVX2, FMA3, 15 GB RAM)
Command: /usr/local/bin/iqtree3 -s /home/suny/Downloads/VAN_TRAINING_DATA/data1/dna_M2931_229_4722.phy -pre results/dna_M2931_229_4722.phy/output_files/iqtree/inference/pars_2 -seed 2 -ninit 1 -T 1 -redo -n 0
Seed:    2 (Using SPRNG - Scalable Parallel Random Number Generator)
Time:    Sat Sep 20 23:07:47 2025
Kernel:  AVX+FMA - 1 threads (12 CPU cores detected)

HINT: Use -nt option to specify number of threads because your CPU has 12 cores!
HINT: -nt AUTO will automatically determine the best number of threads to use.

Reading alignment file /home/suny/Downloads/VAN_TRAINING_DATA/data1/dna_M2931_229_4722.phy ... Phylip format detected
Alignment most likely contains DNA/RNA sequences
Constructing alignment: done in 0.0179884 secs using 66.19% CPU
Alignment has 229 sequences with 4722 columns, 2573 distinct patterns
1615 parsimony-informative, 388 singleton sites, 2719 constant sites
                            Gap/Ambiguity  Composition  p-value
Analyzing sequences: done in 0.00262258 secs using 99.83% CPU
   1  Apis_dorsata                 41.63%    failed      0.24%
   2  Apis_mellifera               38.54%    passed     15.86%
   3  Bombus_affinis               21.07%    passed     97.81%
   4  Bombus_alagesianus           21.30%    passed     99.12%
   5  Bombus_alboanalis            20.25%    passed     93.65%
   6  Bombus_alpinus               20.29%    passed     96.98%
   7  Bombus_apollineus            22.00%    passed     99.49%
   8  Bombus_appositus             20.35%    passed     99.11%
   9  Bombus_ardens                21.79%    passed     99.97%
  10  Bombus_argillaceus           19.97%    passed     93.55%
  11  Bombus_armeniacus            20.14%    passed     93.76%
  12  Bombus_ashtoni               22.32%    passed     99.80%
  13  Bombus_asiaticus             24.25%    passed     99.51%
  14  Bombus_atratus               23.06%    passed     90.47%
  15  Bombus_atripes               21.86%    passed     98.50%
  16  Bombus_auricomus             25.52%    passed     73.58%
  17  Bombus_avanus                21.18%    passed     86.16%
  18  Bombus_avinoviellus          21.86%    passed     91.70%
  19  Bombus_baeri                 21.66%    passed     94.44%
  20  Bombus_balteatus             20.44%    passed     97.52%
  21  Bombus_barbutellus           20.67%    passed     99.28%
  22  Bombus_beaticola             52.20%    failed      0.47%
  23  Bombus_bellicosus            22.77%    passed     92.63%
  24  Bombus_bicoloratus           23.80%    passed     98.91%
  25  Bombus_bifarius              23.38%    passed     98.82%
  26  Bombus_bimaculatus           21.96%    passed     97.59%
  27  Bombus_biroi                 21.50%    passed     99.81%
  28  Bombus_bohemicus             22.32%    passed     99.77%
  29  Bombus_borealis              22.89%    passed     91.67%
  30  Bombus_brachycephalus        20.10%    passed     98.71%
  31  Bombus_brasiliensis          26.79%    passed     93.56%
  32  Bombus_breviceps             20.22%    passed     94.35%
  33  Bombus_brodmannicus          20.14%    passed     98.21%
  34  Bombus_californicus          21.64%    passed     98.81%
  35  Bombus_caliginosus           21.83%    passed     95.63%
  36  Bombus_campestris            22.43%    passed     82.93%
  37  Bombus_centralis             20.39%    passed     97.53%
  38  Bombus_chinensis             20.88%    passed     99.78%
  39  Bombus_cingulatus            23.82%    passed     92.02%
  40  Bombus_citrinus              23.59%    passed     93.41%
  41  Bombus_coccineus             20.39%    passed     99.49%
  42  Bombus_confusus              23.74%    passed     99.93%
  43  Bombus_consobrinus           21.45%    passed     99.05%
  44  Bombus_convexus              22.51%    passed     85.81%
  45  Bombus_cornutus              29.50%    passed     87.90%
  46  Bombus_crotchii              22.13%    passed     99.32%
  47  Bombus_cryptarum             21.05%    passed     96.02%
  48  Bombus_dahlbomii             21.66%    passed     99.57%
  49  Bombus_defector              51.91%    failed      0.76%
  50  Bombus_deuteronymus          23.87%    passed     80.66%
  51  Bombus_difficillimus         20.08%    passed     95.35%
  52  Bombus_digressus             25.56%    passed     99.64%
  53  Bombus_diligens              22.22%    passed     98.57%
  54  Bombus_distinguendus         20.54%    passed     99.26%
  55  Bombus_diversus              22.15%    passed     97.52%
  56  Bombus_ecuadorius            20.63%    passed     89.86%
  57  Bombus_ephippiatus           21.81%    passed     99.92%
  58  Bombus_erzurumensis          20.10%    passed     95.57%
  59  Bombus_excellens             22.66%    passed     89.22%
  60  Bombus_exil                  23.25%    passed     96.56%
  61  Bombus_eximius               20.16%    passed     96.05%
  62  Bombus_fernaldae             22.30%    passed     99.41%
  63  Bombus_fervidus              22.32%    passed     91.58%
  64  Bombus_festivus              19.82%    passed     97.02%
  65  Bombus_filchnerae            20.20%    passed     77.87%
  66  Bombus_flavescens            21.77%    passed     97.97%
  67  Bombus_flavidus              20.84%    passed     99.70%
  68  Bombus_flavifrons            21.83%    passed     92.65%
  69  Bombus_formosellus           51.99%    failed      0.10%
  70  Bombus_fragrans              20.22%    passed     81.73%
  71  Bombus_franklini             21.52%    passed     91.41%
  72  Bombus_fraternus             22.22%    passed     91.76%
  73  Bombus_frigidus              20.37%    passed     93.46%
  74  Bombus_friseanus             20.16%    passed     96.81%
  75  Bombus_funebris              20.84%    passed     94.06%
  76  Bombus_funerarius            17.77%    passed     22.15%
  77  Bombus_gerstaeckeri          20.14%    passed     94.25%
  78  Bombus_grahami               24.74%    passed     96.32%
  79  Bombus_griseocollis          22.13%    passed     95.52%
  80  Bombus_haematurus            66.62%    passed     28.92%
  81  Bombus_haemorrhoidalis       17.03%    passed     82.40%
  82  Bombus_handlirschi           23.30%    passed     92.84%
  83  Bombus_handlirschianus       20.94%    passed     98.45%
  84  Bombus_hedini                20.35%    passed     71.16%
  85  Bombus_honshuensis           52.16%    failed      0.86%
  86  Bombus_hortorum              21.39%    passed     97.75%
  87  Bombus_hortulanus            20.63%    passed     87.64%
  88  Bombus_humilis               22.43%    passed     86.62%
  89  Bombus_huntii                23.44%    passed     99.00%
  90  Bombus_hyperboreus           20.42%    passed     96.25%
  91  Bombus_hypnorum_China        20.84%    passed     99.11%
  92  Bombus_hypnorum_Europe       22.72%    passed     87.84%
  93  Bombus_hypocrita             22.47%    passed     87.89%
  94  Bombus_ignitus               22.34%    passed     90.23%
  95  Bombus_imitator              21.03%    passed     97.33%
  96  Bombus_impatiens             24.02%    passed     99.27%
  97  Bombus_impetuosus            21.98%    passed     78.34%
  98  Bombus_incertus              21.26%    passed     97.56%
  99  Bombus_infirmus              20.35%    passed     66.10%
 100  Bombus_infrequens            19.55%    passed     95.57%
 101  Bombus_insularis             23.59%    passed     96.46%
 102  Bombus_jonellus              20.16%    passed     88.89%
 103  Bombus_kashmirensis          20.14%    passed     91.11%
 104  Bombus_keriensis             20.01%    passed     96.61%
 105  Bombus_koreanus              21.50%    passed     98.76%
 106  Bombus_kulingensis           21.66%    passed     99.51%
 107  Bombus_ladakhensis           20.20%    passed     96.52%
 108  Bombus_laesus                22.55%    passed     98.37%
 109  Bombus_lapidarius            21.45%    passed     99.74%
 110  Bombus_lapponicus            21.98%    passed     95.03%
 111  Bombus_lemniscatus           20.94%    passed     93.64%
 112  Bombus_lepidus               20.03%    passed     94.37%
 113  Bombus_longipes              20.22%    passed     99.05%
 114  Bombus_lucorum_China         21.03%    passed     89.28%
 115  Bombus_lucorum_Europe        22.49%    passed     77.71%
 116  Bombus_macgregori            20.48%    passed     95.33%
 117  Bombus_maxillosus            20.58%    passed     99.06%
 118  Bombus_medius                23.04%    passed     97.33%
 119  Bombus_melaleucus            20.63%    passed     84.91%
 120  Bombus_melanopygus           23.32%    passed     99.62%
 121  Bombus_melanurus             23.78%    passed     97.19%
 122  Bombus_mendax                21.26%    passed     99.59%
 123  Bombus_mesomelas             20.52%    passed     89.56%
 124  Bombus_mexicanus             23.30%    passed     93.27%
 125  Bombus_miniatus              21.39%    passed     99.56%
 126  Bombus_mixtus                21.73%    passed     92.90%
 127  Bombus_mlokosievitzii        21.26%    passed     96.42%
 128  Bombus_moderatus             21.07%    passed     93.73%
 129  Bombus_modestus_China        20.12%    passed     91.92%
 130  Bombus_modestus_Kazakhstan   19.89%    passed     93.52%
 131  Bombus_monticola             21.88%    passed     93.23%
 132  Bombus_morio                 21.50%    passed     86.70%
 133  Bombus_morrisoni             20.58%    passed     98.56%
 134  Bombus_mucidus               22.00%    passed     81.27%
 135  Bombus_muscorum              20.29%    passed     72.13%
 136  Bombus_neoboreus             20.35%    passed     97.21%
 137  Bombus_nevadensis            26.87%    passed     61.60%
 138  Bombus_niveatus              22.94%    passed     95.76%
 139  Bombus_nobilis               20.14%    passed     96.18%
 140  Bombus_norvegicus            20.92%    passed     99.50%
 141  Bombus_oberti                20.65%    passed     93.02%
 142  Bombus_occidentalis          20.99%    passed     91.98%
 143  Bombus_opifex                20.20%    passed     97.37%
 144  Bombus_parthenius            20.82%    passed     96.16%
 145  Bombus_pascuorum             21.88%    passed     67.85%
 146  Bombus_patagiatus            22.47%    passed     87.99%
 147  Bombus_pensylvanicus_1       20.25%    passed     99.11%
 148  Bombus_pensylvanicus_2       20.08%    passed     96.59%
 149  Bombus_perplexus             22.11%    passed     94.36%
 150  Bombus_persicus              21.58%    passed     87.47%
 151  Bombus_personatus            20.16%    passed     99.19%
 152  Bombus_picipes               19.38%    passed     94.29%
 153  Bombus_polaris               24.02%    passed     99.15%
 154  Bombus_pomorum               20.20%    passed     85.22%
 155  Bombus_portchinsky           21.20%    passed     88.84%
 156  Bombus_potanini              21.56%    passed     81.43%
 157  Bombus_pratorum              22.87%    passed     99.93%
 158  Bombus_pressus               66.65%    passed     21.07%
 159  Bombus_pseudobaicalensis     20.35%    passed     68.85%
 160  Bombus_pullatus              21.58%    passed     97.77%
 161  Bombus_pyrenaeus             20.18%    passed     95.73%
 162  Bombus_quadricolor           20.84%    passed     99.31%
 163  Bombus_religiosus            24.29%    passed     74.34%
 164  Bombus_remotus               21.52%    passed     86.08%
 165  Bombus_robustus              21.88%    passed     87.72%
 166  Bombus_rubicundus            20.22%    passed     99.66%
 167  Bombus_ruderarius            22.47%    passed     70.83%
 168  Bombus_ruderatus             21.41%    passed     96.43%
 169  Bombus_rufocinctus           22.02%    passed     82.35%
 170  Bombus_rufofasciatus         20.90%    passed     99.46%
 171  Bombus_rupestris             22.36%    passed     98.99%
 172  Bombus_sandersoni            20.65%    passed     94.00%
 173  Bombus_schrencki             22.81%    passed     57.33%
 174  Bombus_securus               19.91%    passed     97.46%
 175  Bombus_semenoviellus         21.33%    passed     97.22%
 176  Bombus_shaposhnikovi         20.94%    passed     98.39%
 177  Bombus_sibiricus             23.00%    passed     90.70%
 178  Bombus_sichelii              28.84%    passed     87.89%
 179  Bombus_simillimus            20.03%    passed     92.43%
 180  Bombus_sitkensis             20.27%    passed     92.93%
 181  Bombus_skorikovi             20.84%    passed     99.07%
 182  Bombus_sonani                51.97%    failed      0.13%
 183  Bombus_sonorus_Arizona       20.48%    passed     99.73%
 184  Bombus_sonorus_Mexico        21.18%    passed     95.21%
 185  Bombus_soroeensis            22.09%    passed     98.71%
 186  Bombus_sporadicus            22.49%    passed     97.91%
 187  Bombus_steindachneri         21.54%    passed     97.58%
 188  Bombus_subterraneus          21.54%    passed     85.84%
 189  Bombus_suckleyi              20.82%    passed     99.39%
 190  Bombus_sulfureus             23.06%    passed     94.69%
 191  Bombus_supremus              20.18%    passed     98.01%
 192  Bombus_sushkini              21.56%    passed     97.36%
 193  Bombus_sylvarum              21.94%    passed     86.83%
 194  Bombus_sylvestris            21.83%    passed     98.35%
 195  Bombus_sylvicola             22.49%    passed     96.56%
 196  Bombus_ternarius             23.27%    passed     99.11%
 197  Bombus_terrestris            22.66%    passed     94.39%
 198  Bombus_terricola             22.45%    passed     86.45%
 199  Bombus_tibetanus             20.84%    passed     99.81%
 200  Bombus_tichenkoi             52.01%    failed      0.03%
 201  Bombus_transversalis         21.77%    passed     97.40%
 202  Bombus_tricornis             21.64%    passed     88.48%
 203  Bombus_trifasciatus          21.71%    passed     98.98%
 204  Bombus_trinominatus          21.30%    passed     94.48%
 205  Bombus_tucumanus             20.67%    passed     87.10%
 206  Bombus_ussurensis            23.57%    passed     97.52%
 207  Bombus_vagans                20.90%    passed     96.69%
 208  Bombus_vandykei              21.86%    passed     97.22%
 209  Bombus_variabilis            21.90%    passed     99.73%
 210  Bombus_velox                 22.66%    passed     83.39%
 211  Bombus_vestalis              20.82%    passed     98.64%
 212  Bombus_veteranus             21.03%    passed     88.94%
 213  Bombus_vogti                 22.00%    passed     70.07%
 214  Bombus_volucelloides         41.23%    passed     12.68%
 215  Bombus_vorticosus            24.35%    passed     99.62%
 216  Bombus_vosnesenskii          23.30%    passed     99.84%
 217  Bombus_waltoni               21.50%    passed     98.64%
 218  Bombus_weisi                 23.59%    passed     97.73%
 219  Bombus_wilmattae             21.75%    passed     98.08%
 220  Bombus_wurflenii             21.71%    passed     97.48%
 221  Bombus_zonatus               21.60%    passed     84.02%
 222  Euglossa_imperialis          51.25%    passed     42.20%
 223  Eulaema_boliviensis          35.92%    passed     51.34%
 224  Geniotrigona_thoracica       31.09%    passed     51.06%
 225  Heterotrigona_itama          30.56%    passed     17.63%
 226  Hypotrigona_gribodoi         39.22%    failed      2.75%
 227  Liotrigona_mahafalya         49.00%    passed     12.41%
 228  Plebeia_frontalis            38.06%    passed     24.32%
 229  Trigona_amazonensis          36.59%    passed     22.23%
WARNING: 9 sequences contain more than 50% gaps/ambiguity
****  TOTAL                        23.70%  8 sequences failed composition chi2 test (p-value<5%; df=3)
Checking for duplicate sequences: done in 0.00302315 secs using 64.01% CPU


Create initial parsimony tree by phylogenetic likelihood library (PLL)... 0.103 seconds
Perform fast likelihood tree search using GTR+I+G model...
Estimate model parameters (epsilon = 5.000)
Perform nearest neighbor interchange...
Estimate model parameters (epsilon = 1.000)
1. Initial log-likelihood: -54144.958
Optimal log-likelihood: -54144.791
Rate parameters:  A-C: 0.79509  A-G: 10.31067  A-T: 3.37425  C-G: 1.31068  C-T: 7.01428  G-T: 1.00000
Base frequencies:  A: 0.312  C: 0.177  G: 0.192  T: 0.319
Proportion of invariable sites: 0.292
Gamma shape alpha: 0.375
Parameters optimization took 1 rounds (0.998 sec)
Time for fast ML tree search: 15.458 seconds

NOTE: ModelFinder requires 191 MB RAM!
ModelFinder will test up to 968 DNA models (sample size: 4722 epsilon: 0.100) ...
 No. Model         -LnL         df  AIC          AICc         BIC
  1  JC            63001.370    455 126912.740   127010.011   129852.034
  2  JC+I          59637.517    456 120187.034   120284.756   123132.789
  3  JC+G4         57340.711    456 115593.423   115691.145   118539.177
  4  JC+I+G4       57167.006    457 115248.013   115346.186   118200.227
  5  JC+R2         58194.149    457 117302.298   117400.472   120254.513
  6  JC+R3         56703.380    459 114324.760   114423.840   117289.894
  7  JC+R4         56529.454    461 113980.909   114080.900   116958.963
  8  JC+R5         56489.936    463 113905.872   114006.779   116896.846
  9  JC+R6         56489.044    465 113908.089   114009.917   116911.983
 14  JC+I+R2       56905.614    458 114727.229   114825.855   117685.903
 15  JC+I+R3       56573.294    460 114066.587   114166.122   117038.181
 16  JC+I+R4       56498.707    462 113921.414   114021.863   116905.928
 17  JC+I+R5       56486.963    464 113901.926   114003.293   116899.361
 18  JC+I+R6       56486.433    466 113904.867   114007.157   116915.221
 30  JC+R5         56489.936    463 113905.872   114006.779   116896.846
 38  JC+I+R4       56498.707    462 113921.414   114021.863   116905.928
 39  JC+I+R5       56486.963    464 113901.926   114003.293   116899.361
 52  F81+R5        56489.776    463 113905.552   114006.460   116896.527
 60  F81+I+R4      56498.668    462 113921.337   114021.785   116905.851
 61  F81+I+R5      56486.830    464 113901.660   114003.027   116899.095
 74  F81+F+R5      55854.698    466 112641.396   112743.686   115651.750
 82  F81+F+I+R4    55861.550    465 112653.100   112754.928   115656.994
 83  F81+F+I+R5    55845.671    467 112625.341   112728.094   115642.156
 96  K2P+R5        54842.712    464 110613.424   110714.791   113610.858
104  K2P+I+R4      54853.956    463 110633.912   110734.820   113624.886
105  K2P+I+R5      54840.137    465 110610.275   110712.103   113614.169
118  K2P+R5        54842.712    464 110613.424   110714.791   113610.858
126  K2P+I+R4      54853.956    463 110633.912   110734.820   113624.886
127  K2P+I+R5      54840.137    465 110610.275   110712.103   113614.169
140  HKY+R5        54842.598    464 110613.197   110714.564   113610.631
148  HKY+I+R4      54853.869    463 110633.738   110734.645   113624.712
149  HKY+I+R5      54840.022    465 110610.044   110711.872   113613.938
162  HKY+F+R5      53815.478    467 108564.957   108667.710   111581.771
170  HKY+F+I+R4    53833.821    466 108599.642   108701.932   111609.996
171  HKY+F+I+R5    53798.228    468 108532.455   108635.673   111555.730
184  TNe+R5        54812.601    465 110555.202   110657.030   113559.097
192  TNe+I+R4      54825.050    464 110578.100   110679.467   113575.534
193  TNe+I+R5      54811.068    466 110554.136   110656.426   113564.491
206  TNe+R5        54812.601    465 110555.202   110657.030   113559.097
214  TNe+I+R4      54825.050    464 110578.100   110679.467   113575.534
215  TNe+I+R5      54811.068    466 110554.136   110656.426   113564.491
228  TN+R5         54812.506    465 110555.013   110656.841   113558.907
236  TN+I+R4       54824.948    464 110577.896   110679.264   113575.331
237  TN+I+R5       54810.919    466 110553.839   110656.129   113564.193
250  TN+F+R5       53796.785    468 108529.570   108632.787   111552.844
258  TN+F+I+R4     53814.235    467 108562.471   108665.224   111579.285
259  TN+F+I+R5     53781.365    469 108500.729   108604.412   111530.464
272  K3P+R5        54375.390    465 109680.780   109782.608   112684.674
280  K3P+I+R4      54385.920    464 109699.839   109801.206   112697.274
281  K3P+I+R5      54372.722    466 109677.443   109779.733   112687.797
294  K3P+R5        54375.390    465 109680.780   109782.608   112684.674
302  K3P+I+R4      54385.920    464 109699.839   109801.206   112697.274
303  K3P+I+R5      54372.722    466 109677.443   109779.733   112687.797
316  K3Pu+R5       54375.281    465 109680.562   109782.390   112684.456
324  K3Pu+I+R4     54385.916    464 109699.832   109801.199   112697.266
325  K3Pu+I+R5     54372.616    466 109677.233   109779.523   112687.587
338  K3Pu+F+R5     53550.665    468 108037.330   108140.547   111060.604
346  K3Pu+F+I+R4   53560.993    467 108055.986   108158.739   111072.800
347  K3Pu+F+I+R5   53535.686    469 108009.372   108113.055   111039.107
360  TPM2+R5       54546.617    465 110023.234   110125.062   113027.128
368  TPM2+I+R4     54559.348    464 110046.696   110148.063   113044.130
369  TPM2+I+R5     54546.237    466 110024.474   110126.764   113034.828
382  TPM2+R5       54546.617    465 110023.234   110125.062   113027.128
390  TPM2+I+R4     54559.348    464 110046.696   110148.063   113044.130
391  TPM2+I+R5     54546.237    466 110024.474   110126.764   113034.828
404  TPM2u+R5      54546.512    465 110023.024   110124.852   113026.919
412  TPM2u+I+R4    54559.328    464 110046.656   110148.023   113044.090
413  TPM2u+I+R5    54546.057    466 110024.114   110126.404   113034.468
426  TPM2u+F+R5    53715.624    468 108367.247   108470.465   111390.521
434  TPM2u+F+I+R4  53727.213    467 108388.426   108491.179   111405.241
435  TPM2u+F+I+R5  53701.008    469 108340.016   108443.699   111369.750
448  TPM3+R5       54446.836    465 109823.672   109925.500   112827.566
456  TPM3+I+R4     54460.039    464 109848.077   109949.444   112845.511
457  TPM3+I+R5     54438.053    466 109808.106   109910.396   112818.460
470  TPM3+R5       54446.836    465 109823.672   109925.500   112827.566
478  TPM3+I+R4     54460.039    464 109848.077   109949.444   112845.511
479  TPM3+I+R5     54438.053    466 109808.106   109910.396   112818.460
492  TPM3u+R5      54446.691    465 109823.382   109925.210   112827.277
500  TPM3u+I+R4    54459.893    464 109847.786   109949.153   112845.220
501  TPM3u+I+R5    54437.967    466 109807.933   109910.223   112818.288
514  TPM3u+F+R5    53690.601    468 108317.202   108420.420   111340.477
522  TPM3u+F+I+R4  53699.605    467 108333.209   108435.962   111350.023
523  TPM3u+F+I+R5  53674.031    469 108286.062   108389.745   111315.797
536  TIMe+R5       54346.070    466 109624.140   109726.430   112634.495
544  TIMe+I+R4     54356.987    465 109643.975   109745.803   112647.869
545  TIMe+I+R5     54344.358    467 109622.717   109725.470   112639.531
558  TIMe+R5       54346.070    466 109624.140   109726.430   112634.494
566  TIMe+I+R4     54356.987    465 109643.975   109745.803   112647.869
567  TIMe+I+R5     54344.358    467 109622.717   109725.470   112639.531
580  TIM+R5        54345.962    466 109623.924   109726.214   112634.278
588  TIM+I+R4      54356.912    465 109643.824   109745.652   112647.719
589  TIM+I+R5      54344.200    467 109622.399   109725.153   112639.214
602  TIM+F+R5      53530.661    469 107999.323   108103.006   111029.057
610  TIM+F+I+R4    53542.657    468 108021.314   108124.532   111044.589
611  TIM+F+I+R5    53516.873    470 107973.746   108077.895   111009.940
624  TIM2e+R5      54512.338    466 109956.676   110058.966   112967.030
632  TIM2e+I+R4    54524.243    465 109978.485   110080.313   112982.380
633  TIM2e+I+R5    54512.032    467 109958.064   110060.817   112974.878
646  TIM2e+R5      54512.338    466 109956.676   110058.966   112967.030
654  TIM2e+I+R4    54524.243    465 109978.485   110080.313   112982.380
655  TIM2e+I+R5    54512.032    467 109958.064   110060.817   112974.878
668  TIM2+R5       54512.236    466 109956.472   110058.762   112966.826
676  TIM2+I+R4     54524.169    465 109978.338   110080.166   112982.232
677  TIM2+I+R5     54511.902    467 109957.805   110060.558   112974.619
690  TIM2+F+R5     53699.598    469 108337.196   108440.879   111366.930
698  TIM2+F+I+R4   53709.986    468 108355.973   108459.190   111379.247
699  TIM2+F+I+R5   53685.779    470 108311.557   108415.707   111347.751
712  TIM3e+R5      54417.740    466 109767.479   109869.769   112777.833
720  TIM3e+I+R4    54429.800    465 109789.601   109891.429   112793.495
721  TIM3e+I+R5    54413.974    467 109761.949   109864.702   112778.763
734  TIM3e+R5      54417.740    466 109767.479   109869.769   112777.833
742  TIM3e+I+R4    54429.800    465 109789.601   109891.429   112793.495
743  TIM3e+I+R5    54413.974    467 109761.949   109864.702   112778.763
756  TIM3+R5       54417.576    466 109767.153   109869.443   112777.507
764  TIM3+I+R4     54429.752    465 109789.504   109891.332   112793.399
765  TIM3+I+R5     54413.928    467 109761.855   109864.608   112778.669
778  TIM3+F+R5     53664.664    469 108267.327   108371.010   111297.061
786  TIM3+F+I+R4   53679.070    468 108294.141   108397.358   111317.415
787  TIM3+F+I+R5   53650.516    470 108241.032   108345.182   111277.226
800  TVMe+R5       54009.537    467 108953.075   109055.828   111969.889
808  TVMe+I+R4     54026.150    466 108984.301   109086.591   111994.655
809  TVMe+I+R5     54008.988    468 108953.975   109057.193   111977.250
822  TVMe+R5       54009.537    467 108953.075   109055.828   111969.889
830  TVMe+I+R4     54026.150    466 108984.301   109086.591   111994.655
831  TVMe+I+R5     54008.988    468 108953.975   109057.193   111977.250
844  TVM+R5        54009.454    467 108952.909   109055.662   111969.723
852  TVM+I+R4      54026.139    466 108984.278   109086.568   111994.632
853  TVM+I+R5      54008.591    468 108953.183   109056.400   111976.457
866  TVM+F+R5      53482.475    470 107904.950   108009.100   110941.145
874  TVM+F+I+R4    53492.600    469 107923.200   108026.883   110952.934
875  TVM+F+I+R5    53474.379    471 107890.759   107995.376   110933.413
888  SYM+R5        53975.017    468 108886.034   108989.251   111909.308
896  SYM+I+R4      53987.608    467 108909.216   109011.969   111926.030
897  SYM+I+R5      53978.108    469 108894.217   108997.900   111923.951
910  SYM+R5        53975.017    468 108886.034   108989.251   111909.308
918  SYM+I+R4      53987.608    467 108909.216   109011.969   111926.030
919  SYM+I+R5      53978.108    469 108894.217   108997.900   111923.951
932  GTR+R5        53974.867    468 108885.735   108988.952   111909.009
940  GTR+I+R4      53987.594    467 108909.187   109011.941   111926.002
941  GTR+I+R5      53978.019    469 108894.038   108997.721   111923.773
954  GTR+F+R5      53459.800    471 107861.599   107966.217   110904.253
962  GTR+F+I+R4    53472.851    470 107885.702   107989.852   110921.897
963  GTR+F+I+R5    53452.216    472 107848.432   107953.518   110897.546
Akaike Information Criterion:           GTR+F+I+R5
Corrected Akaike Information Criterion: GTR+F+I+R5
Bayesian Information Criterion:         GTR+F+I+R5
Best-fit model: GTR+F+I+R5 chosen according to BIC

All model information printed to results/dna_M2931_229_4722.phy/output_files/iqtree/inference/pars_2.model.gz
CPU time for ModelFinder: 3666.417 seconds (1h:1m:6s)
Wall-clock time for ModelFinder: 3676.542 seconds (1h:1m:16s)

NOTE: 95 MB RAM (0 GB) is required!
Estimate model parameters (epsilon = 0.010)
1. Initial log-likelihood: -53452.216
2. Current log-likelihood: -53452.151
3. Current log-likelihood: -53452.092
4. Current log-likelihood: -53452.049
5. Current log-likelihood: -53452.021
6. Current log-likelihood: -53452.006
7. Current log-likelihood: -53451.993
Optimal log-likelihood: -53451.980
Rate parameters:  A-C: 0.85640  A-G: 10.04821  A-T: 3.25676  C-G: 1.47105  C-T: 7.73936  G-T: 1.00000
Base frequencies:  A: 0.312  C: 0.177  G: 0.192  T: 0.319
Proportion of invariable sites: 0.390
Site proportion and rates:  (0.296,0.370) (0.246,1.317) (0.035,3.496) (0.019,9.637) (0.013,19.738)
Parameters optimization took 7 rounds (19.176 sec)
Wrote distance file to... 
BEST SCORE FOUND : -53451.980
Total tree length: 3.500

Total number of iterations: 0
CPU time used for tree search: 0.000 sec (0h:0m:0s)
Wall-clock time used for tree search: 0.000 sec (0h:0m:0s)
Total CPU time used: 3685.620 sec (1h:1m:25s)
Total wall-clock time used: 3695.822 sec (1h:1m:35s)

Analysis results written to: 
  IQ-TREE report:                results/dna_M2931_229_4722.phy/output_files/iqtree/inference/pars_2.iqtree
  Maximum-likelihood tree:       results/dna_M2931_229_4722.phy/output_files/iqtree/inference/pars_2.treefile
  Screen log file:               results/dna_M2931_229_4722.phy/output_files/iqtree/inference/pars_2.log

Date and Time: Sun Sep 21 00:09:23 2025
