IQ-TREE version 3.0.1 for Linux x86 64-bit built Sep 12 2025
Developed by Bui Quang Minh, Thomas Wong, Nhan Ly-Trong, Huaiyan Ren
Contributed by Lam-Tung Nguyen, Dominik Schrempf, Chris Bielow,
Olga Chernomor, Michael Woodhams, Diep Thi Hoang, Heiko Schmidt

Host:    suny-Precision-5530 (AVX2, FMA3, 15 GB RAM)
Command: /usr/local/bin/iqtree3 -s /home/suny/Downloads/VAN_TRAINING_DATA/data1/dna_M2931_229_4722.phy -pre results/dna_M2931_229_4722.phy/output_files/iqtree/inference/pars_9 -seed 9 -ninit 1 -T 1 -redo -n 0
Seed:    9 (Using SPRNG - Scalable Parallel Random Number Generator)
Time:    Sat Sep 20 18:30:11 2025
Kernel:  AVX+FMA - 1 threads (12 CPU cores detected)

HINT: Use -nt option to specify number of threads because your CPU has 12 cores!
HINT: -nt AUTO will automatically determine the best number of threads to use.

Reading alignment file /home/suny/Downloads/VAN_TRAINING_DATA/data1/dna_M2931_229_4722.phy ... Phylip format detected
Alignment most likely contains DNA/RNA sequences
Constructing alignment: done in 0.0188 secs using 89.04% CPU
Alignment has 229 sequences with 4722 columns, 2573 distinct patterns
1615 parsimony-informative, 388 singleton sites, 2719 constant sites
                            Gap/Ambiguity  Composition  p-value
Analyzing sequences: done in 0.00282127 secs using 99.92% CPU
   1  Apis_dorsata                 41.63%    failed      0.24%
   2  Apis_mellifera               38.54%    passed     15.86%
   3  Bombus_affinis               21.07%    passed     97.81%
   4  Bombus_alagesianus           21.30%    passed     99.12%
   5  Bombus_alboanalis            20.25%    passed     93.65%
   6  Bombus_alpinus               20.29%    passed     96.98%
   7  Bombus_apollineus            22.00%    passed     99.49%
   8  Bombus_appositus             20.35%    passed     99.11%
   9  Bombus_ardens                21.79%    passed     99.97%
  10  Bombus_argillaceus           19.97%    passed     93.55%
  11  Bombus_armeniacus            20.14%    passed     93.76%
  12  Bombus_ashtoni               22.32%    passed     99.80%
  13  Bombus_asiaticus             24.25%    passed     99.51%
  14  Bombus_atratus               23.06%    passed     90.47%
  15  Bombus_atripes               21.86%    passed     98.50%
  16  Bombus_auricomus             25.52%    passed     73.58%
  17  Bombus_avanus                21.18%    passed     86.16%
  18  Bombus_avinoviellus          21.86%    passed     91.70%
  19  Bombus_baeri                 21.66%    passed     94.44%
  20  Bombus_balteatus             20.44%    passed     97.52%
  21  Bombus_barbutellus           20.67%    passed     99.28%
  22  Bombus_beaticola             52.20%    failed      0.47%
  23  Bombus_bellicosus            22.77%    passed     92.63%
  24  Bombus_bicoloratus           23.80%    passed     98.91%
  25  Bombus_bifarius              23.38%    passed     98.82%
  26  Bombus_bimaculatus           21.96%    passed     97.59%
  27  Bombus_biroi                 21.50%    passed     99.81%
  28  Bombus_bohemicus             22.32%    passed     99.77%
  29  Bombus_borealis              22.89%    passed     91.67%
  30  Bombus_brachycephalus        20.10%    passed     98.71%
  31  Bombus_brasiliensis          26.79%    passed     93.56%
  32  Bombus_breviceps             20.22%    passed     94.35%
  33  Bombus_brodmannicus          20.14%    passed     98.21%
  34  Bombus_californicus          21.64%    passed     98.81%
  35  Bombus_caliginosus           21.83%    passed     95.63%
  36  Bombus_campestris            22.43%    passed     82.93%
  37  Bombus_centralis             20.39%    passed     97.53%
  38  Bombus_chinensis             20.88%    passed     99.78%
  39  Bombus_cingulatus            23.82%    passed     92.02%
  40  Bombus_citrinus              23.59%    passed     93.41%
  41  Bombus_coccineus             20.39%    passed     99.49%
  42  Bombus_confusus              23.74%    passed     99.93%
  43  Bombus_consobrinus           21.45%    passed     99.05%
  44  Bombus_convexus              22.51%    passed     85.81%
  45  Bombus_cornutus              29.50%    passed     87.90%
  46  Bombus_crotchii              22.13%    passed     99.32%
  47  Bombus_cryptarum             21.05%    passed     96.02%
  48  Bombus_dahlbomii             21.66%    passed     99.57%
  49  Bombus_defector              51.91%    failed      0.76%
  50  Bombus_deuteronymus          23.87%    passed     80.66%
  51  Bombus_difficillimus         20.08%    passed     95.35%
  52  Bombus_digressus             25.56%    passed     99.64%
  53  Bombus_diligens              22.22%    passed     98.57%
  54  Bombus_distinguendus         20.54%    passed     99.26%
  55  Bombus_diversus              22.15%    passed     97.52%
  56  Bombus_ecuadorius            20.63%    passed     89.86%
  57  Bombus_ephippiatus           21.81%    passed     99.92%
  58  Bombus_erzurumensis          20.10%    passed     95.57%
  59  Bombus_excellens             22.66%    passed     89.22%
  60  Bombus_exil                  23.25%    passed     96.56%
  61  Bombus_eximius               20.16%    passed     96.05%
  62  Bombus_fernaldae             22.30%    passed     99.41%
  63  Bombus_fervidus              22.32%    passed     91.58%
  64  Bombus_festivus              19.82%    passed     97.02%
  65  Bombus_filchnerae            20.20%    passed     77.87%
  66  Bombus_flavescens            21.77%    passed     97.97%
  67  Bombus_flavidus              20.84%    passed     99.70%
  68  Bombus_flavifrons            21.83%    passed     92.65%
  69  Bombus_formosellus           51.99%    failed      0.10%
  70  Bombus_fragrans              20.22%    passed     81.73%
  71  Bombus_franklini             21.52%    passed     91.41%
  72  Bombus_fraternus             22.22%    passed     91.76%
  73  Bombus_frigidus              20.37%    passed     93.46%
  74  Bombus_friseanus             20.16%    passed     96.81%
  75  Bombus_funebris              20.84%    passed     94.06%
  76  Bombus_funerarius            17.77%    passed     22.15%
  77  Bombus_gerstaeckeri          20.14%    passed     94.25%
  78  Bombus_grahami               24.74%    passed     96.32%
  79  Bombus_griseocollis          22.13%    passed     95.52%
  80  Bombus_haematurus            66.62%    passed     28.92%
  81  Bombus_haemorrhoidalis       17.03%    passed     82.40%
  82  Bombus_handlirschi           23.30%    passed     92.84%
  83  Bombus_handlirschianus       20.94%    passed     98.45%
  84  Bombus_hedini                20.35%    passed     71.16%
  85  Bombus_honshuensis           52.16%    failed      0.86%
  86  Bombus_hortorum              21.39%    passed     97.75%
  87  Bombus_hortulanus            20.63%    passed     87.64%
  88  Bombus_humilis               22.43%    passed     86.62%
  89  Bombus_huntii                23.44%    passed     99.00%
  90  Bombus_hyperboreus           20.42%    passed     96.25%
  91  Bombus_hypnorum_China        20.84%    passed     99.11%
  92  Bombus_hypnorum_Europe       22.72%    passed     87.84%
  93  Bombus_hypocrita             22.47%    passed     87.89%
  94  Bombus_ignitus               22.34%    passed     90.23%
  95  Bombus_imitator              21.03%    passed     97.33%
  96  Bombus_impatiens             24.02%    passed     99.27%
  97  Bombus_impetuosus            21.98%    passed     78.34%
  98  Bombus_incertus              21.26%    passed     97.56%
  99  Bombus_infirmus              20.35%    passed     66.10%
 100  Bombus_infrequens            19.55%    passed     95.57%
 101  Bombus_insularis             23.59%    passed     96.46%
 102  Bombus_jonellus              20.16%    passed     88.89%
 103  Bombus_kashmirensis          20.14%    passed     91.11%
 104  Bombus_keriensis             20.01%    passed     96.61%
 105  Bombus_koreanus              21.50%    passed     98.76%
 106  Bombus_kulingensis           21.66%    passed     99.51%
 107  Bombus_ladakhensis           20.20%    passed     96.52%
 108  Bombus_laesus                22.55%    passed     98.37%
 109  Bombus_lapidarius            21.45%    passed     99.74%
 110  Bombus_lapponicus            21.98%    passed     95.03%
 111  Bombus_lemniscatus           20.94%    passed     93.64%
 112  Bombus_lepidus               20.03%    passed     94.37%
 113  Bombus_longipes              20.22%    passed     99.05%
 114  Bombus_lucorum_China         21.03%    passed     89.28%
 115  Bombus_lucorum_Europe        22.49%    passed     77.71%
 116  Bombus_macgregori            20.48%    passed     95.33%
 117  Bombus_maxillosus            20.58%    passed     99.06%
 118  Bombus_medius                23.04%    passed     97.33%
 119  Bombus_melaleucus            20.63%    passed     84.91%
 120  Bombus_melanopygus           23.32%    passed     99.62%
 121  Bombus_melanurus             23.78%    passed     97.19%
 122  Bombus_mendax                21.26%    passed     99.59%
 123  Bombus_mesomelas             20.52%    passed     89.56%
 124  Bombus_mexicanus             23.30%    passed     93.27%
 125  Bombus_miniatus              21.39%    passed     99.56%
 126  Bombus_mixtus                21.73%    passed     92.90%
 127  Bombus_mlokosievitzii        21.26%    passed     96.42%
 128  Bombus_moderatus             21.07%    passed     93.73%
 129  Bombus_modestus_China        20.12%    passed     91.92%
 130  Bombus_modestus_Kazakhstan   19.89%    passed     93.52%
 131  Bombus_monticola             21.88%    passed     93.23%
 132  Bombus_morio                 21.50%    passed     86.70%
 133  Bombus_morrisoni             20.58%    passed     98.56%
 134  Bombus_mucidus               22.00%    passed     81.27%
 135  Bombus_muscorum              20.29%    passed     72.13%
 136  Bombus_neoboreus             20.35%    passed     97.21%
 137  Bombus_nevadensis            26.87%    passed     61.60%
 138  Bombus_niveatus              22.94%    passed     95.76%
 139  Bombus_nobilis               20.14%    passed     96.18%
 140  Bombus_norvegicus            20.92%    passed     99.50%
 141  Bombus_oberti                20.65%    passed     93.02%
 142  Bombus_occidentalis          20.99%    passed     91.98%
 143  Bombus_opifex                20.20%    passed     97.37%
 144  Bombus_parthenius            20.82%    passed     96.16%
 145  Bombus_pascuorum             21.88%    passed     67.85%
 146  Bombus_patagiatus            22.47%    passed     87.99%
 147  Bombus_pensylvanicus_1       20.25%    passed     99.11%
 148  Bombus_pensylvanicus_2       20.08%    passed     96.59%
 149  Bombus_perplexus             22.11%    passed     94.36%
 150  Bombus_persicus              21.58%    passed     87.47%
 151  Bombus_personatus            20.16%    passed     99.19%
 152  Bombus_picipes               19.38%    passed     94.29%
 153  Bombus_polaris               24.02%    passed     99.15%
 154  Bombus_pomorum               20.20%    passed     85.22%
 155  Bombus_portchinsky           21.20%    passed     88.84%
 156  Bombus_potanini              21.56%    passed     81.43%
 157  Bombus_pratorum              22.87%    passed     99.93%
 158  Bombus_pressus               66.65%    passed     21.07%
 159  Bombus_pseudobaicalensis     20.35%    passed     68.85%
 160  Bombus_pullatus              21.58%    passed     97.77%
 161  Bombus_pyrenaeus             20.18%    passed     95.73%
 162  Bombus_quadricolor           20.84%    passed     99.31%
 163  Bombus_religiosus            24.29%    passed     74.34%
 164  Bombus_remotus               21.52%    passed     86.08%
 165  Bombus_robustus              21.88%    passed     87.72%
 166  Bombus_rubicundus            20.22%    passed     99.66%
 167  Bombus_ruderarius            22.47%    passed     70.83%
 168  Bombus_ruderatus             21.41%    passed     96.43%
 169  Bombus_rufocinctus           22.02%    passed     82.35%
 170  Bombus_rufofasciatus         20.90%    passed     99.46%
 171  Bombus_rupestris             22.36%    passed     98.99%
 172  Bombus_sandersoni            20.65%    passed     94.00%
 173  Bombus_schrencki             22.81%    passed     57.33%
 174  Bombus_securus               19.91%    passed     97.46%
 175  Bombus_semenoviellus         21.33%    passed     97.22%
 176  Bombus_shaposhnikovi         20.94%    passed     98.39%
 177  Bombus_sibiricus             23.00%    passed     90.70%
 178  Bombus_sichelii              28.84%    passed     87.89%
 179  Bombus_simillimus            20.03%    passed     92.43%
 180  Bombus_sitkensis             20.27%    passed     92.93%
 181  Bombus_skorikovi             20.84%    passed     99.07%
 182  Bombus_sonani                51.97%    failed      0.13%
 183  Bombus_sonorus_Arizona       20.48%    passed     99.73%
 184  Bombus_sonorus_Mexico        21.18%    passed     95.21%
 185  Bombus_soroeensis            22.09%    passed     98.71%
 186  Bombus_sporadicus            22.49%    passed     97.91%
 187  Bombus_steindachneri         21.54%    passed     97.58%
 188  Bombus_subterraneus          21.54%    passed     85.84%
 189  Bombus_suckleyi              20.82%    passed     99.39%
 190  Bombus_sulfureus             23.06%    passed     94.69%
 191  Bombus_supremus              20.18%    passed     98.01%
 192  Bombus_sushkini              21.56%    passed     97.36%
 193  Bombus_sylvarum              21.94%    passed     86.83%
 194  Bombus_sylvestris            21.83%    passed     98.35%
 195  Bombus_sylvicola             22.49%    passed     96.56%
 196  Bombus_ternarius             23.27%    passed     99.11%
 197  Bombus_terrestris            22.66%    passed     94.39%
 198  Bombus_terricola             22.45%    passed     86.45%
 199  Bombus_tibetanus             20.84%    passed     99.81%
 200  Bombus_tichenkoi             52.01%    failed      0.03%
 201  Bombus_transversalis         21.77%    passed     97.40%
 202  Bombus_tricornis             21.64%    passed     88.48%
 203  Bombus_trifasciatus          21.71%    passed     98.98%
 204  Bombus_trinominatus          21.30%    passed     94.48%
 205  Bombus_tucumanus             20.67%    passed     87.10%
 206  Bombus_ussurensis            23.57%    passed     97.52%
 207  Bombus_vagans                20.90%    passed     96.69%
 208  Bombus_vandykei              21.86%    passed     97.22%
 209  Bombus_variabilis            21.90%    passed     99.73%
 210  Bombus_velox                 22.66%    passed     83.39%
 211  Bombus_vestalis              20.82%    passed     98.64%
 212  Bombus_veteranus             21.03%    passed     88.94%
 213  Bombus_vogti                 22.00%    passed     70.07%
 214  Bombus_volucelloides         41.23%    passed     12.68%
 215  Bombus_vorticosus            24.35%    passed     99.62%
 216  Bombus_vosnesenskii          23.30%    passed     99.84%
 217  Bombus_waltoni               21.50%    passed     98.64%
 218  Bombus_weisi                 23.59%    passed     97.73%
 219  Bombus_wilmattae             21.75%    passed     98.08%
 220  Bombus_wurflenii             21.71%    passed     97.48%
 221  Bombus_zonatus               21.60%    passed     84.02%
 222  Euglossa_imperialis          51.25%    passed     42.20%
 223  Eulaema_boliviensis          35.92%    passed     51.34%
 224  Geniotrigona_thoracica       31.09%    passed     51.06%
 225  Heterotrigona_itama          30.56%    passed     17.63%
 226  Hypotrigona_gribodoi         39.22%    failed      2.75%
 227  Liotrigona_mahafalya         49.00%    passed     12.41%
 228  Plebeia_frontalis            38.06%    passed     24.32%
 229  Trigona_amazonensis          36.59%    passed     22.23%
WARNING: 9 sequences contain more than 50% gaps/ambiguity
****  TOTAL                        23.70%  8 sequences failed composition chi2 test (p-value<5%; df=3)
Checking for duplicate sequences: done in 0.00323549 secs using 68.12% CPU


Create initial parsimony tree by phylogenetic likelihood library (PLL)... 0.105 seconds
Perform fast likelihood tree search using GTR+I+G model...
Estimate model parameters (epsilon = 5.000)
Perform nearest neighbor interchange...
Estimate model parameters (epsilon = 1.000)
1. Initial log-likelihood: -54141.935
Optimal log-likelihood: -54141.745
Rate parameters:  A-C: 0.79710  A-G: 10.47176  A-T: 3.39885  C-G: 1.32141  C-T: 7.06807  G-T: 1.00000
Base frequencies:  A: 0.312  C: 0.177  G: 0.192  T: 0.319
Proportion of invariable sites: 0.292
Gamma shape alpha: 0.375
Parameters optimization took 1 rounds (1.387 sec)
Time for fast ML tree search: 16.993 seconds

NOTE: ModelFinder requires 191 MB RAM!
ModelFinder will test up to 968 DNA models (sample size: 4722 epsilon: 0.100) ...
 No. Model         -LnL         df  AIC          AICc         BIC
  1  JC            63010.432    455 126930.864   127028.136   129870.159
  2  JC+I          59644.958    456 120201.916   120299.638   123147.670
  3  JC+G4         57343.532    456 115599.064   115696.785   118544.818
  4  JC+I+G4       57167.916    457 115249.832   115348.005   118202.046
  5  JC+R2         58187.066    457 117288.131   117386.305   120240.346
  6  JC+R3         56706.755    459 114331.511   114430.591   117296.645
  7  JC+R4         56530.888    461 113983.777   114083.768   116961.831
  8  JC+R5         56488.998    463 113903.997   114004.904   116894.971
  9  JC+R6         56488.061    465 113906.123   114007.951   116910.017
 14  JC+I+R2       56906.639    458 114729.278   114827.904   117687.952
 15  JC+I+R3       56571.089    460 114062.179   114161.714   117033.773
 16  JC+I+R4       56497.687    462 113919.375   114019.824   116903.889
 17  JC+I+R5       56485.984    464 113899.968   114001.335   116897.402
 18  JC+I+R6       56485.413    466 113902.826   114005.116   116913.180
 30  JC+R5         56488.998    463 113903.997   114004.904   116894.971
 38  JC+I+R4       56497.687    462 113919.375   114019.824   116903.889
 39  JC+I+R5       56485.984    464 113899.968   114001.335   116897.402
 52  F81+R5        56488.832    463 113903.663   114004.571   116894.637
 60  F81+I+R4      56497.578    462 113919.156   114019.605   116903.670
 61  F81+I+R5      56485.845    464 113899.689   114001.056   116897.124
 74  F81+F+R5      55852.564    466 112637.127   112739.417   115647.481
 82  F81+F+I+R4    55860.192    465 112650.384   112752.212   115654.279
 83  F81+F+I+R5    55844.026    467 112622.053   112724.806   115638.867
 96  K2P+R5        54836.375    464 110600.751   110702.118   113598.185
104  K2P+I+R4      54847.354    463 110620.708   110721.615   113611.682
105  K2P+I+R5      54833.654    465 110597.308   110699.137   113601.203
118  K2P+R5        54836.375    464 110600.751   110702.118   113598.185
126  K2P+I+R4      54847.354    463 110620.708   110721.615   113611.682
127  K2P+I+R5      54833.654    465 110597.308   110699.137   113601.203
140  HKY+R5        54836.251    464 110600.502   110701.869   113597.936
148  HKY+I+R4      54847.286    463 110620.571   110721.479   113611.545
149  HKY+I+R5      54833.538    465 110597.075   110698.903   113600.969
162  HKY+F+R5      53808.284    467 108550.569   108653.322   111567.383
170  HKY+F+I+R4    53825.829    466 108583.658   108685.948   111594.013
171  HKY+F+I+R5    53791.425    468 108518.849   108622.067   111542.123
184  TNe+R5        54806.137    465 110542.273   110644.101   113546.168
192  TNe+I+R4      54818.079    464 110564.157   110665.524   113561.591
193  TNe+I+R5      54804.396    466 110540.793   110643.083   113551.147
206  TNe+R5        54806.137    465 110542.273   110644.101   113546.168
214  TNe+I+R4      54818.079    464 110564.157   110665.524   113561.591
215  TNe+I+R5      54804.396    466 110540.793   110643.083   113551.147
228  TN+R5         54806.050    465 110542.100   110643.928   113545.994
236  TN+I+R4       54817.994    464 110563.987   110665.355   113561.422
237  TN+I+R5       54804.264    466 110540.529   110642.819   113550.883
250  TN+F+R5       53789.931    468 108515.862   108619.079   111539.136
258  TN+F+I+R4     53806.987    467 108547.974   108650.728   111564.789
259  TN+F+I+R5     53774.770    469 108487.539   108591.222   111517.273
272  K3P+R5        54368.861    465 109667.722   109769.550   112671.616
280  K3P+I+R4      54379.257    464 109686.514   109787.881   112683.949
281  K3P+I+R5      54366.092    466 109664.184   109766.474   112674.538
294  K3P+R5        54368.861    465 109667.722   109769.550   112671.616
302  K3P+I+R4      54379.257    464 109686.514   109787.881   112683.949
303  K3P+I+R5      54366.092    466 109664.184   109766.474   112674.538
316  K3Pu+R5       54368.742    465 109667.484   109769.312   112671.378
324  K3Pu+I+R4     54379.254    464 109686.508   109787.875   112683.943
325  K3Pu+I+R5     54365.968    466 109663.937   109766.227   112674.291
338  K3Pu+F+R5     53542.678    468 108021.356   108124.573   111044.630
346  K3Pu+F+I+R4   53552.862    467 108039.723   108142.476   111056.538
347  K3Pu+F+I+R5   53527.955    469 107993.910   108097.593   111023.644
360  TPM2+R5       54546.473    465 110022.945   110124.773   113026.840
368  TPM2+I+R4     54558.420    464 110044.840   110146.207   113042.275
369  TPM2+I+R5     54546.203    466 110024.406   110126.696   113034.761
382  TPM2+R5       54546.473    465 110022.945   110124.773   113026.840
390  TPM2+I+R4     54558.420    464 110044.840   110146.207   113042.275
391  TPM2+I+R5     54546.203    466 110024.406   110126.696   113034.761
404  TPM2u+R5      54546.375    465 110022.750   110124.578   113026.644
412  TPM2u+I+R4    54558.416    464 110044.831   110146.198   113042.265
413  TPM2u+I+R5    54546.026    466 110024.052   110126.342   113034.406
426  TPM2u+F+R5    53710.877    468 108357.755   108460.972   111381.029
434  TPM2u+F+I+R4  53721.737    467 108377.475   108480.228   111394.289
435  TPM2u+F+I+R5  53696.687    469 108331.375   108435.058   111361.109
448  TPM3+R5       54439.995    465 109809.989   109911.817   112813.884
456  TPM3+I+R4     54453.546    464 109835.092   109936.459   112832.526
457  TPM3+I+R5     54431.883    466 109795.766   109898.056   112806.120
470  TPM3+R5       54439.995    465 109809.989   109911.817   112813.884
478  TPM3+I+R4     54453.546    464 109835.092   109936.459   112832.526
479  TPM3+I+R5     54431.883    466 109795.766   109898.056   112806.120
492  TPM3u+R5      54439.851    465 109809.703   109911.531   112813.597
500  TPM3u+I+R4    54453.441    464 109834.881   109936.248   112832.315
501  TPM3u+I+R5    54431.801    466 109795.601   109897.891   112805.956
514  TPM3u+F+R5    53682.802    468 108301.604   108404.821   111324.878
522  TPM3u+F+I+R4  53692.220    467 108318.440   108421.193   111335.254
523  TPM3u+F+I+R5  53666.743    469 108271.486   108375.169   111301.220
536  TIMe+R5       54339.657    466 109611.314   109713.604   112621.669
544  TIMe+I+R4     54350.048    465 109630.097   109731.925   112633.991
545  TIMe+I+R5     54337.484    467 109608.968   109711.721   112625.782
558  TIMe+R5       54339.657    466 109611.314   109713.604   112621.669
566  TIMe+I+R4     54350.048    465 109630.097   109731.925   112633.991
567  TIMe+I+R5     54337.484    467 109608.968   109711.721   112625.782
580  TIM+R5        54339.545    466 109611.090   109713.380   112621.445
588  TIM+I+R4      54349.977    465 109629.955   109731.783   112633.849
589  TIM+I+R5      54337.345    467 109608.689   109711.442   112625.503
602  TIM+F+R5      53523.255    469 107984.510   108088.193   111014.244
610  TIM+F+I+R4    53534.363    468 108004.725   108107.943   111027.999
611  TIM+F+I+R5    53509.292    470 107958.584   108062.734   110994.778
624  TIM2e+R5      54512.520    466 109957.041   110059.331   112967.395
632  TIM2e+I+R4    54523.353    465 109976.706   110078.534   112980.601
633  TIM2e+I+R5    54512.079    467 109958.158   110060.912   112974.973
646  TIM2e+R5      54512.520    466 109957.041   110059.331   112967.395
654  TIM2e+I+R4    54523.353    465 109976.706   110078.534   112980.601
655  TIM2e+I+R5    54512.079    467 109958.158   110060.912   112974.973
668  TIM2+R5       54512.418    466 109956.835   110059.125   112967.190
676  TIM2+I+R4     54523.350    465 109976.700   110078.528   112980.595
677  TIM2+I+R5     54511.885    467 109957.770   110060.523   112974.584
690  TIM2+F+R5     53695.564    469 108329.128   108432.811   111358.863
698  TIM2+F+I+R4   53704.789    468 108345.578   108448.795   111368.852
699  TIM2+F+I+R5   53681.691    470 108303.383   108407.533   111339.577
712  TIM3e+R5      54411.038    466 109754.075   109856.365   112764.430
720  TIM3e+I+R4    54422.473    465 109774.945   109876.773   112778.839
721  TIM3e+I+R5    54406.971    467 109747.943   109850.696   112764.757
734  TIM3e+R5      54411.038    466 109754.075   109856.365   112764.430
742  TIM3e+I+R4    54422.473    465 109774.945   109876.773   112778.839
743  TIM3e+I+R5    54406.971    467 109747.943   109850.696   112764.757
756  TIM3+R5       54410.904    466 109753.809   109856.099   112764.163
764  TIM3+I+R4     54422.425    465 109774.850   109876.678   112778.744
765  TIM3+I+R5     54406.900    467 109747.800   109850.553   112764.614
778  TIM3+F+R5     53657.538    469 108253.076   108356.759   111282.810
786  TIM3+F+I+R4   53671.747    468 108279.494   108382.711   111302.768
787  TIM3+F+I+R5   53643.434    470 108226.868   108331.018   111263.063
800  TVMe+R5       54006.648    467 108947.296   109050.049   111964.110
808  TVMe+I+R4     54022.147    466 108976.294   109078.584   111986.648
809  TVMe+I+R5     54004.699    468 108945.399   109048.616   111968.673
822  TVMe+R5       54006.648    467 108947.296   109050.049   111964.110
830  TVMe+I+R4     54022.147    466 108976.294   109078.584   111986.648
831  TVMe+I+R5     54004.699    468 108945.399   109048.616   111968.673
844  TVM+R5        54006.554    467 108947.108   109049.861   111963.922
852  TVM+I+R4      54022.133    466 108976.266   109078.556   111986.620
853  TVM+I+R5      54004.607    468 108945.215   109048.432   111968.489
866  TVM+F+R5      53475.227    470 107890.454   107994.603   110926.648
874  TVM+F+I+R4    53485.771    469 107909.543   108013.226   110939.277
875  TVM+F+I+R5    53467.382    471 107876.763   107981.380   110919.417
888  SYM+R5        53972.529    468 108881.059   108984.276   111904.333
896  SYM+I+R4      53983.858    467 108901.716   109004.470   111918.531
897  SYM+I+R5      53974.323    469 108886.645   108990.328   111916.380
910  SYM+R5        53972.529    468 108881.059   108984.276   111904.333
918  SYM+I+R4      53983.858    467 108901.716   109004.470   111918.531
919  SYM+I+R5      53974.323    469 108886.645   108990.328   111916.380
932  GTR+R5        53972.374    468 108880.748   108983.965   111904.022
940  GTR+I+R4      53983.842    467 108901.685   109004.438   111918.499
941  GTR+I+R5      53974.242    469 108886.484   108990.167   111916.218
954  GTR+F+R5      53453.314    471 107848.629   107953.246   110891.283
962  GTR+F+I+R4    53465.425    470 107870.850   107975.000   110907.045
963  GTR+F+I+R5    53445.583    472 107835.166   107940.253   110884.281
Akaike Information Criterion:           GTR+F+I+R5
Corrected Akaike Information Criterion: GTR+F+I+R5
Bayesian Information Criterion:         GTR+F+I+R5
Best-fit model: GTR+F+I+R5 chosen according to BIC

All model information printed to results/dna_M2931_229_4722.phy/output_files/iqtree/inference/pars_9.model.gz
CPU time for ModelFinder: 3213.166 seconds (0h:53m:33s)
Wall-clock time for ModelFinder: 3222.445 seconds (0h:53m:42s)

NOTE: 95 MB RAM (0 GB) is required!
Estimate model parameters (epsilon = 0.010)
1. Initial log-likelihood: -53445.583
2. Current log-likelihood: -53445.557
3. Current log-likelihood: -53445.541
Optimal log-likelihood: -53445.528
Rate parameters:  A-C: 0.84407  A-G: 10.05347  A-T: 3.25840  C-G: 1.48699  C-T: 7.77063  G-T: 1.00000
Base frequencies:  A: 0.312  C: 0.177  G: 0.192  T: 0.319
Proportion of invariable sites: 0.393
Site proportion and rates:  (0.298,0.381) (0.241,1.323) (0.035,3.488) (0.019,9.634) (0.013,19.793)
Parameters optimization took 3 rounds (7.172 sec)
Wrote distance file to... 
BEST SCORE FOUND : -53445.528
Total tree length: 3.502

Total number of iterations: 0
CPU time used for tree search: 0.000 sec (0h:0m:0s)
Wall-clock time used for tree search: 0.000 sec (0h:0m:0s)
Total CPU time used: 3220.399 sec (0h:53m:40s)
Total wall-clock time used: 3229.733 sec (0h:53m:49s)

Analysis results written to: 
  IQ-TREE report:                results/dna_M2931_229_4722.phy/output_files/iqtree/inference/pars_9.iqtree
  Maximum-likelihood tree:       results/dna_M2931_229_4722.phy/output_files/iqtree/inference/pars_9.treefile
  Screen log file:               results/dna_M2931_229_4722.phy/output_files/iqtree/inference/pars_9.log

Date and Time: Sat Sep 20 19:24:01 2025
