IQ-TREE version 3.0.1 for Linux x86 64-bit built Sep 18 2025
Developed by Bui Quang Minh, Thomas Wong, Nhan Ly-Trong, Huaiyan Ren
Contributed by Lam-Tung Nguyen, Dominik Schrempf, Chris Bielow,
Olga Chernomor, Michael Woodhams, Diep Thi Hoang, Heiko Schmidt

Host:    DESKTOP-UQIA48J (AVX2, FMA3, 7 GB RAM)
Command: /home/ngocminh/miniconda3/envs/pypythia/bin/iqtree3 -s Data/dna_M7054_222_6237.phy -pre data_training/dna_M7054_222_6237.phy/output_files/iqtree/inference/pars_18 -seed 18 -ninit 1 -T 1 -redo -n 0
Seed:    18 (Using SPRNG - Scalable Parallel Random Number Generator)
Time:    Sat Sep 20 12:11:08 2025
Kernel:  AVX+FMA - 1 threads (8 CPU cores detected)

HINT: Use -nt option to specify number of threads because your CPU has 8 cores!
HINT: -nt AUTO will automatically determine the best number of threads to use.

Reading alignment file Data/dna_M7054_222_6237.phy ... Phylip format detected
Alignment most likely contains DNA/RNA sequences
Constructing alignment: done in 0.0354866 secs using 47.05% CPU
Alignment has 222 sequences with 6237 columns, 3932 distinct patterns
2313 parsimony-informative, 776 singleton sites, 3148 constant sites
                                     Gap/Ambiguity  Composition  p-value
Analyzing sequences: done in 0.0130504 secs using 77.45% CPU
   1  Acharia_tragodes_EF135500             25.77%    failed      0.24%
   2  Acridocarpus_natalitius_AF344525      24.40%    failed      4.94%
   3  Allanblackia_232br                    19.88%    passed     96.98%
   4  Apinagia_longifolia_158br             22.61%    failed      0.05%
   5  Apinagia_riedelii_156br               27.45%    failed      0.72%
   6  Archytaea_multiflora_559cd            23.89%    passed     15.59%
   7  Averrhoa_carambola_FJ670048           34.18%    failed      0.01%
   8  Balanops_vieillardi_EF135505          25.54%    failed      0.34%
   9  Bonnetia_ahogadoi_560cd               57.17%    failed      0.00%
  10  Bonnetia_cubensis_381br               34.17%    failed      2.45%
  11  Bonnetia_paniculata1_open53br         34.10%    failed      3.56%
  12  Bonnetia_roraimae_BLANK               69.10%    passed     31.51%
  13  Bonnetia_sessilis_EF135509            12.86%    passed     20.37%
  14  Bonnetia_steyermarkii_BLANK           58.19%    passed     45.05%
  15  Bonnetia_stricta_83br                 36.72%    passed     19.31%
  16  Bonnetia_tepuiensis_BLANK             75.55%    failed      0.00%
  17  Bruguiera_gymnorhiza_EF135511         25.57%    passed     10.24%
  18  Calophyllum_biflorum_78br             25.25%    passed     95.81%
  19  Calophyllum_brasiliense_1cn           44.96%    passed     71.94%
  20  Calophyllum_castaneum_76br            20.25%    passed     84.86%
  21  Calophyllum_confertum_74br            20.35%    passed     78.68%
  22  Calophyllum_goniocarpum_31cn          24.18%    passed     50.72%
  23  Calophyllum_griseum_65br              20.35%    passed     77.77%
  24  Calophyllum_inophyllum_66br           20.35%    passed     76.57%
  25  Calophyllum_lanigerum_73br            20.36%    passed     85.41%
  26  Calophyllum_longifolium_421br         20.35%    passed     81.58%
  27  Calophyllum_soulattri_257cd           26.71%    passed     16.02%
  28  Calophyllum_teysmannii_77br           20.35%    passed     76.48%
  29  Calophyllum_verticillatum_498br       24.56%    passed     40.56%
  30  Calophyllum_vexans_33cn               20.35%    passed     80.39%
  31  Caraipa_densifolia_39cn               36.12%    passed     73.80%
  32  Caraipa_grandifolia_37cn              24.55%    passed     38.99%
  33  Caraipa_savannarum_15cn               23.89%    passed     49.19%
  34  Caraipa_tereticaulis_47cn             32.52%    failed      2.03%
  35  Caryocar_glabrum_EF135515             25.57%    failed      0.17%
  36  Castelnavia_monandra_157br            54.06%    failed      0.00%
  37  Celastrus_orbiculatus_EF135517        25.96%    failed      0.14%
  38  Centroplacus_glaucinus_FJ670002       24.15%    failed      1.39%
  39  Ceratolacis_pedunculatum_405br        67.64%    failed      0.00%
  40  Chrysobalanus_icaco_EF135519          25.48%    passed     14.89%
  41  Chrysochlamys_allenii_469br           48.34%    failed      0.68%
  42  Chrysochlamys_eclipes_6de             32.42%    passed     32.70%
  43  Chrysochlamys_grandifolia_BLANK       58.51%    passed     40.48%
  44  Chrysochlamys_silvicola_493br         58.17%    failed      0.02%
  45  Chrysochlamys_skutchii_484br          80.10%    failed      0.00%
  46  Cladopus_japonicus_309br              27.98%    failed      0.09%
  47  Cladopus_queenslandicus_372br         76.58%    failed      0.00%
  48  Clusia_cf_flavidaHavetiopsis_167au    25.89%    passed     85.06%
  49  Clusia_clusioides_BLANK               40.24%    failed      0.25%
  50  Clusia_fructiangusta_175au            21.56%    passed     99.13%
  51  Clusia_gracilis_62br                  26.82%    passed     85.55%
  52  Clusia_gundlachii_EF135520            25.14%    passed     94.52%
  53  Clusia_lanceolata_5cn                 23.65%    passed     99.54%
  54  Clusia_loretensis_154au               21.82%    passed     99.84%
  55  Clusia_major_68au                     21.76%    passed     99.55%
  56  Clusia_pallida_153au                  21.48%    passed     99.46%
  57  Clusia_rosea_GCT                      51.18%    failed      0.00%
  58  Clusia_viscida_165au                  21.56%    passed     99.70%
  59  Clusiella_isthmensis_2657cn59         31.06%    passed     12.77%
  60  Cratoxylum_arborescens_71br           24.29%    passed     67.14%
  61  Cratoxylum_cochinchinense_1357cd      48.28%    passed     10.58%
  62  Cratoxylum_formosum_63br              30.69%    passed     86.72%
  63  Cratoxylum_formosum_FJ670022          20.88%    passed     82.70%
  64  Cratoxylum_glaucum_38br               23.06%    passed     57.67%
  65  Ctenolophon_englerianus_EF135524      24.24%    passed     16.05%
  66  Cyrillopsis_paraensis_FJ670024        20.20%    passed     25.68%
  67  Dalzellia_zeylanica_313br             23.62%    failed      4.77%
  68  Diamantina_lombardii_329br            90.89%    failed      0.00%
  69  Dicraeanthus_zehnderi_355br           22.88%    failed      0.00%
  70  Djinga_felicis_356br                  31.27%    failed      0.02%
  71  Dystovomita_brasiliensis_BLANK        79.33%    passed      5.73%
  72  Dystovomita_paniculata_495br          46.27%    passed     50.19%
  73  Elatine_triandra_EF135532             32.84%    failed      4.48%
  74  Eliea_articulata_FJ670023             20.01%    passed     74.01%
  75  Endocaulos_mangorense_AB038191        82.88%    failed      0.00%
  76  Endodesmia_calophylloides_FJ670005    20.06%    passed     97.89%
  77  Garcinia_aff_afzelii_462br            19.87%    passed     99.33%
  78  Garcinia_conrauana_Blank              80.18%    failed      0.03%
  79  Garcinia_cowa_102br                   22.51%    passed     61.24%
  80  Garcinia_eugenifolia_416br            20.07%    passed     91.10%
  81  Garcinia_hessii_EF135543              38.99%    failed      0.04%
  82  Garcinia_hombroniana_97br             28.44%    passed     33.22%
  83  Garcinia_livingstonei_BLANK           62.82%    failed      0.02%
  84  Garcinia_mangostana_GGT               49.49%    failed      0.00%
  85  Garcinia_mannii_391br                 41.96%    passed     65.37%
  86  Garcinia_nervosa_41br                 26.42%    passed     46.99%
  87  Garcinia_penangiana_68br              27.56%    passed     27.47%
  88  Garcinia_rostrata_460br               19.96%    passed     92.17%
  89  Garcinia_scortechinii_417br           19.67%    passed     95.26%
  90  Garcinia_spicata_cn06                 23.57%    passed     80.98%
  91  Garcinia_staudtii_389br               19.53%    passed     97.02%
  92  Garcinia_urophylla_461br              20.27%    passed     90.78%
  93  Goupia_glabra_EF135544                25.53%    failed      0.16%
  94  Griffithiella_hookeriana_319br        67.92%    failed      0.00%
  95  Hanseniella_heterophylla_AB104562     82.88%    failed      0.00%
  96  Haploclathra_cordata_40cn             42.12%    passed     16.14%
  97  Haploclathra_paniculata_41cn          22.29%    passed     67.49%
  98  Harungana_madagascariensis_435br      29.15%    failed      1.67%
  99  Humiria_balsamifera_EF135549          24.39%    failed      1.47%
 100  Hybanthus_concolor_EF135550           24.47%    passed      5.31%
 101  Hydrobryum_japonicum_308br            75.93%    failed      0.00%
 102  Hypericum_aegypticum_460au            21.85%    passed     16.02%
 103  Hypericum_androsaemum_466au           21.71%    passed     26.99%
 104  Hypericum_annulatum_467au             21.36%    passed     29.54%
 105  Hypericum_canariense_462au            21.50%    passed     19.95%
 106  Hypericum_ellipticum_81br             48.71%    passed      8.55%
 107  Hypericum_elodes_469au                48.23%    failed      0.00%
 108  Hypericum_empetrifolium_216cd         27.02%    passed      7.76%
 109  Hypericum_garrettii_463au             21.87%    passed     23.42%
 110  Hypericum_grandifolium_458au          21.58%    passed     29.17%
 111  Hypericum_hircinum_461au              21.52%    passed     29.15%
 112  Hypericum_irazuense_BLANK             62.10%    failed      0.00%
 113  Hypericum_kalmianum_ACGT              46.85%    failed      0.03%
 114  Hypericum_linarifolium_464au          21.36%    passed     33.83%
 115  Hypericum_mutilum_80br                42.33%    passed      6.84%
 116  Hypericum_perforatum_AGCT             46.91%    failed      0.00%
 117  Hypericum_tetrapterum_465au           21.85%    passed     40.11%
 118  Indodalzellia_gracilis_AB450015       82.78%    failed      0.00%
 119  Indotristicha_ramosissima_312br       28.73%    passed     15.37%
 120  Inversodicraea_cf_annithomae_361br    27.34%    failed      0.26%
 121  Inversodicraea_cf_bosii_477br         36.01%    failed      0.00%
 122  Inversodicraea_cristata_362br         54.48%    failed      0.01%
 123  Irvingia_malayana_EF135553            26.78%    passed     25.05%
 124  Kayea_elmeri_64br                     35.45%    failed      0.03%
 125  Kayea_hexapetala_69br                 20.11%    passed     91.99%
 126  Kayea_oblongifolia_42br               20.11%    passed     92.23%
 127  Kayea_sp._281br                       27.80%    passed     72.58%
 128  Kayea_stylosa_27cn                    24.29%    passed     78.78%
 129  Kielmeyera_lathrophyton_20cn          39.44%    passed     53.71%
 130  Kielmeyera_petiolaris_57cn            29.87%    passed     44.92%
 131  Lacistema_aggregatum_FJ670025         25.28%    failed      2.89%
 132  Ledermanniella_bifurcata_478br        34.95%    failed      0.00%
 133  Ledermanniella_bowlingii_479br        36.65%    failed      0.00%
 134  Ledermanniella_letouzeyi_480br        35.88%    failed      0.00%
 135  Ledermanniella_linearifolia_BLANK     68.37%    passed     87.51%
 136  Ledermanniella_pusilla_364br          38.43%    failed      3.17%
 137  Leiothylax_quangensis_FM877842        69.39%    failed      0.00%
 138  Letestuella_tisserantii_358br         50.41%    failed      0.31%
 139  Lophopyxis_maingayi_EF135560          26.33%    failed      2.51%
 140  Lorostemon_coelhoi_1420au             30.98%    passed     82.39%
 141  Macropodiella_heteromorpha_359br      32.11%    failed      0.60%
 142  Mahurea_exstipulata_45cn              20.63%    passed     68.19%
 143  Mammea_africana_235br                 25.33%    passed     35.12%
 144  Mammea_americana_3cn                  21.08%    passed     73.11%
 145  Mammea_furfuracea_396br               24.85%    passed     34.01%
 146  Mammea_sessiliflora_23cn              31.30%    passed     97.52%
 147  Mammea_siamensis_FJ670006             20.14%    passed     68.14%
 148  Mammea_sp_112br                       78.24%    failed      0.57%
 149  Mammea_touriga_384br                  20.57%    passed     70.37%
 150  Mammea_zeereae_397br                  26.82%    passed     18.18%
 151  Marathrum_foeniculaceum_155br         27.45%    failed      0.26%
 152  Marila_laxiflora_16246cn26            45.70%    passed     44.50%
 153  Marila_tomentosa_16215cn25            22.46%    passed     55.80%
 154  Mesua_ferrea_95br                     20.35%    passed     73.19%
 155  Monandriella_linearifolia_476br       35.98%    failed      0.00%
 156  Monostylis_capillacea_159br           27.40%    failed      0.42%
 157  Montrouziera_cauliflora_FJ670007      23.86%    passed     88.97%
 158  Montrouziera_sphaeroidea_511au        20.22%    passed     97.23%
 159  Moronobea_coccinea_510au              23.97%    passed     97.05%
 160  Mourera_cf_aspera_161br               30.19%    failed      0.02%
 161  Mourera_fluviatilis_AB038200          63.25%    failed      0.00%
 162  Ochna_multiflora_EF135572             25.72%    passed      6.79%
 163  Ochrocarpos_madagascariensis_352br    24.08%    passed     82.74%
 164  Ochrocarpos_tsaratananae_237br        25.61%    passed     85.36%
 165  Oserya_coulteriana_163br              29.34%    failed      1.15%
 166  Panda_oleosa_FJ670032                 24.15%    failed      3.32%
 167  Paracladopus_chanthaburiensis_310br   39.60%    failed      3.50%
 168  Paropsia_madagascariensis_EF135576    24.32%    passed      8.71%
 169  Pentadesma_butyracea_388br            20.60%    passed     95.54%
 170  Pentaphalangium_latissimum_FJ670008   30.01%    passed     31.30%
 171  Pera_bicolor_EF135578                 25.80%    passed      6.01%
 172  Phyllanthus_epiphyllanthus_EF135581   25.62%    failed      0.41%
 173  Platonia_insignis_433au               20.06%    passed     99.93%
 174  Ploiarium_alternifolium_FJ669999      19.62%    passed     79.85%
 175  Podocalyx_loranthoides_EF135583       23.91%    passed      6.74%
 176  Podostemum_ceratophyllum_CGTT         22.61%    failed      0.04%
 177  Podostemum_scaturiginum_367br         60.59%    failed      0.00%
 178  Poeciloneuron_indicum_50cn            23.92%    passed     35.06%
 179  Polypleurum_stylosum_311br            27.80%    failed      0.17%
 180  Populus_maximowiczii_EF135587         25.72%    passed     10.87%
 181  Psorospermum_427br                    57.46%    failed      0.03%
 182  Psorospermum_androsaemifolium_431br   82.62%    passed     21.35%
 183  Psorospermum_febrifugum_433br         35.05%    failed      0.01%
 184  Psorospermum_glaberrimum_575au        43.00%    passed      9.30%
 185  Putranjiva_roxburghii_EF135530        25.28%    failed      0.87%
 186  Quapoya_peruviana_168au               21.52%    passed     99.85%
 187  Reinwardtia_indica_AB048380           20.57%    passed      7.58%
 188  Rheedia_edulis_1401                   61.10%    failed      0.07%
 189  Rheedia_macrophylla_BLANK             52.94%    failed      0.00%
 190  Rhyncholacis_sp_EF135564              28.81%    passed      7.06%
 191  Ricinus_communis_EF135590             20.12%    passed     33.39%
 192  Santomasia_steyermarkii_BLANK         89.72%    failed      0.00%
 193  Stonesia_ghoguei_FM877841             44.28%    failed      0.05%
 194  Symphonia_fasciculata_265br           20.60%    passed     98.65%
 195  Symphonia_globulifera_61br            26.36%    passed     89.85%
 196  Terniopsis_brevis_314br               39.22%    passed     34.61%
 197  Terniopsis_malayana_AB048827          68.21%    failed      0.01%
 198  Terniopsis_sessilis_AB048377          68.16%    failed      0.05%
 199  Thawatchaia_trilobata_AB104563        82.88%    failed      0.00%
 200  Thelethylax_minutiflora_AB038196      82.88%    failed      0.00%
 201  Thornea_calcicola_402br               83.36%    failed      0.00%
 202  Tovomita_calophyllophylla_231au       21.73%    passed     99.53%
 203  Tovomita_longifolia_482br             24.32%    passed     96.49%
 204  Tovomita_sp_220au                     31.22%    passed     70.61%
 205  Tovomita_weddeliana_178au             24.08%    passed     96.80%
 206  Tovomitopsis_saldanhae_475br          51.58%    failed      0.00%
 207  Triadenum_fraseri_GTAT                20.06%    passed     23.70%
 208  Triadenum_japonicum_135br             35.00%    failed      3.54%
 209  Triadenum_walteri_1053kw              31.59%    failed      3.40%
 210  Tripetalum_cymosum_316br              48.58%    passed     55.03%
 211  Tristicha_trifaria_160br              27.63%    passed      7.19%
 212  Vanroyenella_plumosa_AB048378         62.23%    failed      0.00%
 213  Vismia_baccifera_47br                 22.35%    passed     75.23%
 214  Vismia_billbergiana_487br             39.47%    passed     21.91%
 215  Vismia_ferruginea_CGTT                20.83%    passed     58.67%
 216  Vismia_guineensis_424br               56.29%    failed      0.01%
 217  Vismia_rubescens_BLANK                45.74%    failed      0.00%
 218  Vismia_sp_84br                        41.64%    passed     67.85%
 219  Vismia_sp_EF135601                    20.68%    passed     62.37%
 220  Weddellina_squamulosa_154br           44.48%    failed      0.42%
 221  Zeylanidium_lichenoides_AB048828      82.88%    failed      0.00%
 222  Zeylanidium_subulatum_307br           27.88%    failed      0.73%
WARNING: 42 sequences contain more than 50% gaps/ambiguity
****  TOTAL                                 35.63%  91 sequences failed composition chi2 test (p-value<5%; df=3)
Checking for duplicate sequences: done in 0.0111529 secs using 110.9% CPU


Create initial parsimony tree by phylogenetic likelihood library (PLL)... 0.189 seconds
Perform fast likelihood tree search using GTR+I+G model...
Estimate model parameters (epsilon = 5.000)
Perform nearest neighbor interchange...
Estimate model parameters (epsilon = 1.000)
1. Initial log-likelihood: -79130.312
2. Current log-likelihood: -79128.857
3. Current log-likelihood: -79127.829
Optimal log-likelihood: -79127.067
Rate parameters:  A-C: 1.21737  A-G: 1.81900  A-T: 0.38574  C-G: 0.72549  C-T: 2.00057  G-T: 1.00000
Base frequencies:  A: 0.288  C: 0.198  G: 0.208  T: 0.306
Proportion of invariable sites: 0.208
Gamma shape alpha: 0.764
Parameters optimization took 3 rounds (3.605 sec)
Time for fast ML tree search: 16.946 seconds

NOTE: ModelFinder requires 283 MB RAM!
ModelFinder will test up to 968 DNA models (sample size: 6237 epsilon: 0.100) ...
 No. Model         -LnL         df  AIC          AICc         BIC
  1  JC            86326.181    441 173534.362   173601.634   176505.932
  2  JC+I          83165.351    442 167214.702   167282.291   170193.010
  3  JC+G4         80920.489    442 162724.979   162792.568   165703.287
  4  JC+I+G4       80887.261    443 162660.523   162728.429   165645.569
  5  JC+R2         81218.165    443 163322.329   163390.236   166307.376
  6  JC+R3         80797.335    445 162484.669   162553.214   165483.193
  7  JC+R4         80717.988    447 162329.976   162399.161   165341.976
  8  JC+R5         80716.806    449 162331.612   162401.441   165357.089
 14  JC+I+R2       80916.266    444 162720.533   162788.758   165712.318
 15  JC+I+R3       80734.947    446 162361.893   162430.758   165367.155
 16  JC+I+R4       80712.984    448 162321.968   162391.474   165340.706
 17  JC+I+R5       80712.811    450 162325.623   162395.775   165357.837
 29  JC+R4         80717.988    447 162329.976   162399.161   165341.976
 38  JC+I+R4       80712.984    448 162321.968   162391.474   165340.706
 51  F81+R4        80717.807    447 162329.613   162398.798   165341.613
 60  F81+I+R4      80712.922    448 162321.845   162391.351   165340.583
 73  F81+F+R4      80510.474    450 161920.948   161991.100   164953.162
 82  F81+F+I+R4    80504.528    451 161911.057   161981.533   164950.010
 95  K2P+R4        79694.904    448 160285.807   160355.314   163304.545
104  K2P+I+R4      79690.420    449 160278.841   160348.670   163304.317
117  K2P+R4        79694.904    448 160285.807   160355.314   163304.545
126  K2P+I+R4      79690.420    449 160278.841   160348.670   163304.317
139  HKY+R4        79694.814    448 160285.628   160355.135   163304.366
148  HKY+I+R4      79690.402    449 160278.805   160348.634   163304.281
161  HKY+F+R4      79422.100    451 159746.199   159816.675   162785.152
170  HKY+F+I+R4    79414.895    452 159733.791   159804.591   162779.482
183  TNe+R4        79686.570    449 160271.141   160340.970   163296.617
192  TNe+I+R4      79682.033    450 160264.066   160334.218   163296.281
205  TNe+R4        79686.570    449 160271.141   160340.970   163296.617
214  TNe+I+R4      79682.033    450 160264.066   160334.218   163296.281
227  TN+R4         79686.497    449 160270.994   160340.823   163296.470
236  TN+I+R4       79682.023    450 160264.046   160334.198   163296.261
249  TN+F+R4       79415.656    452 159735.311   159806.112   162781.002
258  TN+F+I+R4     79408.470    453 159722.940   159794.067   162775.370
271  K3P+R4        79387.898    449 159673.796   159743.625   162699.272
280  K3P+I+R4      79383.823    450 159667.647   159737.799   162699.861
293  K3P+R4        79387.898    449 159673.796   159743.625   162699.272
302  K3P+I+R4      79383.823    450 159667.647   159737.799   162699.861
315  K3Pu+R4       79387.827    449 159673.653   159743.482   162699.130
324  K3Pu+I+R4     79383.820    450 159667.640   159737.792   162699.855
337  K3Pu+F+R4     79054.712    452 159013.424   159084.225   162059.115
346  K3Pu+F+I+R4   79046.792    453 158999.585   159070.711   162052.014
359  TPM2+R4       79692.493    449 160282.986   160352.815   163308.463
368  TPM2+I+R4     79688.405    450 160276.810   160346.962   163309.024
381  TPM2+R4       79692.493    449 160282.986   160352.815   163308.463
390  TPM2+I+R4     79688.405    450 160276.810   160346.962   163309.024
403  TPM2u+R4      79692.420    449 160282.839   160352.668   163308.315
412  TPM2u+I+R4    79688.395    450 160276.789   160346.941   163309.004
425  TPM2u+F+R4    79397.035    452 159698.070   159768.871   162743.761
434  TPM2u+F+I+R4  79389.154    453 159684.307   159755.434   162736.737
447  TPM3+R4       79688.051    449 160274.102   160343.930   163299.578
456  TPM3+I+R4     79683.600    450 160267.200   160337.353   163299.415
469  TPM3+R4       79688.051    449 160274.102   160343.931   163299.578
478  TPM3+I+R4     79683.600    450 160267.200   160337.353   163299.415
491  TPM3u+R4      79687.992    449 160273.985   160343.814   163299.461
500  TPM3u+I+R4    79683.593    450 160267.186   160337.338   163299.400
513  TPM3u+F+R4    79306.962    452 159517.923   159588.724   162563.614
522  TPM3u+F+I+R4  79298.493    453 159502.986   159574.113   162555.415
535  TIMe+R4       79379.541    450 159659.082   159729.234   162691.297
544  TIMe+I+R4     79375.510    451 159653.019   159723.495   162691.972
557  TIMe+R4       79379.541    450 159659.082   159729.234   162691.297
566  TIMe+I+R4     79375.510    451 159653.019   159723.495   162691.972
579  TIM+R4        79379.483    450 159658.967   159729.119   162691.181
588  TIM+I+R4      79375.502    451 159653.005   159723.481   162691.957
601  TIM+F+R4      79048.151    453 159002.303   159073.429   162054.732
610  TIM+F+I+R4    79040.264    454 158988.528   159059.981   162047.696
623  TIM2e+R4      79684.073    450 160268.146   160338.298   163300.360
632  TIM2e+I+R4    79680.272    451 160262.544   160333.020   163301.497
645  TIM2e+R4      79684.073    450 160268.146   160338.298   163300.360
654  TIM2e+I+R4    79680.272    451 160262.544   160333.020   163301.497
667  TIM2+R4       79684.027    450 160268.054   160338.206   163300.269
676  TIM2+I+R4     79680.261    451 160262.522   160332.998   163301.475
689  TIM2+F+R4     79390.863    453 159687.726   159758.852   162740.155
698  TIM2+F+I+R4   79383.054    454 159674.107   159745.560   162733.275
711  TIM3e+R4      79679.895    450 160259.791   160329.943   163292.005
720  TIM3e+I+R4    79675.645    451 160253.290   160323.766   163292.243
733  TIM3e+R4      79679.895    450 160259.791   160329.943   163292.005
742  TIM3e+I+R4    79675.645    451 160253.290   160323.766   163292.243
755  TIM3+R4       79679.852    450 160259.704   160329.856   163291.918
764  TIM3+I+R4     79675.639    451 160253.277   160323.753   163292.230
777  TIM3+F+R4     79299.359    453 159504.717   159575.844   162557.146
786  TIM3+F+I+R4   79290.788    454 159489.576   159561.029   162548.743
799  TVMe+R4       79380.495    451 159662.991   159733.467   162701.943
808  TVMe+I+R4     79376.705    452 159657.409   159728.210   162703.101
821  TVMe+R4       79380.495    451 159662.991   159733.467   162701.943
830  TVMe+I+R4     79376.705    452 159657.409   159728.210   162703.101
843  TVM+R4        79380.415    451 159662.829   159733.305   162701.782
852  TVM+I+R4      79376.676    452 159657.353   159728.154   162703.044
865  TVM+F+R4      78972.571    454 158853.143   158924.595   161912.310
874  TVM+F+I+R4    78962.850    455 158835.699   158907.479   161901.605
887  SYM+R4        79372.822    452 159649.645   159720.446   162695.336
896  SYM+I+R4      79369.003    453 159644.006   159715.133   162696.436
909  SYM+R4        79372.822    452 159649.645   159720.446   162695.336
918  SYM+I+R4      79369.003    453 159644.006   159715.133   162696.436
931  GTR+R4        79372.781    452 159649.562   159720.362   162695.253
940  GTR+I+R4      79369.000    453 159644.000   159715.126   162696.429
953  GTR+F+R4      78965.224    455 158840.449   158912.229   161906.355
962  GTR+F+I+R4    78955.602    456 158823.204   158895.312   161895.848
Akaike Information Criterion:           GTR+F+I+R4
Corrected Akaike Information Criterion: GTR+F+I+R4
Bayesian Information Criterion:         GTR+F+I+R4
Best-fit model: GTR+F+I+R4 chosen according to BIC

All model information printed to data_training/dna_M7054_222_6237.phy/output_files/iqtree/inference/pars_18.model.gz
CPU time for ModelFinder: 1495.741 seconds (0h:24m:55s)
Wall-clock time for ModelFinder: 1388.634 seconds (0h:23m:8s)

NOTE: 113 MB RAM (0 GB) is required!
Estimate model parameters (epsilon = 0.010)
1. Initial log-likelihood: -78955.602
2. Current log-likelihood: -78955.587
3. Current log-likelihood: -78955.576
Optimal log-likelihood: -78955.565
Rate parameters:  A-C: 1.23206  A-G: 1.81308  A-T: 0.38640  C-G: 0.72389  C-T: 2.04352  G-T: 1.00000
Base frequencies:  A: 0.288  C: 0.198  G: 0.208  T: 0.306
Proportion of invariable sites: 0.211
Site proportion and rates:  (0.446,0.334) (0.190,1.429) (0.131,3.247) (0.023,6.811)
Parameters optimization took 3 rounds (7.575 sec)
Wrote distance file to... 
BEST SCORE FOUND : -78955.565
Total tree length: 3.207

Total number of iterations: 0
CPU time used for tree search: 0.000 sec (0h:0m:0s)
Wall-clock time used for tree search: 0.000 sec (0h:0m:0s)
Total CPU time used: 1504.040 sec (0h:25m:4s)
Total wall-clock time used: 1396.333 sec (0h:23m:16s)

Analysis results written to: 
  IQ-TREE report:                data_training/dna_M7054_222_6237.phy/output_files/iqtree/inference/pars_18.iqtree
  Maximum-likelihood tree:       data_training/dna_M7054_222_6237.phy/output_files/iqtree/inference/pars_18.treefile
  Screen log file:               data_training/dna_M7054_222_6237.phy/output_files/iqtree/inference/pars_18.log

Date and Time: Sat Sep 20 12:36:23 2025
