IQ-TREE version 3.0.1 for Linux x86 64-bit built Sep 18 2025
Developed by Bui Quang Minh, Thomas Wong, Nhan Ly-Trong, Huaiyan Ren
Contributed by Lam-Tung Nguyen, Dominik Schrempf, Chris Bielow,
Olga Chernomor, Michael Woodhams, Diep Thi Hoang, Heiko Schmidt

Host:    DESKTOP-UQIA48J (AVX2, FMA3, 7 GB RAM)
Command: /home/ngocminh/miniconda3/envs/pypythia/bin/iqtree3 -s Data/dna_M7054_222_6237.phy -pre data_training/dna_M7054_222_6237.phy/output_files/iqtree/inference/rand -seed 0 -t RANDOM -T 1 -redo -n 3 -ninit 20 -xgphy -xgphy_nni_count 3
Seed:    0 (Using SPRNG - Scalable Parallel Random Number Generator)
Time:    Sat Sep 20 10:54:37 2025
Kernel:  AVX+FMA - 1 threads (8 CPU cores detected)

HINT: Use -nt option to specify number of threads because your CPU has 8 cores!
HINT: -nt AUTO will automatically determine the best number of threads to use.

Reading alignment file Data/dna_M7054_222_6237.phy ... Phylip format detected
Alignment most likely contains DNA/RNA sequences
Constructing alignment: done in 0.0291282 secs using 48.38% CPU
Alignment has 222 sequences with 6237 columns, 3932 distinct patterns
2313 parsimony-informative, 776 singleton sites, 3148 constant sites
                                     Gap/Ambiguity  Composition  p-value
Analyzing sequences: done in 0.00679149 secs using 104.3% CPU
   1  Acharia_tragodes_EF135500             25.77%    failed      0.24%
   2  Acridocarpus_natalitius_AF344525      24.40%    failed      4.94%
   3  Allanblackia_232br                    19.88%    passed     96.98%
   4  Apinagia_longifolia_158br             22.61%    failed      0.05%
   5  Apinagia_riedelii_156br               27.45%    failed      0.72%
   6  Archytaea_multiflora_559cd            23.89%    passed     15.59%
   7  Averrhoa_carambola_FJ670048           34.18%    failed      0.01%
   8  Balanops_vieillardi_EF135505          25.54%    failed      0.34%
   9  Bonnetia_ahogadoi_560cd               57.17%    failed      0.00%
  10  Bonnetia_cubensis_381br               34.17%    failed      2.45%
  11  Bonnetia_paniculata1_open53br         34.10%    failed      3.56%
  12  Bonnetia_roraimae_BLANK               69.10%    passed     31.51%
  13  Bonnetia_sessilis_EF135509            12.86%    passed     20.37%
  14  Bonnetia_steyermarkii_BLANK           58.19%    passed     45.05%
  15  Bonnetia_stricta_83br                 36.72%    passed     19.31%
  16  Bonnetia_tepuiensis_BLANK             75.55%    failed      0.00%
  17  Bruguiera_gymnorhiza_EF135511         25.57%    passed     10.24%
  18  Calophyllum_biflorum_78br             25.25%    passed     95.81%
  19  Calophyllum_brasiliense_1cn           44.96%    passed     71.94%
  20  Calophyllum_castaneum_76br            20.25%    passed     84.86%
  21  Calophyllum_confertum_74br            20.35%    passed     78.68%
  22  Calophyllum_goniocarpum_31cn          24.18%    passed     50.72%
  23  Calophyllum_griseum_65br              20.35%    passed     77.77%
  24  Calophyllum_inophyllum_66br           20.35%    passed     76.57%
  25  Calophyllum_lanigerum_73br            20.36%    passed     85.41%
  26  Calophyllum_longifolium_421br         20.35%    passed     81.58%
  27  Calophyllum_soulattri_257cd           26.71%    passed     16.02%
  28  Calophyllum_teysmannii_77br           20.35%    passed     76.48%
  29  Calophyllum_verticillatum_498br       24.56%    passed     40.56%
  30  Calophyllum_vexans_33cn               20.35%    passed     80.39%
  31  Caraipa_densifolia_39cn               36.12%    passed     73.80%
  32  Caraipa_grandifolia_37cn              24.55%    passed     38.99%
  33  Caraipa_savannarum_15cn               23.89%    passed     49.19%
  34  Caraipa_tereticaulis_47cn             32.52%    failed      2.03%
  35  Caryocar_glabrum_EF135515             25.57%    failed      0.17%
  36  Castelnavia_monandra_157br            54.06%    failed      0.00%
  37  Celastrus_orbiculatus_EF135517        25.96%    failed      0.14%
  38  Centroplacus_glaucinus_FJ670002       24.15%    failed      1.39%
  39  Ceratolacis_pedunculatum_405br        67.64%    failed      0.00%
  40  Chrysobalanus_icaco_EF135519          25.48%    passed     14.89%
  41  Chrysochlamys_allenii_469br           48.34%    failed      0.68%
  42  Chrysochlamys_eclipes_6de             32.42%    passed     32.70%
  43  Chrysochlamys_grandifolia_BLANK       58.51%    passed     40.48%
  44  Chrysochlamys_silvicola_493br         58.17%    failed      0.02%
  45  Chrysochlamys_skutchii_484br          80.10%    failed      0.00%
  46  Cladopus_japonicus_309br              27.98%    failed      0.09%
  47  Cladopus_queenslandicus_372br         76.58%    failed      0.00%
  48  Clusia_cf_flavidaHavetiopsis_167au    25.89%    passed     85.06%
  49  Clusia_clusioides_BLANK               40.24%    failed      0.25%
  50  Clusia_fructiangusta_175au            21.56%    passed     99.13%
  51  Clusia_gracilis_62br                  26.82%    passed     85.55%
  52  Clusia_gundlachii_EF135520            25.14%    passed     94.52%
  53  Clusia_lanceolata_5cn                 23.65%    passed     99.54%
  54  Clusia_loretensis_154au               21.82%    passed     99.84%
  55  Clusia_major_68au                     21.76%    passed     99.55%
  56  Clusia_pallida_153au                  21.48%    passed     99.46%
  57  Clusia_rosea_GCT                      51.18%    failed      0.00%
  58  Clusia_viscida_165au                  21.56%    passed     99.70%
  59  Clusiella_isthmensis_2657cn59         31.06%    passed     12.77%
  60  Cratoxylum_arborescens_71br           24.29%    passed     67.14%
  61  Cratoxylum_cochinchinense_1357cd      48.28%    passed     10.58%
  62  Cratoxylum_formosum_63br              30.69%    passed     86.72%
  63  Cratoxylum_formosum_FJ670022          20.88%    passed     82.70%
  64  Cratoxylum_glaucum_38br               23.06%    passed     57.67%
  65  Ctenolophon_englerianus_EF135524      24.24%    passed     16.05%
  66  Cyrillopsis_paraensis_FJ670024        20.20%    passed     25.68%
  67  Dalzellia_zeylanica_313br             23.62%    failed      4.77%
  68  Diamantina_lombardii_329br            90.89%    failed      0.00%
  69  Dicraeanthus_zehnderi_355br           22.88%    failed      0.00%
  70  Djinga_felicis_356br                  31.27%    failed      0.02%
  71  Dystovomita_brasiliensis_BLANK        79.33%    passed      5.73%
  72  Dystovomita_paniculata_495br          46.27%    passed     50.19%
  73  Elatine_triandra_EF135532             32.84%    failed      4.48%
  74  Eliea_articulata_FJ670023             20.01%    passed     74.01%
  75  Endocaulos_mangorense_AB038191        82.88%    failed      0.00%
  76  Endodesmia_calophylloides_FJ670005    20.06%    passed     97.89%
  77  Garcinia_aff_afzelii_462br            19.87%    passed     99.33%
  78  Garcinia_conrauana_Blank              80.18%    failed      0.03%
  79  Garcinia_cowa_102br                   22.51%    passed     61.24%
  80  Garcinia_eugenifolia_416br            20.07%    passed     91.10%
  81  Garcinia_hessii_EF135543              38.99%    failed      0.04%
  82  Garcinia_hombroniana_97br             28.44%    passed     33.22%
  83  Garcinia_livingstonei_BLANK           62.82%    failed      0.02%
  84  Garcinia_mangostana_GGT               49.49%    failed      0.00%
  85  Garcinia_mannii_391br                 41.96%    passed     65.37%
  86  Garcinia_nervosa_41br                 26.42%    passed     46.99%
  87  Garcinia_penangiana_68br              27.56%    passed     27.47%
  88  Garcinia_rostrata_460br               19.96%    passed     92.17%
  89  Garcinia_scortechinii_417br           19.67%    passed     95.26%
  90  Garcinia_spicata_cn06                 23.57%    passed     80.98%
  91  Garcinia_staudtii_389br               19.53%    passed     97.02%
  92  Garcinia_urophylla_461br              20.27%    passed     90.78%
  93  Goupia_glabra_EF135544                25.53%    failed      0.16%
  94  Griffithiella_hookeriana_319br        67.92%    failed      0.00%
  95  Hanseniella_heterophylla_AB104562     82.88%    failed      0.00%
  96  Haploclathra_cordata_40cn             42.12%    passed     16.14%
  97  Haploclathra_paniculata_41cn          22.29%    passed     67.49%
  98  Harungana_madagascariensis_435br      29.15%    failed      1.67%
  99  Humiria_balsamifera_EF135549          24.39%    failed      1.47%
 100  Hybanthus_concolor_EF135550           24.47%    passed      5.31%
 101  Hydrobryum_japonicum_308br            75.93%    failed      0.00%
 102  Hypericum_aegypticum_460au            21.85%    passed     16.02%
 103  Hypericum_androsaemum_466au           21.71%    passed     26.99%
 104  Hypericum_annulatum_467au             21.36%    passed     29.54%
 105  Hypericum_canariense_462au            21.50%    passed     19.95%
 106  Hypericum_ellipticum_81br             48.71%    passed      8.55%
 107  Hypericum_elodes_469au                48.23%    failed      0.00%
 108  Hypericum_empetrifolium_216cd         27.02%    passed      7.76%
 109  Hypericum_garrettii_463au             21.87%    passed     23.42%
 110  Hypericum_grandifolium_458au          21.58%    passed     29.17%
 111  Hypericum_hircinum_461au              21.52%    passed     29.15%
 112  Hypericum_irazuense_BLANK             62.10%    failed      0.00%
 113  Hypericum_kalmianum_ACGT              46.85%    failed      0.03%
 114  Hypericum_linarifolium_464au          21.36%    passed     33.83%
 115  Hypericum_mutilum_80br                42.33%    passed      6.84%
 116  Hypericum_perforatum_AGCT             46.91%    failed      0.00%
 117  Hypericum_tetrapterum_465au           21.85%    passed     40.11%
 118  Indodalzellia_gracilis_AB450015       82.78%    failed      0.00%
 119  Indotristicha_ramosissima_312br       28.73%    passed     15.37%
 120  Inversodicraea_cf_annithomae_361br    27.34%    failed      0.26%
 121  Inversodicraea_cf_bosii_477br         36.01%    failed      0.00%
 122  Inversodicraea_cristata_362br         54.48%    failed      0.01%
 123  Irvingia_malayana_EF135553            26.78%    passed     25.05%
 124  Kayea_elmeri_64br                     35.45%    failed      0.03%
 125  Kayea_hexapetala_69br                 20.11%    passed     91.99%
 126  Kayea_oblongifolia_42br               20.11%    passed     92.23%
 127  Kayea_sp._281br                       27.80%    passed     72.58%
 128  Kayea_stylosa_27cn                    24.29%    passed     78.78%
 129  Kielmeyera_lathrophyton_20cn          39.44%    passed     53.71%
 130  Kielmeyera_petiolaris_57cn            29.87%    passed     44.92%
 131  Lacistema_aggregatum_FJ670025         25.28%    failed      2.89%
 132  Ledermanniella_bifurcata_478br        34.95%    failed      0.00%
 133  Ledermanniella_bowlingii_479br        36.65%    failed      0.00%
 134  Ledermanniella_letouzeyi_480br        35.88%    failed      0.00%
 135  Ledermanniella_linearifolia_BLANK     68.37%    passed     87.51%
 136  Ledermanniella_pusilla_364br          38.43%    failed      3.17%
 137  Leiothylax_quangensis_FM877842        69.39%    failed      0.00%
 138  Letestuella_tisserantii_358br         50.41%    failed      0.31%
 139  Lophopyxis_maingayi_EF135560          26.33%    failed      2.51%
 140  Lorostemon_coelhoi_1420au             30.98%    passed     82.39%
 141  Macropodiella_heteromorpha_359br      32.11%    failed      0.60%
 142  Mahurea_exstipulata_45cn              20.63%    passed     68.19%
 143  Mammea_africana_235br                 25.33%    passed     35.12%
 144  Mammea_americana_3cn                  21.08%    passed     73.11%
 145  Mammea_furfuracea_396br               24.85%    passed     34.01%
 146  Mammea_sessiliflora_23cn              31.30%    passed     97.52%
 147  Mammea_siamensis_FJ670006             20.14%    passed     68.14%
 148  Mammea_sp_112br                       78.24%    failed      0.57%
 149  Mammea_touriga_384br                  20.57%    passed     70.37%
 150  Mammea_zeereae_397br                  26.82%    passed     18.18%
 151  Marathrum_foeniculaceum_155br         27.45%    failed      0.26%
 152  Marila_laxiflora_16246cn26            45.70%    passed     44.50%
 153  Marila_tomentosa_16215cn25            22.46%    passed     55.80%
 154  Mesua_ferrea_95br                     20.35%    passed     73.19%
 155  Monandriella_linearifolia_476br       35.98%    failed      0.00%
 156  Monostylis_capillacea_159br           27.40%    failed      0.42%
 157  Montrouziera_cauliflora_FJ670007      23.86%    passed     88.97%
 158  Montrouziera_sphaeroidea_511au        20.22%    passed     97.23%
 159  Moronobea_coccinea_510au              23.97%    passed     97.05%
 160  Mourera_cf_aspera_161br               30.19%    failed      0.02%
 161  Mourera_fluviatilis_AB038200          63.25%    failed      0.00%
 162  Ochna_multiflora_EF135572             25.72%    passed      6.79%
 163  Ochrocarpos_madagascariensis_352br    24.08%    passed     82.74%
 164  Ochrocarpos_tsaratananae_237br        25.61%    passed     85.36%
 165  Oserya_coulteriana_163br              29.34%    failed      1.15%
 166  Panda_oleosa_FJ670032                 24.15%    failed      3.32%
 167  Paracladopus_chanthaburiensis_310br   39.60%    failed      3.50%
 168  Paropsia_madagascariensis_EF135576    24.32%    passed      8.71%
 169  Pentadesma_butyracea_388br            20.60%    passed     95.54%
 170  Pentaphalangium_latissimum_FJ670008   30.01%    passed     31.30%
 171  Pera_bicolor_EF135578                 25.80%    passed      6.01%
 172  Phyllanthus_epiphyllanthus_EF135581   25.62%    failed      0.41%
 173  Platonia_insignis_433au               20.06%    passed     99.93%
 174  Ploiarium_alternifolium_FJ669999      19.62%    passed     79.85%
 175  Podocalyx_loranthoides_EF135583       23.91%    passed      6.74%
 176  Podostemum_ceratophyllum_CGTT         22.61%    failed      0.04%
 177  Podostemum_scaturiginum_367br         60.59%    failed      0.00%
 178  Poeciloneuron_indicum_50cn            23.92%    passed     35.06%
 179  Polypleurum_stylosum_311br            27.80%    failed      0.17%
 180  Populus_maximowiczii_EF135587         25.72%    passed     10.87%
 181  Psorospermum_427br                    57.46%    failed      0.03%
 182  Psorospermum_androsaemifolium_431br   82.62%    passed     21.35%
 183  Psorospermum_febrifugum_433br         35.05%    failed      0.01%
 184  Psorospermum_glaberrimum_575au        43.00%    passed      9.30%
 185  Putranjiva_roxburghii_EF135530        25.28%    failed      0.87%
 186  Quapoya_peruviana_168au               21.52%    passed     99.85%
 187  Reinwardtia_indica_AB048380           20.57%    passed      7.58%
 188  Rheedia_edulis_1401                   61.10%    failed      0.07%
 189  Rheedia_macrophylla_BLANK             52.94%    failed      0.00%
 190  Rhyncholacis_sp_EF135564              28.81%    passed      7.06%
 191  Ricinus_communis_EF135590             20.12%    passed     33.39%
 192  Santomasia_steyermarkii_BLANK         89.72%    failed      0.00%
 193  Stonesia_ghoguei_FM877841             44.28%    failed      0.05%
 194  Symphonia_fasciculata_265br           20.60%    passed     98.65%
 195  Symphonia_globulifera_61br            26.36%    passed     89.85%
 196  Terniopsis_brevis_314br               39.22%    passed     34.61%
 197  Terniopsis_malayana_AB048827          68.21%    failed      0.01%
 198  Terniopsis_sessilis_AB048377          68.16%    failed      0.05%
 199  Thawatchaia_trilobata_AB104563        82.88%    failed      0.00%
 200  Thelethylax_minutiflora_AB038196      82.88%    failed      0.00%
 201  Thornea_calcicola_402br               83.36%    failed      0.00%
 202  Tovomita_calophyllophylla_231au       21.73%    passed     99.53%
 203  Tovomita_longifolia_482br             24.32%    passed     96.49%
 204  Tovomita_sp_220au                     31.22%    passed     70.61%
 205  Tovomita_weddeliana_178au             24.08%    passed     96.80%
 206  Tovomitopsis_saldanhae_475br          51.58%    failed      0.00%
 207  Triadenum_fraseri_GTAT                20.06%    passed     23.70%
 208  Triadenum_japonicum_135br             35.00%    failed      3.54%
 209  Triadenum_walteri_1053kw              31.59%    failed      3.40%
 210  Tripetalum_cymosum_316br              48.58%    passed     55.03%
 211  Tristicha_trifaria_160br              27.63%    passed      7.19%
 212  Vanroyenella_plumosa_AB048378         62.23%    failed      0.00%
 213  Vismia_baccifera_47br                 22.35%    passed     75.23%
 214  Vismia_billbergiana_487br             39.47%    passed     21.91%
 215  Vismia_ferruginea_CGTT                20.83%    passed     58.67%
 216  Vismia_guineensis_424br               56.29%    failed      0.01%
 217  Vismia_rubescens_BLANK                45.74%    failed      0.00%
 218  Vismia_sp_84br                        41.64%    passed     67.85%
 219  Vismia_sp_EF135601                    20.68%    passed     62.37%
 220  Weddellina_squamulosa_154br           44.48%    failed      0.42%
 221  Zeylanidium_lichenoides_AB048828      82.88%    failed      0.00%
 222  Zeylanidium_subulatum_307br           27.88%    failed      0.73%
WARNING: 42 sequences contain more than 50% gaps/ambiguity
****  TOTAL                                 35.63%  91 sequences failed composition chi2 test (p-value<5%; df=3)
Checking for duplicate sequences: done in 0.0116125 secs using 108.8% CPU


Create initial parsimony tree by phylogenetic likelihood library (PLL)... 0.210 seconds
Perform fast likelihood tree search using GTR+I+G model...
Estimate model parameters (epsilon = 5.000)
Perform nearest neighbor interchange...
Estimate model parameters (epsilon = 1.000)
1. Initial log-likelihood: -79159.884
2. Current log-likelihood: -79158.410
3. Current log-likelihood: -79157.368
Optimal log-likelihood: -79156.598
Rate parameters:  A-C: 1.20424  A-G: 1.81274  A-T: 0.38608  C-G: 0.71935  C-T: 1.98925  G-T: 1.00000
Base frequencies:  A: 0.288  C: 0.198  G: 0.208  T: 0.306
Proportion of invariable sites: 0.208
Gamma shape alpha: 0.762
Parameters optimization took 3 rounds (4.468 sec)
Time for fast ML tree search: 15.886 seconds

NOTE: ModelFinder requires 283 MB RAM!
ModelFinder will test up to 968 DNA models (sample size: 6237 epsilon: 0.100) ...
 No. Model         -LnL         df  AIC          AICc         BIC
  1  JC            86354.941    441 173591.883   173659.155   176563.453
  2  JC+I          83193.716    442 167271.432   167339.021   170249.740
  3  JC+G4         80945.275    442 162774.551   162842.140   165752.859
  4  JC+I+G4       80911.519    443 162709.037   162776.944   165694.084
  5  JC+R2         81244.957    443 163375.913   163443.820   166360.960
  6  JC+R3         80818.944    445 162527.889   162596.433   165526.412
  7  JC+R4         80738.156    447 162370.313   162439.498   165382.312
  8  JC+R5         80737.011    449 162372.023   162441.852   165397.499
 14  JC+I+R2       80942.202    444 162772.404   162840.629   165764.189
 15  JC+I+R3       80756.787    446 162405.574   162474.438   165410.835
 16  JC+I+R4       80733.461    448 162362.922   162432.429   165381.661
 17  JC+I+R5       80733.249    450 162366.498   162436.650   165398.712
 29  JC+R4         80738.156    447 162370.313   162439.498   165382.312
 38  JC+I+R4       80733.461    448 162362.922   162432.429   165381.661
 51  F81+R4        80737.974    447 162369.949   162439.134   165381.948
 60  F81+I+R4      80733.399    448 162362.799   162432.305   165381.537
 73  F81+F+R4      80530.840    450 161961.680   162031.832   164993.894
 82  F81+F+I+R4    80524.917    451 161951.835   162022.311   164990.787
 95  K2P+R4        79716.800    448 160329.601   160399.107   163348.339
104  K2P+I+R4      79712.560    449 160323.121   160392.950   163348.597
117  K2P+R4        79716.800    448 160329.601   160399.107   163348.339
126  K2P+I+R4      79712.560    449 160323.121   160392.950   163348.597
139  HKY+R4        79716.707    448 160329.414   160398.920   163348.152
148  HKY+I+R4      79712.540    449 160323.080   160392.909   163348.557
161  HKY+F+R4      79444.245    451 159790.490   159860.966   162829.443
170  HKY+F+I+R4    79436.809    452 159777.618   159848.419   162823.309
183  TNe+R4        79708.501    449 160315.002   160384.831   163340.478
192  TNe+I+R4      79704.182    450 160308.364   160378.516   163340.578
205  TNe+R4        79708.501    449 160315.002   160384.831   163340.478
214  TNe+I+R4      79704.182    450 160308.364   160378.516   163340.578
227  TN+R4         79708.426    449 160314.852   160384.681   163340.329
236  TN+I+R4       79704.173    450 160308.345   160378.497   163340.560
249  TN+F+R4       79437.619    452 159779.238   159850.039   162824.929
258  TN+F+I+R4     79430.319    453 159766.639   159837.765   162819.068
271  K3P+R4        79409.934    449 159717.869   159787.698   162743.345
280  K3P+I+R4      79406.087    450 159712.174   159782.326   162744.388
293  K3P+R4        79409.934    449 159717.869   159787.698   162743.345
302  K3P+I+R4      79406.087    450 159712.174   159782.326   162744.388
315  K3Pu+R4       79409.855    449 159717.711   159787.540   162743.187
324  K3Pu+I+R4     79406.077    450 159712.155   159782.307   162744.370
337  K3Pu+F+R4     79077.589    452 159059.179   159129.980   162104.870
346  K3Pu+F+I+R4   79069.489    453 159044.978   159116.105   162097.408
359  TPM2+R4       79714.522    449 160327.045   160396.874   163352.521
368  TPM2+I+R4     79710.622    450 160321.244   160391.396   163353.458
381  TPM2+R4       79714.522    449 160327.045   160396.874   163352.521
390  TPM2+I+R4     79710.622    450 160321.244   160391.396   163353.458
403  TPM2u+R4      79714.452    449 160326.904   160396.732   163352.380
412  TPM2u+I+R4    79710.613    450 160321.226   160391.378   163353.441
425  TPM2u+F+R4    79418.518    452 159741.037   159811.837   162786.728
434  TPM2u+F+I+R4  79410.488    453 159726.976   159798.102   162779.405
447  TPM3+R4       79710.593    449 160319.186   160389.015   163344.662
456  TPM3+I+R4     79706.268    450 160312.535   160382.687   163344.750
469  TPM3+R4       79710.593    449 160319.186   160389.015   163344.662
478  TPM3+I+R4     79706.268    450 160312.535   160382.687   163344.750
491  TPM3u+R4      79710.528    449 160319.056   160388.885   163344.532
500  TPM3u+I+R4    79706.254    450 160312.507   160382.659   163344.722
513  TPM3u+F+R4    79331.688    452 159567.376   159638.177   162613.067
522  TPM3u+F+I+R4  79322.820    453 159551.639   159622.766   162604.069
535  TIMe+R4       79401.529    450 159703.059   159773.211   162735.273
544  TIMe+I+R4     79397.780    451 159697.561   159768.037   162736.514
557  TIMe+R4       79401.529    450 159703.059   159773.211   162735.273
566  TIMe+I+R4     79397.780    451 159697.561   159768.037   162736.514
579  TIM+R4        79401.477    450 159702.954   159773.106   162735.168
588  TIM+I+R4      79397.775    451 159697.549   159768.025   162736.502
601  TIM+F+R4      79070.874    453 159047.749   159118.875   162100.178
610  TIM+F+I+R4    79062.941    454 159033.881   159105.334   162093.049
623  TIM2e+R4      79706.110    450 160312.220   160382.372   163344.434
632  TIM2e+I+R4    79702.530    451 160307.060   160377.536   163346.013
645  TIM2e+R4      79706.110    450 160312.220   160382.372   163344.434
654  TIM2e+I+R4    79702.530    451 160307.060   160377.536   163346.013
667  TIM2+R4       79706.067    450 160312.135   160382.287   163344.350
676  TIM2+I+R4     79702.518    451 160307.036   160377.512   163345.989
689  TIM2+F+R4     79412.251    453 159730.502   159801.629   162782.932
698  TIM2+F+I+R4   79404.381    454 159716.762   159788.215   162775.930
711  TIM3e+R4      79702.436    450 160304.871   160375.023   163337.086
720  TIM3e+I+R4    79698.309    451 160298.618   160369.094   163337.571
733  TIM3e+R4      79702.436    450 160304.871   160375.023   163337.086
742  TIM3e+I+R4    79698.309    451 160298.618   160369.094   163337.571
755  TIM3+R4       79702.386    450 160304.773   160374.925   163336.987
764  TIM3+I+R4     79698.300    451 160298.599   160369.075   163337.552
777  TIM3+F+R4     79323.857    453 159553.714   159624.840   162606.143
786  TIM3+F+I+R4   79315.085    454 159538.171   159609.623   162597.338
799  TVMe+R4       79402.992    451 159707.985   159778.461   162746.938
808  TVMe+I+R4     79399.284    452 159702.568   159773.369   162748.259
821  TVMe+R4       79402.992    451 159707.985   159778.461   162746.938
830  TVMe+I+R4     79399.284    452 159702.568   159773.369   162748.259
843  TVM+R4        79402.931    451 159707.863   159778.339   162746.815
852  TVM+I+R4      79399.262    452 159702.525   159773.326   162748.216
865  TVM+F+R4      78997.507    454 158903.013   158974.466   161962.181
874  TVM+F+I+R4    78987.402    455 158884.804   158956.584   161950.710
887  SYM+R4        79395.317    452 159694.635   159765.436   162740.326
896  SYM+I+R4      79391.606    453 159689.212   159760.339   162741.642
909  SYM+R4        79395.318    452 159694.635   159765.436   162740.326
918  SYM+I+R4      79391.606    453 159689.212   159760.339   162741.642
931  GTR+R4        79395.272    452 159694.544   159765.344   162740.235
940  GTR+I+R4      79391.604    453 159689.208   159760.335   162741.638
953  GTR+F+R4      78990.025    455 158890.050   158961.830   161955.955
962  GTR+F+I+R4    78980.263    456 158872.526   158944.634   161945.170
Akaike Information Criterion:           GTR+F+I+R4
Corrected Akaike Information Criterion: GTR+F+I+R4
Bayesian Information Criterion:         GTR+F+I+R4
Best-fit model: GTR+F+I+R4 chosen according to BIC

All model information printed to data_training/dna_M7054_222_6237.phy/output_files/iqtree/inference/rand.model.gz
CPU time for ModelFinder: 1399.715 seconds (0h:23m:19s)
Wall-clock time for ModelFinder: 1296.042 seconds (0h:21m:36s)

NOTE: 113 MB RAM (0 GB) is required!
Estimate model parameters (epsilon = 0.100)
1. Initial log-likelihood: -78980.263
Optimal log-likelihood: -78980.252
Rate parameters:  A-C: 1.22462  A-G: 1.80823  A-T: 0.38708  C-G: 0.72052  C-T: 2.03531  G-T: 1.00000
Base frequencies:  A: 0.288  C: 0.198  G: 0.208  T: 0.306
Proportion of invariable sites: 0.208
Site proportion and rates:  (0.445,0.328) (0.194,1.415) (0.132,3.278) (0.021,6.992)
Parameters optimization took 1 rounds (2.978 sec)
Log-likelihood of random tree: -205565.004
IN UPDATE: new tree with score = -205565.004
IN UPDATE: new tree with score = -205565.004
Wrote distance file to... 
--------------------------------------------------------------------
|             INITIALIZING CANDIDATE TREE SET                      |
--------------------------------------------------------------------
Number of numNNITrees: 3
Number of processes: 1
Number of trees per process: 19
Number of trees in candidate set: 1
Total number of trees to be generated: 20
Generating 19 random trees... Initial candidate tree set size: 1
0.352 second
Each tree will doNNISearch 3 times.
Computing log-likelihood of 19 initial trees ... Estimate model parameters (epsilon = 0.100)
Estimate model parameters (epsilon = 0.100)
Estimate model parameters (epsilon = 0.100)
IN UPDATE: new tree with score = -80210.878
BETTER TREE FOUND at iteration 1: -80210.878
IN UPDATE: oldScore = -80210.878, newScore = -80210.878
Saved xgphy tree to data_training/dna_M7054_222_6237.phy/output_files/iqtree/inference/rand_tree0_xgphy.log
21 unique trees added to candidate set. 0 trees had branch lengths optimized.
Estimate model parameters (epsilon = 0.100)
IN UPDATE: new tree with score = -79643.620
BETTER TREE FOUND at iteration 3: -79643.620
IN UPDATE: oldScore = -79643.620, newScore = -79643.620
Saved xgphy tree to data_training/dna_M7054_222_6237.phy/output_files/iqtree/inference/rand_tree1_xgphy.log
22 unique trees added to candidate set. 1 trees had branch lengths optimized.
Estimate model parameters (epsilon = 0.100)
IN UPDATE: new tree with score = -79490.631
BETTER TREE FOUND at iteration 5: -79490.631
IN UPDATE: oldScore = -79490.631, newScore = -79490.631
Saved xgphy tree to data_training/dna_M7054_222_6237.phy/output_files/iqtree/inference/rand_tree2_xgphy.log
23 unique trees added to candidate set. 2 trees had branch lengths optimized.
Estimate model parameters (epsilon = 0.100)
Estimate model parameters (epsilon = 0.100)
IN UPDATE: new tree with score = -79407.567
BETTER TREE FOUND at iteration 7: -79407.567
IN UPDATE: oldScore = -79407.567, newScore = -79407.567
Saved xgphy tree to data_training/dna_M7054_222_6237.phy/output_files/iqtree/inference/rand_tree3_xgphy.log
24 unique trees added to candidate set. 3 trees had branch lengths optimized.
Estimate model parameters (epsilon = 0.100)
IN UPDATE: new tree with score = -79401.470
BETTER TREE FOUND at iteration 9: -79401.470
IN UPDATE: oldScore = -79401.470, newScore = -79401.470
Iteration 10 / LogL: -79401.470 / Time: 0h:34m:45s
Saved xgphy tree to data_training/dna_M7054_222_6237.phy/output_files/iqtree/inference/rand_tree4_xgphy.log
25 unique trees added to candidate set. 4 trees had branch lengths optimized.
Estimate model parameters (epsilon = 0.100)
IN UPDATE: new tree with score = -79384.558
BETTER TREE FOUND at iteration 11: -79384.558
IN UPDATE: oldScore = -79384.558, newScore = -79384.558
Saved xgphy tree to data_training/dna_M7054_222_6237.phy/output_files/iqtree/inference/rand_tree5_xgphy.log
26 unique trees added to candidate set. 5 trees had branch lengths optimized.
Estimate model parameters (epsilon = 0.100)
Estimate model parameters (epsilon = 0.100)
IN UPDATE: new tree with score = -79187.107
BETTER TREE FOUND at iteration 13: -79187.107
IN UPDATE: oldScore = -79187.107, newScore = -79187.107
Saved xgphy tree to data_training/dna_M7054_222_6237.phy/output_files/iqtree/inference/rand_tree6_xgphy.log
27 unique trees added to candidate set. 6 trees had branch lengths optimized.
IN UPDATE: new tree with score = -79305.469
IN UPDATE: oldScore = -79305.469, newScore = -79305.469
Saved xgphy tree to data_training/dna_M7054_222_6237.phy/output_files/iqtree/inference/rand_tree7_xgphy.log
28 unique trees added to candidate set. 7 trees had branch lengths optimized.
IN UPDATE: new tree with score = -79310.131
IN UPDATE: oldScore = -79310.131, newScore = -79310.131
Saved xgphy tree to data_training/dna_M7054_222_6237.phy/output_files/iqtree/inference/rand_tree8_xgphy.log
29 unique trees added to candidate set. 8 trees had branch lengths optimized.
IN UPDATE: new tree with score = -79251.340
IN UPDATE: oldScore = -79251.340, newScore = -79251.340
Iteration 20 / LogL: -79251.340 / Time: 0h:37m:0s
Saved xgphy tree to data_training/dna_M7054_222_6237.phy/output_files/iqtree/inference/rand_tree9_xgphy.log
30 unique trees added to candidate set. 9 trees had branch lengths optimized.
IN UPDATE: new tree with score = -79298.101
IN UPDATE: oldScore = -79298.101, newScore = -79298.101
Saved xgphy tree to data_training/dna_M7054_222_6237.phy/output_files/iqtree/inference/rand_tree10_xgphy.log
31 unique trees added to candidate set. 10 trees had branch lengths optimized.
Estimate model parameters (epsilon = 0.100)
Estimate model parameters (epsilon = 0.100)
IN UPDATE: new tree with score = -79120.582
BETTER TREE FOUND at iteration 23: -79120.582
IN UPDATE: oldScore = -79120.582, newScore = -79120.582
Saved xgphy tree to data_training/dna_M7054_222_6237.phy/output_files/iqtree/inference/rand_tree11_xgphy.log
32 unique trees added to candidate set. 11 trees had branch lengths optimized.
IN UPDATE: new tree with score = -79234.258
IN UPDATE: oldScore = -79234.258, newScore = -79234.258
Saved xgphy tree to data_training/dna_M7054_222_6237.phy/output_files/iqtree/inference/rand_tree12_xgphy.log
33 unique trees added to candidate set. 12 trees had branch lengths optimized.
Estimate model parameters (epsilon = 0.100)
IN UPDATE: new tree with score = -79119.547
BETTER TREE FOUND at iteration 27: -79119.547
IN UPDATE: oldScore = -79119.547, newScore = -79119.547
Saved xgphy tree to data_training/dna_M7054_222_6237.phy/output_files/iqtree/inference/rand_tree13_xgphy.log
34 unique trees added to candidate set. 13 trees had branch lengths optimized.
Estimate model parameters (epsilon = 0.100)
IN UPDATE: new tree with score = -79084.254
BETTER TREE FOUND at iteration 29: -79084.254
IN UPDATE: oldScore = -79084.254, newScore = -79084.254
Iteration 30 / LogL: -79084.254 / Time: 0h:39m:17s (0h:-16m:-29s left)
Saved xgphy tree to data_training/dna_M7054_222_6237.phy/output_files/iqtree/inference/rand_tree14_xgphy.log
35 unique trees added to candidate set. 14 trees had branch lengths optimized.
Estimate model parameters (epsilon = 0.100)
IN UPDATE: new tree with score = -79077.508
BETTER TREE FOUND at iteration 31: -79077.508
IN UPDATE: oldScore = -79077.508, newScore = -79077.508
Saved xgphy tree to data_training/dna_M7054_222_6237.phy/output_files/iqtree/inference/rand_tree15_xgphy.log
36 unique trees added to candidate set. 15 trees had branch lengths optimized.
Estimate model parameters (epsilon = 0.100)
IN UPDATE: new tree with score = -79075.389
BETTER TREE FOUND at iteration 33: -79075.389
IN UPDATE: oldScore = -79075.389, newScore = -79075.389
Saved xgphy tree to data_training/dna_M7054_222_6237.phy/output_files/iqtree/inference/rand_tree16_xgphy.log
37 unique trees added to candidate set. 16 trees had branch lengths optimized.
IN UPDATE: new tree with score = -79075.506
IN UPDATE: oldScore = -79075.506, newScore = -79075.506
Saved xgphy tree to data_training/dna_M7054_222_6237.phy/output_files/iqtree/inference/rand_tree17_xgphy.log
38 unique trees added to candidate set. 17 trees had branch lengths optimized.
IN UPDATE: new tree with score = -79082.725
IN UPDATE: oldScore = -79082.725, newScore = -79082.725
Saved xgphy tree to data_training/dna_M7054_222_6237.phy/output_files/iqtree/inference/rand_tree18_xgphy.log
39 unique trees added to candidate set. 18 trees had branch lengths optimized.
IN UPDATE: new tree with score = -79080.315
IN UPDATE: oldScore = -79080.315, newScore = -79080.315
Iteration 40 / LogL: -79080.315 / Time: 0h:41m:21s (0h:-18m:-45s left)
Saved xgphy tree to data_training/dna_M7054_222_6237.phy/output_files/iqtree/inference/rand_tree19_xgphy.log
40 unique trees added to candidate set. 19 trees had branch lengths optimized.
1181.210 seconds
Current best score: -79075.389
3.Score of best tree in CandidateSet: -79075.389
2.Score of best tree in CandidateSet: -79075.506
1.Score of best tree in CandidateSet: -79077.508

Do NNI search on 3 best initial trees
1
Estimate model parameters (epsilon = 0.100)
Saved xgphy best tree to data_training/dna_M7054_222_6237.phy/output_files/iqtree/inference/rand_bestTreeInitTree0_xgphy.treefile
IN UPDATE: new tree with score = -79075.383
BETTER TREE FOUND at iteration 1: -79075.383
2
Saved xgphy best tree to data_training/dna_M7054_222_6237.phy/output_files/iqtree/inference/rand_bestTreeInitTree1_xgphy.treefile
IN UPDATE: new tree with score = -79075.470
3
Saved xgphy best tree to data_training/dna_M7054_222_6237.phy/output_files/iqtree/inference/rand_bestTreeInitTree2_xgphy.treefile
IN UPDATE: new tree with score = -79077.509
1.Score of best tree in CandidateSet: -79075.383
Finish initializing candidate tree set (3)
Current best tree score: -79075.383 / CPU time: 1190.015
Number of iterations: 3
TREE SEARCH COMPLETED AFTER 3 ITERATIONS / Time: 0h:41m:29s

--------------------------------------------------------------------
|                    FINALIZING TREE SEARCH                        |
--------------------------------------------------------------------
Performs final model parameters optimization
Estimate model parameters (epsilon = 0.010)
1. Initial log-likelihood: -79075.383
Optimal log-likelihood: -79075.379
Rate parameters:  A-C: 1.22631  A-G: 1.81857  A-T: 0.38301  C-G: 0.71859  C-T: 2.05428  G-T: 1.00000
Base frequencies:  A: 0.288  C: 0.198  G: 0.208  T: 0.306
Proportion of invariable sites: 0.215
Site proportion and rates:  (0.445,0.338) (0.191,1.452) (0.126,3.252) (0.024,6.790)
Parameters optimization took 1 rounds (1.641 sec)
IN UPDATE: oldScore = -79075.383, newScore = -79075.379
BEST SCORE FOUND : -79075.379
Total tree length: 3.237

Total number of iterations: 3
CPU time used for tree search: 1312.017 sec (0h:21m:52s)
Wall-clock time used for tree search: 1190.016 sec (0h:19m:50s)
Total CPU time used: 2717.566 sec (0h:45m:17s)
Total wall-clock time used: 2491.460 sec (0h:41m:31s)

Analysis results written to: 
  IQ-TREE report:                data_training/dna_M7054_222_6237.phy/output_files/iqtree/inference/rand.iqtree
  Maximum-likelihood tree:       data_training/dna_M7054_222_6237.phy/output_files/iqtree/inference/rand.treefile
  Screen log file:               data_training/dna_M7054_222_6237.phy/output_files/iqtree/inference/rand.log

Date and Time: Sat Sep 20 11:40:15 2025
