IQ-TREE version 3.0.1 for Linux x86 64-bit built Sep 23 2025
Developed by Bui Quang Minh, Thomas Wong, Nhan Ly-Trong, Huaiyan Ren
Contributed by Lam-Tung Nguyen, Dominik Schrempf, Chris Bielow,
Olga Chernomor, Michael Woodhams, Diep Thi Hoang, Heiko Schmidt

Host:    cnode01.hpc.vast.vn (AVX512, FMA3, 125 GB RAM)
Command: /datausers/ioit/thaontp/tranthanhvan235/iqtree3/build/iqtree3 -s /datausers/ioit/thaontp/tranthanhvan235/data_treebase/remainMSAs/prot_M5379_60_7776.phy -pre training_data/prot_M5379_60_7776.phy/output_files/iqtree/inference/pars_3 -seed 3 -ninit 1 -T 1 -redo -n 0 -nt AUTO
Seed:    3 (Using SPRNG - Scalable Parallel Random Number Generator)
Time:    Mon Oct  6 21:08:40 2025
Kernel:  AVX+FMA - auto-detect threads (56 CPU cores detected)

Reading alignment file /datausers/ioit/thaontp/tranthanhvan235/data_treebase/remainMSAs/prot_M5379_60_7776.phy ... Phylip format detected
Alignment most likely contains protein sequences
Constructing alignment: done in 0.0712022 secs using 742.9% CPU
Alignment has 60 sequences with 7776 columns, 7259 distinct patterns
5081 parsimony-informative, 944 singleton sites, 1751 constant sites
                                Gap/Ambiguity  Composition  p-value
Analyzing sequences: done in 0.071951 secs using 1981% CPU
   1  Amoebidium_parasiticum           48.84%    failed      1.41%
   2  Apis_mellifera                    3.33%    passed     97.60%
   3  Araneae                          25.04%    passed     99.59%
   4  Astacidea                        17.19%    passed     98.47%
   5  Batrachochytrium_dendrobatidis    5.59%    failed      2.79%
   6  Blastocladiella_emersonii         2.80%    failed      0.00%
   7  Bombyx_mori                       0.51%    passed     99.99%
   8  Buddenbrockia_plumatellae         1.11%    failed      0.00%
   9  Capitella                         7.55%    passed     97.94%
  10  Capsaspora_owczarzaki            15.87%    failed      0.35%
  11  Chalcidoidea                      6.35%    passed     98.37%
  12  Chalinidae                        1.85%    passed     77.36%
  13  Ciona_intestinalis                1.74%    passed     99.67%
  14  Ciona_savignyi                    0.58%    passed     99.29%
  15  Crassostrea                      18.98%    passed     35.80%
  16  Cryptococcus                      0.36%    failed      0.01%
  17  Cyanea                           47.48%    passed      5.49%
  18  Danio_rerio                       1.38%    passed     99.99%
  19  Daphnia                           0.60%    passed     99.94%
  20  Dugesia                          14.33%    failed      0.66%
  21  Echinococcus                     28.95%    failed      0.20%
  22  Eutardigrada                     22.65%    passed     65.33%
  23  Euthyneura                        2.34%    passed     99.32%
  24  Fasciola_hepatica                61.88%    passed      7.48%
  25  Gallus_gallus                     9.35%    passed     99.98%
  26  Glomus                           53.94%    passed     13.92%
  27  Haementeriinae                   11.02%    passed     99.70%
  28  Hydra                             0.58%    passed     36.61%
  29  Hydractiniidae                   11.33%    passed     97.98%
  30  Ixodes                            0.93%    passed     59.73%
  31  Lottia                           36.81%    passed      7.00%
  32  Lumbricidae                      12.44%    passed     91.89%
  33  Mammalia                          0.08%    passed     99.97%
  34  Monosiga_brevicollis              0.89%    passed      8.69%
  35  Monosiga_ovata                    6.37%    passed     10.89%
  36  Myxinidae                         2.51%    passed     85.56%
  37  Nematostella_vectensis            0.27%    passed     95.14%
  38  Nereididae                       52.19%    passed     88.65%
  39  Noctuoidea                        4.36%    passed     99.74%
  40  Orthopteroidea                   10.51%    passed     95.11%
  41  Pectinidae                       17.64%    passed     55.80%
  42  Penaeidae                        16.22%    passed     82.92%
  43  Petromyzon_marinus                4.42%    passed     99.09%
  44  Plakinidae                       51.31%    passed     17.58%
  45  Proterospongia                   47.11%    passed     49.30%
  46  Rhipicephalus                     9.59%    passed     50.73%
  47  Rhizopus                          2.20%    failed      0.24%
  48  Schistosoma_japonicum             6.40%    passed     19.91%
  49  Schistosoma_mansoni               6.43%    passed     23.47%
  50  Schmidtea_mediterranea            6.73%    failed      0.12%
  51  Scleractinia                      8.54%    passed     74.23%
  52  Sepiolidae                       26.50%    passed     62.80%
  53  Sphaeroforma_arctica             14.17%    passed     71.23%
  54  Spizellomyces_punctatus          16.60%    passed     18.29%
  55  Stolidobranchia                   2.87%    passed     99.97%
  56  Suberites_domuncula              24.68%    passed     22.94%
  57  Tribolium_castaneum               0.04%    passed     99.93%
  58  Ustilago                          1.79%    failed      0.00%
  59  Xenopus                           0.05%    passed     99.98%
  60  Xiphinema                        20.59%    passed     34.72%
WARNING: 4 sequences contain more than 50% gaps/ambiguity
****  TOTAL                            13.91%  11 sequences failed composition chi2 test (p-value<5%; df=19)
Checking for duplicate sequences: done in 0.066835 secs using 2091% CPU


Create initial parsimony tree by phylogenetic likelihood library (PLL)... 0.312 seconds
Measuring multi-threading efficiency up to 56 CPU cores
Increase to 10 rounds for branch lengths
2 trees examined
Threads: 1 / Time: 65.417 sec / Speedup: 1.000 / Efficiency: 100% / LogL: -341886
Threads: 2 / Time: 42.733 sec / Speedup: 1.531 / Efficiency: 77% / LogL: -341886
Threads: 3 / Time: 31.867 sec / Speedup: 2.053 / Efficiency: 68% / LogL: -341886
Threads: 4 / Time: 32.071 sec / Speedup: 2.040 / Efficiency: 51% / LogL: -341886
Threads: 5 / Time: 31.486 sec / Speedup: 2.078 / Efficiency: 42% / LogL: -341886
Determining AUTO threadcount: done in 203.607 secs using 212.1% CPU
BEST NUMBER OF THREADS: 3

Perform fast likelihood tree search using LG+I+G model...
Estimate model parameters (epsilon = 5.000)
Perform nearest neighbor interchange...
Estimate model parameters (epsilon = 1.000)
1. Initial log-likelihood: -276238.331
2. Current log-likelihood: -276236.905
Optimal log-likelihood: -276236.343
Proportion of invariable sites: 0.150
Gamma shape alpha: 0.910
Parameters optimization took 2 rounds (8.939 sec)
Time for fast ML tree search: 57.781 seconds

NOTE: ModelFinder requires 674 MB RAM!
ModelFinder will test up to 1232 protein models (sample size: 7776 epsilon: 0.100) ...
 No. Model         -LnL         df  AIC          AICc         BIC
  1  LG            296507.717   117 593249.433   593253.039   594063.612
  2  LG+I          288376.992   118 576989.984   576993.652   577811.122
  3  LG+G4         276500.265   118 553236.531   553240.198   554057.669
  4  LG+I+G4       276236.001   119 552710.002   552713.732   553538.099
  5  LG+R2         279618.803   119 559475.606   559479.336   560303.703
  6  LG+R3         276643.364   121 553528.727   553532.585   554370.742
  7  LG+R4         276025.728   123 552297.457   552301.443   553153.389
  8  LG+R5         275833.963   125 551917.926   551922.043   552787.775
  9  LG+R6         275810.025   127 551874.050   551878.301   552757.817
 10  LG+R7         275809.505   129 551877.011   551881.397   552774.695
 14  LG+I+R2       278056.800   120 556353.599   556357.393   557188.655
 15  LG+I+R3       276296.487   122 552836.975   552840.896   553685.948
 16  LG+I+R4       275906.913   124 552061.827   552065.878   552924.718
 17  LG+I+R5       275822.564   126 551897.127   551901.311   552773.936
 18  LG+I+R6       275810.922   128 551877.844   551882.163   552768.570
 19  LG+I+R7       275810.374   130 551880.748   551885.203   552785.392
 31  LG+F+R6       275929.728   146 552151.455   552157.082   553167.440
 53  WAG+R6        278701.830   127 557657.659   557661.910   558541.426
 75  WAG+F+R6      278758.628   146 557809.255   557814.882   558825.240
 97  JTT+R6        279962.669   127 560179.338   560183.589   561063.106
119  JTT+F+R6      280170.692   146 560633.384   560639.010   561649.368
141  Q.PFAM+R6     276430.295   127 553114.590   553118.841   553998.358
163  Q.PFAM+F+R6   276381.995   146 553055.989   553061.616   554071.974
185  Q.BIRD+R6     287530.782   127 575315.563   575319.814   576199.330
207  Q.BIRD+F+R6   288293.245   146 576878.489   576884.115   577894.473
229  Q.MAMMAL+R6   284328.698   127 568911.397   568915.648   569795.164
251  Q.MAMMAL+F+R6 284985.146   146 570262.291   570267.917   571278.275
273  Q.INSECT+R6   275191.477   127 550636.955   550641.206   551520.722
295  Q.INSECT+F+R6 275931.435   146 552154.869   552160.496   553170.854
317  Q.PLANT+R6    279631.202   127 559516.404   559520.655   560400.171
339  Q.PLANT+F+R6  280347.349   146 560986.699   560992.325   562002.683
361  Q.YEAST+R6    275541.043   127 551336.086   551340.337   552219.854
383  Q.YEAST+F+R6  275652.467   146 551596.933   551602.560   552612.918
405  JTTDCMUT+R6   279824.406   127 559902.812   559907.063   560786.579
427  JTTDCMUT+F+R6 280027.431   146 560346.862   560352.488   561362.846
449  DCMUT+R6      280691.853   127 561637.707   561641.958   562521.474
471  DCMUT+F+R6    280214.396   146 560720.792   560726.419   561736.777
493  VT+R6         279979.850   127 560213.700   560217.951   561097.467
515  VT+F+R6       280023.618   146 560339.237   560344.863   561355.221
537  PMB+R6        281778.935   127 563811.870   563816.121   564695.638
559  PMB+F+R6      282110.225   146 564512.449   564518.076   565528.434
581  BLOSUM62+R6   281292.366   127 562838.732   562842.983   563722.499
603  BLOSUM62+F+R6 281750.554   146 563793.108   563798.735   564809.093
625  DAYHOFF+R6    280665.627   127 561585.254   561589.505   562469.021
647  DAYHOFF+F+R6  280192.425   146 560676.850   560682.476   561692.834
669  MTREV+R6      296168.799   127 592591.598   592595.849   593475.366
691  MTREV+F+R6    284645.315   146 569582.629   569588.256   570598.613
713  MTART+R6      294234.196   127 588722.392   588726.643   589606.160
735  MTART+F+R6    283459.313   146 567210.626   567216.252   568226.610
757  MTZOA+R6      287719.225   127 575692.450   575696.701   576576.217
779  MTZOA+F+R6    280500.939   146 561293.879   561299.505   562309.863
801  MTMET+R6      294822.299   127 589898.597   589902.848   590782.364
823  MTMET+F+R6    284339.583   146 568971.166   568976.792   569987.150
845  MTVER+R6      301156.753   127 602567.505   602571.756   603451.273
867  MTVER+F+R6    290929.606   146 582151.212   582156.839   583167.196
889  MTINV+R6      294137.847   127 588529.695   588533.946   589413.462
911  MTINV+F+R6    281117.731   146 562527.462   562533.088   563543.446
933  MTMAM+R6      304657.713   127 609569.426   609573.677   610453.193
955  MTMAM+F+R6    293135.253   146 586562.506   586568.133   587578.491
977  FLAVI+R6      294544.057   127 589342.115   589346.366   590225.882
999  FLAVI+F+R6    295625.969   146 591543.938   591549.564   592559.922
1021  HIVB+R6       289300.200   127 578854.399   578858.650   579738.166
1043  HIVB+F+R6     289511.068   146 579314.135   579319.762   580330.120
1065  HIVW+R6       303741.588   127 607737.176   607741.427   608620.943
1087  HIVW+F+R6     301971.552   146 604235.105   604240.731   605251.089
1109  FLU+R6        286070.417   127 572394.833   572399.084   573278.600
1131  FLU+F+R6      286998.289   146 574288.578   574294.205   575304.563
1153  RTREV+R6      278126.718   127 556507.435   556511.687   557391.203
1175  RTREV+F+R6    276709.237   146 553710.474   553716.101   554726.459
1197  CPREV+R6      280884.384   127 562022.768   562027.019   562906.535
1219  CPREV+F+R6    281648.941   146 563589.882   563595.509   564605.867
Akaike Information Criterion:           Q.INSECT+R6
Corrected Akaike Information Criterion: Q.INSECT+R6
Bayesian Information Criterion:         Q.INSECT+R6
Best-fit model: Q.INSECT+R6 chosen according to BIC

All model information printed to training_data/prot_M5379_60_7776.phy/output_files/iqtree/inference/pars_3.model.gz
CPU time for ModelFinder: 27722.313 seconds (7h:42m:2s)
Wall-clock time for ModelFinder: 12312.383 seconds (3h:25m:12s)

NOTE: 404 MB RAM (0 GB) is required!
Estimate model parameters (epsilon = 0.010)
1. Initial log-likelihood: -275204.047
2. Current log-likelihood: -275192.418
3. Current log-likelihood: -275192.212
4. Current log-likelihood: -275192.087
5. Current log-likelihood: -275191.990
6. Current log-likelihood: -275191.915
7. Current log-likelihood: -275191.859
8. Current log-likelihood: -275191.817
9. Current log-likelihood: -275191.784
10. Current log-likelihood: -275191.766
11. Current log-likelihood: -275191.751
Optimal log-likelihood: -275191.746
Site proportion and rates:  (0.264,0.035) (0.217,0.284) (0.212,0.803) (0.174,1.614) (0.103,2.993) (0.029,5.760)
Parameters optimization took 11 rounds (284.152 sec)
Wrote distance file to... 
BEST SCORE FOUND : -275191.746
Total tree length: 10.257

Total number of iterations: 0
CPU time used for tree search: 0.000 sec (0h:0m:0s)
Wall-clock time used for tree search: 0.000 sec (0h:0m:0s)
Total CPU time used: 28379.704 sec (7h:52m:59s)
Total wall-clock time used: 12597.221 sec (3h:29m:57s)

Analysis results written to: 
  IQ-TREE report:                training_data/prot_M5379_60_7776.phy/output_files/iqtree/inference/pars_3.iqtree
  Maximum-likelihood tree:       training_data/prot_M5379_60_7776.phy/output_files/iqtree/inference/pars_3.treefile
  Screen log file:               training_data/prot_M5379_60_7776.phy/output_files/iqtree/inference/pars_3.log

Date and Time: Tue Oct  7 00:38:38 2025
ee/inference/pars_3.log

Date and Time: Tue Oct  7 00:38:38 2025
