
RAxML-NG v. 1.1.0-master released on 04.08.2022 by The Exelixis Lab.
Developed by: Alexey M. Kozlov and Alexandros Stamatakis.
Contributors: Diego Darriba, Tomas Flouri, Benoit Morel, Sarah Lutteropp, Ben Bettisworth.
Latest version: https://github.com/amkozlov/raxml-ng
Questions/problems/suggestions? Please visit: https://groups.google.com/forum/#!forum/raxml

System: 11th Gen Intel(R) Core(TM) i7-1185G7 @ 3.00GHz, 4 cores, 31 GB RAM

RAxML-NG was called at 21-Sep-2025 14:27:29 as follows:

/usr/local/bin/raxml-ng --start --msa /home/vanvan/Downloads/data_treebase/DIU_TRAINING_DATA/data4/prot_M9973_60_327.phy --tree pars{1} --prefix training_data/prot_M9973_60_327.phy/output_files/parsimony/seed_1 --model LG+G --seed 1

Analysis options:
  run mode: Starting tree generation
  start tree(s): parsimony (1)
  random seed: 1
  SIMD kernels: AVX2
  parallelization: coarse-grained (auto), PTHREADS (auto)

[00:00:00] Reading alignment from file: /home/vanvan/Downloads/data_treebase/DIU_TRAINING_DATA/data4/prot_M9973_60_327.phy
[00:00:00] Loaded alignment with 60 taxa and 327 sites

Alignment comprises 1 partitions and 306 patterns

Partition 0: noname
Model: LG+G4m
Alignment sites / patterns: 327 / 306
Gaps: 3.42 %
Invariant sites: 17.13 %


NOTE: Binary MSA file created: training_data/prot_M9973_60_327.phy/output_files/parsimony/seed_1.raxml.rba

[00:00:00] Generating 1 parsimony starting tree(s) with 60 taxa
Parsimony score: 2418

All starting trees saved to: /home/vanvan/difficulty-prediction-training-data/training_data/prot_M9973_60_327.phy/output_files/parsimony/seed_1.raxml.startTree


Execution log saved to: /home/vanvan/difficulty-prediction-training-data/training_data/prot_M9973_60_327.phy/output_files/parsimony/seed_1.raxml.log

Analysis started: 21-Sep-2025 14:27:29 / finished: 21-Sep-2025 14:27:29

Elapsed time: 0.019 seconds


RAxML-NG v. 1.1.0-master released on 04.08.2022 by The Exelixis Lab.
Developed by: Alexey M. Kozlov and Alexandros Stamatakis.
Contributors: Diego Darriba, Tomas Flouri, Benoit Morel, Sarah Lutteropp, Ben Bettisworth.
Latest version: https://github.com/amkozlov/raxml-ng
Questions/problems/suggestions? Please visit: https://groups.google.com/forum/#!forum/raxml

System: 11th Gen Intel(R) Core(TM) i7-1185G7 @ 3.00GHz, 4 cores, 31 GB RAM

RAxML-NG was called at 21-Sep-2025 12:58:19 as follows:

/usr/local/bin/raxml-ng --start --msa /home/vanvan/Downloads/data_treebase/DIU_TRAINING_DATA/data4/prot_M9973_60_327.phy --tree pars{1} --prefix training_data/prot_M9973_60_327.phy/output_files/parsimony/seed_2 --model LG+G --seed 2

Analysis options:
  run mode: Starting tree generation
  start tree(s): parsimony (1)
  random seed: 2
  SIMD kernels: AVX2
  parallelization: coarse-grained (auto), PTHREADS (auto)

[00:00:00] Reading alignment from file: /home/vanvan/Downloads/data_treebase/DIU_TRAINING_DATA/data4/prot_M9973_60_327.phy
[00:00:00] Loaded alignment with 60 taxa and 327 sites

Alignment comprises 1 partitions and 306 patterns

Partition 0: noname
Model: LG+G4m
Alignment sites / patterns: 327 / 306
Gaps: 3.42 %
Invariant sites: 17.13 %


NOTE: Binary MSA file created: training_data/prot_M9973_60_327.phy/output_files/parsimony/seed_2.raxml.rba

[00:00:00] Generating 1 parsimony starting tree(s) with 60 taxa
Parsimony score: 2406

All starting trees saved to: /home/vanvan/difficulty-prediction-training-data/training_data/prot_M9973_60_327.phy/output_files/parsimony/seed_2.raxml.startTree


Execution log saved to: /home/vanvan/difficulty-prediction-training-data/training_data/prot_M9973_60_327.phy/output_files/parsimony/seed_2.raxml.log

Analysis started: 21-Sep-2025 12:58:19 / finished: 21-Sep-2025 12:58:19

Elapsed time: 0.010 seconds


RAxML-NG v. 1.1.0-master released on 04.08.2022 by The Exelixis Lab.
Developed by: Alexey M. Kozlov and Alexandros Stamatakis.
Contributors: Diego Darriba, Tomas Flouri, Benoit Morel, Sarah Lutteropp, Ben Bettisworth.
Latest version: https://github.com/amkozlov/raxml-ng
Questions/problems/suggestions? Please visit: https://groups.google.com/forum/#!forum/raxml

System: 11th Gen Intel(R) Core(TM) i7-1185G7 @ 3.00GHz, 4 cores, 31 GB RAM

RAxML-NG was called at 21-Sep-2025 13:14:24 as follows:

/usr/local/bin/raxml-ng --start --msa /home/vanvan/Downloads/data_treebase/DIU_TRAINING_DATA/data4/prot_M9973_60_327.phy --tree pars{1} --prefix training_data/prot_M9973_60_327.phy/output_files/parsimony/seed_3 --model LG+G --seed 3

Analysis options:
  run mode: Starting tree generation
  start tree(s): parsimony (1)
  random seed: 3
  SIMD kernels: AVX2
  parallelization: coarse-grained (auto), PTHREADS (auto)

[00:00:00] Reading alignment from file: /home/vanvan/Downloads/data_treebase/DIU_TRAINING_DATA/data4/prot_M9973_60_327.phy
[00:00:00] Loaded alignment with 60 taxa and 327 sites

Alignment comprises 1 partitions and 306 patterns

Partition 0: noname
Model: LG+G4m
Alignment sites / patterns: 327 / 306
Gaps: 3.42 %
Invariant sites: 17.13 %


NOTE: Binary MSA file created: training_data/prot_M9973_60_327.phy/output_files/parsimony/seed_3.raxml.rba

[00:00:00] Generating 1 parsimony starting tree(s) with 60 taxa
Parsimony score: 2421

All starting trees saved to: /home/vanvan/difficulty-prediction-training-data/training_data/prot_M9973_60_327.phy/output_files/parsimony/seed_3.raxml.startTree


Execution log saved to: /home/vanvan/difficulty-prediction-training-data/training_data/prot_M9973_60_327.phy/output_files/parsimony/seed_3.raxml.log

Analysis started: 21-Sep-2025 13:14:24 / finished: 21-Sep-2025 13:14:25

Elapsed time: 0.024 seconds


RAxML-NG v. 1.1.0-master released on 04.08.2022 by The Exelixis Lab.
Developed by: Alexey M. Kozlov and Alexandros Stamatakis.
Contributors: Diego Darriba, Tomas Flouri, Benoit Morel, Sarah Lutteropp, Ben Bettisworth.
Latest version: https://github.com/amkozlov/raxml-ng
Questions/problems/suggestions? Please visit: https://groups.google.com/forum/#!forum/raxml

System: 11th Gen Intel(R) Core(TM) i7-1185G7 @ 3.00GHz, 4 cores, 31 GB RAM

RAxML-NG was called at 21-Sep-2025 13:33:17 as follows:

/usr/local/bin/raxml-ng --start --msa /home/vanvan/Downloads/data_treebase/DIU_TRAINING_DATA/data4/prot_M9973_60_327.phy --tree pars{1} --prefix training_data/prot_M9973_60_327.phy/output_files/parsimony/seed_4 --model LG+G --seed 4

Analysis options:
  run mode: Starting tree generation
  start tree(s): parsimony (1)
  random seed: 4
  SIMD kernels: AVX2
  parallelization: coarse-grained (auto), PTHREADS (auto)

[00:00:00] Reading alignment from file: /home/vanvan/Downloads/data_treebase/DIU_TRAINING_DATA/data4/prot_M9973_60_327.phy
[00:00:00] Loaded alignment with 60 taxa and 327 sites

Alignment comprises 1 partitions and 306 patterns

Partition 0: noname
Model: LG+G4m
Alignment sites / patterns: 327 / 306
Gaps: 3.42 %
Invariant sites: 17.13 %


NOTE: Binary MSA file created: training_data/prot_M9973_60_327.phy/output_files/parsimony/seed_4.raxml.rba

[00:00:00] Generating 1 parsimony starting tree(s) with 60 taxa
Parsimony score: 2437

All starting trees saved to: /home/vanvan/difficulty-prediction-training-data/training_data/prot_M9973_60_327.phy/output_files/parsimony/seed_4.raxml.startTree


Execution log saved to: /home/vanvan/difficulty-prediction-training-data/training_data/prot_M9973_60_327.phy/output_files/parsimony/seed_4.raxml.log

Analysis started: 21-Sep-2025 13:33:17 / finished: 21-Sep-2025 13:33:17

Elapsed time: 0.022 seconds


RAxML-NG v. 1.1.0-master released on 04.08.2022 by The Exelixis Lab.
Developed by: Alexey M. Kozlov and Alexandros Stamatakis.
Contributors: Diego Darriba, Tomas Flouri, Benoit Morel, Sarah Lutteropp, Ben Bettisworth.
Latest version: https://github.com/amkozlov/raxml-ng
Questions/problems/suggestions? Please visit: https://groups.google.com/forum/#!forum/raxml

System: 11th Gen Intel(R) Core(TM) i7-1185G7 @ 3.00GHz, 4 cores, 31 GB RAM

RAxML-NG was called at 21-Sep-2025 14:34:15 as follows:

/usr/local/bin/raxml-ng --start --msa /home/vanvan/Downloads/data_treebase/DIU_TRAINING_DATA/data4/prot_M9973_60_327.phy --tree pars{1} --prefix training_data/prot_M9973_60_327.phy/output_files/parsimony/seed_5 --model LG+G --seed 5

Analysis options:
  run mode: Starting tree generation
  start tree(s): parsimony (1)
  random seed: 5
  SIMD kernels: AVX2
  parallelization: coarse-grained (auto), PTHREADS (auto)

[00:00:00] Reading alignment from file: /home/vanvan/Downloads/data_treebase/DIU_TRAINING_DATA/data4/prot_M9973_60_327.phy
[00:00:00] Loaded alignment with 60 taxa and 327 sites

Alignment comprises 1 partitions and 306 patterns

Partition 0: noname
Model: LG+G4m
Alignment sites / patterns: 327 / 306
Gaps: 3.42 %
Invariant sites: 17.13 %


NOTE: Binary MSA file created: training_data/prot_M9973_60_327.phy/output_files/parsimony/seed_5.raxml.rba

[00:00:00] Generating 1 parsimony starting tree(s) with 60 taxa
Parsimony score: 2397

All starting trees saved to: /home/vanvan/difficulty-prediction-training-data/training_data/prot_M9973_60_327.phy/output_files/parsimony/seed_5.raxml.startTree


Execution log saved to: /home/vanvan/difficulty-prediction-training-data/training_data/prot_M9973_60_327.phy/output_files/parsimony/seed_5.raxml.log

Analysis started: 21-Sep-2025 14:34:15 / finished: 21-Sep-2025 14:34:15

Elapsed time: 0.014 seconds


RAxML-NG v. 1.1.0-master released on 04.08.2022 by The Exelixis Lab.
Developed by: Alexey M. Kozlov and Alexandros Stamatakis.
Contributors: Diego Darriba, Tomas Flouri, Benoit Morel, Sarah Lutteropp, Ben Bettisworth.
Latest version: https://github.com/amkozlov/raxml-ng
Questions/problems/suggestions? Please visit: https://groups.google.com/forum/#!forum/raxml

System: 11th Gen Intel(R) Core(TM) i7-1185G7 @ 3.00GHz, 4 cores, 31 GB RAM

RAxML-NG was called at 21-Sep-2025 13:17:37 as follows:

/usr/local/bin/raxml-ng --start --msa /home/vanvan/Downloads/data_treebase/DIU_TRAINING_DATA/data4/prot_M9973_60_327.phy --tree pars{1} --prefix training_data/prot_M9973_60_327.phy/output_files/parsimony/seed_6 --model LG+G --seed 6

Analysis options:
  run mode: Starting tree generation
  start tree(s): parsimony (1)
  random seed: 6
  SIMD kernels: AVX2
  parallelization: coarse-grained (auto), PTHREADS (auto)

[00:00:00] Reading alignment from file: /home/vanvan/Downloads/data_treebase/DIU_TRAINING_DATA/data4/prot_M9973_60_327.phy
[00:00:00] Loaded alignment with 60 taxa and 327 sites

Alignment comprises 1 partitions and 306 patterns

Partition 0: noname
Model: LG+G4m
Alignment sites / patterns: 327 / 306
Gaps: 3.42 %
Invariant sites: 17.13 %


NOTE: Binary MSA file created: training_data/prot_M9973_60_327.phy/output_files/parsimony/seed_6.raxml.rba

[00:00:00] Generating 1 parsimony starting tree(s) with 60 taxa
Parsimony score: 2403

All starting trees saved to: /home/vanvan/difficulty-prediction-training-data/training_data/prot_M9973_60_327.phy/output_files/parsimony/seed_6.raxml.startTree


Execution log saved to: /home/vanvan/difficulty-prediction-training-data/training_data/prot_M9973_60_327.phy/output_files/parsimony/seed_6.raxml.log

Analysis started: 21-Sep-2025 13:17:37 / finished: 21-Sep-2025 13:17:37

Elapsed time: 0.014 seconds


RAxML-NG v. 1.1.0-master released on 04.08.2022 by The Exelixis Lab.
Developed by: Alexey M. Kozlov and Alexandros Stamatakis.
Contributors: Diego Darriba, Tomas Flouri, Benoit Morel, Sarah Lutteropp, Ben Bettisworth.
Latest version: https://github.com/amkozlov/raxml-ng
Questions/problems/suggestions? Please visit: https://groups.google.com/forum/#!forum/raxml

System: 11th Gen Intel(R) Core(TM) i7-1185G7 @ 3.00GHz, 4 cores, 31 GB RAM

RAxML-NG was called at 21-Sep-2025 13:58:21 as follows:

/usr/local/bin/raxml-ng --start --msa /home/vanvan/Downloads/data_treebase/DIU_TRAINING_DATA/data4/prot_M9973_60_327.phy --tree pars{1} --prefix training_data/prot_M9973_60_327.phy/output_files/parsimony/seed_7 --model LG+G --seed 7

Analysis options:
  run mode: Starting tree generation
  start tree(s): parsimony (1)
  random seed: 7
  SIMD kernels: AVX2
  parallelization: coarse-grained (auto), PTHREADS (auto)

[00:00:00] Reading alignment from file: /home/vanvan/Downloads/data_treebase/DIU_TRAINING_DATA/data4/prot_M9973_60_327.phy
[00:00:00] Loaded alignment with 60 taxa and 327 sites

Alignment comprises 1 partitions and 306 patterns

Partition 0: noname
Model: LG+G4m
Alignment sites / patterns: 327 / 306
Gaps: 3.42 %
Invariant sites: 17.13 %


NOTE: Binary MSA file created: training_data/prot_M9973_60_327.phy/output_files/parsimony/seed_7.raxml.rba

[00:00:00] Generating 1 parsimony starting tree(s) with 60 taxa
Parsimony score: 2420

All starting trees saved to: /home/vanvan/difficulty-prediction-training-data/training_data/prot_M9973_60_327.phy/output_files/parsimony/seed_7.raxml.startTree


Execution log saved to: /home/vanvan/difficulty-prediction-training-data/training_data/prot_M9973_60_327.phy/output_files/parsimony/seed_7.raxml.log

Analysis started: 21-Sep-2025 13:58:21 / finished: 21-Sep-2025 13:58:21

Elapsed time: 0.011 seconds


RAxML-NG v. 1.1.0-master released on 04.08.2022 by The Exelixis Lab.
Developed by: Alexey M. Kozlov and Alexandros Stamatakis.
Contributors: Diego Darriba, Tomas Flouri, Benoit Morel, Sarah Lutteropp, Ben Bettisworth.
Latest version: https://github.com/amkozlov/raxml-ng
Questions/problems/suggestions? Please visit: https://groups.google.com/forum/#!forum/raxml

System: 11th Gen Intel(R) Core(TM) i7-1185G7 @ 3.00GHz, 4 cores, 31 GB RAM

RAxML-NG was called at 21-Sep-2025 14:06:22 as follows:

/usr/local/bin/raxml-ng --start --msa /home/vanvan/Downloads/data_treebase/DIU_TRAINING_DATA/data4/prot_M9973_60_327.phy --tree pars{1} --prefix training_data/prot_M9973_60_327.phy/output_files/parsimony/seed_8 --model LG+G --seed 8

Analysis options:
  run mode: Starting tree generation
  start tree(s): parsimony (1)
  random seed: 8
  SIMD kernels: AVX2
  parallelization: coarse-grained (auto), PTHREADS (auto)

[00:00:00] Reading alignment from file: /home/vanvan/Downloads/data_treebase/DIU_TRAINING_DATA/data4/prot_M9973_60_327.phy
[00:00:00] Loaded alignment with 60 taxa and 327 sites

Alignment comprises 1 partitions and 306 patterns

Partition 0: noname
Model: LG+G4m
Alignment sites / patterns: 327 / 306
Gaps: 3.42 %
Invariant sites: 17.13 %


NOTE: Binary MSA file created: training_data/prot_M9973_60_327.phy/output_files/parsimony/seed_8.raxml.rba

[00:00:00] Generating 1 parsimony starting tree(s) with 60 taxa
Parsimony score: 2422

All starting trees saved to: /home/vanvan/difficulty-prediction-training-data/training_data/prot_M9973_60_327.phy/output_files/parsimony/seed_8.raxml.startTree


Execution log saved to: /home/vanvan/difficulty-prediction-training-data/training_data/prot_M9973_60_327.phy/output_files/parsimony/seed_8.raxml.log

Analysis started: 21-Sep-2025 14:06:22 / finished: 21-Sep-2025 14:06:22

Elapsed time: 0.024 seconds


RAxML-NG v. 1.1.0-master released on 04.08.2022 by The Exelixis Lab.
Developed by: Alexey M. Kozlov and Alexandros Stamatakis.
Contributors: Diego Darriba, Tomas Flouri, Benoit Morel, Sarah Lutteropp, Ben Bettisworth.
Latest version: https://github.com/amkozlov/raxml-ng
Questions/problems/suggestions? Please visit: https://groups.google.com/forum/#!forum/raxml

System: 11th Gen Intel(R) Core(TM) i7-1185G7 @ 3.00GHz, 4 cores, 31 GB RAM

RAxML-NG was called at 21-Sep-2025 13:35:04 as follows:

/usr/local/bin/raxml-ng --start --msa /home/vanvan/Downloads/data_treebase/DIU_TRAINING_DATA/data4/prot_M9973_60_327.phy --tree pars{1} --prefix training_data/prot_M9973_60_327.phy/output_files/parsimony/seed_9 --model LG+G --seed 9

Analysis options:
  run mode: Starting tree generation
  start tree(s): parsimony (1)
  random seed: 9
  SIMD kernels: AVX2
  parallelization: coarse-grained (auto), PTHREADS (auto)

[00:00:00] Reading alignment from file: /home/vanvan/Downloads/data_treebase/DIU_TRAINING_DATA/data4/prot_M9973_60_327.phy
[00:00:00] Loaded alignment with 60 taxa and 327 sites

Alignment comprises 1 partitions and 306 patterns

Partition 0: noname
Model: LG+G4m
Alignment sites / patterns: 327 / 306
Gaps: 3.42 %
Invariant sites: 17.13 %


NOTE: Binary MSA file created: training_data/prot_M9973_60_327.phy/output_files/parsimony/seed_9.raxml.rba

[00:00:00] Generating 1 parsimony starting tree(s) with 60 taxa
Parsimony score: 2400

All starting trees saved to: /home/vanvan/difficulty-prediction-training-data/training_data/prot_M9973_60_327.phy/output_files/parsimony/seed_9.raxml.startTree


Execution log saved to: /home/vanvan/difficulty-prediction-training-data/training_data/prot_M9973_60_327.phy/output_files/parsimony/seed_9.raxml.log

Analysis started: 21-Sep-2025 13:35:04 / finished: 21-Sep-2025 13:35:04

Elapsed time: 0.009 seconds


RAxML-NG v. 1.1.0-master released on 04.08.2022 by The Exelixis Lab.
Developed by: Alexey M. Kozlov and Alexandros Stamatakis.
Contributors: Diego Darriba, Tomas Flouri, Benoit Morel, Sarah Lutteropp, Ben Bettisworth.
Latest version: https://github.com/amkozlov/raxml-ng
Questions/problems/suggestions? Please visit: https://groups.google.com/forum/#!forum/raxml

System: 11th Gen Intel(R) Core(TM) i7-1185G7 @ 3.00GHz, 4 cores, 31 GB RAM

RAxML-NG was called at 21-Sep-2025 12:58:19 as follows:

/usr/local/bin/raxml-ng --start --msa /home/vanvan/Downloads/data_treebase/DIU_TRAINING_DATA/data4/prot_M9973_60_327.phy --tree pars{1} --prefix training_data/prot_M9973_60_327.phy/output_files/parsimony/seed_10 --model LG+G --seed 10

Analysis options:
  run mode: Starting tree generation
  start tree(s): parsimony (1)
  random seed: 10
  SIMD kernels: AVX2
  parallelization: coarse-grained (auto), PTHREADS (auto)

[00:00:00] Reading alignment from file: /home/vanvan/Downloads/data_treebase/DIU_TRAINING_DATA/data4/prot_M9973_60_327.phy
[00:00:00] Loaded alignment with 60 taxa and 327 sites

Alignment comprises 1 partitions and 306 patterns

Partition 0: noname
Model: LG+G4m
Alignment sites / patterns: 327 / 306
Gaps: 3.42 %
Invariant sites: 17.13 %


NOTE: Binary MSA file created: training_data/prot_M9973_60_327.phy/output_files/parsimony/seed_10.raxml.rba

[00:00:00] Generating 1 parsimony starting tree(s) with 60 taxa
Parsimony score: 2423

All starting trees saved to: /home/vanvan/difficulty-prediction-training-data/training_data/prot_M9973_60_327.phy/output_files/parsimony/seed_10.raxml.startTree


Execution log saved to: /home/vanvan/difficulty-prediction-training-data/training_data/prot_M9973_60_327.phy/output_files/parsimony/seed_10.raxml.log

Analysis started: 21-Sep-2025 12:58:19 / finished: 21-Sep-2025 12:58:19

Elapsed time: 0.012 seconds


RAxML-NG v. 1.1.0-master released on 04.08.2022 by The Exelixis Lab.
Developed by: Alexey M. Kozlov and Alexandros Stamatakis.
Contributors: Diego Darriba, Tomas Flouri, Benoit Morel, Sarah Lutteropp, Ben Bettisworth.
Latest version: https://github.com/amkozlov/raxml-ng
Questions/problems/suggestions? Please visit: https://groups.google.com/forum/#!forum/raxml

System: 11th Gen Intel(R) Core(TM) i7-1185G7 @ 3.00GHz, 4 cores, 31 GB RAM

RAxML-NG was called at 21-Sep-2025 13:17:35 as follows:

/usr/local/bin/raxml-ng --start --msa /home/vanvan/Downloads/data_treebase/DIU_TRAINING_DATA/data4/prot_M9973_60_327.phy --tree pars{1} --prefix training_data/prot_M9973_60_327.phy/output_files/parsimony/seed_11 --model LG+G --seed 11

Analysis options:
  run mode: Starting tree generation
  start tree(s): parsimony (1)
  random seed: 11
  SIMD kernels: AVX2
  parallelization: coarse-grained (auto), PTHREADS (auto)

[00:00:00] Reading alignment from file: /home/vanvan/Downloads/data_treebase/DIU_TRAINING_DATA/data4/prot_M9973_60_327.phy
[00:00:00] Loaded alignment with 60 taxa and 327 sites

Alignment comprises 1 partitions and 306 patterns

Partition 0: noname
Model: LG+G4m
Alignment sites / patterns: 327 / 306
Gaps: 3.42 %
Invariant sites: 17.13 %


NOTE: Binary MSA file created: training_data/prot_M9973_60_327.phy/output_files/parsimony/seed_11.raxml.rba

[00:00:00] Generating 1 parsimony starting tree(s) with 60 taxa
Parsimony score: 2400

All starting trees saved to: /home/vanvan/difficulty-prediction-training-data/training_data/prot_M9973_60_327.phy/output_files/parsimony/seed_11.raxml.startTree


Execution log saved to: /home/vanvan/difficulty-prediction-training-data/training_data/prot_M9973_60_327.phy/output_files/parsimony/seed_11.raxml.log

Analysis started: 21-Sep-2025 13:17:35 / finished: 21-Sep-2025 13:17:35

Elapsed time: 0.015 seconds


RAxML-NG v. 1.1.0-master released on 04.08.2022 by The Exelixis Lab.
Developed by: Alexey M. Kozlov and Alexandros Stamatakis.
Contributors: Diego Darriba, Tomas Flouri, Benoit Morel, Sarah Lutteropp, Ben Bettisworth.
Latest version: https://github.com/amkozlov/raxml-ng
Questions/problems/suggestions? Please visit: https://groups.google.com/forum/#!forum/raxml

System: 11th Gen Intel(R) Core(TM) i7-1185G7 @ 3.00GHz, 4 cores, 31 GB RAM

RAxML-NG was called at 21-Sep-2025 13:35:07 as follows:

/usr/local/bin/raxml-ng --start --msa /home/vanvan/Downloads/data_treebase/DIU_TRAINING_DATA/data4/prot_M9973_60_327.phy --tree pars{1} --prefix training_data/prot_M9973_60_327.phy/output_files/parsimony/seed_12 --model LG+G --seed 12

Analysis options:
  run mode: Starting tree generation
  start tree(s): parsimony (1)
  random seed: 12
  SIMD kernels: AVX2
  parallelization: coarse-grained (auto), PTHREADS (auto)

[00:00:00] Reading alignment from file: /home/vanvan/Downloads/data_treebase/DIU_TRAINING_DATA/data4/prot_M9973_60_327.phy
[00:00:00] Loaded alignment with 60 taxa and 327 sites

Alignment comprises 1 partitions and 306 patterns

Partition 0: noname
Model: LG+G4m
Alignment sites / patterns: 327 / 306
Gaps: 3.42 %
Invariant sites: 17.13 %


NOTE: Binary MSA file created: training_data/prot_M9973_60_327.phy/output_files/parsimony/seed_12.raxml.rba

[00:00:00] Generating 1 parsimony starting tree(s) with 60 taxa
Parsimony score: 2402

All starting trees saved to: /home/vanvan/difficulty-prediction-training-data/training_data/prot_M9973_60_327.phy/output_files/parsimony/seed_12.raxml.startTree


Execution log saved to: /home/vanvan/difficulty-prediction-training-data/training_data/prot_M9973_60_327.phy/output_files/parsimony/seed_12.raxml.log

Analysis started: 21-Sep-2025 13:35:07 / finished: 21-Sep-2025 13:35:07

Elapsed time: 0.012 seconds


RAxML-NG v. 1.1.0-master released on 04.08.2022 by The Exelixis Lab.
Developed by: Alexey M. Kozlov and Alexandros Stamatakis.
Contributors: Diego Darriba, Tomas Flouri, Benoit Morel, Sarah Lutteropp, Ben Bettisworth.
Latest version: https://github.com/amkozlov/raxml-ng
Questions/problems/suggestions? Please visit: https://groups.google.com/forum/#!forum/raxml

System: 11th Gen Intel(R) Core(TM) i7-1185G7 @ 3.00GHz, 4 cores, 31 GB RAM

RAxML-NG was called at 21-Sep-2025 14:33:00 as follows:

/usr/local/bin/raxml-ng --start --msa /home/vanvan/Downloads/data_treebase/DIU_TRAINING_DATA/data4/prot_M9973_60_327.phy --tree pars{1} --prefix training_data/prot_M9973_60_327.phy/output_files/parsimony/seed_13 --model LG+G --seed 13

Analysis options:
  run mode: Starting tree generation
  start tree(s): parsimony (1)
  random seed: 13
  SIMD kernels: AVX2
  parallelization: coarse-grained (auto), PTHREADS (auto)

[00:00:00] Reading alignment from file: /home/vanvan/Downloads/data_treebase/DIU_TRAINING_DATA/data4/prot_M9973_60_327.phy
[00:00:00] Loaded alignment with 60 taxa and 327 sites

Alignment comprises 1 partitions and 306 patterns

Partition 0: noname
Model: LG+G4m
Alignment sites / patterns: 327 / 306
Gaps: 3.42 %
Invariant sites: 17.13 %


NOTE: Binary MSA file created: training_data/prot_M9973_60_327.phy/output_files/parsimony/seed_13.raxml.rba

[00:00:00] Generating 1 parsimony starting tree(s) with 60 taxa
Parsimony score: 2419

All starting trees saved to: /home/vanvan/difficulty-prediction-training-data/training_data/prot_M9973_60_327.phy/output_files/parsimony/seed_13.raxml.startTree


Execution log saved to: /home/vanvan/difficulty-prediction-training-data/training_data/prot_M9973_60_327.phy/output_files/parsimony/seed_13.raxml.log

Analysis started: 21-Sep-2025 14:33:00 / finished: 21-Sep-2025 14:33:00

Elapsed time: 0.017 seconds


RAxML-NG v. 1.1.0-master released on 04.08.2022 by The Exelixis Lab.
Developed by: Alexey M. Kozlov and Alexandros Stamatakis.
Contributors: Diego Darriba, Tomas Flouri, Benoit Morel, Sarah Lutteropp, Ben Bettisworth.
Latest version: https://github.com/amkozlov/raxml-ng
Questions/problems/suggestions? Please visit: https://groups.google.com/forum/#!forum/raxml

System: 11th Gen Intel(R) Core(TM) i7-1185G7 @ 3.00GHz, 4 cores, 31 GB RAM

RAxML-NG was called at 21-Sep-2025 13:50:57 as follows:

/usr/local/bin/raxml-ng --start --msa /home/vanvan/Downloads/data_treebase/DIU_TRAINING_DATA/data4/prot_M9973_60_327.phy --tree pars{1} --prefix training_data/prot_M9973_60_327.phy/output_files/parsimony/seed_14 --model LG+G --seed 14

Analysis options:
  run mode: Starting tree generation
  start tree(s): parsimony (1)
  random seed: 14
  SIMD kernels: AVX2
  parallelization: coarse-grained (auto), PTHREADS (auto)

[00:00:00] Reading alignment from file: /home/vanvan/Downloads/data_treebase/DIU_TRAINING_DATA/data4/prot_M9973_60_327.phy
[00:00:00] Loaded alignment with 60 taxa and 327 sites

Alignment comprises 1 partitions and 306 patterns

Partition 0: noname
Model: LG+G4m
Alignment sites / patterns: 327 / 306
Gaps: 3.42 %
Invariant sites: 17.13 %


NOTE: Binary MSA file created: training_data/prot_M9973_60_327.phy/output_files/parsimony/seed_14.raxml.rba

[00:00:00] Generating 1 parsimony starting tree(s) with 60 taxa
Parsimony score: 2420

All starting trees saved to: /home/vanvan/difficulty-prediction-training-data/training_data/prot_M9973_60_327.phy/output_files/parsimony/seed_14.raxml.startTree


Execution log saved to: /home/vanvan/difficulty-prediction-training-data/training_data/prot_M9973_60_327.phy/output_files/parsimony/seed_14.raxml.log

Analysis started: 21-Sep-2025 13:50:57 / finished: 21-Sep-2025 13:50:57

Elapsed time: 0.020 seconds


RAxML-NG v. 1.1.0-master released on 04.08.2022 by The Exelixis Lab.
Developed by: Alexey M. Kozlov and Alexandros Stamatakis.
Contributors: Diego Darriba, Tomas Flouri, Benoit Morel, Sarah Lutteropp, Ben Bettisworth.
Latest version: https://github.com/amkozlov/raxml-ng
Questions/problems/suggestions? Please visit: https://groups.google.com/forum/#!forum/raxml

System: 11th Gen Intel(R) Core(TM) i7-1185G7 @ 3.00GHz, 4 cores, 31 GB RAM

RAxML-NG was called at 21-Sep-2025 14:05:00 as follows:

/usr/local/bin/raxml-ng --start --msa /home/vanvan/Downloads/data_treebase/DIU_TRAINING_DATA/data4/prot_M9973_60_327.phy --tree pars{1} --prefix training_data/prot_M9973_60_327.phy/output_files/parsimony/seed_15 --model LG+G --seed 15

Analysis options:
  run mode: Starting tree generation
  start tree(s): parsimony (1)
  random seed: 15
  SIMD kernels: AVX2
  parallelization: coarse-grained (auto), PTHREADS (auto)

[00:00:00] Reading alignment from file: /home/vanvan/Downloads/data_treebase/DIU_TRAINING_DATA/data4/prot_M9973_60_327.phy
[00:00:00] Loaded alignment with 60 taxa and 327 sites

Alignment comprises 1 partitions and 306 patterns

Partition 0: noname
Model: LG+G4m
Alignment sites / patterns: 327 / 306
Gaps: 3.42 %
Invariant sites: 17.13 %


NOTE: Binary MSA file created: training_data/prot_M9973_60_327.phy/output_files/parsimony/seed_15.raxml.rba

[00:00:00] Generating 1 parsimony starting tree(s) with 60 taxa
Parsimony score: 2414

All starting trees saved to: /home/vanvan/difficulty-prediction-training-data/training_data/prot_M9973_60_327.phy/output_files/parsimony/seed_15.raxml.startTree


Execution log saved to: /home/vanvan/difficulty-prediction-training-data/training_data/prot_M9973_60_327.phy/output_files/parsimony/seed_15.raxml.log

Analysis started: 21-Sep-2025 14:05:00 / finished: 21-Sep-2025 14:05:00

Elapsed time: 0.024 seconds


RAxML-NG v. 1.1.0-master released on 04.08.2022 by The Exelixis Lab.
Developed by: Alexey M. Kozlov and Alexandros Stamatakis.
Contributors: Diego Darriba, Tomas Flouri, Benoit Morel, Sarah Lutteropp, Ben Bettisworth.
Latest version: https://github.com/amkozlov/raxml-ng
Questions/problems/suggestions? Please visit: https://groups.google.com/forum/#!forum/raxml

System: 11th Gen Intel(R) Core(TM) i7-1185G7 @ 3.00GHz, 4 cores, 31 GB RAM

RAxML-NG was called at 21-Sep-2025 14:27:00 as follows:

/usr/local/bin/raxml-ng --start --msa /home/vanvan/Downloads/data_treebase/DIU_TRAINING_DATA/data4/prot_M9973_60_327.phy --tree pars{1} --prefix training_data/prot_M9973_60_327.phy/output_files/parsimony/seed_16 --model LG+G --seed 16

Analysis options:
  run mode: Starting tree generation
  start tree(s): parsimony (1)
  random seed: 16
  SIMD kernels: AVX2
  parallelization: coarse-grained (auto), PTHREADS (auto)

[00:00:00] Reading alignment from file: /home/vanvan/Downloads/data_treebase/DIU_TRAINING_DATA/data4/prot_M9973_60_327.phy
[00:00:00] Loaded alignment with 60 taxa and 327 sites

Alignment comprises 1 partitions and 306 patterns

Partition 0: noname
Model: LG+G4m
Alignment sites / patterns: 327 / 306
Gaps: 3.42 %
Invariant sites: 17.13 %


NOTE: Binary MSA file created: training_data/prot_M9973_60_327.phy/output_files/parsimony/seed_16.raxml.rba

[00:00:00] Generating 1 parsimony starting tree(s) with 60 taxa
Parsimony score: 2410

All starting trees saved to: /home/vanvan/difficulty-prediction-training-data/training_data/prot_M9973_60_327.phy/output_files/parsimony/seed_16.raxml.startTree


Execution log saved to: /home/vanvan/difficulty-prediction-training-data/training_data/prot_M9973_60_327.phy/output_files/parsimony/seed_16.raxml.log

Analysis started: 21-Sep-2025 14:27:00 / finished: 21-Sep-2025 14:27:00

Elapsed time: 0.020 seconds


RAxML-NG v. 1.1.0-master released on 04.08.2022 by The Exelixis Lab.
Developed by: Alexey M. Kozlov and Alexandros Stamatakis.
Contributors: Diego Darriba, Tomas Flouri, Benoit Morel, Sarah Lutteropp, Ben Bettisworth.
Latest version: https://github.com/amkozlov/raxml-ng
Questions/problems/suggestions? Please visit: https://groups.google.com/forum/#!forum/raxml

System: 11th Gen Intel(R) Core(TM) i7-1185G7 @ 3.00GHz, 4 cores, 31 GB RAM

RAxML-NG was called at 21-Sep-2025 13:17:32 as follows:

/usr/local/bin/raxml-ng --start --msa /home/vanvan/Downloads/data_treebase/DIU_TRAINING_DATA/data4/prot_M9973_60_327.phy --tree pars{1} --prefix training_data/prot_M9973_60_327.phy/output_files/parsimony/seed_17 --model LG+G --seed 17

Analysis options:
  run mode: Starting tree generation
  start tree(s): parsimony (1)
  random seed: 17
  SIMD kernels: AVX2
  parallelization: coarse-grained (auto), PTHREADS (auto)

[00:00:00] Reading alignment from file: /home/vanvan/Downloads/data_treebase/DIU_TRAINING_DATA/data4/prot_M9973_60_327.phy
[00:00:00] Loaded alignment with 60 taxa and 327 sites

Alignment comprises 1 partitions and 306 patterns

Partition 0: noname
Model: LG+G4m
Alignment sites / patterns: 327 / 306
Gaps: 3.42 %
Invariant sites: 17.13 %


NOTE: Binary MSA file created: training_data/prot_M9973_60_327.phy/output_files/parsimony/seed_17.raxml.rba

[00:00:00] Generating 1 parsimony starting tree(s) with 60 taxa
Parsimony score: 2409

All starting trees saved to: /home/vanvan/difficulty-prediction-training-data/training_data/prot_M9973_60_327.phy/output_files/parsimony/seed_17.raxml.startTree


Execution log saved to: /home/vanvan/difficulty-prediction-training-data/training_data/prot_M9973_60_327.phy/output_files/parsimony/seed_17.raxml.log

Analysis started: 21-Sep-2025 13:17:32 / finished: 21-Sep-2025 13:17:32

Elapsed time: 0.021 seconds


RAxML-NG v. 1.1.0-master released on 04.08.2022 by The Exelixis Lab.
Developed by: Alexey M. Kozlov and Alexandros Stamatakis.
Contributors: Diego Darriba, Tomas Flouri, Benoit Morel, Sarah Lutteropp, Ben Bettisworth.
Latest version: https://github.com/amkozlov/raxml-ng
Questions/problems/suggestions? Please visit: https://groups.google.com/forum/#!forum/raxml

System: 11th Gen Intel(R) Core(TM) i7-1185G7 @ 3.00GHz, 4 cores, 31 GB RAM

RAxML-NG was called at 21-Sep-2025 12:58:16 as follows:

/usr/local/bin/raxml-ng --start --msa /home/vanvan/Downloads/data_treebase/DIU_TRAINING_DATA/data4/prot_M9973_60_327.phy --tree pars{1} --prefix training_data/prot_M9973_60_327.phy/output_files/parsimony/seed_18 --model LG+G --seed 18

Analysis options:
  run mode: Starting tree generation
  start tree(s): parsimony (1)
  random seed: 18
  SIMD kernels: AVX2
  parallelization: coarse-grained (auto), PTHREADS (auto)

[00:00:00] Reading alignment from file: /home/vanvan/Downloads/data_treebase/DIU_TRAINING_DATA/data4/prot_M9973_60_327.phy
[00:00:00] Loaded alignment with 60 taxa and 327 sites

Alignment comprises 1 partitions and 306 patterns

Partition 0: noname
Model: LG+G4m
Alignment sites / patterns: 327 / 306
Gaps: 3.42 %
Invariant sites: 17.13 %


NOTE: Binary MSA file created: training_data/prot_M9973_60_327.phy/output_files/parsimony/seed_18.raxml.rba

[00:00:00] Generating 1 parsimony starting tree(s) with 60 taxa
Parsimony score: 2412

All starting trees saved to: /home/vanvan/difficulty-prediction-training-data/training_data/prot_M9973_60_327.phy/output_files/parsimony/seed_18.raxml.startTree


Execution log saved to: /home/vanvan/difficulty-prediction-training-data/training_data/prot_M9973_60_327.phy/output_files/parsimony/seed_18.raxml.log

Analysis started: 21-Sep-2025 12:58:16 / finished: 21-Sep-2025 12:58:16

Elapsed time: 0.011 seconds


RAxML-NG v. 1.1.0-master released on 04.08.2022 by The Exelixis Lab.
Developed by: Alexey M. Kozlov and Alexandros Stamatakis.
Contributors: Diego Darriba, Tomas Flouri, Benoit Morel, Sarah Lutteropp, Ben Bettisworth.
Latest version: https://github.com/amkozlov/raxml-ng
Questions/problems/suggestions? Please visit: https://groups.google.com/forum/#!forum/raxml

System: 11th Gen Intel(R) Core(TM) i7-1185G7 @ 3.00GHz, 4 cores, 31 GB RAM

RAxML-NG was called at 21-Sep-2025 13:17:46 as follows:

/usr/local/bin/raxml-ng --start --msa /home/vanvan/Downloads/data_treebase/DIU_TRAINING_DATA/data4/prot_M9973_60_327.phy --tree pars{1} --prefix training_data/prot_M9973_60_327.phy/output_files/parsimony/seed_19 --model LG+G --seed 19

Analysis options:
  run mode: Starting tree generation
  start tree(s): parsimony (1)
  random seed: 19
  SIMD kernels: AVX2
  parallelization: coarse-grained (auto), PTHREADS (auto)

[00:00:00] Reading alignment from file: /home/vanvan/Downloads/data_treebase/DIU_TRAINING_DATA/data4/prot_M9973_60_327.phy
[00:00:00] Loaded alignment with 60 taxa and 327 sites

Alignment comprises 1 partitions and 306 patterns

Partition 0: noname
Model: LG+G4m
Alignment sites / patterns: 327 / 306
Gaps: 3.42 %
Invariant sites: 17.13 %


NOTE: Binary MSA file created: training_data/prot_M9973_60_327.phy/output_files/parsimony/seed_19.raxml.rba

[00:00:00] Generating 1 parsimony starting tree(s) with 60 taxa
Parsimony score: 2402

All starting trees saved to: /home/vanvan/difficulty-prediction-training-data/training_data/prot_M9973_60_327.phy/output_files/parsimony/seed_19.raxml.startTree


Execution log saved to: /home/vanvan/difficulty-prediction-training-data/training_data/prot_M9973_60_327.phy/output_files/parsimony/seed_19.raxml.log

Analysis started: 21-Sep-2025 13:17:46 / finished: 21-Sep-2025 13:17:46

Elapsed time: 0.021 seconds


RAxML-NG v. 1.1.0-master released on 04.08.2022 by The Exelixis Lab.
Developed by: Alexey M. Kozlov and Alexandros Stamatakis.
Contributors: Diego Darriba, Tomas Flouri, Benoit Morel, Sarah Lutteropp, Ben Bettisworth.
Latest version: https://github.com/amkozlov/raxml-ng
Questions/problems/suggestions? Please visit: https://groups.google.com/forum/#!forum/raxml

System: 11th Gen Intel(R) Core(TM) i7-1185G7 @ 3.00GHz, 4 cores, 31 GB RAM

RAxML-NG was called at 21-Sep-2025 14:24:21 as follows:

/usr/local/bin/raxml-ng --start --msa /home/vanvan/Downloads/data_treebase/DIU_TRAINING_DATA/data4/prot_M9973_60_327.phy --tree pars{1} --prefix training_data/prot_M9973_60_327.phy/output_files/parsimony/seed_20 --model LG+G --seed 20

Analysis options:
  run mode: Starting tree generation
  start tree(s): parsimony (1)
  random seed: 20
  SIMD kernels: AVX2
  parallelization: coarse-grained (auto), PTHREADS (auto)

[00:00:00] Reading alignment from file: /home/vanvan/Downloads/data_treebase/DIU_TRAINING_DATA/data4/prot_M9973_60_327.phy
[00:00:00] Loaded alignment with 60 taxa and 327 sites

Alignment comprises 1 partitions and 306 patterns

Partition 0: noname
Model: LG+G4m
Alignment sites / patterns: 327 / 306
Gaps: 3.42 %
Invariant sites: 17.13 %


NOTE: Binary MSA file created: training_data/prot_M9973_60_327.phy/output_files/parsimony/seed_20.raxml.rba

[00:00:00] Generating 1 parsimony starting tree(s) with 60 taxa
Parsimony score: 2422

All starting trees saved to: /home/vanvan/difficulty-prediction-training-data/training_data/prot_M9973_60_327.phy/output_files/parsimony/seed_20.raxml.startTree


Execution log saved to: /home/vanvan/difficulty-prediction-training-data/training_data/prot_M9973_60_327.phy/output_files/parsimony/seed_20.raxml.log

Analysis started: 21-Sep-2025 14:24:21 / finished: 21-Sep-2025 14:24:21

Elapsed time: 0.021 seconds


RAxML-NG v. 1.1.0-master released on 04.08.2022 by The Exelixis Lab.
Developed by: Alexey M. Kozlov and Alexandros Stamatakis.
Contributors: Diego Darriba, Tomas Flouri, Benoit Morel, Sarah Lutteropp, Ben Bettisworth.
Latest version: https://github.com/amkozlov/raxml-ng
Questions/problems/suggestions? Please visit: https://groups.google.com/forum/#!forum/raxml

System: 11th Gen Intel(R) Core(TM) i7-1185G7 @ 3.00GHz, 4 cores, 31 GB RAM

RAxML-NG was called at 21-Sep-2025 14:54:00 as follows:

/usr/local/bin/raxml-ng --start --msa /home/vanvan/Downloads/data_treebase/DIU_TRAINING_DATA/data4/prot_M9973_60_327.phy --tree pars{1} --prefix training_data/prot_M9973_60_327.phy/output_files/parsimony/seed_21 --model LG+G --seed 21

Analysis options:
  run mode: Starting tree generation
  start tree(s): parsimony (1)
  random seed: 21
  SIMD kernels: AVX2
  parallelization: coarse-grained (auto), PTHREADS (auto)

[00:00:00] Reading alignment from file: /home/vanvan/Downloads/data_treebase/DIU_TRAINING_DATA/data4/prot_M9973_60_327.phy
[00:00:00] Loaded alignment with 60 taxa and 327 sites

Alignment comprises 1 partitions and 306 patterns

Partition 0: noname
Model: LG+G4m
Alignment sites / patterns: 327 / 306
Gaps: 3.42 %
Invariant sites: 17.13 %


NOTE: Binary MSA file created: training_data/prot_M9973_60_327.phy/output_files/parsimony/seed_21.raxml.rba

[00:00:00] Generating 1 parsimony starting tree(s) with 60 taxa
Parsimony score: 2424

All starting trees saved to: /home/vanvan/difficulty-prediction-training-data/training_data/prot_M9973_60_327.phy/output_files/parsimony/seed_21.raxml.startTree


Execution log saved to: /home/vanvan/difficulty-prediction-training-data/training_data/prot_M9973_60_327.phy/output_files/parsimony/seed_21.raxml.log

Analysis started: 21-Sep-2025 14:54:00 / finished: 21-Sep-2025 14:54:00

Elapsed time: 0.022 seconds


RAxML-NG v. 1.1.0-master released on 04.08.2022 by The Exelixis Lab.
Developed by: Alexey M. Kozlov and Alexandros Stamatakis.
Contributors: Diego Darriba, Tomas Flouri, Benoit Morel, Sarah Lutteropp, Ben Bettisworth.
Latest version: https://github.com/amkozlov/raxml-ng
Questions/problems/suggestions? Please visit: https://groups.google.com/forum/#!forum/raxml

System: 11th Gen Intel(R) Core(TM) i7-1185G7 @ 3.00GHz, 4 cores, 31 GB RAM

RAxML-NG was called at 21-Sep-2025 13:58:19 as follows:

/usr/local/bin/raxml-ng --start --msa /home/vanvan/Downloads/data_treebase/DIU_TRAINING_DATA/data4/prot_M9973_60_327.phy --tree pars{1} --prefix training_data/prot_M9973_60_327.phy/output_files/parsimony/seed_22 --model LG+G --seed 22

Analysis options:
  run mode: Starting tree generation
  start tree(s): parsimony (1)
  random seed: 22
  SIMD kernels: AVX2
  parallelization: coarse-grained (auto), PTHREADS (auto)

[00:00:00] Reading alignment from file: /home/vanvan/Downloads/data_treebase/DIU_TRAINING_DATA/data4/prot_M9973_60_327.phy
[00:00:00] Loaded alignment with 60 taxa and 327 sites

Alignment comprises 1 partitions and 306 patterns

Partition 0: noname
Model: LG+G4m
Alignment sites / patterns: 327 / 306
Gaps: 3.42 %
Invariant sites: 17.13 %


NOTE: Binary MSA file created: training_data/prot_M9973_60_327.phy/output_files/parsimony/seed_22.raxml.rba

[00:00:00] Generating 1 parsimony starting tree(s) with 60 taxa
Parsimony score: 2397

All starting trees saved to: /home/vanvan/difficulty-prediction-training-data/training_data/prot_M9973_60_327.phy/output_files/parsimony/seed_22.raxml.startTree


Execution log saved to: /home/vanvan/difficulty-prediction-training-data/training_data/prot_M9973_60_327.phy/output_files/parsimony/seed_22.raxml.log

Analysis started: 21-Sep-2025 13:58:19 / finished: 21-Sep-2025 13:58:19

Elapsed time: 0.012 seconds


RAxML-NG v. 1.1.0-master released on 04.08.2022 by The Exelixis Lab.
Developed by: Alexey M. Kozlov and Alexandros Stamatakis.
Contributors: Diego Darriba, Tomas Flouri, Benoit Morel, Sarah Lutteropp, Ben Bettisworth.
Latest version: https://github.com/amkozlov/raxml-ng
Questions/problems/suggestions? Please visit: https://groups.google.com/forum/#!forum/raxml

System: 11th Gen Intel(R) Core(TM) i7-1185G7 @ 3.00GHz, 4 cores, 31 GB RAM

RAxML-NG was called at 21-Sep-2025 14:05:09 as follows:

/usr/local/bin/raxml-ng --start --msa /home/vanvan/Downloads/data_treebase/DIU_TRAINING_DATA/data4/prot_M9973_60_327.phy --tree pars{1} --prefix training_data/prot_M9973_60_327.phy/output_files/parsimony/seed_23 --model LG+G --seed 23

Analysis options:
  run mode: Starting tree generation
  start tree(s): parsimony (1)
  random seed: 23
  SIMD kernels: AVX2
  parallelization: coarse-grained (auto), PTHREADS (auto)

[00:00:00] Reading alignment from file: /home/vanvan/Downloads/data_treebase/DIU_TRAINING_DATA/data4/prot_M9973_60_327.phy
[00:00:00] Loaded alignment with 60 taxa and 327 sites

Alignment comprises 1 partitions and 306 patterns

Partition 0: noname
Model: LG+G4m
Alignment sites / patterns: 327 / 306
Gaps: 3.42 %
Invariant sites: 17.13 %


NOTE: Binary MSA file created: training_data/prot_M9973_60_327.phy/output_files/parsimony/seed_23.raxml.rba

[00:00:00] Generating 1 parsimony starting tree(s) with 60 taxa
Parsimony score: 2420

All starting trees saved to: /home/vanvan/difficulty-prediction-training-data/training_data/prot_M9973_60_327.phy/output_files/parsimony/seed_23.raxml.startTree


Execution log saved to: /home/vanvan/difficulty-prediction-training-data/training_data/prot_M9973_60_327.phy/output_files/parsimony/seed_23.raxml.log

Analysis started: 21-Sep-2025 14:05:09 / finished: 21-Sep-2025 14:05:09

Elapsed time: 0.024 seconds


RAxML-NG v. 1.1.0-master released on 04.08.2022 by The Exelixis Lab.
Developed by: Alexey M. Kozlov and Alexandros Stamatakis.
Contributors: Diego Darriba, Tomas Flouri, Benoit Morel, Sarah Lutteropp, Ben Bettisworth.
Latest version: https://github.com/amkozlov/raxml-ng
Questions/problems/suggestions? Please visit: https://groups.google.com/forum/#!forum/raxml

System: 11th Gen Intel(R) Core(TM) i7-1185G7 @ 3.00GHz, 4 cores, 31 GB RAM

RAxML-NG was called at 21-Sep-2025 13:35:10 as follows:

/usr/local/bin/raxml-ng --start --msa /home/vanvan/Downloads/data_treebase/DIU_TRAINING_DATA/data4/prot_M9973_60_327.phy --tree pars{1} --prefix training_data/prot_M9973_60_327.phy/output_files/parsimony/seed_24 --model LG+G --seed 24

Analysis options:
  run mode: Starting tree generation
  start tree(s): parsimony (1)
  random seed: 24
  SIMD kernels: AVX2
  parallelization: coarse-grained (auto), PTHREADS (auto)

[00:00:00] Reading alignment from file: /home/vanvan/Downloads/data_treebase/DIU_TRAINING_DATA/data4/prot_M9973_60_327.phy
[00:00:00] Loaded alignment with 60 taxa and 327 sites

Alignment comprises 1 partitions and 306 patterns

Partition 0: noname
Model: LG+G4m
Alignment sites / patterns: 327 / 306
Gaps: 3.42 %
Invariant sites: 17.13 %


NOTE: Binary MSA file created: training_data/prot_M9973_60_327.phy/output_files/parsimony/seed_24.raxml.rba

[00:00:00] Generating 1 parsimony starting tree(s) with 60 taxa
Parsimony score: 2439

All starting trees saved to: /home/vanvan/difficulty-prediction-training-data/training_data/prot_M9973_60_327.phy/output_files/parsimony/seed_24.raxml.startTree


Execution log saved to: /home/vanvan/difficulty-prediction-training-data/training_data/prot_M9973_60_327.phy/output_files/parsimony/seed_24.raxml.log

Analysis started: 21-Sep-2025 13:35:10 / finished: 21-Sep-2025 13:35:10

Elapsed time: 0.018 seconds


RAxML-NG v. 1.1.0-master released on 04.08.2022 by The Exelixis Lab.
Developed by: Alexey M. Kozlov and Alexandros Stamatakis.
Contributors: Diego Darriba, Tomas Flouri, Benoit Morel, Sarah Lutteropp, Ben Bettisworth.
Latest version: https://github.com/amkozlov/raxml-ng
Questions/problems/suggestions? Please visit: https://groups.google.com/forum/#!forum/raxml

System: 11th Gen Intel(R) Core(TM) i7-1185G7 @ 3.00GHz, 4 cores, 31 GB RAM

RAxML-NG was called at 21-Sep-2025 12:58:18 as follows:

/usr/local/bin/raxml-ng --start --msa /home/vanvan/Downloads/data_treebase/DIU_TRAINING_DATA/data4/prot_M9973_60_327.phy --tree pars{1} --prefix training_data/prot_M9973_60_327.phy/output_files/parsimony/seed_25 --model LG+G --seed 25

Analysis options:
  run mode: Starting tree generation
  start tree(s): parsimony (1)
  random seed: 25
  SIMD kernels: AVX2
  parallelization: coarse-grained (auto), PTHREADS (auto)

[00:00:00] Reading alignment from file: /home/vanvan/Downloads/data_treebase/DIU_TRAINING_DATA/data4/prot_M9973_60_327.phy
[00:00:00] Loaded alignment with 60 taxa and 327 sites

Alignment comprises 1 partitions and 306 patterns

Partition 0: noname
Model: LG+G4m
Alignment sites / patterns: 327 / 306
Gaps: 3.42 %
Invariant sites: 17.13 %


NOTE: Binary MSA file created: training_data/prot_M9973_60_327.phy/output_files/parsimony/seed_25.raxml.rba

[00:00:00] Generating 1 parsimony starting tree(s) with 60 taxa
Parsimony score: 2414

All starting trees saved to: /home/vanvan/difficulty-prediction-training-data/training_data/prot_M9973_60_327.phy/output_files/parsimony/seed_25.raxml.startTree


Execution log saved to: /home/vanvan/difficulty-prediction-training-data/training_data/prot_M9973_60_327.phy/output_files/parsimony/seed_25.raxml.log

Analysis started: 21-Sep-2025 12:58:18 / finished: 21-Sep-2025 12:58:18

Elapsed time: 0.012 seconds


RAxML-NG v. 1.1.0-master released on 04.08.2022 by The Exelixis Lab.
Developed by: Alexey M. Kozlov and Alexandros Stamatakis.
Contributors: Diego Darriba, Tomas Flouri, Benoit Morel, Sarah Lutteropp, Ben Bettisworth.
Latest version: https://github.com/amkozlov/raxml-ng
Questions/problems/suggestions? Please visit: https://groups.google.com/forum/#!forum/raxml

System: 11th Gen Intel(R) Core(TM) i7-1185G7 @ 3.00GHz, 4 cores, 31 GB RAM

RAxML-NG was called at 21-Sep-2025 13:17:29 as follows:

/usr/local/bin/raxml-ng --start --msa /home/vanvan/Downloads/data_treebase/DIU_TRAINING_DATA/data4/prot_M9973_60_327.phy --tree pars{1} --prefix training_data/prot_M9973_60_327.phy/output_files/parsimony/seed_26 --model LG+G --seed 26

Analysis options:
  run mode: Starting tree generation
  start tree(s): parsimony (1)
  random seed: 26
  SIMD kernels: AVX2
  parallelization: coarse-grained (auto), PTHREADS (auto)

[00:00:00] Reading alignment from file: /home/vanvan/Downloads/data_treebase/DIU_TRAINING_DATA/data4/prot_M9973_60_327.phy
[00:00:00] Loaded alignment with 60 taxa and 327 sites

Alignment comprises 1 partitions and 306 patterns

Partition 0: noname
Model: LG+G4m
Alignment sites / patterns: 327 / 306
Gaps: 3.42 %
Invariant sites: 17.13 %


NOTE: Binary MSA file created: training_data/prot_M9973_60_327.phy/output_files/parsimony/seed_26.raxml.rba

[00:00:00] Generating 1 parsimony starting tree(s) with 60 taxa
Parsimony score: 2418

All starting trees saved to: /home/vanvan/difficulty-prediction-training-data/training_data/prot_M9973_60_327.phy/output_files/parsimony/seed_26.raxml.startTree


Execution log saved to: /home/vanvan/difficulty-prediction-training-data/training_data/prot_M9973_60_327.phy/output_files/parsimony/seed_26.raxml.log

Analysis started: 21-Sep-2025 13:17:29 / finished: 21-Sep-2025 13:17:29

Elapsed time: 0.017 seconds


RAxML-NG v. 1.1.0-master released on 04.08.2022 by The Exelixis Lab.
Developed by: Alexey M. Kozlov and Alexandros Stamatakis.
Contributors: Diego Darriba, Tomas Flouri, Benoit Morel, Sarah Lutteropp, Ben Bettisworth.
Latest version: https://github.com/amkozlov/raxml-ng
Questions/problems/suggestions? Please visit: https://groups.google.com/forum/#!forum/raxml

System: 11th Gen Intel(R) Core(TM) i7-1185G7 @ 3.00GHz, 4 cores, 31 GB RAM

RAxML-NG was called at 21-Sep-2025 12:58:16 as follows:

/usr/local/bin/raxml-ng --start --msa /home/vanvan/Downloads/data_treebase/DIU_TRAINING_DATA/data4/prot_M9973_60_327.phy --tree pars{1} --prefix training_data/prot_M9973_60_327.phy/output_files/parsimony/seed_27 --model LG+G --seed 27

Analysis options:
  run mode: Starting tree generation
  start tree(s): parsimony (1)
  random seed: 27
  SIMD kernels: AVX2
  parallelization: coarse-grained (auto), PTHREADS (auto)

[00:00:00] Reading alignment from file: /home/vanvan/Downloads/data_treebase/DIU_TRAINING_DATA/data4/prot_M9973_60_327.phy
[00:00:00] Loaded alignment with 60 taxa and 327 sites

Alignment comprises 1 partitions and 306 patterns

Partition 0: noname
Model: LG+G4m
Alignment sites / patterns: 327 / 306
Gaps: 3.42 %
Invariant sites: 17.13 %


NOTE: Binary MSA file created: training_data/prot_M9973_60_327.phy/output_files/parsimony/seed_27.raxml.rba

[00:00:00] Generating 1 parsimony starting tree(s) with 60 taxa
Parsimony score: 2436

All starting trees saved to: /home/vanvan/difficulty-prediction-training-data/training_data/prot_M9973_60_327.phy/output_files/parsimony/seed_27.raxml.startTree


Execution log saved to: /home/vanvan/difficulty-prediction-training-data/training_data/prot_M9973_60_327.phy/output_files/parsimony/seed_27.raxml.log

Analysis started: 21-Sep-2025 12:58:16 / finished: 21-Sep-2025 12:58:16

Elapsed time: 0.019 seconds


RAxML-NG v. 1.1.0-master released on 04.08.2022 by The Exelixis Lab.
Developed by: Alexey M. Kozlov and Alexandros Stamatakis.
Contributors: Diego Darriba, Tomas Flouri, Benoit Morel, Sarah Lutteropp, Ben Bettisworth.
Latest version: https://github.com/amkozlov/raxml-ng
Questions/problems/suggestions? Please visit: https://groups.google.com/forum/#!forum/raxml

System: 11th Gen Intel(R) Core(TM) i7-1185G7 @ 3.00GHz, 4 cores, 31 GB RAM

RAxML-NG was called at 21-Sep-2025 13:34:05 as follows:

/usr/local/bin/raxml-ng --start --msa /home/vanvan/Downloads/data_treebase/DIU_TRAINING_DATA/data4/prot_M9973_60_327.phy --tree pars{1} --prefix training_data/prot_M9973_60_327.phy/output_files/parsimony/seed_28 --model LG+G --seed 28

Analysis options:
  run mode: Starting tree generation
  start tree(s): parsimony (1)
  random seed: 28
  SIMD kernels: AVX2
  parallelization: coarse-grained (auto), PTHREADS (auto)

[00:00:00] Reading alignment from file: /home/vanvan/Downloads/data_treebase/DIU_TRAINING_DATA/data4/prot_M9973_60_327.phy
[00:00:00] Loaded alignment with 60 taxa and 327 sites

Alignment comprises 1 partitions and 306 patterns

Partition 0: noname
Model: LG+G4m
Alignment sites / patterns: 327 / 306
Gaps: 3.42 %
Invariant sites: 17.13 %


NOTE: Binary MSA file created: training_data/prot_M9973_60_327.phy/output_files/parsimony/seed_28.raxml.rba

[00:00:00] Generating 1 parsimony starting tree(s) with 60 taxa
Parsimony score: 2409

All starting trees saved to: /home/vanvan/difficulty-prediction-training-data/training_data/prot_M9973_60_327.phy/output_files/parsimony/seed_28.raxml.startTree


Execution log saved to: /home/vanvan/difficulty-prediction-training-data/training_data/prot_M9973_60_327.phy/output_files/parsimony/seed_28.raxml.log

Analysis started: 21-Sep-2025 13:34:05 / finished: 21-Sep-2025 13:34:05

Elapsed time: 0.018 seconds


RAxML-NG v. 1.1.0-master released on 04.08.2022 by The Exelixis Lab.
Developed by: Alexey M. Kozlov and Alexandros Stamatakis.
Contributors: Diego Darriba, Tomas Flouri, Benoit Morel, Sarah Lutteropp, Ben Bettisworth.
Latest version: https://github.com/amkozlov/raxml-ng
Questions/problems/suggestions? Please visit: https://groups.google.com/forum/#!forum/raxml

System: 11th Gen Intel(R) Core(TM) i7-1185G7 @ 3.00GHz, 4 cores, 31 GB RAM

RAxML-NG was called at 21-Sep-2025 13:50:55 as follows:

/usr/local/bin/raxml-ng --start --msa /home/vanvan/Downloads/data_treebase/DIU_TRAINING_DATA/data4/prot_M9973_60_327.phy --tree pars{1} --prefix training_data/prot_M9973_60_327.phy/output_files/parsimony/seed_29 --model LG+G --seed 29

Analysis options:
  run mode: Starting tree generation
  start tree(s): parsimony (1)
  random seed: 29
  SIMD kernels: AVX2
  parallelization: coarse-grained (auto), PTHREADS (auto)

[00:00:00] Reading alignment from file: /home/vanvan/Downloads/data_treebase/DIU_TRAINING_DATA/data4/prot_M9973_60_327.phy
[00:00:00] Loaded alignment with 60 taxa and 327 sites

Alignment comprises 1 partitions and 306 patterns

Partition 0: noname
Model: LG+G4m
Alignment sites / patterns: 327 / 306
Gaps: 3.42 %
Invariant sites: 17.13 %


NOTE: Binary MSA file created: training_data/prot_M9973_60_327.phy/output_files/parsimony/seed_29.raxml.rba

[00:00:00] Generating 1 parsimony starting tree(s) with 60 taxa
Parsimony score: 2396

All starting trees saved to: /home/vanvan/difficulty-prediction-training-data/training_data/prot_M9973_60_327.phy/output_files/parsimony/seed_29.raxml.startTree


Execution log saved to: /home/vanvan/difficulty-prediction-training-data/training_data/prot_M9973_60_327.phy/output_files/parsimony/seed_29.raxml.log

Analysis started: 21-Sep-2025 13:50:55 / finished: 21-Sep-2025 13:50:55

Elapsed time: 0.021 seconds


RAxML-NG v. 1.1.0-master released on 04.08.2022 by The Exelixis Lab.
Developed by: Alexey M. Kozlov and Alexandros Stamatakis.
Contributors: Diego Darriba, Tomas Flouri, Benoit Morel, Sarah Lutteropp, Ben Bettisworth.
Latest version: https://github.com/amkozlov/raxml-ng
Questions/problems/suggestions? Please visit: https://groups.google.com/forum/#!forum/raxml

System: 11th Gen Intel(R) Core(TM) i7-1185G7 @ 3.00GHz, 4 cores, 31 GB RAM

RAxML-NG was called at 21-Sep-2025 14:03:55 as follows:

/usr/local/bin/raxml-ng --start --msa /home/vanvan/Downloads/data_treebase/DIU_TRAINING_DATA/data4/prot_M9973_60_327.phy --tree pars{1} --prefix training_data/prot_M9973_60_327.phy/output_files/parsimony/seed_30 --model LG+G --seed 30

Analysis options:
  run mode: Starting tree generation
  start tree(s): parsimony (1)
  random seed: 30
  SIMD kernels: AVX2
  parallelization: coarse-grained (auto), PTHREADS (auto)

[00:00:00] Reading alignment from file: /home/vanvan/Downloads/data_treebase/DIU_TRAINING_DATA/data4/prot_M9973_60_327.phy
[00:00:00] Loaded alignment with 60 taxa and 327 sites

Alignment comprises 1 partitions and 306 patterns

Partition 0: noname
Model: LG+G4m
Alignment sites / patterns: 327 / 306
Gaps: 3.42 %
Invariant sites: 17.13 %


NOTE: Binary MSA file created: training_data/prot_M9973_60_327.phy/output_files/parsimony/seed_30.raxml.rba

[00:00:00] Generating 1 parsimony starting tree(s) with 60 taxa
Parsimony score: 2393

All starting trees saved to: /home/vanvan/difficulty-prediction-training-data/training_data/prot_M9973_60_327.phy/output_files/parsimony/seed_30.raxml.startTree


Execution log saved to: /home/vanvan/difficulty-prediction-training-data/training_data/prot_M9973_60_327.phy/output_files/parsimony/seed_30.raxml.log

Analysis started: 21-Sep-2025 14:03:55 / finished: 21-Sep-2025 14:03:55

Elapsed time: 0.021 seconds


RAxML-NG v. 1.1.0-master released on 04.08.2022 by The Exelixis Lab.
Developed by: Alexey M. Kozlov and Alexandros Stamatakis.
Contributors: Diego Darriba, Tomas Flouri, Benoit Morel, Sarah Lutteropp, Ben Bettisworth.
Latest version: https://github.com/amkozlov/raxml-ng
Questions/problems/suggestions? Please visit: https://groups.google.com/forum/#!forum/raxml

System: 11th Gen Intel(R) Core(TM) i7-1185G7 @ 3.00GHz, 4 cores, 31 GB RAM

RAxML-NG was called at 21-Sep-2025 14:26:31 as follows:

/usr/local/bin/raxml-ng --start --msa /home/vanvan/Downloads/data_treebase/DIU_TRAINING_DATA/data4/prot_M9973_60_327.phy --tree pars{1} --prefix training_data/prot_M9973_60_327.phy/output_files/parsimony/seed_31 --model LG+G --seed 31

Analysis options:
  run mode: Starting tree generation
  start tree(s): parsimony (1)
  random seed: 31
  SIMD kernels: AVX2
  parallelization: coarse-grained (auto), PTHREADS (auto)

[00:00:00] Reading alignment from file: /home/vanvan/Downloads/data_treebase/DIU_TRAINING_DATA/data4/prot_M9973_60_327.phy
[00:00:00] Loaded alignment with 60 taxa and 327 sites

Alignment comprises 1 partitions and 306 patterns

Partition 0: noname
Model: LG+G4m
Alignment sites / patterns: 327 / 306
Gaps: 3.42 %
Invariant sites: 17.13 %


NOTE: Binary MSA file created: training_data/prot_M9973_60_327.phy/output_files/parsimony/seed_31.raxml.rba

[00:00:00] Generating 1 parsimony starting tree(s) with 60 taxa
Parsimony score: 2430

All starting trees saved to: /home/vanvan/difficulty-prediction-training-data/training_data/prot_M9973_60_327.phy/output_files/parsimony/seed_31.raxml.startTree


Execution log saved to: /home/vanvan/difficulty-prediction-training-data/training_data/prot_M9973_60_327.phy/output_files/parsimony/seed_31.raxml.log

Analysis started: 21-Sep-2025 14:26:31 / finished: 21-Sep-2025 14:26:31

Elapsed time: 0.020 seconds


RAxML-NG v. 1.1.0-master released on 04.08.2022 by The Exelixis Lab.
Developed by: Alexey M. Kozlov and Alexandros Stamatakis.
Contributors: Diego Darriba, Tomas Flouri, Benoit Morel, Sarah Lutteropp, Ben Bettisworth.
Latest version: https://github.com/amkozlov/raxml-ng
Questions/problems/suggestions? Please visit: https://groups.google.com/forum/#!forum/raxml

System: 11th Gen Intel(R) Core(TM) i7-1185G7 @ 3.00GHz, 4 cores, 31 GB RAM

RAxML-NG was called at 21-Sep-2025 13:19:54 as follows:

/usr/local/bin/raxml-ng --start --msa /home/vanvan/Downloads/data_treebase/DIU_TRAINING_DATA/data4/prot_M9973_60_327.phy --tree pars{1} --prefix training_data/prot_M9973_60_327.phy/output_files/parsimony/seed_32 --model LG+G --seed 32

Analysis options:
  run mode: Starting tree generation
  start tree(s): parsimony (1)
  random seed: 32
  SIMD kernels: AVX2
  parallelization: coarse-grained (auto), PTHREADS (auto)

[00:00:00] Reading alignment from file: /home/vanvan/Downloads/data_treebase/DIU_TRAINING_DATA/data4/prot_M9973_60_327.phy
[00:00:00] Loaded alignment with 60 taxa and 327 sites

Alignment comprises 1 partitions and 306 patterns

Partition 0: noname
Model: LG+G4m
Alignment sites / patterns: 327 / 306
Gaps: 3.42 %
Invariant sites: 17.13 %


NOTE: Binary MSA file created: training_data/prot_M9973_60_327.phy/output_files/parsimony/seed_32.raxml.rba

[00:00:00] Generating 1 parsimony starting tree(s) with 60 taxa
Parsimony score: 2424

All starting trees saved to: /home/vanvan/difficulty-prediction-training-data/training_data/prot_M9973_60_327.phy/output_files/parsimony/seed_32.raxml.startTree


Execution log saved to: /home/vanvan/difficulty-prediction-training-data/training_data/prot_M9973_60_327.phy/output_files/parsimony/seed_32.raxml.log

Analysis started: 21-Sep-2025 13:19:54 / finished: 21-Sep-2025 13:19:54

Elapsed time: 0.016 seconds


RAxML-NG v. 1.1.0-master released on 04.08.2022 by The Exelixis Lab.
Developed by: Alexey M. Kozlov and Alexandros Stamatakis.
Contributors: Diego Darriba, Tomas Flouri, Benoit Morel, Sarah Lutteropp, Ben Bettisworth.
Latest version: https://github.com/amkozlov/raxml-ng
Questions/problems/suggestions? Please visit: https://groups.google.com/forum/#!forum/raxml

System: 11th Gen Intel(R) Core(TM) i7-1185G7 @ 3.00GHz, 4 cores, 31 GB RAM

RAxML-NG was called at 21-Sep-2025 12:58:16 as follows:

/usr/local/bin/raxml-ng --start --msa /home/vanvan/Downloads/data_treebase/DIU_TRAINING_DATA/data4/prot_M9973_60_327.phy --tree pars{1} --prefix training_data/prot_M9973_60_327.phy/output_files/parsimony/seed_33 --model LG+G --seed 33

Analysis options:
  run mode: Starting tree generation
  start tree(s): parsimony (1)
  random seed: 33
  SIMD kernels: AVX2
  parallelization: coarse-grained (auto), PTHREADS (auto)

[00:00:00] Reading alignment from file: /home/vanvan/Downloads/data_treebase/DIU_TRAINING_DATA/data4/prot_M9973_60_327.phy
[00:00:00] Loaded alignment with 60 taxa and 327 sites

Alignment comprises 1 partitions and 306 patterns

Partition 0: noname
Model: LG+G4m
Alignment sites / patterns: 327 / 306
Gaps: 3.42 %
Invariant sites: 17.13 %


NOTE: Binary MSA file created: training_data/prot_M9973_60_327.phy/output_files/parsimony/seed_33.raxml.rba

[00:00:00] Generating 1 parsimony starting tree(s) with 60 taxa
Parsimony score: 2409

All starting trees saved to: /home/vanvan/difficulty-prediction-training-data/training_data/prot_M9973_60_327.phy/output_files/parsimony/seed_33.raxml.startTree


Execution log saved to: /home/vanvan/difficulty-prediction-training-data/training_data/prot_M9973_60_327.phy/output_files/parsimony/seed_33.raxml.log

Analysis started: 21-Sep-2025 12:58:16 / finished: 21-Sep-2025 12:58:16

Elapsed time: 0.024 seconds


RAxML-NG v. 1.1.0-master released on 04.08.2022 by The Exelixis Lab.
Developed by: Alexey M. Kozlov and Alexandros Stamatakis.
Contributors: Diego Darriba, Tomas Flouri, Benoit Morel, Sarah Lutteropp, Ben Bettisworth.
Latest version: https://github.com/amkozlov/raxml-ng
Questions/problems/suggestions? Please visit: https://groups.google.com/forum/#!forum/raxml

System: 11th Gen Intel(R) Core(TM) i7-1185G7 @ 3.00GHz, 4 cores, 31 GB RAM

RAxML-NG was called at 21-Sep-2025 13:17:43 as follows:

/usr/local/bin/raxml-ng --start --msa /home/vanvan/Downloads/data_treebase/DIU_TRAINING_DATA/data4/prot_M9973_60_327.phy --tree pars{1} --prefix training_data/prot_M9973_60_327.phy/output_files/parsimony/seed_34 --model LG+G --seed 34

Analysis options:
  run mode: Starting tree generation
  start tree(s): parsimony (1)
  random seed: 34
  SIMD kernels: AVX2
  parallelization: coarse-grained (auto), PTHREADS (auto)

[00:00:00] Reading alignment from file: /home/vanvan/Downloads/data_treebase/DIU_TRAINING_DATA/data4/prot_M9973_60_327.phy
[00:00:00] Loaded alignment with 60 taxa and 327 sites

Alignment comprises 1 partitions and 306 patterns

Partition 0: noname
Model: LG+G4m
Alignment sites / patterns: 327 / 306
Gaps: 3.42 %
Invariant sites: 17.13 %


NOTE: Binary MSA file created: training_data/prot_M9973_60_327.phy/output_files/parsimony/seed_34.raxml.rba

[00:00:00] Generating 1 parsimony starting tree(s) with 60 taxa
Parsimony score: 2405

All starting trees saved to: /home/vanvan/difficulty-prediction-training-data/training_data/prot_M9973_60_327.phy/output_files/parsimony/seed_34.raxml.startTree


Execution log saved to: /home/vanvan/difficulty-prediction-training-data/training_data/prot_M9973_60_327.phy/output_files/parsimony/seed_34.raxml.log

Analysis started: 21-Sep-2025 13:17:43 / finished: 21-Sep-2025 13:17:43

Elapsed time: 0.025 seconds


RAxML-NG v. 1.1.0-master released on 04.08.2022 by The Exelixis Lab.
Developed by: Alexey M. Kozlov and Alexandros Stamatakis.
Contributors: Diego Darriba, Tomas Flouri, Benoit Morel, Sarah Lutteropp, Ben Bettisworth.
Latest version: https://github.com/amkozlov/raxml-ng
Questions/problems/suggestions? Please visit: https://groups.google.com/forum/#!forum/raxml

System: 11th Gen Intel(R) Core(TM) i7-1185G7 @ 3.00GHz, 4 cores, 31 GB RAM

RAxML-NG was called at 21-Sep-2025 14:19:46 as follows:

/usr/local/bin/raxml-ng --start --msa /home/vanvan/Downloads/data_treebase/DIU_TRAINING_DATA/data4/prot_M9973_60_327.phy --tree pars{1} --prefix training_data/prot_M9973_60_327.phy/output_files/parsimony/seed_35 --model LG+G --seed 35

Analysis options:
  run mode: Starting tree generation
  start tree(s): parsimony (1)
  random seed: 35
  SIMD kernels: AVX2
  parallelization: coarse-grained (auto), PTHREADS (auto)

[00:00:00] Reading alignment from file: /home/vanvan/Downloads/data_treebase/DIU_TRAINING_DATA/data4/prot_M9973_60_327.phy
[00:00:00] Loaded alignment with 60 taxa and 327 sites

Alignment comprises 1 partitions and 306 patterns

Partition 0: noname
Model: LG+G4m
Alignment sites / patterns: 327 / 306
Gaps: 3.42 %
Invariant sites: 17.13 %


NOTE: Binary MSA file created: training_data/prot_M9973_60_327.phy/output_files/parsimony/seed_35.raxml.rba

[00:00:00] Generating 1 parsimony starting tree(s) with 60 taxa
Parsimony score: 2421

All starting trees saved to: /home/vanvan/difficulty-prediction-training-data/training_data/prot_M9973_60_327.phy/output_files/parsimony/seed_35.raxml.startTree


Execution log saved to: /home/vanvan/difficulty-prediction-training-data/training_data/prot_M9973_60_327.phy/output_files/parsimony/seed_35.raxml.log

Analysis started: 21-Sep-2025 14:19:46 / finished: 21-Sep-2025 14:19:46

Elapsed time: 0.021 seconds


RAxML-NG v. 1.1.0-master released on 04.08.2022 by The Exelixis Lab.
Developed by: Alexey M. Kozlov and Alexandros Stamatakis.
Contributors: Diego Darriba, Tomas Flouri, Benoit Morel, Sarah Lutteropp, Ben Bettisworth.
Latest version: https://github.com/amkozlov/raxml-ng
Questions/problems/suggestions? Please visit: https://groups.google.com/forum/#!forum/raxml

System: 11th Gen Intel(R) Core(TM) i7-1185G7 @ 3.00GHz, 4 cores, 31 GB RAM

RAxML-NG was called at 21-Sep-2025 13:17:40 as follows:

/usr/local/bin/raxml-ng --start --msa /home/vanvan/Downloads/data_treebase/DIU_TRAINING_DATA/data4/prot_M9973_60_327.phy --tree pars{1} --prefix training_data/prot_M9973_60_327.phy/output_files/parsimony/seed_36 --model LG+G --seed 36

Analysis options:
  run mode: Starting tree generation
  start tree(s): parsimony (1)
  random seed: 36
  SIMD kernels: AVX2
  parallelization: coarse-grained (auto), PTHREADS (auto)

[00:00:00] Reading alignment from file: /home/vanvan/Downloads/data_treebase/DIU_TRAINING_DATA/data4/prot_M9973_60_327.phy
[00:00:00] Loaded alignment with 60 taxa and 327 sites

Alignment comprises 1 partitions and 306 patterns

Partition 0: noname
Model: LG+G4m
Alignment sites / patterns: 327 / 306
Gaps: 3.42 %
Invariant sites: 17.13 %


NOTE: Binary MSA file created: training_data/prot_M9973_60_327.phy/output_files/parsimony/seed_36.raxml.rba

[00:00:00] Generating 1 parsimony starting tree(s) with 60 taxa
Parsimony score: 2425

All starting trees saved to: /home/vanvan/difficulty-prediction-training-data/training_data/prot_M9973_60_327.phy/output_files/parsimony/seed_36.raxml.startTree


Execution log saved to: /home/vanvan/difficulty-prediction-training-data/training_data/prot_M9973_60_327.phy/output_files/parsimony/seed_36.raxml.log

Analysis started: 21-Sep-2025 13:17:40 / finished: 21-Sep-2025 13:17:40

Elapsed time: 0.011 seconds


RAxML-NG v. 1.1.0-master released on 04.08.2022 by The Exelixis Lab.
Developed by: Alexey M. Kozlov and Alexandros Stamatakis.
Contributors: Diego Darriba, Tomas Flouri, Benoit Morel, Sarah Lutteropp, Ben Bettisworth.
Latest version: https://github.com/amkozlov/raxml-ng
Questions/problems/suggestions? Please visit: https://groups.google.com/forum/#!forum/raxml

System: 11th Gen Intel(R) Core(TM) i7-1185G7 @ 3.00GHz, 4 cores, 31 GB RAM

RAxML-NG was called at 21-Sep-2025 14:02:58 as follows:

/usr/local/bin/raxml-ng --start --msa /home/vanvan/Downloads/data_treebase/DIU_TRAINING_DATA/data4/prot_M9973_60_327.phy --tree pars{1} --prefix training_data/prot_M9973_60_327.phy/output_files/parsimony/seed_37 --model LG+G --seed 37

Analysis options:
  run mode: Starting tree generation
  start tree(s): parsimony (1)
  random seed: 37
  SIMD kernels: AVX2
  parallelization: coarse-grained (auto), PTHREADS (auto)

[00:00:00] Reading alignment from file: /home/vanvan/Downloads/data_treebase/DIU_TRAINING_DATA/data4/prot_M9973_60_327.phy
[00:00:00] Loaded alignment with 60 taxa and 327 sites

Alignment comprises 1 partitions and 306 patterns

Partition 0: noname
Model: LG+G4m
Alignment sites / patterns: 327 / 306
Gaps: 3.42 %
Invariant sites: 17.13 %


NOTE: Binary MSA file created: training_data/prot_M9973_60_327.phy/output_files/parsimony/seed_37.raxml.rba

[00:00:00] Generating 1 parsimony starting tree(s) with 60 taxa
Parsimony score: 2400

All starting trees saved to: /home/vanvan/difficulty-prediction-training-data/training_data/prot_M9973_60_327.phy/output_files/parsimony/seed_37.raxml.startTree


Execution log saved to: /home/vanvan/difficulty-prediction-training-data/training_data/prot_M9973_60_327.phy/output_files/parsimony/seed_37.raxml.log

Analysis started: 21-Sep-2025 14:02:58 / finished: 21-Sep-2025 14:02:58

Elapsed time: 0.020 seconds


RAxML-NG v. 1.1.0-master released on 04.08.2022 by The Exelixis Lab.
Developed by: Alexey M. Kozlov and Alexandros Stamatakis.
Contributors: Diego Darriba, Tomas Flouri, Benoit Morel, Sarah Lutteropp, Ben Bettisworth.
Latest version: https://github.com/amkozlov/raxml-ng
Questions/problems/suggestions? Please visit: https://groups.google.com/forum/#!forum/raxml

System: 11th Gen Intel(R) Core(TM) i7-1185G7 @ 3.00GHz, 4 cores, 31 GB RAM

RAxML-NG was called at 21-Sep-2025 14:26:29 as follows:

/usr/local/bin/raxml-ng --start --msa /home/vanvan/Downloads/data_treebase/DIU_TRAINING_DATA/data4/prot_M9973_60_327.phy --tree pars{1} --prefix training_data/prot_M9973_60_327.phy/output_files/parsimony/seed_38 --model LG+G --seed 38

Analysis options:
  run mode: Starting tree generation
  start tree(s): parsimony (1)
  random seed: 38
  SIMD kernels: AVX2
  parallelization: coarse-grained (auto), PTHREADS (auto)

[00:00:00] Reading alignment from file: /home/vanvan/Downloads/data_treebase/DIU_TRAINING_DATA/data4/prot_M9973_60_327.phy
[00:00:00] Loaded alignment with 60 taxa and 327 sites

Alignment comprises 1 partitions and 306 patterns

Partition 0: noname
Model: LG+G4m
Alignment sites / patterns: 327 / 306
Gaps: 3.42 %
Invariant sites: 17.13 %


NOTE: Binary MSA file created: training_data/prot_M9973_60_327.phy/output_files/parsimony/seed_38.raxml.rba

[00:00:00] Generating 1 parsimony starting tree(s) with 60 taxa
Parsimony score: 2409

All starting trees saved to: /home/vanvan/difficulty-prediction-training-data/training_data/prot_M9973_60_327.phy/output_files/parsimony/seed_38.raxml.startTree


Execution log saved to: /home/vanvan/difficulty-prediction-training-data/training_data/prot_M9973_60_327.phy/output_files/parsimony/seed_38.raxml.log

Analysis started: 21-Sep-2025 14:26:29 / finished: 21-Sep-2025 14:26:29

Elapsed time: 0.021 seconds


RAxML-NG v. 1.1.0-master released on 04.08.2022 by The Exelixis Lab.
Developed by: Alexey M. Kozlov and Alexandros Stamatakis.
Contributors: Diego Darriba, Tomas Flouri, Benoit Morel, Sarah Lutteropp, Ben Bettisworth.
Latest version: https://github.com/amkozlov/raxml-ng
Questions/problems/suggestions? Please visit: https://groups.google.com/forum/#!forum/raxml

System: 11th Gen Intel(R) Core(TM) i7-1185G7 @ 3.00GHz, 4 cores, 31 GB RAM

RAxML-NG was called at 21-Sep-2025 13:33:20 as follows:

/usr/local/bin/raxml-ng --start --msa /home/vanvan/Downloads/data_treebase/DIU_TRAINING_DATA/data4/prot_M9973_60_327.phy --tree pars{1} --prefix training_data/prot_M9973_60_327.phy/output_files/parsimony/seed_39 --model LG+G --seed 39

Analysis options:
  run mode: Starting tree generation
  start tree(s): parsimony (1)
  random seed: 39
  SIMD kernels: AVX2
  parallelization: coarse-grained (auto), PTHREADS (auto)

[00:00:00] Reading alignment from file: /home/vanvan/Downloads/data_treebase/DIU_TRAINING_DATA/data4/prot_M9973_60_327.phy
[00:00:00] Loaded alignment with 60 taxa and 327 sites

Alignment comprises 1 partitions and 306 patterns

Partition 0: noname
Model: LG+G4m
Alignment sites / patterns: 327 / 306
Gaps: 3.42 %
Invariant sites: 17.13 %


NOTE: Binary MSA file created: training_data/prot_M9973_60_327.phy/output_files/parsimony/seed_39.raxml.rba

[00:00:00] Generating 1 parsimony starting tree(s) with 60 taxa
Parsimony score: 2432

All starting trees saved to: /home/vanvan/difficulty-prediction-training-data/training_data/prot_M9973_60_327.phy/output_files/parsimony/seed_39.raxml.startTree


Execution log saved to: /home/vanvan/difficulty-prediction-training-data/training_data/prot_M9973_60_327.phy/output_files/parsimony/seed_39.raxml.log

Analysis started: 21-Sep-2025 13:33:20 / finished: 21-Sep-2025 13:33:20

Elapsed time: 0.016 seconds


RAxML-NG v. 1.1.0-master released on 04.08.2022 by The Exelixis Lab.
Developed by: Alexey M. Kozlov and Alexandros Stamatakis.
Contributors: Diego Darriba, Tomas Flouri, Benoit Morel, Sarah Lutteropp, Ben Bettisworth.
Latest version: https://github.com/amkozlov/raxml-ng
Questions/problems/suggestions? Please visit: https://groups.google.com/forum/#!forum/raxml

System: 11th Gen Intel(R) Core(TM) i7-1185G7 @ 3.00GHz, 4 cores, 31 GB RAM

RAxML-NG was called at 19-Sep-2025 07:54:55 as follows:

/usr/local/bin/raxml-ng --start --msa /home/vanvan/Downloads/data_treebase/DIU_TRAINING_DATA/data4/prot_M9973_60_327.phy --tree pars{1} --prefix training_data/prot_M9973_60_327.phy/output_files/parsimony/seed_40 --model LG+G --seed 40

Analysis options:
  run mode: Starting tree generation
  start tree(s): parsimony (1)
  random seed: 40
  SIMD kernels: AVX2
  parallelization: coarse-grained (auto), PTHREADS (auto)

[00:00:00] Reading alignment from file: /home/vanvan/Downloads/data_treebase/DIU_TRAINING_DATA/data4/prot_M9973_60_327.phy
[00:00:00] Loaded alignment with 60 taxa and 327 sites

Alignment comprises 1 partitions and 306 patterns

Partition 0: noname
Model: LG+G4m
Alignment sites / patterns: 327 / 306
Gaps: 3.42 %
Invariant sites: 17.13 %


NOTE: Binary MSA file created: training_data/prot_M9973_60_327.phy/output_files/parsimony/seed_40.raxml.rba

[00:00:00] Generating 1 parsimony starting tree(s) with 60 taxa
Parsimony score: 2410

All starting trees saved to: /home/vanvan/difficulty-prediction-training-data/training_data/prot_M9973_60_327.phy/output_files/parsimony/seed_40.raxml.startTree


Execution log saved to: /home/vanvan/difficulty-prediction-training-data/training_data/prot_M9973_60_327.phy/output_files/parsimony/seed_40.raxml.log

Analysis started: 19-Sep-2025 07:54:55 / finished: 19-Sep-2025 07:54:55

Elapsed time: 0.004 seconds

