IQ-TREE version 3.0.1 for Linux x86 64-bit built Sep 18 2025
Developed by Bui Quang Minh, Thomas Wong, Nhan Ly-Trong, Huaiyan Ren
Contributed by Lam-Tung Nguyen, Dominik Schrempf, Chris Bielow,
Olga Chernomor, Michael Woodhams, Diep Thi Hoang, Heiko Schmidt

Host:    DESKTOP-UQIA48J (AVX2, FMA3, 7 GB RAM)
Command: /home/ngocminh/miniconda3/envs/pypythia/bin/iqtree3 -s Data/dna_M14164_204_5549.phy -pre data_training/dna_M14164_204_5549.phy/output_files/iqtree/inference/pars_15 -seed 15 -ninit 1 -T 1 -redo -n 0
Seed:    15 (Using SPRNG - Scalable Parallel Random Number Generator)
Time:    Sun Sep 28 01:52:49 2025
Kernel:  AVX+FMA - 1 threads (8 CPU cores detected)

HINT: Use -nt option to specify number of threads because your CPU has 8 cores!
HINT: -nt AUTO will automatically determine the best number of threads to use.

Reading alignment file Data/dna_M14164_204_5549.phy ... Phylip format detected
Alignment most likely contains DNA/RNA sequences
Constructing alignment: done in 0.0344346 secs using 81.89% CPU
Alignment has 204 sequences with 5549 columns, 2908 distinct patterns
1271 parsimony-informative, 937 singleton sites, 3341 constant sites
                         Gap/Ambiguity  Composition  p-value
Analyzing sequences: done in 0.00664218 secs using 108.6% CPU
   1  _Ficus_chapaensis         67.22%    failed      0.74%
   2  Antiaropsis_decipiens     66.01%    passed     56.05%
   3  Castilla_elastica         35.54%    failed      0.00%
   4  Ficus_abutifolia          48.24%    failed      1.26%
   5  Ficus_adelpha             71.56%    failed      4.28%
   6  Ficus_adenosperma         25.59%    failed      0.00%
   7  Ficus_adhatodifolia       65.02%    failed      2.63%
   8  Ficus_altissima           35.83%    passed     11.71%
   9  Ficus_americana           46.22%    passed      7.09%
  10  Ficus_ampelas             85.69%    failed      0.00%
  11  Ficus_andicola            65.44%    failed      2.64%
  12  Ficus_annulata            71.11%    failed      0.00%
  13  Ficus_arbuscula           57.38%    failed      4.40%
  14  Ficus_arfakensis          40.03%    failed      0.00%
  15  Ficus_asperifolia         67.76%    passed     27.99%
  16  Ficus_aurata              79.33%    failed      0.00%
  17  Ficus_aurea               67.60%    failed      1.35%
  18  Ficus_auriculata          36.58%    failed      1.94%
  19  Ficus_bauerlenii          79.58%    failed      0.00%
  20  Ficus_beipeiensis         88.34%    failed      0.00%
  21  Ficus_benghalensis        77.11%    failed      0.00%
  22  Ficus_benjamina           27.77%    failed      0.03%
  23  Ficus_bernaysii           46.26%    failed      0.01%
  24  Ficus_bizanae             77.51%    failed      0.00%
  25  Ficus_botryocarpa         37.63%    failed      0.04%
  26  Ficus_botryoides          87.17%    failed      0.00%
  27  Ficus_brachypoda          47.94%    passed     34.25%
  28  Ficus_bubu                39.79%    failed      0.06%
  29  Ficus_bullenei            82.30%    passed     11.14%
  30  Ficus_burkei              22.42%    failed      0.00%
  31  Ficus_burtt_davyi         63.51%    failed      4.81%
  32  Ficus_calophylla          87.26%    failed      0.00%
  33  Ficus_carica              36.20%    failed      1.32%
  34  Ficus_caulocarpa          68.16%    failed      0.60%
  35  Ficus_cf_erythrosperma    77.22%    passed     38.95%
  36  Ficus_chrysolepis         65.67%    failed      0.60%
  37  Ficus_citrifolia          45.14%    passed      7.97%
  38  Ficus_colubrinae          82.23%    passed     10.98%
  39  Ficus_concinna            64.61%    passed     12.07%
  40  Ficus_condensa            56.69%    passed     29.42%
  41  Ficus_congesta            36.17%    failed      0.13%
  42  Ficus_conocephalofolia    78.63%    failed      0.00%
  43  Ficus_consociata          78.99%    failed      0.00%
  44  Ficus_copiosa             37.70%    passed      7.98%
  45  Ficus_cordatula           47.88%    passed     31.14%
  46  Ficus_costaricana         65.76%    passed      5.05%
  47  Ficus_crassipes           63.71%    failed      3.08%
  48  Ficus_craterostoma        40.42%    failed      0.16%
  49  Ficus_crocata             46.28%    passed     25.16%
  50  Ficus_cyathistipula       77.19%    failed      0.00%
  51  Ficus_cyathistipuloides   66.07%    passed      9.14%
  52  Ficus_cyrtophylla         59.79%    passed     15.49%
  53  Ficus_dammaropsis         39.34%    failed      0.17%
  54  Ficus_deltoidea           65.94%    failed      2.52%
  55  Ficus_destruens           65.15%    failed      0.94%
  56  Ficus_diversiformis       67.35%    passed      7.00%
  57  Ficus_dugandii            82.27%    passed     10.24%
  58  Ficus_edelfeltii          79.91%    failed      0.00%
  59  Ficus_erecta              45.16%    failed      2.78%
  60  Ficus_eugeniaefolia       78.86%    failed      0.00%
  61  Ficus_exasperata          16.47%    failed      0.00%
  62  Ficus_eximia              63.49%    passed      5.52%
  63  Ficus_fischeri            39.30%    failed      0.04%
  64  Ficus_fistulosa           37.30%    failed      0.05%
  65  Ficus_forstenii           73.76%    failed      4.13%
  66  Ficus_fulva               66.03%    failed      4.43%
  67  Ficus_glaberrima          74.68%    failed      4.80%
  68  Ficus_glabrata            66.28%    failed      1.30%
  69  Ficus_glandifera          64.01%    failed      2.54%
  70  Ficus_glumosa             53.51%    failed      0.60%
  71  Ficus_grossularioides     25.68%    failed      0.00%
  72  Ficus_gul                 46.77%    passed      9.48%
  73  Ficus_habrophylla         36.75%    failed      0.55%
  74  Ficus_henryi              43.32%    passed      8.95%
  75  Ficus_hesperidiiformis    66.16%    failed      1.36%
  76  Ficus_hirta               63.81%    passed      5.47%
  77  Ficus_hispida             43.81%    failed      0.10%
  78  Ficus_hispidioides        37.61%    failed      0.05%
  79  Ficus_hombroniana         73.89%    passed      5.31%
  80  Ficus_ingens              48.15%    passed      6.23%
  81  Ficus_insipida            21.45%    failed      0.01%
  82  Ficus_ischnopoda          34.26%    failed      2.47%
  83  Ficus_itoana              37.83%    failed      0.69%
  84  Ficus_kotoumensis         75.33%    passed     61.94%
  85  Ficus_lapathifolia        65.09%    failed      1.74%
  86  Ficus_lepicarpa           72.25%    passed     28.83%
  87  Ficus_lilliputiana        77.92%    failed      0.00%
  88  Ficus_lingua              65.54%    failed      3.05%
  89  Ficus_longifolia          85.76%    failed      0.00%
  90  Ficus_luschnathiana       63.94%    passed      6.78%
  91  Ficus_lutea               65.45%    passed     20.19%
  92  Ficus_lyrata              77.80%    failed      0.00%
  93  Ficus_maclellandii        36.22%    failed      4.80%
  94  Ficus_macrophylla         64.01%    failed      1.06%
  95  Ficus_mauritiana          66.19%    failed      3.62%
  96  Ficus_maxima              66.32%    failed      1.88%
  97  Ficus_megaleia            73.67%    passed     18.54%
  98  Ficus_melinocarpa         73.02%    passed     16.26%
  99  Ficus_menabeensis         77.17%    failed      0.00%
 100  Ficus_microdictya         36.93%    failed      0.19%
 101  Ficus_mollior             46.66%    failed      0.03%
 102  Ficus_morobensis          37.61%    failed      0.10%
 103  Ficus_mucuso              46.17%    failed      2.39%
 104  Ficus_natalensis          63.52%    failed      3.54%
 105  Ficus_nervosa             65.67%    passed      6.83%
 106  Ficus_nodosa              46.28%    failed      0.09%
 107  Ficus_nota                67.15%    passed     11.28%
 108  Ficus_nymphaeifolia       66.12%    failed      4.84%
 109  Ficus_obliqua             66.10%    failed      0.19%
 110  Ficus_obscura             74.45%    passed     33.98%
 111  Ficus_obtusifolia         65.47%    failed      2.10%
 112  Ficus_ochrochlora         50.26%    passed     73.64%
 113  Ficus_odoardii            74.41%    passed     15.67%
 114  Ficus_oleifolia           13.70%    failed      0.00%
 115  Ficus_oligodon            87.20%    failed      0.00%
 116  Ficus_opposita            74.46%    passed     17.97%
 117  Ficus_ottoniifolia        64.34%    passed     11.63%
 118  Ficus_ovata               77.28%    failed      0.00%
 119  Ficus_pacchyrachis        21.10%    failed      0.00%
 120  Ficus_padana              73.74%    passed      9.84%
 121  Ficus_palmeri             78.23%    failed      0.00%
 122  Ficus_pantoniana          86.47%    failed      0.00%
 123  Ficus_paracamptophylla    78.00%    failed      0.00%
 124  Ficus_paraensis           64.23%    passed      5.39%
 125  Ficus_parietalis          65.35%    passed     21.81%
 126  Ficus_pellucidopunctata   80.52%    failed      0.00%
 127  Ficus_perforata           65.24%    failed      2.00%
 128  Ficus_pertusa             66.99%    failed      2.12%
 129  Ficus_petiolaris          78.05%    failed      0.00%
 130  Ficus_phaeosyce           87.17%    failed      0.00%
 131  Ficus_platypoda           65.38%    failed      0.45%
 132  Ficus_pleurocarpa         44.78%    passed     38.19%
 133  Ficus_polita              77.13%    failed      0.00%
 134  Ficus_politoria           74.21%    passed     10.40%
 135  Ficus_polyantha           74.16%    passed      7.74%
 136  Ficus_popenoei            82.29%    passed      7.96%
 137  Ficus_preussii            42.22%    failed      0.01%
 138  Ficus_prostrata           86.59%    failed      0.00%
 139  Ficus_pumila              36.11%    failed      2.34%
 140  Ficus_punctata            55.92%    passed     63.08%
 141  Ficus_pungens             45.81%    failed      0.00%
 142  Ficus_pygmaea             41.38%    passed      7.95%
 143  Ficus_racemigera          82.07%    failed      0.00%
 144  Ficus_racemosa            47.50%    failed      0.00%
 145  Ficus_reflexa             74.82%    failed      3.97%
 146  Ficus_religiosa           65.69%    passed     11.09%
 147  Ficus_ribes               67.58%    passed     40.16%
 148  Ficus_robusta             37.59%    failed      0.40%
 149  Ficus_rubiginosa          14.45%    failed      0.00%
 150  Ficus_ruficaulis          70.23%    failed      2.89%
 151  Ficus_ruginervia          65.22%    failed      2.77%
 152  Ficus_sagittata           45.25%    failed      4.02%
 153  Ficus_sagittifolia        40.22%    failed      0.02%
 154  Ficus_sansibarica         64.34%    passed     10.83%
 155  Ficus_sarmentosa          65.38%    passed     11.85%
 156  Ficus_saussureana         77.22%    failed      0.00%
 157  Ficus_schwarzii           87.57%    failed      0.00%
 158  Ficus_semicordata         45.68%    failed      0.00%
 159  Ficus_semivestita         38.46%    passed      9.94%
 160  Ficus_septica             37.59%    failed      0.04%
 161  Ficus_spathulifolia       66.77%    failed      0.09%
 162  Ficus_squamosa            87.10%    failed      0.00%
 163  Ficus_stenophylla         80.93%    failed      0.00%
 164  Ficus_stolinifera         87.19%    failed      0.00%
 165  Ficus_stricta             65.16%    failed      0.66%
 166  Ficus_subcuneata          38.69%    passed      5.17%
 167  Ficus_subgelderi          66.53%    failed      2.62%
 168  Ficus_subtrinervia        64.50%    failed      3.38%
 169  Ficus_subulata            64.08%    passed     10.30%
 170  Ficus_sumatrana           74.81%    passed      5.69%
 171  Ficus_superba             44.84%    failed      4.41%
 172  Ficus_sur                 16.18%    failed      0.00%
 173  Ficus_sycomorus           58.01%    passed     49.80%
 174  Ficus_tesselata           64.59%    passed      9.36%
 175  Ficus_tettensis           53.27%    failed      0.99%
 176  Ficus_theophrastoides     80.56%    failed      0.00%
 177  Ficus_thonningii          64.41%    passed      6.42%
 178  Ficus_tikoua              66.10%    passed     15.76%
 179  Ficus_tilifolia           80.61%    failed      0.00%
 180  Ficus_tinctoria           65.76%    failed      4.72%
 181  Ficus_tonduzii            45.11%    passed     16.76%
 182  Ficus_trachypison         66.34%    passed      6.90%
 183  Ficus_tremula             77.15%    failed      0.00%
 184  Ficus_treubii             68.68%    passed     57.90%
 185  Ficus_trichopoda          65.89%    failed      1.85%
 186  Ficus_trigona             29.09%    failed      0.00%
 187  Ficus_trigonata           74.07%    passed     10.65%
 188  Ficus_triradiata          64.07%    failed      1.23%
 189  Ficus_tuerckheimii        65.13%    failed      2.48%
 190  Ficus_umbellata           53.45%    failed      0.29%
 191  Ficus_uncinata            65.62%    passed     26.47%
 192  Ficus_usambarensis        77.17%    failed      0.00%
 193  Ficus_vallischoudae       16.35%    failed      0.00%
 194  Ficus_variegata           27.91%    failed      0.00%
 195  Ficus_villosa             13.35%    failed      0.00%
 196  Ficus_virens              38.26%    failed      1.82%
 197  Ficus_virgata             14.54%    failed      0.00%
 198  Ficus_vogeliana           64.41%    failed      3.98%
 199  Ficus_wassa               41.59%    passed     33.30%
 200  Ficus_watkinsiana         14.13%    failed      0.00%
 201  Ficus_xylosycia           79.22%    failed      0.00%
 202  Ficus_yoponensis          66.26%    failed      1.59%
 203  Poulsenia_armata          48.66%    failed      0.51%
 204  Sparattosyce_dioca        67.33%    passed     26.23%
WARNING: 135 sequences contain more than 50% gaps/ambiguity
****  TOTAL                     59.37%  138 sequences failed composition chi2 test (p-value<5%; df=3)
Checking for duplicate sequences: done in 0.00561251 secs using 108.6% CPU


Create initial parsimony tree by phylogenetic likelihood library (PLL)... 0.299 seconds
Perform fast likelihood tree search using GTR+I+G model...
Estimate model parameters (epsilon = 5.000)
Perform nearest neighbor interchange...
Estimate model parameters (epsilon = 1.000)
1. Initial log-likelihood: -40393.169
Optimal log-likelihood: -40392.640
Rate parameters:  A-C: 1.06381  A-G: 3.19843  A-T: 1.25002  C-G: 0.87076  C-T: 3.86429  G-T: 1.00000
Base frequencies:  A: 0.254  C: 0.243  G: 0.257  T: 0.246
Proportion of invariable sites: 0.280
Gamma shape alpha: 1.055
Parameters optimization took 1 rounds (1.547 sec)
Time for fast ML tree search: 16.108 seconds

NOTE: ModelFinder requires 192 MB RAM!
ModelFinder will test up to 968 DNA models (sample size: 5549 epsilon: 0.100) ...
 No. Model         -LnL         df  AIC          AICc         BIC
  1  JC            42609.754    405 86029.508    86093.451    88711.164
  2  JC+I          41698.418    406 84208.835    84273.107    86897.113
  3  JC+G4         41327.943    406 83467.885    83532.157    86156.163
  4  JC+I+G4       41312.263    407 83438.525    83503.126    86133.424
  5  JC+R2         41321.095    407 83456.191    83520.791    86151.090
  6  JC+R3         41210.725    409 83239.450    83304.712    85947.592
  7  JC+R4         41206.778    411 83235.556    83301.482    85956.940
 14  JC+I+R2       41244.903    408 83305.806    83370.737    86007.327
 15  JC+I+R3       41204.515    410 83229.031    83294.624    85943.794
 16  JC+I+R4       41203.383    412 83230.766    83297.026    85958.771
 28  JC+R3         41210.725    409 83239.450    83304.712    85947.592
 37  JC+I+R3       41204.515    410 83229.031    83294.624    85943.794
 50  F81+R3        41210.661    409 83239.322    83304.583    85947.463
 59  F81+I+R3      41204.460    410 83228.920    83294.513    85943.683
 72  F81+F+R3      41215.151    412 83254.302    83320.562    85982.307
 81  F81+F+I+R3    41209.053    413 83244.106    83310.701    85978.733
 94  K2P+R3        40306.747    410 81433.494    81499.088    84148.257
103  K2P+I+R3      40300.663    411 81423.325    81489.252    84144.709
116  K2P+R3        40306.747    410 81433.494    81499.088    84148.257
125  K2P+I+R3      40300.663    411 81423.325    81489.252    84144.710
138  HKY+R3        40306.719    410 81433.438    81499.031    84148.201
147  HKY+I+R3      40300.652    411 81423.304    81489.231    84144.689
160  HKY+F+R3      40309.773    413 81445.547    81512.141    84180.174
169  HKY+F+I+R3    40303.717    414 81435.435    81502.365    84176.683
182  TNe+R3        40300.199    411 81422.399    81488.325    84143.783
191  TNe+I+R3      40294.482    412 81412.965    81479.225    84140.970
204  TNe+R3        40300.199    411 81422.399    81488.325    84143.783
213  TNe+I+R3      40294.482    412 81412.965    81479.225    84140.970
226  TN+R3         40300.191    411 81422.382    81488.309    84143.767
235  TN+I+R3       40294.466    412 81412.931    81479.191    84140.937
248  TN+F+R3       40297.766    414 81423.532    81490.462    84164.780
257  TN+F+I+R3     40292.094    415 81414.188    81481.455    84162.058
270  K3P+R3        40306.430    411 81434.861    81500.787    84156.245
279  K3P+I+R3      40300.412    412 81424.823    81491.083    84152.829
292  K3P+R3        40306.430    411 81434.861    81500.787    84156.245
301  K3P+I+R3      40300.412    412 81424.823    81491.083    84152.829
314  K3Pu+R3       40306.408    411 81434.817    81500.743    84156.201
323  K3Pu+I+R3     40300.407    412 81424.814    81491.074    84152.820
336  K3Pu+F+R3     40309.459    414 81446.917    81513.847    84188.166
345  K3Pu+F+I+R3   40303.475    415 81436.949    81504.216    84184.819
358  TPM2+R3       40296.565    411 81415.129    81481.056    84136.513
367  TPM2+I+R3     40290.565    412 81405.131    81471.391    84133.137
380  TPM2+R3       40296.565    411 81415.129    81481.056    84136.513
389  TPM2+I+R3     40290.565    412 81405.131    81471.391    84133.137
402  TPM2u+R3      40296.537    411 81415.075    81481.001    84136.459
411  TPM2u+I+R3    40290.559    412 81405.118    81471.378    84133.123
424  TPM2u+F+R3    40298.605    414 81425.211    81492.141    84166.459
433  TPM2u+F+I+R3  40292.635    415 81415.270    81482.536    84163.139
446  TPM3+R3       40301.257    411 81424.514    81490.440    84145.898
455  TPM3+I+R3     40294.994    412 81413.989    81480.249    84141.995
468  TPM3+R3       40301.257    411 81424.514    81490.440    84145.898
477  TPM3+I+R3     40294.994    412 81413.989    81480.249    84141.995
490  TPM3u+R3      40301.234    411 81424.467    81490.393    84145.851
499  TPM3u+I+R3    40294.987    412 81413.974    81480.235    84141.980
512  TPM3u+F+R3    40304.931    414 81437.862    81504.792    84179.110
521  TPM3u+F+I+R3  40298.705    415 81427.409    81494.676    84175.279
534  TIMe+R3       40299.934    412 81423.869    81490.129    84151.874
543  TIMe+I+R3     40294.230    413 81414.460    81481.055    84149.087
556  TIMe+R3       40299.934    412 81423.869    81490.129    84151.874
565  TIMe+I+R3     40294.230    413 81414.460    81481.055    84149.087
578  TIM+R3        40299.927    412 81423.854    81490.114    84151.860
587  TIM+I+R3      40294.219    413 81414.438    81481.033    84149.066
600  TIM+F+R3      40297.530    415 81425.060    81492.327    84172.930
609  TIM+F+I+R3    40291.853    416 81415.705    81483.310    84170.197
622  TIM2e+R3      40290.160    412 81404.319    81470.579    84132.325
631  TIM2e+I+R3    40284.418    413 81394.836    81461.430    84129.463
644  TIM2e+R3      40290.160    412 81404.319    81470.579    84132.325
653  TIM2e+I+R3    40284.418    413 81394.836    81461.430    84129.463
666  TIM2+R3       40290.153    412 81404.305    81470.565    84132.311
675  TIM2+I+R3     40284.417    413 81394.834    81461.428    84129.461
688  TIM2+F+R3     40286.838    415 81403.676    81470.943    84151.546
697  TIM2+F+I+R3   40281.130    416 81394.261    81461.865    84148.752
710  TIM3e+R3      40294.898    412 81413.797    81480.057    84141.803
719  TIM3e+I+R3    40288.947    413 81403.893    81470.488    84138.520
732  TIM3e+R3      40294.898    412 81413.797    81480.057    84141.803
741  TIM3e+I+R3    40288.947    413 81403.893    81470.488    84138.520
754  TIM3+R3       40294.893    412 81413.785    81480.046    84141.791
763  TIM3+I+R3     40288.939    413 81403.879    81470.474    84138.506
776  TIM3+F+R3     40293.189    415 81416.378    81483.645    84164.248
785  TIM3+F+I+R3   40287.299    416 81406.597    81474.201    84161.088
798  TVMe+R3       40291.013    413 81408.026    81474.621    84142.653
807  TVMe+I+R3     40284.863    414 81397.727    81464.657    84138.975
820  TVMe+R3       40291.013    413 81408.026    81474.621    84142.653
829  TVMe+I+R3     40284.863    414 81397.727    81464.657    84138.975
842  TVM+R3        40290.996    413 81407.992    81474.586    84142.619
851  TVM+I+R3      40284.859    414 81397.719    81464.649    84138.967
864  TVM+F+R3      40293.746    416 81419.492    81487.096    84173.983
873  TVM+F+I+R3    40287.603    417 81409.207    81477.149    84170.319
886  SYM+R3        40284.790    414 81397.580    81464.511    84138.829
895  SYM+I+R3      40278.862    415 81387.723    81454.990    84135.593
908  SYM+R3        40284.790    414 81397.580    81464.511    84138.829
917  SYM+I+R3      40278.862    415 81387.723    81454.990    84135.593
930  GTR+R3        40284.785    414 81397.569    81464.500    84138.818
939  GTR+I+R3      40278.859    415 81387.719    81454.985    84135.588
952  GTR+F+R3      40282.230    417 81398.460    81466.402    84159.572
961  GTR+F+I+R3    40276.327    418 81388.653    81456.935    84156.387
Akaike Information Criterion:           GTR+I+R3
Corrected Akaike Information Criterion: GTR+I+R3
Bayesian Information Criterion:         TIM2+I+R3
Best-fit model: TIM2+I+R3 chosen according to BIC

All model information printed to data_training/dna_M14164_204_5549.phy/output_files/iqtree/inference/pars_15.model.gz
CPU time for ModelFinder: 604.896 seconds (0h:10m:4s)
Wall-clock time for ModelFinder: 561.196 seconds (0h:9m:21s)

NOTE: 57 MB RAM (0 GB) is required!
Estimate model parameters (epsilon = 0.010)
1. Initial log-likelihood: -40281.147
2. Current log-likelihood: -40281.130
Optimal log-likelihood: -40281.123
Rate parameters:  A-C: 1.26927  A-G: 3.45563  A-T: 1.26927  C-G: 1.00000  C-T: 4.29878  G-T: 1.00000
Base frequencies:  A: 0.254  C: 0.243  G: 0.257  T: 0.246
Proportion of invariable sites: 0.240
Site proportion and rates:  (0.534,0.572) (0.199,2.467) (0.028,7.330)
Parameters optimization took 2 rounds (2.074 sec)
Wrote distance file to... 
BEST SCORE FOUND : -40281.123
Total tree length: 1.824

Total number of iterations: 0
CPU time used for tree search: 0.000 sec (0h:0m:0s)
Wall-clock time used for tree search: 0.000 sec (0h:0m:0s)
Total CPU time used: 607.209 sec (0h:10m:7s)
Total wall-clock time used: 563.339 sec (0h:9m:23s)

Analysis results written to: 
  IQ-TREE report:                data_training/dna_M14164_204_5549.phy/output_files/iqtree/inference/pars_15.iqtree
  Maximum-likelihood tree:       data_training/dna_M14164_204_5549.phy/output_files/iqtree/inference/pars_15.treefile
  Screen log file:               data_training/dna_M14164_204_5549.phy/output_files/iqtree/inference/pars_15.log

Date and Time: Sun Sep 28 02:03:02 2025
