IQ-TREE version 3.0.1 for Linux x86 64-bit built Sep 23 2025
Developed by Bui Quang Minh, Thomas Wong, Nhan Ly-Trong, Huaiyan Ren
Contributed by Lam-Tung Nguyen, Dominik Schrempf, Chris Bielow,
Olga Chernomor, Michael Woodhams, Diep Thi Hoang, Heiko Schmidt

Host:    cnode01.hpc.vast.vn (AVX512, FMA3, 125 GB RAM)
Command: /datausers/ioit/thaontp/tranthanhvan235/iqtree3/build/iqtree3 -s /datausers/ioit/thaontp/tranthanhvan235/data_treebase/DIU_TRAINING_DATA/data4/prot_M11338_100_567.phy -pre training_data/prot_M11338_100_567.phy/output_files/iqtree/inference/pars_15 -seed 15 -ninit 1 -T 1 -redo -n 0 -nt AUTO
Seed:    15 (Using SPRNG - Scalable Parallel Random Number Generator)
Time:    Tue Sep 23 18:20:15 2025
Kernel:  AVX+FMA - auto-detect threads (56 CPU cores detected)

Reading alignment file /datausers/ioit/thaontp/tranthanhvan235/data_treebase/DIU_TRAINING_DATA/data4/prot_M11338_100_567.phy ... Phylip format detected
Alignment most likely contains protein sequences
Constructing alignment: done in 0.00354568 secs using 1993% CPU
Alignment has 100 sequences with 567 columns, 401 distinct patterns
288 parsimony-informative, 65 singleton sites, 214 constant sites
                                                                Gap/Ambiguity  Composition  p-value
Analyzing sequences: done in 0.0330155 secs using 3039% CPU
   1  Acinetobacter_baumannii_ATCC_17978                               47.97%    failed      2.30%
   2  Acinetobacter_baumannii_ATCC_17978-A                             47.62%    failed      1.51%
   3  Acinetobacter_baumannii_ATCC_19606-A                             48.85%    passed     27.38%
   4  Acinetobacter_calcoaceticus_PHEA-2                               45.86%    passed     19.36%
   5  Acinetobacter_calcoaceticus_RUH2202                              60.14%    passed     91.03%
   6  Acinetobacter_calcoaceticus_RUH2202-A                            51.50%    passed     55.19%
   7  Acinetobacter_haemolyticus_ATCC_19194                            45.86%    passed     22.47%
   8  Acinetobacter_johnsonii_SH046                                    48.50%    passed     98.19%
   9  Acinetobacter_johnsonii_SH046-A                                  40.92%    passed     41.93%
  10  Acinetobacter_junii_SH205                                        44.62%    failed      0.21%
  11  Acinetobacter_lwoffii_SH145                                      47.97%    passed     37.69%
  12  Acinetobacter_lwoffii_SH145-A                                    49.21%    failed      1.61%
  13  Acinetobacter_radioresistens_SH164                               49.21%    passed     84.92%
  14  Acinetobacter_radioresistens_SK82                                47.44%    passed     37.25%
  15  Acinetobacter_sp._ATCC_27244                                     49.21%    failed      1.68%
  16  Acinetobacter_sp._SH024                                          52.38%    failed      2.85%
  17  Aeromicrobium_marinum_DSM_15272                                  49.03%    passed     59.56%
  18  Alcanivorax_sp._DG881                                            47.97%    failed      3.36%
  19  Algoriphagus_sp._PR1                                             51.32%    passed     52.58%
  20  Alteromonas_macleodii_ATCC_27126                                 47.27%    passed     32.45%
  21  Anabaena_variabilis_ATCC_29413                                   47.62%    passed     47.99%
  22  Brevibacterium_linens_BL2                                        48.50%    passed     41.67%
  23  Candidatus_Pelagibacter_ubique_HTCC1002                          47.62%    passed     48.07%
  24  Candidatus_Pelagibacter_ubique_HTCC1062                          47.62%    passed     50.67%
  25  Conexibacter_woesei_DSM_14684                                    47.62%    failed      0.72%
  26  Crocosphaera_watsonii_WH_8501                                    47.62%    passed     56.65%
  27  Curvibacter_putative_symbiont_of_Hydra_magnipapillata            47.97%    failed      4.02%
  28  Cyanothece_sp._ATCC_51142                                        51.68%    passed     60.83%
  29  Cyanothece_sp._CCY0110                                           47.27%    passed     50.39%
  30  Dietzia_cinnamea_P4                                              46.56%    passed     26.34%
  31  Glaciecola_sp._HTCC2999                                          47.62%    passed     38.36%
  32  Janibacter_sp._HTCC2649                                          46.56%    passed     44.77%
  33  Kribbella_flavida_DSM_17836                                      47.97%    passed     45.24%
  34  Leadbetterella_byssophila_DSM_17132                              48.68%    passed     73.51%
  35  Leptospira_borgpetersenii_serovar_Hardjo-bovis_JB197             47.09%    passed     51.10%
  36  Leptospira_borgpetersenii_serovar_Hardjo-bovis_L550              47.09%    passed     50.29%
  37  Leptospira_interrogans_serovar_Copenhageni_str._Fiocruz_L1-130   57.32%    passed     52.27%
  38  Leptospira_interrogans_serovar_Lai_str._56601                    51.68%    passed     61.28%
  39  Limnobacter_sp._MED105                                           47.62%    passed     49.72%
  40  Marinobacter_algicola_DG893                                       8.64%    failed      0.00%
  41  Marinobacter_aquaeolei_VT8                                       47.80%    failed      3.95%
  42  Marinobacter_sp._ELB17                                           47.80%    failed      3.00%
  43  Marinomonas_sp._MED121                                           48.50%    passed     86.55%
  44  Marivirga_tractuosa_DSM_4126                                     48.15%    failed      0.01%
  45  Microcoleus_chthonoplastes_PCC_7420                              48.15%    failed      0.00%
  46  Microcystis_aeruginosa_PCC_7806                                  48.50%    passed     34.72%
  47  Micromonospora_sp._ATCC_39149                                    48.50%    failed      3.63%
  48  Microscilla_marina_ATCC_23134                                    45.86%    passed     40.87%
  49  Microscilla_marina_ATCC_23134-A                                  48.32%    passed     87.69%
  50  Mycobacterium_parascrofulaceum_ATCC_BAA-614                      51.32%    passed     55.90%
  51  Myxococcus_xanthus_DK_1622                                       49.38%    passed     22.02%
  52  Nakamurella_multipartita_DSM_44233                               45.86%    passed     17.14%
  53  Nocardioidaceae_bacterium_Broad-1                                49.56%    passed     51.72%
  54  Nocardiopsis_dassonvillei_subsp._dassonvillei_DSM_43111          46.56%    passed     23.76%
  55  Nodularia_spumigena_CCY9414                                      50.97%    passed     25.63%
  56  Nostoc_sp._PCC_7120                                              47.62%    passed     48.81%
  57  Oceanicaulis_alexandrii_HTCC2633                                 47.62%    passed     45.77%
  58  Oceanobacter_sp._RED65                                           47.97%    passed     35.30%
  59  Pseudomonas_aeruginosa_LESB58                                    47.97%    passed     33.94%
  60  Pseudomonas_aeruginosa_PA7                                       47.62%    passed     13.62%
  61  Pseudomonas_aeruginosa_PACS2                                     50.26%    passed     26.61%
  62  Pseudomonas_aeruginosa_PAO1                                      50.26%    passed     33.77%
  63  Pseudomonas_aeruginosa_PAb1                                      45.86%    failed      0.06%
  64  Pseudomonas_aeruginosa_UCBPP-PA14                                50.26%    failed      2.02%
  65  Pseudomonas_entomophila_L48                                      46.74%    passed     74.40%
  66  Pseudomonas_mendocina_ymp                                        47.44%    failed      0.91%
  67  Pseudomonas_putida_BIRD-1                                        47.44%    passed      7.95%
  68  Pseudomonas_putida_F1                                            49.03%    passed     25.16%
  69  Pseudomonas_putida_GB-1                                          47.44%    passed     71.98%
  70  Pseudomonas_putida_KT2440                                        49.03%    failed      2.52%
  71  Pseudomonas_putida_W619                                          46.56%    passed      7.42%
  72  Pseudomonas_sp._TJI-51                                           48.32%    passed     26.83%
  73  Psychrobacter_cryohalolentis_K5                                  48.68%    passed     25.30%
  74  Psychroflexus_torquis_ATCC_700755                                47.27%    passed     32.88%
  75  Raphidiopsis_brookii_D9                                          47.62%    passed     45.97%
  76  Rhodobacteraceae_bacterium_KLH11                                 47.62%    passed     57.44%
  77  Rhodococcus_equi_103S                                            47.62%    passed     90.35%
  78  Rhodococcus_equi_ATCC_33707                                      48.68%    passed     79.69%
  79  Rhodococcus_erythropolis_PR4                                     47.27%    passed     96.19%
  80  Rhodococcus_erythropolis_SK121                                   48.50%    passed     26.82%
  81  Roseiflexus_castenholzii_DSM_13941                               50.09%    passed     36.07%
  82  Saccharophagus_degradans_2-40                                    47.62%    passed     50.03%
  83  Salinispora_arenicola_CNS-205                                    49.74%    passed     56.36%
  84  Salinispora_tropica_CNB-440                                      47.62%    passed     41.24%
  85  Shewanella_frigidimarina_NCIMB_400                               47.62%    passed     56.55%
  86  Shewanella_frigidimarina_NCIMB_400-A                             48.50%    passed     59.70%
  87  Stackebrandtia_nassauensis_DSM_44728                             49.74%    passed     53.23%
  88  Streptomyces_roseosporus_NRRL_15998                              49.38%    passed     45.08%
  89  Streptomyces_scabiei_87.22                                       46.03%    passed     45.94%
  90  Streptosporangium_roseum_DSM_43021                               47.62%    passed     13.80%
  91  Synechococcus_elongatus_PCC_6301                                 48.32%    passed     51.38%
  92  Synechococcus_elongatus_PCC_7942                                 60.32%    passed     44.08%
  93  Synechococcus_sp._PCC_7335                                       51.15%    passed     37.64%
  94  Synechocystis_sp._PCC_6803                                       54.14%    passed     32.43%
  95  Thiomicrospira_crunogena_XCL-2                                   51.15%    passed     79.44%
  96  Variovorax_paradoxus_EPS                                         50.44%    passed     56.03%
  97  gamma_proteobacterium_HTCC5015                                   47.62%    passed     41.32%
  98  marine_bacterium_HP15                                            46.56%    passed     32.09%
  99  uncultured_SAR11_cluster_alpha_proteobacterium_H17925_23J24      46.91%    passed     16.51%
 100  uncultured_nuHF1_cluster_bacterium_HF0130_24M16                  48.68%    failed      1.83%
WARNING: 18 sequences contain more than 50% gaps/ambiguity
****  TOTAL                                                            48.18%  20 sequences failed composition chi2 test (p-value<5%; df=19)
Checking for duplicate sequences: done in 0.0530287 secs using 2655% CPU


Create initial parsimony tree by phylogenetic likelihood library (PLL)... 0.028 seconds
Measuring multi-threading efficiency up to 56 CPU cores
Increase to 10 rounds for branch lengths
31 trees examined
Threads: 1 / Time: 56.324 sec / Speedup: 1.000 / Efficiency: 100% / LogL: -46660
Threads: 2 / Time: 34.036 sec / Speedup: 1.655 / Efficiency: 83% / LogL: -46660
Threads: 3 / Time: 24.878 sec / Speedup: 2.264 / Efficiency: 75% / LogL: -46660
Threads: 4 / Time: 20.791 sec / Speedup: 2.709 / Efficiency: 68% / LogL: -46660
Threads: 5 / Time: 17.472 sec / Speedup: 3.224 / Efficiency: 64% / LogL: -46660
Threads: 6 / Time: 15.074 sec / Speedup: 3.736 / Efficiency: 62% / LogL: -46660
Threads: 7 / Time: 13.817 sec / Speedup: 4.076 / Efficiency: 58% / LogL: -46660
Threads: 8 / Time: 12.945 sec / Speedup: 4.351 / Efficiency: 54% / LogL: -46660
Threads: 9 / Time: 11.877 sec / Speedup: 4.742 / Efficiency: 53% / LogL: -46660
Threads: 10 / Time: 11.384 sec / Speedup: 4.948 / Efficiency: 49% / LogL: -46660
Determining AUTO threadcount: done in 218.602 secs using 401% CPU
BEST NUMBER OF THREADS: 9

Perform fast likelihood tree search using LG+I+G model...
Estimate model parameters (epsilon = 5.000)
Perform nearest neighbor interchange...
Estimate model parameters (epsilon = 1.000)
1. Initial log-likelihood: -31946.191
Optimal log-likelihood: -31945.342
Proportion of invariable sites: 0.024
Gamma shape alpha: 1.116
Parameters optimization took 1 rounds (0.238 sec)
Time for fast ML tree search: 2.193 seconds

NOTE: ModelFinder requires 65 MB RAM!
ModelFinder will test up to 1232 protein models (sample size: 567 epsilon: 0.100) ...
 No. Model         -LnL         df  AIC          AICc         BIC
  1  LG            33708.237    197 67810.473    68021.888    68665.524
  2  LG+I          33560.550    198 67517.099    67731.240    68376.490
  3  LG+G4         31959.776    198 64315.552    64529.693    65174.943
  4  LG+I+G4       31945.155    199 64288.311    64505.204    65152.042
  5  LG+R2         32326.679    199 65051.358    65268.252    65915.090
  6  LG+R3         32047.718    201 64497.436    64719.913    65369.849
  7  LG+R4         31946.885    203 64299.770    64527.936    65180.863
  8  LG+R5         31892.176    205 64194.352    64428.313    65084.126
  9  LG+R6         31866.998    207 64147.996    64387.863    65046.451
 10  LG+R7         31859.871    209 64137.742    64383.624    65044.877
 11  LG+R8         31857.615    211 64137.230    64389.242    65053.046
 14  LG+I+R2       32269.535    200 64939.070    65158.742    65807.141
 15  LG+I+R3       32021.795    202 64447.590    64672.898    65324.343
 16  LG+I+R4       31939.349    204 64286.697    64517.747    65172.131
 17  LG+I+R5       31890.048    206 64192.096    64428.996    65086.210
 18  LG+I+R6       31867.172    208 64150.344    64393.204    65053.139
 19  LG+I+R7       31860.009    210 64140.017    64388.950    65051.493
 20  LG+I+R8       31857.521    212 64139.041    64394.160    65059.197
 31  LG+F+R6       31658.880    226 63769.761    64071.537    64750.682
 32  LG+F+R7       31650.849    228 63757.697    64066.644    64747.299
 33  LG+F+R8       31648.378    230 63756.756    64073.006    64755.038
 40  LG+F+I+R6     31655.155    227 63764.309    64069.654    64749.571
 41  LG+F+I+R7     31649.649    229 63757.298    64069.880    64751.240
 53  WAG+R6        32156.955    207 64727.911    64967.777    65626.365
 54  WAG+R7        32151.913    209 64721.825    64967.708    65628.961
 62  WAG+I+R6      32156.132    208 64728.264    64971.125    65631.059
 63  WAG+I+R7      32151.866    210 64723.732    64972.664    65635.207
 75  WAG+F+R6      31836.702    226 64125.404    64427.181    65106.325
 76  WAG+F+R7      31829.376    228 64114.753    64423.699    65104.354
 77  WAG+F+R8      31826.603    230 64113.206    64429.456    65111.489
 84  WAG+F+I+R6    31833.633    227 64121.266    64426.611    65106.528
 85  WAG+F+I+R7    31828.530    229 64115.059    64427.641    65109.002
 97  JTT+R6        32215.019    207 64844.038    65083.904    65742.492
 98  JTT+R7        32206.275    209 64830.549    65076.432    65737.685
 99  JTT+R8        32203.705    211 64829.410    65081.421    65745.225
106  JTT+I+R6      32212.805    208 64841.610    65084.470    65744.405
107  JTT+I+R7      32204.803    210 64829.605    65078.538    65741.081
119  JTT+F+R6      31985.662    226 64423.324    64725.101    65404.245
120  JTT+F+R7      31973.345    228 64402.690    64711.637    65392.292
121  JTT+F+R8      31971.792    230 64403.584    64719.834    65401.867
128  JTT+F+I+R6    31979.876    227 64413.752    64719.098    65399.014
129  JTT+F+I+R7    31971.275    229 64400.550    64713.132    65394.493
141  Q.PFAM+R6     31797.752    207 64009.504    64249.371    64907.959
142  Q.PFAM+R7     31788.864    209 63995.728    64241.611    64902.863
143  Q.PFAM+R8     31786.488    211 63994.975    64246.987    64910.791
150  Q.PFAM+I+R6   31797.336    208 64010.673    64253.533    64913.468
151  Q.PFAM+I+R7   31788.886    210 63997.771    64246.704    64909.247
163  Q.PFAM+F+R6   31710.024    226 63872.049    64173.825    64852.970
164  Q.PFAM+F+R7   31702.272    228 63860.544    64169.491    64850.146
165  Q.PFAM+F+R8   31699.467    230 63858.933    64175.183    64857.216
172  Q.PFAM+F+I+R6 31705.816    227 63865.632    64170.977    64850.893
173  Q.PFAM+F+I+R7 31700.717    229 63859.433    64172.015    64853.375
185  Q.BIRD+R6     32623.739    207 65661.478    65901.344    66559.932
186  Q.BIRD+R7     32609.369    209 65636.738    65882.621    66543.874
187  Q.BIRD+R8     32608.649    211 65639.297    65891.309    66555.113
194  Q.BIRD+I+R6   32618.170    208 65652.339    65895.200    66555.134
195  Q.BIRD+I+R7   32606.145    210 65632.290    65881.223    66543.765
207  Q.BIRD+F+R6   32506.353    226 65464.706    65766.482    66445.627
208  Q.BIRD+F+R7   32479.231    228 65414.461    65723.408    66404.063
209  Q.BIRD+F+R8   32477.987    230 65415.974    65732.224    66414.257
216  Q.BIRD+F+I+R6 32480.306    227 65414.612    65719.957    66399.874
217  Q.BIRD+F+I+R7 32476.370    229 65410.740    65723.322    66404.683
229  Q.MAMMAL+R6   32477.572    207 65369.143    65609.010    66267.598
230  Q.MAMMAL+R7   32466.886    209 65351.771    65597.653    66258.906
231  Q.MAMMAL+R8   32463.086    211 65348.172    65600.184    66263.988
238  Q.MAMMAL+I+R6 32472.642    208 65361.283    65604.144    66264.078
239  Q.MAMMAL+I+R7 32465.679    210 65351.357    65600.290    66262.833
251  Q.MAMMAL+F+R6 32304.913    226 65061.826    65363.602    66042.747
252  Q.MAMMAL+F+R7 32288.528    228 65033.056    65342.003    66022.658
253  Q.MAMMAL+F+R8 32284.058    230 65028.116    65344.366    66026.399
260  Q.MAMMAL+F+I+R6 32293.540    227 65041.081    65346.426    66026.342
261  Q.MAMMAL+F+I+R7 32287.053    229 65032.105    65344.687    66026.048
273  Q.INSECT+R6   32092.297    207 64598.593    64838.459    65497.047
274  Q.INSECT+R7   32076.381    209 64570.762    64816.645    65477.897
275  Q.INSECT+R8   32075.024    211 64572.048    64824.060    65487.864
282  Q.INSECT+I+R6 32088.734    208 64593.469    64836.329    65496.263
283  Q.INSECT+I+R7 32076.972    210 64573.945    64822.877    65485.420
295  Q.INSECT+F+R6 31803.449    226 64058.898    64360.675    65039.819
296  Q.INSECT+F+R7 31792.284    228 64040.567    64349.514    65030.169
297  Q.INSECT+F+R8 31790.465    230 64040.931    64357.181    65039.213
304  Q.INSECT+F+I+R6 31797.984    227 64049.969    64355.314    65035.230
305  Q.INSECT+F+I+R7 31792.305    229 64042.609    64355.191    65036.552
317  Q.PLANT+R6    32041.145    207 64496.291    64736.157    65394.745
318  Q.PLANT+R7    32028.049    209 64474.097    64719.980    65381.232
319  Q.PLANT+R8    32025.087    211 64472.174    64724.185    65387.989
326  Q.PLANT+I+R6  32041.453    208 64498.906    64741.766    65401.701
327  Q.PLANT+I+R7  32030.162    210 64480.324    64729.256    65391.799
339  Q.PLANT+F+R6  31960.364    226 64372.728    64674.505    65353.650
340  Q.PLANT+F+R7  31947.782    228 64351.564    64660.510    65341.166
341  Q.PLANT+F+R8  31943.271    230 64346.542    64662.792    65344.825
348  Q.PLANT+F+I+R6 31954.909    227 64363.818    64669.163    65349.079
349  Q.PLANT+F+I+R7 31947.542    229 64353.084    64665.665    65347.026
361  Q.YEAST+R6    32083.029    207 64580.058    64819.924    65478.512
362  Q.YEAST+R7    32064.765    209 64547.530    64793.413    65454.666
363  Q.YEAST+R8    32063.627    211 64549.255    64801.266    65465.070
370  Q.YEAST+I+R6  32079.095    208 64574.190    64817.050    65476.985
371  Q.YEAST+I+R7  32064.736    210 64549.472    64798.404    65460.947
383  Q.YEAST+F+R6  31732.154    226 63916.308    64218.084    64897.229
384  Q.YEAST+F+R7  31720.806    228 63897.612    64206.558    64887.214
385  Q.YEAST+F+R8  31718.245    230 63896.490    64212.740    64894.773
392  Q.YEAST+F+I+R6 31725.292    227 63904.584    64209.929    64889.845
393  Q.YEAST+F+I+R7 31720.229    229 63898.459    64211.040    64892.401
405  JTTDCMUT+R6   32223.682    207 64861.365    65101.231    65759.819
406  JTTDCMUT+R7   32217.487    209 64852.973    65098.856    65760.108
414  JTTDCMUT+I+R6 32221.838    208 64859.675    65102.536    65762.470
415  JTTDCMUT+I+R7 32218.647    210 64857.294    65106.227    65768.769
427  JTTDCMUT+F+R6 31986.218    226 64424.435    64726.212    65405.356
428  JTTDCMUT+F+R7 31973.547    228 64403.094    64712.041    65392.696
429  JTTDCMUT+F+R8 31972.241    230 64404.482    64720.732    65402.765
436  JTTDCMUT+F+I+R6 31980.715    227 64415.431    64720.776    65400.692
437  JTTDCMUT+F+I+R7 31972.161    229 64402.322    64714.904    65396.265
449  DCMUT+R6      32549.745    207 65513.490    65753.357    66411.945
450  DCMUT+R7      32536.213    209 65490.426    65736.309    66397.561
451  DCMUT+R8      32531.345    211 65484.690    65736.702    66400.506
458  DCMUT+I+R6    32546.135    208 65508.270    65751.130    66411.065
459  DCMUT+I+R7    32536.976    210 65493.952    65742.884    66405.427
471  DCMUT+F+R6    32110.923    226 64673.846    64975.622    65654.767
472  DCMUT+F+R7    32094.895    228 64645.790    64954.737    65635.392
473  DCMUT+F+R8    32093.798    230 64647.597    64963.847    65645.879
480  DCMUT+F+I+R6  32106.331    227 64666.662    64972.007    65651.923
481  DCMUT+F+I+R7  32093.770    229 64645.540    64958.122    65639.482
493  VT+R6         32180.117    207 64774.235    65014.101    65672.689
494  VT+R7         32174.823    209 64767.646    65013.529    65674.781
502  VT+I+R6       32178.720    208 64773.440    65016.300    65676.234
503  VT+I+R7       32173.679    210 64767.358    65016.291    65678.834
515  VT+F+R6       31889.267    226 64230.535    64532.311    65211.456
516  VT+F+R7       31886.194    228 64228.388    64537.335    65217.990
524  VT+F+I+R6     31887.037    227 64228.073    64533.418    65213.335
525  VT+F+I+R7     31884.446    229 64226.891    64539.473    65220.833
537  PMB+R6        32251.261    207 64916.522    65156.388    65814.976
538  PMB+R7        32245.946    209 64909.892    65155.774    65817.027
546  PMB+I+R6      32250.384    208 64916.769    65159.629    65819.563
547  PMB+I+R7      32244.806    210 64909.611    65158.544    65821.087
559  PMB+F+R6      32062.649    226 64577.299    64879.075    65558.220
560  PMB+F+R7      32060.927    228 64577.854    64886.800    65567.455
568  PMB+F+I+R6    32060.618    227 64575.237    64880.582    65560.498
569  PMB+F+I+R7    32059.019    229 64576.039    64888.620    65569.981
581  BLOSUM62+R6   32254.480    207 64922.961    65162.827    65821.415
582  BLOSUM62+R7   32249.408    209 64916.816    65162.699    65823.951
590  BLOSUM62+I+R6 32253.063    208 64922.127    65164.987    65824.922
591  BLOSUM62+I+R7 32247.757    210 64915.515    65164.447    65826.990
603  BLOSUM62+F+R6 32002.726    226 64457.452    64759.229    65438.374
604  BLOSUM62+F+R7 32000.478    228 64456.957    64765.903    65446.559
612  BLOSUM62+F+I+R6 32000.048    227 64454.096    64759.441    65439.357
613  BLOSUM62+F+I+R7 31998.222    229 64454.444    64767.025    65448.386
625  DAYHOFF+R6    32548.113    207 65510.227    65750.093    66408.681
626  DAYHOFF+R7    32536.356    209 65490.712    65736.594    66397.847
627  DAYHOFF+R8    32529.124    211 65480.247    65732.259    66396.063
634  DAYHOFF+I+R6  32544.627    208 65505.254    65748.115    66408.049
635  DAYHOFF+I+R7  32534.620    210 65489.240    65738.173    66400.716
647  DAYHOFF+F+R6  32101.684    226 64655.369    64957.145    65636.290
648  DAYHOFF+F+R7  32093.757    228 64643.515    64952.462    65633.117
649  DAYHOFF+F+R8  32092.309    230 64644.619    64960.869    65642.901
656  DAYHOFF+F+I+R6 32105.190    227 64664.379    64969.725    65649.641
657  DAYHOFF+F+I+R7 32091.977    229 64641.954    64954.535    65635.896
669  MTREV+R6      33341.260    207 67096.520    67336.387    67994.975
670  MTREV+R7      33325.651    209 67069.302    67315.184    67976.437
671  MTREV+R8      33322.588    211 67067.177    67319.188    67982.993
678  MTREV+I+R6    33334.083    208 67084.167    67327.027    67986.961
679  MTREV+I+R7    33321.732    210 67063.464    67312.397    67974.940
691  MTREV+F+R6    32475.022    226 65402.043    65703.820    66382.964
692  MTREV+F+R7    32461.677    228 65379.354    65688.301    66368.956
693  MTREV+F+R8    32459.293    230 65378.586    65694.836    66376.868
700  MTREV+F+I+R6  32465.534    227 65385.068    65690.413    66370.330
701  MTREV+F+I+R7  32456.860    229 65371.719    65684.301    66365.661
713  MTART+R6      33188.633    207 66791.267    67031.133    67689.721
714  MTART+R7      33174.906    209 66767.813    67013.695    67674.948
715  MTART+R8      33171.028    211 66764.057    67016.068    67679.873
722  MTART+I+R6    33184.307    208 66784.614    67027.474    67687.409
723  MTART+I+R7    33167.536    210 66755.072    67004.004    67666.547
735  MTART+F+R6    32447.252    226 65346.504    65648.280    66327.425
736  MTART+F+R7    32441.195    228 65338.390    65647.337    66327.992
744  MTART+F+I+R6  32441.697    227 65337.393    65642.738    66322.655
745  MTART+F+I+R7  32433.065    229 65324.130    65636.712    66318.073
757  MTZOA+R6      32379.796    207 65173.592    65413.458    66072.047
758  MTZOA+R7      32368.347    209 65154.695    65400.577    66061.830
759  MTZOA+R8      32359.052    211 65140.103    65392.115    66055.919
766  MTZOA+I+R6    32373.317    208 65162.634    65405.495    66065.429
767  MTZOA+I+R7    32362.994    210 65145.988    65394.920    66057.463
779  MTZOA+F+R6    32064.192    226 64580.385    64882.161    65561.306
780  MTZOA+F+R7    32052.932    228 64561.864    64870.811    65551.466
781  MTZOA+F+R8    32045.989    230 64551.977    64868.227    65550.260
788  MTZOA+F+I+R6  32057.673    227 64569.346    64874.691    65554.608
789  MTZOA+F+I+R7  32046.540    229 64551.080    64863.662    65545.023
801  MTMET+R6      33178.488    207 66770.976    67010.842    67669.430
802  MTMET+R7      33160.054    209 66738.107    66983.989    67645.242
803  MTMET+R8      33157.616    211 66737.232    66989.244    67653.048
810  MTMET+I+R6    33171.588    208 66759.176    67002.036    67661.971
811  MTMET+I+R7    33158.194    210 66736.388    66985.320    67647.863
823  MTMET+F+R6    32236.696    226 64925.392    65227.169    65906.314
824  MTMET+F+R7    32221.076    228 64898.151    65207.098    65887.753
825  MTMET+F+R8    32216.785    230 64893.569    65209.819    65891.852
832  MTMET+F+I+R6  32219.218    227 64892.436    65197.781    65877.697
833  MTMET+F+I+R7  32216.321    229 64890.643    65203.224    65884.585
845  MTVER+R6      33512.126    207 67438.251    67678.118    68336.706
846  MTVER+R7      33492.602    209 67403.204    67649.087    68310.340
847  MTVER+R8      33486.481    211 67394.962    67646.973    68310.777
854  MTVER+I+R6    33503.146    208 67422.293    67665.153    68325.087
855  MTVER+I+R7    33492.740    210 67405.481    67654.413    68316.956
867  MTVER+F+R6    32629.995    226 65711.989    66013.766    66692.910
868  MTVER+F+R7    32615.713    228 65687.427    65996.373    66677.029
869  MTVER+F+R8    32608.418    230 65676.835    65993.085    66675.118
876  MTVER+F+I+R6  32617.185    227 65688.369    65993.715    66673.631
877  MTVER+F+I+R7  32613.072    229 65684.144    65996.726    66678.087
889  MTINV+R6      33279.941    207 66973.882    67213.748    67872.336
890  MTINV+R7      33268.341    209 66954.681    67200.563    67861.816
891  MTINV+R8      33264.913    211 66951.825    67203.837    67867.641
898  MTINV+I+R6    33276.889    208 66969.778    67212.638    67872.573
899  MTINV+I+R7    33267.023    210 66954.046    67202.978    67865.521
911  MTINV+F+R6    31961.708    226 64375.416    64677.193    65356.337
912  MTINV+F+R7    31946.796    228 64349.592    64658.539    65339.194
913  MTINV+F+R8    31945.204    230 64350.407    64666.657    65348.690
920  MTINV+F+I+R6  31952.301    227 64358.601    64663.946    65343.863
921  MTINV+F+I+R7  31944.582    229 64347.164    64659.746    65341.106
933  MTMAM+R6      33913.546    207 68241.093    68480.959    69139.547
934  MTMAM+R7      33890.737    209 68199.474    68445.356    69106.609
935  MTMAM+R8      33887.812    211 68197.623    68449.635    69113.439
942  MTMAM+I+R6    33901.069    208 68218.137    68460.997    69120.932
943  MTMAM+I+R7    33878.556    210 68177.112    68426.045    69088.588
955  MTMAM+F+R6    33106.733    226 66665.466    66967.242    67646.387
956  MTMAM+F+R7    33086.499    228 66628.998    66937.945    67618.600
957  MTMAM+F+R8    33082.891    230 66625.782    66942.032    67624.065
964  MTMAM+F+I+R6  33094.397    227 66642.794    66948.139    67628.056
965  MTMAM+F+I+R7  33073.872    229 66605.744    66918.326    67599.686
977  FLAVI+R6      33165.784    207 66745.568    66985.435    67644.023
978  FLAVI+R7      33160.890    209 66739.781    66985.663    67646.916
986  FLAVI+I+R6    33156.114    208 66728.227    66971.088    67631.022
987  FLAVI+I+R7    33155.470    210 66730.940    66979.873    67642.415
999  FLAVI+F+R6    33136.375    226 66724.751    67026.527    67705.672
1000  FLAVI+F+R7    33123.186    228 66702.372    67011.319    67691.974
1001  FLAVI+F+R8    33118.353    230 66696.705    67012.955    67694.988
1008  FLAVI+F+I+R6  33125.743    227 66705.486    67010.831    67690.748
1009  FLAVI+F+I+R7  33117.760    229 66693.520    67006.102    67687.462
1021  HIVB+R6       32909.407    207 66232.815    66472.681    67131.269
1022  HIVB+R7       32903.527    209 66225.054    66470.936    67132.189
1030  HIVB+I+R6     32903.387    208 66222.774    66465.634    67125.568
1031  HIVB+I+R7     32898.727    210 66217.453    66466.386    67128.929
1043  HIVB+F+R6     32575.188    226 65602.377    65904.153    66583.298
1044  HIVB+F+R7     32564.471    228 65584.941    65893.888    66574.543
1045  HIVB+F+R8     32562.982    230 65585.965    65902.215    66584.248
1052  HIVB+F+I+R6   32567.411    227 65588.821    65894.166    66574.083
1053  HIVB+F+I+R7   32561.644    229 65581.287    65893.869    66575.230
1065  HIVW+R6       34197.615    207 68809.230    69049.096    69707.685
1066  HIVW+R7       34182.938    209 68783.876    69029.759    69691.012
+R8 reinitialized from +R7 with factor 0.500
1067  HIVW+R8       34182.576    211 68787.152    69039.163    69702.968
1074  HIVW+I+R6     34191.462    208 68798.925    69041.785    69701.720
1075  HIVW+I+R7     34178.648    210 68777.296    69026.229    69688.771
1087  HIVW+F+R6     33297.030    226 67046.060    67347.837    68026.981
1088  HIVW+F+R7     33281.312    228 67018.625    67327.571    68008.227
1089  HIVW+F+R8     33279.742    230 67019.484    67335.734    68017.767
1096  HIVW+F+I+R6   33287.693    227 67029.386    67334.732    68014.648
1097  HIVW+F+I+R7   33278.948    229 67015.897    67328.478    68009.839
1109  FLU+R6        32841.565    207 66097.130    66336.996    66995.585
1110  FLU+R7        32829.150    209 66076.300    66322.183    66983.435
+R8 reinitialized from +R7 with factor 0.500
1111  FLU+R8        32828.665    211 66079.330    66331.341    66995.145
1118  FLU+I+R6      32838.527    208 66093.055    66335.915    66995.850
1119  FLU+I+R7      32829.486    210 66078.973    66327.905    66990.448
1131  FLU+F+R6      32343.638    226 65139.276    65441.052    66120.197
1132  FLU+F+R7      32335.622    228 65127.245    65436.191    66116.846
1133  FLU+F+R8      32331.850    230 65123.701    65439.951    66121.983
1140  FLU+F+I+R6    32338.912    227 65131.823    65437.168    66117.085
1141  FLU+F+I+R7    32330.409    229 65118.818    65431.400    66112.760
1153  RTREV+R6      32426.424    207 65266.847    65506.714    66165.302
1154  RTREV+R7      32418.773    209 65255.546    65501.429    66162.681
1155  RTREV+R8      32417.333    211 65256.665    65508.677    66172.481
1162  RTREV+I+R6    32425.652    208 65267.304    65510.164    66170.098
1163  RTREV+I+R7    32418.293    210 65256.587    65505.519    66168.062
1175  RTREV+F+R6    31889.026    226 64230.052    64531.828    65210.973
1176  RTREV+F+R7    31882.163    228 64220.327    64529.274    65209.929
1177  RTREV+F+R8    31878.647    230 64217.293    64533.543    65215.576
1184  RTREV+F+I+R6  31884.283    227 64222.567    64527.912    65207.828
1185  RTREV+F+I+R7  31880.381    229 64218.763    64531.344    65212.705
1197  CPREV+R6      32112.965    207 64639.930    64879.796    65538.384
1198  CPREV+R7      32101.553    209 64621.106    64866.989    65528.241
1199  CPREV+R8      32101.447    211 64624.893    64876.905    65540.709
1206  CPREV+I+R6    32113.775    208 64643.551    64886.411    65546.345
1207  CPREV+I+R7    32103.417    210 64626.834    64875.766    65538.309
1219  CPREV+F+R6    31885.943    226 64223.886    64525.662    65204.807
1220  CPREV+F+R7    31880.901    228 64217.801    64526.748    65207.403
1228  CPREV+F+I+R6  31883.987    227 64221.973    64527.318    65207.235
1229  CPREV+F+I+R7  31880.219    229 64218.437    64531.019    65212.380
Akaike Information Criterion:           LG+F+R8
Corrected Akaike Information Criterion: LG+F+R7
Bayesian Information Criterion:         LG+F+R7
Best-fit model: LG+F+R7 chosen according to BIC

All model information printed to training_data/prot_M11338_100_567.phy/output_files/iqtree/inference/pars_15.model.gz
CPU time for ModelFinder: 13402.293 seconds (3h:43m:22s)
Wall-clock time for ModelFinder: 1616.961 seconds (0h:26m:56s)

NOTE: 45 MB RAM (0 GB) is required!
Estimate model parameters (epsilon = 0.010)
1. Initial log-likelihood: -31660.194
2. Current log-likelihood: -31650.022
3. Current log-likelihood: -31649.739
4. Current log-likelihood: -31649.651
5. Current log-likelihood: -31649.593
6. Current log-likelihood: -31649.541
7. Current log-likelihood: -31649.493
8. Current log-likelihood: -31649.450
9. Current log-likelihood: -31649.415
10. Current log-likelihood: -31649.383
11. Current log-likelihood: -31649.354
12. Current log-likelihood: -31649.338
13. Current log-likelihood: -31649.311
14. Current log-likelihood: -31649.298
15. Current log-likelihood: -31649.285
16. Current log-likelihood: -31649.273
17. Current log-likelihood: -31649.260
18. Current log-likelihood: -31649.249
Optimal log-likelihood: -31649.234
Site proportion and rates:  (0.081,0.036) (0.148,0.175) (0.168,0.307) (0.201,0.602) (0.167,1.074) (0.194,2.004) (0.042,5.513)
Parameters optimization took 18 rounds (16.284 sec)
Wrote distance file to... 
BEST SCORE FOUND : -31649.234
Total tree length: 62.526

Total number of iterations: 0
CPU time used for tree search: 0.000 sec (0h:0m:0s)
Wall-clock time used for tree search: 0.000 sec (0h:0m:0s)
Total CPU time used: 13548.564 sec (3h:45m:48s)
Total wall-clock time used: 1633.274 sec (0h:27m:13s)

Analysis results written to: 
  IQ-TREE report:                training_data/prot_M11338_100_567.phy/output_files/iqtree/inference/pars_15.iqtree
  Maximum-likelihood tree:       training_data/prot_M11338_100_567.phy/output_files/iqtree/inference/pars_15.treefile
  Screen log file:               training_data/prot_M11338_100_567.phy/output_files/iqtree/inference/pars_15.log

Date and Time: Tue Sep 23 18:47:28 2025
e/inference/pars_15.log

Date and Time: Tue Sep 23 18:47:28 2025
