IQ-TREE version 3.0.1 for Linux x86 64-bit built Sep 23 2025
Developed by Bui Quang Minh, Thomas Wong, Nhan Ly-Trong, Huaiyan Ren
Contributed by Lam-Tung Nguyen, Dominik Schrempf, Chris Bielow,
Olga Chernomor, Michael Woodhams, Diep Thi Hoang, Heiko Schmidt

Host:    cnode01.hpc.vast.vn (AVX512, FMA3, 125 GB RAM)
Command: /datausers/ioit/thaontp/tranthanhvan235/iqtree3/build/iqtree3 -s /datausers/ioit/thaontp/tranthanhvan235/data_treebase/DIU_TRAINING_DATA/data4/prot_M11338_100_567.phy -pre training_data/prot_M11338_100_567.phy/output_files/iqtree/inference/pars_9 -seed 9 -ninit 1 -T 1 -redo -n 0 -nt AUTO
Seed:    9 (Using SPRNG - Scalable Parallel Random Number Generator)
Time:    Tue Sep 23 18:51:28 2025
Kernel:  AVX+FMA - auto-detect threads (56 CPU cores detected)

Reading alignment file /datausers/ioit/thaontp/tranthanhvan235/data_treebase/DIU_TRAINING_DATA/data4/prot_M11338_100_567.phy ... Phylip format detected
Alignment most likely contains protein sequences
Constructing alignment: done in 0.00441114 secs using 2942% CPU
Alignment has 100 sequences with 567 columns, 401 distinct patterns
288 parsimony-informative, 65 singleton sites, 214 constant sites
                                                                Gap/Ambiguity  Composition  p-value
Analyzing sequences: done in 0.0540178 secs using 1910% CPU
   1  Acinetobacter_baumannii_ATCC_17978                               47.97%    failed      2.30%
   2  Acinetobacter_baumannii_ATCC_17978-A                             47.62%    failed      1.51%
   3  Acinetobacter_baumannii_ATCC_19606-A                             48.85%    passed     27.38%
   4  Acinetobacter_calcoaceticus_PHEA-2                               45.86%    passed     19.36%
   5  Acinetobacter_calcoaceticus_RUH2202                              60.14%    passed     91.03%
   6  Acinetobacter_calcoaceticus_RUH2202-A                            51.50%    passed     55.19%
   7  Acinetobacter_haemolyticus_ATCC_19194                            45.86%    passed     22.47%
   8  Acinetobacter_johnsonii_SH046                                    48.50%    passed     98.19%
   9  Acinetobacter_johnsonii_SH046-A                                  40.92%    passed     41.93%
  10  Acinetobacter_junii_SH205                                        44.62%    failed      0.21%
  11  Acinetobacter_lwoffii_SH145                                      47.97%    passed     37.69%
  12  Acinetobacter_lwoffii_SH145-A                                    49.21%    failed      1.61%
  13  Acinetobacter_radioresistens_SH164                               49.21%    passed     84.92%
  14  Acinetobacter_radioresistens_SK82                                47.44%    passed     37.25%
  15  Acinetobacter_sp._ATCC_27244                                     49.21%    failed      1.68%
  16  Acinetobacter_sp._SH024                                          52.38%    failed      2.85%
  17  Aeromicrobium_marinum_DSM_15272                                  49.03%    passed     59.56%
  18  Alcanivorax_sp._DG881                                            47.97%    failed      3.36%
  19  Algoriphagus_sp._PR1                                             51.32%    passed     52.58%
  20  Alteromonas_macleodii_ATCC_27126                                 47.27%    passed     32.45%
  21  Anabaena_variabilis_ATCC_29413                                   47.62%    passed     47.99%
  22  Brevibacterium_linens_BL2                                        48.50%    passed     41.67%
  23  Candidatus_Pelagibacter_ubique_HTCC1002                          47.62%    passed     48.07%
  24  Candidatus_Pelagibacter_ubique_HTCC1062                          47.62%    passed     50.67%
  25  Conexibacter_woesei_DSM_14684                                    47.62%    failed      0.72%
  26  Crocosphaera_watsonii_WH_8501                                    47.62%    passed     56.65%
  27  Curvibacter_putative_symbiont_of_Hydra_magnipapillata            47.97%    failed      4.02%
  28  Cyanothece_sp._ATCC_51142                                        51.68%    passed     60.83%
  29  Cyanothece_sp._CCY0110                                           47.27%    passed     50.39%
  30  Dietzia_cinnamea_P4                                              46.56%    passed     26.34%
  31  Glaciecola_sp._HTCC2999                                          47.62%    passed     38.36%
  32  Janibacter_sp._HTCC2649                                          46.56%    passed     44.77%
  33  Kribbella_flavida_DSM_17836                                      47.97%    passed     45.24%
  34  Leadbetterella_byssophila_DSM_17132                              48.68%    passed     73.51%
  35  Leptospira_borgpetersenii_serovar_Hardjo-bovis_JB197             47.09%    passed     51.10%
  36  Leptospira_borgpetersenii_serovar_Hardjo-bovis_L550              47.09%    passed     50.29%
  37  Leptospira_interrogans_serovar_Copenhageni_str._Fiocruz_L1-130   57.32%    passed     52.27%
  38  Leptospira_interrogans_serovar_Lai_str._56601                    51.68%    passed     61.28%
  39  Limnobacter_sp._MED105                                           47.62%    passed     49.72%
  40  Marinobacter_algicola_DG893                                       8.64%    failed      0.00%
  41  Marinobacter_aquaeolei_VT8                                       47.80%    failed      3.95%
  42  Marinobacter_sp._ELB17                                           47.80%    failed      3.00%
  43  Marinomonas_sp._MED121                                           48.50%    passed     86.55%
  44  Marivirga_tractuosa_DSM_4126                                     48.15%    failed      0.01%
  45  Microcoleus_chthonoplastes_PCC_7420                              48.15%    failed      0.00%
  46  Microcystis_aeruginosa_PCC_7806                                  48.50%    passed     34.72%
  47  Micromonospora_sp._ATCC_39149                                    48.50%    failed      3.63%
  48  Microscilla_marina_ATCC_23134                                    45.86%    passed     40.87%
  49  Microscilla_marina_ATCC_23134-A                                  48.32%    passed     87.69%
  50  Mycobacterium_parascrofulaceum_ATCC_BAA-614                      51.32%    passed     55.90%
  51  Myxococcus_xanthus_DK_1622                                       49.38%    passed     22.02%
  52  Nakamurella_multipartita_DSM_44233                               45.86%    passed     17.14%
  53  Nocardioidaceae_bacterium_Broad-1                                49.56%    passed     51.72%
  54  Nocardiopsis_dassonvillei_subsp._dassonvillei_DSM_43111          46.56%    passed     23.76%
  55  Nodularia_spumigena_CCY9414                                      50.97%    passed     25.63%
  56  Nostoc_sp._PCC_7120                                              47.62%    passed     48.81%
  57  Oceanicaulis_alexandrii_HTCC2633                                 47.62%    passed     45.77%
  58  Oceanobacter_sp._RED65                                           47.97%    passed     35.30%
  59  Pseudomonas_aeruginosa_LESB58                                    47.97%    passed     33.94%
  60  Pseudomonas_aeruginosa_PA7                                       47.62%    passed     13.62%
  61  Pseudomonas_aeruginosa_PACS2                                     50.26%    passed     26.61%
  62  Pseudomonas_aeruginosa_PAO1                                      50.26%    passed     33.77%
  63  Pseudomonas_aeruginosa_PAb1                                      45.86%    failed      0.06%
  64  Pseudomonas_aeruginosa_UCBPP-PA14                                50.26%    failed      2.02%
  65  Pseudomonas_entomophila_L48                                      46.74%    passed     74.40%
  66  Pseudomonas_mendocina_ymp                                        47.44%    failed      0.91%
  67  Pseudomonas_putida_BIRD-1                                        47.44%    passed      7.95%
  68  Pseudomonas_putida_F1                                            49.03%    passed     25.16%
  69  Pseudomonas_putida_GB-1                                          47.44%    passed     71.98%
  70  Pseudomonas_putida_KT2440                                        49.03%    failed      2.52%
  71  Pseudomonas_putida_W619                                          46.56%    passed      7.42%
  72  Pseudomonas_sp._TJI-51                                           48.32%    passed     26.83%
  73  Psychrobacter_cryohalolentis_K5                                  48.68%    passed     25.30%
  74  Psychroflexus_torquis_ATCC_700755                                47.27%    passed     32.88%
  75  Raphidiopsis_brookii_D9                                          47.62%    passed     45.97%
  76  Rhodobacteraceae_bacterium_KLH11                                 47.62%    passed     57.44%
  77  Rhodococcus_equi_103S                                            47.62%    passed     90.35%
  78  Rhodococcus_equi_ATCC_33707                                      48.68%    passed     79.69%
  79  Rhodococcus_erythropolis_PR4                                     47.27%    passed     96.19%
  80  Rhodococcus_erythropolis_SK121                                   48.50%    passed     26.82%
  81  Roseiflexus_castenholzii_DSM_13941                               50.09%    passed     36.07%
  82  Saccharophagus_degradans_2-40                                    47.62%    passed     50.03%
  83  Salinispora_arenicola_CNS-205                                    49.74%    passed     56.36%
  84  Salinispora_tropica_CNB-440                                      47.62%    passed     41.24%
  85  Shewanella_frigidimarina_NCIMB_400                               47.62%    passed     56.55%
  86  Shewanella_frigidimarina_NCIMB_400-A                             48.50%    passed     59.70%
  87  Stackebrandtia_nassauensis_DSM_44728                             49.74%    passed     53.23%
  88  Streptomyces_roseosporus_NRRL_15998                              49.38%    passed     45.08%
  89  Streptomyces_scabiei_87.22                                       46.03%    passed     45.94%
  90  Streptosporangium_roseum_DSM_43021                               47.62%    passed     13.80%
  91  Synechococcus_elongatus_PCC_6301                                 48.32%    passed     51.38%
  92  Synechococcus_elongatus_PCC_7942                                 60.32%    passed     44.08%
  93  Synechococcus_sp._PCC_7335                                       51.15%    passed     37.64%
  94  Synechocystis_sp._PCC_6803                                       54.14%    passed     32.43%
  95  Thiomicrospira_crunogena_XCL-2                                   51.15%    passed     79.44%
  96  Variovorax_paradoxus_EPS                                         50.44%    passed     56.03%
  97  gamma_proteobacterium_HTCC5015                                   47.62%    passed     41.32%
  98  marine_bacterium_HP15                                            46.56%    passed     32.09%
  99  uncultured_SAR11_cluster_alpha_proteobacterium_H17925_23J24      46.91%    passed     16.51%
 100  uncultured_nuHF1_cluster_bacterium_HF0130_24M16                  48.68%    failed      1.83%
WARNING: 18 sequences contain more than 50% gaps/ambiguity
****  TOTAL                                                            48.18%  20 sequences failed composition chi2 test (p-value<5%; df=19)
Checking for duplicate sequences: done in 0.0587021 secs using 2285% CPU


Create initial parsimony tree by phylogenetic likelihood library (PLL)... 0.048 seconds
Measuring multi-threading efficiency up to 56 CPU cores
Increase to 10 rounds for branch lengths
23 trees examined
Threads: 1 / Time: 57.798 sec / Speedup: 1.000 / Efficiency: 100% / LogL: -47510
Threads: 2 / Time: 30.896 sec / Speedup: 1.871 / Efficiency: 94% / LogL: -47510
Threads: 3 / Time: 24.893 sec / Speedup: 2.322 / Efficiency: 77% / LogL: -47510
Threads: 4 / Time: 19.432 sec / Speedup: 2.974 / Efficiency: 74% / LogL: -47510
Threads: 5 / Time: 16.928 sec / Speedup: 3.414 / Efficiency: 68% / LogL: -47510
Threads: 6 / Time: 15.117 sec / Speedup: 3.824 / Efficiency: 64% / LogL: -47510
Threads: 7 / Time: 16.849 sec / Speedup: 3.430 / Efficiency: 49% / LogL: -47510
Determining AUTO threadcount: done in 181.917 secs using 306.6% CPU
BEST NUMBER OF THREADS: 6

Perform fast likelihood tree search using LG+I+G model...
Estimate model parameters (epsilon = 5.000)
Perform nearest neighbor interchange...
Estimate model parameters (epsilon = 1.000)
1. Initial log-likelihood: -31991.896
Optimal log-likelihood: -31991.700
Proportion of invariable sites: 0.021
Gamma shape alpha: 1.120
Parameters optimization took 1 rounds (0.216 sec)
Time for fast ML tree search: 2.632 seconds

NOTE: ModelFinder requires 65 MB RAM!
ModelFinder will test up to 1232 protein models (sample size: 567 epsilon: 0.100) ...
 No. Model         -LnL         df  AIC          AICc         BIC
  1  LG            33735.369    197 67864.738    68076.153    68719.789
  2  LG+I          33588.422    198 67572.844    67786.986    68432.236
  3  LG+G4         32005.134    198 64406.267    64620.409    65265.659
  4  LG+I+G4       31991.664    199 64381.328    64598.222    65245.060
  5  LG+R2         32382.183    199 65162.366    65379.260    66026.097
  6  LG+R3         32095.499    201 64592.997    64815.474    65465.410
  7  LG+R4         31993.769    203 64393.537    64621.702    65274.630
  8  LG+R5         31938.524    205 64287.047    64521.009    65176.821
  9  LG+R6         31914.480    207 64242.961    64482.827    65141.415
 10  LG+R7         31907.989    209 64233.978    64479.860    65141.113
 11  LG+R8         31905.448    211 64232.896    64484.908    65148.712
 14  LG+I+R2       32323.612    200 65047.224    65266.896    65915.296
 15  LG+I+R3       32066.439    202 64536.878    64762.185    65413.630
 16  LG+I+R4       31986.927    204 64381.855    64612.905    65267.288
 17  LG+I+R5       31933.604    206 64279.209    64516.109    65173.323
 18  LG+I+R6       31913.761    208 64243.522    64486.382    65146.317
 19  LG+I+R7       31907.748    210 64235.497    64484.429    65146.972
 31  LG+F+R6       31711.087    226 63874.174    64175.950    64855.095
 32  LG+F+R7       31699.805    228 63855.610    64164.557    64845.212
 33  LG+F+R8       31698.505    230 63857.010    64173.260    64855.293
 40  LG+F+I+R6     31705.831    227 63865.662    64171.007    64850.923
 41  LG+F+I+R7     31698.957    229 63855.914    64168.496    64849.856
 53  WAG+R6        32200.500    207 64815.000    65054.867    65713.455
 54  WAG+R7        32196.339    209 64810.678    65056.560    65717.813
 62  WAG+I+R6      32199.025    208 64814.050    65056.911    65716.845
 63  WAG+I+R7      32195.493    210 64810.987    65059.919    65722.462
 75  WAG+F+R6      31884.493    226 64220.986    64522.762    65201.907
 76  WAG+F+R7      31873.915    228 64203.831    64512.777    65193.433
 77  WAG+F+R8      31873.558    230 64207.117    64523.367    65205.399
 84  WAG+F+I+R6    31880.401    227 64214.802    64520.147    65200.064
 85  WAG+F+I+R7    31873.289    229 64204.577    64517.159    65198.520
 97  JTT+R6        32263.072    207 64940.144    65180.010    65838.598
 98  JTT+R7        32256.504    209 64931.008    65176.891    65838.143
 99  JTT+R8        32255.656    211 64933.312    65185.323    65849.127
106  JTT+I+R6      32260.222    208 64936.444    65179.304    65839.238
107  JTT+I+R7      32254.118    210 64928.235    65177.168    65839.711
119  JTT+F+R6      32034.248    226 64520.495    64822.272    65501.417
120  JTT+F+R7      32022.395    228 64500.789    64809.736    65490.391
121  JTT+F+R8      32021.803    230 64503.606    64819.856    65501.889
128  JTT+F+I+R6    32027.176    227 64508.352    64813.698    65493.614
129  JTT+F+I+R7    32020.051    229 64498.103    64810.684    65492.045
141  Q.PFAM+R6     31844.877    207 64103.754    64343.620    65002.208
142  Q.PFAM+R7     31834.404    209 64086.808    64332.691    64993.943
143  Q.PFAM+R8     31833.475    211 64088.950    64340.961    65004.766
150  Q.PFAM+I+R6   31843.408    208 64102.816    64345.677    65005.611
151  Q.PFAM+I+R7   31833.993    210 64087.986    64336.919    64999.462
163  Q.PFAM+F+R6   31760.206    226 63972.412    64274.188    64953.333
164  Q.PFAM+F+R7   31749.714    228 63955.428    64264.374    64945.030
165  Q.PFAM+F+R8   31747.470    230 63954.940    64271.190    64953.222
172  Q.PFAM+F+I+R6 31754.570    227 63963.140    64268.485    64948.401
173  Q.PFAM+F+I+R7 31748.348    229 63954.697    64267.278    64948.639
185  Q.BIRD+R6     32677.656    207 65769.311    66009.178    66667.766
186  Q.BIRD+R7     32660.324    209 65738.648    65984.530    66645.783
+R8 reinitialized from +R7 with factor 0.500
187  Q.BIRD+R8     32660.106    211 65742.212    65994.223    66658.028
194  Q.BIRD+I+R6   32673.184    208 65762.367    66005.228    66665.162
195  Q.BIRD+I+R7   32657.288    210 65734.576    65983.509    66646.051
207  Q.BIRD+F+R6   32564.518    226 65581.035    65882.812    66561.957
208  Q.BIRD+F+R7   32539.565    228 65535.130    65844.076    66524.731
209  Q.BIRD+F+R8   32538.545    230 65537.090    65853.340    66535.372
216  Q.BIRD+F+I+R6 32537.866    227 65529.732    65835.077    66514.994
217  Q.BIRD+F+I+R7 32530.058    229 65518.116    65830.698    66512.059
229  Q.MAMMAL+R6   32527.963    207 65469.926    65709.792    66368.380
230  Q.MAMMAL+R7   32514.882    209 65447.764    65693.647    66354.899
231  Q.MAMMAL+R8   32513.561    211 65449.123    65701.134    66364.938
238  Q.MAMMAL+I+R6 32523.547    208 65463.094    65705.954    66365.889
239  Q.MAMMAL+I+R7 32512.705    210 65445.410    65694.343    66356.885
251  Q.MAMMAL+F+R6 32359.657    226 65171.314    65473.091    66152.236
252  Q.MAMMAL+F+R7 32345.991    228 65147.982    65456.929    66137.584
253  Q.MAMMAL+F+R8 32341.283    230 65142.565    65458.815    66140.848
260  Q.MAMMAL+F+I+R6 32347.111    227 65148.223    65453.568    66133.484
261  Q.MAMMAL+F+I+R7 32339.199    229 65136.398    65448.979    66130.340
273  Q.INSECT+R6   32133.727    207 64681.453    64921.319    65579.907
274  Q.INSECT+R7   32119.961    209 64657.922    64903.804    65565.057
275  Q.INSECT+R8   32118.340    211 64658.680    64910.691    65574.496
282  Q.INSECT+I+R6 32130.705    208 64677.410    64920.270    65580.204
283  Q.INSECT+I+R7 32119.458    210 64658.917    64907.849    65570.392
295  Q.INSECT+F+R6 31854.190    226 64160.380    64462.157    65141.302
296  Q.INSECT+F+R7 31842.067    228 64140.134    64449.081    65129.736
297  Q.INSECT+F+R8 31839.876    230 64139.752    64456.002    65138.035
304  Q.INSECT+F+I+R6 31847.374    227 64148.748    64454.093    65134.010
305  Q.INSECT+F+I+R7 31841.479    229 64140.959    64453.540    65134.901
317  Q.PLANT+R6    32087.683    207 64589.365    64829.232    65487.820
318  Q.PLANT+R7    32077.379    209 64572.759    64818.641    65479.894
319  Q.PLANT+R8    32075.507    211 64573.014    64825.025    65488.830
326  Q.PLANT+I+R6  32086.483    208 64588.965    64831.826    65491.760
327  Q.PLANT+I+R7  32077.904    210 64575.809    64824.741    65487.284
339  Q.PLANT+F+R6  32010.596    226 64473.193    64774.969    65454.114
340  Q.PLANT+F+R7  31997.230    228 64450.461    64759.407    65440.062
341  Q.PLANT+F+R8  31994.912    230 64449.824    64766.074    65448.106
348  Q.PLANT+F+I+R6 32003.170    227 64460.340    64765.685    65445.601
349  Q.PLANT+F+I+R7 31996.449    229 64450.899    64763.480    65444.841
361  Q.YEAST+R6    32131.392    207 64676.783    64916.650    65575.238
362  Q.YEAST+R7    32116.258    209 64650.516    64896.398    65557.651
363  Q.YEAST+R8    32115.042    211 64652.084    64904.095    65567.900
370  Q.YEAST+I+R6  32127.733    208 64671.465    64914.326    65574.260
371  Q.YEAST+I+R7  32114.960    210 64649.921    64898.853    65561.396
383  Q.YEAST+F+R6  31785.196    226 64022.392    64324.168    65003.313
384  Q.YEAST+F+R7  31772.916    228 64001.831    64310.778    64991.433
385  Q.YEAST+F+R8  31771.262    230 64002.523    64318.773    65000.806
392  Q.YEAST+F+I+R6 31776.913    227 64007.827    64313.172    64993.088
393  Q.YEAST+F+I+R7 31772.045    229 64002.091    64314.672    64996.033
405  JTTDCMUT+R6   32271.531    207 64957.061    65196.927    65855.516
406  JTTDCMUT+R7   32265.970    209 64949.940    65195.822    65857.075
414  JTTDCMUT+I+R6 32269.177    208 64954.354    65197.214    65857.149
415  JTTDCMUT+I+R7 32266.600    210 64953.200    65202.133    65864.676
427  JTTDCMUT+F+R6 32034.623    226 64521.247    64823.023    65502.168
428  JTTDCMUT+F+R7 32022.150    228 64500.300    64809.247    65489.902
429  JTTDCMUT+F+R8 32021.977    230 64503.954    64820.204    65502.237
436  JTTDCMUT+F+I+R6 32027.871    227 64509.741    64815.086    65495.003
437  JTTDCMUT+F+I+R7 32020.843    229 64499.686    64812.268    65493.629
449  DCMUT+R6      32583.676    207 65581.352    65821.218    66479.806
450  DCMUT+R7      32572.573    209 65563.147    65809.029    66470.282
451  DCMUT+R8      32568.171    211 65558.343    65810.354    66474.159
458  DCMUT+I+R6    32579.812    208 65575.624    65818.484    66478.419
459  DCMUT+I+R7    32573.560    210 65567.119    65816.052    66478.595
471  DCMUT+F+R6    32149.608    226 64751.216    65052.992    65732.137
472  DCMUT+F+R7    32134.304    228 64724.608    65033.555    65714.210
473  DCMUT+F+R8    32133.628    230 64727.255    65043.505    65725.538
480  DCMUT+F+I+R6  32143.512    227 64741.023    65046.368    65726.285
481  DCMUT+F+I+R7  32132.814    229 64723.628    65036.210    65717.570
493  VT+R6         32217.891    207 64849.782    65089.649    65748.237
494  VT+R7         32215.314    209 64848.627    65094.510    65755.762
502  VT+I+R6       32215.927    208 64847.854    65090.715    65750.649
503  VT+I+R7       32214.351    210 64848.702    65097.635    65760.177
515  VT+F+R6       31932.047    226 64316.094    64617.871    65297.015
516  VT+F+R7       31923.936    228 64303.873    64612.820    65293.475
517  VT+F+R8       31924.031    230 64308.062    64624.312    65306.345
524  VT+F+I+R6     31928.884    227 64311.767    64617.112    65297.029
525  VT+F+I+R7     31922.382    229 64302.764    64615.346    65296.706
537  PMB+R6        32291.174    207 64996.347    65236.214    65894.802
538  PMB+R7        32288.531    209 64995.062    65240.945    65902.197
546  PMB+I+R6      32290.160    208 64996.320    65239.180    65899.114
547  PMB+I+R7      32287.369    210 64994.738    65243.671    65906.213
559  PMB+F+R6      32102.182    226 64656.364    64958.140    65637.285
560  PMB+F+R7      32096.469    228 64648.937    64957.884    65638.539
568  PMB+F+I+R6    32101.750    227 64657.501    64962.846    65642.762
569  PMB+F+I+R7    32095.155    229 64648.310    64960.892    65642.253
581  BLOSUM62+R6   32296.989    207 65007.977    65247.844    65906.432
582  BLOSUM62+R7   32293.967    209 65005.934    65251.816    65913.069
590  BLOSUM62+I+R6 32295.144    208 65006.287    65249.148    65909.082
591  BLOSUM62+I+R7 32292.310    210 65004.619    65253.552    65916.095
603  BLOSUM62+F+R6 32044.743    226 64541.486    64843.262    65522.407
604  BLOSUM62+F+R7 32038.025    228 64532.050    64840.996    65521.651
605  BLOSUM62+F+R8 32037.782    230 64535.564    64851.814    65533.846
612  BLOSUM62+F+I+R6 32043.411    227 64540.822    64846.167    65526.084
613  BLOSUM62+F+I+R7 32036.304    229 64530.607    64843.189    65524.549
625  DAYHOFF+R6    32581.185    207 65576.370    65816.236    66474.824
626  DAYHOFF+R7    32574.050    209 65566.101    65811.983    66473.236
627  DAYHOFF+R8    32567.258    211 65556.516    65808.528    66472.332
634  DAYHOFF+I+R6  32577.794    208 65571.588    65814.448    66474.382
635  DAYHOFF+I+R7  32571.701    210 65563.402    65812.335    66474.878
647  DAYHOFF+F+R6  32142.518    226 64737.037    65038.813    65717.958
648  DAYHOFF+F+R7  32133.586    228 64723.171    65032.118    65712.773
649  DAYHOFF+F+R8  32132.357    230 64724.715    65040.965    65722.997
656  DAYHOFF+F+I+R6 32142.268    227 64738.536    65043.881    65723.797
657  DAYHOFF+F+I+R7 32131.582    229 64721.163    65033.745    65715.105
669  MTREV+R6      33378.382    207 67170.765    67410.631    68069.219
670  MTREV+R7      33364.569    209 67147.138    67393.020    68054.273
671  MTREV+R8      33361.291    211 67144.581    67396.593    68060.397
678  MTREV+I+R6    33370.978    208 67157.955    67400.815    68060.750
679  MTREV+I+R7    33361.557    210 67143.114    67392.046    68054.589
691  MTREV+F+R6    32532.297    226 65516.594    65818.371    66497.515
692  MTREV+F+R7    32517.352    228 65490.705    65799.651    66480.306
693  MTREV+F+R8    32515.902    230 65491.803    65808.053    66490.086
700  MTREV+F+I+R6  32521.678    227 65497.355    65802.700    66482.617
701  MTREV+F+I+R7  32514.160    229 65486.320    65798.902    66480.262
713  MTART+R6      33229.251    207 66872.502    67112.368    67770.956
714  MTART+R7      33213.678    209 66845.356    67091.238    67752.491
715  MTART+R8      33208.894    211 66839.788    67091.799    67755.604
722  MTART+I+R6    33223.852    208 66863.703    67106.564    67766.498
723  MTART+I+R7    33208.848    210 66837.695    67086.628    67749.171
735  MTART+F+R6    32512.171    226 65476.341    65778.118    66457.263
736  MTART+F+R7    32500.506    228 65457.013    65765.960    66446.615
737  MTART+F+R8    32497.314    230 65454.628    65770.878    66452.911
744  MTART+F+I+R6  32503.747    227 65461.494    65766.839    66446.756
745  MTART+F+I+R7  32494.481    229 65446.961    65759.543    66440.903
757  MTZOA+R6      32429.667    207 65273.334    65513.200    66171.789
758  MTZOA+R7      32417.108    209 65252.215    65498.098    66159.351
759  MTZOA+R8      32409.751    211 65241.503    65493.514    66157.319
766  MTZOA+I+R6    32421.227    208 65258.455    65501.315    66161.249
767  MTZOA+I+R7    32411.521    210 65243.042    65491.975    66154.518
779  MTZOA+F+R6    32125.738    226 64703.476    65005.253    65684.397
780  MTZOA+F+R7    32115.458    228 64686.916    64995.863    65676.518
781  MTZOA+F+R8    32109.306    230 64678.613    64994.863    65676.895
788  MTZOA+F+I+R6  32116.620    227 64687.239    64992.584    65672.501
789  MTZOA+F+I+R7  32106.642    229 64671.283    64983.865    65665.226
801  MTMET+R6      33211.575    207 66837.150    67077.016    67735.604
802  MTMET+R7      33195.226    209 66808.453    67054.335    67715.588
803  MTMET+R8      33190.205    211 66802.409    67054.420    67718.225
810  MTMET+I+R6    33204.258    208 66824.516    67067.376    67727.310
811  MTMET+I+R7    33191.786    210 66803.573    67052.505    67715.048
823  MTMET+F+R6    32288.683    226 65029.366    65331.143    66010.288
824  MTMET+F+R7    32277.787    228 65011.573    65320.520    66001.175
825  MTMET+F+R8    32271.400    230 65002.800    65319.050    66001.083
832  MTMET+F+I+R6  32271.992    227 64997.984    65303.329    65983.246
833  MTMET+F+I+R7  32269.895    229 64997.790    65310.371    65991.732
845  MTVER+R6      33544.376    207 67502.752    67742.618    68401.207
846  MTVER+R7      33531.640    209 67481.280    67727.163    68388.415
847  MTVER+R8      33527.346    211 67476.692    67728.703    68392.507
854  MTVER+I+R6    33537.037    208 67490.074    67732.935    68392.869
855  MTVER+I+R7    33529.010    210 67478.020    67726.952    68389.495
867  MTVER+F+R6    32682.639    226 65817.278    66119.055    66798.199
868  MTVER+F+R7    32672.737    228 65801.474    66110.421    66791.076
869  MTVER+F+R8    32667.806    230 65795.612    66111.862    66793.894
876  MTVER+F+I+R6  32669.706    227 65793.412    66098.758    66778.674
877  MTVER+F+I+R7  32666.566    229 65791.132    66103.714    66785.074
889  MTINV+R6      33313.872    207 67041.744    67281.611    67940.199
890  MTINV+R7      33304.502    209 67027.003    67272.886    67934.138
891  MTINV+R8      33296.750    211 67015.500    67267.511    67931.316
898  MTINV+I+R6    33308.196    208 67032.392    67275.252    67935.187
899  MTINV+I+R7    33299.264    210 67018.529    67267.461    67930.004
911  MTINV+F+R6    32011.399    226 64474.797    64776.574    65455.719
912  MTINV+F+R7    31997.097    228 64450.195    64759.141    65439.797
913  MTINV+F+R8    31995.977    230 64451.954    64768.204    65450.236
920  MTINV+F+I+R6  32000.472    227 64454.944    64760.289    65440.205
921  MTINV+F+I+R7  31996.204    229 64450.409    64762.991    65444.351
933  MTMAM+R6      33955.058    207 68324.117    68563.983    69222.571
934  MTMAM+R7      33931.082    209 68280.163    68526.046    69187.299
935  MTMAM+R8      33927.993    211 68277.986    68529.998    69193.802
942  MTMAM+I+R6    33943.822    208 68303.644    68546.505    69206.439
943  MTMAM+I+R7    33927.493    210 68274.986    68523.919    69186.462
955  MTMAM+F+R6    33158.400    226 66768.799    67070.576    67749.721
956  MTMAM+F+R7    33136.803    228 66729.606    67038.553    67719.208
957  MTMAM+F+R8    33135.271    230 66730.542    67046.792    67728.824
964  MTMAM+F+I+R6  33146.725    227 66747.451    67052.796    67732.712
965  MTMAM+F+I+R7  33132.587    229 66723.173    67035.755    67717.116
977  FLAVI+R6      33223.794    207 66861.588    67101.454    67760.042
978  FLAVI+R7      33219.044    209 66856.089    67101.971    67763.224
986  FLAVI+I+R6    33214.695    208 66845.390    67088.250    67748.185
987  FLAVI+I+R7    33214.414    210 66848.828    67097.760    67760.303
999  FLAVI+F+R6    33195.455    226 66842.911    67144.687    67823.832
1000  FLAVI+F+R7    33184.132    228 66824.264    67133.211    67813.866
1001  FLAVI+F+R8    33181.238    230 66822.476    67138.726    67820.758
1008  FLAVI+F+I+R6  33183.576    227 66821.152    67126.498    67806.414
1009  FLAVI+F+I+R7  33176.517    229 66811.035    67123.617    67804.977
1021  HIVB+R6       32966.318    207 66346.636    66586.502    67245.090
1022  HIVB+R7       32960.152    209 66338.305    66584.187    67245.440
1030  HIVB+I+R6     32960.070    208 66336.141    66579.001    67238.936
1031  HIVB+I+R7     32957.504    210 66335.008    66583.940    67246.483
1043  HIVB+F+R6     32638.285    226 65728.570    66030.347    66709.491
1044  HIVB+F+R7     32626.318    228 65708.636    66017.582    66698.238
1045  HIVB+F+R8     32624.144    230 65708.287    66024.537    66706.570
1052  HIVB+F+I+R6   32630.238    227 65714.475    66019.820    66699.737
1053  HIVB+F+I+R7   32621.977    229 65701.954    66014.535    66695.896
1065  HIVW+R6       34258.796    207 68931.592    69171.459    69830.047
1066  HIVW+R7       34244.917    209 68907.833    69153.716    69814.968
+R8 reinitialized from +R7 with factor 0.500
1067  HIVW+R8       34244.790    211 68911.579    69163.590    69827.395
1074  HIVW+I+R6     34252.901    208 68921.802    69164.662    69824.596
1075  HIVW+I+R7     34241.232    210 68902.463    69151.396    69813.939
1087  HIVW+F+R6     33357.944    226 67167.889    67469.665    68148.810
1088  HIVW+F+R7     33344.074    228 67144.149    67453.096    68133.751
1089  HIVW+F+R8     33340.768    230 67141.535    67457.785    68139.818
1096  HIVW+F+I+R6   33353.222    227 67160.445    67465.790    68145.706
1097  HIVW+F+I+R7   33341.181    229 67140.362    67452.944    68134.305
1109  FLU+R6        32902.490    207 66218.980    66458.846    67117.434
1110  FLU+R7        32893.194    209 66204.388    66450.271    67111.524
1111  FLU+R8        32893.149    211 66208.299    66460.310    67124.115
1118  FLU+I+R6      32899.932    208 66215.864    66458.725    67118.659
1119  FLU+I+R7      32893.220    210 66206.441    66455.373    67117.916
1131  FLU+F+R6      32401.783    226 65255.567    65557.343    66236.488
1132  FLU+F+R7      32395.635    228 65247.269    65556.216    66236.871
1140  FLU+F+I+R6    32394.481    227 65242.962    65548.307    66228.223
1141  FLU+F+I+R7    32390.023    229 65238.046    65550.628    66231.989
1153  RTREV+R6      32478.519    207 65371.039    65610.905    66269.493
1154  RTREV+R7      32470.987    209 65359.975    65605.857    66267.110
1155  RTREV+R8      32470.137    211 65362.273    65614.285    66278.089
1162  RTREV+I+R6    32476.128    208 65368.255    65611.116    66271.050
1163  RTREV+I+R7    32470.411    210 65360.822    65609.755    66272.298
1175  RTREV+F+R6    31950.756    226 64353.512    64655.289    65334.434
1176  RTREV+F+R7    31938.887    228 64333.774    64642.720    65323.375
1177  RTREV+F+R8    31936.043    230 64332.087    64648.337    65330.370
1184  RTREV+F+I+R6  31943.807    227 64341.614    64646.959    65326.875
1185  RTREV+F+I+R7  31937.887    229 64333.775    64646.356    65327.717
1197  CPREV+R6      32160.045    207 64734.089    64973.956    65632.544
1198  CPREV+R7      32148.994    209 64715.987    64961.870    65623.122
+R8 reinitialized from +R7 with factor 0.500
+R8 reinitialized from +R7 with factor 0.250
1199  CPREV+R8      32149.037    211 64720.074    64972.085    65635.890
1206  CPREV+I+R6    32160.287    208 64736.573    64979.434    65639.368
1207  CPREV+I+R7    32150.368    210 64720.736    64969.669    65632.212
1219  CPREV+F+R6    31932.707    226 64317.413    64619.190    65298.334
1220  CPREV+F+R7    31925.291    228 64306.581    64615.528    65296.183
1221  CPREV+F+R8    31925.355    230 64310.710    64626.960    65308.993
1228  CPREV+F+I+R6  31929.851    227 64313.703    64619.048    65298.964
1229  CPREV+F+I+R7  31924.964    229 64307.928    64620.510    65301.871
Akaike Information Criterion:           LG+F+R7
Corrected Akaike Information Criterion: LG+F+R7
Bayesian Information Criterion:         LG+F+R7
Best-fit model: LG+F+R7 chosen according to BIC

All model information printed to training_data/prot_M11338_100_567.phy/output_files/iqtree/inference/pars_9.model.gz
CPU time for ModelFinder: 14923.424 seconds (4h:8m:43s)
Wall-clock time for ModelFinder: 2589.915 seconds (0h:43m:9s)

NOTE: 45 MB RAM (0 GB) is required!
Estimate model parameters (epsilon = 0.010)
1. Initial log-likelihood: -31708.082
2. Current log-likelihood: -31699.083
3. Current log-likelihood: -31698.863
4. Current log-likelihood: -31698.770
5. Current log-likelihood: -31698.689
6. Current log-likelihood: -31698.632
7. Current log-likelihood: -31698.579
8. Current log-likelihood: -31698.532
9. Current log-likelihood: -31698.491
10. Current log-likelihood: -31698.456
11. Current log-likelihood: -31698.424
12. Current log-likelihood: -31698.393
13. Current log-likelihood: -31698.377
14. Current log-likelihood: -31698.350
15. Current log-likelihood: -31698.336
16. Current log-likelihood: -31698.323
17. Current log-likelihood: -31698.310
18. Current log-likelihood: -31698.299
19. Current log-likelihood: -31698.288
20. Current log-likelihood: -31698.277
Optimal log-likelihood: -31698.262
Site proportion and rates:  (0.080,0.036) (0.138,0.167) (0.186,0.309) (0.213,0.618) (0.160,1.115) (0.182,2.033) (0.041,5.796)
Parameters optimization took 20 rounds (27.724 sec)
Wrote distance file to... 
BEST SCORE FOUND : -31698.262
Total tree length: 62.992

Total number of iterations: 0
CPU time used for tree search: 0.000 sec (0h:0m:0s)
Wall-clock time used for tree search: 0.000 sec (0h:0m:0s)
Total CPU time used: 15088.218 sec (4h:11m:28s)
Total wall-clock time used: 2617.678 sec (0h:43m:37s)

Analysis results written to: 
  IQ-TREE report:                training_data/prot_M11338_100_567.phy/output_files/iqtree/inference/pars_9.iqtree
  Maximum-likelihood tree:       training_data/prot_M11338_100_567.phy/output_files/iqtree/inference/pars_9.treefile
  Screen log file:               training_data/prot_M11338_100_567.phy/output_files/iqtree/inference/pars_9.log

Date and Time: Tue Sep 23 19:35:06 2025
ee/inference/pars_9.log

Date and Time: Tue Sep 23 19:35:06 2025
