IQ-TREE version 3.0.1 for Linux x86 64-bit built Sep 23 2025
Developed by Bui Quang Minh, Thomas Wong, Nhan Ly-Trong, Huaiyan Ren
Contributed by Lam-Tung Nguyen, Dominik Schrempf, Chris Bielow,
Olga Chernomor, Michael Woodhams, Diep Thi Hoang, Heiko Schmidt

Host:    cnode01.hpc.vast.vn (AVX512, FMA3, 125 GB RAM)
Command: /datausers/ioit/thaontp/tranthanhvan235/iqtree3/build/iqtree3 -s /datausers/ioit/thaontp/tranthanhvan235/data_treebase/DIU_TRAINING_DATA/data4/prot_M11338_100_567.phy -pre training_data/prot_M11338_100_567.phy/output_files/iqtree/inference/pars_17 -seed 17 -ninit 1 -T 1 -redo -n 0 -nt AUTO
Seed:    17 (Using SPRNG - Scalable Parallel Random Number Generator)
Time:    Tue Sep 23 18:17:54 2025
Kernel:  AVX+FMA - auto-detect threads (56 CPU cores detected)

Reading alignment file /datausers/ioit/thaontp/tranthanhvan235/data_treebase/DIU_TRAINING_DATA/data4/prot_M11338_100_567.phy ... Phylip format detected
Alignment most likely contains protein sequences
Constructing alignment: done in 0.00344375 secs using 1924% CPU
Alignment has 100 sequences with 567 columns, 401 distinct patterns
288 parsimony-informative, 65 singleton sites, 214 constant sites
                                                                Gap/Ambiguity  Composition  p-value
Analyzing sequences: done in 0.0480182 secs using 2664% CPU
   1  Acinetobacter_baumannii_ATCC_17978                               47.97%    failed      2.30%
   2  Acinetobacter_baumannii_ATCC_17978-A                             47.62%    failed      1.51%
   3  Acinetobacter_baumannii_ATCC_19606-A                             48.85%    passed     27.38%
   4  Acinetobacter_calcoaceticus_PHEA-2                               45.86%    passed     19.36%
   5  Acinetobacter_calcoaceticus_RUH2202                              60.14%    passed     91.03%
   6  Acinetobacter_calcoaceticus_RUH2202-A                            51.50%    passed     55.19%
   7  Acinetobacter_haemolyticus_ATCC_19194                            45.86%    passed     22.47%
   8  Acinetobacter_johnsonii_SH046                                    48.50%    passed     98.19%
   9  Acinetobacter_johnsonii_SH046-A                                  40.92%    passed     41.93%
  10  Acinetobacter_junii_SH205                                        44.62%    failed      0.21%
  11  Acinetobacter_lwoffii_SH145                                      47.97%    passed     37.69%
  12  Acinetobacter_lwoffii_SH145-A                                    49.21%    failed      1.61%
  13  Acinetobacter_radioresistens_SH164                               49.21%    passed     84.92%
  14  Acinetobacter_radioresistens_SK82                                47.44%    passed     37.25%
  15  Acinetobacter_sp._ATCC_27244                                     49.21%    failed      1.68%
  16  Acinetobacter_sp._SH024                                          52.38%    failed      2.85%
  17  Aeromicrobium_marinum_DSM_15272                                  49.03%    passed     59.56%
  18  Alcanivorax_sp._DG881                                            47.97%    failed      3.36%
  19  Algoriphagus_sp._PR1                                             51.32%    passed     52.58%
  20  Alteromonas_macleodii_ATCC_27126                                 47.27%    passed     32.45%
  21  Anabaena_variabilis_ATCC_29413                                   47.62%    passed     47.99%
  22  Brevibacterium_linens_BL2                                        48.50%    passed     41.67%
  23  Candidatus_Pelagibacter_ubique_HTCC1002                          47.62%    passed     48.07%
  24  Candidatus_Pelagibacter_ubique_HTCC1062                          47.62%    passed     50.67%
  25  Conexibacter_woesei_DSM_14684                                    47.62%    failed      0.72%
  26  Crocosphaera_watsonii_WH_8501                                    47.62%    passed     56.65%
  27  Curvibacter_putative_symbiont_of_Hydra_magnipapillata            47.97%    failed      4.02%
  28  Cyanothece_sp._ATCC_51142                                        51.68%    passed     60.83%
  29  Cyanothece_sp._CCY0110                                           47.27%    passed     50.39%
  30  Dietzia_cinnamea_P4                                              46.56%    passed     26.34%
  31  Glaciecola_sp._HTCC2999                                          47.62%    passed     38.36%
  32  Janibacter_sp._HTCC2649                                          46.56%    passed     44.77%
  33  Kribbella_flavida_DSM_17836                                      47.97%    passed     45.24%
  34  Leadbetterella_byssophila_DSM_17132                              48.68%    passed     73.51%
  35  Leptospira_borgpetersenii_serovar_Hardjo-bovis_JB197             47.09%    passed     51.10%
  36  Leptospira_borgpetersenii_serovar_Hardjo-bovis_L550              47.09%    passed     50.29%
  37  Leptospira_interrogans_serovar_Copenhageni_str._Fiocruz_L1-130   57.32%    passed     52.27%
  38  Leptospira_interrogans_serovar_Lai_str._56601                    51.68%    passed     61.28%
  39  Limnobacter_sp._MED105                                           47.62%    passed     49.72%
  40  Marinobacter_algicola_DG893                                       8.64%    failed      0.00%
  41  Marinobacter_aquaeolei_VT8                                       47.80%    failed      3.95%
  42  Marinobacter_sp._ELB17                                           47.80%    failed      3.00%
  43  Marinomonas_sp._MED121                                           48.50%    passed     86.55%
  44  Marivirga_tractuosa_DSM_4126                                     48.15%    failed      0.01%
  45  Microcoleus_chthonoplastes_PCC_7420                              48.15%    failed      0.00%
  46  Microcystis_aeruginosa_PCC_7806                                  48.50%    passed     34.72%
  47  Micromonospora_sp._ATCC_39149                                    48.50%    failed      3.63%
  48  Microscilla_marina_ATCC_23134                                    45.86%    passed     40.87%
  49  Microscilla_marina_ATCC_23134-A                                  48.32%    passed     87.69%
  50  Mycobacterium_parascrofulaceum_ATCC_BAA-614                      51.32%    passed     55.90%
  51  Myxococcus_xanthus_DK_1622                                       49.38%    passed     22.02%
  52  Nakamurella_multipartita_DSM_44233                               45.86%    passed     17.14%
  53  Nocardioidaceae_bacterium_Broad-1                                49.56%    passed     51.72%
  54  Nocardiopsis_dassonvillei_subsp._dassonvillei_DSM_43111          46.56%    passed     23.76%
  55  Nodularia_spumigena_CCY9414                                      50.97%    passed     25.63%
  56  Nostoc_sp._PCC_7120                                              47.62%    passed     48.81%
  57  Oceanicaulis_alexandrii_HTCC2633                                 47.62%    passed     45.77%
  58  Oceanobacter_sp._RED65                                           47.97%    passed     35.30%
  59  Pseudomonas_aeruginosa_LESB58                                    47.97%    passed     33.94%
  60  Pseudomonas_aeruginosa_PA7                                       47.62%    passed     13.62%
  61  Pseudomonas_aeruginosa_PACS2                                     50.26%    passed     26.61%
  62  Pseudomonas_aeruginosa_PAO1                                      50.26%    passed     33.77%
  63  Pseudomonas_aeruginosa_PAb1                                      45.86%    failed      0.06%
  64  Pseudomonas_aeruginosa_UCBPP-PA14                                50.26%    failed      2.02%
  65  Pseudomonas_entomophila_L48                                      46.74%    passed     74.40%
  66  Pseudomonas_mendocina_ymp                                        47.44%    failed      0.91%
  67  Pseudomonas_putida_BIRD-1                                        47.44%    passed      7.95%
  68  Pseudomonas_putida_F1                                            49.03%    passed     25.16%
  69  Pseudomonas_putida_GB-1                                          47.44%    passed     71.98%
  70  Pseudomonas_putida_KT2440                                        49.03%    failed      2.52%
  71  Pseudomonas_putida_W619                                          46.56%    passed      7.42%
  72  Pseudomonas_sp._TJI-51                                           48.32%    passed     26.83%
  73  Psychrobacter_cryohalolentis_K5                                  48.68%    passed     25.30%
  74  Psychroflexus_torquis_ATCC_700755                                47.27%    passed     32.88%
  75  Raphidiopsis_brookii_D9                                          47.62%    passed     45.97%
  76  Rhodobacteraceae_bacterium_KLH11                                 47.62%    passed     57.44%
  77  Rhodococcus_equi_103S                                            47.62%    passed     90.35%
  78  Rhodococcus_equi_ATCC_33707                                      48.68%    passed     79.69%
  79  Rhodococcus_erythropolis_PR4                                     47.27%    passed     96.19%
  80  Rhodococcus_erythropolis_SK121                                   48.50%    passed     26.82%
  81  Roseiflexus_castenholzii_DSM_13941                               50.09%    passed     36.07%
  82  Saccharophagus_degradans_2-40                                    47.62%    passed     50.03%
  83  Salinispora_arenicola_CNS-205                                    49.74%    passed     56.36%
  84  Salinispora_tropica_CNB-440                                      47.62%    passed     41.24%
  85  Shewanella_frigidimarina_NCIMB_400                               47.62%    passed     56.55%
  86  Shewanella_frigidimarina_NCIMB_400-A                             48.50%    passed     59.70%
  87  Stackebrandtia_nassauensis_DSM_44728                             49.74%    passed     53.23%
  88  Streptomyces_roseosporus_NRRL_15998                              49.38%    passed     45.08%
  89  Streptomyces_scabiei_87.22                                       46.03%    passed     45.94%
  90  Streptosporangium_roseum_DSM_43021                               47.62%    passed     13.80%
  91  Synechococcus_elongatus_PCC_6301                                 48.32%    passed     51.38%
  92  Synechococcus_elongatus_PCC_7942                                 60.32%    passed     44.08%
  93  Synechococcus_sp._PCC_7335                                       51.15%    passed     37.64%
  94  Synechocystis_sp._PCC_6803                                       54.14%    passed     32.43%
  95  Thiomicrospira_crunogena_XCL-2                                   51.15%    passed     79.44%
  96  Variovorax_paradoxus_EPS                                         50.44%    passed     56.03%
  97  gamma_proteobacterium_HTCC5015                                   47.62%    passed     41.32%
  98  marine_bacterium_HP15                                            46.56%    passed     32.09%
  99  uncultured_SAR11_cluster_alpha_proteobacterium_H17925_23J24      46.91%    passed     16.51%
 100  uncultured_nuHF1_cluster_bacterium_HF0130_24M16                  48.68%    failed      1.83%
WARNING: 18 sequences contain more than 50% gaps/ambiguity
****  TOTAL                                                            48.18%  20 sequences failed composition chi2 test (p-value<5%; df=19)
Checking for duplicate sequences: done in 0.0567941 secs using 2209% CPU


Create initial parsimony tree by phylogenetic likelihood library (PLL)... 0.036 seconds
Measuring multi-threading efficiency up to 56 CPU cores
Increase to 10 rounds for branch lengths
31 trees examined
Threads: 1 / Time: 57.111 sec / Speedup: 1.000 / Efficiency: 100% / LogL: -46802
Threads: 2 / Time: 38.921 sec / Speedup: 1.467 / Efficiency: 73% / LogL: -46802
Threads: 3 / Time: 29.115 sec / Speedup: 1.962 / Efficiency: 65% / LogL: -46802
Threads: 4 / Time: 21.403 sec / Speedup: 2.668 / Efficiency: 67% / LogL: -46802
Threads: 5 / Time: 18.744 sec / Speedup: 3.047 / Efficiency: 61% / LogL: -46802
Threads: 6 / Time: 16.474 sec / Speedup: 3.467 / Efficiency: 58% / LogL: -46802
Threads: 7 / Time: 15.571 sec / Speedup: 3.668 / Efficiency: 52% / LogL: -46802
Threads: 8 / Time: 14.397 sec / Speedup: 3.967 / Efficiency: 50% / LogL: -46802
Determining AUTO threadcount: done in 211.739 secs using 339.8% CPU
BEST NUMBER OF THREADS: 7

Perform fast likelihood tree search using LG+I+G model...
Estimate model parameters (epsilon = 5.000)
Perform nearest neighbor interchange...
Estimate model parameters (epsilon = 1.000)
1. Initial log-likelihood: -32000.226
Optimal log-likelihood: -31999.570
Proportion of invariable sites: 0.024
Gamma shape alpha: 1.114
Parameters optimization took 1 rounds (0.165 sec)
Time for fast ML tree search: 2.139 seconds

NOTE: ModelFinder requires 65 MB RAM!
ModelFinder will test up to 1232 protein models (sample size: 567 epsilon: 0.100) ...
 No. Model         -LnL         df  AIC          AICc         BIC
  1  LG            33744.780    197 67883.560    68094.975    68738.611
  2  LG+I          33596.804    198 67589.607    67803.748    68448.998
  3  LG+G4         32012.661    198 64421.323    64635.464    65280.714
  4  LG+I+G4       31999.383    199 64396.766    64613.659    65260.497
  5  LG+R2         32386.862    199 65171.724    65388.617    66035.455
  6  LG+R3         32100.676    201 64603.352    64825.829    65475.765
  7  LG+R4         32000.727    203 64407.455    64635.620    65288.548
  8  LG+R5         31947.409    205 64304.819    64538.780    65194.592
  9  LG+R6         31921.541    207 64257.083    64496.949    65155.537
 10  LG+R7         31916.297    209 64250.594    64496.477    65157.729
 14  LG+I+R2       32328.438    200 65056.875    65276.547    65924.947
 15  LG+I+R3       32073.921    202 64551.842    64777.150    65428.595
 16  LG+I+R4       31993.209    204 64394.417    64625.467    65279.850
 17  LG+I+R5       31943.451    206 64298.902    64535.802    65193.016
 18  LG+I+R6       31921.214    208 64258.428    64501.289    65161.223
 19  LG+I+R7       31915.652    210 64251.304    64500.237    65162.779
 31  LG+F+R6       31710.222    226 63872.443    64174.220    64853.364
 32  LG+F+R7       31701.893    228 63859.786    64168.733    64849.388
 40  LG+F+I+R6     31706.898    227 63867.797    64173.142    64853.058
 41  LG+F+I+R7     31700.756    229 63859.511    64172.093    64853.454
 53  WAG+R6        32213.716    207 64841.432    65081.298    65739.886
 54  WAG+R7        32210.447    209 64838.894    65084.776    65746.029
 62  WAG+I+R6      32212.725    208 64841.449    65084.310    65744.244
 63  WAG+I+R7      32209.604    210 64839.208    65088.140    65750.683
 75  WAG+F+R6      31888.148    226 64228.296    64530.072    65209.217
 76  WAG+F+R7      31881.645    228 64219.290    64528.237    65208.892
 84  WAG+F+I+R6    31885.591    227 64225.183    64530.528    65210.444
 85  WAG+F+I+R7    31880.290    229 64218.580    64531.161    65212.522
 97  JTT+R6        32268.280    207 64950.561    65190.427    65849.015
 98  JTT+R7        32264.825    209 64947.649    65193.532    65854.784
106  JTT+I+R6      32265.598    208 64947.196    65190.056    65849.991
107  JTT+I+R7      32262.996    210 64945.993    65194.925    65857.468
119  JTT+F+R6      32038.630    226 64529.259    64831.036    65510.181
120  JTT+F+R7      32026.707    228 64509.415    64818.362    65499.017
128  JTT+F+I+R6    32033.599    227 64521.197    64826.542    65506.459
129  JTT+F+I+R7    32024.858    229 64507.716    64820.297    65501.658
141  Q.PFAM+R6     31849.182    207 64112.365    64352.231    65010.819
142  Q.PFAM+R7     31841.705    209 64101.410    64347.292    65008.545
150  Q.PFAM+I+R6   31848.143    208 64112.286    64355.146    65015.081
151  Q.PFAM+I+R7   31840.898    210 64101.797    64350.729    65013.272
163  Q.PFAM+F+R6   31758.284    226 63968.568    64270.344    64949.489
164  Q.PFAM+F+R7   31750.186    228 63956.372    64265.318    64945.974
172  Q.PFAM+F+I+R6 31753.820    227 63961.640    64266.985    64946.901
173  Q.PFAM+F+I+R7 31748.727    229 63955.454    64268.036    64949.397
185  Q.BIRD+R6     32674.324    207 65762.649    66002.515    66661.103
186  Q.BIRD+R7     32658.593    209 65735.186    65981.069    66642.322
194  Q.BIRD+I+R6   32666.896    208 65749.792    65992.652    66652.587
195  Q.BIRD+I+R7   32655.070    210 65730.141    65979.073    66641.616
207  Q.BIRD+F+R6   32557.807    226 65567.614    65869.390    66548.535
208  Q.BIRD+F+R7   32536.598    228 65529.195    65838.142    66518.797
216  Q.BIRD+F+I+R6 32538.827    227 65531.653    65836.998    66516.915
217  Q.BIRD+F+I+R7 32529.670    229 65517.340    65829.922    66511.282
229  Q.MAMMAL+R6   32526.453    207 65466.905    65706.772    66365.360
230  Q.MAMMAL+R7   32516.400    209 65450.800    65696.682    66357.935
238  Q.MAMMAL+I+R6 32519.778    208 65455.556    65698.416    66358.350
239  Q.MAMMAL+I+R7 32513.837    210 65447.673    65696.606    66359.149
251  Q.MAMMAL+F+R6 32361.202    226 65174.404    65476.180    66155.325
252  Q.MAMMAL+F+R7 32345.732    228 65147.463    65456.410    66137.065
260  Q.MAMMAL+F+I+R6 32349.657    227 65153.313    65458.658    66138.575
261  Q.MAMMAL+F+I+R7 32340.687    229 65139.375    65451.957    66133.317
273  Q.INSECT+R6   32141.747    207 64697.495    64937.361    65595.949
274  Q.INSECT+R7   32129.917    209 64677.834    64923.716    65584.969
282  Q.INSECT+I+R6 32138.345    208 64692.690    64935.550    65595.485
283  Q.INSECT+I+R7 32129.193    210 64678.386    64927.319    65589.861
295  Q.INSECT+F+R6 31854.816    226 64161.632    64463.408    65142.553
296  Q.INSECT+F+R7 31841.674    228 64139.349    64448.296    65128.951
304  Q.INSECT+F+I+R6 31847.901    227 64149.801    64455.146    65135.063
305  Q.INSECT+F+I+R7 31840.565    229 64139.131    64451.712    65133.073
317  Q.PLANT+R6    32088.071    207 64590.143    64830.009    65488.597
318  Q.PLANT+R7    32079.468    209 64576.936    64822.818    65484.071
326  Q.PLANT+I+R6  32086.823    208 64589.646    64832.506    65492.441
327  Q.PLANT+I+R7  32080.407    210 64580.815    64829.747    65492.290
339  Q.PLANT+F+R6  32013.318    226 64478.636    64780.413    65459.557
340  Q.PLANT+F+R7  32001.756    228 64459.511    64768.458    65449.113
348  Q.PLANT+F+I+R6 32008.118    227 64470.236    64775.581    65455.497
349  Q.PLANT+F+I+R7 31999.467    229 64456.933    64769.515    65450.875
361  Q.YEAST+R6    32138.396    207 64690.791    64930.658    65589.246
362  Q.YEAST+R7    32124.938    209 64667.876    64913.758    65575.011
370  Q.YEAST+I+R6  32133.927    208 64683.854    64926.714    65586.648
371  Q.YEAST+I+R7  32123.133    210 64666.265    64915.198    65577.741
383  Q.YEAST+F+R6  31784.237    226 64020.474    64322.250    65001.395
384  Q.YEAST+F+R7  31771.987    228 63999.975    64308.921    64989.577
392  Q.YEAST+F+I+R6 31776.332    227 64006.664    64312.009    64991.925
393  Q.YEAST+F+I+R7 31770.828    229 63999.657    64312.239    64993.599
405  JTTDCMUT+R6   32277.747    207 64969.494    65209.361    65867.949
406  JTTDCMUT+R7   32273.875    209 64965.751    65211.633    65872.886
414  JTTDCMUT+I+R6 32275.503    208 64967.005    65209.866    65869.800
415  JTTDCMUT+I+R7 32270.982    210 64961.964    65210.897    65873.440
427  JTTDCMUT+F+R6 32039.090    226 64530.181    64831.957    65511.102
428  JTTDCMUT+F+R7 32027.223    228 64510.446    64819.393    65500.048
436  JTTDCMUT+F+I+R6 32034.456    227 64522.913    64828.258    65508.174
437  JTTDCMUT+F+I+R7 32026.065    229 64510.131    64822.712    65504.073
449  DCMUT+R6      32600.279    207 65614.559    65854.425    66513.013
450  DCMUT+R7      32588.051    209 65594.102    65839.984    66501.237
458  DCMUT+I+R6    32596.873    208 65609.747    65852.607    66512.541
459  DCMUT+I+R7    32587.998    210 65595.996    65844.928    66507.471
471  DCMUT+F+R6    32148.402    226 64748.803    65050.580    65729.725
472  DCMUT+F+R7    32138.827    228 64733.653    65042.600    65723.255
480  DCMUT+F+I+R6  32145.751    227 64745.502    65050.847    65730.763
481  DCMUT+F+I+R7  32137.326    229 64732.652    65045.233    65726.594
493  VT+R6         32227.193    207 64868.385    65108.252    65766.840
494  VT+R7         32223.720    209 64865.441    65111.323    65772.576
502  VT+I+R6       32224.968    208 64865.936    65108.797    65768.731
503  VT+I+R7       32221.740    210 64863.480    65112.412    65774.955
515  VT+F+R6       31930.369    226 64312.738    64614.515    65293.659
516  VT+F+R7       31928.236    228 64312.472    64621.418    65302.074
524  VT+F+I+R6     31927.772    227 64309.543    64614.888    65294.805
525  VT+F+I+R7     31926.065    229 64310.129    64622.711    65304.072
537  PMB+R6        32301.827    207 65017.653    65257.519    65916.107
538  PMB+R7        32296.787    209 65011.575    65257.457    65918.710
546  PMB+I+R6      32300.296    208 65016.592    65259.452    65919.386
547  PMB+I+R7      32295.253    210 65010.506    65259.438    65921.981
559  PMB+F+R6      32102.241    226 64656.483    64958.259    65637.404
560  PMB+F+R7      32100.388    228 64656.776    64965.723    65646.378
568  PMB+F+I+R6    32100.696    227 64655.391    64960.736    65640.653
569  PMB+F+I+R7    32098.939    229 64655.877    64968.459    65649.819
581  BLOSUM62+R6   32304.182    207 65022.364    65262.230    65920.818
582  BLOSUM62+R7   32299.306    209 65016.613    65262.495    65923.748
590  BLOSUM62+I+R6 32302.262    208 65020.524    65263.384    65923.319
591  BLOSUM62+I+R7 32297.402    210 65014.804    65263.736    65926.279
603  BLOSUM62+F+R6 32039.717    226 64531.435    64833.211    65512.356
604  BLOSUM62+F+R7 32037.267    228 64530.535    64839.481    65520.137
612  BLOSUM62+F+I+R6 32037.436    227 64528.873    64834.218    65514.134
613  BLOSUM62+F+I+R7 32035.237    229 64528.475    64841.056    65522.417
625  DAYHOFF+R6    32599.371    207 65612.742    65852.608    66511.196
626  DAYHOFF+R7    32587.285    209 65592.570    65838.453    66499.705
634  DAYHOFF+I+R6  32595.427    208 65606.855    65849.715    66509.650
635  DAYHOFF+I+R7  32585.531    210 65591.062    65839.995    66502.538
647  DAYHOFF+F+R6  32147.817    226 64747.635    65049.411    65728.556
648  DAYHOFF+F+R7  32137.913    228 64731.826    65040.773    65721.428
656  DAYHOFF+F+I+R6 32144.651    227 64743.301    65048.646    65728.563
657  DAYHOFF+F+I+R7 32135.605    229 64729.210    65041.791    65723.152
669  MTREV+R6      33398.583    207 67211.166    67451.033    68109.621
670  MTREV+R7      33382.935    209 67183.871    67429.753    68091.006
678  MTREV+I+R6    33391.147    208 67198.295    67441.155    68101.089
679  MTREV+I+R7    33379.283    210 67178.566    67427.499    68090.042
691  MTREV+F+R6    32537.767    226 65527.533    65829.310    66508.455
692  MTREV+F+R7    32518.361    228 65492.722    65801.669    66482.324
700  MTREV+F+I+R6  32525.014    227 65504.027    65809.372    66489.289
701  MTREV+F+I+R7  32514.085    229 65486.169    65798.751    66480.112
713  MTART+R6      33243.871    207 66901.741    67141.607    67800.195
714  MTART+R7      33232.510    209 66883.019    67128.901    67790.154
722  MTART+I+R6    33242.950    208 66901.899    67144.760    67804.694
723  MTART+I+R7    33225.598    210 66871.197    67120.129    67782.672
735  MTART+F+R6    32504.556    226 65461.113    65762.889    66442.034
736  MTART+F+R7    32495.137    228 65446.274    65755.221    66435.876
744  MTART+F+I+R6  32502.970    227 65459.939    65765.284    66445.201
745  MTART+F+I+R7  32487.516    229 65433.032    65745.613    66426.974
757  MTZOA+R6      32436.743    207 65287.486    65527.352    66185.940
758  MTZOA+R7      32424.098    209 65266.196    65512.078    66173.331
766  MTZOA+I+R6    32428.908    208 65273.815    65516.676    66176.610
767  MTZOA+I+R7    32419.471    210 65258.943    65507.876    66170.418
779  MTZOA+F+R6    32123.659    226 64699.319    65001.095    65680.240
780  MTZOA+F+R7    32113.972    228 64683.944    64992.891    65673.546
788  MTZOA+F+I+R6  32115.023    227 64684.046    64989.391    65669.308
789  MTZOA+F+I+R7  32106.028    229 64670.056    64982.638    65663.999
801  MTMET+R6      33238.688    207 66891.375    67131.242    67789.830
802  MTMET+R7      33220.445    209 66858.889    67104.772    67766.024
810  MTMET+I+R6    33228.813    208 66873.626    67116.487    67776.421
811  MTMET+I+R7    33217.079    210 66854.157    67103.090    67765.633
823  MTMET+F+R6    32293.133    226 65038.267    65340.043    66019.188
824  MTMET+F+R7    32278.477    228 65012.955    65321.901    66002.557
832  MTMET+F+I+R6  32275.786    227 65005.572    65310.917    65990.834
833  MTMET+F+I+R7  32272.549    229 65003.099    65315.680    65997.041
845  MTVER+R6      33569.202    207 67552.405    67792.271    68450.859
846  MTVER+R7      33552.997    209 67523.993    67769.876    68431.128
854  MTVER+I+R6    33560.122    208 67536.244    67779.104    68439.038
855  MTVER+I+R7    33550.504    210 67521.008    67769.941    68432.484
867  MTVER+F+R6    32693.688    226 65839.377    66141.153    66820.298
868  MTVER+F+R7    32678.530    228 65813.060    66122.007    66802.662
876  MTVER+F+I+R6  32679.691    227 65813.383    66118.728    66798.644
877  MTVER+F+I+R7  32672.326    229 65802.651    66115.233    66796.594
889  MTINV+R6      33358.567    207 67131.134    67371.001    68029.589
890  MTINV+R7      33333.244    209 67084.488    67330.371    67991.623
898  MTINV+I+R6    33338.957    208 67093.914    67336.775    67996.709
899  MTINV+I+R7    33332.329    210 67084.659    67333.591    67996.134
911  MTINV+F+R6    32018.626    226 64489.253    64791.029    65470.174
912  MTINV+F+R7    32000.531    228 64457.061    64766.008    65446.663
920  MTINV+F+I+R6  32004.859    227 64463.719    64769.064    65448.980
921  MTINV+F+I+R7  31998.173    229 64454.346    64766.928    65448.288
933  MTMAM+R6      33984.450    207 68382.900    68622.766    69281.354
934  MTMAM+R7      33957.003    209 68332.007    68577.889    69239.142
942  MTMAM+I+R6    33968.854    208 68353.709    68596.569    69256.503
943  MTMAM+I+R7    33949.874    210 68319.748    68568.681    69231.224
955  MTMAM+F+R6    33177.384    226 66806.769    67108.545    67787.690
956  MTMAM+F+R7    33149.510    228 66755.020    67063.967    67744.622
964  MTMAM+F+I+R6  33159.900    227 66773.801    67079.146    67759.062
965  MTMAM+F+I+R7  33140.213    229 66738.427    67051.008    67732.369
977  FLAVI+R6      33226.031    207 66866.061    67105.928    67764.516
978  FLAVI+R7      33217.857    209 66853.715    67099.597    67760.850
986  FLAVI+I+R6    33219.371    208 66854.742    67097.602    67757.537
987  FLAVI+I+R7    33213.867    210 66847.735    67096.667    67759.210
999  FLAVI+F+R6    33190.510    226 66833.019    67134.796    67813.941
1000  FLAVI+F+R7    33175.656    228 66807.313    67116.259    67796.915
1008  FLAVI+F+I+R6  33181.166    227 66816.333    67121.678    67801.594
1009  FLAVI+F+I+R7  33170.586    229 66799.172    67111.754    67793.115
1021  HIVB+R6       32972.128    207 66358.256    66598.122    67256.710
1022  HIVB+R7       32966.814    209 66351.629    66597.511    67258.764
1030  HIVB+I+R6     32968.430    208 66352.860    66595.720    67255.655
1031  HIVB+I+R7     32964.612    210 66349.224    66598.156    67260.699
1043  HIVB+F+R6     32634.649    226 65721.298    66023.074    66702.219
1044  HIVB+F+R7     32626.238    228 65708.476    66017.423    66698.078
1052  HIVB+F+I+R6   32627.526    227 65709.052    66014.397    66694.313
1053  HIVB+F+I+R7   32621.926    229 65701.851    66014.433    66695.794
1065  HIVW+R6       34282.496    207 68978.992    69218.858    69877.446
1066  HIVW+R7       34270.602    209 68959.203    69205.086    69866.339
1074  HIVW+I+R6     34277.369    208 68970.737    69213.598    69873.532
1075  HIVW+I+R7     34266.745    210 68953.491    69202.423    69864.966
1087  HIVW+F+R6     33356.636    226 67165.272    67467.048    68146.193
1088  HIVW+F+R7     33346.348    228 67148.695    67457.642    68138.297
1096  HIVW+F+I+R6   33348.545    227 67151.090    67456.435    68136.351
1097  HIVW+F+I+R7   33340.132    229 67138.264    67450.846    68132.206
1109  FLU+R6        32912.813    207 66239.626    66479.492    67138.080
1110  FLU+R7        32902.659    209 66223.318    66469.201    67130.454
1118  FLU+I+R6      32908.613    208 66233.226    66476.086    67136.020
1119  FLU+I+R7      32902.566    210 66225.132    66474.065    67136.608
1131  FLU+F+R6      32403.024    226 65258.049    65559.825    66238.970
1132  FLU+F+R7      32396.077    228 65248.153    65557.100    66237.755
1140  FLU+F+I+R6    32396.864    227 65247.728    65553.073    66232.989
1141  FLU+F+I+R7    32390.852    229 65239.704    65552.286    66233.647
1153  RTREV+R6      32485.796    207 65385.591    65625.457    66284.045
1154  RTREV+R7      32477.251    209 65372.501    65618.383    66279.636
1162  RTREV+I+R6    32483.202    208 65382.404    65625.264    66285.199
1163  RTREV+I+R7    32476.222    210 65372.444    65621.377    66283.919
1175  RTREV+F+R6    31936.919    226 64325.837    64627.614    65306.759
1176  RTREV+F+R7    31929.574    228 64315.149    64624.095    65304.751
1184  RTREV+F+I+R6  31932.161    227 64318.322    64623.667    65303.583
1185  RTREV+F+I+R7  31927.192    229 64312.384    64624.966    65306.327
1197  CPREV+R6      32175.978    207 64765.956    65005.822    65664.410
1198  CPREV+R7      32165.996    209 64749.992    64995.874    65657.127
1206  CPREV+I+R6    32175.678    208 64767.356    65010.216    65670.150
1207  CPREV+I+R7    32166.775    210 64753.551    65002.483    65665.026
1219  CPREV+F+R6    31938.214    226 64328.427    64630.204    65309.349
1220  CPREV+F+R7    31932.271    228 64320.543    64629.489    65310.144
1228  CPREV+F+I+R6  31935.732    227 64325.464    64630.809    65310.725
1229  CPREV+F+I+R7  31931.135    229 64320.271    64632.853    65314.213
Akaike Information Criterion:           LG+F+I+R7
Corrected Akaike Information Criterion: LG+F+R7
Bayesian Information Criterion:         LG+F+R7
Best-fit model: LG+F+R7 chosen according to BIC

All model information printed to training_data/prot_M11338_100_567.phy/output_files/iqtree/inference/pars_17.model.gz
CPU time for ModelFinder: 9943.525 seconds (2h:45m:43s)
Wall-clock time for ModelFinder: 1534.668 seconds (0h:25m:34s)

NOTE: 45 MB RAM (0 GB) is required!
Estimate model parameters (epsilon = 0.010)
1. Initial log-likelihood: -31713.735
2. Current log-likelihood: -31702.719
3. Current log-likelihood: -31701.956
4. Current log-likelihood: -31701.700
5. Current log-likelihood: -31701.532
6. Current log-likelihood: -31701.403
7. Current log-likelihood: -31701.294
8. Current log-likelihood: -31701.200
9. Current log-likelihood: -31701.120
10. Current log-likelihood: -31701.060
11. Current log-likelihood: -31701.005
12. Current log-likelihood: -31700.957
13. Current log-likelihood: -31700.914
14. Current log-likelihood: -31700.875
15. Current log-likelihood: -31700.840
16. Current log-likelihood: -31700.808
17. Current log-likelihood: -31700.779
18. Current log-likelihood: -31700.752
19. Current log-likelihood: -31700.737
20. Current log-likelihood: -31700.723
21. Current log-likelihood: -31700.710
22. Current log-likelihood: -31700.698
23. Current log-likelihood: -31700.686
24. Current log-likelihood: -31700.675
25. Current log-likelihood: -31700.665
Optimal log-likelihood: -31700.650
Site proportion and rates:  (0.080,0.037) (0.144,0.173) (0.177,0.319) (0.180,0.585) (0.161,0.983) (0.215,1.935) (0.042,5.622)
Parameters optimization took 25 rounds (31.689 sec)
Wrote distance file to... 
BEST SCORE FOUND : -31700.650
Total tree length: 62.856

Total number of iterations: 0
CPU time used for tree search: 0.000 sec (0h:0m:0s)
Wall-clock time used for tree search: 0.000 sec (0h:0m:0s)
Total CPU time used: 10164.939 sec (2h:49m:24s)
Total wall-clock time used: 1566.402 sec (0h:26m:6s)

Analysis results written to: 
  IQ-TREE report:                training_data/prot_M11338_100_567.phy/output_files/iqtree/inference/pars_17.iqtree
  Maximum-likelihood tree:       training_data/prot_M11338_100_567.phy/output_files/iqtree/inference/pars_17.treefile
  Screen log file:               training_data/prot_M11338_100_567.phy/output_files/iqtree/inference/pars_17.log

Date and Time: Tue Sep 23 18:44:00 2025
e/inference/pars_17.log

Date and Time: Tue Sep 23 18:44:00 2025
