IQ-TREE version 3.0.1 for Linux x86 64-bit built Sep 23 2025
Developed by Bui Quang Minh, Thomas Wong, Nhan Ly-Trong, Huaiyan Ren
Contributed by Lam-Tung Nguyen, Dominik Schrempf, Chris Bielow,
Olga Chernomor, Michael Woodhams, Diep Thi Hoang, Heiko Schmidt

Host:    cnode04.hpc.vast.vn (AVX512, FMA3, 125 GB RAM)
Command: /datausers/ioit/thaontp/tranthanhvan235/iqtree3/build/iqtree3 -s /datausers/ioit/thaontp/tranthanhvan235/data_treebase/remainMSAs/prot_M4780_90_583.phy -pre training_data/prot_M4780_90_583.phy/output_files/iqtree/inference/pars_9 -seed 9 -ninit 1 -T 1 -redo -n 0 -nt AUTO
Seed:    9 (Using SPRNG - Scalable Parallel Random Number Generator)
Time:    Fri Oct 17 09:34:24 2025
Kernel:  AVX+FMA - auto-detect threads (56 CPU cores detected)

Reading alignment file /datausers/ioit/thaontp/tranthanhvan235/data_treebase/remainMSAs/prot_M4780_90_583.phy ... Phylip format detected
Alignment most likely contains protein sequences
Constructing alignment: done in 0.00527639 secs using 3344% CPU
Alignment has 90 sequences with 583 columns, 511 distinct patterns
352 parsimony-informative, 112 singleton sites, 119 constant sites
                                     Gap/Ambiguity  Composition  p-value
Analyzing sequences: done in 0.0630116 secs using 2256% CPU
   1  Achaearanea_tepidariorum_wnt2         45.97%    passed     97.93%
   2  Acyrthosiphon_pisum_wnt16             45.97%    passed     55.96%
   3  Branchiostoma_floridae_wnt1           44.77%    passed     82.52%
   4  Branchiostoma_floridae_wnt11          46.31%    passed     70.05%
   5  Branchiostoma_floridae_wnt3           41.34%    passed     64.49%
   6  Branchiostoma_floridae_wnt4           45.80%    passed     43.03%
   7  Branchiostoma_floridae_wnt6           63.46%    passed     96.31%
   8  Branchiostoma_floridae_wnt7b          45.80%    passed     90.80%
   9  Branchiostoma_floridae_wnt8           40.82%    passed     45.03%
  10  Capitella_teleta_wnt1                 44.77%    passed     92.19%
  11  Capitella_teleta_wnt10                46.31%    passed     97.39%
  12  Capitella_teleta_wnt11                45.97%    passed     93.68%
  13  Capitella_teleta_wnt16                44.77%    passed     92.75%
  14  Capitella_teleta_wnt2                 42.54%    passed     71.34%
  15  Capitella_teleta_wnt4                 46.14%    passed     62.54%
  16  Capitella_teleta_wnt5                 49.74%    passed     96.69%
  17  Capitella_teleta_wnt6                 46.83%    passed     98.73%
  18  Capitella_teleta_wnt7                 44.77%    passed     41.80%
  19  Capitella_teleta_wnt8                 45.45%    passed     68.10%
  20  Capitella_teleta_wnt9                 47.51%    passed     77.37%
  21  Capitella_teleta_wntA                 54.03%    passed     63.00%
  22  Helobdella_robusta_wnt1               50.26%    passed     85.84%
  23  Helobdella_robusta_wnt10              39.11%    failed      0.02%
  24  Helobdella_robusta_wnt11a             45.28%    passed     26.38%
  25  Helobdella_robusta_wnt11b             45.11%    passed      8.19%
  26  Helobdella_robusta_wnt11c             24.01%    failed      0.00%
  27  Helobdella_robusta_wnt16a             43.05%    passed     35.27%
  28  Helobdella_robusta_wnt16b             47.00%    passed     10.35%
  29  Helobdella_robusta_wnt2               51.97%    passed     57.76%
  30  Helobdella_robusta_wnt4               46.66%    passed     79.60%
  31  Helobdella_robusta_wnt5a              48.03%    passed     70.06%
  32  Helobdella_robusta_wnt5b              45.28%    passed     50.56%
  33  Helobdella_robusta_wnt6               58.83%    passed     41.33%
  34  Helobdella_robusta_wnt7               46.14%    passed     35.88%
  35  Homo_sapiens_wnt1                     45.63%    failed      1.75%
  36  Homo_sapiens_wnt10a                   38.08%    failed      0.09%
  37  Homo_sapiens_wnt10b                   40.65%    failed      2.47%
  38  Homo_sapiens_wnt11                    46.14%    passed     46.56%
  39  Homo_sapiens_wnt16                    44.43%    passed     99.87%
  40  Homo_sapiens_wnt2a                    44.43%    passed     79.86%
  41  Homo_sapiens_wnt2b                    44.43%    failed      2.03%
  42  Homo_sapiens_wnt3                     45.97%    passed     59.62%
  43  Homo_sapiens_wnt3a                    45.97%    passed     46.92%
  44  Homo_sapiens_wnt4                     46.31%    passed     30.85%
  45  Homo_sapiens_wnt5a                    45.80%    passed     96.80%
  46  Homo_sapiens_wnt5b                    45.80%    passed     89.29%
  47  Homo_sapiens_wnt6                     43.57%    failed      0.00%
  48  Homo_sapiens_wnt7a                    45.80%    passed     73.09%
  49  Homo_sapiens_wnt7b                    45.80%    passed     69.37%
  50  Homo_sapiens_wnt8a                    42.54%    passed     31.93%
  51  Homo_sapiens_wnt8b                    42.54%    passed     13.58%
  52  Homo_sapiens_wnt9a                    46.48%    passed     37.24%
  53  Homo_sapiens_wnt9b                    47.17%    failed      1.30%
  54  Lottia_gigantea_wnt1                  44.94%    passed     82.58%
  55  Lottia_gigantea_wnt10                 46.48%    passed     77.31%
  56  Lottia_gigantea_wnt11                 46.48%    passed     20.28%
  57  Lottia_gigantea_wnt16                 47.00%    passed     70.41%
  58  Lottia_gigantea_wnt2                  41.34%    passed     86.90%
  59  Lottia_gigantea_wnt4                  45.97%    passed     84.81%
  60  Lottia_gigantea_wnt5                  45.63%    passed     86.99%
  61  Lottia_gigantea_wnt6                  46.83%    passed     58.25%
  62  Lottia_gigantea_wnt7                  45.45%    passed     40.97%
  63  Lottia_gigantea_wnt9                  46.48%    passed     65.21%
  64  Lottia_gigantea_wntA                  48.37%    passed     34.38%
  65  Nematostella_vectensis_wnt1           44.77%    passed     58.51%
  66  Nematostella_vectensis_wnt10          46.66%    passed     59.65%
  67  Nematostella_vectensis_wnt11          45.63%    passed     60.06%
  68  Nematostella_vectensis_wnt16          48.89%    passed     77.81%
  69  Nematostella_vectensis_wnt2           45.97%    passed     91.90%
  70  Nematostella_vectensis_wnt3           47.68%    passed     97.20%
  71  Nematostella_vectensis_wnt4           45.63%    passed     71.57%
  72  Nematostella_vectensis_wnt5           43.22%    passed     90.82%
  73  Nematostella_vectensis_wnt6           64.49%    passed     86.01%
  74  Nematostella_vectensis_wnt7           47.34%    passed     96.24%
  75  Nematostella_vectensis_wnt8           56.60%    passed     31.35%
  76  Nematostella_vectensis_wnt8b          43.91%    passed     87.06%
  77  Nematostella_vectensis_wntA           45.80%    passed     17.93%
  78  Strongylocentrotus_purpuratus_wnt10   44.77%    passed     64.72%
  79  Strongylocentrotus_purpuratus_wnt3    44.77%    passed     42.72%
  80  Strongylocentrotus_purpuratus_wnt5    45.80%    passed     92.31%
  81  Tribolium_castaneum_wnt1              37.91%    passed     23.43%
  82  Tribolium_castaneum_wnt10             42.88%    passed     16.45%
  83  Tribolium_castaneum_wnt11             48.03%    passed     25.02%
  84  Tribolium_castaneum_wnt5              45.80%    passed     99.48%
  85  Tribolium_castaneum_wnt6              45.45%    passed     38.74%
  86  Tribolium_castaneum_wnt7              43.91%    passed     86.47%
  87  Tribolium_castaneum_wnt8              44.77%    passed     47.13%
  88  Tribolium_castaneum_wnt9              54.20%    passed     57.45%
  89  Tribolium_castaneum_wntA              46.66%    passed     97.76%
  90  Xenopus_tropicalis_wnt16              42.54%    passed     58.67%
WARNING: 8 sequences contain more than 50% gaps/ambiguity
****  TOTAL                                 45.96%  8 sequences failed composition chi2 test (p-value<5%; df=19)
Checking for duplicate sequences: done in 0.0536916 secs using 2479% CPU


Create initial parsimony tree by phylogenetic likelihood library (PLL)... 0.091 seconds
Measuring multi-threading efficiency up to 56 CPU cores
Increase to 10 rounds for branch lengths
18 trees examined
Threads: 1 / Time: 56.822 sec / Speedup: 1.000 / Efficiency: 100% / LogL: -51865
Threads: 2 / Time: 32.696 sec / Speedup: 1.738 / Efficiency: 87% / LogL: -51865
Threads: 3 / Time: 21.352 sec / Speedup: 2.661 / Efficiency: 89% / LogL: -51865
Threads: 4 / Time: 19.829 sec / Speedup: 2.866 / Efficiency: 72% / LogL: -51865
Threads: 5 / Time: 18.961 sec / Speedup: 2.997 / Efficiency: 60% / LogL: -51865
Threads: 6 / Time: 16.776 sec / Speedup: 3.387 / Efficiency: 56% / LogL: -51865
Threads: 7 / Time: 18.156 sec / Speedup: 3.130 / Efficiency: 45% / LogL: -51865
Determining AUTO threadcount: done in 184.599 secs using 298.1% CPU
BEST NUMBER OF THREADS: 6

Perform fast likelihood tree search using LG+I+G model...
Estimate model parameters (epsilon = 5.000)
Perform nearest neighbor interchange...
Estimate model parameters (epsilon = 1.000)
1. Initial log-likelihood: -45551.877
Optimal log-likelihood: -45551.780
Proportion of invariable sites: 0.038
Gamma shape alpha: 1.092
Parameters optimization took 1 rounds (0.269 sec)
Time for fast ML tree search: 2.701 seconds

NOTE: ModelFinder requires 73 MB RAM!
ModelFinder will test up to 1232 protein models (sample size: 583 epsilon: 0.100) ...
 No. Model         -LnL         df  AIC          AICc         BIC
  1  LG            48386.820    177 97127.640    97283.225    97900.809
  2  LG+I          47732.519    178 95821.038    95978.771    96598.575
  3  LG+G4         45608.892    178 91573.783    91731.516    92351.321
  4  LG+I+G4       45551.779    179 91461.557    91621.458    92243.463
  5  LG+R2         46124.370    179 92606.740    92766.641    93388.645
  6  LG+R3         45599.035    181 91560.070    91724.369    92350.712
  7  LG+R4         45485.084    183 91336.169    91504.951    92135.547
  8  LG+R5         45436.277    185 91242.555    91415.905    92050.669
  9  LG+R6         45426.250    187 91226.501    91404.506    92043.352
 10  LG+R7         45421.417    189 91220.833    91403.582    92046.421
 14  LG+I+R2       45927.532    180 92215.063    92377.153    93001.337
 15  LG+I+R3       45562.327    182 91488.654    91655.184    92283.664
 16  LG+I+R4       45457.413    184 91282.825    91453.881    92086.572
 17  LG+I+R5       45445.634    186 91263.268    91438.934    92075.750
 18  LG+I+R6       45423.387    188 91222.775    91403.140    92043.994
 19  LG+I+R7       45419.959    190 91219.917    91405.070    92049.873
 30  LG+F+R5       46074.746    204 92557.492    92778.762    93448.603
 31  LG+F+R6       46064.179    206 92540.358    92767.178    93440.205
 32  LG+F+R7       46056.239    208 92528.478    92760.949    93437.061
 40  LG+F+I+R6     46062.555    207 92539.111    92768.743    93443.326
 41  LG+F+I+R7     46054.897    209 92527.794    92763.129    93440.745
 52  WAG+R5        45601.292    185 91572.584    91745.934    92380.699
 53  WAG+R6        45597.450    187 91568.899    91746.904    92385.750
 62  WAG+I+R6      45596.931    188 91569.861    91750.227    92391.080
 63  WAG+I+R7      45592.221    190 91564.442    91749.595    92394.397
 74  WAG+F+R5      45812.100    204 92032.201    92253.470    92923.311
 75  WAG+F+R6      45807.474    206 92026.947    92253.766    92926.794
 84  WAG+F+I+R6    45806.905    207 92027.810    92257.442    92932.025
 85  WAG+F+I+R7    45797.985    209 92013.970    92249.305    92926.921
 96  JTT+R5        45702.545    185 91775.090    91948.440    92583.205
 97  JTT+R6        45697.417    187 91768.834    91946.839    92585.685
106  JTT+I+R6      45696.506    188 91769.012    91949.377    92590.231
107  JTT+I+R7      45689.227    190 91758.455    91943.608    92588.410
118  JTT+F+R5      46095.272    204 92598.544    92819.814    93489.655
119  JTT+F+R6      46090.598    206 92593.197    92820.016    93493.044
128  JTT+F+I+R6    46089.449    207 92592.897    92822.529    93497.112
129  JTT+F+I+R7    46080.000    209 92578.000    92813.335    93490.951
140  Q.PFAM+R5     45484.867    185 91339.734    91513.084    92147.848
141  Q.PFAM+R6     45474.847    187 91323.694    91501.699    92140.545
142  Q.PFAM+R7     45473.289    189 91324.578    91507.326    92150.166
150  Q.PFAM+I+R6   45471.861    188 91319.722    91500.088    92140.942
151  Q.PFAM+I+R7   45469.924    190 91319.848    91505.001    92149.803
162  Q.PFAM+F+R5   46142.473    204 92692.945    92914.215    93584.055
163  Q.PFAM+F+R6   46132.360    206 92676.719    92903.538    93576.566
164  Q.PFAM+F+R7   46129.354    208 92674.708    92907.178    93583.291
172  Q.PFAM+F+I+R6 46129.813    207 92673.626    92903.258    93577.840
173  Q.PFAM+F+I+R7 46127.264    209 92672.529    92907.864    93585.480
184  Q.BIRD+R5     46425.838    185 93221.677    93395.027    94029.791
185  Q.BIRD+R6     46395.406    187 93164.812    93342.817    93981.663
186  Q.BIRD+R7     46390.579    189 93159.158    93341.906    93984.746
194  Q.BIRD+I+R6   46393.053    188 93162.106    93342.472    93983.325
195  Q.BIRD+I+R7   46388.440    190 93156.880    93342.033    93986.835
206  Q.BIRD+F+R5   47030.572    204 94469.144    94690.414    95360.254
207  Q.BIRD+F+R6   47005.082    206 94422.165    94648.984    95322.011
208  Q.BIRD+F+R7   46998.626    208 94413.251    94645.722    95321.834
216  Q.BIRD+F+I+R6 47002.525    207 94419.050    94648.682    95323.265
217  Q.BIRD+F+I+R7 46996.238    209 94410.475    94645.811    95323.427
228  Q.MAMMAL+R5   46113.968    185 92597.936    92771.286    93406.050
229  Q.MAMMAL+R6   46088.238    187 92550.475    92728.480    93367.326
230  Q.MAMMAL+R7   46084.711    189 92547.422    92730.170    93373.009
238  Q.MAMMAL+I+R6 46085.405    188 92546.810    92727.175    93368.029
239  Q.MAMMAL+I+R7 46082.118    190 92544.235    92729.388    93374.191
250  Q.MAMMAL+F+R5 46682.903    204 93773.806    93995.076    94664.917
251  Q.MAMMAL+F+R6 46659.670    206 93731.340    93958.160    94631.187
252  Q.MAMMAL+F+R7 46656.384    208 93728.769    93961.239    94637.352
260  Q.MAMMAL+F+I+R6 46656.923    207 93727.847    93957.479    94632.062
261  Q.MAMMAL+F+I+R7 46653.811    209 93725.623    93960.958    94638.574
272  Q.INSECT+R5   45490.210    185 91350.421    91523.771    92158.535
273  Q.INSECT+R6   45475.857    187 91325.714    91503.719    92142.565
274  Q.INSECT+R7   45473.160    189 91324.321    91507.069    92149.908
282  Q.INSECT+I+R6 45472.093    188 91320.186    91500.552    92141.406
283  Q.INSECT+I+R7 45469.659    190 91319.319    91504.472    92149.274
294  Q.INSECT+F+R5 46218.438    204 92844.875    93066.145    93735.985
295  Q.INSECT+F+R6 46206.974    206 92825.947    93052.766    93725.794
296  Q.INSECT+F+R7 46199.332    208 92814.665    93047.136    93723.248
304  Q.INSECT+F+I+R6 46203.516    207 92821.031    93050.663    93725.246
305  Q.INSECT+F+I+R7 46196.520    209 92811.040    93046.376    93723.992
316  Q.PLANT+R5    45755.743    185 91881.487    92054.837    92689.601
317  Q.PLANT+R6    45730.934    187 91835.869    92013.874    92652.720
318  Q.PLANT+R7    45728.422    189 91834.844    92017.592    92660.432
326  Q.PLANT+I+R6  45726.506    188 91829.011    92009.377    92650.230
327  Q.PLANT+I+R7  45724.017    190 91828.033    92013.186    92657.989
338  Q.PLANT+F+R5  46590.250    204 93588.499    93809.769    94479.609
339  Q.PLANT+F+R6  46569.969    206 93551.939    93778.758    94451.786
340  Q.PLANT+F+R7  46568.366    208 93552.733    93785.203    94461.315
348  Q.PLANT+F+I+R6 46566.298    207 93546.595    93776.227    94450.810
349  Q.PLANT+F+I+R7 46564.853    209 93547.707    93783.042    94460.658
360  Q.YEAST+R5    45585.947    185 91541.894    91715.244    92350.009
361  Q.YEAST+R6    45571.894    187 91517.789    91695.794    92334.640
362  Q.YEAST+R7    45566.798    189 91511.596    91694.344    92337.184
370  Q.YEAST+I+R6  45567.493    188 91510.986    91691.351    92332.205
371  Q.YEAST+I+R7  45562.675    190 91505.350    91690.503    92335.305
382  Q.YEAST+F+R5  46311.452    204 93030.904    93252.174    93922.014
383  Q.YEAST+F+R6  46300.562    206 93013.123    93239.942    93912.970
384  Q.YEAST+F+R7  46292.388    208 93000.777    93233.248    93909.360
392  Q.YEAST+F+I+R6 46296.981    207 93007.963    93237.595    93912.178
393  Q.YEAST+F+I+R7 46289.228    209 92996.457    93231.792    93909.408
404  JTTDCMUT+R5   45691.570    185 91753.140    91926.490    92561.254
405  JTTDCMUT+R6   45686.574    187 91747.147    91925.152    92563.998
414  JTTDCMUT+I+R6 45685.763    188 91747.527    91927.892    92568.746
415  JTTDCMUT+I+R7 45678.381    190 91736.762    91921.915    92566.717
426  JTTDCMUT+F+R5 46060.182    204 92528.364    92749.633    93419.474
427  JTTDCMUT+F+R6 46055.521    206 92523.042    92749.861    93422.889
436  JTTDCMUT+F+I+R6 46054.465    207 92522.929    92752.561    93427.144
437  JTTDCMUT+F+I+R7 46045.637    209 92509.274    92744.609    93422.225
448  DCMUT+R5      46143.876    185 92657.752    92831.103    93465.867
449  DCMUT+R6      46124.601    187 92623.202    92801.207    93440.053
450  DCMUT+R7      46123.078    189 92624.157    92806.905    93449.744
458  DCMUT+I+R6    46124.300    188 92624.601    92804.966    93445.820
459  DCMUT+I+R7    46123.446    190 92626.892    92812.045    93456.848
470  DCMUT+F+R5    46012.762    204 92433.524    92654.794    93324.634
471  DCMUT+F+R6    45997.851    206 92407.701    92634.521    93307.548
472  DCMUT+F+R7    45997.076    208 92410.151    92642.622    93318.734
480  DCMUT+F+I+R6  45997.630    207 92409.261    92638.893    93313.476
481  DCMUT+F+I+R7  45996.460    209 92410.919    92646.255    93323.871
492  VT+R5         45629.814    185 91629.629    91802.979    92437.743
493  VT+R6         45626.752    187 91627.505    91805.510    92444.356
502  VT+I+R6       45625.563    188 91627.125    91807.491    92448.344
503  VT+I+R7       45622.384    190 91624.767    91809.920    92454.723
514  VT+F+R5       46063.133    204 92534.265    92755.535    93425.375
515  VT+F+R6       46057.512    206 92527.024    92753.843    93426.870
524  VT+F+I+R6     46056.519    207 92527.038    92756.670    93431.253
525  VT+F+I+R7     46053.025    209 92524.050    92759.385    93437.001
536  PMB+R5        45860.125    185 92090.251    92263.601    92898.365
537  PMB+R6        45859.393    187 92092.786    92270.791    92909.637
546  PMB+I+R6      45858.887    188 92093.774    92274.139    92914.993
547  PMB+I+R7      45856.187    190 92092.375    92277.528    92922.330
558  PMB+F+R5      46044.168    204 92496.336    92717.606    93387.446
559  PMB+F+R6      46041.974    206 92495.947    92722.767    93395.794
568  PMB+F+I+R6    46041.605    207 92497.211    92726.843    93401.426
569  PMB+F+I+R7    46038.698    209 92495.395    92730.731    93408.347
580  BLOSUM62+R5   45806.857    185 91983.714    92157.064    92791.829
581  BLOSUM62+R6   45805.222    187 91984.444    92162.449    92801.295
590  BLOSUM62+I+R6 45804.775    188 91985.550    92165.916    92806.769
591  BLOSUM62+I+R7 45801.006    190 91982.013    92167.166    92811.968
602  BLOSUM62+F+R5 46061.034    204 92530.068    92751.338    93421.179
603  BLOSUM62+F+R6 46055.789    206 92523.578    92750.397    93423.424
612  BLOSUM62+F+I+R6 46055.510    207 92525.020    92754.652    93429.235
613  BLOSUM62+F+I+R7 46052.264    209 92522.528    92757.863    93435.479
624  DAYHOFF+R5    46143.553    185 92657.106    92830.456    93465.221
625  DAYHOFF+R6    46123.972    187 92621.945    92799.950    93438.796
626  DAYHOFF+R7    46122.448    189 92622.896    92805.644    93448.483
634  DAYHOFF+I+R6  46123.684    188 92623.368    92803.733    93444.587
635  DAYHOFF+I+R7  46122.403    190 92624.806    92809.959    93454.761
646  DAYHOFF+F+R5  46013.429    204 92434.857    92656.127    93325.967
647  DAYHOFF+F+R6  45998.264    206 92408.527    92635.346    93308.374
648  DAYHOFF+F+R7  45997.492    208 92410.983    92643.454    93319.566
656  DAYHOFF+F+I+R6 45998.046    207 92410.092    92639.724    93314.307
657  DAYHOFF+F+I+R7 45996.541    209 92411.082    92646.417    93324.033
668  MTREV+R5      48460.010    185 97290.021    97463.371    98098.136
669  MTREV+R6      48435.552    187 97245.105    97423.110    98061.956
670  MTREV+R7      48429.889    189 97237.778    97420.526    98063.366
678  MTREV+I+R6    48433.613    188 97243.226    97423.592    98064.445
679  MTREV+I+R7    48428.485    190 97236.969    97422.122    98066.925
690  MTREV+F+R5    46881.486    204 94170.972    94392.242    95062.082
691  MTREV+F+R6    46856.787    206 94125.575    94352.394    95025.422
692  MTREV+F+R7    46852.214    208 94120.427    94352.898    95029.010
700  MTREV+F+I+R6  46854.314    207 94122.629    94352.261    95026.844
701  MTREV+F+I+R7  46847.598    209 94113.195    94348.530    95026.146
712  MTART+R5      49145.903    185 98661.807    98835.157    99469.921
713  MTART+R6      49104.924    187 98583.848    98761.853    99400.699
714  MTART+R7      49094.759    189 98567.519    98750.267    99393.106
722  MTART+I+R6    49089.008    188 98554.016    98734.381    99375.235
723  MTART+I+R7    49072.634    190 98525.267    98710.420    99355.223
734  MTART+F+R5    47613.944    204 95635.888    95857.157    96526.998
735  MTART+F+R6    47566.243    206 95544.487    95771.306    96444.333
736  MTART+F+R7    47545.097    208 95506.195    95738.665    96414.778
744  MTART+F+I+R6  47564.449    207 95542.898    95772.530    96447.112
745  MTART+F+I+R7  47543.365    209 95504.731    95740.066    96417.682
756  MTZOA+R5      47841.023    185 96052.046    96225.396    96860.161
757  MTZOA+R6      47810.483    187 95994.967    96172.972    96811.818
758  MTZOA+R7      47790.876    189 95959.751    96142.499    96785.339
766  MTZOA+I+R6    47808.167    188 95992.334    96172.699    96813.553
767  MTZOA+I+R7    47788.599    190 95957.198    96142.351    96787.154
778  MTZOA+F+R5    47121.382    204 94650.764    94872.034    95541.874
779  MTZOA+F+R6    47090.488    206 94592.976    94819.795    95492.822
780  MTZOA+F+R7    47067.526    208 94551.052    94783.523    95459.635
788  MTZOA+F+I+R6  47088.837    207 94591.674    94821.306    95495.888
789  MTZOA+F+I+R7  47065.874    209 94549.749    94785.084    95462.700
800  MTMET+R5      48404.111    185 97178.222    97351.572    97986.336
801  MTMET+R6      48364.636    187 97103.272    97281.277    97920.123
802  MTMET+R7      48354.767    189 97087.534    97270.282    97913.121
810  MTMET+I+R6    48361.158    188 97098.317    97278.682    97919.536
811  MTMET+I+R7    48352.730    190 97085.460    97270.613    97915.416
822  MTMET+F+R5    47094.577    204 94597.155    94818.425    95488.265
823  MTMET+F+R6    47072.185    206 94556.370    94783.189    95456.216
824  MTMET+F+R7    47060.240    208 94536.480    94768.951    95445.063
832  MTMET+F+I+R6  47069.876    207 94553.752    94783.384    95457.966
833  MTMET+F+I+R7  47058.260    209 94534.520    94769.855    95447.471
844  MTVER+R5      48842.945    185 98055.891    98229.241    98864.006
845  MTVER+R6      48796.257    187 97966.513    98144.518    98783.364
846  MTVER+R7      48787.800    189 97953.600    98136.348    98779.188
854  MTVER+I+R6    48794.075    188 97964.151    98144.516    98785.370
855  MTVER+I+R7    48786.574    190 97953.148    98138.302    98783.104
866  MTVER+F+R5    47710.193    204 95828.387    96049.657    96719.497
867  MTVER+F+R6    47677.338    206 95766.676    95993.495    96666.522
868  MTVER+F+R7    47671.388    208 95758.776    95991.247    96667.359
876  MTVER+F+I+R6  47674.740    207 95763.480    95993.112    96667.695
877  MTVER+F+I+R7  47668.905    209 95755.810    95991.146    96668.762
888  MTINV+R5      48634.117    185 97638.234    97811.584    98446.348
889  MTINV+R6      48603.892    187 97581.785    97759.790    98398.636
890  MTINV+R7      48589.219    189 97556.438    97739.187    98382.026
898  MTINV+I+R6    48601.106    188 97578.213    97758.578    98399.432
899  MTINV+I+R7    48586.513    190 97553.026    97738.179    98382.982
910  MTINV+F+R5    46830.660    204 94069.321    94290.590    94960.431
911  MTINV+F+R6    46817.127    206 94046.254    94273.074    94946.101
912  MTINV+F+R7    46801.001    208 94018.003    94250.473    94926.586
920  MTINV+F+I+R6  46815.272    207 94044.544    94274.176    94948.759
921  MTINV+F+I+R7  46799.161    209 94016.322    94251.657    94929.273
932  MTMAM+R5      49279.038    185 98928.076    99101.426    99736.190
933  MTMAM+R6      49226.118    187 98826.236    99004.241    99643.087
934  MTMAM+R7      49210.363    189 98798.725    98981.473    99624.312
942  MTMAM+I+R6    49221.786    188 98819.571    98999.937    99640.791
943  MTMAM+I+R7    49206.162    190 98792.323    98977.476    99622.279
954  MTMAM+F+R5    47685.351    204 95778.703    95999.973    96669.813
955  MTMAM+F+R6    47658.684    206 95729.368    95956.187    96629.214
956  MTMAM+F+R7    47640.405    208 95696.809    95929.280    96605.392
964  MTMAM+F+I+R6  47651.668    207 95717.335    95946.967    96621.550
965  MTMAM+F+I+R7  47636.617    209 95691.235    95926.570    96604.186
976  FLAVI+R5      46961.589    185 94293.179    94466.529    95101.293
977  FLAVI+R6      46947.656    187 94269.312    94447.317    95086.163
978  FLAVI+R7      46922.188    189 94222.375    94405.123    95047.963
986  FLAVI+I+R6    46935.115    188 94246.231    94426.596    95067.450
987  FLAVI+I+R7    46922.265    190 94224.531    94409.684    95054.486
998  FLAVI+F+R5    47206.520    204 94821.040    95042.310    95712.150
999  FLAVI+F+R6    47185.326    206 94782.652    95009.471    95682.499
1000  FLAVI+F+R7    47178.023    208 94772.045    95004.516    95680.628
1008  FLAVI+F+I+R6  47184.573    207 94783.145    95012.777    95687.360
1009  FLAVI+F+I+R7  47177.921    209 94773.841    95009.177    95686.793
1020  HIVB+R5       46407.011    185 93184.022    93357.372    93992.136
1021  HIVB+R6       46390.436    187 93154.871    93332.876    93971.722
1022  HIVB+R7       46385.068    189 93148.135    93330.883    93973.723
1030  HIVB+I+R6     46387.385    188 93150.770    93331.135    93971.989
1031  HIVB+I+R7     46384.441    190 93148.881    93334.034    93978.837
1042  HIVB+F+R5     46794.192    204 93996.385    94217.655    94887.495
1043  HIVB+F+R6     46774.520    206 93961.040    94187.859    94860.887
1044  HIVB+F+R7     46768.603    208 93953.207    94185.677    94861.790
1052  HIVB+F+I+R6   46770.220    207 93954.439    94184.071    94858.654
1053  HIVB+F+I+R7   46767.726    209 93953.451    94188.786    94866.402
1064  HIVW+R5       47944.778    185 96259.555    96432.906    97067.670
1065  HIVW+R6       47931.515    187 96237.029    96415.034    97053.880
1066  HIVW+R7       47917.074    189 96212.147    96394.895    97037.735
1074  HIVW+I+R6     47930.744    188 96237.488    96417.853    97058.707
1075  HIVW+I+R7     47916.995    190 96213.989    96399.142    97043.945
1086  HIVW+F+R5     47351.724    204 95111.447    95332.717    96002.557
1087  HIVW+F+R6     47338.339    206 95088.678    95315.497    95988.525
1088  HIVW+F+R7     47328.121    208 95072.243    95304.714    95980.826
1096  HIVW+F+I+R6   47339.440    207 95092.880    95322.512    95997.095
1097  HIVW+F+I+R7   47327.890    209 95073.780    95309.115    95986.731
1108  FLU+R5        45946.231    185 92262.462    92435.812    93070.576
1109  FLU+R6        45930.019    187 92234.038    92412.043    93050.889
1110  FLU+R7        45923.458    189 92224.915    92407.663    93050.502
1118  FLU+I+R6      45936.299    188 92248.597    92428.963    93069.817
1119  FLU+I+R7      45923.462    190 92226.923    92412.077    93056.879
1130  FLU+F+R5      45795.777    204 91999.554    92220.824    92890.665
1131  FLU+F+R6      45790.135    206 91992.270    92219.089    92892.116
1140  FLU+F+I+R6    45786.298    207 91986.596    92216.228    92890.811
1141  FLU+F+I+R7    45781.562    209 91981.124    92216.459    92894.075
1152  RTREV+R5      45851.644    185 92073.287    92246.638    92881.402
1153  RTREV+R6      45847.340    187 92068.681    92246.686    92885.532
1162  RTREV+I+R6    45839.069    188 92054.138    92234.504    92875.357
1163  RTREV+I+R7    45835.691    190 92051.383    92236.536    92881.339
1174  RTREV+F+R5    46285.683    204 92979.366    93200.636    93870.477
1175  RTREV+F+R6    46279.562    206 92971.123    93197.942    93870.970
1184  RTREV+F+I+R6  46271.417    207 92956.835    93186.467    93861.049
1185  RTREV+F+I+R7  46267.849    209 92953.697    93189.032    93866.648
1196  CPREV+R5      45804.848    185 91979.695    92153.046    92787.810
1197  CPREV+R6      45797.078    187 91968.157    92146.162    92785.008
1198  CPREV+R7      45787.058    189 91952.116    92134.864    92777.703
1206  CPREV+I+R6    45793.450    188 91962.900    92143.265    92784.119
1207  CPREV+I+R7    45785.328    190 91950.656    92135.809    92780.611
1218  CPREV+F+R5    46512.334    204 93432.669    93653.938    94323.779
1219  CPREV+F+R6    46497.178    206 93406.355    93633.175    94306.202
1220  CPREV+F+R7    46488.586    208 93393.171    93625.642    94301.754
1228  CPREV+F+I+R6  46500.687    207 93415.374    93645.006    94319.589
1229  CPREV+F+I+R7  46487.396    209 93392.792    93628.127    94305.743
Akaike Information Criterion:           LG+I+R7
Corrected Akaike Information Criterion: LG+I+R6
Bayesian Information Criterion:         LG+R6
Best-fit model: LG+R6 chosen according to BIC

All model information printed to training_data/prot_M4780_90_583.phy/output_files/iqtree/inference/pars_9.model.gz
CPU time for ModelFinder: 14355.868 seconds (3h:59m:15s)
Wall-clock time for ModelFinder: 2688.829 seconds (0h:44m:48s)

NOTE: 44 MB RAM (0 GB) is required!
Estimate model parameters (epsilon = 0.010)
1. Initial log-likelihood: -45444.638
2. Current log-likelihood: -45429.357
3. Current log-likelihood: -45428.183
4. Current log-likelihood: -45427.604
5. Current log-likelihood: -45427.238
6. Current log-likelihood: -45426.992
7. Current log-likelihood: -45426.816
8. Current log-likelihood: -45426.689
9. Current log-likelihood: -45426.585
10. Current log-likelihood: -45426.505
11. Current log-likelihood: -45426.421
12. Current log-likelihood: -45426.348
13. Current log-likelihood: -45426.271
14. Current log-likelihood: -45426.190
15. Current log-likelihood: -45426.103
16. Current log-likelihood: -45426.011
17. Current log-likelihood: -45425.901
18. Current log-likelihood: -45425.800
19. Current log-likelihood: -45425.698
20. Current log-likelihood: -45425.599
21. Current log-likelihood: -45425.507
22. Current log-likelihood: -45425.424
23. Current log-likelihood: -45425.350
24. Current log-likelihood: -45425.289
25. Current log-likelihood: -45425.241
26. Current log-likelihood: -45425.202
27. Current log-likelihood: -45425.172
28. Current log-likelihood: -45425.147
29. Current log-likelihood: -45425.129
30. Current log-likelihood: -45425.113
31. Current log-likelihood: -45425.103
Optimal log-likelihood: -45425.094
Site proportion and rates:  (0.080,0.015) (0.072,0.126) (0.159,0.388) (0.206,0.791) (0.322,1.371) (0.162,2.000)
Parameters optimization took 31 rounds (60.284 sec)
Wrote distance file to... 
BEST SCORE FOUND : -45425.094
Total tree length: 74.892

Total number of iterations: 0
CPU time used for tree search: 0.000 sec (0h:0m:0s)
Wall-clock time used for tree search: 0.000 sec (0h:0m:0s)
Total CPU time used: 14691.403 sec (4h:4m:51s)
Total wall-clock time used: 2749.206 sec (0h:45m:49s)

Analysis results written to: 
  IQ-TREE report:                training_data/prot_M4780_90_583.phy/output_files/iqtree/inference/pars_9.iqtree
  Maximum-likelihood tree:       training_data/prot_M4780_90_583.phy/output_files/iqtree/inference/pars_9.treefile
  Screen log file:               training_data/prot_M4780_90_583.phy/output_files/iqtree/inference/pars_9.log

Date and Time: Fri Oct 17 10:20:13 2025
ee/inference/pars_9.log

Date and Time: Fri Oct 17 10:20:13 2025
