IQ-TREE version 3.0.1 for Linux x86 64-bit built Sep 23 2025
Developed by Bui Quang Minh, Thomas Wong, Nhan Ly-Trong, Huaiyan Ren
Contributed by Lam-Tung Nguyen, Dominik Schrempf, Chris Bielow,
Olga Chernomor, Michael Woodhams, Diep Thi Hoang, Heiko Schmidt

Host:    cnode04.hpc.vast.vn (AVX512, FMA3, 125 GB RAM)
Command: /datausers/ioit/thaontp/tranthanhvan235/iqtree3/build/iqtree3 -s /datausers/ioit/thaontp/tranthanhvan235/data_treebase/remainMSAs/prot_M4780_90_583.phy -pre training_data/prot_M4780_90_583.phy/output_files/iqtree/inference/pars_16 -seed 16 -ninit 1 -T 1 -redo -n 0 -nt AUTO
Seed:    16 (Using SPRNG - Scalable Parallel Random Number Generator)
Time:    Thu Oct 16 14:19:20 2025
Kernel:  AVX+FMA - auto-detect threads (56 CPU cores detected)

Reading alignment file /datausers/ioit/thaontp/tranthanhvan235/data_treebase/remainMSAs/prot_M4780_90_583.phy ... Phylip format detected
Alignment most likely contains protein sequences
Constructing alignment: done in 0.00478891 secs using 2946% CPU
Alignment has 90 sequences with 583 columns, 511 distinct patterns
352 parsimony-informative, 112 singleton sites, 119 constant sites
                                     Gap/Ambiguity  Composition  p-value
Analyzing sequences: done in 0.0870216 secs using 1703% CPU
   1  Achaearanea_tepidariorum_wnt2         45.97%    passed     97.93%
   2  Acyrthosiphon_pisum_wnt16             45.97%    passed     55.96%
   3  Branchiostoma_floridae_wnt1           44.77%    passed     82.52%
   4  Branchiostoma_floridae_wnt11          46.31%    passed     70.05%
   5  Branchiostoma_floridae_wnt3           41.34%    passed     64.49%
   6  Branchiostoma_floridae_wnt4           45.80%    passed     43.03%
   7  Branchiostoma_floridae_wnt6           63.46%    passed     96.31%
   8  Branchiostoma_floridae_wnt7b          45.80%    passed     90.80%
   9  Branchiostoma_floridae_wnt8           40.82%    passed     45.03%
  10  Capitella_teleta_wnt1                 44.77%    passed     92.19%
  11  Capitella_teleta_wnt10                46.31%    passed     97.39%
  12  Capitella_teleta_wnt11                45.97%    passed     93.68%
  13  Capitella_teleta_wnt16                44.77%    passed     92.75%
  14  Capitella_teleta_wnt2                 42.54%    passed     71.34%
  15  Capitella_teleta_wnt4                 46.14%    passed     62.54%
  16  Capitella_teleta_wnt5                 49.74%    passed     96.69%
  17  Capitella_teleta_wnt6                 46.83%    passed     98.73%
  18  Capitella_teleta_wnt7                 44.77%    passed     41.80%
  19  Capitella_teleta_wnt8                 45.45%    passed     68.10%
  20  Capitella_teleta_wnt9                 47.51%    passed     77.37%
  21  Capitella_teleta_wntA                 54.03%    passed     63.00%
  22  Helobdella_robusta_wnt1               50.26%    passed     85.84%
  23  Helobdella_robusta_wnt10              39.11%    failed      0.02%
  24  Helobdella_robusta_wnt11a             45.28%    passed     26.38%
  25  Helobdella_robusta_wnt11b             45.11%    passed      8.19%
  26  Helobdella_robusta_wnt11c             24.01%    failed      0.00%
  27  Helobdella_robusta_wnt16a             43.05%    passed     35.27%
  28  Helobdella_robusta_wnt16b             47.00%    passed     10.35%
  29  Helobdella_robusta_wnt2               51.97%    passed     57.76%
  30  Helobdella_robusta_wnt4               46.66%    passed     79.60%
  31  Helobdella_robusta_wnt5a              48.03%    passed     70.06%
  32  Helobdella_robusta_wnt5b              45.28%    passed     50.56%
  33  Helobdella_robusta_wnt6               58.83%    passed     41.33%
  34  Helobdella_robusta_wnt7               46.14%    passed     35.88%
  35  Homo_sapiens_wnt1                     45.63%    failed      1.75%
  36  Homo_sapiens_wnt10a                   38.08%    failed      0.09%
  37  Homo_sapiens_wnt10b                   40.65%    failed      2.47%
  38  Homo_sapiens_wnt11                    46.14%    passed     46.56%
  39  Homo_sapiens_wnt16                    44.43%    passed     99.87%
  40  Homo_sapiens_wnt2a                    44.43%    passed     79.86%
  41  Homo_sapiens_wnt2b                    44.43%    failed      2.03%
  42  Homo_sapiens_wnt3                     45.97%    passed     59.62%
  43  Homo_sapiens_wnt3a                    45.97%    passed     46.92%
  44  Homo_sapiens_wnt4                     46.31%    passed     30.85%
  45  Homo_sapiens_wnt5a                    45.80%    passed     96.80%
  46  Homo_sapiens_wnt5b                    45.80%    passed     89.29%
  47  Homo_sapiens_wnt6                     43.57%    failed      0.00%
  48  Homo_sapiens_wnt7a                    45.80%    passed     73.09%
  49  Homo_sapiens_wnt7b                    45.80%    passed     69.37%
  50  Homo_sapiens_wnt8a                    42.54%    passed     31.93%
  51  Homo_sapiens_wnt8b                    42.54%    passed     13.58%
  52  Homo_sapiens_wnt9a                    46.48%    passed     37.24%
  53  Homo_sapiens_wnt9b                    47.17%    failed      1.30%
  54  Lottia_gigantea_wnt1                  44.94%    passed     82.58%
  55  Lottia_gigantea_wnt10                 46.48%    passed     77.31%
  56  Lottia_gigantea_wnt11                 46.48%    passed     20.28%
  57  Lottia_gigantea_wnt16                 47.00%    passed     70.41%
  58  Lottia_gigantea_wnt2                  41.34%    passed     86.90%
  59  Lottia_gigantea_wnt4                  45.97%    passed     84.81%
  60  Lottia_gigantea_wnt5                  45.63%    passed     86.99%
  61  Lottia_gigantea_wnt6                  46.83%    passed     58.25%
  62  Lottia_gigantea_wnt7                  45.45%    passed     40.97%
  63  Lottia_gigantea_wnt9                  46.48%    passed     65.21%
  64  Lottia_gigantea_wntA                  48.37%    passed     34.38%
  65  Nematostella_vectensis_wnt1           44.77%    passed     58.51%
  66  Nematostella_vectensis_wnt10          46.66%    passed     59.65%
  67  Nematostella_vectensis_wnt11          45.63%    passed     60.06%
  68  Nematostella_vectensis_wnt16          48.89%    passed     77.81%
  69  Nematostella_vectensis_wnt2           45.97%    passed     91.90%
  70  Nematostella_vectensis_wnt3           47.68%    passed     97.20%
  71  Nematostella_vectensis_wnt4           45.63%    passed     71.57%
  72  Nematostella_vectensis_wnt5           43.22%    passed     90.82%
  73  Nematostella_vectensis_wnt6           64.49%    passed     86.01%
  74  Nematostella_vectensis_wnt7           47.34%    passed     96.24%
  75  Nematostella_vectensis_wnt8           56.60%    passed     31.35%
  76  Nematostella_vectensis_wnt8b          43.91%    passed     87.06%
  77  Nematostella_vectensis_wntA           45.80%    passed     17.93%
  78  Strongylocentrotus_purpuratus_wnt10   44.77%    passed     64.72%
  79  Strongylocentrotus_purpuratus_wnt3    44.77%    passed     42.72%
  80  Strongylocentrotus_purpuratus_wnt5    45.80%    passed     92.31%
  81  Tribolium_castaneum_wnt1              37.91%    passed     23.43%
  82  Tribolium_castaneum_wnt10             42.88%    passed     16.45%
  83  Tribolium_castaneum_wnt11             48.03%    passed     25.02%
  84  Tribolium_castaneum_wnt5              45.80%    passed     99.48%
  85  Tribolium_castaneum_wnt6              45.45%    passed     38.74%
  86  Tribolium_castaneum_wnt7              43.91%    passed     86.47%
  87  Tribolium_castaneum_wnt8              44.77%    passed     47.13%
  88  Tribolium_castaneum_wnt9              54.20%    passed     57.45%
  89  Tribolium_castaneum_wntA              46.66%    passed     97.76%
  90  Xenopus_tropicalis_wnt16              42.54%    passed     58.67%
WARNING: 8 sequences contain more than 50% gaps/ambiguity
****  TOTAL                                 45.96%  8 sequences failed composition chi2 test (p-value<5%; df=19)
Checking for duplicate sequences: done in 0.0737839 secs using 1849% CPU


Create initial parsimony tree by phylogenetic likelihood library (PLL)... 0.077 seconds
Measuring multi-threading efficiency up to 56 CPU cores
Increase to 10 rounds for branch lengths
18 trees examined
Threads: 1 / Time: 57.962 sec / Speedup: 1.000 / Efficiency: 100% / LogL: -52126
Threads: 2 / Time: 34.760 sec / Speedup: 1.668 / Efficiency: 83% / LogL: -52126
Threads: 3 / Time: 25.860 sec / Speedup: 2.241 / Efficiency: 75% / LogL: -52126
Threads: 4 / Time: 24.627 sec / Speedup: 2.354 / Efficiency: 59% / LogL: -52126
Threads: 5 / Time: 28.430 sec / Speedup: 2.039 / Efficiency: 41% / LogL: -52126
Determining AUTO threadcount: done in 171.644 secs using 228.6% CPU
BEST NUMBER OF THREADS: 3

Perform fast likelihood tree search using LG+I+G model...
Estimate model parameters (epsilon = 5.000)
Perform nearest neighbor interchange...
Estimate model parameters (epsilon = 1.000)
1. Initial log-likelihood: -45569.325
Optimal log-likelihood: -45569.140
Proportion of invariable sites: 0.038
Gamma shape alpha: 1.091
Parameters optimization took 1 rounds (0.542 sec)
Time for fast ML tree search: 6.283 seconds

NOTE: ModelFinder requires 73 MB RAM!
ModelFinder will test up to 1232 protein models (sample size: 583 epsilon: 0.100) ...
 No. Model         -LnL         df  AIC          AICc         BIC
  1  LG            48377.947    177 97109.895    97265.480    97883.064
  2  LG+I          47723.513    178 95803.026    95960.759    96580.563
  3  LG+G4         45626.127    178 91608.255    91765.988    92385.792
  4  LG+I+G4       45569.130    179 91496.261    91656.161    92278.166
  5  LG+R2         46142.149    179 92642.298    92802.199    93424.204
  6  LG+R3         45607.450    181 91576.900    91741.200    92367.542
  7  LG+R4         45501.384    183 91368.768    91537.550    92168.147
  8  LG+R5         45454.293    185 91278.585    91451.935    92086.700
  9  LG+R6         45442.097    187 91258.194    91436.199    92075.045
 10  LG+R7         45438.152    189 91254.303    91437.051    92079.891
 14  LG+I+R2       45947.363    180 92254.726    92416.816    93041.000
 15  LG+I+R3       45571.379    182 91506.759    91673.289    92301.769
 16  LG+I+R4       45473.307    184 91314.613    91485.668    92118.360
 17  LG+I+R5       45458.566    186 91289.132    91464.799    92101.615
 18  LG+I+R6       45440.619    188 91257.239    91437.604    92078.458
 19  LG+I+R7       45436.326    190 91252.652    91437.805    92082.608
 31  LG+F+R6       46083.566    206 92579.132    92805.951    93478.979
 32  LG+F+R7       46073.452    208 92562.903    92795.374    93471.486
 40  LG+F+I+R6     46082.124    207 92578.248    92807.880    93482.463
 41  LG+F+I+R7     46071.985    209 92561.969    92797.304    93474.920
 53  WAG+R6        45611.455    187 91596.910    91774.915    92413.761
 54  WAG+R7        45605.171    189 91588.342    91771.090    92413.929
 62  WAG+I+R6      45610.842    188 91597.685    91778.050    92418.904
 63  WAG+I+R7      45604.838    190 91589.677    91774.830    92419.632
 75  WAG+F+R6      45814.975    206 92041.949    92268.769    92941.796
 76  WAG+F+R7      45809.010    208 92034.020    92266.490    92942.602
 84  WAG+F+I+R6    45819.205    207 92052.411    92282.043    92956.626
 85  WAG+F+I+R7    45808.758    209 92035.516    92270.851    92948.467
 97  JTT+R6        45709.527    187 91793.054    91971.059    92609.905
 98  JTT+R7        45705.183    189 91788.367    91971.115    92613.954
106  JTT+I+R6      45713.270    188 91802.540    91982.906    92623.760
107  JTT+I+R7      45704.565    190 91789.130    91974.283    92619.086
119  JTT+F+R6      46098.424    206 92608.848    92835.667    93508.695
120  JTT+F+R7      46094.064    208 92604.128    92836.599    93512.711
128  JTT+F+I+R6    46103.902    207 92621.803    92851.435    93526.018
129  JTT+F+I+R7    46093.416    209 92604.832    92840.167    93517.783
141  Q.PFAM+R6     45491.177    187 91356.353    91534.359    92173.204
142  Q.PFAM+R7     45487.879    189 91353.758    91536.506    92179.346
150  Q.PFAM+I+R6   45487.874    188 91351.748    91532.113    92172.967
151  Q.PFAM+I+R7   45485.007    190 91350.014    91535.168    92179.970
163  Q.PFAM+F+R6   46151.065    206 92714.129    92940.948    93613.976
164  Q.PFAM+F+R7   46146.339    208 92708.678    92941.149    93617.261
172  Q.PFAM+F+I+R6 46148.437    207 92710.873    92940.505    93615.088
173  Q.PFAM+F+I+R7 46143.957    209 92705.914    92941.249    93618.865
185  Q.BIRD+R6     46410.040    187 93194.079    93372.084    94010.930
186  Q.BIRD+R7     46404.555    189 93187.110    93369.858    94012.697
194  Q.BIRD+I+R6   46407.797    188 93191.593    93371.959    94012.813
195  Q.BIRD+I+R7   46402.345    190 93184.690    93369.843    94014.646
207  Q.BIRD+F+R6   47019.040    206 94450.080    94676.899    95349.927
208  Q.BIRD+F+R7   47011.851    208 94439.702    94672.172    95348.285
216  Q.BIRD+F+I+R6 47016.728    207 94447.457    94677.089    95351.671
217  Q.BIRD+F+I+R7 47009.584    209 94437.167    94672.502    95350.118
229  Q.MAMMAL+R6   46103.912    187 92581.824    92759.829    93398.675
230  Q.MAMMAL+R7   46100.282    189 92578.563    92761.311    93404.151
238  Q.MAMMAL+I+R6 46101.221    188 92578.442    92758.808    93399.662
239  Q.MAMMAL+I+R7 46097.636    190 92575.272    92760.425    93405.228
251  Q.MAMMAL+F+R6 46674.664    206 93761.327    93988.146    94661.174
252  Q.MAMMAL+F+R7 46669.200    208 93754.399    93986.870    94662.982
260  Q.MAMMAL+F+I+R6 46672.044    207 93758.088    93987.720    94662.303
261  Q.MAMMAL+F+I+R7 46666.665    209 93751.330    93986.665    94664.281
273  Q.INSECT+R6   45493.617    187 91361.234    91539.239    92178.085
274  Q.INSECT+R7   45489.762    189 91357.523    91540.272    92183.111
282  Q.INSECT+I+R6 45489.875    188 91355.750    91536.115    92176.969
283  Q.INSECT+I+R7 45486.263    190 91352.526    91537.679    92182.482
295  Q.INSECT+F+R6 46223.754    206 92859.507    93086.326    93759.354
296  Q.INSECT+F+R7 46214.624    208 92845.248    93077.719    93753.831
304  Q.INSECT+F+I+R6 46220.564    207 92855.129    93084.761    93759.344
305  Q.INSECT+F+I+R7 46211.943    209 92841.887    93077.222    93754.838
317  Q.PLANT+R6    45750.436    187 91874.871    92052.876    92691.722
318  Q.PLANT+R7    45747.509    189 91873.018    92055.766    92698.605
326  Q.PLANT+I+R6  45746.075    188 91868.150    92048.516    92689.369
327  Q.PLANT+I+R7  45743.157    190 91866.314    92051.467    92696.270
339  Q.PLANT+F+R6  46588.619    206 93589.237    93816.056    94489.084
340  Q.PLANT+F+R7  46580.340    208 93576.680    93809.151    94485.263
348  Q.PLANT+F+I+R6 46584.672    207 93583.343    93812.975    94487.558
349  Q.PLANT+F+I+R7 46577.452    209 93572.905    93808.240    94485.856
361  Q.YEAST+R6    45589.239    187 91552.478    91730.483    92369.329
362  Q.YEAST+R7    45584.254    189 91546.508    91729.256    92372.096
370  Q.YEAST+I+R6  45585.166    188 91546.332    91726.698    92367.551
371  Q.YEAST+I+R7  45580.266    190 91540.532    91725.685    92370.488
383  Q.YEAST+F+R6  46320.969    206 93053.939    93280.758    93953.786
384  Q.YEAST+F+R7  46311.998    208 93039.995    93272.466    93948.578
392  Q.YEAST+F+I+R6 46317.566    207 93049.131    93278.763    93953.346
393  Q.YEAST+F+I+R7 46308.905    209 93035.811    93271.146    93948.762
405  JTTDCMUT+R6   45702.933    187 91779.866    91957.871    92596.717
406  JTTDCMUT+R7   45694.564    189 91767.127    91949.875    92592.714
414  JTTDCMUT+I+R6 45702.403    188 91780.807    91961.172    92602.026
415  JTTDCMUT+I+R7 45694.033    190 91768.066    91953.219    92598.021
427  JTTDCMUT+F+R6 46069.654    206 92551.308    92778.127    93451.155
428  JTTDCMUT+F+R7 46059.867    208 92535.733    92768.204    93444.316
436  JTTDCMUT+F+I+R6 46068.994    207 92551.988    92781.620    93456.203
437  JTTDCMUT+F+I+R7 46059.303    209 92536.607    92771.942    93449.558
449  DCMUT+R6      46139.436    187 92652.872    92830.877    93469.723
450  DCMUT+R7      46138.684    189 92655.368    92838.116    93480.956
458  DCMUT+I+R6    46139.303    188 92654.606    92834.972    93475.825
459  DCMUT+I+R7    46138.510    190 92657.020    92842.173    93486.975
471  DCMUT+F+R6    46011.079    206 92434.158    92660.977    93334.004
472  DCMUT+F+R7    46009.174    208 92434.348    92666.819    93342.931
480  DCMUT+F+I+R6  46011.049    207 92436.098    92665.730    93340.313
481  DCMUT+F+I+R7  46009.060    209 92436.119    92671.455    93349.071
493  VT+R6         45640.096    187 91654.193    91832.198    92471.044
494  VT+R7         45636.611    189 91651.221    91833.969    92476.809
502  VT+I+R6       45638.836    188 91653.672    91834.038    92474.891
503  VT+I+R7       45635.382    190 91650.765    91835.918    92480.720
515  VT+F+R6       46072.010    206 92556.021    92782.840    93455.868
516  VT+F+R7       46067.780    208 92551.561    92784.031    93460.144
524  VT+F+I+R6     46070.994    207 92555.988    92785.620    93460.203
525  VT+F+I+R7     46066.772    209 92551.545    92786.880    93464.496
537  PMB+R6        45877.457    187 92128.914    92306.919    92945.765
538  PMB+R7        45874.974    189 92127.947    92310.695    92953.535
546  PMB+I+R6      45876.832    188 92129.663    92310.029    92950.882
547  PMB+I+R7      45874.342    190 92128.684    92313.837    92958.640
559  PMB+F+R6      46057.827    206 92527.654    92754.473    93427.501
560  PMB+F+R7      46054.428    208 92524.857    92757.327    93433.439
568  PMB+F+I+R6    46057.411    207 92528.821    92758.453    93433.036
569  PMB+F+I+R7    46054.010    209 92526.019    92761.354    93438.970
581  BLOSUM62+R6   45819.147    187 92012.295    92190.300    92829.146
582  BLOSUM62+R7   45815.357    189 92008.714    92191.462    92834.301
590  BLOSUM62+I+R6 45818.641    188 92013.282    92193.648    92834.501
591  BLOSUM62+I+R7 45814.843    190 92009.687    92194.840    92839.642
603  BLOSUM62+F+R6 46071.228    206 92554.456    92781.275    93454.302
604  BLOSUM62+F+R7 46067.261    208 92550.521    92782.992    93459.104
612  BLOSUM62+F+I+R6 46070.943    207 92555.887    92785.519    93460.102
613  BLOSUM62+F+I+R7 46066.978    209 92551.957    92787.292    93464.908
625  DAYHOFF+R6    46138.712    187 92651.424    92829.429    93468.275
626  DAYHOFF+R7    46136.997    189 92651.994    92834.742    93477.582
634  DAYHOFF+I+R6  46138.755    188 92653.509    92833.875    93474.729
635  DAYHOFF+I+R7  46136.787    190 92653.573    92838.726    93483.529
647  DAYHOFF+F+R6  46011.400    206 92434.801    92661.620    93334.647
648  DAYHOFF+F+R7  46009.418    208 92434.836    92667.307    93343.419
656  DAYHOFF+F+I+R6 46011.618    207 92437.236    92666.868    93341.451
657  DAYHOFF+F+I+R7 46009.322    209 92436.644    92671.979    93349.595
669  MTREV+R6      48453.457    187 97280.914    97458.919    98097.765
670  MTREV+R7      48445.232    189 97268.465    97451.213    98094.052
678  MTREV+I+R6    48453.964    188 97283.928    97464.294    98105.147
679  MTREV+I+R7    48443.117    190 97266.234    97451.387    98096.190
691  MTREV+F+R6    46870.789    206 94153.579    94380.398    95053.425
692  MTREV+F+R7    46864.349    208 94144.697    94377.168    95053.280
700  MTREV+F+I+R6  46868.313    207 94150.626    94380.258    95054.841
701  MTREV+F+I+R7  46862.079    209 94142.158    94377.493    95055.109
713  MTART+R6      49119.795    187 98613.590    98791.595    99430.441
714  MTART+R7      49105.242    189 98588.483    98771.231    99414.071
722  MTART+I+R6    49097.043    188 98570.085    98750.451    99391.305
723  MTART+I+R7    49082.507    190 98545.014    98730.167    99374.970
735  MTART+F+R6    47577.314    206 95566.629    95793.448    96466.475
736  MTART+F+R7    47550.768    208 95517.536    95750.007    96426.119
744  MTART+F+I+R6  47574.989    207 95563.978    95793.610    96468.193
745  MTART+F+I+R7  47549.726    209 95517.451    95752.787    96430.403
757  MTZOA+R6      47832.568    187 96039.136    96217.141    96855.987
758  MTZOA+R7      47807.552    189 95993.105    96175.853    96818.692
766  MTZOA+I+R6    47819.934    188 96015.868    96196.233    96837.087
767  MTZOA+I+R7    47805.414    190 95990.827    96175.980    96820.783
779  MTZOA+F+R6    47097.647    206 94607.294    94834.113    95507.141
780  MTZOA+F+R7    47078.593    208 94573.187    94805.658    95481.770
788  MTZOA+F+I+R6  47096.009    207 94606.017    94835.649    95510.232
789  MTZOA+F+I+R7  47077.013    209 94572.026    94807.361    95484.977
801  MTMET+R6      48387.802    187 97149.604    97327.609    97966.455
802  MTMET+R7      48377.346    189 97132.692    97315.440    97958.280
810  MTMET+I+R6    48383.737    188 97143.475    97323.840    97964.694
811  MTMET+I+R7    48375.436    190 97130.872    97316.025    97960.828
823  MTMET+F+R6    47084.161    206 94580.323    94807.142    95480.169
824  MTMET+F+R7    47070.919    208 94557.837    94790.308    95466.420
832  MTMET+F+I+R6  47081.936    207 94577.872    94807.504    95482.086
833  MTMET+F+I+R7  47069.095    209 94556.189    94791.524    95469.140
845  MTVER+R6      48809.511    187 97993.022    98171.027    98809.873
846  MTVER+R7      48800.721    189 97979.441    98162.189    98805.029
854  MTVER+I+R6    48806.738    188 97989.475    98169.841    98810.694
855  MTVER+I+R7    48799.182    190 97978.364    98163.517    98808.320
867  MTVER+F+R6    47698.391    206 95808.781    96035.600    96708.628
868  MTVER+F+R7    47677.103    208 95770.206    96002.677    96678.789
876  MTVER+F+I+R6  47693.235    207 95800.471    96030.103    96704.685
877  MTVER+F+I+R7  47674.672    209 95767.345    96002.680    96680.296
889  MTINV+R6      48631.754    187 97637.509    97815.514    98454.360
890  MTINV+R7      48616.887    189 97611.773    97794.521    98437.361
898  MTINV+I+R6    48628.894    188 97633.788    97814.154    98455.007
899  MTINV+I+R7    48614.114    190 97608.229    97793.382    98438.184
911  MTINV+F+R6    46826.007    206 94064.014    94290.834    94963.861
912  MTINV+F+R7    46815.851    208 94047.702    94280.173    94956.285
920  MTINV+F+I+R6  46831.147    207 94076.293    94305.925    94980.508
921  MTINV+F+I+R7  46814.054    209 94046.108    94281.443    94959.059
933  MTMAM+R6      49243.459    187 98860.918    99038.923    99677.769
934  MTMAM+R7      49226.705    189 98831.411    99014.159    99656.998
942  MTMAM+I+R6    49238.627    188 98853.254    99033.619    99674.473
943  MTMAM+I+R7    49222.027    190 98824.054    99009.207    99654.010
955  MTMAM+F+R6    47667.993    206 95747.985    95974.804    96647.832
956  MTMAM+F+R7    47650.607    208 95717.214    95949.685    96625.797
964  MTMAM+F+I+R6  47669.916    207 95753.832    95983.464    96658.047
965  MTMAM+F+I+R7  47647.439    209 95712.878    95948.213    96625.829
977  FLAVI+R6      46951.565    187 94277.130    94455.135    95093.981
978  FLAVI+R7      46935.901    189 94249.802    94432.550    95075.390
986  FLAVI+I+R6    46959.566    188 94295.132    94475.498    95116.351
987  FLAVI+I+R7    46935.917    190 94251.835    94436.988    95081.790
999  FLAVI+F+R6    47209.426    206 94830.852    95057.671    95730.698
1000  FLAVI+F+R7    47192.166    208 94800.332    95032.803    95708.915
1008  FLAVI+F+I+R6  47201.092    207 94816.184    95045.816    95720.398
1009  FLAVI+F+I+R7  47192.090    209 94802.179    95037.515    95715.131
1021  HIVB+R6       46403.576    187 93181.153    93359.158    93998.004
1022  HIVB+R7       46395.687    189 93169.374    93352.122    93994.962
1030  HIVB+I+R6     46406.897    188 93189.794    93370.159    94011.013
1031  HIVB+I+R7     46395.067    190 93170.133    93355.286    94000.089
1043  HIVB+F+R6     46788.717    206 93989.434    94216.254    94889.281
1044  HIVB+F+R7     46779.558    208 93975.116    94207.586    94883.699
1052  HIVB+F+I+R6   46782.818    207 93979.636    94209.268    94883.851
1053  HIVB+F+I+R7   46778.710    209 93975.419    94210.755    94888.371
1065  HIVW+R6       47939.392    187 96252.785    96430.790    97069.636
1066  HIVW+R7       47924.611    189 96227.223    96409.971    97052.810
1074  HIVW+I+R6     47947.278    188 96270.557    96450.922    97091.776
1075  HIVW+I+R7     47924.811    190 96229.621    96414.774    97059.577
1087  HIVW+F+R6     47359.787    206 95131.574    95358.394    96031.421
1088  HIVW+F+R7     47344.333    208 95104.666    95337.137    96013.249
1096  HIVW+F+I+R6   47356.307    207 95126.614    95356.246    96030.829
1097  HIVW+F+I+R7   47344.115    209 95106.230    95341.565    96019.181
1109  FLU+R6        45946.664    187 92267.328    92445.333    93084.179
1110  FLU+R7        45932.940    189 92243.880    92426.628    93069.467
1118  FLU+I+R6      45944.494    188 92264.988    92445.354    93086.207
1119  FLU+I+R7      45932.923    190 92245.845    92430.998    93075.801
1131  FLU+F+R6      45795.693    206 92003.386    92230.205    92903.233
1132  FLU+F+R7      45788.218    208 91992.436    92224.907    92901.019
1140  FLU+F+I+R6    45796.763    207 92007.525    92237.157    92911.740
1141  FLU+F+I+R7    45788.186    209 91994.372    92229.708    92907.324
1153  RTREV+R6      45863.192    187 92100.383    92278.388    92917.234
1154  RTREV+R7      45858.662    189 92095.324    92278.072    92920.911
1162  RTREV+I+R6    45860.662    188 92097.323    92277.689    92918.543
1163  RTREV+I+R7    45856.246    190 92092.492    92277.645    92922.447
1175  RTREV+F+R6    46296.338    206 93004.675    93231.494    93904.522
1176  RTREV+F+R7    46290.541    208 92997.082    93229.552    93905.665
1184  RTREV+F+I+R6  46294.042    207 93002.083    93231.715    93906.298
1185  RTREV+F+I+R7  46288.413    209 92994.825    93230.160    93907.776
1197  CPREV+R6      45805.992    187 91985.983    92163.988    92802.834
1198  CPREV+R7      45797.202    189 91972.404    92155.152    92797.991
1206  CPREV+I+R6    45804.253    188 91984.505    92164.871    92805.725
1207  CPREV+I+R7    45795.554    190 91971.109    92156.262    92801.064
1219  CPREV+F+R6    46510.593    206 93433.187    93660.006    94333.033
1220  CPREV+F+R7    46501.691    208 93419.383    93651.853    94327.966
1228  CPREV+F+I+R6  46516.083    207 93446.166    93675.798    94350.381
1229  CPREV+F+I+R7  46500.672    209 93419.343    93654.678    94332.294
Akaike Information Criterion:           LG+I+R7
Corrected Akaike Information Criterion: LG+R6
Bayesian Information Criterion:         LG+R6
Best-fit model: LG+R6 chosen according to BIC

All model information printed to training_data/prot_M4780_90_583.phy/output_files/iqtree/inference/pars_16.model.gz
CPU time for ModelFinder: 10842.496 seconds (3h:0m:42s)
Wall-clock time for ModelFinder: 4027.996 seconds (1h:7m:7s)

NOTE: 44 MB RAM (0 GB) is required!
Estimate model parameters (epsilon = 0.010)
1. Initial log-likelihood: -45459.906
2. Current log-likelihood: -45444.097
3. Current log-likelihood: -45442.979
4. Current log-likelihood: -45442.519
5. Current log-likelihood: -45442.293
6. Current log-likelihood: -45442.190
7. Current log-likelihood: -45442.140
8. Current log-likelihood: -45442.112
9. Current log-likelihood: -45442.097
Optimal log-likelihood: -45442.089
Site proportion and rates:  (0.078,0.015) (0.071,0.119) (0.132,0.367) (0.151,0.675) (0.251,1.119) (0.317,1.763)
Parameters optimization took 9 rounds (28.901 sec)
Wrote distance file to... 
BEST SCORE FOUND : -45442.089
Total tree length: 74.775

Total number of iterations: 0
CPU time used for tree search: 0.000 sec (0h:0m:0s)
Wall-clock time used for tree search: 0.000 sec (0h:0m:0s)
Total CPU time used: 10919.807 sec (3h:1m:59s)
Total wall-clock time used: 4057.073 sec (1h:7m:37s)

Analysis results written to: 
  IQ-TREE report:                training_data/prot_M4780_90_583.phy/output_files/iqtree/inference/pars_16.iqtree
  Maximum-likelihood tree:       training_data/prot_M4780_90_583.phy/output_files/iqtree/inference/pars_16.treefile
  Screen log file:               training_data/prot_M4780_90_583.phy/output_files/iqtree/inference/pars_16.log

Date and Time: Thu Oct 16 15:26:58 2025
e/inference/pars_16.log

Date and Time: Thu Oct 16 15:26:58 2025
