
RAxML-NG v. 1.1.0-master released on 04.08.2022 by The Exelixis Lab.
Developed by: Alexey M. Kozlov and Alexandros Stamatakis.
Contributors: Diego Darriba, Tomas Flouri, Benoit Morel, Sarah Lutteropp, Ben Bettisworth.
Latest version: https://github.com/amkozlov/raxml-ng
Questions/problems/suggestions? Please visit: https://groups.google.com/forum/#!forum/raxml

System: 11th Gen Intel(R) Core(TM) i7-1185G7 @ 3.00GHz, 4 cores, 31 GB RAM

RAxML-NG was called at 19-Sep-2025 00:36:23 as follows:

/usr/local/bin/raxml-ng --start --msa /home/vanvan/Downloads/data_treebase/DIU_TRAINING_DATA/data1/prot_M2358_55_714.phy --tree pars{1} --prefix training_data/prot_M2358_55_714.phy/output_files/parsimony/seed_26 --model LG+G --seed 26

Analysis options:
  run mode: Starting tree generation
  start tree(s): parsimony (1)
  random seed: 26
  SIMD kernels: AVX2
  parallelization: coarse-grained (auto), PTHREADS (auto)

[00:00:00] Reading alignment from file: /home/vanvan/Downloads/data_treebase/DIU_TRAINING_DATA/data1/prot_M2358_55_714.phy
[00:00:00] Loaded alignment with 55 taxa and 714 sites

Alignment comprises 1 partitions and 560 patterns

Partition 0: noname
Model: LG+G4m
Alignment sites / patterns: 714 / 560
Gaps: 20.72 %
Invariant sites: 32.49 %


NOTE: Binary MSA file created: training_data/prot_M2358_55_714.phy/output_files/parsimony/seed_26.raxml.rba

[00:00:00] Generating 1 parsimony starting tree(s) with 55 taxa
Parsimony score: 2389

All starting trees saved to: /home/vanvan/difficulty-prediction-training-data/training_data/prot_M2358_55_714.phy/output_files/parsimony/seed_26.raxml.startTree


Execution log saved to: /home/vanvan/difficulty-prediction-training-data/training_data/prot_M2358_55_714.phy/output_files/parsimony/seed_26.raxml.log

Analysis started: 19-Sep-2025 00:36:23 / finished: 19-Sep-2025 00:36:23

Elapsed time: 0.010 seconds

