IQ-TREE version 3.0.1 for Linux x86 64-bit built Sep 12 2025
Developed by Bui Quang Minh, Thomas Wong, Nhan Ly-Trong, Huaiyan Ren
Contributed by Lam-Tung Nguyen, Dominik Schrempf, Chris Bielow,
Olga Chernomor, Michael Woodhams, Diep Thi Hoang, Heiko Schmidt

Host:    suny-Precision-5530 (AVX2, FMA3, 15 GB RAM)
Command: /usr/local/bin/iqtree3 -s /home/suny/Downloads/VAN_TRAINING_DATA/data2/dna_M4326_227_4055.phy -pre results/dna_M4326_227_4055.phy/output_files/iqtree/inference/pars_5 -seed 5 -ninit 1 -T 1 -redo -n 0
Seed:    5 (Using SPRNG - Scalable Parallel Random Number Generator)
Time:    Mon Sep 22 08:44:08 2025
Kernel:  AVX+FMA - 1 threads (12 CPU cores detected)

HINT: Use -nt option to specify number of threads because your CPU has 12 cores!
HINT: -nt AUTO will automatically determine the best number of threads to use.

Reading alignment file /home/suny/Downloads/VAN_TRAINING_DATA/data2/dna_M4326_227_4055.phy ... Phylip format detected
Alignment most likely contains DNA/RNA sequences
Constructing alignment: done in 0.0149113 secs using 79.76% CPU
Alignment has 227 sequences with 4055 columns, 1822 distinct patterns
1141 parsimony-informative, 222 singleton sites, 2692 constant sites
                                   Gap/Ambiguity  Composition  p-value
Analyzing sequences: done in 0.0019712 secs using 95.37% CPU
   1  Crocidura_attenuata_ROM114916       14.57%    passed     68.24%
   2  Crocidura_attenuata_ROM116033        5.08%    passed     63.21%
   3  Crocidura_batakorum_KU165320         3.92%    passed     55.80%
   4  Crocidura_batakorum_KU165412         3.82%    passed     70.39%
   5  Crocidura_batakorum_KU165413        14.18%    passed     38.27%
   6  Crocidura_batakorum_KU165415         1.90%    passed     69.18%
   7  Crocidura_batakorum_KU165417        14.97%    passed     27.88%
   8  Crocidura_batakorum_KU165418         2.86%    passed     61.96%
   9  Crocidura_batakorum_KU165419         1.23%    passed     77.15%
  10  Crocidura_batakorum_KU165420         1.21%    passed     74.39%
  11  Crocidura_batakorum_KU165421         1.23%    passed     76.11%
  12  Crocidura_batakorum_KU165422         1.21%    passed     75.38%
  13  Crocidura_beatus_CMC1254             4.49%    passed     86.28%
  14  Crocidura_beatus_CMC1269             8.71%    passed     54.31%
  15  Crocidura_beatus_CMC1281            19.19%    passed     46.81%
  16  Crocidura_beatus_CMC1288            12.60%    passed     92.23%
  17  Crocidura_beatus_CMC1311            14.62%    passed     77.58%
  18  Crocidura_beatus_CMC1402            14.30%    passed     56.11%
  19  Crocidura_beatus_CMC1437             2.37%    passed     88.58%
  20  Crocidura_beatus_CMC1719             3.35%    passed     88.35%
  21  Crocidura_beatus_FMNH146965          3.80%    passed     94.91%
  22  Crocidura_beatus_FMNH146966          3.40%    passed     96.35%
  23  Crocidura_beatus_FMNH147819         14.55%    passed     51.15%
  24  Crocidura_beatus_FMNH166459          3.67%    passed     96.79%
  25  Crocidura_beatus_FMNH186804          3.11%    passed     80.74%
  26  Crocidura_beatus_FMNH190154         14.57%    passed     74.05%
  27  Crocidura_beatus_FMNH191345          3.35%    passed     76.81%
  28  Crocidura_beatus_KU165703            0.91%    passed     72.11%
  29  Crocidura_beatus_KU165704           12.73%    passed     71.94%
  30  Crocidura_beatus_KU165705            1.38%    passed     78.09%
  31  Crocidura_beatus_KU165706            0.99%    passed     70.16%
  32  Crocidura_beatus_KU165707            2.39%    passed     85.28%
  33  Crocidura_beatus_KU165708           12.58%    passed     70.52%
  34  Crocidura_beatus_KU165710           12.63%    passed     73.85%
  35  Crocidura_beatus_KU165711           12.58%    passed     68.73%
  36  Crocidura_beatus_KU165712            0.91%    passed     69.31%
  37  Crocidura_beatus_KU165713           12.55%    passed     71.66%
  38  Crocidura_beatus_KU165714            0.91%    passed     68.61%
  39  Crocidura_beatus_KU165715            0.79%    passed     71.23%
  40  Crocidura_beatus_KU165716            0.79%    passed     71.23%
  41  Crocidura_beatus_KU165717            1.06%    passed     75.91%
  42  Crocidura_beatus_KU165718            1.04%    passed     69.57%
  43  Crocidura_beatus_KU165720           15.51%    passed     61.79%
  44  Crocidura_beatus_KU165742            9.25%    passed     97.36%
  45  Crocidura_beatus_KU165744            7.42%    passed     76.26%
  46  Crocidura_beatus_KU165745           17.53%    passed     60.98%
  47  Crocidura_beatus_KU165746           15.78%    passed     89.86%
  48  Crocidura_beatus_KU165748           15.14%    passed     92.14%
  49  Crocidura_beatus_KU165749           15.93%    passed     87.09%
  50  Crocidura_beatus_KU165750            7.69%    passed     94.74%
  51  Crocidura_beatus_KU165751            1.33%    passed     64.79%
  52  Crocidura_beatus_KU165752            2.29%    passed     82.43%
  53  Crocidura_beatus_KU165753           19.78%    passed     58.70%
  54  Crocidura_beatus_KU165754           15.93%    passed     83.52%
  55  Crocidura_beatus_KU165756            2.34%    passed     69.86%
  56  Crocidura_beatus_KU165757           13.88%    passed     77.28%
  57  Crocidura_beatus_KU165758           12.55%    passed     79.76%
  58  Crocidura_beatus_KU165759           15.88%    passed     52.59%
  59  Crocidura_beatus_KU165760           17.41%    passed     61.21%
  60  Crocidura_beatus_KU165761           16.03%    passed     90.70%
  61  Crocidura_beatus_KU165762           14.62%    passed     57.91%
  62  Crocidura_beatus_KU165763           14.70%    passed     61.11%
  63  Crocidura_beatus_KU165766           14.57%    passed     66.18%
  64  Crocidura_beatus_KU165767            0.84%    passed     61.61%
  65  Crocidura_beatus_KU165768           12.60%    passed     80.28%
  66  Crocidura_beatus_KU165775            5.35%    passed     93.08%
  67  Crocidura_beatus_MSU                 2.05%    passed     69.51%
  68  Crocidura_brunnea_ROM101935          4.22%    passed     90.56%
  69  Crocidura_cf_tanakae_MVZ185237      43.75%    failed      0.66%
  70  Crocidura_cf_tanakae_ROM107661       3.26%    passed     75.31%
  71  Crocidura_cf_tanakae_ROM111293       6.46%    passed     85.16%
  72  Crocidura_cf_tanakae_ROM111317       3.11%    passed     60.96%
  73  Crocidura_cf_tanakae_ROM114960       5.80%    passed     85.03%
  74  Crocidura_cf_tanakae_ROM115004      29.96%    failed      0.24%
  75  Crocidura_cf_tanakae_ROM115005      15.88%    passed     66.98%
  76  Crocidura_cf_tanakae_ROM115021      15.12%    passed     64.09%
  77  Crocidura_cf_tanakae_ROM116114      30.83%    failed      0.20%
  78  Crocidura_cf_tanakae_ROM116366       2.07%    passed     69.80%
  79  Crocidura_cf_tanakae_ROM116426      20.22%    passed     61.59%
  80  Crocidura_cf_tanakae_ROM116432       3.87%    passed     75.26%
  81  Crocidura_cf_tanakae_ROM116443      14.72%    passed     70.18%
  82  Crocidura_foetida_USNM590298        14.03%    passed     54.58%
  83  Crocidura_foetida_USNM590299         8.21%    passed     98.09%
  84  Crocidura_foetida_USNM590458        16.62%    passed     57.10%
  85  Crocidura_fuliginosa_IZEA3553       27.79%    passed     55.47%
  86  Crocidura_fuliginosa_IZEA3753       17.56%    passed     58.96%
  87  Crocidura_grayi_CMC339               3.06%    passed     80.98%
  88  Crocidura_grayi_FMNH167217          14.92%    passed     83.52%
  89  Crocidura_grayi_FMNH167218          13.05%    passed     95.37%
  90  Crocidura_grayi_FMNH167219           0.89%    passed     35.96%
  91  Crocidura_grayi_FMNH167220          14.33%    passed     86.13%
  92  Crocidura_grayi_FMNH167221           2.79%    passed     56.27%
  93  Crocidura_grayi_FMNH175371           2.69%    passed     58.14%
  94  Crocidura_grayi_FMNH175372           1.97%    passed     69.20%
  95  Crocidura_grayi_FMNH175373           4.00%    passed     84.89%
  96  Crocidura_grayi_FMNH175376          14.45%    passed     88.83%
  97  Crocidura_grayi_FMNH175377           2.74%    passed     78.87%
  98  Crocidura_grayi_FMNH175378          14.38%    passed     88.54%
  99  Crocidura_grayi_FMNH183449           0.81%    passed     70.27%
 100  Crocidura_grayi_FMNH183450           3.18%    passed     91.88%
 101  Crocidura_grayi_FMNH183451          13.00%    passed     83.92%
 102  Crocidura_grayi_FMNH183452           2.59%    passed     89.30%
 103  Crocidura_grayi_FMNH183453           2.27%    passed     83.46%
 104  Crocidura_grayi_FMNH183457           0.76%    passed     71.57%
 105  Crocidura_grayi_FMNH183466          12.53%    passed     82.26%
 106  Crocidura_grayi_FMNH183467           2.19%    passed     81.75%
 107  Crocidura_grayi_FMNH183468          12.60%    passed     84.34%
 108  Crocidura_grayi_FMNH183469          12.58%    passed     84.43%
 109  Crocidura_grayi_FMNH185796           0.84%    passed     60.41%
 110  Crocidura_grayi_FMNH185797           3.63%    passed     80.67%
 111  Crocidura_grayi_FMNH186718           1.04%    passed     62.58%
 112  Crocidura_grayi_FMNH186719           2.86%    passed     69.45%
 113  Crocidura_grayi_FMNH188223          13.39%    passed     78.32%
 114  Crocidura_grayi_FMNH188224          13.39%    passed     79.52%
 115  Crocidura_grayi_FMNH188225          29.05%    failed      0.26%
 116  Crocidura_grayi_FMNH188226           3.35%    passed     88.43%
 117  Crocidura_grayi_FMNH188227          12.65%    passed     77.72%
 118  Crocidura_grayi_FMNH190702          15.39%    passed     67.32%
 119  Crocidura_grayi_FMNH190703          13.61%    passed     84.02%
 120  Crocidura_grayi_FMNH190704           1.11%    passed     67.44%
 121  Crocidura_grayi_FMNH190705          15.54%    passed     69.79%
 122  Crocidura_grayi_FMNH193407          28.66%    passed      8.93%
 123  Crocidura_grayi_FMNH193408           3.03%    passed     77.87%
 124  Crocidura_grayi_FMNH193420          15.54%    passed     67.48%
 125  Crocidura_grayi_FMNH193424          14.87%    passed     79.00%
 126  Crocidura_grayi_FMNH193425          15.81%    passed     79.50%
 127  Crocidura_grayi_FMNH193429          13.64%    passed     91.91%
 128  Crocidura_grayi_FMNH193430           4.00%    passed     76.03%
 129  Crocidura_grayi_FMNH193431          15.41%    passed     77.69%
 130  Crocidura_grayi_FMNH193432          15.46%    passed     83.63%
 131  Crocidura_grayi_FMNH193433          14.87%    passed     87.93%
 132  Crocidura_grayi_FMNH193445           3.85%    passed     60.52%
 133  Crocidura_grayi_FMNH193446           1.87%    passed     65.26%
 134  Crocidura_grayi_FMNH193447           1.85%    passed     67.98%
 135  Crocidura_grayi_FMNH193850           1.87%    passed     65.78%
 136  Crocidura_grayi_FMNH194718          16.13%    passed     79.64%
 137  Crocidura_grayi_FMNH194719           2.12%    passed     76.16%
 138  Crocidura_grayi_FMNH194720          16.99%    passed     57.95%
 139  Crocidura_grayi_KU164020            13.22%    passed     88.88%
 140  Crocidura_grayi_KU164021             1.90%    passed     60.69%
 141  Crocidura_grayi_USNM573364           2.96%    passed     71.97%
 142  Crocidura_grayi_USNM573367           2.27%    passed     71.09%
 143  Crocidura_grayi_USNM573371          15.83%    passed     78.09%
 144  Crocidura_grayi_USNM573601          13.64%    passed     92.17%
 145  Crocidura_grayi_USNM573602          13.71%    passed     93.21%
 146  Crocidura_grayi_halconus_CMC1066    12.92%    passed     90.95%
 147  Crocidura_grayi_halconus_KU164433    1.82%    passed     75.07%
 148  Crocidura_grayi_halconus_KU164434   15.61%    passed     70.94%
 149  Crocidura_grayi_halconus_KU164435   16.23%    passed     73.43%
 150  Crocidura_grayi_halconus_KU164436    4.44%    passed     88.05%
 151  Crocidura_grayi_halconus_KU164437   16.40%    passed     54.04%
 152  Crocidura_grayi_halconus_KU164438   13.64%    passed     86.27%
 153  Crocidura_grayi_halconus_KU164439    3.50%    passed     74.39%
 154  Crocidura_grayi_halconus_KU164440   29.89%    failed      0.07%
 155  Crocidura_grayi_halconus_KU164441    1.48%    passed     67.72%
 156  Crocidura_grayi_halconus_KU164442   14.57%    passed     78.56%
 157  Crocidura_grayi_halconus_KU164443   15.44%    passed     61.21%
 158  Crocidura_grayi_halconus_KU165176   25.23%    passed     84.69%
 159  Crocidura_grayi_halconus_KU165177    3.08%    passed     83.37%
 160  Crocidura_grayi_halconus_KU165178   12.75%    passed     83.14%
 161  Crocidura_grayi_halconus_KU165179    4.00%    passed     86.08%
 162  Crocidura_grayi_halconus_KU165518   12.65%    passed     84.27%
 163  Crocidura_lepidura_MVZ192172        13.76%    passed     61.03%
 164  Crocidura_lepidura_MVZ192174        16.89%    passed     24.01%
 165  Crocidura_maxi_MVZ192178            17.46%    passed     44.82%
 166  Crocidura_mindorus_CMC3582          13.81%    passed     58.86%
 167  Crocidura_mindorus_FMNH145685        1.53%    passed     77.54%
 168  Crocidura_mindorus_FMNH145686       14.43%    passed     56.18%
 169  Crocidura_mindorus_FMNH146788       14.35%    passed     69.61%
 170  Crocidura_musseri_IZEA4398          13.83%    passed     59.92%
 171  Crocidura_musseri_IZEA4403          26.73%    passed     98.19%
 172  Crocidura_negrina_KU165046           1.28%    passed     64.14%
 173  Crocidura_negrina_KU165047           0.94%    passed     64.69%
 174  Crocidura_negrina_KU165048           1.90%    passed     57.79%
 175  Crocidura_negrina_KU165049           3.21%    passed     82.55%
 176  Crocidura_negrina_KU165101           0.89%    passed     63.37%
 177  Crocidura_negrina_KU165102          14.13%    passed     65.11%
 178  Crocidura_negrina_KU165103           1.55%    passed     64.77%
 179  Crocidura_negrina_KU165104           3.70%    passed     88.77%
 180  Crocidura_negrina_KU165105           3.38%    passed     86.86%
 181  Crocidura_negrina_KU165106          15.29%    passed     63.53%
 182  Crocidura_negrina_KU165107          14.55%    passed     59.91%
 183  Crocidura_negrina_KU165108           2.52%    passed     67.45%
 184  Crocidura_nigripes_IZEA4382          4.73%    passed     96.75%
 185  Crocidura_nigripes_IZEA4400          2.17%    passed     88.37%
 186  Crocidura_orientalis_ROM101934       1.38%    passed     75.93%
 187  Crocidura_palawanensis_FMNH195214   15.56%    passed     41.11%
 188  Crocidura_palawanensis_FMNH195215    2.17%    passed     87.14%
 189  Crocidura_palawanensis_FMNH195216    3.55%    passed     97.70%
 190  Crocidura_palawanensis_FMNH195217   15.81%    passed     42.63%
 191  Crocidura_palawanensis_FMNH195218   15.46%    passed     29.38%
 192  Crocidura_palawanensis_FMNH195219    4.46%    passed     97.12%
 193  Crocidura_palawanensis_FMNH195220   12.75%    passed     68.25%
 194  Crocidura_palawanensis_FMNH195221    2.84%    passed     91.35%
 195  Crocidura_palawanensis_FMNH195223   15.88%    passed     37.22%
 196  Crocidura_palawanensis_FMNH195224   13.74%    passed     67.83%
 197  Crocidura_palawanensis_FMNH195227   16.97%    passed     19.21%
 198  Crocidura_palawanensis_FMNH195228    4.91%    passed     95.21%
 199  Crocidura_palawanensis_FMNH195229   12.82%    passed     53.63%
 200  Crocidura_palawanensis_FMNH195230    3.50%    passed     96.46%
 201  Crocidura_palawanensis_FMNH195231   12.85%    passed     62.83%
 202  Crocidura_palawanensis_FMNH195233   12.95%    passed     62.13%
 203  Crocidura_palawanensis_FMNH195991   13.74%    passed     47.05%
 204  Crocidura_palawanensis_FMNH195992    1.41%    passed     79.96%
 205  Crocidura_palawanensis_FMNH195993    3.38%    passed     90.01%
 206  Crocidura_palawanensis_FMNH195994    0.79%    passed     85.24%
 207  Crocidura_palawanensis_FMNH195995    5.30%    passed     94.96%
 208  Crocidura_palawanensis_FMNH195996   14.90%    passed     50.56%
 209  Crocidura_palawanensis_KU165463      0.99%    passed     71.37%
 210  Crocidura_panayensis_KU164874       13.83%    passed     66.18%
 211  Crocidura_panayensis_KU164875        4.54%    passed     87.97%
 212  Crocidura_panayensis_KU164876       13.64%    passed     54.37%
 213  Crocidura_panayensis_KU164877       14.25%    passed     61.08%
 214  Crocidura_panayensis_KU164878       12.68%    passed     73.48%
 215  Crocidura_panayensis_KU164992       44.71%    failed      1.22%
 216  Crocidura_panayensis_KU164993       14.70%    passed     54.59%
 217  Crocidura_shantungensis_MVZ181203    1.31%    passed     45.43%
 218  Crocidura_sp__NK10645               18.20%    passed     60.82%
 219  Crocidura_sp_1_NK103507              8.19%    passed     70.33%
 220  Crocidura_sp_2_NK103528             17.26%    passed     21.72%
 221  Crocidura_sp_3_NK104104              4.24%    passed     56.12%
 222  Crocidura_wuchihensis_ROM116090      1.80%    passed     67.26%
 223  Crocidura_wuchihensis_ROM116095      1.92%    passed     63.88%
 224  Crocidura_wuchihensis_ROM116129      1.80%    passed     70.50%
 225  Suncus_murinus_KU164724             26.34%    passed     30.03%
 226  Suncus_murinus_KU164974             17.68%    passed     39.17%
 227  Suncus_murinus_KU165125             14.03%    passed     47.43%
****  TOTAL                                9.73%  6 sequences failed composition chi2 test (p-value<5%; df=3)
Checking for duplicate sequences: done in 0.00237774 secs using 99.8% CPU


Create initial parsimony tree by phylogenetic likelihood library (PLL)... 0.079 seconds
Perform fast likelihood tree search using GTR+I+G model...
Estimate model parameters (epsilon = 5.000)
Perform nearest neighbor interchange...
Estimate model parameters (epsilon = 1.000)
1. Initial log-likelihood: -29354.497
Optimal log-likelihood: -29354.376
Rate parameters:  A-C: 1.53007  A-G: 12.65406  A-T: 1.15240  C-G: 0.75548  C-T: 21.99900  G-T: 1.00000
Base frequencies:  A: 0.325  C: 0.225  G: 0.130  T: 0.321
Proportion of invariable sites: 0.360
Gamma shape alpha: 0.397
Parameters optimization took 1 rounds (0.675 sec)
Time for fast ML tree search: 11.779 seconds

NOTE: ModelFinder requires 134 MB RAM!
ModelFinder will test up to 968 DNA models (sample size: 4055 epsilon: 0.100) ...
 No. Model         -LnL         df  AIC          AICc         BIC
  1  JC            36260.327    451 73422.655    73535.812    76267.430
  2  JC+I          33395.648    452 67695.297    67808.987    70546.380
  3  JC+G4         32880.884    452 66665.769    66779.459    69516.852
  4  JC+I+G4       32805.682    453 66517.365    66631.589    69374.755
  5  JC+R2         32890.186    453 66686.372    66800.597    69543.763
  6  JC+R3         32801.522    455 66513.043    66628.342    69383.049
  7  JC+R4         32798.621    457 66511.242    66627.620    69393.863
 14  JC+I+R2       32805.192    454 66518.385    66633.146    69382.083
 15  JC+I+R3       32795.900    456 66503.799    66619.637    69380.113
 16  JC+I+R4       32795.735    458 66507.470    66624.390    69396.399
 26  JC+I+G4       32805.682    453 66517.365    66631.589    69374.755
 28  JC+R3         32801.522    455 66513.043    66628.342    69383.049
 36  JC+I+R2       32805.192    454 66518.385    66633.146    69382.083
 37  JC+I+R3       32795.900    456 66503.799    66619.637    69380.113
 48  F81+I+G4      32805.480    453 66516.961    66631.185    69374.351
 50  F81+R3        32799.188    455 66508.375    66623.674    69378.381
 58  F81+I+R2      32805.187    454 66518.374    66633.135    69382.073
 59  F81+I+R3      32795.844    456 66503.688    66619.526    69380.002
 70  F81+F+I+G4    32468.774    456 65849.548    65965.385    68725.862
 72  F81+F+R3      32461.485    458 65838.970    65955.890    68727.899
 80  F81+F+I+R2    32469.780    457 65853.561    65969.939    68736.182
 81  F81+F+I+R3    32458.333    459 65834.666    65952.129    68729.903
 92  K2P+I+G4      29915.096    454 60738.191    60852.952    63601.890
 94  K2P+R3        29904.063    456 60720.125    60835.963    63596.439
102  K2P+I+R2      29915.736    455 60741.471    60856.770    63611.478
103  K2P+I+R3      29900.178    457 60714.356    60830.734    63596.978
114  K2P+I+G4      29915.096    454 60738.191    60852.952    63601.890
116  K2P+R3        29904.063    456 60720.125    60835.963    63596.439
124  K2P+I+R2      29915.736    455 60741.471    60856.770    63611.478
125  K2P+I+R3      29900.178    457 60714.356    60830.734    63596.978
136  HKY+I+G4      29915.127    454 60738.254    60853.015    63601.952
138  HKY+R3        29903.987    456 60719.974    60835.811    63596.287
146  HKY+I+R2      29915.697    455 60741.395    60856.693    63611.401
147  HKY+I+R3      29900.049    457 60714.099    60830.477    63596.720
158  HKY+F+I+G4    29408.567    457 59731.134    59847.512    62613.756
160  HKY+F+R3      29403.267    459 59724.535    59841.998    62619.772
168  HKY+F+I+R2    29420.838    458 59757.676    59874.596    62646.605
169  HKY+F+I+R3    29396.422    460 59712.844    59830.851    62614.388
180  TNe+I+G4      29675.041    455 60260.081    60375.380    63130.087
182  TNe+R3        29671.692    457 60257.384    60373.762    63140.006
190  TNe+I+R2      29684.402    456 60280.804    60396.642    63157.118
191  TNe+I+R3      29652.040    458 60220.080    60337.000    63109.009
202  TNe+I+G4      29675.041    455 60260.081    60375.380    63130.087
204  TNe+R3        29671.692    457 60257.384    60373.762    63140.006
212  TNe+I+R2      29684.402    456 60280.804    60396.642    63157.118
213  TNe+I+R3      29652.040    458 60220.080    60337.000    63109.009
224  TN+I+G4       29674.832    455 60259.664    60374.963    63129.670
226  TN+R3         29671.468    457 60256.935    60373.313    63139.557
234  TN+I+R2       29684.312    456 60280.623    60396.461    63156.937
235  TN+I+R3       29651.897    458 60219.794    60336.714    63108.723
246  TN+F+I+G4     29362.757    458 59641.513    59758.433    62530.443
248  TN+F+R3       29362.207    460 59644.413    59762.421    62545.958
256  TN+F+I+R2     29375.296    459 59668.593    59786.056    62563.830
257  TN+F+I+R3     29343.050    461 59608.100    59726.654    62515.953
268  K3P+I+G4      29915.362    455 60740.723    60856.022    63610.729
270  K3P+R3        29904.242    457 60722.484    60838.862    63605.105
278  K3P+I+R2      29915.975    456 60743.950    60859.788    63620.264
279  K3P+I+R3      29901.629    458 60719.258    60836.178    63608.187
290  K3P+I+G4      29915.361    455 60740.723    60856.022    63610.729
292  K3P+R3        29904.242    457 60722.484    60838.862    63605.105
300  K3P+I+R2      29915.975    456 60743.950    60859.788    63620.264
301  K3P+I+R3      29901.629    458 60719.258    60836.178    63608.187
312  K3Pu+I+G4     29915.302    455 60740.605    60855.904    63610.611
314  K3Pu+R3       29904.151    457 60722.303    60838.681    63604.925
322  K3Pu+I+R2     29915.917    456 60743.833    60859.671    63620.147
323  K3Pu+I+R3     29901.440    458 60718.879    60835.799    63607.808
334  K3Pu+F+I+G4   29406.619    458 59729.238    59846.158    62618.168
336  K3Pu+F+R3     29401.404    460 59722.809    59840.816    62624.353
344  K3Pu+F+I+R2   29418.880    459 59755.760    59873.224    62650.997
345  K3Pu+F+I+R3   29394.536    461 59711.073    59829.627    62618.925
356  TPM2+I+G4     29808.317    455 60526.635    60641.933    63396.641
358  TPM2+R3       29796.024    457 60506.048    60622.426    63388.670
366  TPM2+I+R2     29807.831    456 60527.662    60643.499    63403.976
367  TPM2+I+R3     29792.983    458 60501.966    60618.886    63390.895
378  TPM2+I+G4     29808.317    455 60526.635    60641.933    63396.641
380  TPM2+R3       29796.024    457 60506.048    60622.426    63388.670
388  TPM2+I+R2     29807.831    456 60527.662    60643.499    63403.976
389  TPM2+I+R3     29792.983    458 60501.966    60618.886    63390.895
400  TPM2u+I+G4    29808.267    455 60526.535    60641.833    63396.541
402  TPM2u+R3      29795.931    457 60505.862    60622.240    63388.484
410  TPM2u+I+R2    29807.792    456 60527.584    60643.421    63403.898
411  TPM2u+I+R3    29792.825    458 60501.650    60618.570    63390.580
422  TPM2u+F+I+G4  29403.304    458 59722.608    59839.528    62611.538
424  TPM2u+F+R3    29398.495    460 59716.990    59834.998    62618.535
432  TPM2u+F+I+R2  29414.566    459 59747.131    59864.595    62642.368
433  TPM2u+F+I+R3  29390.902    461 59703.804    59822.358    62611.656
444  TPM3+I+G4     29914.850    455 60739.699    60854.998    63609.705
446  TPM3+R3       29903.776    457 60721.552    60837.930    63604.173
454  TPM3+I+R2     29915.587    456 60743.175    60859.013    63619.489
455  TPM3+I+R3     29899.875    458 60715.751    60832.671    63604.680
466  TPM3+I+G4     29914.850    455 60739.699    60854.998    63609.705
468  TPM3+R3       29903.776    457 60721.552    60837.930    63604.173
476  TPM3+I+R2     29915.588    456 60743.175    60859.013    63619.489
477  TPM3+I+R3     29899.875    458 60715.751    60832.671    63604.680
488  TPM3u+I+G4    29914.816    455 60739.632    60854.930    63609.638
490  TPM3u+R3      29903.718    457 60721.436    60837.814    63604.058
498  TPM3u+I+R2    29915.548    456 60743.096    60858.933    63619.410
499  TPM3u+I+R3    29899.821    458 60715.642    60832.562    63604.572
510  TPM3u+F+I+G4  29408.248    458 59732.497    59849.417    62621.426
512  TPM3u+F+R3    29403.291    460 59726.582    59844.589    62628.126
520  TPM3u+F+I+R2  29420.494    459 59758.988    59876.451    62654.225
521  TPM3u+F+I+R3  29395.572    461 59713.143    59831.697    62620.996
532  TIMe+I+G4     29676.236    456 60264.472    60380.310    63140.786
534  TIMe+R3       29672.619    458 60261.237    60378.157    63150.167
542  TIMe+I+R2     29684.704    457 60283.409    60399.787    63166.030
543  TIMe+I+R3     29652.339    459 60222.677    60340.141    63117.914
554  TIMe+I+G4     29676.236    456 60264.472    60380.310    63140.786
556  TIMe+R3       29672.619    458 60261.237    60378.157    63150.167
564  TIMe+I+R2     29684.704    457 60283.409    60399.787    63166.030
565  TIMe+I+R3     29652.339    459 60222.677    60340.141    63117.914
576  TIM+I+G4      29674.836    456 60261.673    60377.511    63137.987
578  TIM+R3        29671.619    458 60259.238    60376.158    63148.167
586  TIM+I+R2      29684.642    457 60283.284    60399.662    63165.905
587  TIM+I+R3      29652.202    459 60222.405    60339.868    63117.642
598  TIM+F+I+G4    29360.385    459 59638.771    59756.234    62534.008
600  TIM+F+R3      29359.654    461 59641.307    59759.861    62549.160
608  TIM+F+I+R2    29373.131    460 59666.262    59784.270    62567.806
609  TIM+F+I+R3    29340.206    462 59604.411    59723.512    62518.571
620  TIM2e+I+G4    29588.170    456 60088.340    60204.178    62964.654
622  TIM2e+R3      29585.926    458 60087.851    60204.771    62976.780
630  TIM2e+I+R2    29597.142    457 60108.284    60224.662    62990.906
631  TIM2e+I+R3    29570.010    459 60058.021    60175.484    62953.258
642  TIM2e+I+G4    29588.170    456 60088.340    60204.178    62964.654
644  TIM2e+R3      29585.926    458 60087.851    60204.771    62976.780
652  TIM2e+I+R2    29597.142    457 60108.284    60224.662    62990.906
653  TIM2e+I+R3    29570.010    459 60058.021    60175.484    62953.258
664  TIM2+I+G4     29588.112    456 60088.223    60204.061    62964.537
666  TIM2+R3       29585.750    458 60087.500    60204.420    62976.429
674  TIM2+I+R2     29597.121    457 60108.243    60224.621    62990.864
675  TIM2+I+R3     29569.976    459 60057.953    60175.416    62953.190
686  TIM2+F+I+G4   29356.248    459 59630.496    59747.959    62525.733
688  TIM2+F+R3     29356.026    461 59634.053    59752.606    62541.905
696  TIM2+F+I+R2   29368.563    460 59657.126    59775.134    62558.671
697  TIM2+F+I+R3   29337.251    462 59598.502    59717.603    62512.662
708  TIM3e+I+G4    29674.865    456 60261.731    60377.569    63138.045
710  TIM3e+R3      29670.957    458 60257.914    60374.834    63146.844
718  TIM3e+I+R2    29683.947    457 60281.894    60398.272    63164.516
719  TIM3e+I+R3    29651.518    459 60221.036    60338.499    63116.273
730  TIM3e+I+G4    29674.865    456 60261.731    60377.569    63138.045
732  TIM3e+R3      29670.957    458 60257.914    60374.834    63146.844
740  TIM3e+I+R2    29683.947    457 60281.894    60398.272    63164.516
741  TIM3e+I+R3    29651.518    459 60221.036    60338.499    63116.273
752  TIM3+I+G4     29674.130    456 60260.260    60376.098    63136.574
754  TIM3+R3       29670.816    458 60257.632    60374.552    63146.561
762  TIM3+I+R2     29683.968    457 60281.936    60398.314    63164.557
763  TIM3+I+R3     29651.470    459 60220.940    60338.403    63116.177
774  TIM3+F+I+G4   29361.639    459 59641.278    59758.742    62536.515
776  TIM3+F+R3     29361.131    461 59644.262    59762.816    62552.115
784  TIM3+F+I+R2   29374.463    460 59668.926    59786.934    62570.471
785  TIM3+F+I+R3   29341.680    462 59607.359    59726.461    62521.520
796  TVMe+I+G4     29806.147    457 60526.295    60642.673    63408.916
798  TVMe+R3       29793.295    459 60504.590    60622.054    63399.828
806  TVMe+I+R2     29805.571    458 60527.142    60644.062    63416.071
807  TVMe+I+R3     29791.005    460 60502.010    60620.018    63403.555
818  TVMe+I+G4     29806.147    457 60526.295    60642.673    63408.916
820  TVMe+R3       29793.295    459 60504.590    60622.054    63399.828
828  TVMe+I+R2     29805.571    458 60527.142    60644.062    63416.071
829  TVMe+I+R3     29791.005    460 60502.010    60620.018    63403.555
840  TVM+I+G4      29805.811    457 60525.622    60642.000    63408.244
842  TVM+R3        29793.059    459 60504.118    60621.581    63399.355
850  TVM+I+R2      29805.472    458 60526.945    60643.865    63415.874
851  TVM+I+R3      29790.821    460 60501.643    60619.651    63403.188
862  TVM+F+I+G4    29400.077    460 59720.154    59838.161    62621.698
864  TVM+F+R3      29394.929    462 59713.858    59832.960    62628.019
872  TVM+F+I+R2    29411.334    461 59744.668    59863.222    62652.520
873  TVM+F+I+R3    29387.319    463 59700.637    59820.288    62621.105
884  SYM+I+G4      29585.451    458 60086.902    60203.822    62975.831
886  SYM+R3        29582.971    460 60085.942    60203.950    62987.487
894  SYM+I+R2      29594.777    459 60107.553    60225.017    63002.790
895  SYM+I+R3      29568.537    461 60059.073    60177.627    62966.926
906  SYM+I+G4      29585.451    458 60086.902    60203.822    62975.831
908  SYM+R3        29582.971    460 60085.942    60203.950    62987.487
916  SYM+I+R2      29594.777    459 60107.553    60225.017    63002.790
917  SYM+I+R3      29568.537    461 60059.073    60177.627    62966.926
928  GTR+I+G4      29585.346    458 60086.693    60203.612    62975.622
930  GTR+R3        29582.854    460 60085.709    60203.716    62987.253
938  GTR+I+R2      29594.815    459 60107.630    60225.093    63002.867
939  GTR+I+R3      29568.351    461 60058.703    60177.257    62966.555
950  GTR+F+I+G4    29352.485    461 59626.970    59745.524    62534.823
952  GTR+F+R3      29352.270    463 59630.540    59750.191    62551.008
960  GTR+F+I+R2    29365.242    462 59654.485    59773.586    62568.645
961  GTR+F+I+R3    29333.162    464 59594.325    59714.525    62521.100
Akaike Information Criterion:           GTR+F+I+R3
Corrected Akaike Information Criterion: GTR+F+I+R3
Bayesian Information Criterion:         TIM2+F+I+R3
Best-fit model: TIM2+F+I+R3 chosen according to BIC

All model information printed to results/dna_M4326_227_4055.phy/output_files/iqtree/inference/pars_5.model.gz
CPU time for ModelFinder: 668.127 seconds (0h:11m:8s)
Wall-clock time for ModelFinder: 672.322 seconds (0h:11m:12s)

NOTE: 40 MB RAM (0 GB) is required!
Estimate model parameters (epsilon = 0.010)
1. Initial log-likelihood: -29337.585
2. Current log-likelihood: -29337.442
3. Current log-likelihood: -29337.431
Optimal log-likelihood: -29337.421
Rate parameters:  A-C: 1.54062  A-G: 14.30075  A-T: 1.54062  C-G: 1.00000  C-T: 27.09285  G-T: 1.00000
Base frequencies:  A: 0.325  C: 0.225  G: 0.130  T: 0.321
Proportion of invariable sites: 0.545
Site proportion and rates:  (0.250,0.563) (0.185,3.623) (0.021,9.233)
Parameters optimization took 3 rounds (2.252 sec)
Wrote distance file to... 
BEST SCORE FOUND : -29337.421
Total tree length: 1.693

Total number of iterations: 0
CPU time used for tree search: 0.000 sec (0h:0m:0s)
Wall-clock time used for tree search: 0.000 sec (0h:0m:0s)
Total CPU time used: 670.400 sec (0h:11m:10s)
Total wall-clock time used: 674.614 sec (0h:11m:14s)

Analysis results written to: 
  IQ-TREE report:                results/dna_M4326_227_4055.phy/output_files/iqtree/inference/pars_5.iqtree
  Maximum-likelihood tree:       results/dna_M4326_227_4055.phy/output_files/iqtree/inference/pars_5.treefile
  Screen log file:               results/dna_M4326_227_4055.phy/output_files/iqtree/inference/pars_5.log

Date and Time: Mon Sep 22 08:55:22 2025
