IQ-TREE version 3.0.1 for Linux x86 64-bit built Sep 12 2025
Developed by Bui Quang Minh, Thomas Wong, Nhan Ly-Trong, Huaiyan Ren
Contributed by Lam-Tung Nguyen, Dominik Schrempf, Chris Bielow,
Olga Chernomor, Michael Woodhams, Diep Thi Hoang, Heiko Schmidt

Host:    suny-Precision-5530 (AVX2, FMA3, 15 GB RAM)
Command: /usr/local/bin/iqtree3 -s /home/suny/Downloads/VAN_TRAINING_DATA/data2/dna_M4326_227_4055.phy -pre results/dna_M4326_227_4055.phy/output_files/iqtree/inference/pars_13 -seed 13 -ninit 1 -T 1 -redo -n 0
Seed:    13 (Using SPRNG - Scalable Parallel Random Number Generator)
Time:    Sun Sep 21 20:23:54 2025
Kernel:  AVX+FMA - 1 threads (12 CPU cores detected)

HINT: Use -nt option to specify number of threads because your CPU has 12 cores!
HINT: -nt AUTO will automatically determine the best number of threads to use.

Reading alignment file /home/suny/Downloads/VAN_TRAINING_DATA/data2/dna_M4326_227_4055.phy ... Phylip format detected
Alignment most likely contains DNA/RNA sequences
Constructing alignment: done in 0.0153937 secs using 67.46% CPU
Alignment has 227 sequences with 4055 columns, 1822 distinct patterns
1141 parsimony-informative, 222 singleton sites, 2692 constant sites
                                   Gap/Ambiguity  Composition  p-value
Analyzing sequences: done in 0.00186438 secs using 99.76% CPU
   1  Crocidura_attenuata_ROM114916       14.57%    passed     68.24%
   2  Crocidura_attenuata_ROM116033        5.08%    passed     63.21%
   3  Crocidura_batakorum_KU165320         3.92%    passed     55.80%
   4  Crocidura_batakorum_KU165412         3.82%    passed     70.39%
   5  Crocidura_batakorum_KU165413        14.18%    passed     38.27%
   6  Crocidura_batakorum_KU165415         1.90%    passed     69.18%
   7  Crocidura_batakorum_KU165417        14.97%    passed     27.88%
   8  Crocidura_batakorum_KU165418         2.86%    passed     61.96%
   9  Crocidura_batakorum_KU165419         1.23%    passed     77.15%
  10  Crocidura_batakorum_KU165420         1.21%    passed     74.39%
  11  Crocidura_batakorum_KU165421         1.23%    passed     76.11%
  12  Crocidura_batakorum_KU165422         1.21%    passed     75.38%
  13  Crocidura_beatus_CMC1254             4.49%    passed     86.28%
  14  Crocidura_beatus_CMC1269             8.71%    passed     54.31%
  15  Crocidura_beatus_CMC1281            19.19%    passed     46.81%
  16  Crocidura_beatus_CMC1288            12.60%    passed     92.23%
  17  Crocidura_beatus_CMC1311            14.62%    passed     77.58%
  18  Crocidura_beatus_CMC1402            14.30%    passed     56.11%
  19  Crocidura_beatus_CMC1437             2.37%    passed     88.58%
  20  Crocidura_beatus_CMC1719             3.35%    passed     88.35%
  21  Crocidura_beatus_FMNH146965          3.80%    passed     94.91%
  22  Crocidura_beatus_FMNH146966          3.40%    passed     96.35%
  23  Crocidura_beatus_FMNH147819         14.55%    passed     51.15%
  24  Crocidura_beatus_FMNH166459          3.67%    passed     96.79%
  25  Crocidura_beatus_FMNH186804          3.11%    passed     80.74%
  26  Crocidura_beatus_FMNH190154         14.57%    passed     74.05%
  27  Crocidura_beatus_FMNH191345          3.35%    passed     76.81%
  28  Crocidura_beatus_KU165703            0.91%    passed     72.11%
  29  Crocidura_beatus_KU165704           12.73%    passed     71.94%
  30  Crocidura_beatus_KU165705            1.38%    passed     78.09%
  31  Crocidura_beatus_KU165706            0.99%    passed     70.16%
  32  Crocidura_beatus_KU165707            2.39%    passed     85.28%
  33  Crocidura_beatus_KU165708           12.58%    passed     70.52%
  34  Crocidura_beatus_KU165710           12.63%    passed     73.85%
  35  Crocidura_beatus_KU165711           12.58%    passed     68.73%
  36  Crocidura_beatus_KU165712            0.91%    passed     69.31%
  37  Crocidura_beatus_KU165713           12.55%    passed     71.66%
  38  Crocidura_beatus_KU165714            0.91%    passed     68.61%
  39  Crocidura_beatus_KU165715            0.79%    passed     71.23%
  40  Crocidura_beatus_KU165716            0.79%    passed     71.23%
  41  Crocidura_beatus_KU165717            1.06%    passed     75.91%
  42  Crocidura_beatus_KU165718            1.04%    passed     69.57%
  43  Crocidura_beatus_KU165720           15.51%    passed     61.79%
  44  Crocidura_beatus_KU165742            9.25%    passed     97.36%
  45  Crocidura_beatus_KU165744            7.42%    passed     76.26%
  46  Crocidura_beatus_KU165745           17.53%    passed     60.98%
  47  Crocidura_beatus_KU165746           15.78%    passed     89.86%
  48  Crocidura_beatus_KU165748           15.14%    passed     92.14%
  49  Crocidura_beatus_KU165749           15.93%    passed     87.09%
  50  Crocidura_beatus_KU165750            7.69%    passed     94.74%
  51  Crocidura_beatus_KU165751            1.33%    passed     64.79%
  52  Crocidura_beatus_KU165752            2.29%    passed     82.43%
  53  Crocidura_beatus_KU165753           19.78%    passed     58.70%
  54  Crocidura_beatus_KU165754           15.93%    passed     83.52%
  55  Crocidura_beatus_KU165756            2.34%    passed     69.86%
  56  Crocidura_beatus_KU165757           13.88%    passed     77.28%
  57  Crocidura_beatus_KU165758           12.55%    passed     79.76%
  58  Crocidura_beatus_KU165759           15.88%    passed     52.59%
  59  Crocidura_beatus_KU165760           17.41%    passed     61.21%
  60  Crocidura_beatus_KU165761           16.03%    passed     90.70%
  61  Crocidura_beatus_KU165762           14.62%    passed     57.91%
  62  Crocidura_beatus_KU165763           14.70%    passed     61.11%
  63  Crocidura_beatus_KU165766           14.57%    passed     66.18%
  64  Crocidura_beatus_KU165767            0.84%    passed     61.61%
  65  Crocidura_beatus_KU165768           12.60%    passed     80.28%
  66  Crocidura_beatus_KU165775            5.35%    passed     93.08%
  67  Crocidura_beatus_MSU                 2.05%    passed     69.51%
  68  Crocidura_brunnea_ROM101935          4.22%    passed     90.56%
  69  Crocidura_cf_tanakae_MVZ185237      43.75%    failed      0.66%
  70  Crocidura_cf_tanakae_ROM107661       3.26%    passed     75.31%
  71  Crocidura_cf_tanakae_ROM111293       6.46%    passed     85.16%
  72  Crocidura_cf_tanakae_ROM111317       3.11%    passed     60.96%
  73  Crocidura_cf_tanakae_ROM114960       5.80%    passed     85.03%
  74  Crocidura_cf_tanakae_ROM115004      29.96%    failed      0.24%
  75  Crocidura_cf_tanakae_ROM115005      15.88%    passed     66.98%
  76  Crocidura_cf_tanakae_ROM115021      15.12%    passed     64.09%
  77  Crocidura_cf_tanakae_ROM116114      30.83%    failed      0.20%
  78  Crocidura_cf_tanakae_ROM116366       2.07%    passed     69.80%
  79  Crocidura_cf_tanakae_ROM116426      20.22%    passed     61.59%
  80  Crocidura_cf_tanakae_ROM116432       3.87%    passed     75.26%
  81  Crocidura_cf_tanakae_ROM116443      14.72%    passed     70.18%
  82  Crocidura_foetida_USNM590298        14.03%    passed     54.58%
  83  Crocidura_foetida_USNM590299         8.21%    passed     98.09%
  84  Crocidura_foetida_USNM590458        16.62%    passed     57.10%
  85  Crocidura_fuliginosa_IZEA3553       27.79%    passed     55.47%
  86  Crocidura_fuliginosa_IZEA3753       17.56%    passed     58.96%
  87  Crocidura_grayi_CMC339               3.06%    passed     80.98%
  88  Crocidura_grayi_FMNH167217          14.92%    passed     83.52%
  89  Crocidura_grayi_FMNH167218          13.05%    passed     95.37%
  90  Crocidura_grayi_FMNH167219           0.89%    passed     35.96%
  91  Crocidura_grayi_FMNH167220          14.33%    passed     86.13%
  92  Crocidura_grayi_FMNH167221           2.79%    passed     56.27%
  93  Crocidura_grayi_FMNH175371           2.69%    passed     58.14%
  94  Crocidura_grayi_FMNH175372           1.97%    passed     69.20%
  95  Crocidura_grayi_FMNH175373           4.00%    passed     84.89%
  96  Crocidura_grayi_FMNH175376          14.45%    passed     88.83%
  97  Crocidura_grayi_FMNH175377           2.74%    passed     78.87%
  98  Crocidura_grayi_FMNH175378          14.38%    passed     88.54%
  99  Crocidura_grayi_FMNH183449           0.81%    passed     70.27%
 100  Crocidura_grayi_FMNH183450           3.18%    passed     91.88%
 101  Crocidura_grayi_FMNH183451          13.00%    passed     83.92%
 102  Crocidura_grayi_FMNH183452           2.59%    passed     89.30%
 103  Crocidura_grayi_FMNH183453           2.27%    passed     83.46%
 104  Crocidura_grayi_FMNH183457           0.76%    passed     71.57%
 105  Crocidura_grayi_FMNH183466          12.53%    passed     82.26%
 106  Crocidura_grayi_FMNH183467           2.19%    passed     81.75%
 107  Crocidura_grayi_FMNH183468          12.60%    passed     84.34%
 108  Crocidura_grayi_FMNH183469          12.58%    passed     84.43%
 109  Crocidura_grayi_FMNH185796           0.84%    passed     60.41%
 110  Crocidura_grayi_FMNH185797           3.63%    passed     80.67%
 111  Crocidura_grayi_FMNH186718           1.04%    passed     62.58%
 112  Crocidura_grayi_FMNH186719           2.86%    passed     69.45%
 113  Crocidura_grayi_FMNH188223          13.39%    passed     78.32%
 114  Crocidura_grayi_FMNH188224          13.39%    passed     79.52%
 115  Crocidura_grayi_FMNH188225          29.05%    failed      0.26%
 116  Crocidura_grayi_FMNH188226           3.35%    passed     88.43%
 117  Crocidura_grayi_FMNH188227          12.65%    passed     77.72%
 118  Crocidura_grayi_FMNH190702          15.39%    passed     67.32%
 119  Crocidura_grayi_FMNH190703          13.61%    passed     84.02%
 120  Crocidura_grayi_FMNH190704           1.11%    passed     67.44%
 121  Crocidura_grayi_FMNH190705          15.54%    passed     69.79%
 122  Crocidura_grayi_FMNH193407          28.66%    passed      8.93%
 123  Crocidura_grayi_FMNH193408           3.03%    passed     77.87%
 124  Crocidura_grayi_FMNH193420          15.54%    passed     67.48%
 125  Crocidura_grayi_FMNH193424          14.87%    passed     79.00%
 126  Crocidura_grayi_FMNH193425          15.81%    passed     79.50%
 127  Crocidura_grayi_FMNH193429          13.64%    passed     91.91%
 128  Crocidura_grayi_FMNH193430           4.00%    passed     76.03%
 129  Crocidura_grayi_FMNH193431          15.41%    passed     77.69%
 130  Crocidura_grayi_FMNH193432          15.46%    passed     83.63%
 131  Crocidura_grayi_FMNH193433          14.87%    passed     87.93%
 132  Crocidura_grayi_FMNH193445           3.85%    passed     60.52%
 133  Crocidura_grayi_FMNH193446           1.87%    passed     65.26%
 134  Crocidura_grayi_FMNH193447           1.85%    passed     67.98%
 135  Crocidura_grayi_FMNH193850           1.87%    passed     65.78%
 136  Crocidura_grayi_FMNH194718          16.13%    passed     79.64%
 137  Crocidura_grayi_FMNH194719           2.12%    passed     76.16%
 138  Crocidura_grayi_FMNH194720          16.99%    passed     57.95%
 139  Crocidura_grayi_KU164020            13.22%    passed     88.88%
 140  Crocidura_grayi_KU164021             1.90%    passed     60.69%
 141  Crocidura_grayi_USNM573364           2.96%    passed     71.97%
 142  Crocidura_grayi_USNM573367           2.27%    passed     71.09%
 143  Crocidura_grayi_USNM573371          15.83%    passed     78.09%
 144  Crocidura_grayi_USNM573601          13.64%    passed     92.17%
 145  Crocidura_grayi_USNM573602          13.71%    passed     93.21%
 146  Crocidura_grayi_halconus_CMC1066    12.92%    passed     90.95%
 147  Crocidura_grayi_halconus_KU164433    1.82%    passed     75.07%
 148  Crocidura_grayi_halconus_KU164434   15.61%    passed     70.94%
 149  Crocidura_grayi_halconus_KU164435   16.23%    passed     73.43%
 150  Crocidura_grayi_halconus_KU164436    4.44%    passed     88.05%
 151  Crocidura_grayi_halconus_KU164437   16.40%    passed     54.04%
 152  Crocidura_grayi_halconus_KU164438   13.64%    passed     86.27%
 153  Crocidura_grayi_halconus_KU164439    3.50%    passed     74.39%
 154  Crocidura_grayi_halconus_KU164440   29.89%    failed      0.07%
 155  Crocidura_grayi_halconus_KU164441    1.48%    passed     67.72%
 156  Crocidura_grayi_halconus_KU164442   14.57%    passed     78.56%
 157  Crocidura_grayi_halconus_KU164443   15.44%    passed     61.21%
 158  Crocidura_grayi_halconus_KU165176   25.23%    passed     84.69%
 159  Crocidura_grayi_halconus_KU165177    3.08%    passed     83.37%
 160  Crocidura_grayi_halconus_KU165178   12.75%    passed     83.14%
 161  Crocidura_grayi_halconus_KU165179    4.00%    passed     86.08%
 162  Crocidura_grayi_halconus_KU165518   12.65%    passed     84.27%
 163  Crocidura_lepidura_MVZ192172        13.76%    passed     61.03%
 164  Crocidura_lepidura_MVZ192174        16.89%    passed     24.01%
 165  Crocidura_maxi_MVZ192178            17.46%    passed     44.82%
 166  Crocidura_mindorus_CMC3582          13.81%    passed     58.86%
 167  Crocidura_mindorus_FMNH145685        1.53%    passed     77.54%
 168  Crocidura_mindorus_FMNH145686       14.43%    passed     56.18%
 169  Crocidura_mindorus_FMNH146788       14.35%    passed     69.61%
 170  Crocidura_musseri_IZEA4398          13.83%    passed     59.92%
 171  Crocidura_musseri_IZEA4403          26.73%    passed     98.19%
 172  Crocidura_negrina_KU165046           1.28%    passed     64.14%
 173  Crocidura_negrina_KU165047           0.94%    passed     64.69%
 174  Crocidura_negrina_KU165048           1.90%    passed     57.79%
 175  Crocidura_negrina_KU165049           3.21%    passed     82.55%
 176  Crocidura_negrina_KU165101           0.89%    passed     63.37%
 177  Crocidura_negrina_KU165102          14.13%    passed     65.11%
 178  Crocidura_negrina_KU165103           1.55%    passed     64.77%
 179  Crocidura_negrina_KU165104           3.70%    passed     88.77%
 180  Crocidura_negrina_KU165105           3.38%    passed     86.86%
 181  Crocidura_negrina_KU165106          15.29%    passed     63.53%
 182  Crocidura_negrina_KU165107          14.55%    passed     59.91%
 183  Crocidura_negrina_KU165108           2.52%    passed     67.45%
 184  Crocidura_nigripes_IZEA4382          4.73%    passed     96.75%
 185  Crocidura_nigripes_IZEA4400          2.17%    passed     88.37%
 186  Crocidura_orientalis_ROM101934       1.38%    passed     75.93%
 187  Crocidura_palawanensis_FMNH195214   15.56%    passed     41.11%
 188  Crocidura_palawanensis_FMNH195215    2.17%    passed     87.14%
 189  Crocidura_palawanensis_FMNH195216    3.55%    passed     97.70%
 190  Crocidura_palawanensis_FMNH195217   15.81%    passed     42.63%
 191  Crocidura_palawanensis_FMNH195218   15.46%    passed     29.38%
 192  Crocidura_palawanensis_FMNH195219    4.46%    passed     97.12%
 193  Crocidura_palawanensis_FMNH195220   12.75%    passed     68.25%
 194  Crocidura_palawanensis_FMNH195221    2.84%    passed     91.35%
 195  Crocidura_palawanensis_FMNH195223   15.88%    passed     37.22%
 196  Crocidura_palawanensis_FMNH195224   13.74%    passed     67.83%
 197  Crocidura_palawanensis_FMNH195227   16.97%    passed     19.21%
 198  Crocidura_palawanensis_FMNH195228    4.91%    passed     95.21%
 199  Crocidura_palawanensis_FMNH195229   12.82%    passed     53.63%
 200  Crocidura_palawanensis_FMNH195230    3.50%    passed     96.46%
 201  Crocidura_palawanensis_FMNH195231   12.85%    passed     62.83%
 202  Crocidura_palawanensis_FMNH195233   12.95%    passed     62.13%
 203  Crocidura_palawanensis_FMNH195991   13.74%    passed     47.05%
 204  Crocidura_palawanensis_FMNH195992    1.41%    passed     79.96%
 205  Crocidura_palawanensis_FMNH195993    3.38%    passed     90.01%
 206  Crocidura_palawanensis_FMNH195994    0.79%    passed     85.24%
 207  Crocidura_palawanensis_FMNH195995    5.30%    passed     94.96%
 208  Crocidura_palawanensis_FMNH195996   14.90%    passed     50.56%
 209  Crocidura_palawanensis_KU165463      0.99%    passed     71.37%
 210  Crocidura_panayensis_KU164874       13.83%    passed     66.18%
 211  Crocidura_panayensis_KU164875        4.54%    passed     87.97%
 212  Crocidura_panayensis_KU164876       13.64%    passed     54.37%
 213  Crocidura_panayensis_KU164877       14.25%    passed     61.08%
 214  Crocidura_panayensis_KU164878       12.68%    passed     73.48%
 215  Crocidura_panayensis_KU164992       44.71%    failed      1.22%
 216  Crocidura_panayensis_KU164993       14.70%    passed     54.59%
 217  Crocidura_shantungensis_MVZ181203    1.31%    passed     45.43%
 218  Crocidura_sp__NK10645               18.20%    passed     60.82%
 219  Crocidura_sp_1_NK103507              8.19%    passed     70.33%
 220  Crocidura_sp_2_NK103528             17.26%    passed     21.72%
 221  Crocidura_sp_3_NK104104              4.24%    passed     56.12%
 222  Crocidura_wuchihensis_ROM116090      1.80%    passed     67.26%
 223  Crocidura_wuchihensis_ROM116095      1.92%    passed     63.88%
 224  Crocidura_wuchihensis_ROM116129      1.80%    passed     70.50%
 225  Suncus_murinus_KU164724             26.34%    passed     30.03%
 226  Suncus_murinus_KU164974             17.68%    passed     39.17%
 227  Suncus_murinus_KU165125             14.03%    passed     47.43%
****  TOTAL                                9.73%  6 sequences failed composition chi2 test (p-value<5%; df=3)
Checking for duplicate sequences: done in 0.0022995 secs using 97.46% CPU


Create initial parsimony tree by phylogenetic likelihood library (PLL)... 0.054 seconds
Perform fast likelihood tree search using GTR+I+G model...
Estimate model parameters (epsilon = 5.000)
Perform nearest neighbor interchange...
Estimate model parameters (epsilon = 1.000)
1. Initial log-likelihood: -29356.799
Optimal log-likelihood: -29356.654
Rate parameters:  A-C: 1.53968  A-G: 12.72324  A-T: 1.15397  C-G: 0.76404  C-T: 22.17161  G-T: 1.00000
Base frequencies:  A: 0.325  C: 0.225  G: 0.130  T: 0.321
Proportion of invariable sites: 0.358
Gamma shape alpha: 0.395
Parameters optimization took 1 rounds (0.651 sec)
Time for fast ML tree search: 12.058 seconds

NOTE: ModelFinder requires 134 MB RAM!
ModelFinder will test up to 968 DNA models (sample size: 4055 epsilon: 0.100) ...
 No. Model         -LnL         df  AIC          AICc         BIC
  1  JC            36253.999    451 73409.997    73523.154    76254.773
  2  JC+I          33395.284    452 67694.568    67808.258    70545.651
  3  JC+G4         32887.147    452 66678.294    66791.984    69529.377
  4  JC+I+G4       32811.157    453 66528.313    66642.538    69385.704
  5  JC+R2         32898.108    453 66702.217    66816.442    69559.607
  6  JC+R3         32808.631    455 66527.262    66642.561    69397.269
  7  JC+R4         32805.083    457 66524.166    66640.545    69406.788
 14  JC+I+R2       32810.485    454 66528.970    66643.731    69392.668
 15  JC+I+R3       32802.557    456 66517.114    66632.952    69393.428
 26  JC+I+G4       32811.157    453 66528.313    66642.538    69385.704
 36  JC+I+R2       32810.485    454 66528.970    66643.731    69392.668
 37  JC+I+R3       32802.557    456 66517.114    66632.952    69393.428
 48  F81+I+G4      32810.944    453 66527.887    66642.112    69385.278
 58  F81+I+R2      32810.382    454 66528.763    66643.525    69392.462
 59  F81+I+R3      32802.497    456 66516.994    66632.831    69393.308
 70  F81+F+I+G4    32477.625    456 65867.250    65983.088    68743.564
 80  F81+F+I+R2    32478.159    457 65870.319    65986.697    68752.940
 81  F81+F+I+R3    32468.431    459 65854.863    65972.326    68750.100
 92  K2P+I+G4      29916.929    454 60741.859    60856.620    63605.557
102  K2P+I+R2      29917.068    455 60744.136    60859.434    63614.142
103  K2P+I+R3      29903.674    457 60721.348    60837.726    63603.969
114  K2P+I+G4      29916.929    454 60741.859    60856.620    63605.557
124  K2P+I+R2      29917.068    455 60744.136    60859.434    63614.142
125  K2P+I+R3      29903.674    457 60721.348    60837.726    63603.969
136  HKY+I+G4      29916.944    454 60741.888    60856.649    63605.586
146  HKY+I+R2      29917.053    455 60744.106    60859.404    63614.112
147  HKY+I+R3      29903.559    457 60721.118    60837.497    63603.740
158  HKY+F+I+G4    29410.469    457 59734.938    59851.316    62617.560
168  HKY+F+I+R2    29421.207    458 59758.415    59875.334    62647.344
169  HKY+F+I+R3    29399.335    460 59718.671    59836.679    62620.216
180  TNe+I+G4      29675.108    455 60260.215    60375.514    63130.222
190  TNe+I+R2      29682.863    456 60277.726    60393.564    63154.040
191  TNe+I+R3      29652.038    458 60220.075    60336.995    63109.004
202  TNe+I+G4      29675.108    455 60260.215    60375.514    63130.222
212  TNe+I+R2      29682.863    456 60277.726    60393.564    63154.040
213  TNe+I+R3      29652.038    458 60220.075    60336.995    63109.004
224  TN+I+G4       29674.891    455 60259.782    60375.081    63129.789
234  TN+I+R2       29682.785    456 60277.569    60393.407    63153.883
235  TN+I+R3       29651.880    458 60219.761    60336.681    63108.690
246  TN+F+I+G4     29364.153    458 59644.306    59761.226    62533.235
256  TN+F+I+R2     29374.677    459 59667.355    59784.818    62562.592
257  TN+F+I+R3     29343.853    461 59609.706    59728.260    62517.558
268  K3P+I+G4      29916.921    455 60743.843    60859.141    63613.849
278  K3P+I+R2      29917.051    456 60746.103    60861.940    63622.417
279  K3P+I+R3      29904.742    458 60725.484    60842.404    63614.414
290  K3P+I+G4      29916.921    455 60743.843    60859.141    63613.849
300  K3P+I+R2      29917.051    456 60746.103    60861.940    63622.417
301  K3P+I+R3      29904.742    458 60725.484    60842.404    63614.414
312  K3Pu+I+G4     29916.912    455 60743.823    60859.122    63613.829
322  K3Pu+I+R2     29917.042    456 60746.084    60861.922    63622.398
323  K3Pu+I+R3     29904.608    458 60725.215    60842.135    63614.145
334  K3Pu+F+I+G4   29408.120    458 59732.241    59849.160    62621.170
344  K3Pu+F+I+R2   29418.903    459 59755.806    59873.269    62651.043
345  K3Pu+F+I+R3   29396.912    461 59715.823    59834.377    62623.676
356  TPM2+I+G4     29810.401    455 60530.802    60646.100    63400.808
366  TPM2+I+R2     29809.381    456 60530.763    60646.601    63407.077
367  TPM2+I+R3     29796.680    458 60509.359    60626.279    63398.288
378  TPM2+I+G4     29810.401    455 60530.802    60646.100    63400.808
388  TPM2+I+R2     29809.381    456 60530.763    60646.601    63407.077
389  TPM2+I+R3     29796.680    458 60509.359    60626.279    63398.288
400  TPM2u+I+G4    29810.370    455 60530.739    60646.038    63400.746
410  TPM2u+I+R2    29809.350    456 60530.699    60646.537    63407.013
411  TPM2u+I+R3    29796.525    458 60509.050    60625.970    63397.979
422  TPM2u+F+I+G4  29404.915    458 59725.830    59842.750    62614.760
432  TPM2u+F+I+R2  29414.686    459 59747.372    59864.835    62642.609
433  TPM2u+F+I+R3  29393.247    461 59708.495    59827.049    62616.347
444  TPM3+I+G4     29916.336    455 60742.671    60857.970    63612.678
454  TPM3+I+R2     29916.600    456 60745.200    60861.037    63621.513
455  TPM3+I+R3     29903.019    458 60722.038    60838.958    63610.967
466  TPM3+I+G4     29916.336    455 60742.671    60857.970    63612.678
476  TPM3+I+R2     29916.600    456 60745.200    60861.037    63621.513
477  TPM3+I+R3     29903.019    458 60722.038    60838.958    63610.967
488  TPM3u+I+G4    29916.303    455 60742.606    60857.905    63612.612
498  TPM3u+I+R2    29916.574    456 60745.147    60860.985    63621.461
499  TPM3u+I+R3    29902.971    458 60721.942    60838.862    63610.871
510  TPM3u+F+I+G4  29409.587    458 59735.174    59852.094    62624.103
520  TPM3u+F+I+R2  29420.304    459 59758.609    59876.072    62653.846
521  TPM3u+F+I+R3  29397.612    461 59717.225    59835.778    62625.077
532  TIMe+I+G4     29675.697    456 60263.394    60379.232    63139.708
542  TIMe+I+R2     29683.046    457 60280.092    60396.470    63162.714
543  TIMe+I+R3     29652.270    459 60222.540    60340.003    63117.777
554  TIMe+I+G4     29675.697    456 60263.394    60379.232    63139.708
564  TIMe+I+R2     29683.046    457 60280.092    60396.470    63162.714
565  TIMe+I+R3     29652.270    459 60222.540    60340.003    63117.777
576  TIM+I+G4      29674.905    456 60261.810    60377.648    63138.124
586  TIM+I+R2      29683.005    457 60280.010    60396.388    63162.632
587  TIM+I+R3      29652.106    459 60222.212    60339.675    63117.449
598  TIM+F+I+G4    29361.568    459 59641.136    59758.599    62536.373
608  TIM+F+I+R2    29372.300    460 59664.599    59782.607    62566.144
609  TIM+F+I+R3    29340.867    462 59605.734    59724.835    62519.894
620  TIM2e+I+G4    29588.185    456 60088.369    60204.207    62964.683
630  TIM2e+I+R2    29595.747    457 60105.494    60221.872    62988.116
631  TIM2e+I+R3    29570.135    459 60058.271    60175.734    62953.508
642  TIM2e+I+G4    29588.185    456 60088.369    60204.207    62964.683
652  TIM2e+I+R2    29595.747    457 60105.494    60221.872    62988.116
653  TIM2e+I+R3    29570.135    459 60058.271    60175.734    62953.508
664  TIM2+I+G4     29588.077    456 60088.154    60203.992    62964.468
674  TIM2+I+R2     29595.685    457 60105.369    60221.747    62987.991
675  TIM2+I+R3     29570.096    459 60058.192    60175.656    62953.429
686  TIM2+F+I+G4   29357.559    459 59633.117    59750.580    62528.354
696  TIM2+F+I+R2   29367.902    460 59655.804    59773.812    62557.349
697  TIM2+F+I+R3   29338.010    462 59600.019    59719.120    62514.179
708  TIM3e+I+G4    29674.780    456 60261.559    60377.397    63137.873
718  TIM3e+I+R2    29682.227    457 60278.453    60394.831    63161.075
719  TIM3e+I+R3    29651.286    459 60220.572    60338.035    63115.809
730  TIM3e+I+G4    29674.780    456 60261.559    60377.397    63137.873
740  TIM3e+I+R2    29682.227    457 60278.453    60394.831    63161.075
741  TIM3e+I+R3    29651.286    459 60220.572    60338.035    63115.809
752  TIM3+I+G4     29674.597    456 60261.194    60377.032    63137.508
762  TIM3+I+R2     29682.211    457 60278.421    60394.799    63161.043
763  TIM3+I+R3     29651.224    459 60220.447    60337.910    63115.684
774  TIM3+F+I+G4   29362.680    459 59643.359    59760.822    62538.596
784  TIM3+F+I+R2   29373.493    460 59666.986    59784.994    62568.531
785  TIM3+F+I+R3   29342.169    462 59608.338    59727.439    62522.498
796  TVMe+I+G4     29808.070    457 60530.139    60646.518    63412.761
806  TVMe+I+R2     29807.024    458 60530.048    60646.968    63418.978
807  TVMe+I+R3     29794.754    460 60509.508    60627.515    63411.052
818  TVMe+I+G4     29808.070    457 60530.139    60646.518    63412.761
828  TVMe+I+R2     29807.024    458 60530.048    60646.968    63418.978
829  TVMe+I+R3     29794.754    460 60509.507    60627.515    63411.052
840  TVM+I+G4      29807.896    457 60529.792    60646.170    63412.413
850  TVM+I+R2      29806.957    458 60529.914    60646.834    63418.843
851  TVM+I+R3      29794.564    460 60509.127    60627.135    63410.672
862  TVM+F+I+G4    29401.432    460 59722.864    59840.872    62624.409
872  TVM+F+I+R2    29411.320    461 59744.640    59863.194    62652.493
873  TVM+F+I+R3    29389.637    463 59705.274    59824.924    62625.742
884  SYM+I+G4      29585.348    458 60086.695    60203.615    62975.625
894  SYM+I+R2      29593.247    459 60104.494    60221.957    62999.731
895  SYM+I+R3      29568.566    461 60059.132    60177.686    62966.984
906  SYM+I+G4      29585.348    458 60086.695    60203.615    62975.625
916  SYM+I+R2      29593.247    459 60104.494    60221.957    62999.731
917  SYM+I+R3      29568.566    461 60059.132    60177.686    62966.984
928  GTR+I+G4      29585.254    458 60086.508    60203.428    62975.437
938  GTR+I+R2      29593.275    459 60104.549    60222.012    62999.786
939  GTR+I+R3      29568.369    461 60058.737    60177.291    62966.589
950  GTR+F+I+G4    29353.637    461 59629.273    59747.827    62537.126
960  GTR+F+I+R2    29364.348    462 59652.696    59771.798    62566.857
961  GTR+F+I+R3    29333.537    464 59595.075    59715.275    62521.850
Akaike Information Criterion:           GTR+F+I+R3
Corrected Akaike Information Criterion: GTR+F+I+R3
Bayesian Information Criterion:         TIM2+F+I+R3
Best-fit model: TIM2+F+I+R3 chosen according to BIC

All model information printed to results/dna_M4326_227_4055.phy/output_files/iqtree/inference/pars_13.model.gz
CPU time for ModelFinder: 459.417 seconds (0h:7m:39s)
Wall-clock time for ModelFinder: 462.651 seconds (0h:7m:42s)

NOTE: 40 MB RAM (0 GB) is required!
Estimate model parameters (epsilon = 0.010)
1. Initial log-likelihood: -29338.104
2. Current log-likelihood: -29337.984
3. Current log-likelihood: -29337.966
Optimal log-likelihood: -29337.959
Rate parameters:  A-C: 1.48922  A-G: 13.82750  A-T: 1.48922  C-G: 1.00000  C-T: 26.43579  G-T: 1.00000
Base frequencies:  A: 0.325  C: 0.225  G: 0.130  T: 0.321
Proportion of invariable sites: 0.546
Site proportion and rates:  (0.249,0.568) (0.185,3.651) (0.020,9.305)
Parameters optimization took 3 rounds (2.293 sec)
Wrote distance file to... 
BEST SCORE FOUND : -29337.959
Total tree length: 1.693

Total number of iterations: 0
CPU time used for tree search: 0.000 sec (0h:0m:0s)
Wall-clock time used for tree search: 0.000 sec (0h:0m:0s)
Total CPU time used: 461.743 sec (0h:7m:41s)
Total wall-clock time used: 464.987 sec (0h:7m:44s)

Analysis results written to: 
  IQ-TREE report:                results/dna_M4326_227_4055.phy/output_files/iqtree/inference/pars_13.iqtree
  Maximum-likelihood tree:       results/dna_M4326_227_4055.phy/output_files/iqtree/inference/pars_13.treefile
  Screen log file:               results/dna_M4326_227_4055.phy/output_files/iqtree/inference/pars_13.log

Date and Time: Sun Sep 21 20:31:39 2025
