IQ-TREE version 3.0.1 for Linux x86 64-bit built Sep 12 2025
Developed by Bui Quang Minh, Thomas Wong, Nhan Ly-Trong, Huaiyan Ren
Contributed by Lam-Tung Nguyen, Dominik Schrempf, Chris Bielow,
Olga Chernomor, Michael Woodhams, Diep Thi Hoang, Heiko Schmidt

Host:    suny-Precision-5530 (AVX2, FMA3, 15 GB RAM)
Command: /usr/local/bin/iqtree3 -s /home/suny/Downloads/VAN_TRAINING_DATA/data2/dna_M4326_227_4055.phy -pre results/dna_M4326_227_4055.phy/output_files/iqtree/inference/pars_1 -seed 1 -ninit 1 -T 1 -redo -n 0
Seed:    1 (Using SPRNG - Scalable Parallel Random Number Generator)
Time:    Mon Sep 22 06:09:58 2025
Kernel:  AVX+FMA - 1 threads (12 CPU cores detected)

HINT: Use -nt option to specify number of threads because your CPU has 12 cores!
HINT: -nt AUTO will automatically determine the best number of threads to use.

Reading alignment file /home/suny/Downloads/VAN_TRAINING_DATA/data2/dna_M4326_227_4055.phy ... Phylip format detected
Alignment most likely contains DNA/RNA sequences
Constructing alignment: done in 0.0132436 secs using 76.5% CPU
Alignment has 227 sequences with 4055 columns, 1822 distinct patterns
1141 parsimony-informative, 222 singleton sites, 2692 constant sites
                                   Gap/Ambiguity  Composition  p-value
Analyzing sequences: done in 0.00179683 secs using 99.84% CPU
   1  Crocidura_attenuata_ROM114916       14.57%    passed     68.24%
   2  Crocidura_attenuata_ROM116033        5.08%    passed     63.21%
   3  Crocidura_batakorum_KU165320         3.92%    passed     55.80%
   4  Crocidura_batakorum_KU165412         3.82%    passed     70.39%
   5  Crocidura_batakorum_KU165413        14.18%    passed     38.27%
   6  Crocidura_batakorum_KU165415         1.90%    passed     69.18%
   7  Crocidura_batakorum_KU165417        14.97%    passed     27.88%
   8  Crocidura_batakorum_KU165418         2.86%    passed     61.96%
   9  Crocidura_batakorum_KU165419         1.23%    passed     77.15%
  10  Crocidura_batakorum_KU165420         1.21%    passed     74.39%
  11  Crocidura_batakorum_KU165421         1.23%    passed     76.11%
  12  Crocidura_batakorum_KU165422         1.21%    passed     75.38%
  13  Crocidura_beatus_CMC1254             4.49%    passed     86.28%
  14  Crocidura_beatus_CMC1269             8.71%    passed     54.31%
  15  Crocidura_beatus_CMC1281            19.19%    passed     46.81%
  16  Crocidura_beatus_CMC1288            12.60%    passed     92.23%
  17  Crocidura_beatus_CMC1311            14.62%    passed     77.58%
  18  Crocidura_beatus_CMC1402            14.30%    passed     56.11%
  19  Crocidura_beatus_CMC1437             2.37%    passed     88.58%
  20  Crocidura_beatus_CMC1719             3.35%    passed     88.35%
  21  Crocidura_beatus_FMNH146965          3.80%    passed     94.91%
  22  Crocidura_beatus_FMNH146966          3.40%    passed     96.35%
  23  Crocidura_beatus_FMNH147819         14.55%    passed     51.15%
  24  Crocidura_beatus_FMNH166459          3.67%    passed     96.79%
  25  Crocidura_beatus_FMNH186804          3.11%    passed     80.74%
  26  Crocidura_beatus_FMNH190154         14.57%    passed     74.05%
  27  Crocidura_beatus_FMNH191345          3.35%    passed     76.81%
  28  Crocidura_beatus_KU165703            0.91%    passed     72.11%
  29  Crocidura_beatus_KU165704           12.73%    passed     71.94%
  30  Crocidura_beatus_KU165705            1.38%    passed     78.09%
  31  Crocidura_beatus_KU165706            0.99%    passed     70.16%
  32  Crocidura_beatus_KU165707            2.39%    passed     85.28%
  33  Crocidura_beatus_KU165708           12.58%    passed     70.52%
  34  Crocidura_beatus_KU165710           12.63%    passed     73.85%
  35  Crocidura_beatus_KU165711           12.58%    passed     68.73%
  36  Crocidura_beatus_KU165712            0.91%    passed     69.31%
  37  Crocidura_beatus_KU165713           12.55%    passed     71.66%
  38  Crocidura_beatus_KU165714            0.91%    passed     68.61%
  39  Crocidura_beatus_KU165715            0.79%    passed     71.23%
  40  Crocidura_beatus_KU165716            0.79%    passed     71.23%
  41  Crocidura_beatus_KU165717            1.06%    passed     75.91%
  42  Crocidura_beatus_KU165718            1.04%    passed     69.57%
  43  Crocidura_beatus_KU165720           15.51%    passed     61.79%
  44  Crocidura_beatus_KU165742            9.25%    passed     97.36%
  45  Crocidura_beatus_KU165744            7.42%    passed     76.26%
  46  Crocidura_beatus_KU165745           17.53%    passed     60.98%
  47  Crocidura_beatus_KU165746           15.78%    passed     89.86%
  48  Crocidura_beatus_KU165748           15.14%    passed     92.14%
  49  Crocidura_beatus_KU165749           15.93%    passed     87.09%
  50  Crocidura_beatus_KU165750            7.69%    passed     94.74%
  51  Crocidura_beatus_KU165751            1.33%    passed     64.79%
  52  Crocidura_beatus_KU165752            2.29%    passed     82.43%
  53  Crocidura_beatus_KU165753           19.78%    passed     58.70%
  54  Crocidura_beatus_KU165754           15.93%    passed     83.52%
  55  Crocidura_beatus_KU165756            2.34%    passed     69.86%
  56  Crocidura_beatus_KU165757           13.88%    passed     77.28%
  57  Crocidura_beatus_KU165758           12.55%    passed     79.76%
  58  Crocidura_beatus_KU165759           15.88%    passed     52.59%
  59  Crocidura_beatus_KU165760           17.41%    passed     61.21%
  60  Crocidura_beatus_KU165761           16.03%    passed     90.70%
  61  Crocidura_beatus_KU165762           14.62%    passed     57.91%
  62  Crocidura_beatus_KU165763           14.70%    passed     61.11%
  63  Crocidura_beatus_KU165766           14.57%    passed     66.18%
  64  Crocidura_beatus_KU165767            0.84%    passed     61.61%
  65  Crocidura_beatus_KU165768           12.60%    passed     80.28%
  66  Crocidura_beatus_KU165775            5.35%    passed     93.08%
  67  Crocidura_beatus_MSU                 2.05%    passed     69.51%
  68  Crocidura_brunnea_ROM101935          4.22%    passed     90.56%
  69  Crocidura_cf_tanakae_MVZ185237      43.75%    failed      0.66%
  70  Crocidura_cf_tanakae_ROM107661       3.26%    passed     75.31%
  71  Crocidura_cf_tanakae_ROM111293       6.46%    passed     85.16%
  72  Crocidura_cf_tanakae_ROM111317       3.11%    passed     60.96%
  73  Crocidura_cf_tanakae_ROM114960       5.80%    passed     85.03%
  74  Crocidura_cf_tanakae_ROM115004      29.96%    failed      0.24%
  75  Crocidura_cf_tanakae_ROM115005      15.88%    passed     66.98%
  76  Crocidura_cf_tanakae_ROM115021      15.12%    passed     64.09%
  77  Crocidura_cf_tanakae_ROM116114      30.83%    failed      0.20%
  78  Crocidura_cf_tanakae_ROM116366       2.07%    passed     69.80%
  79  Crocidura_cf_tanakae_ROM116426      20.22%    passed     61.59%
  80  Crocidura_cf_tanakae_ROM116432       3.87%    passed     75.26%
  81  Crocidura_cf_tanakae_ROM116443      14.72%    passed     70.18%
  82  Crocidura_foetida_USNM590298        14.03%    passed     54.58%
  83  Crocidura_foetida_USNM590299         8.21%    passed     98.09%
  84  Crocidura_foetida_USNM590458        16.62%    passed     57.10%
  85  Crocidura_fuliginosa_IZEA3553       27.79%    passed     55.47%
  86  Crocidura_fuliginosa_IZEA3753       17.56%    passed     58.96%
  87  Crocidura_grayi_CMC339               3.06%    passed     80.98%
  88  Crocidura_grayi_FMNH167217          14.92%    passed     83.52%
  89  Crocidura_grayi_FMNH167218          13.05%    passed     95.37%
  90  Crocidura_grayi_FMNH167219           0.89%    passed     35.96%
  91  Crocidura_grayi_FMNH167220          14.33%    passed     86.13%
  92  Crocidura_grayi_FMNH167221           2.79%    passed     56.27%
  93  Crocidura_grayi_FMNH175371           2.69%    passed     58.14%
  94  Crocidura_grayi_FMNH175372           1.97%    passed     69.20%
  95  Crocidura_grayi_FMNH175373           4.00%    passed     84.89%
  96  Crocidura_grayi_FMNH175376          14.45%    passed     88.83%
  97  Crocidura_grayi_FMNH175377           2.74%    passed     78.87%
  98  Crocidura_grayi_FMNH175378          14.38%    passed     88.54%
  99  Crocidura_grayi_FMNH183449           0.81%    passed     70.27%
 100  Crocidura_grayi_FMNH183450           3.18%    passed     91.88%
 101  Crocidura_grayi_FMNH183451          13.00%    passed     83.92%
 102  Crocidura_grayi_FMNH183452           2.59%    passed     89.30%
 103  Crocidura_grayi_FMNH183453           2.27%    passed     83.46%
 104  Crocidura_grayi_FMNH183457           0.76%    passed     71.57%
 105  Crocidura_grayi_FMNH183466          12.53%    passed     82.26%
 106  Crocidura_grayi_FMNH183467           2.19%    passed     81.75%
 107  Crocidura_grayi_FMNH183468          12.60%    passed     84.34%
 108  Crocidura_grayi_FMNH183469          12.58%    passed     84.43%
 109  Crocidura_grayi_FMNH185796           0.84%    passed     60.41%
 110  Crocidura_grayi_FMNH185797           3.63%    passed     80.67%
 111  Crocidura_grayi_FMNH186718           1.04%    passed     62.58%
 112  Crocidura_grayi_FMNH186719           2.86%    passed     69.45%
 113  Crocidura_grayi_FMNH188223          13.39%    passed     78.32%
 114  Crocidura_grayi_FMNH188224          13.39%    passed     79.52%
 115  Crocidura_grayi_FMNH188225          29.05%    failed      0.26%
 116  Crocidura_grayi_FMNH188226           3.35%    passed     88.43%
 117  Crocidura_grayi_FMNH188227          12.65%    passed     77.72%
 118  Crocidura_grayi_FMNH190702          15.39%    passed     67.32%
 119  Crocidura_grayi_FMNH190703          13.61%    passed     84.02%
 120  Crocidura_grayi_FMNH190704           1.11%    passed     67.44%
 121  Crocidura_grayi_FMNH190705          15.54%    passed     69.79%
 122  Crocidura_grayi_FMNH193407          28.66%    passed      8.93%
 123  Crocidura_grayi_FMNH193408           3.03%    passed     77.87%
 124  Crocidura_grayi_FMNH193420          15.54%    passed     67.48%
 125  Crocidura_grayi_FMNH193424          14.87%    passed     79.00%
 126  Crocidura_grayi_FMNH193425          15.81%    passed     79.50%
 127  Crocidura_grayi_FMNH193429          13.64%    passed     91.91%
 128  Crocidura_grayi_FMNH193430           4.00%    passed     76.03%
 129  Crocidura_grayi_FMNH193431          15.41%    passed     77.69%
 130  Crocidura_grayi_FMNH193432          15.46%    passed     83.63%
 131  Crocidura_grayi_FMNH193433          14.87%    passed     87.93%
 132  Crocidura_grayi_FMNH193445           3.85%    passed     60.52%
 133  Crocidura_grayi_FMNH193446           1.87%    passed     65.26%
 134  Crocidura_grayi_FMNH193447           1.85%    passed     67.98%
 135  Crocidura_grayi_FMNH193850           1.87%    passed     65.78%
 136  Crocidura_grayi_FMNH194718          16.13%    passed     79.64%
 137  Crocidura_grayi_FMNH194719           2.12%    passed     76.16%
 138  Crocidura_grayi_FMNH194720          16.99%    passed     57.95%
 139  Crocidura_grayi_KU164020            13.22%    passed     88.88%
 140  Crocidura_grayi_KU164021             1.90%    passed     60.69%
 141  Crocidura_grayi_USNM573364           2.96%    passed     71.97%
 142  Crocidura_grayi_USNM573367           2.27%    passed     71.09%
 143  Crocidura_grayi_USNM573371          15.83%    passed     78.09%
 144  Crocidura_grayi_USNM573601          13.64%    passed     92.17%
 145  Crocidura_grayi_USNM573602          13.71%    passed     93.21%
 146  Crocidura_grayi_halconus_CMC1066    12.92%    passed     90.95%
 147  Crocidura_grayi_halconus_KU164433    1.82%    passed     75.07%
 148  Crocidura_grayi_halconus_KU164434   15.61%    passed     70.94%
 149  Crocidura_grayi_halconus_KU164435   16.23%    passed     73.43%
 150  Crocidura_grayi_halconus_KU164436    4.44%    passed     88.05%
 151  Crocidura_grayi_halconus_KU164437   16.40%    passed     54.04%
 152  Crocidura_grayi_halconus_KU164438   13.64%    passed     86.27%
 153  Crocidura_grayi_halconus_KU164439    3.50%    passed     74.39%
 154  Crocidura_grayi_halconus_KU164440   29.89%    failed      0.07%
 155  Crocidura_grayi_halconus_KU164441    1.48%    passed     67.72%
 156  Crocidura_grayi_halconus_KU164442   14.57%    passed     78.56%
 157  Crocidura_grayi_halconus_KU164443   15.44%    passed     61.21%
 158  Crocidura_grayi_halconus_KU165176   25.23%    passed     84.69%
 159  Crocidura_grayi_halconus_KU165177    3.08%    passed     83.37%
 160  Crocidura_grayi_halconus_KU165178   12.75%    passed     83.14%
 161  Crocidura_grayi_halconus_KU165179    4.00%    passed     86.08%
 162  Crocidura_grayi_halconus_KU165518   12.65%    passed     84.27%
 163  Crocidura_lepidura_MVZ192172        13.76%    passed     61.03%
 164  Crocidura_lepidura_MVZ192174        16.89%    passed     24.01%
 165  Crocidura_maxi_MVZ192178            17.46%    passed     44.82%
 166  Crocidura_mindorus_CMC3582          13.81%    passed     58.86%
 167  Crocidura_mindorus_FMNH145685        1.53%    passed     77.54%
 168  Crocidura_mindorus_FMNH145686       14.43%    passed     56.18%
 169  Crocidura_mindorus_FMNH146788       14.35%    passed     69.61%
 170  Crocidura_musseri_IZEA4398          13.83%    passed     59.92%
 171  Crocidura_musseri_IZEA4403          26.73%    passed     98.19%
 172  Crocidura_negrina_KU165046           1.28%    passed     64.14%
 173  Crocidura_negrina_KU165047           0.94%    passed     64.69%
 174  Crocidura_negrina_KU165048           1.90%    passed     57.79%
 175  Crocidura_negrina_KU165049           3.21%    passed     82.55%
 176  Crocidura_negrina_KU165101           0.89%    passed     63.37%
 177  Crocidura_negrina_KU165102          14.13%    passed     65.11%
 178  Crocidura_negrina_KU165103           1.55%    passed     64.77%
 179  Crocidura_negrina_KU165104           3.70%    passed     88.77%
 180  Crocidura_negrina_KU165105           3.38%    passed     86.86%
 181  Crocidura_negrina_KU165106          15.29%    passed     63.53%
 182  Crocidura_negrina_KU165107          14.55%    passed     59.91%
 183  Crocidura_negrina_KU165108           2.52%    passed     67.45%
 184  Crocidura_nigripes_IZEA4382          4.73%    passed     96.75%
 185  Crocidura_nigripes_IZEA4400          2.17%    passed     88.37%
 186  Crocidura_orientalis_ROM101934       1.38%    passed     75.93%
 187  Crocidura_palawanensis_FMNH195214   15.56%    passed     41.11%
 188  Crocidura_palawanensis_FMNH195215    2.17%    passed     87.14%
 189  Crocidura_palawanensis_FMNH195216    3.55%    passed     97.70%
 190  Crocidura_palawanensis_FMNH195217   15.81%    passed     42.63%
 191  Crocidura_palawanensis_FMNH195218   15.46%    passed     29.38%
 192  Crocidura_palawanensis_FMNH195219    4.46%    passed     97.12%
 193  Crocidura_palawanensis_FMNH195220   12.75%    passed     68.25%
 194  Crocidura_palawanensis_FMNH195221    2.84%    passed     91.35%
 195  Crocidura_palawanensis_FMNH195223   15.88%    passed     37.22%
 196  Crocidura_palawanensis_FMNH195224   13.74%    passed     67.83%
 197  Crocidura_palawanensis_FMNH195227   16.97%    passed     19.21%
 198  Crocidura_palawanensis_FMNH195228    4.91%    passed     95.21%
 199  Crocidura_palawanensis_FMNH195229   12.82%    passed     53.63%
 200  Crocidura_palawanensis_FMNH195230    3.50%    passed     96.46%
 201  Crocidura_palawanensis_FMNH195231   12.85%    passed     62.83%
 202  Crocidura_palawanensis_FMNH195233   12.95%    passed     62.13%
 203  Crocidura_palawanensis_FMNH195991   13.74%    passed     47.05%
 204  Crocidura_palawanensis_FMNH195992    1.41%    passed     79.96%
 205  Crocidura_palawanensis_FMNH195993    3.38%    passed     90.01%
 206  Crocidura_palawanensis_FMNH195994    0.79%    passed     85.24%
 207  Crocidura_palawanensis_FMNH195995    5.30%    passed     94.96%
 208  Crocidura_palawanensis_FMNH195996   14.90%    passed     50.56%
 209  Crocidura_palawanensis_KU165463      0.99%    passed     71.37%
 210  Crocidura_panayensis_KU164874       13.83%    passed     66.18%
 211  Crocidura_panayensis_KU164875        4.54%    passed     87.97%
 212  Crocidura_panayensis_KU164876       13.64%    passed     54.37%
 213  Crocidura_panayensis_KU164877       14.25%    passed     61.08%
 214  Crocidura_panayensis_KU164878       12.68%    passed     73.48%
 215  Crocidura_panayensis_KU164992       44.71%    failed      1.22%
 216  Crocidura_panayensis_KU164993       14.70%    passed     54.59%
 217  Crocidura_shantungensis_MVZ181203    1.31%    passed     45.43%
 218  Crocidura_sp__NK10645               18.20%    passed     60.82%
 219  Crocidura_sp_1_NK103507              8.19%    passed     70.33%
 220  Crocidura_sp_2_NK103528             17.26%    passed     21.72%
 221  Crocidura_sp_3_NK104104              4.24%    passed     56.12%
 222  Crocidura_wuchihensis_ROM116090      1.80%    passed     67.26%
 223  Crocidura_wuchihensis_ROM116095      1.92%    passed     63.88%
 224  Crocidura_wuchihensis_ROM116129      1.80%    passed     70.50%
 225  Suncus_murinus_KU164724             26.34%    passed     30.03%
 226  Suncus_murinus_KU164974             17.68%    passed     39.17%
 227  Suncus_murinus_KU165125             14.03%    passed     47.43%
****  TOTAL                                9.73%  6 sequences failed composition chi2 test (p-value<5%; df=3)
Checking for duplicate sequences: done in 0.00236469 secs using 74.56% CPU


Create initial parsimony tree by phylogenetic likelihood library (PLL)... 0.052 seconds
Perform fast likelihood tree search using GTR+I+G model...
Estimate model parameters (epsilon = 5.000)
Perform nearest neighbor interchange...
Estimate model parameters (epsilon = 1.000)
1. Initial log-likelihood: -29358.673
Optimal log-likelihood: -29358.541
Rate parameters:  A-C: 1.50312  A-G: 12.51205  A-T: 1.15791  C-G: 0.75749  C-T: 21.77404  G-T: 1.00000
Base frequencies:  A: 0.325  C: 0.225  G: 0.130  T: 0.321
Proportion of invariable sites: 0.357
Gamma shape alpha: 0.393
Parameters optimization took 1 rounds (1.026 sec)
Time for fast ML tree search: 13.163 seconds

NOTE: ModelFinder requires 134 MB RAM!
ModelFinder will test up to 968 DNA models (sample size: 4055 epsilon: 0.100) ...
 No. Model         -LnL         df  AIC          AICc         BIC
  1  JC            36229.813    451 73361.626    73474.783    76206.402
  2  JC+I          33380.565    452 67665.130    67778.820    70516.213
  3  JC+G4         32873.771    452 66651.542    66765.232    69502.625
  4  JC+I+G4       32797.968    453 66501.936    66616.161    69359.327
  5  JC+R2         32883.410    453 66672.819    66787.044    69530.210
  6  JC+R3         32794.152    455 66498.304    66613.603    69368.310
  7  JC+R4         32791.135    457 66496.270    66612.648    69378.892
 14  JC+I+R2       32797.852    454 66503.704    66618.465    69367.402
 15  JC+I+R3       32789.531    456 66491.061    66606.899    69367.375
 16  JC+I+R4       32789.234    458 66494.469    66611.389    69383.398
 26  JC+I+G4       32797.968    453 66501.936    66616.161    69359.327
 28  JC+R3         32794.152    455 66498.304    66613.603    69368.310
 36  JC+I+R2       32797.852    454 66503.704    66618.465    69367.402
 37  JC+I+R3       32789.531    456 66491.061    66606.899    69367.375
 48  F81+I+G4      32797.746    453 66501.492    66615.717    69358.883
 50  F81+R3        32791.507    455 66493.014    66608.313    69363.020
 58  F81+I+R2      32797.853    454 66503.705    66618.466    69367.404
 59  F81+I+R3      32789.464    456 66490.928    66606.766    69367.242
 70  F81+F+I+G4    32465.424    456 65842.848    65958.686    68719.162
 72  F81+F+R3      32458.512    458 65833.025    65949.944    68721.954
 80  F81+F+I+R2    32466.575    457 65847.150    65963.528    68729.772
 81  F81+F+I+R3    32456.469    459 65830.939    65948.402    68726.176
 92  K2P+I+G4      29917.321    454 60742.641    60857.402    63606.340
 94  K2P+R3        29906.347    456 60724.694    60840.532    63601.008
102  K2P+I+R2      29918.308    455 60746.617    60861.916    63616.623
103  K2P+I+R3      29903.907    457 60721.813    60838.192    63604.435
114  K2P+I+G4      29917.321    454 60742.641    60857.402    63606.340
116  K2P+R3        29906.347    456 60724.694    60840.532    63601.008
124  K2P+I+R2      29918.308    455 60746.617    60861.916    63616.623
125  K2P+I+R3      29903.907    457 60721.813    60838.192    63604.435
136  HKY+I+G4      29917.356    454 60742.711    60857.473    63606.410
138  HKY+R3        29906.275    456 60724.550    60840.388    63600.864
146  HKY+I+R2      29918.271    455 60746.542    60861.840    63616.548
147  HKY+I+R3      29903.783    457 60721.566    60837.944    63604.187
158  HKY+F+I+G4    29411.063    457 59736.127    59852.505    62618.749
160  HKY+F+R3      29407.056    459 59732.111    59849.575    62627.348
168  HKY+F+I+R2    29422.339    458 59760.678    59877.598    62649.608
169  HKY+F+I+R3    29400.564    460 59721.128    59839.136    62622.673
180  TNe+I+G4      29676.670    455 60263.341    60378.639    63133.347
182  TNe+R3        29674.256    457 60262.512    60378.890    63145.133
190  TNe+I+R2      29685.046    456 60282.092    60397.930    63158.406
191  TNe+I+R3      29654.314    458 60224.628    60341.547    63113.557
202  TNe+I+G4      29676.670    455 60263.341    60378.639    63133.347
204  TNe+R3        29674.256    457 60262.512    60378.890    63145.133
212  TNe+I+R2      29685.046    456 60282.092    60397.930    63158.406
213  TNe+I+R3      29654.314    458 60224.628    60341.547    63113.557
224  TN+I+G4       29676.605    455 60263.209    60378.508    63133.216
226  TN+R3         29674.020    457 60262.039    60378.417    63144.661
234  TN+I+R2       29684.935    456 60281.871    60397.708    63158.185
235  TN+I+R3       29654.171    458 60224.342    60341.262    63113.272
246  TN+F+I+G4     29365.758    458 59647.515    59764.435    62536.445
248  TN+F+R3       29366.528    460 59653.055    59771.063    62554.600
256  TN+F+I+R2     29376.727    459 59671.454    59788.917    62566.691
257  TN+F+I+R3     29345.925    461 59613.850    59732.404    62521.702
268  K3P+I+G4      29917.601    455 60745.202    60860.501    63615.209
270  K3P+R3        29906.544    457 60727.088    60843.466    63609.709
278  K3P+I+R2      29918.560    456 60749.121    60864.959    63625.435
279  K3P+I+R3      29906.183    458 60728.366    60845.286    63617.295
290  K3P+I+G4      29917.601    455 60745.202    60860.501    63615.209
292  K3P+R3        29906.544    457 60727.088    60843.466    63609.709
300  K3P+I+R2      29918.560    456 60749.121    60864.959    63625.435
301  K3P+I+R3      29906.183    458 60728.366    60845.286    63617.295
312  K3Pu+I+G4     29917.519    455 60745.039    60860.338    63615.045
314  K3Pu+R3       29906.435    457 60726.871    60843.249    63609.492
322  K3Pu+I+R2     29918.479    456 60748.958    60864.795    63625.272
323  K3Pu+I+R3     29905.998    458 60727.996    60844.916    63616.925
334  K3Pu+F+I+G4   29409.257    458 59734.514    59851.433    62623.443
336  K3Pu+F+R3     29405.504    460 59731.008    59849.016    62632.553
344  K3Pu+F+I+R2   29420.594    459 59759.188    59876.651    62654.425
345  K3Pu+F+I+R3   29398.758    461 59719.516    59838.070    62627.369
356  TPM2+I+G4     29810.960    455 60531.920    60647.219    63401.926
358  TPM2+R3       29798.606    457 60511.212    60627.591    63393.834
366  TPM2+I+R2     29810.847    456 60533.694    60649.531    63410.008
367  TPM2+I+R3     29797.864    458 60511.729    60628.649    63400.658
378  TPM2+I+G4     29810.960    455 60531.920    60647.219    63401.926
380  TPM2+R3       29798.606    457 60511.212    60627.591    63393.834
388  TPM2+I+R2     29810.847    456 60533.694    60649.531    63410.008
389  TPM2+I+R3     29797.864    458 60511.729    60628.649    63400.658
400  TPM2u+I+G4    29810.907    455 60531.814    60647.112    63401.820
402  TPM2u+R3      29798.511    457 60511.022    60627.400    63393.644
410  TPM2u+I+R2    29810.805    456 60533.611    60649.449    63409.925
411  TPM2u+I+R3    29797.690    458 60511.380    60628.300    63400.309
422  TPM2u+F+I+G4  29405.840    458 59727.680    59844.599    62616.609
424  TPM2u+F+R3    29402.455    460 59724.911    59842.919    62626.455
432  TPM2u+F+I+R2  29416.208    459 59750.415    59867.879    62645.652
433  TPM2u+F+I+R3  29394.907    461 59711.814    59830.368    62619.667
444  TPM3+I+G4     29917.023    455 60744.047    60859.345    63614.053
446  TPM3+R3       29906.001    457 60726.001    60842.380    63608.623
454  TPM3+I+R2     29918.132    456 60748.263    60864.101    63624.577
455  TPM3+I+R3     29904.285    458 60724.570    60841.490    63613.500
466  TPM3+I+G4     29917.023    455 60744.047    60859.345    63614.053
468  TPM3+R3       29906.001    457 60726.001    60842.380    63608.623
476  TPM3+I+R2     29918.132    456 60748.263    60864.101    63624.577
477  TPM3+I+R3     29904.285    458 60724.570    60841.490    63613.500
488  TPM3u+I+G4    29916.979    455 60743.958    60859.257    63613.965
490  TPM3u+R3      29905.946    457 60725.892    60842.270    63608.513
498  TPM3u+I+R2    29918.093    456 60748.187    60864.024    63624.500
499  TPM3u+I+R3    29904.194    458 60724.388    60841.308    63613.317
510  TPM3u+F+I+G4  29410.785    458 59737.571    59854.491    62626.500
512  TPM3u+F+R3    29407.213    460 59734.426    59852.434    62635.971
520  TPM3u+F+I+R2  29422.092    459 59762.184    59879.647    62657.421
521  TPM3u+F+I+R3  29399.586    461 59721.172    59839.725    62629.024
532  TIMe+I+G4     29677.697    456 60267.393    60383.231    63143.707
534  TIMe+R3       29675.291    458 60266.581    60383.501    63155.511
542  TIMe+I+R2     29685.326    457 60284.652    60401.031    63167.274
543  TIMe+I+R3     29654.670    459 60227.339    60344.802    63122.576
554  TIMe+I+G4     29677.697    456 60267.393    60383.231    63143.707
556  TIMe+R3       29675.291    458 60266.581    60383.501    63155.511
564  TIMe+I+R2     29685.326    457 60284.652    60401.031    63167.274
565  TIMe+I+R3     29654.670    459 60227.339    60344.802    63122.576
576  TIM+I+G4      29676.767    456 60265.533    60381.371    63141.847
578  TIM+R3        29674.170    458 60264.340    60381.260    63153.270
586  TIM+I+R2      29685.273    457 60284.545    60400.923    63167.167
587  TIM+I+R3      29654.522    459 60227.043    60344.507    63122.280
598  TIM+F+I+G4    29363.685    459 59645.370    59762.833    62540.607
600  TIM+F+R3      29364.221    461 59650.441    59768.995    62558.294
608  TIM+F+I+R2    29374.805    460 59669.610    59787.618    62571.155
609  TIM+F+I+R3    29343.304    462 59610.608    59729.710    62524.768
620  TIM2e+I+G4    29589.968    456 60091.937    60207.775    62968.251
622  TIM2e+R3      29588.418    458 60092.835    60209.755    62981.764
630  TIM2e+I+R2    29598.047    457 60110.095    60226.473    62992.717
631  TIM2e+I+R3    29572.445    459 60062.889    60180.352    62958.126
642  TIM2e+I+G4    29589.968    456 60091.937    60207.775    62968.251
644  TIM2e+R3      29588.418    458 60092.835    60209.755    62981.764
652  TIM2e+I+R2    29598.047    457 60110.095    60226.473    62992.717
653  TIM2e+I+R3    29572.445    459 60062.889    60180.352    62958.126
664  TIM2+I+G4     29589.958    456 60091.916    60207.753    62968.229
666  TIM2+R3       29588.249    458 60092.498    60209.418    62981.428
674  TIM2+I+R2     29598.002    457 60110.004    60226.383    62992.626
675  TIM2+I+R3     29572.412    459 60062.824    60180.287    62958.061
686  TIM2+F+I+G4   29359.473    459 59636.946    59754.409    62532.183
688  TIM2+F+R3     29360.463    461 59642.926    59761.480    62550.779
696  TIM2+F+I+R2   29370.167    460 59660.334    59778.341    62561.878
697  TIM2+F+I+R3   29340.160    462 59604.320    59723.422    62518.481
708  TIM3e+I+G4    29676.481    456 60264.963    60380.800    63141.277
710  TIM3e+R3      29673.422    458 60262.845    60379.765    63151.774
718  TIM3e+I+R2    29684.519    457 60283.038    60399.416    63165.659
719  TIM3e+I+R3    29653.728    459 60225.456    60342.919    63120.693
730  TIM3e+I+G4    29676.481    456 60264.963    60380.800    63141.277
732  TIM3e+R3      29673.422    458 60262.845    60379.765    63151.774
740  TIM3e+I+R2    29684.519    457 60283.037    60399.416    63165.659
741  TIM3e+I+R3    29653.728    459 60225.456    60342.919    63120.693
752  TIM3+I+G4     29676.476    456 60264.951    60380.789    63141.265
754  TIM3+R3       29673.284    458 60262.569    60379.489    63151.498
762  TIM3+I+R2     29684.532    457 60283.063    60399.441    63165.685
763  TIM3+I+R3     29653.700    459 60225.401    60342.864    63120.638
774  TIM3+F+I+G4   29364.880    459 59647.760    59765.223    62542.997
776  TIM3+F+R3     29365.617    461 59653.234    59771.787    62561.086
784  TIM3+F+I+R2   29376.042    460 59672.085    59790.092    62573.629
785  TIM3+F+I+R3   29344.720    462 59613.441    59732.542    62527.601
796  TVMe+I+G4     29808.780    457 60531.560    60647.939    63414.182
798  TVMe+R3       29795.828    459 60509.655    60627.119    63404.892
806  TVMe+I+R2     29808.609    458 60533.219    60650.139    63422.148
807  TVMe+I+R3     29796.055    460 60512.109    60630.117    63413.654
818  TVMe+I+G4     29808.780    457 60531.560    60647.939    63414.182
820  TVMe+R3       29795.828    459 60509.655    60627.119    63404.892
828  TVMe+I+R2     29808.609    458 60533.219    60650.139    63422.148
829  TVMe+I+R3     29796.055    460 60512.109    60630.117    63413.654
840  TVM+I+G4      29808.421    457 60530.842    60647.220    63413.463
842  TVM+R3        29795.592    459 60509.184    60626.647    63404.421
850  TVM+I+R2      29808.509    458 60533.019    60649.939    63421.948
851  TVM+I+R3      29795.852    460 60511.705    60629.713    63413.250
862  TVM+F+I+G4    29402.876    460 59725.753    59843.760    62627.297
864  TVM+F+R3      29399.125    462 59722.250    59841.351    62636.410
872  TVM+F+I+R2    29413.192    461 59748.385    59866.938    62656.237
873  TVM+F+I+R3    29391.569    463 59709.138    59828.789    62629.606
884  SYM+I+G4      29587.298    458 60090.597    60207.517    62979.526
886  SYM+R3        29585.419    460 60090.838    60208.846    62992.383
894  SYM+I+R2      29595.604    459 60109.207    60226.670    63004.444
895  SYM+I+R3      29570.801    461 60063.603    60182.157    62971.455
906  SYM+I+G4      29587.298    458 60090.597    60207.517    62979.526
908  SYM+R3        29585.419    460 60090.838    60208.846    62992.383
916  SYM+I+R2      29595.604    459 60109.207    60226.670    63004.444
917  SYM+I+R3      29570.801    461 60063.603    60182.157    62971.455
928  GTR+I+G4      29587.234    458 60090.467    60207.387    62979.397
930  GTR+R3        29585.314    460 60090.627    60208.635    62992.172
938  GTR+I+R2      29595.644    459 60109.289    60226.752    63004.526
939  GTR+I+R3      29570.625    461 60063.250    60181.804    62971.103
950  GTR+F+I+G4    29356.058    461 59634.117    59752.670    62541.969
952  GTR+F+R3      29356.973    463 59639.947    59759.597    62560.414
960  GTR+F+I+R2    29366.864    462 59657.727    59776.829    62571.887
961  GTR+F+I+R3    29336.224    464 59600.449    59720.649    62527.224
Akaike Information Criterion:           GTR+F+I+R3
Corrected Akaike Information Criterion: GTR+F+I+R3
Bayesian Information Criterion:         TIM2+F+I+R3
Best-fit model: TIM2+F+I+R3 chosen according to BIC

All model information printed to results/dna_M4326_227_4055.phy/output_files/iqtree/inference/pars_1.model.gz
CPU time for ModelFinder: 681.250 seconds (0h:11m:21s)
Wall-clock time for ModelFinder: 685.497 seconds (0h:11m:25s)

NOTE: 40 MB RAM (0 GB) is required!
Estimate model parameters (epsilon = 0.010)
1. Initial log-likelihood: -29340.358
2. Current log-likelihood: -29340.234
3. Current log-likelihood: -29340.216
4. Current log-likelihood: -29340.202
5. Current log-likelihood: -29340.190
6. Current log-likelihood: -29340.177
7. Current log-likelihood: -29340.166
8. Current log-likelihood: -29340.155
Optimal log-likelihood: -29340.143
Rate parameters:  A-C: 1.47811  A-G: 13.64755  A-T: 1.47811  C-G: 1.00000  C-T: 26.12510  G-T: 1.00000
Base frequencies:  A: 0.325  C: 0.225  G: 0.130  T: 0.321
Proportion of invariable sites: 0.549
Site proportion and rates:  (0.251,0.589) (0.187,3.789) (0.014,10.635)
Parameters optimization took 8 rounds (5.736 sec)
Wrote distance file to... 
BEST SCORE FOUND : -29340.143
Total tree length: 1.695

Total number of iterations: 0
CPU time used for tree search: 0.000 sec (0h:0m:0s)
Wall-clock time used for tree search: 0.000 sec (0h:0m:0s)
Total CPU time used: 687.019 sec (0h:11m:27s)
Total wall-clock time used: 691.275 sec (0h:11m:31s)

Analysis results written to: 
  IQ-TREE report:                results/dna_M4326_227_4055.phy/output_files/iqtree/inference/pars_1.iqtree
  Maximum-likelihood tree:       results/dna_M4326_227_4055.phy/output_files/iqtree/inference/pars_1.treefile
  Screen log file:               results/dna_M4326_227_4055.phy/output_files/iqtree/inference/pars_1.log

Date and Time: Mon Sep 22 06:21:29 2025
