
RAxML-NG v. 1.1.0-master released on 04.08.2022 by The Exelixis Lab.
Developed by: Alexey M. Kozlov and Alexandros Stamatakis.
Contributors: Diego Darriba, Tomas Flouri, Benoit Morel, Sarah Lutteropp, Ben Bettisworth.
Latest version: https://github.com/amkozlov/raxml-ng
Questions/problems/suggestions? Please visit: https://groups.google.com/forum/#!forum/raxml

System: Intel(R) Xeon(R) Gold 6132 CPU @ 2.60GHz, 28 cores, 125 GB RAM

RAxML-NG was called at 02-Oct-2025 09:33:13 as follows:

/datausers/ioit/thaontp/tranthanhvan235/raxml-ng/build/bin/raxml-ng --start --msa /datausers/ioit/thaontp/tranthanhvan235/data_treebase/remainMSAs/dna_M12051_699_6914.phy --tree pars{1} --prefix training_data/dna_M12051_699_6914.phy/output_files/parsimony/seed_32 --model GTR+G --seed 32

Analysis options:
  run mode: Starting tree generation
  start tree(s): parsimony (1)
  random seed: 32
  SIMD kernels: AVX2
  parallelization: coarse-grained (auto), PTHREADS (auto)

[00:00:00] Reading alignment from file: /datausers/ioit/thaontp/tranthanhvan235/data_treebase/remainMSAs/dna_M12051_699_6914.phy
[00:00:00] Loaded alignment with 699 taxa and 6914 sites

Alignment comprises 1 partitions and 5718 patterns

Partition 0: noname
Model: GTR+FO+G4m
Alignment sites / patterns: 6914 / 5718
Gaps: 40.93 %
Invariant sites: 30.89 %


NOTE: Binary MSA file created: training_data/dna_M12051_699_6914.phy/output_files/parsimony/seed_32.raxml.rba

[00:00:00] Generating 1 parsimony starting tree(s) with 699 taxa
Parsimony score: 80664

All starting trees saved to: /datausers/ioit/thaontp/minhminh/difficulty-prediction-training-data/training_data/dna_M12051_699_6914.phy/output_files/parsimony/seed_32.raxml.startTree


Execution log saved to: /datausers/ioit/thaontp/minhminh/difficulty-prediction-training-data/training_data/dna_M12051_699_6914.phy/output_files/parsimony/seed_32.raxml.log

Analysis started: 02-Oct-2025 09:33:13 / finished: 02-Oct-2025 09:33:15

Elapsed time: 2.117 seconds

Consumed energy: 0.158 Wh

