
RAxML-NG v. 1.1.0-master released on 04.08.2022 by The Exelixis Lab.
Developed by: Alexey M. Kozlov and Alexandros Stamatakis.
Contributors: Diego Darriba, Tomas Flouri, Benoit Morel, Sarah Lutteropp, Ben Bettisworth.
Latest version: https://github.com/amkozlov/raxml-ng
Questions/problems/suggestions? Please visit: https://groups.google.com/forum/#!forum/raxml

System: Intel(R) Core(TM) i7-8850H CPU @ 2.60GHz, 6 cores, 15 GB RAM

RAxML-NG was called at 19-Sep-2025 04:05:32 as follows:

/usr/local/bin/raxml-ng --start --msa /home/suny/Downloads/VAN_TRAINING_DATA/data1/dna_M2931_229_4722.phy --tree pars{1} --prefix results/dna_M2931_229_4722.phy/output_files/parsimony/seed_8 --model GTR+G --seed 8

Analysis options:
  run mode: Starting tree generation
  start tree(s): parsimony (1)
  random seed: 8
  SIMD kernels: AVX2
  parallelization: coarse-grained (auto), PTHREADS (auto)

[00:00:00] Reading alignment from file: /home/suny/Downloads/VAN_TRAINING_DATA/data1/dna_M2931_229_4722.phy
[00:00:00] Loaded alignment with 229 taxa and 4722 sites

Alignment comprises 1 partitions and 2573 patterns

Partition 0: noname
Model: GTR+FO+G4m
Alignment sites / patterns: 4722 / 2573
Gaps: 23.67 %
Invariant sites: 57.56 %


NOTE: Binary MSA file created: results/dna_M2931_229_4722.phy/output_files/parsimony/seed_8.raxml.rba

[00:00:00] Generating 1 parsimony starting tree(s) with 229 taxa
Parsimony score: 8903

All starting trees saved to: /home/suny/difficulty-prediction-training-data/results/dna_M2931_229_4722.phy/output_files/parsimony/seed_8.raxml.startTree


Execution log saved to: /home/suny/difficulty-prediction-training-data/results/dna_M2931_229_4722.phy/output_files/parsimony/seed_8.raxml.log

Analysis started: 19-Sep-2025 04:05:32 / finished: 19-Sep-2025 04:05:32

Elapsed time: 0.077 seconds

