IQ-TREE version 3.0.1 for Linux x86 64-bit built Sep 23 2025
Developed by Bui Quang Minh, Thomas Wong, Nhan Ly-Trong, Huaiyan Ren
Contributed by Lam-Tung Nguyen, Dominik Schrempf, Chris Bielow,
Olga Chernomor, Michael Woodhams, Diep Thi Hoang, Heiko Schmidt

Host:    cnode04.hpc.vast.vn (AVX512, FMA3, 125 GB RAM)
Command: /datausers/ioit/thaontp/tranthanhvan235/iqtree3/build/iqtree3 -s /datausers/ioit/thaontp/tranthanhvan235/data_treebase/CMINH_TRAINING_DATA/dna_M10434_544_5681.phy -pre training_data/dna_M10434_544_5681.phy/output_files/iqtree/inference/pars_3 -seed 3 -ninit 1 -T 1 -redo -n 0 -nt AUTO
Seed:    3 (Using SPRNG - Scalable Parallel Random Number Generator)
Time:    Fri Sep 26 01:12:41 2025
Kernel:  AVX+FMA - auto-detect threads (56 CPU cores detected)

Reading alignment file /datausers/ioit/thaontp/tranthanhvan235/data_treebase/CMINH_TRAINING_DATA/dna_M10434_544_5681.phy ... Phylip format detected
Alignment most likely contains DNA/RNA sequences
Constructing alignment: done in 0.118099 secs using 658% CPU
Alignment has 544 sequences with 5681 columns, 4095 distinct patterns
2569 parsimony-informative, 778 singleton sites, 2334 constant sites
                                 Gap/Ambiguity  Composition  p-value
Analyzing sequences: done in 0.18472 secs using 699.9% CPU
   1  Achlaena_piptostachya             22.64%    passed     34.57%
   2  Acrachne_racemosa                  0.79%    passed     97.48%
   3  Acritochaete_volkensii             2.41%    passed     98.20%
   4  Acroceras_tonkinense               3.15%    passed     99.99%
   5  Aeluropus_littoralis              12.52%    passed     72.25%
   6  Agrostis_stolonifera               1.06%    passed     84.76%
   7  Aira_caryophyllea                 13.75%    passed     97.72%
   8  Alexfloydia_repens                 0.25%    passed     94.06%
   9  Alexfloydia_repens2                2.66%    passed     79.97%
  10  Allolepis_texana                  39.61%    passed      8.03%
  11  Alloteropsis_angusta               0.69%    passed     93.89%
  12  Alloteropsis_cimicina              0.76%    passed     91.68%
  13  Alloteropsis_eckloniana            0.79%    passed     89.64%
  14  Alloteropsis_paniculata            1.64%    passed     91.70%
  15  Alloteropsis_papillosa             1.27%    passed     90.75%
  16  Alloteropsis_semialata             0.33%    passed     95.01%
  17  Alopecurus_agrestis                0.23%    passed     97.10%
  18  Altoparadisium_chapadense          1.81%    passed     75.73%
  19  Ampelodesmos_mauritanica          12.85%    passed     56.31%
  20  Amphicarpum_amphicarpon            1.97%    passed     90.55%
  21  Amphicarpum_muhlenbergianum        3.03%    passed     99.96%
  22  Amphipogon_caricinus               0.92%    passed     95.70%
  23  Ancistrachne_uncinulata            8.04%    passed     96.25%
  24  Ancistrachne_uncinulata2           7.71%    passed     76.03%
  25  Andropogon_gerardii               13.59%    passed     66.99%
  26  Anisopogon_avenaceus              13.27%    passed     74.47%
  27  Anomochloa_marantoidea             0.56%    passed     80.48%
  28  Anthaenantia_lanata                4.33%    passed     86.71%
  29  Anthaenantia_rufa                  6.46%    passed     94.21%
  30  Anthaenantiopsis_rojasiana         3.33%    passed     78.90%
  31  Anthephora_cristata                2.66%    passed     98.82%
  32  Anthephora_elongata                1.11%    passed     99.21%
  33  Anthephora_pubescens               7.85%    passed     96.46%
  34  Apochloa_euprepes                  7.73%    passed     66.56%
  35  Aristida_adoensis                  8.96%    passed     99.40%
  36  Aristida_adscensionis             12.48%    passed     88.38%
  37  Aristida_adscensionis2             0.37%    passed     83.22%
  38  Aristida_californica               3.40%    passed     92.73%
  39  Aristida_calycina                  4.01%    passed     99.51%
  40  Aristida_capillacea                1.32%    passed     86.18%
  41  Aristida_congesta                  3.89%    passed     81.64%
  42  Aristida_funiculata                3.26%    passed     94.37%
  43  Aristida_hygrometrica              3.61%    passed     87.21%
  44  Aristida_ingrata                   2.52%    passed     86.97%
  45  Aristida_junciformis               0.51%    passed     96.81%
  46  Aristida_longifolia                9.21%    passed     98.29%
  47  Aristida_oligantha                14.17%    passed     91.23%
  48  Aristida_purpurea                  0.69%    passed     93.84%
  49  Aristida_purpurea2                 0.26%    passed     91.21%
  50  Aristida_rhiniochloa               3.29%    passed     77.68%
  51  Aristida_spanospicula              3.68%    passed     96.46%
  52  Aristida_stipoides                 3.19%    passed     86.57%
  53  Aristida_ternipes                  1.13%    passed     90.50%
  54  Aristida_uruguayensis              3.64%    passed     93.85%
  55  Aristida_vagans                    2.53%    passed     91.54%
  56  Aristida_vexativa                  0.92%    passed     89.00%
  57  Arrhenatherum_elatius             13.92%    passed     86.51%
  58  Arthraxon_lanceolatus              0.88%    passed     92.42%
  59  Arthropogon_villosus               1.58%    passed     89.57%
  60  Arundinaria_gigantea               1.46%    passed     76.55%
  61  Arundinaria_sp                     0.21%    passed     77.73%
  62  Arundinella_berteroniana           7.13%    passed     93.18%
  63  Arundinella_deppeana               0.60%    passed     89.44%
  64  Arundo_donax                       6.67%    passed     97.42%
  65  Arundo_formosana                   7.45%    passed     99.36%
  66  Astrebla_lappacea                 12.46%    passed     65.84%
  67  Austrodanthonia_laevis            11.85%    passed     64.87%
  68  Austrodanthonia_setacea           20.61%    passed      7.78%
  69  Austrodanthonia_tenuior           13.40%    passed     13.15%
  70  Avena_sativa                      12.52%    passed     87.73%
  71  Axonopus_anceps                    3.08%    passed     94.37%
  72  Axonopus_compressus               21.42%    passed      5.59%
  73  Axonopus_fissifolius               3.68%    passed     98.72%
  74  Bambusa_oldhamii                   0.19%    passed     71.95%
  75  Bambusa_vulgaris                   6.21%    passed     88.49%
  76  Bewsia_biflora                     0.83%    passed     94.62%
  77  Blepharidachne_kingii              0.79%    passed     98.92%
  78  Boissiera_squarrosa               11.95%    passed     94.94%
  79  Bothriochloa_ischaemum             0.88%    passed     97.30%
  80  Bothriochloa_saccharoides          0.79%    passed     97.60%
  81  Bouteloua_curtipendula            49.45%    failed      3.72%
  82  Bouteloua_dactyloides             12.52%    passed     78.95%
  83  Bouteloua_dactyloides_2            0.42%    passed     96.70%
  84  Bouteloua_dimorpha                 8.06%    passed     82.81%
  85  Bouteloua_gracilis                 2.53%    passed     85.73%
  86  Brachyachne_ciliaris              12.46%    passed     76.74%
  87  Brachychloa_fragilis               0.88%    passed     99.27%
  88  Brachyelytrum_erectum             13.96%    passed     38.24%
  89  Brachypodium_distachyon            1.28%    passed     91.29%
  90  Brachypodium_pinnatum              0.05%    passed     98.51%
  91  Brachypodium_pinnatum2            14.57%    passed     64.30%
  92  Briza_maxima                       3.22%    passed     96.78%
  93  Bromus_catharticus                 0.26%    passed     90.35%
  94  Bromus_hordeaceus                  0.28%    passed     92.45%
  95  Bromus_ramosus                     1.27%    passed     93.31%
  96  Calamovilfa_sp                     3.08%    passed     99.68%
  97  Calyptochloa_gracillima            2.82%    passed     81.15%
  98  Canastra_lanceolata                1.09%    passed     92.73%
  99  Capillipedium_parviflorum          8.66%    passed     56.71%
 100  Cenchrus_americanus                0.48%    passed     97.86%
 101  Cenchrus_caffrus                   3.57%    passed     99.29%
 102  Cenchrus_ciliaris                  0.30%    passed     96.47%
 103  Cenchrus_clandestinus              0.84%    passed     95.51%
 104  Cenchrus_echinatus                 0.79%    passed     95.96%
 105  Cenchrus_longisetus                3.64%    passed     99.09%
 106  Cenchrus_longissimus               0.32%    passed     96.67%
 107  Cenchrus_setaceus                  2.94%    passed     99.64%
 108  Cenchrus_setigerus                 3.08%    passed     99.27%
 109  Cenchrus_violaceus                 3.56%    passed     95.02%
 110  Centotheca_lappacea                1.46%    passed     90.20%
 111  Centrochloa_singularis             3.89%    passed     95.83%
 112  Centropodia_forskalii              3.15%    passed     88.84%
 113  Centropodia_glauca                12.71%    passed     78.17%
 114  Chaetobromus_involucratus         23.80%    passed     61.61%
 115  Chaetopoa_pilosa                   4.45%    passed     95.30%
 116  Chamaeraphis_hordeacea             5.91%    passed     84.37%
 117  Chasmanthium_latifolium            1.20%    passed     96.90%
 118  Chimonobambusa_marmorea           12.66%    passed     27.63%
 119  Chionachne_gigantea                0.39%    passed     94.75%
 120  Chionochloa_antarctica            14.40%    passed     83.21%
 121  Chionochloa_conspicua              1.07%    passed     98.25%
 122  Chionochloa_rigida                 0.37%    passed     98.58%
 123  Chloris_barbata                    0.26%    passed     97.99%
 124  Chloris_elata                      3.13%    passed     97.62%
 125  Chloris_gayana                    12.46%    passed     81.22%
 126  Chloris_radiata                    1.97%    passed     97.44%
 127  Chloris_truncata                  12.52%    passed     82.43%
 128  Chloris_virgata                    0.76%    passed     96.93%
 129  Chlorocalymma_cryptacanthum        4.84%    passed     91.01%
 130  Chrysopogon_latifolius            19.63%    passed      6.60%
 131  Chrysopogon_pallidus              19.75%    passed      6.22%
 132  Chrysopogon_zizanioides            0.39%    passed     97.25%
 133  Chusquea_culeou                    8.15%    passed     88.27%
 134  Cleistochloa_subjuncea             0.86%    passed     95.13%
 135  Coelachne_japonica                 7.36%    passed     94.88%
 136  Coelachyrum_yemenicum             14.29%    passed     76.17%
 137  Coix_lacryma-jobi                 11.69%    passed     75.49%
 138  Coleataenia_anceps                 1.94%    passed     96.02%
 139  Coleataenia_caricoides             0.79%    passed     99.82%
 140  Coleataenia_prionitis              1.64%    passed     95.19%
 141  Coleataenia_tenera                 2.22%    passed     94.44%
 142  Cortaderia_archboldii              3.29%    passed     91.27%
 143  Cortaderia_pilosa                 16.30%    passed     74.47%
 144  Cortaderia_richardii               2.90%    passed     98.05%
 145  Cortaderia_sp.                     0.30%    passed     90.50%
 146  Cottea_pappophoroides             12.85%    passed     87.95%
 147  Crypsis_schoenoides                3.19%    passed     91.86%
 148  Cryptochloa_strictiflora           0.33%    passed     97.14%
 149  Ctenium_concinnum                  6.81%    passed     89.30%
 150  Cymbopogon_citratus                1.06%    passed     94.25%
 151  Cynodon_dactylon                  12.46%    passed     81.68%
 152  Cynodon_transvaalensis             0.37%    passed     97.10%
 153  Cyphochlaena_madagascariensis      3.57%    passed     90.99%
 154  Cyrtococcum_patens                 3.01%    passed     98.13%
 155  Dactylis_glomerata                12.81%    passed     71.05%
 156  Dactyloctenium_aegyptium           0.32%    passed     97.98%
 157  Dallwatsonia_felliana              4.75%    passed     83.24%
 158  Danthonia_alpina                  18.99%    passed     37.26%
 159  Danthonia_californica              5.72%    passed     98.26%
 160  Danthonia_decumbens               12.90%    passed     84.21%
 161  Danthonia_intermedia              15.81%    passed     65.12%
 162  Danthonia_spicata                  0.88%    passed     92.38%
 163  Danthoniopsis_dinteri              2.34%    passed     91.26%
 164  Danthoniopsis_pruinosa            14.56%    passed     90.30%
 165  Dasyochloa_pulchella               1.09%    passed     80.42%
 166  Dendrocalamus_latiflorus           0.21%    passed     72.63%
 167  Deschampsia_foliosa                0.92%    passed     96.44%
 168  Dichanthelium_clandestinum         4.51%    passed     97.07%
 169  Dichanthelium_cumbucana            2.78%    passed     98.22%
 170  Dichanthelium_dichotomum           3.52%    passed     99.99%
 171  Dichanthelium_sabulorum            3.26%    passed     97.32%
 172  Dichanthium_sericeum              10.81%    passed     66.63%
 173  Dichanthium_setosum               10.30%    passed     56.99%
 174  Dichelachne_crinita                3.31%    passed     94.67%
 175  Dichelachne_rara                  42.86%    passed     34.79%
 176  Digitaria_ciliaris                 6.86%    passed     99.30%
 177  Digitaria_didactyla                1.06%    passed     99.30%
 178  Digitaria_eriantha                 6.86%    passed     98.07%
 179  Digitaria_gayana                   4.47%    passed     95.08%
 180  Digitaria_sanguinalis              7.90%    passed     98.90%
 181  Digitaria_sp.                      1.46%    passed     99.99%
 182  Diheteropogon_hagerupii            1.00%    passed     97.84%
 183  Dinebra_retroflexa                12.46%    passed     62.54%
 184  Dissochondrus_biflorus             3.34%    passed     88.61%
 185  Distichlis_eludens                12.52%    passed     69.57%
 186  Distichlis_littoralis             12.52%    passed     65.93%
 187  Distichlis_spicata                 6.20%    passed     75.83%
 188  Echinochloa_colona                 1.44%    passed     85.92%
 189  Echinochloa_crus-galli             0.39%    passed     96.74%
 190  Echinochloa_frumentacea            1.44%    passed     91.57%
 191  Echinolaena_inflexa                4.24%    passed     99.39%
 192  Echinopogon_caespitosus            4.42%    passed     95.10%
 193  Echinopogon_ovatus                 6.14%    passed     98.74%
 194  Ectrosia_leporina                  9.98%    passed     19.54%
 195  Ehrharta_calycina                  4.19%    passed     91.17%
 196  Ehrharta_erecta                   18.27%    passed     47.55%
 197  Eleusine_coracana                 12.32%    passed     75.00%
 198  Eleusine_indica                   12.74%    passed     55.17%
 199  Eleusine_tristachya                3.93%    passed     86.51%
 200  Elionurus_citreus                 10.77%    passed     54.18%
 201  Elymus_farctus                     0.25%    passed     96.96%
 202  Elytrophorus_spicatus              2.85%    passed     99.76%
 203  Enneapogon_desvauxii              28.13%    failed      0.01%
 204  Enteropogon_macrostachyus         33.85%    failed      0.05%
 205  Enteropogon_prieurii               0.26%    passed     98.70%
 206  Entolasia_marginata                6.21%    passed     89.09%
 207  Entolasia_stricta                  8.38%    passed     93.44%
 208  Entoplocamia_aristulata           49.45%    failed      0.38%
 209  Entoplocamia_aristulata2           5.83%    passed     96.98%
 210  Eragrostis_capensis                0.55%    passed     78.84%
 211  Eragrostis_cilianensis             3.77%    passed     77.59%
 212  Eragrostis_curvula                 0.53%    passed     83.91%
 213  Eragrostis_minor                  12.62%    passed     82.66%
 214  Eragrostis_obtusiflora             0.90%    passed     99.81%
 215  Eragrostis_reptans                19.19%    passed     85.26%
 216  Eragrostis_sessilispica            8.22%    passed     98.66%
 217  Eragrostis_spectabilis             3.27%    passed     94.44%
 218  Eragrostis_tef                     0.53%    passed     80.44%
 219  Eragrostis_virescens               0.46%    passed     87.45%
 220  Eragrostis_walteri                 4.98%    passed     93.57%
 221  Eriachne_aristidea                 0.72%    passed     99.47%
 222  Eriachne_ciliata                  14.33%    passed     31.64%
 223  Eriachne_glauca                   13.01%    passed     49.33%
 224  Eriachne_helmsii                   1.25%    passed     99.84%
 225  Eriachne_mucronata                 3.61%    passed     99.85%
 226  Eriachne_pulchella                 3.71%    passed     96.16%
 227  Eriochloa_nana                     0.51%    passed     98.99%
 228  Erioneuron_avenaceum              39.45%    passed     32.30%
 229  Eulalia_aurea                      0.28%    passed     97.63%
 230  Eustachys_distichophylla          12.52%    passed     80.67%
 231  Festuca_petraea                    9.49%    passed     94.79%
 232  Fingerhuthia_africana              3.33%    passed     95.82%
 233  Garnotia_fergusonii                8.22%    passed     84.34%
 234  Gastridium_ventricosum             0.67%    passed     95.60%
 235  Gaudinia_coarctata                 0.63%    passed     95.65%
 236  Germainia_truncatiglumis           4.14%    passed     85.17%
 237  Gerritea_pseudopetiolata           6.78%    passed     91.68%
 238  Gouinia_latifolia                  9.08%    passed     85.66%
 239  Greslania_multiflora               3.64%    passed     91.20%
 240  Guadua_sp                          0.21%    passed     86.70%
 241  Gymnopogon_brevifolius            12.46%    passed     66.73%
 242  Gymnopogon_foliosus                3.03%    passed     99.23%
 243  Gynerium_sagittatum                2.31%    passed     96.15%
 244  Hakonechloa_macra                  6.81%    passed     94.65%
 245  Harpochloa_falx                   39.45%    passed     10.00%
 246  Hemarthria_uncinata               11.67%    passed     39.25%
 247  Heteropholis_sulcata               1.34%    passed     95.81%
 248  Heteropogon_contortus              9.42%    passed     23.06%
 249  Heteropogon_contortus2             3.41%    passed     89.17%
 250  Hilaria_cenchroides                2.06%    passed     87.72%
 251  Hilaria_jamesii                   12.52%    passed     69.14%
 252  Holcus_lanatus                     3.91%    passed     98.50%
 253  Homolepis_glutinosa                4.24%    passed     98.84%
 254  Homolepis_isocalycia               4.26%    passed     92.83%
 255  Homopholis_belsonii                6.34%    passed     98.37%
 256  Hopia_obtusa                       3.03%    passed     99.60%
 257  Hordeum_vulgare                    0.30%    passed     89.30%
 258  Hygrochloa_aquatica               53.25%    failed      0.01%
 259  Hylebates_cordatus                 8.19%    passed     98.73%
 260  Hymenachne_amplexicaulis           0.48%    passed     98.55%
 261  Hyparrhenia_hirta                  1.04%    passed     95.75%
 262  Ichnanthus_pallens                 0.39%    passed     95.34%
 263  Ichnanthus_pallens2                0.39%    passed     99.18%
 264  Ichnanthus_panicoides              2.62%    passed     98.36%
 265  Ichnanthus_sp                      0.39%    passed     92.17%
 266  Imperata_cylindrica                2.69%    passed     96.73%
 267  Isachne_arundinacea                4.14%    passed     94.94%
 268  Isachne_disperma                   0.35%    passed     96.91%
 269  Isachne_mauritiana                 0.37%    passed     99.68%
 270  Ischaemum_afrum                    1.14%    passed     98.53%
 271  Ischaemum_koleostachys             0.39%    passed     97.33%
 272  Iseilema_macratherum              14.10%    passed     20.02%
 273  Ixophorus_unisetus                 2.25%    passed     99.05%
 274  Jouvea_pilosa                     39.45%    passed     21.28%
 275  Joycea_pallida                    13.38%    passed     16.06%
 276  Karroochloa_purpurea               7.18%    passed     86.30%
 277  Kengia_songorica                  16.53%    passed     89.29%
 278  Lachnagrostis_filiformis           7.78%    passed     77.09%
 279  Lagurus_ovatus                     0.63%    passed     95.58%
 280  Lasiacis_nigra                     2.61%    passed     95.87%
 281  Lasiacis_sorghoidea                6.81%    passed     91.18%
 282  Leersia_oryzoides                  3.41%    passed     75.17%
 283  Leptochloa_dubia                  12.52%    passed     80.59%
 284  Leptochloa_fusca                   7.45%    passed     99.62%
 285  Leptothrium_rigidum                1.07%    passed     99.92%
 286  Lepturus_radicans                  1.44%    passed     96.23%
 287  Lepturus_repens                    0.40%    passed     99.82%
 288  Lintonia_nutans                   12.52%    passed     70.83%
 289  Lolium_arundinaceum                0.74%    passed     78.68%
 290  Lolium_multiflorum                 0.39%    passed     86.61%
 291  Lolium_perenne                     0.30%    passed     89.42%
 292  Lophatherum_gracile               11.71%    passed     56.35%
 293  Loudetia_annua                    11.28%    passed     80.54%
 294  Louisiella_fluitans               13.87%    passed     85.12%
 295  Lygeum_spartum                     0.19%    passed     72.44%
 296  Megaloprotachne_albescens          5.90%    passed     65.70%
 297  Megastachya_mucronata              0.92%    passed     93.60%
 298  Megathyrsus_maximus                1.81%    passed     94.65%
 299  Melanocenchris_abyssinica         12.52%    passed     70.99%
 300  Melica_uniflora                    0.93%    passed     89.80%
 301  Melinis_minutiflora                0.84%    passed     98.11%
 302  Melinis_repens                     4.19%    passed     99.22%
 303  Merxmuellera_disticha              6.69%    passed     96.52%
 304  Merxmuellera_macowanii            12.57%    passed     62.66%
 305  Merxmuellera_rangei               12.78%    passed     78.22%
 306  Merxmuellera_stricta               0.70%    passed     96.50%
 307  Mesosetum_chaseae                  4.38%    passed     99.16%
 308  Mesosetum_comatum                  1.02%    passed     96.94%
 309  Micraira_adamsii                   8.20%    passed     99.80%
 310  Micraira_subulifolia               2.62%    passed     97.06%
 311  Microcalamus_convallarioides      28.96%    passed     33.33%
 312  Microchloa_indica                 39.45%    passed     19.36%
 313  Microlaena_avenacea                8.33%    passed     88.68%
 314  Microlaena_stipoides               4.33%    passed     96.42%
 315  Microstegium_vimineum              6.69%    passed     96.32%
 316  Molinia_caerulea                   8.10%    passed     87.66%
 317  Molinia_caerulea2                  2.99%    passed     97.26%
 318  Monachather_paradoxus              7.29%    passed     93.15%
 319  Monerma_cylindrica                 7.22%    passed     97.81%
 320  Monodia_stipoides                 49.90%    failed      4.86%
 321  Muhlenbergia_alopecuroides        39.45%    passed     11.69%
 322  Muhlenbergia_biloba                4.21%    passed     70.35%
 323  Muhlenbergia_cenchroides          36.14%    failed      0.01%
 324  Muhlenbergia_decumbens             6.30%    passed     66.55%
 325  Muhlenbergia_dubia                 1.41%    passed     92.68%
 326  Muhlenbergia_lindheimeri           1.16%    passed     96.15%
 327  Muhlenbergia_multiflora           39.45%    passed     17.83%
 328  Muhlenbergia_paniculata           39.39%    passed     10.88%
 329  Muhlenbergia_pereilema            39.45%    passed     12.17%
 330  Muhlenbergia_ramulosa              3.13%    passed     88.03%
 331  Muhlenbergia_spatha                1.06%    passed     85.90%
 332  Muhlenbergia_tricholepis           0.99%    passed     88.04%
 333  Munroa_squarrosa                   0.95%    passed     41.70%
 334  Nardus_sp                          0.40%    passed     99.67%
 335  Nassella_viridula                  4.86%    passed     99.88%
 336  Neobouteloua_lophostachya          6.76%    passed     97.69%
 337  Neostapfia_colusana               12.52%    passed     60.50%
 338  Neurachne_alopecuroides           11.07%    passed     99.34%
 339  Neyraudia_reynaudiana             12.34%    passed     93.58%
 340  Notochloe_microdon                26.56%    failed      0.30%
 341  Ocellochloa_stoloniferum           2.71%    passed     91.36%
 342  Odyssea_paucinervis               39.45%    passed      7.99%
 343  Olyra_sp                           9.51%    passed     81.50%
 344  Oncorachis_ramosa                  1.74%    passed     60.44%
 345  Ophiochloa_hydrolithica            1.53%    passed     96.95%
 346  Ophiuros_exaltatus                12.23%    passed     13.90%
 347  Oplismenopsis_najada               2.36%    passed     89.06%
 348  Oplismenus_aemulus                 3.70%    passed     98.29%
 349  Oplismenus_compositus              0.26%    passed     97.46%
 350  Oplismenus_hirtellus               1.04%    passed     98.36%
 351  Oplismenus_imbecillis              1.78%    passed     95.58%
 352  Oplismenus_undulatifolius          3.70%    passed     97.45%
 353  Orcuttia_californica              12.52%    passed     68.99%
 354  Oropetium_capense                  7.71%    passed     97.70%
 355  Orthoclada_laxa                   13.54%    passed     67.32%
 356  Oryza_coarctata                    0.39%    passed     72.85%
 357  Oryza_meridionalis                28.09%    passed     53.60%
 358  Oryza_nivara                       0.39%    passed     82.07%
 359  Otachyrium_versicolor              5.26%    passed     92.62%
 360  Ottochloa_gracillima              23.53%    passed     66.78%
 361  Ottochloa_nodosa                   0.39%    passed     98.92%
 362  Oxychloris_scariosa               12.46%    passed     75.24%
 363  Panicum_adenophorum               14.15%    passed     92.35%
 364  Panicum_amarum                     0.40%    passed     98.60%
 365  Panicum_bisulcatum                 0.49%    passed     99.48%
 366  Panicum_brevifolium                0.49%    passed     98.03%
 367  Panicum_capillare                  0.93%    passed     96.82%
 368  Panicum_coloratum                  6.55%    passed     99.30%
 369  Panicum_elephantipes               1.60%    passed     90.14%
 370  Panicum_laetum                     3.08%    passed     99.83%
 371  Panicum_larcomianum                3.85%    passed     98.95%
 372  Panicum_miliaceum                  1.43%    passed     91.91%
 373  Panicum_millegrana                 1.09%    passed     94.91%
 374  Panicum_paludosum                  0.40%    passed     99.05%
 375  Panicum_pilosum                    4.01%    passed     82.54%
 376  Panicum_pygmaeum                   1.21%    passed     89.75%
 377  Panicum_repens                     3.78%    passed     99.77%
 378  Panicum_sellowii                   1.48%    passed     92.55%
 379  Panicum_seminudum                  0.81%    passed     98.06%
 380  Panicum_sp                         3.24%    passed     98.21%
 381  Panicum_subalbidum                 3.84%    passed     98.28%
 382  Panicum_sumatrense                 8.29%    passed     98.03%
 383  Panicum_trichanthum                0.55%    passed     98.38%
 384  Panicum_validum                    2.18%    passed     85.38%
 385  Panicum_verrucosum                 5.67%    passed     97.80%
 386  Panicum_virgatum                   2.94%    passed     95.61%
 387  Panicum_virgatum2                  0.40%    passed     98.33%
 388  Pappophorum_vaginatum              0.63%    passed     98.93%
 389  Paractaenum_novae-hollandiae       0.40%    passed     97.16%
 390  Paraneurachne_muelleri             8.54%    passed     99.73%
 391  Pariana_radiciflora               15.09%    passed     71.98%
 392  Parodiophyllochloa_cordovensis     5.54%    passed     93.45%
 393  Parodiophyllochloa_missiona        5.02%    passed     84.55%
 394  Parodiophyllochloa_ovulifera       0.40%    passed     97.22%
 395  Parodiophyllochloa_penicillata     5.70%    passed     98.52%
 396  Paspalum_conjugatum                0.95%    passed     98.45%
 397  Paspalum_dilatatum                 1.51%    passed     99.89%
 398  Paspalum_distichum                11.25%    passed     79.16%
 399  Paspalum_fimbriatum                3.06%    passed     99.63%
 400  Paspalum_nutans                    0.93%    passed     98.16%
 401  Paspalum_quadrifarium              0.84%    passed     99.28%
 402  Paspalum_vaginatum                 5.81%    passed     97.70%
 403  Pentaschistis_airoides            26.77%    passed     70.31%
 404  Perotis_patens                     7.23%    passed     91.25%
 405  Perotis_rara                      49.45%    failed      3.65%
 406  Phaenosperma_globosa              16.05%    passed     45.88%
 407  Phalaris_coerulescens              0.63%    passed     96.35%
 408  Phanopyrum_gymnocarpon             2.41%    passed     96.26%
 409  Pharus_latifolius                  0.40%    passed     82.89%
 410  Phragmites_australis               6.83%    passed     85.25%
 411  Phyllostachys_aurea                2.11%    passed     78.08%
 412  Phyllostachys_nigra               13.62%    passed     97.12%
 413  Phyllostachys_sp                   3.03%    passed     71.55%
 414  Piptatherum_miliaceum              6.55%    passed     94.60%
 415  Plagiantha_tenella                 4.49%    passed     94.52%
 416  Plagiosetum_refractum              6.32%    passed     92.40%
 417  Plectrachne_pungens               63.18%    passed     51.90%
 418  Poa_annua                          0.23%    passed     94.62%
 419  Poecilostachys_bromoides           0.26%    passed     96.98%
 420  Pogonarthria_squarrosa             8.48%    passed     97.53%
 421  Pogonatherum_paniceum              0.93%    passed     95.70%
 422  Pohlidium_petiolatum               9.88%    passed     96.07%
 423  Polypogon_fugax                    2.08%    passed     96.01%
 424  Potamophila_parviflora             1.25%    passed     48.66%
 425  Pseudechinolaena_polystachya       2.34%    passed     98.00%
 426  Pseudobrachiaria_deflexa           3.03%    passed    100.00%
 427  Pseudochaetochloa_australiensis   37.88%    failed      1.16%
 428  Pseudopogonatherum_contortum       3.73%    passed     96.43%
 429  Pseudosasa_japonica                0.23%    passed     71.09%
 430  Puccinellia_distans                2.31%    passed     94.34%
 431  Puelia_olyriformis                 1.95%    passed     63.66%
 432  Reimarochloa_acuta                 8.22%    passed     95.22%
 433  Rendlia_altera                    39.45%    passed     12.70%
 434  Reynaudia_filiformis               8.26%    passed     97.67%
 435  Rostraria_azorica                  2.52%    passed     92.33%
 436  Rytidosperma_caespitosum           0.49%    passed     95.43%
 437  Saccharum_officinarum              0.26%    passed     98.19%
 438  Sacciolepis_africana               8.36%    passed     97.31%
 439  Sacciolepis_chevalieri             7.71%    passed     99.54%
 440  Sacciolepis_indica                 2.29%    passed     85.60%
 441  Sacciolepis_vilvoides              0.48%    passed     98.72%
 442  Sartidia_jucunda                  24.34%    passed     45.69%
 443  Schismus_barbatus                  2.48%    passed     75.95%
 444  Schizachyrium_scoparium            1.60%    passed     95.44%
 445  Schmidtia_kalihariensis           33.94%    failed      0.01%
 446  Scleropogon_brevifolius            0.77%    passed     90.85%
 447  Scutachne_dura                     6.34%    passed     99.61%
 448  Sehima_nervosum                    0.39%    passed     95.75%
 449  Setaria_adhaerens                  1.14%    passed     98.27%
 450  Setaria_barbata                    0.92%    passed     98.33%
 451  Setaria_italica                    0.35%    passed     97.20%
 452  Setaria_megaphylla                 3.63%    passed     99.93%
 453  Setaria_palmifolia                 0.83%    passed     99.50%
 454  Setaria_parviflora                 3.66%    passed     98.38%
 455  Setaria_plicata                    3.12%    passed     99.92%
 456  Setaria_punctata                   2.46%    passed     96.48%
 457  Setaria_sphacelata                 0.93%    passed     95.96%
 458  Setaria_sulcata                    2.31%    passed     97.39%
 459  Setaria_verticillata              37.32%    failed      1.50%
 460  Setariopsis_auriculata             3.66%    passed     95.33%
 461  Snowdenia_petitiana               16.56%    passed     81.47%
 462  Sohnsia_filifolia                 39.45%    passed      7.94%
 463  Sorghastrum_nutans                 0.39%    passed     96.07%
 464  Sorghum_bicolor                    0.39%    passed     96.99%
 465  Spartina_anglica                   3.05%    passed     99.42%
 466  Spartina_arundinacea              10.63%    passed     86.27%
 467  Spartina_juncea                    2.76%    passed     94.44%
 468  Spartina_pectinata                12.89%    passed     84.43%
 469  Spartochloa_scirpoidea             4.82%    passed     94.33%
 470  Spinifex_littoreus                 0.99%    passed     98.53%
 471  Spodiopogon_sibiricus             11.97%    passed     71.33%
 472  Sporobolus_airoides                2.80%    passed     97.78%
 473  Sporobolus_fertilis                0.55%    passed     96.46%
 474  Sporobolus_festivus                0.53%    passed     98.01%
 475  Sporobolus_indicus                 2.80%    passed     91.77%
 476  Sporobolus_virginicus              3.10%    passed     98.60%
 477  Steinchisma_hians                  1.51%    passed     86.68%
 478  Steinchisma_laxa                   1.50%    passed     85.31%
 479  Stenotaphrum_dimidiatum            2.18%    passed     98.32%
 480  Stephostachys_mertensii            1.04%    passed     99.13%
 481  Stipa_juncea                       1.16%    passed     79.66%
 482  Stipa_sp                           0.14%    passed     70.47%
 483  Stipagrostis_acutiflora            7.67%    passed     92.13%
 484  Stipagrostis_brevifolia           18.32%    passed     51.35%
 485  Stipagrostis_namaquensis           1.04%    passed     88.56%
 486  Stipagrostis_pennata               0.48%    passed     93.66%
 487  Stipagrostis_plumosa               0.48%    passed     95.31%
 488  Stipagrostis_zeyheri               0.77%    passed     88.10%
 489  Streptochaeta_sodiroana            1.51%    passed     85.70%
 490  Streptostachys_asperifolia         1.74%    passed     83.56%
 491  Swallenia_alexandrae               0.86%    passed     97.62%
 492  Tatianyx_arnacites                 9.77%    passed     66.50%
 493  Tetrachne_dregei                  15.88%    passed     81.98%
 494  Tetrapogon_cenchriformis           0.46%    passed     98.62%
 495  Thaumastochloa_monilifera         19.59%    failed      3.52%
 496  Thellungia_advena                 15.58%    passed     79.00%
 497  Themeda_avenacea                   7.53%    passed     90.27%
 498  Themeda_triandra                   1.88%    passed     95.02%
 499  Themeda_triandra2                  9.35%    passed     61.12%
 500  Thrasyopsis_juergensii             3.26%    passed     90.73%
 501  Thuarea_involuta                  12.50%    passed     80.42%
 502  Thuarea_involuta2                 17.55%    passed     40.53%
 503  Thyridolepis_mitchelliana          0.83%    passed     94.93%
 504  Thyridolepis_multiculmis           8.15%    passed     90.76%
 505  Thysanolaena_latifolia             3.38%    passed     98.80%
 506  Tragus_racemosus                   3.03%    passed     94.84%
 507  Tribolium_pusillum                15.82%    passed     64.98%
 508  Tribolium_pusillum2                3.47%    passed     82.45%
 509  Trichanthecium_cyanescens          2.99%    passed     93.07%
 510  Trichanthecium_parvifolium         0.76%    passed     99.59%
 511  Trichloris_crinita                12.52%    passed     75.30%
 512  Tricholaena_monachne               3.66%    passed     96.40%
 513  Trichoneura_elegans               39.39%    passed      8.56%
 514  Trichoneura_grandiglumis           8.27%    passed     98.05%
 515  Tridens_flavus                    12.46%    passed     57.31%
 516  Triodia_desertorum                39.45%    passed      5.38%
 517  Triplasis_americana                9.17%    passed     83.06%
 518  Tripogon_minimus                   3.22%    passed     99.23%
 519  Triraphis_mollis                   7.01%    passed     95.13%
 520  Triscenia_ovina                   15.93%    passed     75.32%
 521  Tristachya_leucothrix              0.63%    passed     98.04%
 522  Triticum_aestivum                  0.21%    passed     88.16%
 523  Tuctoria_mucronata                39.45%    passed     11.67%
 524  Uniola_paniculata                 14.70%    passed     84.73%
 525  Uniola_pittieri                    5.03%    passed     99.96%
 526  Uranthoecium_truncatum             0.30%    passed     97.27%
 527  Urochloa_panicoides                0.35%    passed     95.77%
 528  Urochloa_praetervisa               0.40%    passed     97.07%
 529  Urochloa_villosa                   2.97%    passed     99.69%
 530  Urochloa_xantholeuca               1.00%    passed     95.61%
 531  Vaseyochloa_multinervosa          12.52%    passed     66.79%
 532  Vulpia_myuros                      0.21%    passed     98.49%
 533  Whalleya_subxerophila             11.69%    passed     76.10%
 534  Whiteochloa_capillipes             7.96%    passed     98.45%
 535  Willkommia_texana                 30.10%    failed      0.01%
 536  Xerochloa_barbata                  0.37%    passed     96.20%
 537  Xerochloa_laniflora                9.65%    passed     96.07%
 538  Yakirra_australiensis              7.64%    passed     97.98%
 539  Zea_mays                           0.28%    passed     92.70%
 540  Zeugites_capillaris                2.80%    passed     95.23%
 541  Zeugites_pittieri                 15.49%    passed     62.47%
 542  Zizania_latifolia                 10.98%    passed     94.01%
 543  Zoysia_japonica                    2.92%    passed     97.47%
 544  Zuloagaea_bulbosa                  4.12%    passed     98.65%
WARNING: 2 sequences contain more than 50% gaps/ambiguity
****  TOTAL                              7.20%  14 sequences failed composition chi2 test (p-value<5%; df=3)
Checking for duplicate sequences: done in 0.186633 secs using 837.7% CPU


Create initial parsimony tree by phylogenetic likelihood library (PLL)... 0.960 seconds
Measuring multi-threading efficiency up to 56 CPU cores
Increase to 10 rounds for branch lengths
3 trees examined
Threads: 1 / Time: 72.868 sec / Speedup: 1.000 / Efficiency: 100% / LogL: -356785
Threads: 2 / Time: 42.993 sec / Speedup: 1.695 / Efficiency: 85% / LogL: -356785
Threads: 3 / Time: 51.292 sec / Speedup: 1.421 / Efficiency: 47% / LogL: -356785
Determining AUTO threadcount: done in 167.165 secs using 143.5% CPU
BEST NUMBER OF THREADS: 2

Perform fast likelihood tree search using GTR+I+G model...
Estimate model parameters (epsilon = 5.000)
Perform nearest neighbor interchange...
Estimate model parameters (epsilon = 1.000)
1. Initial log-likelihood: -138972.402
2. Current log-likelihood: -138971.230
Optimal log-likelihood: -138970.581
Rate parameters:  A-C: 1.26168  A-G: 2.84822  A-T: 0.58027  C-G: 0.99008  C-T: 2.88990  G-T: 1.00000
Base frequencies:  A: 0.288  C: 0.172  G: 0.189  T: 0.351
Proportion of invariable sites: 0.311
Gamma shape alpha: 0.694
Parameters optimization took 2 rounds (12.235 sec)
Time for fast ML tree search: 97.826 seconds

NOTE: ModelFinder requires 723 MB RAM!
ModelFinder will test up to 968 DNA models (sample size: 5681 epsilon: 0.100) ...
 No. Model         -LnL         df  AIC          AICc         BIC
  1  JC            157263.045   1085 316696.090   317208.956   323905.787
  2  JC+I          149847.207   1086 301866.414   302380.337   309082.756
  3  JC+G4         143405.313   1086 288982.626   289496.549   296198.968
  4  JC+I+G4       143018.100   1087 288210.200   288725.182   295433.188
  5  JC+R2         144989.341   1087 292152.683   292667.665   299375.670
  6  JC+R3         142856.231   1089 287890.462   288407.565   295126.739
  7  JC+R4         142225.578   1091 286633.156   287152.385   293882.723
  8  JC+R5         142065.729   1093 286317.458   286838.819   293580.314
  9  JC+R6         142015.388   1095 286220.776   286744.274   293496.922
 10  JC+R7         142013.558   1097 286221.116   286746.757   293510.552
 14  JC+I+R2       143684.802   1088 289545.604   290061.645   296775.236
 15  JC+I+R3       142510.628   1090 287201.256   287719.421   294444.178
 16  JC+I+R4       142123.453   1092 286430.906   286951.201   293687.118
 17  JC+I+R5       142041.882   1094 286271.763   286794.192   293541.265
 18  JC+I+R6       142012.011   1096 286216.021   286740.590   293498.813
 19  JC+I+R7       142011.409   1098 286218.818   286745.532   293514.899
 31  JC+R6         142015.388   1095 286220.776   286744.274   293496.922
 40  JC+I+R6       142012.011   1096 286216.021   286740.590   293498.813
 53  F81+R6        142015.029   1095 286220.058   286743.556   293496.204
 62  F81+I+R6      142011.860   1096 286215.719   286740.288   293498.510
 75  F81+F+R6      141441.926   1098 285079.852   285606.566   292375.933
 84  F81+F+I+R6    141430.468   1099 285058.935   285586.724   292361.661
 97  K2P+R6        138894.363   1096 279980.725   280505.294   287263.516
106  K2P+I+R6      138891.704   1097 279977.409   280503.050   287266.845
119  K2P+R6        138894.363   1096 279980.725   280505.294   287263.516
128  K2P+I+R6      138891.704   1097 279977.409   280503.050   287266.845
141  HKY+R6        138894.280   1096 279980.560   280505.129   287263.352
150  HKY+I+R6      138891.590   1097 279977.180   280502.821   287266.616
163  HKY+F+R6      138252.712   1099 278703.423   279231.212   286006.149
172  HKY+F+I+R6    138235.593   1100 278671.186   279200.050   285980.556
185  TNe+R6        138883.842   1097 279961.683   280487.324   287251.119
194  TNe+I+R6      138881.695   1098 279959.389   280486.104   287255.471
207  TNe+R6        138883.842   1097 279961.683   280487.324   287251.119
216  TNe+I+R6      138881.695   1098 279959.389   280486.103   287255.470
229  TN+R6         138883.776   1097 279961.552   280487.193   287250.988
238  TN+I+R6       138881.595   1098 279959.191   280485.905   287255.272
251  TN+F+R6       138251.585   1100 278703.171   279232.035   286012.541
260  TN+F+I+R6     138234.913   1101 278671.826   279201.768   285987.842
273  K3P+R6        138752.974   1097 279699.949   280225.589   286989.385
282  K3P+I+R6      138749.459   1098 279694.918   280221.632   286990.999
295  K3P+R6        138752.974   1097 279699.949   280225.589   286989.385
304  K3P+I+R6      138749.459   1098 279694.918   280221.632   286990.999
317  K3Pu+R6       138752.914   1097 279699.828   280225.469   286989.264
326  K3Pu+I+R6     138749.392   1098 279694.784   280221.499   286990.865
339  K3Pu+F+R6     138065.786   1100 278331.572   278860.436   285640.942
348  K3Pu+F+I+R6   138047.537   1101 278297.074   278827.016   285613.090
361  TPM2+R6       138863.635   1097 279921.269   280446.910   287210.706
370  TPM2+I+R6     138860.746   1098 279917.493   280444.207   287213.574
383  TPM2+R6       138863.635   1097 279921.269   280446.910   287210.706
392  TPM2+I+R6     138860.746   1098 279917.493   280444.207   287213.574
405  TPM2u+R6      138863.576   1097 279921.152   280446.793   287210.588
414  TPM2u+I+R6    138860.667   1098 279917.334   280444.048   287213.415
427  TPM2u+F+R6    138226.658   1100 278653.315   279182.180   285962.686
436  TPM2u+F+I+R6  138208.732   1101 278619.463   279149.405   285935.479
449  TPM3+R6       138860.047   1097 279914.095   280439.735   287203.531
458  TPM3+I+R6     138856.270   1098 279908.540   280435.254   287204.621
471  TPM3+R6       138860.047   1097 279914.095   280439.735   287203.531
480  TPM3+I+R6     138856.270   1098 279908.540   280435.254   287204.621
493  TPM3u+R6      138859.986   1097 279913.973   280439.614   287203.409
502  TPM3u+I+R6    138856.201   1098 279908.402   280435.116   287204.483
515  TPM3u+F+R6    138111.095   1100 278422.190   278951.054   285731.560
524  TPM3u+F+I+R6  138094.621   1101 278391.241   278921.183   285707.257
537  TIMe+R6       138742.171   1098 279680.343   280207.057   286976.424
546  TIMe+I+R6     138738.556   1099 279675.111   280202.900   286977.837
559  TIMe+R6       138742.171   1098 279680.343   280207.057   286976.424
568  TIMe+I+R6     138738.556   1099 279675.111   280202.900   286977.837
581  TIM+R6        138742.149   1098 279680.298   280207.012   286976.379
590  TIM+I+R6      138738.503   1099 279675.006   280202.795   286977.732
603  TIM+F+R6      138064.827   1101 278331.654   278861.596   285647.670
612  TIM+F+I+R6    138047.030   1102 278298.060   278829.081   285620.721
625  TIM2e+R6      138852.284   1098 279900.569   280427.283   287196.650
634  TIM2e+I+R6    138848.632   1099 279895.265   280423.054   287197.991
647  TIM2e+R6      138852.284   1098 279900.569   280427.283   287196.650
656  TIM2e+I+R6    138848.633   1099 279895.265   280423.054   287197.991
669  TIM2+R6       138852.245   1098 279900.490   280427.204   287196.571
678  TIM2+I+R6     138848.593   1099 279895.185   280422.974   287197.911
691  TIM2+F+R6     138224.987   1101 278651.974   279181.916   285967.990
700  TIM2+F+I+R6   138207.516   1102 278619.032   279150.052   285941.692
713  TIM3e+R6      138850.676   1098 279897.352   280424.066   287193.433
722  TIM3e+I+R6    138846.100   1099 279890.200   280417.988   287192.926
735  TIM3e+R6      138850.676   1098 279897.352   280424.066   287193.433
744  TIM3e+I+R6    138846.100   1099 279890.200   280417.988   287192.926
757  TIM3+R6       138850.626   1098 279897.253   280423.967   287193.334
766  TIM3+I+R6     138846.054   1099 279890.107   280417.896   287192.833
779  TIM3+F+R6     138111.137   1101 278424.274   278954.216   285740.290
788  TIM3+F+I+R6   138094.415   1102 278392.830   278923.851   285715.491
801  TVMe+R6       138681.201   1099 279560.402   280088.191   286863.128
810  TVMe+I+R6     138676.938   1100 279553.876   280082.741   286863.247
823  TVMe+R6       138681.201   1099 279560.402   280088.191   286863.128
832  TVMe+I+R6     138676.938   1100 279553.876   280082.740   286863.247
845  TVM+R6        138681.197   1099 279560.394   280088.183   286863.120
854  TVM+I+R6      138676.921   1100 279553.842   280082.707   286863.213
867  TVM+F+R6      137941.223   1102 278086.446   278617.466   285409.106
876  TVM+F+I+R6    137923.833   1103 278053.667   278585.767   285382.972
889  SYM+R6        138670.950   1100 279541.900   280070.764   286851.271
898  SYM+I+R6      138667.403   1101 279536.806   280066.748   286852.822
911  SYM+R6        138670.950   1100 279541.900   280070.764   286851.271
920  SYM+I+R6      138667.403   1101 279536.806   280066.748   286852.822
933  GTR+R6        138670.945   1100 279541.889   280070.754   286851.260
942  GTR+I+R6      138667.332   1101 279536.664   280066.606   286852.679
955  GTR+F+R6      137941.144   1103 278088.288   278620.388   285417.593
964  GTR+F+I+R6    137923.802   1104 278055.605   278588.787   285391.555
Akaike Information Criterion:           TVM+F+I+R6
Corrected Akaike Information Criterion: TVM+F+I+R6
Bayesian Information Criterion:         TVM+F+I+R6
Best-fit model: TVM+F+I+R6 chosen according to BIC

All model information printed to training_data/dna_M10434_544_5681.phy/output_files/iqtree/inference/pars_3.model.gz
CPU time for ModelFinder: 25238.426 seconds (7h:0m:38s)
Wall-clock time for ModelFinder: 16554.537 seconds (4h:35m:54s)

NOTE: 433 MB RAM (0 GB) is required!
Estimate model parameters (epsilon = 0.010)
1. Initial log-likelihood: -137923.835
Optimal log-likelihood: -137923.828
Rate parameters:  A-C: 1.24224  A-G: 2.85330  A-T: 0.56712  C-G: 0.98656  C-T: 2.85330  G-T: 1.00000
Base frequencies:  A: 0.288  C: 0.172  G: 0.189  T: 0.351
Proportion of invariable sites: 0.278
Site proportion and rates:  (0.350,0.270) (0.246,1.313) (0.090,3.182) (0.026,6.116) (0.006,11.465) (0.004,18.481)
Parameters optimization took 1 rounds (6.775 sec)
Wrote distance file to... 
BEST SCORE FOUND : -137923.828
Total tree length: 3.977

Total number of iterations: 0
CPU time used for tree search: 0.000 sec (0h:0m:0s)
Wall-clock time used for tree search: 0.000 sec (0h:0m:0s)
Total CPU time used: 25249.803 sec (7h:0m:49s)
Total wall-clock time used: 16561.925 sec (4h:36m:1s)

Analysis results written to: 
  IQ-TREE report:                training_data/dna_M10434_544_5681.phy/output_files/iqtree/inference/pars_3.iqtree
  Maximum-likelihood tree:       training_data/dna_M10434_544_5681.phy/output_files/iqtree/inference/pars_3.treefile
  Screen log file:               training_data/dna_M10434_544_5681.phy/output_files/iqtree/inference/pars_3.log

Date and Time: Fri Sep 26 05:48:45 2025
ee/inference/pars_3.log

Date and Time: Fri Sep 26 05:48:45 2025
