IQ-TREE version 3.0.1 for Linux x86 64-bit built Sep 18 2025
Developed by Bui Quang Minh, Thomas Wong, Nhan Ly-Trong, Huaiyan Ren
Contributed by Lam-Tung Nguyen, Dominik Schrempf, Chris Bielow,
Olga Chernomor, Michael Woodhams, Diep Thi Hoang, Heiko Schmidt

Host:    DESKTOP-UQIA48J (AVX2, FMA3, 7 GB RAM)
Command: /home/ngocminh/miniconda3/envs/pypythia/bin/iqtree3 -s Data/dna_M8012_213_2333.phy -pre data_training/dna_M8012_213_2333.phy/output_files/iqtree/inference/pars_17 -seed 17 -ninit 1 -T 1 -redo -n 0
Seed:    17 (Using SPRNG - Scalable Parallel Random Number Generator)
Time:    Mon Sep 22 20:36:40 2025
Kernel:  AVX+FMA - 1 threads (8 CPU cores detected)

HINT: Use -nt option to specify number of threads because your CPU has 8 cores!
HINT: -nt AUTO will automatically determine the best number of threads to use.

Reading alignment file Data/dna_M8012_213_2333.phy ... Phylip format detected
Alignment most likely contains DNA/RNA sequences
Constructing alignment: done in 0.00818581 secs using 49.74% CPU
Alignment has 213 sequences with 2333 columns, 1243 distinct patterns
1082 parsimony-informative, 117 singleton sites, 1134 constant sites
                                           Gap/Ambiguity  Composition  p-value
Analyzing sequences: done in 0.000625848 secs using 102.1% CPU
   1  Abudefduf_margariteus_REU925                 1.93%    passed     86.27%
   2  Abudefduf_margariteus_REU981                 1.89%    passed     88.45%
   3  Abudefduf_septemfasciatus_NBE17              1.89%    passed     60.67%
   4  Abudefduf_sexfasciatus_NBE184                1.84%    passed     96.07%
   5  Abudefduf_sexfasciatus_NBE185                1.93%    passed     95.29%
   6  Abudefduf_sordidus_NBE669                    1.80%    passed     85.24%
   7  Abudefduf_sordidus_NBE670                    1.80%    passed     83.09%
   8  Abudefduf_sordidus_NBE671                    1.80%    passed     75.80%
   9  Abudefduf_sordidus_REU1682                   1.80%    passed     83.88%
  10  Abudefduf_sordidus_REU1686                   1.80%    passed     81.28%
  11  Abudefduf_sparoides_NBE198                   1.84%    passed     34.12%
  12  Abudefduf_sparoides_NBE640                   1.84%    passed     31.07%
  13  Abudefduf_sparoides_REU195_1                 1.84%    passed     32.56%
  14  Abudefduf_sparoides_REU969                   1.84%    passed     31.23%
  15  Abudefduf_sparoides_REU970                   1.84%    passed     33.86%
  16  Abudefduf_sparoides_REU971                   1.84%    passed     39.01%
  17  Abudefduf_vaigiensis_NBE251                  1.84%    passed     92.02%
  18  Abudefduf_vaigiensis_REU1687                 1.84%    passed     98.64%
  19  Amblyglyphidodon_indicus_NBE1321             1.67%    passed     74.76%
  20  Amblyglyphidodon_indicus_NBE25               1.71%    passed     74.58%
  21  Amblyglyphidodon_indicus_NBE601              1.67%    passed     73.36%
  22  Amblyglyphidodon_indicus_NBE602              1.67%    passed     71.25%
  23  Amphiprion_akallopisos_NBE1011               1.71%    passed      8.39%
  24  Amphiprion_akallopisos_NBE1013               1.67%    passed      7.93%
  25  Amphiprion_akallopisos_NBE1036               1.63%    passed      7.68%
  26  Amphiprion_chrysogaster_REU702               1.71%    passed     18.61%
  27  Amphiprion_chrysopterus_MBIO1219             1.71%    passed     17.97%
  28  Amphiprion_latifasciatus_NBE1138             1.67%    passed     27.70%
  29  Amphiprion_latifasciatus_NBE1272             1.67%    passed     32.85%
  30  Anampses_caeruleopunctatus_NBE639            2.10%    passed     25.44%
  31  Anyperodon_leucogrammicus_NC012709           1.97%    passed     60.60%
  32  Astronotus_ocellatus_NC009058                1.63%    passed     22.95%
  33  Bodianus_anthioides_NBE1113b                 2.06%    passed     49.39%
  34  Bodianus_diana_NBE365                        2.23%    failed      0.04%
  35  Centropyge_loricula_NC009872                 1.97%    passed     76.09%
  36  Chaetodon_auriga_REU151_1                    2.01%    passed     92.16%
  37  Chaetodon_bennetti_NBE453                    1.93%    passed     96.05%
  38  Chaetodon_blackburni_REU754                  2.14%    passed     20.98%
  39  Chaetodon_unimaculatus_REU2631               2.10%    passed     11.30%
  40  Chaetodontoplus_septentrionalis_NC009873b    1.93%    passed     68.36%
  41  Cheilinus_fasciatus_NBE203                   2.19%    passed     57.96%
  42  Cheilio_inermis_NBE48                        2.70%    passed     11.88%
  43  Chromis_acares_MBIO25                        1.54%    passed     87.91%
  44  Chromis_agilis_MBIO1224                     47.28%    failed      4.57%
  45  Chromis_alpha_MBIO946                       71.92%    passed     55.18%
  46  Chromis_atripectoralis_NBE1019               1.84%    passed     97.33%
  47  Chromis_atripectoralis_NBE1076               1.84%    passed     97.33%
  48  Chromis_atripectoralis_NBE23                 1.80%    passed     99.13%
  49  Chromis_atripectoralis_NBE24                 1.84%    passed     98.86%
  50  Chromis_chrysura_REU710                      1.76%    passed     35.49%
  51  Chromis_chrysura_REU711                      1.76%    passed     40.22%
  52  Chromis_dimidiata_MBIO1128                   1.41%    passed     74.58%
  53  Chromis_dimidiata_MBIO1129                   1.41%    passed     79.71%
  54  Chromis_dimidiata_NBE444                     1.46%    passed     84.28%
  55  Chromis_dimidiata_NBE447                     1.46%    passed     86.04%
  56  Chromis_dimidiata_REU706                     1.46%    passed     81.65%
  57  Chromis_dimidiata_REU707                     1.41%    passed     78.80%
  58  Chromis_dimidiata_REU708                     1.50%    passed     81.53%
  59  Chromis_dimidiata_REU927                     1.41%    passed     78.80%
  60  Chromis_iomelas_MBIO95                       1.50%    passed     77.22%
  61  Chromis_nigrura_REU996                       1.63%    passed     99.66%
  62  Chromis_nigrura_REU997                       1.63%    passed     99.49%
  63  Chromis_opercularis_NBE430                   1.80%    passed     54.82%
  64  Chromis_opercularis_NBE431                   1.76%    passed     55.08%
  65  Chromis_ternatensis_NBE440                  26.06%    passed      5.61%
  66  Chromis_vanderbilti_MBIO280                  1.71%    passed     95.89%
  67  Chromis_vanderbilti_MBIO281                  1.71%    passed     95.22%
  68  Chromis_viridis_NBE1072                      1.80%    passed     98.91%
  69  Chromis_viridis_NBE1073                      1.76%    passed     96.17%
  70  Chromis_viridis_NBE1074                      1.80%    passed     95.23%
  71  Chromis_viridis_NBE1075                      1.80%    passed     99.70%
  72  Chromis_viridis_REU118                       1.84%    passed     96.38%
  73  Chromis_viridis_REU269_1                     1.80%    passed     99.49%
  74  Chromis_viridis_REU77_1                      1.80%    passed     99.42%
  75  Chromis_weberi_NBE1238                      26.02%    passed     13.98%
  76  Chromis_xanthochira_NBE105                   1.71%    passed     76.36%
  77  Chromis_xanthochira_NBE112                   1.67%    passed     77.63%
  78  Chromis_xanthochira_NBE196                   1.67%    passed     83.31%
  79  Chromis_xanthochira_NBE439                   1.67%    passed     74.44%
  80  Chromis_xanthochira_NBE595                   1.67%    passed     72.20%
  81  Chromis_xanthochira_REU709                   1.67%    passed     77.64%
  82  Chromis_xanthura_MBIO1264                    1.67%    passed     47.17%
  83  Chromis_xanthura_MBIO945                     1.67%    passed     37.19%
  84  Chrysiptera_annulata_NBE633                  2.06%    passed     96.37%
  85  Chrysiptera_annulata_NBE634                  2.10%    passed     95.93%
  86  Chrysiptera_brownriggii_NBE296               1.16%    passed     71.89%
  87  Chrysiptera_brownriggii_NBE32                1.16%    passed     74.18%
  88  Chrysiptera_brownriggii_REU137               1.24%    passed     71.68%
  89  Chrysiptera_brownriggii_REU138               1.24%    passed     69.13%
  90  Chrysiptera_brownriggii_REU139               1.29%    passed     71.72%
  91  Chrysiptera_brownrigii_MBIO493              47.06%    passed     19.40%
  92  Chrysiptera_glauca_REU197_1                  1.84%    passed     61.85%
  93  Chrysiptera_glauca_REU197_2                  1.84%    passed     59.38%
  94  Chrysiptera_glauca_REU3_1                    1.71%    passed     52.54%
  95  Chrysiptera_glauca_REU3_2                    1.71%    passed     60.40%
  96  Coris_aygula_NBE362                          2.14%    passed     81.13%
  97  Coris_cuvieri_NBE379                         2.01%    passed     26.21%
  98  Cymatogaster_aggregata_NC009059              1.89%    passed      5.51%
  99  Dascyllus_aruanus_NBE187                     1.29%    passed     87.56%
 100  Dascyllus_aruanus_NBE188                     1.29%    passed     86.21%
 101  Dascyllus_aruanus_NBE189                     1.29%    passed     86.21%
 102  Dascyllus_aruanus_REU2764                    1.41%    passed     79.82%
 103  Dascyllus_aruanus_REU2765                    1.29%    passed     78.85%
 104  Dascyllus_aruanus_REU4_1                     1.29%    passed     79.40%
 105  Dascyllus_aruanus_REU4_2                     1.33%    passed     84.83%
 106  Dascyllus_carneus_NBE199                     1.37%    passed     99.58%
 107  Dascyllus_carneus_NBE597                     1.41%    passed     99.86%
 108  Dascyllus_carneus_NBE598                     1.41%    passed     99.82%
 109  Dascyllus_carneus_NBE599                     1.37%    passed     99.50%
 110  Dascyllus_flavicaudus_MBIO45                 1.37%    passed     99.32%
 111  Dascyllus_flavicaudus_MBIO46                 1.37%    passed     99.15%
 112  Dascyllus_trimaculatus_REU931               26.02%    passed     13.16%
 113  Dascyllus_trimaculatus_REU932               26.06%    passed     14.53%
 114  Dascyllus_trimaculatus_REU988               26.06%    passed     13.96%
 115  Ditrema_temminckii_NC009060                  1.89%    failed      0.01%
 116  Epibulus_insidiator_NBE76                    2.10%    passed     76.04%
 117  Epinephelus_akaara_NC011113                  1.97%    passed     28.27%
 118  Etroplus_maculatus_AP009505                  1.89%    passed     65.93%
 119  Forcipiger_flavissimus_REU738                2.44%    passed     78.79%
 120  Halichoeres_cosmetus_REU787                  2.14%    failed      3.31%
 121  Hemigymnus_fasciatus_NBE204                  2.06%    passed     94.97%
 122  Hemitaurichthys_zoster_REU791                1.97%    passed     80.43%
 123  Heniochus_acuminatus_NBE41                   2.01%    passed     33.12%
 124  Hypselecara_temporalis_NC011168              1.67%    passed     48.08%
 125  Labracinus_cyclophthalmus_NC009054           1.80%    passed     15.26%
 126  Labroides_dimidiatus_NBE226                  2.14%    passed     25.39%
 127  Lutjanus_malabaricus_NC012736                2.01%    passed     49.86%
 128  Lutjanus_sebae_NC012737                      2.01%    passed     61.55%
 129  Neoglyphidodon_melas_NBE15                   1.67%    passed     99.75%
 130  Neolamprologus_brichardi_NC009062            1.76%    passed     24.15%
 131  Neopomacentrus_azysron_NBE245                1.84%    passed     32.03%
 132  Neopomacentrus_azysron_NBE246                1.84%    passed     36.20%
 133  Neopomacentrus_azysron_NBE247                1.84%    passed     24.52%
 134  Neopomacentrus_cyanomos_NBE240               1.80%    passed     76.57%
 135  Neopomacentrus_cyanomos_NBE241               1.80%    passed     77.95%
 136  Neopomacentrus_cyanomos_NBE242               1.80%    passed     77.95%
 137  Oxycheilinus_digramma_NBE26                  2.10%    passed     16.57%
 138  Paratilapia_polleni_AP009508                 2.27%    passed     15.08%
 139  Paretroplus_maculatus_AP009504               1.97%    passed     55.09%
 140  Plectroglyphidodon_dickii_REU715             1.97%    passed     73.65%
 141  Plectroglyphidodon_dickii_REU926             2.01%    passed     67.08%
 142  Plectroglyphidodon_imparipennis_REU1685      1.93%    passed     75.89%
 143  Plectroglyphidodon_imparipennis_REU1746      2.01%    passed     74.71%
 144  Plectroglyphidodon_imparipennis_REU1747      1.93%    passed     66.58%
 145  Plectroglyphidodon_imparipennis_REU1803      1.93%    passed     76.66%
 146  Plectroglyphidodon_johnstonianus_MBIO87     47.75%    failed      2.25%
 147  Plectroglyphidodon_johnstonianus_REU109_1   47.79%    failed      1.40%
 148  Plectroglyphidodon_johnstonianus_REU156_2   47.75%    failed      1.17%
 149  Plectroglyphidodon_johnstonianus_REU716     47.75%    failed      1.17%
 150  Plectroglyphidodon_lacrymatus_NBE0039        1.84%    passed     92.34%
 151  Plectroglyphidodon_lacrymatus_NBE36          1.84%    passed     93.38%
 152  Plectroglyphidodon_lacrymatus_NBE37          1.84%    passed     91.99%
 153  Plectroglyphidodon_lacrymatus_NBE38          1.84%    passed     90.48%
 154  Plectroglyphidodon_leucozonus_NBE635        71.92%    passed     40.36%
 155  Plectroglyphidodon_phoenixensis_MBIO1652    47.84%    passed      8.84%
 156  Plectroglyphidodon_phoenixensis_REU1745     27.26%    passed     41.57%
 157  Plectroglyphidodon_randalli_REU140           1.93%    passed     94.77%
 158  Plectroglyphidodon_randalli_REU141           1.93%    passed     96.21%
 159  Plectroglyphidodon_randalli_REU142           1.93%    passed     96.46%
 160  Plectroglyphidodon_randalli_REU143           1.93%    passed     95.56%
 161  Pomacentrus_agassizi_REU713                  1.84%    passed     97.22%
 162  Pomacentrus_agassizi_REU714                  1.84%    passed     97.22%
 163  Pomacentrus_agassizi_REU933                  1.84%    passed     96.95%
 164  Pomacentrus_agassizi_REU934                  1.84%    passed     97.33%
 165  Pomacentrus_agassizi_REU983                  1.84%    passed     97.59%
 166  Pomacentrus_arabicus_NBE1556                23.87%    passed     51.05%
 167  Pomacentrus_baenschi_NBE1719                13.29%    passed     81.23%
 168  Pomacentrus_baenschi_NBE1720                 1.76%    passed     96.92%
 169  Pomacentrus_baenschi_NBE373                  1.76%    passed     98.17%
 170  Pomacentrus_baenschi_NBE57                   1.76%    passed     98.59%
 171  Pomacentrus_baenschi_NBE60                   1.76%    passed     98.60%
 172  Pomacentrus_baenschi_NBE61                   1.76%    passed     99.27%
 173  Pomacentrus_baenschi_NBE62                   1.76%    passed     98.99%
 174  Pomacentrus_baenschi_NBE63                   1.76%    passed     98.65%
 175  Pomacentrus_caeruleus_NBE1197                1.76%    passed     76.54%
 176  Pomacentrus_caeruleus_NBE372                 1.76%    passed     76.74%
 177  Pomacentrus_caeruleus_NBE388                 1.76%    passed     79.78%
 178  Pomacentrus_caeruleus_NBE55                  1.76%    passed     73.40%
 179  Pomacentrus_caeruleus_REU704                 1.76%    passed     76.71%
 180  Pomacentrus_caeruleus_REU928                 1.76%    passed     75.67%
 181  Pomacentrus_caeruleus_REU929                 1.76%    passed     73.40%
 182  Pomacentrus_pavo_MBIO565                    47.71%    failed      2.73%
 183  Pomacentrus_pavo_NBE256                      1.84%    passed     79.45%
 184  Pomacentrus_pavo_NBE259                      1.84%    passed     76.95%
 185  Pomacentrus_pavo_NBE622                      1.84%    passed     79.88%
 186  Pomacentrus_sulfureus_NBE594                 1.71%    passed     79.87%
 187  Pomacentrus_sulfureus_NBE92                  1.71%    passed     82.30%
 188  Pomacentrus_sulfureus_NBE93                  1.71%    passed     82.10%
 189  Pomacentrus_sulfureus_NBE94                  1.71%    passed     84.57%
 190  Pomacentrus_trichrous_NBE89                 14.62%    passed     42.41%
 191  Pomacentrus_trilineatus_NBE1015              1.71%    passed     95.34%
 192  Pomacentrus_trilineatus_NBE497               1.71%    passed     95.72%
 193  Pomachromis_fuscidorsalis_MBIO957           47.58%    passed      6.72%
 194  Pseudodax_moluccanus_NBE382                  2.14%    failed      0.46%
 195  Ptychochromoides_katria_AP009507             1.89%    passed     83.83%
 196  Stegastes_albifasciatus_MBIO732             47.84%    passed     13.02%
 197  Stegastes_fasciolatus_REU1659               47.62%    failed      3.37%
 198  Stegastes_limbatus_REU1654                   1.97%    passed     49.89%
 199  Stegastes_limbatus_REU2_1                    2.01%    passed     49.78%
 200  Stegastes_limbatus_REU2775                   1.93%    passed     48.35%
 201  Stegastes_limbatus_REU2776                   1.93%    passed     45.05%
 202  Stegastes_limbatus_REU2777                   1.97%    passed     49.89%
 203  Stegastes_lividus_REU1_1                     6.69%    passed     74.21%
 204  Stegastes_lividus_REU1_2                     6.69%    passed     74.28%
 205  Stegastes_nigricans_NBE1085                  1.89%    passed     75.13%
 206  Stegastes_nigricans_REU2661                  1.89%    passed     77.82%
 207  Stegastes_nigricans_REU2784                  1.89%    passed     77.14%
 208  Stegastes_nigricans_REU5_1                   1.93%    passed     76.47%
 209  Stegastes_pelicieri_REU1909                  1.80%    passed     96.57%
 210  Stegastes_pelicieri_REU207_1                 1.80%    passed     96.12%
 211  Tropheus_duboisi_AP006015                    1.76%    passed     55.21%
 212  Tylochromis_polylepis_AP009509               1.80%    passed     63.63%
 213  Wetmorella_nigropinnata_MBIO110              2.10%    passed     95.97%
WARNING: 2 sequences contain more than 50% gaps/ambiguity
****  TOTAL                                        5.76%  11 sequences failed composition chi2 test (p-value<5%; df=3)
Checking for duplicate sequences: done in 0.00114312 secs using 95.44% CPU


Create initial parsimony tree by phylogenetic likelihood library (PLL)... 0.080 seconds
Perform fast likelihood tree search using GTR+I+G model...
Estimate model parameters (epsilon = 5.000)
Perform nearest neighbor interchange...
Estimate model parameters (epsilon = 1.000)
1. Initial log-likelihood: -66464.758
Optimal log-likelihood: -66464.382
Rate parameters:  A-C: 1.73520  A-G: 8.08271  A-T: 2.03787  C-G: 0.54254  C-T: 12.14966  G-T: 1.00000
Base frequencies:  A: 0.252  C: 0.296  G: 0.179  T: 0.273
Proportion of invariable sites: 0.462
Gamma shape alpha: 0.718
Parameters optimization took 1 rounds (0.414 sec)
Time for fast ML tree search: 6.508 seconds

NOTE: ModelFinder requires 86 MB RAM!
ModelFinder will test up to 968 DNA models (sample size: 2333 epsilon: 0.100) ...
 No. Model         -LnL         df  AIC          AICc         BIC
  1  JC            88049.902    423 176945.805   177133.706   179380.132
  2  JC+I          77476.959    424 155801.918   155990.807   158242.000
  3  JC+G4         73267.210    424 147382.421   147571.310   149822.503
  4  JC+I+G4       72825.068    425 146500.137   146690.016   148945.974
  5  JC+R2         74264.399    425 149378.798   149568.677   151824.635
  6  JC+R3         73048.899    427 146951.799   147143.668   149409.145
  7  JC+R4         72768.356    429 146394.711   146588.584   148863.568
  8  JC+R5         72674.947    431 146211.894   146407.783   148692.261
  9  JC+R6         72672.495    433 146210.990   146408.907   148702.866
 14  JC+I+R2       73405.512    426 147663.024   147853.897   150114.616
 15  JC+I+R3       72829.071    428 146514.141   146707.011   148977.243
 16  JC+I+R4       72696.187    430 146252.374   146447.253   148726.985
 17  JC+I+R5       72680.937    432 146225.874   146422.775   148711.995
 18  JC+I+R6       72679.249    434 146226.498   146425.433   148724.129
 30  JC+R5         72674.947    431 146211.894   146407.783   148692.261
 52  F81+R5        72674.566    431 146211.132   146407.020   148691.498
 74  F81+F+R5      71754.363    434 144376.726   144575.661   146874.357
 96  K2P+R5        67451.509    432 135767.018   135963.919   138253.140
118  K2P+R5        67451.509    432 135767.018   135963.919   138253.140
140  HKY+R5        67451.367    432 135766.733   135963.634   138252.854
162  HKY+F+R5      66607.724    435 134085.447   134285.405   136588.833
184  TNe+R5        67095.839    433 135057.677   135255.594   137549.554
206  TNe+R5        67095.839    433 135057.677   135255.594   137549.554
228  TN+R5         67095.745    433 135057.490   135255.407   137549.366
250  TN+F+R5       66569.371    436 134010.742   134211.725   136519.883
272  K3P+R5        67407.949    433 135681.898   135879.814   138173.774
294  K3P+R5        67407.949    433 135681.898   135879.814   138173.774
316  K3Pu+R5       67407.808    433 135681.616   135879.533   138173.493
338  K3Pu+F+R5     66599.252    436 134070.504   134271.487   136579.645
360  TPM2+R5       66953.403    433 134772.805   134970.722   137264.681
382  TPM2+R5       66953.403    433 134772.805   134970.722   137264.681
404  TPM2u+R5      66953.293    433 134772.586   134970.503   137264.462
426  TPM2u+F+R5    66423.288    436 133718.576   133919.559   136227.717
448  TPM3+R5       67434.007    433 135734.013   135931.930   138225.889
470  TPM3+R5       67434.007    433 135734.013   135931.930   138225.889
492  TPM3u+R5      67433.881    433 135733.761   135931.678   138225.638
514  TPM3u+F+R5    66590.006    436 134052.011   134252.995   136561.152
536  TIMe+R5       67055.842    434 134979.683   135178.619   137477.315
558  TIMe+R5       67055.842    434 134979.683   135178.619   137477.315
580  TIM+R5        67055.541    434 134979.082   135178.017   137476.713
602  TIM+F+R5      66560.361    437 133994.721   134196.733   136509.617
624  TIM2e+R5      66616.245    434 134100.490   134299.426   136598.121
646  TIM2e+R5      66616.245    434 134100.490   134299.426   136598.121
668  TIM2+R5       66616.202    434 134100.405   134299.340   136598.036
690  TIM2+F+R5     66379.544    437 133633.088   133835.099   136147.984
712  TIM3e+R5      67080.201    434 135028.402   135227.338   137526.033
734  TIM3e+R5      67080.201    434 135028.402   135227.338   137526.033
756  TIM3+R5       67080.127    434 135028.254   135227.190   137525.885
778  TIM3+F+R5     66550.888    437 133975.776   134177.788   136490.672
800  TVMe+R5       66936.411    435 134742.821   134942.779   137246.207
822  TVMe+R5       66936.411    435 134742.821   134942.779   137246.207
844  TVM+R5        66936.385    435 134742.770   134942.728   137246.156
866  TVM+F+R5      66405.908    438 133687.816   133890.859   136208.466
888  SYM+R5        66604.203    436 134080.406   134281.389   136589.546
910  SYM+R5        66604.203    436 134080.406   134281.389   136589.546
932  GTR+R5        66604.115    436 134080.230   134281.213   136589.371
954  GTR+F+R5      66363.296    439 133604.591   133808.669   136130.997
Akaike Information Criterion:           GTR+F+R5
Corrected Akaike Information Criterion: GTR+F+R5
Bayesian Information Criterion:         GTR+F+R5
Best-fit model: GTR+F+R5 chosen according to BIC

All model information printed to data_training/dna_M8012_213_2333.phy/output_files/iqtree/inference/pars_17.model.gz
CPU time for ModelFinder: 785.632 seconds (0h:13m:5s)
Wall-clock time for ModelFinder: 769.847 seconds (0h:12m:49s)

NOTE: 43 MB RAM (0 GB) is required!
Estimate model parameters (epsilon = 0.010)
1. Initial log-likelihood: -66363.296
2. Current log-likelihood: -66363.258
3. Current log-likelihood: -66363.232
4. Current log-likelihood: -66363.212
5. Current log-likelihood: -66363.193
6. Current log-likelihood: -66363.180
7. Current log-likelihood: -66363.168
Optimal log-likelihood: -66363.153
Rate parameters:  A-C: 1.87602  A-G: 9.04143  A-T: 2.21866  C-G: 0.55461  C-T: 12.24254  G-T: 1.00000
Base frequencies:  A: 0.252  C: 0.296  G: 0.179  T: 0.273
Site proportion and rates:  (0.552,0.012) (0.107,0.341) (0.132,1.175) (0.144,2.777) (0.065,6.158)
Parameters optimization took 7 rounds (8.047 sec)
Wrote distance file to... 
BEST SCORE FOUND : -66363.153
Total tree length: 12.715

Total number of iterations: 0
CPU time used for tree search: 0.000 sec (0h:0m:0s)
Wall-clock time used for tree search: 0.000 sec (0h:0m:0s)
Total CPU time used: 793.883 sec (0h:13m:13s)
Total wall-clock time used: 777.943 sec (0h:12m:57s)

Analysis results written to: 
  IQ-TREE report:                data_training/dna_M8012_213_2333.phy/output_files/iqtree/inference/pars_17.iqtree
  Maximum-likelihood tree:       data_training/dna_M8012_213_2333.phy/output_files/iqtree/inference/pars_17.treefile
  Screen log file:               data_training/dna_M8012_213_2333.phy/output_files/iqtree/inference/pars_17.log

Date and Time: Mon Sep 22 20:49:57 2025
