IQ-TREE version 3.0.1 for Linux x86 64-bit built Sep 18 2025
Developed by Bui Quang Minh, Thomas Wong, Nhan Ly-Trong, Huaiyan Ren
Contributed by Lam-Tung Nguyen, Dominik Schrempf, Chris Bielow,
Olga Chernomor, Michael Woodhams, Diep Thi Hoang, Heiko Schmidt

Host:    DESKTOP-UQIA48J (AVX2, FMA3, 7 GB RAM)
Command: /home/ngocminh/miniconda3/envs/pypythia/bin/iqtree3 -s Data/dna_M8012_213_2333.phy -pre data_training/dna_M8012_213_2333.phy/output_files/iqtree/inference/pars_13 -seed 13 -ninit 1 -T 1 -redo -n 0
Seed:    13 (Using SPRNG - Scalable Parallel Random Number Generator)
Time:    Mon Sep 22 20:36:45 2025
Kernel:  AVX+FMA - 1 threads (8 CPU cores detected)

HINT: Use -nt option to specify number of threads because your CPU has 8 cores!
HINT: -nt AUTO will automatically determine the best number of threads to use.

Reading alignment file Data/dna_M8012_213_2333.phy ... Phylip format detected
Alignment most likely contains DNA/RNA sequences
Constructing alignment: done in 0.00797607 secs using 89.71% CPU
Alignment has 213 sequences with 2333 columns, 1243 distinct patterns
1082 parsimony-informative, 117 singleton sites, 1134 constant sites
                                           Gap/Ambiguity  Composition  p-value
Analyzing sequences: done in 0.000761783 secs using 87.56% CPU
   1  Abudefduf_margariteus_REU925                 1.93%    passed     86.27%
   2  Abudefduf_margariteus_REU981                 1.89%    passed     88.45%
   3  Abudefduf_septemfasciatus_NBE17              1.89%    passed     60.67%
   4  Abudefduf_sexfasciatus_NBE184                1.84%    passed     96.07%
   5  Abudefduf_sexfasciatus_NBE185                1.93%    passed     95.29%
   6  Abudefduf_sordidus_NBE669                    1.80%    passed     85.24%
   7  Abudefduf_sordidus_NBE670                    1.80%    passed     83.09%
   8  Abudefduf_sordidus_NBE671                    1.80%    passed     75.80%
   9  Abudefduf_sordidus_REU1682                   1.80%    passed     83.88%
  10  Abudefduf_sordidus_REU1686                   1.80%    passed     81.28%
  11  Abudefduf_sparoides_NBE198                   1.84%    passed     34.12%
  12  Abudefduf_sparoides_NBE640                   1.84%    passed     31.07%
  13  Abudefduf_sparoides_REU195_1                 1.84%    passed     32.56%
  14  Abudefduf_sparoides_REU969                   1.84%    passed     31.23%
  15  Abudefduf_sparoides_REU970                   1.84%    passed     33.86%
  16  Abudefduf_sparoides_REU971                   1.84%    passed     39.01%
  17  Abudefduf_vaigiensis_NBE251                  1.84%    passed     92.02%
  18  Abudefduf_vaigiensis_REU1687                 1.84%    passed     98.64%
  19  Amblyglyphidodon_indicus_NBE1321             1.67%    passed     74.76%
  20  Amblyglyphidodon_indicus_NBE25               1.71%    passed     74.58%
  21  Amblyglyphidodon_indicus_NBE601              1.67%    passed     73.36%
  22  Amblyglyphidodon_indicus_NBE602              1.67%    passed     71.25%
  23  Amphiprion_akallopisos_NBE1011               1.71%    passed      8.39%
  24  Amphiprion_akallopisos_NBE1013               1.67%    passed      7.93%
  25  Amphiprion_akallopisos_NBE1036               1.63%    passed      7.68%
  26  Amphiprion_chrysogaster_REU702               1.71%    passed     18.61%
  27  Amphiprion_chrysopterus_MBIO1219             1.71%    passed     17.97%
  28  Amphiprion_latifasciatus_NBE1138             1.67%    passed     27.70%
  29  Amphiprion_latifasciatus_NBE1272             1.67%    passed     32.85%
  30  Anampses_caeruleopunctatus_NBE639            2.10%    passed     25.44%
  31  Anyperodon_leucogrammicus_NC012709           1.97%    passed     60.60%
  32  Astronotus_ocellatus_NC009058                1.63%    passed     22.95%
  33  Bodianus_anthioides_NBE1113b                 2.06%    passed     49.39%
  34  Bodianus_diana_NBE365                        2.23%    failed      0.04%
  35  Centropyge_loricula_NC009872                 1.97%    passed     76.09%
  36  Chaetodon_auriga_REU151_1                    2.01%    passed     92.16%
  37  Chaetodon_bennetti_NBE453                    1.93%    passed     96.05%
  38  Chaetodon_blackburni_REU754                  2.14%    passed     20.98%
  39  Chaetodon_unimaculatus_REU2631               2.10%    passed     11.30%
  40  Chaetodontoplus_septentrionalis_NC009873b    1.93%    passed     68.36%
  41  Cheilinus_fasciatus_NBE203                   2.19%    passed     57.96%
  42  Cheilio_inermis_NBE48                        2.70%    passed     11.88%
  43  Chromis_acares_MBIO25                        1.54%    passed     87.91%
  44  Chromis_agilis_MBIO1224                     47.28%    failed      4.57%
  45  Chromis_alpha_MBIO946                       71.92%    passed     55.18%
  46  Chromis_atripectoralis_NBE1019               1.84%    passed     97.33%
  47  Chromis_atripectoralis_NBE1076               1.84%    passed     97.33%
  48  Chromis_atripectoralis_NBE23                 1.80%    passed     99.13%
  49  Chromis_atripectoralis_NBE24                 1.84%    passed     98.86%
  50  Chromis_chrysura_REU710                      1.76%    passed     35.49%
  51  Chromis_chrysura_REU711                      1.76%    passed     40.22%
  52  Chromis_dimidiata_MBIO1128                   1.41%    passed     74.58%
  53  Chromis_dimidiata_MBIO1129                   1.41%    passed     79.71%
  54  Chromis_dimidiata_NBE444                     1.46%    passed     84.28%
  55  Chromis_dimidiata_NBE447                     1.46%    passed     86.04%
  56  Chromis_dimidiata_REU706                     1.46%    passed     81.65%
  57  Chromis_dimidiata_REU707                     1.41%    passed     78.80%
  58  Chromis_dimidiata_REU708                     1.50%    passed     81.53%
  59  Chromis_dimidiata_REU927                     1.41%    passed     78.80%
  60  Chromis_iomelas_MBIO95                       1.50%    passed     77.22%
  61  Chromis_nigrura_REU996                       1.63%    passed     99.66%
  62  Chromis_nigrura_REU997                       1.63%    passed     99.49%
  63  Chromis_opercularis_NBE430                   1.80%    passed     54.82%
  64  Chromis_opercularis_NBE431                   1.76%    passed     55.08%
  65  Chromis_ternatensis_NBE440                  26.06%    passed      5.61%
  66  Chromis_vanderbilti_MBIO280                  1.71%    passed     95.89%
  67  Chromis_vanderbilti_MBIO281                  1.71%    passed     95.22%
  68  Chromis_viridis_NBE1072                      1.80%    passed     98.91%
  69  Chromis_viridis_NBE1073                      1.76%    passed     96.17%
  70  Chromis_viridis_NBE1074                      1.80%    passed     95.23%
  71  Chromis_viridis_NBE1075                      1.80%    passed     99.70%
  72  Chromis_viridis_REU118                       1.84%    passed     96.38%
  73  Chromis_viridis_REU269_1                     1.80%    passed     99.49%
  74  Chromis_viridis_REU77_1                      1.80%    passed     99.42%
  75  Chromis_weberi_NBE1238                      26.02%    passed     13.98%
  76  Chromis_xanthochira_NBE105                   1.71%    passed     76.36%
  77  Chromis_xanthochira_NBE112                   1.67%    passed     77.63%
  78  Chromis_xanthochira_NBE196                   1.67%    passed     83.31%
  79  Chromis_xanthochira_NBE439                   1.67%    passed     74.44%
  80  Chromis_xanthochira_NBE595                   1.67%    passed     72.20%
  81  Chromis_xanthochira_REU709                   1.67%    passed     77.64%
  82  Chromis_xanthura_MBIO1264                    1.67%    passed     47.17%
  83  Chromis_xanthura_MBIO945                     1.67%    passed     37.19%
  84  Chrysiptera_annulata_NBE633                  2.06%    passed     96.37%
  85  Chrysiptera_annulata_NBE634                  2.10%    passed     95.93%
  86  Chrysiptera_brownriggii_NBE296               1.16%    passed     71.89%
  87  Chrysiptera_brownriggii_NBE32                1.16%    passed     74.18%
  88  Chrysiptera_brownriggii_REU137               1.24%    passed     71.68%
  89  Chrysiptera_brownriggii_REU138               1.24%    passed     69.13%
  90  Chrysiptera_brownriggii_REU139               1.29%    passed     71.72%
  91  Chrysiptera_brownrigii_MBIO493              47.06%    passed     19.40%
  92  Chrysiptera_glauca_REU197_1                  1.84%    passed     61.85%
  93  Chrysiptera_glauca_REU197_2                  1.84%    passed     59.38%
  94  Chrysiptera_glauca_REU3_1                    1.71%    passed     52.54%
  95  Chrysiptera_glauca_REU3_2                    1.71%    passed     60.40%
  96  Coris_aygula_NBE362                          2.14%    passed     81.13%
  97  Coris_cuvieri_NBE379                         2.01%    passed     26.21%
  98  Cymatogaster_aggregata_NC009059              1.89%    passed      5.51%
  99  Dascyllus_aruanus_NBE187                     1.29%    passed     87.56%
 100  Dascyllus_aruanus_NBE188                     1.29%    passed     86.21%
 101  Dascyllus_aruanus_NBE189                     1.29%    passed     86.21%
 102  Dascyllus_aruanus_REU2764                    1.41%    passed     79.82%
 103  Dascyllus_aruanus_REU2765                    1.29%    passed     78.85%
 104  Dascyllus_aruanus_REU4_1                     1.29%    passed     79.40%
 105  Dascyllus_aruanus_REU4_2                     1.33%    passed     84.83%
 106  Dascyllus_carneus_NBE199                     1.37%    passed     99.58%
 107  Dascyllus_carneus_NBE597                     1.41%    passed     99.86%
 108  Dascyllus_carneus_NBE598                     1.41%    passed     99.82%
 109  Dascyllus_carneus_NBE599                     1.37%    passed     99.50%
 110  Dascyllus_flavicaudus_MBIO45                 1.37%    passed     99.32%
 111  Dascyllus_flavicaudus_MBIO46                 1.37%    passed     99.15%
 112  Dascyllus_trimaculatus_REU931               26.02%    passed     13.16%
 113  Dascyllus_trimaculatus_REU932               26.06%    passed     14.53%
 114  Dascyllus_trimaculatus_REU988               26.06%    passed     13.96%
 115  Ditrema_temminckii_NC009060                  1.89%    failed      0.01%
 116  Epibulus_insidiator_NBE76                    2.10%    passed     76.04%
 117  Epinephelus_akaara_NC011113                  1.97%    passed     28.27%
 118  Etroplus_maculatus_AP009505                  1.89%    passed     65.93%
 119  Forcipiger_flavissimus_REU738                2.44%    passed     78.79%
 120  Halichoeres_cosmetus_REU787                  2.14%    failed      3.31%
 121  Hemigymnus_fasciatus_NBE204                  2.06%    passed     94.97%
 122  Hemitaurichthys_zoster_REU791                1.97%    passed     80.43%
 123  Heniochus_acuminatus_NBE41                   2.01%    passed     33.12%
 124  Hypselecara_temporalis_NC011168              1.67%    passed     48.08%
 125  Labracinus_cyclophthalmus_NC009054           1.80%    passed     15.26%
 126  Labroides_dimidiatus_NBE226                  2.14%    passed     25.39%
 127  Lutjanus_malabaricus_NC012736                2.01%    passed     49.86%
 128  Lutjanus_sebae_NC012737                      2.01%    passed     61.55%
 129  Neoglyphidodon_melas_NBE15                   1.67%    passed     99.75%
 130  Neolamprologus_brichardi_NC009062            1.76%    passed     24.15%
 131  Neopomacentrus_azysron_NBE245                1.84%    passed     32.03%
 132  Neopomacentrus_azysron_NBE246                1.84%    passed     36.20%
 133  Neopomacentrus_azysron_NBE247                1.84%    passed     24.52%
 134  Neopomacentrus_cyanomos_NBE240               1.80%    passed     76.57%
 135  Neopomacentrus_cyanomos_NBE241               1.80%    passed     77.95%
 136  Neopomacentrus_cyanomos_NBE242               1.80%    passed     77.95%
 137  Oxycheilinus_digramma_NBE26                  2.10%    passed     16.57%
 138  Paratilapia_polleni_AP009508                 2.27%    passed     15.08%
 139  Paretroplus_maculatus_AP009504               1.97%    passed     55.09%
 140  Plectroglyphidodon_dickii_REU715             1.97%    passed     73.65%
 141  Plectroglyphidodon_dickii_REU926             2.01%    passed     67.08%
 142  Plectroglyphidodon_imparipennis_REU1685      1.93%    passed     75.89%
 143  Plectroglyphidodon_imparipennis_REU1746      2.01%    passed     74.71%
 144  Plectroglyphidodon_imparipennis_REU1747      1.93%    passed     66.58%
 145  Plectroglyphidodon_imparipennis_REU1803      1.93%    passed     76.66%
 146  Plectroglyphidodon_johnstonianus_MBIO87     47.75%    failed      2.25%
 147  Plectroglyphidodon_johnstonianus_REU109_1   47.79%    failed      1.40%
 148  Plectroglyphidodon_johnstonianus_REU156_2   47.75%    failed      1.17%
 149  Plectroglyphidodon_johnstonianus_REU716     47.75%    failed      1.17%
 150  Plectroglyphidodon_lacrymatus_NBE0039        1.84%    passed     92.34%
 151  Plectroglyphidodon_lacrymatus_NBE36          1.84%    passed     93.38%
 152  Plectroglyphidodon_lacrymatus_NBE37          1.84%    passed     91.99%
 153  Plectroglyphidodon_lacrymatus_NBE38          1.84%    passed     90.48%
 154  Plectroglyphidodon_leucozonus_NBE635        71.92%    passed     40.36%
 155  Plectroglyphidodon_phoenixensis_MBIO1652    47.84%    passed      8.84%
 156  Plectroglyphidodon_phoenixensis_REU1745     27.26%    passed     41.57%
 157  Plectroglyphidodon_randalli_REU140           1.93%    passed     94.77%
 158  Plectroglyphidodon_randalli_REU141           1.93%    passed     96.21%
 159  Plectroglyphidodon_randalli_REU142           1.93%    passed     96.46%
 160  Plectroglyphidodon_randalli_REU143           1.93%    passed     95.56%
 161  Pomacentrus_agassizi_REU713                  1.84%    passed     97.22%
 162  Pomacentrus_agassizi_REU714                  1.84%    passed     97.22%
 163  Pomacentrus_agassizi_REU933                  1.84%    passed     96.95%
 164  Pomacentrus_agassizi_REU934                  1.84%    passed     97.33%
 165  Pomacentrus_agassizi_REU983                  1.84%    passed     97.59%
 166  Pomacentrus_arabicus_NBE1556                23.87%    passed     51.05%
 167  Pomacentrus_baenschi_NBE1719                13.29%    passed     81.23%
 168  Pomacentrus_baenschi_NBE1720                 1.76%    passed     96.92%
 169  Pomacentrus_baenschi_NBE373                  1.76%    passed     98.17%
 170  Pomacentrus_baenschi_NBE57                   1.76%    passed     98.59%
 171  Pomacentrus_baenschi_NBE60                   1.76%    passed     98.60%
 172  Pomacentrus_baenschi_NBE61                   1.76%    passed     99.27%
 173  Pomacentrus_baenschi_NBE62                   1.76%    passed     98.99%
 174  Pomacentrus_baenschi_NBE63                   1.76%    passed     98.65%
 175  Pomacentrus_caeruleus_NBE1197                1.76%    passed     76.54%
 176  Pomacentrus_caeruleus_NBE372                 1.76%    passed     76.74%
 177  Pomacentrus_caeruleus_NBE388                 1.76%    passed     79.78%
 178  Pomacentrus_caeruleus_NBE55                  1.76%    passed     73.40%
 179  Pomacentrus_caeruleus_REU704                 1.76%    passed     76.71%
 180  Pomacentrus_caeruleus_REU928                 1.76%    passed     75.67%
 181  Pomacentrus_caeruleus_REU929                 1.76%    passed     73.40%
 182  Pomacentrus_pavo_MBIO565                    47.71%    failed      2.73%
 183  Pomacentrus_pavo_NBE256                      1.84%    passed     79.45%
 184  Pomacentrus_pavo_NBE259                      1.84%    passed     76.95%
 185  Pomacentrus_pavo_NBE622                      1.84%    passed     79.88%
 186  Pomacentrus_sulfureus_NBE594                 1.71%    passed     79.87%
 187  Pomacentrus_sulfureus_NBE92                  1.71%    passed     82.30%
 188  Pomacentrus_sulfureus_NBE93                  1.71%    passed     82.10%
 189  Pomacentrus_sulfureus_NBE94                  1.71%    passed     84.57%
 190  Pomacentrus_trichrous_NBE89                 14.62%    passed     42.41%
 191  Pomacentrus_trilineatus_NBE1015              1.71%    passed     95.34%
 192  Pomacentrus_trilineatus_NBE497               1.71%    passed     95.72%
 193  Pomachromis_fuscidorsalis_MBIO957           47.58%    passed      6.72%
 194  Pseudodax_moluccanus_NBE382                  2.14%    failed      0.46%
 195  Ptychochromoides_katria_AP009507             1.89%    passed     83.83%
 196  Stegastes_albifasciatus_MBIO732             47.84%    passed     13.02%
 197  Stegastes_fasciolatus_REU1659               47.62%    failed      3.37%
 198  Stegastes_limbatus_REU1654                   1.97%    passed     49.89%
 199  Stegastes_limbatus_REU2_1                    2.01%    passed     49.78%
 200  Stegastes_limbatus_REU2775                   1.93%    passed     48.35%
 201  Stegastes_limbatus_REU2776                   1.93%    passed     45.05%
 202  Stegastes_limbatus_REU2777                   1.97%    passed     49.89%
 203  Stegastes_lividus_REU1_1                     6.69%    passed     74.21%
 204  Stegastes_lividus_REU1_2                     6.69%    passed     74.28%
 205  Stegastes_nigricans_NBE1085                  1.89%    passed     75.13%
 206  Stegastes_nigricans_REU2661                  1.89%    passed     77.82%
 207  Stegastes_nigricans_REU2784                  1.89%    passed     77.14%
 208  Stegastes_nigricans_REU5_1                   1.93%    passed     76.47%
 209  Stegastes_pelicieri_REU1909                  1.80%    passed     96.57%
 210  Stegastes_pelicieri_REU207_1                 1.80%    passed     96.12%
 211  Tropheus_duboisi_AP006015                    1.76%    passed     55.21%
 212  Tylochromis_polylepis_AP009509               1.80%    passed     63.63%
 213  Wetmorella_nigropinnata_MBIO110              2.10%    passed     95.97%
WARNING: 2 sequences contain more than 50% gaps/ambiguity
****  TOTAL                                        5.76%  11 sequences failed composition chi2 test (p-value<5%; df=3)
Checking for duplicate sequences: done in 0.00134742 secs using 87.65% CPU


Create initial parsimony tree by phylogenetic likelihood library (PLL)... 0.056 seconds
Perform fast likelihood tree search using GTR+I+G model...
Estimate model parameters (epsilon = 5.000)
Perform nearest neighbor interchange...
Estimate model parameters (epsilon = 1.000)
1. Initial log-likelihood: -66447.787
Optimal log-likelihood: -66447.143
Rate parameters:  A-C: 1.71016  A-G: 7.95127  A-T: 1.99954  C-G: 0.53396  C-T: 11.95869  G-T: 1.00000
Base frequencies:  A: 0.252  C: 0.296  G: 0.179  T: 0.273
Proportion of invariable sites: 0.462
Gamma shape alpha: 0.721
Parameters optimization took 1 rounds (0.650 sec)
Time for fast ML tree search: 7.255 seconds

NOTE: ModelFinder requires 86 MB RAM!
ModelFinder will test up to 968 DNA models (sample size: 2333 epsilon: 0.100) ...
 No. Model         -LnL         df  AIC          AICc         BIC
  1  JC            88046.711    423 176939.421   177127.323   179373.748
  2  JC+I          77470.043    424 155788.086   155976.975   158228.168
  3  JC+G4         73257.511    424 147363.022   147551.910   149803.103
  4  JC+I+G4       72814.608    425 146479.216   146669.095   148925.053
  5  JC+R2         74262.912    425 149375.825   149565.704   151821.662
  6  JC+R3         73046.364    427 146946.729   147138.599   149404.075
  7  JC+R4         72766.089    429 146390.178   146584.050   148859.034
  8  JC+R5         72669.662    431 146201.323   146397.212   148681.689
  9  JC+R6         72665.977    433 146197.953   146395.870   148689.830
 14  JC+I+R2       73394.940    426 147641.880   147832.753   150093.472
 15  JC+I+R3       72820.777    428 146497.553   146690.423   148960.655
 16  JC+I+R4       72691.670    430 146243.339   146438.218   148717.951
 17  JC+I+R5       72675.384    432 146214.769   146411.670   148700.890
 18  JC+I+R6       72673.164    434 146214.328   146413.264   148711.959
 30  JC+R5         72669.662    431 146201.323   146397.211   148681.689
 31  JC+R6         72665.977    433 146197.953   146395.870   148689.830
 52  F81+R5        72669.281    431 146200.562   146396.450   148680.928
 53  F81+R6        72665.697    433 146197.393   146395.310   148689.269
 74  F81+F+R5      71745.125    434 144358.249   144557.185   146855.880
 75  F81+F+R6      71741.776    436 144355.553   144556.536   146864.693
 96  K2P+R5        67439.097    432 135742.194   135939.095   138228.315
 97  K2P+R6        67427.306    434 135722.612   135921.548   138220.243
118  K2P+R5        67439.097    432 135742.194   135939.095   138228.315
119  K2P+R6        67427.306    434 135722.612   135921.548   138220.243
140  HKY+R5        67438.815    432 135741.629   135938.530   138227.750
141  HKY+R6        67426.948    434 135721.896   135920.832   138219.527
162  HKY+F+R5      66593.694    435 134057.387   134257.345   136560.773
163  HKY+F+R6      66572.623    437 134019.247   134221.258   136534.142
184  TNe+R5        67080.969    433 135027.937   135225.854   137519.814
185  TNe+R6        67033.829    435 134937.658   135137.616   137441.044
206  TNe+R5        67080.969    433 135027.937   135225.854   137519.814
207  TNe+R6        67033.829    435 134937.658   135137.616   137441.044
228  TN+R5         67080.908    433 135027.815   135225.732   137519.692
229  TN+R6         67033.314    435 134936.629   135136.587   137440.015
250  TN+F+R5       66552.931    436 133977.863   134178.846   136487.003
251  TN+F+R6       66518.092    438 133912.184   134115.228   136432.835
272  K3P+R5        67395.816    433 135657.632   135855.549   138149.508
273  K3P+R6        67381.666    435 135633.333   135833.290   138136.719
294  K3P+R5        67395.816    433 135657.632   135855.549   138149.508
295  K3P+R6        67381.666    435 135633.333   135833.290   138136.719
316  K3Pu+R5       67395.685    433 135657.370   135855.287   138149.246
317  K3Pu+R6       67381.622    435 135633.243   135833.201   138136.629
338  K3Pu+F+R5     66585.482    436 134042.964   134243.947   136552.105
339  K3Pu+F+R6     66562.109    438 134000.219   134203.262   136520.869
360  TPM2+R5       66939.119    433 134744.237   134942.154   137236.113
361  TPM2+R6       66920.829    435 134711.657   134911.615   137215.043
382  TPM2+R5       66939.119    433 134744.237   134942.154   137236.113
383  TPM2+R6       66920.829    435 134711.657   134911.615   137215.043
404  TPM2u+R5      66939.026    433 134744.052   134941.969   137235.928
405  TPM2u+R6      66920.713    435 134711.426   134911.384   137214.812
426  TPM2u+F+R5    66408.212    436 133688.424   133889.408   136197.565
427  TPM2u+F+R6    66385.536    438 133647.073   133850.116   136167.723
448  TPM3+R5       67422.168    433 135710.336   135908.253   138202.213
449  TPM3+R6       67406.203    435 135682.405   135882.363   138185.791
470  TPM3+R5       67422.168    433 135710.336   135908.253   138202.213
471  TPM3+R6       67406.203    435 135682.405   135882.363   138185.791
492  TPM3u+R5      67422.075    433 135710.151   135908.068   138202.027
493  TPM3u+R6      67406.186    435 135682.372   135882.330   138185.758
514  TPM3u+F+R5    66576.192    436 134024.384   134225.367   136533.525
515  TPM3u+F+R6    66551.083    438 133978.167   134181.210   136498.818
536  TIMe+R5       67041.192    434 134950.384   135149.320   137448.015
537  TIMe+R6       66993.602    436 134859.205   135060.188   137368.346
558  TIMe+R5       67041.192    434 134950.384   135149.320   137448.015
559  TIMe+R6       66993.602    436 134859.205   135060.188   137368.346
580  TIM+R5        67041.157    434 134950.313   135149.249   137447.944
581  TIM+R6        66993.552    436 134859.104   135060.087   137368.245
602  TIM+F+R5      66544.237    437 133962.473   134164.485   136477.369
603  TIM+F+R6      66508.122    439 133894.245   134098.323   136420.650
624  TIM2e+R5      66598.592    434 134065.184   134264.120   136562.815
625  TIM2e+R6      66554.723    436 133981.446   134182.430   136490.587
646  TIM2e+R5      66598.592    434 134065.184   134264.120   136562.815
647  TIM2e+R6      66554.723    436 133981.446   134182.430   136490.587
668  TIM2+R5       66598.634    434 134065.268   134264.203   136562.899
669  TIM2+R6       66554.720    436 133981.441   134182.424   136490.582
690  TIM2+F+R5     66361.839    437 133597.677   133799.689   136112.573
691  TIM2+F+R6     66326.411    439 133530.823   133734.901   136057.228
712  TIM3e+R5      67067.199    434 135002.397   135201.333   137500.028
713  TIM3e+R6      67017.059    436 134906.117   135107.100   137415.258
734  TIM3e+R5      67067.199    434 135002.397   135201.333   137500.028
735  TIM3e+R6      67017.059    436 134906.117   135107.100   137415.258
756  TIM3+R5       67067.119    434 135002.238   135201.174   137499.869
757  TIM3+R6       67017.004    436 134906.008   135106.991   137415.149
778  TIM3+F+R5     66534.965    437 133943.930   134145.941   136458.825
779  TIM3+F+R6     66499.334    439 133876.667   134080.745   136403.073
800  TVMe+R5       66923.207    435 134716.414   134916.372   137219.800
801  TVMe+R6       66907.397    437 134688.794   134890.806   137203.690
822  TVMe+R5       66923.207    435 134716.414   134916.372   137219.800
823  TVMe+R6       66907.397    437 134688.794   134890.806   137203.690
844  TVM+R5        66923.185    435 134716.370   134916.328   137219.756
845  TVM+R6        66907.211    437 134688.422   134890.434   137203.318
866  TVM+F+R5      66391.631    438 133659.261   133862.305   136179.912
867  TVM+F+R6      66369.166    440 133618.332   133823.448   136150.492
888  SYM+R5        66587.655    436 134047.311   134248.294   136556.452
889  SYM+R6        66543.908    438 133963.816   134166.860   136484.467
910  SYM+R5        66587.655    436 134047.311   134248.294   136556.452
911  SYM+R6        66543.908    438 133963.816   134166.860   136484.467
932  GTR+R5        66587.629    436 134047.258   134248.241   136556.399
933  GTR+R6        66543.879    438 133963.758   134166.801   136484.408
954  GTR+F+R5      66346.448    439 133570.896   133774.974   136097.301
955  GTR+F+R6      66312.122    441 133506.245   133712.402   136044.160
Akaike Information Criterion:           GTR+F+R6
Corrected Akaike Information Criterion: GTR+F+R6
Bayesian Information Criterion:         GTR+F+R6
Best-fit model: GTR+F+R6 chosen according to BIC

All model information printed to data_training/dna_M8012_213_2333.phy/output_files/iqtree/inference/pars_13.model.gz
CPU time for ModelFinder: 1265.545 seconds (0h:21m:5s)
Wall-clock time for ModelFinder: 1240.294 seconds (0h:20m:40s)

NOTE: 51 MB RAM (0 GB) is required!
Estimate model parameters (epsilon = 0.010)
1. Initial log-likelihood: -66312.122
Optimal log-likelihood: -66312.118
Rate parameters:  A-C: 1.89157  A-G: 8.92087  A-T: 2.24006  C-G: 0.56053  C-T: 12.89225  G-T: 1.00000
Base frequencies:  A: 0.252  C: 0.296  G: 0.179  T: 0.273
Site proportion and rates:  (0.537,0.010) (0.097,0.246) (0.109,0.861) (0.120,1.929) (0.099,3.708) (0.038,7.321)
Parameters optimization took 1 rounds (1.049 sec)
Wrote distance file to... 
BEST SCORE FOUND : -66312.118
Total tree length: 12.999

Total number of iterations: 0
CPU time used for tree search: 0.000 sec (0h:0m:0s)
Wall-clock time used for tree search: 0.000 sec (0h:0m:0s)
Total CPU time used: 1266.622 sec (0h:21m:6s)
Total wall-clock time used: 1241.384 sec (0h:20m:41s)

Analysis results written to: 
  IQ-TREE report:                data_training/dna_M8012_213_2333.phy/output_files/iqtree/inference/pars_13.iqtree
  Maximum-likelihood tree:       data_training/dna_M8012_213_2333.phy/output_files/iqtree/inference/pars_13.treefile
  Screen log file:               data_training/dna_M8012_213_2333.phy/output_files/iqtree/inference/pars_13.log

Date and Time: Mon Sep 22 20:57:58 2025
