IQ-TREE version 3.0.1 for Linux x86 64-bit built Sep 18 2025
Developed by Bui Quang Minh, Thomas Wong, Nhan Ly-Trong, Huaiyan Ren
Contributed by Lam-Tung Nguyen, Dominik Schrempf, Chris Bielow,
Olga Chernomor, Michael Woodhams, Diep Thi Hoang, Heiko Schmidt

Host:    DESKTOP-UQIA48J (AVX2, FMA3, 7 GB RAM)
Command: /home/ngocminh/miniconda3/envs/pypythia/bin/iqtree3 -s Data/dna_M8012_213_2333.phy -pre data_training/dna_M8012_213_2333.phy/output_files/iqtree/inference/pars_7 -seed 7 -ninit 1 -T 1 -redo -n 0
Seed:    7 (Using SPRNG - Scalable Parallel Random Number Generator)
Time:    Mon Sep 22 20:59:35 2025
Kernel:  AVX+FMA - 1 threads (8 CPU cores detected)

HINT: Use -nt option to specify number of threads because your CPU has 8 cores!
HINT: -nt AUTO will automatically determine the best number of threads to use.

Reading alignment file Data/dna_M8012_213_2333.phy ... Phylip format detected
Alignment most likely contains DNA/RNA sequences
Constructing alignment: done in 0.0114625 secs using 65.09% CPU
Alignment has 213 sequences with 2333 columns, 1243 distinct patterns
1082 parsimony-informative, 117 singleton sites, 1134 constant sites
                                           Gap/Ambiguity  Composition  p-value
Analyzing sequences: done in 0.00132926 secs using 102.2% CPU
   1  Abudefduf_margariteus_REU925                 1.93%    passed     86.27%
   2  Abudefduf_margariteus_REU981                 1.89%    passed     88.45%
   3  Abudefduf_septemfasciatus_NBE17              1.89%    passed     60.67%
   4  Abudefduf_sexfasciatus_NBE184                1.84%    passed     96.07%
   5  Abudefduf_sexfasciatus_NBE185                1.93%    passed     95.29%
   6  Abudefduf_sordidus_NBE669                    1.80%    passed     85.24%
   7  Abudefduf_sordidus_NBE670                    1.80%    passed     83.09%
   8  Abudefduf_sordidus_NBE671                    1.80%    passed     75.80%
   9  Abudefduf_sordidus_REU1682                   1.80%    passed     83.88%
  10  Abudefduf_sordidus_REU1686                   1.80%    passed     81.28%
  11  Abudefduf_sparoides_NBE198                   1.84%    passed     34.12%
  12  Abudefduf_sparoides_NBE640                   1.84%    passed     31.07%
  13  Abudefduf_sparoides_REU195_1                 1.84%    passed     32.56%
  14  Abudefduf_sparoides_REU969                   1.84%    passed     31.23%
  15  Abudefduf_sparoides_REU970                   1.84%    passed     33.86%
  16  Abudefduf_sparoides_REU971                   1.84%    passed     39.01%
  17  Abudefduf_vaigiensis_NBE251                  1.84%    passed     92.02%
  18  Abudefduf_vaigiensis_REU1687                 1.84%    passed     98.64%
  19  Amblyglyphidodon_indicus_NBE1321             1.67%    passed     74.76%
  20  Amblyglyphidodon_indicus_NBE25               1.71%    passed     74.58%
  21  Amblyglyphidodon_indicus_NBE601              1.67%    passed     73.36%
  22  Amblyglyphidodon_indicus_NBE602              1.67%    passed     71.25%
  23  Amphiprion_akallopisos_NBE1011               1.71%    passed      8.39%
  24  Amphiprion_akallopisos_NBE1013               1.67%    passed      7.93%
  25  Amphiprion_akallopisos_NBE1036               1.63%    passed      7.68%
  26  Amphiprion_chrysogaster_REU702               1.71%    passed     18.61%
  27  Amphiprion_chrysopterus_MBIO1219             1.71%    passed     17.97%
  28  Amphiprion_latifasciatus_NBE1138             1.67%    passed     27.70%
  29  Amphiprion_latifasciatus_NBE1272             1.67%    passed     32.85%
  30  Anampses_caeruleopunctatus_NBE639            2.10%    passed     25.44%
  31  Anyperodon_leucogrammicus_NC012709           1.97%    passed     60.60%
  32  Astronotus_ocellatus_NC009058                1.63%    passed     22.95%
  33  Bodianus_anthioides_NBE1113b                 2.06%    passed     49.39%
  34  Bodianus_diana_NBE365                        2.23%    failed      0.04%
  35  Centropyge_loricula_NC009872                 1.97%    passed     76.09%
  36  Chaetodon_auriga_REU151_1                    2.01%    passed     92.16%
  37  Chaetodon_bennetti_NBE453                    1.93%    passed     96.05%
  38  Chaetodon_blackburni_REU754                  2.14%    passed     20.98%
  39  Chaetodon_unimaculatus_REU2631               2.10%    passed     11.30%
  40  Chaetodontoplus_septentrionalis_NC009873b    1.93%    passed     68.36%
  41  Cheilinus_fasciatus_NBE203                   2.19%    passed     57.96%
  42  Cheilio_inermis_NBE48                        2.70%    passed     11.88%
  43  Chromis_acares_MBIO25                        1.54%    passed     87.91%
  44  Chromis_agilis_MBIO1224                     47.28%    failed      4.57%
  45  Chromis_alpha_MBIO946                       71.92%    passed     55.18%
  46  Chromis_atripectoralis_NBE1019               1.84%    passed     97.33%
  47  Chromis_atripectoralis_NBE1076               1.84%    passed     97.33%
  48  Chromis_atripectoralis_NBE23                 1.80%    passed     99.13%
  49  Chromis_atripectoralis_NBE24                 1.84%    passed     98.86%
  50  Chromis_chrysura_REU710                      1.76%    passed     35.49%
  51  Chromis_chrysura_REU711                      1.76%    passed     40.22%
  52  Chromis_dimidiata_MBIO1128                   1.41%    passed     74.58%
  53  Chromis_dimidiata_MBIO1129                   1.41%    passed     79.71%
  54  Chromis_dimidiata_NBE444                     1.46%    passed     84.28%
  55  Chromis_dimidiata_NBE447                     1.46%    passed     86.04%
  56  Chromis_dimidiata_REU706                     1.46%    passed     81.65%
  57  Chromis_dimidiata_REU707                     1.41%    passed     78.80%
  58  Chromis_dimidiata_REU708                     1.50%    passed     81.53%
  59  Chromis_dimidiata_REU927                     1.41%    passed     78.80%
  60  Chromis_iomelas_MBIO95                       1.50%    passed     77.22%
  61  Chromis_nigrura_REU996                       1.63%    passed     99.66%
  62  Chromis_nigrura_REU997                       1.63%    passed     99.49%
  63  Chromis_opercularis_NBE430                   1.80%    passed     54.82%
  64  Chromis_opercularis_NBE431                   1.76%    passed     55.08%
  65  Chromis_ternatensis_NBE440                  26.06%    passed      5.61%
  66  Chromis_vanderbilti_MBIO280                  1.71%    passed     95.89%
  67  Chromis_vanderbilti_MBIO281                  1.71%    passed     95.22%
  68  Chromis_viridis_NBE1072                      1.80%    passed     98.91%
  69  Chromis_viridis_NBE1073                      1.76%    passed     96.17%
  70  Chromis_viridis_NBE1074                      1.80%    passed     95.23%
  71  Chromis_viridis_NBE1075                      1.80%    passed     99.70%
  72  Chromis_viridis_REU118                       1.84%    passed     96.38%
  73  Chromis_viridis_REU269_1                     1.80%    passed     99.49%
  74  Chromis_viridis_REU77_1                      1.80%    passed     99.42%
  75  Chromis_weberi_NBE1238                      26.02%    passed     13.98%
  76  Chromis_xanthochira_NBE105                   1.71%    passed     76.36%
  77  Chromis_xanthochira_NBE112                   1.67%    passed     77.63%
  78  Chromis_xanthochira_NBE196                   1.67%    passed     83.31%
  79  Chromis_xanthochira_NBE439                   1.67%    passed     74.44%
  80  Chromis_xanthochira_NBE595                   1.67%    passed     72.20%
  81  Chromis_xanthochira_REU709                   1.67%    passed     77.64%
  82  Chromis_xanthura_MBIO1264                    1.67%    passed     47.17%
  83  Chromis_xanthura_MBIO945                     1.67%    passed     37.19%
  84  Chrysiptera_annulata_NBE633                  2.06%    passed     96.37%
  85  Chrysiptera_annulata_NBE634                  2.10%    passed     95.93%
  86  Chrysiptera_brownriggii_NBE296               1.16%    passed     71.89%
  87  Chrysiptera_brownriggii_NBE32                1.16%    passed     74.18%
  88  Chrysiptera_brownriggii_REU137               1.24%    passed     71.68%
  89  Chrysiptera_brownriggii_REU138               1.24%    passed     69.13%
  90  Chrysiptera_brownriggii_REU139               1.29%    passed     71.72%
  91  Chrysiptera_brownrigii_MBIO493              47.06%    passed     19.40%
  92  Chrysiptera_glauca_REU197_1                  1.84%    passed     61.85%
  93  Chrysiptera_glauca_REU197_2                  1.84%    passed     59.38%
  94  Chrysiptera_glauca_REU3_1                    1.71%    passed     52.54%
  95  Chrysiptera_glauca_REU3_2                    1.71%    passed     60.40%
  96  Coris_aygula_NBE362                          2.14%    passed     81.13%
  97  Coris_cuvieri_NBE379                         2.01%    passed     26.21%
  98  Cymatogaster_aggregata_NC009059              1.89%    passed      5.51%
  99  Dascyllus_aruanus_NBE187                     1.29%    passed     87.56%
 100  Dascyllus_aruanus_NBE188                     1.29%    passed     86.21%
 101  Dascyllus_aruanus_NBE189                     1.29%    passed     86.21%
 102  Dascyllus_aruanus_REU2764                    1.41%    passed     79.82%
 103  Dascyllus_aruanus_REU2765                    1.29%    passed     78.85%
 104  Dascyllus_aruanus_REU4_1                     1.29%    passed     79.40%
 105  Dascyllus_aruanus_REU4_2                     1.33%    passed     84.83%
 106  Dascyllus_carneus_NBE199                     1.37%    passed     99.58%
 107  Dascyllus_carneus_NBE597                     1.41%    passed     99.86%
 108  Dascyllus_carneus_NBE598                     1.41%    passed     99.82%
 109  Dascyllus_carneus_NBE599                     1.37%    passed     99.50%
 110  Dascyllus_flavicaudus_MBIO45                 1.37%    passed     99.32%
 111  Dascyllus_flavicaudus_MBIO46                 1.37%    passed     99.15%
 112  Dascyllus_trimaculatus_REU931               26.02%    passed     13.16%
 113  Dascyllus_trimaculatus_REU932               26.06%    passed     14.53%
 114  Dascyllus_trimaculatus_REU988               26.06%    passed     13.96%
 115  Ditrema_temminckii_NC009060                  1.89%    failed      0.01%
 116  Epibulus_insidiator_NBE76                    2.10%    passed     76.04%
 117  Epinephelus_akaara_NC011113                  1.97%    passed     28.27%
 118  Etroplus_maculatus_AP009505                  1.89%    passed     65.93%
 119  Forcipiger_flavissimus_REU738                2.44%    passed     78.79%
 120  Halichoeres_cosmetus_REU787                  2.14%    failed      3.31%
 121  Hemigymnus_fasciatus_NBE204                  2.06%    passed     94.97%
 122  Hemitaurichthys_zoster_REU791                1.97%    passed     80.43%
 123  Heniochus_acuminatus_NBE41                   2.01%    passed     33.12%
 124  Hypselecara_temporalis_NC011168              1.67%    passed     48.08%
 125  Labracinus_cyclophthalmus_NC009054           1.80%    passed     15.26%
 126  Labroides_dimidiatus_NBE226                  2.14%    passed     25.39%
 127  Lutjanus_malabaricus_NC012736                2.01%    passed     49.86%
 128  Lutjanus_sebae_NC012737                      2.01%    passed     61.55%
 129  Neoglyphidodon_melas_NBE15                   1.67%    passed     99.75%
 130  Neolamprologus_brichardi_NC009062            1.76%    passed     24.15%
 131  Neopomacentrus_azysron_NBE245                1.84%    passed     32.03%
 132  Neopomacentrus_azysron_NBE246                1.84%    passed     36.20%
 133  Neopomacentrus_azysron_NBE247                1.84%    passed     24.52%
 134  Neopomacentrus_cyanomos_NBE240               1.80%    passed     76.57%
 135  Neopomacentrus_cyanomos_NBE241               1.80%    passed     77.95%
 136  Neopomacentrus_cyanomos_NBE242               1.80%    passed     77.95%
 137  Oxycheilinus_digramma_NBE26                  2.10%    passed     16.57%
 138  Paratilapia_polleni_AP009508                 2.27%    passed     15.08%
 139  Paretroplus_maculatus_AP009504               1.97%    passed     55.09%
 140  Plectroglyphidodon_dickii_REU715             1.97%    passed     73.65%
 141  Plectroglyphidodon_dickii_REU926             2.01%    passed     67.08%
 142  Plectroglyphidodon_imparipennis_REU1685      1.93%    passed     75.89%
 143  Plectroglyphidodon_imparipennis_REU1746      2.01%    passed     74.71%
 144  Plectroglyphidodon_imparipennis_REU1747      1.93%    passed     66.58%
 145  Plectroglyphidodon_imparipennis_REU1803      1.93%    passed     76.66%
 146  Plectroglyphidodon_johnstonianus_MBIO87     47.75%    failed      2.25%
 147  Plectroglyphidodon_johnstonianus_REU109_1   47.79%    failed      1.40%
 148  Plectroglyphidodon_johnstonianus_REU156_2   47.75%    failed      1.17%
 149  Plectroglyphidodon_johnstonianus_REU716     47.75%    failed      1.17%
 150  Plectroglyphidodon_lacrymatus_NBE0039        1.84%    passed     92.34%
 151  Plectroglyphidodon_lacrymatus_NBE36          1.84%    passed     93.38%
 152  Plectroglyphidodon_lacrymatus_NBE37          1.84%    passed     91.99%
 153  Plectroglyphidodon_lacrymatus_NBE38          1.84%    passed     90.48%
 154  Plectroglyphidodon_leucozonus_NBE635        71.92%    passed     40.36%
 155  Plectroglyphidodon_phoenixensis_MBIO1652    47.84%    passed      8.84%
 156  Plectroglyphidodon_phoenixensis_REU1745     27.26%    passed     41.57%
 157  Plectroglyphidodon_randalli_REU140           1.93%    passed     94.77%
 158  Plectroglyphidodon_randalli_REU141           1.93%    passed     96.21%
 159  Plectroglyphidodon_randalli_REU142           1.93%    passed     96.46%
 160  Plectroglyphidodon_randalli_REU143           1.93%    passed     95.56%
 161  Pomacentrus_agassizi_REU713                  1.84%    passed     97.22%
 162  Pomacentrus_agassizi_REU714                  1.84%    passed     97.22%
 163  Pomacentrus_agassizi_REU933                  1.84%    passed     96.95%
 164  Pomacentrus_agassizi_REU934                  1.84%    passed     97.33%
 165  Pomacentrus_agassizi_REU983                  1.84%    passed     97.59%
 166  Pomacentrus_arabicus_NBE1556                23.87%    passed     51.05%
 167  Pomacentrus_baenschi_NBE1719                13.29%    passed     81.23%
 168  Pomacentrus_baenschi_NBE1720                 1.76%    passed     96.92%
 169  Pomacentrus_baenschi_NBE373                  1.76%    passed     98.17%
 170  Pomacentrus_baenschi_NBE57                   1.76%    passed     98.59%
 171  Pomacentrus_baenschi_NBE60                   1.76%    passed     98.60%
 172  Pomacentrus_baenschi_NBE61                   1.76%    passed     99.27%
 173  Pomacentrus_baenschi_NBE62                   1.76%    passed     98.99%
 174  Pomacentrus_baenschi_NBE63                   1.76%    passed     98.65%
 175  Pomacentrus_caeruleus_NBE1197                1.76%    passed     76.54%
 176  Pomacentrus_caeruleus_NBE372                 1.76%    passed     76.74%
 177  Pomacentrus_caeruleus_NBE388                 1.76%    passed     79.78%
 178  Pomacentrus_caeruleus_NBE55                  1.76%    passed     73.40%
 179  Pomacentrus_caeruleus_REU704                 1.76%    passed     76.71%
 180  Pomacentrus_caeruleus_REU928                 1.76%    passed     75.67%
 181  Pomacentrus_caeruleus_REU929                 1.76%    passed     73.40%
 182  Pomacentrus_pavo_MBIO565                    47.71%    failed      2.73%
 183  Pomacentrus_pavo_NBE256                      1.84%    passed     79.45%
 184  Pomacentrus_pavo_NBE259                      1.84%    passed     76.95%
 185  Pomacentrus_pavo_NBE622                      1.84%    passed     79.88%
 186  Pomacentrus_sulfureus_NBE594                 1.71%    passed     79.87%
 187  Pomacentrus_sulfureus_NBE92                  1.71%    passed     82.30%
 188  Pomacentrus_sulfureus_NBE93                  1.71%    passed     82.10%
 189  Pomacentrus_sulfureus_NBE94                  1.71%    passed     84.57%
 190  Pomacentrus_trichrous_NBE89                 14.62%    passed     42.41%
 191  Pomacentrus_trilineatus_NBE1015              1.71%    passed     95.34%
 192  Pomacentrus_trilineatus_NBE497               1.71%    passed     95.72%
 193  Pomachromis_fuscidorsalis_MBIO957           47.58%    passed      6.72%
 194  Pseudodax_moluccanus_NBE382                  2.14%    failed      0.46%
 195  Ptychochromoides_katria_AP009507             1.89%    passed     83.83%
 196  Stegastes_albifasciatus_MBIO732             47.84%    passed     13.02%
 197  Stegastes_fasciolatus_REU1659               47.62%    failed      3.37%
 198  Stegastes_limbatus_REU1654                   1.97%    passed     49.89%
 199  Stegastes_limbatus_REU2_1                    2.01%    passed     49.78%
 200  Stegastes_limbatus_REU2775                   1.93%    passed     48.35%
 201  Stegastes_limbatus_REU2776                   1.93%    passed     45.05%
 202  Stegastes_limbatus_REU2777                   1.97%    passed     49.89%
 203  Stegastes_lividus_REU1_1                     6.69%    passed     74.21%
 204  Stegastes_lividus_REU1_2                     6.69%    passed     74.28%
 205  Stegastes_nigricans_NBE1085                  1.89%    passed     75.13%
 206  Stegastes_nigricans_REU2661                  1.89%    passed     77.82%
 207  Stegastes_nigricans_REU2784                  1.89%    passed     77.14%
 208  Stegastes_nigricans_REU5_1                   1.93%    passed     76.47%
 209  Stegastes_pelicieri_REU1909                  1.80%    passed     96.57%
 210  Stegastes_pelicieri_REU207_1                 1.80%    passed     96.12%
 211  Tropheus_duboisi_AP006015                    1.76%    passed     55.21%
 212  Tylochromis_polylepis_AP009509               1.80%    passed     63.63%
 213  Wetmorella_nigropinnata_MBIO110              2.10%    passed     95.97%
WARNING: 2 sequences contain more than 50% gaps/ambiguity
****  TOTAL                                        5.76%  11 sequences failed composition chi2 test (p-value<5%; df=3)
Checking for duplicate sequences: done in 0.00208911 secs using 102.5% CPU


Create initial parsimony tree by phylogenetic likelihood library (PLL)... 0.124 seconds
Perform fast likelihood tree search using GTR+I+G model...
Estimate model parameters (epsilon = 5.000)
Perform nearest neighbor interchange...
Estimate model parameters (epsilon = 1.000)
1. Initial log-likelihood: -66457.558
Optimal log-likelihood: -66457.167
Rate parameters:  A-C: 1.71569  A-G: 8.04324  A-T: 2.02152  C-G: 0.53273  C-T: 11.97116  G-T: 1.00000
Base frequencies:  A: 0.252  C: 0.296  G: 0.179  T: 0.273
Proportion of invariable sites: 0.462
Gamma shape alpha: 0.718
Parameters optimization took 1 rounds (0.762 sec)
Time for fast ML tree search: 8.993 seconds

NOTE: ModelFinder requires 86 MB RAM!
ModelFinder will test up to 968 DNA models (sample size: 2333 epsilon: 0.100) ...
 No. Model         -LnL         df  AIC          AICc         BIC
  1  JC            88051.870    423 176949.740   177137.641   179384.067
  2  JC+I          77475.254    424 155798.508   155987.397   158238.590
  3  JC+G4         73261.213    424 147370.426   147559.315   149810.508
  4  JC+I+G4       72820.422    425 146490.843   146680.723   148936.680
  5  JC+R2         74260.780    425 149371.560   149561.440   151817.397
  6  JC+R3         73044.567    427 146943.133   147135.003   149400.480
  7  JC+R4         72761.620    429 146381.240   146575.113   148850.096
  8  JC+R5         72668.581    431 146199.162   146395.051   148679.529
  9  JC+R6         72666.281    433 146198.561   146396.478   148690.438
 14  JC+I+R2       73399.912    426 147651.825   147842.698   150103.417
 15  JC+I+R3       72824.656    428 146505.313   146698.183   148968.415
 16  JC+I+R4       72689.707    430 146239.413   146434.292   148714.025
 17  JC+I+R5       72674.451    432 146212.901   146409.802   148699.023
 18  JC+I+R6       72672.978    434 146213.956   146412.892   148711.587
 30  JC+R5         72668.581    431 146199.162   146395.051   148679.529
 52  F81+R5        72668.200    431 146198.399   146394.288   148678.765
 74  F81+F+R5      71745.983    434 144359.966   144558.901   146857.597
 96  K2P+R5        67444.014    432 135752.028   135948.929   138238.150
118  K2P+R5        67444.014    432 135752.028   135948.929   138238.150
140  HKY+R5        67443.875    432 135751.750   135948.651   138237.871
162  HKY+F+R5      66600.643    435 134071.286   134271.244   136574.672
184  TNe+R5        67091.252    433 135048.505   135246.421   137540.381
206  TNe+R5        67091.252    433 135048.505   135246.421   137540.381
228  TN+R5         67091.157    433 135048.313   135246.230   137540.189
250  TN+F+R5       66563.342    436 133998.684   134199.667   136507.825
272  K3P+R5        67401.047    433 135668.094   135866.011   138159.970
294  K3P+R5        67401.047    433 135668.094   135866.011   138159.970
316  K3Pu+R5       67400.907    433 135667.814   135865.730   138159.690
338  K3Pu+F+R5     66592.412    436 134056.824   134257.807   136565.965
360  TPM2+R5       66945.041    433 134756.083   134954.000   137247.959
382  TPM2+R5       66945.041    433 134756.083   134954.000   137247.959
404  TPM2u+R5      66944.944    433 134755.888   134953.804   137247.764
426  TPM2u+F+R5    66415.602    436 133703.203   133904.186   136212.344
448  TPM3+R5       67426.302    433 135718.605   135916.522   138210.481
470  TPM3+R5       67426.302    433 135718.605   135916.521   138210.481
492  TPM3u+R5      67426.179    433 135718.359   135916.275   138210.235
514  TPM3u+F+R5    66582.439    436 134036.879   134237.862   136546.020
536  TIMe+R5       67051.617    434 134971.233   135170.169   137468.864
558  TIMe+R5       67051.617    434 134971.233   135170.169   137468.864
580  TIM+R5        67051.356    434 134970.712   135169.648   137468.343
602  TIM+F+R5      66554.608    437 133983.216   134185.228   136498.112
624  TIM2e+R5      66609.804    434 134087.608   134286.543   136585.239
646  TIM2e+R5      66609.804    434 134087.608   134286.544   136585.239
668  TIM2+R5       66609.753    434 134087.507   134286.442   136585.138
690  TIM2+F+R5     66372.745    437 133619.490   133821.502   136134.386
712  TIM3e+R5      67075.490    434 135018.980   135217.916   137516.611
734  TIM3e+R5      67075.490    434 135018.980   135217.916   137516.611
756  TIM3+R5       67075.391    434 135018.783   135217.718   137516.414
778  TIM3+F+R5     66544.527    437 133963.054   134165.065   136477.949
800  TVMe+R5       66928.110    435 134726.220   134926.178   137229.606
822  TVMe+R5       66928.110    435 134726.220   134926.178   137229.606
844  TVM+R5        66928.087    435 134726.175   134926.133   137229.561
866  TVM+F+R5      66398.169    438 133672.337   133875.381   136192.988
888  SYM+R5        66597.848    436 134067.696   134268.679   136576.837
910  SYM+R5        66597.848    436 134067.696   134268.679   136576.837
932  GTR+R5        66597.728    436 134067.456   134268.439   136576.597
954  GTR+F+R5      66356.481    439 133590.962   133795.040   136117.368
Akaike Information Criterion:           GTR+F+R5
Corrected Akaike Information Criterion: GTR+F+R5
Bayesian Information Criterion:         GTR+F+R5
Best-fit model: GTR+F+R5 chosen according to BIC

All model information printed to data_training/dna_M8012_213_2333.phy/output_files/iqtree/inference/pars_7.model.gz
CPU time for ModelFinder: 882.586 seconds (0h:14m:42s)
Wall-clock time for ModelFinder: 846.157 seconds (0h:14m:6s)

NOTE: 43 MB RAM (0 GB) is required!
Estimate model parameters (epsilon = 0.010)
1. Initial log-likelihood: -66356.481
2. Current log-likelihood: -66356.443
3. Current log-likelihood: -66356.416
4. Current log-likelihood: -66356.392
5. Current log-likelihood: -66356.372
6. Current log-likelihood: -66356.356
7. Current log-likelihood: -66356.345
Optimal log-likelihood: -66356.331
Rate parameters:  A-C: 1.87857  A-G: 9.06231  A-T: 2.22783  C-G: 0.55511  C-T: 12.25872  G-T: 1.00000
Base frequencies:  A: 0.252  C: 0.296  G: 0.179  T: 0.273
Site proportion and rates:  (0.552,0.012) (0.106,0.338) (0.131,1.165) (0.145,2.760) (0.066,6.141)
Parameters optimization took 7 rounds (7.999 sec)
Wrote distance file to... 
BEST SCORE FOUND : -66356.331
Total tree length: 12.706

Total number of iterations: 0
CPU time used for tree search: 0.000 sec (0h:0m:0s)
Wall-clock time used for tree search: 0.000 sec (0h:0m:0s)
Total CPU time used: 890.951 sec (0h:14m:50s)
Total wall-clock time used: 854.198 sec (0h:14m:14s)

Analysis results written to: 
  IQ-TREE report:                data_training/dna_M8012_213_2333.phy/output_files/iqtree/inference/pars_7.iqtree
  Maximum-likelihood tree:       data_training/dna_M8012_213_2333.phy/output_files/iqtree/inference/pars_7.treefile
  Screen log file:               data_training/dna_M8012_213_2333.phy/output_files/iqtree/inference/pars_7.log

Date and Time: Mon Sep 22 21:15:36 2025
