IQ-TREE version 3.0.1 for Linux x86 64-bit built Sep 23 2025
Developed by Bui Quang Minh, Thomas Wong, Nhan Ly-Trong, Huaiyan Ren
Contributed by Lam-Tung Nguyen, Dominik Schrempf, Chris Bielow,
Olga Chernomor, Michael Woodhams, Diep Thi Hoang, Heiko Schmidt

Host:    cnode01.hpc.vast.vn (AVX512, FMA3, 125 GB RAM)
Command: /datausers/ioit/thaontp/tranthanhvan235/iqtree3/build/iqtree3 -s /datausers/ioit/thaontp/tranthanhvan235/data_treebase/remainMSAs/dna_M12051_699_6914.phy -pre training_data/dna_M12051_699_6914.phy/output_files/iqtree/inference/pars_2 -seed 2 -ninit 1 -T 1 -redo -n 0 -nt AUTO
Seed:    2 (Using SPRNG - Scalable Parallel Random Number Generator)
Time:    Mon Sep 29 20:43:49 2025
Kernel:  AVX+FMA - auto-detect threads (56 CPU cores detected)

Reading alignment file /datausers/ioit/thaontp/tranthanhvan235/data_treebase/remainMSAs/dna_M12051_699_6914.phy ... Phylip format detected
Alignment most likely contains DNA/RNA sequences
Constructing alignment: done in 0.570251 secs using 140.5% CPU
Alignment has 699 sequences with 6914 columns, 5718 distinct patterns
3525 parsimony-informative, 1252 singleton sites, 2137 constant sites
                                       Gap/Ambiguity  Composition  p-value
Analyzing sequences: done in 0.283479 secs using 518.4% CPU
   1  Abelia_sp.                              39.22%    passed     16.17%
   2  Acharia_tragodes                        39.01%    passed     48.35%
   3  Achatocarpus_praecox                    80.58%    passed     89.22%
   4  Acorus_calamus                          34.26%    passed     31.31%
   5  Acroporium_sp.                          62.89%    failed      0.00%
   6  Actinidia_sp.                           33.41%    passed     95.55%
   7  Adelanthus_lindenbergianus              62.68%    passed     61.96%
   8  Adiantum_raddianum                      36.90%    passed      6.41%
   9  Aechmea_chantinii                       33.29%    passed     17.78%
  10  Aextoxicon_punctatum                    34.57%    passed     43.53%
  11  Afrostyrax_sp                           33.51%    passed     66.29%
  12  Agapanthus_africanus                    33.50%    passed     24.53%
  13  Ailanthus_altissima                     33.90%    passed     15.36%
  14  Akania_bidwillii                        38.11%    passed     63.08%
  15  Alisma_plantago-aquatica                37.66%    passed     73.48%
  16  Allisonia_cockaynii                     20.21%    failed      0.27%
  17  Allium_sp.                              35.28%    passed     81.45%
  18  Alluaudia_sp.                           58.79%    passed     50.46%
  19  Alseuosmia_macrophylla                  35.84%    passed     78.26%
  20  Altingia_sp.                            33.66%    passed     49.46%
  21  Alvaradoa_amorphoides                   59.27%    passed     26.88%
  22  Alzatea_verticillata                    56.36%    passed     16.31%
  23  Amborella_trichopoda                    32.93%    passed     19.19%
  24  Ambuchanania_leucobryoides              86.42%    failed      0.00%
  25  Anarthria_sp.                           58.66%    passed     58.77%
  26  Ancistrocladus_korupensis               34.71%    passed     73.25%
  27  Ancistrodes_genuflexa                   63.86%    failed      0.00%
  28  Andreaea_rothii                         16.36%    passed     13.85%
  29  Andreaeobryum_macrosporum               33.76%    passed     75.49%
  30  Androsace_spinulifera                   38.53%    passed     65.12%
  31  Anemia_sp.                              30.98%    passed     37.40%
  32  Aneura_pinguis                          13.65%    failed      4.65%
  33  Anigozanthos_flavidus                   33.03%    passed     32.13%
  34  Anisophyllea_corneri                    34.03%    passed     84.91%
  35  Anisoptera_sp.                          34.52%    passed     48.75%
  36  Annona_muricata                         38.89%    failed      0.36%
  37  Anomodon_sp.                            36.48%    failed      0.03%
  38  Anthelia_julacea                        70.65%    passed     27.71%
  39  Anthoceros_sp.                          10.36%    passed      6.12%
  40  Aphanopetalum_resinosum                 32.66%    passed     83.94%
  41  Aphloia_theaeformis                     33.90%    passed     69.08%
  42  Aphyllanthes_monspeliensis              60.96%    passed     14.62%
  43  Apium_graveolens                        34.13%    passed     87.82%
  44  Aponogeton_elongatus                    36.91%    passed     45.93%
  45  Arachnitis_uniflora                     74.10%    failed      0.27%
  46  Araucaria_sp.                           35.78%    passed     79.81%
  47  Archidium_alternifolium                 73.24%    failed      0.00%
  48  Archytaea_multiflora                    35.26%    passed     90.61%
  49  Arctostaphylos_uva-ursi                 33.66%    passed     91.18%
  50  Ardisia_sp.                             41.73%    passed     71.20%
  51  Asarum_canadense                        32.18%    passed     66.43%
  52  Asparagus_sp.                           35.04%    passed     33.28%
  53  Asplenium_sp.                           37.65%    passed     21.24%
  54  Asteropeia_micraster                    33.86%    passed     23.14%
  55  Athalamia_hyalina                       57.88%    failed      3.87%
  56  Athyrium_distentifolium                 62.60%    failed      0.36%
  57  Aulacomnium_sp.                         28.12%    passed     35.62%
  58  Austrobaileya_scandens                  32.04%    passed      6.79%
  59  Azolla_sp.                              31.70%    failed      1.53%
  60  Balanops_vieillardii                    35.77%    passed     84.85%
  61  Barbacenia_elegans                      33.57%    passed     32.60%
  62  Barbella_trichophora                    72.88%    failed      0.00%
  63  Barbeuia_madagascariensis               81.27%    failed      0.00%
  64  Barbeya_oleoides                        33.92%    passed     92.51%
  65  Bartramia_sp.                           12.81%    failed      0.20%
  66  Basella_alba                            31.95%    passed     30.79%
  67  Batis_maritima                          33.79%    passed     95.85%
  68  Bauera_rubioides                        34.37%    passed     53.38%
  69  Begonia_metallica                       35.13%    passed     99.14%
  70  Berberidopsis_corallina                 33.74%    passed     45.13%
  71  Bersama_sp.                             33.35%    passed     67.77%
  72  Berzelia_lanuginosa                     35.09%    passed     30.05%
  73  Betula_sp.                              38.20%    passed     75.47%
  74  Biebersteinia_orphanidis                36.39%    passed     19.41%
  75  Bixa_orellana                           33.28%    passed     88.01%
  76  Blandfordia_punicea                     32.34%    passed     56.06%
  77  Blasia_pusilla                          16.65%    failed      0.00%
  78  Blechnum_occidentale                    31.83%    failed      0.66%
  79  Blepharidophyllum_densifolium           91.50%    failed      0.00%
  80  Blepharostoma_trichophyllum             62.16%    failed      0.00%
  81  Blindia_acuta                           47.50%    failed      0.23%
  82  Bomarea_hirtella                        33.18%    passed     15.59%
  83  Boopis_sp.                              33.27%    passed     99.46%
  84  Borago_officinalis                      34.39%    passed     84.35%
  85  Borya_septentrionalis                   34.37%    passed     50.85%
  86  Bougainvillea_glabra                    34.70%    passed     63.86%
  87  Bowiea_volubilis                        33.84%    passed     25.66%
  88  Brachythecium_sp.                       12.22%    passed      5.89%
  89  Braithwaitea_sulcata                    72.78%    failed      0.00%
  90  Brasenia_schreberi                      33.21%    passed     12.02%
  91  Brassica_sp.                            32.72%    passed     80.16%
  92  Brevianthus_flavus                      85.10%    failed      0.00%
  93  Brunellia_sp.                           34.61%    passed     65.38%
  94  Bryobrothera_crenulata                  80.55%    failed      0.00%
  95  Bryoxiphium_norvegicum                  26.90%    failed      0.00%
  96  Bryum_sp.                               28.97%    failed      0.00%
  97  Bulbine_succulenta                      33.97%    passed     67.24%
  98  Burmannia_biflora                       33.57%    passed     46.85%
  99  Bursera_inaguensis                      33.87%    passed     22.99%
 100  Butomus_umbellatus                      43.87%    passed     97.74%
 101  Buxbaumia_aphylla                       21.56%    failed      3.08%
 102  Buxus_sempervirens                      35.10%    passed     39.99%
 103  Byblis_sp.                              43.85%    passed     54.02%
 104  Calceolaria_sp.                         33.86%    passed     62.22%
 105  Calycanthus_floridus                    32.11%    passed     19.97%
 106  Calymperes_sp.                          29.26%    failed      0.00%
 107  Calypogeia_muelleriana                  18.47%    passed     26.07%
 108  Camellia_japonica                       38.23%    passed     53.91%
 109  Campynema_linearis                      33.51%    passed     34.69%
 110  Canella_winteriana                      33.27%    passed     79.91%
 111  Canna_sp.                               34.71%    passed     51.04%
 112  Capparis_spinosa                        36.26%    passed     43.43%
 113  Carallia_brachiata                      34.09%    passed     79.02%
 114  Carlemannia_tetragona                   79.35%    passed     54.10%
 115  Caryocar_glabrum                        38.79%    passed      6.60%
 116  Caryota_mitis                           33.74%    passed     23.19%
 117  Casuarina_sp.                           34.13%    passed     77.20%
 118  Catagonium_brevicaudatum                81.27%    failed      0.01%
 119  Catalpa_bignonioides                    34.61%    passed     42.99%
 120  Catoscopium_nigritum                    91.78%    failed      0.00%
 121  Centrolepis_monogyna                    62.16%    passed     63.15%
 122  Centroplacus_glaucinus                  33.53%    passed     50.08%
 123  Cephalanthus_occidentalis               33.61%    passed     55.29%
 124  Cephalotaxus_sp.                        35.13%    passed     90.08%
 125  Cephalotus_follicularis                 33.89%    passed     97.49%
 126  Cephaloziella_hirta                     72.00%    failed      0.00%
 127  Ceratodon_purpureus                     27.97%    failed      0.00%
 128  Ceratophyllum_demersum                  34.47%    passed     71.94%
 129  Cercidiphyllum_japonicum                33.92%    passed     82.79%
 130  Chara_sp.                               38.89%    failed      0.23%
 131  Chlorokybus_atmophyticus                37.04%    failed      0.19%
 132  Cibotium_sp.                            29.97%    passed     48.96%
 133  Cinclidotus_fontinaloides               75.05%    failed      0.00%
 134  Cinnamomum_camphora                     33.35%    passed     14.90%
 135  Circaeaster_agrestis                    36.66%    passed     88.25%
 136  Clavija_eggersiana                      32.90%    passed     86.65%
 137  Claytonia_sp.                           37.59%    passed     12.62%
 138  Cleome_hassleriana                      32.79%    passed     95.10%
 139  Clerodendrum_sp.                        34.76%    passed     57.95%
 140  Clethra_sp.                             34.16%    passed     70.68%
 141  Clidemia_sp.                            36.55%    passed     97.37%
 142  Climacium_sp.                           34.50%    failed      0.01%
 143  Clivia_sp.                              34.83%    passed     17.90%
 144  Clutia_tomentosa                        34.06%    passed     66.37%
 145  Cneorum_pulverulentum                   33.12%    passed     30.47%
 146  Cobaea_scandens                         33.82%    passed     87.47%
 147  Coccoloba_uvifera                       37.14%    passed     17.66%
 148  Codonopsis_sp.                          32.60%    passed     52.91%
 149  Colchicum_sp.                           37.23%    passed     15.64%
 150  Coleochaete_sp.                         37.98%    failed      0.00%
 151  Columellia_oblonga                      59.33%    passed     34.11%
 152  Connarus_championii                     33.11%    passed     60.45%
 153  Conocephalum_conicum                     7.67%    failed      0.04%
 154  Convolvulus_sp.                         34.08%    passed     44.33%
 155  Corbichonia_decumbens                   34.22%    passed     28.39%
 156  Coriaria_myrtifolia                     33.15%    passed     92.22%
 157  Cornus_officinalis                      33.61%    passed     70.37%
 158  Corokia_cotoneaster                     34.34%    passed     59.94%
 159  Corsinia_coriandrina                    55.81%    passed     19.28%
 160  Corylopsis_pauciflora                   35.09%    passed     84.60%
 161  Corynocarpus_laevigatus                 33.38%    passed     80.31%
 162  Costus_barbatus                         34.97%    passed     69.11%
 163  Couroupita_guianensis                   32.80%    passed     96.83%
 164  Crassula_marnierana                     34.21%    passed     94.33%
 165  Cratoneuron_sp.                         36.39%    failed      0.00%
 166  Crossosoma_californicum                 34.15%    passed     52.71%
 167  Cryphaea_patens                         63.32%    failed      0.00%
 168  Cryptomeria_japonica                    33.48%    passed     99.64%
 169  Ctenolophon_englerianus                 33.95%    passed     64.61%
 170  Cucurbita_pepo                          33.66%    passed     93.61%
 171  Culcita_coniifolia                      51.39%    passed     40.44%
 172  Curtisia_dentata                        63.61%    passed     14.37%
 173  Cyathea_sp.                             31.43%    passed     36.50%
 174  Cyathodium_tuberosum                    57.56%    passed     79.98%
 175  Cycas_sp.                               37.58%    passed     73.64%
 176  Cyclanthus_bipartitus                   34.39%    passed     17.60%
 177  Cynomorium_coccineum                    74.86%    passed      7.37%
 178  Cyrilla_racemiflora                     33.83%    passed     90.63%
 179  Cystodium_sorbifolium                   64.91%    failed      1.55%
 180  Cystopteris_reevesiana                  62.60%    passed      6.37%
 181  Cytinus_hypocistis                      75.85%    passed      6.85%
 182  Daphniphyllum_sp.                       34.39%    passed     56.27%
 183  Dasypogon_bromelifolius                 34.48%    passed     11.18%
 184  Datisca_sp.                             33.06%    passed     94.24%
 185  Davallia_sp.                            31.37%    passed     11.25%
 186  Degeneria_vitiensis                     34.89%    passed     64.42%
 187  Delarbrea_michieana                     33.71%    passed     67.09%
 188  Delosperma_echinatum                    33.56%    passed     50.05%
 189  Dendrohypopterygium_arbuscula           19.47%    failed      0.66%
 190  Dennstaedtia_punctilobula               26.58%    failed      0.00%
 191  Desfontainia_spinosa                    58.69%    passed     51.80%
 192  Dianella_ensifolia                      33.71%    passed     31.04%
 193  Dichapetalum_sp.                        34.97%    passed     67.32%
 194  Dicksonia_antarctica                    35.04%    passed     26.42%
 195  Dicranella_sp.                          26.22%    failed      0.00%
 196  Didymeles_perrieri                      33.96%    passed     68.45%
 197  Diervilla_sessilifolia                  79.88%    passed     95.62%
 198  Dillenia_sp.                            32.73%    passed     63.74%
 199  Dioscorea_polygonoides                  39.17%    passed     14.35%
 200  Diospyros_sp.                           34.44%    passed     76.52%
 201  Dipentodon_sinicus                      54.79%    passed     10.41%
 202  Diphyscium_foliosum                     14.20%    failed      0.04%
 203  Dipsacus_sativus                        43.58%    passed     43.98%
 204  Dipteris_conjugata                      31.60%    failed      2.46%
 205  Dirachma_socotrana                      79.88%    passed     48.37%
 206  Discelium_nudum                         91.87%    failed      0.00%
 207  Doryanthes_palmeri                      34.47%    passed     25.38%
 208  Drimys_winteri                          33.05%    passed     78.46%
 209  Drosera_sp.                             35.33%    passed     42.06%
 210  Drosophyllum_lusitanicum                34.58%    passed     75.54%
 211  Drummondia_sp.                          36.07%    failed      0.02%
 212  Dryopteris_wallichiana                  37.39%    failed      0.03%
 213  Drypetes_roxburghii                     37.85%    passed     73.94%
 214  Dumortiera_hirsuta                      14.96%    failed      0.81%
 215  Ecdeiocolea_monostachya                 32.57%    passed     23.10%
 216  Echinodium_spinosum                     64.32%    failed      0.00%
 217  Elatine_triandra                        34.39%    passed     82.42%
 218  Emblingia_calceoliflora                 81.05%    passed     77.17%
 219  Encalypta_sp.                           36.23%    passed     51.57%
 220  Entodon_hampeanus                       63.35%    failed      0.00%
 221  Ephedra_sp.                             11.57%    passed     48.36%
 222  Epilobium_angustifolium                 33.93%    passed     57.72%
 223  Equisetum_arvense                       27.76%    failed      0.00%
 224  Ercilla_volubilis                       34.45%    passed     40.97%
 225  Eremosyne_pectinata                     32.79%    passed     31.79%
 226  Eriocaulon_sp.                          55.25%    passed      9.27%
 227  Erpodium_beccarii                       81.18%    failed      0.00%
 228  Erythropalum_scandens                   79.36%    passed     95.49%
 229  Erythroxylum_confusum                   33.40%    passed     68.97%
 230  Eucommia_ulmoides                       34.80%    passed     66.08%
 231  Euphorbia_polychroma                    33.66%    passed     81.58%
 232  Euphronia_guianensis                    34.54%    passed     42.50%
 233  Eupomatia_bennettii                     32.72%    passed     29.55%
 234  Euptelea_polyandra                      34.74%    passed     66.20%
 235  Eustichia_sp.                           71.19%    failed      0.00%
 236  Eustrephus_latifolius                   33.51%    passed     48.83%
 237  Euthystachys_abbreviata                 33.58%    passed     39.47%
 238  Exacum_affine                           34.02%    passed     73.02%
 239  Exormotheca_sp.                         39.60%    failed      0.00%
 240  Fabronia_inclinans                      72.72%    failed      0.00%
 241  Fissidens_sp.                           13.26%    passed      5.07%
 242  Flagellaria_indica                      33.76%    passed     33.41%
 243  Floerkea_proserpinicoides               34.31%    passed     80.22%
 244  Fontinalis_antipyretica_var._gigantea   32.77%    failed      0.00%
 245  Forchhammeria_trifoliata                79.48%    passed     93.71%
 246  Fossombronia_sp.                        10.34%    failed      4.40%
 247  Francoa_sp.                             34.13%    passed     74.02%
 248  Frankenia_pulverulenta                  34.54%    passed     69.40%
 249  Freycinetia_scandens                    33.87%    passed     29.96%
 250  Frullania_dilatata                      35.85%    failed      0.09%
 251  Fuchsia_procumbens                      40.12%    passed     84.74%
 252  Galax_urceolata                         43.03%    passed     51.78%
 253  Galbulimima_belgraveana                 33.42%    passed     19.85%
 254  Galearia_filiformis                     34.39%    passed     35.88%
 255  Garrya_elliptica                        34.35%    passed     84.89%
 256  Geissoloma_marginatum                   69.97%    passed     58.99%
 257  Gelsemium_sempervirens                  34.37%    passed     44.93%
 258  Geocalyx_sp.                            61.35%    failed      0.00%
 259  Geranium_sp.                            33.83%    passed     26.42%
 260  Gerrardina_foliosa                      63.19%    passed     26.62%
 261  Gigaspermum_repens                      47.90%    passed      5.66%
 262  Ginkgo_biloba                           27.13%    passed     78.34%
 263  Gladiolus_buckerveldii                  33.71%    passed     50.87%
 264  Gleichenia_dicarpa                      30.58%    failed      1.64%
 265  Gnetum_sp.                              25.79%    failed      0.06%
 266  Goebeliella_cornigera                   54.90%    failed      0.00%
 267  Gomortega_keule                         38.66%    passed      6.66%
 268  Gongylanthus_ericetorum                 81.26%    passed     35.60%
 269  Gonocaryum_litorale                     33.77%    passed     70.49%
 270  Goupia_glabra                           33.24%    passed     64.92%
 271  Greyia_radlkoferi                       34.54%    passed     56.58%
 272  Grimmia_sp.                             25.98%    failed      0.00%
 273  Griselinia_lucida                       33.02%    passed     70.50%
 274  Grubbia_tomentosa                       80.04%    passed     89.50%
 275  Guaiacum_sanctum                        34.22%    passed     98.56%
 276  Guamatela_tuerckheimii                  59.60%    passed     29.09%
 277  Gunnera_sp.                             34.54%    passed     78.78%
 278  Gymnostachys_anceps                     34.29%    passed     13.95%
 279  Gymnostomum_rucurvirostrum              35.74%    failed      0.00%
 280  Gyrocarpus_americana                    33.41%    failed      3.92%
 281  Gyrostemon_sp.                          35.19%    passed     89.56%
 282  Gyrothyra_underwoodiana                 56.20%    passed     30.58%
 283  Halophytum_ameghinoi                    38.43%    passed     28.96%
 284  Hanguana_malayana                       32.51%    passed     10.48%
 285  Haplomitrium_sp.                        14.80%    failed      0.05%
 286  Hedera_helix                            33.90%    passed     67.47%
 287  Hedwigia_ciliata                        21.28%    passed     44.64%
 288  Hedycarya_arborea                       32.46%    passed     30.56%
 289  Hedyosmum_arborescens                   31.92%    passed     58.19%
 290  Heisteria_sp.                           33.53%    passed     36.42%
 291  Helianthemum_grandiflorum               40.87%    passed     93.32%
 292  Helianthus_annuus                       34.16%    passed     97.77%
 293  Helicodontium_capillare                 64.59%    failed      0.00%
 294  Heliconia_sp.                           35.33%    passed     38.81%
 295  Helicophyllum_torquatum                 92.07%    failed      0.00%
 296  Helodium_blandowii                      91.50%    failed      0.00%
 297  Helwingia_japonica                      34.09%    passed     51.23%
 298  Herbertus_sakurai                       19.12%    failed      0.63%
 299  Herzogianthus_vaginatus                 62.54%    failed      0.06%
 300  Heterocladium_sp.                       83.11%    failed      0.00%
 301  Heterophyllium_affine                   32.82%    failed      0.03%
 302  Heteropyxis_natalensis                  34.93%    passed     96.37%
 303  Hookeria_sp.                            10.99%    failed      0.19%
 304  Humiria_balsaminifera                   33.99%    passed     30.64%
 305  Humulus_lupulus                         32.66%    passed     99.21%
 306  Hydnora_africana                        74.26%    passed     13.06%
 307  Hydrangea_macrophylla                   33.63%    passed     82.47%
 308  Hydrocleys_nymphoides                   63.93%    passed     35.31%
 309  Hydrolea_ovata                          33.09%    passed     96.17%
 310  Hydrostachys_sp.                        39.77%    passed     93.84%
 311  Hylocomium_splendens                    34.70%    failed      0.09%
 312  Hymenanthera_alpina                     35.10%    passed     58.88%
 313  Hymenophyton_flabellatum                15.81%    passed     13.59%
 314  Hypecoum_imberbe                        35.85%    passed     57.43%
 315  Hypericum_sp.                           42.49%    passed     83.87%
 316  Hypnodendron_sp.                        32.79%    failed      0.16%
 317  Hypnum_cupressiforme                    56.32%    passed     27.66%
 318  Hypodematium_crenatum                   62.60%    passed     30.20%
 319  Icacina_manii                           47.44%    passed     57.67%
 320  Idria_columnaris                        34.73%    passed     91.60%
 321  Ilex_sp.                                33.47%    passed     64.10%
 322  Illicium_parviflorum                    34.73%    passed     44.38%
 323  Impatiens_sp.                           36.39%    passed     86.28%
 324  Irvingbaileya_sp                        42.39%    passed     96.05%
 325  Irvingia_malayana                       35.62%    passed     77.74%
 326  Isoetes_sp.                             29.79%    passed     59.38%
 327  Isotachis_sp.                           20.62%    passed     21.18%
 328  Itea_virginica                          33.67%    passed     85.99%
 329  Ixerba_brexioides                       32.48%    passed     60.86%
 330  Ixiolirion_tataricum                    35.44%    passed     23.56%
 331  Ixonanthes_chinensis                    33.02%    passed     21.84%
 332  Jackiella_curvata                       61.46%    failed      0.00%
 333  Jaegerina_scariosa                      37.95%    failed      0.20%
 334  Joinvillea_sp.                          36.14%    passed     10.84%
 335  Jubula_sp.                              18.77%    passed     11.83%
 336  Juglans_nigra                           32.25%    passed     96.69%
 337  Juncus_effusus                          33.67%    passed     80.75%
 338  Jungermannia_sp.                        15.77%    passed     33.42%
 339  Justicia_americana                      33.08%    passed     47.56%
 340  Kerria_japonica                         33.16%    passed     99.54%
 341  Kirkia_wilmsii                          79.65%    passed     87.39%
 342  Koeberlinia_spinosa                     35.55%    passed     80.06%
 343  Koelreuteria_paniculata                 32.83%    passed     22.52%
 344  Krameria_sp.                            34.64%    passed     98.66%
 345  Lacistema_aggregatum                    39.28%    passed     23.28%
 346  Lanaria_lanata                          32.33%    passed     18.07%
 347  Lapageria_rosea                         47.04%    passed     93.73%
 348  Laurelia_novae-zelandiae                34.21%    passed     14.78%
 349  Leiosporoceros_dussii                   39.09%    failed      0.03%
 350  Lejeunea_sp.                            26.87%    failed      0.00%
 351  Lepicolea_attenuata                     69.44%    failed      0.00%
 352  Lepidobotrys_staudtii                   35.04%    passed      6.13%
 353  Lepidolaena_taylorii                    38.13%    failed      3.08%
 354  Lepidopilum_sp.                         63.81%    failed      0.00%
 355  Lepidozia_reptans                       13.18%    passed     27.84%
 356  Leptobryum_pyriforme                    34.03%    failed      0.00%
 357  Leptodon_smithii                        65.48%    failed      0.00%
 358  Leptostomum_macrocarpum                 54.63%    passed     33.06%
 359  Lepyrodon_tomentosus                    63.28%    failed      0.00%
 360  Leskeodon_cubensis                      91.70%    failed      0.00%
 361  Leucobryum_sp.                          26.73%    failed      0.00%
 362  Leucodon_sciuroides                     37.56%    failed      0.03%
 363  Licania_tomentosa                       34.97%    passed     48.60%
 364  Limeum_sp.                              34.03%    passed     78.17%
 365  Limonium_dendroides                     34.28%    passed     78.94%
 366  Lonchitis_hirsuta                       39.51%    failed      0.39%
 367  Lophocolea_heterophylla                 25.20%    failed      0.00%
 368  Lophopyxis_maingayi                     33.92%    passed     92.92%
 369  Loxsomopsis_pearcei                     30.69%    passed      8.06%
 370  Lunularia_cruciata                      10.07%    failed      0.19%
 371  Luzuriaga_radicans                      58.52%    passed     91.68%
 372  Lycopodium_sp.                          29.56%    failed      1.74%
 373  Lygodium_sp.                            30.88%    passed     14.30%
 374  Maesa_myrsinoides                       33.40%    passed     89.73%
 375  Magnolia_tripetala                      32.66%    passed     30.55%
 376  Makinoa_crispata                        39.66%    passed     12.70%
 377  Malesherbia_linearifolia                34.37%    passed     78.93%
 378  Malpighia_coccigera                     33.82%    passed     90.47%
 379  Manilkara_zapota                        34.09%    passed     85.52%
 380  Maranta_bicolor                         35.22%    passed     64.65%
 381  Marathrum_rubrum                        43.33%    passed     65.95%
 382  Marattia_attenuata                      30.37%    passed     18.07%
 383  Marcgravia_rectiflora                   34.61%    passed     72.15%
 384  Marchantia_polymorpha                   10.53%    failed      0.01%
 385  Marsilea_sp.                            33.37%    failed      4.23%
 386  Marsupella_emarginata                   25.46%    failed      0.01%
 387  Marsupidium_latifolium                  19.80%    passed     62.50%
 388  Matonia_pectinata                       40.69%    passed     12.76%
 389  Mayaca_fluviatilis                      33.08%    passed     82.82%
 390  Medusagyne_oppositifolia                35.32%    passed     42.29%
 391  Megaceros_tosanus                       19.37%    passed     29.12%
 392  Melanophylla_alnifolia                  32.95%    passed     75.62%
 393  Meliosma_veitchiorum                    34.28%    passed     59.45%
 394  Menispermum_canadensis                  35.80%    passed     76.62%
 395  Menyanthes_trifoliata                   35.61%    passed     69.97%
 396  Mesoptychia_sahlbergii                  91.50%    failed      0.00%
 397  Mesua_sp.                               37.88%    passed     83.88%
 398  Metaxya_rostrata                        26.02%    passed     48.89%
 399  Meteorium_deppei                        83.71%    failed      0.02%
 400  Metteniusa_tessmanniana                 33.76%    passed     58.20%
 401  Metzgeria_sp.                           12.00%    passed     27.30%
 402  Milligania_stylosa                      34.08%    passed     53.06%
 403  Misodendrum_linearifolium               54.08%    passed     48.06%
 404  Mitrastema_yamamotoi                    74.92%    failed      1.78%
 405  Mittenia_plumula                        81.15%    failed      0.00%
 406  Miyabea_fruticella                      80.98%    failed      0.03%
 407  Mnium_hornum                             9.62%    passed     39.15%
 408  Moerckia_flotoviana                     14.65%    failed      0.14%
 409  Mollugo_verticillata                    34.02%    passed     26.90%
 410  Monoclea_sp.                             9.99%    failed      0.47%
 411  Monosolenium_tenerum                    81.17%    failed      0.00%
 412  Montinia_caryophyllacea                 34.47%    passed     71.92%
 413  Moquiniella_rubra                       37.37%    passed     90.24%
 414  Morina_coulteriana                      79.72%    passed     83.10%
 415  Moringa_oleifera                        36.38%    passed     45.52%
 416  Morus_sp.                               35.49%    passed     97.46%
 417  Muilla_maritima                         34.60%    passed     39.40%
 418  Muntingia_calabura                      36.26%    passed     78.70%
 419  Musella_lasiocarpa                      34.55%    passed     58.39%
 420  Mylia_sp.                               26.86%    failed      0.00%
 421  Myrica_cerifera                         34.13%    passed     96.95%
 422  Myriophyllum_exalbescens                33.93%    passed     93.08%
 423  Myristica_fragrans                      32.22%    failed      1.05%
 424  Myrothamnus_flabellifolius              35.65%    passed     92.01%
 425  Myurium_hochstetteri                    37.69%    failed      0.00%
 426  Nandina_domestica                       36.04%    passed     74.13%
 427  Narthecium_ossifragum                   33.90%    passed     15.70%
 428  Nelumbo_lutea                           39.50%    passed     64.55%
 429  Neohodgsonia_mirabilis                  14.38%    passed      7.60%
 430  Neotrichocolea_sp.                      44.24%    failed      0.06%
 431  Nepenthes_sp.                           34.77%    passed     83.22%
 432  Nephrolepis_sp.                         28.96%    passed     86.81%
 433  Nephroselmis_olivacea                   32.09%    passed      6.76%
 434  Nerium_oleander                         38.36%    passed     10.12%
 435  Neurada_procumbens                      34.13%    passed     70.52%
 436  Nicotiana_tabacum                       32.44%    passed     69.15%
 437  Nitraria_sp.                            33.67%    passed     32.56%
 438  Nothofagus_antarctica                   38.33%    passed     68.09%
 439  Notothylas_breutelii                    34.19%    passed      8.86%
 440  Nuphar_sp.                              34.21%    passed     11.64%
 441  Nyssa_sp.                               35.48%    passed     72.00%
 442  Ochna_sp.                               33.86%    passed     55.29%
 443  Odontoschisma_denudatum                 15.45%    passed     56.19%
 444  Oedipodium_griffithianum                44.95%    passed      5.59%
 445  Olea_europaea                           33.53%    passed     72.20%
 446  Oleandra_sp.                            54.35%    passed     84.81%
 447  Olinia_emarginata                       44.89%    passed     41.59%
 448  Oncidium_excavatum                      33.51%    passed     57.92%
 449  Oncotheca_balansae                      33.24%    passed     61.14%
 450  Onoclea_sensibilis                      53.99%    failed      3.94%
 451  Ophioglossum_sp.                        29.01%    passed     68.41%
 452  Opilia_amentacea                        34.73%    passed     86.96%
 453  Orchidantha_fimbriata                   34.89%    passed     49.65%
 454  Orthodontium_lineare                    33.47%    passed     30.12%
 455  Orthorrhynchium_sp.                     83.35%    failed      0.00%
 456  Orthotrichum_sp.                        12.32%    failed      1.96%
 457  Oryza_sativa                            31.49%    passed     33.11%
 458  Oxalis_dillenii                         42.83%    passed     65.45%
 459  Oxymitra_cristata                       86.26%    failed      0.00%
 460  Paeonia_sp.                             34.13%    passed     47.76%
 461  Pallavicinia_lyellii                     9.91%    failed      4.67%
 462  Paracryphia_alticola                    33.83%    passed     51.95%
 463  Parnassia_sp.                           34.23%    passed     74.77%
 464  Paropsia_madagascariensis               34.77%    passed     68.09%
 465  Paulownia_tomentosa                     34.18%    passed     36.88%
 466  Pedicularis_sp.                         32.92%    passed     61.66%
 467  Pellia_epiphylla                        11.77%    passed     30.54%
 468  Pelliciera_rhizophorae                  34.34%    passed     46.00%
 469  Pennantia_cunninghamii                  58.65%    passed     56.30%
 470  Pentadiplandra_brazzeana                54.53%    passed      8.49%
 471  Pentaphragma_ellipticum                 58.14%    passed     27.04%
 472  Penthorum_sedoides                      32.77%    passed     96.67%
 473  Pereskia_aculeata                       34.06%    passed     17.61%
 474  Peridiscus_lucidus                      34.48%    passed     91.52%
 475  Petalonyx_nitidus                       33.73%    passed     83.97%
 476  Petermannia_cirrosa                     59.40%    passed     55.47%
 477  Petrosavia_stellaris                    34.29%    passed     31.14%
 478  Phelline_sp.                            33.73%    passed     42.72%
 479  Philydrella_pygmaea                     33.69%    passed     19.41%
 480  Phryma_sp.                              33.79%    passed     80.46%
 481  Phyla_lanceolata                        34.06%    passed     36.98%
 482  Phyllanthus_flexuosus                   34.41%    passed     61.70%
 483  Phyllocladus_sp.                        36.58%    passed     26.41%
 484  Phyllodrepanium_falcifolium             63.96%    failed      0.00%
 485  Phyllogonium_sp.                        82.82%    failed      0.00%
 486  Phyllonoma_laticuspus                   34.06%    passed     52.31%
 487  Phyllothallia_nivicola                  17.54%    passed     15.03%
 488  Phymatoceros_bulbiculosus               41.22%    failed      0.00%
 489  Physcomitrella_sp.                      33.09%    failed      0.00%
 490  Physena_sp                              80.45%    passed     78.58%
 491  Phytolacca_sp.                          33.83%    passed     32.02%
 492  Picrodendron_baccatum                   34.78%    passed      7.99%
 493  Pilea_sp.                               38.92%    passed     96.46%
 494  Pilosium_chlorophyllum                  80.78%    failed      0.00%
 495  Pilostyles_thurberi                     74.88%    failed      0.71%
 496  Pinus_thunbergiana                      32.93%    passed     70.75%
 497  Piper_betle                             33.57%    passed     41.33%
 498  Pisum_sativum                           33.08%    passed     95.14%
 499  Pittosporum_japonicum                   34.48%    passed     71.48%
 500  Placospermum_coriaceum                  35.15%    passed     44.33%
 501  Plagiochila_sp.                         26.28%    failed      0.00%
 502  Plagiogyria_sp.                         25.79%    failed      0.00%
 503  Plagiothecium_undulatum                 38.13%    failed      0.76%
 504  Plantago_lanceolata                     44.55%    passed     32.02%
 505  Platanus_occidentalis                   34.28%    passed     44.06%
 506  Platytheca_verticellata                 34.00%    passed     58.64%
 507  Pleea_tenuifolia                        33.48%    passed     66.11%
 508  Pleurophascum_grandiglobum              91.58%    failed      0.00%
 509  Pleurozia_sp.                           24.20%    passed      7.00%
 510  Pleuroziopsis_ruthenica                 80.98%    failed      0.00%
 511  Plocosperma_buxifolium                  79.74%    passed     57.54%
 512  Podocarpus_sp.                          34.48%    passed     16.87%
 513  Polygala_sp.                            34.03%    passed     48.13%
 514  Polyosma_cunninghamii                   58.94%    passed     66.41%
 515  Polypodium_sp.                          36.95%    passed      5.77%
 516  Polytrichum_sp.                         11.56%    failed      1.47%
 517  Pontederia_sp.                          36.53%    passed     15.55%
 518  Porella_pinnata                         20.89%    passed     14.18%
 519  Portulaca_grandiflora                   38.18%    passed     29.87%
 520  Posidonia_sp.                           36.42%    passed     81.79%
 521  Potamogeton_sp.                         33.21%    passed     80.19%
 522  Pottingeria_acuminata                   72.07%    passed     63.21%
 523  Prionodon_densus                        81.07%    failed      0.00%
 524  Proboscidea_louisianica                 33.47%    passed     81.12%
 525  Psilotum_nudum                          24.41%    passed     64.07%
 526  Pterobryella_praenitens                 80.47%    failed      0.04%
 527  Pterostemon_rotundifolius               33.71%    passed     94.79%
 528  Ptilidium_sp.                           12.38%    passed     18.76%
 529  Ptychomitrium_sp.                       25.79%    failed      0.00%
 530  Ptychomnion_cygnisetum                  71.41%    failed      0.00%
 531  Punica_sp.                              33.84%    passed     82.98%
 532  Qualea_sp.                              33.12%    passed     61.20%
 533  Quercus_rubra                           32.60%    passed     78.62%
 534  Quiina_pteridophylla                    32.77%    passed     74.87%
 535  Quillaja_saponaria                      64.20%    passed     26.47%
 536  Quintinia_verdonii                      58.07%    passed     51.36%
 537  Quisqualis_indica                       33.93%    passed     64.53%
 538  Racopilum_sp.                           37.52%    failed      0.05%
 539  Radula_sp.                              12.18%    passed      8.89%
 540  Rapatea_sp.                             59.08%    passed     63.83%
 541  Reboulia_hemisphaerica                  15.62%    passed      8.78%
 542  Regmatodon_sp                           82.57%    failed      0.00%
 543  Reinwardtia_indica                      34.16%    passed     22.65%
 544  Reseda_alba                             45.56%    passed     39.33%
 545  Restio_tetraphyllus                     33.32%    failed      4.98%
 546  Rhabdodendron_amazonicum                35.09%    passed     81.69%
 547  Rhabdoweisia_sp.                        52.96%    failed      0.00%
 548  Rhacocarpus_purpurascens                47.66%    failed      0.87%
 549  Rhamnus_cathartica                      33.50%    passed     65.57%
 550  Rhipogonum_elseyanum                    32.93%    passed     20.55%
 551  Rhizogonium_paramattense                35.80%    failed      1.76%
 552  Rhodohypoxis_milloides                  35.91%    passed     78.60%
 553  Rhoiptelea_chiliantha                   36.59%    passed     80.61%
 554  Rhopalocarpus_sp.                       58.61%    passed     59.18%
 555  Rhynchocalyx_lawsonioides               56.12%    passed     10.54%
 556  Rhynchospora_nervosa                    33.67%    passed     91.42%
 557  Rhyncostegiopsis_sp.                    72.90%    failed      0.00%
 558  Rhytidium_sp.                           83.01%    failed      0.00%
 559  Ribes_sp.                               33.14%    passed     92.21%
 560  Ricciocarpos_natans                     36.26%    failed      0.00%
 561  Riella_helicophylla                     20.52%    passed     36.79%
 562  Rigodium_toxarion                       65.75%    failed      0.00%
 563  Roridula_gorgonias                      34.47%    passed     89.55%
 564  Roussea_simplex                         35.57%    passed     61.55%
 565  Ruppia_maritima                         79.65%    passed     38.21%
 566  Ruscus_aculeatus                        34.35%    passed     22.52%
 567  Rutenbergia_madagassa                   80.55%    failed      0.00%
 568  Saccoloma_inaequale                     47.70%    failed      2.85%
 569  Salix_reticulata                        33.97%    passed     69.15%
 570  Saltera_sarcocolla                      56.20%    passed     14.63%
 571  Salvadora_sp.                           36.42%    passed     94.98%
 572  Sarcobatus_vermiculatus                 34.18%    passed     66.90%
 573  Sarcolaena_sp.                          33.86%    passed     50.84%
 574  Sarracenia_sp.                          33.99%    passed     94.17%
 575  Saururus_sp.                            33.01%    passed     38.57%
 576  Saxifraga_mertensiana                   34.12%    passed     95.69%
 577  Scaevola_sp.                            41.96%    passed     53.81%
 578  Scapania_nemorea                        65.23%    failed      0.00%
 579  Scheuchzeria_palustris                  36.95%    passed     26.54%
 580  Schimperobryum_splendidissimum          91.52%    failed      0.00%
 581  Schinus_molle                           33.83%    passed     41.24%
 582  Schistochila_sp.                        14.62%    passed     24.64%
 583  Schistostega_pennata                    74.43%    failed      0.00%
 584  Schizaea_sp.                            39.46%    failed      0.00%
 585  Schlegelia_sp.                          33.06%    passed     70.16%
 586  Schoepfia_schreberi                     41.93%    passed     57.61%
 587  Sciadopitys_verticillata                45.66%    passed     25.79%
 588  Sciaphila_albescens                     74.36%    failed      0.00%
 589  Scouleria_aquatica                      18.60%    failed      0.29%
 590  Selaginella_sp.                         25.48%    failed      0.00%
 591  Serpotortella_chenagonii                91.50%    failed      0.00%
 592  Sesamum_indicum                         34.73%    passed     50.62%
 593  Setchellanthus_caeruleus                43.39%    passed     49.22%
 594  Shepherdia_canadensis                   34.08%    passed     91.60%
 595  Simmondsia_chinensis                    35.06%    passed     73.10%
 596  Sinofranchetia_chinensis                35.31%    passed     88.01%
 597  Siparuna_sp.                            35.58%    passed     18.37%
 598  Sladenia_celastrifolia                  35.81%    passed     94.96%
 599  Smilax_glauca                           34.29%    passed     21.83%
 600  Sparganium_sp.                          33.74%    passed     68.12%
 601  Sphaerocarpos_sp.                       10.18%    failed      2.73%
 602  Sphagnum_palustre                       14.39%    failed      3.04%
 603  Sphenoclea_sp.                          32.31%    passed     77.15%
 604  Sphenomeris_sp.                         40.57%    failed      3.80%
 605  Sphenostemon_lobosporus                 80.42%    passed     88.32%
 606  Spigelia_marilandica                    35.29%    passed     92.23%
 607  Spinacia_oleracea                       31.63%    passed     67.81%
 608  Stachyurus_praecox                      33.34%    passed     67.96%
 609  Stackhousia_minima                      34.16%    passed     71.65%
 610  Staphylea_trifoliata                    33.31%    passed     58.23%
 611  Stegnosperma_halimifolium               79.27%    passed     77.87%
 612  Stellaria_media                         39.21%    passed     40.29%
 613  Stemona_japonica                        33.69%    passed     43.07%
 614  Strasburgeria_robusta                   54.51%    failed      3.90%
 615  Strelitzia_sp.                          34.83%    passed     35.87%
 616  Stylidium_graminifolium                 32.37%    passed     73.79%
 617  Stylobasium_spathulatum                 32.66%    passed     85.66%
 618  Styrax_sp.                              34.54%    passed     91.57%
 619  Symphoricarpos_albus                    34.90%    passed     31.54%
 620  Symphyodon_imbricatifolius              76.32%    failed      1.09%
 621  Symplocus_sp.                           33.40%    passed     95.61%
 622  Syringodium_sp.                         57.75%    passed     18.86%
 623  Tacca_chantrieri                        33.42%    passed     47.06%
 624  Takakia_ceratophylla                    14.80%    failed      1.61%
 625  Talinum_paniculatum                     80.26%    passed     66.02%
 626  Tamarix_pentandra                       33.69%    passed     94.00%
 627  Tapiscia_sinensis                       33.32%    passed     83.22%
 628  Targionia_hypophylla                    30.11%    failed      0.00%
 629  Taxus_sp.                               38.69%    passed     74.44%
 630  Tecophilaea_cyanocrocus                 33.50%    passed     48.23%
 631  Tectaria_prolifera                      62.60%    passed     25.18%
 632  Ternstroemia_stahlii                    34.35%    passed     86.91%
 633  Tetracarpaea_tasmanica                  34.10%    passed     97.31%
 634  Tetrachondra_hamiltonii                 80.89%    passed     71.42%
 635  Tetrameles_nudiflora                    32.75%    passed     94.35%
 636  Tetraphis_pellucida                     24.02%    passed     18.51%
 637  Tetraplodon_mnioides                    56.96%    passed     25.58%
 638  Thamnobryum_alleghaniense               35.36%    failed      2.51%
 639  Thelia_asprella                         73.73%    failed      0.00%
 640  Thelypteris_sp.                         40.73%    failed      0.43%
 641  Thismia_rodwayi                         50.51%    passed     40.96%
 642  Thomandersia_hensii                     79.72%    passed     79.30%
 643  Thuidium_sp.                            25.93%    failed      0.00%
 644  Thurnia_sp.                             63.18%    failed      0.32%
 645  Thymelaea_hirsuta                       34.45%    passed     66.41%
 646  Thyrsopteris_elegans                    59.63%    passed     82.25%
 647  Ticodendron_incognitum                  59.20%    passed      6.73%
 648  Tilia_americana                         34.32%    passed     47.65%
 649  Timmia_sp.                              31.70%    passed     37.24%
 650  Titanotrichum_oldhamii                  34.09%    passed     76.40%
 651  Todea_barbara                           27.93%    passed     82.04%
 652  Torenia_baillonii                       80.84%    passed     67.72%
 653  Tovaria_pendula                         79.55%    passed     83.65%
 654  Trachyloma_indicum                      80.98%    failed      0.00%
 655  Tradescantia_sp.                        35.10%    passed     22.50%
 656  Trematodon_suberatum                    90.84%    failed      0.00%
 657  Treubia_lacunosa                        20.87%    failed      4.59%
 658  Trichilia_emetica                       33.84%    passed     56.58%
 659  Trichocolea_sp.                         14.67%    failed      0.13%
 660  Trichomanes_radicans                    30.84%    passed     59.28%
 661  Tricyrtis_sp.                           35.75%    passed     36.59%
 662  Triglochin_maritimum                    34.81%    passed     67.68%
 663  Trigonia_sp.                            35.06%    passed     37.08%
 664  Trimenia_moorei                         39.11%    passed      9.40%
 665  Triphyophyllum_peltatum                 36.40%    passed     59.30%
 666  Trithuria_submersa                      59.21%    passed     90.19%
 667  Trochodendron_aralioides                33.74%    passed     69.75%
 668  Tropaeolum_sp.                          33.05%    passed     91.14%
 669  Turnera_ulmifolia                       34.45%    passed     50.58%
 670  Typha_latifolia                         33.60%    passed     60.16%
 671  Uleastrum_sp.                           72.98%    failed      0.00%
 672  Utricularia_biflora                     36.97%    passed     67.15%
 673  Vahlia_capensis                         33.56%    passed     85.73%
 674  Valeriana_officinalis                   33.34%    passed     63.88%
 675  Vallisneria_sp                          46.20%    passed     31.82%
 676  Veratrum_sp.                            32.82%    passed     42.11%
 677  Verbascum_thapsus                       33.24%    passed     64.05%
 678  Vetaforma_dusenii                       85.02%    failed      0.03%
 679  Viburnum_sp                             32.85%    passed     64.41%
 680  Viscum_album                            35.44%    passed     86.27%
 681  Vitis_aestivalis                        33.64%    passed     52.28%
 682  Viviania_marifolia                      38.72%    passed     98.96%
 683  Wardia_hygrometrica                     46.50%    failed      0.54%
 684  Warnstorfia_sarmentosa                  84.10%    failed      0.00%
 685  Welwitschia_mirabilis                   38.01%    passed     84.67%
 686  Wendtia_gracilis                        79.87%    passed     67.89%
 687  Weymouthia_cochlearifolia               36.55%    failed      0.07%
 688  Wiesnerella_denudata                    56.10%    failed      0.98%
 689  Woodsia_obtusa                          62.60%    passed     11.92%
 690  Xanthorhiza_simplicissima               35.32%    passed     50.16%
 691  Xanthorrhoea_sp.                        34.25%    passed     10.13%
 692  Xeronema_callistemon                    33.48%    passed     39.14%
 693  Xyris_sp.                               36.07%    passed     61.84%
 694  Yucca_sp.                               32.61%    passed     68.61%
 695  Zamia_sp.                               33.41%    passed     26.27%
 696  Zelkova_serrata                         34.87%    passed     99.85%
 697  Zingiber_gramineum                      34.80%    passed     96.14%
 698  Zostera_noltii                          37.07%    passed     85.83%
 699  carica_papaya                           34.93%    passed     45.36%
WARNING: 151 sequences contain more than 50% gaps/ambiguity
****  TOTAL                                   40.96%  172 sequences failed composition chi2 test (p-value<5%; df=3)
Checking for duplicate sequences: done in 0.242503 secs using 564.8% CPU


Create initial parsimony tree by phylogenetic likelihood library (PLL)... 11.310 seconds
Measuring multi-threading efficiency up to 56 CPU cores
5 trees examined
Threads: 1 / Time: 69.500 sec / Speedup: 1.000 / Efficiency: 100% / LogL: -683120
Threads: 2 / Time: 54.774 sec / Speedup: 1.269 / Efficiency: 63% / LogL: -683120
Threads: 3 / Time: 50.386 sec / Speedup: 1.379 / Efficiency: 46% / LogL: -683120
Determining AUTO threadcount: done in 174.917 secs using 122.7% CPU
BEST NUMBER OF THREADS: 2

Perform fast likelihood tree search using GTR+I+G model...
Estimate model parameters (epsilon = 5.000)
Perform nearest neighbor interchange...
Estimate model parameters (epsilon = 1.000)
1. Initial log-likelihood: -384280.719
Optimal log-likelihood: -384280.197
Rate parameters:  A-C: 1.47600  A-G: 4.09647  A-T: 0.73413  C-G: 1.20983  C-T: 6.26275  G-T: 1.00000
Base frequencies:  A: 0.275  C: 0.200  G: 0.250  T: 0.276
Proportion of invariable sites: 0.247
Gamma shape alpha: 0.633
Parameters optimization took 1 rounds (17.760 sec)
Time for fast ML tree search: 157.619 seconds

NOTE: ModelFinder requires 1297 MB RAM!
ModelFinder will test up to 968 DNA models (sample size: 6914 epsilon: 0.100) ...
 No. Model         -LnL         df  AIC          AICc         BIC
  1  JC            476648.294   1395 956086.589   956792.432   965630.208
  2  JC+I          453003.017   1396 908798.034   909505.017   918348.494
  3  JC+G4         407332.423   1396 817456.846   818163.829   827007.306
  4  JC+I+G4       405962.631   1397 814719.262   815427.386   824276.563
  5  JC+R2         416590.358   1397 835974.716   836682.840   845532.017
  6  JC+R3         407842.055   1399 818482.110   819192.520   828053.094
  7  JC+R4         405277.710   1401 813357.419   814070.120   822942.086
  8  JC+R5         404385.284   1403 811576.568   812291.563   821174.917
  9  JC+R6         403896.981   1405 810603.963   811321.258   820215.995
 10  JC+R7         403647.310   1407 810108.619   810828.218   819734.333
 11  JC+R8         403573.720   1409 809965.440   810687.347   819604.837
 12  JC+R9         403533.831   1411 809889.661   810613.882   819542.740
 13  JC+R10        403516.377   1413 809858.754   810585.293   819525.516
 14  JC+I+R2       413921.255   1398 830638.510   831347.777   840202.653
 15  JC+I+R3       407036.137   1400 816872.275   817583.829   826450.100
 16  JC+I+R4       404936.205   1402 812676.410   813390.257   822267.918
 17  JC+I+R5       404171.370   1404 811150.740   811866.884   820755.930
 18  JC+I+R6       403848.482   1406 810508.964   811227.410   820127.837
 19  JC+I+R7       403622.275   1408 810060.549   810781.302   819693.105
 20  JC+I+R8       403556.091   1410 809932.182   810655.246   819578.420
 21  JC+I+R9       403523.576   1412 809871.153   810596.532   819531.073
 22  JC+I+R10      403511.583   1414 809851.166   810578.866   819524.770
 35  JC+R10        403516.377   1413 809858.754   810585.293   819525.516
 43  JC+I+R9       403523.576   1412 809871.153   810596.532   819531.074
 44  JC+I+R10      403511.583   1414 809851.166   810578.866   819524.770
 57  F81+R10       403516.229   1413 809858.457   810584.996   819525.219
 65  F81+I+R9      403523.313   1412 809870.627   810596.006   819530.547
 66  F81+I+R10     403511.189   1414 809850.378   810578.078   819523.982
 79  F81+F+R10     404529.987   1416 811891.974   812621.998   821579.260
 87  F81+F+I+R9    404540.310   1415 811910.620   812639.481   821591.064
 88  F81+F+I+R10   404527.395   1417 811888.791   812619.979   821582.918
101  K2P+R10       383198.654   1414 769225.308   769953.008   778898.911
109  K2P+I+R9      383206.672   1413 769239.344   769965.883   778906.106
110  K2P+I+R10     383193.699   1415 769217.397   769946.258   778897.842
123  K2P+R10       383198.654   1414 769225.308   769953.008   778898.911
131  K2P+I+R9      383206.672   1413 769239.344   769965.883   778906.106
132  K2P+I+R10     383193.698   1415 769217.397   769946.258   778897.842
145  HKY+R10       383198.510   1414 769225.020   769952.719   778898.623
153  HKY+I+R9      383206.453   1413 769238.906   769965.445   778905.668
154  HKY+I+R10     383193.312   1415 769216.623   769945.485   778897.068
167  HKY+F+R10     382947.659   1417 768729.318   769460.507   778423.445
175  HKY+F+I+R9    382957.727   1416 768747.455   769477.479   778434.740
176  HKY+F+I+R10   382946.694   1418 768729.388   769461.742   778430.356
189  TNe+R10       383026.263   1415 768882.525   769611.387   778562.970
197  TNe+I+R9      383038.707   1414 768905.414   769633.113   778579.017
198  TNe+I+R10     383021.268   1416 768874.536   769604.560   778561.822
211  TNe+R10       383026.263   1415 768882.525   769611.387   778562.970
219  TNe+I+R9      383038.707   1414 768905.414   769633.113   778579.017
220  TNe+I+R10     383021.268   1416 768874.536   769604.560   778561.822
233  TN+R10        383026.216   1415 768882.433   769611.294   778562.877
241  TN+I+R9       383038.663   1414 768905.325   769633.025   778578.929
242  TN+I+R10      383021.135   1416 768874.270   769604.294   778561.555
255  TN+F+R10      382431.011   1418 767698.021   768430.375   777398.990
263  TN+F+I+R9     382441.948   1417 767717.896   768449.084   777412.023
264  TN+F+I+R10    382410.912   1419 767659.824   768393.344   777367.634
277  K3P+R10       383082.518   1415 768995.036   769723.897   778675.481
285  K3P+I+R9      383090.733   1414 769009.466   769737.166   778683.069
286  K3P+I+R10     383069.535   1416 768971.069   769701.094   778658.355
299  K3P+R10       383082.518   1415 768995.036   769723.897   778675.481
307  K3P+I+R9      383090.733   1414 769009.466   769737.166   778683.070
308  K3P+I+R10     383069.535   1416 768971.069   769701.094   778658.355
321  K3Pu+R10      383082.580   1415 768995.160   769724.021   778675.605
329  K3Pu+I+R9     383090.427   1414 769008.853   769736.553   778682.457
330  K3Pu+I+R10    383069.351   1416 768970.703   769700.727   778657.989
343  K3Pu+F+R10    382752.035   1418 768340.069   769072.423   778041.038
351  K3Pu+F+I+R9   382759.874   1417 768353.748   769084.936   778047.875
352  K3Pu+F+I+R10  382732.710   1419 768303.420   769036.940   778011.230
365  TPM2+R10      383193.625   1415 769217.250   769946.112   778897.695
373  TPM2+I+R9     383201.294   1414 769230.589   769958.288   778904.192
374  TPM2+I+R10    383182.163   1416 769196.325   769926.350   778883.611
387  TPM2+R10      383193.625   1415 769217.250   769946.112   778897.695
395  TPM2+I+R9     383201.294   1414 769230.589   769958.288   778904.192
396  TPM2+I+R10    383182.163   1416 769196.325   769926.350   778883.611
409  TPM2u+R10     383193.713   1415 769217.426   769946.288   778897.871
417  TPM2u+I+R9    383201.070   1414 769230.139   769957.839   778903.743
418  TPM2u+I+R10   383182.190   1416 769196.381   769926.405   778883.667
431  TPM2u+F+R10   382946.421   1418 768728.842   769461.196   778429.810
439  TPM2u+F+I+R9  382953.731   1417 768741.462   769472.650   778435.589
440  TPM2u+F+I+R10 382927.124   1419 768692.247   769425.767   778400.057
453  TPM3+R10      383112.211   1415 769054.421   769783.283   778734.866
461  TPM3+I+R9     383119.495   1414 769066.990   769794.689   778740.593
462  TPM3+I+R10    383093.230   1416 769018.460   769748.485   778705.746
475  TPM3+R10      383112.211   1415 769054.421   769783.283   778734.866
483  TPM3+I+R9     383119.495   1414 769066.990   769794.689   778740.593
484  TPM3+I+R10    383093.230   1416 769018.460   769748.485   778705.746
497  TPM3u+R10     383112.121   1415 769054.241   769783.102   778734.686
505  TPM3u+I+R9    383119.279   1414 769066.559   769794.258   778740.162
506  TPM3u+I+R10   383093.083   1416 769018.167   769748.191   778705.453
519  TPM3u+F+R10   382464.170   1418 767764.341   768496.695   777465.309
527  TPM3u+F+I+R9  382473.703   1417 767781.406   768512.595   777475.534
528  TPM3u+F+I+R10 382446.356   1419 767730.712   768464.232   777438.522
541  TIMe+R10      382912.202   1416 768656.404   769386.429   778343.690
549  TIMe+I+R9     382922.978   1415 768675.955   769404.817   778356.400
550  TIMe+I+R10    382903.645   1417 768641.291   769372.479   778335.418
563  TIMe+R10      382912.202   1416 768656.404   769386.429   778343.690
571  TIMe+I+R9     382922.978   1415 768675.955   769404.817   778356.400
572  TIMe+I+R10    382903.645   1417 768641.291   769372.479   778335.418
585  TIM+R10       382912.343   1416 768656.686   769386.711   778343.972
593  TIM+I+R9      382922.913   1415 768675.825   769404.687   778356.270
594  TIM+I+R10     382902.986   1417 768639.973   769371.161   778334.100
607  TIM+F+R10     382233.201   1419 767304.403   768037.923   777012.213
615  TIM+F+I+R9    382244.860   1418 767325.719   768058.073   777026.688
616  TIM+F+I+R10   382208.070   1420 767256.140   767990.828   776970.791
629  TIM2e+R10     383023.493   1416 768878.986   769609.010   778566.272
637  TIM2e+I+R9    383046.517   1415 768923.034   769651.895   778603.478
638  TIM2e+I+R10   383017.079   1417 768868.158   769599.347   778562.285
651  TIM2e+R10     383023.493   1416 768878.986   769609.010   778566.272
659  TIM2e+I+R9    383046.517   1415 768923.034   769651.895   778603.478
660  TIM2e+I+R10   383017.079   1417 768868.158   769599.347   778562.285
673  TIM2+R10      383023.523   1416 768879.046   769609.071   778566.332
681  TIM2+I+R9     383036.155   1415 768902.311   769631.172   778582.755
682  TIM2+I+R10    383016.785   1417 768867.570   769598.759   778561.698
695  TIM2+F+R10    382425.699   1419 767689.399   768422.919   777397.208
703  TIM2+F+I+R9   382436.647   1418 767709.295   768441.648   777410.263
704  TIM2+F+I+R10  382400.595   1420 767641.190   768375.877   777355.841
717  TIM3e+R10     382952.745   1416 768737.490   769467.514   778424.776
725  TIM3e+I+R9    382970.290   1415 768770.581   769499.442   778451.025
726  TIM3e+I+R10   382938.695   1417 768711.390   769442.578   778405.517
739  TIM3e+R10     382952.745   1416 768737.490   769467.514   778424.776
747  TIM3e+I+R9    382970.290   1415 768770.581   769499.442   778451.025
748  TIM3e+I+R10   382938.695   1417 768711.390   769442.578   778405.517
761  TIM3+R10      382952.850   1416 768737.700   769467.724   778424.986
769  TIM3+I+R9     382970.261   1415 768770.522   769499.384   778450.967
770  TIM3+I+R10    382938.713   1417 768711.426   769442.615   778405.553
783  TIM3+F+R10    381958.504   1419 766755.009   767488.529   776462.818
791  TIM3+F+I+R9   381974.334   1418 766784.668   767517.022   776485.637
792  TIM3+F+I+R10  381938.286   1420 766716.571   767451.259   776431.222
805  TVMe+R10      383002.824   1417 768839.648   769570.836   778533.775
813  TVMe+I+R9     383012.561   1416 768857.123   769587.147   778544.409
814  TVMe+I+R10    382988.341   1418 768812.682   769545.036   778513.650
827  TVMe+R10      383002.824   1417 768839.648   769570.836   778533.775
835  TVMe+I+R9     383012.562   1416 768857.123   769587.147   778544.409
836  TVMe+I+R10    382988.341   1418 768812.682   769545.036   778513.650
849  TVM+R10       383003.078   1417 768840.156   769571.344   778534.283
857  TVM+I+R9      383012.418   1416 768856.836   769586.860   778544.122
858  TVM+I+R10     382988.413   1418 768812.826   769545.179   778513.794
871  TVM+F+R10     382332.277   1420 767504.554   768239.242   777219.205
879  TVM+F+I+R9    382341.466   1419 767520.932   768254.452   777228.742
880  TVM+F+I+R10   382308.420   1421 767458.839   768194.696   777180.332
893  SYM+R10       382852.272   1418 768540.543   769272.897   778241.512
901  SYM+I+R9      382864.103   1417 768562.206   769293.394   778256.333
902  SYM+I+R10     382835.879   1419 768509.758   769243.279   778217.568
915  SYM+R10       382852.271   1418 768540.543   769272.897   778241.512
923  SYM+I+R9      382864.103   1417 768562.206   769293.394   778256.333
924  SYM+I+R10     382835.879   1419 768509.758   769243.279   778217.568
937  GTR+R10       382852.297   1418 768540.594   769272.948   778241.563
945  GTR+I+R9      382864.052   1417 768562.104   769293.293   778256.232
946  GTR+I+R10     382835.070   1419 768508.140   769241.660   778215.950
959  GTR+F+R10     381822.349   1421 766486.697   767222.554   776208.190
967  GTR+F+I+R9    381840.080   1420 766520.159   767254.847   776234.810
968  GTR+F+I+R10   381802.755   1422 766449.510   767186.537   776177.844
Akaike Information Criterion:           GTR+F+I+R10
Corrected Akaike Information Criterion: GTR+F+I+R10
Bayesian Information Criterion:         GTR+F+I+R10
Best-fit model: GTR+F+I+R10 chosen according to BIC

All model information printed to training_data/dna_M12051_699_6914.phy/output_files/iqtree/inference/pars_2.model.gz
CPU time for ModelFinder: 188359.901 seconds (52h:19m:19s)
Wall-clock time for ModelFinder: 111439.124 seconds (30h:57m:19s)

NOTE: 1297 MB RAM (1 GB) is required!
Estimate model parameters (epsilon = 0.010)
1. Initial log-likelihood: -381802.755
2. Current log-likelihood: -381802.720
3. Current log-likelihood: -381802.673
4. Current log-likelihood: -381802.656
5. Current log-likelihood: -381802.642
6. Current log-likelihood: -381802.596
7. Current log-likelihood: -381802.577
8. Current log-likelihood: -381802.538
Optimal log-likelihood: -381802.523
Rate parameters:  A-C: 1.48391  A-G: 4.15566  A-T: 0.73705  C-G: 1.21076  C-T: 6.35357  G-T: 1.00000
Base frequencies:  A: 0.275  C: 0.200  G: 0.250  T: 0.276
Proportion of invariable sites: 0.105
Site proportion and rates:  (0.364,0.039) (0.106,0.201) (0.076,0.499) (0.076,0.905) (0.100,1.560) (0.072,2.475) (0.053,3.631) (0.033,5.381) (0.011,8.238) (0.005,13.095)
Parameters optimization took 8 rounds (172.888 sec)
Wrote distance file to... 
BEST SCORE FOUND : -381802.523
Total tree length: 28.331

Total number of iterations: 0
CPU time used for tree search: 0.000 sec (0h:0m:0s)
Wall-clock time used for tree search: 0.000 sec (0h:0m:0s)
Total CPU time used: 188659.660 sec (52h:24m:19s)
Total wall-clock time used: 111612.820 sec (31h:0m:12s)

Analysis results written to: 
  IQ-TREE report:                training_data/dna_M12051_699_6914.phy/output_files/iqtree/inference/pars_2.iqtree
  Maximum-likelihood tree:       training_data/dna_M12051_699_6914.phy/output_files/iqtree/inference/pars_2.treefile
  Screen log file:               training_data/dna_M12051_699_6914.phy/output_files/iqtree/inference/pars_2.log

Date and Time: Wed Oct  1 03:44:06 2025
ee/inference/pars_2.log

Date and Time: Wed Oct  1 03:44:06 2025
