IQ-TREE version 3.0.1 for Linux x86 64-bit built Sep 18 2025
Developed by Bui Quang Minh, Thomas Wong, Nhan Ly-Trong, Huaiyan Ren
Contributed by Lam-Tung Nguyen, Dominik Schrempf, Chris Bielow,
Olga Chernomor, Michael Woodhams, Diep Thi Hoang, Heiko Schmidt

Host:    DESKTOP-UQIA48J (AVX2, FMA3, 7 GB RAM)
Command: /home/ngocminh/miniconda3/envs/pypythia/bin/iqtree3 -s Data/dna_M11745_316_1494.phy -pre data_training/dna_M11745_316_1494.phy/output_files/iqtree/inference/pars_10 -seed 10 -ninit 1 -T 1 -redo -n 0
Seed:    10 (Using SPRNG - Scalable Parallel Random Number Generator)
Time:    Thu Sep 25 06:24:00 2025
Kernel:  AVX+FMA - 1 threads (8 CPU cores detected)

HINT: Use -nt option to specify number of threads because your CPU has 8 cores!
HINT: -nt AUTO will automatically determine the best number of threads to use.

Reading alignment file Data/dna_M11745_316_1494.phy ... Phylip format detected
Alignment most likely contains DNA/RNA sequences
Constructing alignment: done in 0.0116339 secs using 104.4% CPU
Alignment has 316 sequences with 1494 columns, 1030 distinct patterns
465 parsimony-informative, 204 singleton sites, 825 constant sites
                                                             Gap/Ambiguity  Composition  p-value
Analyzing sequences: done in 0.00142798 secs using 106.5% CPU
   1  Anomoporia_bombycina_GU187564                                  7.50%    passed     52.81%
   2  Anomoporia_kamtschatica_DQ144615                              10.37%    passed      5.53%
   3  Camarophyllopsis_aff._foetens_ECV4175_HQ877678                 7.70%    passed     97.99%
   4  Camarophyllopsis_atropuncta_EF535270                          35.61%    passed     78.05%
   5  Camarophyllopsis_hymenocephala_DQ457679                        7.56%    passed     97.73%
   6  Camarophyllopsis_hymenocephala_EF561628                        7.63%    passed     97.15%
   7  Camarophyllopsis_schulzeri_AM946415                           31.53%    passed     67.87%
   8  Camarophyllopsis_schulzeri_EF537888                           33.13%    passed     55.91%
   9  Clavaria_acuta_AY228353                                       66.27%    passed     39.92%
  10  Clavaria_acuta_HQ877679                                        7.56%    passed     97.93%
  11  Clavaria_acuta_HQ877680                                        7.76%    passed     93.10%
  12  Clavaria_aff._acuta_GG_AB05-32_EF535278                       31.46%    passed     90.35%
  13  Clavaria_aff._fragilis_ADW0128_HQ877687                        6.96%    passed     91.48%
  14  Clavaria_aff._fragilis_JMB08171003_HQ877689                    6.89%    passed     86.66%
  15  Clavaria_aff._fragilis_SAT98-349-01_HQ877688                   6.83%    passed     87.47%
  16  Clavaria_alboglobospora_HQ877682                               7.36%    passed     95.12%
  17  Clavaria_argillacea_AY463395                                   9.91%    passed     75.75%
  18  Clavaria_argillacea_HQ877683                                   7.56%    passed     88.31%
  19  Clavaria_australiana_HQ877685                                  6.09%    passed     71.88%
  20  Clavaria_cf._acuta_RHP55840_HQ877681                           7.43%    passed     94.01%
  21  Clavaria_cf._rubicundula_JMB10061005_HQ877690                  7.63%    passed     88.58%
  22  Clavaria_cf._rubicundula_MR00170_HQ877696                      8.23%    passed     86.39%
  23  Clavaria_cf._rubicundula_SAT09-217-18_HQ877695                10.11%    passed     83.81%
  24  Clavaria_cf._rubicundula_TENN043695_HQ877697                   7.76%    passed     78.39%
  25  Clavaria_cf._subacuta_RHP2322_HQ877699                        58.17%    passed     76.62%
  26  Clavaria_citrinorubra_HQ877686                                58.10%    passed     73.44%
  27  Clavaria_fumosa_EF535268                                      10.11%    passed     88.24%
  28  Clavaria_fuscata_HQ877681X                                     7.56%    passed     97.78%
  29  Clavaria_inaequalis_AY745693                                   8.17%    passed     73.28%
  30  Clavaria_novozealandica_HQ877693                              38.49%    passed     85.42%
  31  Clavaria_pullei_AY586646                                      16.33%    passed     85.08%
  32  Clavaria_redoleoalii_DQ284906                                 43.98%    passed     93.77%
  33  Clavaria_rosea_HQ877694                                       38.49%    passed     97.35%
  34  Clavaria_sp._JMB10061001_HQ877684                              6.63%    passed     51.21%
  35  Clavaria_sp._TFB11835_HQ877692                                 6.89%    passed     72.30%
  36  Clavaria_stegasauroides_HQ877698                               7.30%    passed     94.30%
  37  Clavaria_straminea_EF535267                                   36.81%    passed     98.42%
  38  Clavaria_vermicularis_DQ284907                                47.86%    passed     94.75%
  39  Clavaria_zollingeri_AY639882                                  21.02%    passed     84.46%
  40  Clavaria_zollingeri_HQ877700                                   9.84%    passed     90.71%
  41  Clavicorona_taxophila_AF115333                                40.90%    passed     99.34%
  42  Clavicorona_taxophila_HQ877701                                57.97%    passed     85.98%
  43  Clavulinopsis_aff._aurantiocinnabarina_JMB08171004_HQ877704    6.36%    passed     78.63%
  44  Clavulinopsis_aff._aurantiocinnabarina_JMB08171006_HQ877705    9.17%    passed     55.36%
  45  Clavulinopsis_aff._aurantiocinnabarina_JMB08240901_HQ877703    6.49%    passed     79.73%
  46  Clavulinopsis_aff._aurantiocinnabarina_PBM3010_HQ877706       39.02%    passed     75.93%
  47  Clavulinopsis_amoena_HQ877702                                 12.65%    passed     94.50%
  48  Clavulinopsis_corallinorosacea_HQ877707                       12.78%    passed     71.74%
  49  Clavulinopsis_fusiformis_EF535273                             41.50%    passed     98.13%
  50  Clavulinopsis_fusiformis_HQ877717                             10.11%    passed     93.55%
  51  Clavulinopsis_gracillima_HQ877708                             40.29%    passed     83.66%
  52  Clavulinopsis_sulcata_DQ284904                                46.65%    passed     85.87%
  53  Clavulinopsis_sulcata_HQ877709                                 6.63%    passed     91.02%
  54  Hyphodontiella_multiseptata_EU118634                          12.72%    passed     96.39%
  55  Ictalurus_punctatus_HQ677718                                  41.37%    passed     87.91%
  56  Mucronella_aff._calva_KHL10317_AY586690                       26.37%    passed     97.53%
  57  Mucronella_bresadolae_DQ384591                                62.92%    passed     48.55%
  58  Mucronella_calva_AJ406588                                     44.24%    passed     98.68%
  59  Mucronella_calva_AY586689                                      8.97%    passed     24.75%
  60  Mucronella_fusiformis_DQ284905                                43.84%    failed      0.10%
  61  Mucronella_pendula_HQ829921                                    7.43%    failed      3.52%
  62  Mucronella_sp._KUC8367_FJ471546                               62.18%    passed     78.27%
  63  Plicaturopsis_crispa_AY293203                                 39.76%    passed     15.54%
  64  Podoserpula_pusio_EF535271                                    31.53%    passed     58.46%
  65  Ramariopsis_aff._kunzei_JMB10071005_HQ877721                  21.15%    passed     72.64%
  66  Ramariopsis_aff._kunzei_MR00183_HQ877720                      44.98%    passed     73.08%
  67  Ramariopsis_aff._kunzei_Marr5064_HQ877719                      6.69%    passed     88.67%
  68  Ramariopsis_antillarum_HQ877710                               40.96%    passed     94.81%
  69  Ramariopsis_aurantio-olivacea_HQ877711                        41.30%    passed     93.23%
  70  Ramariopsis_biformis_HQ877712                                  7.70%    passed     89.55%
  71  Ramariopsis_cremicolor_HQ877714                               39.09%    passed     90.24%
  72  Ramariopsis_crocea_HQ877715                                    7.70%    passed     96.34%
  73  Ramariopsis_crocea_f._conspicua_HQ877716                      57.83%    passed     61.98%
  74  Ramariopsis_helvola_AY586647                                  42.10%    passed     93.30%
  75  Ramariopsis_helvola_EU118617                                  41.23%    passed     91.70%
  76  Ramariopsis_kunzei_DQ284902                                   42.30%    passed     89.29%
  77  Ramariopsis_kunzei_EF561638                                   64.52%    passed     83.80%
  78  Ramariopsis_laeticolor_EU118618                               41.37%    passed     86.20%
  79  Ramariopsis_pseudosubtilis_HQ877723                            7.16%    passed     76.14%
  80  Ramariopsis_sp._DJM1049_DQ284903                              47.46%    passed     81.68%
  81  Ramariopsis_sp._JMB-2011_HQ877722                             57.97%    passed     89.59%
  82  Ramariopsis_tenuiramosa_EF535269                              13.59%    passed     87.26%
  83  uncultured_Agaricales_FM997944                                62.85%    passed     50.95%
  84  uncultured_Basidiomycota_DQ341676                             61.91%    passed     47.42%
  85  uncultured_Basidiomycota_DQ341678                             62.85%    passed     52.72%
  86  uncultured_Basidiomycota_DQ341679                             62.72%    passed     87.14%
  87  uncultured_Basidiomycota_DQ341683                             59.64%    passed     97.90%
  88  uncultured_Basidiomycota_DQ341692                             61.91%    passed     52.04%
  89  uncultured_Basidiomycota_DQ341694                             59.64%    passed     69.59%
  90  uncultured_Basidiomycota_DQ341696                             59.57%    passed     98.68%
  91  uncultured_Basidiomycota_DQ341702                             61.98%    passed     70.98%
  92  uncultured_Basidiomycota_DQ341705                             62.78%    passed     90.61%
  93  uncultured_Basidiomycota_DQ341728                             59.50%    passed     97.22%
  94  uncultured_Basidiomycota_DQ341729                             59.64%    passed     72.91%
  95  uncultured_Basidiomycota_DQ341735                             59.64%    passed     66.97%
  96  uncultured_Basidiomycota_DQ341736                             59.71%    passed     98.58%
  97  uncultured_Basidiomycota_DQ341739                             62.65%    passed     67.30%
  98  uncultured_Basidiomycota_DQ341741                             60.98%    passed     71.34%
  99  uncultured_Basidiomycota_DQ341743                             61.78%    passed     72.23%
 100  uncultured_Basidiomycota_DQ341744                             61.78%    passed     79.68%
 101  uncultured_Basidiomycota_DQ341745                             62.32%    passed     84.14%
 102  uncultured_Basidiomycota_DQ341747                             62.78%    passed     83.42%
 103  uncultured_Basidiomycota_DQ341751                             61.65%    passed     85.21%
 104  uncultured_Basidiomycota_DQ341756                             62.92%    passed     65.00%
 105  uncultured_Basidiomycota_DQ341757                             61.91%    passed     85.88%
 106  uncultured_Basidiomycota_DQ341778                             62.32%    passed     89.99%
 107  uncultured_Basidiomycota_DQ341780                             62.12%    passed     78.91%
 108  uncultured_Basidiomycota_DQ341783                             61.85%    passed     81.91%
 109  uncultured_Basidiomycota_DQ341791                             61.91%    passed     87.34%
 110  uncultured_Basidiomycota_DQ341797                             73.63%    passed     22.37%
 111  uncultured_Basidiomycota_DQ341800                             59.97%    passed     67.67%
 112  uncultured_Basidiomycota_DQ341809                             59.24%    passed     99.04%
 113  uncultured_Basidiomycota_DQ341855                             61.58%    passed     69.49%
 114  uncultured_Basidiomycota_DQ341857                             61.91%    passed     76.41%
 115  uncultured_Basidiomycota_DQ341858                             61.58%    passed     64.84%
 116  uncultured_Basidiomycota_DQ341921                             61.58%    passed     63.24%
 117  uncultured_Basidiomycota_DQ341923                             62.18%    passed     71.70%
 118  uncultured_Basidiomycota_DQ341946                             62.12%    passed     70.96%
 119  uncultured_Basidiomycota_DQ341947                             62.85%    passed     80.37%
 120  uncultured_Basidiomycota_DQ341949                             61.78%    passed     80.99%
 121  uncultured_Basidiomycota_DQ341950                             62.05%    passed     25.99%
 122  uncultured_Basidiomycota_DQ341951                             64.86%    passed     35.87%
 123  uncultured_Basidiomycota_DQ341956                             44.04%    passed     83.90%
 124  uncultured_Basidiomycota_DQ341957                             48.93%    passed     75.97%
 125  uncultured_Basidiomycota_DQ341963                             62.38%    passed     76.54%
 126  uncultured_Basidiomycota_DQ341967                             62.85%    passed     85.49%
 127  uncultured_Basidiomycota_DQ341968                             61.98%    passed     84.89%
 128  uncultured_Basidiomycota_DQ341970                             63.92%    passed     46.47%
 129  uncultured_Basidiomycota_DQ341971                             63.19%    passed     49.43%
 130  uncultured_Basidiomycota_DQ341972                             61.85%    passed     16.26%
 131  uncultured_Basidiomycota_DQ341973                             61.58%    passed     74.00%
 132  uncultured_Basidiomycota_DQ341974                             61.85%    passed     84.17%
 133  uncultured_Basidiomycota_DQ341977                             61.11%    passed     67.37%
 134  uncultured_Basidiomycota_DQ341983                             61.78%    passed     87.88%
 135  uncultured_Basidiomycota_DQ341984                             61.78%    passed     87.39%
 136  uncultured_Basidiomycota_DQ341988                             62.85%    passed     97.03%
 137  uncultured_Basidiomycota_DQ341990                             61.11%    passed     68.54%
 138  uncultured_Basidiomycota_DQ341992                             60.91%    passed     85.83%
 139  uncultured_Basidiomycota_DQ341993                             61.51%    passed     16.30%
 140  uncultured_Basidiomycota_DQ341996                             60.98%    passed     84.08%
 141  uncultured_Basidiomycota_DQ341997                             62.58%    passed     73.94%
 142  uncultured_Basidiomycota_DQ341998                             62.65%    passed     78.46%
 143  uncultured_Basidiomycota_DQ342001                             61.85%    passed     77.22%
 144  uncultured_Basidiomycota_DQ342007                             62.92%    passed     77.63%
 145  uncultured_Basidiomycota_DQ342008                             66.33%    passed     86.64%
 146  uncultured_Basidiomycota_DQ342009                             62.72%    passed     77.91%
 147  uncultured_Basidiomycota_DQ342010                             62.32%    passed     88.74%
 148  uncultured_Basidiomycota_FJ565706                             57.76%    passed     88.99%
 149  uncultured_Basidiomycota_FJ565714                             51.27%    passed     96.07%
 150  uncultured_Basidiomycota_FJ565719                             54.08%    passed     82.06%
 151  uncultured_Basidiomycota_FJ565731                             61.11%    passed     83.50%
 152  uncultured_Basidiomycota_FJ565734                             57.90%    passed     91.43%
 153  uncultured_Basidiomycota_FJ565739                             55.82%    passed     76.70%
 154  uncultured_Basidiomycota_FJ565744                             51.14%    passed     95.89%
 155  uncultured_Basidiomycota_FJ565747                             61.65%    passed     78.74%
 156  uncultured_Basidiomycota_FJ565753                             57.16%    passed     94.23%
 157  uncultured_Basidiomycota_FJ565754                             51.74%    passed     73.30%
 158  uncultured_Basidiomycota_FJ565765                             53.08%    passed     75.60%
 159  uncultured_Basidiomycota_FJ565771                             62.12%    passed     46.69%
 160  uncultured_Basidiomycota_FJ565777                             55.76%    passed     96.65%
 161  uncultured_Basidiomycota_FJ565779                             61.71%    passed     38.19%
 162  uncultured_Basidiomycota_FJ565799                             53.08%    passed     94.35%
 163  uncultured_Basidiomycota_FJ565800                             51.87%    passed     94.66%
 164  uncultured_Basidiomycota_FJ565804                             53.75%    passed     66.90%
 165  uncultured_Basidiomycota_FJ565805                             61.24%    passed     82.57%
 166  uncultured_Basidiomycota_FJ565807                             60.71%    passed     55.63%
 167  uncultured_Basidiomycota_FJ565834                             59.71%    passed     84.81%
 168  uncultured_Basidiomycota_FJ565846                             58.70%    passed     59.97%
 169  uncultured_Basidiomycota_FJ565854                             53.55%    passed     95.31%
 170  uncultured_Basidiomycota_FJ565858                             61.91%    passed     87.81%
 171  uncultured_Basidiomycota_FJ566027                             51.54%    passed     58.31%
 172  uncultured_Basidiomycota_FJ566090                             51.07%    passed     82.42%
 173  uncultured_Basidiomycota_FJ566110                             47.05%    passed     92.31%
 174  uncultured_Basidiomycota_FJ566148                             46.25%    passed     71.48%
 175  uncultured_Basidiomycota_FJ566278                             49.73%    passed     57.80%
 176  uncultured_Basidiomycota_FJ566321                             53.28%    passed     77.85%
 177  uncultured_Basidiomycota_FJ566339                             54.35%    passed     62.66%
 178  uncultured_Basidiomycota_FJ566343                             51.87%    passed     71.90%
 179  uncultured_Basidiomycota_FJ566369                             61.58%    passed     88.75%
 180  uncultured_Basidiomycota_FJ566387                             59.24%    passed     51.56%
 181  uncultured_Basidiomycota_FJ566394                             52.68%    passed     98.39%
 182  uncultured_Basidiomycota_FJ566405                             51.41%    passed     77.11%
 183  uncultured_Basidiomycota_FJ566427                             59.04%    passed     88.53%
 184  uncultured_Basidiomycota_FJ566444                             53.15%    passed     93.78%
 185  uncultured_Basidiomycota_FJ566486                             49.33%    passed     77.41%
 186  uncultured_Basidiomycota_FJ566579                             50.13%    passed     78.80%
 187  uncultured_Basidiomycota_FJ566609                             48.13%    passed     39.07%
 188  uncultured_Basidiomycota_FJ566613                             48.26%    passed     77.46%
 189  uncultured_Basidiomycota_FJ566659                             48.46%    passed     35.35%
 190  uncultured_Basidiomycota_FJ566662                             47.93%    passed     64.70%
 191  uncultured_Basidiomycota_FJ566666                             49.93%    passed     83.32%
 192  uncultured_Basidiomycota_FJ566676                             49.26%    passed     81.81%
 193  uncultured_Basidiomycota_FJ566681                             47.26%    passed     51.69%
 194  uncultured_Basidiomycota_FJ566694                             49.00%    passed     55.72%
 195  uncultured_Basidiomycota_FJ566699                             51.54%    passed     61.14%
 196  uncultured_Basidiomycota_FJ566718                             48.33%    passed     67.41%
 197  uncultured_Basidiomycota_FJ566737                             48.80%    passed     53.91%
 198  uncultured_Basidiomycota_FJ566753                             47.86%    passed     54.45%
 199  uncultured_Basidiomycota_FJ566767                             51.14%    passed     61.92%
 200  uncultured_Basidiomycota_FJ566779                             47.26%    passed     73.36%
 201  uncultured_Basidiomycota_FJ566792                             50.67%    passed     58.47%
 202  uncultured_Basidiomycota_FJ566811                             51.47%    passed     66.64%
 203  uncultured_Basidiomycota_FJ566838                             50.00%    passed     69.26%
 204  uncultured_Basidiomycota_FJ566846                             47.93%    passed     57.27%
 205  uncultured_Basidiomycota_FJ566893                             48.59%    passed     53.34%
 206  uncultured_Basidiomycota_FJ566894                             47.52%    passed     85.83%
 207  uncultured_Basidiomycota_FJ566901                             49.53%    passed     98.54%
 208  uncultured_Basidiomycota_FJ566930                             48.53%    passed     61.03%
 209  uncultured_Basidiomycota_FJ566947                             47.19%    passed     69.51%
 210  uncultured_Basidiomycota_FJ566950                             47.52%    passed     66.98%
 211  uncultured_Basidiomycota_FJ566966                             46.18%    passed     63.55%
 212  uncultured_Basidiomycota_FJ566992                             46.05%    passed     68.08%
 213  uncultured_Basidiomycota_FJ566998                             46.79%    passed     73.44%
 214  uncultured_Basidiomycota_FJ567184                             65.60%    passed     48.50%
 215  uncultured_Basidiomycota_FJ567301                             60.71%    passed     87.01%
 216  uncultured_Basidiomycota_FJ567313                             57.36%    passed     90.83%
 217  uncultured_Basidiomycota_FJ567454                             53.55%    passed     73.47%
 218  uncultured_Basidiomycota_FJ567582                             53.48%    passed     75.50%
 219  uncultured_Basidiomycota_FJ567630                             54.95%    passed     77.90%
 220  uncultured_Basidiomycota_FJ567635                             62.78%    passed     30.00%
 221  uncultured_Basidiomycota_FJ567641                             55.56%    passed     76.22%
 222  uncultured_Basidiomycota_FJ567721                             55.82%    passed     76.95%
 223  uncultured_Basidiomycota_FJ567725                             55.96%    passed     77.59%
 224  uncultured_Basidiomycota_FJ567731                             48.13%    passed     58.01%
 225  uncultured_Basidiomycota_FJ567740                             55.62%    passed     86.17%
 226  uncultured_Basidiomycota_FJ567754                             53.08%    passed     64.46%
 227  uncultured_Basidiomycota_FJ567778                             52.01%    passed     67.74%
 228  uncultured_Basidiomycota_FJ567787                             53.01%    passed     59.91%
 229  uncultured_Basidiomycota_FJ567794                             47.39%    passed     88.82%
 230  uncultured_Basidiomycota_FJ567818                             53.35%    passed     63.20%
 231  uncultured_Basidiomycota_FJ567831                             61.85%    passed     88.96%
 232  uncultured_Basidiomycota_FJ567840                             52.95%    passed     72.47%
 233  uncultured_Basidiomycota_FJ567864                             53.08%    passed     96.03%
 234  uncultured_Basidiomycota_FJ567873                             52.21%    passed     73.07%
 235  uncultured_Basidiomycota_FJ567893                             53.15%    passed     58.93%
 236  uncultured_Basidiomycota_FJ567894                             53.21%    passed     59.43%
 237  uncultured_Basidiomycota_FJ567901                             56.36%    passed     79.81%
 238  uncultured_Basidiomycota_FJ567913                             53.68%    passed     47.88%
 239  uncultured_Basidiomycota_FJ567914                             59.04%    passed     86.95%
 240  uncultured_Basidiomycota_FJ5679531                            50.94%    passed     91.36%
 241  uncultured_Basidiomycota_FJ567962                             54.22%    passed     59.06%
 242  uncultured_Basidiomycota_FJ568024                             53.55%    passed     95.22%
 243  uncultured_Basidiomycota_FJ568036                             51.87%    passed     88.92%
 244  uncultured_Basidiomycota_FJ568205                             49.46%    passed     81.53%
 245  uncultured_Basidiomycota_FJ568259                             56.43%    passed     97.23%
 246  uncultured_Basidiomycota_FJ568269                             55.62%    passed     85.51%
 247  uncultured_Basidiomycota_GU328506                             61.58%    passed     83.24%
 248  uncultured_Basidiomycota_GU328545                             61.78%    passed     71.46%
 249  uncultured_Basidiomycota_GU328564                             60.91%    passed     52.27%
 250  uncultured_Basidiomycota_GU328577                             59.71%    passed     62.77%
 251  uncultured_Basidiomycota_GU328580                             61.65%    passed     70.31%
 252  uncultured_Basidiomycota_GU328581                             59.37%    passed     44.24%
 253  uncultured_Basidiomycota_GU328617                             61.91%    passed     26.07%
 254  uncultured_Basidiomycota_GU328628                             52.74%    passed     92.26%
 255  uncultured_Basidiomycota_GU328631                             56.63%    passed     91.36%
 256  uncultured_Basidiomycota_GU328638                             73.63%    passed     10.99%
 257  uncultured_Basidiomycota_HQ433218                             73.63%    passed     14.59%
 258  uncultured_Russulaceae_EU712188                               61.85%    passed     68.24%
 259  uncultured_fungus_AB520595                                    73.63%    passed     21.99%
 260  uncultured_fungus_AB520596                                    73.63%    passed     26.33%
 261  uncultured_fungus_AB520597                                    73.63%    passed     27.97%
 262  uncultured_fungus_AB520598                                    73.43%    passed     19.42%
 263  uncultured_fungus_EF433981                                    60.91%    passed     46.83%
 264  uncultured_fungus_EF434000                                    61.85%    passed     76.92%
 265  uncultured_fungus_EF434027                                    60.84%    passed     95.01%
 266  uncultured_fungus_EF434030                                    60.91%    passed     73.34%
 267  uncultured_fungus_EF434069                                    59.71%    passed     87.37%
 268  uncultured_fungus_EF434098                                    60.84%    passed     54.62%
 269  uncultured_fungus_EF434117                                    73.76%    passed     19.35%
 270  uncultured_fungus_EF434153                                    59.64%    passed     96.79%
 271  uncultured_fungus_EU292224                                    59.64%    passed     98.02%
 272  uncultured_fungus_EU292234                                    59.84%    passed     92.86%
 273  uncultured_fungus_EU292241                                    59.71%    passed     69.78%
 274  uncultured_fungus_EU292270                                    59.64%    passed     80.89%
 275  uncultured_fungus_EU292273                                    59.71%    passed     77.18%
 276  uncultured_fungus_EU292320                                    59.71%    passed     97.84%
 277  uncultured_fungus_EU292385                                    59.64%    passed     69.87%
 278  uncultured_fungus_EU292406                                    60.37%    passed     63.69%
 279  uncultured_fungus_EU292494                                    60.58%    passed     68.66%
 280  uncultured_fungus_EU292526                                    59.64%    passed     76.98%
 281  uncultured_fungus_EU292560                                    61.31%    passed     94.28%
 282  uncultured_fungus_EU292568                                    59.91%    passed     72.67%
 283  uncultured_fungus_EU292586                                    59.84%    passed     98.58%
 284  uncultured_fungus_EU292660                                    59.71%    passed     76.78%
 285  uncultured_fungus_EU292666                                    59.77%    passed     54.81%
 286  uncultured_fungus_EU522869                                    44.44%    passed     91.23%
 287  uncultured_fungus_EU522881                                    44.58%    passed     56.62%
 288  uncultured_fungus_EU522887                                    44.85%    passed     56.02%
 289  uncultured_fungus_EU522902                                    44.85%    passed     92.57%
 290  uncultured_fungus_GQ159930                                    62.85%    passed     68.03%
 291  uncultured_fungus_GQ159931                                    74.36%    passed     27.38%
 292  uncultured_fungus_GQ159933                                    62.92%    passed     65.95%
 293  uncultured_fungus_GQ159934                                    62.38%    passed     73.13%
 294  uncultured_fungus_GQ159935                                    62.78%    passed     78.55%
 295  uncultured_fungus_GQ159936                                    73.69%    passed     31.22%
 296  uncultured_fungus_GQ159937                                    73.63%    passed     34.99%
 297  uncultured_fungus_GQ159938                                    62.32%    passed     87.65%
 298  uncultured_fungus_GQ159939                                    73.63%    passed     22.47%
 299  uncultured_fungus_GQ159940                                    62.58%    passed     74.42%
 300  uncultured_fungus_GU174274                                    61.45%    passed     83.33%
 301  uncultured_fungus_GU174286                                    61.78%    passed     76.73%
 302  uncultured_fungus_GU174319                                    61.65%    passed     73.63%
 303  uncultured_fungus_GU174361                                    62.78%    passed     73.12%
 304  uncultured_fungus_GU174373                                    61.51%    passed     84.13%
 305  uncultured_fungus_GU174390                                    61.91%    passed     57.42%
 306  uncultured_fungus_GU174394                                    61.51%    passed     85.62%
 307  uncultured_fungus_GU174395                                    60.98%    passed     87.74%
 308  uncultured_fungus_GU174429                                    66.60%    passed     50.36%
 309  uncultured_soil_fungus_EU691875                               73.63%    passed     12.22%
 310  uncultured_soil_fungus_EU692436                               49.60%    passed     83.49%
 311  uncultured_soil_fungus_EU861758                               43.51%    passed     91.18%
 312  uncultured_soil_fungus_EU861799                               42.90%    passed     88.56%
 313  uncultured_soil_fungus_EU861814                               42.10%    passed     96.41%
 314  uncultured_soil_fungus_EU861817                               73.63%    passed     17.61%
 315  uncultured_soil_fungus_GU375891                               62.32%    passed     74.31%
 316  uncultured_soil_fungus_GU376129                               63.72%    passed     86.78%
WARNING: 203 sequences contain more than 50% gaps/ambiguity
****  TOTAL                                                         49.58%  2 sequences failed composition chi2 test (p-value<5%; df=3)
Checking for duplicate sequences: done in 0.00265679 secs using 97.52% CPU


Create initial parsimony tree by phylogenetic likelihood library (PLL)... 0.126 seconds
Perform fast likelihood tree search using GTR+I+G model...
Estimate model parameters (epsilon = 5.000)
Perform nearest neighbor interchange...
Estimate model parameters (epsilon = 1.000)
1. Initial log-likelihood: -19045.190
Optimal log-likelihood: -19044.783
Rate parameters:  A-C: 0.70243  A-G: 3.64597  A-T: 1.08700  C-G: 0.44576  C-T: 7.32548  G-T: 1.00000
Base frequencies:  A: 0.289  C: 0.184  G: 0.278  T: 0.249
Proportion of invariable sites: 0.306
Gamma shape alpha: 0.478
Parameters optimization took 1 rounds (0.912 sec)
Time for fast ML tree search: 10.253 seconds

NOTE: ModelFinder requires 106 MB RAM!
ModelFinder will test up to 968 DNA models (sample size: 1494 epsilon: 0.100) ...
 No. Model         -LnL         df  AIC          AICc         BIC
  1  JC            22695.731    629 46649.462    47566.754    49988.957
  2  JC+I          21287.636    630 43835.272    44756.547    47180.076
  3  JC+G4         20329.509    630 41919.017    42840.292    45263.821
  4  JC+I+G4       20284.768    631 41831.536    42756.808    45181.649
  5  JC+R2         20438.175    631 42138.349    43063.621    45488.462
  6  JC+R3         20247.348    633 41760.695    42694.002    45121.427
  7  JC+R4         20213.027    635 41696.055    42637.454    45067.405
  8  JC+R5         20210.662    637 41695.323    42644.870    45077.291
 14  JC+I+R2       20323.025    632 41910.050    42839.333    45265.473
 15  JC+I+R3       20229.600    634 41727.201    42664.546    45093.241
 16  JC+I+R4       20208.372    636 41688.745    42634.210    45065.404
 17  JC+I+R5       20207.677    638 41691.354    42644.996    45078.631
 29  JC+R4         20213.027    635 41696.055    42637.454    45067.405
 38  JC+I+R4       20208.372    636 41688.745    42634.210    45065.404
 51  F81+R4        20212.856    635 41695.713    42637.111    45067.062
 60  F81+I+R4      20207.751    636 41687.501    42632.967    45064.160
 73  F81+F+R4      20253.971    638 41783.943    42737.585    45171.220
 82  F81+F+I+R4    20249.566    639 41777.133    42734.884    45169.719
 95  K2P+R4        19064.553    636 39401.106    40346.572    42777.765
104  K2P+I+R4      19059.131    637 39392.262    40341.808    42774.230
117  K2P+R4        19064.553    636 39401.106    40346.572    42777.765
126  K2P+I+R4      19059.131    637 39392.262    40341.808    42774.230
139  HKY+R4        19064.524    636 39401.047    40346.513    42777.706
148  HKY+I+R4      19059.099    637 39392.197    40341.744    42774.166
161  HKY+F+R4      19049.935    639 39377.870    40335.622    42770.457
170  HKY+F+I+R4    19045.817    640 39371.634    40333.510    42769.530
183  TNe+R4        19059.681    637 39393.361    40342.908    42775.329
192  TNe+I+R4      19053.585    638 39383.169    40336.811    42770.447
205  TNe+R4        19059.681    637 39393.361    40342.908    42775.329
214  TNe+I+R4      19053.585    638 39383.169    40336.811    42770.447
227  TN+R4         19059.669    637 39393.338    40342.885    42775.307
236  TN+I+R4       19053.563    638 39383.126    40336.768    42770.404
249  TN+F+R4       19001.441    640 39282.882    40244.758    42680.778
258  TN+F+I+R4     18997.369    641 39276.738    40242.752    42679.943
271  K3P+R4        19064.076    637 39402.153    40351.700    42784.121
280  K3P+I+R4      19058.528    638 39393.057    40346.699    42780.334
293  K3P+R4        19064.076    637 39402.153    40351.700    42784.121
302  K3P+I+R4      19058.528    638 39393.057    40346.699    42780.334
315  K3Pu+R4       19064.062    637 39402.125    40351.672    42784.093
324  K3Pu+I+R4     19058.487    638 39392.975    40346.617    42780.252
337  K3Pu+F+R4     19049.632    640 39379.265    40341.140    42777.161
346  K3Pu+F+I+R4   19045.531    641 39373.062    40339.077    42776.268
359  TPM2+R4       19059.837    637 39393.674    40343.221    42775.643
368  TPM2+I+R4     19054.306    638 39384.612    40338.254    42771.890
381  TPM2+R4       19059.837    637 39393.674    40343.221    42775.643
390  TPM2+I+R4     19054.306    638 39384.612    40338.254    42771.890
403  TPM2u+R4      19059.822    637 39393.644    40343.190    42775.612
412  TPM2u+I+R4    19054.262    638 39384.524    40338.166    42771.802
425  TPM2u+F+R4    19047.161    640 39374.323    40336.198    42772.218
434  TPM2u+F+I+R4  19042.920    641 39367.840    40333.854    42771.045
447  TPM3+R4       19017.917    637 39309.834    40259.381    42691.803
456  TPM3+I+R4     19010.328    638 39296.655    40250.297    42683.933
469  TPM3+R4       19017.917    637 39309.834    40259.381    42691.803
478  TPM3+I+R4     19010.328    638 39296.655    40250.297    42683.933
491  TPM3u+R4      19017.918    637 39309.835    40259.382    42691.804
500  TPM3u+I+R4    19010.288    638 39296.575    40250.217    42683.853
513  TPM3u+F+R4    19028.646    640 39337.292    40299.168    42735.188
522  TPM3u+F+I+R4  19023.508    641 39329.016    40295.030    42732.221
535  TIMe+R4       19059.319    638 39394.638    40348.281    42781.916
544  TIMe+I+R4     19053.218    639 39384.436    40342.188    42777.023
557  TIMe+R4       19059.319    638 39394.638    40348.281    42781.916
566  TIMe+I+R4     19053.218    639 39384.436    40342.188    42777.023
579  TIM+R4        19059.313    638 39394.626    40348.268    42781.903
588  TIM+I+R4      19053.193    639 39384.386    40342.138    42776.973
601  TIM+F+R4      19001.140    641 39284.279    40250.293    42687.484
610  TIM+F+I+R4    18997.004    642 39278.008    40248.175    42686.522
623  TIM2e+R4      19054.797    638 39385.595    40339.237    42772.872
632  TIM2e+I+R4    19048.680    639 39375.360    40333.112    42767.947
645  TIM2e+R4      19054.797    638 39385.595    40339.237    42772.872
654  TIM2e+I+R4    19048.680    639 39375.360    40333.112    42767.947
667  TIM2+R4       19054.753    638 39385.506    40339.148    42772.783
676  TIM2+I+R4     19048.652    639 39375.303    40333.055    42767.890
689  TIM2+F+R4     18997.877    641 39277.754    40243.768    42680.959
698  TIM2+F+I+R4   18993.903    642 39271.806    40241.973    42680.320
711  TIM3e+R4      19011.628    638 39299.257    40252.899    42686.534
720  TIM3e+I+R4    19002.908    639 39283.815    40241.567    42676.402
733  TIM3e+R4      19011.628    638 39299.257    40252.899    42686.534
742  TIM3e+I+R4    19002.908    639 39283.815    40241.567    42676.402
755  TIM3+R4       19011.521    638 39299.042    40252.684    42686.319
764  TIM3+I+R4     19002.889    639 39283.779    40241.530    42676.365
777  TIM3+F+R4     18980.225    641 39242.450    40208.464    42645.655
786  TIM3+F+I+R4   18974.806    642 39233.612    40203.779    42642.127
799  TVMe+R4       19011.294    639 39300.589    40258.341    42693.176
808  TVMe+I+R4     19003.537    640 39287.075    40248.951    42684.971
821  TVMe+R4       19011.294    639 39300.589    40258.341    42693.176
830  TVMe+I+R4     19003.537    640 39287.075    40248.951    42684.971
843  TVM+R4        19011.225    639 39300.451    40258.203    42693.038
852  TVM+I+R4      19003.523    640 39287.046    40248.922    42684.942
865  TVM+F+R4      19023.904    642 39331.807    40301.974    42740.322
874  TVM+F+I+R4    19018.881    643 39323.762    40298.096    42737.585
887  SYM+R4        19004.449    640 39288.898    40250.774    42686.794
896  SYM+I+R4      18995.773    641 39273.545    40239.559    42676.750
909  SYM+R4        19004.449    640 39288.898    40250.774    42686.794
918  SYM+I+R4      18995.773    641 39273.545    40239.559    42676.750
931  GTR+R4        19004.392    640 39288.783    40250.659    42686.679
940  GTR+I+R4      18995.771    641 39273.541    40239.555    42676.746
953  GTR+F+R4      18974.931    643 39235.862    40210.197    42649.686
962  GTR+F+I+R4    18969.511    644 39227.022    40205.537    42646.154
Akaike Information Criterion:           GTR+F+I+R4
Corrected Akaike Information Criterion: TIM3+F+I+R4
Bayesian Information Criterion:         TIM3+F+I+R4
Best-fit model: TIM3+F+I+R4 chosen according to BIC

All model information printed to data_training/dna_M11745_316_1494.phy/output_files/iqtree/inference/pars_10.model.gz
CPU time for ModelFinder: 427.652 seconds (0h:7m:7s)
Wall-clock time for ModelFinder: 406.071 seconds (0h:6m:46s)

NOTE: 42 MB RAM (0 GB) is required!
Estimate model parameters (epsilon = 0.010)
1. Initial log-likelihood: -18974.811
2. Current log-likelihood: -18974.758
Optimal log-likelihood: -18974.752
Rate parameters:  A-C: 0.55850  A-G: 3.68375  A-T: 1.00000  C-G: 0.55850  C-T: 7.01392  G-T: 1.00000
Base frequencies:  A: 0.289  C: 0.184  G: 0.278  T: 0.249
Proportion of invariable sites: 0.285
Site proportion and rates:  (0.453,0.249) (0.140,1.609) (0.083,4.241) (0.039,8.038)
Parameters optimization took 2 rounds (2.088 sec)
Wrote distance file to... 
BEST SCORE FOUND : -18974.752
Total tree length: 4.068

Total number of iterations: 0
CPU time used for tree search: 0.000 sec (0h:0m:0s)
Wall-clock time used for tree search: 0.000 sec (0h:0m:0s)
Total CPU time used: 429.873 sec (0h:7m:9s)
Total wall-clock time used: 408.212 sec (0h:6m:48s)

Analysis results written to: 
  IQ-TREE report:                data_training/dna_M11745_316_1494.phy/output_files/iqtree/inference/pars_10.iqtree
  Maximum-likelihood tree:       data_training/dna_M11745_316_1494.phy/output_files/iqtree/inference/pars_10.treefile
  Screen log file:               data_training/dna_M11745_316_1494.phy/output_files/iqtree/inference/pars_10.log

Date and Time: Thu Sep 25 06:31:16 2025
