IQ-TREE version 3.0.1 for Linux x86 64-bit built Sep 12 2025
Developed by Bui Quang Minh, Thomas Wong, Nhan Ly-Trong, Huaiyan Ren
Contributed by Lam-Tung Nguyen, Dominik Schrempf, Chris Bielow,
Olga Chernomor, Michael Woodhams, Diep Thi Hoang, Heiko Schmidt

Host:    suny-Precision-5530 (AVX2, FMA3, 15 GB RAM)
Command: /usr/local/bin/iqtree3 -s /home/suny/Downloads/VAN_TRAINING_DATA/data4/dna_M6625_247_1812.phy -pre results/dna_M6625_247_1812.phy/output_files/iqtree/inference/pars_3 -seed 3 -ninit 1 -T 1 -redo -n 0
Seed:    3 (Using SPRNG - Scalable Parallel Random Number Generator)
Time:    Wed Sep 24 20:06:47 2025
Kernel:  AVX+FMA - 1 threads (12 CPU cores detected)

HINT: Use -nt option to specify number of threads because your CPU has 12 cores!
HINT: -nt AUTO will automatically determine the best number of threads to use.

Reading alignment file /home/suny/Downloads/VAN_TRAINING_DATA/data4/dna_M6625_247_1812.phy ... Phylip format detected
Alignment most likely contains DNA/RNA sequences
Constructing alignment: done in 0.0063891 secs using 67.99% CPU
Alignment has 247 sequences with 1812 columns, 824 distinct patterns
475 parsimony-informative, 228 singleton sites, 1109 constant sites
                                                          Gap/Ambiguity  Composition  p-value
Analyzing sequences: done in 0.000785689 secs using 99.53% CPU
   1  Cercospora_beticola                                        35.04%    passed     76.71%
   2  Cladosporium_acalyphae                                     23.12%    passed     73.85%
   3  Cladosporium_angustisporum                                 37.69%    passed     97.68%
   4  Cladosporium_asperulatum_CBS_113744                        36.48%    passed     76.79%
   5  Cladosporium_asperulatum_CBS_126340                        28.42%    passed     98.13%
   6  Cladosporium_asperulatum_CPC_11158                         36.15%    passed     92.21%
   7  Cladosporium_australiense                                  27.98%    passed     93.67%
   8  Cladosporium_basiinflatum                                  37.86%    passed     50.72%
   9  Cladosporium_chalastosporoides                             31.35%    passed     44.07%
  10  Cladosporium_chubutense                                    27.92%    passed     96.03%
  11  Cladosporium_cladosporioides_CBS_101367                    40.45%    passed     95.98%
  12  Cladosporium_cladosporioides_CBS_112388                    31.07%    passed     95.01%
  13  Cladosporium_cladosporioides_CBS_113738                    40.56%    passed     95.83%
  14  Cladosporium_cladosporioides_CBS_113739                    39.90%    passed     98.18%
  15  Cladosporium_cladosporioides_CBS_113740                    40.40%    passed     95.29%
  16  Cladosporium_cladosporioides_CBS_117483                    35.43%    passed     94.32%
  17  Cladosporium_cladosporioides_CBS_122130                    31.90%    passed     88.78%
  18  Cladosporium_cladosporioides_CBS_132.29                    40.51%    passed     82.22%
  19  Cladosporium_cladosporioides_CBS_143.35                    39.85%    passed     97.40%
  20  Cladosporium_cladosporioides_CBS_144.35                    39.85%    passed     96.52%
  21  Cladosporium_cladosporioides_CBS_145.35                    39.68%    passed     97.17%
  22  Cladosporium_cladosporioides_CBS_674.82                    31.02%    passed     79.68%
  23  Cladosporium_cladosporioides_CPC_10142                     38.85%    passed     93.50%
  24  Cladosporium_cladosporioides_CPC_11119                     38.63%    passed     99.64%
  25  Cladosporium_cladosporioides_CPC_11120                     36.31%    passed     97.13%
  26  Cladosporium_cladosporioides_CPC_11121                     35.21%    passed     95.43%
  27  Cladosporium_cladosporioides_CPC_11122                     39.02%    passed     91.19%
  28  Cladosporium_cladosporioides_CPC_11123                     39.18%    passed     89.11%
  29  Cladosporium_cladosporioides_CPC_11131                     40.67%    passed     92.98%
  30  Cladosporium_cladosporioides_CPC_11161                     38.25%    passed     97.88%
  31  Cladosporium_cladosporioides_CPC_11393                     39.29%    passed     97.53%
  32  Cladosporium_cladosporioides_CPC_11398                     38.47%    passed     97.87%
  33  Cladosporium_cladosporioides_CPC_11404                     38.25%    passed     98.57%
  34  Cladosporium_cladosporioides_CPC_11406                     40.34%    passed     92.27%
  35  Cladosporium_cladosporioides_CPC_12187                     38.08%    passed     97.74%
  36  Cladosporium_cladosporioides_CPC_12214                     35.49%    passed     97.74%
  37  Cladosporium_cladosporioides_CPC_12760                     37.47%    passed     99.55%
  38  Cladosporium_cladosporioides_CPC_12762                     37.03%    passed     98.34%
  39  Cladosporium_cladosporioides_CPC_12763                     37.42%    passed     98.02%
  40  Cladosporium_cladosporioides_CPC_12764                     35.32%    passed     94.73%
  41  Cladosporium_cladosporioides_CPC_12852                     35.38%    passed     99.70%
  42  Cladosporium_cladosporioides_CPC_13235                     22.41%    passed     93.73%
  43  Cladosporium_cladosporioides_CPC_13667                     31.13%    passed     90.36%
  44  Cladosporium_cladosporioides_CPC_13669                     31.40%    passed     86.60%
  45  Cladosporium_cladosporioides_CPC_13734                     23.45%    passed     92.31%
  46  Cladosporium_cladosporioides_CPC_14009                     24.12%    passed     86.02%
  47  Cladosporium_cladosporioides_CPC_14015                     28.09%    passed     90.24%
  48  Cladosporium_cladosporioides_CPC_14017                     29.86%    passed     89.60%
  49  Cladosporium_cladosporioides_CPC_14018                     28.09%    passed     88.96%
  50  Cladosporium_cladosporioides_CPC_14019                     31.02%    passed     93.39%
  51  Cladosporium_cladosporioides_CPC_14021                     27.98%    passed     90.56%
  52  Cladosporium_cladosporioides_CPC_14024                     28.31%    passed     93.29%
  53  Cladosporium_cladosporioides_CPC_14244                     27.70%    passed     93.62%
  54  Cladosporium_cladosporioides_CPC_14271                     26.99%    passed     93.06%
  55  Cladosporium_cladosporioides_CPC_14292                     30.91%    passed     88.71%
  56  Cladosporium_cladosporioides_CPC_14293                     30.68%    passed     91.26%
  57  Cladosporium_cladosporioides_CPC_14355                     30.52%    passed     91.02%
  58  Cladosporium_cladosporioides_CPC_14356                     21.58%    passed     93.81%
  59  Cladosporium_cladosporioides_CPC_14705                     30.52%    passed     91.76%
  60  Cladosporium_cladosporioides_CPC_15038                     30.46%    passed     87.98%
  61  Cladosporium_cladosporioides_CPC_15167                     30.74%    passed     91.70%
  62  Cladosporium_cladosporioides_s.lat._Lineage_1_CBS_116744   27.43%    passed     97.34%
  63  Cladosporium_cladosporioides_s.lat._Lineage_1_CBS_125.80   35.54%    passed     96.96%
  64  Cladosporium_cladosporioides_s.lat._Lineage_1_CPC_13220    27.87%    passed     98.31%
  65  Cladosporium_cladosporioides_s.lat._Lineage_1_CPC_14238    27.81%    passed     98.53%
  66  Cladosporium_cladosporioides_s.lat._Lineage_1_CPC_14296    27.26%    passed     94.46%
  67  Cladosporium_cladosporioides_s.lat._Lineage_2_CBS_306.84   36.75%    passed     86.69%
  68  Cladosporium_cladosporioides_s.lat._Lineage_2_CPC_11664    34.99%    passed     91.45%
  69  Cladosporium_cladosporioides_s.lat._Lineage_2_CPC_13867    28.64%    passed     94.16%
  70  Cladosporium_cladosporioides_s.lat._Lineage_2_CPC_15457    27.59%    passed     96.43%
  71  Cladosporium_cladosporioides_s.lat._Lineage_3_CBS_109082   27.37%    passed     74.43%
  72  Cladosporium_cladosporioides_s.lat._Lineage_4_CBS_113746   37.09%    passed     89.24%
  73  Cladosporium_cladosporioides_s.lat._Lineage_4_CPC_10150    28.09%    passed     98.10%
  74  Cladosporium_cladosporioides_s.lat._Lineage_4_CPC_13362    28.15%    passed     98.45%
  75  Cladosporium_cladosporioides_s.lat._Lineage_4_CPC_13978    27.26%    passed     97.37%
  76  Cladosporium_cladosporioides_s.lat._Lineage_4_CPC_14284    27.32%    passed     96.51%
  77  Cladosporium_colocasiae_CBS_115191                         35.10%    passed     73.43%
  78  Cladosporium_colocasiae_CBS_119542                         31.79%    passed     76.59%
  79  Cladosporium_colocasiae_CBS_386.64                         28.15%    passed     72.90%
  80  Cladosporium_colocasiae_CPC_5124                           35.10%    passed     84.91%
  81  Cladosporium_colombiae                                     27.76%    passed     95.21%
  82  Cladosporium_cucumerinum_CBS_108.23                        31.90%    passed     96.91%
  83  Cladosporium_cucumerinum_CBS_109.08                        30.74%    passed     96.33%
  84  Cladosporium_cucumerinum_CBS_123.44                        30.68%    passed     96.56%
  85  Cladosporium_cucumerinum_CBS_158.51                        30.57%    passed     85.19%
  86  Cladosporium_cucumerinum_CBS_171.52                        30.85%    passed     93.40%
  87  Cladosporium_cucumerinum_CBS_172.54                        39.85%    passed     92.43%
  88  Cladosporium_cucumerinum_CBS_173.54                        40.34%    passed     89.08%
  89  Cladosporium_cucumerinum_CBS_174.54                        30.79%    passed     95.93%
  90  Cladosporium_cucumerinum_CBS_174.62                        39.79%    passed     93.17%
  91  Cladosporium_cucumerinum_CBS_176.54                        31.29%    passed     97.64%
  92  Cladosporium_delicatulum_CBS_126344                        35.04%    passed     95.17%
  93  Cladosporium_delicatulum_CPC_13148                         27.32%    passed     90.11%
  94  Cladosporium_delicatulum_CPC_14285                         27.10%    passed     87.91%
  95  Cladosporium_delicatulum_CPC_14286                         27.10%    passed     88.15%
  96  Cladosporium_delicatulum_CPC_14287                         26.99%    passed     90.89%
  97  Cladosporium_delicatulum_CPC_14360                         27.10%    passed     86.61%
  98  Cladosporium_delicatulum_CPC_14363                         26.93%    passed     90.14%
  99  Cladosporium_exasperatum                                   31.90%    passed     86.53%
 100  Cladosporium_exile                                         32.23%    passed     93.63%
 101  Cladosporium_flabelliforme                                 28.70%    passed     83.90%
 102  Cladosporium_funiculosum_CBS_122128                        31.51%    passed     91.75%
 103  Cladosporium_funiculosum_CBS_122129                        31.73%    passed     92.04%
 104  Cladosporium_gamsianum                                     38.69%    passed     90.12%
 105  Cladosporium_globisporum                                   40.95%    passed     79.14%
 106  Cladosporium_hillianum_CBS_125988                          31.84%    passed     44.39%
 107  Cladosporium_hillianum_CPC_15458                           31.79%    passed     42.57%
 108  Cladosporium_inversicolor_CBS_131.29                       29.75%    passed     47.01%
 109  Cladosporium_inversicolor_CBS_143.65                       28.15%    passed     69.45%
 110  Cladosporium_inversicolor_CBS_401.80                       30.52%    passed     37.70%
 111  Cladosporium_inversicolor_CBS_464.82                       29.53%    passed     43.95%
 112  Cladosporium_inversicolor_CBS_484.80                       29.69%    passed     46.91%
 113  Cladosporium_inversicolor_CPC_11818                        29.19%    passed     57.58%
 114  Cladosporium_inversicolor_CPC_13150                        20.97%    passed     91.39%
 115  Cladosporium_inversicolor_CPC_14190                        20.42%    passed     95.71%
 116  Cladosporium_inversicolor_CPC_14191                        19.48%    passed     97.13%
 117  Cladosporium_inversicolor_CPC_14241                        21.52%    passed     92.60%
 118  Cladosporium_inversicolor_CPC_14368                        19.54%    passed     97.27%
 119  Cladosporium_iranicum                                      38.91%    passed     85.77%
 120  Cladosporium_licheniphilum                                 31.51%    passed     95.23%
 121  Cladosporium_lycoperdinum_CBS_274.80C                      30.91%    passed     94.70%
 122  Cladosporium_lycoperdinum_CBS_574.78C                      40.34%    passed     95.42%
 123  Cladosporium_lycoperdinum_CPC_11833                        38.85%    passed     96.89%
 124  Cladosporium_lycoperdinum_CPC_12102                        38.13%    passed     99.09%
 125  Cladosporium_myrtacearum_CBS_126350                        28.48%    passed     92.64%
 126  Cladosporium_myrtacearum_CPC_13689                         31.07%    passed     83.30%
 127  Cladosporium_oxysporum_CBS_125991                          29.03%    passed     87.60%
 128  Cladosporium_oxysporum_CPC_14308                           27.15%    passed     72.49%
 129  Cladosporium_paracladosporioides                           40.34%    passed     64.32%
 130  Cladosporium_perangustum_CBS_125996                        30.85%    passed     68.42%
 131  Cladosporium_perangustum_CBS_167.54                        37.14%    passed     67.56%
 132  Cladosporium_perangustum_CPC_11046                         35.38%    passed     71.80%
 133  Cladosporium_perangustum_CPC_11133                         38.52%    passed     86.78%
 134  Cladosporium_perangustum_CPC_11526                         28.37%    passed     85.84%
 135  Cladosporium_perangustum_CPC_11609                         37.86%    passed     90.22%
 136  Cladosporium_perangustum_CPC_11663                         35.32%    passed     90.89%
 137  Cladosporium_perangustum_CPC_11806                         38.58%    passed     92.40%
 138  Cladosporium_perangustum_CPC_11815                         35.82%    passed     92.42%
 139  Cladosporium_perangustum_CPC_11819                         35.82%    passed     92.42%
 140  Cladosporium_perangustum_CPC_11820                         35.82%    passed     90.77%
 141  Cladosporium_perangustum_CPC_11831                         35.76%    passed     90.83%
 142  Cladosporium_perangustum_CPC_11856                         38.52%    passed     92.48%
 143  Cladosporium_perangustum_CPC_12216                         39.51%    passed     76.40%
 144  Cladosporium_perangustum_CPC_12792                         35.87%    passed     97.26%
 145  Cladosporium_perangustum_CPC_12793                         32.45%    passed     88.36%
 146  Cladosporium_perangustum_CPC_13686                         12.03%    passed     99.63%
 147  Cladosporium_perangustum_CPC_13727                         31.79%    passed     62.14%
 148  Cladosporium_perangustum_CPC_13730                         31.57%    passed     60.71%
 149  Cladosporium_perangustum_CPC_13774                         32.51%    passed     69.92%
 150  Cladosporium_perangustum_CPC_13870                         31.46%    passed     63.01%
 151  Cladosporium_perangustum_CPC_14004                         27.48%    passed     95.24%
 152  Cladosporium_perangustum_CPC_14008                         30.85%    passed     85.24%
 153  Cladosporium_perangustum_CPC_14247                         32.01%    passed     65.58%
 154  Cladosporium_perangustum_CPC_14256                         33.39%    passed     92.62%
 155  Cladosporium_perangustum_CPC_14532                         30.52%    passed     88.10%
 156  Cladosporium_perangustum_CPC_14566                         14.79%    passed     93.14%
 157  Cladosporium_perangustum_CPC_14911                         27.43%    passed     91.91%
 158  Cladosporium_perangustum_CPC_15192                         31.40%    passed     71.24%
 159  Cladosporium_phyllactiniicola_CBS_126352                   36.53%    passed     84.50%
 160  Cladosporium_phyllactiniicola_CPC_11823                    36.48%    passed     84.44%
 161  Cladosporium_phyllactiniicola_CPC_11825                    36.59%    passed     80.97%
 162  Cladosporium_phyllactiniicola_CPC_11830                    36.64%    passed     82.26%
 163  Cladosporium_phyllophilum_CBS_125992                       39.02%    passed     96.11%
 164  Cladosporium_phyllophilum_CPC_13873                        31.24%    passed     95.18%
 165  Cladosporium_pini-ponderosae                               26.99%    passed     93.88%
 166  Cladosporium_pseudocladosporioides_CBS_117134              20.97%    passed     88.97%
 167  Cladosporium_pseudocladosporioides_CBS_117153              21.30%    passed     87.58%
 168  Cladosporium_pseudocladosporioides_CBS_125993              21.91%    passed     91.96%
 169  Cladosporium_pseudocladosporioides_CBS_149.66              39.85%    passed     90.97%
 170  Cladosporium_pseudocladosporioides_CBS_176.82              39.62%    passed     87.36%
 171  Cladosporium_pseudocladosporioides_CBS_574.78A             40.01%    passed     94.64%
 172  Cladosporium_pseudocladosporioides_CBS_574.78B             29.75%    passed     76.89%
 173  Cladosporium_pseudocladosporioides_CBS_667.80              31.02%    passed     94.44%
 174  Cladosporium_pseudocladosporioides_CBS_673.69              39.02%    passed     88.58%
 175  Cladosporium_pseudocladosporioides_CPC_11392               38.52%    passed     97.98%
 176  Cladosporium_pseudocladosporioides_CPC_11605               38.69%    passed     95.31%
 177  Cladosporium_pseudocladosporioides_CPC_11841               38.41%    passed     99.81%
 178  Cladosporium_pseudocladosporioides_CPC_12850               35.65%    passed    100.00%
 179  Cladosporium_pseudocladosporioides_CPC_13339               30.91%    passed     94.08%
 180  Cladosporium_pseudocladosporioides_CPC_13488               31.68%    passed     94.76%
 181  Cladosporium_pseudocladosporioides_CPC_13499               21.25%    passed     87.20%
 182  Cladosporium_pseudocladosporioides_CPC_13529               31.57%    passed     97.36%
 183  Cladosporium_pseudocladosporioides_CPC_13683               32.01%    passed     93.14%
 184  Cladosporium_pseudocladosporioides_CPC_13992               30.68%    passed     91.54%
 185  Cladosporium_pseudocladosporioides_CPC_13998               31.35%    passed     92.11%
 186  Cladosporium_pseudocladosporioides_CPC_14001               31.46%    passed     96.55%
 187  Cladosporium_pseudocladosporioides_CPC_14002               31.90%    passed     98.29%
 188  Cladosporium_pseudocladosporioides_CPC_14003               31.40%    passed     96.23%
 189  Cladosporium_pseudocladosporioides_CPC_14005               32.40%    passed     99.20%
 190  Cladosporium_pseudocladosporioides_CPC_14006               30.96%    passed     96.39%
 191  Cladosporium_pseudocladosporioides_CPC_14007               34.66%    passed     99.07%
 192  Cladosporium_pseudocladosporioides_CPC_14010               31.51%    passed     97.87%
 193  Cladosporium_pseudocladosporioides_CPC_14013               32.73%    passed     99.60%
 194  Cladosporium_pseudocladosporioides_CPC_14014               31.57%    passed     97.15%
 195  Cladosporium_pseudocladosporioides_CPC_14020               31.29%    passed     96.08%
 196  Cladosporium_pseudocladosporioides_CPC_14193               21.96%    passed     90.65%
 197  Cladosporium_pseudocladosporioides_CPC_14230               21.36%    passed     91.73%
 198  Cladosporium_pseudocladosporioides_CPC_14278               20.70%    passed     91.34%
 199  Cladosporium_pseudocladosporioides_CPC_14295               30.96%    passed     91.94%
 200  Cladosporium_pseudocladosporioides_CPC_14357               30.63%    passed     87.80%
 201  Cladosporium_pseudocladosporioides_CPC_14382               23.40%    passed     96.25%
 202  Cladosporium_pseudocladosporioides_CPC_14975a              20.36%    passed     92.75%
 203  Cladosporium_pseudocladosporioides_CPC_14992               30.57%    passed     94.25%
 204  Cladosporium_pseudocladosporioides_CPC_5100                28.59%    passed     88.07%
 205  Cladosporium_rectoides_CBS_125994                          38.63%    passed     97.95%
 206  Cladosporium_rectoides_CPC_11405                           38.19%    passed     96.97%
 207  Cladosporium_scabrellum                                    22.08%    passed     81.30%
 208  Cladosporium_subuliforme                                   29.30%    passed     87.16%
 209  Cladosporium_tenuissimum_CBS_117.79                        27.76%    passed     85.87%
 210  Cladosporium_tenuissimum_CBS_125995                        29.86%    passed     75.86%
 211  Cladosporium_tenuissimum_CBS_262.80                        38.08%    passed     58.33%
 212  Cladosporium_tenuissimum_CPC_10538                         35.04%    passed     66.54%
 213  Cladosporium_tenuissimum_CPC_10539                         35.54%    passed     72.07%
 214  Cladosporium_tenuissimum_CPC_10882                         34.99%    passed     66.19%
 215  Cladosporium_tenuissimum_CPC_11555                         35.04%    passed     67.53%
 216  Cladosporium_tenuissimum_CPC_11612                         38.52%    passed     96.22%
 217  Cladosporium_tenuissimum_CPC_11805                         36.42%    passed     64.91%
 218  Cladosporium_tenuissimum_CPC_12223                         39.18%    passed     95.67%
 219  Cladosporium_tenuissimum_CPC_12794                         34.22%    passed     69.92%
 220  Cladosporium_tenuissimum_CPC_12795                         32.51%    passed     58.79%
 221  Cladosporium_tenuissimum_CPC_13222                         27.92%    passed     76.19%
 222  Cladosporium_tenuissimum_CPC_14250                         31.18%    passed     73.85%
 223  Cladosporium_tenuissimum_CPC_14410                         33.39%    passed     98.27%
 224  Cladosporium_tenuissimum_Lineage_1_CPC_11130               34.82%    passed     87.53%
 225  Cladosporium_tenuissimum_Lineage_1_CPC_11132               34.77%    passed     82.38%
 226  Cladosporium_tenuissimum_Lineage_1_CPC_11521               35.21%    passed     91.75%
 227  Cladosporium_tenuissimum_Lineage_1_CPC_11929               34.99%    passed     82.10%
 228  Cladosporium_tenuissimum_Lineage_1_CPC_13252               28.31%    passed     90.34%
 229  Cladosporium_tenuissimum_Lineage_1_CPC_13732               28.70%    passed     78.68%
 230  Cladosporium_tenuissimum_Lineage_1_CPC_14196               27.81%    passed     84.95%
 231  Cladosporium_tenuissimum_Lineage_1_CPC_14311               27.10%    passed     76.11%
 232  Cladosporium_tenuissimum_Lineage_1_CPC_14312               28.37%    passed     74.88%
 233  Cladosporium_tenuissimum_Lineage_1_CPC_14370               27.10%    passed     77.63%
 234  Cladosporium_uredinicola                                   39.18%    passed     93.67%
 235  Cladosporium_varians_CBS_126362                            29.30%    passed     62.27%
 236  Cladosporium_varians_CPC_11134                             36.98%    passed     52.57%
 237  Cladosporium_varians_CPC_11327                             36.26%    passed     41.21%
 238  Cladosporium_varians_CPC_14975b                            27.98%    passed     50.21%
 239  Cladosporium_verrucocladosporioides                        27.54%    passed     96.24%
 240  Cladosporium_vignae                                        40.67%    passed     88.47%
 241  Cladosporium_xylophilum_CBS_113749                         37.31%    passed     77.15%
 242  Cladosporium_xylophilum_CBS_113756                         39.85%    passed     96.79%
 243  Cladosporium_xylophilum_CBS_125997                         35.26%    passed     97.17%
 244  Cladosporium_xylophilum_CPC_12101                          35.65%    passed     95.20%
 245  Cladosporium_xylophilum_CPC_13512                          31.57%    passed     96.01%
 246  Cladosporium_xylophilum_CPC_14281                          27.26%    passed     96.07%
 247  Cladosporium_xylophilum_CPC_14364                          30.79%    passed     91.73%
****  TOTAL                                                      32.17%  0 sequences failed composition chi2 test (p-value<5%; df=3)
Checking for duplicate sequences: done in 0.00142224 secs using 99.84% CPU


Create initial parsimony tree by phylogenetic likelihood library (PLL)... 0.058 seconds
Perform fast likelihood tree search using GTR+I+G model...
Estimate model parameters (epsilon = 5.000)
Perform nearest neighbor interchange...
Estimate model parameters (epsilon = 1.000)
1. Initial log-likelihood: -17171.708
2. Current log-likelihood: -17168.980
3. Current log-likelihood: -17166.836
4. Current log-likelihood: -17164.783
5. Current log-likelihood: -17162.770
6. Current log-likelihood: -17160.896
7. Current log-likelihood: -17159.308
8. Current log-likelihood: -17158.119
Optimal log-likelihood: -17156.994
Rate parameters:  A-C: 1.81828  A-G: 4.11561  A-T: 2.22406  C-G: 1.34964  C-T: 7.12217  G-T: 1.00000
Base frequencies:  A: 0.232  C: 0.294  G: 0.250  T: 0.224
Proportion of invariable sites: 0.471
Gamma shape alpha: 0.611
Parameters optimization took 8 rounds (3.858 sec)
Time for fast ML tree search: 8.591 seconds

NOTE: ModelFinder requires 66 MB RAM!
ModelFinder will test up to 968 DNA models (sample size: 1812 epsilon: 0.100) ...
 No. Model         -LnL         df  AIC          AICc         BIC
  1  JC            20446.827    491 41875.654    42241.672    44577.227
  2  JC+I          18489.201    492 37962.402    38330.189    40669.477
  3  JC+G4         17762.320    492 36508.639    36876.427    39215.715
  4  JC+I+G4       17690.073    493 36366.146    36735.709    39078.724
  5  JC+R2         17856.305    493 36698.610    37068.173    39411.188
  6  JC+R3         17690.502    495 36371.004    36744.134    39094.586
  7  JC+R4         17668.212    497 36330.424    36707.146    39065.011
  8  JC+R5         17664.292    499 36326.584    36706.919    39072.175
 14  JC+I+R2       17761.340    494 36510.681    36882.025    39228.761
 15  JC+I+R3       17666.217    496 36324.434    36699.357    39053.518
 16  JC+I+R4       17660.457    498 36316.913    36695.439    39057.002
 37  JC+I+R3       17666.217    496 36324.434    36699.357    39053.518
 38  JC+I+R4       17660.457    498 36316.913    36695.439    39057.002
 59  F81+I+R3      17664.533    496 36321.066    36695.990    39050.151
 60  F81+I+R4      17660.339    498 36316.678    36695.204    39056.767
 81  F81+F+I+R3    17643.490    499 36284.980    36665.315    39030.571
 82  F81+F+I+R4    17637.956    501 36277.912    36661.885    39034.508
103  K2P+I+R3      17214.412    497 35422.824    35799.546    38157.411
104  K2P+I+R4      17206.960    499 35411.920    35792.256    38157.512
125  K2P+I+R3      17214.412    497 35422.824    35799.546    38157.411
126  K2P+I+R4      17206.960    499 35411.921    35792.256    38157.512
147  HKY+I+R3      17214.380    497 35422.760    35799.482    38157.347
148  HKY+I+R4      17206.853    499 35411.706    35792.042    38157.298
169  HKY+F+I+R3    17189.538    500 35379.076    35761.227    38130.169
170  HKY+F+I+R4    17180.081    502 35364.161    35749.961    38126.259
191  TNe+I+R3      17175.023    498 35346.045    35724.571    38086.134
192  TNe+I+R4      17169.558    500 35339.116    35721.267    38090.209
213  TNe+I+R3      17175.023    498 35346.045    35724.571    38086.134
214  TNe+I+R4      17169.558    500 35339.116    35721.267    38090.209
235  TN+I+R3       17174.371    498 35344.743    35723.268    38084.832
236  TN+I+R4       17169.517    500 35339.034    35721.185    38090.128
257  TN+F+I+R3     17157.188    501 35316.376    35700.348    38072.971
258  TN+F+I+R4     17149.424    503 35304.847    35692.480    38072.447
279  K3P+I+R3      17213.688    498 35423.377    35801.902    38163.466
280  K3P+I+R4      17204.188    500 35408.376    35790.527    38159.469
301  K3P+I+R3      17213.688    498 35423.377    35801.902    38163.466
302  K3P+I+R4      17204.188    500 35408.376    35790.527    38159.469
323  K3Pu+I+R3     17213.655    498 35423.309    35801.835    38163.398
324  K3Pu+I+R4     17204.107    500 35408.214    35790.365    38159.307
345  K3Pu+F+I+R3   17188.357    501 35378.714    35762.686    38135.309
346  K3Pu+F+I+R4   17176.211    503 35358.421    35746.054    38126.021
367  TPM2+I+R3     17198.038    498 35392.075    35770.601    38132.164
368  TPM2+I+R4     17187.539    500 35375.078    35757.229    38126.171
389  TPM2+I+R3     17198.038    498 35392.075    35770.601    38132.164
390  TPM2+I+R4     17187.539    500 35375.078    35757.229    38126.171
411  TPM2u+I+R3    17197.973    498 35391.946    35770.472    38132.035
412  TPM2u+I+R4    17187.533    500 35375.067    35757.218    38126.160
433  TPM2u+F+I+R3  17167.743    501 35337.487    35721.459    38094.082
434  TPM2u+F+I+R4  17155.063    503 35316.125    35703.758    38083.725
455  TPM3+I+R3     17212.329    498 35420.658    35799.183    38160.746
456  TPM3+I+R4     17202.684    500 35405.369    35787.520    38156.462
477  TPM3+I+R3     17212.329    498 35420.658    35799.183    38160.746
478  TPM3+I+R4     17202.684    500 35405.369    35787.520    38156.462
499  TPM3u+I+R3    17212.261    498 35420.523    35799.048    38160.612
500  TPM3u+I+R4    17202.667    500 35405.334    35787.485    38156.427
521  TPM3u+F+I+R3  17189.027    501 35380.053    35764.026    38136.648
522  TPM3u+F+I+R4  17176.575    503 35359.150    35746.783    38126.750
543  TIMe+I+R3     17173.789    499 35345.577    35725.913    38091.169
544  TIMe+I+R4     17168.237    501 35338.475    35722.447    38095.070
565  TIMe+I+R3     17173.789    499 35345.577    35725.913    38091.169
566  TIMe+I+R4     17168.237    501 35338.475    35722.447    38095.070
587  TIM+I+R3      17173.368    499 35344.736    35725.071    38090.327
588  TIM+I+R4      17168.143    501 35338.286    35722.258    38094.881
609  TIM+F+I+R3    17155.776    502 35315.552    35701.352    38077.650
610  TIM+F+I+R4    17147.580    504 35303.160    35692.632    38076.262
631  TIM2e+I+R3    17159.527    499 35317.053    35697.389    38062.645
632  TIM2e+I+R4    17153.263    501 35308.525    35692.498    38065.121
653  TIM2e+I+R3    17159.527    499 35317.054    35697.389    38062.645
654  TIM2e+I+R4    17153.263    501 35308.525    35692.498    38065.121
675  TIM2+I+R3     17158.914    499 35315.829    35696.164    38061.420
676  TIM2+I+R4     17153.253    501 35308.505    35692.478    38065.101
697  TIM2+F+I+R3   17137.224    502 35278.448    35664.248    38040.546
698  TIM2+F+I+R4   17128.022    504 35264.044    35653.516    38037.146
719  TIM3e+I+R3    17172.135    499 35342.270    35722.605    38087.861
720  TIM3e+I+R4    17166.798    501 35335.597    35719.569    38092.192
741  TIM3e+I+R3    17172.135    499 35342.270    35722.605    38087.861
742  TIM3e+I+R4    17166.798    501 35335.596    35719.569    38092.192
763  TIM3+I+R3     17171.572    499 35341.144    35721.480    38086.735
764  TIM3+I+R4     17166.778    501 35335.556    35719.529    38092.152
785  TIM3+F+I+R3   17156.661    502 35317.323    35703.122    38079.420
786  TIM3+F+I+R4   17148.376    504 35304.752    35694.224    38077.854
807  TVMe+I+R3     17192.419    500 35384.838    35766.989    38135.931
808  TVMe+I+R4     17182.687    502 35369.374    35755.174    38131.472
829  TVMe+I+R3     17192.419    500 35384.838    35766.989    38135.931
830  TVMe+I+R4     17182.687    502 35369.374    35755.174    38131.472
851  TVM+I+R3      17192.341    500 35384.683    35766.834    38135.776
852  TVM+I+R4      17182.602    502 35369.204    35755.004    38131.302
873  TVM+F+I+R3    17163.836    503 35333.672    35721.305    38101.272
874  TVM+F+I+R4    17150.917    505 35311.835    35703.152    38090.439
895  SYM+I+R3      17152.630    501 35307.260    35691.232    38063.855
896  SYM+I+R4      17147.733    503 35301.466    35689.099    38069.066
917  SYM+I+R3      17152.630    501 35307.260    35691.232    38063.855
918  SYM+I+R4      17147.733    503 35301.466    35689.099    38069.066
939  GTR+I+R3      17152.407    501 35306.814    35690.786    38063.409
940  GTR+I+R4      17147.639    503 35301.277    35688.910    38068.877
961  GTR+F+I+R3    17132.958    504 35273.915    35663.387    38047.017
962  GTR+F+I+R4    17123.882    506 35259.764    35652.932    38043.871
Akaike Information Criterion:           GTR+F+I+R4
Corrected Akaike Information Criterion: GTR+F+I+R4
Bayesian Information Criterion:         TIM2+F+I+R4
Best-fit model: TIM2+F+I+R4 chosen according to BIC

All model information printed to results/dna_M6625_247_1812.phy/output_files/iqtree/inference/pars_3.model.gz
CPU time for ModelFinder: 200.458 seconds (0h:3m:20s)
Wall-clock time for ModelFinder: 201.036 seconds (0h:3m:21s)

NOTE: 26 MB RAM (0 GB) is required!
Estimate model parameters (epsilon = 0.010)
1. Initial log-likelihood: -17128.272
2. Current log-likelihood: -17128.035
Optimal log-likelihood: -17128.024
Rate parameters:  A-C: 1.61807  A-G: 3.40140  A-T: 1.61807  C-G: 1.00000  C-T: 5.68524  G-T: 1.00000
Base frequencies:  A: 0.232  C: 0.294  G: 0.250  T: 0.224
Proportion of invariable sites: 0.484
Site proportion and rates:  (0.236,0.260) (0.138,1.808) (0.097,3.901) (0.045,6.952)
Parameters optimization took 2 rounds (0.845 sec)
Wrote distance file to... 
BEST SCORE FOUND : -17128.024
Total tree length: 6.370

Total number of iterations: 0
CPU time used for tree search: 0.000 sec (0h:0m:0s)
Wall-clock time used for tree search: 0.000 sec (0h:0m:0s)
Total CPU time used: 201.309 sec (0h:3m:21s)
Total wall-clock time used: 201.899 sec (0h:3m:21s)

Analysis results written to: 
  IQ-TREE report:                results/dna_M6625_247_1812.phy/output_files/iqtree/inference/pars_3.iqtree
  Maximum-likelihood tree:       results/dna_M6625_247_1812.phy/output_files/iqtree/inference/pars_3.treefile
  Screen log file:               results/dna_M6625_247_1812.phy/output_files/iqtree/inference/pars_3.log

Date and Time: Wed Sep 24 20:10:09 2025
