IQ-TREE version 3.0.1 for Linux x86 64-bit built Sep 12 2025
Developed by Bui Quang Minh, Thomas Wong, Nhan Ly-Trong, Huaiyan Ren
Contributed by Lam-Tung Nguyen, Dominik Schrempf, Chris Bielow,
Olga Chernomor, Michael Woodhams, Diep Thi Hoang, Heiko Schmidt

Host:    vanvan-Latitude-9520 (AVX512, FMA3, 31 GB RAM)
Command: /usr/local/bin/iqtree3 -s /home/vanvan/Downloads/data_treebase/DIU_TRAINING_DATA/data5/prot_M11342_91_323.phy -pre training_data/prot_M11342_91_323.phy/output_files/iqtree/inference/pars_18 -seed 18 -ninit 1 -T 1 -redo -n 0 -nt AUTO
Seed:    18 (Using SPRNG - Scalable Parallel Random Number Generator)
Time:    Mon Sep 22 19:43:58 2025
Kernel:  AVX+FMA - auto-detect threads (8 CPU cores detected)

Reading alignment file /home/vanvan/Downloads/data_treebase/DIU_TRAINING_DATA/data5/prot_M11342_91_323.phy ... Phylip format detected
Alignment most likely contains protein sequences
Constructing alignment: done in 0.0010697 secs using 62.91% CPU
Alignment has 91 sequences with 323 columns, 310 distinct patterns
292 parsimony-informative, 7 singleton sites, 24 constant sites
                                                         Gap/Ambiguity  Composition  p-value
Analyzing sequences: done in 0.000170007 secs using 99.41% CPU
   1  Actinomyces_urogenitalis_DSM_15434                         0.00%    passed     99.64%
   2  Aeromicrobium_marinum_DSM_15272                            0.00%    passed     84.07%
   3  Alkalilimnicola_ehrlichii_MLHE-1                           0.00%    passed     97.12%
   4  Anaerolinea_thermophila_UNI-1                              0.00%    passed     25.30%
   5  Arthrobacter_aurescens_TC1                                 0.00%    passed     95.61%
   6  Arthrobacter_phenanthrenivorans_Sphe3                      0.00%    passed     95.46%
   7  Bacillus_cellulosilyticus_DSM_2522                         0.00%    passed     27.88%
   8  Bacillus_clausii_KSM-K16                                   0.00%    passed     86.00%
   9  Bacillus_halodurans_C-125                                  0.00%    passed     98.86%
  10  Bacillus_pseudofirmus_OF4                                  0.00%    passed     93.94%
  11  Bacillus_selenitireducens_MLS10                            0.00%    passed     97.83%
  12  Brevibacterium_linens_BL2                                  0.00%    passed     94.46%
  13  Brevibacterium_mcbrellneri_ATCC_49030                      0.00%    passed     99.09%
  14  Cellulomonas_flavigena_DSM_20109                           0.00%    passed     80.08%
  15  Chlorobaculum_parvum_NCIB_8327                             0.00%    passed     76.03%
  16  Chlorobium_limicola_DSM_245                                0.00%    passed     75.78%
  17  Chlorobium_phaeobacteroides_BS1                            0.00%    passed     93.62%
  18  Chloroflexus_aurantiacus_J-10-fl                           0.00%    passed     76.72%
  19  Coraliomargarita_akajimensis_DSM_45221                     0.00%    passed     37.78%
  20  Corynebacterium_ammoniagenes_DSM_20306                     0.00%    passed     89.11%
  21  Corynebacterium_amycolatum_SK46                            0.00%    passed     99.70%
  22  Corynebacterium_diphtheriae_NCTC_13129                     0.00%    passed     92.67%
  23  Corynebacterium_efficiens_YS-314                           0.00%    passed     57.03%
  24  Corynebacterium_efficiens_YS-314-A                         0.00%    passed     75.94%
  25  Corynebacterium_glucuronolyticum_ATCC_51866                0.00%    passed     99.63%
  26  Corynebacterium_glucuronolyticum_ATCC_51867                0.00%    passed     99.74%
  27  Corynebacterium_glutamicum_R                               0.00%    passed     53.61%
  28  Corynebacterium_lipophiloflavum_DSM_44291                  0.00%    failed      0.04%
  29  Corynebacterium_pseudotuberculosis_FRC41                   0.00%    passed     68.77%
  30  Corynebacterium_pseudotuberculosis_I19                     0.00%    passed     52.77%
  31  Dietzia_cinnamea_P4                                        0.00%    passed     72.31%
  32  Dietzia_cinnamea_P4-A                                      0.00%    passed     84.65%
  33  Dinoroseobacter_shibae_DFL_12                              0.00%    passed     74.74%
  34  Frankia_sp._EAN1pec                                        0.00%    passed     99.94%
  35  Geobacter_sulfurreducens_KN400                             0.00%    passed     89.70%
  36  Geobacter_sulfurreducens_PCA                               0.00%    passed     84.62%
  37  Geodermatophilus_obscurus_DSM_43160                        0.00%    failed      1.57%
  38  Halomonas_elongata_DSM_2581                                0.00%    passed     14.57%
  39  Halorhodospira_halophila_SL1                               0.00%    passed     78.80%
  40  Jannaschia_sp._CCS1                                        0.00%    passed     93.08%
  41  Jonesia_denitrificans_DSM_20603                            0.00%    passed     95.63%
  42  Kineococcus_radiotolerans_SRS30216                         0.00%    passed     38.96%
  43  Labrenzia_alexandrii_DFL-11                                0.00%    passed     98.63%
  44  Marinobacter_aquaeolei_VT8                                 0.00%    passed     24.39%
  45  Marinobacter_sp._ELB17                                     0.00%    passed     77.78%
  46  Marivirga_tractuosa_DSM_4126                               0.00%    passed     26.25%
  47  Micrococcus_luteus_SK58                                    0.00%    passed     98.37%
  48  Mycobacterium_gilvum_PYR-GCK                               0.00%    passed     44.81%
  49  Mycobacterium_vanbaalenii_PYR-1                            0.00%    passed     54.52%
  50  Myxococcus_xanthus_DK_1622                                 0.00%    passed     95.95%
  51  Nakamurella_multipartita_DSM_44233                         0.00%    passed     30.63%
  52  Nocardia_farcinica_IFM_10152                               0.00%    passed     85.81%
  53  Nocardiopsis_dassonvillei_subsp._dassonvillei_DSM_43111    0.00%    failed      0.43%
  54  Oceanobacillus_iheyensis_HTE831                            0.00%    passed     99.98%
  55  Pelobacter_propionicus_DSM_2379                            0.00%    passed     97.19%
  56  Planctomyces_brasiliensis_DSM_5305                         0.00%    passed     96.61%
  57  Prosthecochloris_aestuarii_DSM_271                         0.00%    passed     22.99%
  58  Prosthecochloris_vibrioformis_DSM_265                      0.00%    passed     36.69%
  59  Rhodococcus_equi_103S                                      0.00%    passed     99.89%
  60  Rhodococcus_opacus_B4                                      0.00%    passed     81.00%
  61  Roseiflexus_castenholzii_DSM_13941                         0.00%    passed     71.95%
  62  Roseobacter_sp._CCS2                                       0.00%    passed     93.71%
  63  Salinispora_arenicola_CNS-205                              0.00%    passed     55.21%
  64  Salinispora_tropica_CNB-440                                0.00%    passed     34.26%
  65  Sanguibacter_keddieii_DSM_10542                            0.00%    passed     26.50%
  66  Sanguibacter_keddieii_DSM_10542-A                          0.00%    failed      0.10%
  67  Sorangium_cellulosum_So_ce_56                              0.00%    passed     96.19%
  68  Stigmatella_aurantiaca_DW4_3-1                             0.00%    passed     93.08%
  69  Symbiobacterium_thermophilum_IAM_14863                     0.00%    passed     55.53%
  70  Thermomicrobium_roseum_DSM_5159                            0.00%    passed     77.36%
  71  Thioalkalivibrio_sp._HL-EbGR7                              0.00%    passed     23.06%
  72  Thioalkalivibrio_sp._K90mix                                0.00%    passed     86.08%
  73  Truepera_radiovictrix_DSM_17093                            0.00%    passed     99.97%
  74  Vibrio_alginolyticus_40B                                   0.00%    passed     97.66%
  75  Vibrio_cholerae_1587                                       0.00%    passed     93.59%
  76  Vibrio_cholerae_623-39                                     0.00%    passed     39.96%
  77  Vibrio_cholerae_MZO-2                                      0.00%    failed      0.13%
  78  Vibrio_cholerae_O1_biovar_eltor_str._N16961                0.00%    passed     70.01%
  79  Vibrio_cholerae_O395                                       0.00%    passed     99.09%
  80  Vibrio_cholerae_RC385                                      0.00%    passed     51.03%
  81  Vibrio_cholerae_TM_11079-80                                0.00%    passed     63.36%
  82  Vibrio_cholerae_TMA_21                                     0.00%    passed     85.93%
  83  Vibrio_cholerae_V52                                        0.00%    passed     58.26%
  84  Vibrio_harveyi_1DA3                                        0.00%    passed     99.88%
  85  Vibrio_metschnikovii_CIP_69.14                             0.00%    passed     53.14%
  86  Vibrio_parahaemolyticus_16                                 0.00%    passed     80.45%
  87  Vibrio_shilonii_AK1                                        0.00%    passed     99.00%
  88  Vibrio_sp._Ex25                                            0.00%    passed     73.29%
  89  Waddlia_chondrophila_WSU_86-1044                           0.00%    passed     52.41%
  90  marine_bacterium_HP15                                      0.00%    passed     22.72%
  91  synthetic_construct                                        0.00%    passed     61.29%
****  TOTAL                                                      0.00%  5 sequences failed composition chi2 test (p-value<5%; df=19)
Checking for duplicate sequences: done in 0.000382158 secs using 91.85% CPU


Create initial parsimony tree by phylogenetic likelihood library (PLL)... 0.053 seconds
Measuring multi-threading efficiency up to 8 CPU cores
Increase to 10 rounds for branch lengths
4 trees examined
Threads: 1 / Time: 8.311 sec / Speedup: 1.000 / Efficiency: 100% / LogL: -37773
Threads: 2 / Time: 4.680 sec / Speedup: 1.776 / Efficiency: 89% / LogL: -37773
Threads: 3 / Time: 4.059 sec / Speedup: 2.047 / Efficiency: 68% / LogL: -37773
Threads: 4 / Time: 6.090 sec / Speedup: 1.365 / Efficiency: 34% / LogL: -37773
Determining AUTO threadcount: done in 23.1459 secs using 206.6% CPU
BEST NUMBER OF THREADS: 3

Perform fast likelihood tree search using LG+I+G model...
Estimate model parameters (epsilon = 5.000)
Perform nearest neighbor interchange...
Estimate model parameters (epsilon = 1.000)
1. Initial log-likelihood: -23731.117
Optimal log-likelihood: -23731.073
Proportion of invariable sites: 0.066
Gamma shape alpha: 1.225
Parameters optimization took 1 rounds (0.291 sec)
Time for fast ML tree search: 2.563 seconds

NOTE: ModelFinder requires 46 MB RAM!
ModelFinder will test up to 1232 protein models (sample size: 323 epsilon: 0.100) ...
 No. Model         -LnL         df  AIC          AICc         BIC
  1  LG            25028.033    179 50414.066    50864.696    51090.266
  2  LG+I          24759.225    180 49878.451    50337.324    50558.428
  3  LG+G4         23758.888    180 47877.777    48336.650    48557.754
  4  LG+I+G4       23731.073    181 47824.147    48291.409    48507.902
  5  LG+R2         24023.456    181 48408.912    48876.175    49092.667
  6  LG+R3         23804.120    183 47974.239    48458.729    48665.550
  7  LG+R4         23742.315    185 47854.631    48356.967    48553.497
  8  LG+R5         23708.454    187 47790.908    48311.738    48497.329
  9  LG+R6         23694.693    189 47767.386    48307.386    48481.362
 10  LG+R7         23694.099    191 47770.198    48330.076    48491.730
 14  LG+I+R2       23934.358    182 48232.716    48708.516    48920.249
 15  LG+I+R3       23757.670    184 47883.340    48376.674    48578.428
 16  LG+I+R4       23716.095    186 47804.190    48315.690    48506.834
 17  LG+I+R5       23694.302    188 47764.605    48294.933    48474.804
 18  LG+I+R6       23693.960    190 47767.919    48317.768    48485.673
 31  LG+F+R6       23318.013    208 47052.026    47814.693    47837.778
 39  LG+F+I+R5     23318.016    207 47050.032    47798.832    47832.006
 53  WAG+R6        24007.543    189 48393.085    48933.085    49107.062
 61  WAG+I+R5      24004.553    188 48385.105    48915.433    49095.304
 75  WAG+F+R6      23515.764    208 47447.527    48210.194    48233.279
 83  WAG+F+I+R5    23513.033    207 47440.066    48188.866    48222.040
 97  JTT+R6        24029.933    189 48437.867    48977.867    49151.843
105  JTT+I+R5      24028.445    188 48432.890    48963.218    49143.089
119  JTT+F+R6      23612.588    208 47641.175    48403.842    48426.927
127  JTT+F+I+R5    23613.029    207 47640.057    48388.857    48422.031
141  Q.PFAM+R6     23675.041    189 47728.082    48268.082    48442.058
149  Q.PFAM+I+R5   23674.472    188 47724.944    48255.272    48435.143
163  Q.PFAM+F+R6   23369.147    208 47154.294    47916.961    47940.046
171  Q.PFAM+F+I+R5 23367.008    207 47148.017    47896.817    47929.991
185  Q.BIRD+R6     24370.115    189 49118.231    49658.231    49832.207
193  Q.BIRD+I+R5   24368.884    188 49113.767    49644.096    49823.966
207  Q.BIRD+F+R6   24066.984    208 48549.968    49312.635    49335.720
215  Q.BIRD+F+I+R5 24066.142    207 48546.285    49295.085    49328.259
229  Q.MAMMAL+R6   24252.247    189 48882.495    49422.495    49596.471
237  Q.MAMMAL+I+R5 24250.085    188 48876.170    49406.499    49586.369
251  Q.MAMMAL+F+R6 23902.887    208 48221.773    48984.440    49007.525
259  Q.MAMMAL+F+I+R5 23900.456    207 48214.913    48963.713    48996.887
273  Q.INSECT+R6   23843.781    189 48065.563    48605.563    48779.539
281  Q.INSECT+I+R5 23843.633    188 48063.266    48593.595    48773.465
295  Q.INSECT+F+R6 23393.491    208 47202.983    47965.650    47988.735
303  Q.INSECT+F+I+R5 23393.806    207 47201.612    47950.412    47983.586
317  Q.PLANT+R6    23799.562    189 47977.124    48517.124    48691.100
325  Q.PLANT+I+R5  23798.690    188 47973.379    48503.708    48683.578
339  Q.PLANT+F+R6  23512.979    208 47441.957    48204.624    48227.709
347  Q.PLANT+F+I+R5 23514.039    207 47442.077    48190.877    48224.051
361  Q.YEAST+R6    23877.121    189 48132.242    48672.242    48846.218
369  Q.YEAST+I+R5  23877.264    188 48130.528    48660.857    48840.727
383  Q.YEAST+F+R6  23340.111    208 47096.223    47858.889    47881.974
391  Q.YEAST+F+I+R5 23340.283    207 47094.567    47843.367    47876.541
405  JTTDCMUT+R6   24031.353    189 48440.707    48980.707    49154.683
413  JTTDCMUT+I+R5 24030.866    188 48437.732    48968.060    49147.930
427  JTTDCMUT+F+R6 23607.263    208 47630.526    48393.193    48416.278
435  JTTDCMUT+F+I+R5 23608.828    207 47631.656    48380.456    48413.630
449  DCMUT+R6      24217.000    189 48812.000    49352.000    49525.976
457  DCMUT+I+R5    24220.726    188 48817.451    49347.780    49527.650
471  DCMUT+F+R6    23622.336    208 47660.672    48423.339    48446.424
479  DCMUT+F+I+R5  23622.698    207 47659.396    48408.196    48441.370
493  VT+R6         24092.735    189 48563.470    49103.470    49277.447
501  VT+I+R5       24092.818    188 48561.636    49091.964    49271.834
515  VT+F+R6       23623.032    208 47662.065    48424.731    48447.816
523  VT+F+I+R5     23624.052    207 47662.105    48410.905    48444.079
537  PMB+R6        24136.805    189 48651.610    49191.610    49365.586
545  PMB+I+R5      24136.661    188 48649.322    49179.651    49359.521
559  PMB+F+R6      23795.034    208 48006.068    48768.735    48791.820
567  PMB+F+I+R5    23795.565    207 48005.129    48753.929    48787.103
581  BLOSUM62+R6   24118.336    189 48614.671    49154.671    49328.648
589  BLOSUM62+I+R5 24118.438    188 48612.876    49143.204    49323.074
603  BLOSUM62+F+R6 23725.168    208 47866.335    48629.002    48652.087
611  BLOSUM62+F+I+R5 23725.242    207 47864.485    48613.285    48646.459
625  DAYHOFF+R6    24213.229    189 48804.458    49344.458    49518.435
633  DAYHOFF+I+R5  24217.821    188 48811.643    49341.971    49521.841
647  DAYHOFF+F+R6  23619.026    208 47654.052    48416.719    48439.804
655  DAYHOFF+F+I+R5 23619.905    207 47653.810    48402.610    48435.784
669  MTREV+R6      24372.082    189 49122.165    49662.165    49836.141
677  MTREV+I+R5    24372.633    188 49121.267    49651.595    49831.465
691  MTREV+F+R6    23726.276    208 47868.551    48631.218    48654.303
699  MTREV+F+I+R5  23727.791    207 47869.582    48618.382    48651.556
713  MTART+R6      24195.493    189 48768.986    49308.986    49482.962
721  MTART+I+R5    24192.023    188 48760.046    49290.375    49470.245
735  MTART+F+R6    23678.764    208 47773.527    48536.194    48559.279
743  MTART+F+I+R5  23681.762    207 47777.524    48526.324    48559.498
757  MTZOA+R6      23615.908    189 47609.816    48149.816    48323.792
765  MTZOA+I+R5    23616.023    188 47608.045    48138.374    48318.244
779  MTZOA+F+R6    23417.288    208 47250.576    48013.243    48036.328
787  MTZOA+F+I+R5  23421.065    207 47256.130    48004.930    48038.104
801  MTMET+R6      24234.199    189 48846.398    49386.398    49560.374
809  MTMET+I+R5    24233.358    188 48842.716    49373.045    49552.915
823  MTMET+F+R6    23646.754    208 47709.507    48472.174    48495.259
831  MTMET+F+I+R5  23651.029    207 47716.059    48464.859    48498.033
845  MTVER+R6      24492.125    189 49362.251    49902.251    50076.227
853  MTVER+I+R5    24491.620    188 49359.240    49889.568    50069.439
867  MTVER+F+R6    23919.382    208 48254.764    49017.430    49040.515
875  MTVER+F+I+R5  23921.192    207 48256.383    49005.183    49038.358
889  MTINV+R6      24279.442    189 48936.883    49476.883    49650.860
897  MTINV+I+R5    24279.354    188 48934.708    49465.036    49644.906
911  MTINV+F+R6    23451.538    208 47319.076    48081.743    48104.828
919  MTINV+F+I+R5  23456.783    207 47327.567    48076.367    48109.541
933  MTMAM+R6      24725.254    189 49828.508    50368.508    50542.484
941  MTMAM+I+R5    24722.736    188 49821.471    50351.800    50531.670
955  MTMAM+F+R6    24150.872    208 48717.743    49480.410    49503.495
963  MTMAM+F+I+R5  24151.657    207 48717.313    49466.113    49499.287
977  FLAVI+R6      24809.433    189 49996.865    50536.865    50710.842
985  FLAVI+I+R5    24809.949    188 49995.898    50526.226    50706.096
999  FLAVI+F+R6    24695.381    208 49806.763    50569.429    50592.514
1007  FLAVI+F+I+R5  24698.002    207 49810.005    50558.805    50591.979
1021  HIVB+R6       24770.985    189 49919.969    50459.969    50633.946
1029  HIVB+I+R5     24774.191    188 49924.382    50454.711    50634.581
1043  HIVB+F+R6     24241.259    208 48898.519    49661.186    49684.271
1051  HIVB+F+I+R5   24247.574    207 48909.149    49657.949    49691.123
1065  HIVW+R6       25966.443    189 52310.886    52850.886    53024.863
1073  HIVW+I+R5     25963.703    188 52303.406    52833.734    53013.605
1087  HIVW+F+R6     24985.541    208 50387.081    51149.748    51172.833
1095  HIVW+F+I+R5   24987.712    207 50389.424    51138.224    51171.398
1109  FLU+R6        24544.653    189 49467.306    50007.306    50181.282
1117  FLU+I+R5      24539.550    188 49455.099    49985.428    50165.298
1131  FLU+F+R6      23911.019    208 48238.039    49000.706    49023.791
1139  FLU+F+I+R5    23910.705    207 48235.409    48984.209    49017.383
1153  RTREV+R6      24153.495    189 48684.991    49224.991    49398.967
1161  RTREV+I+R5    24158.563    188 48693.127    49223.455    49403.325
1175  RTREV+F+R6    23453.479    208 47322.957    48085.624    48108.709
1183  RTREV+F+I+R5  23456.318    207 47326.637    48075.437    48108.611
1197  CPREV+R6      24053.327    189 48484.653    49024.653    49198.629
1205  CPREV+I+R5    24051.029    188 48478.058    49008.386    49188.257
1219  CPREV+F+R6    23583.322    208 47582.645    48345.311    48368.396
1227  CPREV+F+I+R5  23587.229    207 47588.458    48337.258    48370.432
Akaike Information Criterion:           LG+F+I+R5
Corrected Akaike Information Criterion: LG+F+I+R5
Bayesian Information Criterion:         LG+F+I+R5
Best-fit model: LG+F+I+R5 chosen according to BIC

All model information printed to training_data/prot_M11342_91_323.phy/output_files/iqtree/inference/pars_18.model.gz
CPU time for ModelFinder: 2589.151 seconds (0h:43m:9s)
Wall-clock time for ModelFinder: 958.264 seconds (0h:15m:58s)

NOTE: 23 MB RAM (0 GB) is required!
Estimate model parameters (epsilon = 0.010)
1. Initial log-likelihood: -23321.167
2. Current log-likelihood: -23317.502
3. Current log-likelihood: -23317.461
Optimal log-likelihood: -23317.457
Proportion of invariable sites: 0.058
Site proportion and rates:  (0.227,0.190) (0.271,0.547) (0.276,1.084) (0.121,2.291) (0.047,4.973)
Parameters optimization took 3 rounds (3.059 sec)
Wrote distance file to... 
BEST SCORE FOUND : -23317.457
Total tree length: 23.742

Total number of iterations: 0
CPU time used for tree search: 0.000 sec (0h:0m:0s)
Wall-clock time used for tree search: 0.000 sec (0h:0m:0s)
Total CPU time used: 2598.421 sec (0h:43m:18s)
Total wall-clock time used: 961.362 sec (0h:16m:1s)

Analysis results written to: 
  IQ-TREE report:                training_data/prot_M11342_91_323.phy/output_files/iqtree/inference/pars_18.iqtree
  Maximum-likelihood tree:       training_data/prot_M11342_91_323.phy/output_files/iqtree/inference/pars_18.treefile
  Screen log file:               training_data/prot_M11342_91_323.phy/output_files/iqtree/inference/pars_18.log

Date and Time: Mon Sep 22 20:00:00 2025
