IQ-TREE version 3.0.1 for Linux x86 64-bit built Sep 18 2025
Developed by Bui Quang Minh, Thomas Wong, Nhan Ly-Trong, Huaiyan Ren
Contributed by Lam-Tung Nguyen, Dominik Schrempf, Chris Bielow,
Olga Chernomor, Michael Woodhams, Diep Thi Hoang, Heiko Schmidt

Host:    DESKTOP-UQIA48J (AVX2, FMA3, 7 GB RAM)
Command: /home/ngocminh/miniconda3/envs/pypythia/bin/iqtree3 -s Data/dna_M7210_204_1701.phy -pre data_training/dna_M7210_204_1701.phy/output_files/iqtree/inference/pars_19 -seed 19 -ninit 1 -T 1 -redo -n 0
Seed:    19 (Using SPRNG - Scalable Parallel Random Number Generator)
Time:    Mon Sep 22 11:00:38 2025
Kernel:  AVX+FMA - 1 threads (8 CPU cores detected)

HINT: Use -nt option to specify number of threads because your CPU has 8 cores!
HINT: -nt AUTO will automatically determine the best number of threads to use.

Reading alignment file Data/dna_M7210_204_1701.phy ... Phylip format detected
Alignment most likely contains DNA/RNA sequences
Constructing alignment: done in 0.00610884 secs using 35.92% CPU
Alignment has 204 sequences with 1701 columns, 734 distinct patterns
447 parsimony-informative, 158 singleton sites, 1096 constant sites
                                        Gap/Ambiguity  Composition  p-value
Analyzing sequences: done in 0.00050607 secs using 93.66% CPU
   1  Acanthophoenix_rubra                     64.43%    passed     91.47%
   2  Acrocomia_aculeata                       63.02%    passed     70.79%
   3  Actinokentia_divaricata                  62.73%    passed     90.83%
   4  Actinokentia_huerlimannii                62.43%    passed     94.42%
   5  Actinorhytis_calapparia                  63.08%    passed     98.23%
   6  Adonidia_merrillii                       65.20%    passed     86.53%
   7  Aiphanes_horrida                         63.84%    passed     74.38%
   8  Allagoptera_arenaria                     62.67%    passed     96.99%
   9  Ammandra_decasperma                      59.20%    passed     41.95%
  10  Aphandra_natalia                         59.14%    passed     43.20%
  11  Archontophoenix_purpurea                 64.37%    passed     80.75%
  12  Areca_catechu                            60.79%    passed     58.90%
  13  Areca_concinna                           61.14%    passed     71.90%
  14  Areca_triandra                           61.49%    passed     78.36%
  15  Asterogyne_martiana                      63.32%    passed     97.29%
  16  Astrocaryum_mexicanum                    62.90%    passed     87.48%
  17  Attalea_allenii                          62.61%    passed     99.88%
  18  Bactris_maraja                           62.90%    passed     95.34%
  19  Balaka_burretiana                        65.67%    passed     87.55%
  20  Balaka_longirostris                      65.20%    passed     74.50%
  21  Barcella_odora                           62.43%    passed     70.37%
  22  Basselinia_glabrata                      66.14%    passed     89.88%
  23  Basselinia_gracilis                      66.14%    passed     94.47%
  24  Basselinia_humboldtiana                  66.14%    passed     93.48%
  25  Basselinia_tomentosa                     66.78%    passed     91.64%
  26  Basselinia_velutina                      66.14%    passed     93.55%
  27  Beccariophoenix_madagascariensis         62.90%    passed     85.17%
  28  Bentinckia_condapanna                    62.49%    passed     93.81%
  29  Brassiophoenix_drymophloeoides           65.20%    passed     80.17%
  30  Burretiokentia_grandiflora               66.08%    passed     96.62%
  31  Burretiokentia_vieillardii               66.14%    passed     87.60%
  32  Butia_capitata                           62.55%    passed     73.73%
  33  Calyptrocalyx_albertisianus              63.32%    passed     95.02%
  34  Calyptrocalyx_awa                        62.79%    passed     97.52%
  35  Calyptrocalyx_elegans                    62.38%    passed     97.85%
  36  Calyptrocalyx_forbesii                   64.20%    passed     96.44%
  37  Calyptrocalyx_hollrungii                 62.85%    passed     91.47%
  38  Calyptrocalyx_lauterbachianus            63.26%    passed     97.71%
  39  Calyptrocalyx_multifidus                 63.14%    passed     95.57%
  40  Calyptrocalyx_polyphyllus                62.73%    passed     94.59%
  41  Calyptrocalyx_sessiliflorus              64.49%    passed     92.19%
  42  Calyptrocalyx_yamutumene                 62.49%    passed     97.99%
  43  Calyptrogyne_costatifrons                64.26%    passed     98.42%
  44  Calyptrogyne_ghiesbreghtiana             62.96%    passed     97.10%
  45  Calyptronoma_occidentalis                62.96%    passed     96.78%
  46  Carpentaria_acuminata                    65.20%    passed     91.23%
  47  Carpoxylon_macrospermum                  65.73%    passed     91.60%
  48  Caryota_mitis                            61.90%    passed     81.97%
  49  Ceroxylon_quindiuense                    64.73%    passed     97.19%
  50  Chamaedorea_microspadix                  62.96%    passed     91.58%
  51  Chamaerops_humilis                       62.26%    passed     95.76%
  52  Chambeyronia_macrocarpa                  62.43%    passed     89.95%
  53  Clinosperma_bracteale                    62.90%    passed     98.65%
  54  Clinosperma_lanuginosa_clone_1           62.43%    passed     87.41%
  55  Clinosperma_lanuginosa_clone_2           62.43%    passed     79.57%
  56  Clinosperma_lanuginosa_clone_3           62.49%    passed     91.84%
  57  Clinosperma_lanuginosa_clone_4           62.43%    passed     92.33%
  58  Clinosperma_lanuginosa_clone_5           62.43%    passed     92.33%
  59  Clinosperma_macrocarpa                   63.37%    passed     97.19%
  60  Clinosperma_vaginata                     63.20%    passed     77.63%
  61  Clinostigma_exorrhizum                   64.55%    passed     95.30%
  62  Clinostigma_savoryanum                   62.73%    passed     99.87%
  63  Cocos_nucifera                           62.79%    passed     79.93%
  64  Cyphokentia_cerifera                     62.43%    passed     97.79%
  65  Cyphokentia_macrostachya                 62.96%    passed     85.60%
  66  Cyphophoenix_alba_clone_1                66.14%    passed     92.15%
  67  Cyphophoenix_alba_clone_2                69.19%    passed     75.71%
  68  Cyphophoenix_alba_clone_3                65.96%    passed     88.92%
  69  Cyphophoenix_alba_clone_4                66.14%    passed     94.90%
  70  Cyphophoenix_alba_clone_5                65.96%    passed     92.57%
  71  Cyphophoenix_elegans                     68.25%    passed     74.59%
  72  Cyphophoenix_fulcita                     66.14%    passed     91.25%
  73  Cyphophoenix_nucele                      66.08%    passed     87.01%
  74  Cyphosperma_balansae                     66.20%    passed     83.28%
  75  Cyrtostachys_renda                       62.08%    passed     97.74%
  76  Deckenia_nobilis                         63.32%    passed     98.78%
  77  Desmoncus_chinantlensis                  62.96%    passed     90.03%
  78  Dictyosperma_album                       63.61%    passed     67.54%
  79  Dransfieldia_micrantha                   62.32%    passed     99.93%
  80  Drymophloeus_litigiosus                  65.14%    passed     90.59%
  81  Dypsis_ambilaensis                       62.43%    passed     98.13%
  82  Dypsis_fibrosa                           62.43%    passed     96.05%
  83  Dypsis_heterophylla                      62.43%    passed     98.21%
  84  Dypsis_hiarakae                          66.78%    passed     97.98%
  85  Dypsis_lanceolata                        37.10%    passed     18.83%
  86  Dypsis_leptocheilos                      64.32%    passed     87.05%
  87  Dypsis_lutescens                         63.61%    passed     88.71%
  88  Dypsis_mananjarensis                     63.61%    passed     95.10%
  89  Dypsis_pilulifera                        63.67%    passed     98.84%
  90  Dypsis_scottiana                         62.38%    passed     99.59%
  91  Elaeis_guineensis                        63.55%    passed     88.71%
  92  Elaeis_oleifera                          62.85%    passed     77.05%
  93  Eremospatha_wendlandiana                 67.96%    passed     84.39%
  94  Euterpe_precatoria                       62.90%    passed     92.59%
  95  Gaussia_maya                             65.31%    passed     99.63%
  96  Geonoma_congesta                         63.43%    passed     94.51%
  97  Geonoma_deversa                          66.37%    passed     66.12%
  98  Hedyscepe_canterburyana                  67.49%    passed     81.38%
  99  Heterospathe_cagayanensis                73.84%    passed     35.87%
 100  Heterospathe_delicatula                  73.90%    passed      9.34%
 101  Heterospathe_elata                       73.84%    passed     35.87%
 102  Heterospathe_humilis                     73.90%    passed     18.00%
 103  Heterospathe_longipes                    73.78%    passed     39.44%
 104  Heterospathe_macgregorii                 73.84%    passed     17.16%
 105  Heterospathe_philippinensis              73.84%    passed     15.13%
 106  Heterospathe_phillipsii                  73.84%    passed     30.55%
 107  Heterospathe_scitula                     73.90%    passed     21.86%
 108  Heterospathe_versteegiana                73.84%    passed     19.01%
 109  Howea_belmoreana                         62.85%    passed     99.59%
 110  Howea_forsteriana                        62.38%    passed    100.00%
 111  Hydriastele_beguinii                     64.20%    passed     76.56%
 112  Hydriastele_brassii                      64.73%    passed     66.22%
 113  Hydriastele_chaunostachys                64.37%    passed     98.14%
 114  Hydriastele_costata                      64.43%    passed     80.76%
 115  Hydriastele_microspadix                  64.49%    passed     83.47%
 116  Hyophorbe_lagenicaulis                   64.37%    passed     65.09%
 117  Iguanura_wallichiana                     62.38%    passed     90.07%
 118  Iriartea_deltoidea                       65.08%    passed     79.23%
 119  Jubaea_chilensis                         62.73%    passed     75.39%
 120  Jubaeopsis_caffra                        66.14%    passed     79.88%
 121  Kentiopsis_magnifica                     62.67%    passed     86.88%
 122  Kentiopsis_oliviformis                   62.43%    passed     93.12%
 123  Kerriodoxa_elegans                       62.08%    passed     98.69%
 124  Laccospadix_australasicus                62.55%    passed     99.90%
 125  Lemurophoenix_halleuxii                  63.14%    passed     98.55%
 126  Leopoldinia_pulchra                      62.14%    passed     78.15%
 127  Lepidorrhachis_mooreana                  66.14%    passed     87.11%
 128  Linospadix_albertisiana                  62.43%    passed     98.25%
 129  Linospadix_minor                         62.49%    passed     98.10%
 130  Linospadix_palmeriana                    63.43%    passed     97.75%
 131  Lodoicea_maldivica                       62.26%    passed     96.34%
 132  Loxococcus_rupicola                      66.14%    passed     89.21%
 133  Lytocaryum_weddellianum                  62.79%    passed     83.94%
 134  Manicaria_saccifera                      62.38%    passed     99.68%
 135  Marojejya_darianii                       64.32%    passed     93.28%
 136  Marojejya_insignis                       64.32%    passed     94.20%
 137  Masoala_kona_clone_1                     64.55%    passed     95.42%
 138  Masoala_kona_clone_2                     64.14%    passed     96.79%
 139  Masoala_kona_clone_3                     64.14%    passed     97.44%
 140  Masoala_kona_clone_4                     64.55%    passed     95.71%
 141  Masoala_kona_clone_5                     67.72%    passed     87.42%
 142  Masoala_madagascariensis_Lewis___Doyle   62.55%    passed     95.45%
 143  Masoala_madagascariensis_clone_1         64.08%    passed     87.92%
 144  Masoala_madagascariensis_clone_2         64.02%    passed     94.14%
 145  Masoala_madagascariensis_clone_3         64.02%    passed     96.46%
 146  Masoala_madagascariensis_clone_4         66.02%    passed     95.28%
 147  Masoala_madagascariensis_clone_5         63.96%    passed     97.29%
 148  Nenga_gajah                              61.96%    passed     84.51%
 149  Nenga_pumila_var._pachystachya           62.26%    passed     73.16%
 150  Neonicholsonia_watsonii                  64.14%    passed     80.50%
 151  Neoveitchia_storckii                     67.67%    passed     69.85%
 152  Nephrosperma_vanhoutteanum               62.79%    passed     99.35%
 153  Normanbya_normanbyi                      65.20%    passed     90.33%
 154  Nypa_fruticans                           76.90%    passed     93.31%
 155  Oncosperma_horridum                      66.14%    passed     82.28%
 156  Oncosperma_tigillarium                   62.90%    passed     78.00%
 157  Orania_lauterbachiana                    61.85%    passed     65.93%
 158  Orania_ravaka                            65.49%    passed     95.38%
 159  Orania_trispatha                         63.61%    passed     93.76%
 160  Oraniopsis_appendiculata                 64.79%    passed     95.86%
 161  Parajubaea_torallyi                      64.79%    passed     63.47%
 162  Pelagodoxa_henryana                      62.26%    passed     99.53%
 163  Phoenicophorium_borsigianum              61.79%    passed     83.21%
 164  Pholidostachys_pulchra                   63.20%    passed     97.21%
 165  Physokentia_dennisii                     67.37%    passed     89.91%
 166  Physokentia_rosea                        67.20%    passed     90.89%
 167  Phytelephas_aequatorialis                42.56%    failed      0.59%
 168  Phytelephas_macrocarpa                   45.86%    failed      1.94%
 169  Pinanga_coronata                         79.25%    passed     40.40%
 170  Pinanga_simplicifrons                    79.19%    passed     46.39%
 171  Podococcus_barteri                       63.32%    passed     79.43%
 172  Ponapea_ledermanniana                    65.20%    passed     87.61%
 173  Ponapea_palauensis                       67.14%    passed     92.19%
 174  Pseudophoenix_vinifera_clone_1           70.96%    passed     97.38%
 175  Pseudophoenix_vinifera_clone_2           71.02%    passed     96.38%
 176  Pseudophoenix_vinifera_clone_3           71.02%    passed     99.31%
 177  Ptychococcus_paradoxus                   65.20%    passed     90.33%
 178  Ptychosperma_macarthurii                 65.20%    passed     87.78%
 179  Ptychosperma_microcarpum                 65.20%    passed     90.91%
 180  Ptychosperma_salomonense                 65.26%    passed     88.92%
 181  Reinhardtia_gracilis                     62.73%    passed     83.22%
 182  Reinhardtia_simplex                      62.61%    passed     88.59%
 183  Rhopaloblaste_augusta                    62.26%    passed     93.70%
 184  Rhopaloblaste_ceramica                   62.38%    passed     94.73%
 185  Rhopaloblaste_ledermanniana              63.32%    passed     84.16%
 186  Rhopalostylis_baueri                     65.61%    passed     83.72%
 187  Roscheria_melanochaetes                  68.90%    passed     99.37%
 188  Roystonea_oleracea                       64.55%    passed     74.35%
 189  Roystonea_regia                          64.84%    passed     75.81%
 190  Satakentia_liukiuensis                   67.25%    passed     94.42%
 191  Sclerosperma_mannii                      64.32%    passed     79.33%
 192  Socratea_exorrhiza                       63.96%    passed     88.21%
 193  Solfia_samoensis                         65.20%    passed     89.79%
 194  Sommieria_leucophylla                    62.38%    passed     93.69%
 195  Syagrus_smithii                          62.73%    passed     83.92%
 196  Synechanthus_fibrosus                    64.08%    passed     30.24%
 197  Tectiphiala_ferox                        64.43%    passed     96.04%
 198  Veitchia_spiralis                        66.14%    passed     70.76%
 199  Verschaffeltia_splendida                 68.90%    passed     98.90%
 200  Voanioala_gerardii                       63.26%    passed     90.93%
 201  Welfia_regia                             63.08%    passed     98.70%
 202  Wendlandiella_gracilis                   68.67%    passed     73.16%
 203  Wettinia_hirsuta                         63.61%    passed     58.43%
 204  Wodyetia_bifurcata                       65.20%    passed     95.74%
WARNING: 201 sequences contain more than 50% gaps/ambiguity
****  TOTAL                                    64.48%  2 sequences failed composition chi2 test (p-value<5%; df=3)
Checking for duplicate sequences: done in 0.00119493 secs


Create initial parsimony tree by phylogenetic likelihood library (PLL)... 0.038 seconds
Perform fast likelihood tree search using GTR+I+G model...
Estimate model parameters (epsilon = 5.000)
Perform nearest neighbor interchange...
Estimate model parameters (epsilon = 1.000)
1. Initial log-likelihood: -14869.211
2. Current log-likelihood: -14866.113
3. Current log-likelihood: -14864.047
4. Current log-likelihood: -14862.571
5. Current log-likelihood: -14861.468
Optimal log-likelihood: -14860.623
Rate parameters:  A-C: 1.06940  A-G: 4.45791  A-T: 0.81567  C-G: 1.99233  C-T: 4.67001  G-T: 1.00000
Base frequencies:  A: 0.310  C: 0.182  G: 0.208  T: 0.301
Proportion of invariable sites: 0.061
Gamma shape alpha: 1.516
Parameters optimization took 5 rounds (1.272 sec)
Time for fast ML tree search: 4.866 seconds

NOTE: ModelFinder requires 48 MB RAM!
ModelFinder will test up to 968 DNA models (sample size: 1701 epsilon: 0.100) ...
 No. Model         -LnL         df  AIC          AICc         BIC
  1  JC            15696.701    405 32203.402    32457.348    34406.185
  2  JC+I          15613.950    406 32039.900    32295.297    34248.122
  3  JC+G4         15408.092    406 31628.183    31883.581    33836.406
  4  JC+I+G4       15409.465    407 31632.929    31889.783    33846.591
  5  JC+R2         15400.309    407 31614.619    31871.473    33828.280
  6  JC+R3         15360.584    409 31539.169    31798.952    33763.708
  7  JC+R4         15359.177    411 31540.353    31803.087    33775.770
 14  JC+I+R2       15378.044    408 31572.087    31830.403    33791.188
 15  JC+I+R3       15358.695    410 31537.389    31798.645    33767.368
 16  JC+I+R4       15358.405    412 31540.809    31805.026    33781.665
 28  JC+R3         15360.584    409 31539.169    31798.952    33763.708
 37  JC+I+R3       15358.695    410 31537.389    31798.645    33767.368
 50  F81+R3        15360.508    409 31539.016    31798.799    33763.556
 59  F81+I+R3      15358.663    410 31537.325    31798.581    33767.304
 72  F81+F+R3      15363.709    412 31551.419    31815.636    33792.275
 81  F81+F+I+R3    15361.814    413 31549.629    31815.335    33795.924
 94  K2P+R3        14884.489    410 30588.978    30850.234    32818.956
103  K2P+I+R3      14882.696    411 30587.392    30850.126    32822.809
116  K2P+R3        14884.489    410 30588.978    30850.234    32818.956
125  K2P+I+R3      14882.696    411 30587.392    30850.126    32822.809
138  HKY+R3        14884.453    410 30588.906    30850.162    32818.885
147  HKY+I+R3      14882.694    411 30587.388    30850.122    32822.805
160  HKY+F+R3      14849.798    413 30525.595    30791.302    32771.891
169  HKY+F+I+R3    14847.439    414 30522.879    30790.079    32774.613
182  TNe+R3        14884.276    411 30590.552    30853.286    32825.969
191  TNe+I+R3      14882.646    412 30589.292    30853.510    32830.149
204  TNe+R3        14884.276    411 30590.552    30853.286    32825.969
213  TNe+I+R3      14882.646    412 30589.292    30853.510    32830.149
226  TN+R3         14884.250    411 30590.499    30853.233    32825.916
235  TN+I+R3       14882.640    412 30589.280    30853.497    32830.136
248  TN+F+R3       14848.693    414 30525.386    30792.587    32777.121
257  TN+F+I+R3     14846.717    415 30523.434    30792.134    32780.607
270  K3P+R3        14880.149    411 30582.298    30845.032    32817.716
279  K3P+I+R3      14878.420    412 30580.840    30845.057    32821.696
292  K3P+R3        14880.149    411 30582.298    30845.032    32817.716
301  K3P+I+R3      14878.420    412 30580.840    30845.057    32821.696
314  K3Pu+R3       14880.109    411 30582.218    30844.951    32817.635
323  K3Pu+I+R3     14878.419    412 30580.837    30845.055    32821.694
336  K3Pu+F+R3     14848.876    414 30525.752    30792.953    32777.487
345  K3Pu+F+I+R3   14846.644    415 30523.288    30791.989    32780.462
358  TPM2+R3       14884.374    411 30590.748    30853.482    32826.166
367  TPM2+I+R3     14882.654    412 30589.308    30853.526    32830.165
380  TPM2+R3       14884.374    411 30590.748    30853.482    32826.166
389  TPM2+I+R3     14882.654    412 30589.308    30853.526    32830.165
402  TPM2u+R3      14884.341    411 30590.681    30853.415    32826.099
411  TPM2u+I+R3    14882.649    412 30589.299    30853.516    32830.155
424  TPM2u+F+R3    14842.007    414 30512.014    30779.215    32763.748
433  TPM2u+F+I+R3  14839.402    415 30508.803    30777.504    32765.977
446  TPM3+R3       14884.323    411 30590.647    30853.381    32826.064
455  TPM3+I+R3     14882.640    412 30589.279    30853.497    32830.136
468  TPM3+R3       14884.323    411 30590.647    30853.381    32826.064
477  TPM3+I+R3     14882.640    412 30589.279    30853.497    32830.136
490  TPM3u+R3      14884.290    411 30590.580    30853.314    32825.997
499  TPM3u+I+R3    14882.636    412 30589.273    30853.490    32830.129
512  TPM3u+F+R3    14835.697    414 30499.393    30766.594    32751.127
521  TPM3u+F+I+R3  14833.665    415 30497.331    30766.031    32754.504
534  TIMe+R3       14879.926    412 30583.851    30848.069    32824.708
543  TIMe+I+R3     14878.376    413 30582.752    30848.459    32829.048
556  TIMe+R3       14879.926    412 30583.851    30848.069    32824.708
565  TIMe+I+R3     14878.376    413 30582.752    30848.459    32829.048
578  TIM+R3        14879.913    412 30583.826    30848.044    32824.683
587  TIM+I+R3      14878.371    413 30582.742    30848.449    32829.038
600  TIM+F+R3      14847.789    415 30525.578    30794.278    32782.751
609  TIM+F+I+R3    14845.906    416 30523.813    30794.018    32786.425
622  TIM2e+R3      14884.173    412 30592.345    30856.563    32833.202
631  TIM2e+I+R3    14882.607    413 30591.213    30856.920    32837.509
644  TIM2e+R3      14884.173    412 30592.345    30856.563    32833.202
653  TIM2e+I+R3    14882.607    413 30591.213    30856.920    32837.509
666  TIM2+R3       14884.147    412 30592.294    30856.512    32833.150
675  TIM2+I+R3     14882.599    413 30591.197    30856.904    32837.493
688  TIM2+F+R3     14840.909    415 30511.819    30780.519    32768.992
697  TIM2+F+I+R3   14838.649    416 30509.297    30779.503    32771.909
710  TIM3e+R3      14884.074    412 30592.148    30856.365    32833.004
719  TIM3e+I+R3    14882.585    413 30591.170    30856.877    32837.466
732  TIM3e+R3      14884.074    412 30592.148    30856.365    32833.004
741  TIM3e+I+R3    14882.585    413 30591.170    30856.877    32837.466
754  TIM3+R3       14884.046    412 30592.092    30856.309    32832.948
763  TIM3+I+R3     14882.574    413 30591.148    30856.855    32837.444
776  TIM3+F+R3     14834.722    415 30499.445    30768.145    32756.618
785  TIM3+F+I+R3   14833.028    416 30498.056    30768.261    32760.668
798  TVMe+R3       14879.602    413 30585.203    30850.910    32831.499
807  TVMe+I+R3     14878.074    414 30584.149    30851.349    32835.883
820  TVMe+R3       14879.602    413 30585.203    30850.910    32831.499
829  TVMe+I+R3     14878.074    414 30584.149    30851.349    32835.883
842  TVM+R3        14879.587    413 30585.174    30850.880    32831.469
851  TVM+I+R3      14878.066    414 30584.132    30851.333    32835.867
864  TVM+F+R3      14824.305    416 30480.609    30750.815    32743.221
873  TVM+F+I+R3    14821.904    417 30477.807    30749.524    32745.858
886  SYM+R3        14879.527    414 30587.054    30854.255    32838.789
895  SYM+I+R3      14878.002    415 30586.004    30854.704    32843.177
908  SYM+R3        14879.527    414 30587.054    30854.255    32838.789
917  SYM+I+R3      14878.002    415 30586.004    30854.704    32843.177
930  GTR+R3        14879.513    414 30587.026    30854.227    32838.760
939  GTR+I+R3      14878.001    415 30586.002    30854.702    32843.175
952  GTR+F+R3      14823.301    417 30480.603    30752.319    32748.654
961  GTR+F+I+R3    14821.252    418 30478.503    30751.736    32751.993
Akaike Information Criterion:           TVM+F+I+R3
Corrected Akaike Information Criterion: TVM+F+I+R3
Bayesian Information Criterion:         TVM+F+R3
Best-fit model: TVM+F+R3 chosen according to BIC

All model information printed to data_training/dna_M7210_204_1701.phy/output_files/iqtree/inference/pars_19.model.gz
CPU time for ModelFinder: 57.216 seconds (0h:0m:57s)
Wall-clock time for ModelFinder: 51.856 seconds (0h:0m:51s)

NOTE: 14 MB RAM (0 GB) is required!
Estimate model parameters (epsilon = 0.010)
1. Initial log-likelihood: -14824.264
2. Current log-likelihood: -14824.184
3. Current log-likelihood: -14824.155
4. Current log-likelihood: -14824.130
5. Current log-likelihood: -14824.107
6. Current log-likelihood: -14824.087
7. Current log-likelihood: -14824.069
8. Current log-likelihood: -14824.054
9. Current log-likelihood: -14824.039
10. Current log-likelihood: -14824.025
11. Current log-likelihood: -14824.013
12. Current log-likelihood: -14824.002
Optimal log-likelihood: -14823.993
Rate parameters:  A-C: 1.10849  A-G: 4.68327  A-T: 0.88313  C-G: 1.91577  C-T: 4.68327  G-T: 1.00000
Base frequencies:  A: 0.310  C: 0.182  G: 0.208  T: 0.301
Site proportion and rates:  (0.436,0.327) (0.476,1.108) (0.088,3.755)
Parameters optimization took 12 rounds (1.689 sec)
Wrote distance file to... 
BEST SCORE FOUND : -14823.993
Total tree length: 4.119

Total number of iterations: 0
CPU time used for tree search: 0.000 sec (0h:0m:0s)
Wall-clock time used for tree search: 0.000 sec (0h:0m:0s)
Total CPU time used: 59.089 sec (0h:0m:59s)
Total wall-clock time used: 53.558 sec (0h:0m:53s)

Analysis results written to: 
  IQ-TREE report:                data_training/dna_M7210_204_1701.phy/output_files/iqtree/inference/pars_19.iqtree
  Maximum-likelihood tree:       data_training/dna_M7210_204_1701.phy/output_files/iqtree/inference/pars_19.treefile
  Screen log file:               data_training/dna_M7210_204_1701.phy/output_files/iqtree/inference/pars_19.log

Date and Time: Mon Sep 22 11:01:39 2025
