IQ-TREE version 3.0.1 for Linux x86 64-bit built Sep 18 2025
Developed by Bui Quang Minh, Thomas Wong, Nhan Ly-Trong, Huaiyan Ren
Contributed by Lam-Tung Nguyen, Dominik Schrempf, Chris Bielow,
Olga Chernomor, Michael Woodhams, Diep Thi Hoang, Heiko Schmidt

Host:    DESKTOP-UQIA48J (AVX2, FMA3, 7 GB RAM)
Command: /home/ngocminh/miniconda3/envs/pypythia/bin/iqtree3 -s Data/dna_M7210_204_1701.phy -pre data_training/dna_M7210_204_1701.phy/output_files/iqtree/inference/pars_2 -seed 2 -ninit 1 -T 1 -redo -n 0
Seed:    2 (Using SPRNG - Scalable Parallel Random Number Generator)
Time:    Mon Sep 22 10:56:25 2025
Kernel:  AVX+FMA - 1 threads (8 CPU cores detected)

HINT: Use -nt option to specify number of threads because your CPU has 8 cores!
HINT: -nt AUTO will automatically determine the best number of threads to use.

Reading alignment file Data/dna_M7210_204_1701.phy ... Phylip format detected
Alignment most likely contains DNA/RNA sequences
Constructing alignment: done in 0.00952893 secs using 97.52% CPU
Alignment has 204 sequences with 1701 columns, 734 distinct patterns
447 parsimony-informative, 158 singleton sites, 1096 constant sites
                                        Gap/Ambiguity  Composition  p-value
Analyzing sequences: done in 0.00102744 secs using 104.1% CPU
   1  Acanthophoenix_rubra                     64.43%    passed     91.47%
   2  Acrocomia_aculeata                       63.02%    passed     70.79%
   3  Actinokentia_divaricata                  62.73%    passed     90.83%
   4  Actinokentia_huerlimannii                62.43%    passed     94.42%
   5  Actinorhytis_calapparia                  63.08%    passed     98.23%
   6  Adonidia_merrillii                       65.20%    passed     86.53%
   7  Aiphanes_horrida                         63.84%    passed     74.38%
   8  Allagoptera_arenaria                     62.67%    passed     96.99%
   9  Ammandra_decasperma                      59.20%    passed     41.95%
  10  Aphandra_natalia                         59.14%    passed     43.20%
  11  Archontophoenix_purpurea                 64.37%    passed     80.75%
  12  Areca_catechu                            60.79%    passed     58.90%
  13  Areca_concinna                           61.14%    passed     71.90%
  14  Areca_triandra                           61.49%    passed     78.36%
  15  Asterogyne_martiana                      63.32%    passed     97.29%
  16  Astrocaryum_mexicanum                    62.90%    passed     87.48%
  17  Attalea_allenii                          62.61%    passed     99.88%
  18  Bactris_maraja                           62.90%    passed     95.34%
  19  Balaka_burretiana                        65.67%    passed     87.55%
  20  Balaka_longirostris                      65.20%    passed     74.50%
  21  Barcella_odora                           62.43%    passed     70.37%
  22  Basselinia_glabrata                      66.14%    passed     89.88%
  23  Basselinia_gracilis                      66.14%    passed     94.47%
  24  Basselinia_humboldtiana                  66.14%    passed     93.48%
  25  Basselinia_tomentosa                     66.78%    passed     91.64%
  26  Basselinia_velutina                      66.14%    passed     93.55%
  27  Beccariophoenix_madagascariensis         62.90%    passed     85.17%
  28  Bentinckia_condapanna                    62.49%    passed     93.81%
  29  Brassiophoenix_drymophloeoides           65.20%    passed     80.17%
  30  Burretiokentia_grandiflora               66.08%    passed     96.62%
  31  Burretiokentia_vieillardii               66.14%    passed     87.60%
  32  Butia_capitata                           62.55%    passed     73.73%
  33  Calyptrocalyx_albertisianus              63.32%    passed     95.02%
  34  Calyptrocalyx_awa                        62.79%    passed     97.52%
  35  Calyptrocalyx_elegans                    62.38%    passed     97.85%
  36  Calyptrocalyx_forbesii                   64.20%    passed     96.44%
  37  Calyptrocalyx_hollrungii                 62.85%    passed     91.47%
  38  Calyptrocalyx_lauterbachianus            63.26%    passed     97.71%
  39  Calyptrocalyx_multifidus                 63.14%    passed     95.57%
  40  Calyptrocalyx_polyphyllus                62.73%    passed     94.59%
  41  Calyptrocalyx_sessiliflorus              64.49%    passed     92.19%
  42  Calyptrocalyx_yamutumene                 62.49%    passed     97.99%
  43  Calyptrogyne_costatifrons                64.26%    passed     98.42%
  44  Calyptrogyne_ghiesbreghtiana             62.96%    passed     97.10%
  45  Calyptronoma_occidentalis                62.96%    passed     96.78%
  46  Carpentaria_acuminata                    65.20%    passed     91.23%
  47  Carpoxylon_macrospermum                  65.73%    passed     91.60%
  48  Caryota_mitis                            61.90%    passed     81.97%
  49  Ceroxylon_quindiuense                    64.73%    passed     97.19%
  50  Chamaedorea_microspadix                  62.96%    passed     91.58%
  51  Chamaerops_humilis                       62.26%    passed     95.76%
  52  Chambeyronia_macrocarpa                  62.43%    passed     89.95%
  53  Clinosperma_bracteale                    62.90%    passed     98.65%
  54  Clinosperma_lanuginosa_clone_1           62.43%    passed     87.41%
  55  Clinosperma_lanuginosa_clone_2           62.43%    passed     79.57%
  56  Clinosperma_lanuginosa_clone_3           62.49%    passed     91.84%
  57  Clinosperma_lanuginosa_clone_4           62.43%    passed     92.33%
  58  Clinosperma_lanuginosa_clone_5           62.43%    passed     92.33%
  59  Clinosperma_macrocarpa                   63.37%    passed     97.19%
  60  Clinosperma_vaginata                     63.20%    passed     77.63%
  61  Clinostigma_exorrhizum                   64.55%    passed     95.30%
  62  Clinostigma_savoryanum                   62.73%    passed     99.87%
  63  Cocos_nucifera                           62.79%    passed     79.93%
  64  Cyphokentia_cerifera                     62.43%    passed     97.79%
  65  Cyphokentia_macrostachya                 62.96%    passed     85.60%
  66  Cyphophoenix_alba_clone_1                66.14%    passed     92.15%
  67  Cyphophoenix_alba_clone_2                69.19%    passed     75.71%
  68  Cyphophoenix_alba_clone_3                65.96%    passed     88.92%
  69  Cyphophoenix_alba_clone_4                66.14%    passed     94.90%
  70  Cyphophoenix_alba_clone_5                65.96%    passed     92.57%
  71  Cyphophoenix_elegans                     68.25%    passed     74.59%
  72  Cyphophoenix_fulcita                     66.14%    passed     91.25%
  73  Cyphophoenix_nucele                      66.08%    passed     87.01%
  74  Cyphosperma_balansae                     66.20%    passed     83.28%
  75  Cyrtostachys_renda                       62.08%    passed     97.74%
  76  Deckenia_nobilis                         63.32%    passed     98.78%
  77  Desmoncus_chinantlensis                  62.96%    passed     90.03%
  78  Dictyosperma_album                       63.61%    passed     67.54%
  79  Dransfieldia_micrantha                   62.32%    passed     99.93%
  80  Drymophloeus_litigiosus                  65.14%    passed     90.59%
  81  Dypsis_ambilaensis                       62.43%    passed     98.13%
  82  Dypsis_fibrosa                           62.43%    passed     96.05%
  83  Dypsis_heterophylla                      62.43%    passed     98.21%
  84  Dypsis_hiarakae                          66.78%    passed     97.98%
  85  Dypsis_lanceolata                        37.10%    passed     18.83%
  86  Dypsis_leptocheilos                      64.32%    passed     87.05%
  87  Dypsis_lutescens                         63.61%    passed     88.71%
  88  Dypsis_mananjarensis                     63.61%    passed     95.10%
  89  Dypsis_pilulifera                        63.67%    passed     98.84%
  90  Dypsis_scottiana                         62.38%    passed     99.59%
  91  Elaeis_guineensis                        63.55%    passed     88.71%
  92  Elaeis_oleifera                          62.85%    passed     77.05%
  93  Eremospatha_wendlandiana                 67.96%    passed     84.39%
  94  Euterpe_precatoria                       62.90%    passed     92.59%
  95  Gaussia_maya                             65.31%    passed     99.63%
  96  Geonoma_congesta                         63.43%    passed     94.51%
  97  Geonoma_deversa                          66.37%    passed     66.12%
  98  Hedyscepe_canterburyana                  67.49%    passed     81.38%
  99  Heterospathe_cagayanensis                73.84%    passed     35.87%
 100  Heterospathe_delicatula                  73.90%    passed      9.34%
 101  Heterospathe_elata                       73.84%    passed     35.87%
 102  Heterospathe_humilis                     73.90%    passed     18.00%
 103  Heterospathe_longipes                    73.78%    passed     39.44%
 104  Heterospathe_macgregorii                 73.84%    passed     17.16%
 105  Heterospathe_philippinensis              73.84%    passed     15.13%
 106  Heterospathe_phillipsii                  73.84%    passed     30.55%
 107  Heterospathe_scitula                     73.90%    passed     21.86%
 108  Heterospathe_versteegiana                73.84%    passed     19.01%
 109  Howea_belmoreana                         62.85%    passed     99.59%
 110  Howea_forsteriana                        62.38%    passed    100.00%
 111  Hydriastele_beguinii                     64.20%    passed     76.56%
 112  Hydriastele_brassii                      64.73%    passed     66.22%
 113  Hydriastele_chaunostachys                64.37%    passed     98.14%
 114  Hydriastele_costata                      64.43%    passed     80.76%
 115  Hydriastele_microspadix                  64.49%    passed     83.47%
 116  Hyophorbe_lagenicaulis                   64.37%    passed     65.09%
 117  Iguanura_wallichiana                     62.38%    passed     90.07%
 118  Iriartea_deltoidea                       65.08%    passed     79.23%
 119  Jubaea_chilensis                         62.73%    passed     75.39%
 120  Jubaeopsis_caffra                        66.14%    passed     79.88%
 121  Kentiopsis_magnifica                     62.67%    passed     86.88%
 122  Kentiopsis_oliviformis                   62.43%    passed     93.12%
 123  Kerriodoxa_elegans                       62.08%    passed     98.69%
 124  Laccospadix_australasicus                62.55%    passed     99.90%
 125  Lemurophoenix_halleuxii                  63.14%    passed     98.55%
 126  Leopoldinia_pulchra                      62.14%    passed     78.15%
 127  Lepidorrhachis_mooreana                  66.14%    passed     87.11%
 128  Linospadix_albertisiana                  62.43%    passed     98.25%
 129  Linospadix_minor                         62.49%    passed     98.10%
 130  Linospadix_palmeriana                    63.43%    passed     97.75%
 131  Lodoicea_maldivica                       62.26%    passed     96.34%
 132  Loxococcus_rupicola                      66.14%    passed     89.21%
 133  Lytocaryum_weddellianum                  62.79%    passed     83.94%
 134  Manicaria_saccifera                      62.38%    passed     99.68%
 135  Marojejya_darianii                       64.32%    passed     93.28%
 136  Marojejya_insignis                       64.32%    passed     94.20%
 137  Masoala_kona_clone_1                     64.55%    passed     95.42%
 138  Masoala_kona_clone_2                     64.14%    passed     96.79%
 139  Masoala_kona_clone_3                     64.14%    passed     97.44%
 140  Masoala_kona_clone_4                     64.55%    passed     95.71%
 141  Masoala_kona_clone_5                     67.72%    passed     87.42%
 142  Masoala_madagascariensis_Lewis___Doyle   62.55%    passed     95.45%
 143  Masoala_madagascariensis_clone_1         64.08%    passed     87.92%
 144  Masoala_madagascariensis_clone_2         64.02%    passed     94.14%
 145  Masoala_madagascariensis_clone_3         64.02%    passed     96.46%
 146  Masoala_madagascariensis_clone_4         66.02%    passed     95.28%
 147  Masoala_madagascariensis_clone_5         63.96%    passed     97.29%
 148  Nenga_gajah                              61.96%    passed     84.51%
 149  Nenga_pumila_var._pachystachya           62.26%    passed     73.16%
 150  Neonicholsonia_watsonii                  64.14%    passed     80.50%
 151  Neoveitchia_storckii                     67.67%    passed     69.85%
 152  Nephrosperma_vanhoutteanum               62.79%    passed     99.35%
 153  Normanbya_normanbyi                      65.20%    passed     90.33%
 154  Nypa_fruticans                           76.90%    passed     93.31%
 155  Oncosperma_horridum                      66.14%    passed     82.28%
 156  Oncosperma_tigillarium                   62.90%    passed     78.00%
 157  Orania_lauterbachiana                    61.85%    passed     65.93%
 158  Orania_ravaka                            65.49%    passed     95.38%
 159  Orania_trispatha                         63.61%    passed     93.76%
 160  Oraniopsis_appendiculata                 64.79%    passed     95.86%
 161  Parajubaea_torallyi                      64.79%    passed     63.47%
 162  Pelagodoxa_henryana                      62.26%    passed     99.53%
 163  Phoenicophorium_borsigianum              61.79%    passed     83.21%
 164  Pholidostachys_pulchra                   63.20%    passed     97.21%
 165  Physokentia_dennisii                     67.37%    passed     89.91%
 166  Physokentia_rosea                        67.20%    passed     90.89%
 167  Phytelephas_aequatorialis                42.56%    failed      0.59%
 168  Phytelephas_macrocarpa                   45.86%    failed      1.94%
 169  Pinanga_coronata                         79.25%    passed     40.40%
 170  Pinanga_simplicifrons                    79.19%    passed     46.39%
 171  Podococcus_barteri                       63.32%    passed     79.43%
 172  Ponapea_ledermanniana                    65.20%    passed     87.61%
 173  Ponapea_palauensis                       67.14%    passed     92.19%
 174  Pseudophoenix_vinifera_clone_1           70.96%    passed     97.38%
 175  Pseudophoenix_vinifera_clone_2           71.02%    passed     96.38%
 176  Pseudophoenix_vinifera_clone_3           71.02%    passed     99.31%
 177  Ptychococcus_paradoxus                   65.20%    passed     90.33%
 178  Ptychosperma_macarthurii                 65.20%    passed     87.78%
 179  Ptychosperma_microcarpum                 65.20%    passed     90.91%
 180  Ptychosperma_salomonense                 65.26%    passed     88.92%
 181  Reinhardtia_gracilis                     62.73%    passed     83.22%
 182  Reinhardtia_simplex                      62.61%    passed     88.59%
 183  Rhopaloblaste_augusta                    62.26%    passed     93.70%
 184  Rhopaloblaste_ceramica                   62.38%    passed     94.73%
 185  Rhopaloblaste_ledermanniana              63.32%    passed     84.16%
 186  Rhopalostylis_baueri                     65.61%    passed     83.72%
 187  Roscheria_melanochaetes                  68.90%    passed     99.37%
 188  Roystonea_oleracea                       64.55%    passed     74.35%
 189  Roystonea_regia                          64.84%    passed     75.81%
 190  Satakentia_liukiuensis                   67.25%    passed     94.42%
 191  Sclerosperma_mannii                      64.32%    passed     79.33%
 192  Socratea_exorrhiza                       63.96%    passed     88.21%
 193  Solfia_samoensis                         65.20%    passed     89.79%
 194  Sommieria_leucophylla                    62.38%    passed     93.69%
 195  Syagrus_smithii                          62.73%    passed     83.92%
 196  Synechanthus_fibrosus                    64.08%    passed     30.24%
 197  Tectiphiala_ferox                        64.43%    passed     96.04%
 198  Veitchia_spiralis                        66.14%    passed     70.76%
 199  Verschaffeltia_splendida                 68.90%    passed     98.90%
 200  Voanioala_gerardii                       63.26%    passed     90.93%
 201  Welfia_regia                             63.08%    passed     98.70%
 202  Wendlandiella_gracilis                   68.67%    passed     73.16%
 203  Wettinia_hirsuta                         63.61%    passed     58.43%
 204  Wodyetia_bifurcata                       65.20%    passed     95.74%
WARNING: 201 sequences contain more than 50% gaps/ambiguity
****  TOTAL                                    64.48%  2 sequences failed composition chi2 test (p-value<5%; df=3)
Checking for duplicate sequences: done in 0.00181827 secs using 108.8% CPU


Create initial parsimony tree by phylogenetic likelihood library (PLL)... 0.060 seconds
Perform fast likelihood tree search using GTR+I+G model...
Estimate model parameters (epsilon = 5.000)
Perform nearest neighbor interchange...
Estimate model parameters (epsilon = 1.000)
1. Initial log-likelihood: -14874.362
2. Current log-likelihood: -14871.219
3. Current log-likelihood: -14869.163
4. Current log-likelihood: -14867.694
5. Current log-likelihood: -14866.607
Optimal log-likelihood: -14865.767
Rate parameters:  A-C: 1.10863  A-G: 4.59129  A-T: 0.85098  C-G: 2.04375  C-T: 4.90859  G-T: 1.00000
Base frequencies:  A: 0.310  C: 0.182  G: 0.208  T: 0.301
Proportion of invariable sites: 0.061
Gamma shape alpha: 1.514
Parameters optimization took 5 rounds (1.275 sec)
Time for fast ML tree search: 5.187 seconds

NOTE: ModelFinder requires 48 MB RAM!
ModelFinder will test up to 968 DNA models (sample size: 1701 epsilon: 0.100) ...
 No. Model         -LnL         df  AIC          AICc         BIC
  1  JC            15712.946    405 32235.891    32489.837    34438.675
  2  JC+I          15628.955    406 32069.910    32325.307    34278.133
  3  JC+G4         15423.381    406 31658.761    31914.158    33866.984
  4  JC+I+G4       15424.786    407 31663.573    31920.427    33877.234
  5  JC+R2         15418.938    407 31651.876    31908.730    33865.538
  6  JC+R3         15375.242    409 31568.483    31828.266    33793.023
  7  JC+R4         15373.715    411 31569.430    31832.163    33804.847
 14  JC+I+R2       15395.130    408 31606.260    31864.575    33825.360
 15  JC+I+R3       15373.401    410 31566.803    31828.058    33796.781
 16  JC+I+R4       15372.988    412 31569.977    31834.194    33810.833
 28  JC+R3         15375.242    409 31568.483    31828.266    33793.023
 37  JC+I+R3       15373.401    410 31566.803    31828.058    33796.781
 50  F81+R3        15375.176    409 31568.351    31828.134    33792.891
 59  F81+I+R3      15373.367    410 31566.733    31827.989    33796.712
 72  F81+F+R3      15376.236    412 31576.472    31840.689    33817.328
 81  F81+F+I+R3    15374.487    413 31574.974    31840.680    33821.269
 94  K2P+R3        14890.776    410 30601.552    30862.808    32831.530
103  K2P+I+R3      14889.080    411 30600.161    30862.895    32835.578
116  K2P+R3        14890.776    410 30601.552    30862.808    32831.530
125  K2P+I+R3      14889.080    411 30600.161    30862.895    32835.578
138  HKY+R3        14890.753    410 30601.507    30862.763    32831.485
147  HKY+I+R3      14889.078    411 30600.155    30862.889    32835.573
160  HKY+F+R3      14854.011    413 30534.022    30799.728    32780.317
169  HKY+F+I+R3    14852.241    414 30532.482    30799.683    32784.216
182  TNe+R3        14890.602    411 30603.205    30865.939    32838.622
191  TNe+I+R3      14889.102    412 30602.204    30866.422    32843.060
204  TNe+R3        14890.602    411 30603.205    30865.939    32838.622
213  TNe+I+R3      14889.102    412 30602.204    30866.422    32843.060
226  TN+R3         14890.587    411 30603.174    30865.908    32838.591
235  TN+I+R3       14889.076    412 30602.152    30866.369    32843.008
248  TN+F+R3       14852.648    414 30533.295    30800.496    32785.030
257  TN+F+I+R3     14851.228    415 30532.456    30801.156    32789.629
270  K3P+R3        14886.119    411 30594.238    30856.972    32829.655
279  K3P+I+R3      14884.476    412 30592.953    30857.170    32833.809
292  K3P+R3        14886.119    411 30594.238    30856.972    32829.655
301  K3P+I+R3      14884.476    412 30592.953    30857.170    32833.809
314  K3Pu+R3       14886.101    411 30594.202    30856.936    32829.620
323  K3Pu+I+R3     14884.473    412 30592.946    30857.164    32833.803
336  K3Pu+F+R3     14853.167    414 30534.335    30801.535    32786.069
345  K3Pu+F+I+R3   14851.325    415 30532.651    30801.351    32789.824
358  TPM2+R3       14890.716    411 30603.433    30866.167    32838.850
367  TPM2+I+R3     14889.077    412 30602.154    30866.372    32843.010
380  TPM2+R3       14890.716    411 30603.433    30866.167    32838.850
389  TPM2+I+R3     14889.077    412 30602.154    30866.372    32843.010
402  TPM2u+R3      14890.701    411 30603.402    30866.136    32838.820
411  TPM2u+I+R3    14889.076    412 30602.151    30866.369    32843.007
424  TPM2u+F+R3    14847.450    414 30522.900    30790.101    32774.634
433  TPM2u+F+I+R3  14845.162    415 30520.324    30789.024    32777.497
446  TPM3+R3       14890.647    411 30603.294    30866.028    32838.711
455  TPM3+I+R3     14889.026    412 30602.052    30866.270    32842.908
468  TPM3+R3       14890.647    411 30603.294    30866.028    32838.711
477  TPM3+I+R3     14889.026    412 30602.052    30866.270    32842.908
490  TPM3u+R3      14890.630    411 30603.261    30865.995    32838.678
499  TPM3u+I+R3    14889.025    412 30602.049    30866.267    32842.906
512  TPM3u+F+R3    14840.035    414 30508.069    30775.270    32759.803
521  TPM3u+F+I+R3  14838.472    415 30506.943    30775.644    32764.116
534  TIMe+R3       14886.003    412 30596.006    30860.223    32836.862
543  TIMe+I+R3     14884.498    413 30594.996    30860.702    32841.291
556  TIMe+R3       14886.003    412 30596.006    30860.223    32836.862
565  TIMe+I+R3     14884.498    413 30594.996    30860.702    32841.291
578  TIM+R3        14885.996    412 30595.992    30860.210    32836.849
587  TIM+I+R3      14884.476    413 30594.953    30860.659    32841.248
600  TIM+F+R3      14851.609    415 30533.217    30801.917    32790.390
609  TIM+F+I+R3    14850.262    416 30532.523    30802.729    32795.136
622  TIM2e+R3      14890.605    412 30605.211    30869.428    32846.067
631  TIM2e+I+R3    14889.099    413 30604.199    30869.905    32850.494
644  TIM2e+R3      14890.605    412 30605.211    30869.428    32846.067
653  TIM2e+I+R3    14889.099    413 30604.199    30869.905    32850.494
666  TIM2+R3       14890.588    412 30605.176    30869.393    32846.032
675  TIM2+I+R3     14889.075    413 30604.150    30869.857    32850.446
688  TIM2+F+R3     14846.041    415 30522.082    30790.782    32779.255
697  TIM2+F+I+R3   14844.116    416 30520.233    30790.438    32782.845
710  TIM3e+R3      14890.518    412 30605.035    30869.253    32845.892
719  TIM3e+I+R3    14889.043    413 30604.085    30869.792    32850.381
732  TIM3e+R3      14890.518    412 30605.035    30869.253    32845.892
741  TIM3e+I+R3    14889.043    413 30604.085    30869.792    32850.381
754  TIM3+R3       14890.511    412 30605.021    30869.238    32845.877
763  TIM3+I+R3     14889.021    413 30604.042    30869.748    32850.337
776  TIM3+F+R3     14838.790    415 30507.580    30776.280    32764.753
785  TIM3+F+I+R3   14837.583    416 30507.166    30777.372    32769.778
798  TVMe+R3       14885.692    413 30597.385    30863.091    32843.680
807  TVMe+I+R3     14884.201    414 30596.402    30863.603    32848.136
820  TVMe+R3       14885.692    413 30597.385    30863.091    32843.680
829  TVMe+I+R3     14884.201    414 30596.402    30863.603    32848.136
842  TVM+R3        14885.686    413 30597.372    30863.078    32843.667
851  TVM+I+R3      14884.195    414 30596.391    30863.591    32848.125
864  TVM+F+R3      14828.980    416 30489.960    30760.165    32752.572
873  TVM+F+I+R3    14827.141    417 30488.283    30759.999    32756.334
886  SYM+R3        14885.684    414 30599.369    30866.570    32851.103
895  SYM+I+R3      14884.192    415 30598.384    30867.084    32855.557
908  SYM+R3        14885.684    414 30599.369    30866.570    32851.103
917  SYM+I+R3      14884.192    415 30598.384    30867.084    32855.557
930  GTR+R3        14885.684    414 30599.368    30866.569    32851.102
939  GTR+I+R3      14884.191    415 30598.381    30867.082    32855.554
952  GTR+F+R3      14827.763    417 30489.526    30761.242    32757.577
961  GTR+F+I+R3    14826.267    418 30488.534    30761.766    32762.024
Akaike Information Criterion:           TVM+F+I+R3
Corrected Akaike Information Criterion: TVM+F+I+R3
Bayesian Information Criterion:         TVM+F+R3
Best-fit model: TVM+F+R3 chosen according to BIC

All model information printed to data_training/dna_M7210_204_1701.phy/output_files/iqtree/inference/pars_2.model.gz
CPU time for ModelFinder: 81.956 seconds (0h:1m:21s)
Wall-clock time for ModelFinder: 74.302 seconds (0h:1m:14s)

NOTE: 14 MB RAM (0 GB) is required!
Estimate model parameters (epsilon = 0.010)
1. Initial log-likelihood: -14828.929
2. Current log-likelihood: -14828.861
3. Current log-likelihood: -14828.822
4. Current log-likelihood: -14828.790
5. Current log-likelihood: -14828.762
6. Current log-likelihood: -14828.737
7. Current log-likelihood: -14828.714
8. Current log-likelihood: -14828.695
9. Current log-likelihood: -14828.677
10. Current log-likelihood: -14828.662
11. Current log-likelihood: -14828.648
12. Current log-likelihood: -14828.636
13. Current log-likelihood: -14828.625
Optimal log-likelihood: -14828.615
Rate parameters:  A-C: 1.13634  A-G: 4.83041  A-T: 0.91379  C-G: 1.95744  C-T: 4.83041  G-T: 1.00000
Base frequencies:  A: 0.310  C: 0.182  G: 0.208  T: 0.301
Site proportion and rates:  (0.416,0.312) (0.496,1.089) (0.088,3.765)
Parameters optimization took 13 rounds (4.126 sec)
Wrote distance file to... 
BEST SCORE FOUND : -14828.615
Total tree length: 4.143

Total number of iterations: 0
CPU time used for tree search: 0.000 sec (0h:0m:0s)
Wall-clock time used for tree search: 0.000 sec (0h:0m:0s)
Total CPU time used: 86.536 sec (0h:1m:26s)
Total wall-clock time used: 78.453 sec (0h:1m:18s)

Analysis results written to: 
  IQ-TREE report:                data_training/dna_M7210_204_1701.phy/output_files/iqtree/inference/pars_2.iqtree
  Maximum-likelihood tree:       data_training/dna_M7210_204_1701.phy/output_files/iqtree/inference/pars_2.treefile
  Screen log file:               data_training/dna_M7210_204_1701.phy/output_files/iqtree/inference/pars_2.log

Date and Time: Mon Sep 22 10:57:54 2025
