IQ-TREE version 3.0.1 for Linux x86 64-bit built Sep 18 2025
Developed by Bui Quang Minh, Thomas Wong, Nhan Ly-Trong, Huaiyan Ren
Contributed by Lam-Tung Nguyen, Dominik Schrempf, Chris Bielow,
Olga Chernomor, Michael Woodhams, Diep Thi Hoang, Heiko Schmidt

Host:    DESKTOP-UQIA48J (AVX2, FMA3, 7 GB RAM)
Command: /home/ngocminh/miniconda3/envs/pypythia/bin/iqtree3 -s Data/dna_M7210_204_1701.phy -pre data_training/dna_M7210_204_1701.phy/output_files/iqtree/inference/pars_17 -seed 17 -ninit 1 -T 1 -redo -n 0
Seed:    17 (Using SPRNG - Scalable Parallel Random Number Generator)
Time:    Mon Sep 22 10:56:24 2025
Kernel:  AVX+FMA - 1 threads (8 CPU cores detected)

HINT: Use -nt option to specify number of threads because your CPU has 8 cores!
HINT: -nt AUTO will automatically determine the best number of threads to use.

Reading alignment file Data/dna_M7210_204_1701.phy ... Phylip format detected
Alignment most likely contains DNA/RNA sequences
Constructing alignment: done in 0.00590463 secs using 111% CPU
Alignment has 204 sequences with 1701 columns, 734 distinct patterns
447 parsimony-informative, 158 singleton sites, 1096 constant sites
                                        Gap/Ambiguity  Composition  p-value
Analyzing sequences: done in 0.00045459 secs using 110.2% CPU
   1  Acanthophoenix_rubra                     64.43%    passed     91.47%
   2  Acrocomia_aculeata                       63.02%    passed     70.79%
   3  Actinokentia_divaricata                  62.73%    passed     90.83%
   4  Actinokentia_huerlimannii                62.43%    passed     94.42%
   5  Actinorhytis_calapparia                  63.08%    passed     98.23%
   6  Adonidia_merrillii                       65.20%    passed     86.53%
   7  Aiphanes_horrida                         63.84%    passed     74.38%
   8  Allagoptera_arenaria                     62.67%    passed     96.99%
   9  Ammandra_decasperma                      59.20%    passed     41.95%
  10  Aphandra_natalia                         59.14%    passed     43.20%
  11  Archontophoenix_purpurea                 64.37%    passed     80.75%
  12  Areca_catechu                            60.79%    passed     58.90%
  13  Areca_concinna                           61.14%    passed     71.90%
  14  Areca_triandra                           61.49%    passed     78.36%
  15  Asterogyne_martiana                      63.32%    passed     97.29%
  16  Astrocaryum_mexicanum                    62.90%    passed     87.48%
  17  Attalea_allenii                          62.61%    passed     99.88%
  18  Bactris_maraja                           62.90%    passed     95.34%
  19  Balaka_burretiana                        65.67%    passed     87.55%
  20  Balaka_longirostris                      65.20%    passed     74.50%
  21  Barcella_odora                           62.43%    passed     70.37%
  22  Basselinia_glabrata                      66.14%    passed     89.88%
  23  Basselinia_gracilis                      66.14%    passed     94.47%
  24  Basselinia_humboldtiana                  66.14%    passed     93.48%
  25  Basselinia_tomentosa                     66.78%    passed     91.64%
  26  Basselinia_velutina                      66.14%    passed     93.55%
  27  Beccariophoenix_madagascariensis         62.90%    passed     85.17%
  28  Bentinckia_condapanna                    62.49%    passed     93.81%
  29  Brassiophoenix_drymophloeoides           65.20%    passed     80.17%
  30  Burretiokentia_grandiflora               66.08%    passed     96.62%
  31  Burretiokentia_vieillardii               66.14%    passed     87.60%
  32  Butia_capitata                           62.55%    passed     73.73%
  33  Calyptrocalyx_albertisianus              63.32%    passed     95.02%
  34  Calyptrocalyx_awa                        62.79%    passed     97.52%
  35  Calyptrocalyx_elegans                    62.38%    passed     97.85%
  36  Calyptrocalyx_forbesii                   64.20%    passed     96.44%
  37  Calyptrocalyx_hollrungii                 62.85%    passed     91.47%
  38  Calyptrocalyx_lauterbachianus            63.26%    passed     97.71%
  39  Calyptrocalyx_multifidus                 63.14%    passed     95.57%
  40  Calyptrocalyx_polyphyllus                62.73%    passed     94.59%
  41  Calyptrocalyx_sessiliflorus              64.49%    passed     92.19%
  42  Calyptrocalyx_yamutumene                 62.49%    passed     97.99%
  43  Calyptrogyne_costatifrons                64.26%    passed     98.42%
  44  Calyptrogyne_ghiesbreghtiana             62.96%    passed     97.10%
  45  Calyptronoma_occidentalis                62.96%    passed     96.78%
  46  Carpentaria_acuminata                    65.20%    passed     91.23%
  47  Carpoxylon_macrospermum                  65.73%    passed     91.60%
  48  Caryota_mitis                            61.90%    passed     81.97%
  49  Ceroxylon_quindiuense                    64.73%    passed     97.19%
  50  Chamaedorea_microspadix                  62.96%    passed     91.58%
  51  Chamaerops_humilis                       62.26%    passed     95.76%
  52  Chambeyronia_macrocarpa                  62.43%    passed     89.95%
  53  Clinosperma_bracteale                    62.90%    passed     98.65%
  54  Clinosperma_lanuginosa_clone_1           62.43%    passed     87.41%
  55  Clinosperma_lanuginosa_clone_2           62.43%    passed     79.57%
  56  Clinosperma_lanuginosa_clone_3           62.49%    passed     91.84%
  57  Clinosperma_lanuginosa_clone_4           62.43%    passed     92.33%
  58  Clinosperma_lanuginosa_clone_5           62.43%    passed     92.33%
  59  Clinosperma_macrocarpa                   63.37%    passed     97.19%
  60  Clinosperma_vaginata                     63.20%    passed     77.63%
  61  Clinostigma_exorrhizum                   64.55%    passed     95.30%
  62  Clinostigma_savoryanum                   62.73%    passed     99.87%
  63  Cocos_nucifera                           62.79%    passed     79.93%
  64  Cyphokentia_cerifera                     62.43%    passed     97.79%
  65  Cyphokentia_macrostachya                 62.96%    passed     85.60%
  66  Cyphophoenix_alba_clone_1                66.14%    passed     92.15%
  67  Cyphophoenix_alba_clone_2                69.19%    passed     75.71%
  68  Cyphophoenix_alba_clone_3                65.96%    passed     88.92%
  69  Cyphophoenix_alba_clone_4                66.14%    passed     94.90%
  70  Cyphophoenix_alba_clone_5                65.96%    passed     92.57%
  71  Cyphophoenix_elegans                     68.25%    passed     74.59%
  72  Cyphophoenix_fulcita                     66.14%    passed     91.25%
  73  Cyphophoenix_nucele                      66.08%    passed     87.01%
  74  Cyphosperma_balansae                     66.20%    passed     83.28%
  75  Cyrtostachys_renda                       62.08%    passed     97.74%
  76  Deckenia_nobilis                         63.32%    passed     98.78%
  77  Desmoncus_chinantlensis                  62.96%    passed     90.03%
  78  Dictyosperma_album                       63.61%    passed     67.54%
  79  Dransfieldia_micrantha                   62.32%    passed     99.93%
  80  Drymophloeus_litigiosus                  65.14%    passed     90.59%
  81  Dypsis_ambilaensis                       62.43%    passed     98.13%
  82  Dypsis_fibrosa                           62.43%    passed     96.05%
  83  Dypsis_heterophylla                      62.43%    passed     98.21%
  84  Dypsis_hiarakae                          66.78%    passed     97.98%
  85  Dypsis_lanceolata                        37.10%    passed     18.83%
  86  Dypsis_leptocheilos                      64.32%    passed     87.05%
  87  Dypsis_lutescens                         63.61%    passed     88.71%
  88  Dypsis_mananjarensis                     63.61%    passed     95.10%
  89  Dypsis_pilulifera                        63.67%    passed     98.84%
  90  Dypsis_scottiana                         62.38%    passed     99.59%
  91  Elaeis_guineensis                        63.55%    passed     88.71%
  92  Elaeis_oleifera                          62.85%    passed     77.05%
  93  Eremospatha_wendlandiana                 67.96%    passed     84.39%
  94  Euterpe_precatoria                       62.90%    passed     92.59%
  95  Gaussia_maya                             65.31%    passed     99.63%
  96  Geonoma_congesta                         63.43%    passed     94.51%
  97  Geonoma_deversa                          66.37%    passed     66.12%
  98  Hedyscepe_canterburyana                  67.49%    passed     81.38%
  99  Heterospathe_cagayanensis                73.84%    passed     35.87%
 100  Heterospathe_delicatula                  73.90%    passed      9.34%
 101  Heterospathe_elata                       73.84%    passed     35.87%
 102  Heterospathe_humilis                     73.90%    passed     18.00%
 103  Heterospathe_longipes                    73.78%    passed     39.44%
 104  Heterospathe_macgregorii                 73.84%    passed     17.16%
 105  Heterospathe_philippinensis              73.84%    passed     15.13%
 106  Heterospathe_phillipsii                  73.84%    passed     30.55%
 107  Heterospathe_scitula                     73.90%    passed     21.86%
 108  Heterospathe_versteegiana                73.84%    passed     19.01%
 109  Howea_belmoreana                         62.85%    passed     99.59%
 110  Howea_forsteriana                        62.38%    passed    100.00%
 111  Hydriastele_beguinii                     64.20%    passed     76.56%
 112  Hydriastele_brassii                      64.73%    passed     66.22%
 113  Hydriastele_chaunostachys                64.37%    passed     98.14%
 114  Hydriastele_costata                      64.43%    passed     80.76%
 115  Hydriastele_microspadix                  64.49%    passed     83.47%
 116  Hyophorbe_lagenicaulis                   64.37%    passed     65.09%
 117  Iguanura_wallichiana                     62.38%    passed     90.07%
 118  Iriartea_deltoidea                       65.08%    passed     79.23%
 119  Jubaea_chilensis                         62.73%    passed     75.39%
 120  Jubaeopsis_caffra                        66.14%    passed     79.88%
 121  Kentiopsis_magnifica                     62.67%    passed     86.88%
 122  Kentiopsis_oliviformis                   62.43%    passed     93.12%
 123  Kerriodoxa_elegans                       62.08%    passed     98.69%
 124  Laccospadix_australasicus                62.55%    passed     99.90%
 125  Lemurophoenix_halleuxii                  63.14%    passed     98.55%
 126  Leopoldinia_pulchra                      62.14%    passed     78.15%
 127  Lepidorrhachis_mooreana                  66.14%    passed     87.11%
 128  Linospadix_albertisiana                  62.43%    passed     98.25%
 129  Linospadix_minor                         62.49%    passed     98.10%
 130  Linospadix_palmeriana                    63.43%    passed     97.75%
 131  Lodoicea_maldivica                       62.26%    passed     96.34%
 132  Loxococcus_rupicola                      66.14%    passed     89.21%
 133  Lytocaryum_weddellianum                  62.79%    passed     83.94%
 134  Manicaria_saccifera                      62.38%    passed     99.68%
 135  Marojejya_darianii                       64.32%    passed     93.28%
 136  Marojejya_insignis                       64.32%    passed     94.20%
 137  Masoala_kona_clone_1                     64.55%    passed     95.42%
 138  Masoala_kona_clone_2                     64.14%    passed     96.79%
 139  Masoala_kona_clone_3                     64.14%    passed     97.44%
 140  Masoala_kona_clone_4                     64.55%    passed     95.71%
 141  Masoala_kona_clone_5                     67.72%    passed     87.42%
 142  Masoala_madagascariensis_Lewis___Doyle   62.55%    passed     95.45%
 143  Masoala_madagascariensis_clone_1         64.08%    passed     87.92%
 144  Masoala_madagascariensis_clone_2         64.02%    passed     94.14%
 145  Masoala_madagascariensis_clone_3         64.02%    passed     96.46%
 146  Masoala_madagascariensis_clone_4         66.02%    passed     95.28%
 147  Masoala_madagascariensis_clone_5         63.96%    passed     97.29%
 148  Nenga_gajah                              61.96%    passed     84.51%
 149  Nenga_pumila_var._pachystachya           62.26%    passed     73.16%
 150  Neonicholsonia_watsonii                  64.14%    passed     80.50%
 151  Neoveitchia_storckii                     67.67%    passed     69.85%
 152  Nephrosperma_vanhoutteanum               62.79%    passed     99.35%
 153  Normanbya_normanbyi                      65.20%    passed     90.33%
 154  Nypa_fruticans                           76.90%    passed     93.31%
 155  Oncosperma_horridum                      66.14%    passed     82.28%
 156  Oncosperma_tigillarium                   62.90%    passed     78.00%
 157  Orania_lauterbachiana                    61.85%    passed     65.93%
 158  Orania_ravaka                            65.49%    passed     95.38%
 159  Orania_trispatha                         63.61%    passed     93.76%
 160  Oraniopsis_appendiculata                 64.79%    passed     95.86%
 161  Parajubaea_torallyi                      64.79%    passed     63.47%
 162  Pelagodoxa_henryana                      62.26%    passed     99.53%
 163  Phoenicophorium_borsigianum              61.79%    passed     83.21%
 164  Pholidostachys_pulchra                   63.20%    passed     97.21%
 165  Physokentia_dennisii                     67.37%    passed     89.91%
 166  Physokentia_rosea                        67.20%    passed     90.89%
 167  Phytelephas_aequatorialis                42.56%    failed      0.59%
 168  Phytelephas_macrocarpa                   45.86%    failed      1.94%
 169  Pinanga_coronata                         79.25%    passed     40.40%
 170  Pinanga_simplicifrons                    79.19%    passed     46.39%
 171  Podococcus_barteri                       63.32%    passed     79.43%
 172  Ponapea_ledermanniana                    65.20%    passed     87.61%
 173  Ponapea_palauensis                       67.14%    passed     92.19%
 174  Pseudophoenix_vinifera_clone_1           70.96%    passed     97.38%
 175  Pseudophoenix_vinifera_clone_2           71.02%    passed     96.38%
 176  Pseudophoenix_vinifera_clone_3           71.02%    passed     99.31%
 177  Ptychococcus_paradoxus                   65.20%    passed     90.33%
 178  Ptychosperma_macarthurii                 65.20%    passed     87.78%
 179  Ptychosperma_microcarpum                 65.20%    passed     90.91%
 180  Ptychosperma_salomonense                 65.26%    passed     88.92%
 181  Reinhardtia_gracilis                     62.73%    passed     83.22%
 182  Reinhardtia_simplex                      62.61%    passed     88.59%
 183  Rhopaloblaste_augusta                    62.26%    passed     93.70%
 184  Rhopaloblaste_ceramica                   62.38%    passed     94.73%
 185  Rhopaloblaste_ledermanniana              63.32%    passed     84.16%
 186  Rhopalostylis_baueri                     65.61%    passed     83.72%
 187  Roscheria_melanochaetes                  68.90%    passed     99.37%
 188  Roystonea_oleracea                       64.55%    passed     74.35%
 189  Roystonea_regia                          64.84%    passed     75.81%
 190  Satakentia_liukiuensis                   67.25%    passed     94.42%
 191  Sclerosperma_mannii                      64.32%    passed     79.33%
 192  Socratea_exorrhiza                       63.96%    passed     88.21%
 193  Solfia_samoensis                         65.20%    passed     89.79%
 194  Sommieria_leucophylla                    62.38%    passed     93.69%
 195  Syagrus_smithii                          62.73%    passed     83.92%
 196  Synechanthus_fibrosus                    64.08%    passed     30.24%
 197  Tectiphiala_ferox                        64.43%    passed     96.04%
 198  Veitchia_spiralis                        66.14%    passed     70.76%
 199  Verschaffeltia_splendida                 68.90%    passed     98.90%
 200  Voanioala_gerardii                       63.26%    passed     90.93%
 201  Welfia_regia                             63.08%    passed     98.70%
 202  Wendlandiella_gracilis                   68.67%    passed     73.16%
 203  Wettinia_hirsuta                         63.61%    passed     58.43%
 204  Wodyetia_bifurcata                       65.20%    passed     95.74%
WARNING: 201 sequences contain more than 50% gaps/ambiguity
****  TOTAL                                    64.48%  2 sequences failed composition chi2 test (p-value<5%; df=3)
Checking for duplicate sequences: done in 0.00110925 secs using 110.9% CPU


Create initial parsimony tree by phylogenetic likelihood library (PLL)... 0.039 seconds
Perform fast likelihood tree search using GTR+I+G model...
Estimate model parameters (epsilon = 5.000)
Perform nearest neighbor interchange...
Estimate model parameters (epsilon = 1.000)
1. Initial log-likelihood: -14858.073
2. Current log-likelihood: -14855.070
3. Current log-likelihood: -14853.013
4. Current log-likelihood: -14851.546
5. Current log-likelihood: -14850.445
Optimal log-likelihood: -14849.607
Rate parameters:  A-C: 1.08922  A-G: 4.43066  A-T: 0.81443  C-G: 1.97569  C-T: 4.64468  G-T: 1.00000
Base frequencies:  A: 0.310  C: 0.182  G: 0.208  T: 0.301
Proportion of invariable sites: 0.061
Gamma shape alpha: 1.508
Parameters optimization took 5 rounds (1.534 sec)
Time for fast ML tree search: 5.669 seconds

NOTE: ModelFinder requires 48 MB RAM!
ModelFinder will test up to 968 DNA models (sample size: 1701 epsilon: 0.100) ...
 No. Model         -LnL         df  AIC          AICc         BIC
  1  JC            15678.743    405 32167.486    32421.432    34370.269
  2  JC+I          15595.858    406 32003.716    32259.113    34211.939
  3  JC+G4         15387.625    406 31587.249    31842.646    33795.472
  4  JC+I+G4       15388.991    407 31591.983    31848.837    33805.644
  5  JC+R2         15379.324    407 31572.648    31829.502    33786.310
  6  JC+R3         15335.445    409 31488.890    31748.673    33713.429
  7  JC+R4         15333.920    411 31489.840    31752.574    33725.258
 14  JC+I+R2       15355.686    408 31527.372    31785.688    33746.473
 15  JC+I+R3       15333.669    410 31487.338    31748.594    33717.316
 16  JC+I+R4       15333.243    412 31490.486    31754.704    33731.343
 28  JC+R3         15335.445    409 31488.890    31748.673    33713.429
 37  JC+I+R3       15333.669    410 31487.338    31748.594    33717.316
 50  F81+R3        15335.366    409 31488.732    31748.515    33713.272
 59  F81+I+R3      15333.638    410 31487.276    31748.532    33717.255
 72  F81+F+R3      15343.609    412 31511.218    31775.435    33752.074
 81  F81+F+I+R3    15341.811    413 31509.622    31775.328    33755.917
 94  K2P+R3        14863.187    410 30546.375    30807.630    32776.353
103  K2P+I+R3      14861.524    411 30545.047    30807.781    32780.465
116  K2P+R3        14863.187    410 30546.375    30807.630    32776.353
125  K2P+I+R3      14861.524    411 30545.047    30807.781    32780.465
138  HKY+R3        14863.151    410 30546.302    30807.557    32776.280
147  HKY+I+R3      14861.522    411 30545.043    30807.777    32780.461
160  HKY+F+R3      14834.315    413 30494.630    30760.336    32740.925
169  HKY+F+I+R3    14832.078    414 30492.156    30759.357    32743.890
182  TNe+R3        14863.014    411 30548.028    30810.762    32783.446
191  TNe+I+R3      14861.523    412 30547.047    30811.264    32787.903
204  TNe+R3        14863.014    411 30548.028    30810.762    32783.446
213  TNe+I+R3      14861.523    412 30547.047    30811.264    32787.903
226  TN+R3         14862.992    411 30547.984    30810.718    32783.402
235  TN+I+R3       14861.515    412 30547.029    30811.246    32787.885
248  TN+F+R3       14833.243    414 30494.486    30761.687    32746.221
257  TN+F+I+R3     14831.333    415 30492.666    30761.366    32749.839
270  K3P+R3        14859.194    411 30540.387    30803.121    32775.804
279  K3P+I+R3      14857.590    412 30539.180    30803.397    32780.036
292  K3P+R3        14859.194    411 30540.387    30803.121    32775.804
301  K3P+I+R3      14857.590    412 30539.180    30803.397    32780.036
314  K3Pu+R3       14859.153    411 30540.306    30803.040    32775.723
323  K3Pu+I+R3     14857.589    412 30539.178    30803.395    32780.034
336  K3Pu+F+R3     14833.527    414 30495.053    30762.254    32746.787
345  K3Pu+F+I+R3   14831.416    415 30492.832    30761.533    32750.005
358  TPM2+R3       14863.089    411 30548.177    30810.911    32783.595
367  TPM2+I+R3     14861.512    412 30547.024    30811.241    32787.880
380  TPM2+R3       14863.089    411 30548.177    30810.911    32783.595
389  TPM2+I+R3     14861.512    412 30547.024    30811.241    32787.880
402  TPM2u+R3      14863.058    411 30548.116    30810.849    32783.533
411  TPM2u+I+R3    14861.506    412 30547.012    30811.230    32787.869
424  TPM2u+F+R3    14827.042    414 30482.084    30749.284    32733.818
433  TPM2u+F+I+R3  14824.542    415 30479.083    30747.784    32736.256
446  TPM3+R3       14863.013    411 30548.027    30810.761    32783.444
455  TPM3+I+R3     14861.459    412 30546.919    30811.136    32787.775
468  TPM3+R3       14863.013    411 30548.027    30810.761    32783.444
477  TPM3+I+R3     14861.459    412 30546.919    30811.136    32787.775
490  TPM3u+R3      14862.981    411 30547.963    30810.696    32783.380
499  TPM3u+I+R3    14861.456    412 30546.911    30811.129    32787.767
512  TPM3u+F+R3    14819.910    414 30467.819    30735.020    32719.553
521  TPM3u+F+I+R3  14818.017    415 30466.035    30734.735    32723.208
534  TIMe+R3       14859.020    412 30542.040    30806.258    32782.897
543  TIMe+I+R3     14857.599    413 30541.197    30806.903    32787.492
556  TIMe+R3       14859.020    412 30542.040    30806.258    32782.897
565  TIMe+I+R3     14857.599    413 30541.197    30806.903    32787.492
578  TIM+R3        14859.011    412 30542.023    30806.240    32782.879
587  TIM+I+R3      14857.586    413 30541.173    30806.879    32787.468
600  TIM+F+R3      14832.475    415 30494.950    30763.650    32752.123
609  TIM+F+I+R3    14830.651    416 30493.301    30763.507    32755.913
622  TIM2e+R3      14862.938    412 30549.876    30814.094    32790.733
631  TIM2e+I+R3    14861.511    413 30549.022    30814.728    32795.317
644  TIM2e+R3      14862.938    412 30549.876    30814.094    32790.733
653  TIM2e+I+R3    14861.511    413 30549.022    30814.728    32795.317
666  TIM2+R3       14862.920    412 30549.840    30814.057    32790.696
675  TIM2+I+R3     14861.500    413 30549.001    30814.707    32795.296
688  TIM2+F+R3     14826.064    415 30482.128    30750.828    32739.301
697  TIM2+F+I+R3   14823.811    416 30479.621    30749.827    32742.234
710  TIM3e+R3      14862.826    412 30549.652    30813.870    32790.508
719  TIM3e+I+R3    14861.454    413 30548.908    30814.614    32795.203
732  TIM3e+R3      14862.826    412 30549.652    30813.870    32790.508
741  TIM3e+I+R3    14861.454    413 30548.908    30814.614    32795.203
754  TIM3+R3       14862.806    412 30549.612    30813.829    32790.468
763  TIM3+I+R3     14861.447    413 30548.893    30814.599    32795.188
776  TIM3+F+R3     14818.987    415 30467.974    30736.674    32725.147
785  TIM3+F+I+R3   14817.378    416 30466.757    30736.962    32729.369
798  TVMe+R3       14858.707    413 30543.413    30809.120    32789.709
807  TVMe+I+R3     14857.301    414 30542.601    30809.802    32794.335
820  TVMe+R3       14858.707    413 30543.413    30809.120    32789.709
829  TVMe+I+R3     14857.301    414 30542.601    30809.802    32794.335
842  TVM+R3        14858.693    413 30543.386    30809.092    32789.681
851  TVM+I+R3      14857.293    414 30542.586    30809.787    32794.320
864  TVM+F+R3      14809.435    416 30450.871    30721.076    32713.483
873  TVM+F+I+R3    14807.107    417 30448.214    30719.930    32716.265
886  SYM+R3        14858.680    414 30545.361    30812.561    32797.095
895  SYM+I+R3      14857.283    415 30544.565    30813.266    32801.738
908  SYM+R3        14858.680    414 30545.361    30812.561    32797.095
917  SYM+I+R3      14857.283    415 30544.565    30813.266    32801.738
930  GTR+R3        14858.675    414 30545.349    30812.550    32797.084
939  GTR+I+R3      14857.282    415 30544.563    30813.264    32801.737
952  GTR+F+R3      14808.542    417 30451.083    30722.800    32719.135
961  GTR+F+I+R3    14806.479    418 30448.958    30722.190    32722.448
Akaike Information Criterion:           TVM+F+I+R3
Corrected Akaike Information Criterion: TVM+F+I+R3
Bayesian Information Criterion:         TVM+F+R3
Best-fit model: TVM+F+R3 chosen according to BIC

All model information printed to data_training/dna_M7210_204_1701.phy/output_files/iqtree/inference/pars_17.model.gz
CPU time for ModelFinder: 73.765 seconds (0h:1m:13s)
Wall-clock time for ModelFinder: 66.958 seconds (0h:1m:6s)

NOTE: 14 MB RAM (0 GB) is required!
Estimate model parameters (epsilon = 0.010)
1. Initial log-likelihood: -14809.359
2. Current log-likelihood: -14809.301
3. Current log-likelihood: -14809.269
4. Current log-likelihood: -14809.245
5. Current log-likelihood: -14809.224
6. Current log-likelihood: -14809.206
7. Current log-likelihood: -14809.190
8. Current log-likelihood: -14809.176
9. Current log-likelihood: -14809.163
10. Current log-likelihood: -14809.152
Optimal log-likelihood: -14809.142
Rate parameters:  A-C: 1.13285  A-G: 4.68858  A-T: 0.88897  C-G: 1.91070  C-T: 4.68858  G-T: 1.00000
Base frequencies:  A: 0.310  C: 0.182  G: 0.208  T: 0.301
Site proportion and rates:  (0.447,0.332) (0.473,1.133) (0.081,3.920)
Parameters optimization took 10 rounds (2.617 sec)
Wrote distance file to... 
BEST SCORE FOUND : -14809.142
Total tree length: 4.120

Total number of iterations: 0
CPU time used for tree search: 0.000 sec (0h:0m:0s)
Wall-clock time used for tree search: 0.000 sec (0h:0m:0s)
Total CPU time used: 76.673 sec (0h:1m:16s)
Total wall-clock time used: 69.599 sec (0h:1m:9s)

Analysis results written to: 
  IQ-TREE report:                data_training/dna_M7210_204_1701.phy/output_files/iqtree/inference/pars_17.iqtree
  Maximum-likelihood tree:       data_training/dna_M7210_204_1701.phy/output_files/iqtree/inference/pars_17.treefile
  Screen log file:               data_training/dna_M7210_204_1701.phy/output_files/iqtree/inference/pars_17.log

Date and Time: Mon Sep 22 10:57:41 2025
