IQ-TREE version 3.0.1 for Linux x86 64-bit built Sep 18 2025
Developed by Bui Quang Minh, Thomas Wong, Nhan Ly-Trong, Huaiyan Ren
Contributed by Lam-Tung Nguyen, Dominik Schrempf, Chris Bielow,
Olga Chernomor, Michael Woodhams, Diep Thi Hoang, Heiko Schmidt

Host:    DESKTOP-UQIA48J (AVX2, FMA3, 7 GB RAM)
Command: /home/ngocminh/miniconda3/envs/pypythia/bin/iqtree3 -s Data/dna_M7210_204_1701.phy -pre data_training/dna_M7210_204_1701.phy/output_files/iqtree/inference/pars_7 -seed 7 -ninit 1 -T 1 -redo -n 0
Seed:    7 (Using SPRNG - Scalable Parallel Random Number Generator)
Time:    Mon Sep 22 10:52:06 2025
Kernel:  AVX+FMA - 1 threads (8 CPU cores detected)

HINT: Use -nt option to specify number of threads because your CPU has 8 cores!
HINT: -nt AUTO will automatically determine the best number of threads to use.

Reading alignment file Data/dna_M7210_204_1701.phy ... Phylip format detected
Alignment most likely contains DNA/RNA sequences
Constructing alignment: done in 0.00497624 secs using 29.94% CPU
Alignment has 204 sequences with 1701 columns, 734 distinct patterns
447 parsimony-informative, 158 singleton sites, 1096 constant sites
                                        Gap/Ambiguity  Composition  p-value
Analyzing sequences: done in 0.000370714 secs using 86.59% CPU
   1  Acanthophoenix_rubra                     64.43%    passed     91.47%
   2  Acrocomia_aculeata                       63.02%    passed     70.79%
   3  Actinokentia_divaricata                  62.73%    passed     90.83%
   4  Actinokentia_huerlimannii                62.43%    passed     94.42%
   5  Actinorhytis_calapparia                  63.08%    passed     98.23%
   6  Adonidia_merrillii                       65.20%    passed     86.53%
   7  Aiphanes_horrida                         63.84%    passed     74.38%
   8  Allagoptera_arenaria                     62.67%    passed     96.99%
   9  Ammandra_decasperma                      59.20%    passed     41.95%
  10  Aphandra_natalia                         59.14%    passed     43.20%
  11  Archontophoenix_purpurea                 64.37%    passed     80.75%
  12  Areca_catechu                            60.79%    passed     58.90%
  13  Areca_concinna                           61.14%    passed     71.90%
  14  Areca_triandra                           61.49%    passed     78.36%
  15  Asterogyne_martiana                      63.32%    passed     97.29%
  16  Astrocaryum_mexicanum                    62.90%    passed     87.48%
  17  Attalea_allenii                          62.61%    passed     99.88%
  18  Bactris_maraja                           62.90%    passed     95.34%
  19  Balaka_burretiana                        65.67%    passed     87.55%
  20  Balaka_longirostris                      65.20%    passed     74.50%
  21  Barcella_odora                           62.43%    passed     70.37%
  22  Basselinia_glabrata                      66.14%    passed     89.88%
  23  Basselinia_gracilis                      66.14%    passed     94.47%
  24  Basselinia_humboldtiana                  66.14%    passed     93.48%
  25  Basselinia_tomentosa                     66.78%    passed     91.64%
  26  Basselinia_velutina                      66.14%    passed     93.55%
  27  Beccariophoenix_madagascariensis         62.90%    passed     85.17%
  28  Bentinckia_condapanna                    62.49%    passed     93.81%
  29  Brassiophoenix_drymophloeoides           65.20%    passed     80.17%
  30  Burretiokentia_grandiflora               66.08%    passed     96.62%
  31  Burretiokentia_vieillardii               66.14%    passed     87.60%
  32  Butia_capitata                           62.55%    passed     73.73%
  33  Calyptrocalyx_albertisianus              63.32%    passed     95.02%
  34  Calyptrocalyx_awa                        62.79%    passed     97.52%
  35  Calyptrocalyx_elegans                    62.38%    passed     97.85%
  36  Calyptrocalyx_forbesii                   64.20%    passed     96.44%
  37  Calyptrocalyx_hollrungii                 62.85%    passed     91.47%
  38  Calyptrocalyx_lauterbachianus            63.26%    passed     97.71%
  39  Calyptrocalyx_multifidus                 63.14%    passed     95.57%
  40  Calyptrocalyx_polyphyllus                62.73%    passed     94.59%
  41  Calyptrocalyx_sessiliflorus              64.49%    passed     92.19%
  42  Calyptrocalyx_yamutumene                 62.49%    passed     97.99%
  43  Calyptrogyne_costatifrons                64.26%    passed     98.42%
  44  Calyptrogyne_ghiesbreghtiana             62.96%    passed     97.10%
  45  Calyptronoma_occidentalis                62.96%    passed     96.78%
  46  Carpentaria_acuminata                    65.20%    passed     91.23%
  47  Carpoxylon_macrospermum                  65.73%    passed     91.60%
  48  Caryota_mitis                            61.90%    passed     81.97%
  49  Ceroxylon_quindiuense                    64.73%    passed     97.19%
  50  Chamaedorea_microspadix                  62.96%    passed     91.58%
  51  Chamaerops_humilis                       62.26%    passed     95.76%
  52  Chambeyronia_macrocarpa                  62.43%    passed     89.95%
  53  Clinosperma_bracteale                    62.90%    passed     98.65%
  54  Clinosperma_lanuginosa_clone_1           62.43%    passed     87.41%
  55  Clinosperma_lanuginosa_clone_2           62.43%    passed     79.57%
  56  Clinosperma_lanuginosa_clone_3           62.49%    passed     91.84%
  57  Clinosperma_lanuginosa_clone_4           62.43%    passed     92.33%
  58  Clinosperma_lanuginosa_clone_5           62.43%    passed     92.33%
  59  Clinosperma_macrocarpa                   63.37%    passed     97.19%
  60  Clinosperma_vaginata                     63.20%    passed     77.63%
  61  Clinostigma_exorrhizum                   64.55%    passed     95.30%
  62  Clinostigma_savoryanum                   62.73%    passed     99.87%
  63  Cocos_nucifera                           62.79%    passed     79.93%
  64  Cyphokentia_cerifera                     62.43%    passed     97.79%
  65  Cyphokentia_macrostachya                 62.96%    passed     85.60%
  66  Cyphophoenix_alba_clone_1                66.14%    passed     92.15%
  67  Cyphophoenix_alba_clone_2                69.19%    passed     75.71%
  68  Cyphophoenix_alba_clone_3                65.96%    passed     88.92%
  69  Cyphophoenix_alba_clone_4                66.14%    passed     94.90%
  70  Cyphophoenix_alba_clone_5                65.96%    passed     92.57%
  71  Cyphophoenix_elegans                     68.25%    passed     74.59%
  72  Cyphophoenix_fulcita                     66.14%    passed     91.25%
  73  Cyphophoenix_nucele                      66.08%    passed     87.01%
  74  Cyphosperma_balansae                     66.20%    passed     83.28%
  75  Cyrtostachys_renda                       62.08%    passed     97.74%
  76  Deckenia_nobilis                         63.32%    passed     98.78%
  77  Desmoncus_chinantlensis                  62.96%    passed     90.03%
  78  Dictyosperma_album                       63.61%    passed     67.54%
  79  Dransfieldia_micrantha                   62.32%    passed     99.93%
  80  Drymophloeus_litigiosus                  65.14%    passed     90.59%
  81  Dypsis_ambilaensis                       62.43%    passed     98.13%
  82  Dypsis_fibrosa                           62.43%    passed     96.05%
  83  Dypsis_heterophylla                      62.43%    passed     98.21%
  84  Dypsis_hiarakae                          66.78%    passed     97.98%
  85  Dypsis_lanceolata                        37.10%    passed     18.83%
  86  Dypsis_leptocheilos                      64.32%    passed     87.05%
  87  Dypsis_lutescens                         63.61%    passed     88.71%
  88  Dypsis_mananjarensis                     63.61%    passed     95.10%
  89  Dypsis_pilulifera                        63.67%    passed     98.84%
  90  Dypsis_scottiana                         62.38%    passed     99.59%
  91  Elaeis_guineensis                        63.55%    passed     88.71%
  92  Elaeis_oleifera                          62.85%    passed     77.05%
  93  Eremospatha_wendlandiana                 67.96%    passed     84.39%
  94  Euterpe_precatoria                       62.90%    passed     92.59%
  95  Gaussia_maya                             65.31%    passed     99.63%
  96  Geonoma_congesta                         63.43%    passed     94.51%
  97  Geonoma_deversa                          66.37%    passed     66.12%
  98  Hedyscepe_canterburyana                  67.49%    passed     81.38%
  99  Heterospathe_cagayanensis                73.84%    passed     35.87%
 100  Heterospathe_delicatula                  73.90%    passed      9.34%
 101  Heterospathe_elata                       73.84%    passed     35.87%
 102  Heterospathe_humilis                     73.90%    passed     18.00%
 103  Heterospathe_longipes                    73.78%    passed     39.44%
 104  Heterospathe_macgregorii                 73.84%    passed     17.16%
 105  Heterospathe_philippinensis              73.84%    passed     15.13%
 106  Heterospathe_phillipsii                  73.84%    passed     30.55%
 107  Heterospathe_scitula                     73.90%    passed     21.86%
 108  Heterospathe_versteegiana                73.84%    passed     19.01%
 109  Howea_belmoreana                         62.85%    passed     99.59%
 110  Howea_forsteriana                        62.38%    passed    100.00%
 111  Hydriastele_beguinii                     64.20%    passed     76.56%
 112  Hydriastele_brassii                      64.73%    passed     66.22%
 113  Hydriastele_chaunostachys                64.37%    passed     98.14%
 114  Hydriastele_costata                      64.43%    passed     80.76%
 115  Hydriastele_microspadix                  64.49%    passed     83.47%
 116  Hyophorbe_lagenicaulis                   64.37%    passed     65.09%
 117  Iguanura_wallichiana                     62.38%    passed     90.07%
 118  Iriartea_deltoidea                       65.08%    passed     79.23%
 119  Jubaea_chilensis                         62.73%    passed     75.39%
 120  Jubaeopsis_caffra                        66.14%    passed     79.88%
 121  Kentiopsis_magnifica                     62.67%    passed     86.88%
 122  Kentiopsis_oliviformis                   62.43%    passed     93.12%
 123  Kerriodoxa_elegans                       62.08%    passed     98.69%
 124  Laccospadix_australasicus                62.55%    passed     99.90%
 125  Lemurophoenix_halleuxii                  63.14%    passed     98.55%
 126  Leopoldinia_pulchra                      62.14%    passed     78.15%
 127  Lepidorrhachis_mooreana                  66.14%    passed     87.11%
 128  Linospadix_albertisiana                  62.43%    passed     98.25%
 129  Linospadix_minor                         62.49%    passed     98.10%
 130  Linospadix_palmeriana                    63.43%    passed     97.75%
 131  Lodoicea_maldivica                       62.26%    passed     96.34%
 132  Loxococcus_rupicola                      66.14%    passed     89.21%
 133  Lytocaryum_weddellianum                  62.79%    passed     83.94%
 134  Manicaria_saccifera                      62.38%    passed     99.68%
 135  Marojejya_darianii                       64.32%    passed     93.28%
 136  Marojejya_insignis                       64.32%    passed     94.20%
 137  Masoala_kona_clone_1                     64.55%    passed     95.42%
 138  Masoala_kona_clone_2                     64.14%    passed     96.79%
 139  Masoala_kona_clone_3                     64.14%    passed     97.44%
 140  Masoala_kona_clone_4                     64.55%    passed     95.71%
 141  Masoala_kona_clone_5                     67.72%    passed     87.42%
 142  Masoala_madagascariensis_Lewis___Doyle   62.55%    passed     95.45%
 143  Masoala_madagascariensis_clone_1         64.08%    passed     87.92%
 144  Masoala_madagascariensis_clone_2         64.02%    passed     94.14%
 145  Masoala_madagascariensis_clone_3         64.02%    passed     96.46%
 146  Masoala_madagascariensis_clone_4         66.02%    passed     95.28%
 147  Masoala_madagascariensis_clone_5         63.96%    passed     97.29%
 148  Nenga_gajah                              61.96%    passed     84.51%
 149  Nenga_pumila_var._pachystachya           62.26%    passed     73.16%
 150  Neonicholsonia_watsonii                  64.14%    passed     80.50%
 151  Neoveitchia_storckii                     67.67%    passed     69.85%
 152  Nephrosperma_vanhoutteanum               62.79%    passed     99.35%
 153  Normanbya_normanbyi                      65.20%    passed     90.33%
 154  Nypa_fruticans                           76.90%    passed     93.31%
 155  Oncosperma_horridum                      66.14%    passed     82.28%
 156  Oncosperma_tigillarium                   62.90%    passed     78.00%
 157  Orania_lauterbachiana                    61.85%    passed     65.93%
 158  Orania_ravaka                            65.49%    passed     95.38%
 159  Orania_trispatha                         63.61%    passed     93.76%
 160  Oraniopsis_appendiculata                 64.79%    passed     95.86%
 161  Parajubaea_torallyi                      64.79%    passed     63.47%
 162  Pelagodoxa_henryana                      62.26%    passed     99.53%
 163  Phoenicophorium_borsigianum              61.79%    passed     83.21%
 164  Pholidostachys_pulchra                   63.20%    passed     97.21%
 165  Physokentia_dennisii                     67.37%    passed     89.91%
 166  Physokentia_rosea                        67.20%    passed     90.89%
 167  Phytelephas_aequatorialis                42.56%    failed      0.59%
 168  Phytelephas_macrocarpa                   45.86%    failed      1.94%
 169  Pinanga_coronata                         79.25%    passed     40.40%
 170  Pinanga_simplicifrons                    79.19%    passed     46.39%
 171  Podococcus_barteri                       63.32%    passed     79.43%
 172  Ponapea_ledermanniana                    65.20%    passed     87.61%
 173  Ponapea_palauensis                       67.14%    passed     92.19%
 174  Pseudophoenix_vinifera_clone_1           70.96%    passed     97.38%
 175  Pseudophoenix_vinifera_clone_2           71.02%    passed     96.38%
 176  Pseudophoenix_vinifera_clone_3           71.02%    passed     99.31%
 177  Ptychococcus_paradoxus                   65.20%    passed     90.33%
 178  Ptychosperma_macarthurii                 65.20%    passed     87.78%
 179  Ptychosperma_microcarpum                 65.20%    passed     90.91%
 180  Ptychosperma_salomonense                 65.26%    passed     88.92%
 181  Reinhardtia_gracilis                     62.73%    passed     83.22%
 182  Reinhardtia_simplex                      62.61%    passed     88.59%
 183  Rhopaloblaste_augusta                    62.26%    passed     93.70%
 184  Rhopaloblaste_ceramica                   62.38%    passed     94.73%
 185  Rhopaloblaste_ledermanniana              63.32%    passed     84.16%
 186  Rhopalostylis_baueri                     65.61%    passed     83.72%
 187  Roscheria_melanochaetes                  68.90%    passed     99.37%
 188  Roystonea_oleracea                       64.55%    passed     74.35%
 189  Roystonea_regia                          64.84%    passed     75.81%
 190  Satakentia_liukiuensis                   67.25%    passed     94.42%
 191  Sclerosperma_mannii                      64.32%    passed     79.33%
 192  Socratea_exorrhiza                       63.96%    passed     88.21%
 193  Solfia_samoensis                         65.20%    passed     89.79%
 194  Sommieria_leucophylla                    62.38%    passed     93.69%
 195  Syagrus_smithii                          62.73%    passed     83.92%
 196  Synechanthus_fibrosus                    64.08%    passed     30.24%
 197  Tectiphiala_ferox                        64.43%    passed     96.04%
 198  Veitchia_spiralis                        66.14%    passed     70.76%
 199  Verschaffeltia_splendida                 68.90%    passed     98.90%
 200  Voanioala_gerardii                       63.26%    passed     90.93%
 201  Welfia_regia                             63.08%    passed     98.70%
 202  Wendlandiella_gracilis                   68.67%    passed     73.16%
 203  Wettinia_hirsuta                         63.61%    passed     58.43%
 204  Wodyetia_bifurcata                       65.20%    passed     95.74%
WARNING: 201 sequences contain more than 50% gaps/ambiguity
****  TOTAL                                    64.48%  2 sequences failed composition chi2 test (p-value<5%; df=3)
Checking for duplicate sequences: done in 0.00109842 secs using 98.14% CPU


Create initial parsimony tree by phylogenetic likelihood library (PLL)... 0.031 seconds
Perform fast likelihood tree search using GTR+I+G model...
Estimate model parameters (epsilon = 5.000)
Perform nearest neighbor interchange...
Estimate model parameters (epsilon = 1.000)
1. Initial log-likelihood: -14829.600
2. Current log-likelihood: -14826.593
3. Current log-likelihood: -14824.521
4. Current log-likelihood: -14823.030
5. Current log-likelihood: -14821.919
Optimal log-likelihood: -14821.062
Rate parameters:  A-C: 1.10481  A-G: 4.63678  A-T: 0.83557  C-G: 2.05242  C-T: 4.73945  G-T: 1.00000
Base frequencies:  A: 0.310  C: 0.182  G: 0.208  T: 0.301
Proportion of invariable sites: 0.060
Gamma shape alpha: 1.471
Parameters optimization took 5 rounds (1.174 sec)
Time for fast ML tree search: 5.128 seconds

NOTE: ModelFinder requires 48 MB RAM!
ModelFinder will test up to 968 DNA models (sample size: 1701 epsilon: 0.100) ...
 No. Model         -LnL         df  AIC          AICc         BIC
  1  JC            15669.484    405 32148.968    32402.914    34351.752
  2  JC+I          15586.874    406 31985.749    32241.146    34193.971
  3  JC+G4         15370.757    406 31553.514    31808.911    33761.736
  4  JC+I+G4       15372.198    407 31558.396    31815.250    33772.057
  5  JC+R2         15360.314    407 31534.629    31791.483    33748.290
  6  JC+R3         15316.753    409 31451.506    31711.290    33676.046
  7  JC+R4         15315.414    411 31452.828    31715.562    33688.246
 14  JC+I+R2       15336.821    408 31489.642    31747.958    33708.742
 15  JC+I+R3       15315.095    410 31450.190    31711.445    33680.168
 16  JC+I+R4       15314.724    412 31453.449    31717.666    33694.305
 28  JC+R3         15316.753    409 31451.506    31711.290    33676.046
 37  JC+I+R3       15315.095    410 31450.190    31711.445    33680.168
 50  F81+R3        15316.681    409 31451.362    31711.146    33675.902
 59  F81+I+R3      15315.060    410 31450.121    31711.377    33680.099
 72  F81+F+R3      15320.363    412 31464.726    31728.943    33705.582
 81  F81+F+I+R3    15318.650    413 31463.299    31729.006    33709.595
 94  K2P+R3        14837.996    410 30495.991    30757.247    32725.970
103  K2P+I+R3      14836.393    411 30494.786    30757.520    32730.203
116  K2P+R3        14837.996    410 30495.991    30757.247    32725.970
125  K2P+I+R3      14836.393    411 30494.786    30757.520    32730.203
138  HKY+R3        14837.966    410 30495.932    30757.188    32725.910
147  HKY+I+R3      14836.390    411 30494.780    30757.514    32730.197
160  HKY+F+R3      14804.599    413 30435.199    30700.905    32681.494
169  HKY+F+I+R3    14802.454    414 30432.908    30700.108    32684.642
182  TNe+R3        14837.720    411 30497.440    30760.174    32732.858
191  TNe+I+R3      14836.298    412 30496.595    30760.813    32737.451
204  TNe+R3        14837.720    411 30497.440    30760.174    32732.858
213  TNe+I+R3      14836.298    412 30496.595    30760.813    32737.451
226  TN+R3         14837.708    411 30497.416    30760.150    32732.833
235  TN+I+R3       14836.293    412 30496.585    30760.803    32737.442
248  TN+F+R3       14803.867    414 30435.734    30702.935    32687.468
257  TN+F+I+R3     14801.985    415 30433.969    30702.670    32691.142
270  K3P+R3        14833.413    411 30488.825    30751.559    32724.243
279  K3P+I+R3      14831.877    412 30487.754    30751.971    32728.610
292  K3P+R3        14833.413    411 30488.825    30751.559    32724.243
301  K3P+I+R3      14831.877    412 30487.754    30751.971    32728.610
314  K3Pu+R3       14833.390    411 30488.781    30751.515    32724.198
323  K3Pu+I+R3     14831.874    412 30487.748    30751.966    32728.605
336  K3Pu+F+R3     14803.711    414 30435.422    30702.622    32687.156
345  K3Pu+F+I+R3   14801.538    415 30433.076    30701.776    32690.249
358  TPM2+R3       14837.901    411 30497.802    30760.535    32733.219
367  TPM2+I+R3     14836.362    412 30496.724    30760.941    32737.580
380  TPM2+R3       14837.901    411 30497.802    30760.535    32733.219
389  TPM2+I+R3     14836.362    412 30496.724    30760.941    32737.580
402  TPM2u+R3      14837.880    411 30497.760    30760.494    32733.177
411  TPM2u+I+R3    14836.361    412 30496.722    30760.940    32737.579
424  TPM2u+F+R3    14797.582    414 30423.165    30690.366    32674.899
433  TPM2u+F+I+R3  14794.897    415 30419.795    30688.495    32676.968
446  TPM3+R3       14837.810    411 30497.620    30760.354    32733.037
455  TPM3+I+R3     14836.299    412 30496.598    30760.816    32737.455
468  TPM3+R3       14837.810    411 30497.620    30760.354    32733.037
477  TPM3+I+R3     14836.299    412 30496.598    30760.816    32737.455
490  TPM3u+R3      14837.788    411 30497.575    30760.309    32732.993
499  TPM3u+I+R3    14836.298    412 30496.596    30760.814    32737.453
512  TPM3u+F+R3    14790.133    414 30408.266    30675.467    32660.000
521  TPM3u+F+I+R3  14788.111    415 30406.223    30674.923    32663.396
534  TIMe+R3       14833.236    412 30490.472    30754.690    32731.329
543  TIMe+I+R3     14831.786    413 30489.572    30755.278    32735.867
556  TIMe+R3       14833.236    412 30490.472    30754.690    32731.329
565  TIMe+I+R3     14831.786    413 30489.572    30755.278    32735.867
578  TIM+R3        14833.221    412 30490.441    30754.659    32731.298
587  TIM+I+R3      14831.782    413 30489.563    30755.270    32735.859
600  TIM+F+R3      14802.948    415 30435.897    30704.597    32693.070
609  TIM+F+I+R3    14801.049    416 30434.098    30704.303    32696.710
622  TIM2e+R3      14837.714    412 30499.428    30763.645    32740.284
631  TIM2e+I+R3    14836.269    413 30498.538    30764.244    32744.833
644  TIM2e+R3      14837.714    412 30499.428    30763.645    32740.284
653  TIM2e+I+R3    14836.269    413 30498.538    30764.244    32744.833
666  TIM2+R3       14837.696    412 30499.393    30763.610    32740.249
675  TIM2+I+R3     14836.265    413 30498.530    30764.236    32744.825
688  TIM2+F+R3     14796.869    415 30423.738    30692.438    32680.911
697  TIM2+F+I+R3   14794.436    416 30420.872    30691.077    32683.484
710  TIM3e+R3      14837.607    412 30499.214    30763.431    32740.070
719  TIM3e+I+R3    14836.191    413 30498.382    30764.088    32744.677
732  TIM3e+R3      14837.607    412 30499.214    30763.431    32740.070
741  TIM3e+I+R3    14836.191    413 30498.382    30764.088    32744.677
754  TIM3+R3       14837.591    412 30499.183    30763.400    32740.039
763  TIM3+I+R3     14836.187    413 30498.373    30764.079    32744.668
776  TIM3+F+R3     14789.482    415 30408.963    30677.664    32666.137
785  TIM3+F+I+R3   14787.712    416 30407.423    30677.629    32670.036
798  TVMe+R3       14832.881    413 30491.761    30757.468    32738.057
807  TVMe+I+R3     14831.475    414 30490.950    30758.151    32742.684
820  TVMe+R3       14832.881    413 30491.761    30757.468    32738.057
829  TVMe+I+R3     14831.475    414 30490.950    30758.151    32742.684
842  TVM+R3        14832.868    413 30491.736    30757.443    32738.032
851  TVM+I+R3      14831.469    414 30490.939    30758.139    32742.673
864  TVM+F+R3      14778.893    416 30389.786    30659.992    32652.399
873  TVM+F+I+R3    14776.416    417 30386.833    30658.549    32654.884
886  SYM+R3        14832.777    414 30493.555    30760.756    32745.289
895  SYM+I+R3      14831.355    415 30492.710    30761.411    32749.883
908  SYM+R3        14832.777    414 30493.555    30760.756    32745.289
917  SYM+I+R3      14831.355    415 30492.710    30761.411    32749.883
930  GTR+R3        14832.772    414 30493.544    30760.745    32745.278
939  GTR+I+R3      14831.355    415 30492.710    30761.410    32749.883
952  GTR+F+R3      14778.293    417 30390.585    30662.302    32658.637
961  GTR+F+I+R3    14776.044    418 30388.089    30661.321    32661.579
Akaike Information Criterion:           TVM+F+I+R3
Corrected Akaike Information Criterion: TVM+F+I+R3
Bayesian Information Criterion:         TVM+F+R3
Best-fit model: TVM+F+R3 chosen according to BIC

All model information printed to data_training/dna_M7210_204_1701.phy/output_files/iqtree/inference/pars_7.model.gz
CPU time for ModelFinder: 70.889 seconds (0h:1m:10s)
Wall-clock time for ModelFinder: 64.745 seconds (0h:1m:4s)

NOTE: 14 MB RAM (0 GB) is required!
Estimate model parameters (epsilon = 0.010)
1. Initial log-likelihood: -14778.873
2. Current log-likelihood: -14778.836
3. Current log-likelihood: -14778.816
4. Current log-likelihood: -14778.795
5. Current log-likelihood: -14778.780
6. Current log-likelihood: -14778.767
7. Current log-likelihood: -14778.755
8. Current log-likelihood: -14778.745
Optimal log-likelihood: -14778.735
Rate parameters:  A-C: 1.13451  A-G: 4.79201  A-T: 0.90490  C-G: 1.96177  C-T: 4.79201  G-T: 1.00000
Base frequencies:  A: 0.310  C: 0.182  G: 0.208  T: 0.301
Site proportion and rates:  (0.470,0.345) (0.448,1.149) (0.082,3.942)
Parameters optimization took 8 rounds (2.021 sec)
Wrote distance file to... 
BEST SCORE FOUND : -14778.735
Total tree length: 4.135

Total number of iterations: 0
CPU time used for tree search: 0.000 sec (0h:0m:0s)
Wall-clock time used for tree search: 0.000 sec (0h:0m:0s)
Total CPU time used: 73.147 sec (0h:1m:13s)
Total wall-clock time used: 66.786 sec (0h:1m:6s)

Analysis results written to: 
  IQ-TREE report:                data_training/dna_M7210_204_1701.phy/output_files/iqtree/inference/pars_7.iqtree
  Maximum-likelihood tree:       data_training/dna_M7210_204_1701.phy/output_files/iqtree/inference/pars_7.treefile
  Screen log file:               data_training/dna_M7210_204_1701.phy/output_files/iqtree/inference/pars_7.log

Date and Time: Mon Sep 22 10:53:20 2025
