IQ-TREE version 3.0.1 for Linux x86 64-bit built Sep 18 2025
Developed by Bui Quang Minh, Thomas Wong, Nhan Ly-Trong, Huaiyan Ren
Contributed by Lam-Tung Nguyen, Dominik Schrempf, Chris Bielow,
Olga Chernomor, Michael Woodhams, Diep Thi Hoang, Heiko Schmidt

Host:    DESKTOP-UQIA48J (AVX2, FMA3, 7 GB RAM)
Command: /home/ngocminh/miniconda3/envs/pypythia/bin/iqtree3 -s Data/dna_M10243_203_1771.phy -pre data_training/dna_M10243_203_1771.phy/output_files/iqtree/inference/pars_16 -seed 16 -ninit 1 -T 1 -redo -n 0
Seed:    16 (Using SPRNG - Scalable Parallel Random Number Generator)
Time:    Thu Sep 25 01:31:31 2025
Kernel:  AVX+FMA - 1 threads (8 CPU cores detected)

HINT: Use -nt option to specify number of threads because your CPU has 8 cores!
HINT: -nt AUTO will automatically determine the best number of threads to use.

Reading alignment file Data/dna_M10243_203_1771.phy ... Phylip format detected
Alignment most likely contains DNA/RNA sequences
Constructing alignment: done in 0.0124401 secs using 89.28% CPU
Alignment has 203 sequences with 1771 columns, 962 distinct patterns
708 parsimony-informative, 286 singleton sites, 777 constant sites
                                   Gap/Ambiguity  Composition  p-value
Analyzing sequences: done in 0.0011688 secs using 94.54% CPU
   1  Abies_firma                          0.00%    failed      0.19%
   2  Araucaria_heterophylla               5.42%    passed     41.15%
   3  Bowenia_serrulata                    0.00%    failed      2.56%
   4  Ceratozamia_decumbens                0.00%    failed      0.00%
   5  Ceratozamia_fuscoviridis             3.73%    failed      0.00%
   6  Ceratozamia_huastecorum              0.00%    failed      0.00%
   7  Ceratozamia_latifolia                0.00%    failed      0.00%
   8  Ceratozamia_mexicana                 0.00%    failed      0.00%
   9  Ceratozamia_microstrobila            0.00%    failed      0.00%
  10  Ceratozamia_miqueliana               1.36%    failed      0.00%
  11  Ceratozamia_mirandae                 0.06%    failed      0.00%
  12  Ceratozamia_mixeorum                 0.00%    failed      0.00%
  13  Ceratozamia_morettii                 0.00%    failed      0.00%
  14  Ceratozamia_sabatoi                  1.30%    failed      0.00%
  15  Ceratozamia_whitelockiana            0.06%    failed      0.00%
  16  Ceratozamia_zaragozae                0.00%    failed      0.00%
  17  Chigua_bernalii                      0.00%    failed      0.56%
  18  Cryptomeria_japonica                18.01%    failed      0.02%
  19  Cycas_aculeata                       1.47%    failed      2.52%
  20  Cycas_apoa                           0.17%    failed      1.69%
  21  Cycas_armstrongii                    0.17%    failed      1.72%
  22  Cycas_basaltica                      0.17%    failed      1.41%
  23  Cycas_beddomei                       0.17%    failed      1.90%
  24  Cycas_bougainvilleana                0.17%    failed      1.98%
  25  Cycas_brachycantha                   0.17%    failed      3.85%
  26  Cycas_cairnsiana                     0.17%    failed      1.56%
  27  Cycas_calcicola                      0.17%    failed      1.33%
  28  Cycas_chamaoensis                    0.17%    failed      2.38%
  29  Cycas_chamberlainii                  0.17%    failed      1.91%
  30  Cycas_chevalieri                     0.17%    failed      2.99%
  31  Cycas_circinalis                     0.17%    failed      1.51%
  32  Cycas_clivicola                      0.17%    failed      2.78%
  33  Cycas_collina                        0.17%    failed      2.11%
  34  Cycas_condaoensis                    0.17%    failed      2.47%
  35  Cycas_couttsiana                     0.17%    failed      1.11%
  36  Cycas_debaoensis                     1.36%    failed      2.20%
  37  Cycas_diannanensis                   0.17%    failed      2.77%
  38  Cycas_dolichophylla                  0.17%    failed      2.37%
  39  Cycas_edentata                       0.17%    failed      1.35%
  40  Cycas_elongata                       0.17%    failed      2.45%
  41  Cycas_ferruginea                     0.17%    failed      2.42%
  42  Cycas_fugax                          0.17%    passed      5.82%
  43  Cycas_guizhouensis                   0.17%    failed      1.82%
  44  Cycas_hainanensis                    0.17%    failed      2.77%
  45  Cycas_hongheensis                    0.17%    failed      3.13%
  46  Cycas_lindstromii                    0.17%    failed      2.77%
  47  Cycas_litoralis                      0.17%    failed      1.73%
  48  Cycas_maconochiei                    0.17%    failed      2.07%
  49  Cycas_macrocarpa                     0.17%    failed      1.53%
  50  Cycas_media_ensata                   0.34%    failed      1.19%
  51  Cycas_media_media                    0.17%    failed      1.30%
  52  Cycas_micholitzii                    0.17%    failed      2.10%
  53  Cycas_micronesica                    0.17%    failed      1.53%
  54  Cycas_miquelii                       0.17%    failed      2.13%
  55  Cycas_multipinnata                   0.17%    failed      2.43%
  56  Cycas_nongnoochiae                   0.17%    failed      3.20%
  57  Cycas_ophiolitica                    0.17%    failed      1.13%
  58  Cycas_panzhihuaensis                 0.17%    passed      5.00%
  59  Cycas_pectinata_A                    0.17%    failed      2.79%
  60  Cycas_pectinata_B                    0.17%    passed      5.15%
  61  Cycas_petraea                        0.17%    failed      2.95%
  62  Cycas_platyphylla                    0.17%    failed      0.94%
  63  Cycas_revoluta                       0.17%    failed      2.35%
  64  Cycas_riuminiana                     0.17%    failed      2.60%
  65  Cycas_rumphii                        0.17%    failed      1.53%
  66  Cycas_schumanniana                   0.17%    failed      1.55%
  67  Cycas_seemanii                       0.17%    failed      1.59%
  68  Cycas_segmentifida                   0.17%    failed      2.74%
  69  Cycas_semota                         0.17%    failed      1.31%
  70  Cycas_sexseminifera                  0.17%    failed      3.08%
  71  Cycas_siamensis                      0.17%    failed      1.87%
  72  Cycas_simplicipinna                  0.17%    failed      3.16%
  73  Cycas_sphaerica                      0.17%    failed      1.66%
  74  Cycas_szechuanensis                  0.17%    failed      3.54%
  75  Cycas_taitungensis                   0.17%    failed      2.74%
  76  Cycas_tanqingii                      0.17%    failed      2.42%
  77  Cycas_tansachana                     0.17%    failed      2.47%
  78  Cycas_thouarsii                      0.17%    failed      1.28%
  79  Cycas_tropophylla                    0.17%    failed      2.33%
  80  Cycas_xipholepis                     0.17%    failed      1.52%
  81  Cycas_yorkiana                       0.17%    failed      0.96%
  82  Dioon_edule                          0.00%    passed     50.82%
  83  Dioon_merolae                        0.00%    passed     51.21%
  84  Dioon_purpusii                       0.00%    passed     43.75%
  85  Dioon_spinulosum                     0.00%    passed     45.09%
  86  Dioon_tomasellii                     0.00%    passed     49.43%
  87  Encephalartos_aemulans               1.30%    passed     95.83%
  88  Encephalartos_altensteinii           1.30%    passed     95.81%
  89  Encephalartos_aplanatus              0.17%    passed     96.85%
  90  Encephalartos_arenarius              1.30%    passed     95.22%
  91  Encephalartos_barteri                0.00%    passed     99.97%
  92  Encephalartos_bubalinus              1.30%    passed     98.26%
  93  Encephalartos_caffer                 0.00%    passed     98.41%
  94  Encephalartos_cerinus                1.30%    passed     96.15%
  95  Encephalartos_concinnus              1.30%    passed     94.51%
  96  Encephalartos_cupidus                0.00%    passed     98.20%
  97  Encephalartos_cycadifolius           0.00%    passed     98.13%
  98  Encephalartos_dolomiticus            0.00%    passed     95.93%
  99  Encephalartos_dyerianus              0.00%    passed     95.68%
 100  Encephalartos_eugene-maraisii        1.30%    passed     94.51%
 101  Encephalartos_ferox                  1.30%    passed     97.77%
 102  Encephalartos_friderici-guilielmi    0.17%    passed     96.60%
 103  Encephalartos_ghellinckii            1.30%    passed     96.41%
 104  Encephalartos_gratus                 1.30%    passed     95.21%
 105  Encephalartos_hildebrandtii          1.30%    passed     96.88%
 106  Encephalartos_horridus               1.30%    passed     95.24%
 107  Encephalartos_humilis                0.00%    passed     98.54%
 108  Encephalartos_inopinus               0.00%    passed     99.76%
 109  Encephalartos_ituriensis             0.00%    passed     98.62%
 110  Encephalartos_kisambo                0.00%    passed     98.62%
 111  Encephalartos_laevifolius            0.00%    passed     99.13%
 112  Encephalartos_lanatus                0.00%    passed     95.93%
 113  Encephalartos_laurentianus           1.30%    passed     96.20%
 114  Encephalartos_lebomboensis           1.30%    passed     97.44%
 115  Encephalartos_lehmannii              1.30%    passed     94.60%
 116  Encephalartos_longifolius            1.30%    passed     96.38%
 117  Encephalartos_macrostrobilus         0.00%    passed     99.68%
 118  Encephalartos_manikensis             1.30%    passed     92.46%
 119  Encephalartos_middleburgensis        0.00%    passed     97.69%
 120  Encephalartos_msinganus              1.30%    passed     99.51%
 121  Encephalartos_munchii                0.00%    passed     96.40%
 122  Encephalartos_ngoyanus               0.00%    passed     98.22%
 123  Encephalartos_nubimontanus           0.00%    passed     97.07%
 124  Encephalartos_paucidentatus          1.30%    passed     94.60%
 125  Encephalartos_princeps               0.00%    passed     99.69%
 126  Encephalartos_pterogonus             0.00%    passed     98.20%
 127  Encephalartos_schaijesii             0.00%    passed     99.68%
 128  Encephalartos_schmitzii              0.00%    passed     99.29%
 129  Encephalartos_sclavoi                0.00%    passed     96.70%
 130  Encephalartos_senticosus             0.00%    passed     99.14%
 131  Encephalartos_septentrionalis        0.00%    passed     99.09%
 132  Encephalartos_tegulaneus             0.00%    passed     98.20%
 133  Encephalartos_transvenosus           0.00%    passed     99.40%
 134  Encephalartos_trispinosus            1.30%    passed     98.83%
 135  Encephalartos_turneri                1.30%    passed     97.77%
 136  Encephalartos_villosus               1.30%    passed     95.90%
 137  Encephalartos_whitelockii            1.30%    passed     95.00%
 138  Encephalartos_woodii                 0.00%    passed     93.83%
 139  Ginkgo_biloba                        0.56%    failed      0.00%
 140  Lepidozamia_hopei                    1.30%    passed     97.83%
 141  Lepidozamia_peroffskyana             0.00%    passed     98.44%
 142  Macrozamia_crassifolia               0.00%    passed     99.52%
 143  Macrozamia_diplomera                 0.00%    passed     98.66%
 144  Macrozamia_douglasii                 0.00%    passed     99.27%
 145  Macrozamia_dyeri                     0.00%    passed     98.40%
 146  Macrozamia_elegans                   0.00%    passed     98.66%
 147  Macrozamia_flexuosa                  0.00%    passed     99.45%
 148  Macrozamia_fraseri                   0.00%    passed     97.58%
 149  Macrozamia_glaucophylla              0.06%    passed     98.26%
 150  Macrozamia_johnsonii                 0.00%    passed     99.59%
 151  Macrozamia_lomandroides              0.00%    passed     99.83%
 152  Macrozamia_lucida                    0.00%    passed     99.27%
 153  Macrozamia_macdonnellii              0.00%    passed    100.00%
 154  Macrozamia_miquelii                  0.00%    passed     98.75%
 155  Macrozamia_montana                   0.00%    passed     99.74%
 156  Macrozamia_moorei                    0.00%    passed     98.43%
 157  Macrozamia_mountperriensis           0.00%    passed     99.52%
 158  Macrozamia_pauli-guilielmi           0.00%    passed     98.66%
 159  Macrozamia_platyrhachis              0.00%    passed     97.87%
 160  Macrozamia_plurinervia               0.00%    passed     99.35%
 161  Macrozamia_polymorpha                0.00%    passed     96.33%
 162  Macrozamia_reducta                   0.00%    passed     99.79%
 163  Macrozamia_riedlei                   1.30%    passed     95.17%
 164  Macrozamia_serpentina                0.00%    passed     98.59%
 165  Macrozamia_spiralis                  1.30%    passed     94.60%
 166  Macrozamia_stenomera                 0.00%    passed     98.40%
 167  Microcycas_calocoma                  0.00%    failed      1.36%
 168  Pinus_strobus                        0.00%    failed      0.05%
 169  Pseudotsuga_menziesii                0.00%    failed      0.98%
 170  Stangeria_eriopus                    0.00%    failed      0.01%
 171  Zamia_acuminata                      0.00%    failed      0.38%
 172  Zamia_amblyphyllidia                 0.00%    failed      1.05%
 173  Zamia_angustifolia                   0.00%    failed      0.82%
 174  Zamia_chigua                         0.00%    failed      0.75%
 175  Zamia_dressleri                      0.00%    failed      0.30%
 176  Zamia_elegantissima                  0.00%    failed      0.73%
 177  Zamia_fairchildiana                  0.00%    failed      0.66%
 178  Zamia_furfuracea_A                   0.00%    failed      0.50%
 179  Zamia_furfuracea_B                   0.00%    failed      0.90%
 180  Zamia_hymenophyllidia                0.06%    failed      0.25%
 181  Zamia_integrifolia                   1.30%    failed      0.59%
 182  Zamia_ipetiensis                     0.00%    failed      0.61%
 183  Zamia_katzeriana                     0.00%    failed      0.73%
 184  Zamia_kickxii                        0.00%    failed      0.87%
 185  Zamia_lacandona                      0.00%    failed      0.40%
 186  Zamia_lawsoniana                     0.00%    failed      0.67%
 187  Zamia_lecointei                      0.00%    failed      0.66%
 188  Zamia_loddigesii                     0.00%    failed      1.09%
 189  Zamia_manicata                       0.00%    failed      0.41%
 190  Zamia_muricata                       0.00%    failed      0.54%
 191  Zamia_neurophyllidia                 0.00%    failed      0.54%
 192  Zamia_obliqua                        0.00%    failed      1.02%
 193  Zamia_paucijuga                      0.00%    failed      0.61%
 194  Zamia_picta                          0.00%    failed      0.73%
 195  Zamia_poeppigiana                    0.00%    failed      1.02%
 196  Zamia_portoricensis                  0.00%    failed      0.72%
 197  Zamia_pseudomonticola                0.00%    failed      0.95%
 198  Zamia_pumila                         0.00%    failed      1.11%
 199  Zamia_purpurea                       0.00%    failed      0.45%
 200  Zamia_pygmaea                        1.30%    failed      0.69%
 201  Zamia_skinneri                       0.00%    failed      0.87%
 202  Zamia_spartea                        0.00%    failed      1.08%
 203  Zamia_variegata                      0.00%    failed      0.59%
****  TOTAL                                0.40%  115 sequences failed composition chi2 test (p-value<5%; df=3)
Checking for duplicate sequences: done in 0.00178054 secs using 99.35% CPU


Create initial parsimony tree by phylogenetic likelihood library (PLL)... 0.093 seconds
Perform fast likelihood tree search using GTR+I+G model...
Estimate model parameters (epsilon = 5.000)
Perform nearest neighbor interchange...
Estimate model parameters (epsilon = 1.000)
1. Initial log-likelihood: -16371.811
Optimal log-likelihood: -16371.746
Rate parameters:  A-C: 1.29041  A-G: 4.32486  A-T: 0.68261  C-G: 1.73836  C-T: 5.96877  G-T: 1.00000
Base frequencies:  A: 0.223  C: 0.234  G: 0.293  T: 0.250
Proportion of invariable sites: 0.204
Gamma shape alpha: 1.135
Parameters optimization took 1 rounds (0.510 sec)
Time for fast ML tree search: 4.095 seconds

NOTE: ModelFinder requires 63 MB RAM!
ModelFinder will test up to 968 DNA models (sample size: 1771 epsilon: 0.100) ...
 No. Model         -LnL         df  AIC          AICc         BIC
  1  JC            17513.150    403 35832.300    36070.503    38040.458
  2  JC+I          17097.774    404 35003.548    35243.109    37217.186
  3  JC+G4         17011.735    404 34831.470    35071.031    37045.107
  4  JC+I+G4       17012.846    405 34835.691    35076.614    37054.808
  5  JC+R2         17012.694    405 34835.389    35076.312    37054.505
  6  JC+R3         17010.998    407 34835.996    35079.658    37066.071
 14  JC+I+R2       17010.925    406 34833.850    35076.141    37058.446
+I+R3 reinitialized from +I+R2 with factor 0.500
 15  JC+I+R3       17010.697    408 34837.394    35082.433    37072.948
 25  JC+G4         17011.735    404 34831.470    35071.031    37045.107
 26  JC+I+G4       17012.846    405 34835.691    35076.614    37054.808
 27  JC+R2         17012.694    405 34835.389    35076.312    37054.505
 47  F81+G4        17011.736    404 34831.472    35071.033    37045.109
 48  F81+I+G4      17012.814    405 34835.628    35076.551    37054.745
 49  F81+R2        17012.687    405 34835.373    35076.296    37054.490
 69  F81+F+G4      16996.494    407 34806.988    35050.651    37037.063
 70  F81+F+I+G4    16997.608    408 34811.216    35056.256    37046.770
 71  F81+F+R2      16997.593    408 34811.186    35056.225    37046.740
 91  K2P+G4        16438.673    405 33687.347    33928.270    35906.463
 92  K2P+I+G4      16439.747    406 33691.494    33933.785    35916.090
 93  K2P+R2        16441.365    406 33694.730    33937.021    35919.326
113  K2P+G4        16438.673    405 33687.347    33928.270    35906.463
114  K2P+I+G4      16439.747    406 33691.494    33933.785    35916.090
115  K2P+R2        16441.365    406 33694.730    33937.021    35919.326
135  HKY+G4        16438.677    405 33687.353    33928.276    35906.469
136  HKY+I+G4      16439.719    406 33691.437    33933.728    35916.033
137  HKY+R2        16441.366    406 33694.732    33937.022    35919.327
157  HKY+F+G4      16413.597    408 33643.194    33888.234    35878.749
158  HKY+F+I+G4    16414.701    409 33647.403    33893.825    35888.436
159  HKY+F+R2      16417.142    409 33652.283    33898.705    35893.317
179  TNe+G4        16431.257    406 33674.514    33916.805    35899.110
180  TNe+I+G4      16432.043    407 33678.085    33921.748    35908.160
181  TNe+R2        16433.993    407 33681.985    33925.648    35912.060
201  TNe+G4        16431.257    406 33674.514    33916.805    35899.110
202  TNe+I+G4      16432.043    407 33678.085    33921.748    35908.160
203  TNe+R2        16433.993    407 33681.985    33925.648    35912.060
223  TN+G4         16431.261    406 33674.522    33916.812    35899.118
224  TN+I+G4       16432.027    407 33678.055    33921.717    35908.130
225  TN+R2         16433.964    407 33681.927    33925.590    35912.002
245  TN+F+G4       16402.028    409 33622.055    33868.477    35863.089
246  TN+F+I+G4     16402.855    410 33625.711    33873.520    35872.224
247  TN+F+R2       16405.292    410 33630.583    33878.392    35877.096
267  K3P+G4        16438.183    406 33688.365    33930.655    35912.961
268  K3P+I+G4      16439.196    407 33692.392    33936.054    35922.467
269  K3P+R2        16440.759    407 33695.519    33939.181    35925.594
289  K3P+G4        16438.183    406 33688.365    33930.655    35912.961
290  K3P+I+G4      16439.196    407 33692.392    33936.054    35922.467
291  K3P+R2        16440.759    407 33695.519    33939.181    35925.594
311  K3Pu+G4       16438.184    406 33688.367    33930.657    35912.963
312  K3Pu+I+G4     16439.172    407 33692.344    33936.006    35922.419
313  K3Pu+R2       16440.760    407 33695.519    33939.182    35925.594
333  K3Pu+F+G4     16412.904    409 33643.809    33890.231    35884.842
334  K3Pu+F+I+G4   16414.015    410 33648.031    33895.840    35894.544
335  K3Pu+F+R2     16416.146    410 33652.292    33900.101    35898.805
355  TPM2+G4       16416.538    406 33645.076    33887.366    35869.672
356  TPM2+I+G4     16417.343    407 33648.686    33892.349    35878.761
357  TPM2+R2       16419.019    407 33652.037    33895.700    35882.112
377  TPM2+G4       16416.538    406 33645.076    33887.366    35869.672
378  TPM2+I+G4     16417.343    407 33648.686    33892.349    35878.761
379  TPM2+R2       16419.019    407 33652.037    33895.700    35882.112
399  TPM2u+G4      16416.543    406 33645.087    33887.377    35869.682
400  TPM2u+I+G4    16417.324    407 33648.649    33892.311    35878.724
401  TPM2u+R2      16419.019    407 33652.037    33895.700    35882.112
421  TPM2u+F+G4    16406.463    409 33630.926    33877.347    35871.959
422  TPM2u+F+I+G4  16407.469    410 33634.938    33882.747    35881.451
423  TPM2u+F+R2    16409.488    410 33638.977    33886.785    35885.490
443  TPM3+G4       16418.590    406 33649.181    33891.471    35873.777
444  TPM3+I+G4     16419.570    407 33653.141    33896.803    35883.216
445  TPM3+R2       16421.353    407 33656.707    33900.369    35886.782
465  TPM3+G4       16418.590    406 33649.181    33891.471    35873.777
466  TPM3+I+G4     16419.570    407 33653.141    33896.803    35883.216
467  TPM3+R2       16421.353    407 33656.707    33900.369    35886.782
487  TPM3u+G4      16418.605    406 33649.210    33891.500    35873.806
488  TPM3u+I+G4    16419.546    407 33653.093    33896.755    35883.167
489  TPM3u+R2      16421.359    407 33656.719    33900.381    35886.794
509  TPM3u+F+G4    16389.399    409 33596.798    33843.220    35837.831
510  TPM3u+F+I+G4  16390.448    410 33600.896    33848.705    35847.409
511  TPM3u+F+R2    16392.973    410 33605.946    33853.755    35852.459
531  TIMe+G4       16430.763    407 33675.526    33919.188    35905.601
532  TIMe+I+G4     16431.542    408 33679.085    33924.125    35914.639
533  TIMe+R2       16433.193    408 33682.386    33927.425    35917.940
553  TIMe+G4       16430.763    407 33675.526    33919.188    35905.601
554  TIMe+I+G4     16431.542    408 33679.085    33924.125    35914.639
555  TIMe+R2       16433.193    408 33682.386    33927.425    35917.940
575  TIM+G4        16430.764    407 33675.528    33919.191    35905.603
576  TIM+I+G4      16431.526    408 33679.053    33924.093    35914.607
577  TIM+R2        16433.192    408 33682.385    33927.424    35917.939
597  TIM+F+G4      16401.347    410 33622.693    33870.502    35869.206
598  TIM+F+I+G4    16402.161    411 33626.322    33875.523    35878.314
599  TIM+F+R2      16404.417    411 33630.835    33880.036    35882.827
619  TIM2e+G4      16409.354    407 33632.709    33876.371    35862.784
620  TIM2e+I+G4    16409.947    408 33635.894    33880.934    35871.449
621  TIM2e+R2      16411.897    408 33639.794    33884.834    35875.349
641  TIM2e+G4      16409.354    407 33632.709    33876.371    35862.784
642  TIM2e+I+G4    16409.947    408 33635.894    33880.934    35871.449
643  TIM2e+R2      16411.897    408 33639.794    33884.834    35875.349
663  TIM2+G4       16409.357    407 33632.714    33876.377    35862.789
664  TIM2+I+G4     16409.934    408 33635.868    33880.908    35871.423
665  TIM2+R2       16411.859    408 33639.717    33884.757    35875.271
685  TIM2+F+G4     16394.541    410 33609.082    33856.891    35855.595
686  TIM2+F+I+G4   16395.266    411 33612.531    33861.732    35864.523
687  TIM2+F+R2     16397.476    411 33616.952    33866.152    35868.944
707  TIM3e+G4      16411.346    407 33636.693    33880.355    35866.768
708  TIM3e+I+G4    16412.089    408 33640.178    33885.217    35875.732
709  TIM3e+R2      16414.023    408 33644.046    33889.086    35879.600
729  TIM3e+G4      16411.346    407 33636.693    33880.355    35866.768
730  TIM3e+I+G4    16412.089    408 33640.178    33885.217    35875.732
731  TIM3e+R2      16414.023    408 33644.046    33889.086    35879.600
751  TIM3+G4       16411.347    407 33636.695    33880.357    35866.769
752  TIM3+I+G4     16412.074    408 33640.148    33885.187    35875.702
753  TIM3+R2       16414.002    408 33644.003    33889.043    35879.557
773  TIM3+F+G4     16377.830    410 33575.660    33823.469    35822.173
774  TIM3+F+I+G4   16378.618    411 33579.236    33828.437    35831.228
775  TIM3+F+R2     16381.032    411 33584.064    33833.265    35836.057
795  TVMe+G4       16396.258    408 33608.516    33853.556    35844.070
796  TVMe+I+G4     16396.953    409 33611.905    33858.327    35852.939
797  TVMe+R2       16398.901    409 33615.802    33862.224    35856.835
817  TVMe+G4       16396.258    408 33608.516    33853.556    35844.070
818  TVMe+I+G4     16396.953    409 33611.905    33858.327    35852.939
819  TVMe+R2       16398.901    409 33615.802    33862.224    35856.835
839  TVM+G4        16396.259    408 33608.518    33853.557    35844.072
840  TVM+I+G4      16396.938    409 33611.877    33858.299    35852.911
841  TVM+R2        16398.887    409 33615.774    33862.196    35856.808
861  TVM+F+G4      16382.108    411 33586.217    33835.418    35838.209
862  TVM+F+I+G4    16383.038    412 33590.075    33840.673    35847.547
863  TVM+F+R2      16385.332    412 33594.664    33845.261    35852.135
883  SYM+G4        16389.229    409 33596.458    33842.880    35837.491
884  SYM+I+G4      16389.787    410 33599.574    33847.383    35846.087
885  SYM+R2        16391.584    410 33603.168    33850.977    35849.681
905  SYM+G4        16389.229    409 33596.458    33842.880    35837.491
906  SYM+I+G4      16389.787    410 33599.574    33847.383    35846.087
907  SYM+R2        16391.584    410 33603.168    33850.977    35849.681
927  GTR+G4        16389.230    409 33596.460    33842.881    35837.493
928  GTR+I+G4      16389.776    410 33599.553    33847.362    35846.066
929  GTR+R2        16391.575    410 33603.150    33850.959    35849.663
949  GTR+F+G4      16370.170    412 33564.340    33814.938    35821.812
950  GTR+F+I+G4    16370.850    413 33567.700    33819.700    35830.650
951  GTR+F+R2      16373.106    413 33572.212    33824.212    35835.162
Akaike Information Criterion:           GTR+F+G4
Corrected Akaike Information Criterion: GTR+F+G4
Bayesian Information Criterion:         GTR+F+G4
Best-fit model: GTR+F+G4 chosen according to BIC

All model information printed to data_training/dna_M10243_203_1771.phy/output_files/iqtree/inference/pars_16.model.gz
CPU time for ModelFinder: 103.241 seconds (0h:1m:43s)
Wall-clock time for ModelFinder: 100.594 seconds (0h:1m:40s)

NOTE: 25 MB RAM (0 GB) is required!
Estimate model parameters (epsilon = 0.010)
1. Initial log-likelihood: -16370.260
2. Current log-likelihood: -16370.182
Optimal log-likelihood: -16370.177
Rate parameters:  A-C: 1.29701  A-G: 4.36185  A-T: 0.68983  C-G: 1.74119  C-T: 5.98222  G-T: 1.00000
Base frequencies:  A: 0.223  C: 0.234  G: 0.293  T: 0.250
Gamma shape alpha: 0.610
Parameters optimization took 2 rounds (0.958 sec)
Wrote distance file to... 
BEST SCORE FOUND : -16370.177
Total tree length: 1.696

Total number of iterations: 0
CPU time used for tree search: 0.000 sec (0h:0m:0s)
Wall-clock time used for tree search: 0.000 sec (0h:0m:0s)
Total CPU time used: 104.263 sec (0h:1m:44s)
Total wall-clock time used: 101.589 sec (0h:1m:41s)

Analysis results written to: 
  IQ-TREE report:                data_training/dna_M10243_203_1771.phy/output_files/iqtree/inference/pars_16.iqtree
  Maximum-likelihood tree:       data_training/dna_M10243_203_1771.phy/output_files/iqtree/inference/pars_16.treefile
  Screen log file:               data_training/dna_M10243_203_1771.phy/output_files/iqtree/inference/pars_16.log

Date and Time: Thu Sep 25 01:33:16 2025
