IQ-TREE version 3.0.1 for Linux x86 64-bit built Sep 18 2025
Developed by Bui Quang Minh, Thomas Wong, Nhan Ly-Trong, Huaiyan Ren
Contributed by Lam-Tung Nguyen, Dominik Schrempf, Chris Bielow,
Olga Chernomor, Michael Woodhams, Diep Thi Hoang, Heiko Schmidt

Host:    DESKTOP-UQIA48J (AVX2, FMA3, 7 GB RAM)
Command: /home/ngocminh/miniconda3/envs/pypythia/bin/iqtree3 -s Data/dna_M10243_203_1771.phy -pre data_training/dna_M10243_203_1771.phy/output_files/iqtree/inference/pars_2 -seed 2 -ninit 1 -T 1 -redo -n 0
Seed:    2 (Using SPRNG - Scalable Parallel Random Number Generator)
Time:    Thu Sep 25 02:06:49 2025
Kernel:  AVX+FMA - 1 threads (8 CPU cores detected)

HINT: Use -nt option to specify number of threads because your CPU has 8 cores!
HINT: -nt AUTO will automatically determine the best number of threads to use.

Reading alignment file Data/dna_M10243_203_1771.phy ... Phylip format detected
Alignment most likely contains DNA/RNA sequences
Constructing alignment: done in 0.0110905 secs using 87.33% CPU
Alignment has 203 sequences with 1771 columns, 962 distinct patterns
708 parsimony-informative, 286 singleton sites, 777 constant sites
                                   Gap/Ambiguity  Composition  p-value
Analyzing sequences: done in 0.00231482 secs using 93.23% CPU
   1  Abies_firma                          0.00%    failed      0.19%
   2  Araucaria_heterophylla               5.42%    passed     41.15%
   3  Bowenia_serrulata                    0.00%    failed      2.56%
   4  Ceratozamia_decumbens                0.00%    failed      0.00%
   5  Ceratozamia_fuscoviridis             3.73%    failed      0.00%
   6  Ceratozamia_huastecorum              0.00%    failed      0.00%
   7  Ceratozamia_latifolia                0.00%    failed      0.00%
   8  Ceratozamia_mexicana                 0.00%    failed      0.00%
   9  Ceratozamia_microstrobila            0.00%    failed      0.00%
  10  Ceratozamia_miqueliana               1.36%    failed      0.00%
  11  Ceratozamia_mirandae                 0.06%    failed      0.00%
  12  Ceratozamia_mixeorum                 0.00%    failed      0.00%
  13  Ceratozamia_morettii                 0.00%    failed      0.00%
  14  Ceratozamia_sabatoi                  1.30%    failed      0.00%
  15  Ceratozamia_whitelockiana            0.06%    failed      0.00%
  16  Ceratozamia_zaragozae                0.00%    failed      0.00%
  17  Chigua_bernalii                      0.00%    failed      0.56%
  18  Cryptomeria_japonica                18.01%    failed      0.02%
  19  Cycas_aculeata                       1.47%    failed      2.52%
  20  Cycas_apoa                           0.17%    failed      1.69%
  21  Cycas_armstrongii                    0.17%    failed      1.72%
  22  Cycas_basaltica                      0.17%    failed      1.41%
  23  Cycas_beddomei                       0.17%    failed      1.90%
  24  Cycas_bougainvilleana                0.17%    failed      1.98%
  25  Cycas_brachycantha                   0.17%    failed      3.85%
  26  Cycas_cairnsiana                     0.17%    failed      1.56%
  27  Cycas_calcicola                      0.17%    failed      1.33%
  28  Cycas_chamaoensis                    0.17%    failed      2.38%
  29  Cycas_chamberlainii                  0.17%    failed      1.91%
  30  Cycas_chevalieri                     0.17%    failed      2.99%
  31  Cycas_circinalis                     0.17%    failed      1.51%
  32  Cycas_clivicola                      0.17%    failed      2.78%
  33  Cycas_collina                        0.17%    failed      2.11%
  34  Cycas_condaoensis                    0.17%    failed      2.47%
  35  Cycas_couttsiana                     0.17%    failed      1.11%
  36  Cycas_debaoensis                     1.36%    failed      2.20%
  37  Cycas_diannanensis                   0.17%    failed      2.77%
  38  Cycas_dolichophylla                  0.17%    failed      2.37%
  39  Cycas_edentata                       0.17%    failed      1.35%
  40  Cycas_elongata                       0.17%    failed      2.45%
  41  Cycas_ferruginea                     0.17%    failed      2.42%
  42  Cycas_fugax                          0.17%    passed      5.82%
  43  Cycas_guizhouensis                   0.17%    failed      1.82%
  44  Cycas_hainanensis                    0.17%    failed      2.77%
  45  Cycas_hongheensis                    0.17%    failed      3.13%
  46  Cycas_lindstromii                    0.17%    failed      2.77%
  47  Cycas_litoralis                      0.17%    failed      1.73%
  48  Cycas_maconochiei                    0.17%    failed      2.07%
  49  Cycas_macrocarpa                     0.17%    failed      1.53%
  50  Cycas_media_ensata                   0.34%    failed      1.19%
  51  Cycas_media_media                    0.17%    failed      1.30%
  52  Cycas_micholitzii                    0.17%    failed      2.10%
  53  Cycas_micronesica                    0.17%    failed      1.53%
  54  Cycas_miquelii                       0.17%    failed      2.13%
  55  Cycas_multipinnata                   0.17%    failed      2.43%
  56  Cycas_nongnoochiae                   0.17%    failed      3.20%
  57  Cycas_ophiolitica                    0.17%    failed      1.13%
  58  Cycas_panzhihuaensis                 0.17%    passed      5.00%
  59  Cycas_pectinata_A                    0.17%    failed      2.79%
  60  Cycas_pectinata_B                    0.17%    passed      5.15%
  61  Cycas_petraea                        0.17%    failed      2.95%
  62  Cycas_platyphylla                    0.17%    failed      0.94%
  63  Cycas_revoluta                       0.17%    failed      2.35%
  64  Cycas_riuminiana                     0.17%    failed      2.60%
  65  Cycas_rumphii                        0.17%    failed      1.53%
  66  Cycas_schumanniana                   0.17%    failed      1.55%
  67  Cycas_seemanii                       0.17%    failed      1.59%
  68  Cycas_segmentifida                   0.17%    failed      2.74%
  69  Cycas_semota                         0.17%    failed      1.31%
  70  Cycas_sexseminifera                  0.17%    failed      3.08%
  71  Cycas_siamensis                      0.17%    failed      1.87%
  72  Cycas_simplicipinna                  0.17%    failed      3.16%
  73  Cycas_sphaerica                      0.17%    failed      1.66%
  74  Cycas_szechuanensis                  0.17%    failed      3.54%
  75  Cycas_taitungensis                   0.17%    failed      2.74%
  76  Cycas_tanqingii                      0.17%    failed      2.42%
  77  Cycas_tansachana                     0.17%    failed      2.47%
  78  Cycas_thouarsii                      0.17%    failed      1.28%
  79  Cycas_tropophylla                    0.17%    failed      2.33%
  80  Cycas_xipholepis                     0.17%    failed      1.52%
  81  Cycas_yorkiana                       0.17%    failed      0.96%
  82  Dioon_edule                          0.00%    passed     50.82%
  83  Dioon_merolae                        0.00%    passed     51.21%
  84  Dioon_purpusii                       0.00%    passed     43.75%
  85  Dioon_spinulosum                     0.00%    passed     45.09%
  86  Dioon_tomasellii                     0.00%    passed     49.43%
  87  Encephalartos_aemulans               1.30%    passed     95.83%
  88  Encephalartos_altensteinii           1.30%    passed     95.81%
  89  Encephalartos_aplanatus              0.17%    passed     96.85%
  90  Encephalartos_arenarius              1.30%    passed     95.22%
  91  Encephalartos_barteri                0.00%    passed     99.97%
  92  Encephalartos_bubalinus              1.30%    passed     98.26%
  93  Encephalartos_caffer                 0.00%    passed     98.41%
  94  Encephalartos_cerinus                1.30%    passed     96.15%
  95  Encephalartos_concinnus              1.30%    passed     94.51%
  96  Encephalartos_cupidus                0.00%    passed     98.20%
  97  Encephalartos_cycadifolius           0.00%    passed     98.13%
  98  Encephalartos_dolomiticus            0.00%    passed     95.93%
  99  Encephalartos_dyerianus              0.00%    passed     95.68%
 100  Encephalartos_eugene-maraisii        1.30%    passed     94.51%
 101  Encephalartos_ferox                  1.30%    passed     97.77%
 102  Encephalartos_friderici-guilielmi    0.17%    passed     96.60%
 103  Encephalartos_ghellinckii            1.30%    passed     96.41%
 104  Encephalartos_gratus                 1.30%    passed     95.21%
 105  Encephalartos_hildebrandtii          1.30%    passed     96.88%
 106  Encephalartos_horridus               1.30%    passed     95.24%
 107  Encephalartos_humilis                0.00%    passed     98.54%
 108  Encephalartos_inopinus               0.00%    passed     99.76%
 109  Encephalartos_ituriensis             0.00%    passed     98.62%
 110  Encephalartos_kisambo                0.00%    passed     98.62%
 111  Encephalartos_laevifolius            0.00%    passed     99.13%
 112  Encephalartos_lanatus                0.00%    passed     95.93%
 113  Encephalartos_laurentianus           1.30%    passed     96.20%
 114  Encephalartos_lebomboensis           1.30%    passed     97.44%
 115  Encephalartos_lehmannii              1.30%    passed     94.60%
 116  Encephalartos_longifolius            1.30%    passed     96.38%
 117  Encephalartos_macrostrobilus         0.00%    passed     99.68%
 118  Encephalartos_manikensis             1.30%    passed     92.46%
 119  Encephalartos_middleburgensis        0.00%    passed     97.69%
 120  Encephalartos_msinganus              1.30%    passed     99.51%
 121  Encephalartos_munchii                0.00%    passed     96.40%
 122  Encephalartos_ngoyanus               0.00%    passed     98.22%
 123  Encephalartos_nubimontanus           0.00%    passed     97.07%
 124  Encephalartos_paucidentatus          1.30%    passed     94.60%
 125  Encephalartos_princeps               0.00%    passed     99.69%
 126  Encephalartos_pterogonus             0.00%    passed     98.20%
 127  Encephalartos_schaijesii             0.00%    passed     99.68%
 128  Encephalartos_schmitzii              0.00%    passed     99.29%
 129  Encephalartos_sclavoi                0.00%    passed     96.70%
 130  Encephalartos_senticosus             0.00%    passed     99.14%
 131  Encephalartos_septentrionalis        0.00%    passed     99.09%
 132  Encephalartos_tegulaneus             0.00%    passed     98.20%
 133  Encephalartos_transvenosus           0.00%    passed     99.40%
 134  Encephalartos_trispinosus            1.30%    passed     98.83%
 135  Encephalartos_turneri                1.30%    passed     97.77%
 136  Encephalartos_villosus               1.30%    passed     95.90%
 137  Encephalartos_whitelockii            1.30%    passed     95.00%
 138  Encephalartos_woodii                 0.00%    passed     93.83%
 139  Ginkgo_biloba                        0.56%    failed      0.00%
 140  Lepidozamia_hopei                    1.30%    passed     97.83%
 141  Lepidozamia_peroffskyana             0.00%    passed     98.44%
 142  Macrozamia_crassifolia               0.00%    passed     99.52%
 143  Macrozamia_diplomera                 0.00%    passed     98.66%
 144  Macrozamia_douglasii                 0.00%    passed     99.27%
 145  Macrozamia_dyeri                     0.00%    passed     98.40%
 146  Macrozamia_elegans                   0.00%    passed     98.66%
 147  Macrozamia_flexuosa                  0.00%    passed     99.45%
 148  Macrozamia_fraseri                   0.00%    passed     97.58%
 149  Macrozamia_glaucophylla              0.06%    passed     98.26%
 150  Macrozamia_johnsonii                 0.00%    passed     99.59%
 151  Macrozamia_lomandroides              0.00%    passed     99.83%
 152  Macrozamia_lucida                    0.00%    passed     99.27%
 153  Macrozamia_macdonnellii              0.00%    passed    100.00%
 154  Macrozamia_miquelii                  0.00%    passed     98.75%
 155  Macrozamia_montana                   0.00%    passed     99.74%
 156  Macrozamia_moorei                    0.00%    passed     98.43%
 157  Macrozamia_mountperriensis           0.00%    passed     99.52%
 158  Macrozamia_pauli-guilielmi           0.00%    passed     98.66%
 159  Macrozamia_platyrhachis              0.00%    passed     97.87%
 160  Macrozamia_plurinervia               0.00%    passed     99.35%
 161  Macrozamia_polymorpha                0.00%    passed     96.33%
 162  Macrozamia_reducta                   0.00%    passed     99.79%
 163  Macrozamia_riedlei                   1.30%    passed     95.17%
 164  Macrozamia_serpentina                0.00%    passed     98.59%
 165  Macrozamia_spiralis                  1.30%    passed     94.60%
 166  Macrozamia_stenomera                 0.00%    passed     98.40%
 167  Microcycas_calocoma                  0.00%    failed      1.36%
 168  Pinus_strobus                        0.00%    failed      0.05%
 169  Pseudotsuga_menziesii                0.00%    failed      0.98%
 170  Stangeria_eriopus                    0.00%    failed      0.01%
 171  Zamia_acuminata                      0.00%    failed      0.38%
 172  Zamia_amblyphyllidia                 0.00%    failed      1.05%
 173  Zamia_angustifolia                   0.00%    failed      0.82%
 174  Zamia_chigua                         0.00%    failed      0.75%
 175  Zamia_dressleri                      0.00%    failed      0.30%
 176  Zamia_elegantissima                  0.00%    failed      0.73%
 177  Zamia_fairchildiana                  0.00%    failed      0.66%
 178  Zamia_furfuracea_A                   0.00%    failed      0.50%
 179  Zamia_furfuracea_B                   0.00%    failed      0.90%
 180  Zamia_hymenophyllidia                0.06%    failed      0.25%
 181  Zamia_integrifolia                   1.30%    failed      0.59%
 182  Zamia_ipetiensis                     0.00%    failed      0.61%
 183  Zamia_katzeriana                     0.00%    failed      0.73%
 184  Zamia_kickxii                        0.00%    failed      0.87%
 185  Zamia_lacandona                      0.00%    failed      0.40%
 186  Zamia_lawsoniana                     0.00%    failed      0.67%
 187  Zamia_lecointei                      0.00%    failed      0.66%
 188  Zamia_loddigesii                     0.00%    failed      1.09%
 189  Zamia_manicata                       0.00%    failed      0.41%
 190  Zamia_muricata                       0.00%    failed      0.54%
 191  Zamia_neurophyllidia                 0.00%    failed      0.54%
 192  Zamia_obliqua                        0.00%    failed      1.02%
 193  Zamia_paucijuga                      0.00%    failed      0.61%
 194  Zamia_picta                          0.00%    failed      0.73%
 195  Zamia_poeppigiana                    0.00%    failed      1.02%
 196  Zamia_portoricensis                  0.00%    failed      0.72%
 197  Zamia_pseudomonticola                0.00%    failed      0.95%
 198  Zamia_pumila                         0.00%    failed      1.11%
 199  Zamia_purpurea                       0.00%    failed      0.45%
 200  Zamia_pygmaea                        1.30%    failed      0.69%
 201  Zamia_skinneri                       0.00%    failed      0.87%
 202  Zamia_spartea                        0.00%    failed      1.08%
 203  Zamia_variegata                      0.00%    failed      0.59%
****  TOTAL                                0.40%  115 sequences failed composition chi2 test (p-value<5%; df=3)
Checking for duplicate sequences: done in 0.00224786 secs using 102.7% CPU


Create initial parsimony tree by phylogenetic likelihood library (PLL)... 0.065 seconds
Perform fast likelihood tree search using GTR+I+G model...
Estimate model parameters (epsilon = 5.000)
Perform nearest neighbor interchange...
Estimate model parameters (epsilon = 1.000)
1. Initial log-likelihood: -16362.069
Optimal log-likelihood: -16361.997
Rate parameters:  A-C: 1.28736  A-G: 4.29881  A-T: 0.66695  C-G: 1.72647  C-T: 5.89932  G-T: 1.00000
Base frequencies:  A: 0.223  C: 0.234  G: 0.293  T: 0.250
Proportion of invariable sites: 0.204
Gamma shape alpha: 1.130
Parameters optimization took 1 rounds (0.415 sec)
Time for fast ML tree search: 3.644 seconds

NOTE: ModelFinder requires 63 MB RAM!
ModelFinder will test up to 968 DNA models (sample size: 1771 epsilon: 0.100) ...
 No. Model         -LnL         df  AIC          AICc         BIC
  1  JC            17505.138    403 35816.275    36054.478    38024.433
  2  JC+I          17090.770    404 34989.541    35229.102    37203.178
  3  JC+G4         17002.590    404 34813.179    35052.740    37026.816
  4  JC+I+G4       17004.142    405 34818.284    35059.207    37037.400
  5  JC+R2         17003.114    405 34816.228    35057.151    37035.344
  6  JC+R3         17001.760    407 34817.519    35061.182    37047.594
 14  JC+I+R2       17001.584    406 34815.168    35057.458    37039.763
+I+R3 reinitialized from +I+R2 with factor 0.500
 15  JC+I+R3       17001.570    408 34819.139    35064.179    37054.693
 25  JC+G4         17002.590    404 34813.179    35052.740    37026.816
 27  JC+R2         17003.114    405 34816.228    35057.151    37035.344
 47  F81+G4        17002.594    404 34813.189    35052.750    37026.826
 49  F81+R2        17003.129    405 34816.258    35057.181    37035.375
 69  F81+F+G4      16986.677    407 34787.353    35031.016    37017.428
 71  F81+F+R2      16987.357    408 34790.714    35035.753    37026.268
 91  K2P+G4        16430.230    405 33670.459    33911.382    35889.576
 93  K2P+R2        16432.394    406 33676.788    33919.079    35901.384
113  K2P+G4        16430.230    405 33670.459    33911.382    35889.575
115  K2P+R2        16432.394    406 33676.788    33919.079    35901.384
135  HKY+G4        16430.231    405 33670.462    33911.385    35889.578
137  HKY+R2        16432.394    406 33676.788    33919.078    35901.383
157  HKY+F+G4      16404.324    408 33624.648    33869.687    35860.202
159  HKY+F+R2      16407.310    409 33632.620    33879.042    35873.654
179  TNe+G4        16423.113    406 33658.226    33900.516    35882.822
181  TNe+R2        16425.289    407 33664.578    33908.241    35894.653
201  TNe+G4        16423.113    406 33658.226    33900.516    35882.822
203  TNe+R2        16425.289    407 33664.578    33908.241    35894.653
223  TN+G4         16423.116    406 33658.232    33900.522    35882.827
225  TN+R2         16425.248    407 33664.497    33908.159    35894.572
245  TN+F+G4       16393.148    409 33604.297    33850.718    35845.330
247  TN+F+R2       16395.820    410 33611.641    33859.450    35858.154
267  K3P+G4        16429.765    406 33671.529    33913.819    35896.125
269  K3P+R2        16431.808    407 33677.617    33921.279    35907.692
289  K3P+G4        16429.765    406 33671.529    33913.819    35896.125
291  K3P+R2        16431.808    407 33677.617    33921.279    35907.692
311  K3Pu+G4       16429.750    406 33671.500    33913.790    35896.096
313  K3Pu+R2       16431.795    407 33677.591    33921.253    35907.666
333  K3Pu+F+G4     16403.638    409 33625.277    33871.699    35866.310
335  K3Pu+F+R2     16406.330    410 33632.661    33880.470    35879.174
355  TPM2+G4       16407.625    406 33627.249    33869.540    35851.845
357  TPM2+R2       16409.599    407 33633.198    33876.861    35863.273
377  TPM2+G4       16407.625    406 33627.249    33869.540    35851.845
379  TPM2+R2       16409.599    407 33633.198    33876.861    35863.273
399  TPM2u+G4      16407.627    406 33627.255    33869.545    35851.850
401  TPM2u+R2      16409.593    407 33633.186    33876.848    35863.261
421  TPM2u+F+G4    16396.934    409 33611.868    33858.289    35852.901
423  TPM2u+F+R2    16399.422    410 33618.844    33866.653    35865.357
443  TPM3+G4       16409.581    406 33631.161    33873.452    35855.757
445  TPM3+R2       16411.841    407 33637.683    33881.345    35867.757
465  TPM3+G4       16409.581    406 33631.161    33873.452    35855.757
467  TPM3+R2       16411.841    407 33637.683    33881.345    35867.757
487  TPM3u+G4      16409.589    406 33631.179    33873.469    35855.774
489  TPM3u+R2      16411.840    407 33637.680    33881.343    35867.755
509  TPM3u+F+G4    16379.512    409 33577.024    33823.446    35818.058
511  TPM3u+F+R2    16382.571    410 33585.142    33832.951    35831.655
531  TIMe+G4       16422.645    407 33659.290    33902.952    35889.365
533  TIMe+R2       16424.501    408 33665.002    33910.041    35900.556
553  TIMe+G4       16422.645    407 33659.290    33902.952    35889.365
555  TIMe+R2       16424.501    408 33665.002    33910.041    35900.556
575  TIM+G4        16422.633    407 33659.267    33902.929    35889.342
577  TIM+R2        16424.487    408 33664.974    33910.014    35900.528
597  TIM+F+G4      16392.477    410 33604.954    33852.762    35851.466
599  TIM+F+R2      16394.953    411 33611.906    33861.106    35863.898
619  TIM2e+G4      16400.746    407 33615.493    33859.155    35845.567
621  TIM2e+R2      16402.696    408 33621.392    33866.431    35856.946
641  TIM2e+G4      16400.746    407 33615.493    33859.155    35845.567
643  TIM2e+R2      16402.696    408 33621.392    33866.431    35856.946
663  TIM2+G4       16400.747    407 33615.494    33859.157    35845.569
665  TIM2+R2       16402.649    408 33621.298    33866.338    35856.852
685  TIM2+F+G4     16385.414    410 33590.827    33838.636    35837.340
687  TIM2+F+R2     16387.759    411 33597.517    33846.718    35849.509
707  TIM3e+G4      16402.627    407 33619.255    33862.917    35849.330
709  TIM3e+R2      16404.746    408 33625.491    33870.531    35861.045
729  TIM3e+G4      16402.627    407 33619.255    33862.917    35849.330
731  TIM3e+R2      16404.746    408 33625.491    33870.531    35861.045
751  TIM3+G4       16402.625    407 33619.250    33862.913    35849.325
753  TIM3+R2       16404.718    408 33625.435    33870.475    35860.989
773  TIM3+F+G4     16368.328    410 33556.655    33804.464    35803.168
775  TIM3+F+R2     16370.978    411 33563.956    33813.157    35815.948
795  TVMe+G4       16386.752    408 33589.505    33834.545    35825.059
797  TVMe+R2       16388.911    409 33595.823    33842.245    35836.856
817  TVMe+G4       16386.752    408 33589.505    33834.545    35825.059
819  TVMe+R2       16388.911    409 33595.823    33842.245    35836.856
839  TVM+G4        16386.753    408 33589.506    33834.546    35825.060
841  TVM+R2        16388.892    409 33595.784    33842.206    35836.818
861  TVM+F+G4      16371.952    411 33565.904    33815.105    35817.897
863  TVM+F+R2      16374.669    412 33573.338    33823.936    35830.810
883  SYM+G4        16380.023    409 33578.046    33824.467    35819.079
885  SYM+R2        16381.825    410 33583.650    33831.459    35830.163
905  SYM+G4        16380.023    409 33578.046    33824.467    35819.079
907  SYM+R2        16381.825    410 33583.650    33831.459    35830.163
927  GTR+G4        16380.023    409 33578.046    33824.468    35819.080
929  GTR+R2        16381.814    410 33583.627    33831.436    35830.140
949  GTR+F+G4      16360.405    412 33544.810    33795.408    35802.282
951  GTR+F+R2      16362.794    413 33551.588    33803.588    35814.539
Akaike Information Criterion:           GTR+F+G4
Corrected Akaike Information Criterion: GTR+F+G4
Bayesian Information Criterion:         GTR+F+G4
Best-fit model: GTR+F+G4 chosen according to BIC

All model information printed to data_training/dna_M10243_203_1771.phy/output_files/iqtree/inference/pars_2.model.gz
CPU time for ModelFinder: 68.989 seconds (0h:1m:8s)
Wall-clock time for ModelFinder: 66.470 seconds (0h:1m:6s)

NOTE: 25 MB RAM (0 GB) is required!
Estimate model parameters (epsilon = 0.010)
1. Initial log-likelihood: -16360.488
2. Current log-likelihood: -16360.415
Optimal log-likelihood: -16360.412
Rate parameters:  A-C: 1.29702  A-G: 4.37649  A-T: 0.68281  C-G: 1.75261  C-T: 5.95893  G-T: 1.00000
Base frequencies:  A: 0.223  C: 0.234  G: 0.293  T: 0.250
Gamma shape alpha: 0.608
Parameters optimization took 2 rounds (0.662 sec)
Wrote distance file to... 
BEST SCORE FOUND : -16360.412
Total tree length: 1.696

Total number of iterations: 0
CPU time used for tree search: 0.000 sec (0h:0m:0s)
Wall-clock time used for tree search: 0.000 sec (0h:0m:0s)
Total CPU time used: 69.695 sec (0h:1m:9s)
Total wall-clock time used: 67.148 sec (0h:1m:7s)

Analysis results written to: 
  IQ-TREE report:                data_training/dna_M10243_203_1771.phy/output_files/iqtree/inference/pars_2.iqtree
  Maximum-likelihood tree:       data_training/dna_M10243_203_1771.phy/output_files/iqtree/inference/pars_2.treefile
  Screen log file:               data_training/dna_M10243_203_1771.phy/output_files/iqtree/inference/pars_2.log

Date and Time: Thu Sep 25 02:07:59 2025
