IQ-TREE version 3.0.1 for Linux x86 64-bit built Sep 18 2025
Developed by Bui Quang Minh, Thomas Wong, Nhan Ly-Trong, Huaiyan Ren
Contributed by Lam-Tung Nguyen, Dominik Schrempf, Chris Bielow,
Olga Chernomor, Michael Woodhams, Diep Thi Hoang, Heiko Schmidt

Host:    DESKTOP-UQIA48J (AVX2, FMA3, 7 GB RAM)
Command: /home/ngocminh/miniconda3/envs/pypythia/bin/iqtree3 -s Data/dna_M7211_201_1519.phy -pre data_training/dna_M7211_201_1519.phy/output_files/iqtree/inference/pars_2 -seed 2 -ninit 1 -T 1 -redo -n 0
Seed:    2 (Using SPRNG - Scalable Parallel Random Number Generator)
Time:    Mon Sep 22 11:27:13 2025
Kernel:  AVX+FMA - 1 threads (8 CPU cores detected)

HINT: Use -nt option to specify number of threads because your CPU has 8 cores!
HINT: -nt AUTO will automatically determine the best number of threads to use.

Reading alignment file Data/dna_M7211_201_1519.phy ... Phylip format detected
Alignment most likely contains DNA/RNA sequences
Constructing alignment: done in 0.00660618 secs using 104.8% CPU
Alignment has 201 sequences with 1519 columns, 990 distinct patterns
595 parsimony-informative, 226 singleton sites, 698 constant sites
                                    Gap/Ambiguity  Composition  p-value
Analyzing sequences: done in 0.00116343 secs using 110.8% CPU
   1  Acanthophoenix_rubra                 47.93%    passed     96.42%
   2  Acrocomia_aculeata                   51.61%    passed     82.46%
   3  Actinokentia_divaricata              48.52%    passed     99.04%
   4  Actinokentia_huerlimannii            48.12%    passed     99.22%
   5  Actinorhytis_calapparia              49.37%    passed     98.30%
   6  Adonidia_merrillii                   47.93%    passed     98.16%
   7  Aiphanes_horrida                     54.90%    passed     64.73%
   8  Allagoptera_arenaria                 46.08%    passed     82.87%
   9  Ammandra_decasperma                  59.12%    passed     64.50%
  10  Aphandra_natalia                     59.05%    passed     66.97%
  11  Archontophoenix_purpurea             51.09%    passed     97.39%
  12  Areca_catechu                        48.12%    passed     91.47%
  13  Areca_concinna                       48.12%    passed     87.67%
  14  Areca_triandra                       49.57%    passed     79.66%
  15  Asterogyne_martiana                  50.49%    passed     94.20%
  16  Astrocaryum_mexicanum                53.52%    passed     85.82%
  17  Attalea_allenii                      72.75%    passed     81.31%
  18  Balaka_burretiana                    47.60%    passed     77.70%
  19  Balaka_longirostris                  51.35%    passed     93.84%
  20  Barcella_odora                       53.92%    passed     89.07%
  21  Basselinia_glabrata                  52.80%    passed     98.49%
  22  Basselinia_humboldtiana              48.39%    passed     96.94%
  23  Basselinia_velutina                  51.55%    passed     99.47%
  24  Beccariophoenix_madagascariensis     49.05%    passed     17.13%
  25  Bentinckia_condapanna                49.31%    passed     99.54%
  26  Brassiophoenix_drymophloeoides       47.99%    passed     97.78%
  27  Burretiokentia_grandiflora_clone_1   48.45%    passed     98.71%
  28  Burretiokentia_grandiflora_clone_2   51.35%    passed     94.58%
  29  Burretiokentia_grandiflora_clone_3   47.99%    passed     96.50%
  30  Burretiokentia_grandiflora_clone_4   48.06%    passed     92.95%
  31  Burretiokentia_vieillardii           49.70%    passed     94.54%
  32  Butia_capitata                       42.33%    passed     10.80%
  33  Calyptrocalyx_albertisianus          47.93%    passed     95.24%
  34  Calyptrocalyx_awa                    48.12%    passed     94.08%
  35  Calyptrocalyx_elegans                48.98%    passed     95.35%
  36  Calyptrocalyx_forbesii               47.86%    passed     94.81%
  37  Calyptrocalyx_hollrungii             47.86%    passed     92.23%
  38  Calyptrocalyx_lauterbachianus        47.86%    passed     96.93%
  39  Calyptrocalyx_multifidus             47.93%    passed     95.24%
  40  Calyptrocalyx_polyphyllus            61.09%    passed     82.55%
  41  Calyptrocalyx_sessiliflorus          47.86%    passed     94.65%
  42  Calyptrocalyx_yamutumene             47.86%    passed     99.11%
  43  Calyptrogyne_costatifrons            75.18%    passed     59.56%
  44  Calyptrogyne_ghiesbreghtiana         73.73%    passed     49.70%
  45  Calyptronoma_occidentalis            73.73%    passed     50.44%
  46  Carpentaria_acuminata                47.99%    passed     95.11%
  47  Carpoxylon_macrospermum              47.99%    passed     98.87%
  48  Caryota_mitis                        48.58%    passed     92.20%
  49  Ceroxylon_quindiuense_clone_1        50.63%    passed     84.67%
  50  Ceroxylon_quindiuense_clone_2        50.63%    passed     80.01%
  51  Ceroxylon_quindiuense_clone_3        50.56%    passed     88.95%
  52  Ceroxylon_quindiuense_clone_4        50.69%    passed     76.89%
  53  Ceroxylon_quindiuense_clone_5        50.63%    passed     73.21%
  54  Ceroxylon_quindiuense_clone_6        50.63%    passed     76.88%
  55  Chamaedorea_microspadix              53.79%    passed     29.80%
  56  Chamaerops_humilis                   50.30%    passed     59.39%
  57  Chambeyronia_macrocarpa              48.12%    passed     98.93%
  58  Clinosperma_bracteale                47.66%    passed     98.11%
  59  Clinosperma_lanuginosa               47.79%    passed     95.98%
  60  Clinosperma_macrocarpa               48.72%    passed     90.02%
  61  Clinosperma_vaginata                 62.61%    passed     95.35%
  62  Clinostigma_exorrhizum               47.86%    passed     92.91%
  63  Clinostigma_savoryanum               47.86%    passed     92.15%
  64  Cocos_nucifera                       65.17%    passed     94.25%
  65  Cyphokentia_cerifera                 47.86%    passed     97.40%
  66  Cyphokentia_macrostachya             47.73%    passed     98.69%
  67  Cyphophoenix_alba                    49.84%    passed     97.81%
  68  Cyphophoenix_fulcita                 47.99%    passed     93.85%
  69  Cyphophoenix_nucele                  48.32%    passed     99.71%
  70  Cyphosperma_balansae                 48.12%    passed     99.15%
  71  Cyrtostachys_renda                   54.58%    passed     91.60%
  72  Deckenia_nobilis                     53.52%    passed     85.54%
  73  Desmoncus_orthacanthos               53.06%    passed     77.98%
  74  Dictyosperma_album                   54.05%    passed     82.80%
  75  Dransfieldia_micrantha               47.73%    passed     99.50%
  76  Drymophloeus_litigiosus              61.16%    passed     76.93%
  77  Dypsis_ambilaensis_clone_1           47.86%    passed     99.96%
  78  Dypsis_ambilaensis_clone_2           54.77%    passed     98.82%
  79  Dypsis_ambilaensis_clone_3           47.93%    passed     99.00%
  80  Dypsis_ambilaensis_clone_4           47.86%    passed     99.91%
  81  Dypsis_ambilaensis_clone_5           47.93%    passed     99.00%
  82  Dypsis_fibrosa                       47.93%    passed     99.57%
  83  Dypsis_hiarakae_clone_1              54.05%    passed     97.52%
  84  Dypsis_hiarakae_clone_2              47.86%    passed     99.85%
  85  Dypsis_hiarakae_clone_3              47.86%    passed     99.78%
  86  Dypsis_hiarakae_clone_4              47.93%    passed     96.82%
  87  Dypsis_hiarakae_clone_5              47.86%    passed     99.67%
  88  Dypsis_lanceolata                    51.48%    passed     96.82%
  89  Dypsis_leptocheilos                  47.79%    passed     99.42%
  90  Dypsis_lutescens                     47.86%    passed     95.33%
  91  Dypsis_mananjarensis                 47.86%    passed     99.41%
  92  Elaeis_guineensis                    73.73%    passed     59.73%
  93  Elaeis_oleifera                      52.40%    passed     94.00%
  94  Eremospatha_wendlandiana             52.14%    passed     94.22%
  95  Gaussia_maya                         47.07%    passed     12.94%
  96  Geonoma_congesta                     73.60%    passed     32.26%
  97  Geonoma_deversa                      71.56%    passed     15.22%
  98  Hedyscepe_canterburyana              48.45%    passed     97.45%
  99  Heterospathe_cagayanensis            48.06%    passed     97.42%
 100  Heterospathe_delicatula              48.19%    passed     96.59%
 101  Heterospathe_elata                   48.06%    passed     98.03%
 102  Heterospathe_humilis                 48.32%    passed     97.90%
 103  Heterospathe_longipes                52.21%    passed     96.80%
 104  Heterospathe_macgregorii             47.86%    passed     93.79%
 105  Heterospathe_philippinensis          48.26%    passed     97.73%
 106  Heterospathe_phillipsii              48.06%    passed     97.80%
 107  Heterospathe_scitula                 50.76%    passed     97.18%
 108  Heterospathe_sibuyanensis            47.99%    passed     97.23%
 109  Howea_belmoreana                     38.25%    passed     93.40%
 110  Howea_forsteriana                    43.65%    passed     97.64%
 111  Hydriastele_beguinii                 47.99%    passed     96.43%
 112  Hydriastele_brassii                  48.19%    passed     97.62%
 113  Hydriastele_chaunostachys            48.19%    passed     89.99%
 114  Hydriastele_costata                  47.86%    passed     99.26%
 115  Hydriastele_microspadix              47.86%    passed     97.38%
 116  Hyophorbe_lagenicaulis               52.07%    passed     65.86%
 117  Hyospathe_macrorhachis               50.03%    passed     87.03%
 118  Iguanura_wallichiana                 48.52%    passed     99.30%
 119  Iriartea_deltoidea                   49.37%    passed     89.24%
 120  Jubaeopsis_caffra                    45.75%    passed     64.87%
 121  Kentiopsis_magnifica_clone_1         47.99%    passed     99.99%
 122  Kentiopsis_magnifica_clone_2         47.99%    passed     99.98%
 123  Kentiopsis_magnifica_clone_3         47.99%    passed     99.98%
 124  Kentiopsis_oliviformis               47.99%    passed     98.15%
 125  Kerriodoxa_elegans                   48.72%    passed     97.86%
 126  Laccospadix_australasicus            41.34%    passed     90.21%
 127  Lemurophoenix_halleuxii_clone_1      47.79%    passed     99.85%
 128  Lemurophoenix_halleuxii_clone_2      47.79%    passed     98.26%
 129  Lemurophoenix_halleuxii_clone_3      47.79%    passed     99.85%
 130  Lemurophoenix_halleuxii_clone_5      47.79%    passed     99.69%
 131  Leopoldinia_pulchra                  47.07%    passed     61.73%
 132  Lepidorrhachis_mooreana              47.86%    passed     99.68%
 133  Linospadix_albertisiana              40.75%    passed     99.63%
 134  Linospadix_minor                     35.75%    passed     93.28%
 135  Linospadix_palmeriana                39.96%    passed     99.93%
 136  Lodoicea_maldivica                   55.69%    passed     78.64%
 137  Loxococcus_rupicola                  48.78%    passed     96.18%
 138  Manicaria_saccifera                  48.39%    passed     96.85%
 139  Marojejya_darianii_clone_1           47.86%    passed     99.85%
 140  Marojejya_insignis_clone_2           50.63%    passed     99.54%
 141  Marojejya_insignis_clone_3           48.39%    passed     98.24%
 142  Marojejya_insignis_clone_4           47.86%    passed     98.32%
 143  Masoala_kona                         47.93%    passed     97.49%
 144  Masoala_madagascariensis             49.77%    passed     98.88%
 145  Nenga_gajah                          47.93%    passed     94.76%
 146  Nenga_pumila_var._pachystachya       48.06%    passed     97.57%
 147  Neonicholsonia_watsonii              47.93%    passed     94.01%
 148  Neoveitchia_storckii                 48.06%    passed     98.44%
 149  Nephrosperma_vanhoutteanum           58.20%    passed     97.34%
 150  Normanbya_normanbyi                  47.99%    passed     94.55%
 151  Nypa_fruticans                       48.19%    passed     98.57%
 152  Oncosperma_horridum                  47.40%    passed     98.77%
 153  Oncosperma_tigillarium               47.40%    passed     99.96%
 154  Orania_lauterbachiana                48.19%    passed     34.69%
 155  Orania_trispatha                     47.53%    passed     80.00%
 156  Oraniopsis_appendiculata             50.56%    passed     73.57%
 157  Pelagodoxa_henryana                  42.59%    passed     96.96%
 158  Phoenicophorium_borsigianum          52.93%    passed     90.83%
 159  Pholidostachys_pulchra               70.84%    passed      8.58%
 160  Physokentia_dennisii                 48.26%    passed     94.60%
 161  Physokentia_rosea                    49.18%    passed     92.29%
 162  Phytelephas_aequatorialis            59.78%    passed     82.43%
 163  Phytelephas_macrocarpa               59.78%    passed     84.83%
 164  Pinanga_coronata                     47.93%    passed     98.93%
 165  Pinanga_simplicifrons                52.67%    passed     86.32%
 166  Podococcus_barteri                   51.61%    passed     83.00%
 167  Ponapea_ledermanniana                49.97%    passed     98.52%
 168  Ponapea_palauensis                   50.03%    passed     99.70%
 169  Pseudophoenix_vinifera               53.46%    passed     72.76%
 170  Ptychococcus_paradoxus               48.12%    passed     98.25%
 171  Ptychosperma_macarthurii             47.99%    passed     95.83%
 172  Ptychosperma_microcarpum             47.99%    passed     95.50%
 173  Ptychosperma_salomonense             48.06%    passed     98.86%
 174  Reinhardtia_gracilis                 56.48%    passed     98.02%
 175  Reinhardtia_simplex                  56.42%    passed     98.76%
 176  Rhopaloblaste_augusta                48.98%    passed     97.81%
 177  Rhopaloblaste_ceramica               48.39%    passed     97.96%
 178  Rhopaloblaste_ledermanniana          48.39%    passed     98.94%
 179  Rhopaloblaste_singaporensis          48.39%    passed     99.43%
 180  Rhopalostylis_baueri                 47.99%    passed     96.97%
 181  Roscheria_melanochaetes              48.06%    passed     98.56%
 182  Roystonea_oleracea                   54.97%    passed     97.50%
 183  Roystonea_regia_clone_1              55.23%    passed     90.48%
 184  Roystonea_regia_clone_2              55.23%    passed     85.03%
 185  Satakentia_liukiuensis               47.99%    passed     99.06%
 186  Sclerosperma_mannii                  50.23%    passed     97.49%
 187  Socratea_exorrhiza                   47.33%    passed     97.43%
 188  Solfia_samoensis                     47.86%    passed     58.96%
 189  Sommieria_leucophylla                48.45%    passed     97.40%
 190  Syagrus_smithii                      73.40%    passed     69.00%
 191  Synechanthus_fibrosus                48.91%    passed     37.70%
 192  Synechanthus_warscewiczianus         48.26%    passed     14.74%
 193  Tectiphiala_ferox                    46.02%    passed     96.33%
 194  Veitchia_spiralis                    48.98%    passed     96.01%
 195  Verschaffeltia_splendida             48.39%    passed     98.88%
 196  Voanioala_gerardii                   47.99%    passed     28.65%
 197  Welfia_regia                         73.73%    passed     47.70%
 198  Wendlandiella_gracilis               47.27%    passed     58.50%
 199  Wettinia_hirsuta_clone_1             49.57%    passed     96.15%
 200  Wettinia_hirsuta_clone_2             49.84%    passed     97.45%
 201  Wodyetia_bifurcata                   48.45%    passed     98.70%
WARNING: 64 sequences contain more than 50% gaps/ambiguity
****  TOTAL                                50.61%  0 sequences failed composition chi2 test (p-value<5%; df=3)
Checking for duplicate sequences: done in 0.00155637 secs using 110.8% CPU


Create initial parsimony tree by phylogenetic likelihood library (PLL)... 0.044 seconds
Perform fast likelihood tree search using GTR+I+G model...
Estimate model parameters (epsilon = 5.000)
Perform nearest neighbor interchange...
Estimate model parameters (epsilon = 1.000)
1. Initial log-likelihood: -16492.036
2. Current log-likelihood: -16490.026
3. Current log-likelihood: -16488.747
Optimal log-likelihood: -16487.842
Rate parameters:  A-C: 1.08436  A-G: 3.04205  A-T: 0.67226  C-G: 1.82706  C-T: 3.13804  G-T: 1.00000
Base frequencies:  A: 0.284  C: 0.162  G: 0.177  T: 0.377
Proportion of invariable sites: 0.028
Gamma shape alpha: 2.317
Parameters optimization took 3 rounds (1.037 sec)
Time for fast ML tree search: 6.585 seconds

NOTE: ModelFinder requires 64 MB RAM!
ModelFinder will test up to 968 DNA models (sample size: 1519 epsilon: 0.100) ...
 No. Model         -LnL         df  AIC          AICc         BIC
  1  JC            17134.351    399 35066.703    35351.957    37191.700
  2  JC+I          17097.637    400 34995.275    35282.216    37125.598
  3  JC+G4         16972.408    400 34744.816    35031.757    36875.139
  4  JC+I+G4       16973.348    401 34748.696    35037.329    36884.344
  5  JC+R2         16945.630    401 34693.261    34981.894    36828.909
  6  JC+R3         16911.619    403 34629.238    34921.278    36775.539
  7  JC+R4         16911.397    405 34632.793    34928.265    36789.745
 14  JC+I+R2       16933.432    402 34670.863    34961.197    36811.838
 15  JC+I+R3       16911.739    404 34631.477    34925.230    36783.104
 16  JC+I+R4       16911.299    406 34634.598    34931.796    36796.876
 28  JC+R3         16911.619    403 34629.238    34921.278    36775.539
 37  JC+I+R3       16911.739    404 34631.477    34925.230    36783.104
 50  F81+R3        16911.605    403 34629.210    34921.249    36775.510
 59  F81+I+R3      16911.681    404 34631.361    34925.114    36782.988
 72  F81+F+R3      16871.246    406 34554.492    34851.690    36716.770
 81  F81+F+I+R3    16871.155    407 34556.311    34855.241    36723.914
 94  K2P+R3        16591.424    404 33990.849    34284.601    36142.475
103  K2P+I+R3      16591.428    405 33992.856    34288.328    36149.808
116  K2P+R3        16591.424    404 33990.849    34284.601    36142.475
125  K2P+I+R3      16591.428    405 33992.856    34288.328    36149.808
138  HKY+R3        16591.420    404 33990.839    34284.591    36142.465
147  HKY+I+R3      16591.412    405 33992.823    34288.295    36149.775
160  HKY+F+R3      16488.907    407 33791.813    34090.744    35959.417
169  HKY+F+I+R3    16488.293    408 33792.586    34093.256    35965.516
182  TNe+R3        16591.311    405 33992.622    34288.094    36149.574
191  TNe+I+R3      16591.174    406 33994.348    34291.546    36156.626
204  TNe+R3        16591.311    405 33992.622    34288.094    36149.574
213  TNe+I+R3      16591.174    406 33994.348    34291.546    36156.626
226  TN+R3         16591.124    405 33992.248    34287.720    36149.200
235  TN+I+R3       16591.165    406 33994.330    34291.528    36156.608
248  TN+F+R3       16488.557    408 33793.113    34093.784    35966.043
257  TN+F+I+R3     16487.971    409 33793.941    34096.358    35972.196
270  K3P+R3        16590.567    405 33991.133    34286.605    36148.085
279  K3P+I+R3      16590.332    406 33992.663    34289.861    36154.941
292  K3P+R3        16590.567    405 33991.133    34286.605    36148.085
301  K3P+I+R3      16590.332    406 33992.663    34289.861    36154.941
314  K3Pu+R3       16590.341    405 33990.682    34286.154    36147.634
323  K3Pu+I+R3     16590.316    406 33992.632    34289.830    36154.910
336  K3Pu+F+R3     16486.523    408 33789.045    34089.715    35961.975
345  K3Pu+F+I+R3   16485.839    409 33789.678    34092.095    35967.933
358  TPM2+R3       16591.580    405 33993.161    34288.633    36150.113
367  TPM2+I+R3     16591.431    406 33994.862    34292.059    36157.139
380  TPM2+R3       16591.580    405 33993.161    34288.633    36150.113
389  TPM2+I+R3     16591.431    406 33994.862    34292.059    36157.139
402  TPM2u+R3      16591.391    405 33992.782    34288.254    36149.734
411  TPM2u+I+R3    16591.377    406 33994.753    34291.951    36157.031
424  TPM2u+F+R3    16472.411    408 33760.821    34061.492    35933.751
433  TPM2u+F+I+R3  16471.827    409 33761.653    34064.070    35939.908
446  TPM3+R3       16588.080    405 33986.161    34281.632    36143.113
455  TPM3+I+R3     16587.804    406 33987.607    34284.805    36149.885
468  TPM3+R3       16588.080    405 33986.161    34281.632    36143.113
477  TPM3+I+R3     16587.804    406 33987.607    34284.805    36149.885
490  TPM3u+R3      16587.849    405 33985.697    34281.169    36142.649
499  TPM3u+I+R3    16587.796    406 33987.592    34284.790    36149.870
512  TPM3u+F+R3    16468.010    408 33752.020    34052.691    35924.950
521  TPM3u+F+I+R3  16467.304    409 33752.608    34055.025    35930.863
534  TIMe+R3       16590.045    406 33992.090    34289.288    36154.368
543  TIMe+I+R3     16590.084    407 33994.167    34293.098    36161.771
556  TIMe+R3       16590.045    406 33992.090    34289.288    36154.368
565  TIMe+I+R3     16590.084    407 33994.167    34293.098    36161.771
578  TIM+R3        16590.020    406 33992.040    34289.238    36154.318
587  TIM+I+R3      16590.071    407 33994.142    34293.073    36161.746
600  TIM+F+R3      16486.159    409 33790.319    34092.735    35968.574
609  TIM+F+I+R3    16485.546    410 33791.091    34095.261    35974.672
622  TIM2e+R3      16591.223    406 33994.446    34291.644    36156.724
631  TIM2e+I+R3    16591.136    407 33996.273    34295.203    36163.876
644  TIM2e+R3      16591.223    406 33994.446    34291.644    36156.724
653  TIM2e+I+R3    16591.136    407 33996.273    34295.203    36163.876
666  TIM2+R3       16591.098    406 33994.196    34291.394    36156.474
675  TIM2+I+R3     16591.125    407 33996.249    34295.180    36163.853
688  TIM2+F+R3     16472.238    409 33762.477    34064.893    35940.732
697  TIM2+F+I+R3   16471.565    410 33763.129    34067.299    35946.711
710  TIM3e+R3      16587.481    406 33986.962    34284.159    36149.239
719  TIM3e+I+R3    16587.505    407 33989.010    34287.941    36156.614
732  TIM3e+R3      16587.481    406 33986.962    34284.159    36149.239
741  TIM3e+I+R3    16587.505    407 33989.010    34287.941    36156.614
754  TIM3+R3       16587.471    406 33986.941    34284.139    36149.219
763  TIM3+I+R3     16587.496    407 33988.993    34287.923    36156.596
776  TIM3+F+R3     16467.857    409 33753.714    34056.131    35931.969
785  TIM3+F+I+R3   16467.174    410 33754.349    34058.519    35937.930
798  TVMe+R3       16587.121    407 33988.243    34287.173    36155.846
807  TVMe+I+R3     16587.092    408 33990.185    34290.855    36163.114
820  TVMe+R3       16587.121    407 33988.243    34287.173    36155.846
829  TVMe+I+R3     16587.092    408 33990.185    34290.855    36163.114
842  TVM+R3        16587.119    407 33988.239    34287.169    36155.842
851  TVM+I+R3      16587.085    408 33990.171    34290.841    36163.100
864  TVM+F+R3      16450.971    410 33721.942    34026.112    35905.523
873  TVM+F+I+R3    16450.272    411 33722.544    34028.474    35911.451
886  SYM+R3        16586.920    408 33989.839    34290.510    36162.769
895  SYM+I+R3      16586.771    409 33991.542    34293.958    36169.797
908  SYM+R3        16586.920    408 33989.839    34290.510    36162.769
917  SYM+I+R3      16586.771    409 33991.542    34293.958    36169.797
930  GTR+R3        16586.727    408 33989.454    34290.124    36162.383
939  GTR+I+R3      16586.764    409 33991.528    34293.945    36169.784
952  GTR+F+R3      16450.842    411 33723.684    34029.614    35912.591
961  GTR+F+I+R3    16450.171    412 33724.342    34032.038    35918.575
Akaike Information Criterion:           TVM+F+R3
Corrected Akaike Information Criterion: TVM+F+R3
Bayesian Information Criterion:         TVM+F+R3
Best-fit model: TVM+F+R3 chosen according to BIC

All model information printed to data_training/dna_M7211_201_1519.phy/output_files/iqtree/inference/pars_2.model.gz
CPU time for ModelFinder: 126.162 seconds (0h:2m:6s)
Wall-clock time for ModelFinder: 114.118 seconds (0h:1m:54s)

NOTE: 19 MB RAM (0 GB) is required!
Estimate model parameters (epsilon = 0.010)
1. Initial log-likelihood: -16450.978
2. Current log-likelihood: -16450.956
Optimal log-likelihood: -16450.953
Rate parameters:  A-C: 1.06702  A-G: 3.09981  A-T: 0.70027  C-G: 1.71775  C-T: 3.09981  G-T: 1.00000
Base frequencies:  A: 0.284  C: 0.162  G: 0.177  T: 0.377
Site proportion and rates:  (0.553,0.460) (0.385,1.202) (0.062,4.576)
Parameters optimization took 2 rounds (0.695 sec)
Wrote distance file to... 
BEST SCORE FOUND : -16450.953
Total tree length: 4.235

Total number of iterations: 0
CPU time used for tree search: 0.000 sec (0h:0m:0s)
Wall-clock time used for tree search: 0.000 sec (0h:0m:0s)
Total CPU time used: 126.954 sec (0h:2m:6s)
Total wall-clock time used: 114.834 sec (0h:1m:54s)

Analysis results written to: 
  IQ-TREE report:                data_training/dna_M7211_201_1519.phy/output_files/iqtree/inference/pars_2.iqtree
  Maximum-likelihood tree:       data_training/dna_M7211_201_1519.phy/output_files/iqtree/inference/pars_2.treefile
  Screen log file:               data_training/dna_M7211_201_1519.phy/output_files/iqtree/inference/pars_2.log

Date and Time: Mon Sep 22 11:29:22 2025
