IQ-TREE version 3.0.1 for Linux x86 64-bit built Sep 12 2025
Developed by Bui Quang Minh, Thomas Wong, Nhan Ly-Trong, Huaiyan Ren
Contributed by Lam-Tung Nguyen, Dominik Schrempf, Chris Bielow,
Olga Chernomor, Michael Woodhams, Diep Thi Hoang, Heiko Schmidt

Host:    suny-Precision-5530 (AVX2, FMA3, 15 GB RAM)
Command: /usr/local/bin/iqtree3 -s .tests/data/DNA/4.phy -pre results/4.phy/output_files/iqtree/inference/pars_11 -seed 11 -ninit 1 -T 1 -redo -n 0
Seed:    11 (Using SPRNG - Scalable Parallel Random Number Generator)
Time:    Thu Sep 18 18:23:41 2025
Kernel:  AVX+FMA - 1 threads (12 CPU cores detected)

HINT: Use -nt option to specify number of threads because your CPU has 12 cores!
HINT: -nt AUTO will automatically determine the best number of threads to use.

Reading alignment file .tests/data/DNA/4.phy ... Phylip format detected
Alignment most likely contains DNA/RNA sequences
Constructing alignment: done in 0.00669585 secs using 98.97% CPU
WARNING: 1 sites contain only gaps or ambiguous characters.
Alignment has 132 sequences with 1695 columns, 1165 distinct patterns
566 parsimony-informative, 532 singleton sites, 597 constant sites
                                               Gap/Ambiguity  Composition  p-value
Analyzing sequences: done in 0.000603681 secs using 99.39% CPU
   1  Cercospora_achyranthis_CBS_132613                7.67%    passed     99.71%
   2  Cercospora_aff._canescens_CBS_111133            14.87%    passed     95.34%
   3  Cercospora_agavicola_CBS_117292                  7.73%    passed     99.86%
   4  Cercospora_alchemillicola_CPC_5259               7.91%    passed     98.84%
   5  Cercospora_althaeina_CBS_248.67                  8.38%    passed     99.25%
   6  Cercospora_apii_CBS_116455                       7.26%    passed     99.84%
   7  Cercospora_apiicola_CBS_116457                   6.96%    passed     98.79%
   8  Cercospora_armoraciae_CBS_250.67                 8.38%    passed     99.52%
   9  Cercospora_beticola_CBS_116456                   8.08%    passed     99.89%
  10  Cercospora_bizzozeriana_CBS_258.67               7.55%    passed     99.04%
  11  Cercospora_campi-silii_CBS_132625               78.94%    failed      0.24%
  12  Cercospora_capsici_CBS_118712                    7.32%    passed     98.37%
  13  Cercospora_celosiae_CBS_132600                  14.63%    passed     82.55%
  14  Cercospora_cf._brunkii_CBS_132657                7.79%    passed     98.58%
  15  Cercospora_cf._chenopodii_CBS_132594             7.14%    passed     97.07%
  16  Cercospora_cf._citrulina_CBS_119395              7.26%    passed     98.19%
  17  Cercospora_cf._coreopsidis_CBS_132598            7.49%    passed     99.86%
  18  Cercospora_cf._erysimi_CBS_115059               13.22%    passed     97.52%
  19  Cercospora_cf._flagellaris_CBS_132653            8.26%    passed     97.60%
  20  Cercospora_cf._flagellaris_CCTU_1154            10.50%    passed     96.90%
  21  Cercospora_cf._flagellaris_CCTU_1198            14.99%    passed     86.04%
  22  Cercospora_cf._helianthicola_MUC_716             7.55%    passed     95.79%
  23  Cercospora_cf._ipomoeae_CBS_132639               7.26%    passed     98.47%
  24  Cercospora_cf._malloti_MUCC_575                 10.86%    passed     98.93%
  25  Cercospora_cf._modiolae_CPC_5115                 8.50%    passed     94.07%
  26  Cercospora_cf._nicotianae_CBS_131.32             7.96%    passed     98.87%
  27  Cercospora_cf._physalidis_CBS_765.79            13.10%    passed     78.02%
  28  Cercospora_cf._resedae_CBS_118793                7.37%    passed     99.99%
  29  Cercospora_cf._richardiicola_CBS_132627          7.67%    passed     92.42%
  30  Cercospora_cf._sigesbeckiae_CBS_132601           7.85%    passed     97.72%
  31  Cercospora_cf._zinniae_CCTU_1003                10.44%    passed     98.88%
  32  Cercospora_chenopodii_CBS_132620                10.62%    passed     93.47%
  33  Cercospora_chinensis_CBS_132612                  7.73%    passed     96.52%
  34  Cercospora_coffeicola_CML_2984                   7.26%    passed     99.94%
  35  Cercospora_coffeicola_CML_2985                   7.26%    passed     99.59%
  36  Cercospora_coffeicola_CML_2986                   7.26%    passed     99.94%
  37  Cercospora_coffeicola_CML_2988                   7.02%    passed     98.08%
  38  Cercospora_coffeicola_CML_2990                   7.20%    passed     99.91%
  39  Cercospora_coffeicola_CML_3342                   7.26%    passed     99.56%
  40  Cercospora_coffeicola_CML_3376                   7.26%    passed     99.56%
  41  Cercospora_coffeicola_CML_3391                   7.14%    passed     99.24%
  42  Cercospora_coffeicola_CML_3392                   7.26%    passed     99.94%
  43  Cercospora_coffeicola_CML_3393                   7.26%    passed     99.59%
  44  Cercospora_coffeicola_CML_3394                   7.08%    passed     99.06%
  45  Cercospora_coffeicola_CML_3395                   7.26%    passed     99.56%
  46  Cercospora_coffeicola_CML_3396                   7.37%    passed     99.25%
  47  Cercospora_coffeicola_CML_3397                   7.26%    passed     99.94%
  48  Cercospora_coffeicola_CML_3398                   7.37%    passed     99.81%
  49  Cercospora_coffeicola_CML_3399                   7.26%    passed     99.59%
  50  Cercospora_coffeicola_CML_3412                   7.20%    passed     99.91%
  51  Cercospora_coffeicola_CML_3413                   7.26%    passed     99.94%
  52  Cercospora_coffeicola_CML_3414                   7.26%    passed     99.94%
  53  Cercospora_coffeicola_P_MUCC_771                 7.26%    passed     99.78%
  54  Cercospora_coniogrammes_CBS_132634               7.32%    passed     96.40%
  55  Cercospora_convolvulicola_CBS_136126            10.62%    passed     98.41%
  56  Cercospora_conyzae-canadensis_CBS_135978        78.47%    failed      0.03%
  57  Cercospora_corchori_MUCC_585                    11.27%    passed     91.44%
  58  Cercospora_cylindracea_CBS_138580               10.38%    passed     99.41%
  59  Cercospora_delaireae_CBS_132595                  7.14%    passed     97.06%
  60  Cercospora_dispori_CBS_132608                    8.14%    passed     97.68%
  61  Cercospora_euphorbiae-sieboldianae_CBS_113306   78.70%    passed     57.38%
  62  Cercospora_fagopyri_CBS_132623                   7.32%    passed     99.35%
  63  Cercospora_gamsiana_CBS_144962                  15.99%    passed     95.81%
  64  Cercospora_gossypii_CBS_136137                  10.56%    passed     98.79%
  65  Cercospora_iranica_CBS_136124                   10.62%    passed     99.70%
  66  Cercospora_kikuchii_CBS_128.27                   8.32%    passed     98.54%
  67  Cercospora_lactucae-sativae_CBS_132604          77.46%    failed      0.54%
  68  Cercospora_mercurialis_CBS_550.71                6.96%    passed     94.49%
  69  Cercospora_olivascens_CBS_253.67                 7.96%    passed     99.77%
  70  Cercospora_pileicola_CBS_132607                  8.91%    passed     91.16%
  71  Cercospora_plantaginis_CBS_252.67                7.08%    passed     98.56%
  72  Cercospora_polygonacea_CBS_132614                7.20%    passed     99.96%
  73  Cercospora_pseudochenopodii_CBS_136022          10.62%    passed     97.30%
  74  Cercospora_punctiformis_CBS_132626               7.49%    passed     99.69%
  75  Cercospora_ricinella_CBS_132605                 11.74%    passed     93.19%
  76  Cercospora_rodmanii_CBS_113123                   8.20%    passed     98.88%
  77  Cercospora_rumicis_CPC_5439                      8.32%    passed     99.72%
  78  Cercospora_senecionis-walkeri_CBS_132636        76.64%    passed     20.82%
  79  Cercospora_sojina_CBS_132615                     7.20%    passed     99.68%
  80  Cercospora_solani_CCTU_1043                     10.56%    passed     91.92%
  81  Cercospora_sorghicola_CCTU_1173                 10.62%    passed     97.59%
  82  Cercospora_sp._A_CBS_132631                      7.37%    passed     93.62%
  83  Cercospora_sp._B_CBS_132602                      7.26%    passed     97.94%
  84  Cercospora_sp._C_CBS_132629                      9.56%    passed     99.80%
  85  Cercospora_sp._D_CBS_132630                     11.09%    passed     96.38%
  86  Cercospora_sp._E_CBS_132628                     13.81%    passed     99.60%
  87  Cercospora_sp._F_CPC_12062                       7.37%    passed     99.67%
  88  Cercospora_sp._G_CBS_115518                      7.37%    passed     98.60%
  89  Cercospora_sp._H_CBS_115205                      8.61%    passed     93.02%
  90  Cercospora_sp._I_CBS_114815                      7.20%    passed     90.76%
  91  Cercospora_sp._J_MUCC_541                        7.26%    passed     99.76%
  92  Cercospora_sp._K_CBS_132603                      7.26%    passed     99.56%
  93  Cercospora_sp._L_CBS_115477                      8.26%    passed     98.00%
  94  Cercospora_sp._M_CPC_10553                      11.50%    passed     98.92%
  95  Cercospora_sp._N_CBS_132619                      7.20%    passed     99.79%
  96  Cercospora_sp._O_CBS_132635                      7.49%    passed     98.71%
  97  Cercospora_sp._P_CBS_112649                      9.50%    passed     97.20%
  98  Cercospora_sp._P_CBS_112722                      9.50%    passed     97.20%
  99  Cercospora_sp._P_CBS_112728                      9.50%    passed     97.64%
 100  Cercospora_sp._P_CBS_112730                      8.32%    passed     98.96%
 101  Cercospora_sp._P_CBS_112894                      8.44%    passed     99.80%
 102  Cercospora_sp._P_CBS_113996                      7.43%    passed     98.80%
 103  Cercospora_sp._P_CBS_115413                      8.32%    passed     98.96%
 104  Cercospora_sp._P_CBS_115609                      8.32%    passed     99.38%
 105  Cercospora_sp._P_CBS_132660                      7.79%    passed     99.61%
 106  Cercospora_sp._P_CBS_132662                      8.67%    passed     99.44%
 107  Cercospora_sp._P_CBS_132664                      7.79%    passed     99.47%
 108  Cercospora_sp._P_CBS_132665                      7.85%    passed     99.85%
 109  Cercospora_sp._P_CBS_132680                      8.38%    passed     98.95%
 110  Cercospora_sp._P_CPC_10526                       8.20%    passed     96.82%
 111  Cercospora_sp._P_CPC_10527                       8.50%    passed     97.14%
 112  Cercospora_sp._P_CPC_10552                       8.61%    passed     98.69%
 113  Cercospora_sp._P_CPC_11630                       7.79%    passed     99.19%
 114  Cercospora_sp._P_CPC_11631                       7.79%    passed     96.05%
 115  Cercospora_sp._P_CPC_11632                       8.14%    passed     99.08%
 116  Cercospora_sp._P_CPC_11633                       7.79%    passed     97.22%
 117  Cercospora_sp._P_CPC_4001                        8.50%    passed     99.74%
 118  Cercospora_sp._P_CPC_4002                        8.32%    passed     99.44%
 119  Cercospora_sp._P_CPC_5262                        8.32%    passed     99.29%
 120  Cercospora_sp._P_CPC_5327                        7.32%    passed     99.42%
 121  Cercospora_sp._Q_CBS_132679                      7.37%    passed     99.38%
 122  Cercospora_sp._Q_CBS_132682                      7.32%    passed     99.51%
 123  Cercospora_sp._R_CBS_114644                      6.19%    passed     62.90%
 124  Cercospora_sp._S_CBS_132599                      7.49%    passed     99.81%
 125  Cercospora_sp._T_CCTU_1148                      10.62%    passed     98.75%
 126  Cercospora_uwebrauniana_CBS_138581              10.56%    passed     98.05%
 127  Cercospora_vignigena_CBS_132611                  7.85%    passed     92.35%
 128  Cercospora_violae_CBS_251.67                    10.74%    passed     94.72%
 129  Cercospora_zeae-maydis_CBS_117757               79.88%    failed      0.04%
 130  Cercospora_zebrina_CBS_118790                   13.10%    passed     97.10%
 131  Cercospora_zeina_CPC_11995                       7.20%    passed     87.93%
 132  Septoria_provencialis_CPC_12226                  7.43%    passed     78.56%
WARNING: 6 sequences contain more than 50% gaps/ambiguity
****  TOTAL                                           11.74%  4 sequences failed composition chi2 test (p-value<5%; df=3)
NOTE: Cercospora_coffeicola_CML_2986 is identical to Cercospora_coffeicola_CML_2984 but kept for subsequent analysis
NOTE: Cercospora_coffeicola_CML_3393 is identical to Cercospora_coffeicola_CML_2985 but kept for subsequent analysis
NOTE: Cercospora_coffeicola_CML_3376 is identical to Cercospora_coffeicola_CML_3342 but kept for subsequent analysis
NOTE: Cercospora_sp._P_CBS_112722 is identical to Cercospora_sp._P_CBS_112649 but kept for subsequent analysis
Checking for duplicate sequences: done in 0.00112436 secs using 99.79% CPU
Identifying sites to remove: done in 0.00421608 secs using 99.9% CPU
NOTE: 6 identical sequences (see below) will be ignored for subsequent analysis
NOTE: Cercospora_coffeicola_CML_3392 (identical to Cercospora_coffeicola_CML_2984) is ignored but added at the end
NOTE: Cercospora_coffeicola_CML_3397 (identical to Cercospora_coffeicola_CML_2984) is ignored but added at the end
NOTE: Cercospora_coffeicola_CML_3413 (identical to Cercospora_coffeicola_CML_2984) is ignored but added at the end
NOTE: Cercospora_coffeicola_CML_3414 (identical to Cercospora_coffeicola_CML_2984) is ignored but added at the end
NOTE: Cercospora_coffeicola_CML_3399 (identical to Cercospora_coffeicola_CML_2985) is ignored but added at the end
NOTE: Cercospora_coffeicola_CML_3395 (identical to Cercospora_coffeicola_CML_3342) is ignored but added at the end
Alignment was printed to results/4.phy/output_files/iqtree/inference/pars_11.uniqueseq.phy

For your convenience alignment with unique sequences printed to results/4.phy/output_files/iqtree/inference/pars_11.uniqueseq.phy


Create initial parsimony tree by phylogenetic likelihood library (PLL)... 0.033 seconds
Perform fast likelihood tree search using GTR+I+G model...
Estimate model parameters (epsilon = 5.000)
Perform nearest neighbor interchange...
Estimate model parameters (epsilon = 1.000)
1. Initial log-likelihood: -18840.142
Optimal log-likelihood: -18839.634
Rate parameters:  A-C: 1.41190  A-G: 2.64063  A-T: 1.54285  C-G: 0.99188  C-T: 3.60874  G-T: 1.00000
Base frequencies:  A: 0.229  C: 0.315  G: 0.244  T: 0.211
Proportion of invariable sites: 0.106
Gamma shape alpha: 0.376
Parameters optimization took 1 rounds (0.499 sec)
Time for fast ML tree search: 5.250 seconds

NOTE: ModelFinder requires 47 MB RAM!
ModelFinder will test up to 968 DNA models (sample size: 1695 epsilon: 0.100) ...
 No. Model         -LnL         df  AIC          AICc         BIC
  1  JC            21050.175    249 42598.350    42684.509    43951.774
  2  JC+I          20604.386    250 41708.772    41795.683    43067.631
  3  JC+G4         19196.384    250 38892.768    38979.679    40251.627
  4  JC+I+G4       19186.377    251 38874.755    38962.422    40239.050
  5  JC+R2         19166.179    251 38834.357    38922.025    40198.652
  6  JC+R3         19018.209    253 38542.419    38631.610    39917.585
  7  JC+R4         19008.906    255 38527.812    38618.542    39913.849
  8  JC+R5         19008.905    257 38531.810    38624.094    39928.718
 14  JC+I+R2       19151.339    252 38806.677    38895.104    40176.408
 15  JC+I+R3       19026.087    254 38560.175    38650.133    39940.776
+I+R4 reinitialized from +I+R3 with factor 0.500
+I+R4 reinitialized from +I+R3 with factor 0.250
 16  JC+I+R4       19026.149    256 38564.298    38655.803    39955.770
 28  JC+R3         19018.209    253 38542.419    38631.610    39917.585
 29  JC+R4         19008.906    255 38527.812    38618.542    39913.849
 50  F81+R3        19018.201    253 38542.403    38631.594    39917.569
 51  F81+R4        19008.836    255 38527.673    38618.402    39913.709
 72  F81+F+R3      18961.386    256 38434.773    38526.278    39826.245
 73  F81+F+R4      18951.899    258 38419.797    38512.864    39822.140
 94  K2P+R3        18784.147    254 38076.294    38166.252    39456.895
 95  K2P+R4        18774.211    256 38060.421    38151.926    39451.893
116  K2P+R3        18784.147    254 38076.294    38166.252    39456.895
117  K2P+R4        18774.211    256 38060.421    38151.926    39451.893
138  HKY+R3        18784.147    254 38076.293    38166.252    39456.895
139  HKY+R4        18774.210    256 38060.419    38151.924    39451.891
160  HKY+F+R3      18716.699    257 37947.399    38039.683    39344.306
161  HKY+F+R4      18706.620    259 37931.241    38025.095    39339.019
182  TNe+R3        18769.374    255 38048.748    38139.478    39434.785
183  TNe+R4        18759.320    257 38032.640    38124.924    39429.548
204  TNe+R3        18769.374    255 38048.748    38139.478    39434.785
205  TNe+R4        18759.320    257 38032.640    38124.924    39429.548
226  TN+R3         18769.373    255 38048.746    38139.476    39434.783
227  TN+R4         18759.314    257 38032.627    38124.911    39429.535
248  TN+F+R3       18708.757    258 37933.515    38026.582    39335.858
249  TN+F+R4       18698.641    260 37917.281    38011.926    39330.495
270  K3P+R3        18783.960    255 38077.920    38168.650    39463.957
271  K3P+R4        18774.028    257 38062.056    38154.339    39458.963
292  K3P+R3        18783.960    255 38077.920    38168.650    39463.957
293  K3P+R4        18774.028    257 38062.056    38154.339    39458.963
314  K3Pu+R3       18783.959    255 38077.919    38168.649    39463.956
315  K3Pu+R4       18774.025    257 38062.051    38154.335    39458.958
336  K3Pu+F+R3     18716.534    258 37949.067    38042.134    39351.410
337  K3Pu+F+R4     18706.440    260 37932.881    38027.525    39346.095
358  TPM2+R3       18773.932    255 38057.863    38148.593    39443.900
359  TPM2+R4       18764.261    257 38042.523    38134.807    39439.430
380  TPM2+R3       18773.932    255 38057.863    38148.593    39443.900
381  TPM2+R4       18764.261    257 38042.523    38134.807    39439.430
402  TPM2u+R3      18773.931    255 38057.862    38148.592    39443.899
403  TPM2u+R4      18764.255    257 38042.510    38134.794    39439.417
424  TPM2u+F+R3    18702.263    258 37920.527    38013.593    39322.870
425  TPM2u+F+R4    18692.499    260 37904.998    37999.643    39318.212
446  TPM3+R3       18774.609    255 38059.218    38149.947    39445.254
447  TPM3+R4       18764.619    257 38043.237    38135.521    39440.145
468  TPM3+R3       18774.609    255 38059.218    38149.947    39445.254
469  TPM3+R4       18764.619    257 38043.237    38135.521    39440.145
490  TPM3u+R3      18774.608    255 38059.215    38149.945    39445.252
491  TPM3u+R4      18764.603    257 38043.206    38135.490    39440.114
512  TPM3u+F+R3    18716.698    258 37949.395    38042.462    39351.738
513  TPM3u+F+R4    18706.601    260 37933.202    38027.847    39346.416
534  TIMe+R3       18769.174    256 38050.347    38141.852    39441.819
535  TIMe+R4       18759.123    258 38034.247    38127.314    39436.590
556  TIMe+R3       18769.174    256 38050.347    38141.852    39441.819
557  TIMe+R4       18759.123    258 38034.247    38127.314    39436.590
578  TIM+R3        18769.172    256 38050.344    38141.849    39441.817
579  TIM+R4        18759.118    258 38034.236    38127.303    39436.579
600  TIM+F+R3      18708.575    259 37935.149    38029.003    39342.928
601  TIM+F+R4      18698.465    261 37918.930    38014.368    39337.579
622  TIM2e+R3      18758.953    256 38029.907    38121.412    39421.379
623  TIM2e+R4      18749.165    258 38014.331    38107.398    39416.674
644  TIM2e+R3      18758.953    256 38029.907    38121.412    39421.379
645  TIM2e+R4      18749.165    258 38014.331    38107.398    39416.674
666  TIM2+R3       18758.952    256 38029.905    38121.409    39421.377
667  TIM2+R4       18749.162    258 38014.324    38107.391    39416.667
688  TIM2+F+R3     18694.159    259 37906.318    38000.172    39314.097
689  TIM2+F+R4     18684.373    261 37890.746    37986.185    39309.395
710  TIM3e+R3      18758.808    256 38029.615    38121.120    39421.088
711  TIM3e+R4      18748.679    258 38013.357    38106.424    39415.700
732  TIM3e+R3      18758.808    256 38029.615    38121.120    39421.088
733  TIM3e+R4      18748.679    258 38013.357    38106.424    39415.700
754  TIM3+R3       18758.806    256 38029.612    38121.117    39421.084
755  TIM3+R4       18748.664    258 38013.329    38106.395    39415.672
776  TIM3+F+R3     18708.756    259 37935.511    38029.365    39343.290
777  TIM3+F+R4     18698.630    261 37919.260    38014.699    39337.909
798  TVMe+R3       18764.190    257 38042.380    38134.664    39439.288
799  TVMe+R4       18754.471    259 38026.943    38120.796    39434.721
820  TVMe+R3       18764.190    257 38042.380    38134.664    39439.288
821  TVMe+R4       18754.471    259 38026.943    38120.796    39434.721
842  TVM+R3        18764.190    257 38042.379    38134.663    39439.287
843  TVM+R4        18754.452    259 38026.904    38120.757    39434.682
864  TVM+F+R3      18702.012    260 37924.024    38018.669    39337.238
865  TVM+F+R4      18692.249    262 37908.499    38004.736    39332.583
886  SYM+R3        18748.225    258 38012.450    38105.517    39414.793
887  SYM+R4        18738.350    260 37996.700    38091.344    39409.914
908  SYM+R3        18748.225    258 38012.450    38105.517    39414.793
909  SYM+R4        18738.350    260 37996.700    38091.344    39409.914
930  GTR+R3        18748.221    258 38012.441    38105.508    39414.784
931  GTR+R4        18738.331    260 37996.663    38091.307    39409.877
952  GTR+F+R3      18693.922    261 37909.843    38005.282    39328.493
953  GTR+F+R4      18684.152    263 37894.304    37991.344    39323.824
Akaike Information Criterion:           TIM2+F+R4
Corrected Akaike Information Criterion: TIM2+F+R4
Bayesian Information Criterion:         TIM2+F+R4
Best-fit model: TIM2+F+R4 chosen according to BIC

All model information printed to results/4.phy/output_files/iqtree/inference/pars_11.model.gz
CPU time for ModelFinder: 128.229 seconds (0h:2m:8s)
Wall-clock time for ModelFinder: 128.660 seconds (0h:2m:8s)

NOTE: 19 MB RAM (0 GB) is required!
Estimate model parameters (epsilon = 0.010)
1. Initial log-likelihood: -18684.406
2. Current log-likelihood: -18684.390
Optimal log-likelihood: -18684.380
Rate parameters:  A-C: 1.41965  A-G: 2.52963  A-T: 1.41965  C-G: 1.00000  C-T: 3.30217  G-T: 1.00000
Base frequencies:  A: 0.229  C: 0.315  G: 0.244  T: 0.211
Site proportion and rates:  (0.761,0.189) (0.054,1.819) (0.097,2.063) (0.088,6.328)
Parameters optimization took 2 rounds (1.388 sec)
Wrote distance file to... 
BEST SCORE FOUND : -18684.380
Total tree length: 14.989

Total number of iterations: 0
CPU time used for tree search: 0.000 sec (0h:0m:0s)
Wall-clock time used for tree search: 0.000 sec (0h:0m:0s)
Total CPU time used: 129.648 sec (0h:2m:9s)
Total wall-clock time used: 130.083 sec (0h:2m:10s)

Analysis results written to: 
  IQ-TREE report:                results/4.phy/output_files/iqtree/inference/pars_11.iqtree
  Maximum-likelihood tree:       results/4.phy/output_files/iqtree/inference/pars_11.treefile
  Screen log file:               results/4.phy/output_files/iqtree/inference/pars_11.log

Date and Time: Thu Sep 18 18:25:51 2025
