IQ-TREE version 3.0.1 for Linux x86 64-bit built Sep 12 2025
Developed by Bui Quang Minh, Thomas Wong, Nhan Ly-Trong, Huaiyan Ren
Contributed by Lam-Tung Nguyen, Dominik Schrempf, Chris Bielow,
Olga Chernomor, Michael Woodhams, Diep Thi Hoang, Heiko Schmidt

Host:    suny-Precision-5530 (AVX2, FMA3, 15 GB RAM)
Command: /usr/local/bin/iqtree3 -s /home/suny/Downloads/VAN_TRAINING_DATA/data1/dna_M1110_330_1711.phy -pre results/dna_M1110_330_1711.phy/output_files/iqtree/inference/pars_11 -seed 11 -ninit 1 -T 1 -redo -n 0
Seed:    11 (Using SPRNG - Scalable Parallel Random Number Generator)
Time:    Fri Sep 19 13:37:33 2025
Kernel:  AVX+FMA - 1 threads (12 CPU cores detected)

HINT: Use -nt option to specify number of threads because your CPU has 12 cores!
HINT: -nt AUTO will automatically determine the best number of threads to use.

Reading alignment file /home/suny/Downloads/VAN_TRAINING_DATA/data1/dna_M1110_330_1711.phy ... Phylip format detected
Alignment most likely contains DNA/RNA sequences
Constructing alignment: done in 0.00897475 secs using 53.59% CPU
Alignment has 330 sequences with 1711 columns, 1538 distinct patterns
1180 parsimony-informative, 239 singleton sites, 292 constant sites
                             Gap/Ambiguity  Composition  p-value
Analyzing sequences: done in 0.00273708 secs using 99.92% CPU
   1  Abrus_precatorius              8.59%    passed     67.23%
   2  Acacia_greggii                10.17%    passed     73.35%
   3  Acacia_hindsii                 9.82%    passed     86.12%
   4  Acacia_melanoxylon            10.17%    passed     94.45%
   5  Acacia_willardiana            10.17%    passed     88.28%
   6  Acosmium_panamense            10.81%    passed     79.37%
   7  Adenanthera_pavonina          20.34%    passed     88.08%
   8  Adesmia_lanata                 9.47%    passed     98.96%
   9  Adesmia_volckmanii             8.94%    passed     91.56%
  10  Aeschynomene_americana        16.07%    passed     97.90%
  11  Aeschynomene_indica            7.89%    passed     62.24%
  12  Aeschynomene_pfundii           9.99%    passed     97.40%
  13  Aeschynomene_purpusii          9.47%    passed     95.57%
  14  Aeschynomene_rudis             9.35%    passed     82.62%
  15  Albizia_julibrissin           10.17%    passed     76.19%
  16  Alhagi_maurorum                9.47%    passed     99.09%
  17  Amblygonocarpus_andongens     20.34%    passed     88.05%
  18  Amburana_cearensis             8.59%    passed     58.90%
  19  Amherstia_nobilis              9.12%    passed     92.38%
  20  Amicia_glandulosa              9.12%    passed     90.14%
  21  Ammodendron_argenteum         11.10%    passed     99.19%
  22  Amorpha_fruticosa              9.82%    passed     68.94%
  23  Amphicarpaea_bracteata         8.77%    passed     56.84%
  24  Anarthrophyllum_desideratum    8.94%    passed     97.11%
  25  Andira_galeottiana             9.94%    passed     70.86%
  26  Angylocalyx_sp.                8.94%    passed     61.33%
  27  Anthyllis_vulneraria           8.59%    passed     81.21%
  28  Aotus_ericoides                8.42%    passed     92.53%
  29  Apios_americana                9.12%    passed     69.78%
  30  Apoplanesia_paniculata         9.82%    passed     72.95%
  31  Arachis_major                  9.94%    passed     95.87%
  32  Arachis_pintoi                 9.99%    passed     94.65%
  33  Arcoa_gonavensis              10.17%    passed     94.96%
  34  Astragalus_americanus          8.94%    passed     94.62%
  35  Astragalus_canadensis          8.94%    passed     93.07%
  36  Astragalus_lonchocarpus        8.94%    passed     87.22%
  37  Astragalus_nothoxys            8.94%    passed     96.98%
  38  Ateleia_herbertsmithii        10.40%    passed     55.33%
  39  Austrosteenisia_blackii        8.94%    passed     26.79%
  40  Baphia_madagascariensis        9.00%    passed     97.66%
  41  Baphia_massaiensis            10.64%    passed     92.70%
  42  Baptisia_australis             8.59%    passed     91.97%
  43  Bauhinia_tomentosa             8.94%    passed     99.16%
  44  Berlinia_congolensis           9.18%    passed     66.96%
  45  Bobgunnia_madagascariensis     8.94%    passed     88.20%
  46  Bolusanthus_speciosus          8.71%    passed     86.27%
  47  Bossiaea_cordigera             8.77%    passed     98.56%
  48  Bowdichia_virgiloides_1        8.24%    passed     62.39%
  49  Bowdichia_virgiloides_2        8.59%    passed     65.22%
  50  Brachypterum_robusta           8.83%    passed     44.62%
  51  Brachystegia_spiciformis       9.12%    passed     89.84%
  52  Brongniartia_alamosana         8.94%    passed     93.50%
  53  Brownea_sp.                    9.12%    passed     80.14%
  54  Brya_ebenus                    8.94%    passed     98.51%
  55  Caesalpinia_andamanica        10.17%    passed     99.13%
  56  Calia_arizonica                8.94%    passed     89.77%
  57  Calia_secundiflora             9.18%    passed     85.53%
  58  Callerya_atropurpurea          8.94%    passed     96.73%
  59  Callerya_reticulata            8.94%    passed     92.56%
  60  Calliandra_californica         9.47%    passed     58.39%
  61  Calliandra_surinamensis        9.53%    passed     65.75%
  62  Calpocalyx_heitzii            20.05%    passed     90.34%
  63  Calpurnia_aurea               10.34%    passed     95.99%
  64  Campylotropis_macrocarpa       9.12%    passed     29.11%
  65  Caragana_arborescens           9.53%    passed     99.91%
  66  Carmichaelia_williamsii        8.59%    passed     94.15%
  67  Cascaronia_astragalina        14.03%    passed     88.29%
  68  Centrolobium                   9.41%    passed     97.73%
  69  Ceratonia_siliqua             10.17%    passed     99.39%
  70  Cercidium_floridum            10.17%    passed     94.51%
  71  Cercis_canadensis              8.59%    passed     95.17%
  72  Cercis_gigantea                8.59%    passed     97.10%
  73  Cercis_occidentalis            8.59%    passed     97.51%
  74  Chaetocalyx_brasiliensis       9.12%    passed     99.98%
  75  Chaetocalyx_nigricans          9.12%    passed     99.04%
  76  Chaetocalyx_scandens           9.12%    passed     98.71%
  77  Chamaecrista_fasciculata      11.51%    passed     88.68%
  78  Chapmannia_floridana          32.55%    passed     91.96%
  79  Chapmannia_gracilis           10.87%    passed     98.89%
  80  Chapmannia_sericea             9.88%    passed     99.56%
  81  Chloroleucon_manganse         10.17%    passed     93.95%
  82  Cicer_arietinum                8.94%    passed     85.24%
  83  Cicer_canariense               9.00%    passed     94.45%
  84  Cicer_pinnatifidum             8.94%    passed     90.40%
  85  Cladrastis_delavayi            8.94%    passed     91.10%
  86  Cladrastis_lutea               9.00%    passed     83.15%
  87  Cladrastis_platycarpa          8.94%    passed     89.18%
  88  Clianthus_puniceus             8.59%    passed     95.42%
  89  Cologania_hintoniorum         11.05%    passed     74.19%
  90  Colophospermum_mopane          9.47%    passed     91.63%
  91  Colutea_arborescens            8.94%    passed     96.48%
  92  Conzattia_multiflora          10.17%    passed     85.29%
  93  Coronilla_varia                8.59%    passed     86.34%
  94  Coursetia_axillaris            8.77%    passed     95.40%
  95  Coursetia_glandulosa           8.77%    passed     99.29%
  96  Coursetia_insomnifolia         8.77%    passed     98.34%
  97  Cranocarpus_martii            10.99%    passed     94.40%
  98  Crotalaria_pumila              8.94%    passed     77.24%
  99  Cyamopsis_senegalensis         8.65%    passed     95.27%
 100  Cyathostegia_mathewsii         8.77%    passed     65.28%
 101  Cyclolobium_brasiliense       11.57%    passed     97.41%
 102  Cynometra_mannii               9.12%    passed     67.60%
 103  Cytisus_scoparius              8.94%    passed     84.13%
 104  Dalbergia_congestiflora        8.77%    passed     95.43%
 105  Dalbergia_sissoo               9.59%    passed     96.25%
 106  Dalbergiella_nyasae            8.94%    passed     80.30%
 107  Dalea_pulchra                  8.42%    passed     90.23%
 108  Daviesia_latifolia             9.29%    passed     65.50%
 109  Derris_laxiflora               8.77%    passed     18.44%
 110  Desmanthus_cooleyi            10.17%    passed     90.14%
 111  Desmodium_psilocarpum          8.77%    passed     32.09%
 112  Dialium_guianensis            17.30%    passed     85.64%
 113  Dichrostachys_richardiana     20.34%    passed     89.12%
 114  Dinizia_excelsa               20.34%    passed     90.25%
 115  Diphysa_americana              8.94%    passed     93.98%
 116  Diphysa_floribunda             8.83%    passed     95.40%
 117  Diphysa_thurberii              8.88%    passed     90.50%
 118  Diplotropis_brasiliensis       8.42%    passed     62.28%
 119  Diplotropis_martiusii          8.42%    passed     59.56%
 120  Dipogon_lignosus              11.16%    passed     30.22%
 121  Dipteryx_alata                15.84%    passed     99.60%
 122  Discolobium_psoraleifolium    11.98%    passed     98.99%
 123  Discolobium_pulchellum        11.86%    passed     99.66%
 124  Dolichos_trinervatus           9.41%    passed     46.64%
 125  Dussia_macroprophyllata        8.94%    passed     68.64%
 126  Entada_abyssinica             20.34%    passed     74.96%
 127  Enterolobium_contortisiliq    10.17%    passed     93.73%
 128  Enterolobium_cyclocarpum      10.17%    passed     94.62%
 129  Errazurizia_benthami           8.42%    passed     84.91%
 130  Erythrina_cristi_galli         9.29%    passed      5.38%
 131  Erythrostemon_gilliesii       11.57%    passed     99.16%
 132  Eysenhardtia_orthocarpa        8.42%    passed     60.72%
 133  Faidherbia_albidea            10.17%    passed     92.17%
 134  Fiebrigiella_gracilis          9.94%    passed     94.05%
 135  Fordia_leptobotrya             8.77%    passed     54.63%
 136  Galactia_striata               8.83%    passed     30.34%
 137  Galega_orientalis              8.94%    passed     99.17%
 138  Gastrolobium_punctatum         8.59%    passed     92.64%
 139  Genista_monspessulana          8.59%    passed     91.75%
 140  Genistidium_dumosum            8.77%    passed     98.95%
 141  Geoffroea_decorticans          9.29%    passed     92.02%
 142  Geoffroea_spinosa              9.29%    passed     95.44%
 143  Gleditsia_sinensis            10.17%    passed     99.57%
 144  Gleditsia_triacanthos         10.17%    passed     96.64%
 145  Gliricidia_brenningii         12.39%    passed     93.65%
 146  Gliricidia_ehrenbergii         8.94%    passed     91.60%
 147  Gliricidia_maculata            8.30%    passed     97.37%
 148  Glycine_max                    9.12%    passed     74.67%
 149  Glycyrrhiza_lepidota           8.94%    passed     99.72%
 150  Gompholobium_minus             8.42%    passed     53.50%
 151  Grazielodendron_riodocense     7.95%    passed     87.35%
 152  Gymnocladus_chinensis         10.17%    passed     98.37%
 153  Haematoxylum_brasiletto        9.99%    passed     90.52%
 154  Harpalyce_arborescens          8.24%    passed     97.71%
 155  Havardia_mexicana             10.17%    passed     96.22%
 156  Hebestigma_cubense             8.94%    passed     97.35%
 157  Hedysarum_boreale              9.12%    passed     90.46%
 158  Holocalyx_balansae             8.94%    passed     81.44%
 159  Hovea_purpurea                 8.59%    passed     97.23%
 160  Hymenaea_courbaril             9.12%    passed     90.99%
 161  Hymenolobium_mesoamericana     8.24%    passed     55.71%
 162  Hypocalyptus_coluteoides       8.59%    passed     80.12%
 163  Indigofera_sphaerocarpa        8.59%    passed     99.18%
 164  Indigofera_suffruticosa        8.59%    passed     99.01%
 165  Inga_punctata                 10.17%    passed     71.61%
 166  Inocarpus_fagifer              9.35%    passed     77.47%
 167  Isotropis_foliosa              8.77%    passed     93.81%
 168  Kotschya_ochreata             15.78%    passed     52.81%
 169  Lablab_purpureus              21.62%    passed     35.84%
 170  Lathyrus_aphaca                8.94%    passed     92.35%
 171  Lathyrus_latifolius            8.94%    passed     83.90%
 172  Lathyrus_sativus               8.94%    passed     87.99%
 173  Lennea_modesta                 8.94%    passed     81.43%
 174  Lens_culinaris                 8.77%    passed     99.05%
 175  Leucaena_retusa               10.17%    passed     78.60%
 176  Lonchocarpus_lanceolatus       8.77%    passed     25.61%
 177  Lotus_japonicus                8.59%    passed     95.71%
 178  Lotus_purshianus               8.59%    passed     79.93%
 179  Luetzeburgia_auriculata        8.36%    passed     94.37%
 180  Lupinus_argenteus             11.75%    passed     98.22%
 181  Lupinus_consentii              8.59%    passed     92.80%
 182  Lupinus_tegeticulatus          9.29%    passed     96.98%
 183  Lysiloma_watsonii             10.17%    passed     85.19%
 184  Maackia_amurensis              8.94%    passed     97.53%
 185  Machaerium_sp                  9.12%    passed     99.09%
 186  Macrotyloma_uniflorum          9.29%    passed      9.08%
 187  Maraniona_lavinii              9.00%    passed     86.96%
 188  Marina_parryi                  8.42%    passed     84.23%
 189  Medicago_lanigera              8.94%    passed     81.56%
 190  Medicago_monantha              8.94%    passed     76.55%
 191  Medicago_sativa                9.12%    passed     89.60%
 192  Medicago_truncatula            8.94%    passed     85.79%
 193  Melilotus_alba                 9.00%    passed     72.32%
 194  Melilotus_indica               8.94%    passed     76.98%
 195  Microlobium_foetidus          10.17%    passed     75.18%
 196  Millettia_grandis              9.00%    passed     66.37%
 197  Millettia_thonningii           8.77%    passed     44.88%
 198  Mundulea_sericea               8.94%    passed     23.18%
 199  Myrocarpus_frondosus           8.94%    passed     85.94%
 200  Myrospermum_frutescens        10.34%    passed     82.80%
 201  Myrospermum_sousanum           8.94%    passed     77.74%
 202  Neodunnia_richardiana         14.79%    passed     59.61%
 203  Neptunia_monosperma           10.17%    passed     78.25%
 204  Nissolia_hirsuta               9.41%    passed     99.55%
 205  Nissolia_shottii               9.70%    passed     99.56%
 206  Oddoniodendron_micranthum      9.12%    passed     80.79%
 207  Olneya_tesota                  8.77%    passed     99.99%
 208  Onobrychis_montana             9.47%    passed     95.95%
 209  Ononis_arvensis                8.94%    passed     95.65%
 210  Ononis_natrix                  8.94%    passed     80.48%
 211  Ormocarpopsis_calcicola        9.94%    passed     93.18%
 212  Ormocarpopsis_itremoensis     10.17%    passed     90.39%
 213  Ormocarpum_bernierianum       11.46%    passed     93.59%
 214  Ormocarpum_kirkii              9.94%    passed     92.00%
 215  Ormocarpum_yemenense          13.15%    passed     96.86%
 216  Ormosia_colombiana            15.78%    passed     82.64%
 217  Ormosia_formosana              8.77%    passed     96.02%
 218  Ornithopus_compressus          8.77%    passed     98.20%
 219  Otholobium_glandulosum         8.42%    passed     65.09%
 220  Oxytropis_deflexa              8.94%    passed     92.97%
 221  Oxytropis_lambertii            8.94%    passed     83.77%
 222  Paraderris_elliptica           8.77%    passed     25.36%
 223  Parkia_timoriana              10.64%    passed     73.77%
 224  Parkinsonia_aculeata          10.17%    passed     95.75%
 225  Parochetus_communis            9.00%    passed     96.82%
 226  Parryella_filifolia            8.59%    passed     64.86%
 227  Peltophorum_dubium            10.17%    passed     92.10%
 228  Pentaclethra_macroloba        10.17%    passed     90.06%
 229  Pentaclethra_macrophylla      21.45%    passed     60.77%
 230  Petalostylis_labicheoides      9.29%    passed     81.00%
 231  Peteria_thompsonae             8.77%    passed     81.30%
 232  Phaseolus_coccineus           18.06%    passed     23.31%
 233  Phaseolus_microcarpus         11.81%    passed     22.28%
 234  Phaseolus_vulgaris             9.29%    passed     21.48%
 235  Philenoptera_eriocalyx         8.83%    passed     57.41%
 236  Philenoptera_laxiflora         8.94%    passed     68.96%
 237  Pickeringia_montana            8.59%    passed     91.09%
 238  Pictetia_aculeata             11.75%    passed     96.69%
 239  Pictetia_angustifolia          9.12%    passed     91.72%
 240  Pictetia_marginata             8.83%    passed     94.11%
 241  Piptadeniastrum_africanum     20.34%    passed     50.24%
 242  Piptanthus_nepalensis          8.94%    passed     98.38%
 243  Piscidia_piscipula             8.77%    passed     19.44%
 244  Pisum_sativum                  8.94%    passed     99.03%
 245  Platycyamus_regnellii          9.47%    passed     88.08%
 246  Platymiscium_stipulare         9.29%    passed     96.04%
 247  Platypodium_elegans            8.94%    passed     76.55%
 248  Poecilanthe_parviflora        10.11%    passed     90.17%
 249  Poeppigia_procera             10.52%    passed     88.83%
 250  Poiretia_angustifolia          9.41%    passed     95.66%
 251  Poissonia_heterantha           8.77%    passed     98.56%
 252  Poissonia_hypoleuca            8.77%    passed     92.32%
 253  Poissonia_weberbaueri          8.77%    passed     99.36%
 254  Poitea_campanilla              8.30%    passed     95.45%
 255  Poitea_glyciphylla            12.04%    passed     92.08%
 256  Poitea_immarginata             8.30%    passed     99.69%
 257  Polygala_californica           9.29%    passed     95.95%
 258  Pongamiopsis_amygdalina        9.12%    passed     46.35%
 259  Prioria_copaifera             20.57%    passed     36.79%
 260  Prosopidastrum_mexicana        9.12%    passed     85.52%
 261  Prosopis_glandulosa           10.17%    passed     89.46%
 262  Prosopis_pallida              20.34%    passed     88.20%
 263  Pseudoprosopis_gilletii       20.22%    passed     82.85%
 264  Psoralea_cinerea              10.11%    passed     66.15%
 265  Psoralidium_tenuiflorum        8.77%    passed     59.43%
 266  Psorothamnus_arborescens       8.42%    passed     68.81%
 267  Pterocarpus_indicus            7.89%    passed     69.46%
 268  Pterocarpus_macrocarpus        9.47%    passed     74.87%
 269  Pterodon_pubescens            18.59%    passed     96.95%
 270  Pueraria_montana              12.39%    passed     69.50%
 271  Quillaja_saponaria             8.07%    passed     44.58%
 272  Ramorinoa_girolae             11.86%    passed     86.12%
 273  Riedeliella_graciliflora      15.08%    passed     88.15%
 274  Robinia_neomexicana            8.77%    passed     99.48%
 275  Robinia_pseudoacacia           8.83%    passed     99.71%
 276  Rupertia_physodes              8.77%    passed     53.58%
 277  Samanea_saman                 10.17%    passed     92.56%
 278  Senna_candolleana             10.17%    passed     92.45%
 279  Senna_covesii                 10.17%    passed     95.45%
 280  Sesbania_drummondii            8.07%    passed     54.58%
 281  Sesbania_emerus                8.42%    passed     39.91%
 282  Sesbania_grandiflora           8.42%    passed     48.52%
 283  Sesbania_vesicaria             9.64%    passed     21.59%
 284  Sophora_davidii               10.40%    passed     99.52%
 285  Sophora_nuttalliana            8.94%    passed     98.79%
 286  Spartium_junceum               8.94%    passed     87.04%
 287  Sphenostylis_angustifolia      9.29%    passed     11.36%
 288  Sphinctospermum_constrictum    8.77%    passed     99.50%
 289  Strophostyles_umbellata       10.75%    passed      9.21%
 290  Stylosanthes_capitata         10.34%    passed     98.18%
 291  Stylosanthes_hamata            9.82%    passed     98.25%
 292  Styphnolobium_japonicum        8.94%    passed     92.78%
 293  Suriana_maritima               9.29%    passed     66.33%
 294  Sutherlandia_frutescens        8.59%    passed     88.27%
 295  Swainsona_pterostylis          9.00%    passed     84.53%
 296  Swartzia_flaemingii            8.94%    passed     96.27%
 297  Swartzia_jorori                8.94%    passed     97.32%
 298  Swartzia_simplex               8.94%    passed     95.69%
 299  Sweetia_fruticosa              8.12%    passed     85.26%
 300  Tephrosia_heckmanniana         8.59%    passed     22.29%
 301  Tessmannia_lescrauwaetii       8.77%    passed     79.98%
 302  Tetrapleura_tetraptera        20.28%    passed     88.95%
 303  Thermopsis_rhombifolia         8.94%    passed     97.26%
 304  Tipuana_tipu                   9.35%    passed     86.70%
 305  Trifolium_beckwithii           8.94%    passed     88.71%
 306  Trifolium_hirtum               8.94%    passed     94.70%
 307  Trifolium_lupinaster           8.94%    passed     96.52%
 308  Trifolium_nanum                8.94%    passed     80.90%
 309  Trifolium_repens               8.94%    passed     93.46%
 310  Trigonella_cretica             8.77%    passed     53.21%
 311  Trigonella_foenum_graecum      8.94%    passed     88.52%
 312  Trigonella_kotschyi            8.94%    passed     83.50%
 313  Uribea_tamarindoides           8.94%    passed     84.01%
 314  Vatairea_macrocarpa            8.59%    passed     96.11%
 315  Vatairea_sp_nov               10.64%    passed     99.15%
 316  Vauquelinia_californica        9.29%    passed     72.26%
 317  Vicia_americana                9.53%    passed     98.36%
 318  Vicia_faba                     9.47%    passed     93.53%
 319  Vicia_hirsuta                  9.00%    passed     83.39%
 320  Vicia_ludoviciana              8.94%    passed     94.24%
 321  Vicia_sativa                   9.47%    passed     98.67%
 322  Vigna_subterranea              9.29%    failed      2.41%
 323  Vigna_umbellata               18.47%    failed      2.48%
 324  Vigna_unguiculata              9.29%    failed      3.74%
 325  Wajira_albescens               9.53%    passed     29.33%
 326  Wisteria_frutescens            8.94%    passed     90.33%
 327  Wisteria_sinensis              8.94%    passed     95.45%
 328  Xeroderris_stuhlmannii         8.94%    passed     89.51%
 329  Xylia_africana                20.40%    passed     89.25%
 330  Zornia_sp.                    23.44%    passed     75.71%
****  TOTAL                         10.14%  3 sequences failed composition chi2 test (p-value<5%; df=3)
Checking for duplicate sequences: done in 0.00328935 secs using 88.19% CPU


Create initial parsimony tree by phylogenetic likelihood library (PLL)... 0.094 seconds
Perform fast likelihood tree search using GTR+I+G model...
Estimate model parameters (epsilon = 5.000)
Perform nearest neighbor interchange...
Estimate model parameters (epsilon = 1.000)
1. Initial log-likelihood: -56384.752
Optimal log-likelihood: -56384.565
Rate parameters:  A-C: 1.34877  A-G: 1.76131  A-T: 0.27759  C-G: 1.00185  C-T: 1.66244  G-T: 1.00000
Base frequencies:  A: 0.327  C: 0.155  G: 0.150  T: 0.368
Proportion of invariable sites: 0.055
Gamma shape alpha: 1.311
Parameters optimization took 1 rounds (0.962 sec)
Time for fast ML tree search: 9.802 seconds

NOTE: ModelFinder requires 165 MB RAM!
ModelFinder will test up to 968 DNA models (sample size: 1711 epsilon: 0.100) ...
 No. Model         -LnL         df  AIC          AICc         BIC
  1  JC            60419.290    657 122152.580   122973.674   125729.835
  2  JC+I          59644.863    658 120605.727   121430.103   124188.427
  3  JC+G4         57695.568    658 116707.135   117531.512   120289.835
  4  JC+I+G4       57691.854    659 116701.708   117529.377   120289.853
  5  JC+R2         57963.794    659 117245.589   118073.258   120833.734
  6  JC+R3         57669.065    661 116660.131   117494.415   120259.165
  7  JC+R4         57614.596    663 116555.192   117396.132   120165.116
  8  JC+R5         57601.150    665 116532.300   117379.937   120153.115
  9  JC+R6         57600.094    667 116534.188   117388.562   120165.892
 14  JC+I+R2       57844.335    660 117008.670   117839.641   120602.260
 15  JC+I+R3       57631.785    662 116587.570   117425.177   120192.050
 16  JC+I+R4       57596.140    664 116520.280   117364.563   120135.650
 17  JC+I+R5       57593.267    666 116518.533   117369.533   120144.792
 38  JC+I+R4       57596.140    664 116520.280   117364.563   120135.650
 39  JC+I+R5       57593.267    666 116518.533   117369.533   120144.792
 60  F81+I+R4      57596.009    664 116520.018   117364.301   120135.387
 61  F81+I+R5      57592.998    666 116517.995   117368.995   120144.254
 82  F81+F+I+R4    57641.486    667 116616.972   117471.346   120248.676
 83  F81+F+I+R5    57638.249    669 116614.498   117475.650   120257.091
104  K2P+I+R4      57064.669    665 115459.339   116306.975   119080.153
105  K2P+I+R5      57060.746    667 115455.491   116309.865   119087.195
126  K2P+I+R4      57064.669    665 115459.339   116306.975   119080.153
127  K2P+I+R5      57060.746    667 115455.491   116309.865   119087.195
148  HKY+I+R4      57064.657    665 115459.314   116306.951   119080.128
149  HKY+I+R5      57060.576    667 115455.152   116309.526   119086.856
170  HKY+F+I+R4    57011.445    668 115358.890   116216.648   118996.039
171  HKY+F+I+R5    57008.296    670 115356.592   116221.149   119004.630
192  TNe+I+R4      57062.821    666 115457.642   116308.642   119083.901
193  TNe+I+R5      57058.593    668 115453.187   116310.945   119090.335
214  TNe+I+R4      57062.821    666 115457.642   116308.642   119083.901
215  TNe+I+R5      57058.593    668 115453.187   116310.945   119090.335
236  TN+I+R4       57062.774    666 115457.548   116308.548   119083.807
237  TN+I+R5       57058.529    668 115453.057   116310.816   119090.206
258  TN+F+I+R4     57009.623    669 115357.246   116218.398   118999.839
259  TN+F+I+R5     57006.084    671 115354.167   116222.140   119007.650
280  K3P+I+R4      56757.853    666 114847.705   115698.705   118473.964
281  K3P+I+R5      56753.400    668 114842.799   115700.558   118479.948
302  K3P+I+R4      56757.853    666 114847.705   115698.705   118473.964
303  K3P+I+R5      56753.400    668 114842.799   115700.558   118479.948
324  K3Pu+I+R4     56757.837    666 114847.674   115698.674   118473.933
325  K3Pu+I+R5     56753.330    668 114842.660   115700.418   118479.809
346  K3Pu+F+I+R4   56543.214    669 114424.428   115285.581   118067.021
347  K3Pu+F+I+R5   56539.178    671 114420.355   115288.328   118073.838
368  TPM2+I+R4     57047.999    666 115427.999   116278.999   119054.258
369  TPM2+I+R5     57043.283    668 115422.565   116280.323   119059.714
390  TPM2+I+R4     57047.999    666 115427.999   116278.999   119054.258
391  TPM2+I+R5     57043.283    668 115422.565   116280.323   119059.714
412  TPM2u+I+R4    57047.991    666 115427.982   116278.982   119054.241
413  TPM2u+I+R5    57043.109    668 115422.218   116279.976   119059.366
434  TPM2u+F+I+R4  56924.578    669 115187.155   116048.308   118829.749
435  TPM2u+F+I+R5  56920.049    671 115182.099   116050.072   118835.582
456  TPM3+I+R4     57055.178    666 115442.357   116293.357   119068.616
457  TPM3+I+R5     57050.680    668 115437.359   116295.118   119074.508
478  TPM3+I+R4     57055.178    666 115442.357   116293.357   119068.616
479  TPM3+I+R5     57050.680    668 115437.359   116295.118   119074.508
500  TPM3u+I+R4    57055.137    666 115442.275   116293.275   119068.534
501  TPM3u+I+R5    57050.630    668 115437.260   116295.018   119074.409
522  TPM3u+F+I+R4  56681.783    669 114701.565   115562.718   118344.159
523  TPM3u+F+I+R5  56677.046    671 114696.093   115564.066   118349.576
544  TIMe+I+R4     56755.720    667 114845.440   115699.813   118477.143
545  TIMe+I+R5     56751.415    669 114840.829   115701.982   118483.423
566  TIMe+I+R4     56755.720    667 114845.440   115699.813   118477.143
567  TIMe+I+R5     56751.415    669 114840.829   115701.982   118483.423
588  TIM+I+R4      56755.716    667 114845.432   115699.806   118477.136
589  TIM+I+R5      56751.356    669 114840.712   115701.865   118483.305
610  TIM+F+I+R4    56541.521    670 114423.043   115287.600   118071.081
611  TIM+F+I+R5    56537.214    672 114418.427   115289.826   118077.355
632  TIM2e+I+R4    57046.123    667 115426.247   116280.621   119057.950
633  TIM2e+I+R5    57041.640    669 115421.280   116282.432   119063.873
654  TIM2e+I+R4    57046.123    667 115426.247   116280.621   119057.950
655  TIM2e+I+R5    57041.640    669 115421.280   116282.432   119063.873
676  TIM2+I+R4     57046.101    667 115426.202   116280.576   119057.905
677  TIM2+I+R5     57041.475    669 115420.951   116282.103   119063.544
698  TIM2+F+I+R4   56920.366    670 115180.732   116045.290   118828.771
699  TIM2+F+I+R5   56914.950    672 115173.899   116045.298   118832.827
720  TIM3e+I+R4    57053.156    667 115440.311   116294.685   119072.015
721  TIM3e+I+R5    57048.943    669 115435.886   116297.038   119078.479
742  TIM3e+I+R4    57053.156    667 115440.311   116294.685   119072.015
743  TIM3e+I+R5    57048.943    669 115435.886   116297.038   119078.479
764  TIM3+I+R4     57053.153    667 115440.306   116294.680   119072.010
765  TIM3+I+R5     57048.909    669 115435.819   116296.972   119078.412
786  TIM3+F+I+R4   56681.783    670 114703.566   115568.124   118351.604
787  TIM3+F+I+R5   56676.952    672 114697.904   115569.303   118356.832
808  TVMe+I+R4     56736.075    668 114808.150   115665.908   118445.299
809  TVMe+I+R5     56731.098    670 114802.197   115666.755   118450.235
830  TVMe+I+R4     56736.075    668 114808.150   115665.908   118445.299
831  TVMe+I+R5     56731.098    670 114802.197   115666.755   118450.235
852  TVM+I+R4      56736.064    668 114808.129   115665.887   118445.277
853  TVM+I+R5      56731.048    670 114802.095   115666.653   118450.134
874  TVM+F+I+R4    56290.076    671 113922.151   114790.124   117575.635
875  TVM+F+I+R5    56284.402    673 113914.804   114789.639   117579.177
896  SYM+I+R4      56734.128    669 114806.256   115667.409   118448.850
897  SYM+I+R5      56729.568    671 114801.137   115669.110   118454.620
918  SYM+I+R4      56734.128    669 114806.256   115667.409   118448.850
919  SYM+I+R5      56729.568    671 114801.137   115669.110   118454.620
940  GTR+I+R4      56734.127    669 114806.254   115667.407   118448.847
941  GTR+I+R5      56729.516    671 114801.031   115669.004   118454.514
962  GTR+F+I+R4    56289.550    672 113923.100   114794.499   117582.028
963  GTR+F+I+R5    56283.795    674 113915.590   114793.871   117585.407
Akaike Information Criterion:           TVM+F+I+R5
Corrected Akaike Information Criterion: TVM+F+I+R5
Bayesian Information Criterion:         TVM+F+I+R4
Best-fit model: TVM+F+I+R4 chosen according to BIC

All model information printed to results/dna_M1110_330_1711.phy/output_files/iqtree/inference/pars_11.model.gz
CPU time for ModelFinder: 1178.686 seconds (0h:19m:38s)
Wall-clock time for ModelFinder: 1182.625 seconds (0h:19m:42s)

NOTE: 66 MB RAM (0 GB) is required!
Estimate model parameters (epsilon = 0.010)
1. Initial log-likelihood: -56290.086
2. Current log-likelihood: -56290.025
3. Current log-likelihood: -56290.011
Optimal log-likelihood: -56290.005
Rate parameters:  A-C: 1.37195  A-G: 1.72297  A-T: 0.27728  C-G: 1.00598  C-T: 1.72297  G-T: 1.00000
Base frequencies:  A: 0.327  C: 0.155  G: 0.150  T: 0.368
Proportion of invariable sites: 0.059
Site proportion and rates:  (0.424,0.346) (0.359,1.165) (0.137,2.399) (0.021,5.014)
Parameters optimization took 3 rounds (4.672 sec)
Wrote distance file to... 
BEST SCORE FOUND : -56290.005
Total tree length: 6.273

Total number of iterations: 0
CPU time used for tree search: 0.000 sec (0h:0m:0s)
Wall-clock time used for tree search: 0.000 sec (0h:0m:0s)
Total CPU time used: 1183.396 sec (0h:19m:43s)
Total wall-clock time used: 1187.377 sec (0h:19m:47s)

Analysis results written to: 
  IQ-TREE report:                results/dna_M1110_330_1711.phy/output_files/iqtree/inference/pars_11.iqtree
  Maximum-likelihood tree:       results/dna_M1110_330_1711.phy/output_files/iqtree/inference/pars_11.treefile
  Screen log file:               results/dna_M1110_330_1711.phy/output_files/iqtree/inference/pars_11.log

Date and Time: Fri Sep 19 13:57:21 2025
