IQ-TREE version 3.0.1 for Linux x86 64-bit built Sep 18 2025
Developed by Bui Quang Minh, Thomas Wong, Nhan Ly-Trong, Huaiyan Ren
Contributed by Lam-Tung Nguyen, Dominik Schrempf, Chris Bielow,
Olga Chernomor, Michael Woodhams, Diep Thi Hoang, Heiko Schmidt

Host:    DESKTOP-UQIA48J (AVX2, FMA3, 7 GB RAM)
Command: /home/ngocminh/miniconda3/envs/pypythia/bin/iqtree3 -s Data/dna_M8703_215_1038.phy -pre data_training/dna_M8703_215_1038.phy/output_files/iqtree/inference/pars_11 -seed 11 -ninit 1 -T 1 -redo -n 0
Seed:    11 (Using SPRNG - Scalable Parallel Random Number Generator)
Time:    Wed Sep 24 14:49:47 2025
Kernel:  AVX+FMA - 1 threads (8 CPU cores detected)

HINT: Use -nt option to specify number of threads because your CPU has 8 cores!
HINT: -nt AUTO will automatically determine the best number of threads to use.

Reading alignment file Data/dna_M8703_215_1038.phy ... Phylip format detected
Alignment most likely contains DNA/RNA sequences
Constructing alignment: done in 0.00702734 secs using 92.85% CPU
Alignment has 215 sequences with 1038 columns, 621 distinct patterns
525 parsimony-informative, 86 singleton sites, 427 constant sites
                                Gap/Ambiguity  Composition  p-value
Analyzing sequences: done in 0.00106351 secs using 101% CPU
   1  Dixonius_vietnamensis_HQ646374    0.58%    passed     77.57%
   2  Heteronotia_binoei_ABTC32829      0.00%    passed     88.82%
   3  Heteronotia_binoei_ABTC52488      0.10%    passed     91.42%
   4  Heteronotia_binoei_DQ000674       0.00%    passed     85.40%
   5  Heteronotia_binoei_DQ000677       0.00%    passed     91.93%
   6  Heteronotia_binoei_DQ000678       0.00%    passed     98.08%
   7  Heteronotia_binoei_DQ000679       0.00%    passed     93.56%
   8  Heteronotia_binoei_DQ000680       0.00%    passed     96.72%
   9  Heteronotia_binoei_DQ000681       0.00%    passed     98.60%
  10  Heteronotia_binoei_DQ000683       0.00%    passed     91.14%
  11  Heteronotia_binoei_DQ000684       0.00%    passed     89.83%
  12  Heteronotia_binoei_DQ000685       0.00%    passed     90.96%
  13  Heteronotia_binoei_DQ000687       0.00%    passed     93.50%
  14  Heteronotia_binoei_DQ000688       0.00%    passed     84.72%
  15  Heteronotia_binoei_DQ000689       0.00%    passed     65.53%
  16  Heteronotia_binoei_DQ000690       0.00%    passed     64.56%
  17  Heteronotia_binoei_DQ000691       0.00%    passed     78.46%
  18  Heteronotia_binoei_DQ000692       0.00%    passed     89.06%
  19  Heteronotia_binoei_DQ000694       0.00%    passed     98.08%
  20  Heteronotia_binoei_DQ000695       0.00%    passed     85.89%
  21  Heteronotia_binoei_DQ000696       0.00%    passed     99.23%
  22  Heteronotia_binoei_DQ000697       0.10%    passed     99.90%
  23  Heteronotia_binoei_DQ000698       0.00%    passed     95.25%
  24  Heteronotia_binoei_DQ000700       0.00%    passed     98.03%
  25  Heteronotia_binoei_DQ000701       0.00%    passed     69.33%
  26  Heteronotia_binoei_DQ000702       0.00%    passed     99.40%
  27  Heteronotia_binoei_DQ000704       0.00%    passed     94.81%
  28  Heteronotia_binoei_DQ000706       0.00%    passed     99.60%
  29  Heteronotia_binoei_DQ000707       0.00%    passed     89.00%
  30  Heteronotia_binoei_DQ000710       0.00%    passed     77.22%
  31  Heteronotia_binoei_DQ000713       0.00%    passed     99.49%
  32  Heteronotia_binoei_DQ000717       0.00%    passed     97.17%
  33  Heteronotia_binoei_DQ000719       0.00%    passed     98.97%
  34  Heteronotia_binoei_DQ000720       0.00%    passed     98.47%
  35  Heteronotia_binoei_DQ000721       0.00%    passed     92.17%
  36  Heteronotia_binoei_DQ000723       0.00%    passed     92.33%
  37  Heteronotia_binoei_DQ000724       0.00%    passed     91.51%
  38  Heteronotia_binoei_DQ000727       0.00%    passed     59.67%
  39  Heteronotia_binoei_DQ000728       0.00%    passed     89.61%
  40  Heteronotia_binoei_DQ000729       0.00%    passed     94.76%
  41  Heteronotia_binoei_DQ000730       0.00%    passed     98.48%
  42  Heteronotia_binoei_DQ000737       0.00%    passed     84.72%
  43  Heteronotia_binoei_DQ000738       0.00%    passed     90.86%
  44  Heteronotia_binoei_DQ000739       0.00%    passed     84.12%
  45  Heteronotia_binoei_DQ000740       0.00%    passed     90.32%
  46  Heteronotia_binoei_DQ000743       0.00%    passed     99.34%
  47  Heteronotia_binoei_DQ000749       0.00%    passed     99.80%
  48  Heteronotia_binoei_DQ000753       0.00%    passed     98.58%
  49  Heteronotia_binoei_DQ000754       0.00%    passed     98.46%
  50  Heteronotia_binoei_DQ000755       0.00%    passed     97.57%
  51  Heteronotia_binoei_DQ000756       0.00%    passed     98.55%
  52  Heteronotia_binoei_DQ000757       0.00%    passed     99.04%
  53  Heteronotia_binoei_DQ000760       0.00%    passed     99.80%
  54  Heteronotia_binoei_DQ000761       0.00%    passed     99.67%
  55  Heteronotia_binoei_DQ000762       0.00%    passed     91.14%
  56  Heteronotia_binoei_DQ000763       0.00%    passed     99.45%
  57  Heteronotia_binoei_DQ000765       0.10%    passed     99.12%
  58  Heteronotia_binoei_DQ000766       0.00%    passed     99.04%
  59  Heteronotia_binoei_DQ000790       0.00%    passed     58.29%
  60  Heteronotia_binoei_DQ000791       0.00%    passed     85.90%
  61  Heteronotia_binoei_DQ000792       0.00%    passed     73.54%
  62  Heteronotia_binoei_DQ000794       0.00%    passed     72.28%
  63  Heteronotia_binoei_DQ000860       0.00%    passed     95.10%
  64  Heteronotia_binoei_DQ000863       0.00%    passed     98.66%
  65  Heteronotia_binoei_DQ000866       0.00%    passed     92.83%
  66  Heteronotia_binoei_DQ000869       0.00%    passed     96.42%
  67  Heteronotia_binoei_DQ000871       0.00%    passed     97.16%
  68  Heteronotia_binoei_DQ000872       0.00%    passed     98.22%
  69  Heteronotia_binoei_DQ000873       0.00%    passed     93.53%
  70  Heteronotia_binoei_DQ000874       0.00%    passed     94.73%
  71  Heteronotia_binoei_DQ000875       0.00%    passed     96.98%
  72  Heteronotia_binoei_DQ000876       0.00%    passed     98.99%
  73  Heteronotia_binoei_DQ000877       0.00%    passed     91.74%
  74  Heteronotia_binoei_DQ000879       0.00%    passed     96.69%
  75  Heteronotia_binoei_DQ000880       0.00%    passed     97.28%
  76  Heteronotia_binoei_DQ000882       0.00%    passed     95.10%
  77  Heteronotia_binoei_DQ000887       0.00%    passed     92.46%
  78  Heteronotia_binoei_DQ000888       0.00%    passed     96.64%
  79  Heteronotia_binoei_DQ000890       0.00%    passed     98.87%
  80  Heteronotia_binoei_DQ000893       0.00%    passed     91.95%
  81  Heteronotia_binoei_DQ000895       0.00%    passed     93.61%
  82  Heteronotia_binoei_DQ000897       0.00%    passed     93.61%
  83  Heteronotia_binoei_DQ000900       0.00%    passed     90.85%
  84  Heteronotia_binoei_DQ000903       0.00%    passed     91.74%
  85  Heteronotia_binoei_DQ000905       0.00%    passed     92.44%
  86  Heteronotia_binoei_DQ000908       0.00%    passed     95.23%
  87  Heteronotia_binoei_DQ000909       0.00%    passed     96.65%
  88  Heteronotia_binoei_DQ000910       0.00%    passed     97.05%
  89  Heteronotia_binoei_DQ000915       0.00%    passed     93.53%
  90  Heteronotia_binoei_DQ000916       0.00%    passed     97.62%
  91  Heteronotia_binoei_DQ000921       0.00%    passed     90.85%
  92  Heteronotia_binoei_DQ000923       0.00%    passed     99.67%
  93  Heteronotia_binoei_DQ000924       0.00%    passed     95.48%
  94  Heteronotia_binoei_DQ000926       0.00%    passed     98.89%
  95  Heteronotia_binoei_DQ000929       0.00%    passed     89.55%
  96  Heteronotia_binoei_DQ287370       0.00%    passed     79.15%
  97  Heteronotia_binoei_DQ287378       0.00%    passed     78.13%
  98  Heteronotia_binoei_DQ287401       0.00%    passed     77.37%
  99  Heteronotia_binoei_DQ287448       0.00%    passed     83.97%
 100  Heteronotia_binoei_DQ287492       0.00%    passed     77.37%
 101  Heteronotia_binoei_DQ287504       0.00%    passed     77.37%
 102  Heteronotia_binoei_DQ287522       0.00%    passed     75.17%
 103  Heteronotia_binoei_DQ287556       0.00%    passed     78.62%
 104  Heteronotia_binoei_DQ287573       0.00%    passed     78.13%
 105  Heteronotia_binoei_DQ287582       0.00%    passed     73.87%
 106  Heteronotia_binoei_DQ287602       0.00%    passed     98.26%
 107  Heteronotia_binoei_DQ287646       0.00%    passed     96.43%
 108  Heteronotia_binoei_DQ287648       0.00%    passed     95.35%
 109  Heteronotia_binoei_DQ287649       0.00%    passed     95.85%
 110  Heteronotia_binoei_DQ287651       0.00%    passed     97.74%
 111  Heteronotia_binoei_DQ287654       0.00%    passed     93.03%
 112  Heteronotia_binoei_DQ287655       0.00%    passed     96.00%
 113  Heteronotia_binoei_DQ287661       0.00%    passed     96.00%
 114  Heteronotia_binoei_DQ287687       0.00%    passed     96.00%
 115  Heteronotia_binoei_GU388200       0.00%    passed     95.04%
 116  Heteronotia_binoei_GU388201       0.00%    passed     93.51%
 117  Heteronotia_binoei_GU388204       0.00%    passed     98.71%
 118  Heteronotia_binoei_GU388205       0.00%    passed     99.17%
 119  Heteronotia_binoei_GU388207       0.00%    passed     91.22%
 120  Heteronotia_binoei_GU388208       0.00%    passed     60.39%
 121  Heteronotia_binoei_GU388209       0.10%    passed     76.13%
 122  Heteronotia_binoei_GU388210       0.10%    passed     79.99%
 123  Heteronotia_binoei_GU388211       0.10%    passed     57.82%
 124  Heteronotia_binoei_GU388212       9.34%    passed     86.46%
 125  Heteronotia_binoei_GU388213       0.00%    passed     86.66%
 126  Heteronotia_binoei_GU388214       0.00%    passed     85.60%
 127  Heteronotia_binoei_GU388216       0.00%    passed     89.65%
 128  Heteronotia_binoei_GU388217       0.00%    passed     86.99%
 129  Heteronotia_binoei_GU388220       0.00%    passed     90.16%
 130  Heteronotia_binoei_GU388222       0.00%    passed     12.85%
 131  Heteronotia_binoei_GU388224       0.00%    passed     34.90%
 132  Heteronotia_binoei_GU388234       0.00%    passed     92.32%
 133  Heteronotia_binoei_GU388236       0.00%    passed     96.16%
 134  Heteronotia_binoei_GU388237       0.00%    passed     86.49%
 135  Heteronotia_binoei_GU388238       0.00%    passed     95.81%
 136  Heteronotia_binoei_GU388243       0.19%    passed     97.95%
 137  Heteronotia_binoei_GU388248       0.39%    passed     95.98%
 138  Heteronotia_binoei_GU388249       0.00%    passed     95.77%
 139  Heteronotia_binoei_GU388252       0.19%    passed     99.64%
 140  Heteronotia_binoei_GU388254       0.00%    passed     45.35%
 141  Heteronotia_binoei_GU388255       0.00%    passed     55.87%
 142  Heteronotia_binoei_GU388256       0.00%    passed     99.49%
 143  Heteronotia_binoei_GU388257       0.00%    passed     98.88%
 144  Heteronotia_binoei_GU388258       0.00%    passed     72.35%
 145  Heteronotia_binoei_GU388261       0.00%    passed     74.27%
 146  Heteronotia_binoei_GU388265       0.00%    passed     54.41%
 147  Heteronotia_binoei_GU388266       0.00%    passed     92.83%
 148  Heteronotia_binoei_GU388267       0.19%    passed     69.30%
 149  Heteronotia_binoei_GU388268       0.00%    passed     49.82%
 150  Heteronotia_binoei_GU388269       0.10%    passed     73.40%
 151  Heteronotia_binoei_GU388270       0.00%    passed     88.17%
 152  Heteronotia_binoei_GU388271       0.00%    passed     88.09%
 153  Heteronotia_binoei_GU388274       0.00%    passed     96.39%
 154  Heteronotia_binoei_GU388275       0.00%    passed     89.29%
 155  Heteronotia_binoei_GU388276      27.84%    passed     87.28%
 156  Heteronotia_binoei_GU388277       0.00%    passed     96.89%
 157  Heteronotia_binoei_GU388280       0.00%    passed     98.83%
 158  Heteronotia_binoei_GU388281       0.00%    passed     95.08%
 159  Heteronotia_binoei_GU388282       0.00%    passed     96.57%
 160  Heteronotia_binoei_GU388283      10.79%    passed     96.84%
 161  Heteronotia_binoei_GU388296       0.00%    passed     92.77%
 162  Heteronotia_binoei_GU388298       0.29%    passed     91.82%
 163  Heteronotia_binoei_GU388299       0.10%    passed     92.74%
 164  Heteronotia_binoei_GU388301       0.00%    passed     92.69%
 165  Heteronotia_binoei_GU388302       0.00%    passed     92.71%
 166  Heteronotia_binoei_HQ132797       0.00%    passed     40.33%
 167  Heteronotia_binoei_HQ132799       0.10%    passed     97.54%
 168  Heteronotia_binoei_HQ132800       0.00%    passed     97.21%
 169  Heteronotia_binoei_HQ132802       0.00%    passed     34.78%
 170  Heteronotia_binoei_HQ132803       0.00%    passed     69.16%
 171  Heteronotia_binoei_HQ132814       0.00%    passed     98.20%
 172  Heteronotia_binoei_HQ132818       0.00%    passed     99.90%
 173  Heteronotia_binoei_HQ132823       0.00%    passed     36.73%
 174  Heteronotia_binoei_HQ132825       0.00%    passed     62.82%
 175  Heteronotia_binoei_HQ132827       0.10%    passed     79.73%
 176  Heteronotia_binoei_HQ132828       0.00%    passed     80.11%
 177  Heteronotia_binoei_HQ132830       0.00%    passed     22.08%
 178  Heteronotia_binoei_HQ132831       0.00%    passed     96.95%
 179  Heteronotia_binoei_HQ132832       0.10%    passed     85.98%
 180  Heteronotia_binoei_HQ132833       0.00%    passed     94.09%
 181  Heteronotia_binoei_HQ132835       0.00%    passed     71.06%
 182  Heteronotia_binoei_HQ132837       0.00%    passed     98.43%
 183  Heteronotia_binoei_HQ132838       0.00%    passed     91.61%
 184  Heteronotia_binoei_HQ132839       0.00%    passed     14.85%
 185  Heteronotia_binoei_HQ132840       0.00%    passed     93.42%
 186  Heteronotia_binoei_HQ132841       0.00%    passed     98.89%
 187  Heteronotia_binoei_HQ132845       0.00%    passed     72.46%
 188  Heteronotia_binoei_HQ132846       0.00%    passed     96.24%
 189  Heteronotia_binoei_HQ132849       0.00%    passed     88.58%
 190  Heteronotia_binoei_HQ132850       0.00%    passed     92.27%
 191  Heteronotia_binoei_HQ132855       0.00%    passed     94.55%
 192  Heteronotia_binoei_HQ132858       0.00%    passed     96.24%
 193  Heteronotia_binoei_HQ132861       0.00%    passed     99.82%
 194  Heteronotia_binoei_HQ132863       0.00%    passed     99.04%
 195  Heteronotia_binoei_HQ132865       0.00%    passed     99.53%
 196  Heteronotia_binoei_HQ132874       0.00%    passed     90.89%
 197  Heteronotia_binoei_HQ132879       0.00%    passed     65.91%
 198  Heteronotia_binoei_HQ132881       0.00%    passed     97.67%
 199  Heteronotia_binoei_HQ132883      12.24%    passed     99.43%
 200  Heteronotia_binoei_HQ132889       0.00%    passed     81.61%
 201  Heteronotia_binoei_HQ132891       0.00%    passed     90.81%
 202  Heteronotia_binoei_HQ132899       0.00%    passed     99.63%
 203  Heteronotia_binoei_HQ132904       0.00%    passed     93.47%
 204  Heteronotia_binoei_HQ132905       0.00%    passed     99.70%
 205  Heteronotia_binoei_HQ132910       0.00%    passed     99.57%
 206  Heteronotia_binoei_HQ132914       0.10%    passed     93.02%
 207  Heteronotia_binoei_HQ132915       0.00%    passed     61.16%
 208  Heteronotia_binoei_HQ132916       0.00%    passed     99.06%
 209  Heteronotia_binoei_HQ132917       0.19%    passed     73.01%
 210  Heteronotia_binoei_HQ132918       0.29%    passed     99.08%
 211  Heteronotia_binoei_HQ132919       0.10%    passed     98.70%
 212  Heteronotia_binoei_HQ646373       0.00%    passed     72.28%
 213  Heteronotia_binoei_HQ646375       0.00%    passed     45.35%
 214  Heteronotia_binoei_MKF432         2.41%    passed     95.55%
 215  Heteronotia_planiceps_HQ132796    0.00%    passed     50.66%
****  TOTAL                             0.31%  0 sequences failed composition chi2 test (p-value<5%; df=3)
Checking for duplicate sequences: done in 0.00205295 secs using 43.01% CPU


Create initial parsimony tree by phylogenetic likelihood library (PLL)... 0.055 seconds
Perform fast likelihood tree search using GTR+I+G model...
Estimate model parameters (epsilon = 5.000)
Perform nearest neighbor interchange...
Estimate model parameters (epsilon = 1.000)
1. Initial log-likelihood: -17381.143
2. Current log-likelihood: -17379.782
3. Current log-likelihood: -17378.665
4. Current log-likelihood: -17377.561
5. Current log-likelihood: -17376.437
6. Current log-likelihood: -17375.394
Optimal log-likelihood: -17374.052
Rate parameters:  A-C: 1.21932  A-G: 23.07484  A-T: 1.23180  C-G: 0.89305  C-T: 10.71106  G-T: 1.00000
Base frequencies:  A: 0.343  C: 0.354  G: 0.092  T: 0.211
Proportion of invariable sites: 0.299
Gamma shape alpha: 0.791
Parameters optimization took 6 rounds (1.884 sec)
Time for fast ML tree search: 6.123 seconds

NOTE: ModelFinder requires 43 MB RAM!
ModelFinder will test up to 968 DNA models (sample size: 1038 epsilon: 0.100) ...
 No. Model         -LnL         df  AIC          AICc         BIC
  1  JC            20761.355    427 42376.711    42975.911    44488.248
  2  JC+I          19683.777    428 40223.554    40826.550    42340.036
  3  JC+G4         19312.719    428 39481.437    40084.432    41597.919
  4  JC+I+G4       19278.397    429 39414.795    40021.604    41536.221
  5  JC+R2         19405.443    429 39668.885    40275.695    41790.312
  6  JC+R3         19282.039    431 39426.079    40040.574    41557.396
  7  JC+R4         19261.034    433 39388.068    40010.327    41529.275
  8  JC+R5         19254.788    435 39379.575    40009.675    41530.673
 14  JC+I+R2       19308.189    430 39476.378    40087.020    41602.750
 15  JC+I+R3       19267.450    432 39398.900    40017.267    41535.162
 16  JC+I+R4       19253.776    434 39375.552    40001.721    41521.704
 17  JC+I+R5       19253.534    436 39379.069    40013.119    41535.111
 29  JC+R4         19261.034    433 39388.068    40010.327    41529.275
 30  JC+R5         19254.788    435 39379.575    40009.675    41530.673
 38  JC+I+R4       19253.776    434 39375.552    40001.721    41521.704
 51  F81+R4        19260.941    433 39387.881    40010.139    41529.088
 52  F81+R5        19254.601    435 39379.202    40009.302    41530.299
 60  F81+I+R4      19253.719    434 39375.438    40001.608    41521.591
 73  F81+F+R4      19348.794    436 39569.588    40203.638    41725.631
 74  F81+F+R5      19341.901    438 39559.803    40201.813    41725.735
 82  F81+F+I+R4    19340.571    437 39555.143    40193.163    41716.130
 95  K2P+R4        17870.744    434 36609.489    37235.658    38755.641
 96  K2P+R5        17862.510    436 36597.020    37231.070    38753.062
104  K2P+I+R4      17862.069    435 36594.139    37224.239    38745.236
117  K2P+R4        17870.744    434 36609.489    37235.658    38755.641
118  K2P+R5        17862.510    436 36597.020    37231.070    38753.062
126  K2P+I+R4      17862.069    435 36594.139    37224.239    38745.236
139  HKY+R4        17870.738    434 36609.477    37235.646    38755.629
140  HKY+R5        17862.324    436 36596.648    37230.698    38752.690
148  HKY+I+R4      17862.063    435 36594.126    37224.225    38745.223
161  HKY+F+R4      17431.187    437 35736.374    36374.394    37897.361
162  HKY+F+R5      17423.009    439 35724.019    36370.039    37894.896
170  HKY+F+I+R4    17420.392    438 35716.785    36358.795    37882.717
183  TNe+R4        17859.097    435 36588.194    37218.294    38739.291
184  TNe+R5        17851.403    437 36576.805    37214.825    38737.793
192  TNe+I+R4      17852.366    436 36576.733    37210.782    38732.775
205  TNe+R4        17859.097    435 36588.194    37218.294    38739.291
206  TNe+R5        17851.403    437 36576.805    37214.825    38737.793
214  TNe+I+R4      17852.366    436 36576.733    37210.782    38732.775
227  TN+R4         17859.069    435 36588.138    37218.238    38739.236
228  TN+R5         17851.263    437 36576.527    37214.547    38737.514
236  TN+I+R4       17852.306    436 36576.613    37210.663    38732.655
249  TN+F+R4       17362.809    438 35601.619    36243.629    37767.551
250  TN+F+R5       17357.079    440 35594.159    36244.209    37769.981
258  TN+F+I+R4     17358.031    439 35594.062    36240.082    37764.939
271  K3P+R4        17832.772    435 36535.544    37165.644    38686.641
272  K3P+R5        17822.343    437 36518.686    37156.706    38679.673
280  K3P+I+R4      17824.069    436 36520.138    37154.188    38676.180
293  K3P+R4        17832.772    435 36535.544    37165.644    38686.641
294  K3P+R5        17822.343    437 36518.686    37156.706    38679.673
302  K3P+I+R4      17824.069    436 36520.138    37154.188    38676.180
315  K3Pu+R4       17832.773    435 36535.546    37165.646    38686.644
316  K3Pu+R5       17822.328    437 36518.657    37156.677    38679.644
324  K3Pu+I+R4     17824.070    436 36520.139    37154.189    38676.181
337  K3Pu+F+R4     17431.087    438 35738.175    36380.185    37904.107
338  K3Pu+F+R5     17421.849    440 35723.698    36373.748    37899.521
346  K3Pu+F+I+R4   17420.089    439 35718.178    36364.198    37889.055
359  TPM2+R4       17765.503    435 36401.006    37031.106    38552.103
360  TPM2+R5       17754.822    437 36383.644    37021.664    38544.631
368  TPM2+I+R4     17756.660    436 36385.321    37019.371    38541.363
381  TPM2+R4       17765.503    435 36401.006    37031.106    38552.103
382  TPM2+R5       17754.822    437 36383.644    37021.664    38544.631
390  TPM2+I+R4     17756.660    436 36385.321    37019.371    38541.363
403  TPM2u+R4      17765.484    435 36400.967    37031.067    38552.064
404  TPM2u+R5      17754.732    437 36383.463    37021.483    38544.450
412  TPM2u+I+R4    17756.650    436 36385.299    37019.349    38541.341
425  TPM2u+F+R4    17428.995    438 35733.989    36375.999    37899.922
426  TPM2u+F+R5    17419.868    440 35719.735    36369.785    37895.558
434  TPM2u+F+I+R4  17417.978    439 35713.955    36359.975    37884.833
447  TPM3+R4       17864.249    435 36598.498    37228.598    38749.595
448  TPM3+R5       17853.953    437 36581.906    37219.926    38742.894
456  TPM3+I+R4     17855.419    436 36582.839    37216.889    38738.881
469  TPM3+R4       17864.249    435 36598.498    37228.598    38749.595
470  TPM3+R5       17853.953    437 36581.906    37219.926    38742.894
478  TPM3+I+R4     17855.419    436 36582.839    37216.889    38738.881
491  TPM3u+R4      17864.235    435 36598.469    37228.569    38749.567
492  TPM3u+R5      17853.870    437 36581.740    37219.760    38742.727
500  TPM3u+I+R4    17855.418    436 36582.837    37216.887    38738.879
513  TPM3u+F+R4    17431.547    438 35739.095    36381.105    37905.027
514  TPM3u+F+R5    17422.415    440 35724.830    36374.880    37900.652
522  TPM3u+F+I+R4  17420.502    439 35719.003    36365.024    37889.881
535  TIMe+R4       17820.175    436 36512.350    37146.400    38668.392
536  TIMe+R5       17812.508    438 36501.015    37143.025    38666.947
544  TIMe+I+R4     17813.599    437 36501.198    37139.218    38662.186
557  TIMe+R4       17820.175    436 36512.350    37146.400    38668.392
558  TIMe+R5       17812.508    438 36501.015    37143.025    38666.947
566  TIMe+I+R4     17813.599    437 36501.198    37139.218    38662.186
579  TIM+R4        17820.160    436 36512.319    37146.369    38668.361
580  TIM+R5        17812.406    438 36500.812    37142.822    38666.744
588  TIM+I+R4      17813.539    437 36501.078    37139.098    38662.066
601  TIM+F+R4      17362.470    439 35602.939    36248.959    37773.817
602  TIM+F+R5      17356.790    441 35595.581    36249.681    37776.348
610  TIM+F+I+R4    17357.856    440 35595.711    36245.761    37771.534
623  TIM2e+R4      17760.200    436 36392.400    37026.450    38548.443
624  TIM2e+R5      17751.188    438 36378.376    37020.386    38544.309
632  TIM2e+I+R4    17752.885    437 36379.769    37017.789    38540.756
645  TIM2e+R4      17760.200    436 36392.400    37026.450    38548.443
646  TIM2e+R5      17751.188    438 36378.376    37020.386    38544.309
654  TIM2e+I+R4    17752.885    437 36379.769    37017.789    38540.756
667  TIM2+R4       17760.179    436 36392.358    37026.408    38548.400
668  TIM2+R5       17751.165    438 36378.330    37020.340    38544.262
676  TIM2+I+R4     17752.833    437 36379.666    37017.686    38540.654
689  TIM2+F+R4     17360.328    439 35598.657    36244.677    37769.534
690  TIM2+F+R5     17355.384    441 35592.768    36246.869    37773.536
698  TIM2+F+I+R4   17355.750    440 35591.501    36241.551    37767.323
711  TIM3e+R4      17850.464    436 36572.927    37206.977    38728.970
712  TIM3e+R5      17842.721    438 36561.442    37203.452    38727.375
720  TIM3e+I+R4    17843.665    437 36561.330    37199.350    38722.317
733  TIM3e+R4      17850.464    436 36572.927    37206.977    38728.970
734  TIM3e+R5      17842.721    438 36561.442    37203.452    38727.375
742  TIM3e+I+R4    17843.665    437 36561.330    37199.350    38722.317
755  TIM3+R4       17850.465    436 36572.929    37206.979    38728.971
756  TIM3+R5       17842.674    438 36561.348    37203.358    38727.281
764  TIM3+I+R4     17843.605    437 36561.210    37199.230    38722.197
777  TIM3+F+R4     17362.263    439 35602.525    36248.545    37773.403
778  TIM3+F+R5     17357.492    441 35596.985    36251.085    37777.752
786  TIM3+F+I+R4   17357.636    440 35595.272    36245.322    37771.094
799  TVMe+R4       17755.662    437 36385.325    37023.345    38546.312
800  TVMe+R5       17741.337    439 36360.674    37006.694    38531.552
808  TVMe+I+R4     17743.291    438 36362.582    37004.592    38528.514
821  TVMe+R4       17755.662    437 36385.325    37023.345    38546.312
822  TVMe+R5       17741.337    439 36360.674    37006.694    38531.552
830  TVMe+I+R4     17743.291    438 36362.582    37004.592    38528.514
843  TVM+R4        17755.577    437 36385.155    37023.175    38546.142
844  TVM+R5        17741.313    439 36360.625    37006.645    38531.503
852  TVM+I+R4      17743.236    438 36362.473    37004.483    38528.405
865  TVM+F+R4      17428.038    440 35736.077    36386.127    37911.899
866  TVM+F+R5      17419.762    442 35723.523    36381.695    37909.236
874  TVM+F+I+R4    17417.854    441 35717.708    36371.809    37898.475
887  SYM+R4        17745.114    438 36366.228    37008.238    38532.161
888  SYM+R5        17736.612    440 36353.224    37003.274    38529.046
896  SYM+I+R4      17737.716    439 36353.432    36999.452    38524.309
909  SYM+R4        17745.114    438 36366.228    37008.238    38532.161
910  SYM+R5        17736.612    440 36353.224    37003.274    38529.046
918  SYM+I+R4      17737.716    439 36353.432    36999.452    38524.309
931  GTR+R4        17745.103    438 36366.206    37008.216    38532.138
932  GTR+R5        17736.506    440 36353.012    37003.063    38528.835
940  GTR+I+R4      17737.697    439 36353.394    36999.414    38524.271
953  GTR+F+R4      17360.074    441 35602.148    36256.249    37782.916
954  GTR+F+R5      17355.058    443 35596.116    36258.379    37786.774
962  GTR+F+I+R4    17355.504    442 35595.008    36253.179    37780.720
Akaike Information Criterion:           TIM2+F+I+R4
Corrected Akaike Information Criterion: TN+F+I+R4
Bayesian Information Criterion:         TN+F+I+R4
Best-fit model: TN+F+I+R4 chosen according to BIC

All model information printed to data_training/dna_M8703_215_1038.phy/output_files/iqtree/inference/pars_11.model.gz
CPU time for ModelFinder: 477.363 seconds (0h:7m:57s)
Wall-clock time for ModelFinder: 470.274 seconds (0h:7m:50s)

NOTE: 17 MB RAM (0 GB) is required!
Estimate model parameters (epsilon = 0.010)
1. Initial log-likelihood: -17359.716
2. Current log-likelihood: -17357.941
3. Current log-likelihood: -17357.756
4. Current log-likelihood: -17357.722
5. Current log-likelihood: -17357.691
6. Current log-likelihood: -17357.667
7. Current log-likelihood: -17357.655
8. Current log-likelihood: -17357.643
9. Current log-likelihood: -17357.632
10. Current log-likelihood: -17357.621
Optimal log-likelihood: -17357.606
Rate parameters:  A-C: 1.00000  A-G: 19.99809  A-T: 1.00000  C-G: 1.00000  C-T: 9.21933  G-T: 1.00000
Base frequencies:  A: 0.343  C: 0.354  G: 0.092  T: 0.211
Proportion of invariable sites: 0.318
Site proportion and rates:  (0.230,0.190) (0.202,0.986) (0.203,2.519) (0.047,5.241)
Parameters optimization took 10 rounds (2.284 sec)
Wrote distance file to... 
BEST SCORE FOUND : -17357.606
Total tree length: 4.915

Total number of iterations: 0
CPU time used for tree search: 0.000 sec (0h:0m:0s)
Wall-clock time used for tree search: 0.000 sec (0h:0m:0s)
Total CPU time used: 479.683 sec (0h:7m:59s)
Total wall-clock time used: 472.581 sec (0h:7m:52s)

Analysis results written to: 
  IQ-TREE report:                data_training/dna_M8703_215_1038.phy/output_files/iqtree/inference/pars_11.iqtree
  Maximum-likelihood tree:       data_training/dna_M8703_215_1038.phy/output_files/iqtree/inference/pars_11.treefile
  Screen log file:               data_training/dna_M8703_215_1038.phy/output_files/iqtree/inference/pars_11.log

Date and Time: Wed Sep 24 14:57:48 2025
