IQ-TREE version 3.0.1 for Linux x86 64-bit built Sep 23 2025
Developed by Bui Quang Minh, Thomas Wong, Nhan Ly-Trong, Huaiyan Ren
Contributed by Lam-Tung Nguyen, Dominik Schrempf, Chris Bielow,
Olga Chernomor, Michael Woodhams, Diep Thi Hoang, Heiko Schmidt

Host:    cnode01.hpc.vast.vn (AVX512, FMA3, 125 GB RAM)
Command: /datausers/ioit/thaontp/tranthanhvan235/iqtree3/build/iqtree3 -s /datausers/ioit/thaontp/tranthanhvan235/data_treebase/remainMSAs/prot_M7078_77_12457.phy -pre training_data/prot_M7078_77_12457.phy/output_files/iqtree/inference/pars_15 -seed 15 -ninit 1 -T 1 -redo -n 0 -nt AUTO
Seed:    15 (Using SPRNG - Scalable Parallel Random Number Generator)
Time:    Tue Oct  7 13:12:12 2025
Kernel:  AVX+FMA - auto-detect threads (56 CPU cores detected)

Reading alignment file /datausers/ioit/thaontp/tranthanhvan235/data_treebase/remainMSAs/prot_M7078_77_12457.phy ... Phylip format detected
Alignment most likely contains protein sequences
Constructing alignment: done in 0.131294 secs using 605.5% CPU
Alignment has 77 sequences with 12457 columns, 10935 distinct patterns
6786 parsimony-informative, 2001 singleton sites, 3670 constant sites
                   Gap/Ambiguity  Composition  p-value
Analyzing sequences: done in 0.0240976 secs using 2347% CPU
   1  Acetabularia        78.67%    failed      0.00%
   2  Acorus               0.49%    passed     98.63%
   3  Adiantum             1.09%    passed     99.99%
   4  Alismatales          4.63%    passed     99.62%
   5  Amborella            1.77%    passed     99.37%
   6  Apiales             10.98%    passed     99.88%
   7  Aristolochia         0.52%    passed    100.00%
   8  Asparagales          0.12%    passed     99.99%
   9  Asterales            0.12%    passed     99.19%
  10  Brassicales          0.02%    passed     99.85%
  11  Caryophyllales       1.53%    passed     99.40%
  12  Ceratodon           51.10%    failed      0.00%
  13  Ceratopteris         3.22%    passed    100.00%
  14  Chaetosphaeridium    4.97%    passed     64.35%
  15  Chamaecyparis       42.60%    failed      0.34%
  16  Chlamydomonas        2.22%    failed      1.00%
  17  Chlorella           19.88%    failed      2.39%
  18  Chlorokybus         22.48%    passed     55.27%
  19  Closterium           8.45%    passed     44.00%
  20  Coleochaete          5.11%    passed     93.96%
  21  Cryptomeria          2.44%    passed     98.93%
  22  Cucumis              3.57%    passed     99.37%
  23  Cyanophora           3.19%    passed      9.57%
  24  Cycas               10.35%    passed     99.15%
  25  Dunaliella           4.80%    passed     48.82%
  26  Elaeis               0.98%    passed     94.59%
  27  Ericales             0.39%    passed     93.49%
  28  Eucheuma            49.49%    failed      0.00%
  29  Fagales              0.07%    passed     99.98%
  30  Gentianales          0.24%    passed     99.95%
  31  Ginkgo               2.54%    passed     99.92%
  32  Gnetum              45.63%    failed      2.37%
  33  Gracilaria          19.04%    failed      0.22%
  34  Haematococcus       77.27%    failed      0.00%
  35  Huperzia            48.32%    failed      0.00%
  36  Illicium            83.97%    failed      0.00%
  37  Klebsormidium       27.98%    passed      9.95%
  38  Lamiales             0.18%    passed     99.77%
  39  Liriodendron         0.12%    passed     99.99%
  40  Lotus                0.13%    passed     99.96%
  41  Malpighiales         0.05%    passed     99.95%
  42  Malvales             0.21%    passed     98.53%
  43  Marchantia           0.35%    passed    100.00%
  44  Mesostigma           1.71%    passed     82.70%
  45  Micromonas           5.52%    failed      0.03%
  46  Myrtales             4.45%    passed     99.98%
  47  Nitella              7.04%    passed     49.38%
  48  Nuphar               0.04%    passed     99.99%
  49  Ostreococcus        61.07%    failed      0.00%
  50  Penium               4.74%    passed     25.26%
  51  Persea               8.89%    passed     83.96%
  52  Phalaenopsis        32.36%    passed     20.59%
  53  Physcomitrella       0.18%    passed     89.32%
  54  Picea                0.10%    passed     99.89%
  55  Pinus                0.21%    passed     99.85%
  56  Poales               0.29%    passed     96.40%
  57  Polytomella          6.34%    failed      0.04%
  58  Porphyra            14.22%    failed      0.00%
  59  Prototheca          18.78%    failed      0.00%
  60  Pseudotsuga         15.74%    passed     99.19%
  61  Ranunculales         0.10%    passed     99.28%
  62  Rosales              0.81%    passed     99.92%
  63  Sapindales           0.28%    passed     99.91%
  64  Saruma               2.82%    passed     99.92%
  65  Saxifragales         5.87%    passed     88.71%
  66  Scenedesmus          8.88%    failed      0.80%
  67  Scherffelia         62.73%    failed      0.00%
  68  Selaginella          0.71%    passed     99.99%
  69  Solanales            0.03%    passed     93.59%
  70  Spirogyra           12.57%    passed     36.60%
  71  Taiwania            70.33%    failed      0.00%
  72  Tortula              4.82%    passed     97.48%
  73  Vitis                0.07%    passed     98.80%
  74  Volvox               2.97%    passed     25.69%
  75  Welwitschia          6.52%    passed     95.14%
  76  Zamia                1.58%    passed     98.99%
  77  Zingiberales         0.09%    passed     99.77%
WARNING: 7 sequences contain more than 50% gaps/ambiguity
****  TOTAL               13.04%  19 sequences failed composition chi2 test (p-value<5%; df=19)
Checking for duplicate sequences: done in 0.0357543 secs using 2389% CPU


Create initial parsimony tree by phylogenetic likelihood library (PLL)... 0.817 seconds
Measuring multi-threading efficiency up to 56 CPU cores
7 trees examined
Threads: 1 / Time: 57.153 sec / Speedup: 1.000 / Efficiency: 100% / LogL: -463169
Threads: 2 / Time: 31.680 sec / Speedup: 1.804 / Efficiency: 90% / LogL: -463169
Threads: 3 / Time: 24.394 sec / Speedup: 2.343 / Efficiency: 78% / LogL: -463169
Threads: 4 / Time: 21.274 sec / Speedup: 2.686 / Efficiency: 67% / LogL: -463169
Threads: 5 / Time: 22.943 sec / Speedup: 2.491 / Efficiency: 50% / LogL: -463169
Determining AUTO threadcount: done in 157.467 secs using 211.7% CPU
BEST NUMBER OF THREADS: 4

Perform fast likelihood tree search using LG+I+G model...
Estimate model parameters (epsilon = 5.000)
Perform nearest neighbor interchange...
Estimate model parameters (epsilon = 1.000)
1. Initial log-likelihood: -376091.750
2. Current log-likelihood: -376090.436
Optimal log-likelihood: -376089.953
Proportion of invariable sites: 0.208
Gamma shape alpha: 0.798
Parameters optimization took 2 rounds (13.238 sec)
Time for fast ML tree search: 113.866 seconds

NOTE: ModelFinder requires 1303 MB RAM!
ModelFinder will test up to 1232 protein models (sample size: 12457 epsilon: 0.100) ...
 No. Model         -LnL         df  AIC          AICc         BIC
  1  LG            410216.325   151 820734.650   820738.381   821856.586
  2  LG+I          394170.428   152 788644.856   788648.636   789774.221
  3  LG+G4         376611.461   152 753526.922   753530.702   754656.288
  4  LG+I+G4       376089.594   153 752485.188   752489.018   753621.983
  5  LG+R2         381033.028   153 762372.055   762375.885   763508.851
  6  LG+R3         376584.071   155 753478.142   753482.073   754629.798
  7  LG+R4         375629.339   157 751572.678   751576.712   752739.194
  8  LG+R5         375285.148   159 750888.297   750892.434   752069.673
  9  LG+R6         375200.705   161 750723.410   750727.653   751919.646
 10  LG+R7         375200.390   163 750726.780   750731.129   751937.876
 14  LG+I+R2       378402.461   154 757112.922   757116.803   758257.148
 15  LG+I+R3       375902.138   156 752116.276   752120.259   753275.362
 16  LG+I+R4       375364.709   158 751045.419   751049.504   752219.365
 17  LG+I+R5       375214.903   160 750749.806   750753.996   751938.612
 18  LG+I+R6       375192.516   162 750709.032   750713.328   751912.698
 19  LG+I+R7       375192.047   164 750712.094   750716.497   751930.620
 31  LG+F+R6       375555.561   180 751471.121   751476.429   752808.528
 40  LG+F+I+R6     375541.351   181 751444.702   751450.070   752789.539
 53  WAG+R6        378222.352   161 756766.703   756770.946   757962.939
 62  WAG+I+R6      378210.403   162 756744.806   756749.101   757948.472
 75  WAG+F+R6      378925.479   180 758210.957   758216.265   759548.364
 84  WAG+F+I+R6    378911.382   181 758184.764   758190.131   759529.601
 97  JTT+R6        379195.077   161 758712.154   758716.397   759908.390
106  JTT+I+R6      379185.290   162 758694.580   758698.876   759898.246
119  JTT+F+R6      379331.922   180 759023.843   759029.151   760361.250
128  JTT+F+I+R6    379316.114   181 758994.229   758999.596   760339.066
141  Q.PFAM+R6     375749.523   161 751821.045   751825.288   753017.281
150  Q.PFAM+I+R6   375747.361   162 751818.722   751823.018   753022.388
163  Q.PFAM+F+R6   375862.117   180 752084.235   752089.542   753421.641
172  Q.PFAM+F+I+R6 375855.490   181 752072.981   752078.348   753417.818
185  Q.BIRD+R6     388899.658   161 778121.316   778125.558   779317.552
194  Q.BIRD+I+R6   388883.266   162 778090.531   778094.827   779294.197
207  Q.BIRD+F+R6   389246.041   180 778852.083   778857.391   780189.490
216  Q.BIRD+F+I+R6 389229.063   181 778820.126   778825.494   780164.963
229  Q.MAMMAL+R6   384724.262   161 769770.525   769774.768   770966.761
238  Q.MAMMAL+I+R6 384708.213   162 769740.426   769744.722   770944.092
251  Q.MAMMAL+F+R6 384998.934   180 770357.867   770363.175   771695.274
260  Q.MAMMAL+F+I+R6 384984.618   181 770331.236   770336.603   771676.073
273  Q.INSECT+R6   373771.211   161 747864.422   747868.665   749060.658
282  Q.INSECT+I+R6 373763.780   162 747851.560   747855.856   749055.226
295  Q.INSECT+F+R6 373992.564   180 748345.128   748350.436   749682.535
304  Q.INSECT+F+I+R6 373978.976   181 748319.952   748325.319   749664.789
317  Q.PLANT+R6    378717.346   161 757756.692   757760.935   758952.928
326  Q.PLANT+I+R6  378700.860   162 757725.721   757730.017   758929.387
339  Q.PLANT+F+R6  379415.507   180 759191.014   759196.322   760528.421
348  Q.PLANT+F+I+R6 379394.512   181 759151.024   759156.392   760495.861
361  Q.YEAST+R6    374535.216   161 749392.433   749396.675   750588.669
370  Q.YEAST+I+R6  374532.343   162 749388.686   749392.982   750592.352
383  Q.YEAST+F+R6  374334.287   180 749028.573   749033.881   750365.980
392  Q.YEAST+F+I+R6 374326.126   181 749014.252   749019.619   750359.089
405  JTTDCMUT+R6   379027.762   161 758377.524   758381.767   759573.760
414  JTTDCMUT+I+R6 379018.274   162 758360.547   758364.843   759564.214
427  JTTDCMUT+F+R6 379171.712   180 758703.425   758708.733   760040.832
436  JTTDCMUT+F+I+R6 379156.930   181 758675.859   758681.226   760020.696
449  DCMUT+R6      379673.904   161 759669.808   759674.050   760866.044
458  DCMUT+I+R6    379650.625   162 759625.249   759629.545   760828.916
471  DCMUT+F+R6    379031.636   180 758423.272   758428.580   759760.679
480  DCMUT+F+I+R6  379010.217   181 758382.434   758387.801   759727.271
493  VT+R6         380446.610   161 761215.220   761219.463   762411.456
502  VT+I+R6       380438.882   162 761201.764   761206.060   762405.430
515  VT+F+R6       380712.416   180 761784.833   761790.141   763122.240
524  VT+F+I+R6     380701.278   181 761764.556   761769.923   763109.393
537  PMB+R6        383790.095   161 767902.190   767906.433   769098.426
546  PMB+I+R6      383785.307   162 767894.614   767898.910   769098.280
559  PMB+F+R6      384033.691   180 768427.383   768432.691   769764.790
568  PMB+F+I+R6    384026.254   181 768414.508   768419.876   769759.345
581  BLOSUM62+R6   383440.379   161 767202.758   767207.001   768398.994
590  BLOSUM62+I+R6 383436.046   162 767196.092   767200.388   768399.758
603  BLOSUM62+F+R6 384056.041   180 768472.083   768477.391   769809.490
612  BLOSUM62+F+I+R6 384046.793   181 768455.587   768460.954   769800.424
625  DAYHOFF+R6    379623.254   161 759568.509   759572.752   760764.745
634  DAYHOFF+I+R6  379600.314   162 759524.627   759528.923   760728.294
647  DAYHOFF+F+R6  378988.113   180 758336.226   758341.534   759673.633
656  DAYHOFF+F+I+R6 378967.407   181 758296.814   758302.181   759641.651
669  MTREV+R6      402314.239   161 804950.479   804954.721   806146.715
678  MTREV+I+R6    402274.745   162 804873.489   804877.785   806077.156
691  MTREV+F+R6    386696.808   180 773753.616   773758.924   775091.023
700  MTREV+F+I+R6  386655.666   181 773673.333   773678.700   775018.170
713  MTART+R6      400795.072   161 801912.144   801916.387   803108.380
722  MTART+I+R6    400704.614   162 801733.229   801737.525   802936.895
735  MTART+F+R6    385959.445   180 772278.890   772284.198   773616.297
744  MTART+F+I+R6  385890.609   181 772143.219   772148.586   773488.055
757  MTZOA+R6      391137.464   161 782596.927   782601.170   783793.163
766  MTZOA+I+R6    391081.093   162 782486.186   782490.482   783689.853
779  MTZOA+F+R6    381066.719   180 762493.437   762498.745   763830.844
788  MTZOA+F+I+R6  381020.447   181 762402.894   762408.262   763747.731
801  MTMET+R6      400673.477   161 801668.954   801673.197   802865.190
810  MTMET+I+R6    400644.719   162 801613.438   801617.734   802817.105
823  MTMET+F+R6    385050.168   180 770460.335   770465.643   771797.742
832  MTMET+F+I+R6  385024.452   181 770410.904   770416.271   771755.741
845  MTVER+R6      408091.696   161 816505.391   816509.634   817701.627
854  MTVER+I+R6    408059.921   162 816443.843   816448.138   817647.509
867  MTVER+F+R6    392739.650   180 785839.300   785844.608   787176.707
876  MTVER+F+I+R6  392712.437   181 785786.874   785792.241   787131.711
889  MTINV+R6      400092.042   161 800506.083   800510.326   801702.320
898  MTINV+I+R6    400076.190   162 800476.380   800480.676   801680.047
911  MTINV+F+R6    381395.223   180 763150.446   763155.754   764487.853
920  MTINV+F+I+R6  381374.459   181 763110.919   763116.286   764455.756
933  MTMAM+R6      413292.396   161 826906.792   826911.035   828103.028
942  MTMAM+I+R6    413193.293   162 826710.587   826714.882   827914.253
955  MTMAM+F+R6    396639.327   180 793638.654   793643.962   794976.061
964  MTMAM+F+I+R6  396589.422   181 793540.844   793546.212   794885.681
977  FLAVI+R6      399698.971   161 799719.942   799724.185   800916.179
986  FLAVI+I+R6    399684.779   162 799693.558   799697.854   800897.225
999  FLAVI+F+R6    400450.884   180 801261.767   801267.075   802599.174
1008  FLAVI+F+I+R6  400409.294   181 801180.589   801185.956   802525.426
1021  HIVB+R6       393441.570   161 787205.139   787209.382   788401.375
1030  HIVB+I+R6     393409.299   162 787142.597   787146.893   788346.263
1043  HIVB+F+R6     392396.232   180 785152.463   785157.771   786489.870
1052  HIVB+F+I+R6   392354.747   181 785071.494   785076.861   786416.331
1065  HIVW+R6       412933.823   161 826189.645   826193.888   827385.881
1074  HIVW+I+R6     412904.279   162 826132.559   826136.855   827336.225
1087  HIVW+F+R6     408989.152   180 818338.304   818343.612   819675.711
1096  HIVW+F+I+R6   408964.494   181 818290.989   818296.356   819635.826
1109  FLU+R6        388590.865   161 777503.730   777507.973   778699.966
1118  FLU+I+R6      388570.260   162 777464.521   777468.817   778668.187
1131  FLU+F+R6      388695.748   180 777751.495   777756.803   779088.902
1140  FLU+F+I+R6    388655.096   181 777672.191   777677.559   779017.028
1153  RTREV+R6      379146.489   161 758614.978   758619.220   759811.214
1162  RTREV+I+R6    379138.622   162 758601.244   758605.539   759804.910
1175  RTREV+F+R6    377241.407   180 754842.814   754848.122   756180.221
1184  RTREV+F+I+R6  377231.779   181 754825.558   754830.926   756170.395
1197  CPREV+R6      382629.970   161 765581.941   765586.183   766778.177
1206  CPREV+I+R6    382604.642   162 765533.283   765537.579   766736.949
1219  CPREV+F+R6    383856.966   180 768073.931   768079.239   769411.338
1228  CPREV+F+I+R6  383827.006   181 768016.012   768021.380   769360.849
Akaike Information Criterion:           Q.INSECT+I+R6
Corrected Akaike Information Criterion: Q.INSECT+I+R6
Bayesian Information Criterion:         Q.INSECT+I+R6
Best-fit model: Q.INSECT+I+R6 chosen according to BIC

All model information printed to training_data/prot_M7078_77_12457.phy/output_files/iqtree/inference/pars_15.model.gz
CPU time for ModelFinder: 125409.629 seconds (34h:50m:9s)
Wall-clock time for ModelFinder: 39432.470 seconds (10h:57m:12s)

NOTE: 782 MB RAM (0 GB) is required!
Estimate model parameters (epsilon = 0.010)
1. Initial log-likelihood: -373782.103
2. Current log-likelihood: -373765.036
3. Current log-likelihood: -373764.405
4. Current log-likelihood: -373764.175
5. Current log-likelihood: -373764.012
6. Current log-likelihood: -373763.909
7. Current log-likelihood: -373763.828
8. Current log-likelihood: -373763.760
9. Current log-likelihood: -373763.729
10. Current log-likelihood: -373763.694
11. Current log-likelihood: -373763.665
12. Current log-likelihood: -373763.639
13. Current log-likelihood: -373763.613
14. Current log-likelihood: -373763.589
15. Current log-likelihood: -373763.565
16. Current log-likelihood: -373763.543
17. Current log-likelihood: -373763.533
18. Current log-likelihood: -373763.520
19. Current log-likelihood: -373763.509
20. Current log-likelihood: -373763.498
21. Current log-likelihood: -373763.488
Optimal log-likelihood: -373763.470
Proportion of invariable sites: 0.176
Site proportion and rates:  (0.286,0.142) (0.197,0.572) (0.172,1.362) (0.112,2.716) (0.047,4.727) (0.010,8.855)
Parameters optimization took 21 rounds (517.945 sec)
Wrote distance file to... 
BEST SCORE FOUND : -373763.470
Total tree length: 8.127

Total number of iterations: 0
CPU time used for tree search: 0.000 sec (0h:0m:0s)
Wall-clock time used for tree search: 0.000 sec (0h:0m:0s)
Total CPU time used: 127086.142 sec (35h:18m:6s)
Total wall-clock time used: 39951.367 sec (11h:5m:51s)

Analysis results written to: 
  IQ-TREE report:                training_data/prot_M7078_77_12457.phy/output_files/iqtree/inference/pars_15.iqtree
  Maximum-likelihood tree:       training_data/prot_M7078_77_12457.phy/output_files/iqtree/inference/pars_15.treefile
  Screen log file:               training_data/prot_M7078_77_12457.phy/output_files/iqtree/inference/pars_15.log

Date and Time: Wed Oct  8 00:18:04 2025
e/inference/pars_15.log

Date and Time: Wed Oct  8 00:18:04 2025
