IQ-TREE version 3.0.1 for Linux x86 64-bit built Sep 12 2025
Developed by Bui Quang Minh, Thomas Wong, Nhan Ly-Trong, Huaiyan Ren
Contributed by Lam-Tung Nguyen, Dominik Schrempf, Chris Bielow,
Olga Chernomor, Michael Woodhams, Diep Thi Hoang, Heiko Schmidt

Host:    vanvan-Latitude-9520 (AVX512, FMA3, 31 GB RAM)
Command: /usr/local/bin/iqtree3 -s /home/vanvan/Downloads/data_treebase/DIU_TRAINING_DATA/data5/prot_M12376_116_327.phy -pre training_data/prot_M12376_116_327.phy/output_files/iqtree/inference/pars_11 -seed 11 -ninit 1 -T 1 -redo -n 0 -nt AUTO
Seed:    11 (Using SPRNG - Scalable Parallel Random Number Generator)
Time:    Thu Sep 25 09:57:51 2025
Kernel:  AVX+FMA - auto-detect threads (8 CPU cores detected)

Reading alignment file /home/vanvan/Downloads/data_treebase/DIU_TRAINING_DATA/data5/prot_M12376_116_327.phy ... Phylip format detected
Alignment most likely contains protein sequences
Constructing alignment: done in 0.0013549 secs using 93.14% CPU
Alignment has 116 sequences with 327 columns, 319 distinct patterns
271 parsimony-informative, 26 singleton sites, 30 constant sites
                                         Gap/Ambiguity  Composition  p-value
Analyzing sequences: done in 0.000178631 secs using 99.09% CPU
   1  Capsicum_annuum_EL813054                  53.82%    passed     73.84%
   2  Capsicum_annuum_TC12211                   32.11%    passed     46.97%
   3  Capsicum_annuum_TC13858                   35.47%    passed     77.93%
   4  Capsicum_annuum_TC14577                   32.72%    passed     80.04%
   5  Capsicum_annuum_TC15087                   31.50%    passed     98.68%
   6  Capsicum_annuum_TC16370                   37.92%    passed     95.70%
   7  Capsicum_annuum_TC18383                   27.52%    passed     84.23%
   8  Capsicum_annuum_TC18685                   31.80%    failed      3.13%
   9  Capsicum_annuum_TC19010                   22.32%    passed     90.05%
  10  Capsicum_annuum_TC21247                   47.40%    passed     66.94%
  11  Capsicum_annuum_TC23108                   35.47%    passed     78.23%
  12  Capsicum_annuum_TC24383                   36.09%    passed     92.26%
  13  Capsicum_annuum_TC25350                   31.80%    failed      0.52%
  14  Nicotiana_benthamiana_GU183155___NbMLP1   37.61%    passed     62.20%
  15  Nicotiana_benthamiana_TC17637___NbMLP3    38.53%    passed     73.84%
  16  Nicotiana_benthamiana_TC17973___NbMLP2    39.14%    passed     90.87%
  17  Nicotiana_tabacum_BP530541                43.43%    passed     85.88%
  18  Nicotiana_tabacum_EB447373                60.86%    passed     88.88%
  19  Nicotiana_tabacum_FG638558                31.50%    passed     59.32%
  20  Nicotiana_tabacum_FG639711                43.43%    passed     21.14%
  21  Nicotiana_tabacum_TC111814                63.91%    passed     96.37%
  22  Nicotiana_tabacum_TC78758___NtKTI1        36.09%    passed     90.75%
  23  Nicotiana_tabacum_TC79198                 38.23%    passed     41.29%
  24  Nicotiana_tabacum_TC79226                 36.09%    passed     99.31%
  25  Nicotiana_tabacum_TC79356                 38.53%    passed     15.33%
  26  Nicotiana_tabacum_TC79402                 25.38%    passed     14.48%
  27  Nicotiana_tabacum_TC80404                 36.09%    passed     85.51%
  28  Nicotiana_tabacum_TC80841                 31.50%    passed     57.95%
  29  Nicotiana_tabacum_TC81122                 36.09%    passed     94.77%
  30  Nicotiana_tabacum_TC81500                 32.42%    passed     92.52%
  31  Nicotiana_tabacum_TC82241                 39.45%    passed     46.60%
  32  Nicotiana_tabacum_TC82801                 34.56%    passed     42.44%
  33  Nicotiana_tabacum_TC83180                 25.99%    failed      2.61%
  34  Nicotiana_tabacum_TC86004                 34.56%    passed     42.78%
  35  Nicotiana_tabacum_TC90991                 22.94%    passed     66.80%
  36  Nicotiana_tabacum_TC92100                 35.78%    passed     75.29%
  37  Nicotiana_tabacum_TC98053                 36.70%    passed     87.41%
  38  Nicotiana_tabacum_TC98666                 69.42%    passed     58.73%
  39  Petunia_hybrida_CV294795                  37.31%    passed     93.16%
  40  Solanum_lycopersicum_AI773878             63.00%    passed     52.65%
  41  Solanum_lycopersicum_ES896941             33.94%    passed     99.51%
  42  Solanum_lycopersicum_ES897002             35.17%    passed     99.64%
  43  Solanum_lycopersicum_TC217632             24.77%    passed     78.38%
  44  Solanum_lycopersicum_TC217707             32.42%    passed     99.46%
  45  Solanum_lycopersicum_TC217951             31.19%    passed     49.74%
  46  Solanum_lycopersicum_TC217974             32.72%    passed     99.56%
  47  Solanum_lycopersicum_TC218284             33.64%    passed     97.82%
  48  Solanum_lycopersicum_TC219524             33.33%    passed     99.00%
  49  Solanum_lycopersicum_TC220017             31.50%    passed     97.23%
  50  Solanum_lycopersicum_TC221390             33.03%    passed     42.41%
  51  Solanum_lycopersicum_TC224061             35.47%    passed     77.08%
  52  Solanum_lycopersicum_TC225756             33.64%    passed     99.68%
  53  Solanum_lycopersicum_TC230159___LeMir     37.31%    passed     66.89%
  54  Solanum_lycopersicum_TC232030             33.33%    passed     99.31%
  55  Solanum_lycopersicum_TC236465             37.31%    passed     97.53%
  56  Solanum_lycopersicum_TC240464             23.55%    passed     91.07%
  57  Solanum_melongena_TC12322                 35.47%    passed     75.48%
  58  Solanum_melongena_TC2953                  34.86%    passed     12.67%
  59  Solanum_melongena_TC4095                  37.31%    passed     80.62%
  60  Solanum_melongena_TC6970                  35.78%    passed     81.25%
  61  Solanum_melongena_TC7853                  34.25%    passed     74.79%
  62  Solanum_melongena_TC8537                  36.39%    passed     91.56%
  63  Solanum_tuberosum_AM907330                80.12%    passed      5.20%
  64  Solanum_tuberosum_AM907904                50.76%    passed     77.62%
  65  Solanum_tuberosum_AM908237                53.21%    passed     16.74%
  66  Solanum_tuberosum_AM908361                70.64%    passed     88.56%
  67  Solanum_tuberosum_CK257553                40.67%    passed     42.35%
  68  Solanum_tuberosum_CN464166                51.68%    failed      0.38%
  69  Solanum_tuberosum_CV286660                34.86%    passed     98.58%
  70  Solanum_tuberosum_CV469145                34.56%    passed     99.19%
  71  Solanum_tuberosum_CV472061                34.86%    passed     85.29%
  72  Solanum_tuberosum_CV472797                28.13%    passed     90.16%
  73  Solanum_tuberosum_CV495171                36.39%    passed     52.71%
  74  Solanum_tuberosum_CV496404                48.62%    passed     90.03%
  75  Solanum_tuberosum_CV501883                43.12%    passed     74.10%
  76  Solanum_tuberosum_DN941528                34.86%    passed     97.64%
  77  Solanum_tuberosum_DV624866                39.76%    passed     64.89%
  78  Solanum_tuberosum_DV626530                32.72%    passed     94.96%
  79  Solanum_tuberosum_DV627360                50.76%    passed     22.91%
  80  Solanum_tuberosum_TC197326                32.11%    passed     92.61%
  81  Solanum_tuberosum_TC197847                35.17%    passed     84.77%
  82  Solanum_tuberosum_TC198032                33.33%    passed     97.67%
  83  Solanum_tuberosum_TC198119                31.19%    passed     93.65%
  84  Solanum_tuberosum_TC198381                32.42%    passed     75.21%
  85  Solanum_tuberosum_TC198434                30.58%    passed     96.86%
  86  Solanum_tuberosum_TC198569                34.86%    passed     97.62%
  87  Solanum_tuberosum_TC199431                33.64%    passed     81.24%
  88  Solanum_tuberosum_TC199586                32.42%    passed     99.34%
  89  Solanum_tuberosum_TC200555                33.33%    passed     29.69%
  90  Solanum_tuberosum_TC200902                33.33%    passed     97.71%
  91  Solanum_tuberosum_TC201268                37.31%    passed     72.92%
  92  Solanum_tuberosum_TC201315                25.38%    passed     49.66%
  93  Solanum_tuberosum_TC201985                35.47%    passed     82.92%
  94  Solanum_tuberosum_TC202145                54.13%    passed     85.92%
  95  Solanum_tuberosum_TC203374                37.31%    passed     73.17%
  96  Solanum_tuberosum_TC203934                32.11%    passed     72.23%
  97  Solanum_tuberosum_TC204257                32.42%    passed     96.67%
  98  Solanum_tuberosum_TC204493                32.72%    passed     76.35%
  99  Solanum_tuberosum_TC204957                33.03%    passed     95.65%
 100  Solanum_tuberosum_TC205315                34.86%    passed     33.97%
 101  Solanum_tuberosum_TC205528                34.56%    passed     89.17%
 102  Solanum_tuberosum_TC207973                44.95%    passed     67.25%
 103  Solanum_tuberosum_TC208466                28.13%    passed     48.76%
 104  Solanum_tuberosum_TC209207                42.81%    passed     69.34%
 105  Solanum_tuberosum_TC209870                32.42%    passed     93.38%
 106  Solanum_tuberosum_TC209924                34.56%    passed     45.12%
 107  Solanum_tuberosum_TC211843                45.57%    passed     93.41%
 108  Solanum_tuberosum_TC213139                30.58%    passed     27.22%
 109  Solanum_tuberosum_TC213340                40.06%    passed     95.67%
 110  Solanum_tuberosum_TC215304                50.46%    passed     97.32%
 111  Solanum_tuberosum_TC215555                30.28%    passed     13.60%
 112  Solanum_tuberosum_TC217219                29.97%    passed     88.47%
 113  Solanum_tuberosum_TC220621                30.89%    passed     11.56%
 114  Solanum_tuberosum_TC225355                32.42%    passed     90.20%
 115  Solanum_tuberosum_TC225548                29.66%    passed     92.71%
 116  Solanum_tuberosum_TC226482                37.61%    passed     81.37%
WARNING: 13 sequences contain more than 50% gaps/ambiguity
****  TOTAL                                     37.23%  4 sequences failed composition chi2 test (p-value<5%; df=19)
Checking for duplicate sequences: done in 0.000386716 secs using 84.82% CPU


Create initial parsimony tree by phylogenetic likelihood library (PLL)... 0.092 seconds
Measuring multi-threading efficiency up to 8 CPU cores
Increase to 10 rounds for branch lengths
3 trees examined
Threads: 1 / Time: 10.406 sec / Speedup: 1.000 / Efficiency: 100% / LogL: -45720
Threads: 2 / Time: 10.259 sec / Speedup: 1.014 / Efficiency: 51% / LogL: -45720
Threads: 3 / Time: 14.216 sec / Speedup: 0.732 / Efficiency: 24% / LogL: -45720
Determining AUTO threadcount: done in 34.8883 secs using 135.5% CPU
BEST NUMBER OF THREADS: 1

Perform fast likelihood tree search using LG+I+G model...
Estimate model parameters (epsilon = 5.000)
Perform nearest neighbor interchange...
Estimate model parameters (epsilon = 1.000)
1. Initial log-likelihood: -20727.455
Optimal log-likelihood: -20727.388
Proportion of invariable sites: 0.009
Gamma shape alpha: 2.293
Parameters optimization took 1 rounds (2.839 sec)
Time for fast ML tree search: 18.466 seconds

NOTE: ModelFinder requires 60 MB RAM!
ModelFinder will test up to 1232 protein models (sample size: 327 epsilon: 0.100) ...
 No. Model         -LnL         df  AIC          AICc         BIC
  1  LG            21052.663    229 42563.327    43649.306    43431.228
  2  LG+I          21017.780    230 42495.560    43602.435    43367.251
  3  LG+G4         20735.540    230 41931.079    43037.954    42802.770
  4  LG+I+G4       20727.393    231 41916.786    43045.038    42792.267
  5  LG+R2         20793.566    231 42049.132    43177.385    42924.613
  6  LG+R3         20729.634    233 41925.267    43097.783    42808.328
  7  LG+R4         20715.819    235 41901.637    43120.538    42792.278
  8  LG+R5         20712.625    237 41899.249    43166.800    42797.470
 14  LG+I+R2       20776.180    232 42016.360    43166.487    42895.630
 15  LG+I+R3       20722.875    234 41913.751    43109.185    42800.601
 16  LG+I+R4       20714.046    236 41900.092    43143.026    42794.523
 17  LG+I+R5       20707.120    238 41890.240    43183.013    42792.251
 18  LG+I+R6       20706.910    240 41893.820    43238.936    42803.410
 26  LG+F+I+G4     20675.843    250 41851.685    43503.001    42799.175
 29  LG+F+R4       20663.609    254 41835.218    43634.385    42797.868
 30  LG+F+R5       20658.453    256 41828.905    43708.676    42799.135
 37  LG+F+I+R3     20671.062    253 41848.124    43608.727    42806.984
 38  LG+F+I+R4     20660.305    255 41830.611    43669.484    42797.051
 39  LG+F+I+R5     20653.074    257 41820.147    43742.060    42794.167
 48  WAG+I+G4      20441.771    231 41345.543    42473.795    42221.024
 51  WAG+R4        20438.023    235 41346.047    42564.948    42236.688
 52  WAG+R5        20434.393    237 41342.787    42610.337    42241.007
 59  WAG+I+R3      20438.382    234 41344.765    42540.199    42231.615
 60  WAG+I+R4      20431.248    236 41334.495    42577.429    42228.926
 61  WAG+I+R5      20428.825    238 41333.649    42626.422    42235.660
 70  WAG+F+I+G4    20357.409    250 41214.818    42866.134    42162.308
 73  WAG+F+R4      20351.670    254 41211.340    43010.506    42173.990
 74  WAG+F+R5      20348.361    256 41208.723    43088.494    42178.952
 81  WAG+F+I+R3    20352.214    253 41210.427    42971.030    42169.287
 82  WAG+F+I+R4    20344.285    255 41198.570    43037.443    42165.010
 83  WAG+F+I+R5    20342.104    257 41198.208    43120.121    42172.227
 92  JTT+I+G4      20436.492    231 41334.985    42463.238    42210.466
 95  JTT+R4        20428.172    235 41326.344    42545.245    42216.985
 96  JTT+R5        20424.434    237 41322.869    42590.419    42221.089
103  JTT+I+R3      20432.150    234 41332.301    42527.736    42219.151
104  JTT+I+R4      20422.741    236 41317.481    42560.415    42211.912
105  JTT+I+R5      20420.039    238 41316.078    42608.851    42218.088
114  JTT+F+I+G4    20400.883    250 41301.767    42953.083    42249.257
117  JTT+F+R4      20389.871    254 41287.741    43086.908    42250.391
118  JTT+F+R5      20386.211    256 41284.423    43164.194    42254.653
125  JTT+F+I+R3    20395.470    253 41296.940    43057.542    42255.800
126  JTT+F+I+R4    20385.174    255 41280.348    43119.221    42246.788
127  JTT+F+I+R5    20382.034    257 41278.068    43199.982    42252.088
136  Q.PFAM+I+G4   20684.276    231 41830.552    42958.805    42706.033
139  Q.PFAM+R4     20669.221    235 41808.442    43027.344    42699.083
140  Q.PFAM+R5     20666.220    237 41806.440    43073.990    42704.660
147  Q.PFAM+I+R3   20676.403    234 41820.806    43016.241    42707.657
148  Q.PFAM+I+R4   20664.674    236 41801.348    43044.281    42695.779
149  Q.PFAM+I+R5   20661.853    238 41799.707    43092.479    42701.717
158  Q.PFAM+F+I+G4 20642.038    250 41784.075    43435.391    42731.565
161  Q.PFAM+F+R4   20626.804    254 41761.607    43560.774    42724.257
162  Q.PFAM+F+R5   20621.720    256 41755.439    43635.211    42725.669
169  Q.PFAM+F+I+R3 20634.455    253 41774.911    43535.513    42733.771
170  Q.PFAM+F+I+R4 20622.340    255 41754.680    43593.553    42721.120
171  Q.PFAM+F+I+R5 20617.882    257 41749.763    43671.676    42723.783
180  Q.BIRD+I+G4   20809.518    231 42081.037    43209.289    42956.518
183  Q.BIRD+R4     20789.133    235 42048.266    43267.168    42938.907
184  Q.BIRD+R5     20786.551    237 42047.103    43314.653    42945.323
191  Q.BIRD+I+R3   20801.694    234 42071.389    43266.824    42958.240
192  Q.BIRD+I+R4   20785.525    236 42043.049    43285.982    42937.480
193  Q.BIRD+I+R5   20783.372    238 42042.744    43335.517    42944.755
202  Q.BIRD+F+I+G4 20793.618    250 42087.236    43738.552    43034.726
205  Q.BIRD+F+R4   20772.300    254 42052.600    43851.767    43015.250
206  Q.BIRD+F+R5   20767.765    256 42047.529    43927.301    43017.759
213  Q.BIRD+F+I+R3 20786.794    253 42079.588    43840.191    43038.448
214  Q.BIRD+F+I+R4 20769.598    255 42049.196    43888.069    43015.636
215  Q.BIRD+F+I+R5 20765.535    257 42045.070    43966.983    43019.089
224  Q.MAMMAL+I+G4 20678.014    231 41818.028    42946.280    42693.508
227  Q.MAMMAL+R4   20660.639    235 41791.277    43010.178    42681.918
228  Q.MAMMAL+R5   20658.631    237 41791.262    43058.813    42689.483
235  Q.MAMMAL+I+R3 20670.191    234 41808.382    43003.817    42695.233
236  Q.MAMMAL+I+R4 20656.315    236 41784.630    43027.563    42679.060
237  Q.MAMMAL+I+R5 20654.524    238 41785.047    43077.820    42687.058
246  Q.MAMMAL+F+I+G4 20659.124    250 41818.249    43469.564    42765.739
249  Q.MAMMAL+F+R4 20639.554    254 41787.108    43586.275    42749.758
250  Q.MAMMAL+F+R5 20636.093    256 41784.186    43663.957    42754.416
257  Q.MAMMAL+F+I+R3 20650.575    253 41807.149    43567.752    42766.009
258  Q.MAMMAL+F+I+R4 20635.850    255 41781.700    43620.573    42748.140
259  Q.MAMMAL+F+I+R5 20632.620    257 41779.239    43701.152    42753.259
268  Q.INSECT+I+G4 20717.874    231 41897.749    43026.002    42773.230
271  Q.INSECT+R4   20703.178    235 41876.356    43095.257    42766.996
272  Q.INSECT+R5   20700.207    237 41874.414    43141.965    42772.635
279  Q.INSECT+I+R3 20711.128    234 41890.257    43085.692    42777.108
280  Q.INSECT+I+R4 20697.472    236 41866.944    43109.877    42761.374
281  Q.INSECT+I+R5 20695.073    238 41866.146    43158.918    42768.156
290  Q.INSECT+F+I+G4 20702.798    250 41905.597    43556.912    42853.087
293  Q.INSECT+F+R4 20687.528    254 41883.056    43682.222    42845.705
294  Q.INSECT+F+R5 20683.499    256 41878.997    43758.769    42849.227
301  Q.INSECT+F+I+R3 20696.262    253 41898.525    43659.127    42857.385
302  Q.INSECT+F+I+R4 20682.500    255 41875.000    43713.873    42841.440
303  Q.INSECT+F+I+R5 20678.897    257 41871.794    43793.707    42845.814
312  Q.PLANT+I+G4  20725.445    231 41912.891    43041.143    42788.372
315  Q.PLANT+R4    20707.144    235 41884.289    43103.190    42774.929
316  Q.PLANT+R5    20701.541    237 41877.083    43144.633    42775.303
323  Q.PLANT+I+R3  20719.692    234 41907.385    43102.820    42794.236
324  Q.PLANT+I+R4  20703.240    236 41878.481    43121.414    42772.912
325  Q.PLANT+I+R5  20698.044    238 41872.088    43164.861    42774.099
334  Q.PLANT+F+I+G4 20698.652    250 41897.304    43548.620    42844.794
337  Q.PLANT+F+R4  20681.661    254 41871.322    43670.488    42833.971
338  Q.PLANT+F+R5  20674.948    256 41861.897    43741.668    42832.127
345  Q.PLANT+F+I+R3 20694.006    253 41894.012    43654.614    42852.871
346  Q.PLANT+F+I+R4 20677.656    255 41865.312    43704.186    42831.752
347  Q.PLANT+F+I+R5 20671.377    257 41856.753    43778.666    42830.773
356  Q.YEAST+I+G4  20775.487    231 42012.975    43141.228    42888.456
359  Q.YEAST+R4    20759.917    235 41989.834    43208.735    42880.475
360  Q.YEAST+R5    20754.254    237 41982.508    43250.058    42880.728
367  Q.YEAST+I+R3  20769.967    234 42007.934    43203.369    42894.785
368  Q.YEAST+I+R4  20755.614    236 41983.229    43226.162    42877.660
369  Q.YEAST+I+R5  20750.847    238 41977.695    43270.467    42879.705
378  Q.YEAST+F+I+G4 20734.879    250 41969.758    43621.074    42917.248
381  Q.YEAST+F+R4  20718.814    254 41945.628    43744.794    42908.278
382  Q.YEAST+F+R5  20712.424    256 41936.848    43816.619    42907.078
389  Q.YEAST+F+I+R3 20729.185    253 41964.370    43724.972    42923.229
390  Q.YEAST+F+I+R4 20715.191    255 41940.381    43779.255    42906.821
391  Q.YEAST+F+I+R5 20709.423    257 41932.846    43854.759    42906.865
400  JTTDCMUT+I+G4 20437.640    231 41337.281    42465.534    42212.762
403  JTTDCMUT+R4   20429.649    235 41329.298    42548.199    42219.939
404  JTTDCMUT+R5   20425.809    237 41325.619    42593.169    42223.839
411  JTTDCMUT+I+R3 20433.331    234 41334.661    42530.096    42221.512
412  JTTDCMUT+I+R4 20424.080    236 41320.159    42563.092    42214.590
413  JTTDCMUT+I+R5 20421.296    238 41318.592    42611.365    42220.603
422  JTTDCMUT+F+I+G4 20401.148    250 41302.296    42953.612    42249.786
425  JTTDCMUT+F+R4 20390.416    254 41288.831    43087.998    42251.481
426  JTTDCMUT+F+R5 20386.356    256 41284.712    43164.484    42254.942
433  JTTDCMUT+F+I+R3 20395.762    253 41297.523    43058.126    42256.383
434  JTTDCMUT+F+I+R4 20385.615    255 41281.229    43120.103    42247.669
435  JTTDCMUT+F+I+R5 20382.246    257 41278.492    43200.405    42252.512
444  DCMUT+I+G4    20767.942    231 41997.884    43126.137    42873.365
447  DCMUT+R4      20764.271    235 41998.543    43217.444    42889.183
448  DCMUT+R5      20755.204    237 41984.408    43251.958    42882.628
455  DCMUT+I+R3    20769.300    234 42006.600    43202.035    42893.451
456  DCMUT+I+R4    20757.568    236 41987.136    43230.069    42881.566
457  DCMUT+I+R5    20750.662    238 41977.324    43270.097    42879.335
466  DCMUT+F+I+G4  20650.128    250 41800.257    43451.573    42747.747
469  DCMUT+F+R4    20640.815    254 41789.631    43588.797    42752.280
470  DCMUT+F+R5    20633.937    256 41779.874    43659.646    42750.104
477  DCMUT+F+I+R3  20646.658    253 41799.316    43559.919    42758.176
478  DCMUT+F+I+R4  20633.816    255 41777.632    43616.505    42744.072
479  DCMUT+F+I+R5  20629.484    257 41772.968    43694.881    42746.988
488  VT+I+G4       20370.624    231 41203.248    42331.501    42078.729
491  VT+R4         20365.056    235 41200.113    42419.014    42090.753
492  VT+R5         20359.470    237 41192.941    42460.491    42091.161
499  VT+I+R3       20364.883    234 41197.767    42393.202    42084.618
500  VT+I+R4       20358.620    236 41189.240    42432.173    42083.670
501  VT+I+R5       20357.402    238 41190.804    42483.577    42092.814
510  VT+F+I+G4     20334.860    250 41169.720    42821.036    42117.210
513  VT+F+R4       20327.893    254 41163.785    42962.952    42126.435
514  VT+F+R5       20323.172    256 41158.343    43038.115    42128.573
521  VT+F+I+R3     20328.173    253 41162.347    42922.950    42121.207
522  VT+F+I+R4     20321.817    255 41153.635    42992.508    42120.074
523  VT+F+I+R5     20320.602    257 41155.203    43077.116    42129.223
532  PMB+I+G4      20478.175    231 41418.351    42546.604    42293.832
535  PMB+R4        20472.932    235 41415.863    42634.765    42306.504
536  PMB+R5        20467.229    237 41408.457    42676.008    42306.678
543  PMB+I+R3      20471.295    234 41410.591    42606.025    42297.441
544  PMB+I+R4      20465.504    236 41403.009    42645.942    42297.439
545  PMB+I+R5      20464.831    238 41405.663    42698.436    42307.673
554  PMB+F+I+G4    20450.645    250 41401.290    43052.606    42348.780
557  PMB+F+R4      20445.281    254 41398.562    43197.729    42361.212
558  PMB+F+R5      20439.496    256 41390.991    43270.763    42361.221
565  PMB+F+I+R3    20443.387    253 41392.773    43153.376    42351.633
566  PMB+F+I+R4    20437.496    255 41384.992    43223.865    42351.432
567  PMB+F+I+R5    20436.526    257 41387.053    43308.966    42361.072
576  BLOSUM62+I+G4 20540.527    231 41543.054    42671.306    42418.534
579  BLOSUM62+R4   20537.541    235 41545.081    42763.982    42435.722
580  BLOSUM62+R5   20530.003    237 41534.007    42801.557    42432.227
587  BLOSUM62+I+R3 20535.888    234 41539.776    42735.210    42426.626
588  BLOSUM62+I+R4 20529.662    236 41531.323    42774.256    42425.754
589  BLOSUM62+I+R5 20528.228    238 41532.455    42825.228    42434.466
598  BLOSUM62+F+I+G4 20491.063    250 41482.126    43133.442    42429.616
601  BLOSUM62+F+R4 20487.375    254 41482.750    43281.917    42445.400
602  BLOSUM62+F+R5 20480.340    256 41472.680    43352.452    42442.910
609  BLOSUM62+F+I+R3 20485.697    253 41477.394    43237.997    42436.254
610  BLOSUM62+F+I+R4 20479.644    255 41469.289    43308.162    42435.728
611  BLOSUM62+F+I+R5 20477.962    257 41469.925    43391.838    42443.944
620  DAYHOFF+I+G4  20771.253    231 42004.507    43132.759    42879.988
623  DAYHOFF+R4    20768.268    235 42006.535    43225.437    42897.176
624  DAYHOFF+R5    20757.656    237 41989.312    43256.862    42887.532
631  DAYHOFF+I+R3  20772.628    234 42013.257    43208.691    42900.107
632  DAYHOFF+I+R4  20761.178    236 41994.356    43237.290    42888.787
633  DAYHOFF+I+R5  20754.458    238 41984.916    43277.689    42886.927
642  DAYHOFF+F+I+G4 20653.268    250 41806.536    43457.852    42754.026
645  DAYHOFF+F+R4  20644.340    254 41796.680    43595.847    42759.330
646  DAYHOFF+F+R5  20636.221    256 41784.443    43664.214    42754.672
653  DAYHOFF+F+I+R3 20649.953    253 41805.906    43566.509    42764.766
654  DAYHOFF+F+I+R4 20636.957    255 41783.914    43622.787    42750.353
655  DAYHOFF+F+I+R5 20633.035    257 41780.069    43701.982    42754.089
664  MTREV+I+G4    21560.029    231 43582.057    44710.310    44457.538
667  MTREV+R4      21544.831    235 43559.661    44778.562    44450.302
668  MTREV+R5      21542.611    237 43559.221    44826.772    44457.442
675  MTREV+I+R3    21559.458    234 43586.916    44782.351    44473.767
676  MTREV+I+R4    21542.263    236 43556.525    44799.459    44450.956
677  MTREV+I+R5    21540.751    238 43557.502    44850.275    44459.512
686  MTREV+F+I+G4  20886.397    250 42272.793    43924.109    43220.283
689  MTREV+F+R4    20876.779    254 42261.558    44060.725    43224.208
690  MTREV+F+R5    20868.974    256 42249.949    44129.720    43220.179
697  MTREV+F+I+R3  20885.217    253 42276.435    44037.038    43235.295
698  MTREV+F+I+R4  20872.680    255 42255.360    44094.233    43221.800
699  MTREV+F+I+R5  20866.216    257 42246.431    44168.344    43220.451
708  MTART+I+G4    22393.844    231 45249.688    46377.941    46125.169
711  MTART+R4      22370.893    235 45211.785    46430.686    46102.426
712  MTART+R5      22356.787    237 45187.575    46455.126    46085.796
719  MTART+I+R3    22412.397    234 45292.795    46488.230    46179.646
720  MTART+I+R4    22369.132    236 45210.264    46453.198    46104.695
721  MTART+I+R5    22356.667    238 45189.333    46482.106    46091.344
730  MTART+F+I+G4  21737.120    250 43974.241    45625.556    44921.731
733  MTART+F+R4    21715.236    254 43938.472    45737.638    44901.122
734  MTART+F+R5    21704.114    256 43920.227    45799.999    44890.457
741  MTART+F+I+R3  21748.207    253 44002.414    45763.017    44961.274
742  MTART+F+I+R4  21713.295    255 43936.590    45775.464    44903.030
743  MTART+F+I+R5  21702.404    257 43918.807    45840.720    44892.827
752  MTZOA+I+G4    21739.418    231 43940.836    45069.089    44816.317
755  MTZOA+R4      21719.715    235 43909.431    45128.332    44800.072
756  MTZOA+R5      21707.121    237 43888.243    45155.793    44786.463
763  MTZOA+I+R3    21751.701    234 43971.402    45166.837    44858.253
764  MTZOA+I+R4    21719.033    236 43910.066    45152.999    44804.497
765  MTZOA+I+R5    21706.653    238 43889.306    45182.079    44791.317
774  MTZOA+F+I+G4  21230.422    250 42960.844    44612.160    43908.334
777  MTZOA+F+R4    21211.705    254 42931.409    44730.576    43894.059
778  MTZOA+F+R5    21201.426    256 42914.851    44794.622    43885.081
785  MTZOA+F+I+R3  21236.280    253 42978.561    44739.164    43937.421
786  MTZOA+F+I+R4  21210.066    255 42930.131    44769.004    43896.571
787  MTZOA+F+I+R5  21199.830    257 42913.659    44835.572    43887.679
796  MTMET+I+G4    21467.179    231 43396.358    44524.611    44271.839
799  MTMET+R4      21449.783    235 43369.565    44588.466    44260.206
800  MTMET+R5      21439.167    237 43352.335    44619.885    44250.555
807  MTMET+I+R3    21465.889    234 43399.778    44595.213    44286.629
808  MTMET+I+R4    21447.729    236 43367.457    44610.391    44261.888
809  MTMET+I+R5    21437.106    238 43350.213    44642.986    44252.223
818  MTMET+F+I+G4  20871.023    250 42242.047    43893.363    43189.537
821  MTMET+F+R4    20856.487    254 42220.975    44020.141    43183.624
822  MTMET+F+R5    20847.935    256 42207.870    44087.641    43178.100
829  MTMET+F+I+R3  20868.076    253 42242.152    44002.754    43201.012
830  MTMET+F+I+R4  20853.495    255 42216.989    44055.863    43183.429
831  MTMET+F+I+R5  20844.994    257 42203.987    44125.900    43178.007
840  MTVER+I+G4    21760.958    231 43983.916    45112.169    44859.397
843  MTVER+R4      21743.077    235 43956.154    45175.055    44846.795
844  MTVER+R5      21729.629    237 43933.258    45200.809    44831.479
851  MTVER+I+R3    21759.920    234 43987.840    45183.275    44874.691
852  MTVER+I+R4    21740.461    236 43952.923    45195.856    44847.353
853  MTVER+I+R5    21727.310    238 43930.620    45223.393    44832.631
862  MTVER+F+I+G4  21113.786    250 42727.572    44378.888    43675.062
865  MTVER+F+R4    21101.838    254 42711.675    44510.842    43674.325
866  MTVER+F+R5    21091.249    256 42694.498    44574.270    43664.728
873  MTVER+F+I+R3  21114.035    253 42734.071    44494.673    43692.931
874  MTVER+F+I+R4  21095.768    255 42701.536    44540.409    43667.976
875  MTVER+F+I+R5  21085.216    257 42684.431    44606.344    43658.451
884  MTINV+I+G4    21495.382    231 43452.765    44581.018    44328.246
887  MTINV+R4      21480.230    235 43430.461    44649.362    44321.101
888  MTINV+R5      21469.530    237 43413.061    44680.611    44311.281
895  MTINV+I+R3    21492.695    234 43453.389    44648.824    44340.240
896  MTINV+I+R4    21477.675    236 43427.350    44670.283    44321.781
897  MTINV+I+R5    21467.056    238 43410.111    44702.884    44312.122
906  MTINV+F+I+G4  20754.157    250 42008.313    43659.629    42955.803
909  MTINV+F+R4    20741.660    254 41991.321    43790.487    42953.971
910  MTINV+F+R5    20733.615    256 41979.230    43859.001    42949.460
917  MTINV+F+I+R3  20750.004    253 42006.008    43766.610    42964.868
918  MTINV+F+I+R4  20738.540    255 41987.080    43825.953    42953.519
919  MTINV+F+I+R5  20730.570    257 41975.141    43897.054    42949.161
928  MTMAM+I+G4    22325.142    231 45112.284    46240.537    45987.765
931  MTMAM+R4      22307.568    235 45085.136    46304.037    45975.777
932  MTMAM+R5      22297.002    237 45068.004    46335.554    45966.224
939  MTMAM+I+R3    22338.341    234 45144.682    46340.116    46031.532
940  MTMAM+I+R4    22304.162    236 45080.325    46323.258    45974.755
941  MTMAM+I+R5    22295.514    238 45067.029    46359.802    45969.039
950  MTMAM+F+I+G4  21535.426    250 43570.853    45222.169    44518.343
953  MTMAM+F+R4    21521.738    254 43551.475    45350.642    44514.125
954  MTMAM+F+R5    21513.800    256 43539.600    45419.372    44509.830
961  MTMAM+F+I+R3  21543.187    253 43592.373    45352.976    44551.233
962  MTMAM+F+I+R4  21516.004    255 43542.008    45380.882    44508.448
963  MTMAM+F+I+R5  21512.725    257 43539.451    45461.364    44513.470
972  FLAVI+I+G4    21382.467    231 43226.934    44355.187    44102.415
975  FLAVI+R4      21360.717    235 43191.435    44410.336    44082.076
976  FLAVI+R5      21349.721    237 43173.442    44440.993    44071.663
983  FLAVI+I+R3    21377.370    234 43222.741    44418.176    44109.592
984  FLAVI+I+R4    21357.782    236 43187.564    44430.498    44081.995
985  FLAVI+I+R5    21346.157    238 43168.314    44461.086    44070.324
994  FLAVI+F+I+G4  21247.244    250 42994.487    44645.803    43941.977
997  FLAVI+F+R4    21229.102    254 42966.204    44765.371    43928.854
998  FLAVI+F+R5    21217.764    256 42947.528    44827.300    43917.758
1005  FLAVI+F+I+R3  21247.625    253 43001.250    44761.853    43960.110
1006  FLAVI+F+I+R4  21224.955    255 42959.911    44798.784    43926.350
1007  FLAVI+F+I+R5  21211.680    257 42937.360    44859.273    43911.380
1016  HIVB+I+G4     20972.533    231 42407.065    43535.318    43282.546
1019  HIVB+R4       20953.850    235 42377.699    43596.600    43268.340
1020  HIVB+R5       20947.151    237 42368.303    43635.853    43266.523
1027  HIVB+I+R3     20970.591    234 42409.183    43604.618    43296.034
1028  HIVB+I+R4     20948.429    236 42368.857    43611.791    43263.288
1029  HIVB+I+R5     20944.283    238 42364.565    43657.338    43266.576
1038  HIVB+F+I+G4   20920.646    250 42341.291    43992.607    43288.781
1041  HIVB+F+R4     20898.622    254 42305.244    44104.410    43267.894
1042  HIVB+F+R5     20893.415    256 42298.829    44178.601    43269.059
1049  HIVB+F+I+R3   20918.789    253 42343.578    44104.181    43302.438
1050  HIVB+F+I+R4   20893.903    255 42297.807    44136.680    43264.246
1051  HIVB+F+I+R5   20887.422    257 42288.844    44210.757    43262.864
1060  HIVW+I+G4     21353.550    231 43169.101    44297.354    44044.582
1063  HIVW+R4       21348.116    235 43166.231    44385.132    44056.872
1064  HIVW+R5       21331.491    237 43136.982    44404.533    44035.203
1071  HIVW+I+R3     21350.052    234 43168.104    44363.539    44054.955
1072  HIVW+I+R4     21336.024    236 43144.047    44386.981    44038.478
1073  HIVW+I+R5     21328.404    238 43132.809    44425.581    44034.819
1082  HIVW+F+I+G4   21107.946    250 42715.891    44367.207    43663.381
1085  HIVW+F+R4     21095.000    254 42698.000    44497.167    43660.650
1086  HIVW+F+R5     21080.870    256 42673.741    44553.512    43643.970
1093  HIVW+F+I+R3   21106.604    253 42719.208    44479.811    43678.068
1094  HIVW+F+I+R4   21087.901    255 42685.802    44524.675    43652.241
1095  HIVW+F+I+R5   21078.719    257 42671.438    44593.351    43645.457
1104  FLU+I+G4      20872.032    231 42206.063    43334.316    43081.544
1107  FLU+R4        20862.837    235 42195.674    43414.575    43086.315
1108  FLU+R5        20853.797    237 42181.595    43449.145    43079.815
1115  FLU+I+R3      20868.537    234 42205.075    43400.510    43091.926
1116  FLU+I+R4      20856.307    236 42184.615    43427.548    43079.045
1117  FLU+I+R5      20849.059    238 42174.118    43466.891    43076.129
1126  FLU+F+I+G4    20816.806    250 42133.613    43784.929    43081.103
1129  FLU+F+R4      20802.686    254 42113.372    43912.539    43076.022
1130  FLU+F+R5      20794.420    256 42100.841    43980.612    43071.071
1137  FLU+F+I+R3    20812.317    253 42130.635    43891.237    43089.494
1138  FLU+F+I+R4    20798.321    255 42106.642    43945.515    43073.082
1139  FLU+F+I+R5    20789.645    257 42093.290    44015.204    43067.310
1148  RTREV+I+G4    20943.498    231 42348.996    43477.249    43224.477
1151  RTREV+R4      20933.042    235 42336.084    43554.985    43226.725
1152  RTREV+R5      20924.258    237 42322.516    43590.067    43220.737
1159  RTREV+I+R3    20938.738    234 42345.476    43540.911    43232.327
1160  RTREV+I+R4    20928.264    236 42328.529    43571.462    43222.959
1161  RTREV+I+R5    20924.540    238 42325.079    43617.852    43227.090
1170  RTREV+F+I+G4  20815.740    250 42131.481    43782.796    43078.971
1173  RTREV+F+R4    20803.296    254 42114.592    43913.758    43077.241
1174  RTREV+F+R5    20795.177    256 42102.354    43982.126    43072.584
1181  RTREV+F+I+R3  20808.910    253 42123.820    43884.422    43082.680
1182  RTREV+F+I+R4  20797.719    255 42105.437    43944.310    43071.877
1183  RTREV+F+I+R5  20792.485    257 42098.971    44020.884    43072.991
1192  CPREV+I+G4    20574.596    231 41611.192    42739.444    42486.672
1195  CPREV+R4      20569.742    235 41609.484    42828.385    42500.125
1196  CPREV+R5      20562.207    237 41598.414    42865.964    42496.634
1203  CPREV+I+R3    20570.596    234 41609.193    42804.628    42496.044
1204  CPREV+I+R4    20564.098    236 41600.197    42843.130    42494.627
1205  CPREV+I+R5    20560.359    238 41596.717    42889.490    42498.728
1214  CPREV+F+I+G4  20561.905    250 41623.810    43275.126    42571.300
1217  CPREV+F+R4    20555.249    254 41618.499    43417.666    42581.149
1218  CPREV+F+R5    20548.747    256 41609.495    43489.266    42579.725
1225  CPREV+F+I+R3  20556.965    253 41619.930    43380.533    42578.790
1226  CPREV+F+I+R4  20549.578    255 41609.156    43448.029    42575.596
1227  CPREV+F+I+R5  20545.496    257 41604.992    43526.905    42579.012
Akaike Information Criterion:           VT+F+I+R4
Corrected Akaike Information Criterion: VT+I+G4
Bayesian Information Criterion:         VT+I+G4
Best-fit model: VT+I+G4 chosen according to BIC

All model information printed to training_data/prot_M12376_116_327.phy/output_files/iqtree/inference/pars_11.model.gz
CPU time for ModelFinder: 3890.247 seconds (1h:4m:50s)
Wall-clock time for ModelFinder: 5313.738 seconds (1h:28m:33s)

NOTE: 24 MB RAM (0 GB) is required!
Estimate model parameters (epsilon = 0.010)
Thoroughly optimizing +I+G parameters from 10 start values...
Init pinv, alpha: 0.000, 2.609 / Estimate: 0.010, 3.232 / LogL: -20370.617
Init pinv, alpha: 0.010, 2.609 / Estimate: 0.010, 3.229 / LogL: -20370.618
Init pinv, alpha: 0.020, 2.609 / Estimate: 0.010, 3.229 / LogL: -20370.618
Init pinv, alpha: 0.031, 2.609 / Estimate: 0.010, 3.228 / LogL: -20370.618
Init pinv, alpha: 0.041, 2.609 / Estimate: 0.010, 3.228 / LogL: -20370.618
Init pinv, alpha: 0.051, 2.609 / Estimate: 0.010, 3.228 / LogL: -20370.619
Init pinv, alpha: 0.061, 2.609 / Estimate: 0.010, 3.228 / LogL: -20370.619
Init pinv, alpha: 0.071, 2.609 / Estimate: 0.010, 3.228 / LogL: -20370.619
Init pinv, alpha: 0.082, 2.609 / Estimate: 0.010, 3.227 / LogL: -20370.619
Init pinv, alpha: 0.092, 2.609 / Estimate: 0.010, 3.227 / LogL: -20370.620
Optimal pinv,alpha: 0.010, 3.232 / LogL: -20370.617

Parameters optimization took 94.640 sec
Wrote distance file to... 
BEST SCORE FOUND : -20370.617
Total tree length: 27.852

Total number of iterations: 0
CPU time used for tree search: 0.000 sec (0h:0m:0s)
Wall-clock time used for tree search: 0.000 sec (0h:0m:0s)
Total CPU time used: 3955.033 sec (1h:5m:55s)
Total wall-clock time used: 5408.415 sec (1h:30m:8s)

Analysis results written to: 
  IQ-TREE report:                training_data/prot_M12376_116_327.phy/output_files/iqtree/inference/pars_11.iqtree
  Maximum-likelihood tree:       training_data/prot_M12376_116_327.phy/output_files/iqtree/inference/pars_11.treefile
  Screen log file:               training_data/prot_M12376_116_327.phy/output_files/iqtree/inference/pars_11.log

Date and Time: Thu Sep 25 11:27:59 2025
