IQ-TREE version 3.0.1 for Linux x86 64-bit built Sep 23 2025
Developed by Bui Quang Minh, Thomas Wong, Nhan Ly-Trong, Huaiyan Ren
Contributed by Lam-Tung Nguyen, Dominik Schrempf, Chris Bielow,
Olga Chernomor, Michael Woodhams, Diep Thi Hoang, Heiko Schmidt

Host:    cnode01.hpc.vast.vn (AVX512, FMA3, 125 GB RAM)
Command: /datausers/ioit/thaontp/tranthanhvan235/iqtree3/build/iqtree3 -s /datausers/ioit/thaontp/tranthanhvan235/data_treebase/remainMSAs/dna_M7964_640_25260.phy -pre training_data/dna_M7964_640_25260.phy/output_files/iqtree/inference/pars_15 -seed 15 -ninit 1 -T 1 -redo -n 0 -nt AUTO
Seed:    15 (Using SPRNG - Scalable Parallel Random Number Generator)
Time:    Mon Oct  6 06:37:57 2025
Kernel:  AVX+FMA - auto-detect threads (56 CPU cores detected)

Reading alignment file /datausers/ioit/thaontp/tranthanhvan235/data_treebase/remainMSAs/dna_M7964_640_25260.phy ... Phylip format detected
Alignment most likely contains DNA/RNA sequences
Constructing alignment: done in 0.351922 secs using 282.2% CPU
Alignment has 640 sequences with 25260 columns, 21291 distinct patterns
15282 parsimony-informative, 3483 singleton sites, 6495 constant sites
                  Gap/Ambiguity  Composition  p-value
Analyzing sequences: done in 0.0720598 secs using 2563% CPU
   1  Abatia             67.77%    passed     84.22%
   2  Abelia             36.89%    failed      0.01%
   3  Abrophyllum        56.04%    failed      0.00%
   4  Acalypha           56.80%    failed      0.00%
   5  Acanthocalyx       58.04%    failed      0.00%
   6  Acanthus           34.21%    failed      0.14%
   7  Acharia            64.04%    failed      3.35%
   8  Acicarpha          46.20%    failed      0.00%
   9  Acorus             24.01%    passed     17.59%
  10  Acridocarpus       66.52%    passed     56.48%
  11  Actinidia          31.42%    failed      0.06%
  12  Adoxa              26.97%    passed     15.38%
  13  Aextoxicon         43.21%    failed      0.00%
  14  Afrostyrax         57.60%    failed      0.00%
  15  Agave              35.47%    failed      0.00%
  16  Ailanthus          26.46%    failed      0.31%
  17  Albizia            34.15%    failed      0.00%
  18  Alisma             26.43%    passed     36.66%
  19  Allium             36.49%    failed      0.00%
  20  Alluaudia          38.07%    failed      0.00%
  21  Alnus               7.77%    passed     51.09%
  22  Alseuosmia         10.48%    passed     23.12%
  23  Altingia           18.33%    passed     70.80%
  24  Amborella          20.83%    failed      0.00%
  25  Ancistrocladus     16.34%    passed     71.19%
  26  Androsace          36.50%    failed      0.36%
  27  Androstachys       52.40%    failed      0.00%
  28  Anethum            57.61%    failed      0.00%
  29  Angelica           31.14%    passed      7.91%
  30  Anisophyllea       48.29%    failed      2.49%
  31  Anisoptera         26.14%    failed      0.00%
  32  Annona             38.56%    failed      0.00%
  33  Anopterus          46.82%    failed      0.00%
  34  Antirrhinum        40.33%    passed     49.28%
  35  Aphanopetalum      15.03%    passed     13.99%
  36  Aphloia            38.18%    failed      0.00%
  37  Apium               6.79%    passed     89.95%
  38  Aporusa            66.73%    passed     75.99%
  39  Arabidopsis        35.43%    failed      0.00%
  40  Aralia             23.00%    passed     83.90%
  41  Aralidium          69.15%    failed      0.01%
  42  Arbutus            43.59%    passed     31.63%
  43  Archytaea          72.89%    failed      1.49%
  44  Arctopus           50.81%    failed      0.00%
  45  Argophyllum        33.09%    failed      0.21%
  46  Aristolochia       19.66%    failed      0.00%
  47  Ascarina           30.10%    passed     19.06%
  48  Asparagus          23.25%    failed      1.90%
  49  Asteropeia         33.70%    passed     31.00%
  50  Atherosperma       29.24%    failed      0.00%
  51  Atropa             63.41%    failed      0.00%
  52  Atuna              39.07%    failed      0.06%
  53  Austrobaileya      23.88%    failed      0.00%
  54  Austrobuxus        62.56%    passed      6.19%
  55  Averrhoa           57.03%    failed      0.00%
  56  Azorella           43.04%    failed      0.70%
  57  Balanops           60.99%    passed     28.94%
  58  Barbeuia           76.00%    passed     10.73%
  59  Barnadesia         42.60%    failed      0.00%
  60  Basella            15.38%    passed     77.14%
  61  Batis              22.07%    failed      0.00%
  62  Beaucarnea         55.64%    failed      4.38%
  63  Begonia            14.30%    passed     64.49%
  64  Berberidopsis      12.05%    failed      0.28%
  65  Bergia             60.65%    passed     31.90%
  66  Berzelia           34.70%    failed      0.02%
  67  Beta               67.15%    failed      0.00%
  68  Bhesa              64.75%    failed      0.00%
  69  Bischofia          50.15%    failed      0.00%
  70  Bistorta           71.81%    failed      4.10%
  71  Bixa               24.48%    passed     63.95%
  72  Blandfordia        29.27%    failed      0.23%
  73  Bonnetia           75.82%    failed      0.31%
  74  Boopis             52.26%    failed      4.04%
  75  Borago             23.71%    failed      0.09%
  76  Bougainvillea      24.32%    failed      0.02%
  77  Brasenia           43.93%    failed      0.00%
  78  Brassica           45.46%    failed      0.00%
  79  Brexia             11.13%    passed     33.84%
  80  Bruguiera          53.31%    passed     83.65%
  81  Brunellia          57.14%    failed      0.02%
  82  Brunia             66.43%    failed      0.00%
  83  Bursera            15.72%    failed      0.02%
  84  Buxus              19.68%    failed      2.51%
  85  Byblis             24.62%    failed      0.05%
  86  Byrsonima          45.66%    failed      0.17%
  87  Cabomba            30.95%    failed      0.00%
  88  Calceolaria        37.00%    failed      0.60%
  89  Caloncoba          76.54%    failed      0.00%
  90  Calophyllum        77.01%    failed      2.57%
  91  Calycanthus        14.24%    failed      0.00%
  92  Calyptrotheca      68.54%    failed      0.00%
  93  Camellia           21.81%    passed     13.54%
  94  Campanula          18.56%    failed      0.03%
  95  Cananga            24.35%    failed      0.23%
  96  Canella            16.96%    failed      0.01%
  97  Cannabis           22.64%    passed      9.00%
  98  Capparis            9.92%    passed     95.25%
  99  Carallia           63.50%    passed      7.13%
 100  Cardiopteris       50.74%    passed     86.59%
 101  Carica             13.81%    failed      3.14%
 102  Carludovica        22.44%    passed     16.73%
 103  Carpodetus         50.92%    failed      0.00%
 104  Carpotroche        87.50%    failed      0.00%
 105  Caryocar           63.90%    failed      0.16%
 106  Casearia           59.96%    failed      0.10%
 107  Casuarina          71.29%    failed      0.10%
 108  Catalpa            38.00%    passed     31.62%
 109  Caulophyllum       36.57%    failed      0.00%
 110  Ceanothus          10.99%    passed     87.01%
 111  Celastrus          61.91%    failed      0.00%
 112  Celosia            16.21%    passed     87.53%
 113  Celtis             12.40%    passed     68.49%
 114  Centranthus        65.22%    failed      0.00%
 115  Centroplacus       72.97%    failed      0.00%
 116  Cephalotus         41.40%    passed     59.35%
 117  Ceratophyllum      17.30%    failed      0.13%
 118  Cercidiphyllum     13.97%    failed      3.89%
 119  Cespedesia         63.69%    passed     19.21%
 120  Chamaedorea        33.31%    failed      0.00%
 121  Chloranthus        25.44%    failed      0.00%
 122  Choristylis        19.75%    passed     13.45%
 123  Chrysobalanus      59.38%    failed      4.42%
 124  Chrysolepis        38.41%    failed      0.00%
 125  Cicer              66.59%    failed      0.00%
 126  Cichorium          48.03%    failed      0.00%
 127  Cinnamodendron     31.06%    failed      0.00%
 128  Circaeaster        57.27%    failed      1.22%
 129  Citronella         57.26%    failed      0.00%
 130  Citrus             28.26%    failed      0.00%
 131  Clavija            48.37%    failed      0.00%
 132  Claytonia          15.94%    passed     81.02%
 133  Clethra            31.60%    failed      0.16%
 134  Clidemia           27.38%    passed     45.49%
 135  Clusia             35.53%    failed      0.00%
 136  Clutia             53.29%    failed      0.00%
 137  Codiaeum           61.43%    passed     58.56%
 138  Coffea             43.02%    failed      0.00%
 139  Columellia         57.89%    failed      0.00%
 140  Conceveiba         75.23%    failed      0.00%
 141  Connarus           29.37%    passed     24.15%
 142  Coriandrum         48.13%    failed      0.00%
 143  Coriaria           17.88%    failed      0.10%
 144  Cornus              7.15%    passed     73.26%
 145  Corokia            10.43%    passed     31.12%
 146  Corylopsis         21.23%    failed      0.00%
 147  Couroupita         40.65%    failed      0.00%
 148  Cratoxylum         76.65%    passed     10.21%
 149  Crinodendron       67.57%    failed      0.00%
 150  Crispiloba         51.67%    failed      0.00%
 151  Croizatia          79.36%    passed     59.00%
 152  Croomia            31.58%    failed      0.54%
 153  Crossosoma          8.89%    passed     68.78%
 154  Croton             58.50%    passed     10.66%
 155  Crypteronia        27.92%    passed     21.41%
 156  Cryptocarya        39.78%    failed      0.00%
 157  Cryptothladia      75.36%    failed      0.00%
 158  Ctenolophon        63.19%    failed      0.43%
 159  Cucumis            51.87%    failed      0.00%
 160  Cucurbita          56.60%    failed      0.92%
 161  Cupaniopsis        12.57%    passed     13.35%
 162  Curtisia           61.66%    failed      0.00%
 163  Cuscuta            51.56%    passed      6.26%
 164  Cussonia           40.01%    passed     35.41%
 165  Cuttsia            53.32%    failed      0.00%
 166  Cycas              20.97%    failed      0.00%
 167  Cyphia             50.36%    failed      0.00%
 168  Cyrilla            32.67%    failed      0.01%
 169  Dalechampia        58.07%    failed      0.00%
 170  Dampiera           47.44%    failed      0.00%
 171  Dapania            75.36%    failed      0.00%
 172  Daphnandra         30.57%    failed      0.00%
 173  Daphniphyllum      26.81%    failed      0.06%
 174  Datisca            20.19%    failed      0.17%
 175  Daucus             31.39%    failed      0.06%
 176  Decaisnea          41.63%    failed      0.00%
 177  Degeneria          37.49%    passed      8.40%
 178  Delarbrea          48.06%    failed      0.00%
 179  Delosperma         35.01%    passed      8.57%
 180  Denhamia           64.67%    failed      0.00%
 181  Desfontainia       13.87%    failed      3.61%
 182  Dialypetalum       53.19%    failed      0.00%
 183  Dicella            61.07%    passed     39.33%
 184  Dicentra           29.95%    failed      0.00%
 185  Dichapetalum       68.18%    passed     92.29%
 186  Didymeles          23.37%    failed      0.65%
 187  Diervilla          26.20%    passed     29.86%
 188  Dillenia           29.68%    failed      0.02%
 189  Dioncophyllum      74.84%    passed     17.88%
 190  Dioscorea          28.40%    passed     18.41%
 191  Diospyros          31.24%    failed      0.00%
 192  Dipelta            26.83%    passed     59.63%
 193  Dipentodon         55.89%    failed      0.05%
 194  Dipsacus            9.24%    passed     18.09%
 195  Dissiliaria        69.28%    passed      6.32%
 196  Donatia            35.62%    failed      0.01%
 197  Dovyalis           68.19%    passed     59.71%
 198  Drimys             20.38%    failed      0.20%
 199  Drosera            30.27%    failed      0.00%
 200  Drosophyllum       26.39%    failed      0.06%
 201  Drypetes           45.85%    failed      0.01%
 202  Durandea           77.45%    failed      0.00%
 203  Echinops           59.68%    failed      0.00%
 204  Ehretia            42.20%    passed     95.48%
 205  Elaeagnus          18.26%    failed      0.12%
 206  Elaeis             50.22%    failed      0.00%
 207  Elaeocarpus        12.08%    passed     91.30%
 208  Elaeodendron       62.09%    failed      0.00%
 209  Elatine            46.40%    failed      0.25%
 210  Endospermum        50.61%    failed      0.00%
 211  Eremosyne          36.90%    failed      0.04%
 212  Erythrospermum     76.95%    failed      1.23%
 213  Erythroxylum       42.36%    failed      0.00%
 214  Escallonia          8.23%    passed     53.33%
 215  Eschscholzia       66.88%    failed      0.00%
 216  Eucalyptus         60.14%    failed      0.00%
 217  Eucommia           24.48%    passed      6.50%
 218  Eucryphia          30.97%    passed      5.89%
 219  Euonymus           10.79%    passed     35.00%
 220  Euphorbia          23.12%    passed      6.82%
 221  Euphronia          68.33%    passed     55.20%
 222  Eupomatia          29.74%    failed      0.00%
 223  Euptelea           16.37%    failed      0.00%
 224  Exacum             59.75%    failed      0.00%
 225  Exbucklandia       16.84%    failed      2.07%
 226  Fagopyrum          70.20%    failed      0.00%
 227  Fagus              50.25%    failed      1.46%
 228  Fauria             46.93%    failed      0.00%
 229  Fedia              58.97%    failed      0.00%
 230  Flacourtia         68.98%    passed     70.36%
 231  Floerkea           15.82%    passed     43.53%
 232  Forgesia           57.28%    failed      0.00%
 233  Forstera           63.46%    failed      0.00%
 234  Fouquieria         41.91%    failed      0.00%
 235  Frankenia          23.84%    passed     21.33%
 236  Gaiadendron        54.77%    failed      0.24%
 237  Galax              37.57%    failed      0.00%
 238  Galbulimima        28.71%    failed      0.00%
 239  Galearia           62.57%    failed      4.37%
 240  Galium             35.09%    failed      0.11%
 241  Garcinia           52.85%    failed      0.02%
 242  Garrya             16.19%    passed     60.57%
 243  Geissois           74.43%    failed      0.00%
 244  Gelsemium          33.58%    failed      0.29%
 245  Gentiana           60.03%    failed      0.00%
 246  Geranium           21.20%    failed      0.16%
 247  Gerbera            69.14%    failed      0.00%
 248  Ginkgo             28.34%    failed      0.00%
 249  Gisekia            56.35%    failed      4.71%
 250  Glaucidium         33.87%    failed      0.00%
 251  Glycine            80.97%    failed      0.00%
 252  Gnetum             50.00%    failed      0.00%
 253  Gomortega          61.14%    failed      0.00%
 254  Gomphandra         59.71%    failed      0.00%
 255  Gonocaryum         33.80%    passed     27.69%
 256  Goodenia           72.60%    failed      0.00%
 257  Gossypium          32.98%    failed      0.05%
 258  Goupia             67.99%    passed     20.48%
 259  Griselinia          6.10%    passed     51.84%
 260  Grisollea          78.49%    failed      0.00%
 261  Guaiacum           27.89%    failed      0.00%
 262  Guizotia           45.93%    failed      0.00%
 263  Gunnera             5.48%    passed     46.90%
 264  Gyrocarpus         39.28%    failed      0.00%
 265  Halleria           72.61%    failed      0.00%
 266  Halophytum         26.17%    failed      0.99%
 267  Haloragis          15.08%    passed     97.36%
 268  Hamamelis          17.72%    passed     27.63%
 269  Hedera             10.57%    passed     40.37%
 270  Hedycarya          26.12%    passed      6.35%
 271  Hedyosmum          32.89%    failed      0.00%
 272  Heisteria          53.81%    failed      0.00%
 273  Helianthemum       37.14%    failed      0.03%
 274  Helianthus          6.96%    passed     87.79%
 275  Helwingia          18.05%    passed     31.24%
 276  Heptacodium        46.14%    failed      0.00%
 277  Hernandia          26.45%    failed      0.00%
 278  Heteromorpha       37.83%    passed     31.33%
 279  Heuchera           15.00%    passed     87.22%
 280  Hevea              70.74%    failed      0.84%
 281  Heywoodia          73.43%    failed      0.09%
 282  Hibbertia          24.73%    failed      0.14%
 283  Hirtella           54.60%    passed     64.50%
 284  Homalanthus        62.58%    passed     31.21%
 285  Hordeum            58.17%    failed      0.00%
 286  Houttuynia         15.97%    passed     12.14%
 287  Hua                36.89%    failed      0.12%
 288  Hugonia            72.35%    failed      0.08%
 289  Humiria            40.57%    failed      0.87%
 290  Hura               70.51%    failed      4.23%
 291  Hybanthus          68.18%    passed     48.19%
 292  Hydnocarpus        45.04%    failed      0.00%
 293  Hydrangea          28.53%    passed     35.52%
 294  Hydrastis          25.34%    failed      0.00%
 295  Hydrocharis        61.18%    failed      0.00%
 296  Hydrocotyle        39.69%    passed      7.86%
 297  Hydrolea           20.24%    passed     21.77%
 298  Hydrophyllum       28.29%    failed      0.00%
 299  Hymenanthera       38.32%    failed      0.84%
 300  Hypecoum           46.20%    failed      0.00%
 301  Hypericum          19.03%    passed     14.81%
 302  Icacina            39.77%    failed      0.00%
 303  Idesia             54.57%    failed      0.00%
 304  Idiospermum        37.06%    failed      0.00%
 305  Idria              79.55%    failed      0.00%
 306  Ilex                6.37%    passed     73.16%
 307  Illicium           23.00%    passed      8.73%
 308  Impatiens          23.01%    passed     30.17%
 309  Ipomoea            17.12%    passed     31.36%
 310  Iris               42.70%    failed      0.12%
 311  Irvingbaileya      46.01%    failed      0.14%
 312  Irvingia           50.19%    failed      0.08%
 313  Itea               22.19%    passed     98.64%
 314  Ixerba             26.00%    failed      0.05%
 315  Jasminum           36.72%    failed      0.00%
 316  Juglans            10.80%    passed     55.60%
 317  Kadsura            31.79%    failed      0.00%
 318  Kalanchoe          17.53%    passed     78.97%
 319  Kiggelaria         62.72%    failed      2.70%
 320  Klainedoxa         62.99%    failed      0.95%
 321  Kolkwitzia         46.42%    failed      0.00%
 322  Krameria           22.98%    failed      0.16%
 323  Lachnostylis       73.63%    failed      0.01%
 324  Lacistema          70.14%    failed      0.01%
 325  Lactoris           26.32%    failed      0.19%
 326  Lactuca            41.72%    failed      0.00%
 327  Lamium             23.46%    failed      0.02%
 328  Lampranthus        81.71%    passed     11.15%
 329  Lardizabala        35.53%    failed      0.00%
 330  Lasiocroton        70.53%    passed     15.52%
 331  Laurus             35.91%    failed      0.00%
 332  Leea                8.67%    passed     13.79%
 333  Lemna              71.29%    failed      0.00%
 334  Leonia             38.25%    failed      0.09%
 335  Lepidobotrys       77.76%    passed     55.60%
 336  Leycesteria        49.55%    failed      0.00%
 337  Licania            67.68%    failed      0.00%
 338  Lilium             25.40%    failed      0.00%
 339  Limeum             13.65%    passed     89.78%
 340  Limonium           21.30%    passed     80.25%
 341  Linnaea            27.07%    failed      0.00%
 342  Linum              47.82%    failed      0.03%
 343  Liquidambar        11.33%    passed     40.18%
 344  Liriodendron       16.70%    failed      0.03%
 345  Lobelia            45.14%    failed      3.57%
 346  Lomandra           36.21%    failed      0.00%
 347  Lonicera            6.16%    passed     30.99%
 348  Lophopyxis         71.03%    failed      0.40%
 349  Lotus              61.01%    failed      0.00%
 350  Lozania            90.17%    passed     91.07%
 351  Luculia            51.13%    failed      0.00%
 352  Lunania            62.41%    passed     15.02%
 353  Luxemburgia        88.80%    passed     72.46%
 354  Lythrum            27.12%    passed     91.36%
 355  Mackinlaya         28.10%    passed     12.06%
 356  Maesa              40.76%    passed     47.11%
 357  Magnolia           21.54%    failed      0.00%
 358  Malesherbia        60.69%    passed     85.42%
 359  Malpighia          54.45%    passed     72.04%
 360  Mammea             79.50%    failed      0.02%
 361  Manihot            39.45%    passed     56.33%
 362  Manilkara          32.44%    failed      0.81%
 363  Maranta            43.30%    failed      0.00%
 364  Marathrum          71.52%    passed     10.02%
 365  Marcgravia         39.46%    passed     10.36%
 366  Martynia           61.65%    failed      0.00%
 367  Mauloutchia        29.39%    passed     26.51%
 368  Maytenus           64.64%    failed      0.00%
 369  Medicago           48.69%    failed      0.17%
 370  Medusagyne         63.38%    failed      0.00%
 371  Melanophylla       47.81%    failed      2.29%
 372  Melianthus         32.93%    failed      0.00%
 373  Meliosma           24.47%    failed      0.00%
 374  Menispermum        37.74%    failed      0.00%
 375  Mentzelia          41.21%    failed      0.00%
 376  Menyanthes          7.03%    passed     84.80%
 377  Mesua              69.28%    passed     81.87%
 378  Metasequoia        46.67%    failed      0.01%
 379  Micrantheum        65.27%    failed      0.01%
 380  Microdesmis        64.10%    failed      2.01%
 381  Mirabilis          20.30%    passed     52.64%
 382  Mollugo            21.56%    passed     38.99%
 383  Montinia           20.69%    failed      0.33%
 384  Morina             19.18%    failed      0.00%
 385  Morus              17.61%    passed     19.66%
 386  Moschopsis         53.92%    failed      0.00%
 387  Moultonianthus     88.65%    passed     46.56%
 388  Musa               44.73%    failed      0.00%
 389  Myodocarpus        13.42%    passed     27.77%
 390  Myrica             62.60%    failed      0.17%
 391  Myriophyllum       15.53%    passed     97.92%
 392  Myristica          47.34%    passed      7.45%
 393  Myrothamnus        34.30%    failed      0.03%
 394  Myrtus             22.25%    passed     63.52%
 395  Nandina            19.11%    failed      0.07%
 396  Nardostachys       66.67%    failed      0.00%
 397  Nelumbo            16.34%    failed      0.69%
 398  Neoscortechinia    50.98%    failed      0.00%
 399  Nepenthes          13.25%    passed     78.84%
 400  Nerium             38.02%    passed     13.59%
 401  Nicotiana          18.59%    failed      0.00%
 402  Nitraria           27.25%    passed     72.52%
 403  Nothofagus         46.88%    failed      3.73%
 404  Nuphar             36.64%    failed      0.00%
 405  Nymphaea           24.70%    failed      0.00%
 406  Nymphoides         32.51%    failed      0.03%
 407  Nyssa              35.13%    failed      0.00%
 408  Ochna              30.98%    failed      0.04%
 409  Ochthocosmus       68.66%    failed      0.21%
 410  Oenothera          38.38%    passed     87.44%
 411  Olinia             49.79%    passed     13.94%
 412  Omphalea           75.27%    failed      0.00%
 413  Oncidium           44.06%    passed     41.61%
 414  Oncotheca          42.63%    failed      4.84%
 415  Opilia             49.15%    failed      0.00%
 416  Opuntia            21.19%    passed     68.65%
 417  Orontium           29.45%    passed     54.64%
 418  Oryza              42.35%    failed      1.52%
 419  Oxalis             11.33%    passed     77.44%
 420  Pachysandra        13.92%    failed      0.34%
 421  Paeonia            13.01%    passed     55.66%
 422  Panax              25.98%    passed     16.57%
 423  Panda              75.17%    failed      0.00%
 424  Pangium            76.66%    failed      0.00%
 425  Paracryphia        15.07%    failed      0.76%
 426  Paradrypetes       75.17%    failed      0.00%
 427  Parnassia          19.00%    failed      1.25%
 428  Paropsia           60.46%    passed     39.17%
 429  Passiflora         41.54%    passed     32.58%
 430  Patrinia           40.03%    failed      0.00%
 431  Paulownia          40.00%    failed      1.47%
 432  Paxistima          66.85%    failed      0.00%
 433  Pedicularis        48.81%    failed      0.00%
 434  Peltanthera        36.01%    passed     11.30%
 435  Pennantia          13.42%    passed     11.36%
 436  Pentaphalangium    94.72%    passed     66.37%
 437  Pentaphragma       22.76%    failed      0.00%
 438  Penthorum          14.38%    passed     67.91%
 439  Peperomia          29.71%    failed      1.26%
 440  Pera               52.07%    failed      0.00%
 441  Pereskia           19.81%    passed     55.01%
 442  Peridiscus         31.94%    failed      0.01%
 443  Petalonyx          46.51%    passed     31.48%
 444  Petalostigma       62.61%    passed      7.75%
 445  Petrophile         30.58%    failed      0.06%
 446  Peumus             33.42%    failed      0.00%
 447  Phalaenopsis       74.77%    failed      0.00%
 448  Phaulothamnus      35.72%    failed      2.93%
 449  Phelline           32.18%    passed     21.18%
 450  Philydrum          33.37%    failed      1.52%
 451  Phryma             41.80%    failed      0.57%
 452  Phyllanthus        19.02%    failed      3.36%
 453  Phyllonoma         25.89%    failed      0.00%
 454  Physena            61.01%    failed      0.05%
 455  Phytolacca         14.33%    passed     49.92%
 456  Picramnia          53.35%    failed      0.00%
 457  Pilea              61.76%    failed      0.21%
 458  Pimelodendron      68.13%    passed     67.59%
 459  Pinguicula         42.58%    passed     88.05%
 460  Pinus              53.85%    failed      0.00%
 461  Piper              13.29%    passed     70.10%
 462  Pisum              59.85%    failed      0.04%
 463  Pittosporum         5.65%    passed     71.07%
 464  Plagiopteron       68.38%    failed      0.00%
 465  Platanus           11.65%    failed      1.29%
 466  Platysace          53.42%    failed      0.00%
 467  Platyspermation    78.80%    failed      0.00%
 468  Pleea              25.96%    failed      0.08%
 469  Plocosperma        44.69%    failed      0.00%
 470  Plumbago           33.78%    passed     81.22%
 471  Podocalyx          65.29%    failed      0.16%
 472  Podocarpus         27.97%    failed      0.00%
 473  Podostemum         63.94%    failed      0.00%
 474  Pogonophora        59.39%    failed      0.00%
 475  Polemonium         51.57%    passed     27.98%
 476  Poliothyrsis       67.97%    passed     66.76%
 477  Polygala           21.44%    failed      0.01%
 478  Polygonum          19.37%    failed      0.73%
 479  Polyosma           39.45%    failed      0.00%
 480  Polypremum         50.98%    failed      0.00%
 481  Polyscias          53.20%    failed      0.00%
 482  Populus            24.15%    failed      2.99%
 483  Portulaca          21.17%    passed     31.85%
 484  Potamogeton        33.81%    failed      0.02%
 485  Primula            45.74%    passed      5.49%
 486  Prockia            68.02%    passed     85.10%
 487  Prunus             58.16%    passed     63.14%
 488  Pseudonemacladus   67.73%    failed      0.00%
 489  Pseudopanax        40.07%    passed     32.34%
 490  Pterocephalodes    49.70%    failed      0.00%
 491  Putranjiva         64.49%    failed      0.00%
 492  Qualea             22.37%    failed      0.00%
 493  Quercus             8.84%    passed     58.92%
 494  Quiina             60.80%    passed     35.40%
 495  Quillaja           34.59%    failed      0.00%
 496  Quintinia           7.20%    passed     51.21%
 497  Ranunculus         26.09%    failed      1.58%
 498  Reinwardtia        50.61%    failed      0.00%
 499  Reseda             25.58%    failed      0.00%
 500  Rhabdodendron      16.59%    passed     53.71%
 501  Rhamnus            67.85%    failed      0.00%
 502  Rhizophora         60.67%    failed      0.29%
 503  Rhodoleia          22.41%    passed     84.47%
 504  Ribes              17.98%    passed      5.55%
 505  Ricinus            62.71%    failed      0.76%
 506  Rinorea            65.76%    failed      0.00%
 507  Rivina             15.08%    passed     70.73%
 508  Roupala            32.45%    failed      0.00%
 509  Rourea             71.02%    failed      0.02%
 510  Roussea             7.13%    passed     47.83%
 511  Ruptiliocarpon     42.06%    failed      0.99%
 512  Sabia              24.36%    failed      0.00%
 513  Saccharum          60.59%    failed      0.00%
 514  Sacoglottis        77.45%    passed     91.25%
 515  Saintpaulia        46.23%    failed      0.00%
 516  Salix              61.78%    passed     35.91%
 517  Sambucus           35.91%    failed      0.00%
 518  Sanicula           58.13%    failed      1.64%
 519  Santalum           43.46%    failed      0.00%
 520  Sarcandra          31.67%    failed      0.00%
 521  Sarcobatus         24.76%    failed      0.01%
 522  Sargentodoxa       32.78%    failed      0.00%
 523  Sarracenia         31.88%    passed      9.87%
 524  Saruma             20.09%    failed      0.02%
 525  Saururus           20.08%    failed      0.32%
 526  Sauvagesia         53.93%    failed      0.00%
 527  Saxifraga          18.67%    passed     34.71%
 528  Scabiosa           48.79%    failed      0.01%
 529  Scaevola           34.11%    failed      0.02%
 530  Schefflera         37.87%    passed      6.41%
 531  Schinus            19.94%    failed      0.01%
 532  Schisandra         24.17%    failed      0.00%
 533  Schoepfia          47.47%    failed      0.00%
 534  Scrophularia       39.09%    failed      4.66%
 535  Scyphostegia       68.23%    passed     30.66%
 536  Sedum              20.52%    passed     89.68%
 537  Sesamum            34.23%    failed      0.15%
 538  Simmondsia         27.03%    failed      1.08%
 539  Sinadoxa           51.49%    failed      0.00%
 540  Siparuna           38.33%    failed      0.00%
 541  Siphonodon         67.43%    failed      0.00%
 542  Sloanea            70.19%    failed      0.05%
 543  Smilax             34.89%    passed     18.11%
 544  Solanum            59.94%    failed      0.00%
 545  Sollya             47.75%    failed      0.00%
 546  Soyauxia           81.78%    passed     66.03%
 547  Sparganium         29.49%    failed      0.00%
 548  Spathiostemon      75.17%    failed      0.00%
 549  Spathiphyllum      16.18%    failed      3.24%
 550  Sphenoclea         40.54%    failed      0.00%
 551  Sphenostemon       37.47%    failed      0.00%
 552  Spinacia           14.89%    passed     56.70%
 553  Spiraea             9.92%    passed     94.13%
 554  Stachyurus         25.67%    failed      0.00%
 555  Stackhousia        54.66%    failed      0.00%
 556  Staphylea          13.04%    passed     39.49%
 557  Stegnosperma       36.93%    failed      0.00%
 558  Stegolepis         43.25%    failed      0.00%
 559  Stellaria          26.05%    failed      1.42%
 560  Sterculia          24.13%    failed      0.03%
 561  Strasburgeria      35.37%    failed      0.00%
 562  Strelitzia         26.42%    failed      0.00%
 563  Strychnos          42.95%    failed      0.00%
 564  Stylidium          50.00%    failed      0.02%
 565  Stylobasium        22.12%    failed      0.00%
 566  Styrax             31.41%    failed      1.25%
 567  Suregada           70.52%    failed      3.37%
 568  Swietenia          10.46%    passed     13.70%
 569  Symphoricarpos     17.17%    passed     46.68%
 570  Syringa            40.53%    failed      0.00%
 571  Tagetes            69.24%    failed      0.00%
 572  Takhtajania        30.53%    failed      0.00%
 573  Talinum            20.66%    passed     74.40%
 574  Tamarix            18.01%    passed     26.19%
 575  Tapiscia            9.98%    passed     64.59%
 576  Tapura             85.32%    passed     20.11%
 577  Tasmannia          26.32%    failed      0.00%
 578  Terminalia         20.88%    passed     10.27%
 579  Ternstroemia       31.45%    failed      0.02%
 580  Tetracarpaea       30.43%    failed      0.00%
 581  Tetracentron       33.06%    failed      0.00%
 582  Tetracera          19.92%    passed     97.06%
 583  Tetracoccus        81.98%    failed      0.25%
 584  Tetradoxa          55.82%    failed      0.00%
 585  Tetramerista       31.74%    failed      0.81%
 586  Tetrapanax         39.83%    passed     15.78%
 587  Tetraplasandra     34.80%    failed      0.90%
 588  Tetrorchidium      70.51%    passed      6.42%
 589  Thomandersia       58.50%    failed      0.00%
 590  Thottea            36.29%    failed      0.00%
 591  Thryallis          61.08%    passed     53.80%
 592  Thymelaea          15.72%    passed     31.32%
 593  Tinospora          30.41%    failed      0.00%
 594  Tofieldia          26.45%    failed      0.02%
 595  Torricellia        50.23%    passed      9.63%
 596  Touroulia          91.16%    passed     71.04%
 597  Trachelium         49.19%    failed      0.00%
 598  Tradescantia       29.64%    failed      0.00%
 599  Tragopogon         33.57%    passed     25.13%
 600  Triadenum          74.86%    failed      0.00%
 601  Tribeles           80.63%    failed      0.00%
 602  Triglochin         31.44%    passed     29.40%
 603  Trigonia           62.86%    passed      7.97%
 604  Trigonostemon      81.96%    failed      0.46%
 605  Trillium           31.31%    failed      0.11%
 606  Trimenia           32.30%    failed      0.00%
 607  Triosteum          46.30%    failed      0.00%
 608  Triphyophyllum     13.78%    passed     98.62%
 609  Triplostegia       26.45%    passed     77.85%
 610  Tripterygium       67.11%    failed      0.00%
 611  Trithuria          69.04%    failed      0.00%
 612  Trochodendron      17.27%    passed     36.35%
 613  Tropaeolum          9.27%    passed     51.63%
 614  Turnera            48.53%    failed      0.27%
 615  Typha              37.31%    failed      0.00%
 616  Urtica             47.07%    failed      0.00%
 617  Vahlia             20.42%    failed      0.43%
 618  Valdivia           71.11%    failed      0.00%
 619  Valeriana          21.19%    failed      0.03%
 620  Valerianella       70.16%    failed      0.00%
 621  Vantanea           68.12%    passed     19.55%
 622  Verbena            28.67%    passed      7.88%
 623  Viburnum            6.06%    passed     33.40%
 624  Villarsia          47.30%    failed      0.00%
 625  Viola              45.88%    passed     14.74%
 626  Vismia             71.50%    failed      0.75%
 627  Vitis               9.40%    passed     57.63%
 628  Viviania           24.90%    passed      9.77%
 629  Vriesea            42.60%    failed      0.00%
 630  Weigela            54.47%    failed      0.00%
 631  Welwitschia        48.88%    failed      0.57%
 632  Wittsteinia        68.88%    failed      0.00%
 633  Xanthorrhoea       30.64%    failed      0.04%
 634  Xanthosoma         52.89%    failed      1.20%
 635  Ximenia            59.52%    failed      0.00%
 636  Yucca              38.77%    failed      0.00%
 637  Zabelia            55.55%    failed      0.00%
 638  Zamia              38.17%    failed      0.00%
 639  Zea                63.75%    failed      0.00%
 640  Zelkova            13.43%    passed     81.47%
WARNING: 225 sequences contain more than 50% gaps/ambiguity
****  TOTAL              41.43%  424 sequences failed composition chi2 test (p-value<5%; df=3)
Checking for duplicate sequences: done in 0.102155 secs using 1864% CPU


Create initial parsimony tree by phylogenetic likelihood library (PLL)... 6.130 seconds
Measuring multi-threading efficiency up to 56 CPU cores
3 trees examined
Threads: 1 / Time: 61.828 sec / Speedup: 1.000 / Efficiency: 100% / LogL: -2186610
Threads: 2 / Time: 33.832 sec / Speedup: 1.828 / Efficiency: 91% / LogL: -2186610
Threads: 3 / Time: 23.632 sec / Speedup: 2.616 / Efficiency: 87% / LogL: -2186610
Threads: 4 / Time: 12.714 sec / Speedup: 4.863 / Efficiency: 122% / LogL: -2186610
Threads: 5 / Time: 10.150 sec / Speedup: 6.091 / Efficiency: 122% / LogL: -2186610
Threads: 6 / Time: 10.622 sec / Speedup: 5.821 / Efficiency: 97% / LogL: -2186610
Threads: 7 / Time: 9.095 sec / Speedup: 6.798 / Efficiency: 97% / LogL: -2186610
Threads: 8 / Time: 7.502 sec / Speedup: 8.242 / Efficiency: 103% / LogL: -2186610
Threads: 9 / Time: 6.449 sec / Speedup: 9.587 / Efficiency: 107% / LogL: -2186610
Threads: 10 / Time: 6.530 sec / Speedup: 9.468 / Efficiency: 95% / LogL: -2186610
Threads: 11 / Time: 5.819 sec / Speedup: 10.624 / Efficiency: 97% / LogL: -2186610
Threads: 12 / Time: 5.432 sec / Speedup: 11.382 / Efficiency: 95% / LogL: -2186610
Threads: 13 / Time: 5.958 sec / Speedup: 10.377 / Efficiency: 80% / LogL: -2186610
Threads: 14 / Time: 5.224 sec / Speedup: 11.834 / Efficiency: 85% / LogL: -2186610
Threads: 15 / Time: 4.850 sec / Speedup: 12.748 / Efficiency: 85% / LogL: -2186610
Threads: 16 / Time: 4.613 sec / Speedup: 13.402 / Efficiency: 84% / LogL: -2186610
Threads: 17 / Time: 6.863 sec / Speedup: 9.009 / Efficiency: 53% / LogL: -2186610
Determining AUTO threadcount: done in 221.316 secs using 491.7% CPU
BEST NUMBER OF THREADS: 15

Perform fast likelihood tree search using GTR+I+G model...
Estimate model parameters (epsilon = 5.000)
Perform nearest neighbor interchange...
Estimate model parameters (epsilon = 1.000)
1. Initial log-likelihood: -1324312.083
Optimal log-likelihood: -1324311.982
Rate parameters:  A-C: 1.35339  A-G: 2.39543  A-T: 0.45913  C-G: 0.76659  C-T: 3.24833  G-T: 1.00000
Base frequencies:  A: 0.281  C: 0.201  G: 0.232  T: 0.287
Proportion of invariable sites: 0.198
Gamma shape alpha: 0.721
Parameters optimization took 1 rounds (3.685 sec)
Time for fast ML tree search: 52.833 seconds

NOTE: ModelFinder requires 4419 MB RAM!
ModelFinder will test up to 968 DNA models (sample size: 25260 epsilon: 0.100) ...
 No. Model         -LnL         df  AIC          AICc         BIC
  1  JC            1554196.187  1277 3110946.375  3111082.478  3121337.295
  2  JC+I          1498851.943  1278 3000259.887  3000396.208  3010658.944
  3  JC+G4         1373256.144  1278 2749068.288  2749204.610  2759467.345
  4  JC+I+G4       1370437.163  1279 2743432.327  2743568.867  2753839.521
  5  JC+R2         1402745.610  1279 2808049.219  2808185.760  2818456.413
  6  JC+R3         1377106.301  1281 2756774.602  2756911.581  2767198.070
  7  JC+R4         1368458.637  1283 2739483.275  2739620.693  2749923.017
  8  JC+R5         1365400.643  1285 2733371.286  2733509.145  2743827.302
  9  JC+R6         1363989.512  1287 2730553.024  2730691.323  2741025.314
 10  JC+R7         1363447.594  1289 2729473.189  2729611.930  2739961.753
 11  JC+R8         1363196.773  1291 2728975.547  2729114.730  2739480.385
 12  JC+R9         1363074.321  1293 2728734.642  2728874.268  2739255.754
 13  JC+R10        1363061.801  1295 2728713.602  2728853.673  2739250.988
 14  JC+I+R2       1391058.161  1280 2784676.322  2784813.082  2795091.653
 15  JC+I+R3       1373024.333  1282 2748612.667  2748749.865  2759044.272
 16  JC+I+R4       1367030.342  1284 2736628.683  2736766.321  2747076.562
 17  JC+I+R5       1364727.655  1286 2732027.309  2732165.388  2742491.462
 18  JC+I+R6       1363775.087  1288 2730126.173  2730264.693  2740606.600
 19  JC+I+R7       1363354.107  1290 2729288.214  2729427.176  2739784.915
 20  JC+I+R8       1363158.379  1292 2728900.759  2729040.164  2739413.734
 21  JC+I+R9       1363070.321  1294 2728728.641  2728868.489  2739257.890
 22  JC+I+R10      1363062.778  1296 2728717.555  2728857.847  2739263.078
 34  JC+R9         1363074.321  1293 2728734.642  2728874.268  2739255.754
 35  JC+R10        1363061.801  1295 2728713.602  2728853.672  2739250.988
 43  JC+I+R9       1363070.321  1294 2728728.642  2728868.490  2739257.891
 56  F81+R9        1363073.539  1293 2728733.078  2728872.705  2739254.190
 57  F81+R10       1363060.929  1295 2728711.859  2728851.929  2739249.245
 65  F81+I+R9      1363069.462  1294 2728726.924  2728866.772  2739256.173
 78  F81+F+R9      1362109.934  1296 2726811.867  2726952.159  2737357.390
 79  F81+F+R10     1362097.347  1298 2726790.694  2726931.431  2737352.491
 87  F81+F+I+R9    1362106.964  1297 2726807.929  2726948.443  2737361.588
100  K2P+R9        1325218.377  1294 2653024.754  2653164.603  2663554.003
101  K2P+R10       1325203.691  1296 2652999.383  2653139.675  2663544.905
109  K2P+I+R9      1325214.949  1295 2653019.899  2653159.969  2663557.284
122  K2P+R9        1325218.377  1294 2653024.754  2653164.602  2663554.003
123  K2P+R10       1325203.691  1296 2652999.382  2653139.674  2663544.905
131  K2P+I+R9      1325214.949  1295 2653019.898  2653159.968  2663557.284
144  HKY+R9        1325217.895  1294 2653023.789  2653163.637  2663553.038
145  HKY+R10       1325203.333  1296 2652998.665  2653138.958  2663544.188
153  HKY+I+R9      1325214.476  1295 2653018.952  2653159.022  2663556.338
166  HKY+F+R9      1323574.319  1297 2649742.638  2649883.153  2660296.298
167  HKY+F+R10     1323557.571  1299 2649713.142  2649854.102  2660283.075
175  HKY+F+I+R9    1323572.327  1298 2649740.653  2649881.391  2660302.450
188  TNe+R9        1324830.953  1295 2652251.905  2652391.975  2662789.291
189  TNe+R10       1324781.306  1297 2652156.613  2652297.127  2662710.273
197  TNe+I+R9      1324821.017  1296 2652234.033  2652374.325  2662779.556
210  TNe+R9        1324830.953  1295 2652251.906  2652391.976  2662789.292
211  TNe+R10       1324781.306  1297 2652156.612  2652297.127  2662710.272
219  TNe+I+R9      1324821.017  1296 2652234.034  2652374.326  2662779.557
232  TN+R9         1324830.838  1295 2652251.676  2652391.747  2662789.062
233  TN+R10        1324780.360  1297 2652154.720  2652295.234  2662708.380
241  TN+I+R9       1324820.732  1296 2652233.463  2652373.755  2662778.986
254  TN+F+R9       1322784.799  1298 2648165.598  2648306.335  2658727.394
255  TN+F+R10      1322731.510  1300 2648063.020  2648204.203  2658641.091
263  TN+F+I+R9     1322769.611  1299 2648137.222  2648278.182  2658707.156
276  K3P+R9        1320956.806  1295 2644503.613  2644643.683  2655040.998
277  K3P+R10       1320901.934  1297 2644397.868  2644538.383  2654951.528
285  K3P+I+R9      1320953.811  1296 2644499.622  2644639.914  2655045.145
298  K3P+R9        1320956.806  1295 2644503.612  2644643.682  2655040.998
299  K3P+R10       1320901.934  1297 2644397.868  2644538.383  2654951.528
307  K3P+I+R9      1320953.811  1296 2644499.622  2644639.914  2655045.145
320  K3Pu+R9       1320956.386  1295 2644502.772  2644642.842  2655040.157
321  K3Pu+R10      1320901.739  1297 2644397.479  2644537.993  2654951.138
329  K3Pu+I+R9     1320952.975  1296 2644497.950  2644638.243  2655043.473
342  K3Pu+F+R9     1318961.643  1298 2640519.287  2640660.024  2651081.083
343  K3Pu+F+R10    1318912.719  1300 2640425.437  2640566.620  2651003.508
351  K3Pu+F+I+R9   1318960.647  1299 2640519.294  2640660.254  2651089.228
364  TPM2+R9       1325128.540  1295 2652847.081  2652987.151  2663384.466
365  TPM2+R10      1325077.834  1297 2652749.668  2652890.183  2663303.328
373  TPM2+I+R9     1325125.118  1296 2652842.236  2652982.528  2663387.759
386  TPM2+R9       1325128.540  1295 2652847.080  2652987.150  2663384.466
387  TPM2+R10      1325077.834  1297 2652749.668  2652890.183  2663303.328
395  TPM2+I+R9     1325125.118  1296 2652842.236  2652982.528  2663387.759
408  TPM2u+R9      1325128.174  1295 2652846.347  2652986.417  2663383.733
409  TPM2u+R10     1325077.633  1297 2652749.266  2652889.780  2663302.925
417  TPM2u+I+R9    1325125.000  1296 2652842.000  2652982.292  2663387.522
430  TPM2u+F+R9    1323515.628  1298 2649627.256  2649767.993  2660189.052
431  TPM2u+F+R10   1323464.644  1300 2649529.288  2649670.471  2660107.358
439  TPM2u+F+I+R9  1323514.886  1299 2649627.772  2649768.731  2660197.705
452  TPM3+R9       1325099.686  1295 2652789.373  2652929.443  2663326.759
453  TPM3+R10      1325050.165  1297 2652694.329  2652834.844  2663247.989
461  TPM3+I+R9     1325097.842  1296 2652787.683  2652927.975  2663333.206
474  TPM3+R9       1325099.686  1295 2652789.372  2652929.442  2663326.758
475  TPM3+R10      1325050.165  1297 2652694.330  2652834.845  2663247.990
483  TPM3+I+R9     1325097.842  1296 2652787.684  2652927.976  2663333.207
496  TPM3u+R9      1325099.397  1295 2652788.793  2652928.863  2663326.179
497  TPM3u+R10     1325049.974  1297 2652693.948  2652834.462  2663247.607
505  TPM3u+I+R9    1325097.556  1296 2652787.111  2652927.403  2663332.634
518  TPM3u+F+R9    1321979.667  1298 2646555.334  2646696.071  2657117.130
519  TPM3u+F+R10   1321931.434  1300 2646462.867  2646604.050  2657040.938
527  TPM3u+F+I+R9  1321980.280  1299 2646558.560  2646699.520  2657128.494
540  TIMe+R9       1320563.327  1296 2643718.654  2643858.947  2654264.177
541  TIMe+R10      1320505.902  1298 2643607.804  2643748.541  2654169.600
549  TIMe+I+R9     1320553.818  1297 2643701.636  2643842.150  2654255.295
562  TIMe+R9       1320563.327  1296 2643718.654  2643858.946  2654264.177
563  TIMe+R10      1320505.902  1298 2643607.804  2643748.541  2654169.601
571  TIMe+I+R9     1320553.818  1297 2643701.636  2643842.151  2654255.296
584  TIM+R9        1320563.226  1296 2643718.453  2643858.745  2654263.975
585  TIM+R10       1320505.570  1298 2643607.141  2643747.878  2654168.938
593  TIM+I+R9      1320553.761  1297 2643701.521  2643842.036  2654255.181
606  TIM+F+R9      1318160.301  1299 2638918.601  2639059.561  2649488.535
607  TIM+F+R10     1318107.490  1301 2638816.980  2638958.386  2649403.188
615  TIM+F+I+R9    1318150.017  1300 2638900.034  2639041.217  2649478.104
628  TIM2e+R9      1324740.747  1296 2652073.494  2652213.786  2662619.016
629  TIM2e+R10     1324685.731  1298 2651967.461  2652108.198  2662529.258
637  TIM2e+I+R9    1324729.567  1297 2652053.133  2652193.648  2662606.793
650  TIM2e+R9      1324740.747  1296 2652073.494  2652213.786  2662619.017
651  TIM2e+R10     1324685.731  1298 2651967.462  2652108.199  2662529.259
659  TIM2e+I+R9    1324729.567  1297 2652053.134  2652193.649  2662606.794
672  TIM2+R9       1324740.573  1296 2652073.146  2652213.438  2662618.668
673  TIM2+R10      1324685.542  1298 2651967.084  2652107.821  2662528.881
681  TIM2+I+R9     1324729.319  1297 2652052.637  2652193.152  2662606.297
694  TIM2+F+R9     1322736.803  1299 2648071.607  2648212.567  2658641.540
695  TIM2+F+R10    1322673.886  1301 2647949.771  2648091.177  2658535.979
703  TIM2+F+I+R9   1322722.749  1300 2648045.499  2648186.682  2658623.569
716  TIM3e+R9      1324717.532  1296 2652027.064  2652167.356  2662572.587
717  TIM3e+R10     1324659.093  1298 2651914.186  2652054.923  2662475.982
725  TIM3e+I+R9    1324704.731  1297 2652003.461  2652143.976  2662557.121
738  TIM3e+R9      1324717.532  1296 2652027.064  2652167.356  2662572.587
739  TIM3e+R10     1324659.093  1298 2651914.186  2652054.923  2662475.983
747  TIM3e+I+R9    1324704.731  1297 2652003.462  2652143.977  2662557.122
760  TIM3+R9       1324717.315  1296 2652026.631  2652166.923  2662572.153
761  TIM3+R10      1324658.979  1298 2651913.957  2652054.695  2662475.754
769  TIM3+I+R9     1324704.624  1297 2652003.248  2652143.763  2662556.908
782  TIM3+F+R9     1321105.534  1299 2644809.068  2644950.028  2655379.001
783  TIM3+F+R10    1321048.818  1301 2644699.635  2644841.041  2655285.843
791  TIM3+F+I+R9   1321095.582  1300 2644791.164  2644932.347  2655369.235
804  TVMe+R9       1320796.194  1297 2644186.388  2644326.903  2654740.048
805  TVMe+R10      1320742.523  1299 2644083.045  2644224.005  2654652.979
813  TVMe+I+R9     1320789.897  1298 2644175.794  2644316.531  2654737.590
826  TVMe+R9       1320796.194  1297 2644186.388  2644326.903  2654740.048
827  TVMe+R10      1320742.523  1299 2644083.046  2644224.006  2654652.980
835  TVMe+I+R9     1320789.897  1298 2644175.794  2644316.531  2654737.591
848  TVM+R9        1320796.121  1297 2644186.242  2644326.756  2654739.901
849  TVM+R10       1320742.495  1299 2644082.990  2644223.950  2654652.924
857  TVM+I+R9      1320789.656  1298 2644175.312  2644316.049  2654737.109
870  TVM+F+R9      1317700.504  1300 2638001.007  2638142.190  2648579.078
871  TVM+F+R10     1317651.608  1302 2637907.216  2638048.845  2648501.561
879  TVM+F+I+R9    1317699.814  1301 2638001.627  2638143.033  2648587.835
892  SYM+R9        1320415.437  1298 2643426.873  2643567.611  2653988.670
893  SYM+R10       1320355.254  1300 2643310.508  2643451.691  2653888.578
901  SYM+I+R9      1320406.064  1299 2643410.127  2643551.087  2653980.061
914  SYM+R9        1320415.437  1298 2643426.874  2643567.611  2653988.671
915  SYM+R10       1320355.254  1300 2643310.508  2643451.691  2653888.579
923  SYM+I+R9      1320406.064  1299 2643410.128  2643551.088  2653980.062
936  GTR+R9        1320415.230  1298 2643426.460  2643567.197  2653988.256
937  GTR+R10       1320355.076  1300 2643310.152  2643451.335  2653888.223
945  GTR+I+R9      1320405.754  1299 2643409.508  2643550.468  2653979.442
958  GTR+F+R9      1316830.860  1301 2636263.719  2636405.125  2646849.927
959  GTR+F+R10     1316779.604  1303 2636165.207  2636307.060  2646767.689
967  GTR+F+I+R9    1316819.581  1302 2636243.162  2636384.791  2646837.506
Akaike Information Criterion:           GTR+F+R10
Corrected Akaike Information Criterion: GTR+F+R10
Bayesian Information Criterion:         GTR+F+R10
Best-fit model: GTR+F+R10 chosen according to BIC

All model information printed to training_data/dna_M7964_640_25260.phy/output_files/iqtree/inference/pars_15.model.gz
CPU time for ModelFinder: 1307330.874 seconds (363h:8m:50s)
Wall-clock time for ModelFinder: 120860.049 seconds (33h:34m:20s)

NOTE: 4419 MB RAM (4 GB) is required!
Estimate model parameters (epsilon = 0.010)
1. Initial log-likelihood: -1316779.831
2. Current log-likelihood: -1316779.435
3. Current log-likelihood: -1316779.270
4. Current log-likelihood: -1316779.110
5. Current log-likelihood: -1316778.988
6. Current log-likelihood: -1316778.859
7. Current log-likelihood: -1316778.747
8. Current log-likelihood: -1316778.654
9. Current log-likelihood: -1316778.565
10. Current log-likelihood: -1316778.491
11. Current log-likelihood: -1316778.434
12. Current log-likelihood: -1316778.366
13. Current log-likelihood: -1316778.289
14. Current log-likelihood: -1316778.241
15. Current log-likelihood: -1316778.200
16. Current log-likelihood: -1316778.151
17. Current log-likelihood: -1316778.127
18. Current log-likelihood: -1316778.082
19. Current log-likelihood: -1316778.050
20. Current log-likelihood: -1316778.028
21. Current log-likelihood: -1316778.017
Optimal log-likelihood: -1316778.000
Rate parameters:  A-C: 1.34723  A-G: 2.38554  A-T: 0.45221  C-G: 0.75920  C-T: 3.26516  G-T: 1.00000
Base frequencies:  A: 0.281  C: 0.201  G: 0.232  T: 0.287
Site proportion and rates:  (0.325,0.034) (0.228,0.240) (0.151,0.651) (0.105,1.300) (0.083,2.223) (0.052,3.277) (0.036,4.767) (0.016,7.184) (0.004,11.029) (0.001,17.523)
Parameters optimization took 21 rounds (2190.247 sec)
Wrote distance file to... 
BEST SCORE FOUND : -1316778.000
Total tree length: 18.556

Total number of iterations: 0
CPU time used for tree search: 0.000 sec (0h:0m:0s)
Wall-clock time used for tree search: 0.000 sec (0h:0m:0s)
Total CPU time used: 1332433.605 sec (370h:7m:13s)
Total wall-clock time used: 123051.093 sec (34h:10m:51s)

Analysis results written to: 
  IQ-TREE report:                training_data/dna_M7964_640_25260.phy/output_files/iqtree/inference/pars_15.iqtree
  Maximum-likelihood tree:       training_data/dna_M7964_640_25260.phy/output_files/iqtree/inference/pars_15.treefile
  Screen log file:               training_data/dna_M7964_640_25260.phy/output_files/iqtree/inference/pars_15.log

Date and Time: Tue Oct  7 16:48:50 2025
e/inference/pars_15.log

Date and Time: Tue Oct  7 16:48:50 2025
