
RAxML-NG v. 1.1.0-master released on 04.08.2022 by The Exelixis Lab.
Developed by: Alexey M. Kozlov and Alexandros Stamatakis.
Contributors: Diego Darriba, Tomas Flouri, Benoit Morel, Sarah Lutteropp, Ben Bettisworth.
Latest version: https://github.com/amkozlov/raxml-ng
Questions/problems/suggestions? Please visit: https://groups.google.com/forum/#!forum/raxml

System: Intel(R) Core(TM) i7-8550U CPU @ 1.80GHz, 4 cores, 7 GB RAM

RAxML-NG was called at 24-Sep-2025 15:35:12 as follows:

/home/ngocminh/raxml-ng/build/bin/raxml-ng --start --msa Data/dna_M8984_201_3931.phy --tree pars{1} --prefix data_training/dna_M8984_201_3931.phy/output_files/parsimony/seed_1 --model GTR+G --seed 1

Analysis options:
  run mode: Starting tree generation
  start tree(s): parsimony (1)
  random seed: 1
  SIMD kernels: AVX2
  parallelization: coarse-grained (auto), PTHREADS (auto)

[00:00:00] Reading alignment from file: Data/dna_M8984_201_3931.phy
[00:00:00] Loaded alignment with 201 taxa and 3931 sites

Alignment comprises 1 partitions and 1623 patterns

Partition 0: noname
Model: GTR+FO+G4m
Alignment sites / patterns: 3931 / 1623
Gaps: 29.42 %
Invariant sites: 69.42 %


NOTE: Binary MSA file created: data_training/dna_M8984_201_3931.phy/output_files/parsimony/seed_1.raxml.rba

[00:00:00] Generating 1 parsimony starting tree(s) with 201 taxa
Parsimony score: 3628

All starting trees saved to: /home/ngocminh/difficulty-prediction-training-data/data_training/dna_M8984_201_3931.phy/output_files/parsimony/seed_1.raxml.startTree


Execution log saved to: /home/ngocminh/difficulty-prediction-training-data/data_training/dna_M8984_201_3931.phy/output_files/parsimony/seed_1.raxml.log

Analysis started: 24-Sep-2025 15:35:12 / finished: 24-Sep-2025 15:35:12

Elapsed time: 0.061 seconds


RAxML-NG v. 1.1.0-master released on 04.08.2022 by The Exelixis Lab.
Developed by: Alexey M. Kozlov and Alexandros Stamatakis.
Contributors: Diego Darriba, Tomas Flouri, Benoit Morel, Sarah Lutteropp, Ben Bettisworth.
Latest version: https://github.com/amkozlov/raxml-ng
Questions/problems/suggestions? Please visit: https://groups.google.com/forum/#!forum/raxml

System: Intel(R) Core(TM) i7-8550U CPU @ 1.80GHz, 4 cores, 7 GB RAM

RAxML-NG was called at 24-Sep-2025 15:29:10 as follows:

/home/ngocminh/raxml-ng/build/bin/raxml-ng --start --msa Data/dna_M8984_201_3931.phy --tree pars{1} --prefix data_training/dna_M8984_201_3931.phy/output_files/parsimony/seed_2 --model GTR+G --seed 2

Analysis options:
  run mode: Starting tree generation
  start tree(s): parsimony (1)
  random seed: 2
  SIMD kernels: AVX2
  parallelization: coarse-grained (auto), PTHREADS (auto)

[00:00:00] Reading alignment from file: Data/dna_M8984_201_3931.phy
[00:00:00] Loaded alignment with 201 taxa and 3931 sites

Alignment comprises 1 partitions and 1623 patterns

Partition 0: noname
Model: GTR+FO+G4m
Alignment sites / patterns: 3931 / 1623
Gaps: 29.42 %
Invariant sites: 69.42 %


NOTE: Binary MSA file created: data_training/dna_M8984_201_3931.phy/output_files/parsimony/seed_2.raxml.rba

[00:00:00] Generating 1 parsimony starting tree(s) with 201 taxa
Parsimony score: 3614

All starting trees saved to: /home/ngocminh/difficulty-prediction-training-data/data_training/dna_M8984_201_3931.phy/output_files/parsimony/seed_2.raxml.startTree


Execution log saved to: /home/ngocminh/difficulty-prediction-training-data/data_training/dna_M8984_201_3931.phy/output_files/parsimony/seed_2.raxml.log

Analysis started: 24-Sep-2025 15:29:10 / finished: 24-Sep-2025 15:29:10

Elapsed time: 0.057 seconds


RAxML-NG v. 1.1.0-master released on 04.08.2022 by The Exelixis Lab.
Developed by: Alexey M. Kozlov and Alexandros Stamatakis.
Contributors: Diego Darriba, Tomas Flouri, Benoit Morel, Sarah Lutteropp, Ben Bettisworth.
Latest version: https://github.com/amkozlov/raxml-ng
Questions/problems/suggestions? Please visit: https://groups.google.com/forum/#!forum/raxml

System: Intel(R) Core(TM) i7-8550U CPU @ 1.80GHz, 4 cores, 7 GB RAM

RAxML-NG was called at 24-Sep-2025 16:00:54 as follows:

/home/ngocminh/raxml-ng/build/bin/raxml-ng --start --msa Data/dna_M8984_201_3931.phy --tree pars{1} --prefix data_training/dna_M8984_201_3931.phy/output_files/parsimony/seed_3 --model GTR+G --seed 3

Analysis options:
  run mode: Starting tree generation
  start tree(s): parsimony (1)
  random seed: 3
  SIMD kernels: AVX2
  parallelization: coarse-grained (auto), PTHREADS (auto)

[00:00:00] Reading alignment from file: Data/dna_M8984_201_3931.phy
[00:00:00] Loaded alignment with 201 taxa and 3931 sites

Alignment comprises 1 partitions and 1623 patterns

Partition 0: noname
Model: GTR+FO+G4m
Alignment sites / patterns: 3931 / 1623
Gaps: 29.42 %
Invariant sites: 69.42 %


NOTE: Binary MSA file created: data_training/dna_M8984_201_3931.phy/output_files/parsimony/seed_3.raxml.rba

[00:00:00] Generating 1 parsimony starting tree(s) with 201 taxa
Parsimony score: 3621

All starting trees saved to: /home/ngocminh/difficulty-prediction-training-data/data_training/dna_M8984_201_3931.phy/output_files/parsimony/seed_3.raxml.startTree


Execution log saved to: /home/ngocminh/difficulty-prediction-training-data/data_training/dna_M8984_201_3931.phy/output_files/parsimony/seed_3.raxml.log

Analysis started: 24-Sep-2025 16:00:54 / finished: 24-Sep-2025 16:00:54

Elapsed time: 0.067 seconds


RAxML-NG v. 1.1.0-master released on 04.08.2022 by The Exelixis Lab.
Developed by: Alexey M. Kozlov and Alexandros Stamatakis.
Contributors: Diego Darriba, Tomas Flouri, Benoit Morel, Sarah Lutteropp, Ben Bettisworth.
Latest version: https://github.com/amkozlov/raxml-ng
Questions/problems/suggestions? Please visit: https://groups.google.com/forum/#!forum/raxml

System: Intel(R) Core(TM) i7-8550U CPU @ 1.80GHz, 4 cores, 7 GB RAM

RAxML-NG was called at 24-Sep-2025 15:35:27 as follows:

/home/ngocminh/raxml-ng/build/bin/raxml-ng --start --msa Data/dna_M8984_201_3931.phy --tree pars{1} --prefix data_training/dna_M8984_201_3931.phy/output_files/parsimony/seed_4 --model GTR+G --seed 4

Analysis options:
  run mode: Starting tree generation
  start tree(s): parsimony (1)
  random seed: 4
  SIMD kernels: AVX2
  parallelization: coarse-grained (auto), PTHREADS (auto)

[00:00:00] Reading alignment from file: Data/dna_M8984_201_3931.phy
[00:00:00] Loaded alignment with 201 taxa and 3931 sites

Alignment comprises 1 partitions and 1623 patterns

Partition 0: noname
Model: GTR+FO+G4m
Alignment sites / patterns: 3931 / 1623
Gaps: 29.42 %
Invariant sites: 69.42 %


NOTE: Binary MSA file created: data_training/dna_M8984_201_3931.phy/output_files/parsimony/seed_4.raxml.rba

[00:00:00] Generating 1 parsimony starting tree(s) with 201 taxa
Parsimony score: 3625

All starting trees saved to: /home/ngocminh/difficulty-prediction-training-data/data_training/dna_M8984_201_3931.phy/output_files/parsimony/seed_4.raxml.startTree


Execution log saved to: /home/ngocminh/difficulty-prediction-training-data/data_training/dna_M8984_201_3931.phy/output_files/parsimony/seed_4.raxml.log

Analysis started: 24-Sep-2025 15:35:27 / finished: 24-Sep-2025 15:35:27

Elapsed time: 0.067 seconds


RAxML-NG v. 1.1.0-master released on 04.08.2022 by The Exelixis Lab.
Developed by: Alexey M. Kozlov and Alexandros Stamatakis.
Contributors: Diego Darriba, Tomas Flouri, Benoit Morel, Sarah Lutteropp, Ben Bettisworth.
Latest version: https://github.com/amkozlov/raxml-ng
Questions/problems/suggestions? Please visit: https://groups.google.com/forum/#!forum/raxml

System: Intel(R) Core(TM) i7-8550U CPU @ 1.80GHz, 4 cores, 7 GB RAM

RAxML-NG was called at 24-Sep-2025 15:57:21 as follows:

/home/ngocminh/raxml-ng/build/bin/raxml-ng --start --msa Data/dna_M8984_201_3931.phy --tree pars{1} --prefix data_training/dna_M8984_201_3931.phy/output_files/parsimony/seed_5 --model GTR+G --seed 5

Analysis options:
  run mode: Starting tree generation
  start tree(s): parsimony (1)
  random seed: 5
  SIMD kernels: AVX2
  parallelization: coarse-grained (auto), PTHREADS (auto)

[00:00:00] Reading alignment from file: Data/dna_M8984_201_3931.phy
[00:00:00] Loaded alignment with 201 taxa and 3931 sites

Alignment comprises 1 partitions and 1623 patterns

Partition 0: noname
Model: GTR+FO+G4m
Alignment sites / patterns: 3931 / 1623
Gaps: 29.42 %
Invariant sites: 69.42 %


NOTE: Binary MSA file created: data_training/dna_M8984_201_3931.phy/output_files/parsimony/seed_5.raxml.rba

[00:00:00] Generating 1 parsimony starting tree(s) with 201 taxa
Parsimony score: 3627

All starting trees saved to: /home/ngocminh/difficulty-prediction-training-data/data_training/dna_M8984_201_3931.phy/output_files/parsimony/seed_5.raxml.startTree


Execution log saved to: /home/ngocminh/difficulty-prediction-training-data/data_training/dna_M8984_201_3931.phy/output_files/parsimony/seed_5.raxml.log

Analysis started: 24-Sep-2025 15:57:21 / finished: 24-Sep-2025 15:57:21

Elapsed time: 0.066 seconds


RAxML-NG v. 1.1.0-master released on 04.08.2022 by The Exelixis Lab.
Developed by: Alexey M. Kozlov and Alexandros Stamatakis.
Contributors: Diego Darriba, Tomas Flouri, Benoit Morel, Sarah Lutteropp, Ben Bettisworth.
Latest version: https://github.com/amkozlov/raxml-ng
Questions/problems/suggestions? Please visit: https://groups.google.com/forum/#!forum/raxml

System: Intel(R) Core(TM) i7-8550U CPU @ 1.80GHz, 4 cores, 7 GB RAM

RAxML-NG was called at 24-Sep-2025 15:49:13 as follows:

/home/ngocminh/raxml-ng/build/bin/raxml-ng --start --msa Data/dna_M8984_201_3931.phy --tree pars{1} --prefix data_training/dna_M8984_201_3931.phy/output_files/parsimony/seed_6 --model GTR+G --seed 6

Analysis options:
  run mode: Starting tree generation
  start tree(s): parsimony (1)
  random seed: 6
  SIMD kernels: AVX2
  parallelization: coarse-grained (auto), PTHREADS (auto)

[00:00:00] Reading alignment from file: Data/dna_M8984_201_3931.phy
[00:00:00] Loaded alignment with 201 taxa and 3931 sites

Alignment comprises 1 partitions and 1623 patterns

Partition 0: noname
Model: GTR+FO+G4m
Alignment sites / patterns: 3931 / 1623
Gaps: 29.42 %
Invariant sites: 69.42 %


NOTE: Binary MSA file created: data_training/dna_M8984_201_3931.phy/output_files/parsimony/seed_6.raxml.rba

[00:00:00] Generating 1 parsimony starting tree(s) with 201 taxa
Parsimony score: 3631

All starting trees saved to: /home/ngocminh/difficulty-prediction-training-data/data_training/dna_M8984_201_3931.phy/output_files/parsimony/seed_6.raxml.startTree


Execution log saved to: /home/ngocminh/difficulty-prediction-training-data/data_training/dna_M8984_201_3931.phy/output_files/parsimony/seed_6.raxml.log

Analysis started: 24-Sep-2025 15:49:13 / finished: 24-Sep-2025 15:49:13

Elapsed time: 0.064 seconds


RAxML-NG v. 1.1.0-master released on 04.08.2022 by The Exelixis Lab.
Developed by: Alexey M. Kozlov and Alexandros Stamatakis.
Contributors: Diego Darriba, Tomas Flouri, Benoit Morel, Sarah Lutteropp, Ben Bettisworth.
Latest version: https://github.com/amkozlov/raxml-ng
Questions/problems/suggestions? Please visit: https://groups.google.com/forum/#!forum/raxml

System: Intel(R) Core(TM) i7-8550U CPU @ 1.80GHz, 4 cores, 7 GB RAM

RAxML-NG was called at 24-Sep-2025 15:35:15 as follows:

/home/ngocminh/raxml-ng/build/bin/raxml-ng --start --msa Data/dna_M8984_201_3931.phy --tree pars{1} --prefix data_training/dna_M8984_201_3931.phy/output_files/parsimony/seed_7 --model GTR+G --seed 7

Analysis options:
  run mode: Starting tree generation
  start tree(s): parsimony (1)
  random seed: 7
  SIMD kernels: AVX2
  parallelization: coarse-grained (auto), PTHREADS (auto)

[00:00:00] Reading alignment from file: Data/dna_M8984_201_3931.phy
[00:00:00] Loaded alignment with 201 taxa and 3931 sites

Alignment comprises 1 partitions and 1623 patterns

Partition 0: noname
Model: GTR+FO+G4m
Alignment sites / patterns: 3931 / 1623
Gaps: 29.42 %
Invariant sites: 69.42 %


NOTE: Binary MSA file created: data_training/dna_M8984_201_3931.phy/output_files/parsimony/seed_7.raxml.rba

[00:00:00] Generating 1 parsimony starting tree(s) with 201 taxa
Parsimony score: 3626

All starting trees saved to: /home/ngocminh/difficulty-prediction-training-data/data_training/dna_M8984_201_3931.phy/output_files/parsimony/seed_7.raxml.startTree


Execution log saved to: /home/ngocminh/difficulty-prediction-training-data/data_training/dna_M8984_201_3931.phy/output_files/parsimony/seed_7.raxml.log

Analysis started: 24-Sep-2025 15:35:15 / finished: 24-Sep-2025 15:35:15

Elapsed time: 0.075 seconds


RAxML-NG v. 1.1.0-master released on 04.08.2022 by The Exelixis Lab.
Developed by: Alexey M. Kozlov and Alexandros Stamatakis.
Contributors: Diego Darriba, Tomas Flouri, Benoit Morel, Sarah Lutteropp, Ben Bettisworth.
Latest version: https://github.com/amkozlov/raxml-ng
Questions/problems/suggestions? Please visit: https://groups.google.com/forum/#!forum/raxml

System: Intel(R) Core(TM) i7-8550U CPU @ 1.80GHz, 4 cores, 7 GB RAM

RAxML-NG was called at 24-Sep-2025 15:29:16 as follows:

/home/ngocminh/raxml-ng/build/bin/raxml-ng --start --msa Data/dna_M8984_201_3931.phy --tree pars{1} --prefix data_training/dna_M8984_201_3931.phy/output_files/parsimony/seed_8 --model GTR+G --seed 8

Analysis options:
  run mode: Starting tree generation
  start tree(s): parsimony (1)
  random seed: 8
  SIMD kernels: AVX2
  parallelization: coarse-grained (auto), PTHREADS (auto)

[00:00:00] Reading alignment from file: Data/dna_M8984_201_3931.phy
[00:00:00] Loaded alignment with 201 taxa and 3931 sites

Alignment comprises 1 partitions and 1623 patterns

Partition 0: noname
Model: GTR+FO+G4m
Alignment sites / patterns: 3931 / 1623
Gaps: 29.42 %
Invariant sites: 69.42 %


NOTE: Binary MSA file created: data_training/dna_M8984_201_3931.phy/output_files/parsimony/seed_8.raxml.rba

[00:00:00] Generating 1 parsimony starting tree(s) with 201 taxa
Parsimony score: 3622

All starting trees saved to: /home/ngocminh/difficulty-prediction-training-data/data_training/dna_M8984_201_3931.phy/output_files/parsimony/seed_8.raxml.startTree


Execution log saved to: /home/ngocminh/difficulty-prediction-training-data/data_training/dna_M8984_201_3931.phy/output_files/parsimony/seed_8.raxml.log

Analysis started: 24-Sep-2025 15:29:16 / finished: 24-Sep-2025 15:29:16

Elapsed time: 0.057 seconds


RAxML-NG v. 1.1.0-master released on 04.08.2022 by The Exelixis Lab.
Developed by: Alexey M. Kozlov and Alexandros Stamatakis.
Contributors: Diego Darriba, Tomas Flouri, Benoit Morel, Sarah Lutteropp, Ben Bettisworth.
Latest version: https://github.com/amkozlov/raxml-ng
Questions/problems/suggestions? Please visit: https://groups.google.com/forum/#!forum/raxml

System: Intel(R) Core(TM) i7-8550U CPU @ 1.80GHz, 4 cores, 7 GB RAM

RAxML-NG was called at 24-Sep-2025 15:35:30 as follows:

/home/ngocminh/raxml-ng/build/bin/raxml-ng --start --msa Data/dna_M8984_201_3931.phy --tree pars{1} --prefix data_training/dna_M8984_201_3931.phy/output_files/parsimony/seed_9 --model GTR+G --seed 9

Analysis options:
  run mode: Starting tree generation
  start tree(s): parsimony (1)
  random seed: 9
  SIMD kernels: AVX2
  parallelization: coarse-grained (auto), PTHREADS (auto)

[00:00:00] Reading alignment from file: Data/dna_M8984_201_3931.phy
[00:00:00] Loaded alignment with 201 taxa and 3931 sites

Alignment comprises 1 partitions and 1623 patterns

Partition 0: noname
Model: GTR+FO+G4m
Alignment sites / patterns: 3931 / 1623
Gaps: 29.42 %
Invariant sites: 69.42 %


NOTE: Binary MSA file created: data_training/dna_M8984_201_3931.phy/output_files/parsimony/seed_9.raxml.rba

[00:00:00] Generating 1 parsimony starting tree(s) with 201 taxa
Parsimony score: 3621

All starting trees saved to: /home/ngocminh/difficulty-prediction-training-data/data_training/dna_M8984_201_3931.phy/output_files/parsimony/seed_9.raxml.startTree


Execution log saved to: /home/ngocminh/difficulty-prediction-training-data/data_training/dna_M8984_201_3931.phy/output_files/parsimony/seed_9.raxml.log

Analysis started: 24-Sep-2025 15:35:30 / finished: 24-Sep-2025 15:35:30

Elapsed time: 0.062 seconds


RAxML-NG v. 1.1.0-master released on 04.08.2022 by The Exelixis Lab.
Developed by: Alexey M. Kozlov and Alexandros Stamatakis.
Contributors: Diego Darriba, Tomas Flouri, Benoit Morel, Sarah Lutteropp, Ben Bettisworth.
Latest version: https://github.com/amkozlov/raxml-ng
Questions/problems/suggestions? Please visit: https://groups.google.com/forum/#!forum/raxml

System: Intel(R) Core(TM) i7-8550U CPU @ 1.80GHz, 4 cores, 7 GB RAM

RAxML-NG was called at 24-Sep-2025 16:02:55 as follows:

/home/ngocminh/raxml-ng/build/bin/raxml-ng --start --msa Data/dna_M8984_201_3931.phy --tree pars{1} --prefix data_training/dna_M8984_201_3931.phy/output_files/parsimony/seed_10 --model GTR+G --seed 10

Analysis options:
  run mode: Starting tree generation
  start tree(s): parsimony (1)
  random seed: 10
  SIMD kernels: AVX2
  parallelization: coarse-grained (auto), PTHREADS (auto)

[00:00:00] Reading alignment from file: Data/dna_M8984_201_3931.phy
[00:00:00] Loaded alignment with 201 taxa and 3931 sites

Alignment comprises 1 partitions and 1623 patterns

Partition 0: noname
Model: GTR+FO+G4m
Alignment sites / patterns: 3931 / 1623
Gaps: 29.42 %
Invariant sites: 69.42 %


NOTE: Binary MSA file created: data_training/dna_M8984_201_3931.phy/output_files/parsimony/seed_10.raxml.rba

[00:00:00] Generating 1 parsimony starting tree(s) with 201 taxa
Parsimony score: 3622

All starting trees saved to: /home/ngocminh/difficulty-prediction-training-data/data_training/dna_M8984_201_3931.phy/output_files/parsimony/seed_10.raxml.startTree


Execution log saved to: /home/ngocminh/difficulty-prediction-training-data/data_training/dna_M8984_201_3931.phy/output_files/parsimony/seed_10.raxml.log

Analysis started: 24-Sep-2025 16:02:55 / finished: 24-Sep-2025 16:02:55

Elapsed time: 0.070 seconds


RAxML-NG v. 1.1.0-master released on 04.08.2022 by The Exelixis Lab.
Developed by: Alexey M. Kozlov and Alexandros Stamatakis.
Contributors: Diego Darriba, Tomas Flouri, Benoit Morel, Sarah Lutteropp, Ben Bettisworth.
Latest version: https://github.com/amkozlov/raxml-ng
Questions/problems/suggestions? Please visit: https://groups.google.com/forum/#!forum/raxml

System: Intel(R) Core(TM) i7-8550U CPU @ 1.80GHz, 4 cores, 7 GB RAM

RAxML-NG was called at 24-Sep-2025 16:03:35 as follows:

/home/ngocminh/raxml-ng/build/bin/raxml-ng --start --msa Data/dna_M8984_201_3931.phy --tree pars{1} --prefix data_training/dna_M8984_201_3931.phy/output_files/parsimony/seed_11 --model GTR+G --seed 11

Analysis options:
  run mode: Starting tree generation
  start tree(s): parsimony (1)
  random seed: 11
  SIMD kernels: AVX2
  parallelization: coarse-grained (auto), PTHREADS (auto)

[00:00:00] Reading alignment from file: Data/dna_M8984_201_3931.phy
[00:00:00] Loaded alignment with 201 taxa and 3931 sites

Alignment comprises 1 partitions and 1623 patterns

Partition 0: noname
Model: GTR+FO+G4m
Alignment sites / patterns: 3931 / 1623
Gaps: 29.42 %
Invariant sites: 69.42 %


NOTE: Binary MSA file created: data_training/dna_M8984_201_3931.phy/output_files/parsimony/seed_11.raxml.rba

[00:00:00] Generating 1 parsimony starting tree(s) with 201 taxa
Parsimony score: 3618

All starting trees saved to: /home/ngocminh/difficulty-prediction-training-data/data_training/dna_M8984_201_3931.phy/output_files/parsimony/seed_11.raxml.startTree


Execution log saved to: /home/ngocminh/difficulty-prediction-training-data/data_training/dna_M8984_201_3931.phy/output_files/parsimony/seed_11.raxml.log

Analysis started: 24-Sep-2025 16:03:35 / finished: 24-Sep-2025 16:03:35

Elapsed time: 0.069 seconds


RAxML-NG v. 1.1.0-master released on 04.08.2022 by The Exelixis Lab.
Developed by: Alexey M. Kozlov and Alexandros Stamatakis.
Contributors: Diego Darriba, Tomas Flouri, Benoit Morel, Sarah Lutteropp, Ben Bettisworth.
Latest version: https://github.com/amkozlov/raxml-ng
Questions/problems/suggestions? Please visit: https://groups.google.com/forum/#!forum/raxml

System: Intel(R) Core(TM) i7-8550U CPU @ 1.80GHz, 4 cores, 7 GB RAM

RAxML-NG was called at 24-Sep-2025 15:55:50 as follows:

/home/ngocminh/raxml-ng/build/bin/raxml-ng --start --msa Data/dna_M8984_201_3931.phy --tree pars{1} --prefix data_training/dna_M8984_201_3931.phy/output_files/parsimony/seed_12 --model GTR+G --seed 12

Analysis options:
  run mode: Starting tree generation
  start tree(s): parsimony (1)
  random seed: 12
  SIMD kernels: AVX2
  parallelization: coarse-grained (auto), PTHREADS (auto)

[00:00:00] Reading alignment from file: Data/dna_M8984_201_3931.phy
[00:00:00] Loaded alignment with 201 taxa and 3931 sites

Alignment comprises 1 partitions and 1623 patterns

Partition 0: noname
Model: GTR+FO+G4m
Alignment sites / patterns: 3931 / 1623
Gaps: 29.42 %
Invariant sites: 69.42 %


NOTE: Binary MSA file created: data_training/dna_M8984_201_3931.phy/output_files/parsimony/seed_12.raxml.rba

[00:00:00] Generating 1 parsimony starting tree(s) with 201 taxa
Parsimony score: 3631

All starting trees saved to: /home/ngocminh/difficulty-prediction-training-data/data_training/dna_M8984_201_3931.phy/output_files/parsimony/seed_12.raxml.startTree


Execution log saved to: /home/ngocminh/difficulty-prediction-training-data/data_training/dna_M8984_201_3931.phy/output_files/parsimony/seed_12.raxml.log

Analysis started: 24-Sep-2025 15:55:50 / finished: 24-Sep-2025 15:55:50

Elapsed time: 0.060 seconds


RAxML-NG v. 1.1.0-master released on 04.08.2022 by The Exelixis Lab.
Developed by: Alexey M. Kozlov and Alexandros Stamatakis.
Contributors: Diego Darriba, Tomas Flouri, Benoit Morel, Sarah Lutteropp, Ben Bettisworth.
Latest version: https://github.com/amkozlov/raxml-ng
Questions/problems/suggestions? Please visit: https://groups.google.com/forum/#!forum/raxml

System: Intel(R) Core(TM) i7-8550U CPU @ 1.80GHz, 4 cores, 7 GB RAM

RAxML-NG was called at 24-Sep-2025 15:57:35 as follows:

/home/ngocminh/raxml-ng/build/bin/raxml-ng --start --msa Data/dna_M8984_201_3931.phy --tree pars{1} --prefix data_training/dna_M8984_201_3931.phy/output_files/parsimony/seed_13 --model GTR+G --seed 13

Analysis options:
  run mode: Starting tree generation
  start tree(s): parsimony (1)
  random seed: 13
  SIMD kernels: AVX2
  parallelization: coarse-grained (auto), PTHREADS (auto)

[00:00:00] Reading alignment from file: Data/dna_M8984_201_3931.phy
[00:00:00] Loaded alignment with 201 taxa and 3931 sites

Alignment comprises 1 partitions and 1623 patterns

Partition 0: noname
Model: GTR+FO+G4m
Alignment sites / patterns: 3931 / 1623
Gaps: 29.42 %
Invariant sites: 69.42 %


NOTE: Binary MSA file created: data_training/dna_M8984_201_3931.phy/output_files/parsimony/seed_13.raxml.rba

[00:00:00] Generating 1 parsimony starting tree(s) with 201 taxa
Parsimony score: 3626

All starting trees saved to: /home/ngocminh/difficulty-prediction-training-data/data_training/dna_M8984_201_3931.phy/output_files/parsimony/seed_13.raxml.startTree


Execution log saved to: /home/ngocminh/difficulty-prediction-training-data/data_training/dna_M8984_201_3931.phy/output_files/parsimony/seed_13.raxml.log

Analysis started: 24-Sep-2025 15:57:35 / finished: 24-Sep-2025 15:57:35

Elapsed time: 0.081 seconds


RAxML-NG v. 1.1.0-master released on 04.08.2022 by The Exelixis Lab.
Developed by: Alexey M. Kozlov and Alexandros Stamatakis.
Contributors: Diego Darriba, Tomas Flouri, Benoit Morel, Sarah Lutteropp, Ben Bettisworth.
Latest version: https://github.com/amkozlov/raxml-ng
Questions/problems/suggestions? Please visit: https://groups.google.com/forum/#!forum/raxml

System: Intel(R) Core(TM) i7-8550U CPU @ 1.80GHz, 4 cores, 7 GB RAM

RAxML-NG was called at 24-Sep-2025 15:45:45 as follows:

/home/ngocminh/raxml-ng/build/bin/raxml-ng --start --msa Data/dna_M8984_201_3931.phy --tree pars{1} --prefix data_training/dna_M8984_201_3931.phy/output_files/parsimony/seed_14 --model GTR+G --seed 14

Analysis options:
  run mode: Starting tree generation
  start tree(s): parsimony (1)
  random seed: 14
  SIMD kernels: AVX2
  parallelization: coarse-grained (auto), PTHREADS (auto)

[00:00:00] Reading alignment from file: Data/dna_M8984_201_3931.phy
[00:00:00] Loaded alignment with 201 taxa and 3931 sites

Alignment comprises 1 partitions and 1623 patterns

Partition 0: noname
Model: GTR+FO+G4m
Alignment sites / patterns: 3931 / 1623
Gaps: 29.42 %
Invariant sites: 69.42 %


NOTE: Binary MSA file created: data_training/dna_M8984_201_3931.phy/output_files/parsimony/seed_14.raxml.rba

[00:00:00] Generating 1 parsimony starting tree(s) with 201 taxa
Parsimony score: 3624

All starting trees saved to: /home/ngocminh/difficulty-prediction-training-data/data_training/dna_M8984_201_3931.phy/output_files/parsimony/seed_14.raxml.startTree


Execution log saved to: /home/ngocminh/difficulty-prediction-training-data/data_training/dna_M8984_201_3931.phy/output_files/parsimony/seed_14.raxml.log

Analysis started: 24-Sep-2025 15:45:45 / finished: 24-Sep-2025 15:45:45

Elapsed time: 0.096 seconds


RAxML-NG v. 1.1.0-master released on 04.08.2022 by The Exelixis Lab.
Developed by: Alexey M. Kozlov and Alexandros Stamatakis.
Contributors: Diego Darriba, Tomas Flouri, Benoit Morel, Sarah Lutteropp, Ben Bettisworth.
Latest version: https://github.com/amkozlov/raxml-ng
Questions/problems/suggestions? Please visit: https://groups.google.com/forum/#!forum/raxml

System: Intel(R) Core(TM) i7-8550U CPU @ 1.80GHz, 4 cores, 7 GB RAM

RAxML-NG was called at 24-Sep-2025 15:29:19 as follows:

/home/ngocminh/raxml-ng/build/bin/raxml-ng --start --msa Data/dna_M8984_201_3931.phy --tree pars{1} --prefix data_training/dna_M8984_201_3931.phy/output_files/parsimony/seed_15 --model GTR+G --seed 15

Analysis options:
  run mode: Starting tree generation
  start tree(s): parsimony (1)
  random seed: 15
  SIMD kernels: AVX2
  parallelization: coarse-grained (auto), PTHREADS (auto)

[00:00:00] Reading alignment from file: Data/dna_M8984_201_3931.phy
[00:00:00] Loaded alignment with 201 taxa and 3931 sites

Alignment comprises 1 partitions and 1623 patterns

Partition 0: noname
Model: GTR+FO+G4m
Alignment sites / patterns: 3931 / 1623
Gaps: 29.42 %
Invariant sites: 69.42 %


NOTE: Binary MSA file created: data_training/dna_M8984_201_3931.phy/output_files/parsimony/seed_15.raxml.rba

[00:00:00] Generating 1 parsimony starting tree(s) with 201 taxa
Parsimony score: 3643

All starting trees saved to: /home/ngocminh/difficulty-prediction-training-data/data_training/dna_M8984_201_3931.phy/output_files/parsimony/seed_15.raxml.startTree


Execution log saved to: /home/ngocminh/difficulty-prediction-training-data/data_training/dna_M8984_201_3931.phy/output_files/parsimony/seed_15.raxml.log

Analysis started: 24-Sep-2025 15:29:19 / finished: 24-Sep-2025 15:29:19

Elapsed time: 0.058 seconds


RAxML-NG v. 1.1.0-master released on 04.08.2022 by The Exelixis Lab.
Developed by: Alexey M. Kozlov and Alexandros Stamatakis.
Contributors: Diego Darriba, Tomas Flouri, Benoit Morel, Sarah Lutteropp, Ben Bettisworth.
Latest version: https://github.com/amkozlov/raxml-ng
Questions/problems/suggestions? Please visit: https://groups.google.com/forum/#!forum/raxml

System: Intel(R) Core(TM) i7-8550U CPU @ 1.80GHz, 4 cores, 7 GB RAM

RAxML-NG was called at 24-Sep-2025 15:35:02 as follows:

/home/ngocminh/raxml-ng/build/bin/raxml-ng --start --msa Data/dna_M8984_201_3931.phy --tree pars{1} --prefix data_training/dna_M8984_201_3931.phy/output_files/parsimony/seed_16 --model GTR+G --seed 16

Analysis options:
  run mode: Starting tree generation
  start tree(s): parsimony (1)
  random seed: 16
  SIMD kernels: AVX2
  parallelization: coarse-grained (auto), PTHREADS (auto)

[00:00:00] Reading alignment from file: Data/dna_M8984_201_3931.phy
[00:00:00] Loaded alignment with 201 taxa and 3931 sites

Alignment comprises 1 partitions and 1623 patterns

Partition 0: noname
Model: GTR+FO+G4m
Alignment sites / patterns: 3931 / 1623
Gaps: 29.42 %
Invariant sites: 69.42 %


NOTE: Binary MSA file created: data_training/dna_M8984_201_3931.phy/output_files/parsimony/seed_16.raxml.rba

[00:00:00] Generating 1 parsimony starting tree(s) with 201 taxa
Parsimony score: 3623

All starting trees saved to: /home/ngocminh/difficulty-prediction-training-data/data_training/dna_M8984_201_3931.phy/output_files/parsimony/seed_16.raxml.startTree


Execution log saved to: /home/ngocminh/difficulty-prediction-training-data/data_training/dna_M8984_201_3931.phy/output_files/parsimony/seed_16.raxml.log

Analysis started: 24-Sep-2025 15:35:02 / finished: 24-Sep-2025 15:35:02

Elapsed time: 0.076 seconds


RAxML-NG v. 1.1.0-master released on 04.08.2022 by The Exelixis Lab.
Developed by: Alexey M. Kozlov and Alexandros Stamatakis.
Contributors: Diego Darriba, Tomas Flouri, Benoit Morel, Sarah Lutteropp, Ben Bettisworth.
Latest version: https://github.com/amkozlov/raxml-ng
Questions/problems/suggestions? Please visit: https://groups.google.com/forum/#!forum/raxml

System: Intel(R) Core(TM) i7-8550U CPU @ 1.80GHz, 4 cores, 7 GB RAM

RAxML-NG was called at 24-Sep-2025 15:41:00 as follows:

/home/ngocminh/raxml-ng/build/bin/raxml-ng --start --msa Data/dna_M8984_201_3931.phy --tree pars{1} --prefix data_training/dna_M8984_201_3931.phy/output_files/parsimony/seed_17 --model GTR+G --seed 17

Analysis options:
  run mode: Starting tree generation
  start tree(s): parsimony (1)
  random seed: 17
  SIMD kernels: AVX2
  parallelization: coarse-grained (auto), PTHREADS (auto)

[00:00:00] Reading alignment from file: Data/dna_M8984_201_3931.phy
[00:00:00] Loaded alignment with 201 taxa and 3931 sites

Alignment comprises 1 partitions and 1623 patterns

Partition 0: noname
Model: GTR+FO+G4m
Alignment sites / patterns: 3931 / 1623
Gaps: 29.42 %
Invariant sites: 69.42 %


NOTE: Binary MSA file created: data_training/dna_M8984_201_3931.phy/output_files/parsimony/seed_17.raxml.rba

[00:00:00] Generating 1 parsimony starting tree(s) with 201 taxa
Parsimony score: 3626

All starting trees saved to: /home/ngocminh/difficulty-prediction-training-data/data_training/dna_M8984_201_3931.phy/output_files/parsimony/seed_17.raxml.startTree


Execution log saved to: /home/ngocminh/difficulty-prediction-training-data/data_training/dna_M8984_201_3931.phy/output_files/parsimony/seed_17.raxml.log

Analysis started: 24-Sep-2025 15:41:00 / finished: 24-Sep-2025 15:41:00

Elapsed time: 0.076 seconds


RAxML-NG v. 1.1.0-master released on 04.08.2022 by The Exelixis Lab.
Developed by: Alexey M. Kozlov and Alexandros Stamatakis.
Contributors: Diego Darriba, Tomas Flouri, Benoit Morel, Sarah Lutteropp, Ben Bettisworth.
Latest version: https://github.com/amkozlov/raxml-ng
Questions/problems/suggestions? Please visit: https://groups.google.com/forum/#!forum/raxml

System: Intel(R) Core(TM) i7-8550U CPU @ 1.80GHz, 4 cores, 7 GB RAM

RAxML-NG was called at 24-Sep-2025 15:41:50 as follows:

/home/ngocminh/raxml-ng/build/bin/raxml-ng --start --msa Data/dna_M8984_201_3931.phy --tree pars{1} --prefix data_training/dna_M8984_201_3931.phy/output_files/parsimony/seed_18 --model GTR+G --seed 18

Analysis options:
  run mode: Starting tree generation
  start tree(s): parsimony (1)
  random seed: 18
  SIMD kernels: AVX2
  parallelization: coarse-grained (auto), PTHREADS (auto)

[00:00:00] Reading alignment from file: Data/dna_M8984_201_3931.phy
[00:00:00] Loaded alignment with 201 taxa and 3931 sites

Alignment comprises 1 partitions and 1623 patterns

Partition 0: noname
Model: GTR+FO+G4m
Alignment sites / patterns: 3931 / 1623
Gaps: 29.42 %
Invariant sites: 69.42 %


NOTE: Binary MSA file created: data_training/dna_M8984_201_3931.phy/output_files/parsimony/seed_18.raxml.rba

[00:00:00] Generating 1 parsimony starting tree(s) with 201 taxa
Parsimony score: 3626

All starting trees saved to: /home/ngocminh/difficulty-prediction-training-data/data_training/dna_M8984_201_3931.phy/output_files/parsimony/seed_18.raxml.startTree


Execution log saved to: /home/ngocminh/difficulty-prediction-training-data/data_training/dna_M8984_201_3931.phy/output_files/parsimony/seed_18.raxml.log

Analysis started: 24-Sep-2025 15:41:50 / finished: 24-Sep-2025 15:41:50

Elapsed time: 0.083 seconds


RAxML-NG v. 1.1.0-master released on 04.08.2022 by The Exelixis Lab.
Developed by: Alexey M. Kozlov and Alexandros Stamatakis.
Contributors: Diego Darriba, Tomas Flouri, Benoit Morel, Sarah Lutteropp, Ben Bettisworth.
Latest version: https://github.com/amkozlov/raxml-ng
Questions/problems/suggestions? Please visit: https://groups.google.com/forum/#!forum/raxml

System: Intel(R) Core(TM) i7-8550U CPU @ 1.80GHz, 4 cores, 7 GB RAM

RAxML-NG was called at 24-Sep-2025 15:35:23 as follows:

/home/ngocminh/raxml-ng/build/bin/raxml-ng --start --msa Data/dna_M8984_201_3931.phy --tree pars{1} --prefix data_training/dna_M8984_201_3931.phy/output_files/parsimony/seed_19 --model GTR+G --seed 19

Analysis options:
  run mode: Starting tree generation
  start tree(s): parsimony (1)
  random seed: 19
  SIMD kernels: AVX2
  parallelization: coarse-grained (auto), PTHREADS (auto)

[00:00:00] Reading alignment from file: Data/dna_M8984_201_3931.phy
[00:00:00] Loaded alignment with 201 taxa and 3931 sites

Alignment comprises 1 partitions and 1623 patterns

Partition 0: noname
Model: GTR+FO+G4m
Alignment sites / patterns: 3931 / 1623
Gaps: 29.42 %
Invariant sites: 69.42 %


NOTE: Binary MSA file created: data_training/dna_M8984_201_3931.phy/output_files/parsimony/seed_19.raxml.rba

[00:00:00] Generating 1 parsimony starting tree(s) with 201 taxa
Parsimony score: 3623

All starting trees saved to: /home/ngocminh/difficulty-prediction-training-data/data_training/dna_M8984_201_3931.phy/output_files/parsimony/seed_19.raxml.startTree


Execution log saved to: /home/ngocminh/difficulty-prediction-training-data/data_training/dna_M8984_201_3931.phy/output_files/parsimony/seed_19.raxml.log

Analysis started: 24-Sep-2025 15:35:23 / finished: 24-Sep-2025 15:35:23

Elapsed time: 0.083 seconds


RAxML-NG v. 1.1.0-master released on 04.08.2022 by The Exelixis Lab.
Developed by: Alexey M. Kozlov and Alexandros Stamatakis.
Contributors: Diego Darriba, Tomas Flouri, Benoit Morel, Sarah Lutteropp, Ben Bettisworth.
Latest version: https://github.com/amkozlov/raxml-ng
Questions/problems/suggestions? Please visit: https://groups.google.com/forum/#!forum/raxml

System: Intel(R) Core(TM) i7-8550U CPU @ 1.80GHz, 4 cores, 7 GB RAM

RAxML-NG was called at 24-Sep-2025 15:57:19 as follows:

/home/ngocminh/raxml-ng/build/bin/raxml-ng --start --msa Data/dna_M8984_201_3931.phy --tree pars{1} --prefix data_training/dna_M8984_201_3931.phy/output_files/parsimony/seed_20 --model GTR+G --seed 20

Analysis options:
  run mode: Starting tree generation
  start tree(s): parsimony (1)
  random seed: 20
  SIMD kernels: AVX2
  parallelization: coarse-grained (auto), PTHREADS (auto)

[00:00:00] Reading alignment from file: Data/dna_M8984_201_3931.phy
[00:00:00] Loaded alignment with 201 taxa and 3931 sites

Alignment comprises 1 partitions and 1623 patterns

Partition 0: noname
Model: GTR+FO+G4m
Alignment sites / patterns: 3931 / 1623
Gaps: 29.42 %
Invariant sites: 69.42 %


NOTE: Binary MSA file created: data_training/dna_M8984_201_3931.phy/output_files/parsimony/seed_20.raxml.rba

[00:00:00] Generating 1 parsimony starting tree(s) with 201 taxa
Parsimony score: 3630

All starting trees saved to: /home/ngocminh/difficulty-prediction-training-data/data_training/dna_M8984_201_3931.phy/output_files/parsimony/seed_20.raxml.startTree


Execution log saved to: /home/ngocminh/difficulty-prediction-training-data/data_training/dna_M8984_201_3931.phy/output_files/parsimony/seed_20.raxml.log

Analysis started: 24-Sep-2025 15:57:19 / finished: 24-Sep-2025 15:57:20

Elapsed time: 0.076 seconds


RAxML-NG v. 1.1.0-master released on 04.08.2022 by The Exelixis Lab.
Developed by: Alexey M. Kozlov and Alexandros Stamatakis.
Contributors: Diego Darriba, Tomas Flouri, Benoit Morel, Sarah Lutteropp, Ben Bettisworth.
Latest version: https://github.com/amkozlov/raxml-ng
Questions/problems/suggestions? Please visit: https://groups.google.com/forum/#!forum/raxml

System: Intel(R) Core(TM) i7-8550U CPU @ 1.80GHz, 4 cores, 7 GB RAM

RAxML-NG was called at 24-Sep-2025 15:50:59 as follows:

/home/ngocminh/raxml-ng/build/bin/raxml-ng --start --msa Data/dna_M8984_201_3931.phy --tree pars{1} --prefix data_training/dna_M8984_201_3931.phy/output_files/parsimony/seed_21 --model GTR+G --seed 21

Analysis options:
  run mode: Starting tree generation
  start tree(s): parsimony (1)
  random seed: 21
  SIMD kernels: AVX2
  parallelization: coarse-grained (auto), PTHREADS (auto)

[00:00:00] Reading alignment from file: Data/dna_M8984_201_3931.phy
[00:00:00] Loaded alignment with 201 taxa and 3931 sites

Alignment comprises 1 partitions and 1623 patterns

Partition 0: noname
Model: GTR+FO+G4m
Alignment sites / patterns: 3931 / 1623
Gaps: 29.42 %
Invariant sites: 69.42 %


NOTE: Binary MSA file created: data_training/dna_M8984_201_3931.phy/output_files/parsimony/seed_21.raxml.rba

[00:00:00] Generating 1 parsimony starting tree(s) with 201 taxa
Parsimony score: 3621

All starting trees saved to: /home/ngocminh/difficulty-prediction-training-data/data_training/dna_M8984_201_3931.phy/output_files/parsimony/seed_21.raxml.startTree


Execution log saved to: /home/ngocminh/difficulty-prediction-training-data/data_training/dna_M8984_201_3931.phy/output_files/parsimony/seed_21.raxml.log

Analysis started: 24-Sep-2025 15:50:59 / finished: 24-Sep-2025 15:50:59

Elapsed time: 0.076 seconds


RAxML-NG v. 1.1.0-master released on 04.08.2022 by The Exelixis Lab.
Developed by: Alexey M. Kozlov and Alexandros Stamatakis.
Contributors: Diego Darriba, Tomas Flouri, Benoit Morel, Sarah Lutteropp, Ben Bettisworth.
Latest version: https://github.com/amkozlov/raxml-ng
Questions/problems/suggestions? Please visit: https://groups.google.com/forum/#!forum/raxml

System: Intel(R) Core(TM) i7-8550U CPU @ 1.80GHz, 4 cores, 7 GB RAM

RAxML-NG was called at 24-Sep-2025 15:41:00 as follows:

/home/ngocminh/raxml-ng/build/bin/raxml-ng --start --msa Data/dna_M8984_201_3931.phy --tree pars{1} --prefix data_training/dna_M8984_201_3931.phy/output_files/parsimony/seed_22 --model GTR+G --seed 22

Analysis options:
  run mode: Starting tree generation
  start tree(s): parsimony (1)
  random seed: 22
  SIMD kernels: AVX2
  parallelization: coarse-grained (auto), PTHREADS (auto)

[00:00:00] Reading alignment from file: Data/dna_M8984_201_3931.phy
[00:00:00] Loaded alignment with 201 taxa and 3931 sites

Alignment comprises 1 partitions and 1623 patterns

Partition 0: noname
Model: GTR+FO+G4m
Alignment sites / patterns: 3931 / 1623
Gaps: 29.42 %
Invariant sites: 69.42 %


NOTE: Binary MSA file created: data_training/dna_M8984_201_3931.phy/output_files/parsimony/seed_22.raxml.rba

[00:00:00] Generating 1 parsimony starting tree(s) with 201 taxa
Parsimony score: 3629

All starting trees saved to: /home/ngocminh/difficulty-prediction-training-data/data_training/dna_M8984_201_3931.phy/output_files/parsimony/seed_22.raxml.startTree


Execution log saved to: /home/ngocminh/difficulty-prediction-training-data/data_training/dna_M8984_201_3931.phy/output_files/parsimony/seed_22.raxml.log

Analysis started: 24-Sep-2025 15:41:00 / finished: 24-Sep-2025 15:41:00

Elapsed time: 0.071 seconds


RAxML-NG v. 1.1.0-master released on 04.08.2022 by The Exelixis Lab.
Developed by: Alexey M. Kozlov and Alexandros Stamatakis.
Contributors: Diego Darriba, Tomas Flouri, Benoit Morel, Sarah Lutteropp, Ben Bettisworth.
Latest version: https://github.com/amkozlov/raxml-ng
Questions/problems/suggestions? Please visit: https://groups.google.com/forum/#!forum/raxml

System: Intel(R) Core(TM) i7-8550U CPU @ 1.80GHz, 4 cores, 7 GB RAM

RAxML-NG was called at 24-Sep-2025 15:29:13 as follows:

/home/ngocminh/raxml-ng/build/bin/raxml-ng --start --msa Data/dna_M8984_201_3931.phy --tree pars{1} --prefix data_training/dna_M8984_201_3931.phy/output_files/parsimony/seed_23 --model GTR+G --seed 23

Analysis options:
  run mode: Starting tree generation
  start tree(s): parsimony (1)
  random seed: 23
  SIMD kernels: AVX2
  parallelization: coarse-grained (auto), PTHREADS (auto)

[00:00:00] Reading alignment from file: Data/dna_M8984_201_3931.phy
[00:00:00] Loaded alignment with 201 taxa and 3931 sites

Alignment comprises 1 partitions and 1623 patterns

Partition 0: noname
Model: GTR+FO+G4m
Alignment sites / patterns: 3931 / 1623
Gaps: 29.42 %
Invariant sites: 69.42 %


NOTE: Binary MSA file created: data_training/dna_M8984_201_3931.phy/output_files/parsimony/seed_23.raxml.rba

[00:00:00] Generating 1 parsimony starting tree(s) with 201 taxa
Parsimony score: 3622

All starting trees saved to: /home/ngocminh/difficulty-prediction-training-data/data_training/dna_M8984_201_3931.phy/output_files/parsimony/seed_23.raxml.startTree


Execution log saved to: /home/ngocminh/difficulty-prediction-training-data/data_training/dna_M8984_201_3931.phy/output_files/parsimony/seed_23.raxml.log

Analysis started: 24-Sep-2025 15:29:13 / finished: 24-Sep-2025 15:29:13

Elapsed time: 0.048 seconds


RAxML-NG v. 1.1.0-master released on 04.08.2022 by The Exelixis Lab.
Developed by: Alexey M. Kozlov and Alexandros Stamatakis.
Contributors: Diego Darriba, Tomas Flouri, Benoit Morel, Sarah Lutteropp, Ben Bettisworth.
Latest version: https://github.com/amkozlov/raxml-ng
Questions/problems/suggestions? Please visit: https://groups.google.com/forum/#!forum/raxml

System: Intel(R) Core(TM) i7-8550U CPU @ 1.80GHz, 4 cores, 7 GB RAM

RAxML-NG was called at 24-Sep-2025 15:35:44 as follows:

/home/ngocminh/raxml-ng/build/bin/raxml-ng --start --msa Data/dna_M8984_201_3931.phy --tree pars{1} --prefix data_training/dna_M8984_201_3931.phy/output_files/parsimony/seed_24 --model GTR+G --seed 24

Analysis options:
  run mode: Starting tree generation
  start tree(s): parsimony (1)
  random seed: 24
  SIMD kernels: AVX2
  parallelization: coarse-grained (auto), PTHREADS (auto)

[00:00:00] Reading alignment from file: Data/dna_M8984_201_3931.phy
[00:00:00] Loaded alignment with 201 taxa and 3931 sites

Alignment comprises 1 partitions and 1623 patterns

Partition 0: noname
Model: GTR+FO+G4m
Alignment sites / patterns: 3931 / 1623
Gaps: 29.42 %
Invariant sites: 69.42 %


NOTE: Binary MSA file created: data_training/dna_M8984_201_3931.phy/output_files/parsimony/seed_24.raxml.rba

[00:00:00] Generating 1 parsimony starting tree(s) with 201 taxa
Parsimony score: 3625

All starting trees saved to: /home/ngocminh/difficulty-prediction-training-data/data_training/dna_M8984_201_3931.phy/output_files/parsimony/seed_24.raxml.startTree


Execution log saved to: /home/ngocminh/difficulty-prediction-training-data/data_training/dna_M8984_201_3931.phy/output_files/parsimony/seed_24.raxml.log

Analysis started: 24-Sep-2025 15:35:44 / finished: 24-Sep-2025 15:35:44

Elapsed time: 0.084 seconds


RAxML-NG v. 1.1.0-master released on 04.08.2022 by The Exelixis Lab.
Developed by: Alexey M. Kozlov and Alexandros Stamatakis.
Contributors: Diego Darriba, Tomas Flouri, Benoit Morel, Sarah Lutteropp, Ben Bettisworth.
Latest version: https://github.com/amkozlov/raxml-ng
Questions/problems/suggestions? Please visit: https://groups.google.com/forum/#!forum/raxml

System: Intel(R) Core(TM) i7-8550U CPU @ 1.80GHz, 4 cores, 7 GB RAM

RAxML-NG was called at 24-Sep-2025 15:51:49 as follows:

/home/ngocminh/raxml-ng/build/bin/raxml-ng --start --msa Data/dna_M8984_201_3931.phy --tree pars{1} --prefix data_training/dna_M8984_201_3931.phy/output_files/parsimony/seed_25 --model GTR+G --seed 25

Analysis options:
  run mode: Starting tree generation
  start tree(s): parsimony (1)
  random seed: 25
  SIMD kernels: AVX2
  parallelization: coarse-grained (auto), PTHREADS (auto)

[00:00:00] Reading alignment from file: Data/dna_M8984_201_3931.phy
[00:00:00] Loaded alignment with 201 taxa and 3931 sites

Alignment comprises 1 partitions and 1623 patterns

Partition 0: noname
Model: GTR+FO+G4m
Alignment sites / patterns: 3931 / 1623
Gaps: 29.42 %
Invariant sites: 69.42 %


NOTE: Binary MSA file created: data_training/dna_M8984_201_3931.phy/output_files/parsimony/seed_25.raxml.rba

[00:00:00] Generating 1 parsimony starting tree(s) with 201 taxa
Parsimony score: 3625

All starting trees saved to: /home/ngocminh/difficulty-prediction-training-data/data_training/dna_M8984_201_3931.phy/output_files/parsimony/seed_25.raxml.startTree


Execution log saved to: /home/ngocminh/difficulty-prediction-training-data/data_training/dna_M8984_201_3931.phy/output_files/parsimony/seed_25.raxml.log

Analysis started: 24-Sep-2025 15:51:49 / finished: 24-Sep-2025 15:51:49

Elapsed time: 0.070 seconds


RAxML-NG v. 1.1.0-master released on 04.08.2022 by The Exelixis Lab.
Developed by: Alexey M. Kozlov and Alexandros Stamatakis.
Contributors: Diego Darriba, Tomas Flouri, Benoit Morel, Sarah Lutteropp, Ben Bettisworth.
Latest version: https://github.com/amkozlov/raxml-ng
Questions/problems/suggestions? Please visit: https://groups.google.com/forum/#!forum/raxml

System: Intel(R) Core(TM) i7-8550U CPU @ 1.80GHz, 4 cores, 7 GB RAM

RAxML-NG was called at 24-Sep-2025 15:49:25 as follows:

/home/ngocminh/raxml-ng/build/bin/raxml-ng --start --msa Data/dna_M8984_201_3931.phy --tree pars{1} --prefix data_training/dna_M8984_201_3931.phy/output_files/parsimony/seed_26 --model GTR+G --seed 26

Analysis options:
  run mode: Starting tree generation
  start tree(s): parsimony (1)
  random seed: 26
  SIMD kernels: AVX2
  parallelization: coarse-grained (auto), PTHREADS (auto)

[00:00:00] Reading alignment from file: Data/dna_M8984_201_3931.phy
[00:00:00] Loaded alignment with 201 taxa and 3931 sites

Alignment comprises 1 partitions and 1623 patterns

Partition 0: noname
Model: GTR+FO+G4m
Alignment sites / patterns: 3931 / 1623
Gaps: 29.42 %
Invariant sites: 69.42 %


NOTE: Binary MSA file created: data_training/dna_M8984_201_3931.phy/output_files/parsimony/seed_26.raxml.rba

[00:00:00] Generating 1 parsimony starting tree(s) with 201 taxa
Parsimony score: 3617

All starting trees saved to: /home/ngocminh/difficulty-prediction-training-data/data_training/dna_M8984_201_3931.phy/output_files/parsimony/seed_26.raxml.startTree


Execution log saved to: /home/ngocminh/difficulty-prediction-training-data/data_training/dna_M8984_201_3931.phy/output_files/parsimony/seed_26.raxml.log

Analysis started: 24-Sep-2025 15:49:25 / finished: 24-Sep-2025 15:49:25

Elapsed time: 0.074 seconds


RAxML-NG v. 1.1.0-master released on 04.08.2022 by The Exelixis Lab.
Developed by: Alexey M. Kozlov and Alexandros Stamatakis.
Contributors: Diego Darriba, Tomas Flouri, Benoit Morel, Sarah Lutteropp, Ben Bettisworth.
Latest version: https://github.com/amkozlov/raxml-ng
Questions/problems/suggestions? Please visit: https://groups.google.com/forum/#!forum/raxml

System: Intel(R) Core(TM) i7-8550U CPU @ 1.80GHz, 4 cores, 7 GB RAM

RAxML-NG was called at 24-Sep-2025 15:57:07 as follows:

/home/ngocminh/raxml-ng/build/bin/raxml-ng --start --msa Data/dna_M8984_201_3931.phy --tree pars{1} --prefix data_training/dna_M8984_201_3931.phy/output_files/parsimony/seed_27 --model GTR+G --seed 27

Analysis options:
  run mode: Starting tree generation
  start tree(s): parsimony (1)
  random seed: 27
  SIMD kernels: AVX2
  parallelization: coarse-grained (auto), PTHREADS (auto)

[00:00:00] Reading alignment from file: Data/dna_M8984_201_3931.phy
[00:00:00] Loaded alignment with 201 taxa and 3931 sites

Alignment comprises 1 partitions and 1623 patterns

Partition 0: noname
Model: GTR+FO+G4m
Alignment sites / patterns: 3931 / 1623
Gaps: 29.42 %
Invariant sites: 69.42 %


NOTE: Binary MSA file created: data_training/dna_M8984_201_3931.phy/output_files/parsimony/seed_27.raxml.rba

[00:00:00] Generating 1 parsimony starting tree(s) with 201 taxa
Parsimony score: 3622

All starting trees saved to: /home/ngocminh/difficulty-prediction-training-data/data_training/dna_M8984_201_3931.phy/output_files/parsimony/seed_27.raxml.startTree


Execution log saved to: /home/ngocminh/difficulty-prediction-training-data/data_training/dna_M8984_201_3931.phy/output_files/parsimony/seed_27.raxml.log

Analysis started: 24-Sep-2025 15:57:07 / finished: 24-Sep-2025 15:57:07

Elapsed time: 0.089 seconds


RAxML-NG v. 1.1.0-master released on 04.08.2022 by The Exelixis Lab.
Developed by: Alexey M. Kozlov and Alexandros Stamatakis.
Contributors: Diego Darriba, Tomas Flouri, Benoit Morel, Sarah Lutteropp, Ben Bettisworth.
Latest version: https://github.com/amkozlov/raxml-ng
Questions/problems/suggestions? Please visit: https://groups.google.com/forum/#!forum/raxml

System: Intel(R) Core(TM) i7-8550U CPU @ 1.80GHz, 4 cores, 7 GB RAM

RAxML-NG was called at 24-Sep-2025 15:51:45 as follows:

/home/ngocminh/raxml-ng/build/bin/raxml-ng --start --msa Data/dna_M8984_201_3931.phy --tree pars{1} --prefix data_training/dna_M8984_201_3931.phy/output_files/parsimony/seed_28 --model GTR+G --seed 28

Analysis options:
  run mode: Starting tree generation
  start tree(s): parsimony (1)
  random seed: 28
  SIMD kernels: AVX2
  parallelization: coarse-grained (auto), PTHREADS (auto)

[00:00:00] Reading alignment from file: Data/dna_M8984_201_3931.phy
[00:00:00] Loaded alignment with 201 taxa and 3931 sites

Alignment comprises 1 partitions and 1623 patterns

Partition 0: noname
Model: GTR+FO+G4m
Alignment sites / patterns: 3931 / 1623
Gaps: 29.42 %
Invariant sites: 69.42 %


NOTE: Binary MSA file created: data_training/dna_M8984_201_3931.phy/output_files/parsimony/seed_28.raxml.rba

[00:00:00] Generating 1 parsimony starting tree(s) with 201 taxa
Parsimony score: 3631

All starting trees saved to: /home/ngocminh/difficulty-prediction-training-data/data_training/dna_M8984_201_3931.phy/output_files/parsimony/seed_28.raxml.startTree


Execution log saved to: /home/ngocminh/difficulty-prediction-training-data/data_training/dna_M8984_201_3931.phy/output_files/parsimony/seed_28.raxml.log

Analysis started: 24-Sep-2025 15:51:45 / finished: 24-Sep-2025 15:51:45

Elapsed time: 0.075 seconds


RAxML-NG v. 1.1.0-master released on 04.08.2022 by The Exelixis Lab.
Developed by: Alexey M. Kozlov and Alexandros Stamatakis.
Contributors: Diego Darriba, Tomas Flouri, Benoit Morel, Sarah Lutteropp, Ben Bettisworth.
Latest version: https://github.com/amkozlov/raxml-ng
Questions/problems/suggestions? Please visit: https://groups.google.com/forum/#!forum/raxml

System: Intel(R) Core(TM) i7-8550U CPU @ 1.80GHz, 4 cores, 7 GB RAM

RAxML-NG was called at 24-Sep-2025 15:41:03 as follows:

/home/ngocminh/raxml-ng/build/bin/raxml-ng --start --msa Data/dna_M8984_201_3931.phy --tree pars{1} --prefix data_training/dna_M8984_201_3931.phy/output_files/parsimony/seed_29 --model GTR+G --seed 29

Analysis options:
  run mode: Starting tree generation
  start tree(s): parsimony (1)
  random seed: 29
  SIMD kernels: AVX2
  parallelization: coarse-grained (auto), PTHREADS (auto)

[00:00:00] Reading alignment from file: Data/dna_M8984_201_3931.phy
[00:00:00] Loaded alignment with 201 taxa and 3931 sites

Alignment comprises 1 partitions and 1623 patterns

Partition 0: noname
Model: GTR+FO+G4m
Alignment sites / patterns: 3931 / 1623
Gaps: 29.42 %
Invariant sites: 69.42 %


NOTE: Binary MSA file created: data_training/dna_M8984_201_3931.phy/output_files/parsimony/seed_29.raxml.rba

[00:00:00] Generating 1 parsimony starting tree(s) with 201 taxa
Parsimony score: 3623

All starting trees saved to: /home/ngocminh/difficulty-prediction-training-data/data_training/dna_M8984_201_3931.phy/output_files/parsimony/seed_29.raxml.startTree


Execution log saved to: /home/ngocminh/difficulty-prediction-training-data/data_training/dna_M8984_201_3931.phy/output_files/parsimony/seed_29.raxml.log

Analysis started: 24-Sep-2025 15:41:03 / finished: 24-Sep-2025 15:41:03

Elapsed time: 0.073 seconds


RAxML-NG v. 1.1.0-master released on 04.08.2022 by The Exelixis Lab.
Developed by: Alexey M. Kozlov and Alexandros Stamatakis.
Contributors: Diego Darriba, Tomas Flouri, Benoit Morel, Sarah Lutteropp, Ben Bettisworth.
Latest version: https://github.com/amkozlov/raxml-ng
Questions/problems/suggestions? Please visit: https://groups.google.com/forum/#!forum/raxml

System: Intel(R) Core(TM) i7-8550U CPU @ 1.80GHz, 4 cores, 7 GB RAM

RAxML-NG was called at 24-Sep-2025 15:29:13 as follows:

/home/ngocminh/raxml-ng/build/bin/raxml-ng --start --msa Data/dna_M8984_201_3931.phy --tree pars{1} --prefix data_training/dna_M8984_201_3931.phy/output_files/parsimony/seed_30 --model GTR+G --seed 30

Analysis options:
  run mode: Starting tree generation
  start tree(s): parsimony (1)
  random seed: 30
  SIMD kernels: AVX2
  parallelization: coarse-grained (auto), PTHREADS (auto)

[00:00:00] Reading alignment from file: Data/dna_M8984_201_3931.phy
[00:00:00] Loaded alignment with 201 taxa and 3931 sites

Alignment comprises 1 partitions and 1623 patterns

Partition 0: noname
Model: GTR+FO+G4m
Alignment sites / patterns: 3931 / 1623
Gaps: 29.42 %
Invariant sites: 69.42 %


NOTE: Binary MSA file created: data_training/dna_M8984_201_3931.phy/output_files/parsimony/seed_30.raxml.rba

[00:00:00] Generating 1 parsimony starting tree(s) with 201 taxa
Parsimony score: 3621

All starting trees saved to: /home/ngocminh/difficulty-prediction-training-data/data_training/dna_M8984_201_3931.phy/output_files/parsimony/seed_30.raxml.startTree


Execution log saved to: /home/ngocminh/difficulty-prediction-training-data/data_training/dna_M8984_201_3931.phy/output_files/parsimony/seed_30.raxml.log

Analysis started: 24-Sep-2025 15:29:13 / finished: 24-Sep-2025 15:29:13

Elapsed time: 0.049 seconds


RAxML-NG v. 1.1.0-master released on 04.08.2022 by The Exelixis Lab.
Developed by: Alexey M. Kozlov and Alexandros Stamatakis.
Contributors: Diego Darriba, Tomas Flouri, Benoit Morel, Sarah Lutteropp, Ben Bettisworth.
Latest version: https://github.com/amkozlov/raxml-ng
Questions/problems/suggestions? Please visit: https://groups.google.com/forum/#!forum/raxml

System: Intel(R) Core(TM) i7-8550U CPU @ 1.80GHz, 4 cores, 7 GB RAM

RAxML-NG was called at 24-Sep-2025 15:35:19 as follows:

/home/ngocminh/raxml-ng/build/bin/raxml-ng --start --msa Data/dna_M8984_201_3931.phy --tree pars{1} --prefix data_training/dna_M8984_201_3931.phy/output_files/parsimony/seed_31 --model GTR+G --seed 31

Analysis options:
  run mode: Starting tree generation
  start tree(s): parsimony (1)
  random seed: 31
  SIMD kernels: AVX2
  parallelization: coarse-grained (auto), PTHREADS (auto)

[00:00:00] Reading alignment from file: Data/dna_M8984_201_3931.phy
[00:00:00] Loaded alignment with 201 taxa and 3931 sites

Alignment comprises 1 partitions and 1623 patterns

Partition 0: noname
Model: GTR+FO+G4m
Alignment sites / patterns: 3931 / 1623
Gaps: 29.42 %
Invariant sites: 69.42 %


NOTE: Binary MSA file created: data_training/dna_M8984_201_3931.phy/output_files/parsimony/seed_31.raxml.rba

[00:00:00] Generating 1 parsimony starting tree(s) with 201 taxa
Parsimony score: 3623

All starting trees saved to: /home/ngocminh/difficulty-prediction-training-data/data_training/dna_M8984_201_3931.phy/output_files/parsimony/seed_31.raxml.startTree


Execution log saved to: /home/ngocminh/difficulty-prediction-training-data/data_training/dna_M8984_201_3931.phy/output_files/parsimony/seed_31.raxml.log

Analysis started: 24-Sep-2025 15:35:19 / finished: 24-Sep-2025 15:35:19

Elapsed time: 0.072 seconds


RAxML-NG v. 1.1.0-master released on 04.08.2022 by The Exelixis Lab.
Developed by: Alexey M. Kozlov and Alexandros Stamatakis.
Contributors: Diego Darriba, Tomas Flouri, Benoit Morel, Sarah Lutteropp, Ben Bettisworth.
Latest version: https://github.com/amkozlov/raxml-ng
Questions/problems/suggestions? Please visit: https://groups.google.com/forum/#!forum/raxml

System: Intel(R) Core(TM) i7-8550U CPU @ 1.80GHz, 4 cores, 7 GB RAM

RAxML-NG was called at 24-Sep-2025 15:51:21 as follows:

/home/ngocminh/raxml-ng/build/bin/raxml-ng --start --msa Data/dna_M8984_201_3931.phy --tree pars{1} --prefix data_training/dna_M8984_201_3931.phy/output_files/parsimony/seed_32 --model GTR+G --seed 32

Analysis options:
  run mode: Starting tree generation
  start tree(s): parsimony (1)
  random seed: 32
  SIMD kernels: AVX2
  parallelization: coarse-grained (auto), PTHREADS (auto)

[00:00:00] Reading alignment from file: Data/dna_M8984_201_3931.phy
[00:00:00] Loaded alignment with 201 taxa and 3931 sites

Alignment comprises 1 partitions and 1623 patterns

Partition 0: noname
Model: GTR+FO+G4m
Alignment sites / patterns: 3931 / 1623
Gaps: 29.42 %
Invariant sites: 69.42 %


NOTE: Binary MSA file created: data_training/dna_M8984_201_3931.phy/output_files/parsimony/seed_32.raxml.rba

[00:00:00] Generating 1 parsimony starting tree(s) with 201 taxa
Parsimony score: 3627

All starting trees saved to: /home/ngocminh/difficulty-prediction-training-data/data_training/dna_M8984_201_3931.phy/output_files/parsimony/seed_32.raxml.startTree


Execution log saved to: /home/ngocminh/difficulty-prediction-training-data/data_training/dna_M8984_201_3931.phy/output_files/parsimony/seed_32.raxml.log

Analysis started: 24-Sep-2025 15:51:21 / finished: 24-Sep-2025 15:51:21

Elapsed time: 0.060 seconds


RAxML-NG v. 1.1.0-master released on 04.08.2022 by The Exelixis Lab.
Developed by: Alexey M. Kozlov and Alexandros Stamatakis.
Contributors: Diego Darriba, Tomas Flouri, Benoit Morel, Sarah Lutteropp, Ben Bettisworth.
Latest version: https://github.com/amkozlov/raxml-ng
Questions/problems/suggestions? Please visit: https://groups.google.com/forum/#!forum/raxml

System: Intel(R) Core(TM) i7-8550U CPU @ 1.80GHz, 4 cores, 7 GB RAM

RAxML-NG was called at 24-Sep-2025 16:02:33 as follows:

/home/ngocminh/raxml-ng/build/bin/raxml-ng --start --msa Data/dna_M8984_201_3931.phy --tree pars{1} --prefix data_training/dna_M8984_201_3931.phy/output_files/parsimony/seed_33 --model GTR+G --seed 33

Analysis options:
  run mode: Starting tree generation
  start tree(s): parsimony (1)
  random seed: 33
  SIMD kernels: AVX2
  parallelization: coarse-grained (auto), PTHREADS (auto)

[00:00:00] Reading alignment from file: Data/dna_M8984_201_3931.phy
[00:00:00] Loaded alignment with 201 taxa and 3931 sites

Alignment comprises 1 partitions and 1623 patterns

Partition 0: noname
Model: GTR+FO+G4m
Alignment sites / patterns: 3931 / 1623
Gaps: 29.42 %
Invariant sites: 69.42 %


NOTE: Binary MSA file created: data_training/dna_M8984_201_3931.phy/output_files/parsimony/seed_33.raxml.rba

[00:00:00] Generating 1 parsimony starting tree(s) with 201 taxa
Parsimony score: 3619

All starting trees saved to: /home/ngocminh/difficulty-prediction-training-data/data_training/dna_M8984_201_3931.phy/output_files/parsimony/seed_33.raxml.startTree


Execution log saved to: /home/ngocminh/difficulty-prediction-training-data/data_training/dna_M8984_201_3931.phy/output_files/parsimony/seed_33.raxml.log

Analysis started: 24-Sep-2025 16:02:33 / finished: 24-Sep-2025 16:02:33

Elapsed time: 0.080 seconds


RAxML-NG v. 1.1.0-master released on 04.08.2022 by The Exelixis Lab.
Developed by: Alexey M. Kozlov and Alexandros Stamatakis.
Contributors: Diego Darriba, Tomas Flouri, Benoit Morel, Sarah Lutteropp, Ben Bettisworth.
Latest version: https://github.com/amkozlov/raxml-ng
Questions/problems/suggestions? Please visit: https://groups.google.com/forum/#!forum/raxml

System: Intel(R) Core(TM) i7-8550U CPU @ 1.80GHz, 4 cores, 7 GB RAM

RAxML-NG was called at 24-Sep-2025 15:55:38 as follows:

/home/ngocminh/raxml-ng/build/bin/raxml-ng --start --msa Data/dna_M8984_201_3931.phy --tree pars{1} --prefix data_training/dna_M8984_201_3931.phy/output_files/parsimony/seed_34 --model GTR+G --seed 34

Analysis options:
  run mode: Starting tree generation
  start tree(s): parsimony (1)
  random seed: 34
  SIMD kernels: AVX2
  parallelization: coarse-grained (auto), PTHREADS (auto)

[00:00:00] Reading alignment from file: Data/dna_M8984_201_3931.phy
[00:00:00] Loaded alignment with 201 taxa and 3931 sites

Alignment comprises 1 partitions and 1623 patterns

Partition 0: noname
Model: GTR+FO+G4m
Alignment sites / patterns: 3931 / 1623
Gaps: 29.42 %
Invariant sites: 69.42 %


NOTE: Binary MSA file created: data_training/dna_M8984_201_3931.phy/output_files/parsimony/seed_34.raxml.rba

[00:00:00] Generating 1 parsimony starting tree(s) with 201 taxa
Parsimony score: 3620

All starting trees saved to: /home/ngocminh/difficulty-prediction-training-data/data_training/dna_M8984_201_3931.phy/output_files/parsimony/seed_34.raxml.startTree


Execution log saved to: /home/ngocminh/difficulty-prediction-training-data/data_training/dna_M8984_201_3931.phy/output_files/parsimony/seed_34.raxml.log

Analysis started: 24-Sep-2025 15:55:38 / finished: 24-Sep-2025 15:55:38

Elapsed time: 0.061 seconds


RAxML-NG v. 1.1.0-master released on 04.08.2022 by The Exelixis Lab.
Developed by: Alexey M. Kozlov and Alexandros Stamatakis.
Contributors: Diego Darriba, Tomas Flouri, Benoit Morel, Sarah Lutteropp, Ben Bettisworth.
Latest version: https://github.com/amkozlov/raxml-ng
Questions/problems/suggestions? Please visit: https://groups.google.com/forum/#!forum/raxml

System: Intel(R) Core(TM) i7-8550U CPU @ 1.80GHz, 4 cores, 7 GB RAM

RAxML-NG was called at 24-Sep-2025 16:02:41 as follows:

/home/ngocminh/raxml-ng/build/bin/raxml-ng --start --msa Data/dna_M8984_201_3931.phy --tree pars{1} --prefix data_training/dna_M8984_201_3931.phy/output_files/parsimony/seed_35 --model GTR+G --seed 35

Analysis options:
  run mode: Starting tree generation
  start tree(s): parsimony (1)
  random seed: 35
  SIMD kernels: AVX2
  parallelization: coarse-grained (auto), PTHREADS (auto)

[00:00:00] Reading alignment from file: Data/dna_M8984_201_3931.phy
[00:00:00] Loaded alignment with 201 taxa and 3931 sites

Alignment comprises 1 partitions and 1623 patterns

Partition 0: noname
Model: GTR+FO+G4m
Alignment sites / patterns: 3931 / 1623
Gaps: 29.42 %
Invariant sites: 69.42 %


NOTE: Binary MSA file created: data_training/dna_M8984_201_3931.phy/output_files/parsimony/seed_35.raxml.rba

[00:00:00] Generating 1 parsimony starting tree(s) with 201 taxa
Parsimony score: 3626

All starting trees saved to: /home/ngocminh/difficulty-prediction-training-data/data_training/dna_M8984_201_3931.phy/output_files/parsimony/seed_35.raxml.startTree


Execution log saved to: /home/ngocminh/difficulty-prediction-training-data/data_training/dna_M8984_201_3931.phy/output_files/parsimony/seed_35.raxml.log

Analysis started: 24-Sep-2025 16:02:41 / finished: 24-Sep-2025 16:02:41

Elapsed time: 0.071 seconds


RAxML-NG v. 1.1.0-master released on 04.08.2022 by The Exelixis Lab.
Developed by: Alexey M. Kozlov and Alexandros Stamatakis.
Contributors: Diego Darriba, Tomas Flouri, Benoit Morel, Sarah Lutteropp, Ben Bettisworth.
Latest version: https://github.com/amkozlov/raxml-ng
Questions/problems/suggestions? Please visit: https://groups.google.com/forum/#!forum/raxml

System: Intel(R) Core(TM) i7-8550U CPU @ 1.80GHz, 4 cores, 7 GB RAM

RAxML-NG was called at 24-Sep-2025 15:48:59 as follows:

/home/ngocminh/raxml-ng/build/bin/raxml-ng --start --msa Data/dna_M8984_201_3931.phy --tree pars{1} --prefix data_training/dna_M8984_201_3931.phy/output_files/parsimony/seed_36 --model GTR+G --seed 36

Analysis options:
  run mode: Starting tree generation
  start tree(s): parsimony (1)
  random seed: 36
  SIMD kernels: AVX2
  parallelization: coarse-grained (auto), PTHREADS (auto)

[00:00:00] Reading alignment from file: Data/dna_M8984_201_3931.phy
[00:00:00] Loaded alignment with 201 taxa and 3931 sites

Alignment comprises 1 partitions and 1623 patterns

Partition 0: noname
Model: GTR+FO+G4m
Alignment sites / patterns: 3931 / 1623
Gaps: 29.42 %
Invariant sites: 69.42 %


NOTE: Binary MSA file created: data_training/dna_M8984_201_3931.phy/output_files/parsimony/seed_36.raxml.rba

[00:00:00] Generating 1 parsimony starting tree(s) with 201 taxa
Parsimony score: 3627

All starting trees saved to: /home/ngocminh/difficulty-prediction-training-data/data_training/dna_M8984_201_3931.phy/output_files/parsimony/seed_36.raxml.startTree


Execution log saved to: /home/ngocminh/difficulty-prediction-training-data/data_training/dna_M8984_201_3931.phy/output_files/parsimony/seed_36.raxml.log

Analysis started: 24-Sep-2025 15:48:59 / finished: 24-Sep-2025 15:49:00

Elapsed time: 0.064 seconds


RAxML-NG v. 1.1.0-master released on 04.08.2022 by The Exelixis Lab.
Developed by: Alexey M. Kozlov and Alexandros Stamatakis.
Contributors: Diego Darriba, Tomas Flouri, Benoit Morel, Sarah Lutteropp, Ben Bettisworth.
Latest version: https://github.com/amkozlov/raxml-ng
Questions/problems/suggestions? Please visit: https://groups.google.com/forum/#!forum/raxml

System: Intel(R) Core(TM) i7-8550U CPU @ 1.80GHz, 4 cores, 7 GB RAM

RAxML-NG was called at 24-Sep-2025 15:35:07 as follows:

/home/ngocminh/raxml-ng/build/bin/raxml-ng --start --msa Data/dna_M8984_201_3931.phy --tree pars{1} --prefix data_training/dna_M8984_201_3931.phy/output_files/parsimony/seed_37 --model GTR+G --seed 37

Analysis options:
  run mode: Starting tree generation
  start tree(s): parsimony (1)
  random seed: 37
  SIMD kernels: AVX2
  parallelization: coarse-grained (auto), PTHREADS (auto)

[00:00:00] Reading alignment from file: Data/dna_M8984_201_3931.phy
[00:00:00] Loaded alignment with 201 taxa and 3931 sites

Alignment comprises 1 partitions and 1623 patterns

Partition 0: noname
Model: GTR+FO+G4m
Alignment sites / patterns: 3931 / 1623
Gaps: 29.42 %
Invariant sites: 69.42 %


NOTE: Binary MSA file created: data_training/dna_M8984_201_3931.phy/output_files/parsimony/seed_37.raxml.rba

[00:00:00] Generating 1 parsimony starting tree(s) with 201 taxa
Parsimony score: 3632

All starting trees saved to: /home/ngocminh/difficulty-prediction-training-data/data_training/dna_M8984_201_3931.phy/output_files/parsimony/seed_37.raxml.startTree


Execution log saved to: /home/ngocminh/difficulty-prediction-training-data/data_training/dna_M8984_201_3931.phy/output_files/parsimony/seed_37.raxml.log

Analysis started: 24-Sep-2025 15:35:07 / finished: 24-Sep-2025 15:35:07

Elapsed time: 0.114 seconds


RAxML-NG v. 1.1.0-master released on 04.08.2022 by The Exelixis Lab.
Developed by: Alexey M. Kozlov and Alexandros Stamatakis.
Contributors: Diego Darriba, Tomas Flouri, Benoit Morel, Sarah Lutteropp, Ben Bettisworth.
Latest version: https://github.com/amkozlov/raxml-ng
Questions/problems/suggestions? Please visit: https://groups.google.com/forum/#!forum/raxml

System: Intel(R) Core(TM) i7-8550U CPU @ 1.80GHz, 4 cores, 7 GB RAM

RAxML-NG was called at 24-Sep-2025 15:29:10 as follows:

/home/ngocminh/raxml-ng/build/bin/raxml-ng --start --msa Data/dna_M8984_201_3931.phy --tree pars{1} --prefix data_training/dna_M8984_201_3931.phy/output_files/parsimony/seed_38 --model GTR+G --seed 38

Analysis options:
  run mode: Starting tree generation
  start tree(s): parsimony (1)
  random seed: 38
  SIMD kernels: AVX2
  parallelization: coarse-grained (auto), PTHREADS (auto)

[00:00:00] Reading alignment from file: Data/dna_M8984_201_3931.phy
[00:00:00] Loaded alignment with 201 taxa and 3931 sites

Alignment comprises 1 partitions and 1623 patterns

Partition 0: noname
Model: GTR+FO+G4m
Alignment sites / patterns: 3931 / 1623
Gaps: 29.42 %
Invariant sites: 69.42 %


NOTE: Binary MSA file created: data_training/dna_M8984_201_3931.phy/output_files/parsimony/seed_38.raxml.rba

[00:00:00] Generating 1 parsimony starting tree(s) with 201 taxa
Parsimony score: 3630

All starting trees saved to: /home/ngocminh/difficulty-prediction-training-data/data_training/dna_M8984_201_3931.phy/output_files/parsimony/seed_38.raxml.startTree


Execution log saved to: /home/ngocminh/difficulty-prediction-training-data/data_training/dna_M8984_201_3931.phy/output_files/parsimony/seed_38.raxml.log

Analysis started: 24-Sep-2025 15:29:10 / finished: 24-Sep-2025 15:29:10

Elapsed time: 0.051 seconds


RAxML-NG v. 1.1.0-master released on 04.08.2022 by The Exelixis Lab.
Developed by: Alexey M. Kozlov and Alexandros Stamatakis.
Contributors: Diego Darriba, Tomas Flouri, Benoit Morel, Sarah Lutteropp, Ben Bettisworth.
Latest version: https://github.com/amkozlov/raxml-ng
Questions/problems/suggestions? Please visit: https://groups.google.com/forum/#!forum/raxml

System: Intel(R) Core(TM) i7-8550U CPU @ 1.80GHz, 4 cores, 7 GB RAM

RAxML-NG was called at 24-Sep-2025 15:40:55 as follows:

/home/ngocminh/raxml-ng/build/bin/raxml-ng --start --msa Data/dna_M8984_201_3931.phy --tree pars{1} --prefix data_training/dna_M8984_201_3931.phy/output_files/parsimony/seed_39 --model GTR+G --seed 39

Analysis options:
  run mode: Starting tree generation
  start tree(s): parsimony (1)
  random seed: 39
  SIMD kernels: AVX2
  parallelization: coarse-grained (auto), PTHREADS (auto)

[00:00:00] Reading alignment from file: Data/dna_M8984_201_3931.phy
[00:00:00] Loaded alignment with 201 taxa and 3931 sites

Alignment comprises 1 partitions and 1623 patterns

Partition 0: noname
Model: GTR+FO+G4m
Alignment sites / patterns: 3931 / 1623
Gaps: 29.42 %
Invariant sites: 69.42 %


NOTE: Binary MSA file created: data_training/dna_M8984_201_3931.phy/output_files/parsimony/seed_39.raxml.rba

[00:00:00] Generating 1 parsimony starting tree(s) with 201 taxa
Parsimony score: 3621

All starting trees saved to: /home/ngocminh/difficulty-prediction-training-data/data_training/dna_M8984_201_3931.phy/output_files/parsimony/seed_39.raxml.startTree


Execution log saved to: /home/ngocminh/difficulty-prediction-training-data/data_training/dna_M8984_201_3931.phy/output_files/parsimony/seed_39.raxml.log

Analysis started: 24-Sep-2025 15:40:55 / finished: 24-Sep-2025 15:40:55

Elapsed time: 0.072 seconds


RAxML-NG v. 1.1.0-master released on 04.08.2022 by The Exelixis Lab.
Developed by: Alexey M. Kozlov and Alexandros Stamatakis.
Contributors: Diego Darriba, Tomas Flouri, Benoit Morel, Sarah Lutteropp, Ben Bettisworth.
Latest version: https://github.com/amkozlov/raxml-ng
Questions/problems/suggestions? Please visit: https://groups.google.com/forum/#!forum/raxml

System: Intel(R) Core(TM) i7-8550U CPU @ 1.80GHz, 4 cores, 7 GB RAM

RAxML-NG was called at 24-Sep-2025 16:02:46 as follows:

/home/ngocminh/raxml-ng/build/bin/raxml-ng --start --msa Data/dna_M8984_201_3931.phy --tree pars{1} --prefix data_training/dna_M8984_201_3931.phy/output_files/parsimony/seed_40 --model GTR+G --seed 40

Analysis options:
  run mode: Starting tree generation
  start tree(s): parsimony (1)
  random seed: 40
  SIMD kernels: AVX2
  parallelization: coarse-grained (auto), PTHREADS (auto)

[00:00:00] Reading alignment from file: Data/dna_M8984_201_3931.phy
[00:00:00] Loaded alignment with 201 taxa and 3931 sites

Alignment comprises 1 partitions and 1623 patterns

Partition 0: noname
Model: GTR+FO+G4m
Alignment sites / patterns: 3931 / 1623
Gaps: 29.42 %
Invariant sites: 69.42 %


NOTE: Binary MSA file created: data_training/dna_M8984_201_3931.phy/output_files/parsimony/seed_40.raxml.rba

[00:00:00] Generating 1 parsimony starting tree(s) with 201 taxa
Parsimony score: 3623

All starting trees saved to: /home/ngocminh/difficulty-prediction-training-data/data_training/dna_M8984_201_3931.phy/output_files/parsimony/seed_40.raxml.startTree


Execution log saved to: /home/ngocminh/difficulty-prediction-training-data/data_training/dna_M8984_201_3931.phy/output_files/parsimony/seed_40.raxml.log

Analysis started: 24-Sep-2025 16:02:46 / finished: 24-Sep-2025 16:02:46

Elapsed time: 0.065 seconds

