IQ-TREE version 3.0.1 for Linux x86 64-bit built Sep 23 2025
Developed by Bui Quang Minh, Thomas Wong, Nhan Ly-Trong, Huaiyan Ren
Contributed by Lam-Tung Nguyen, Dominik Schrempf, Chris Bielow,
Olga Chernomor, Michael Woodhams, Diep Thi Hoang, Heiko Schmidt

Host:    cnode04.hpc.vast.vn (AVX512, FMA3, 125 GB RAM)
Command: /datausers/ioit/thaontp/tranthanhvan235/iqtree3/build/iqtree3 -s /datausers/ioit/thaontp/tranthanhvan235/data_treebase/DIU_TRAINING_DATA/data2/prot_M3114_77_11234.phy -pre training_data/prot_M3114_77_11234.phy/output_files/iqtree/inference/pars_2 -seed 2 -ninit 1 -T 1 -redo -n 0 -nt AUTO
Seed:    2 (Using SPRNG - Scalable Parallel Random Number Generator)
Time:    Sat Sep 27 17:17:39 2025
Kernel:  AVX+FMA - auto-detect threads (56 CPU cores detected)

Reading alignment file /datausers/ioit/thaontp/tranthanhvan235/data_treebase/DIU_TRAINING_DATA/data2/prot_M3114_77_11234.phy ... Phylip format detected
Alignment most likely contains protein sequences
Constructing alignment: done in 0.134059 secs using 513% CPU
Alignment has 77 sequences with 11234 columns, 10843 distinct patterns
7628 parsimony-informative, 1905 singleton sites, 1701 constant sites
                               Gap/Ambiguity  Composition  p-value
Analyzing sequences: done in 0.100904 secs using 1371% CPU
   1  Acanthoscurria_gomesiana        51.24%    passed     79.11%
   2  Acropora_millepora              44.00%    passed     25.17%
   3  Amoebidium_parasiticum          66.17%    failed      2.68%
   4  Anoplodactylus_eroticus         47.93%    failed      0.00%
   5  Aplysia_californica             87.85%    failed      4.47%
   6  Argopecten_irradians            49.59%    passed     47.10%
   7  Asterina_pectinifera            29.28%    passed     28.33%
   8  Biomphalaria_glabrata           57.99%    passed     26.11%
   9  Boophilus_microplus             31.21%    passed     30.12%
  10  Brachionus_plicatilis           50.85%    passed     23.07%
  11  Branchiostoma_floridae          35.52%    failed      0.00%
  12  Bugula_neritina                 49.94%    passed     72.73%
  13  Capitella_sp                    25.97%    passed     49.08%
  14  Capsaspora_owczarzaki           45.50%    failed      0.00%
  15  Carcinoscorpius_rotundicauda    89.45%    failed      0.29%
  16  Carcinus_maenas                 63.69%    passed     53.35%
  17  Carinoma_mutabilis              67.50%    passed     25.13%
  18  Cerebratulus_lacteus            49.39%    passed     71.05%
  19  Chaetoderma_nitidulum           77.93%    failed      0.03%
  20  Chaetopleura_apiculata          79.40%    failed      0.02%
  21  Chaetopterus_sp                 54.50%    passed     37.88%
  22  Ciona_intestinalis              21.34%    passed     32.36%
  23  Crassostrea_virginica           53.66%    passed     47.74%
  24  Cristatella_mucedo              51.85%    passed     30.72%
  25  Cryptococcus_neoformans         28.54%    failed      0.00%
  26  Cyanea_capillata                58.71%    failed      1.03%
  27  Daphnia_magna                   51.21%    passed     31.37%
  28  Drosophila_melanogaster         16.01%    passed     36.16%
  29  Dugesia_japonica                71.09%    passed     14.73%
  30  Echinococcus_granulosus         49.00%    failed      0.24%
  31  Echinoderes_horni               55.77%    passed     18.47%
  32  Euperipatoides_kanangrensis     55.38%    passed      8.06%
  33  Euprymna_scolopes               50.61%    passed     25.91%
  34  Fenneropenaeus_chinensis        61.35%    failed      0.03%
  35  Flaccisagitta_enflata           66.01%    failed      4.90%
  36  Gallus_gallus                   23.16%    passed     18.48%
  37  Gnathostomula_peregrina         64.40%    failed      0.03%
  38  Haementeria_depressa            76.46%    passed     34.14%
  39  Homo_sapiens                    16.00%    passed      6.78%
  40  Hydra_magnipapillata            40.44%    failed      0.00%
  41  Hydractinia_echinata            54.68%    passed     17.39%
  42  Hypsibius_dujardini             48.12%    failed      4.51%
  43  Lumbricus_rubellus              35.48%    passed     37.33%
  44  Macrostomum_lignano             60.81%    failed      0.00%
  45  Mertensiid_sp                   68.59%    failed      0.00%
  46  Mnemiopsis_leidyi               27.83%    passed     12.50%
  47  Monosiga_ovata                  47.28%    failed      0.00%
  48  Mytilus_galloprovincialis       64.31%    passed      6.86%
  49  Myzostoma_seymourcollegiorum    78.40%    failed      0.41%
  50  Nematostella_vectensis          23.73%    passed     15.44%
  51  Neochildia_fusca                87.95%    passed     68.96%
  52  Oscarella_carmela               76.75%    passed     12.09%
  53  Paraplanocera_sp                52.12%    passed     20.36%
  54  Pedicellina_cernua              83.44%    failed      3.09%
  55  Philodina_roseola               53.90%    failed      0.15%
  56  Phoronis_vancouverensis         88.05%    failed      0.00%
  57  Platynereis_dumerilii           73.65%    passed     23.78%
  58  Priapulus_caudatus              87.16%    failed      0.19%
  59  Ptychodera_flava                44.14%    passed     45.79%
  60  Richtersius_coronifer           61.65%    passed      7.26%
  61  Saccharomyces_cerevisiae        36.35%    failed      0.00%
  62  Saccoglossus_kowalevskii        69.60%    passed     20.23%
  63  Schmidtea_mediterranea          22.86%    failed      0.00%
  64  Scutigera_coleoptrata           64.09%    passed      5.57%
  65  Spadella_cephaloptera           84.61%    failed      0.00%
  66  Sphaeroforma_arctica            46.36%    failed      0.00%
  67  Spinochordodes_tellinii         85.67%    failed      0.00%
  68  Strongylocentrotus_purpuratus   29.98%    passed     26.70%
  69  Suberites_domuncula             79.60%    failed      0.00%
  70  Symsagittifera_roscoffensis     83.74%    passed      7.75%
  71  Terebratalia_transversa         47.43%    passed     28.08%
  72  Themiste_lageniformis           64.37%    passed     70.26%
  73  Trichinella_spiralis            64.27%    passed     32.30%
  74  Turbanella_ambronensis          70.34%    failed      0.22%
  75  Urechis_caupo                   55.78%    passed     44.62%
  76  Xenoturbella_bocki              58.10%    passed     13.34%
  77  Xiphinema_index                 47.03%    failed      0.91%
WARNING: 48 sequences contain more than 50% gaps/ambiguity
****  TOTAL                           55.77%  32 sequences failed composition chi2 test (p-value<5%; df=19)
Checking for duplicate sequences: done in 0.0552831 secs using 1500% CPU


Create initial parsimony tree by phylogenetic likelihood library (PLL)... 1.831 seconds
Measuring multi-threading efficiency up to 56 CPU cores
5 trees examined
Threads: 1 / Time: 61.771 sec / Speedup: 1.000 / Efficiency: 100% / LogL: -465397
Threads: 2 / Time: 42.279 sec / Speedup: 1.461 / Efficiency: 73% / LogL: -465397
Threads: 3 / Time: 43.957 sec / Speedup: 1.405 / Efficiency: 47% / LogL: -465397
Determining AUTO threadcount: done in 148.408 secs using 105.8% CPU
BEST NUMBER OF THREADS: 2

Perform fast likelihood tree search using LG+I+G model...
Estimate model parameters (epsilon = 5.000)
Perform nearest neighbor interchange...
Estimate model parameters (epsilon = 1.000)
1. Initial log-likelihood: -431874.987
Optimal log-likelihood: -431874.499
Proportion of invariable sites: 0.065
Gamma shape alpha: 0.918
Parameters optimization took 1 rounds (19.997 sec)
Time for fast ML tree search: 229.938 seconds

NOTE: ModelFinder requires 1292 MB RAM!
ModelFinder will test up to 1232 protein models (sample size: 11234 epsilon: 0.100) ...
 No. Model         -LnL         df  AIC          AICc         BIC
  1  LG            461577.337   151 923456.673   923460.816   924563.005
  2  LG+I          454005.267   152 908314.535   908318.732   909428.193
  3  LG+G4         432026.800   152 864357.601   864361.798   865471.259
  4  LG+I+G4       431874.430   153 864054.859   864059.112   865175.844
  5  LG+R2         436790.066   153 873886.133   873890.386   875007.118
  6  LG+R3         432645.047   155 865600.094   865604.459   866735.733
  7  LG+R4         431795.386   157 863904.771   863909.251   865055.063
  8  LG+R5         431524.011   159 863366.022   863370.617   864530.967
  9  LG+R6         431456.494   161 863234.988   863239.699   864414.587
 10  LG+R7         431448.892   163 863223.785   863228.614   864418.037
 14  LG+I+R2       435281.753   154 870871.507   870875.816   871999.819
 15  LG+I+R3       432285.248   156 864882.495   864886.918   866025.461
 16  LG+I+R4       431697.238   158 863710.476   863715.013   864868.095
 17  LG+I+R5       431505.008   160 863330.016   863334.669   864502.288
 18  LG+I+R6       431452.726   162 863229.452   863234.223   864416.378
 19  LG+I+R7       431448.272   164 863224.544   863229.433   864426.123
 31  LG+F+R6       431389.238   180 863138.477   863144.372   864457.283
 32  LG+F+R7       431380.891   182 863125.781   863131.809   864459.241
 40  LG+F+I+R6     431386.044   181 863134.088   863140.049   864460.221
 53  WAG+R6        434184.866   161 868691.731   868696.443   869871.330
 54  WAG+R7        434177.456   163 868680.912   868685.741   869875.164
 62  WAG+I+R6      434182.670   162 868689.341   868694.111   869876.266
 75  WAG+F+R6      434382.059   180 869124.118   869130.014   870442.924
 76  WAG+F+R7      434374.900   182 869113.800   869119.828   870447.260
 84  WAG+F+I+R6    434379.796   181 869121.592   869127.554   870447.725
 97  JTT+R6        437133.046   161 874588.092   874592.804   875767.691
 98  JTT+R7        437127.254   163 874580.508   874585.338   875774.760
106  JTT+I+R6      437128.565   162 874581.131   874585.901   875768.056
119  JTT+F+R6      436833.419   180 874026.838   874032.734   875345.644
120  JTT+F+R7      436827.714   182 874019.428   874025.456   875352.888
128  JTT+F+I+R6    436829.874   181 874021.748   874027.710   875347.881
141  Q.PFAM+R6     431814.222   161 863950.443   863955.154   865130.042
142  Q.PFAM+R7     431808.404   163 863942.807   863947.637   865137.059
150  Q.PFAM+I+R6   431809.824   162 863943.647   863948.417   865130.572
163  Q.PFAM+F+R6   431701.427   180 863762.854   863768.749   865081.660
164  Q.PFAM+F+R7   431694.783   182 863753.566   863759.594   865087.026
172  Q.PFAM+F+I+R6 431697.597   181 863757.194   863763.155   865083.326
185  Q.BIRD+R6     447620.268   161 895562.536   895567.247   896742.134
186  Q.BIRD+R7     447587.438   163 895500.875   895505.705   896695.127
194  Q.BIRD+I+R6   447605.577   162 895535.154   895539.924   896722.079
207  Q.BIRD+F+R6   447402.487   180 895164.975   895170.870   896483.781
208  Q.BIRD+F+R7   447370.083   182 895104.166   895110.194   896437.625
216  Q.BIRD+F+I+R6 447391.066   181 895144.133   895150.094   896470.265
229  Q.MAMMAL+R6   443522.053   161 887366.105   887370.817   888545.704
230  Q.MAMMAL+R7   443499.088   163 887324.176   887329.006   888518.428
238  Q.MAMMAL+I+R6 443511.649   162 887347.297   887352.067   888534.223
251  Q.MAMMAL+F+R6 443058.843   180 886477.687   886483.582   887796.493
252  Q.MAMMAL+F+R7 443038.603   182 886441.206   886447.234   887774.666
260  Q.MAMMAL+F+I+R6 443051.640   181 886465.280   886471.241   887791.413
273  Q.INSECT+R6   431486.642   161 863295.284   863299.995   864474.882
274  Q.INSECT+R7   431473.608   163 863273.216   863278.046   864467.468
282  Q.INSECT+I+R6 431479.847   162 863283.694   863288.464   864470.619
295  Q.INSECT+F+R6 431940.251   180 864240.502   864246.397   865559.308
296  Q.INSECT+F+R7 431926.606   182 864217.213   864223.240   865550.672
304  Q.INSECT+F+I+R6 431934.279   181 864230.557   864236.519   865556.690
317  Q.PLANT+R6    437367.464   161 875056.929   875061.640   876236.527
318  Q.PLANT+R7    437350.323   163 875026.646   875031.475   876220.898
326  Q.PLANT+I+R6  437358.670   162 875041.340   875046.110   876228.265
339  Q.PLANT+F+R6  437749.023   180 875858.047   875863.942   877176.853
340  Q.PLANT+F+R7  437731.109   182 875826.218   875832.246   877159.678
348  Q.PLANT+F+I+R6 437740.674   181 875843.349   875849.310   877169.482
361  Q.YEAST+R6    431540.810   161 863403.621   863408.332   864583.219
362  Q.YEAST+R7    431527.701   163 863381.402   863386.232   864575.655
370  Q.YEAST+I+R6  431533.131   162 863390.263   863395.033   864577.188
383  Q.YEAST+F+R6  431365.164   180 863090.328   863096.224   864409.134
384  Q.YEAST+F+R7  431350.077   182 863064.155   863070.183   864397.614
392  Q.YEAST+F+I+R6 431358.723   181 863079.446   863085.407   864405.579
405  JTTDCMUT+R6   437004.686   161 874331.371   874336.083   875510.970
406  JTTDCMUT+R7   436998.759   163 874323.518   874328.347   875517.770
414  JTTDCMUT+I+R6 437000.486   162 874324.973   874329.743   875511.898
427  JTTDCMUT+F+R6 436707.345   180 873774.690   873780.585   875093.496
428  JTTDCMUT+F+R7 436701.579   182 873767.158   873773.186   875100.617
436  JTTDCMUT+F+I+R6 436704.060   181 873770.119   873776.081   875096.252
449  DCMUT+R6      438380.476   161 877082.952   877087.663   878262.551
450  DCMUT+R7      438362.654   163 877051.307   877056.137   878245.560
458  DCMUT+I+R6    438375.644   162 877075.289   877080.059   878262.214
471  DCMUT+F+R6    437160.109   180 874680.217   874686.112   875999.023
472  DCMUT+F+R7    437146.227   182 874656.454   874662.482   875989.913
480  DCMUT+F+I+R6  437155.721   181 874673.442   874679.403   875999.575
493  VT+R6         435489.280   161 871300.559   871305.271   872480.158
494  VT+R7         435485.112   163 871296.224   871301.054   872490.476
502  VT+I+R6       435486.010   162 871296.019   871300.789   872482.945
515  VT+F+R6       435607.824   180 871575.649   871581.544   872894.455
516  VT+F+R7       435603.890   182 871571.779   871577.807   872905.239
524  VT+F+I+R6     435605.113   181 871572.227   871578.188   872898.359
537  PMB+R6        437826.041   161 875974.081   875978.792   877153.680
538  PMB+R7        437821.534   163 875969.069   875973.898   877163.321
546  PMB+I+R6      437823.891   162 875971.783   875976.553   877158.708
559  PMB+F+R6      438094.555   180 876549.110   876555.005   877867.916
560  PMB+F+R7      438090.208   182 876544.415   876550.443   877877.875
568  PMB+F+I+R6    438092.665   181 876547.330   876553.292   877873.463
581  BLOSUM62+R6   437258.199   161 874838.398   874843.110   876017.997
582  BLOSUM62+R7   437251.013   163 874828.027   874832.856   876022.279
590  BLOSUM62+I+R6 437255.483   162 874834.967   874839.737   876021.892
603  BLOSUM62+F+R6 437861.873   180 876083.747   876089.642   877402.553
604  BLOSUM62+F+R7 437853.610   182 876071.219   876077.247   877404.679
612  BLOSUM62+F+I+R6 437859.400   181 876080.799   876086.761   877406.932
625  DAYHOFF+R6    438360.543   161 877043.086   877047.798   878222.685
626  DAYHOFF+R7    438342.472   163 877010.943   877015.773   878205.195
634  DAYHOFF+I+R6  438356.032   162 877036.064   877040.834   878222.989
647  DAYHOFF+F+R6  437147.302   180 874654.605   874660.500   875973.411
648  DAYHOFF+F+R7  437133.181   182 874630.362   874636.390   875963.822
656  DAYHOFF+F+I+R6 437143.241   181 874648.483   874654.444   875974.615
669  MTREV+R6      457310.190   161 914942.380   914947.091   916121.979
670  MTREV+R7      457278.204   163 914882.408   914887.238   916076.660
678  MTREV+I+R6    457299.386   162 914922.773   914927.543   916109.698
691  MTREV+F+R6    443023.025   180 886406.049   886411.945   887724.855
692  MTREV+F+R7    442989.873   182 886343.746   886349.773   887677.205
700  MTREV+F+I+R6  443014.942   181 886391.884   886397.846   887718.017
713  MTART+R6      455215.189   161 910752.377   910757.088   911931.976
714  MTART+R7      455130.853   163 910587.706   910592.535   911781.958
722  MTART+I+R6    455207.475   162 910738.949   910743.720   911925.875
735  MTART+F+R6    442195.118   180 884750.236   884756.131   886069.042
736  MTART+F+R7    442133.980   182 884631.960   884637.988   885965.419
744  MTART+F+I+R6  442185.036   181 884732.072   884738.033   886058.204
757  MTZOA+R6      446580.701   161 893483.403   893488.114   894663.001
758  MTZOA+R7      446537.241   163 893400.482   893405.311   894594.734
766  MTZOA+I+R6    446575.194   162 893474.388   893479.159   894661.314
779  MTZOA+F+R6    438067.973   180 876495.946   876501.841   877814.752
780  MTZOA+F+R7    438031.889   182 876427.778   876433.806   877761.238
788  MTZOA+F+I+R6  438058.816   181 876479.632   876485.593   877805.765
801  MTMET+R6      455659.006   161 911640.011   911644.723   912819.610
802  MTMET+R7      455606.491   163 911538.981   911543.811   912733.233
810  MTMET+I+R6    455651.956   162 911627.912   911632.682   912814.837
823  MTMET+F+R6    442362.281   180 885084.562   885090.457   886403.368
824  MTMET+F+R7    442332.771   182 885029.543   885035.570   886363.002
832  MTMET+F+I+R6  442353.151   181 885068.302   885074.263   886394.434
845  MTVER+R6      463140.385   161 926602.770   926607.481   927782.369
846  MTVER+R7      463071.382   163 926468.764   926473.593   927663.016
854  MTVER+I+R6    463129.482   162 926582.965   926587.735   927769.890
867  MTVER+F+R6    450837.766   180 902035.532   902041.428   903354.338
868  MTVER+F+R7    450797.518   182 901959.036   901965.064   903292.495
876  MTVER+F+I+R6  450830.280   181 902022.560   902028.521   903348.693
889  MTINV+R6      455572.190   161 911466.380   911471.091   912645.979
890  MTINV+R7      455547.577   163 911421.154   911425.984   912615.406
898  MTINV+I+R6    455567.138   162 911458.277   911463.047   912645.202
911  MTINV+F+R6    438120.807   180 876601.614   876607.509   877920.420
912  MTINV+F+R7    438100.688   182 876565.376   876571.404   877898.835
920  MTINV+F+I+R6  438115.199   181 876592.398   876598.360   877918.531
933  MTMAM+R6      467889.103   161 936100.206   936104.917   937279.805
934  MTMAM+R7      467766.163   163 935858.326   935863.156   937052.579
942  MTMAM+I+R6    467854.509   162 936033.018   936037.789   937219.944
955  MTMAM+F+R6    454107.567   180 908575.134   908581.029   909893.940
956  MTMAM+F+R7    454019.047   182 908402.095   908408.123   909735.554
964  MTMAM+F+I+R6  454082.054   181 908526.108   908532.069   909852.241
977  FLAVI+R6      458258.113   161 916838.227   916842.938   918017.826
978  FLAVI+R7      458210.677   163 916747.353   916752.183   917941.605
986  FLAVI+I+R6    458246.110   162 916816.221   916820.991   918003.146
999  FLAVI+F+R6    457560.781   180 915481.562   915487.457   916800.368
1000  FLAVI+F+R7    457509.077   182 915382.155   915388.182   916715.614
1008  FLAVI+F+I+R6  457541.733   181 915445.466   915451.427   916771.599
1021  HIVB+R6       449980.751   161 900283.503   900288.214   901463.101
1022  HIVB+R7       449952.537   163 900231.074   900235.904   901425.326
1030  HIVB+I+R6     449966.533   162 900257.065   900261.836   901443.991
1043  HIVB+F+R6     448230.210   180 896820.420   896826.315   898139.226
1044  HIVB+F+R7     448195.927   182 896755.854   896761.881   898089.313
1052  HIVB+F+I+R6   448222.335   181 896806.671   896812.632   898132.803
1065  HIVW+R6       471146.162   161 942614.325   942619.036   943793.923
1066  HIVW+R7       471073.802   163 942473.604   942478.434   943667.856
1074  HIVW+I+R6     471101.250   162 942526.501   942531.271   943713.426
1087  HIVW+F+R6     464909.823   180 930179.647   930185.542   931498.453
1088  HIVW+F+R7     464855.536   182 930075.072   930081.100   931408.532
1096  HIVW+F+I+R6   464886.877   181 930135.754   930141.715   931461.886
1109  FLU+R6        446163.117   161 892648.233   892652.945   893827.832
1110  FLU+R7        446113.088   163 892552.177   892557.007   893746.429
1118  FLU+I+R6      446147.262   162 892618.524   892623.294   893805.449
1131  FLU+F+R6      445005.298   180 890370.595   890376.490   891689.401
1132  FLU+F+R7      444956.518   182 890277.037   890283.065   891610.496
1140  FLU+F+I+R6    444987.576   181 890337.151   890343.113   891663.284
1153  RTREV+R6      435523.571   161 871369.143   871373.854   872548.742
1154  RTREV+R7      435518.049   163 871362.098   871366.928   872556.351
1162  RTREV+I+R6    435520.617   162 871365.234   871370.005   872552.160
1175  RTREV+F+R6    433032.599   180 866425.198   866431.093   867744.004
1176  RTREV+F+R7    433027.621   182 866419.241   866425.269   867752.701
1184  RTREV+F+I+R6  433029.783   181 866421.567   866427.528   867747.699
1197  CPREV+R6      438123.774   161 876569.548   876574.259   877749.147
1198  CPREV+R7      438106.533   163 876539.067   876543.896   877733.319
1206  CPREV+I+R6    438112.255   162 876548.510   876553.280   877735.435
1219  CPREV+F+R6    438555.107   180 877470.213   877476.108   878789.019
1220  CPREV+F+R7    438534.932   182 877433.864   877439.892   878767.324
1228  CPREV+F+I+R6  438546.487   181 877454.974   877460.936   878781.107
Akaike Information Criterion:           Q.YEAST+F+R7
Corrected Akaike Information Criterion: Q.YEAST+F+R7
Bayesian Information Criterion:         Q.YEAST+F+R7
Best-fit model: Q.YEAST+F+R7 chosen according to BIC

All model information printed to training_data/prot_M3114_77_11234.phy/output_files/iqtree/inference/pars_2.model.gz
CPU time for ModelFinder: 166594.498 seconds (46h:16m:34s)
Wall-clock time for ModelFinder: 137652.955 seconds (38h:14m:12s)

NOTE: 904 MB RAM (0 GB) is required!
Estimate model parameters (epsilon = 0.010)
1. Initial log-likelihood: -431366.903
2. Current log-likelihood: -431351.351
3. Current log-likelihood: -431350.432
4. Current log-likelihood: -431350.157
5. Current log-likelihood: -431350.052
6. Current log-likelihood: -431350.007
7. Current log-likelihood: -431349.994
Optimal log-likelihood: -431349.988
Site proportion and rates:  (0.173,0.041) (0.188,0.215) (0.177,0.517) (0.190,0.980) (0.157,1.774) (0.098,2.986) (0.018,5.774)
Parameters optimization took 7 rounds (718.987 sec)
Wrote distance file to... 
BEST SCORE FOUND : -431349.988
Total tree length: 26.827

Total number of iterations: 0
CPU time used for tree search: 0.000 sec (0h:0m:0s)
Wall-clock time used for tree search: 0.000 sec (0h:0m:0s)
Total CPU time used: 167487.398 sec (46h:31m:27s)
Total wall-clock time used: 138373.738 sec (38h:26m:13s)

Analysis results written to: 
  IQ-TREE report:                training_data/prot_M3114_77_11234.phy/output_files/iqtree/inference/pars_2.iqtree
  Maximum-likelihood tree:       training_data/prot_M3114_77_11234.phy/output_files/iqtree/inference/pars_2.treefile
  Screen log file:               training_data/prot_M3114_77_11234.phy/output_files/iqtree/inference/pars_2.log

Date and Time: Mon Sep 29 07:43:55 2025
ee/inference/pars_2.log

Date and Time: Mon Sep 29 07:43:55 2025
