
RAxML-NG v. 1.1.0-master released on 04.08.2022 by The Exelixis Lab.
Developed by: Alexey M. Kozlov and Alexandros Stamatakis.
Contributors: Diego Darriba, Tomas Flouri, Benoit Morel, Sarah Lutteropp, Ben Bettisworth.
Latest version: https://github.com/amkozlov/raxml-ng
Questions/problems/suggestions? Please visit: https://groups.google.com/forum/#!forum/raxml

System: 11th Gen Intel(R) Core(TM) i7-1185G7 @ 3.00GHz, 4 cores, 31 GB RAM

RAxML-NG was called at 25-Sep-2025 03:07:12 as follows:

/usr/local/bin/raxml-ng --start --msa /home/vanvan/Downloads/data_treebase/DIU_TRAINING_DATA/data5/prot_M11344_84_691.phy --tree pars{1} --prefix training_data/prot_M11344_84_691.phy/output_files/parsimony/seed_11 --model LG+G --seed 11

Analysis options:
  run mode: Starting tree generation
  start tree(s): parsimony (1)
  random seed: 11
  SIMD kernels: AVX2
  parallelization: coarse-grained (auto), PTHREADS (auto)

[00:00:00] Reading alignment from file: /home/vanvan/Downloads/data_treebase/DIU_TRAINING_DATA/data5/prot_M11344_84_691.phy
[00:00:00] Loaded alignment with 84 taxa and 691 sites

Alignment comprises 1 partitions and 428 patterns

Partition 0: noname
Model: LG+G4m
Alignment sites / patterns: 691 / 428
Gaps: 50.35 %
Invariant sites: 44.86 %


NOTE: Binary MSA file created: training_data/prot_M11344_84_691.phy/output_files/parsimony/seed_11.raxml.rba

[00:00:00] Generating 1 parsimony starting tree(s) with 84 taxa
Parsimony score: 9673

All starting trees saved to: /home/vanvan/difficulty-prediction-training-data/training_data/prot_M11344_84_691.phy/output_files/parsimony/seed_11.raxml.startTree


Execution log saved to: /home/vanvan/difficulty-prediction-training-data/training_data/prot_M11344_84_691.phy/output_files/parsimony/seed_11.raxml.log

Analysis started: 25-Sep-2025 03:07:12 / finished: 25-Sep-2025 03:07:12

Elapsed time: 0.029 seconds

